unlimited
PROGRAM: cpu
Looking for /opt/programs/cpu/ebpf-collect.c
[18:55:26] Waiting for start indicator file: '/mnt/flux/start_ebpf_collection'.
[18:55:27] Start indicator found. Proceeding with monitoring.
[18:55:27] Initializing eBPF for CPU Scheduling monitoring...
[18:55:27] BPF C code compiled and loaded.
[18:55:27] Attached tracepoints.
[18:55:27] Monitoring CPU scheduling events (polling aggregated map)... Press Ctrl+C to stop.
[18:56:29] Stop indicator file '/mnt/flux/stop_ebpf_collection' found. Stopping.
[18:56:29] Initiating cleanup sequence...
{
  "final_aggregated_summary_river": [
    {
      "tgid": 201,
      "comm": "python3",
      "cgroup_id": 96893,
      "on_cpu_stats_ns": {
        "count": 346.0,
        "sum_ns": 28401336.18593546,
        "mean_ns": 82084.78666455335,
        "median_ns": 39493.6958246739,
        "min_ns": 6481.833333333333,
        "max_ns": 1080228.5,
        "variance_ns2": 20064013913.02004,
        "iqr_ns": 65316.409393906586,
        "q1_ns": 15883.490076917626,
        "q3_ns": 81199.89947082421
      },
      "runq_latency_stats_ns": {
        "count": 345.0,
        "sum_ns": 38379399.41361,
        "mean_ns": 111244.63598147825,
        "median_ns": 18545.19782951373,
        "min_ns": 1690.0,
        "max_ns": 4897300.0,
        "variance_ns2": 221128554849.83536,
        "iqr_ns": 33815.264403168316,
        "q1_ns": 7551.896060231911,
        "q3_ns": 41367.16046340023
      },
      "first_seen_ts_ns": 1749668127910898183,
      "last_seen_ts_ns": 1749668189322110409,
      "duration_active_s": 61.411212226
    },
    {
      "tgid": 142,
      "comm": "flux-broker-0",
      "cgroup_id": 97033,
      "on_cpu_stats_ns": {
        "count": 101.0,
        "sum_ns": 6480059.014230771,
        "mean_ns": 64159.00014089872,
        "median_ns": 37767.95060601975,
        "min_ns": 7298.56,
        "max_ns": 682391.0,
        "variance_ns2": 9332820528.145521,
        "iqr_ns": 59761.44840154471,
        "q1_ns": 14618.594251532531,
        "q3_ns": 74380.04265307724
      },
      "runq_latency_stats_ns": {
        "count": 101.0,
        "sum_ns": 4997942.673717951,
        "mean_ns": 49484.580927900504,
        "median_ns": 23010.87769962425,
        "min_ns": 1715.0,
        "max_ns": 731333.0,
        "variance_ns2": 11074405494.499964,
        "iqr_ns": 52017.44927126738,
        "q1_ns": 6472.086083422255,
        "q3_ns": 58489.53535468964
      },
      "first_seen_ts_ns": 1749668127910898183,
      "last_seen_ts_ns": 1749668188710014407,
      "duration_active_s": 60.799116224
    },
    {
      "tgid": 196,
      "comm": "bash",
      "cgroup_id": 97033,
      "on_cpu_stats_ns": {
        "count": 26.0,
        "sum_ns": 5044730.0,
        "mean_ns": 194028.07692307694,
        "median_ns": 134937.23543243844,
        "min_ns": 15661.0,
        "max_ns": 1412563.0,
        "variance_ns2": 73480520057.65385,
        "iqr_ns": 136406.24961359607,
        "q1_ns": 65435.5110752826,
        "q3_ns": 201841.76068887865
      },
      "runq_latency_stats_ns": {
        "count": 26.0,
        "sum_ns": 4082397.500000001,
        "mean_ns": 157015.2884615385,
        "median_ns": 72392.57525407433,
        "min_ns": 2770.0,
        "max_ns": 1069973.0,
        "variance_ns2": 81982079843.56348,
        "iqr_ns": 24639.34566606878,
        "q1_ns": 5494.733642939814,
        "q3_ns": 30134.079309008594
      },
      "first_seen_ts_ns": 1749668128134081001,
      "last_seen_ts_ns": 1749668184023373313,
      "duration_active_s": 55.889292312
    },
    {
      "tgid": 249,
      "comm": "python3",
      "cgroup_id": 96963,
      "on_cpu_stats_ns": {
        "count": 41.0,
        "sum_ns": 4939859.405072464,
        "mean_ns": 120484.37573347472,
        "median_ns": 80378.90563402604,
        "min_ns": 6800.0,
        "max_ns": 804335.0,
        "variance_ns2": 29700358740.1221,
        "iqr_ns": 91327.07879424674,
        "q1_ns": 25811.67510584517,
        "q3_ns": 117138.75390009192
      },
      "runq_latency_stats_ns": {
        "count": 41.0,
        "sum_ns": 7316140.074637679,
        "mean_ns": 178442.44084482145,
        "median_ns": 10487.167381369494,
        "min_ns": 1580.0,
        "max_ns": 3663447.25,
        "variance_ns2": 378944259345.31335,
        "iqr_ns": 73389.58753138922,
        "q1_ns": 3608.213906729589,
        "q3_ns": 76997.80143811881
      },
      "first_seen_ts_ns": 1749668127910898183,
      "last_seen_ts_ns": 1749668189425457547,
      "duration_active_s": 61.514559364
    },
    {
      "tgid": 31,
      "comm": "bash",
      "cgroup_id": 96893,
      "on_cpu_stats_ns": {
        "count": 13.0,
        "sum_ns": 3074744.9999999995,
        "mean_ns": 236518.84615384613,
        "median_ns": 91771.47777777776,
        "min_ns": 11300.0,
        "max_ns": 1817415.0,
        "variance_ns2": 230131962041.47437,
        "iqr_ns": 147507.7679398148,
        "q1_ns": 69192.12094907407,
        "q3_ns": 216699.88888888888
      },
      "runq_latency_stats_ns": {
        "count": 13.0,
        "sum_ns": 1578656.0000000002,
        "mean_ns": 121435.07692307694,
        "median_ns": 31476.539999999994,
        "min_ns": 4049.0,
        "max_ns": 502335.0,
        "variance_ns2": 37269685242.910255,
        "iqr_ns": 242332.40928819444,
        "q1_ns": 18470.67404513889,
        "q3_ns": 260803.08333333334
      },
      "first_seen_ts_ns": 1749668128134081001,
      "last_seen_ts_ns": 1749668168781349916,
      "duration_active_s": 40.647268915
    },
    {
      "tgid": 305,
      "comm": "xhpcg",
      "cgroup_id": 97033,
      "on_cpu_stats_ns": {
        "count": 35.0,
        "sum_ns": 2873606.0,
        "mean_ns": 82103.02857142857,
        "median_ns": 82444.24749824111,
        "min_ns": 10650.0,
        "max_ns": 229957.0,
        "variance_ns2": 3138414455.5579834,
        "iqr_ns": 89632.61422382202,
        "q1_ns": 37230.30471943456,
        "q3_ns": 126862.91894325659
      },
      "runq_latency_stats_ns": {
        "count": 34.0,
        "sum_ns": 1505880.0,
        "mean_ns": 44290.58823529412,
        "median_ns": 40966.092115668034,
        "min_ns": 2011.0,
        "max_ns": 176775.0,
        "variance_ns2": 1615359643.7647061,
        "iqr_ns": 43396.146508091595,
        "q1_ns": 10996.34007583253,
        "q3_ns": 54392.486583924125
      },
      "first_seen_ts_ns": 1749668128021624812,
      "last_seen_ts_ns": 1749668145885175116,
      "duration_active_s": 17.863550304
    },
    {
      "tgid": 322,
      "comm": "xhpcg",
      "cgroup_id": 97033,
      "on_cpu_stats_ns": {
        "count": 37.0,
        "sum_ns": 2176941.360714285,
        "mean_ns": 58836.25299227798,
        "median_ns": 65164.43307970544,
        "min_ns": 5225.375,
        "max_ns": 128586.4,
        "variance_ns2": 1362775630.957691,
        "iqr_ns": 59232.310734304,
        "q1_ns": 22213.66369337411,
        "q3_ns": 81445.97442767811
      },
      "runq_latency_stats_ns": {
        "count": 37.0,
        "sum_ns": 1074429.7571428574,
        "mean_ns": 29038.64208494209,
        "median_ns": 27098.117548619324,
        "min_ns": 1866.25,
        "max_ns": 65302.125,
        "variance_ns2": 340121213.42416734,
        "iqr_ns": 23027.650575390726,
        "q1_ns": 14928.45474976213,
        "q3_ns": 37956.10532515286
      },
      "first_seen_ts_ns": 1749668128134081001,
      "last_seen_ts_ns": 1749668139991702758,
      "duration_active_s": 11.857621757
    },
    {
      "tgid": 40,
      "comm": "bash",
      "cgroup_id": 96963,
      "on_cpu_stats_ns": {
        "count": 18.0,
        "sum_ns": 836065.1733333335,
        "mean_ns": 46448.065185185194,
        "median_ns": 22744.36699118166,
        "min_ns": 6101.36,
        "max_ns": 154874.0,
        "variance_ns2": 1892550164.1869786,
        "iqr_ns": 42822.435908266765,
        "q1_ns": 13096.661331569663,
        "q3_ns": 55919.097239836425
      },
      "runq_latency_stats_ns": {
        "count": 18.0,
        "sum_ns": 542248.5233333334,
        "mean_ns": 30124.917962962965,
        "median_ns": 15669.642927199688,
        "min_ns": 2558.0,
        "max_ns": 115634.0,
        "variance_ns2": 962066227.3258473,
        "iqr_ns": 53147.938815221256,
        "q1_ns": 3818.6755880709256,
        "q3_ns": 56966.61440329218
      },
      "first_seen_ts_ns": 1749668128021624812,
      "last_seen_ts_ns": 1749668187278461923,
      "duration_active_s": 59.256837111
    },
    {
      "tgid": 1,
      "comm": "pause",
      "cgroup_id": 96683,
      "on_cpu_stats_ns": {
        "count": 2.0,
        "sum_ns": 527650.6666666667,
        "mean_ns": 263825.3333333334,
        "median_ns": 269752.6666666667,
        "min_ns": 257898.0,
        "max_ns": 269752.6666666667,
        "variance_ns2": 70266560.88888946,
        "iqr_ns": 11854.666666666686,
        "q1_ns": 257898.0,
        "q3_ns": 269752.6666666667
      },
      "runq_latency_stats_ns": {
        "count": 2.0,
        "sum_ns": 15056.111111111111,
        "mean_ns": 7528.055555555556,
        "median_ns": 8336.111111111111,
        "min_ns": 6720.0,
        "max_ns": 8336.111111111111,
        "variance_ns2": 1305907.5617283953,
        "iqr_ns": 1616.1111111111113,
        "q1_ns": 6720.0,
        "q3_ns": 8336.111111111111
      },
      "first_seen_ts_ns": 1749668174401725922,
      "last_seen_ts_ns": 1749668189425457547,
      "duration_active_s": 15.023731625
    }
  ]
}
[18:56:29] Cleanup complete. Exiting.
