ln: failed to create symbolic link '/mnt/flux/view/lib/python': File exists
ln: failed to create symbolic link '/mnt/flux/view/lib/python3': File exists
unlimited
PROGRAM: futex
Looking for /opt/programs/futex/ebpf-collect.c
[00:20:22] Starting eBPF (Tracepoints for futex syscalls).
[00:20:22] BPF program loaded and tracepoints automatically attached.
[00:20:22] Start Indicator file defined '/mnt/flux/start_ebpf_collection'. Waiting.
[00:20:22] Start indicator found. Proceeding.
[00:20:22] Ring buffers opened. Polling for events...
[00:21:26] 
Indicator file '/mnt/flux/stop_ebpf_collection' found. Stopping.
[00:21:26] Cleaning up BPF resources...
{
  "final_aggregated_futex_summary_river": [
    {
      "tgid": 4710,
      "comm": "containerd",
      "cgroup_id": 4085,
      "wait_duration_stats_ns": {
        "count": 7793.0,
        "sum": 1932746513350.9988,
        "mean": 248010588.1369176,
        "median": 2423901.3385259025,
        "min": 325,
        "max": 28783998724,
        "variance_ns2": 1.9293756755900242e+18,
        "iqr_ns": 52545694.1001604,
        "q1_ns": 53352.14838159969,
        "q3_ns": 52599046.248541996
      },
      "futex_op_counts": {
        "128": 7793
      },
      "first_seen_ts_ns": 599542582133,
      "last_seen_ts_ns": 663505144430
    },
    {
      "tgid": 4751,
      "comm": "kubelet",
      "cgroup_id": 4138,
      "wait_duration_stats_ns": {
        "count": 6574.0,
        "sum": 1318775938632.0002,
        "mean": 200604797.4797688,
        "median": 16423397.077365328,
        "min": 408,
        "max": 47879920970,
        "variance_ns2": 5.238873696452237e+18,
        "iqr_ns": 39320936.07581593,
        "q1_ns": 1584383.3365452103,
        "q3_ns": 40905319.41236114
      },
      "futex_op_counts": {
        "128": 6574
      },
      "first_seen_ts_ns": 599569574311,
      "last_seen_ts_ns": 663581597199
    },
    {
      "tgid": 4865,
      "comm": "containerd-shim",
      "cgroup_id": 4085,
      "wait_duration_stats_ns": {
        "count": 806.0,
        "sum": 419398527580.9999,
        "mean": 520345567.71836215,
        "median": 793595.856025608,
        "min": 647,
        "max": 19603949765,
        "variance_ns2": 3.5020455230451697e+18,
        "iqr_ns": 40889002.09874767,
        "q1_ns": 82520.38883745845,
        "q3_ns": 40971522.48758513
      },
      "futex_op_counts": {
        "128": 806
      },
      "first_seen_ts_ns": 602053180153,
      "last_seen_ts_ns": 663156042122
    },
    {
      "tgid": 24030,
      "comm": "containerd-shim",
      "cgroup_id": 4085,
      "wait_duration_stats_ns": {
        "count": 297.0,
        "sum": 310888092298.9997,
        "mean": 1046761253.5319854,
        "median": 1910217.44918273,
        "min": 851,
        "max": 29993656506,
        "variance_ns2": 1.1863689427110205e+19,
        "iqr_ns": 30482786.443073027,
        "q1_ns": 473970.64325129107,
        "q3_ns": 30956757.08632432
      },
      "futex_op_counts": {
        "128": 297
      },
      "first_seen_ts_ns": 599616672992,
      "last_seen_ts_ns": 663624143082
    },
    {
      "tgid": 7547,
      "comm": "containerd-shim",
      "cgroup_id": 4085,
      "wait_duration_stats_ns": {
        "count": 87.0,
        "sum": 306408034938.0,
        "mean": 3521931436.0689654,
        "median": 83526941.64577459,
        "min": 422,
        "max": 60000123501,
        "variance_ns2": 7.195539545724469e+19,
        "iqr_ns": 2556354896.8228145,
        "q1_ns": 4342597.518926193,
        "q3_ns": 2560697494.3417406
      },
      "futex_op_counts": {
        "128": 87
      },
      "first_seen_ts_ns": 600200068334,
      "last_seen_ts_ns": 662347077557
    },
    {
      "tgid": 23570,
      "comm": "containerd-shim",
      "cgroup_id": 4085,
      "wait_duration_stats_ns": {
        "count": 77.0,
        "sum": 303920532006.00006,
        "mean": 3947019896.181819,
        "median": 546824873.5859113,
        "min": 378,
        "max": 29999043656,
        "variance_ns2": 5.448376048591869e+19,
        "iqr_ns": 3879499011.6808963,
        "q1_ns": 8606005.712456036,
        "q3_ns": 3888105017.3933525
      },
      "futex_op_counts": {
        "128": 77
      },
      "first_seen_ts_ns": 603507844856,
      "last_seen_ts_ns": 663509409564
    },
    {
      "tgid": 7637,
      "comm": "coredns",
      "cgroup_id": 5916,
      "wait_duration_stats_ns": {
        "count": 490.0,
        "sum": 301999896319.9997,
        "mean": 616326319.0204076,
        "median": 407449795.57204986,
        "min": 764,
        "max": 26000259258,
        "variance_ns2": 2.763811932395685e+18,
        "iqr_ns": 762462780.3186655,
        "q1_ns": 54408970.87408613,
        "q3_ns": 816871751.1927516
      },
      "futex_op_counts": {
        "128": 490
      },
      "first_seen_ts_ns": 599927879825,
      "last_seen_ts_ns": 663325519693
    },
    {
      "tgid": 7570,
      "comm": "coredns",
      "cgroup_id": 5776,
      "wait_duration_stats_ns": {
        "count": 481.0,
        "sum": 271594784190.9999,
        "mean": 564646120.9792098,
        "median": 439357995.30579305,
        "min": 1538,
        "max": 16798545940,
        "variance_ns2": 1.3805778997494815e+18,
        "iqr_ns": 774958397.2144316,
        "q1_ns": 26983609.72235857,
        "q3_ns": 801942006.9367902
      },
      "futex_op_counts": {
        "128": 481
      },
      "first_seen_ts_ns": 600262358867,
      "last_seen_ts_ns": 663272937303
    },
    {
      "tgid": 5970,
      "comm": "containerd-shim",
      "cgroup_id": 4085,
      "wait_duration_stats_ns": {
        "count": 54.0,
        "sum": 240662791423.00006,
        "mean": 4456718359.685186,
        "median": 830491797.936022,
        "min": 14497,
        "max": 29994363016,
        "variance_ns2": 5.607060140421082e+19,
        "iqr_ns": 4395941174.211347,
        "q1_ns": 65390426.331726976,
        "q3_ns": 4461331600.543074
      },
      "futex_op_counts": {
        "128": 54
      },
      "first_seen_ts_ns": 612206732558,
      "last_seen_ts_ns": 662345891689
    },
    {
      "tgid": 8799,
      "comm": "containerd-shim",
      "cgroup_id": 4085,
      "wait_duration_stats_ns": {
        "count": 95.0,
        "sum": 240651834279.0,
        "mean": 2533177202.936842,
        "median": 100073130.49305527,
        "min": 469,
        "max": 30005949375,
        "variance_ns2": 2.8090772602520945e+19,
        "iqr_ns": 3075790677.5378885,
        "q1_ns": 3653124.4039550326,
        "q3_ns": 3079443801.9418435
      },
      "futex_op_counts": {
        "128": 95
      },
      "first_seen_ts_ns": 602150935691,
      "last_seen_ts_ns": 662347440784
    },
    {
      "tgid": 7062,
      "comm": "containerd-shim",
      "cgroup_id": 4085,
      "wait_duration_stats_ns": {
        "count": 67.0,
        "sum": 240499543885.00003,
        "mean": 3589545431.1194034,
        "median": 142917893.43777496,
        "min": 856,
        "max": 29993951007,
        "variance_ns2": 3.840975604244153e+19,
        "iqr_ns": 5014040163.578446,
        "q1_ns": 3310904.860328949,
        "q3_ns": 5017351068.438775
      },
      "futex_op_counts": {
        "128": 67
      },
      "first_seen_ts_ns": 602170070166,
      "last_seen_ts_ns": 662346677783
    },
    {
      "tgid": 4867,
      "comm": "containerd-shim",
      "cgroup_id": 4085,
      "wait_duration_stats_ns": {
        "count": 63.0,
        "sum": 230427110093.99997,
        "mean": 3657573176.0952377,
        "median": 879351169.5785707,
        "min": 970,
        "max": 30005110689,
        "variance_ns2": 3.910266645897623e+19,
        "iqr_ns": 5824110576.07486,
        "q1_ns": 107297220.41510212,
        "q3_ns": 5931407796.489962
      },
      "futex_op_counts": {
        "128": 63
      },
      "first_seen_ts_ns": 612202247429,
      "last_seen_ts_ns": 662348243391
    },
    {
      "tgid": 5330,
      "comm": "aws-k8s-agent",
      "cgroup_id": 5006,
      "wait_duration_stats_ns": {
        "count": 265.0,
        "sum": 222527492719.99994,
        "mean": 839726387.6226413,
        "median": 89633542.98981313,
        "min": 4252,
        "max": 17996492254,
        "variance_ns2": 3.3258096622910397e+18,
        "iqr_ns": 1081836882.6379352,
        "q1_ns": 1217579.9206284285,
        "q3_ns": 1083054462.5585635
      },
      "futex_op_counts": {
        "128": 265
      },
      "first_seen_ts_ns": 602300038944,
      "last_seen_ts_ns": 663604233372
    },
    {
      "tgid": 6554,
      "comm": "metrics-server",
      "cgroup_id": 5496,
      "wait_duration_stats_ns": {
        "count": 1229.0,
        "sum": 219911426279.00003,
        "mean": 178935253.27827504,
        "median": 105880206.80110422,
        "min": 7526,
        "max": 19213513383,
        "variance_ns2": 4.1926318794232064e+17,
        "iqr_ns": 277482224.1925662,
        "q1_ns": 16745195.810358869,
        "q3_ns": 294227420.0029251
      },
      "futex_op_counts": {
        "128": 1229
      },
      "first_seen_ts_ns": 599526277674,
      "last_seen_ts_ns": 663527058108
    },
    {
      "tgid": 6475,
      "comm": "containerd-shim",
      "cgroup_id": 4085,
      "wait_duration_stats_ns": {
        "count": 57.0,
        "sum": 210691604140.00003,
        "mean": 3696343932.280702,
        "median": 975997945.1665075,
        "min": 4294,
        "max": 29996566994,
        "variance_ns2": 4.427633739086961e+19,
        "iqr_ns": 4347292555.666542,
        "q1_ns": 67900014.36832352,
        "q3_ns": 4415192570.034865
      },
      "futex_op_counts": {
        "128": 57
      },
      "first_seen_ts_ns": 612205064445,
      "last_seen_ts_ns": 662344723223
    },
    {
      "tgid": 6551,
      "comm": "metrics-server",
      "cgroup_id": 5426,
      "wait_duration_stats_ns": {
        "count": 1061.0,
        "sum": 209561103463.99994,
        "mean": 197512821.36098015,
        "median": 63256069.062966466,
        "min": 1594,
        "max": 11781208699,
        "variance_ns2": 4.877875794660675e+17,
        "iqr_ns": 143264222.46430454,
        "q1_ns": 42265748.19235692,
        "q3_ns": 185529970.65666145
      },
      "futex_op_counts": {
        "128": 1061
      },
      "first_seen_ts_ns": 599703453646,
      "last_seen_ts_ns": 663322252829
    },
    {
      "tgid": 8909,
      "comm": "kube-rbac-proxy",
      "cgroup_id": 6174,
      "wait_duration_stats_ns": {
        "count": 72.0,
        "sum": 189741150977.0,
        "mean": 2635293763.5694447,
        "median": 2535454182.4346957,
        "min": 48401,
        "max": 19979947682,
        "variance_ns2": 1.0500847719315085e+19,
        "iqr_ns": 4830364677.64794,
        "q1_ns": 171430130.22488216,
        "q3_ns": 5001794807.872822
      },
      "futex_op_counts": {
        "128": 72
      },
      "first_seen_ts_ns": 608910053715,
      "last_seen_ts_ns": 658906470612
    },
    {
      "tgid": 8987,
      "comm": "manager",
      "cgroup_id": 6244,
      "wait_duration_stats_ns": {
        "count": 514.0,
        "sum": 187455522836.9999,
        "mean": 364699460.7723734,
        "median": 341519511.98702896,
        "min": 12341,
        "max": 7311600974,
        "variance_ns2": 3.334206021286582e+17,
        "iqr_ns": 449661075.62905335,
        "q1_ns": 41639372.41435896,
        "q3_ns": 491300448.0434123
      },
      "futex_op_counts": {
        "128": 514
      },
      "first_seen_ts_ns": 600031277458,
      "last_seen_ts_ns": 663532217399
    },
    {
      "tgid": 5473,
      "comm": "controller",
      "cgroup_id": 5076,
      "wait_duration_stats_ns": {
        "count": 288.0,
        "sum": 186053611931.00003,
        "mean": 646019485.8715279,
        "median": 490452086.66606385,
        "min": 60989,
        "max": 10009965777,
        "variance_ns2": 1.6703774740127898e+18,
        "iqr_ns": 11468991.290017784,
        "q1_ns": 491571725.52442396,
        "q3_ns": 503040716.81444174
      },
      "futex_op_counts": {
        "128": 288
      },
      "first_seen_ts_ns": 600113632723,
      "last_seen_ts_ns": 663613962392
    },
    {
      "tgid": 5037,
      "comm": "kube-proxy",
      "cgroup_id": 4866,
      "wait_duration_stats_ns": {
        "count": 60.0,
        "sum": 179606440851.99997,
        "mean": 2993440680.8666663,
        "median": 2809524428.0714664,
        "min": 28792,
        "max": 28417720583,
        "variance_ns2": 2.3439874411447775e+19,
        "iqr_ns": 3750520677.1991615,
        "q1_ns": 353433188.88277036,
        "q3_ns": 4103953866.081932
      },
      "futex_op_counts": {
        "128": 60
      },
      "first_seen_ts_ns": 606128874504,
      "last_seen_ts_ns": 661133065893
    },
    {
      "tgid": 4750,
      "comm": "ssm-agent-worke",
      "cgroup_id": 3429,
      "wait_duration_stats_ns": {
        "count": 164.0,
        "sum": 172882184229.9999,
        "mean": 1054159659.9390239,
        "median": 895600169.437175,
        "min": 31760,
        "max": 8063278727,
        "variance_ns2": 2.2137923343114076e+18,
        "iqr_ns": 2078379464.5495193,
        "q1_ns": 20726264.721445102,
        "q3_ns": 2099105729.2709644
      },
      "futex_op_counts": {
        "128": 164
      },
      "first_seen_ts_ns": 602569194728,
      "last_seen_ts_ns": 662303191769
    },
    {
      "tgid": 25173,
      "comm": "runc",
      "cgroup_id": 4085,
      "wait_duration_stats_ns": {
        "count": 308.0,
        "sum": 4111855598.9999995,
        "mean": 13350180.516233765,
        "median": 3238714.7722314545,
        "min": 544,
        "max": 570910076,
        "variance_ns2": 3243787892863560.5,
        "iqr_ns": 15966113.183137165,
        "q1_ns": 61904.44519082397,
        "q3_ns": 16028017.62832799
      },
      "futex_op_counts": {
        "128": 308
      },
      "first_seen_ts_ns": 642070048435,
      "last_seen_ts_ns": 642681131036
    },
    {
      "tgid": 4606,
      "comm": "amazon-ssm-agen",
      "cgroup_id": 3429,
      "wait_duration_stats_ns": {
        "count": 19.0,
        "sum": 4002151275.0000005,
        "mean": 210639540.7894737,
        "median": 22955771.810967494,
        "min": 6616,
        "max": 999912666,
        "variance_ns2": 1.7519593480414355e+17,
        "iqr_ns": 342584713.57833105,
        "q1_ns": 5630904.600488947,
        "q3_ns": 348215618.17882
      },
      "futex_op_counts": {
        "128": 19
      },
      "first_seen_ts_ns": 620231945143,
      "last_seen_ts_ns": 621249539517
    },
    {
      "tgid": 24681,
      "comm": "xhpcg",
      "cgroup_id": 9515,
      "wait_duration_stats_ns": {
        "count": 1806.0,
        "sum": 3322523158.000001,
        "mean": 1839713.8194905876,
        "median": 102640.13379190111,
        "min": 1334,
        "max": 29853284,
        "variance_ns2": 21180180763239.836,
        "iqr_ns": 6533720.65192344,
        "q1_ns": 71946.430760595,
        "q3_ns": 6605667.082684035
      },
      "futex_op_counts": {
        "128": 1806
      },
      "first_seen_ts_ns": 600354219084,
      "last_seen_ts_ns": 621187481024
    },
    {
      "tgid": 24687,
      "comm": "xhpcg",
      "cgroup_id": 9515,
      "wait_duration_stats_ns": {
        "count": 1641.0,
        "sum": 3294447815.999999,
        "mean": 2007585.506398537,
        "median": 94811.43465358102,
        "min": 1309,
        "max": 29858378,
        "variance_ns2": 24261285843853.387,
        "iqr_ns": 7614699.408153581,
        "q1_ns": 73951.6578265436,
        "q3_ns": 7688651.065980125
      },
      "futex_op_counts": {
        "128": 1641
      },
      "first_seen_ts_ns": 600354317242,
      "last_seen_ts_ns": 621187230626
    },
    {
      "tgid": 25246,
      "comm": "runc",
      "cgroup_id": 4085,
      "wait_duration_stats_ns": {
        "count": 238.0,
        "sum": 3271145977.0,
        "mean": 13744310.827731092,
        "median": 4549953.643651619,
        "min": 1378,
        "max": 430694359,
        "variance_ns2": 3056617124681327.5,
        "iqr_ns": 20988372.378553018,
        "q1_ns": 71288.54920844547,
        "q3_ns": 21059660.92776146
      },
      "futex_op_counts": {
        "128": 238
      },
      "first_seen_ts_ns": 653830037090,
      "last_seen_ts_ns": 654321081543
    },
    {
      "tgid": 24691,
      "comm": "xhpcg",
      "cgroup_id": 9515,
      "wait_duration_stats_ns": {
        "count": 1355.0,
        "sum": 3268465289.0000005,
        "mean": 2412151.5047970484,
        "median": 156830.25465126592,
        "min": 1415,
        "max": 29866845,
        "variance_ns2": 24803739677202.523,
        "iqr_ns": 8928578.319264727,
        "q1_ns": 57388.83507824035,
        "q3_ns": 8985967.154342966
      },
      "futex_op_counts": {
        "128": 1355
      },
      "first_seen_ts_ns": 600354314860,
      "last_seen_ts_ns": 621187434759
    },
    {
      "tgid": 24679,
      "comm": "xhpcg",
      "cgroup_id": 9515,
      "wait_duration_stats_ns": {
        "count": 1416.0,
        "sum": 3266094159.000002,
        "mean": 2306563.671610171,
        "median": 93636.40008215274,
        "min": 1315,
        "max": 29833140,
        "variance_ns2": 28425133821704.277,
        "iqr_ns": 7607334.499507615,
        "q1_ns": 54080.74988405168,
        "q3_ns": 7661415.249391667
      },
      "futex_op_counts": {
        "128": 1416
      },
      "first_seen_ts_ns": 600354477244,
      "last_seen_ts_ns": 621187461055
    },
    {
      "tgid": 24705,
      "comm": "xhpcg",
      "cgroup_id": 9515,
      "wait_duration_stats_ns": {
        "count": 1547.0,
        "sum": 3244192389.000005,
        "mean": 2097086.2243051096,
        "median": 102747.21205249145,
        "min": 1539,
        "max": 29760695,
        "variance_ns2": 24587730157957.035,
        "iqr_ns": 6331634.313957928,
        "q1_ns": 70562.01248436674,
        "q3_ns": 6402196.326442295
      },
      "futex_op_counts": {
        "128": 1547
      },
      "first_seen_ts_ns": 600354461118,
      "last_seen_ts_ns": 621187234245
    },
    {
      "tgid": 24709,
      "comm": "xhpcg",
      "cgroup_id": 9515,
      "wait_duration_stats_ns": {
        "count": 1387.0,
        "sum": 3216995414.0000005,
        "mean": 2319391.0699351123,
        "median": 101168.42460884892,
        "min": 1391,
        "max": 29889087,
        "variance_ns2": 28809456293536.336,
        "iqr_ns": 8827133.238895878,
        "q1_ns": 67080.46615882649,
        "q3_ns": 8894213.705054704
      },
      "futex_op_counts": {
        "128": 1387
      },
      "first_seen_ts_ns": 600354515293,
      "last_seen_ts_ns": 621186449224
    },
    {
      "tgid": 24703,
      "comm": "xhpcg",
      "cgroup_id": 9515,
      "wait_duration_stats_ns": {
        "count": 1372.0,
        "sum": 3209565040.0000033,
        "mean": 2339333.11953353,
        "median": 126986.52007983225,
        "min": 1203,
        "max": 29865466,
        "variance_ns2": 27183558681046.035,
        "iqr_ns": 7437103.7725863755,
        "q1_ns": 67148.42548786305,
        "q3_ns": 7504252.198074238
      },
      "futex_op_counts": {
        "128": 1372
      },
      "first_seen_ts_ns": 600354291510,
      "last_seen_ts_ns": 621186546132
    },
    {
      "tgid": 24689,
      "comm": "xhpcg",
      "cgroup_id": 9515,
      "wait_duration_stats_ns": {
        "count": 1650.0,
        "sum": 3206733871.9999976,
        "mean": 1943475.0739393926,
        "median": 84291.86426251217,
        "min": 1380,
        "max": 29881537,
        "variance_ns2": 24179847540257.887,
        "iqr_ns": 8123800.207204978,
        "q1_ns": 61583.42684894969,
        "q3_ns": 8185383.634053928
      },
      "futex_op_counts": {
        "128": 1650
      },
      "first_seen_ts_ns": 600354357390,
      "last_seen_ts_ns": 621187362215
    },
    {
      "tgid": 24684,
      "comm": "xhpcg",
      "cgroup_id": 9515,
      "wait_duration_stats_ns": {
        "count": 1465.0,
        "sum": 3171650147.000002,
        "mean": 2164948.905802049,
        "median": 111594.89807324248,
        "min": 671,
        "max": 29974412,
        "variance_ns2": 24611348722237.754,
        "iqr_ns": 922139.8155222477,
        "q1_ns": 77223.65874954237,
        "q3_ns": 999363.47427179
      },
      "futex_op_counts": {
        "128": 1465
      },
      "first_seen_ts_ns": 600354435759,
      "last_seen_ts_ns": 621187607417
    },
    {
      "tgid": 24716,
      "comm": "xhpcg",
      "cgroup_id": 9515,
      "wait_duration_stats_ns": {
        "count": 1627.0,
        "sum": 3171593557.0000005,
        "mean": 1949350.6803933622,
        "median": 105961.16712122712,
        "min": 1553,
        "max": 29869355,
        "variance_ns2": 22303789734455.52,
        "iqr_ns": 5096800.882247159,
        "q1_ns": 80108.47631402701,
        "q3_ns": 5176909.358561186
      },
      "futex_op_counts": {
        "128": 1627
      },
      "first_seen_ts_ns": 600354401530,
      "last_seen_ts_ns": 621187498368
    },
    {
      "tgid": 24719,
      "comm": "xhpcg",
      "cgroup_id": 9515,
      "wait_duration_stats_ns": {
        "count": 1245.0,
        "sum": 3171135062.000001,
        "mean": 2547096.435341366,
        "median": 101661.34618827185,
        "min": 1520,
        "max": 29770900,
        "variance_ns2": 30526503943481.63,
        "iqr_ns": 8650886.654618982,
        "q1_ns": 45795.78102617745,
        "q3_ns": 8696682.43564516
      },
      "futex_op_counts": {
        "128": 1245
      },
      "first_seen_ts_ns": 600354214253,
      "last_seen_ts_ns": 621187319567
    },
    {
      "tgid": 24682,
      "comm": "xhpcg",
      "cgroup_id": 9515,
      "wait_duration_stats_ns": {
        "count": 1582.0,
        "sum": 3150482687.0000024,
        "mean": 1991455.554361569,
        "median": 89274.12144913936,
        "min": 1504,
        "max": 29903434,
        "variance_ns2": 24036782728394.055,
        "iqr_ns": 7659274.195352262,
        "q1_ns": 64343.58982110443,
        "q3_ns": 7723617.785173367
      },
      "futex_op_counts": {
        "128": 1582
      },
      "first_seen_ts_ns": 600354539438,
      "last_seen_ts_ns": 621187715745
    },
    {
      "tgid": 24693,
      "comm": "xhpcg",
      "cgroup_id": 9515,
      "wait_duration_stats_ns": {
        "count": 1298.0,
        "sum": 3124890754.000003,
        "mean": 2407465.9121725755,
        "median": 112499.49298208197,
        "min": 1537,
        "max": 29868187,
        "variance_ns2": 29067803102222.34,
        "iqr_ns": 8539568.600803709,
        "q1_ns": 50495.07537678235,
        "q3_ns": 8590063.676180491
      },
      "futex_op_counts": {
        "128": 1298
      },
      "first_seen_ts_ns": 600354471702,
      "last_seen_ts_ns": 621186597179
    },
    {
      "tgid": 24707,
      "comm": "xhpcg",
      "cgroup_id": 9515,
      "wait_duration_stats_ns": {
        "count": 1274.0,
        "sum": 3123308592.9999995,
        "mean": 2451576.603610675,
        "median": 91067.54347138587,
        "min": 1416,
        "max": 30159131,
        "variance_ns2": 30522087213795.84,
        "iqr_ns": 8532062.11134715,
        "q1_ns": 50535.38388239604,
        "q3_ns": 8582597.495229546
      },
      "futex_op_counts": {
        "128": 1274
      },
      "first_seen_ts_ns": 600354172401,
      "last_seen_ts_ns": 621186540624
    },
    {
      "tgid": 24695,
      "comm": "xhpcg",
      "cgroup_id": 9515,
      "wait_duration_stats_ns": {
        "count": 1512.0,
        "sum": 3108571996.9999957,
        "mean": 2055933.8604497327,
        "median": 108596.48534670728,
        "min": 1412,
        "max": 29871019,
        "variance_ns2": 23691373399266.777,
        "iqr_ns": 6117820.1578923315,
        "q1_ns": 74323.555532822,
        "q3_ns": 6192143.713425154
      },
      "futex_op_counts": {
        "128": 1512
      },
      "first_seen_ts_ns": 600354463043,
      "last_seen_ts_ns": 621187393815
    },
    {
      "tgid": 24680,
      "comm": "xhpcg",
      "cgroup_id": 9515,
      "wait_duration_stats_ns": {
        "count": 960.0,
        "sum": 3100717735.000001,
        "mean": 3229914.307291668,
        "median": 142103.09497728987,
        "min": 1130,
        "max": 33870929,
        "variance_ns2": 38233321914808.016,
        "iqr_ns": 9483422.900585027,
        "q1_ns": 34423.295206927454,
        "q3_ns": 9517846.195791954
      },
      "futex_op_counts": {
        "128": 960
      },
      "first_seen_ts_ns": 600354571255,
      "last_seen_ts_ns": 621187313474
    },
    {
      "tgid": 24710,
      "comm": "xhpcg",
      "cgroup_id": 9515,
      "wait_duration_stats_ns": {
        "count": 1462.0,
        "sum": 3085857269.9999967,
        "mean": 2110709.4870041017,
        "median": 107019.29742360668,
        "min": 1448,
        "max": 29876556,
        "variance_ns2": 24836860583115.066,
        "iqr_ns": 8117057.670034415,
        "q1_ns": 79541.72561411888,
        "q3_ns": 8196599.395648534
      },
      "futex_op_counts": {
        "128": 1462
      },
      "first_seen_ts_ns": 600354353014,
      "last_seen_ts_ns": 621187356063
    },
    {
      "tgid": 24715,
      "comm": "xhpcg",
      "cgroup_id": 9515,
      "wait_duration_stats_ns": {
        "count": 1209.0,
        "sum": 3084634151.000002,
        "mean": 2551393.0115798195,
        "median": 148831.2979569318,
        "min": 1572,
        "max": 30387168,
        "variance_ns2": 29397616668168.273,
        "iqr_ns": 6644836.152232845,
        "q1_ns": 66055.5181402336,
        "q3_ns": 6710891.670373079
      },
      "futex_op_counts": {
        "128": 1209
      },
      "first_seen_ts_ns": 600354456372,
      "last_seen_ts_ns": 621186536452
    },
    {
      "tgid": 24720,
      "comm": "xhpcg",
      "cgroup_id": 9515,
      "wait_duration_stats_ns": {
        "count": 1066.0,
        "sum": 3079746128.000001,
        "mean": 2889067.6622889317,
        "median": 111409.27464137458,
        "min": 1692,
        "max": 29818121,
        "variance_ns2": 34910019403238.484,
        "iqr_ns": 8491129.838613302,
        "q1_ns": 53462.51723572122,
        "q3_ns": 8544592.355849022
      },
      "futex_op_counts": {
        "128": 1066
      },
      "first_seen_ts_ns": 600354243279,
      "last_seen_ts_ns": 621185846480
    },
    {
      "tgid": 24683,
      "comm": "xhpcg",
      "cgroup_id": 9515,
      "wait_duration_stats_ns": {
        "count": 1312.0,
        "sum": 3078212630.999997,
        "mean": 2346198.651676827,
        "median": 110839.15310816524,
        "min": 1580,
        "max": 29877313,
        "variance_ns2": 28312051607689.625,
        "iqr_ns": 7753466.568641097,
        "q1_ns": 64260.9682457054,
        "q3_ns": 7817727.536886803
      },
      "futex_op_counts": {
        "128": 1312
      },
      "first_seen_ts_ns": 600354321513,
      "last_seen_ts_ns": 621187274960
    },
    {
      "tgid": 24713,
      "comm": "xhpcg",
      "cgroup_id": 9515,
      "wait_duration_stats_ns": {
        "count": 1357.0,
        "sum": 3068349083.0000005,
        "mean": 2261126.8113485635,
        "median": 107975.14757611034,
        "min": 1684,
        "max": 29859569,
        "variance_ns2": 26716827292107.098,
        "iqr_ns": 6717262.296408776,
        "q1_ns": 70356.6511768601,
        "q3_ns": 6787618.947585637
      },
      "futex_op_counts": {
        "128": 1357
      },
      "first_seen_ts_ns": 600354252552,
      "last_seen_ts_ns": 621186408172
    },
    {
      "tgid": 24699,
      "comm": "xhpcg",
      "cgroup_id": 9515,
      "wait_duration_stats_ns": {
        "count": 1316.0,
        "sum": 3062801523.999997,
        "mean": 2327356.781155013,
        "median": 107517.02822070364,
        "min": 1451,
        "max": 29803371,
        "variance_ns2": 26083904024408.42,
        "iqr_ns": 5321601.914752883,
        "q1_ns": 64904.17974147861,
        "q3_ns": 5386506.094494361
      },
      "futex_op_counts": {
        "128": 1316
      },
      "first_seen_ts_ns": 600354160811,
      "last_seen_ts_ns": 621187266661
    },
    {
      "tgid": 24701,
      "comm": "xhpcg",
      "cgroup_id": 9515,
      "wait_duration_stats_ns": {
        "count": 1425.0,
        "sum": 3056192464.999998,
        "mean": 2144696.4666666654,
        "median": 105674.99511837932,
        "min": 1440,
        "max": 29873199,
        "variance_ns2": 24376958555108.805,
        "iqr_ns": 7260475.785424268,
        "q1_ns": 79592.82056851889,
        "q3_ns": 7340068.605992787
      },
      "futex_op_counts": {
        "128": 1425
      },
      "first_seen_ts_ns": 600354903580,
      "last_seen_ts_ns": 621187383572
    },
    {
      "tgid": 25072,
      "comm": "runc",
      "cgroup_id": 4085,
      "wait_duration_stats_ns": {
        "count": 255.0,
        "sum": 2998026977.0000014,
        "mean": 11756968.537254907,
        "median": 1576574.2816439823,
        "min": 2369,
        "max": 420392346,
        "variance_ns2": 2242624595105598.8,
        "iqr_ns": 15364466.945398368,
        "q1_ns": 32717.888504512295,
        "q3_ns": 15397184.83390288
      },
      "futex_op_counts": {
        "128": 255
      },
      "first_seen_ts_ns": 633805549897,
      "last_seen_ts_ns": 634241008181
    },
    {
      "tgid": 24697,
      "comm": "xhpcg",
      "cgroup_id": 9515,
      "wait_duration_stats_ns": {
        "count": 803.0,
        "sum": 2928096460.9999995,
        "mean": 3646446.402241593,
        "median": 454237.41393570014,
        "min": 1121,
        "max": 29847164,
        "variance_ns2": 38780124175199.1,
        "iqr_ns": 9641742.619616777,
        "q1_ns": 61227.44323746196,
        "q3_ns": 9702970.062854238
      },
      "futex_op_counts": {
        "128": 803
      },
      "first_seen_ts_ns": 600354346840,
      "last_seen_ts_ns": 621187679685
    },
    {
      "tgid": 25048,
      "comm": "runc",
      "cgroup_id": 4085,
      "wait_duration_stats_ns": {
        "count": 414.0,
        "sum": 2376234280.0,
        "mean": 5739696.328502416,
        "median": 534149.4035991128,
        "min": 561,
        "max": 264904391,
        "variance_ns2": 1090705746299967.1,
        "iqr_ns": 8630432.528381176,
        "q1_ns": 33052.835677361625,
        "q3_ns": 8663485.364058537
      },
      "futex_op_counts": {
        "128": 414
      },
      "first_seen_ts_ns": 632070048282,
      "last_seen_ts_ns": 632440904120
    },
    {
      "tgid": 25023,
      "comm": "runc",
      "cgroup_id": 4085,
      "wait_duration_stats_ns": {
        "count": 273.0,
        "sum": 2243831302.9999995,
        "mean": 8219162.28205128,
        "median": 1437777.0494927524,
        "min": 1045,
        "max": 290146203,
        "variance_ns2": 1013732582534429.8,
        "iqr_ns": 1401533.6689170743,
        "q1_ns": 39414.63455190365,
        "q3_ns": 1440948.303468978
      },
      "futex_op_counts": {
        "128": 273
      },
      "first_seen_ts_ns": 623830041105,
      "last_seen_ts_ns": 624160498726
    },
    {
      "tgid": 24999,
      "comm": "runc",
      "cgroup_id": 4085,
      "wait_duration_stats_ns": {
        "count": 269.0,
        "sum": 2211241554.0,
        "mean": 8220228.825278811,
        "median": 455199.384947398,
        "min": 516,
        "max": 314125703,
        "variance_ns2": 1377475261889433.0,
        "iqr_ns": 4069633.4608818577,
        "q1_ns": 55540.515612974166,
        "q3_ns": 4125173.976494832
      },
      "futex_op_counts": {
        "128": 269
      },
      "first_seen_ts_ns": 622065133296,
      "last_seen_ts_ns": 622394743940
    },
    {
      "tgid": 25223,
      "comm": "runc",
      "cgroup_id": 4085,
      "wait_duration_stats_ns": {
        "count": 364.0,
        "sum": 2157441027.9999995,
        "mean": 5927035.79120879,
        "median": 179255.5855801099,
        "min": 548,
        "max": 311595830,
        "variance_ns2": 1136352574008471.0,
        "iqr_ns": 6385154.750872617,
        "q1_ns": 39758.27854711596,
        "q3_ns": 6424913.029419732
      },
      "futex_op_counts": {
        "128": 364
      },
      "first_seen_ts_ns": 652061878545,
      "last_seen_ts_ns": 652391074265
    },
    {
      "tgid": 25197,
      "comm": "runc",
      "cgroup_id": 4085,
      "wait_duration_stats_ns": {
        "count": 304.0,
        "sum": 2071955972.0000002,
        "mean": 6815644.644736843,
        "median": 146145.23014001793,
        "min": 1526,
        "max": 290694186,
        "variance_ns2": 1434940084701280.2,
        "iqr_ns": 1624901.9581933722,
        "q1_ns": 19506.121104139376,
        "q3_ns": 1644408.0792975116
      },
      "futex_op_counts": {
        "128": 304
      },
      "first_seen_ts_ns": 643810039136,
      "last_seen_ts_ns": 644120942906
    },
    {
      "tgid": 24799,
      "comm": "runc",
      "cgroup_id": 4085,
      "wait_duration_stats_ns": {
        "count": 234.0,
        "sum": 1591500015.0,
        "mean": 6801282.115384615,
        "median": 988002.1783295256,
        "min": 849,
        "max": 213234186,
        "variance_ns2": 806783028559085.0,
        "iqr_ns": 11435632.693037372,
        "q1_ns": 50046.34447687692,
        "q3_ns": 11485679.037514249
      },
      "futex_op_counts": {
        "128": 234
      },
      "first_seen_ts_ns": 612069809658,
      "last_seen_ts_ns": 612317082541
    },
    {
      "tgid": 25184,
      "comm": "runc:[2:INIT]",
      "cgroup_id": 5006,
      "wait_duration_stats_ns": {
        "count": 24.0,
        "sum": 1327078012.0,
        "mean": 55294917.166666664,
        "median": 18816650.042784993,
        "min": 6944043,
        "max": 228172275,
        "variance_ns2": 5538631920529737.0,
        "iqr_ns": 48703491.71705578,
        "q1_ns": 13618534.621666666,
        "q3_ns": 62322026.338722445
      },
      "futex_op_counts": {
        "128": 24
      },
      "first_seen_ts_ns": 642420054608,
      "last_seen_ts_ns": 642687162469
    },
    {
      "tgid": 25234,
      "comm": "runc:[2:INIT]",
      "cgroup_id": 5006,
      "wait_duration_stats_ns": {
        "count": 28.0,
        "sum": 1249252849.9999998,
        "mean": 44616173.21428571,
        "median": 21436801.81883519,
        "min": 714,
        "max": 204746802,
        "variance_ns2": 5153718956103799.0,
        "iqr_ns": 30961864.91023177,
        "q1_ns": 6003246.82088287,
        "q3_ns": 36965111.73111464
      },
      "futex_op_counts": {
        "128": 28
      },
      "first_seen_ts_ns": 652150307939,
      "last_seen_ts_ns": 652400046610
    },
    {
      "tgid": 24773,
      "comm": "runc",
      "cgroup_id": 4085,
      "wait_duration_stats_ns": {
        "count": 227.0,
        "sum": 1093970718.9999998,
        "mean": 4819254.268722466,
        "median": 477891.1430593888,
        "min": 5207,
        "max": 191456681,
        "variance_ns2": 534423368397087.1,
        "iqr_ns": 2316900.843183848,
        "q1_ns": 38611.347440774094,
        "q3_ns": 2355512.190624622
      },
      "futex_op_counts": {
        "128": 227
      },
      "first_seen_ts_ns": 603822180417,
      "last_seen_ts_ns": 604041116810
    },
    {
      "tgid": 24751,
      "comm": "runc",
      "cgroup_id": 4085,
      "wait_duration_stats_ns": {
        "count": 425.0,
        "sum": 1092030404.0,
        "mean": 2569483.3035294116,
        "median": 121283.75689141953,
        "min": 518,
        "max": 187429628,
        "variance_ns2": 323299533539243.1,
        "iqr_ns": 728465.8309645881,
        "q1_ns": 24083.815422662927,
        "q3_ns": 752549.646387251
      },
      "futex_op_counts": {
        "128": 425
      },
      "first_seen_ts_ns": 602059618385,
      "last_seen_ts_ns": 602247279626
    },
    {
      "tgid": 25084,
      "comm": "runc:[2:INIT]",
      "cgroup_id": 5006,
      "wait_duration_stats_ns": {
        "count": 24.0,
        "sum": 1066215675.0000005,
        "mean": 44425653.12500002,
        "median": 12085153.62990177,
        "min": 1293900,
        "max": 189696802,
        "variance_ns2": 4042261838448100.0,
        "iqr_ns": 72570586.23639175,
        "q1_ns": 6240700.355022224,
        "q3_ns": 78811286.59141397
      },
      "futex_op_counts": {
        "128": 24
      },
      "first_seen_ts_ns": 634030035219,
      "last_seen_ts_ns": 634241374241
    },
    {
      "tgid": 25059,
      "comm": "runc:[2:INIT]",
      "cgroup_id": 5006,
      "wait_duration_stats_ns": {
        "count": 28.0,
        "sum": 1061162314.0000002,
        "mean": 37898654.07142858,
        "median": 15075383.300405696,
        "min": 28089,
        "max": 183677381,
        "variance_ns2": 3906547390677861.5,
        "iqr_ns": 53927917.18159682,
        "q1_ns": 3387161.640561781,
        "q3_ns": 57315078.822158605
      },
      "futex_op_counts": {
        "128": 28
      },
      "first_seen_ts_ns": 632228140012,
      "last_seen_ts_ns": 632442393147
    },
    {
      "tgid": 24896,
      "comm": "runc",
      "cgroup_id": 4085,
      "wait_duration_stats_ns": {
        "count": 426.0,
        "sum": 1002584905.0,
        "mean": 2353485.692488263,
        "median": 85533.30701720371,
        "min": 8344,
        "max": 145417992,
        "variance_ns2": 306257429122224.6,
        "iqr_ns": 536386.5141840392,
        "q1_ns": 24737.4575447139,
        "q3_ns": 561123.9717287531
      },
      "futex_op_counts": {
        "128": 426
      },
      "first_seen_ts_ns": 613804216634,
      "last_seen_ts_ns": 613952929461
    },
    {
      "tgid": 25257,
      "comm": "runc:[2:INIT]",
      "cgroup_id": 5006,
      "wait_duration_stats_ns": {
        "count": 22.0,
        "sum": 985771111.0000004,
        "mean": 44807777.77272729,
        "median": 15004300.92197531,
        "min": 33698,
        "max": 210251848,
        "variance_ns2": 4916142965005442.0,
        "iqr_ns": 11161228.157634953,
        "q1_ns": 5270798.968253968,
        "q3_ns": 16432027.125888921
      },
      "futex_op_counts": {
        "128": 22
      },
      "first_seen_ts_ns": 654070259332,
      "last_seen_ts_ns": 654330035827
    },
    {
      "tgid": 25209,
      "comm": "runc:[2:INIT]",
      "cgroup_id": 5006,
      "wait_duration_stats_ns": {
        "count": 21.0,
        "sum": 963490262.0000001,
        "mean": 45880488.66666667,
        "median": 25261955.84754977,
        "min": 7420,
        "max": 199745621,
        "variance_ns2": 4593160928756567.0,
        "iqr_ns": 17609180.755129427,
        "q1_ns": 5571354.443651029,
        "q3_ns": 23180535.198780455
      },
      "futex_op_counts": {
        "128": 21
      },
      "first_seen_ts_ns": 643890267980,
      "last_seen_ts_ns": 644140038518
    },
    {
      "tgid": 25011,
      "comm": "runc:[2:INIT]",
      "cgroup_id": 5006,
      "wait_duration_stats_ns": {
        "count": 25.0,
        "sum": 930252656.0000002,
        "mean": 37210106.24000001,
        "median": 10157349.429213878,
        "min": 742,
        "max": 187604757,
        "variance_ns2": 4668762839515897.0,
        "iqr_ns": 63396298.96417022,
        "q1_ns": 857465.6193724459,
        "q3_ns": 64253764.58354266
      },
      "futex_op_counts": {
        "128": 25
      },
      "first_seen_ts_ns": 622210039785,
      "last_seen_ts_ns": 622399933178
    },
    {
      "tgid": 24782,
      "comm": "runc:[2:INIT]",
      "cgroup_id": 5006,
      "wait_duration_stats_ns": {
        "count": 25.0,
        "sum": 854551533.0,
        "mean": 34182061.32,
        "median": 13044827.305050893,
        "min": 25024,
        "max": 149766355,
        "variance_ns2": 2403995213077350.5,
        "iqr_ns": 15467972.643372357,
        "q1_ns": 5312435.516188896,
        "q3_ns": 20780408.159561254
      },
      "futex_op_counts": {
        "128": 25
      },
      "first_seen_ts_ns": 603880032077,
      "last_seen_ts_ns": 604050627915
    },
    {
      "tgid": 24810,
      "comm": "runc:[2:INIT]",
      "cgroup_id": 5006,
      "wait_duration_stats_ns": {
        "count": 24.0,
        "sum": 813692368.9999998,
        "mean": 33903848.70833332,
        "median": 10356858.989720557,
        "min": 1492,
        "max": 141956662,
        "variance_ns2": 3126104802818192.5,
        "iqr_ns": 60198549.44568709,
        "q1_ns": 650327.5964739197,
        "q3_ns": 60848877.04216101
      },
      "futex_op_counts": {
        "128": 24
      },
      "first_seen_ts_ns": 612158007636,
      "last_seen_ts_ns": 612324357603
    },
    {
      "tgid": 25135,
      "comm": "xhpcg",
      "cgroup_id": 9515,
      "wait_duration_stats_ns": {
        "count": 230.0,
        "sum": 801499481.0000001,
        "mean": 3484780.3521739137,
        "median": 1822130.4032333682,
        "min": 1899,
        "max": 28464708,
        "variance_ns2": 31323057053911.2,
        "iqr_ns": 8592380.651074873,
        "q1_ns": 147892.14176883554,
        "q3_ns": 8740272.792843709
      },
      "futex_op_counts": {
        "128": 230
      },
      "first_seen_ts_ns": 640572132257,
      "last_seen_ts_ns": 658026072773
    },
    {
      "tgid": 25141,
      "comm": "xhpcg",
      "cgroup_id": 9515,
      "wait_duration_stats_ns": {
        "count": 216.0,
        "sum": 782527565.0000002,
        "mean": 3622812.800925927,
        "median": 470330.9640890601,
        "min": 1812,
        "max": 29006507,
        "variance_ns2": 37058369594390.375,
        "iqr_ns": 3693983.5978011386,
        "q1_ns": 63740.08547997103,
        "q3_ns": 3757723.6832811097
      },
      "futex_op_counts": {
        "128": 216
      },
      "first_seen_ts_ns": 640572488086,
      "last_seen_ts_ns": 658026108584
    },
    {
      "tgid": 25126,
      "comm": "xhpcg",
      "cgroup_id": 9515,
      "wait_duration_stats_ns": {
        "count": 214.0,
        "sum": 781168741.9999995,
        "mean": 3650321.2242990634,
        "median": 797947.6304583298,
        "min": 1711,
        "max": 35367925,
        "variance_ns2": 35813527566854.29,
        "iqr_ns": 7081063.699597089,
        "q1_ns": 70310.40345559857,
        "q3_ns": 7151374.103052687
      },
      "futex_op_counts": {
        "128": 214
      },
      "first_seen_ts_ns": 640582319215,
      "last_seen_ts_ns": 658025932928
    },
    {
      "tgid": 25108,
      "comm": "xhpcg",
      "cgroup_id": 9515,
      "wait_duration_stats_ns": {
        "count": 158.0,
        "sum": 763414316.0,
        "mean": 4831736.17721519,
        "median": 2397151.895318947,
        "min": 1591,
        "max": 29252986,
        "variance_ns2": 48040984121415.664,
        "iqr_ns": 5178094.620720574,
        "q1_ns": 128717.54512008402,
        "q3_ns": 5306812.165840657
      },
      "futex_op_counts": {
        "128": 158
      },
      "first_seen_ts_ns": 640572092961,
      "last_seen_ts_ns": 658025620051
    },
    {
      "tgid": 25129,
      "comm": "xhpcg",
      "cgroup_id": 9515,
      "wait_duration_stats_ns": {
        "count": 218.0,
        "sum": 762141946.9999998,
        "mean": 3496063.9770642193,
        "median": 1196854.0677665044,
        "min": 1696,
        "max": 28839929,
        "variance_ns2": 32590522729626.477,
        "iqr_ns": 8778209.99792586,
        "q1_ns": 70135.17662535612,
        "q3_ns": 8848345.174551217
      },
      "futex_op_counts": {
        "128": 218
      },
      "first_seen_ts_ns": 640571971839,
      "last_seen_ts_ns": 658026805886
    },
    {
      "tgid": 25110,
      "comm": "xhpcg",
      "cgroup_id": 9515,
      "wait_duration_stats_ns": {
        "count": 173.0,
        "sum": 758405731.0000005,
        "mean": 4383848.156069367,
        "median": 668615.2771272492,
        "min": 2634,
        "max": 29284868,
        "variance_ns2": 45697763674772.69,
        "iqr_ns": 8975999.820652258,
        "q1_ns": 100430.6433599808,
        "q3_ns": 9076430.46401224
      },
      "futex_op_counts": {
        "128": 173
      },
      "first_seen_ts_ns": 640572097935,
      "last_seen_ts_ns": 658026763996
    },
    {
      "tgid": 25143,
      "comm": "xhpcg",
      "cgroup_id": 9515,
      "wait_duration_stats_ns": {
        "count": 209.0,
        "sum": 758178370.0000002,
        "mean": 3627647.7033492834,
        "median": 365036.4099031784,
        "min": 2069,
        "max": 29290199,
        "variance_ns2": 39203327251395.58,
        "iqr_ns": 3249837.585768384,
        "q1_ns": 79343.17186069388,
        "q3_ns": 3329180.757629078
      },
      "futex_op_counts": {
        "128": 209
      },
      "first_seen_ts_ns": 640572212775,
      "last_seen_ts_ns": 658026870607
    },
    {
      "tgid": 25114,
      "comm": "xhpcg",
      "cgroup_id": 9515,
      "wait_duration_stats_ns": {
        "count": 196.0,
        "sum": 758153765.0000001,
        "mean": 3868131.454081633,
        "median": 1694148.056637172,
        "min": 1471,
        "max": 28810251,
        "variance_ns2": 35601311878003.84,
        "iqr_ns": 5301451.194129897,
        "q1_ns": 108835.95511297879,
        "q3_ns": 5410287.149242876
      },
      "futex_op_counts": {
        "128": 196
      },
      "first_seen_ts_ns": 640572267146,
      "last_seen_ts_ns": 658026601037
    },
    {
      "tgid": 25105,
      "comm": "xhpcg",
      "cgroup_id": 9515,
      "wait_duration_stats_ns": {
        "count": 165.0,
        "sum": 751100073.0000001,
        "mean": 4552121.654545455,
        "median": 802378.0572915262,
        "min": 1402,
        "max": 29232759,
        "variance_ns2": 45005982866069.914,
        "iqr_ns": 10314991.948081864,
        "q1_ns": 112809.61205626544,
        "q3_ns": 10427801.560138129
      },
      "futex_op_counts": {
        "128": 165
      },
      "first_seen_ts_ns": 640572353078,
      "last_seen_ts_ns": 658026843567
    },
    {
      "tgid": 25139,
      "comm": "xhpcg",
      "cgroup_id": 9515,
      "wait_duration_stats_ns": {
        "count": 250.0,
        "sum": 751004096.9999998,
        "mean": 3004016.387999999,
        "median": 624695.3884520758,
        "min": 1644,
        "max": 29285735,
        "variance_ns2": 28993154205378.727,
        "iqr_ns": 3287243.7022408852,
        "q1_ns": 48791.40238966365,
        "q3_ns": 3336035.104630549
      },
      "futex_op_counts": {
        "128": 250
      },
      "first_seen_ts_ns": 640572257302,
      "last_seen_ts_ns": 658026090912
    },
    {
      "tgid": 25112,
      "comm": "xhpcg",
      "cgroup_id": 9515,
      "wait_duration_stats_ns": {
        "count": 208.0,
        "sum": 749729930.0,
        "mean": 3604470.8173076925,
        "median": 1885466.147010374,
        "min": 1391,
        "max": 28834790,
        "variance_ns2": 32107025537947.9,
        "iqr_ns": 4436983.162186348,
        "q1_ns": 105752.42449094425,
        "q3_ns": 4542735.586677292
      },
      "futex_op_counts": {
        "128": 208
      },
      "first_seen_ts_ns": 640565795504,
      "last_seen_ts_ns": 658026002298
    },
    {
      "tgid": 25133,
      "comm": "xhpcg",
      "cgroup_id": 9515,
      "wait_duration_stats_ns": {
        "count": 234.0,
        "sum": 744728330.9999996,
        "mean": 3182599.7051282036,
        "median": 1205358.692332448,
        "min": 2016,
        "max": 29265566,
        "variance_ns2": 32203312101220.312,
        "iqr_ns": 8862525.096545087,
        "q1_ns": 66607.94183515695,
        "q3_ns": 8929133.038380245
      },
      "futex_op_counts": {
        "128": 234
      },
      "first_seen_ts_ns": 640572390368,
      "last_seen_ts_ns": 658026300371
    },
    {
      "tgid": 25104,
      "comm": "xhpcg",
      "cgroup_id": 9515,
      "wait_duration_stats_ns": {
        "count": 184.0,
        "sum": 742836311.0,
        "mean": 4037153.8641304346,
        "median": 1462624.8502435305,
        "min": 1823,
        "max": 28821199,
        "variance_ns2": 39324336166798.484,
        "iqr_ns": 9194189.475250503,
        "q1_ns": 45103.84865405757,
        "q3_ns": 9239293.32390456
      },
      "futex_op_counts": {
        "128": 184
      },
      "first_seen_ts_ns": 640572638173,
      "last_seen_ts_ns": 658026803219
    },
    {
      "tgid": 25125,
      "comm": "xhpcg",
      "cgroup_id": 9515,
      "wait_duration_stats_ns": {
        "count": 190.0,
        "sum": 741877023.9999999,
        "mean": 3904615.915789473,
        "median": 479938.01033509104,
        "min": 1584,
        "max": 29279831,
        "variance_ns2": 40630459434023.83,
        "iqr_ns": 9626866.721517276,
        "q1_ns": 102101.07202991302,
        "q3_ns": 9728967.793547189
      },
      "futex_op_counts": {
        "128": 190
      },
      "first_seen_ts_ns": 640572813332,
      "last_seen_ts_ns": 658025952913
    },
    {
      "tgid": 25131,
      "comm": "xhpcg",
      "cgroup_id": 9515,
      "wait_duration_stats_ns": {
        "count": 189.0,
        "sum": 740762974.0000005,
        "mean": 3919380.814814817,
        "median": 1968327.3937305668,
        "min": 2144,
        "max": 28845901,
        "variance_ns2": 37549823581118.65,
        "iqr_ns": 4237552.680048175,
        "q1_ns": 145693.2510195857,
        "q3_ns": 4383245.931067761
      },
      "futex_op_counts": {
        "128": 189
      },
      "first_seen_ts_ns": 640572294737,
      "last_seen_ts_ns": 658026802141
    },
    {
      "tgid": 25137,
      "comm": "xhpcg",
      "cgroup_id": 9515,
      "wait_duration_stats_ns": {
        "count": 237.0,
        "sum": 740473519.9999995,
        "mean": 3124360.8438818543,
        "median": 1145656.650727012,
        "min": 1875,
        "max": 29299157,
        "variance_ns2": 30253696423470.52,
        "iqr_ns": 7018078.906344444,
        "q1_ns": 65294.45438291917,
        "q3_ns": 7083373.360727362
      },
      "futex_op_counts": {
        "128": 237
      },
      "first_seen_ts_ns": 640572373404,
      "last_seen_ts_ns": 658025618098
    },
    {
      "tgid": 25103,
      "comm": "xhpcg",
      "cgroup_id": 9515,
      "wait_duration_stats_ns": {
        "count": 189.0,
        "sum": 739991119.9999998,
        "mean": 3915296.93121693,
        "median": 1614874.7239025326,
        "min": 1699,
        "max": 28815210,
        "variance_ns2": 36438335437147.164,
        "iqr_ns": 5932966.122099503,
        "q1_ns": 133302.02869313362,
        "q3_ns": 6066268.150792637
      },
      "futex_op_counts": {
        "128": 189
      },
      "first_seen_ts_ns": 640572299584,
      "last_seen_ts_ns": 658026805636
    },
    {
      "tgid": 25102,
      "comm": "xhpcg",
      "cgroup_id": 9515,
      "wait_duration_stats_ns": {
        "count": 156.0,
        "sum": 737195013.0000002,
        "mean": 4725609.057692309,
        "median": 988598.1449186259,
        "min": 1872,
        "max": 28808590,
        "variance_ns2": 47887394412223.63,
        "iqr_ns": 5440385.991390693,
        "q1_ns": 84607.46427663487,
        "q3_ns": 5524993.455667328
      },
      "futex_op_counts": {
        "128": 156
      },
      "first_seen_ts_ns": 640572217638,
      "last_seen_ts_ns": 658026722187
    },
    {
      "tgid": 25101,
      "comm": "xhpcg",
      "cgroup_id": 9515,
      "wait_duration_stats_ns": {
        "count": 154.0,
        "sum": 734187994.9999999,
        "mean": 4767454.512987012,
        "median": 1167927.3644076947,
        "min": 1731,
        "max": 28762314,
        "variance_ns2": 47698522271617.04,
        "iqr_ns": 5143533.235183472,
        "q1_ns": 214382.31786876064,
        "q3_ns": 5357915.553052233
      },
      "futex_op_counts": {
        "128": 154
      },
      "first_seen_ts_ns": 640572370197,
      "last_seen_ts_ns": 658026032009
    },
    {
      "tgid": 25119,
      "comm": "xhpcg",
      "cgroup_id": 9515,
      "wait_duration_stats_ns": {
        "count": 214.0,
        "sum": 734143995.0000002,
        "mean": 3430579.4158878517,
        "median": 763401.7672021127,
        "min": 2027,
        "max": 28920027,
        "variance_ns2": 32651682444831.887,
        "iqr_ns": 8701164.7882092,
        "q1_ns": 88735.07304110176,
        "q3_ns": 8789899.861250302
      },
      "futex_op_counts": {
        "128": 214
      },
      "first_seen_ts_ns": 640572086225,
      "last_seen_ts_ns": 658028028382
    },
    {
      "tgid": 25121,
      "comm": "xhpcg",
      "cgroup_id": 9515,
      "wait_duration_stats_ns": {
        "count": 254.0,
        "sum": 733529980.0000001,
        "mean": 2887913.3070866144,
        "median": 462111.65556907986,
        "min": 1487,
        "max": 29256608,
        "variance_ns2": 27311669468911.77,
        "iqr_ns": 7109411.691117763,
        "q1_ns": 50552.58568994059,
        "q3_ns": 7159964.276807703
      },
      "futex_op_counts": {
        "128": 254
      },
      "first_seen_ts_ns": 640572277428,
      "last_seen_ts_ns": 658026923360
    },
    {
      "tgid": 25116,
      "comm": "xhpcg",
      "cgroup_id": 9515,
      "wait_duration_stats_ns": {
        "count": 260.0,
        "sum": 733142236.0000007,
        "mean": 2819777.8307692334,
        "median": 369905.8150597959,
        "min": 1837,
        "max": 28807995,
        "variance_ns2": 28250994674833.766,
        "iqr_ns": 7887651.656319414,
        "q1_ns": 48063.372589637525,
        "q3_ns": 7935715.028909052
      },
      "futex_op_counts": {
        "128": 260
      },
      "first_seen_ts_ns": 640572318659,
      "last_seen_ts_ns": 658026812215
    },
    {
      "tgid": 25123,
      "comm": "xhpcg",
      "cgroup_id": 9515,
      "wait_duration_stats_ns": {
        "count": 245.0,
        "sum": 731604111.0000002,
        "mean": 2986139.2285714294,
        "median": 1203608.3401813335,
        "min": 1563,
        "max": 28107497,
        "variance_ns2": 24535210907490.48,
        "iqr_ns": 6584860.536087852,
        "q1_ns": 64996.386003639265,
        "q3_ns": 6649856.9220914915
      },
      "futex_op_counts": {
        "128": 245
      },
      "first_seen_ts_ns": 640572182824,
      "last_seen_ts_ns": 658026625658
    },
    {
      "tgid": 25106,
      "comm": "xhpcg",
      "cgroup_id": 9515,
      "wait_duration_stats_ns": {
        "count": 162.0,
        "sum": 720799262.0000004,
        "mean": 4449378.160493829,
        "median": 1000574.0055682934,
        "min": 1660,
        "max": 29246686,
        "variance_ns2": 45170259973052.47,
        "iqr_ns": 10482778.53095212,
        "q1_ns": 115861.38864168739,
        "q3_ns": 10598639.919593807
      },
      "futex_op_counts": {
        "128": 162
      },
      "first_seen_ts_ns": 640572084744,
      "last_seen_ts_ns": 658026390517
    },
    {
      "tgid": 24907,
      "comm": "runc:[2:INIT]",
      "cgroup_id": 5006,
      "wait_duration_stats_ns": {
        "count": 24.0,
        "sum": 671938013.0,
        "mean": 27997417.208333336,
        "median": 3696605.0801724843,
        "min": 3309,
        "max": 134801990,
        "variance_ns2": 3051958753113603.5,
        "iqr_ns": 48672953.5498793,
        "q1_ns": 216091.17602659104,
        "q3_ns": 48889044.72590589
      },
      "futex_op_counts": {
        "128": 24
      },
      "first_seen_ts_ns": 613817515467,
      "last_seen_ts_ns": 613952704823
    },
    {
      "tgid": 24761,
      "comm": "runc:[2:INIT]",
      "cgroup_id": 5006,
      "wait_duration_stats_ns": {
        "count": 21.0,
        "sum": 670918770.0000001,
        "mean": 31948512.857142862,
        "median": 12756454.148489118,
        "min": 7194,
        "max": 137898401,
        "variance_ns2": 2735328568888947.5,
        "iqr_ns": 10835308.071812863,
        "q1_ns": 695645.894047619,
        "q3_ns": 11530953.965860482
      },
      "futex_op_counts": {
        "128": 21
      },
      "first_seen_ts_ns": 602090131360,
      "last_seen_ts_ns": 602262534835
    },
    {
      "tgid": 24942,
      "comm": "xhpcg",
      "cgroup_id": 9515,
      "wait_duration_stats_ns": {
        "count": 462.0,
        "sum": 572426651.0000006,
        "mean": 1239018.7251082263,
        "median": 64921.09298152942,
        "min": 1525,
        "max": 29672543,
        "variance_ns2": 13405473153701.918,
        "iqr_ns": 360981.1755543506,
        "q1_ns": 40149.15017371527,
        "q3_ns": 401130.32572806586
      },
      "futex_op_counts": {
        "128": 462
      },
      "first_seen_ts_ns": 621872408235,
      "last_seen_ts_ns": 639886175164
    },
    {
      "tgid": 24960,
      "comm": "xhpcg",
      "cgroup_id": 9515,
      "wait_duration_stats_ns": {
        "count": 346.0,
        "sum": 551025727.0,
        "mean": 1592559.9046242775,
        "median": 284747.3373742933,
        "min": 1806,
        "max": 29685660,
        "variance_ns2": 15239226964096.246,
        "iqr_ns": 3531611.1655184356,
        "q1_ns": 44091.89971731126,
        "q3_ns": 3575703.065235747
      },
      "futex_op_counts": {
        "128": 346
      },
      "first_seen_ts_ns": 621872358201,
      "last_seen_ts_ns": 639886044113
    },
    {
      "tgid": 25476,
      "comm": "runc",
      "cgroup_id": 4085,
      "wait_duration_stats_ns": {
        "count": 408.0,
        "sum": 549783127.9999999,
        "mean": 1347507.6666666665,
        "median": 59640.68509454454,
        "min": 385,
        "max": 93746517,
        "variance_ns2": 110916168826597.97,
        "iqr_ns": 229799.74646040937,
        "q1_ns": 17819.62891624681,
        "q3_ns": 247619.3753766562
      },
      "futex_op_counts": {
        "128": 408
      },
      "first_seen_ts_ns": 662056090439,
      "last_seen_ts_ns": 662151890397
    },
    {
      "tgid": 24954,
      "comm": "xhpcg",
      "cgroup_id": 9515,
      "wait_duration_stats_ns": {
        "count": 282.0,
        "sum": 540873793.0000001,
        "mean": 1917992.1737588656,
        "median": 114535.98488036168,
        "min": 1864,
        "max": 29680444,
        "variance_ns2": 20533814499272.42,
        "iqr_ns": 547271.2747183976,
        "q1_ns": 39537.94049674134,
        "q3_ns": 586809.215215139
      },
      "futex_op_counts": {
        "128": 282
      },
      "first_seen_ts_ns": 621872438014,
      "last_seen_ts_ns": 639886438506
    },
    {
      "tgid": 24963,
      "comm": "xhpcg",
      "cgroup_id": 9515,
      "wait_duration_stats_ns": {
        "count": 318.0,
        "sum": 537296095.0000002,
        "mean": 1689610.361635221,
        "median": 102033.88964565896,
        "min": 1425,
        "max": 29965499,
        "variance_ns2": 17994046551196.9,
        "iqr_ns": 670799.7682175502,
        "q1_ns": 45709.551419600975,
        "q3_ns": 716509.3196371512
      },
      "futex_op_counts": {
        "128": 318
      },
      "first_seen_ts_ns": 621872444261,
      "last_seen_ts_ns": 639886457880
    },
    {
      "tgid": 24927,
      "comm": "xhpcg",
      "cgroup_id": 9515,
      "wait_duration_stats_ns": {
        "count": 173.0,
        "sum": 535208519.0000001,
        "mean": 3093690.861271677,
        "median": 301132.39927661815,
        "min": 1900,
        "max": 29643228,
        "variance_ns2": 32529549951389.19,
        "iqr_ns": 2470968.12229433,
        "q1_ns": 93163.0644991714,
        "q3_ns": 2564131.1867935015
      },
      "futex_op_counts": {
        "128": 173
      },
      "first_seen_ts_ns": 621872527202,
      "last_seen_ts_ns": 639886352770
    },
    {
      "tgid": 24966,
      "comm": "xhpcg",
      "cgroup_id": 9515,
      "wait_duration_stats_ns": {
        "count": 222.0,
        "sum": 531991889.0,
        "mean": 2396359.8603603602,
        "median": 495399.0025231551,
        "min": 1782,
        "max": 28967321,
        "variance_ns2": 22776789973891.6,
        "iqr_ns": 1594249.6525472605,
        "q1_ns": 91834.68158357333,
        "q3_ns": 1686084.3341308339
      },
      "futex_op_counts": {
        "128": 222
      },
      "first_seen_ts_ns": 621872356910,
      "last_seen_ts_ns": 639885089866
    },
    {
      "tgid": 24944,
      "comm": "xhpcg",
      "cgroup_id": 9515,
      "wait_duration_stats_ns": {
        "count": 359.0,
        "sum": 530737912.9999993,
        "mean": 1478378.5877437305,
        "median": 119450.92185647554,
        "min": 1718,
        "max": 29683243,
        "variance_ns2": 16606311560326.271,
        "iqr_ns": 479867.38595296425,
        "q1_ns": 42542.74392787476,
        "q3_ns": 522410.129880839
      },
      "futex_op_counts": {
        "128": 359
      },
      "first_seen_ts_ns": 621872382927,
      "last_seen_ts_ns": 639886394336
    },
    {
      "tgid": 24950,
      "comm": "xhpcg",
      "cgroup_id": 9515,
      "wait_duration_stats_ns": {
        "count": 232.0,
        "sum": 530452541.99999976,
        "mean": 2286433.3706896543,
        "median": 357564.67645504227,
        "min": 1571,
        "max": 29722838,
        "variance_ns2": 23109590315107.676,
        "iqr_ns": 2097051.1618764466,
        "q1_ns": 72147.38739851068,
        "q3_ns": 2169198.5492749573
      },
      "futex_op_counts": {
        "128": 232
      },
      "first_seen_ts_ns": 621872297548,
      "last_seen_ts_ns": 639885540002
    },
    {
      "tgid": 24964,
      "comm": "xhpcg",
      "cgroup_id": 9515,
      "wait_duration_stats_ns": {
        "count": 346.0,
        "sum": 530147541.99999994,
        "mean": 1532218.3294797686,
        "median": 115972.18496868254,
        "min": 1501,
        "max": 29681202,
        "variance_ns2": 16606765990430.982,
        "iqr_ns": 791395.9924120285,
        "q1_ns": 39812.87899069009,
        "q3_ns": 831208.8714027186
      },
      "futex_op_counts": {
        "128": 346
      },
      "first_seen_ts_ns": 621872379695,
      "last_seen_ts_ns": 639886958134
    },
    {
      "tgid": 24969,
      "comm": "xhpcg",
      "cgroup_id": 9515,
      "wait_duration_stats_ns": {
        "count": 216.0,
        "sum": 529540473.0,
        "mean": 2451576.263888889,
        "median": 261593.22108383794,
        "min": 1722,
        "max": 29749908,
        "variance_ns2": 29077613419914.8,
        "iqr_ns": 972550.9061661445,
        "q1_ns": 102390.32548991905,
        "q3_ns": 1074941.2316560636
      },
      "futex_op_counts": {
        "128": 216
      },
      "first_seen_ts_ns": 621872325192,
      "last_seen_ts_ns": 639886572698
    },
    {
      "tgid": 24931,
      "comm": "xhpcg",
      "cgroup_id": 9515,
      "wait_duration_stats_ns": {
        "count": 240.0,
        "sum": 529011445.00000006,
        "mean": 2204214.354166667,
        "median": 368431.71382336994,
        "min": 1344,
        "max": 29156410,
        "variance_ns2": 21516740022008.715,
        "iqr_ns": 1681056.881499408,
        "q1_ns": 48881.02383911291,
        "q3_ns": 1729937.9053385209
      },
      "futex_op_counts": {
        "128": 240
      },
      "first_seen_ts_ns": 621872403811,
      "last_seen_ts_ns": 639886281786
    },
    {
      "tgid": 24941,
      "comm": "xhpcg",
      "cgroup_id": 9515,
      "wait_duration_stats_ns": {
        "count": 246.0,
        "sum": 526901286.00000024,
        "mean": 2141875.1463414645,
        "median": 108588.97196187623,
        "min": 1532,
        "max": 29671009,
        "variance_ns2": 24887614798471.562,
        "iqr_ns": 484189.2610515324,
        "q1_ns": 34891.43549361212,
        "q3_ns": 519080.69654514454
      },
      "futex_op_counts": {
        "128": 246
      },
      "first_seen_ts_ns": 621872350684,
      "last_seen_ts_ns": 639885455496
    },
    {
      "tgid": 24956,
      "comm": "xhpcg",
      "cgroup_id": 9515,
      "wait_duration_stats_ns": {
        "count": 285.0,
        "sum": 525108628.0000002,
        "mean": 1842486.4140350884,
        "median": 113128.03191209925,
        "min": 1623,
        "max": 29703018,
        "variance_ns2": 20287687661698.84,
        "iqr_ns": 912878.0383677974,
        "q1_ns": 39150.06134096978,
        "q3_ns": 952028.0997087671
      },
      "futex_op_counts": {
        "128": 285
      },
      "first_seen_ts_ns": 621872355641,
      "last_seen_ts_ns": 639885058297
    },
    {
      "tgid": 24948,
      "comm": "xhpcg",
      "cgroup_id": 9515,
      "wait_duration_stats_ns": {
        "count": 334.0,
        "sum": 524928028.0000001,
        "mean": 1571640.80239521,
        "median": 99790.92834255828,
        "min": 1582,
        "max": 29707403,
        "variance_ns2": 17266075572391.23,
        "iqr_ns": 741307.1063782995,
        "q1_ns": 39545.03723811565,
        "q3_ns": 780852.1436164152
      },
      "futex_op_counts": {
        "128": 334
      },
      "first_seen_ts_ns": 621872342492,
      "last_seen_ts_ns": 639886229165
    },
    {
      "tgid": 24939,
      "comm": "xhpcg",
      "cgroup_id": 9515,
      "wait_duration_stats_ns": {
        "count": 242.0,
        "sum": 524644304.0,
        "mean": 2167951.6694214875,
        "median": 113820.74087247535,
        "min": 1309,
        "max": 29130546,
        "variance_ns2": 21460990687656.336,
        "iqr_ns": 1091865.124563258,
        "q1_ns": 55731.459270135856,
        "q3_ns": 1147596.5838333939
      },
      "futex_op_counts": {
        "128": 242
      },
      "first_seen_ts_ns": 621872256777,
      "last_seen_ts_ns": 639885292069
    },
    {
      "tgid": 24930,
      "comm": "xhpcg",
      "cgroup_id": 9515,
      "wait_duration_stats_ns": {
        "count": 273.0,
        "sum": 521935908.99999964,
        "mean": 1911853.1465201452,
        "median": 109367.99435406212,
        "min": 1650,
        "max": 29689267,
        "variance_ns2": 22492068018679.24,
        "iqr_ns": 478458.89900022827,
        "q1_ns": 43811.65965027732,
        "q3_ns": 522270.5586505056
      },
      "futex_op_counts": {
        "128": 273
      },
      "first_seen_ts_ns": 621872355915,
      "last_seen_ts_ns": 639886395587
    },
    {
      "tgid": 24958,
      "comm": "xhpcg",
      "cgroup_id": 9515,
      "wait_duration_stats_ns": {
        "count": 319.0,
        "sum": 519625382.0000001,
        "mean": 1628919.692789969,
        "median": 127302.23159226366,
        "min": 1608,
        "max": 29993506,
        "variance_ns2": 17948187499278.523,
        "iqr_ns": 580579.7534251581,
        "q1_ns": 38035.78109246439,
        "q3_ns": 618615.5345176224
      },
      "futex_op_counts": {
        "128": 319
      },
      "first_seen_ts_ns": 621872445512,
      "last_seen_ts_ns": 639886555924
    },
    {
      "tgid": 24928,
      "comm": "xhpcg",
      "cgroup_id": 9515,
      "wait_duration_stats_ns": {
        "count": 163.0,
        "sum": 519112486.00000024,
        "mean": 3184739.177914112,
        "median": 146634.62851252902,
        "min": 1756,
        "max": 29693943,
        "variance_ns2": 34326729805938.426,
        "iqr_ns": 2646928.9221341484,
        "q1_ns": 67684.62691679558,
        "q3_ns": 2714613.549050944
      },
      "futex_op_counts": {
        "128": 163
      },
      "first_seen_ts_ns": 621872306670,
      "last_seen_ts_ns": 639886628820
    },
    {
      "tgid": 24929,
      "comm": "xhpcg",
      "cgroup_id": 9515,
      "wait_duration_stats_ns": {
        "count": 212.0,
        "sum": 518758764.99999976,
        "mean": 2446975.3066037726,
        "median": 674933.6196826359,
        "min": 1426,
        "max": 29436431,
        "variance_ns2": 25826350287277.27,
        "iqr_ns": 712127.4269858801,
        "q1_ns": 55563.50913220401,
        "q3_ns": 767690.9361180841
      },
      "futex_op_counts": {
        "128": 212
      },
      "first_seen_ts_ns": 621872295777,
      "last_seen_ts_ns": 639885211289
    },
    {
      "tgid": 24952,
      "comm": "xhpcg",
      "cgroup_id": 9515,
      "wait_duration_stats_ns": {
        "count": 238.0,
        "sum": 515966045.0000002,
        "mean": 2167924.55882353,
        "median": 255042.43656279263,
        "min": 1485,
        "max": 29525556,
        "variance_ns2": 23029001200430.746,
        "iqr_ns": 1279722.257280591,
        "q1_ns": 64043.933638881645,
        "q3_ns": 1343766.1909194726
      },
      "futex_op_counts": {
        "128": 238
      },
      "first_seen_ts_ns": 621872391764,
      "last_seen_ts_ns": 639885515953
    },
    {
      "tgid": 24932,
      "comm": "xhpcg",
      "cgroup_id": 9515,
      "wait_duration_stats_ns": {
        "count": 268.0,
        "sum": 515090543.9999998,
        "mean": 1921979.641791044,
        "median": 116787.61890293748,
        "min": 1982,
        "max": 29365279,
        "variance_ns2": 20935393625952.957,
        "iqr_ns": 893396.8443800015,
        "q1_ns": 47397.75817729421,
        "q3_ns": 940794.6025572957
      },
      "futex_op_counts": {
        "128": 268
      },
      "first_seen_ts_ns": 621873227826,
      "last_seen_ts_ns": 639885641029
    },
    {
      "tgid": 24946,
      "comm": "xhpcg",
      "cgroup_id": 9515,
      "wait_duration_stats_ns": {
        "count": 249.0,
        "sum": 514937679.9999998,
        "mean": 2068022.8112449793,
        "median": 279086.5865098229,
        "min": 1556,
        "max": 29616375,
        "variance_ns2": 22038131180039.88,
        "iqr_ns": 1216561.9567802467,
        "q1_ns": 49343.769246541335,
        "q3_ns": 1265905.7260267881
      },
      "futex_op_counts": {
        "128": 249
      },
      "first_seen_ts_ns": 621872253933,
      "last_seen_ts_ns": 639886503134
    },
    {
      "tgid": 24934,
      "comm": "xhpcg",
      "cgroup_id": 9515,
      "wait_duration_stats_ns": {
        "count": 179.0,
        "sum": 511299249.00000006,
        "mean": 2856420.3854748607,
        "median": 367444.41166942293,
        "min": 1798,
        "max": 36041934,
        "variance_ns2": 32141151794069.0,
        "iqr_ns": 2410313.9783274163,
        "q1_ns": 83740.40346714908,
        "q3_ns": 2494054.3817945654
      },
      "futex_op_counts": {
        "128": 179
      },
      "first_seen_ts_ns": 621872559692,
      "last_seen_ts_ns": 639886266820
    },
    {
      "tgid": 24937,
      "comm": "xhpcg",
      "cgroup_id": 9515,
      "wait_duration_stats_ns": {
        "count": 174.0,
        "sum": 506946648.0000001,
        "mean": 2913486.482758621,
        "median": 634839.6478915483,
        "min": 1316,
        "max": 36047754,
        "variance_ns2": 32086137380927.22,
        "iqr_ns": 2226451.7769587925,
        "q1_ns": 99166.8238234169,
        "q3_ns": 2325618.6007822095
      },
      "futex_op_counts": {
        "128": 174
      },
      "first_seen_ts_ns": 621872507493,
      "last_seen_ts_ns": 639885533118
    },
    {
      "tgid": 25486,
      "comm": "runc:[2:INIT]",
      "cgroup_id": 5006,
      "wait_duration_stats_ns": {
        "count": 23.0,
        "sum": 443742376.99999994,
        "mean": 19293146.826086953,
        "median": 1300647.360068578,
        "min": 2639,
        "max": 89078080,
        "variance_ns2": 1375191284359545.8,
        "iqr_ns": 35205722.07176877,
        "q1_ns": 134941.31278233536,
        "q3_ns": 35340663.3845511
      },
      "futex_op_counts": {
        "128": 23
      },
      "first_seen_ts_ns": 662062583180,
      "last_seen_ts_ns": 662151878956
    },
    {
      "tgid": 25034,
      "comm": "runc:[2:INIT]",
      "cgroup_id": 5006,
      "wait_duration_stats_ns": {
        "count": 24.0,
        "sum": 413920200.0,
        "mean": 17246675.0,
        "median": 340097.30378453864,
        "min": 8464,
        "max": 99719244,
        "variance_ns2": 1246707350460994.0,
        "iqr_ns": 12067881.610709816,
        "q1_ns": 98121.25682397952,
        "q3_ns": 12166002.867533796
      },
      "futex_op_counts": {
        "128": 24
      },
      "first_seen_ts_ns": 624060123021,
      "last_seen_ts_ns": 624160402798
    },
    {
      "tgid": 25059,
      "comm": "grpc-health-pro",
      "cgroup_id": 5006,
      "wait_duration_stats_ns": {
        "count": 22.0,
        "sum": 262221180.00000003,
        "mean": 11919144.545454547,
        "median": 10425800.521304905,
        "min": 2098,
        "max": 30117194,
        "variance_ns2": 125730409060385.22,
        "iqr_ns": 16191015.55898154,
        "q1_ns": 1530516.587612377,
        "q3_ns": 17721532.146593917
      },
      "futex_op_counts": {
        "128": 22
      },
      "first_seen_ts_ns": 632460043460,
      "last_seen_ts_ns": 632505577187
    },
    {
      "tgid": 25034,
      "comm": "grpc-health-pro",
      "cgroup_id": 5006,
      "wait_duration_stats_ns": {
        "count": 18.0,
        "sum": 229507078.0,
        "mean": 12750393.222222222,
        "median": 11182592.951917518,
        "min": 23697,
        "max": 30000115,
        "variance_ns2": 133488933020320.06,
        "iqr_ns": 15762781.61199427,
        "q1_ns": 2693071.116272065,
        "q3_ns": 18455852.728266336
      },
      "futex_op_counts": {
        "128": 18
      },
      "first_seen_ts_ns": 624200040057,
      "last_seen_ts_ns": 624240041988
    },
    {
      "tgid": 25184,
      "comm": "grpc-health-pro",
      "cgroup_id": 5006,
      "wait_duration_stats_ns": {
        "count": 15.0,
        "sum": 178345830.0,
        "mean": 11889722.0,
        "median": 14758524.210513229,
        "min": 17142,
        "max": 30001677,
        "variance_ns2": 121230632917861.7,
        "iqr_ns": 15843702.16734375,
        "q1_ns": 3737799.8326562494,
        "q3_ns": 19581502.0
      },
      "futex_op_counts": {
        "128": 15
      },
      "first_seen_ts_ns": 642710044797,
      "last_seen_ts_ns": 642750052494
    },
    {
      "tgid": 25011,
      "comm": "grpc-health-pro",
      "cgroup_id": 5006,
      "wait_duration_stats_ns": {
        "count": 14.0,
        "sum": 173589843.0,
        "mean": 12399274.5,
        "median": 10562393.633333333,
        "min": 1384,
        "max": 28669362,
        "variance_ns2": 61408524269832.12,
        "iqr_ns": 8925447.06271605,
        "q1_ns": 5676907.111111112,
        "q3_ns": 14602354.173827162
      },
      "futex_op_counts": {
        "128": 14
      },
      "first_seen_ts_ns": 622402150415,
      "last_seen_ts_ns": 622443068430
    },
    {
      "tgid": 25234,
      "comm": "grpc-health-pro",
      "cgroup_id": 5006,
      "wait_duration_stats_ns": {
        "count": 11.0,
        "sum": 138349403.0,
        "mean": 12577218.454545455,
        "median": 14168746.433333334,
        "min": 1242895,
        "max": 27975055,
        "variance_ns2": 63977228957582.48,
        "iqr_ns": 12584268.121875,
        "q1_ns": 5836538.878125,
        "q3_ns": 18420807.0
      },
      "futex_op_counts": {
        "128": 11
      },
      "first_seen_ts_ns": 652440042455,
      "last_seen_ts_ns": 652467005174
    },
    {
      "tgid": 25084,
      "comm": "grpc-health-pro",
      "cgroup_id": 5006,
      "wait_duration_stats_ns": {
        "count": 9.0,
        "sum": 106948405.0,
        "mean": 11883156.111111112,
        "median": 10334065.0,
        "min": 2034059,
        "max": 29907334,
        "variance_ns2": 80845839568245.11,
        "iqr_ns": 10557353.575,
        "q1_ns": 6141386.5,
        "q3_ns": 16698740.075
      },
      "futex_op_counts": {
        "128": 9
      },
      "first_seen_ts_ns": 634270044777,
      "last_seen_ts_ns": 634290071043
    },
    {
      "tgid": 25257,
      "comm": "grpc-health-pro",
      "cgroup_id": 5006,
      "wait_duration_stats_ns": {
        "count": 9.0,
        "sum": 102346253.0,
        "mean": 11371805.888888888,
        "median": 10098635.777777778,
        "min": 2570207,
        "max": 23250446,
        "variance_ns2": 51197562755857.11,
        "iqr_ns": 8422600.0,
        "q1_ns": 6033385.555555556,
        "q3_ns": 14455985.555555556
      },
      "futex_op_counts": {
        "128": 9
      },
      "first_seen_ts_ns": 654360043130,
      "last_seen_ts_ns": 654380038462
    },
    {
      "tgid": 24761,
      "comm": "grpc-health-pro",
      "cgroup_id": 5006,
      "wait_duration_stats_ns": {
        "count": 10.0,
        "sum": 98282950.00000001,
        "mean": 9828295.000000002,
        "median": 9196883.22611111,
        "min": 165258,
        "max": 24202834,
        "variance_ns2": 60104400223474.45,
        "iqr_ns": 7753689.057870369,
        "q1_ns": 5640077.942129631,
        "q3_ns": 13393767.0
      },
      "futex_op_counts": {
        "128": 10
      },
      "first_seen_ts_ns": 602279132168,
      "last_seen_ts_ns": 602300040328
    },
    {
      "tgid": 24782,
      "comm": "grpc-health-pro",
      "cgroup_id": 5006,
      "wait_duration_stats_ns": {
        "count": 8.0,
        "sum": 77125600.0,
        "mean": 9640700.0,
        "median": 9202917.5,
        "min": 9795,
        "max": 19955002,
        "variance_ns2": 48607808371838.86,
        "iqr_ns": 5482426.11111111,
        "q1_ns": 8192232.0,
        "q3_ns": 13674658.11111111
      },
      "futex_op_counts": {
        "128": 8
      },
      "first_seen_ts_ns": 604078077809,
      "last_seen_ts_ns": 604095230188
    },
    {
      "tgid": 24866,
      "comm": "aws-cni",
      "cgroup_id": 4085,
      "wait_duration_stats_ns": {
        "count": 286.0,
        "sum": 48129166.00000001,
        "mean": 168283.79720279723,
        "median": 38194.63587406661,
        "min": 527,
        "max": 5298718,
        "variance_ns2": 397241351555.271,
        "iqr_ns": 151836.72465861728,
        "q1_ns": 15571.499675890245,
        "q3_ns": 167408.22433450754
      },
      "futex_op_counts": {
        "128": 286
      },
      "first_seen_ts_ns": 613401327871,
      "last_seen_ts_ns": 613411008055
    },
    {
      "tgid": 24839,
      "comm": "aws-cni",
      "cgroup_id": 4085,
      "wait_duration_stats_ns": {
        "count": 245.0,
        "sum": 41597098.0,
        "mean": 169784.07346938775,
        "median": 43741.26960683861,
        "min": 541,
        "max": 5053448,
        "variance_ns2": 373602888930.5602,
        "iqr_ns": 140295.12204564898,
        "q1_ns": 16828.56427258675,
        "q3_ns": 157123.68631823573
      },
      "futex_op_counts": {
        "128": 245
      },
      "first_seen_ts_ns": 613363284588,
      "last_seen_ts_ns": 613373268468
    },
    {
      "tgid": 24907,
      "comm": "grpc-health-pro",
      "cgroup_id": 5006,
      "wait_duration_stats_ns": {
        "count": 35.0,
        "sum": 40878969.0,
        "mean": 1167970.5428571429,
        "median": 135175.78690171975,
        "min": 566,
        "max": 7351510,
        "variance_ns2": 5632190391351.667,
        "iqr_ns": 1093435.0706273757,
        "q1_ns": 20625.978272364395,
        "q3_ns": 1114061.0488997402
      },
      "futex_op_counts": {
        "128": 35
      },
      "first_seen_ts_ns": 613956698783,
      "last_seen_ts_ns": 613965754950
    },
    {
      "tgid": 24833,
      "comm": "egress-cni",
      "cgroup_id": 4085,
      "wait_duration_stats_ns": {
        "count": 9.0,
        "sum": 24300841.0,
        "mean": 2700093.4444444445,
        "median": 2384751.1666666665,
        "min": 8922,
        "max": 6780283,
        "variance_ns2": 4598104845401.777,
        "iqr_ns": 1428803.708333333,
        "q1_ns": 1347082.625,
        "q3_ns": 2775886.333333333
      },
      "futex_op_counts": {
        "128": 9
      },
      "first_seen_ts_ns": 613350499645,
      "last_seen_ts_ns": 613359282125
    },
    {
      "tgid": 24810,
      "comm": "grpc-health-pro",
      "cgroup_id": 5006,
      "wait_duration_stats_ns": {
        "count": 19.0,
        "sum": 21301333.0,
        "mean": 1121122.7894736843,
        "median": 294983.03759765625,
        "min": 14299,
        "max": 4710370,
        "variance_ns2": 2795804861059.953,
        "iqr_ns": 1349369.9977854718,
        "q1_ns": 36574.9375,
        "q3_ns": 1385944.9352854718
      },
      "futex_op_counts": {
        "128": 19
      },
      "first_seen_ts_ns": 612333703369,
      "last_seen_ts_ns": 612340038955
    },
    {
      "tgid": 24860,
      "comm": "egress-cni",
      "cgroup_id": 4085,
      "wait_duration_stats_ns": {
        "count": 4.0,
        "sum": 16156858.0,
        "mean": 4039214.5,
        "median": 5401830.0,
        "min": 36813,
        "max": 5404569,
        "variance_ns2": 7121435775635.0,
        "iqr_ns": 90923.0,
        "q1_ns": 5313646.0,
        "q3_ns": 5404569.0
      },
      "futex_op_counts": {
        "128": 4
      },
      "first_seen_ts_ns": 613392558379,
      "last_seen_ts_ns": 613397963478
    },
    {
      "tgid": 25209,
      "comm": "grpc-health-pro",
      "cgroup_id": 5006,
      "wait_duration_stats_ns": {
        "count": 32.0,
        "sum": 14706022.999999998,
        "mean": 459563.21874999994,
        "median": 169323.47430463234,
        "min": 7789,
        "max": 3664981,
        "variance_ns2": 580630571246.37,
        "iqr_ns": 748986.0320089032,
        "q1_ns": 41303.77745225512,
        "q3_ns": 790289.8094611584
      },
      "futex_op_counts": {
        "128": 32
      },
      "first_seen_ts_ns": 644156322088,
      "last_seen_ts_ns": 644159257415
    },
    {
      "tgid": 24855,
      "comm": "portmap",
      "cgroup_id": 4085,
      "wait_duration_stats_ns": {
        "count": 7.0,
        "sum": 14592325.0,
        "mean": 2084617.8571428573,
        "median": 77425.33333333333,
        "min": 1813,
        "max": 7183452,
        "variance_ns2": 12081769623908.477,
        "iqr_ns": 425293.0,
        "q1_ns": 33141.0,
        "q3_ns": 458434.0
      },
      "futex_op_counts": {
        "128": 7
      },
      "first_seen_ts_ns": 613382610885,
      "last_seen_ts_ns": 613389957992
    },
    {
      "tgid": 24850,
      "comm": "loopback",
      "cgroup_id": 4085,
      "wait_duration_stats_ns": {
        "count": 8.0,
        "sum": 8542611.0,
        "mean": 1067826.375,
        "median": 236058.0,
        "min": 72030,
        "max": 4044983,
        "variance_ns2": 2350962320586.5537,
        "iqr_ns": 934949.3333333333,
        "q1_ns": 205400.0,
        "q3_ns": 1140349.3333333333
      },
      "futex_op_counts": {
        "128": 8
      },
      "first_seen_ts_ns": 613380030533,
      "last_seen_ts_ns": 613380777890
    },
    {
      "tgid": 25486,
      "comm": "grpc-health-pro",
      "cgroup_id": 5006,
      "wait_duration_stats_ns": {
        "count": 32.0,
        "sum": 8019892.000000002,
        "mean": 250621.62500000006,
        "median": 69732.5276640735,
        "min": 7409,
        "max": 1249324,
        "variance_ns2": 146384763695.66125,
        "iqr_ns": 281511.3501370687,
        "q1_ns": 20028.400804766956,
        "q3_ns": 301539.7509418357
      },
      "futex_op_counts": {
        "128": 32
      },
      "first_seen_ts_ns": 662153477977,
      "last_seen_ts_ns": 662155655374
    },
    {
      "tgid": 24823,
      "comm": "loopback",
      "cgroup_id": 4085,
      "wait_duration_stats_ns": {
        "count": 6.0,
        "sum": 5078878.0,
        "mean": 846479.6666666667,
        "median": 1052626.0,
        "min": 306586,
        "max": 1313780,
        "variance_ns2": 186261494820.2667,
        "iqr_ns": 123204.66666666663,
        "q1_ns": 929421.3333333334,
        "q3_ns": 1052626.0
      },
      "futex_op_counts": {
        "128": 6
      },
      "first_seen_ts_ns": 613345853436,
      "last_seen_ts_ns": 613346343495
    },
    {
      "tgid": 24828,
      "comm": "portmap",
      "cgroup_id": 4085,
      "wait_duration_stats_ns": {
        "count": 6.0,
        "sum": 1599877.0,
        "mean": 266646.1666666667,
        "median": 210063.0,
        "min": 47580,
        "max": 530415,
        "variance_ns2": 32459001211.36667,
        "iqr_ns": 0.0,
        "q1_ns": 210063.0,
        "q3_ns": 210063.0
      },
      "futex_op_counts": {
        "128": 6
      },
      "first_seen_ts_ns": 613347675319,
      "last_seen_ts_ns": 613348292280
    },
    {
      "tgid": 24509,
      "comm": "flux-broker-0",
      "cgroup_id": 9515,
      "wait_duration_stats_ns": {
        "count": 261.0,
        "sum": 400255.0000000001,
        "mean": 1533.5440613026824,
        "median": 573.1825771615308,
        "min": 286,
        "max": 14942,
        "variance_ns2": 6718973.2105511315,
        "iqr_ns": 692.1024341078303,
        "q1_ns": 415.14059405962917,
        "q3_ns": 1107.2430281674594
      },
      "futex_op_counts": {
        "128": 261
      },
      "first_seen_ts_ns": 599866928553,
      "last_seen_ts_ns": 663615474698
    }
  ]
}
[00:21:27] Cleanup complete.
