ln: failed to create symbolic link '/mnt/flux/view/lib/python': File exists
ln: failed to create symbolic link '/mnt/flux/view/lib/python3': File exists
unlimited
PROGRAM: futex
Looking for /opt/programs/futex/ebpf-collect.c
[01:31:39] Starting eBPF (Tracepoints for futex syscalls).
[01:31:40] BPF program loaded and tracepoints automatically attached.
[01:31:40] Start Indicator file defined '/mnt/flux/start_ebpf_collection'. Waiting.
[01:31:45] Start indicator found. Proceeding.
[01:31:45] Ring buffers opened. Polling for events...
[01:32:52] 
Indicator file '/mnt/flux/stop_ebpf_collection' found. Stopping.
[01:32:52] Cleaning up BPF resources...
{
  "final_aggregated_futex_summary_river": [
    {
      "tgid": 4405,
      "comm": "containerd",
      "cgroup_id": 4085,
      "wait_duration_stats_ns": {
        "count": 5910.0,
        "sum": 1162072576580.0002,
        "mean": 196628185.54653135,
        "median": 430878.97161561326,
        "min": 473,
        "max": 69481016086,
        "variance_ns2": 3.788091822833315e+18,
        "iqr_ns": 78393831.90726085,
        "q1_ns": 50195.10150456345,
        "q3_ns": 78444027.00876541
      },
      "futex_op_counts": {
        "128": 5910
      },
      "first_seen_ts_ns": 1161604087190,
      "last_seen_ts_ns": 1233134153379
    },
    {
      "tgid": 4465,
      "comm": "kubelet",
      "cgroup_id": 4138,
      "wait_duration_stats_ns": {
        "count": 7388.0,
        "sum": 782271367812.0,
        "mean": 105884050.86789389,
        "median": 13036484.03082035,
        "min": 465,
        "max": 59961767102,
        "variance_ns2": 2.8730981499044516e+18,
        "iqr_ns": 33734599.092386015,
        "q1_ns": 671799.470912583,
        "q3_ns": 34406398.5632986
      },
      "futex_op_counts": {
        "128": 7388
      },
      "first_seen_ts_ns": 1161601828994,
      "last_seen_ts_ns": 1233164811719
    },
    {
      "tgid": 4548,
      "comm": "containerd-shim",
      "cgroup_id": 4085,
      "wait_duration_stats_ns": {
        "count": 792.0,
        "sum": 462152319694.0007,
        "mean": 583525656.1792938,
        "median": 154945.7864344519,
        "min": 628,
        "max": 15322505995,
        "variance_ns2": 2.5496710882247393e+18,
        "iqr_ns": 65218771.805683345,
        "q1_ns": 73628.63802913483,
        "q3_ns": 65292400.44371248
      },
      "futex_op_counts": {
        "128": 792
      },
      "first_seen_ts_ns": 1166962455894,
      "last_seen_ts_ns": 1231297483331
    },
    {
      "tgid": 6092,
      "comm": "coredns",
      "cgroup_id": 5711,
      "wait_duration_stats_ns": {
        "count": 500.0,
        "sum": 337479503116.0005,
        "mean": 674959006.232001,
        "median": 342478605.4220888,
        "min": 6152,
        "max": 32969714746,
        "variance_ns2": 4.2220659409068877e+18,
        "iqr_ns": 985676942.8642384,
        "q1_ns": 266080.1126086117,
        "q3_ns": 985943022.976847
      },
      "futex_op_counts": {
        "128": 500
      },
      "first_seen_ts_ns": 1161813481767,
      "last_seen_ts_ns": 1233032305840
    },
    {
      "tgid": 28869,
      "comm": "containerd-shim",
      "cgroup_id": 4085,
      "wait_duration_stats_ns": {
        "count": 96.0,
        "sum": 336773903418.0,
        "mean": 3508061493.9375,
        "median": 79107775.2676701,
        "min": 486,
        "max": 30002248530,
        "variance_ns2": 5.3463529175165895e+19,
        "iqr_ns": 4160829745.822395,
        "q1_ns": 913085.5266890803,
        "q3_ns": 4161742831.349084
      },
      "futex_op_counts": {
        "128": 96
      },
      "first_seen_ts_ns": 1166966836304,
      "last_seen_ts_ns": 1227349797116
    },
    {
      "tgid": 6095,
      "comm": "coredns",
      "cgroup_id": 5781,
      "wait_duration_stats_ns": {
        "count": 512.0,
        "sum": 334176742113.9999,
        "mean": 652688949.441406,
        "median": 297986997.5725408,
        "min": 953,
        "max": 20973864297,
        "variance_ns2": 3.2292983571542743e+18,
        "iqr_ns": 964881286.1151518,
        "q1_ns": 1464572.174371897,
        "q3_ns": 966345858.2895236
      },
      "futex_op_counts": {
        "128": 512
      },
      "first_seen_ts_ns": 1161816556502,
      "last_seen_ts_ns": 1233031363761
    },
    {
      "tgid": 29084,
      "comm": "containerd-shim",
      "cgroup_id": 4085,
      "wait_duration_stats_ns": {
        "count": 295.0,
        "sum": 327842447376.9997,
        "mean": 1111330330.0915244,
        "median": 11927725.747527026,
        "min": 503,
        "max": 30005707118,
        "variance_ns2": 1.4184325103971727e+19,
        "iqr_ns": 56354131.74975143,
        "q1_ns": 235197.6658854975,
        "q3_ns": 56589329.41563693
      },
      "futex_op_counts": {
        "128": 295
      },
      "first_seen_ts_ns": 1166252196499,
      "last_seen_ts_ns": 1233170846189
    },
    {
      "tgid": 5961,
      "comm": "containerd-shim",
      "cgroup_id": 4085,
      "wait_duration_stats_ns": {
        "count": 72.0,
        "sum": 306806977598.00006,
        "mean": 4261208022.194445,
        "median": 632907065.6624401,
        "min": 1567,
        "max": 30000144869,
        "variance_ns2": 6.152580455625166e+19,
        "iqr_ns": 5200228270.555077,
        "q1_ns": 2090587.1580999163,
        "q3_ns": 5202318857.713177
      },
      "futex_op_counts": {
        "128": 72
      },
      "first_seen_ts_ns": 1166965490919,
      "last_seen_ts_ns": 1227347345537
    },
    {
      "tgid": 5724,
      "comm": "containerd-shim",
      "cgroup_id": 4085,
      "wait_duration_stats_ns": {
        "count": 79.0,
        "sum": 306805847575.0001,
        "mean": 3883618323.7341785,
        "median": 368157900.933404,
        "min": 475,
        "max": 29999228901,
        "variance_ns2": 5.765812890652099e+19,
        "iqr_ns": 4268116454.6414704,
        "q1_ns": 16499328.765134528,
        "q3_ns": 4284615783.406605
      },
      "futex_op_counts": {
        "128": 79
      },
      "first_seen_ts_ns": 1166966684162,
      "last_seen_ts_ns": 1227347884653
    },
    {
      "tgid": 5642,
      "comm": "containerd-shim",
      "cgroup_id": 4085,
      "wait_duration_stats_ns": {
        "count": 77.0,
        "sum": 306786162118.9998,
        "mean": 3984235871.6753225,
        "median": 303467767.477066,
        "min": 560,
        "max": 29998425448,
        "variance_ns2": 5.115997691168426e+19,
        "iqr_ns": 4587376844.199707,
        "q1_ns": 14495538.075484103,
        "q3_ns": 4601872382.275191
      },
      "futex_op_counts": {
        "128": 77
      },
      "first_seen_ts_ns": 1166964206020,
      "last_seen_ts_ns": 1227346445840
    },
    {
      "tgid": 6187,
      "comm": "metrics-server",
      "cgroup_id": 5851,
      "wait_duration_stats_ns": {
        "count": 1295.0,
        "sum": 303603001672.0001,
        "mean": 234442472.3335908,
        "median": 106807415.45808363,
        "min": 778,
        "max": 40011859964,
        "variance_ns2": 1.8985759195286098e+18,
        "iqr_ns": 145817790.6203584,
        "q1_ns": 67070366.66213949,
        "q3_ns": 212888157.28249788
      },
      "futex_op_counts": {
        "128": 1295
      },
      "first_seen_ts_ns": 1161726405002,
      "last_seen_ts_ns": 1233034128258
    },
    {
      "tgid": 5720,
      "comm": "containerd-shim",
      "cgroup_id": 4085,
      "wait_duration_stats_ns": {
        "count": 66.0,
        "sum": 276783421735.99994,
        "mean": 4193688208.121211,
        "median": 857648160.0563942,
        "min": 474,
        "max": 30001477341,
        "variance_ns2": 5.4034164139964e+19,
        "iqr_ns": 4703625953.235711,
        "q1_ns": 50436435.907560796,
        "q3_ns": 4754062389.143271
      },
      "futex_op_counts": {
        "128": 66
      },
      "first_seen_ts_ns": 1166963435178,
      "last_seen_ts_ns": 1227345921132
    },
    {
      "tgid": 4983,
      "comm": "aws-k8s-agent",
      "cgroup_id": 5011,
      "wait_duration_stats_ns": {
        "count": 266.0,
        "sum": 263487912485.9999,
        "mean": 990556061.9774432,
        "median": 101075178.27649757,
        "min": 8489,
        "max": 30001485686,
        "variance_ns2": 7.421220944635811e+18,
        "iqr_ns": 1173885185.2187147,
        "q1_ns": 303336.4701974419,
        "q3_ns": 1174188521.6889122
      },
      "futex_op_counts": {
        "128": 266
      },
      "first_seen_ts_ns": 1162295790607,
      "last_seen_ts_ns": 1231297036234
    },
    {
      "tgid": 6191,
      "comm": "metrics-server",
      "cgroup_id": 5921,
      "wait_duration_stats_ns": {
        "count": 1160.0,
        "sum": 256825812061.0003,
        "mean": 221401562.121552,
        "median": 95218692.70669207,
        "min": 8046,
        "max": 29999279400,
        "variance_ns2": 1.2317525911499937e+18,
        "iqr_ns": 168907533.0573406,
        "q1_ns": 30194760.476357393,
        "q3_ns": 199102293.533698
      },
      "futex_op_counts": {
        "128": 1160
      },
      "first_seen_ts_ns": 1161726323601,
      "last_seen_ts_ns": 1232866617068
    },
    {
      "tgid": 4546,
      "comm": "containerd-shim",
      "cgroup_id": 4085,
      "wait_duration_stats_ns": {
        "count": 60.0,
        "sum": 246814336514.00003,
        "mean": 4113572275.233334,
        "median": 1526752413.105891,
        "min": 15712,
        "max": 29998532216,
        "variance_ns2": 4.183686030801782e+19,
        "iqr_ns": 6440769403.455716,
        "q1_ns": 58670479.17693408,
        "q3_ns": 6499439882.63265
      },
      "futex_op_counts": {
        "128": 60
      },
      "first_seen_ts_ns": 1166965346776,
      "last_seen_ts_ns": 1227348346358
    },
    {
      "tgid": 4427,
      "comm": "ssm-agent-worke",
      "cgroup_id": 3429,
      "wait_duration_stats_ns": {
        "count": 235.0,
        "sum": 246058957521.00027,
        "mean": 1047059393.7063842,
        "median": 579191938.515744,
        "min": 8433,
        "max": 32304848648,
        "variance_ns2": 1.0657828691308048e+19,
        "iqr_ns": 791017242.2765659,
        "q1_ns": 27929494.163514756,
        "q3_ns": 818946736.4400806
      },
      "futex_op_counts": {
        "128": 235
      },
      "first_seen_ts_ns": 1166563607842,
      "last_seen_ts_ns": 1233157303574
    },
    {
      "tgid": 4303,
      "comm": "amazon-ssm-agen",
      "cgroup_id": 3429,
      "wait_duration_stats_ns": {
        "count": 30.0,
        "sum": 246020800122.99994,
        "mean": 8200693337.4333315,
        "median": 417198142.57002056,
        "min": 901,
        "max": 60014293069,
        "variance_ns2": 4.2729480650964723e+20,
        "iqr_ns": 5857769947.834991,
        "q1_ns": 33399972.966201264,
        "q3_ns": 5891169920.801192
      },
      "futex_op_counts": {
        "128": 30
      },
      "first_seen_ts_ns": 1170850514741,
      "last_seen_ts_ns": 1232866280840
    },
    {
      "tgid": 7250,
      "comm": "manager",
      "cgroup_id": 6249,
      "wait_duration_stats_ns": {
        "count": 561.0,
        "sum": 239183197413.99982,
        "mean": 426351510.54188913,
        "median": 310020967.206709,
        "min": 772,
        "max": 28924870474,
        "variance_ns2": 1.8663188818834122e+18,
        "iqr_ns": 481620054.2519052,
        "q1_ns": 18354852.422876522,
        "q3_ns": 499974906.67478174
      },
      "futex_op_counts": {
        "128": 561
      },
      "first_seen_ts_ns": 1161935736749,
      "last_seen_ts_ns": 1232936457013
    },
    {
      "tgid": 4697,
      "comm": "kube-proxy",
      "cgroup_id": 4871,
      "wait_duration_stats_ns": {
        "count": 61.0,
        "sum": 221651067291.99994,
        "mean": 3633624053.967212,
        "median": 2224247201.2489157,
        "min": 29172,
        "max": 29989999395,
        "variance_ns2": 3.2085769698938212e+19,
        "iqr_ns": 4621017754.531032,
        "q1_ns": 640210673.342109,
        "q3_ns": 5261228427.87314
      },
      "futex_op_counts": {
        "128": 61
      },
      "first_seen_ts_ns": 1167430045313,
      "last_seen_ts_ns": 1232427814430
    },
    {
      "tgid": 7070,
      "comm": "containerd-shim",
      "cgroup_id": 4085,
      "wait_duration_stats_ns": {
        "count": 114.0,
        "sum": 216810145594.00006,
        "mean": 1901843382.4035094,
        "median": 64828680.69802507,
        "min": 685,
        "max": 30001722472,
        "variance_ns2": 1.7833230044619119e+19,
        "iqr_ns": 1367128371.4001667,
        "q1_ns": 569325.864520276,
        "q3_ns": 1367697697.264687
      },
      "futex_op_counts": {
        "128": 114
      },
      "first_seen_ts_ns": 1166968696767,
      "last_seen_ts_ns": 1227349279943
    },
    {
      "tgid": 7155,
      "comm": "kube-rbac-proxy",
      "cgroup_id": 6179,
      "wait_duration_stats_ns": {
        "count": 37.0,
        "sum": 209779168068.99997,
        "mean": 5669707245.108108,
        "median": 4995689506.705451,
        "min": 4971528629,
        "max": 15009731311,
        "variance_ns2": 4.4033638486324326e+18,
        "iqr_ns": 14541600.473901749,
        "q1_ns": 4992279077.754432,
        "q3_ns": 5006820678.228333
      },
      "futex_op_counts": {
        "128": 37
      },
      "first_seen_ts_ns": 1167130051754,
      "last_seen_ts_ns": 1232121639302
    },
    {
      "tgid": 5119,
      "comm": "controller",
      "cgroup_id": 5081,
      "wait_duration_stats_ns": {
        "count": 294.0,
        "sum": 203174397753.00018,
        "mean": 691069380.1122456,
        "median": 491221423.3354696,
        "min": 1998,
        "max": 10003150122,
        "variance_ns2": 2.0042687865438057e+18,
        "iqr_ns": 17287166.872312248,
        "q1_ns": 483836042.07872736,
        "q3_ns": 501123208.9510396
      },
      "futex_op_counts": {
        "128": 294
      },
      "first_seen_ts_ns": 1162301978617,
      "last_seen_ts_ns": 1232802802151
    },
    {
      "tgid": 4966,
      "comm": "aws-vpc-cni",
      "cgroup_id": 5011,
      "wait_duration_stats_ns": {
        "count": 1.0,
        "sum": 60001267652.0,
        "mean": 60001267652.0,
        "median": 60001267652.0,
        "min": 60001267652,
        "max": 60001267652,
        "variance_ns2": null,
        "iqr_ns": 0.0,
        "q1_ns": 60001267652.0,
        "q3_ns": 60001267652.0
      },
      "futex_op_counts": {
        "128": 1
      },
      "first_seen_ts_ns": 1223541475180,
      "last_seen_ts_ns": 1223541475180
    },
    {
      "tgid": 29795,
      "comm": "runc",
      "cgroup_id": 4085,
      "wait_duration_stats_ns": {
        "count": 258.0,
        "sum": 4573166394.0,
        "mean": 17725451.139534883,
        "median": 4700585.524181634,
        "min": 1308,
        "max": 247674988,
        "variance_ns2": 2392599872458524.0,
        "iqr_ns": 14557361.187639516,
        "q1_ns": 135449.05340229924,
        "q3_ns": 14692810.241041815
      },
      "futex_op_counts": {
        "128": 258
      },
      "first_seen_ts_ns": 1170210040338,
      "last_seen_ts_ns": 1170653382210
    },
    {
      "tgid": 29944,
      "comm": "runc",
      "cgroup_id": 4085,
      "wait_duration_stats_ns": {
        "count": 306.0,
        "sum": 4028879448.9999995,
        "mean": 13166272.709150326,
        "median": 458338.210680536,
        "min": 586,
        "max": 301383479,
        "variance_ns2": 1931246464347317.0,
        "iqr_ns": 16671987.013024535,
        "q1_ns": 62836.961543906866,
        "q3_ns": 16734823.974568442
      },
      "futex_op_counts": {
        "128": 306
      },
      "first_seen_ts_ns": 1193780051367,
      "last_seen_ts_ns": 1194211493369
    },
    {
      "tgid": 30067,
      "comm": "runc",
      "cgroup_id": 4085,
      "wait_duration_stats_ns": {
        "count": 311.0,
        "sum": 3904446743.999999,
        "mean": 12554491.138263663,
        "median": 3310383.8515801886,
        "min": 1792,
        "max": 367056985,
        "variance_ns2": 2300966167300677.0,
        "iqr_ns": 13113906.095826296,
        "q1_ns": 91474.0463091614,
        "q3_ns": 13205380.142135458
      },
      "futex_op_counts": {
        "128": 311
      },
      "first_seen_ts_ns": 1213770046294,
      "last_seen_ts_ns": 1214177512224
    },
    {
      "tgid": 30041,
      "comm": "runc",
      "cgroup_id": 4085,
      "wait_duration_stats_ns": {
        "count": 325.0,
        "sum": 3451085816.9999995,
        "mean": 10618725.59076923,
        "median": 3623969.33978491,
        "min": 1774,
        "max": 435688979,
        "variance_ns2": 1966016969644085.8,
        "iqr_ns": 13028455.181495126,
        "q1_ns": 46669.96326788943,
        "q3_ns": 13075125.144763015
      },
      "futex_op_counts": {
        "128": 325
      },
      "first_seen_ts_ns": 1210195499365,
      "last_seen_ts_ns": 1210715906227
    },
    {
      "tgid": 29991,
      "comm": "runc",
      "cgroup_id": 4085,
      "wait_duration_stats_ns": {
        "count": 326.0,
        "sum": 2505418554.9999995,
        "mean": 7685332.990797544,
        "median": 1934585.0792306836,
        "min": 14396,
        "max": 380506442,
        "variance_ns2": 1669446684875964.8,
        "iqr_ns": 10649403.115672287,
        "q1_ns": 33162.98841364512,
        "q3_ns": 10682566.104085932
      },
      "futex_op_counts": {
        "128": 326
      },
      "first_seen_ts_ns": 1203760042982,
      "last_seen_ts_ns": 1204210630172
    },
    {
      "tgid": 29921,
      "comm": "runc",
      "cgroup_id": 4085,
      "wait_duration_stats_ns": {
        "count": 348.0,
        "sum": 2117831915.9999998,
        "mean": 6085723.896551724,
        "median": 226981.53279745116,
        "min": 6710,
        "max": 296562090,
        "variance_ns2": 1165061901613479.5,
        "iqr_ns": 11626102.235026814,
        "q1_ns": 29832.215394915926,
        "q3_ns": 11655934.45042173
      },
      "futex_op_counts": {
        "128": 348
      },
      "first_seen_ts_ns": 1190230039356,
      "last_seen_ts_ns": 1190540845137
    },
    {
      "tgid": 29825,
      "comm": "runc",
      "cgroup_id": 4085,
      "wait_duration_stats_ns": {
        "count": 241.0,
        "sum": 1550849147.0000002,
        "mean": 6435058.701244814,
        "median": 1050741.5698042614,
        "min": 2499,
        "max": 191012389,
        "variance_ns2": 602827834675742.9,
        "iqr_ns": 3169078.9743969217,
        "q1_ns": 46917.930335881676,
        "q3_ns": 3215996.9047328033
      },
      "futex_op_counts": {
        "128": 241
      },
      "first_seen_ts_ns": 1173760041102,
      "last_seen_ts_ns": 1174031344052
    },
    {
      "tgid": 29846,
      "comm": "runc",
      "cgroup_id": 4085,
      "wait_duration_stats_ns": {
        "count": 339.0,
        "sum": 1549392775.0000005,
        "mean": 4570480.162241889,
        "median": 593094.9853011008,
        "min": 666,
        "max": 162076539,
        "variance_ns2": 406764400484392.9,
        "iqr_ns": 1628771.614389941,
        "q1_ns": 31222.914871519213,
        "q3_ns": 1659994.5292614603
      },
      "futex_op_counts": {
        "128": 339
      },
      "first_seen_ts_ns": 1180230041883,
      "last_seen_ts_ns": 1180431548294
    },
    {
      "tgid": 30094,
      "comm": "runc",
      "cgroup_id": 4085,
      "wait_duration_stats_ns": {
        "count": 209.0,
        "sum": 1429654469.0,
        "mean": 6840452.004784689,
        "median": 359568.1817453381,
        "min": 707,
        "max": 236725831,
        "variance_ns2": 1156456364941592.2,
        "iqr_ns": 2557748.372246069,
        "q1_ns": 91255.65954875945,
        "q3_ns": 2649004.0317948284
      },
      "futex_op_counts": {
        "128": 209
      },
      "first_seen_ts_ns": 1220210052373,
      "last_seen_ts_ns": 1220460833909
    },
    {
      "tgid": 29769,
      "comm": "xhpcg",
      "cgroup_id": 12818,
      "wait_duration_stats_ns": {
        "count": 207.0,
        "sum": 1370904892.9999998,
        "mean": 6622728.95169082,
        "median": 5209563.5279950155,
        "min": 30440,
        "max": 53159926,
        "variance_ns2": 47540977841203.76,
        "iqr_ns": 6560418.521932333,
        "q1_ns": 1792395.9784741579,
        "q3_ns": 8352814.500406491
      },
      "futex_op_counts": {
        "128": 207
      },
      "first_seen_ts_ns": 1166859889616,
      "last_seen_ts_ns": 1185411636847
    },
    {
      "tgid": 29772,
      "comm": "xhpcg",
      "cgroup_id": 12818,
      "wait_duration_stats_ns": {
        "count": 199.0,
        "sum": 1356942207.0000007,
        "mean": 6818805.060301511,
        "median": 5497373.442153384,
        "min": 26821,
        "max": 52418005,
        "variance_ns2": 53765487281102.91,
        "iqr_ns": 7413460.6577202305,
        "q1_ns": 1777365.7404428662,
        "q3_ns": 9190826.398163097
      },
      "futex_op_counts": {
        "128": 199
      },
      "first_seen_ts_ns": 1166859887658,
      "last_seen_ts_ns": 1185411639865
    },
    {
      "tgid": 29771,
      "comm": "xhpcg",
      "cgroup_id": 12818,
      "wait_duration_stats_ns": {
        "count": 204.0,
        "sum": 1347095990.0000005,
        "mean": 6603411.715686277,
        "median": 5804049.782048232,
        "min": 2540,
        "max": 52651428,
        "variance_ns2": 50001616443279.805,
        "iqr_ns": 7802412.821269195,
        "q1_ns": 1453124.5561335173,
        "q3_ns": 9255537.377402712
      },
      "futex_op_counts": {
        "128": 204
      },
      "first_seen_ts_ns": 1166859902559,
      "last_seen_ts_ns": 1185411665932
    },
    {
      "tgid": 29776,
      "comm": "xhpcg",
      "cgroup_id": 12818,
      "wait_duration_stats_ns": {
        "count": 210.0,
        "sum": 1344075457.0000002,
        "mean": 6400359.3190476205,
        "median": 5174581.424134949,
        "min": 21904,
        "max": 48812574,
        "variance_ns2": 45436714905628.086,
        "iqr_ns": 8721102.184275888,
        "q1_ns": 1472991.3022408301,
        "q3_ns": 10194093.486516718
      },
      "futex_op_counts": {
        "128": 210
      },
      "first_seen_ts_ns": 1166860019639,
      "last_seen_ts_ns": 1185411736816
    },
    {
      "tgid": 29770,
      "comm": "xhpcg",
      "cgroup_id": 12818,
      "wait_duration_stats_ns": {
        "count": 211.0,
        "sum": 1334603613.9999998,
        "mean": 6325135.611374406,
        "median": 5472529.313145282,
        "min": 26274,
        "max": 52525786,
        "variance_ns2": 47033993211256.16,
        "iqr_ns": 5704693.4157897625,
        "q1_ns": 1726158.3221374839,
        "q3_ns": 7430851.737927246
      },
      "futex_op_counts": {
        "128": 211
      },
      "first_seen_ts_ns": 1166859943833,
      "last_seen_ts_ns": 1185411655402
    },
    {
      "tgid": 29900,
      "comm": "xhpcg",
      "cgroup_id": 12818,
      "wait_duration_stats_ns": {
        "count": 171.0,
        "sum": 1332603265.0000002,
        "mean": 7793001.549707604,
        "median": 5757099.149373834,
        "min": 42432,
        "max": 49864923,
        "variance_ns2": 62618856062593.75,
        "iqr_ns": 7710483.651459919,
        "q1_ns": 2382428.3294253442,
        "q3_ns": 10092911.980885264
      },
      "futex_op_counts": {
        "128": 171
      },
      "first_seen_ts_ns": 1186037246091,
      "last_seen_ts_ns": 1204355842055
    },
    {
      "tgid": 29898,
      "comm": "xhpcg",
      "cgroup_id": 12818,
      "wait_duration_stats_ns": {
        "count": 178.0,
        "sum": 1330018395.0000002,
        "mean": 7472013.455056181,
        "median": 5615027.222202441,
        "min": 30858,
        "max": 50062330,
        "variance_ns2": 49826326815057.97,
        "iqr_ns": 5906603.226906365,
        "q1_ns": 2932986.004291769,
        "q3_ns": 8839589.231198134
      },
      "futex_op_counts": {
        "128": 178
      },
      "first_seen_ts_ns": 1186037106534,
      "last_seen_ts_ns": 1204355982556
    },
    {
      "tgid": 29773,
      "comm": "xhpcg",
      "cgroup_id": 12818,
      "wait_duration_stats_ns": {
        "count": 200.0,
        "sum": 1325705675.0000007,
        "mean": 6628528.375000004,
        "median": 5639355.328137231,
        "min": 2080,
        "max": 52423039,
        "variance_ns2": 47889792729904.875,
        "iqr_ns": 7865170.611127525,
        "q1_ns": 1470940.2084098842,
        "q3_ns": 9336110.819537409
      },
      "futex_op_counts": {
        "128": 200
      },
      "first_seen_ts_ns": 1166860036897,
      "last_seen_ts_ns": 1185411644745
    },
    {
      "tgid": 29904,
      "comm": "xhpcg",
      "cgroup_id": 12818,
      "wait_duration_stats_ns": {
        "count": 170.0,
        "sum": 1311014415.9999998,
        "mean": 7711849.505882352,
        "median": 5490265.180053425,
        "min": 41561,
        "max": 50187823,
        "variance_ns2": 61117842425579.66,
        "iqr_ns": 11877345.108453462,
        "q1_ns": 2165657.7359827566,
        "q3_ns": 14043002.844436219
      },
      "futex_op_counts": {
        "128": 170
      },
      "first_seen_ts_ns": 1186037171632,
      "last_seen_ts_ns": 1204355856234
    },
    {
      "tgid": 30017,
      "comm": "xhpcg",
      "cgroup_id": 12818,
      "wait_duration_stats_ns": {
        "count": 182.0,
        "sum": 1309739704.0000005,
        "mean": 7196372.000000003,
        "median": 6100681.137718536,
        "min": 21456,
        "max": 48965762,
        "variance_ns2": 47323539906945.65,
        "iqr_ns": 6294927.040770778,
        "q1_ns": 3072668.138297625,
        "q3_ns": 9367595.179068403
      },
      "futex_op_counts": {
        "128": 182
      },
      "first_seen_ts_ns": 1204982662558,
      "last_seen_ts_ns": 1223749753191
    },
    {
      "tgid": 29768,
      "comm": "xhpcg",
      "cgroup_id": 12818,
      "wait_duration_stats_ns": {
        "count": 186.0,
        "sum": 1308386561.9999995,
        "mean": 7034336.3548387075,
        "median": 4920871.089238378,
        "min": 82637,
        "max": 52403856,
        "variance_ns2": 57619358926074.164,
        "iqr_ns": 11002555.245918782,
        "q1_ns": 1310077.5897329536,
        "q3_ns": 12312632.835651737
      },
      "futex_op_counts": {
        "128": 186
      },
      "first_seen_ts_ns": 1166860058456,
      "last_seen_ts_ns": 1185411641592
    },
    {
      "tgid": 30020,
      "comm": "xhpcg",
      "cgroup_id": 12818,
      "wait_duration_stats_ns": {
        "count": 174.0,
        "sum": 1303903951.0,
        "mean": 7493700.8678160915,
        "median": 5994024.988298424,
        "min": 2928,
        "max": 48913737,
        "variance_ns2": 51834619937718.664,
        "iqr_ns": 7485089.916594723,
        "q1_ns": 3064772.329967445,
        "q3_ns": 10549862.246562168
      },
      "futex_op_counts": {
        "128": 174
      },
      "first_seen_ts_ns": 1204982496085,
      "last_seen_ts_ns": 1223749891398
    },
    {
      "tgid": 29932,
      "comm": "runc:[2:INIT]",
      "cgroup_id": 5011,
      "wait_duration_stats_ns": {
        "count": 28.0,
        "sum": 1292324403.0,
        "mean": 46154442.96428572,
        "median": 21912517.140310466,
        "min": 24449,
        "max": 179828109,
        "variance_ns2": 2766184119673864.5,
        "iqr_ns": 30806967.571362294,
        "q1_ns": 14307623.269465327,
        "q3_ns": 45114590.84082762
      },
      "futex_op_counts": {
        "128": 28
      },
      "first_seen_ts_ns": 1190290038103,
      "last_seen_ts_ns": 1190560044973
    },
    {
      "tgid": 30021,
      "comm": "xhpcg",
      "cgroup_id": 12818,
      "wait_duration_stats_ns": {
        "count": 169.0,
        "sum": 1288697904.0000005,
        "mean": 7625431.384615387,
        "median": 5446777.333008211,
        "min": 77433,
        "max": 48949726,
        "variance_ns2": 53165940648036.41,
        "iqr_ns": 7652934.767340164,
        "q1_ns": 3138866.7817406664,
        "q3_ns": 10791801.54908083
      },
      "futex_op_counts": {
        "128": 169
      },
      "first_seen_ts_ns": 1204982600811,
      "last_seen_ts_ns": 1223749756463
    },
    {
      "tgid": 29778,
      "comm": "xhpcg",
      "cgroup_id": 12818,
      "wait_duration_stats_ns": {
        "count": 183.0,
        "sum": 1286711618.9999998,
        "mean": 7031211.032786884,
        "median": 5059860.693705869,
        "min": 20218,
        "max": 52496694,
        "variance_ns2": 57389673807140.55,
        "iqr_ns": 11183349.56610659,
        "q1_ns": 1200657.2481530204,
        "q3_ns": 12384006.81425961
      },
      "futex_op_counts": {
        "128": 183
      },
      "first_seen_ts_ns": 1166860019016,
      "last_seen_ts_ns": 1185411639263
    },
    {
      "tgid": 30023,
      "comm": "xhpcg",
      "cgroup_id": 12818,
      "wait_duration_stats_ns": {
        "count": 159.0,
        "sum": 1284958767.0,
        "mean": 8081501.679245283,
        "median": 5879808.368208506,
        "min": 42482,
        "max": 48777950,
        "variance_ns2": 55622505629551.1,
        "iqr_ns": 11090609.115535406,
        "q1_ns": 3305734.9970095125,
        "q3_ns": 14396344.112544918
      },
      "futex_op_counts": {
        "128": 159
      },
      "first_seen_ts_ns": 1204982645688,
      "last_seen_ts_ns": 1223749778019
    },
    {
      "tgid": 29895,
      "comm": "xhpcg",
      "cgroup_id": 12818,
      "wait_duration_stats_ns": {
        "count": 162.0,
        "sum": 1282065253.9999998,
        "mean": 7913983.049382715,
        "median": 5433751.895513537,
        "min": 17874,
        "max": 50054273,
        "variance_ns2": 67121154653687.75,
        "iqr_ns": 9720938.764285868,
        "q1_ns": 1621497.6253301993,
        "q3_ns": 11342436.389616067
      },
      "futex_op_counts": {
        "128": 162
      },
      "first_seen_ts_ns": 1186037272992,
      "last_seen_ts_ns": 1204355988183
    },
    {
      "tgid": 30022,
      "comm": "xhpcg",
      "cgroup_id": 12818,
      "wait_duration_stats_ns": {
        "count": 152.0,
        "sum": 1275210832.0000002,
        "mean": 8389544.947368423,
        "median": 6041344.557203118,
        "min": 124478,
        "max": 48828346,
        "variance_ns2": 63292086026491.164,
        "iqr_ns": 12418688.220689088,
        "q1_ns": 2915919.420344924,
        "q3_ns": 15334607.641034013
      },
      "futex_op_counts": {
        "128": 152
      },
      "first_seen_ts_ns": 1204982551572,
      "last_seen_ts_ns": 1223750197576
    },
    {
      "tgid": 30019,
      "comm": "xhpcg",
      "cgroup_id": 12818,
      "wait_duration_stats_ns": {
        "count": 150.0,
        "sum": 1271530531.000001,
        "mean": 8476870.206666673,
        "median": 6018914.160331082,
        "min": 25796,
        "max": 48772142,
        "variance_ns2": 64193986783797.88,
        "iqr_ns": 13191762.531863594,
        "q1_ns": 2236836.4739474007,
        "q3_ns": 15428599.005810995
      },
      "futex_op_counts": {
        "128": 150
      },
      "first_seen_ts_ns": 1204982769037,
      "last_seen_ts_ns": 1223749750290
    },
    {
      "tgid": 29970,
      "comm": "runc",
      "cgroup_id": 4085,
      "wait_duration_stats_ns": {
        "count": 221.0,
        "sum": 1271299300.0000002,
        "mean": 5752485.520361992,
        "median": 248144.8919294027,
        "min": 8048,
        "max": 264338093,
        "variance_ns2": 1076487343129294.0,
        "iqr_ns": 7422448.537507626,
        "q1_ns": 29228.86434506043,
        "q3_ns": 7451677.401852687
      },
      "futex_op_counts": {
        "128": 221
      },
      "first_seen_ts_ns": 1200210042801,
      "last_seen_ts_ns": 1200480688160
    },
    {
      "tgid": 29902,
      "comm": "xhpcg",
      "cgroup_id": 12818,
      "wait_duration_stats_ns": {
        "count": 157.0,
        "sum": 1269566280.0000002,
        "mean": 8086409.426751593,
        "median": 5863809.867306416,
        "min": 50247,
        "max": 50415335,
        "variance_ns2": 67193583588019.98,
        "iqr_ns": 7982269.046107254,
        "q1_ns": 2471330.448359496,
        "q3_ns": 10453599.49446675
      },
      "futex_op_counts": {
        "128": 157
      },
      "first_seen_ts_ns": 1186037367263,
      "last_seen_ts_ns": 1204355875746
    },
    {
      "tgid": 30027,
      "comm": "xhpcg",
      "cgroup_id": 12818,
      "wait_duration_stats_ns": {
        "count": 152.0,
        "sum": 1263082146.0000002,
        "mean": 8309750.960526317,
        "median": 5819069.805731171,
        "min": 13168,
        "max": 48807218,
        "variance_ns2": 60109386234856.016,
        "iqr_ns": 12463904.068952452,
        "q1_ns": 2977427.156382146,
        "q3_ns": 15441331.225334598
      },
      "futex_op_counts": {
        "128": 152
      },
      "first_seen_ts_ns": 1204982863731,
      "last_seen_ts_ns": 1223751620849
    },
    {
      "tgid": 29896,
      "comm": "xhpcg",
      "cgroup_id": 12818,
      "wait_duration_stats_ns": {
        "count": 160.0,
        "sum": 1261228846.0000005,
        "mean": 7882680.287500002,
        "median": 5801724.89783526,
        "min": 3574,
        "max": 49903808,
        "variance_ns2": 65404015826779.695,
        "iqr_ns": 9589546.84015201,
        "q1_ns": 1992763.6151963114,
        "q3_ns": 11582310.455348322
      },
      "futex_op_counts": {
        "128": 160
      },
      "first_seen_ts_ns": 1186037185988,
      "last_seen_ts_ns": 1204355840704
    },
    {
      "tgid": 29897,
      "comm": "xhpcg",
      "cgroup_id": 12818,
      "wait_duration_stats_ns": {
        "count": 151.0,
        "sum": 1255027089.0,
        "mean": 8311437.675496689,
        "median": 5884524.999342256,
        "min": 11732,
        "max": 49965178,
        "variance_ns2": 71745071544570.73,
        "iqr_ns": 9940741.295408066,
        "q1_ns": 1950446.8770181367,
        "q3_ns": 11891188.172426203
      },
      "futex_op_counts": {
        "128": 151
      },
      "first_seen_ts_ns": 1186037199260,
      "last_seen_ts_ns": 1204356858287
    },
    {
      "tgid": 29899,
      "comm": "xhpcg",
      "cgroup_id": 12818,
      "wait_duration_stats_ns": {
        "count": 153.0,
        "sum": 1254325031.0000005,
        "mean": 8198202.8169934675,
        "median": 5665465.085039389,
        "min": 20048,
        "max": 48772180,
        "variance_ns2": 68598929421694.94,
        "iqr_ns": 12449466.378504107,
        "q1_ns": 2455974.034278003,
        "q3_ns": 14905440.41278211
      },
      "futex_op_counts": {
        "128": 153
      },
      "first_seen_ts_ns": 1186037530166,
      "last_seen_ts_ns": 1204355982154
    },
    {
      "tgid": 29870,
      "comm": "runc",
      "cgroup_id": 4085,
      "wait_duration_stats_ns": {
        "count": 229.0,
        "sum": 1245882279.0,
        "mean": 5440533.969432315,
        "median": 322952.1325089288,
        "min": 6500,
        "max": 220294533,
        "variance_ns2": 724643402017671.5,
        "iqr_ns": 2005983.467171069,
        "q1_ns": 49535.14318201855,
        "q3_ns": 2055518.6103530875
      },
      "futex_op_counts": {
        "128": 229
      },
      "first_seen_ts_ns": 1183752234790,
      "last_seen_ts_ns": 1183980624055
    },
    {
      "tgid": 30018,
      "comm": "xhpcg",
      "cgroup_id": 12818,
      "wait_duration_stats_ns": {
        "count": 146.0,
        "sum": 1223387064.0,
        "mean": 8379363.452054794,
        "median": 5642061.300608018,
        "min": 48793,
        "max": 48784671,
        "variance_ns2": 60765775546186.15,
        "iqr_ns": 12712504.679742932,
        "q1_ns": 2777215.0588722154,
        "q3_ns": 15489719.738615148
      },
      "futex_op_counts": {
        "128": 146
      },
      "first_seen_ts_ns": 1204982559879,
      "last_seen_ts_ns": 1223749752846
    },
    {
      "tgid": 30001,
      "comm": "runc:[2:INIT]",
      "cgroup_id": 5011,
      "wait_duration_stats_ns": {
        "count": 29.0,
        "sum": 1205318202.0000002,
        "mean": 41562696.62068966,
        "median": 18051955.109564092,
        "min": 11192,
        "max": 200308267,
        "variance_ns2": 3503487538848843.0,
        "iqr_ns": 20411777.794495177,
        "q1_ns": 14799737.859047618,
        "q3_ns": 35211515.653542794
      },
      "futex_op_counts": {
        "128": 29
      },
      "first_seen_ts_ns": 1203970102643,
      "last_seen_ts_ns": 1204220083712
    },
    {
      "tgid": 30104,
      "comm": "runc:[2:INIT]",
      "cgroup_id": 5011,
      "wait_duration_stats_ns": {
        "count": 31.0,
        "sum": 1004959881.0000001,
        "mean": 32418060.677419357,
        "median": 6678983.95103679,
        "min": 8989,
        "max": 193549288,
        "variance_ns2": 3517704762304730.0,
        "iqr_ns": 20275468.088908177,
        "q1_ns": 1684740.8488547995,
        "q3_ns": 21960208.937762976
      },
      "futex_op_counts": {
        "128": 31
      },
      "first_seen_ts_ns": 1220260045651,
      "last_seen_ts_ns": 1220470689325
    },
    {
      "tgid": 29959,
      "comm": "runc:[2:INIT]",
      "cgroup_id": 5011,
      "wait_duration_stats_ns": {
        "count": 23.0,
        "sum": 938510065.0,
        "mean": 40804785.43478261,
        "median": 9807055.52224919,
        "min": 271000,
        "max": 165206089,
        "variance_ns2": 4247366054712404.5,
        "iqr_ns": 71789612.1904001,
        "q1_ns": 6248005.566059083,
        "q3_ns": 78037617.75645918
      },
      "futex_op_counts": {
        "128": 23
      },
      "first_seen_ts_ns": 1194030043763,
      "last_seen_ts_ns": 1194217220396
    },
    {
      "tgid": 30052,
      "comm": "runc:[2:INIT]",
      "cgroup_id": 5011,
      "wait_duration_stats_ns": {
        "count": 24.0,
        "sum": 912906012.0,
        "mean": 38037750.5,
        "median": 12358293.602891099,
        "min": 26817,
        "max": 184983051,
        "variance_ns2": 3259411638881243.0,
        "iqr_ns": 50205113.21795647,
        "q1_ns": 5373792.11152378,
        "q3_ns": 55578905.329480246
      },
      "futex_op_counts": {
        "128": 24
      },
      "first_seen_ts_ns": 1210530047611,
      "last_seen_ts_ns": 1210724731531
    },
    {
      "tgid": 29812,
      "comm": "runc:[2:INIT]",
      "cgroup_id": 5011,
      "wait_duration_stats_ns": {
        "count": 22.0,
        "sum": 823573144.0000001,
        "mean": 37435142.909090914,
        "median": 3618056.55487262,
        "min": 25961,
        "max": 162472566,
        "variance_ns2": 4307365373858631.5,
        "iqr_ns": 61071834.26210046,
        "q1_ns": 661109.3950617283,
        "q3_ns": 61732943.65716219
      },
      "futex_op_counts": {
        "128": 22
      },
      "first_seen_ts_ns": 1170479687663,
      "last_seen_ts_ns": 1170660061990
    },
    {
      "tgid": 29979,
      "comm": "runc:[2:INIT]",
      "cgroup_id": 5011,
      "wait_duration_stats_ns": {
        "count": 45.0,
        "sum": 766954397.0,
        "mean": 17043431.044444446,
        "median": 7762310.1785106305,
        "min": 1547,
        "max": 145502801,
        "variance_ns2": 1326105064631773.5,
        "iqr_ns": 18157810.07587745,
        "q1_ns": 903594.0793879037,
        "q3_ns": 19061404.155265354
      },
      "futex_op_counts": {
        "128": 45
      },
      "first_seen_ts_ns": 1200294650953,
      "last_seen_ts_ns": 1200500059135
    },
    {
      "tgid": 30117,
      "comm": "runc",
      "cgroup_id": 4085,
      "wait_duration_stats_ns": {
        "count": 396.0,
        "sum": 763830165.9999999,
        "mean": 1928864.0555555553,
        "median": 52371.78920694791,
        "min": 774,
        "max": 128074734,
        "variance_ns2": 220825065858236.97,
        "iqr_ns": 335118.15432165074,
        "q1_ns": 13911.20903713876,
        "q3_ns": 349029.3633587895
      },
      "futex_op_counts": {
        "128": 396
      },
      "first_seen_ts_ns": 1223750372985,
      "last_seen_ts_ns": 1223882190897
    },
    {
      "tgid": 29880,
      "comm": "runc:[2:INIT]",
      "cgroup_id": 5011,
      "wait_duration_stats_ns": {
        "count": 24.0,
        "sum": 674621988.0,
        "mean": 28109249.5,
        "median": 11281079.350870308,
        "min": 38563,
        "max": 139982286,
        "variance_ns2": 1670366929223257.5,
        "iqr_ns": 21110447.572397508,
        "q1_ns": 2184859.6177777783,
        "q3_ns": 23295307.190175287
      },
      "futex_op_counts": {
        "128": 24
      },
      "first_seen_ts_ns": 1183800268276,
      "last_seen_ts_ns": 1183990044263
    },
    {
      "tgid": 29858,
      "comm": "runc:[2:INIT]",
      "cgroup_id": 5011,
      "wait_duration_stats_ns": {
        "count": 26.0,
        "sum": 662159035.9999999,
        "mean": 25467655.23076923,
        "median": 9766350.34687883,
        "min": 22016,
        "max": 96623918,
        "variance_ns2": 976703374587041.2,
        "iqr_ns": 22149967.442288823,
        "q1_ns": 7925735.638481675,
        "q3_ns": 30075703.0807705
      },
      "futex_op_counts": {
        "128": 26
      },
      "first_seen_ts_ns": 1180310048774,
      "last_seen_ts_ns": 1180446471408
    },
    {
      "tgid": 30127,
      "comm": "runc:[2:INIT]",
      "cgroup_id": 5011,
      "wait_duration_stats_ns": {
        "count": 25.0,
        "sum": 609967549.0,
        "mean": 24398701.96,
        "median": 3071478.8719235556,
        "min": 6983,
        "max": 122338962,
        "variance_ns2": 2433758357794400.5,
        "iqr_ns": 33267524.972600512,
        "q1_ns": 197783.49267806264,
        "q3_ns": 33465308.465278573
      },
      "futex_op_counts": {
        "128": 25
      },
      "first_seen_ts_ns": 1223759513538,
      "last_seen_ts_ns": 1223882179886
    },
    {
      "tgid": 30350,
      "comm": "runc",
      "cgroup_id": 4085,
      "wait_duration_stats_ns": {
        "count": 427.0,
        "sum": 580901679.0000001,
        "mean": 1360425.4777517568,
        "median": 60335.34664183386,
        "min": 720,
        "max": 98391530,
        "variance_ns2": 117378969350849.02,
        "iqr_ns": 236090.94674868748,
        "q1_ns": 15754.798475747324,
        "q3_ns": 251845.7452244348
      },
      "futex_op_counts": {
        "128": 427
      },
      "first_seen_ts_ns": 1230191137162,
      "last_seen_ts_ns": 1230292392010
    },
    {
      "tgid": 29836,
      "comm": "runc:[2:INIT]",
      "cgroup_id": 5011,
      "wait_duration_stats_ns": {
        "count": 22.0,
        "sum": 580752679.9999998,
        "mean": 26397849.090909082,
        "median": 8469943.58506996,
        "min": 192939,
        "max": 116999188,
        "variance_ns2": 1621622876854298.5,
        "iqr_ns": 9746661.910445664,
        "q1_ns": 3735976.522068237,
        "q3_ns": 13482638.4325139
      },
      "futex_op_counts": {
        "128": 22
      },
      "first_seen_ts_ns": 1173899136601,
      "last_seen_ts_ns": 1174050032740
    },
    {
      "tgid": 30081,
      "comm": "runc:[2:INIT]",
      "cgroup_id": 5011,
      "wait_duration_stats_ns": {
        "count": 28.0,
        "sum": 524248542.0000002,
        "mean": 18723162.21428572,
        "median": 502475.81180857355,
        "min": 3068,
        "max": 103121148,
        "variance_ns2": 1216473900070078.8,
        "iqr_ns": 22065285.226228278,
        "q1_ns": 127667.25587304021,
        "q3_ns": 22192952.482101317
      },
      "futex_op_counts": {
        "128": 28
      },
      "first_seen_ts_ns": 1214060070322,
      "last_seen_ts_ns": 1214177511199
    },
    {
      "tgid": 30360,
      "comm": "runc:[2:INIT]",
      "cgroup_id": 5011,
      "wait_duration_stats_ns": {
        "count": 27.0,
        "sum": 463202259.00000006,
        "mean": 17155639.222222224,
        "median": 2058187.0953134426,
        "min": 528,
        "max": 93029435,
        "variance_ns2": 1314784457547686.5,
        "iqr_ns": 25328526.38511894,
        "q1_ns": 180258.970982666,
        "q3_ns": 25508785.356101606
      },
      "futex_op_counts": {
        "128": 27
      },
      "first_seen_ts_ns": 1230198909903,
      "last_seen_ts_ns": 1230292300239
    },
    {
      "tgid": 29932,
      "comm": "grpc-health-pro",
      "cgroup_id": 5011,
      "wait_duration_stats_ns": {
        "count": 14.0,
        "sum": 354366851.0,
        "mean": 25311917.92857143,
        "median": 20859640.3105,
        "min": 9969637,
        "max": 57189544,
        "variance_ns2": 199381303172216.22,
        "iqr_ns": 9862438.31157922,
        "q1_ns": 18242288.712083332,
        "q3_ns": 28104727.023662552
      },
      "futex_op_counts": {
        "128": 14
      },
      "first_seen_ts_ns": 1190590036411,
      "last_seen_ts_ns": 1190660052511
    },
    {
      "tgid": 29979,
      "comm": "grpc-health-pro",
      "cgroup_id": 5011,
      "wait_duration_stats_ns": {
        "count": 18.0,
        "sum": 263080002.00000003,
        "mean": 14615555.666666668,
        "median": 12116166.10011574,
        "min": 9756,
        "max": 48323394,
        "variance_ns2": 192980865941213.97,
        "iqr_ns": 18439639.345679022,
        "q1_ns": 3584271.817421737,
        "q3_ns": 22023911.16310076
      },
      "futex_op_counts": {
        "128": 18
      },
      "first_seen_ts_ns": 1200520088147,
      "last_seen_ts_ns": 1200580272435
    },
    {
      "tgid": 30001,
      "comm": "grpc-health-pro",
      "cgroup_id": 5011,
      "wait_duration_stats_ns": {
        "count": 11.0,
        "sum": 252994141.0,
        "mean": 22999467.363636363,
        "median": 19903294.666666668,
        "min": 8413368,
        "max": 39969353,
        "variance_ns2": 149962635068526.88,
        "iqr_ns": 12404074.777777776,
        "q1_ns": 12972710.0,
        "q3_ns": 25376784.777777776
      },
      "futex_op_counts": {
        "128": 11
      },
      "first_seen_ts_ns": 1204250070007,
      "last_seen_ts_ns": 1204300035112
    },
    {
      "tgid": 30052,
      "comm": "grpc-health-pro",
      "cgroup_id": 5011,
      "wait_duration_stats_ns": {
        "count": 25.0,
        "sum": 191746242.0,
        "mean": 7669849.68,
        "median": 1660343.9719417184,
        "min": 16880,
        "max": 40277428,
        "variance_ns2": 142269847078599.06,
        "iqr_ns": 10731510.818934208,
        "q1_ns": 379764.4614572499,
        "q3_ns": 11111275.280391458
      },
      "futex_op_counts": {
        "128": 25
      },
      "first_seen_ts_ns": 1210727724597,
      "last_seen_ts_ns": 1210770048086
    },
    {
      "tgid": 29858,
      "comm": "grpc-health-pro",
      "cgroup_id": 5011,
      "wait_duration_stats_ns": {
        "count": 13.0,
        "sum": 132442050.00000003,
        "mean": 10187850.000000002,
        "median": 8248804.388888889,
        "min": 105495,
        "max": 23823895,
        "variance_ns2": 56882271123319.16,
        "iqr_ns": 7490193.916666666,
        "q1_ns": 5372280.75,
        "q3_ns": 12862474.666666666
      },
      "futex_op_counts": {
        "128": 13
      },
      "first_seen_ts_ns": 1180470035130,
      "last_seen_ts_ns": 1180510039627
    },
    {
      "tgid": 29812,
      "comm": "grpc-health-pro",
      "cgroup_id": 5011,
      "wait_duration_stats_ns": {
        "count": 12.0,
        "sum": 98302461.0,
        "mean": 8191871.75,
        "median": 6404046.9375,
        "min": 1692954,
        "max": 19988821,
        "variance_ns2": 32498165018810.566,
        "iqr_ns": 4255160.862268518,
        "q1_ns": 3754812.166666667,
        "q3_ns": 8009973.028935185
      },
      "futex_op_counts": {
        "128": 12
      },
      "first_seen_ts_ns": 1170670158686,
      "last_seen_ts_ns": 1170700036463
    },
    {
      "tgid": 29880,
      "comm": "grpc-health-pro",
      "cgroup_id": 5011,
      "wait_duration_stats_ns": {
        "count": 10.0,
        "sum": 76697112.0,
        "mean": 7669711.2,
        "median": 4175290.0987654324,
        "min": 14707,
        "max": 17232744,
        "variance_ns2": 54177621475425.07,
        "iqr_ns": 10458658.480452675,
        "q1_ns": 120537.0,
        "q3_ns": 10579195.480452675
      },
      "futex_op_counts": {
        "128": 10
      },
      "first_seen_ts_ns": 1184004849380,
      "last_seen_ts_ns": 1184023909860
    },
    {
      "tgid": 30081,
      "comm": "grpc-health-pro",
      "cgroup_id": 5011,
      "wait_duration_stats_ns": {
        "count": 8.0,
        "sum": 39873006.0,
        "mean": 4984125.75,
        "median": 1570118.0,
        "min": 66694,
        "max": 15751402,
        "variance_ns2": 32781685340157.07,
        "iqr_ns": 2349351.197530864,
        "q1_ns": 1065799.0,
        "q3_ns": 3415150.197530864
      },
      "futex_op_counts": {
        "128": 8
      },
      "first_seen_ts_ns": 1214181538842,
      "last_seen_ts_ns": 1214200032087
    },
    {
      "tgid": 29836,
      "comm": "grpc-health-pro",
      "cgroup_id": 5011,
      "wait_duration_stats_ns": {
        "count": 15.0,
        "sum": 39574467.00000001,
        "mean": 2638297.8000000003,
        "median": 1481949.1770833333,
        "min": 44037,
        "max": 7153235,
        "variance_ns2": 8986515140309.027,
        "iqr_ns": 3629893.206341092,
        "q1_ns": 309442.590625,
        "q3_ns": 3939335.796966092
      },
      "futex_op_counts": {
        "128": 15
      },
      "first_seen_ts_ns": 1174062637910,
      "last_seen_ts_ns": 1174077212479
    },
    {
      "tgid": 30104,
      "comm": "grpc-health-pro",
      "cgroup_id": 5011,
      "wait_duration_stats_ns": {
        "count": 13.0,
        "sum": 34124747.0,
        "mean": 2624980.5384615385,
        "median": 1811602.8537777779,
        "min": 57970,
        "max": 6765836,
        "variance_ns2": 7971829738371.103,
        "iqr_ns": 2221432.9610493826,
        "q1_ns": 515540.5188888889,
        "q3_ns": 2736973.4799382715
      },
      "futex_op_counts": {
        "128": 13
      },
      "first_seen_ts_ns": 1220483360814,
      "last_seen_ts_ns": 1220492289513
    },
    {
      "tgid": 29959,
      "comm": "grpc-health-pro",
      "cgroup_id": 5011,
      "wait_duration_stats_ns": {
        "count": 13.0,
        "sum": 16493355.000000002,
        "mean": 1268719.6153846155,
        "median": 626530.3684222222,
        "min": 8447,
        "max": 8733805,
        "variance_ns2": 5378178986255.089,
        "iqr_ns": 823607.4532242063,
        "q1_ns": 194627.01979166668,
        "q3_ns": 1018234.473015873
      },
      "futex_op_counts": {
        "128": 13
      },
      "first_seen_ts_ns": 1194220137979,
      "last_seen_ts_ns": 1194230046066
    },
    {
      "tgid": 30360,
      "comm": "grpc-health-pro",
      "cgroup_id": 5011,
      "wait_duration_stats_ns": {
        "count": 36.0,
        "sum": 9977747.999999998,
        "mean": 277159.6666666666,
        "median": 65046.15051317398,
        "min": 10768,
        "max": 1564685,
        "variance_ns2": 206751638860.80005,
        "iqr_ns": 263996.3004716745,
        "q1_ns": 22437.529511759836,
        "q3_ns": 286433.8299834343
      },
      "futex_op_counts": {
        "128": 36
      },
      "first_seen_ts_ns": 1230294294814,
      "last_seen_ts_ns": 1230297004082
    },
    {
      "tgid": 30127,
      "comm": "grpc-health-pro",
      "cgroup_id": 5011,
      "wait_duration_stats_ns": {
        "count": 36.0,
        "sum": 9893730.000000002,
        "mean": 274825.8333333334,
        "median": 51354.24524848249,
        "min": 6088,
        "max": 1445196,
        "variance_ns2": 195732581803.6857,
        "iqr_ns": 224722.564647583,
        "q1_ns": 21937.473530707022,
        "q3_ns": 246660.03817829
      },
      "futex_op_counts": {
        "128": 36
      },
      "first_seen_ts_ns": 1223884257718,
      "last_seen_ts_ns": 1223886867429
    },
    {
      "tgid": 29601,
      "comm": "flux-broker-0",
      "cgroup_id": 12818,
      "wait_duration_stats_ns": {
        "count": 278.0,
        "sum": 649019.9999999991,
        "mean": 2334.604316546759,
        "median": 1072.9677569677467,
        "min": 421,
        "max": 17994,
        "variance_ns2": 8695743.770667218,
        "iqr_ns": 1137.0712246628382,
        "q1_ns": 731.7373512051129,
        "q3_ns": 1868.808575867951
      },
      "futex_op_counts": {
        "128": 278
      },
      "first_seen_ts_ns": 1166486811238,
      "last_seen_ts_ns": 1233156833012
    }
  ]
}
[01:32:52] Cleanup complete.
