unlimited
PROGRAM: cpu
Looking for /opt/programs/cpu/ebpf-collect.c
[00:21:58] Waiting for start indicator file: '/mnt/flux/start_ebpf_collection'.
[00:22:04] Start indicator found. Proceeding with monitoring.
[00:22:04] Initializing eBPF for CPU Scheduling monitoring...
[00:22:05] BPF C code compiled and loaded.
[00:22:05] Attached tracepoints.
[00:22:05] Monitoring CPU scheduling events (polling aggregated map)... Press Ctrl+C to stop.
[00:23:13] Stop indicator file '/mnt/flux/stop_ebpf_collection' found. Stopping.
[00:23:13] Initiating cleanup sequence...
{
  "final_aggregated_summary_river": [
    {
      "tgid": 135,
      "comm": "python3",
      "cgroup_id": 29028,
      "on_cpu_stats_ns": {
        "count": 441.0,
        "sum_ns": 18861853.85320329,
        "mean_ns": 42770.64365805734,
        "median_ns": 12430.607632324138,
        "min_ns": 3644.0,
        "max_ns": 1494713.0,
        "variance_ns2": 7534010839.56602,
        "iqr_ns": 59963.95360375433,
        "q1_ns": 7650.010739565823,
        "q3_ns": 67613.96434332016
      },
      "runq_latency_stats_ns": {
        "count": 441.0,
        "sum_ns": 9340467.067950634,
        "mean_ns": 21180.197432994635,
        "median_ns": 6128.421865133255,
        "min_ns": 423.39834024896265,
        "max_ns": 1005255.0,
        "variance_ns2": 4238529137.8865056,
        "iqr_ns": 22996.209745548986,
        "q1_ns": 3739.615980375562,
        "q3_ns": 26735.825725924547
      },
      "first_seen_ts_ns": 1750119725460401180,
      "last_seen_ts_ns": 1750119793311452232,
      "duration_active_s": 67.851051052
    },
    {
      "tgid": 95,
      "comm": "python3",
      "cgroup_id": 28944,
      "on_cpu_stats_ns": {
        "count": 282.0,
        "sum_ns": 11982284.999999993,
        "mean_ns": 42490.37234042551,
        "median_ns": 18663.239921508,
        "min_ns": 4696.0,
        "max_ns": 264971.0,
        "variance_ns2": 2684705099.2719016,
        "iqr_ns": 54656.97441460696,
        "q1_ns": 9645.399073298759,
        "q3_ns": 64302.373487905716
      },
      "runq_latency_stats_ns": {
        "count": 282.0,
        "sum_ns": 5240916.666666666,
        "mean_ns": 18584.81087470449,
        "median_ns": 6730.543593343088,
        "min_ns": 865.5,
        "max_ns": 2664937.0,
        "variance_ns2": 25073579997.05207,
        "iqr_ns": 7693.021254390885,
        "q1_ns": 3656.5195786168106,
        "q3_ns": 11349.540833007695
      },
      "first_seen_ts_ns": 1750119725460401180,
      "last_seen_ts_ns": 1750119793311452232,
      "duration_active_s": 67.851051052
    },
    {
      "tgid": 160,
      "comm": "flux-broker-0",
      "cgroup_id": 29112,
      "on_cpu_stats_ns": {
        "count": 47.0,
        "sum_ns": 1604426.7499999998,
        "mean_ns": 34136.73936170212,
        "median_ns": 10255.748126207565,
        "min_ns": 3491.0,
        "max_ns": 175156.0,
        "variance_ns2": 1752382158.8069499,
        "iqr_ns": 42565.51067228917,
        "q1_ns": 9122.163449161197,
        "q3_ns": 51687.67412145037
      },
      "runq_latency_stats_ns": {
        "count": 47.0,
        "sum_ns": 658912.4999999997,
        "mean_ns": 14019.414893617015,
        "median_ns": 7883.149183738574,
        "min_ns": 1113.0,
        "max_ns": 283054.0,
        "variance_ns2": 1655875949.5795553,
        "iqr_ns": 9571.426075502994,
        "q1_ns": 3030.960734415057,
        "q3_ns": 12602.38680991805
      },
      "first_seen_ts_ns": 1750119725460401180,
      "last_seen_ts_ns": 1750119789468326126,
      "duration_active_s": 64.007924946
    },
    {
      "tgid": 1,
      "comm": "pause",
      "cgroup_id": 28776,
      "on_cpu_stats_ns": {
        "count": 1.0,
        "sum_ns": 384140.0,
        "mean_ns": 384140.0,
        "median_ns": 384140.0,
        "min_ns": 384140.0,
        "max_ns": 384140.0,
        "variance_ns2": null,
        "iqr_ns": 0.0,
        "q1_ns": 384140.0,
        "q3_ns": 384140.0
      },
      "runq_latency_stats_ns": {
        "count": 1.0,
        "sum_ns": 849.0,
        "mean_ns": 849.0,
        "median_ns": 849.0,
        "min_ns": 849.0,
        "max_ns": 849.0,
        "variance_ns2": null,
        "iqr_ns": 0.0,
        "q1_ns": 849.0,
        "q3_ns": 849.0
      },
      "first_seen_ts_ns": 1750119793311452232,
      "last_seen_ts_ns": 1750119793311452232,
      "duration_active_s": 0
    },
    {
      "tgid": 44,
      "comm": "bash",
      "cgroup_id": 29028,
      "on_cpu_stats_ns": {
        "count": 16.0,
        "sum_ns": 179480.0,
        "mean_ns": 11217.5,
        "median_ns": 9019.384209656084,
        "min_ns": 5702.0,
        "max_ns": 26582.0,
        "variance_ns2": 33822847.86666667,
        "iqr_ns": 6061.35805842611,
        "q1_ns": 6460.96,
        "q3_ns": 12522.31805842611
      },
      "runq_latency_stats_ns": {
        "count": 16.0,
        "sum_ns": 212782.00000000003,
        "mean_ns": 13298.875000000002,
        "median_ns": 10420.593055555555,
        "min_ns": 2481.0,
        "max_ns": 35531.0,
        "variance_ns2": 82201335.45,
        "iqr_ns": 3314.2337962962974,
        "q1_ns": 9112.766203703703,
        "q3_ns": 12427.0
      },
      "first_seen_ts_ns": 1750119725460401180,
      "last_seen_ts_ns": 1750119789468326126,
      "duration_active_s": 64.007924946
    },
    {
      "tgid": 451,
      "comm": "xhpcg",
      "cgroup_id": 29112,
      "on_cpu_stats_ns": {
        "count": 1.0,
        "sum_ns": 5233.0,
        "mean_ns": 5233.0,
        "median_ns": 5233.0,
        "min_ns": 5233.0,
        "max_ns": 5233.0,
        "variance_ns2": null,
        "iqr_ns": 0.0,
        "q1_ns": 5233.0,
        "q3_ns": 5233.0
      },
      "runq_latency_stats_ns": {
        "count": 1.0,
        "sum_ns": 2090.75,
        "mean_ns": 2090.75,
        "median_ns": 2090.75,
        "min_ns": 2090.75,
        "max_ns": 2090.75,
        "variance_ns2": null,
        "iqr_ns": 0.0,
        "q1_ns": 2090.75,
        "q3_ns": 2090.75
      },
      "first_seen_ts_ns": 1750119776943577576,
      "last_seen_ts_ns": 1750119776943577576,
      "duration_active_s": 0
    }
  ]
}
[00:23:13] Cleanup complete. Exiting.
