unlimited
PROGRAM: cpu
Looking for /opt/programs/cpu/ebpf-collect.c
[17:36:29] Waiting for start indicator file: '/mnt/flux/start_ebpf_collection'.
[17:36:35] Start indicator found. Proceeding with monitoring.
[17:36:35] Initializing eBPF for CPU Scheduling monitoring...
[17:36:35] BPF C code compiled and loaded.
[17:36:35] Attached tracepoints.
[17:36:35] Monitoring CPU scheduling events (polling aggregated map)... Press Ctrl+C to stop.
[17:37:37] Stop indicator file '/mnt/flux/stop_ebpf_collection' found. Stopping.
[17:37:37] Initiating cleanup sequence...
{
  "final_aggregated_summary_river": [
    {
      "tgid": 247,
      "comm": "python3",
      "cgroup_id": 77051,
      "on_cpu_stats_ns": {
        "count": 491.0,
        "sum_ns": 24522230.166666653,
        "mean_ns": 49943.44229463677,
        "median_ns": 27656.003224893568,
        "min_ns": 3918.0,
        "max_ns": 605502.0,
        "variance_ns2": 3543523500.4772744,
        "iqr_ns": 69966.29518489701,
        "q1_ns": 12803.396167778035,
        "q3_ns": 82769.69135267504
      },
      "runq_latency_stats_ns": {
        "count": 492.0,
        "sum_ns": 16426332.166666681,
        "mean_ns": 33386.85399729,
        "median_ns": 14091.199073145837,
        "min_ns": 657.0,
        "max_ns": 4996862.0,
        "variance_ns2": 52571942876.53803,
        "iqr_ns": 33121.22368572411,
        "q1_ns": 7789.353618818236,
        "q3_ns": 40910.57730454234
      },
      "first_seen_ts_ns": 1749836195557051067,
      "last_seen_ts_ns": 1749836257542444557,
      "duration_active_s": 61.98539349
    },
    {
      "tgid": 113,
      "comm": "python3",
      "cgroup_id": 76967,
      "on_cpu_stats_ns": {
        "count": 428.0,
        "sum_ns": 19087098.542424243,
        "mean_ns": 44596.02463183234,
        "median_ns": 16859.4155290951,
        "min_ns": 4633.0,
        "max_ns": 250506.0,
        "variance_ns2": 2455221896.41127,
        "iqr_ns": 82069.12168738488,
        "q1_ns": 13358.778606783202,
        "q3_ns": 95427.90029416808
      },
      "runq_latency_stats_ns": {
        "count": 428.0,
        "sum_ns": 18288093.57575759,
        "mean_ns": 42729.19059756446,
        "median_ns": 16051.389979193253,
        "min_ns": 702.0,
        "max_ns": 8301748.0,
        "variance_ns2": 165180089565.3713,
        "iqr_ns": 37776.73322515489,
        "q1_ns": 6143.393968528956,
        "q3_ns": 43920.127193683846
      },
      "first_seen_ts_ns": 1749836195557051067,
      "last_seen_ts_ns": 1749836257135355696,
      "duration_active_s": 61.578304629
    },
    {
      "tgid": 106,
      "comm": "flux-broker-0",
      "cgroup_id": 77135,
      "on_cpu_stats_ns": {
        "count": 99.0,
        "sum_ns": 5255372.500000002,
        "mean_ns": 53084.57070707072,
        "median_ns": 20392.150020513433,
        "min_ns": 4347.0,
        "max_ns": 198072.0,
        "variance_ns2": 2759358388.535765,
        "iqr_ns": 74086.44986402233,
        "q1_ns": 12007.624796268976,
        "q3_ns": 86094.07466029131
      },
      "runq_latency_stats_ns": {
        "count": 99.0,
        "sum_ns": 1795007.500000001,
        "mean_ns": 18131.388888888898,
        "median_ns": 10573.628335366833,
        "min_ns": 694.0,
        "max_ns": 116556.0,
        "variance_ns2": 503089599.36507946,
        "iqr_ns": 5514.914171695218,
        "q1_ns": 5444.675071378077,
        "q3_ns": 10959.589243073295
      },
      "first_seen_ts_ns": 1749836195557051067,
      "last_seen_ts_ns": 1749836256419909310,
      "duration_active_s": 60.862858243
    },
    {
      "tgid": 106,
      "comm": "ZMQbg/IO/0",
      "cgroup_id": 77135,
      "on_cpu_stats_ns": {
        "count": 16.0,
        "sum_ns": 1177085.4999999998,
        "mean_ns": 73567.84374999999,
        "median_ns": 65668.32071428571,
        "min_ns": 11236.0,
        "max_ns": 163478.0,
        "variance_ns2": 2375448588.590624,
        "iqr_ns": 80436.93490443124,
        "q1_ns": 33740.10422916667,
        "q3_ns": 114177.03913359791
      },
      "runq_latency_stats_ns": {
        "count": 16.0,
        "sum_ns": 439066.0,
        "mean_ns": 27441.625,
        "median_ns": 15111.639285714286,
        "min_ns": 765.0,
        "max_ns": 91550.0,
        "variance_ns2": 658842200.0166665,
        "iqr_ns": 38361.58888888889,
        "q1_ns": 8588.611111111111,
        "q3_ns": 46950.2
      },
      "first_seen_ts_ns": 1749836195706550177,
      "last_seen_ts_ns": 1749836254293790402,
      "duration_active_s": 58.587240225
    },
    {
      "tgid": 319,
      "comm": "python3",
      "cgroup_id": 77135,
      "on_cpu_stats_ns": {
        "count": 7.0,
        "sum_ns": 514117.99999999994,
        "mean_ns": 73445.42857142857,
        "median_ns": 79312.61111111112,
        "min_ns": 8913.0,
        "max_ns": 153265.0,
        "variance_ns2": 3177018108.2857137,
        "iqr_ns": 51530.98611111111,
        "q1_ns": 52879.01388888889,
        "q3_ns": 104410.0
      },
      "runq_latency_stats_ns": {
        "count": 7.0,
        "sum_ns": 135304.0,
        "mean_ns": 19329.142857142855,
        "median_ns": 12200.333333333334,
        "min_ns": 2809.0,
        "max_ns": 59364.0,
        "variance_ns2": 458114491.4761904,
        "iqr_ns": 16399.0,
        "q1_ns": 5582.000000000001,
        "q3_ns": 21981.0
      },
      "first_seen_ts_ns": 1749836195557051067,
      "last_seen_ts_ns": 1749836200453168658,
      "duration_active_s": 4.896117591
    },
    {
      "tgid": 337,
      "comm": "xhpcg",
      "cgroup_id": 77135,
      "on_cpu_stats_ns": {
        "count": 37.0,
        "sum_ns": 499755.0,
        "mean_ns": 13506.891891891892,
        "median_ns": 13667.91043996905,
        "min_ns": 5820.0,
        "max_ns": 25671.0,
        "variance_ns2": 22829282.98798798,
        "iqr_ns": 6788.682874000109,
        "q1_ns": 9472.559645857636,
        "q3_ns": 16261.242519857746
      },
      "runq_latency_stats_ns": {
        "count": 37.0,
        "sum_ns": 1212039.0,
        "mean_ns": 32757.81081081081,
        "median_ns": 5819.616605166923,
        "min_ns": 1530.0,
        "max_ns": 758958.0,
        "variance_ns2": 15972101789.435434,
        "iqr_ns": 9636.26263289869,
        "q1_ns": 4687.954172736543,
        "q3_ns": 14324.216805635233
      },
      "first_seen_ts_ns": 1749836195706550177,
      "last_seen_ts_ns": 1749836214266546146,
      "duration_active_s": 18.559995969
    },
    {
      "tgid": 324,
      "comm": "xhpcg",
      "cgroup_id": 77135,
      "on_cpu_stats_ns": {
        "count": 11.0,
        "sum_ns": 475262.5,
        "mean_ns": 43205.681818181816,
        "median_ns": 23771.826967592584,
        "min_ns": 10069.0,
        "max_ns": 141830.0,
        "variance_ns2": 1832047751.9136364,
        "iqr_ns": 40037.16765528549,
        "q1_ns": 13928.83234471451,
        "q3_ns": 53966.0
      },
      "runq_latency_stats_ns": {
        "count": 11.0,
        "sum_ns": 223510.16666666666,
        "mean_ns": 20319.10606060606,
        "median_ns": 12273.958333333334,
        "min_ns": 2267.6666666666665,
        "max_ns": 91508.0,
        "variance_ns2": 731459899.8237374,
        "iqr_ns": 12711.302083333332,
        "q1_ns": 6165.697916666668,
        "q3_ns": 18877.0
      },
      "first_seen_ts_ns": 1749836195557051067,
      "last_seen_ts_ns": 1749836213762774277,
      "duration_active_s": 18.20572321
    },
    {
      "tgid": 1,
      "comm": "pause",
      "cgroup_id": 76799,
      "on_cpu_stats_ns": {
        "count": 2.0,
        "sum_ns": 443999.90476190473,
        "mean_ns": 221999.95238095237,
        "median_ns": 344990.5714285714,
        "min_ns": 99009.33333333333,
        "max_ns": 344990.5714285714,
        "variance_ns2": 30253384747.43311,
        "iqr_ns": 245981.2380952381,
        "q1_ns": 99009.33333333333,
        "q3_ns": 344990.5714285714
      },
      "runq_latency_stats_ns": {
        "count": 2.0,
        "sum_ns": 11026.333333333334,
        "mean_ns": 5513.166666666667,
        "median_ns": 9477.333333333334,
        "min_ns": 1549.0,
        "max_ns": 9477.333333333334,
        "variance_ns2": 31429234.722222228,
        "iqr_ns": 7928.333333333334,
        "q1_ns": 1549.0,
        "q3_ns": 9477.333333333334
      },
      "first_seen_ts_ns": 1749836232247694398,
      "last_seen_ts_ns": 1749836257542444557,
      "duration_active_s": 25.294750159
    },
    {
      "tgid": 325,
      "comm": "xhpcg",
      "cgroup_id": 77135,
      "on_cpu_stats_ns": {
        "count": 5.0,
        "sum_ns": 381688.0,
        "mean_ns": 76337.6,
        "median_ns": 83442.0,
        "min_ns": 13346.0,
        "max_ns": 133124.0,
        "variance_ns2": 3371104079.3000007,
        "iqr_ns": 111722.0,
        "q1_ns": 20027.0,
        "q3_ns": 131749.0
      },
      "runq_latency_stats_ns": {
        "count": 5.0,
        "sum_ns": 250838.0,
        "mean_ns": 50167.6,
        "median_ns": 57674.0,
        "min_ns": 2428.0,
        "max_ns": 122080.0,
        "variance_ns2": 2498116157.3,
        "iqr_ns": 62990.0,
        "q1_ns": 2833.0,
        "q3_ns": 65823.0
      },
      "first_seen_ts_ns": 1749836195816462942,
      "last_seen_ts_ns": 1749836196606431918,
      "duration_active_s": 0.789968976
    },
    {
      "tgid": 349,
      "comm": "xhpcg",
      "cgroup_id": 77135,
      "on_cpu_stats_ns": {
        "count": 49.0,
        "sum_ns": 334329.75320512825,
        "mean_ns": 6823.05618785976,
        "median_ns": 6929.949660002188,
        "min_ns": 3253.8,
        "max_ns": 10249.57142857143,
        "variance_ns2": 2793510.336772924,
        "iqr_ns": 2166.0030981763894,
        "q1_ns": 5656.610904103529,
        "q3_ns": 7822.614002279918
      },
      "runq_latency_stats_ns": {
        "count": 49.0,
        "sum_ns": 163409.83397435897,
        "mean_ns": 3334.8945709052855,
        "median_ns": 3176.696496915827,
        "min_ns": 1122.8,
        "max_ns": 5861.0,
        "variance_ns2": 1116360.3189790412,
        "iqr_ns": 1427.7400204793244,
        "q1_ns": 2716.486332863496,
        "q3_ns": 4144.22635334282
      },
      "first_seen_ts_ns": 1749836197371622750,
      "last_seen_ts_ns": 1749836203656444500,
      "duration_active_s": 6.28482175
    },
    {
      "tgid": 106,
      "comm": "ZMQbg/Reaper",
      "cgroup_id": 77135,
      "on_cpu_stats_ns": {
        "count": 17.0,
        "sum_ns": 201798.0,
        "mean_ns": 11870.470588235294,
        "median_ns": 12144.392833278594,
        "min_ns": 5117.0,
        "max_ns": 18409.0,
        "variance_ns2": 11161532.639705883,
        "iqr_ns": 3221.7230995987065,
        "q1_ns": 10779.834587239919,
        "q3_ns": 14001.557686838625
      },
      "runq_latency_stats_ns": {
        "count": 17.0,
        "sum_ns": 215998.0,
        "mean_ns": 12705.764705882353,
        "median_ns": 11700.853125,
        "min_ns": 1949.0,
        "max_ns": 74109.0,
        "variance_ns2": 267274120.28492647,
        "iqr_ns": 8046.256250000001,
        "q1_ns": 7207.14375,
        "q3_ns": 15253.400000000001
      },
      "first_seen_ts_ns": 1749836200453168658,
      "last_seen_ts_ns": 1749836256419909310,
      "duration_active_s": 55.966740652
    },
    {
      "tgid": 44,
      "comm": "bash",
      "cgroup_id": 77051,
      "on_cpu_stats_ns": {
        "count": 15.0,
        "sum_ns": 183271.0,
        "mean_ns": 12218.066666666666,
        "median_ns": 11642.27777777778,
        "min_ns": 6130.0,
        "max_ns": 21503.0,
        "variance_ns2": 15632656.35238095,
        "iqr_ns": 2405.175925925925,
        "q1_ns": 9837.505555555555,
        "q3_ns": 12242.68148148148
      },
      "runq_latency_stats_ns": {
        "count": 15.0,
        "sum_ns": 188468.0,
        "mean_ns": 12564.533333333333,
        "median_ns": 10565.0,
        "min_ns": 1777.0,
        "max_ns": 59276.0,
        "variance_ns2": 175066043.98095232,
        "iqr_ns": 3885.062095825986,
        "q1_ns": 8842.041666666666,
        "q3_ns": 12727.103762492652
      },
      "first_seen_ts_ns": 1749836200453168658,
      "last_seen_ts_ns": 1749836256419909310,
      "duration_active_s": 55.966740652
    },
    {
      "tgid": 323,
      "comm": "xhpcg",
      "cgroup_id": 77135,
      "on_cpu_stats_ns": {
        "count": 8.0,
        "sum_ns": 127558.75,
        "mean_ns": 15944.84375,
        "median_ns": 16240.0,
        "min_ns": 5076.0,
        "max_ns": 22594.75,
        "variance_ns2": 28995684.55245536,
        "iqr_ns": 3044.874999999998,
        "q1_ns": 14607.333333333334,
        "q3_ns": 17652.208333333332
      },
      "runq_latency_stats_ns": {
        "count": 8.0,
        "sum_ns": 48796.49999999999,
        "mean_ns": 6099.562499999999,
        "median_ns": 6512.5,
        "min_ns": 2522.0,
        "max_ns": 12380.0,
        "variance_ns2": 14704855.95982143,
        "iqr_ns": 5180.986689814814,
        "q1_ns": 3459.1875,
        "q3_ns": 8640.174189814814
      },
      "first_seen_ts_ns": 1749836195557051067,
      "last_seen_ts_ns": 1749836213762774277,
      "duration_active_s": 18.20572321
    }
  ]
}
[17:37:37] Cleanup complete. Exiting.
