

32 32 32
15
chmod: cannot access './wait-fs': No such file or directory
mv: cannot stat './wait-fs': No such file or directory
#!/bin/bash
set -euo pipefail
flux resource list

for i in {1..3}
do
  echo "FLUX-RUN START hpcg-iter-$i"
  flux run --setattr=user.study_id=hpcg-iter-$i -N1 -n 64 -o cpu-affinity=per-task -o gpu-affinity=off    --exclusive /opt/hpcg/xhpcg
  
   echo "FLUX-RUN END hpcg-iter-$i"
done

  echo "FLUX-RESULTS START"
  cat hpcg*.txt
  echo "HPCG-BENCHMARKS"
  cat HPCG-Benchmark*.txt
  echo "FLUX-RESULTS END"

output=./results/${app}
(apt-get update > /dev/null 2>&1 && apt-get install -y jq > /dev/null 2>&1) || (yum update -y > /dev/null 2>&1 && yum install -y jq > /dev/null 2>&1)
mkdir -p $output
for jobid in $(flux jobs -a --json | jq -r .jobs[].id); do
    echo
    study_id=$(flux job info $jobid jobspec | jq -r ".attributes.user.study_id")
    echo "FLUX-JOB START ${jobid} ${study_id}"
    echo "FLUX-JOB-JOBSPEC START"
    flux job info $jobid jobspec
    echo "FLUX-JOB-JOBSPEC END" 
    
    echo "FLUX-JOB-RESOURCES START"
    flux job info ${jobid} R
    echo "FLUX-JOB-RESOURCES END"
    echo "FLUX-JOB-EVENTLOG START" 
    flux job info $jobid guest.exec.eventlog
    echo "FLUX-JOB-EVENTLOG END" 
    echo "FLUX-JOB END ${jobid} ${study_id}"
done
echo "FLUX JOB STATS"
flux job stats 

     STATE NNODES   NCORES    NGPUS NODELIST
      free      1       64        0 hpcg-0
 allocated      0        0        0 
      down      0        0        0 
FLUX-RUN START hpcg-iter-1
FLUX-RUN END hpcg-iter-1
FLUX-RUN START hpcg-iter-2
FLUX-RUN END hpcg-iter-2
FLUX-RUN START hpcg-iter-3
FLUX-RUN END hpcg-iter-3
FLUX-RESULTS START
WARNING: PERFORMING UNPRECONDITIONED ITERATIONS
Call [0] Number of Iterations [11] Scaled Residual [5.7609e-14]
WARNING: PERFORMING UNPRECONDITIONED ITERATIONS
Call [1] Number of Iterations [11] Scaled Residual [5.7609e-14]
Call [0] Number of Iterations [2] Scaled Residual [6.61329e-17]
Call [1] Number of Iterations [2] Scaled Residual [6.61329e-17]
Departure from symmetry (scaled) for SpMV abs(x'*A*y - y'*A*x) = 1.5097e-08
Departure from symmetry (scaled) for MG abs(x'*Minv*y - y'*Minv*x) = 2.51617e-09
SpMV call [0] Residual [0]
SpMV call [1] Residual [0]
Call [0] Scaled Residual [9.866e-07]
Call [1] Scaled Residual [9.866e-07]
Call [2] Scaled Residual [9.866e-07]
Call [3] Scaled Residual [9.866e-07]
Call [4] Scaled Residual [9.866e-07]
Call [5] Scaled Residual [9.866e-07]
Call [6] Scaled Residual [9.866e-07]
Call [7] Scaled Residual [9.866e-07]
Call [8] Scaled Residual [9.866e-07]
Call [9] Scaled Residual [9.866e-07]
Call [10] Scaled Residual [9.866e-07]
Call [11] Scaled Residual [9.866e-07]
Call [12] Scaled Residual [9.866e-07]
Call [13] Scaled Residual [9.866e-07]
Call [14] Scaled Residual [9.866e-07]
WARNING: PERFORMING UNPRECONDITIONED ITERATIONS
Call [0] Number of Iterations [11] Scaled Residual [5.7609e-14]
WARNING: PERFORMING UNPRECONDITIONED ITERATIONS
Call [1] Number of Iterations [11] Scaled Residual [5.7609e-14]
Call [0] Number of Iterations [2] Scaled Residual [6.61329e-17]
Call [1] Number of Iterations [2] Scaled Residual [6.61329e-17]
Departure from symmetry (scaled) for SpMV abs(x'*A*y - y'*A*x) = 1.5097e-08
Departure from symmetry (scaled) for MG abs(x'*Minv*y - y'*Minv*x) = 2.51617e-09
SpMV call [0] Residual [0]
SpMV call [1] Residual [0]
Call [0] Scaled Residual [9.866e-07]
Call [1] Scaled Residual [9.866e-07]
Call [2] Scaled Residual [9.866e-07]
Call [3] Scaled Residual [9.866e-07]
Call [4] Scaled Residual [9.866e-07]
Call [5] Scaled Residual [9.866e-07]
Call [6] Scaled Residual [9.866e-07]
Call [7] Scaled Residual [9.866e-07]
Call [8] Scaled Residual [9.866e-07]
Call [9] Scaled Residual [9.866e-07]
Call [10] Scaled Residual [9.866e-07]
Call [11] Scaled Residual [9.866e-07]
Call [12] Scaled Residual [9.866e-07]
Call [13] Scaled Residual [9.866e-07]
Call [14] Scaled Residual [9.866e-07]
WARNING: PERFORMING UNPRECONDITIONED ITERATIONS
Call [0] Number of Iterations [11] Scaled Residual [5.7609e-14]
WARNING: PERFORMING UNPRECONDITIONED ITERATIONS
Call [1] Number of Iterations [11] Scaled Residual [5.7609e-14]
Call [0] Number of Iterations [2] Scaled Residual [6.61329e-17]
Call [1] Number of Iterations [2] Scaled Residual [6.61329e-17]
Departure from symmetry (scaled) for SpMV abs(x'*A*y - y'*A*x) = 1.5097e-08
Departure from symmetry (scaled) for MG abs(x'*Minv*y - y'*Minv*x) = 2.51617e-09
SpMV call [0] Residual [0]
SpMV call [1] Residual [0]
Call [0] Scaled Residual [9.866e-07]
Call [1] Scaled Residual [9.866e-07]
Call [2] Scaled Residual [9.866e-07]
Call [3] Scaled Residual [9.866e-07]
Call [4] Scaled Residual [9.866e-07]
Call [5] Scaled Residual [9.866e-07]
Call [6] Scaled Residual [9.866e-07]
Call [7] Scaled Residual [9.866e-07]
Call [8] Scaled Residual [9.866e-07]
Call [9] Scaled Residual [9.866e-07]
Call [10] Scaled Residual [9.866e-07]
Call [11] Scaled Residual [9.866e-07]
Call [12] Scaled Residual [9.866e-07]
Call [13] Scaled Residual [9.866e-07]
Call [14] Scaled Residual [9.866e-07]
HPCG-BENCHMARKS
HPCG-Benchmark
version=3.1
Release date=March 28, 2019
Machine Summary=
Machine Summary::Distributed Processes=64
Machine Summary::Threads per processes=1
Global Problem Dimensions=
Global Problem Dimensions::Global nx=128
Global Problem Dimensions::Global ny=128
Global Problem Dimensions::Global nz=128
Processor Dimensions=
Processor Dimensions::npx=4
Processor Dimensions::npy=4
Processor Dimensions::npz=4
Local Domain Dimensions=
Local Domain Dimensions::nx=32
Local Domain Dimensions::ny=32
Local Domain Dimensions::Lower ipz=0
Local Domain Dimensions::Upper ipz=3
Local Domain Dimensions::nz=32
########## Problem Summary  ##########=
Setup Information=
Setup Information::Setup Time=0.0776155
Linear System Information=
Linear System Information::Number of Equations=2097152
Linear System Information::Number of Nonzero Terms=55742968
Multigrid Information=
Multigrid Information::Number of coarse grid levels=3
Multigrid Information::Coarse Grids=
Multigrid Information::Coarse Grids::Grid Level=1
Multigrid Information::Coarse Grids::Number of Equations=262144
Multigrid Information::Coarse Grids::Number of Nonzero Terms=6859000
Multigrid Information::Coarse Grids::Number of Presmoother Steps=1
Multigrid Information::Coarse Grids::Number of Postsmoother Steps=1
Multigrid Information::Coarse Grids::Grid Level=2
Multigrid Information::Coarse Grids::Number of Equations=32768
Multigrid Information::Coarse Grids::Number of Nonzero Terms=830584
Multigrid Information::Coarse Grids::Number of Presmoother Steps=1
Multigrid Information::Coarse Grids::Number of Postsmoother Steps=1
Multigrid Information::Coarse Grids::Grid Level=3
Multigrid Information::Coarse Grids::Number of Equations=4096
Multigrid Information::Coarse Grids::Number of Nonzero Terms=97336
Multigrid Information::Coarse Grids::Number of Presmoother Steps=1
Multigrid Information::Coarse Grids::Number of Postsmoother Steps=1
########## Memory Use Summary  ##########=
Memory Use Information=
Memory Use Information::Total memory used for data (Gbytes)=1.50319
Memory Use Information::Memory used for OptimizeProblem data (Gbytes)=0
Memory Use Information::Bytes per equation (Total memory / Number of Equations)=716.779
Memory Use Information::Memory used for linear system and CG (Gbytes)=1.32235
Memory Use Information::Coarse Grids=
Memory Use Information::Coarse Grids::Grid Level=1
Memory Use Information::Coarse Grids::Memory used=0.158396
Memory Use Information::Coarse Grids::Grid Level=2
Memory Use Information::Coarse Grids::Memory used=0.0199189
Memory Use Information::Coarse Grids::Grid Level=3
Memory Use Information::Coarse Grids::Memory used=0.00252545
########## V&V Testing Summary  ##########=
Spectral Convergence Tests=
Spectral Convergence Tests::Result=PASSED
Spectral Convergence Tests::Unpreconditioned=
Spectral Convergence Tests::Unpreconditioned::Maximum iteration count=11
Spectral Convergence Tests::Unpreconditioned::Expected iteration count=12
Spectral Convergence Tests::Preconditioned=
Spectral Convergence Tests::Preconditioned::Maximum iteration count=2
Spectral Convergence Tests::Preconditioned::Expected iteration count=2
Departure from Symmetry |x'Ay-y'Ax|/(2*||x||*||A||*||y||)/epsilon=
Departure from Symmetry |x'Ay-y'Ax|/(2*||x||*||A||*||y||)/epsilon::Result=PASSED
Departure from Symmetry |x'Ay-y'Ax|/(2*||x||*||A||*||y||)/epsilon::Departure for SpMV=1.5097e-08
Departure from Symmetry |x'Ay-y'Ax|/(2*||x||*||A||*||y||)/epsilon::Departure for MG=2.51617e-09
########## Iterations Summary  ##########=
Iteration Count Information=
Iteration Count Information::Result=PASSED
Iteration Count Information::Reference CG iterations per set=50
Iteration Count Information::Optimized CG iterations per set=50
Iteration Count Information::Total number of reference iterations=750
Iteration Count Information::Total number of optimized iterations=750
########## Reproducibility Summary  ##########=
Reproducibility Information=
Reproducibility Information::Result=PASSED
Reproducibility Information::Scaled residual mean=9.866e-07
Reproducibility Information::Scaled residual variance=0
########## Performance Summary (times in sec) ##########=
Benchmark Time Summary=
Benchmark Time Summary::Optimization phase=6.9e-08
Benchmark Time Summary::DDOT=1.00725
Benchmark Time Summary::WAXPBY=0.20258
Benchmark Time Summary::SpMV=2.25321
Benchmark Time Summary::MG=13.1662
Benchmark Time Summary::Total=16.6308
Floating Point Operations Summary=
Floating Point Operations Summary::Raw DDOT=9.5001e+09
Floating Point Operations Summary::Raw WAXPBY=9.5001e+09
Floating Point Operations Summary::Raw SpMV=8.52867e+10
Floating Point Operations Summary::Raw MG=4.76036e+11
Floating Point Operations Summary::Total=5.80323e+11
Floating Point Operations Summary::Total with convergence overhead=5.80323e+11
GB/s Summary=
GB/s Summary::Raw Read B/W=215.014
GB/s Summary::Raw Write B/W=49.691
GB/s Summary::Raw Total B/W=264.705
GB/s Summary::Total with convergence and optimization phase overhead=262.865
GFLOP/s Summary=
GFLOP/s Summary::Raw DDOT=9.4317
GFLOP/s Summary::Raw WAXPBY=46.8956
GFLOP/s Summary::Raw SpMV=37.8512
GFLOP/s Summary::Raw MG=36.156
GFLOP/s Summary::Raw Total=34.8944
GFLOP/s Summary::Total with convergence overhead=34.8944
GFLOP/s Summary::Total with convergence and optimization phase overhead=34.6519
User Optimization Overheads=
User Optimization Overheads::Optimization phase time (sec)=6.9e-08
User Optimization Overheads::Optimization phase time vs reference SpMV+MG time=3.52759e-06
DDOT Timing Variations=
DDOT Timing Variations::Min DDOT MPI_Allreduce time=0.725268
DDOT Timing Variations::Max DDOT MPI_Allreduce time=0.990372
DDOT Timing Variations::Avg DDOT MPI_Allreduce time=0.83442
Final Summary=
Final Summary::HPCG result is VALID with a GFLOP/s rating of=34.6519
Final Summary::HPCG 2.4 rating for historical reasons is=34.8944
Final Summary::Reference version of ComputeDotProduct used=Performance results are most likely suboptimal
Final Summary::Reference version of ComputeSPMV used=Performance results are most likely suboptimal
Final Summary::Reference version of ComputeMG used=Performance results are most likely suboptimal
Final Summary::Reference version of ComputeWAXPBY used=Performance results are most likely suboptimal
Final Summary::Results are valid but execution time (sec) is=16.6308
Final Summary::Official results execution time (sec) must be at least=1800
HPCG-Benchmark
version=3.1
Release date=March 28, 2019
Machine Summary=
Machine Summary::Distributed Processes=64
Machine Summary::Threads per processes=1
Global Problem Dimensions=
Global Problem Dimensions::Global nx=128
Global Problem Dimensions::Global ny=128
Global Problem Dimensions::Global nz=128
Processor Dimensions=
Processor Dimensions::npx=4
Processor Dimensions::npy=4
Processor Dimensions::npz=4
Local Domain Dimensions=
Local Domain Dimensions::nx=32
Local Domain Dimensions::ny=32
Local Domain Dimensions::Lower ipz=0
Local Domain Dimensions::Upper ipz=3
Local Domain Dimensions::nz=32
########## Problem Summary  ##########=
Setup Information=
Setup Information::Setup Time=0.07778
Linear System Information=
Linear System Information::Number of Equations=2097152
Linear System Information::Number of Nonzero Terms=55742968
Multigrid Information=
Multigrid Information::Number of coarse grid levels=3
Multigrid Information::Coarse Grids=
Multigrid Information::Coarse Grids::Grid Level=1
Multigrid Information::Coarse Grids::Number of Equations=262144
Multigrid Information::Coarse Grids::Number of Nonzero Terms=6859000
Multigrid Information::Coarse Grids::Number of Presmoother Steps=1
Multigrid Information::Coarse Grids::Number of Postsmoother Steps=1
Multigrid Information::Coarse Grids::Grid Level=2
Multigrid Information::Coarse Grids::Number of Equations=32768
Multigrid Information::Coarse Grids::Number of Nonzero Terms=830584
Multigrid Information::Coarse Grids::Number of Presmoother Steps=1
Multigrid Information::Coarse Grids::Number of Postsmoother Steps=1
Multigrid Information::Coarse Grids::Grid Level=3
Multigrid Information::Coarse Grids::Number of Equations=4096
Multigrid Information::Coarse Grids::Number of Nonzero Terms=97336
Multigrid Information::Coarse Grids::Number of Presmoother Steps=1
Multigrid Information::Coarse Grids::Number of Postsmoother Steps=1
########## Memory Use Summary  ##########=
Memory Use Information=
Memory Use Information::Total memory used for data (Gbytes)=1.50319
Memory Use Information::Memory used for OptimizeProblem data (Gbytes)=0
Memory Use Information::Bytes per equation (Total memory / Number of Equations)=716.779
Memory Use Information::Memory used for linear system and CG (Gbytes)=1.32235
Memory Use Information::Coarse Grids=
Memory Use Information::Coarse Grids::Grid Level=1
Memory Use Information::Coarse Grids::Memory used=0.158396
Memory Use Information::Coarse Grids::Grid Level=2
Memory Use Information::Coarse Grids::Memory used=0.0199189
Memory Use Information::Coarse Grids::Grid Level=3
Memory Use Information::Coarse Grids::Memory used=0.00252545
########## V&V Testing Summary  ##########=
Spectral Convergence Tests=
Spectral Convergence Tests::Result=PASSED
Spectral Convergence Tests::Unpreconditioned=
Spectral Convergence Tests::Unpreconditioned::Maximum iteration count=11
Spectral Convergence Tests::Unpreconditioned::Expected iteration count=12
Spectral Convergence Tests::Preconditioned=
Spectral Convergence Tests::Preconditioned::Maximum iteration count=2
Spectral Convergence Tests::Preconditioned::Expected iteration count=2
Departure from Symmetry |x'Ay-y'Ax|/(2*||x||*||A||*||y||)/epsilon=
Departure from Symmetry |x'Ay-y'Ax|/(2*||x||*||A||*||y||)/epsilon::Result=PASSED
Departure from Symmetry |x'Ay-y'Ax|/(2*||x||*||A||*||y||)/epsilon::Departure for SpMV=1.5097e-08
Departure from Symmetry |x'Ay-y'Ax|/(2*||x||*||A||*||y||)/epsilon::Departure for MG=2.51617e-09
########## Iterations Summary  ##########=
Iteration Count Information=
Iteration Count Information::Result=PASSED
Iteration Count Information::Reference CG iterations per set=50
Iteration Count Information::Optimized CG iterations per set=50
Iteration Count Information::Total number of reference iterations=750
Iteration Count Information::Total number of optimized iterations=750
########## Reproducibility Summary  ##########=
Reproducibility Information=
Reproducibility Information::Result=PASSED
Reproducibility Information::Scaled residual mean=9.866e-07
Reproducibility Information::Scaled residual variance=0
########## Performance Summary (times in sec) ##########=
Benchmark Time Summary=
Benchmark Time Summary::Optimization phase=7.1e-08
Benchmark Time Summary::DDOT=0.914746
Benchmark Time Summary::WAXPBY=0.198207
Benchmark Time Summary::SpMV=2.2283
Benchmark Time Summary::MG=12.8592
Benchmark Time Summary::Total=16.2022
Floating Point Operations Summary=
Floating Point Operations Summary::Raw DDOT=9.5001e+09
Floating Point Operations Summary::Raw WAXPBY=9.5001e+09
Floating Point Operations Summary::Raw SpMV=8.52867e+10
Floating Point Operations Summary::Raw MG=4.76036e+11
Floating Point Operations Summary::Total=5.80323e+11
Floating Point Operations Summary::Total with convergence overhead=5.80323e+11
GB/s Summary=
GB/s Summary::Raw Read B/W=220.702
GB/s Summary::Raw Write B/W=51.0055
GB/s Summary::Raw Total B/W=271.707
GB/s Summary::Total with convergence and optimization phase overhead=269.765
GFLOP/s Summary=
GFLOP/s Summary::Raw DDOT=10.3855
GFLOP/s Summary::Raw WAXPBY=47.9301
GFLOP/s Summary::Raw SpMV=38.2744
GFLOP/s Summary::Raw MG=37.0192
GFLOP/s Summary::Raw Total=35.8175
GFLOP/s Summary::Total with convergence overhead=35.8175
GFLOP/s Summary::Total with convergence and optimization phase overhead=35.5614
User Optimization Overheads=
User Optimization Overheads::Optimization phase time (sec)=7.1e-08
User Optimization Overheads::Optimization phase time vs reference SpMV+MG time=3.6437e-06
DDOT Timing Variations=
DDOT Timing Variations::Min DDOT MPI_Allreduce time=0.577322
DDOT Timing Variations::Max DDOT MPI_Allreduce time=0.857288
DDOT Timing Variations::Avg DDOT MPI_Allreduce time=0.729716
Final Summary=
Final Summary::HPCG result is VALID with a GFLOP/s rating of=35.5614
Final Summary::HPCG 2.4 rating for historical reasons is=35.8175
Final Summary::Reference version of ComputeDotProduct used=Performance results are most likely suboptimal
Final Summary::Reference version of ComputeSPMV used=Performance results are most likely suboptimal
Final Summary::Reference version of ComputeMG used=Performance results are most likely suboptimal
Final Summary::Reference version of ComputeWAXPBY used=Performance results are most likely suboptimal
Final Summary::Results are valid but execution time (sec) is=16.2022
Final Summary::Official results execution time (sec) must be at least=1800
HPCG-Benchmark
version=3.1
Release date=March 28, 2019
Machine Summary=
Machine Summary::Distributed Processes=64
Machine Summary::Threads per processes=1
Global Problem Dimensions=
Global Problem Dimensions::Global nx=128
Global Problem Dimensions::Global ny=128
Global Problem Dimensions::Global nz=128
Processor Dimensions=
Processor Dimensions::npx=4
Processor Dimensions::npy=4
Processor Dimensions::npz=4
Local Domain Dimensions=
Local Domain Dimensions::nx=32
Local Domain Dimensions::ny=32
Local Domain Dimensions::Lower ipz=0
Local Domain Dimensions::Upper ipz=3
Local Domain Dimensions::nz=32
########## Problem Summary  ##########=
Setup Information=
Setup Information::Setup Time=0.0775266
Linear System Information=
Linear System Information::Number of Equations=2097152
Linear System Information::Number of Nonzero Terms=55742968
Multigrid Information=
Multigrid Information::Number of coarse grid levels=3
Multigrid Information::Coarse Grids=
Multigrid Information::Coarse Grids::Grid Level=1
Multigrid Information::Coarse Grids::Number of Equations=262144
Multigrid Information::Coarse Grids::Number of Nonzero Terms=6859000
Multigrid Information::Coarse Grids::Number of Presmoother Steps=1
Multigrid Information::Coarse Grids::Number of Postsmoother Steps=1
Multigrid Information::Coarse Grids::Grid Level=2
Multigrid Information::Coarse Grids::Number of Equations=32768
Multigrid Information::Coarse Grids::Number of Nonzero Terms=830584
Multigrid Information::Coarse Grids::Number of Presmoother Steps=1
Multigrid Information::Coarse Grids::Number of Postsmoother Steps=1
Multigrid Information::Coarse Grids::Grid Level=3
Multigrid Information::Coarse Grids::Number of Equations=4096
Multigrid Information::Coarse Grids::Number of Nonzero Terms=97336
Multigrid Information::Coarse Grids::Number of Presmoother Steps=1
Multigrid Information::Coarse Grids::Number of Postsmoother Steps=1
########## Memory Use Summary  ##########=
Memory Use Information=
Memory Use Information::Total memory used for data (Gbytes)=1.50319
Memory Use Information::Memory used for OptimizeProblem data (Gbytes)=0
Memory Use Information::Bytes per equation (Total memory / Number of Equations)=716.779
Memory Use Information::Memory used for linear system and CG (Gbytes)=1.32235
Memory Use Information::Coarse Grids=
Memory Use Information::Coarse Grids::Grid Level=1
Memory Use Information::Coarse Grids::Memory used=0.158396
Memory Use Information::Coarse Grids::Grid Level=2
Memory Use Information::Coarse Grids::Memory used=0.0199189
Memory Use Information::Coarse Grids::Grid Level=3
Memory Use Information::Coarse Grids::Memory used=0.00252545
########## V&V Testing Summary  ##########=
Spectral Convergence Tests=
Spectral Convergence Tests::Result=PASSED
Spectral Convergence Tests::Unpreconditioned=
Spectral Convergence Tests::Unpreconditioned::Maximum iteration count=11
Spectral Convergence Tests::Unpreconditioned::Expected iteration count=12
Spectral Convergence Tests::Preconditioned=
Spectral Convergence Tests::Preconditioned::Maximum iteration count=2
Spectral Convergence Tests::Preconditioned::Expected iteration count=2
Departure from Symmetry |x'Ay-y'Ax|/(2*||x||*||A||*||y||)/epsilon=
Departure from Symmetry |x'Ay-y'Ax|/(2*||x||*||A||*||y||)/epsilon::Result=PASSED
Departure from Symmetry |x'Ay-y'Ax|/(2*||x||*||A||*||y||)/epsilon::Departure for SpMV=1.5097e-08
Departure from Symmetry |x'Ay-y'Ax|/(2*||x||*||A||*||y||)/epsilon::Departure for MG=2.51617e-09
########## Iterations Summary  ##########=
Iteration Count Information=
Iteration Count Information::Result=PASSED
Iteration Count Information::Reference CG iterations per set=50
Iteration Count Information::Optimized CG iterations per set=50
Iteration Count Information::Total number of reference iterations=750
Iteration Count Information::Total number of optimized iterations=750
########## Reproducibility Summary  ##########=
Reproducibility Information=
Reproducibility Information::Result=PASSED
Reproducibility Information::Scaled residual mean=9.866e-07
Reproducibility Information::Scaled residual variance=0
########## Performance Summary (times in sec) ##########=
Benchmark Time Summary=
Benchmark Time Summary::Optimization phase=6.7e-08
Benchmark Time Summary::DDOT=0.601534
Benchmark Time Summary::WAXPBY=0.201341
Benchmark Time Summary::SpMV=2.23757
Benchmark Time Summary::MG=12.7131
Benchmark Time Summary::Total=15.7551
Floating Point Operations Summary=
Floating Point Operations Summary::Raw DDOT=9.5001e+09
Floating Point Operations Summary::Raw WAXPBY=9.5001e+09
Floating Point Operations Summary::Raw SpMV=8.52867e+10
Floating Point Operations Summary::Raw MG=4.76036e+11
Floating Point Operations Summary::Total=5.80323e+11
Floating Point Operations Summary::Total with convergence overhead=5.80323e+11
GB/s Summary=
GB/s Summary::Raw Read B/W=226.964
GB/s Summary::Raw Write B/W=52.4529
GB/s Summary::Raw Total B/W=279.417
GB/s Summary::Total with convergence and optimization phase overhead=277.37
GFLOP/s Summary=
GFLOP/s Summary::Raw DDOT=15.7931
GFLOP/s Summary::Raw WAXPBY=47.1842
GFLOP/s Summary::Raw SpMV=38.1158
GFLOP/s Summary::Raw MG=37.4447
GFLOP/s Summary::Raw Total=36.8339
GFLOP/s Summary::Total with convergence overhead=36.8339
GFLOP/s Summary::Total with convergence and optimization phase overhead=36.564
User Optimization Overheads=
User Optimization Overheads::Optimization phase time (sec)=6.7e-08
User Optimization Overheads::Optimization phase time vs reference SpMV+MG time=3.44103e-06
DDOT Timing Variations=
DDOT Timing Variations::Min DDOT MPI_Allreduce time=0.284213
DDOT Timing Variations::Max DDOT MPI_Allreduce time=0.522267
DDOT Timing Variations::Avg DDOT MPI_Allreduce time=0.404402
Final Summary=
Final Summary::HPCG result is VALID with a GFLOP/s rating of=36.564
Final Summary::HPCG 2.4 rating for historical reasons is=36.8339
Final Summary::Reference version of ComputeDotProduct used=Performance results are most likely suboptimal
Final Summary::Reference version of ComputeSPMV used=Performance results are most likely suboptimal
Final Summary::Reference version of ComputeMG used=Performance results are most likely suboptimal
Final Summary::Reference version of ComputeWAXPBY used=Performance results are most likely suboptimal
Final Summary::Results are valid but execution time (sec) is=15.7551
Final Summary::Official results execution time (sec) must be at least=1800
FLUX-RESULTS END
