ln: failed to create symbolic link '/mnt/flux/view/lib/python': File exists
ln: failed to create symbolic link '/mnt/flux/view/lib/python3': File exists
unlimited
PROGRAM: futex
Looking for /opt/programs/futex/ebpf-collect.c
[19:45:42] Starting eBPF (Tracepoints for futex syscalls).
[19:45:43] BPF program loaded and tracepoints automatically attached.
[19:45:43] Start Indicator file defined '/mnt/flux/start_ebpf_collection'. Waiting.
[19:45:43] Start indicator found. Proceeding.
[19:45:43] Ring buffers opened. Polling for events...
[19:46:44] 
Indicator file '/mnt/flux/stop_ebpf_collection' found. Stopping.
[19:46:44] Cleaning up BPF resources...
{
  "final_aggregated_futex_summary_river": [
    {
      "tgid": 7360,
      "comm": "containerd",
      "cgroup_id": 4085,
      "wait_duration_stats_ns": {
        "count": 4729.0,
        "sum": 1046573941578.0021,
        "mean": 221309778.2994295,
        "median": 1956199.6140680888,
        "min": 345,
        "max": 10061850702,
        "variance_ns2": 1.459609629374452e+18,
        "iqr_ns": 58879808.25149715,
        "q1_ns": 182518.64243588006,
        "q3_ns": 59062326.89393303
      },
      "futex_op_counts": {
        "128": 4729
      },
      "first_seen_ts_ns": 10724134207236,
      "last_seen_ts_ns": 10784986677810
    },
    {
      "tgid": 7391,
      "comm": "kubelet",
      "cgroup_id": 4138,
      "wait_duration_stats_ns": {
        "count": 5414.0,
        "sum": 730877356432.9984,
        "mean": 134997664.65330595,
        "median": 9973284.311822267,
        "min": 368,
        "max": 27166476097,
        "variance_ns2": 1.850935447268656e+18,
        "iqr_ns": 34638534.55362023,
        "q1_ns": 1981531.0256556391,
        "q3_ns": 36620065.57927587
      },
      "futex_op_counts": {
        "128": 5414
      },
      "first_seen_ts_ns": 10724129893174,
      "last_seen_ts_ns": 10784986631388
    },
    {
      "tgid": 8848,
      "comm": "coredns",
      "cgroup_id": 5501,
      "wait_duration_stats_ns": {
        "count": 431.0,
        "sum": 409569997057.99994,
        "mean": 950278415.4477956,
        "median": 358011934.9972102,
        "min": 5081,
        "max": 42972684747,
        "variance_ns2": 1.4889779090192957e+19,
        "iqr_ns": 841762587.6134884,
        "q1_ns": 13508572.669809677,
        "q3_ns": 855271160.2832981
      },
      "futex_op_counts": {
        "128": 431
      },
      "first_seen_ts_ns": 10724174657096,
      "last_seen_ts_ns": 10784804234227
    },
    {
      "tgid": 7486,
      "comm": "containerd-shim",
      "cgroup_id": 4085,
      "wait_duration_stats_ns": {
        "count": 681.0,
        "sum": 386857033795.0007,
        "mean": 568072002.6358306,
        "median": 166654.35515263362,
        "min": 797,
        "max": 25279501443,
        "variance_ns2": 2.823107702752175e+18,
        "iqr_ns": 8272167.251725245,
        "q1_ns": 63125.75644200338,
        "q3_ns": 8335293.008167248
      },
      "futex_op_counts": {
        "128": 681
      },
      "first_seen_ts_ns": 10724267620339,
      "last_seen_ts_ns": 10784297932028
    },
    {
      "tgid": 8846,
      "comm": "coredns",
      "cgroup_id": 5431,
      "wait_duration_stats_ns": {
        "count": 401.0,
        "sum": 293824158220.0001,
        "mean": 732728574.1147135,
        "median": 416663178.8715307,
        "min": 867,
        "max": 18999928206,
        "variance_ns2": 3.644709709483456e+18,
        "iqr_ns": 922568991.4438992,
        "q1_ns": 43776467.99726959,
        "q3_ns": 966345459.4411688
      },
      "futex_op_counts": {
        "128": 401
      },
      "first_seen_ts_ns": 10724172871349,
      "last_seen_ts_ns": 10784804495344
    },
    {
      "tgid": 252555,
      "comm": "containerd-shim",
      "cgroup_id": 4085,
      "wait_duration_stats_ns": {
        "count": 228.0,
        "sum": 273078656087.99982,
        "mean": 1197713403.894736,
        "median": 6348555.206383486,
        "min": 3308,
        "max": 28184133114,
        "variance_ns2": 1.345097161108777e+19,
        "iqr_ns": 69543491.48500922,
        "q1_ns": 3747293.3654775284,
        "q3_ns": 73290784.85048676
      },
      "futex_op_counts": {
        "128": 228
      },
      "first_seen_ts_ns": 10724689442022,
      "last_seen_ts_ns": 10785048081020
    },
    {
      "tgid": 7635,
      "comm": "kube-proxy",
      "cgroup_id": 4871,
      "wait_duration_stats_ns": {
        "count": 58.0,
        "sum": 271389479671.99994,
        "mean": 4679128959.862068,
        "median": 2019044131.1922562,
        "min": 973,
        "max": 53530763758,
        "variance_ns2": 7.903499877656217e+19,
        "iqr_ns": 2313670155.222647,
        "q1_ns": 619435079.704168,
        "q3_ns": 2933105234.926815
      },
      "futex_op_counts": {
        "128": 58
      },
      "first_seen_ts_ns": 10725380511004,
      "last_seen_ts_ns": 10780062096419
    },
    {
      "tgid": 10589,
      "comm": "manager",
      "cgroup_id": 6249,
      "wait_duration_stats_ns": {
        "count": 476.0,
        "sum": 232148535089.00003,
        "mean": 487707006.4894959,
        "median": 273717380.64019173,
        "min": 790,
        "max": 46797364446,
        "variance_ns2": 5.098408631176324e+18,
        "iqr_ns": 455215144.6962035,
        "q1_ns": 36162140.51563958,
        "q3_ns": 491377285.2118431
      },
      "futex_op_counts": {
        "128": 476
      },
      "first_seen_ts_ns": 10724268698427,
      "last_seen_ts_ns": 10784769029308
    },
    {
      "tgid": 9853,
      "comm": "metrics-server",
      "cgroup_id": 5921,
      "wait_duration_stats_ns": {
        "count": 1014.0,
        "sum": 223010707957.00006,
        "mean": 219931664.65187383,
        "median": 114200409.60539833,
        "min": 944,
        "max": 20001123715,
        "variance_ns2": 7.846757962148037e+17,
        "iqr_ns": 111107381.6663283,
        "q1_ns": 74257096.00262536,
        "q3_ns": 185364477.66895366
      },
      "futex_op_counts": {
        "128": 1014
      },
      "first_seen_ts_ns": 10724284252190,
      "last_seen_ts_ns": 10784899795314
    },
    {
      "tgid": 8685,
      "comm": "containerd-shim",
      "cgroup_id": 4085,
      "wait_duration_stats_ns": {
        "count": 56.0,
        "sum": 220142735288.99997,
        "mean": 3931120273.0178566,
        "median": 467610052.49242854,
        "min": 1040,
        "max": 30010603058,
        "variance_ns2": 5.478427540324569e+19,
        "iqr_ns": 4635188771.916363,
        "q1_ns": 33292146.039536126,
        "q3_ns": 4668480917.955899
      },
      "futex_op_counts": {
        "128": 56
      },
      "first_seen_ts_ns": 10727908863897,
      "last_seen_ts_ns": 10777132373856
    },
    {
      "tgid": 7921,
      "comm": "aws-k8s-agent",
      "cgroup_id": 5011,
      "wait_duration_stats_ns": {
        "count": 175.0,
        "sum": 216689527602.0,
        "mean": 1238225872.0114286,
        "median": 486406275.4486825,
        "min": 10117,
        "max": 49577366724,
        "variance_ns2": 1.6182343583509217e+19,
        "iqr_ns": 1384448272.1757329,
        "q1_ns": 8334495.020569881,
        "q3_ns": 1392782767.1963027
      },
      "futex_op_counts": {
        "128": 175
      },
      "first_seen_ts_ns": 10724754961385,
      "last_seen_ts_ns": 10783297456812
    },
    {
      "tgid": 10440,
      "comm": "containerd-shim",
      "cgroup_id": 4085,
      "wait_duration_stats_ns": {
        "count": 78.0,
        "sum": 210215665873.00003,
        "mean": 2695072639.397436,
        "median": 109233103.51321068,
        "min": 20409,
        "max": 29999712159,
        "variance_ns2": 3.5540254157694386e+19,
        "iqr_ns": 2590242796.387429,
        "q1_ns": 5268938.131151941,
        "q3_ns": 2595511734.5185814
      },
      "futex_op_counts": {
        "128": 78
      },
      "first_seen_ts_ns": 10727056645205,
      "last_seen_ts_ns": 10777132706028
    },
    {
      "tgid": 10525,
      "comm": "kube-rbac-proxy",
      "cgroup_id": 6179,
      "wait_duration_stats_ns": {
        "count": 38.0,
        "sum": 204811036205.0,
        "mean": 5389764110.657895,
        "median": 4978101051.956801,
        "min": 9975640,
        "max": 14987174311,
        "variance_ns2": 4.568481047970093e+18,
        "iqr_ns": 81936353.33638096,
        "q1_ns": 4918287925.025825,
        "q3_ns": 5000224278.3622055
      },
      "futex_op_counts": {
        "128": 38
      },
      "first_seen_ts_ns": 10733760036330,
      "last_seen_ts_ns": 10783757232342
    },
    {
      "tgid": 252227,
      "comm": "containerd-shim",
      "cgroup_id": 4085,
      "wait_duration_stats_ns": {
        "count": 58.0,
        "sum": 200179014202.99994,
        "mean": 3451362313.8448267,
        "median": 1017361699.1594281,
        "min": 1323,
        "max": 29999608406,
        "variance_ns2": 3.807261185733233e+19,
        "iqr_ns": 4681963885.954088,
        "q1_ns": 132612506.73006296,
        "q3_ns": 4814576392.684151
      },
      "futex_op_counts": {
        "128": 58
      },
      "first_seen_ts_ns": 10727909487898,
      "last_seen_ts_ns": 10777133028003
    },
    {
      "tgid": 8683,
      "comm": "containerd-shim",
      "cgroup_id": 4085,
      "wait_duration_stats_ns": {
        "count": 299.0,
        "sum": 200151508539.00003,
        "mean": 669403038.5919733,
        "median": 42766973.19497334,
        "min": 448,
        "max": 29998171089,
        "variance_ns2": 9.333073525934694e+18,
        "iqr_ns": 383398668.1694248,
        "q1_ns": 2703408.891834397,
        "q3_ns": 386102077.06125915
      },
      "futex_op_counts": {
        "128": 299
      },
      "first_seen_ts_ns": 10727907591707,
      "last_seen_ts_ns": 10777131124863
    },
    {
      "tgid": 9851,
      "comm": "metrics-server",
      "cgroup_id": 5851,
      "wait_duration_stats_ns": {
        "count": 1010.0,
        "sum": 198158652873.99976,
        "mean": 196196686.01386115,
        "median": 115365313.36261986,
        "min": 1274,
        "max": 18814107422,
        "variance_ns2": 6.686495068911258e+17,
        "iqr_ns": 94115160.67098731,
        "q1_ns": 78400256.52626634,
        "q3_ns": 172515417.19725364
      },
      "futex_op_counts": {
        "128": 1010
      },
      "first_seen_ts_ns": 10724292229308,
      "last_seen_ts_ns": 10784971578769
    },
    {
      "tgid": 9778,
      "comm": "containerd-shim",
      "cgroup_id": 4085,
      "wait_duration_stats_ns": {
        "count": 51.0,
        "sum": 195232213051.00003,
        "mean": 3828082608.8431377,
        "median": 834552364.6466861,
        "min": 16952,
        "max": 29994628017,
        "variance_ns2": 4.721328500303474e+19,
        "iqr_ns": 3543742281.221348,
        "q1_ns": 23347595.730213106,
        "q3_ns": 3567089876.951561
      },
      "futex_op_counts": {
        "128": 51
      },
      "first_seen_ts_ns": 10727905705126,
      "last_seen_ts_ns": 10777129183317
    },
    {
      "tgid": 9397,
      "comm": "containerd-shim",
      "cgroup_id": 4085,
      "wait_duration_stats_ns": {
        "count": 51.0,
        "sum": 190149209357.00003,
        "mean": 3728415869.7450986,
        "median": 851307718.9522735,
        "min": 1870,
        "max": 30007860766,
        "variance_ns2": 4.2553128039137575e+19,
        "iqr_ns": 4411018825.502585,
        "q1_ns": 65920651.462490365,
        "q3_ns": 4476939476.9650755
      },
      "futex_op_counts": {
        "128": 51
      },
      "first_seen_ts_ns": 10727908270959,
      "last_seen_ts_ns": 10777131799678
    },
    {
      "tgid": 7488,
      "comm": "containerd-shim",
      "cgroup_id": 4085,
      "wait_duration_stats_ns": {
        "count": 52.0,
        "sum": 172317745027.00003,
        "mean": 3313802788.9807696,
        "median": 1020812071.3606933,
        "min": 772,
        "max": 29979323988,
        "variance_ns2": 2.613991537505068e+19,
        "iqr_ns": 5278363624.46416,
        "q1_ns": 22679342.029996973,
        "q3_ns": 5301042966.494157
      },
      "futex_op_counts": {
        "128": 52
      },
      "first_seen_ts_ns": 10727906672256,
      "last_seen_ts_ns": 10783249827423
    },
    {
      "tgid": 8052,
      "comm": "controller",
      "cgroup_id": 5081,
      "wait_duration_stats_ns": {
        "count": 270.0,
        "sum": 169400915022.9999,
        "mean": 627410796.3814812,
        "median": 496108452.97998405,
        "min": 1868,
        "max": 10000570075,
        "variance_ns2": 1.5811187044568504e+18,
        "iqr_ns": 6657767.240503609,
        "q1_ns": 492940171.628465,
        "q3_ns": 499597938.8689686
      },
      "futex_op_counts": {
        "128": 270
      },
      "first_seen_ts_ns": 10724955375752,
      "last_seen_ts_ns": 10784955766157
    },
    {
      "tgid": 7394,
      "comm": "ssm-agent-worke",
      "cgroup_id": 3429,
      "wait_duration_stats_ns": {
        "count": 102.0,
        "sum": 130464997724.0,
        "mean": 1279068605.137255,
        "median": 1271502770.0155687,
        "min": 10217,
        "max": 8714650711,
        "variance_ns2": 1.3230430493679107e+18,
        "iqr_ns": 1667877852.960067,
        "q1_ns": 363655810.50523156,
        "q3_ns": 2031533663.4652987
      },
      "futex_op_counts": {
        "128": 102
      },
      "first_seen_ts_ns": 10726387808067,
      "last_seen_ts_ns": 10784891731334
    },
    {
      "tgid": 7277,
      "comm": "amazon-ssm-agen",
      "cgroup_id": 3429,
      "wait_duration_stats_ns": {
        "count": 363.0,
        "sum": 3981173732.0,
        "mean": 10967420.749311294,
        "median": 189828.0347373439,
        "min": 6960,
        "max": 995414491,
        "variance_ns2": 1.0767174537781444e+16,
        "iqr_ns": 890899.8590937463,
        "q1_ns": 14130.35604241363,
        "q3_ns": 905030.2151361599
      },
      "futex_op_counts": {
        "128": 363
      },
      "first_seen_ts_ns": 10752307134551,
      "last_seen_ts_ns": 10753308568224
    },
    {
      "tgid": 253603,
      "comm": "runc",
      "cgroup_id": 4085,
      "wait_duration_stats_ns": {
        "count": 323.0,
        "sum": 3681488499.0,
        "mean": 11397797.210526315,
        "median": 399743.2652668157,
        "min": 511,
        "max": 505740747,
        "variance_ns2": 2640857649033029.5,
        "iqr_ns": 7623147.777652638,
        "q1_ns": 51076.757863090854,
        "q3_ns": 7674224.535515729
      },
      "futex_op_counts": {
        "128": 323
      },
      "first_seen_ts_ns": 10773220247108,
      "last_seen_ts_ns": 10773750660995
    },
    {
      "tgid": 253482,
      "comm": "runc",
      "cgroup_id": 4085,
      "wait_duration_stats_ns": {
        "count": 299.0,
        "sum": 3569907408.9999995,
        "mean": 11939489.662207356,
        "median": 4188817.947164098,
        "min": 3844,
        "max": 460402879,
        "variance_ns2": 2579042203316787.0,
        "iqr_ns": 14305356.401957849,
        "q1_ns": 33968.09305894132,
        "q3_ns": 14339324.49501679
      },
      "futex_op_counts": {
        "128": 299
      },
      "first_seen_ts_ns": 10758000034046,
      "last_seen_ts_ns": 10758530621107
    },
    {
      "tgid": 253307,
      "comm": "runc",
      "cgroup_id": 4085,
      "wait_duration_stats_ns": {
        "count": 304.0,
        "sum": 3241494221.9999995,
        "mean": 10662809.940789472,
        "median": 3979852.243816338,
        "min": 426,
        "max": 376048848,
        "variance_ns2": 1541595142400024.2,
        "iqr_ns": 15986363.383507274,
        "q1_ns": 44955.98331721159,
        "q3_ns": 16031319.366824485
      },
      "futex_op_counts": {
        "128": 304
      },
      "first_seen_ts_ns": 10733220031341,
      "last_seen_ts_ns": 10733716286499
    },
    {
      "tgid": 253429,
      "comm": "runc",
      "cgroup_id": 4085,
      "wait_duration_stats_ns": {
        "count": 227.0,
        "sum": 3096748219.0,
        "mean": 13642062.63876652,
        "median": 500835.76430776884,
        "min": 1375,
        "max": 440412038,
        "variance_ns2": 3694070505680241.5,
        "iqr_ns": 11004796.207021348,
        "q1_ns": 48332.196447512935,
        "q3_ns": 11053128.40346886
      },
      "futex_op_counts": {
        "128": 227
      },
      "first_seen_ts_ns": 10748030053836,
      "last_seen_ts_ns": 10748500608622
    },
    {
      "tgid": 253353,
      "comm": "runc",
      "cgroup_id": 4085,
      "wait_duration_stats_ns": {
        "count": 351.0,
        "sum": 2954104905.000001,
        "mean": 8416253.290598294,
        "median": 254394.85622460168,
        "min": 480,
        "max": 422619903,
        "variance_ns2": 1555099612108639.8,
        "iqr_ns": 6367523.307960881,
        "q1_ns": 29378.86560588165,
        "q3_ns": 6396902.173566762
      },
      "futex_op_counts": {
        "128": 351
      },
      "first_seen_ts_ns": 10743204503756,
      "last_seen_ts_ns": 10743627412882
    },
    {
      "tgid": 253558,
      "comm": "runc",
      "cgroup_id": 4085,
      "wait_duration_stats_ns": {
        "count": 237.0,
        "sum": 2924500299.9999995,
        "mean": 12339663.713080166,
        "median": 3914454.507956108,
        "min": 3916,
        "max": 470426672,
        "variance_ns2": 2282324928582533.0,
        "iqr_ns": 14808530.367639257,
        "q1_ns": 71557.49873484968,
        "q3_ns": 14880087.866374107
      },
      "futex_op_counts": {
        "128": 237
      },
      "first_seen_ts_ns": 10763230035099,
      "last_seen_ts_ns": 10763740618241
    },
    {
      "tgid": 253626,
      "comm": "runc",
      "cgroup_id": 4085,
      "wait_duration_stats_ns": {
        "count": 386.0,
        "sum": 2894031087.0,
        "mean": 7497489.862694301,
        "median": 145191.71324394597,
        "min": 419,
        "max": 411364277,
        "variance_ns2": 1680108949927058.0,
        "iqr_ns": 5714644.110025286,
        "q1_ns": 28226.907537988347,
        "q3_ns": 5742871.017563274
      },
      "futex_op_counts": {
        "128": 386
      },
      "first_seen_ts_ns": 10778010037557,
      "last_seen_ts_ns": 10778430626702
    },
    {
      "tgid": 253581,
      "comm": "runc",
      "cgroup_id": 4085,
      "wait_duration_stats_ns": {
        "count": 283.0,
        "sum": 2627746597.0,
        "mean": 9285323.664310955,
        "median": 777330.7600602201,
        "min": 7156,
        "max": 401557508,
        "variance_ns2": 2540893581661423.0,
        "iqr_ns": 8534346.061072817,
        "q1_ns": 35470.82727234298,
        "q3_ns": 8569816.88834516
      },
      "futex_op_counts": {
        "128": 283
      },
      "first_seen_ts_ns": 10768030036881,
      "last_seen_ts_ns": 10768510657368
    },
    {
      "tgid": 253281,
      "comm": "runc",
      "cgroup_id": 4085,
      "wait_duration_stats_ns": {
        "count": 313.0,
        "sum": 2426498733.000001,
        "mean": 7752392.118210865,
        "median": 1238481.2243053187,
        "min": 4485,
        "max": 347423767,
        "variance_ns2": 1264394633562844.8,
        "iqr_ns": 13319813.964751467,
        "q1_ns": 43129.564727407625,
        "q3_ns": 13362943.529478874
      },
      "futex_op_counts": {
        "128": 313
      },
      "first_seen_ts_ns": 10728040045977,
      "last_seen_ts_ns": 10728390606636
    },
    {
      "tgid": 253455,
      "comm": "runc",
      "cgroup_id": 4085,
      "wait_duration_stats_ns": {
        "count": 233.0,
        "sum": 1987042859.0,
        "mean": 8528080.939914163,
        "median": 816545.8789095024,
        "min": 3814,
        "max": 260373532,
        "variance_ns2": 954849590670077.2,
        "iqr_ns": 17401971.947999086,
        "q1_ns": 60945.35521711412,
        "q3_ns": 17462917.3032162
      },
      "futex_op_counts": {
        "128": 233
      },
      "first_seen_ts_ns": 10753220261047,
      "last_seen_ts_ns": 10753530571590
    },
    {
      "tgid": 253591,
      "comm": "runc:[2:INIT]",
      "cgroup_id": 5011,
      "wait_duration_stats_ns": {
        "count": 23.0,
        "sum": 1546576446.0,
        "mean": 67242454.17391305,
        "median": 34013931.55520772,
        "min": 66954,
        "max": 249864194,
        "variance_ns2": 7721443543276577.0,
        "iqr_ns": 88876175.21825118,
        "q1_ns": 21674757.43083082,
        "q3_ns": 110550932.649082
      },
      "futex_op_counts": {
        "128": 23
      },
      "first_seen_ts_ns": 10768210032069,
      "last_seen_ts_ns": 10768530038980
    },
    {
      "tgid": 253441,
      "comm": "runc:[2:INIT]",
      "cgroup_id": 5011,
      "wait_duration_stats_ns": {
        "count": 29.0,
        "sum": 1366679071.9999995,
        "mean": 47126864.55172412,
        "median": 29869984.78532498,
        "min": 3029,
        "max": 199976888,
        "variance_ns2": 2710506108627149.5,
        "iqr_ns": 31897557.09389027,
        "q1_ns": 20876658.4661836,
        "q3_ns": 52774215.56007387
      },
      "futex_op_counts": {
        "128": 29
      },
      "first_seen_ts_ns": 10748220036182,
      "last_seen_ts_ns": 10748520034921
    },
    {
      "tgid": 253614,
      "comm": "runc:[2:INIT]",
      "cgroup_id": 5011,
      "wait_duration_stats_ns": {
        "count": 27.0,
        "sum": 1317031614.0,
        "mean": 48778948.666666664,
        "median": 21926895.439033695,
        "min": 179879,
        "max": 209863697,
        "variance_ns2": 3729324102640712.5,
        "iqr_ns": 20440847.424533833,
        "q1_ns": 10952203.968087796,
        "q3_ns": 31393051.39262163
      },
      "futex_op_counts": {
        "128": 27
      },
      "first_seen_ts_ns": 10773490038702,
      "last_seen_ts_ns": 10773770035135
    },
    {
      "tgid": 253467,
      "comm": "runc:[2:INIT]",
      "cgroup_id": 5011,
      "wait_duration_stats_ns": {
        "count": 29.0,
        "sum": 1156244189.0000005,
        "mean": 39870489.27586208,
        "median": 26947699.968944952,
        "min": 508,
        "max": 165584469,
        "variance_ns2": 2910072275496903.0,
        "iqr_ns": 43257722.37219155,
        "q1_ns": 8163642.379552439,
        "q3_ns": 51421364.75174399
      },
      "futex_op_counts": {
        "128": 29
      },
      "first_seen_ts_ns": 10753314361643,
      "last_seen_ts_ns": 10753550067970
    },
    {
      "tgid": 253637,
      "comm": "runc:[2:INIT]",
      "cgroup_id": 5011,
      "wait_duration_stats_ns": {
        "count": 26.0,
        "sum": 1138368695.9999998,
        "mean": 43783411.38461538,
        "median": 16746791.976914607,
        "min": 1150,
        "max": 199961325,
        "variance_ns2": 4627709670493617.0,
        "iqr_ns": 37243266.600413576,
        "q1_ns": 117948.73152243596,
        "q3_ns": 37361215.33193601
      },
      "futex_op_counts": {
        "128": 26
      },
      "first_seen_ts_ns": 10778201837198,
      "last_seen_ts_ns": 10778440037543
    },
    {
      "tgid": 253331,
      "comm": "runc",
      "cgroup_id": 4085,
      "wait_duration_stats_ns": {
        "count": 342.0,
        "sum": 1096038970.0,
        "mean": 3204792.3099415204,
        "median": 98083.16526231516,
        "min": 4040,
        "max": 182499738,
        "variance_ns2": 525866664348270.44,
        "iqr_ns": 470919.9678539106,
        "q1_ns": 14919.714794649692,
        "q3_ns": 485839.68264856027
      },
      "futex_op_counts": {
        "128": 342
      },
      "first_seen_ts_ns": 10737995519620,
      "last_seen_ts_ns": 10738180856004
    },
    {
      "tgid": 253568,
      "comm": "runc:[2:INIT]",
      "cgroup_id": 5011,
      "wait_duration_stats_ns": {
        "count": 26.0,
        "sum": 1046790783.9999998,
        "mean": 40261183.99999999,
        "median": 13799435.773367614,
        "min": 1594471,
        "max": 173162735,
        "variance_ns2": 2482882597284094.0,
        "iqr_ns": 35145772.77796034,
        "q1_ns": 7330301.033274346,
        "q3_ns": 42476073.81123468
      },
      "futex_op_counts": {
        "128": 26
      },
      "first_seen_ts_ns": 10763530034412,
      "last_seen_ts_ns": 10763741998902
    },
    {
      "tgid": 253393,
      "comm": "xhpcg",
      "cgroup_id": 83932,
      "wait_duration_stats_ns": {
        "count": 125.0,
        "sum": 979849523.0000001,
        "mean": 7838796.184000001,
        "median": 4882566.420701618,
        "min": 16434,
        "max": 25481021,
        "variance_ns2": 36027030010478.53,
        "iqr_ns": 7877871.910069888,
        "q1_ns": 4082948.4526429367,
        "q3_ns": 11960820.362712825
      },
      "futex_op_counts": {
        "128": 125
      },
      "first_seen_ts_ns": 10744443757752,
      "last_seen_ts_ns": 10761959883393
    },
    {
      "tgid": 253384,
      "comm": "xhpcg",
      "cgroup_id": 83932,
      "wait_duration_stats_ns": {
        "count": 124.0,
        "sum": 976611559.0000004,
        "mean": 7875899.669354842,
        "median": 4586796.333373259,
        "min": 12698,
        "max": 24731137,
        "variance_ns2": 43378241292995.12,
        "iqr_ns": 8356821.849830609,
        "q1_ns": 3693767.1770503656,
        "q3_ns": 12050589.026880974
      },
      "futex_op_counts": {
        "128": 124
      },
      "first_seen_ts_ns": 10744443660517,
      "last_seen_ts_ns": 10761959965989
    },
    {
      "tgid": 253493,
      "comm": "runc:[2:INIT]",
      "cgroup_id": 5011,
      "wait_duration_stats_ns": {
        "count": 25.0,
        "sum": 973802014.0000002,
        "mean": 38952080.56000001,
        "median": 32631918.40070768,
        "min": 14722,
        "max": 139871450,
        "variance_ns2": 2203955161081089.2,
        "iqr_ns": 26314066.969321944,
        "q1_ns": 15215592.986209624,
        "q3_ns": 41529659.95553157
      },
      "futex_op_counts": {
        "128": 25
      },
      "first_seen_ts_ns": 10758340052112,
      "last_seen_ts_ns": 10758550036285
    },
    {
      "tgid": 253385,
      "comm": "xhpcg",
      "cgroup_id": 83932,
      "wait_duration_stats_ns": {
        "count": 122.0,
        "sum": 963368484.0000001,
        "mean": 7896462.983606558,
        "median": 5386380.561526306,
        "min": 7713,
        "max": 25491978,
        "variance_ns2": 35842152130408.91,
        "iqr_ns": 8166058.545790382,
        "q1_ns": 4010130.1661981368,
        "q3_ns": 12176188.711988518
      },
      "futex_op_counts": {
        "128": 122
      },
      "first_seen_ts_ns": 10744443631128,
      "last_seen_ts_ns": 10761959879976
    },
    {
      "tgid": 253407,
      "comm": "xhpcg",
      "cgroup_id": 83932,
      "wait_duration_stats_ns": {
        "count": 125.0,
        "sum": 955961976.0000001,
        "mean": 7647695.808000001,
        "median": 4552791.55955567,
        "min": 18121,
        "max": 28291237,
        "variance_ns2": 42647237843602.57,
        "iqr_ns": 8189280.317617724,
        "q1_ns": 3585991.827898036,
        "q3_ns": 11775272.14551576
      },
      "futex_op_counts": {
        "128": 125
      },
      "first_seen_ts_ns": 10744443917467,
      "last_seen_ts_ns": 10761959876146
    },
    {
      "tgid": 253392,
      "comm": "xhpcg",
      "cgroup_id": 83932,
      "wait_duration_stats_ns": {
        "count": 114.0,
        "sum": 936418018.9999999,
        "mean": 8214193.149122806,
        "median": 5281038.599856696,
        "min": 32964,
        "max": 24731873,
        "variance_ns2": 42602637016479.44,
        "iqr_ns": 9088518.291618634,
        "q1_ns": 3622541.8123995615,
        "q3_ns": 12711060.104018196
      },
      "futex_op_counts": {
        "128": 114
      },
      "first_seen_ts_ns": 10744443760943,
      "last_seen_ts_ns": 10761960074061
    },
    {
      "tgid": 253390,
      "comm": "xhpcg",
      "cgroup_id": 83932,
      "wait_duration_stats_ns": {
        "count": 137.0,
        "sum": 934750603.0000001,
        "mean": 6822997.102189782,
        "median": 4310254.48143706,
        "min": 42881,
        "max": 28826348,
        "variance_ns2": 32473731334712.34,
        "iqr_ns": 7303915.684572779,
        "q1_ns": 3509747.725103812,
        "q3_ns": 10813663.409676591
      },
      "futex_op_counts": {
        "128": 137
      },
      "first_seen_ts_ns": 10744443729947,
      "last_seen_ts_ns": 10761959930067
    },
    {
      "tgid": 253402,
      "comm": "xhpcg",
      "cgroup_id": 83932,
      "wait_duration_stats_ns": {
        "count": 100.0,
        "sum": 926786302.0000001,
        "mean": 9267863.020000001,
        "median": 8488681.162728528,
        "min": 34389,
        "max": 25507634,
        "variance_ns2": 48415924321760.414,
        "iqr_ns": 10360399.06892512,
        "q1_ns": 2695344.4448137926,
        "q3_ns": 13055743.513738913
      },
      "futex_op_counts": {
        "128": 100
      },
      "first_seen_ts_ns": 10744443670476,
      "last_seen_ts_ns": 10761959863858
    },
    {
      "tgid": 253381,
      "comm": "xhpcg",
      "cgroup_id": 83932,
      "wait_duration_stats_ns": {
        "count": 103.0,
        "sum": 920588445.0000001,
        "mean": 8937751.893203884,
        "median": 7430200.545824447,
        "min": 18817,
        "max": 25475706,
        "variance_ns2": 45997891212595.94,
        "iqr_ns": 9830444.557598457,
        "q1_ns": 2974752.5414912044,
        "q3_ns": 12805197.099089662
      },
      "futex_op_counts": {
        "128": 103
      },
      "first_seen_ts_ns": 10744443772976,
      "last_seen_ts_ns": 10761959862074
    },
    {
      "tgid": 253400,
      "comm": "xhpcg",
      "cgroup_id": 83932,
      "wait_duration_stats_ns": {
        "count": 102.0,
        "sum": 914756667.0,
        "mean": 8968202.61764706,
        "median": 6531238.216062823,
        "min": 59822,
        "max": 24715097,
        "variance_ns2": 47281053671853.62,
        "iqr_ns": 10103386.450169535,
        "q1_ns": 3108661.9367158483,
        "q3_ns": 13212048.386885384
      },
      "futex_op_counts": {
        "128": 102
      },
      "first_seen_ts_ns": 10744443740042,
      "last_seen_ts_ns": 10761959925739
    },
    {
      "tgid": 253395,
      "comm": "xhpcg",
      "cgroup_id": 83932,
      "wait_duration_stats_ns": {
        "count": 119.0,
        "sum": 913804047.9999998,
        "mean": 7679025.613445376,
        "median": 4658140.1284501385,
        "min": 24163,
        "max": 24747697,
        "variance_ns2": 35965314263224.01,
        "iqr_ns": 9511315.162655067,
        "q1_ns": 3207423.371755057,
        "q3_ns": 12718738.534410123
      },
      "futex_op_counts": {
        "128": 119
      },
      "first_seen_ts_ns": 10744443672741,
      "last_seen_ts_ns": 10761959875064
    },
    {
      "tgid": 253383,
      "comm": "xhpcg",
      "cgroup_id": 83932,
      "wait_duration_stats_ns": {
        "count": 112.0,
        "sum": 913035692.0000001,
        "mean": 8152104.392857144,
        "median": 5296447.782882545,
        "min": 38916,
        "max": 23631598,
        "variance_ns2": 39891321837201.92,
        "iqr_ns": 9672538.978816697,
        "q1_ns": 3280624.7633725796,
        "q3_ns": 12953163.742189277
      },
      "futex_op_counts": {
        "128": 112
      },
      "first_seen_ts_ns": 10744443663462,
      "last_seen_ts_ns": 10761959930191
    },
    {
      "tgid": 253382,
      "comm": "xhpcg",
      "cgroup_id": 83932,
      "wait_duration_stats_ns": {
        "count": 105.0,
        "sum": 909743485.9999999,
        "mean": 8664223.676190475,
        "median": 6113858.511372424,
        "min": 57428,
        "max": 24735511,
        "variance_ns2": 39576278610610.41,
        "iqr_ns": 9512428.486270834,
        "q1_ns": 3370739.7172259996,
        "q3_ns": 12883168.203496834
      },
      "futex_op_counts": {
        "128": 105
      },
      "first_seen_ts_ns": 10744443949409,
      "last_seen_ts_ns": 10761959857946
    },
    {
      "tgid": 253387,
      "comm": "xhpcg",
      "cgroup_id": 83932,
      "wait_duration_stats_ns": {
        "count": 114.0,
        "sum": 906653424.0,
        "mean": 7953100.2105263155,
        "median": 5680183.568309777,
        "min": 1196,
        "max": 24152229,
        "variance_ns2": 35141436110487.832,
        "iqr_ns": 9315509.149962418,
        "q1_ns": 3523153.7465684004,
        "q3_ns": 12838662.896530818
      },
      "futex_op_counts": {
        "128": 114
      },
      "first_seen_ts_ns": 10744443806975,
      "last_seen_ts_ns": 10761960058119
    },
    {
      "tgid": 253404,
      "comm": "xhpcg",
      "cgroup_id": 83932,
      "wait_duration_stats_ns": {
        "count": 119.0,
        "sum": 906394655.0,
        "mean": 7616761.806722689,
        "median": 4989879.120964102,
        "min": 27679,
        "max": 24706865,
        "variance_ns2": 36932886406958.22,
        "iqr_ns": 9710810.212819677,
        "q1_ns": 2901480.757100075,
        "q3_ns": 12612290.969919752
      },
      "futex_op_counts": {
        "128": 119
      },
      "first_seen_ts_ns": 10744443768813,
      "last_seen_ts_ns": 10761959964448
    },
    {
      "tgid": 253398,
      "comm": "xhpcg",
      "cgroup_id": 83932,
      "wait_duration_stats_ns": {
        "count": 122.0,
        "sum": 904605763.9999998,
        "mean": 7414801.344262294,
        "median": 5292128.798840688,
        "min": 23004,
        "max": 24757219,
        "variance_ns2": 36674550399573.375,
        "iqr_ns": 9581097.23758914,
        "q1_ns": 2837740.5088210204,
        "q3_ns": 12418837.74641016
      },
      "futex_op_counts": {
        "128": 122
      },
      "first_seen_ts_ns": 10744443710528,
      "last_seen_ts_ns": 10761959873393
    },
    {
      "tgid": 253341,
      "comm": "runc:[2:INIT]",
      "cgroup_id": 5011,
      "wait_duration_stats_ns": {
        "count": 26.0,
        "sum": 902495832.0,
        "mean": 34711378.15384615,
        "median": 11372626.700268535,
        "min": 831,
        "max": 159317576,
        "variance_ns2": 3444906370477135.5,
        "iqr_ns": 29024895.75080518,
        "q1_ns": 928068.1387389152,
        "q3_ns": 29952963.889544096
      },
      "futex_op_counts": {
        "128": 26
      },
      "first_seen_ts_ns": 10738010696081,
      "last_seen_ts_ns": 10738194812581
    },
    {
      "tgid": 253405,
      "comm": "xhpcg",
      "cgroup_id": 83932,
      "wait_duration_stats_ns": {
        "count": 111.0,
        "sum": 883364015.9999996,
        "mean": 7958234.378378375,
        "median": 5539054.664767698,
        "min": 1697,
        "max": 24707730,
        "variance_ns2": 39360746857049.46,
        "iqr_ns": 10069110.226935491,
        "q1_ns": 2659103.1454806766,
        "q3_ns": 12728213.372416167
      },
      "futex_op_counts": {
        "128": 111
      },
      "first_seen_ts_ns": 10744443741633,
      "last_seen_ts_ns": 10761959870112
    },
    {
      "tgid": 253364,
      "comm": "runc:[2:INIT]",
      "cgroup_id": 5011,
      "wait_duration_stats_ns": {
        "count": 23.0,
        "sum": 824723632.0000002,
        "mean": 35857549.21739131,
        "median": 5744746.505270347,
        "min": 12026,
        "max": 176830158,
        "variance_ns2": 3314458674095775.5,
        "iqr_ns": 49277998.09616502,
        "q1_ns": 1085863.4078060095,
        "q3_ns": 50363861.503971025
      },
      "futex_op_counts": {
        "128": 23
      },
      "first_seen_ts_ns": 10743460033994,
      "last_seen_ts_ns": 10743627417290
    },
    {
      "tgid": 253231,
      "comm": "xhpcg",
      "cgroup_id": 83932,
      "wait_duration_stats_ns": {
        "count": 112.0,
        "sum": 743172601.0000001,
        "mean": 6635469.6517857155,
        "median": 4744804.752434449,
        "min": 40323,
        "max": 24137729,
        "variance_ns2": 33322920514532.18,
        "iqr_ns": 8034096.211747866,
        "q1_ns": 2203968.638182891,
        "q3_ns": 10238064.849930758
      },
      "futex_op_counts": {
        "128": 112
      },
      "first_seen_ts_ns": 10725537491604,
      "last_seen_ts_ns": 10743632423144
    },
    {
      "tgid": 253251,
      "comm": "xhpcg",
      "cgroup_id": 83932,
      "wait_duration_stats_ns": {
        "count": 107.0,
        "sum": 736660251.9999999,
        "mean": 6884675.252336447,
        "median": 4346309.0340656275,
        "min": 2028,
        "max": 24168764,
        "variance_ns2": 36754676786086.3,
        "iqr_ns": 9496466.039379522,
        "q1_ns": 2354403.9221798806,
        "q3_ns": 11850869.961559404
      },
      "futex_op_counts": {
        "128": 107
      },
      "first_seen_ts_ns": 10725537576455,
      "last_seen_ts_ns": 10743632444897
    },
    {
      "tgid": 253232,
      "comm": "xhpcg",
      "cgroup_id": 83932,
      "wait_duration_stats_ns": {
        "count": 121.0,
        "sum": 730062076.0,
        "mean": 6033570.876033057,
        "median": 4685959.642034935,
        "min": 39640,
        "max": 24130348,
        "variance_ns2": 29279128904216.527,
        "iqr_ns": 6057714.701347467,
        "q1_ns": 2394073.6259378586,
        "q3_ns": 8451788.327285325
      },
      "futex_op_counts": {
        "128": 121
      },
      "first_seen_ts_ns": 10725537664907,
      "last_seen_ts_ns": 10743633546519
    },
    {
      "tgid": 253238,
      "comm": "xhpcg",
      "cgroup_id": 83932,
      "wait_duration_stats_ns": {
        "count": 121.0,
        "sum": 727770877.0000002,
        "mean": 6014635.34710744,
        "median": 4107351.6981161945,
        "min": 115485,
        "max": 24127075,
        "variance_ns2": 31848418389502.543,
        "iqr_ns": 7529151.069633237,
        "q1_ns": 1585047.3785764992,
        "q3_ns": 9114198.448209736
      },
      "futex_op_counts": {
        "128": 121
      },
      "first_seen_ts_ns": 10725537577214,
      "last_seen_ts_ns": 10743632711236
    },
    {
      "tgid": 253249,
      "comm": "xhpcg",
      "cgroup_id": 83932,
      "wait_duration_stats_ns": {
        "count": 117.0,
        "sum": 725905561.0000004,
        "mean": 6204321.034188037,
        "median": 4729845.394828363,
        "min": 34407,
        "max": 24144669,
        "variance_ns2": 33939338258914.293,
        "iqr_ns": 6746830.782419535,
        "q1_ns": 2119887.898116463,
        "q3_ns": 8866718.680535998
      },
      "futex_op_counts": {
        "128": 117
      },
      "first_seen_ts_ns": 10725537662359,
      "last_seen_ts_ns": 10743633104449
    },
    {
      "tgid": 253235,
      "comm": "xhpcg",
      "cgroup_id": 83932,
      "wait_duration_stats_ns": {
        "count": 108.0,
        "sum": 721194098.0000004,
        "mean": 6677723.129629633,
        "median": 4729696.981508307,
        "min": 1629,
        "max": 24064798,
        "variance_ns2": 37570424391847.16,
        "iqr_ns": 8498682.841576941,
        "q1_ns": 2015150.854265791,
        "q3_ns": 10513833.695842732
      },
      "futex_op_counts": {
        "128": 108
      },
      "first_seen_ts_ns": 10725537482501,
      "last_seen_ts_ns": 10743633099403
    },
    {
      "tgid": 253234,
      "comm": "xhpcg",
      "cgroup_id": 83932,
      "wait_duration_stats_ns": {
        "count": 101.0,
        "sum": 717400908.0000002,
        "mean": 7102979.287128715,
        "median": 4838948.834563181,
        "min": 22490,
        "max": 23989142,
        "variance_ns2": 41007714698221.01,
        "iqr_ns": 8539082.099338284,
        "q1_ns": 2430413.935387814,
        "q3_ns": 10969496.034726098
      },
      "futex_op_counts": {
        "128": 101
      },
      "first_seen_ts_ns": 10725537876602,
      "last_seen_ts_ns": 10743632433417
    },
    {
      "tgid": 253243,
      "comm": "xhpcg",
      "cgroup_id": 83932,
      "wait_duration_stats_ns": {
        "count": 99.0,
        "sum": 714296243.9999998,
        "mean": 7215113.575757573,
        "median": 5546096.902885263,
        "min": 49225,
        "max": 24172253,
        "variance_ns2": 40780738748931.76,
        "iqr_ns": 9631715.403580062,
        "q1_ns": 1822621.1201016726,
        "q3_ns": 11454336.523681736
      },
      "futex_op_counts": {
        "128": 99
      },
      "first_seen_ts_ns": 10725537468901,
      "last_seen_ts_ns": 10743632583046
    },
    {
      "tgid": 253257,
      "comm": "xhpcg",
      "cgroup_id": 83932,
      "wait_duration_stats_ns": {
        "count": 118.0,
        "sum": 710463456.9999999,
        "mean": 6020876.754237287,
        "median": 4208528.789845705,
        "min": 22146,
        "max": 28974460,
        "variance_ns2": 36850293198877.15,
        "iqr_ns": 6718518.290122084,
        "q1_ns": 1704488.0448516437,
        "q3_ns": 8423006.334973728
      },
      "futex_op_counts": {
        "128": 118
      },
      "first_seen_ts_ns": 10725537558295,
      "last_seen_ts_ns": 10743632732562
    },
    {
      "tgid": 253242,
      "comm": "xhpcg",
      "cgroup_id": 83932,
      "wait_duration_stats_ns": {
        "count": 110.0,
        "sum": 706310976.0000001,
        "mean": 6421008.872727274,
        "median": 4429965.343952775,
        "min": 6991,
        "max": 24026001,
        "variance_ns2": 34532836360019.395,
        "iqr_ns": 8970587.32097695,
        "q1_ns": 1833395.0246621286,
        "q3_ns": 10803982.34563908
      },
      "futex_op_counts": {
        "128": 110
      },
      "first_seen_ts_ns": 10725537476166,
      "last_seen_ts_ns": 10743633303164
    },
    {
      "tgid": 253245,
      "comm": "xhpcg",
      "cgroup_id": 83932,
      "wait_duration_stats_ns": {
        "count": 118.0,
        "sum": 698382492.0,
        "mean": 5918495.694915255,
        "median": 4483474.078835625,
        "min": 22848,
        "max": 23981519,
        "variance_ns2": 30441667593452.438,
        "iqr_ns": 7214117.37060712,
        "q1_ns": 1632459.2645485692,
        "q3_ns": 8846576.635155689
      },
      "futex_op_counts": {
        "128": 118
      },
      "first_seen_ts_ns": 10725537599024,
      "last_seen_ts_ns": 10743632420680
    },
    {
      "tgid": 253233,
      "comm": "xhpcg",
      "cgroup_id": 83932,
      "wait_duration_stats_ns": {
        "count": 109.0,
        "sum": 691350780.9999998,
        "mean": 6342667.7155963285,
        "median": 4637840.057467524,
        "min": 15164,
        "max": 24152164,
        "variance_ns2": 34877110423573.645,
        "iqr_ns": 8688372.598740367,
        "q1_ns": 1444417.4522100291,
        "q3_ns": 10132790.050950397
      },
      "futex_op_counts": {
        "128": 109
      },
      "first_seen_ts_ns": 10725537465620,
      "last_seen_ts_ns": 10743632422722
    },
    {
      "tgid": 253253,
      "comm": "xhpcg",
      "cgroup_id": 83932,
      "wait_duration_stats_ns": {
        "count": 104.0,
        "sum": 680531336.9999998,
        "mean": 6543570.548076921,
        "median": 4863785.073603996,
        "min": 1457,
        "max": 24694103,
        "variance_ns2": 36490868529459.4,
        "iqr_ns": 8065718.107324777,
        "q1_ns": 2110465.6049530297,
        "q3_ns": 10176183.712277807
      },
      "futex_op_counts": {
        "128": 104
      },
      "first_seen_ts_ns": 10725537611853,
      "last_seen_ts_ns": 10743633001020
    },
    {
      "tgid": 253240,
      "comm": "xhpcg",
      "cgroup_id": 83932,
      "wait_duration_stats_ns": {
        "count": 109.0,
        "sum": 679501077.9999999,
        "mean": 6233954.8440366965,
        "median": 4687651.426622647,
        "min": 1881,
        "max": 24157638,
        "variance_ns2": 34475927106374.31,
        "iqr_ns": 8322834.310264754,
        "q1_ns": 1459248.2487570017,
        "q3_ns": 9782082.559021756
      },
      "futex_op_counts": {
        "128": 109
      },
      "first_seen_ts_ns": 10725537643320,
      "last_seen_ts_ns": 10743633253486
    },
    {
      "tgid": 253292,
      "comm": "runc:[2:INIT]",
      "cgroup_id": 5011,
      "wait_duration_stats_ns": {
        "count": 27.0,
        "sum": 678776666.0000001,
        "mean": 25139876.518518522,
        "median": 20240069.58677232,
        "min": 102671,
        "max": 89866429,
        "variance_ns2": 727080615041491.9,
        "iqr_ns": 21618173.851501197,
        "q1_ns": 8264765.633280383,
        "q3_ns": 29882939.48478158
      },
      "futex_op_counts": {
        "128": 27
      },
      "first_seen_ts_ns": 10728270030149,
      "last_seen_ts_ns": 10728400034503
    },
    {
      "tgid": 253247,
      "comm": "xhpcg",
      "cgroup_id": 83932,
      "wait_duration_stats_ns": {
        "count": 107.0,
        "sum": 677471031.0000001,
        "mean": 6331504.962616824,
        "median": 4573147.953827577,
        "min": 25565,
        "max": 24162314,
        "variance_ns2": 34686880083730.27,
        "iqr_ns": 8178346.311770884,
        "q1_ns": 1665050.7301137948,
        "q3_ns": 9843397.04188468
      },
      "futex_op_counts": {
        "128": 107
      },
      "first_seen_ts_ns": 10725537524989,
      "last_seen_ts_ns": 10743633175674
    },
    {
      "tgid": 253255,
      "comm": "xhpcg",
      "cgroup_id": 83932,
      "wait_duration_stats_ns": {
        "count": 112.0,
        "sum": 677031882.0,
        "mean": 6044927.517857143,
        "median": 4392437.909991472,
        "min": 6916,
        "max": 24143781,
        "variance_ns2": 34595934244060.45,
        "iqr_ns": 8360258.252501268,
        "q1_ns": 1431877.973254377,
        "q3_ns": 9792136.225755645
      },
      "futex_op_counts": {
        "128": 112
      },
      "first_seen_ts_ns": 10725537526827,
      "last_seen_ts_ns": 10743633452804
    },
    {
      "tgid": 253318,
      "comm": "runc:[2:INIT]",
      "cgroup_id": 5011,
      "wait_duration_stats_ns": {
        "count": 28.0,
        "sum": 616725230.0,
        "mean": 22025901.07142857,
        "median": 7775078.538762649,
        "min": 9669,
        "max": 129871042,
        "variance_ns2": 1204523598405177.8,
        "iqr_ns": 17147440.21252861,
        "q1_ns": 3212064.048507111,
        "q3_ns": 20359504.26103572
      },
      "futex_op_counts": {
        "128": 28
      },
      "first_seen_ts_ns": 10733590033875,
      "last_seen_ts_ns": 10733716273659
    },
    {
      "tgid": 253857,
      "comm": "runc",
      "cgroup_id": 4085,
      "wait_duration_stats_ns": {
        "count": 360.0,
        "sum": 593846782.0000001,
        "mean": 1649574.3944444447,
        "median": 90309.73018615348,
        "min": 3030,
        "max": 86612737,
        "variance_ns2": 121700449003677.23,
        "iqr_ns": 380912.49091741245,
        "q1_ns": 18090.0116858215,
        "q3_ns": 399002.50260323397
      },
      "futex_op_counts": {
        "128": 360
      },
      "first_seen_ts_ns": 10783204533416,
      "last_seen_ts_ns": 10783293483376
    },
    {
      "tgid": 253868,
      "comm": "runc:[2:INIT]",
      "cgroup_id": 5011,
      "wait_duration_stats_ns": {
        "count": 24.0,
        "sum": 402227632.99999994,
        "mean": 16759484.70833333,
        "median": 485671.948822296,
        "min": 17998,
        "max": 80388784,
        "variance_ns2": 1068677238899448.5,
        "iqr_ns": 8678008.902147582,
        "q1_ns": 226016.53026785716,
        "q3_ns": 8904025.432415439
      },
      "futex_op_counts": {
        "128": 24
      },
      "first_seen_ts_ns": 10783212406226,
      "last_seen_ts_ns": 10783293398678
    },
    {
      "tgid": 253530,
      "comm": "xhpcg",
      "cgroup_id": 83932,
      "wait_duration_stats_ns": {
        "count": 72.0,
        "sum": 401983191.00000006,
        "mean": 5583099.875000001,
        "median": 4138059.595543107,
        "min": 16458,
        "max": 26573731,
        "variance_ns2": 22239509111148.61,
        "iqr_ns": 6680506.4393308535,
        "q1_ns": 3309144.7883786247,
        "q3_ns": 9989651.227709478
      },
      "futex_op_counts": {
        "128": 72
      },
      "first_seen_ts_ns": 10762767138902,
      "last_seen_ts_ns": 10779137886268
    },
    {
      "tgid": 253513,
      "comm": "xhpcg",
      "cgroup_id": 83932,
      "wait_duration_stats_ns": {
        "count": 68.0,
        "sum": 397170213.0000001,
        "mean": 5840738.42647059,
        "median": 3575163.7639664775,
        "min": 14655,
        "max": 23663614,
        "variance_ns2": 35268562177940.71,
        "iqr_ns": 6837547.484192011,
        "q1_ns": 1369409.2164450258,
        "q3_ns": 8206956.700637037
      },
      "futex_op_counts": {
        "128": 68
      },
      "first_seen_ts_ns": 10762767175673,
      "last_seen_ts_ns": 10779137955632
    },
    {
      "tgid": 253512,
      "comm": "xhpcg",
      "cgroup_id": 83932,
      "wait_duration_stats_ns": {
        "count": 63.0,
        "sum": 388719344.0,
        "mean": 6170148.317460317,
        "median": 4208744.379636771,
        "min": 65837,
        "max": 23660605,
        "variance_ns2": 34187758705742.734,
        "iqr_ns": 9426066.627836075,
        "q1_ns": 1388120.4657406355,
        "q3_ns": 10814187.09357671
      },
      "futex_op_counts": {
        "128": 63
      },
      "first_seen_ts_ns": 10762767050929,
      "last_seen_ts_ns": 10779137939936
    },
    {
      "tgid": 253520,
      "comm": "xhpcg",
      "cgroup_id": 83932,
      "wait_duration_stats_ns": {
        "count": 59.0,
        "sum": 377625222.9999999,
        "mean": 6400427.508474574,
        "median": 4736748.719063764,
        "min": 33238,
        "max": 23594934,
        "variance_ns2": 43631539187412.766,
        "iqr_ns": 10293453.268168775,
        "q1_ns": 634646.5806320799,
        "q3_ns": 10928099.848800855
      },
      "futex_op_counts": {
        "128": 59
      },
      "first_seen_ts_ns": 10762767281391,
      "last_seen_ts_ns": 10779137890239
    },
    {
      "tgid": 253526,
      "comm": "xhpcg",
      "cgroup_id": 83932,
      "wait_duration_stats_ns": {
        "count": 56.0,
        "sum": 377541623.0,
        "mean": 6741814.696428572,
        "median": 4045176.454173397,
        "min": 39889,
        "max": 23527012,
        "variance_ns2": 43607674128089.12,
        "iqr_ns": 10896683.19272653,
        "q1_ns": 1197558.9896541466,
        "q3_ns": 12094242.182380676
      },
      "futex_op_counts": {
        "128": 56
      },
      "first_seen_ts_ns": 10762767145167,
      "last_seen_ts_ns": 10779137923900
    },
    {
      "tgid": 253518,
      "comm": "xhpcg",
      "cgroup_id": 83932,
      "wait_duration_stats_ns": {
        "count": 59.0,
        "sum": 377219437.99999994,
        "mean": 6393549.796610168,
        "median": 4817674.316008543,
        "min": 15124,
        "max": 23639434,
        "variance_ns2": 39513582615945.99,
        "iqr_ns": 9698149.36884992,
        "q1_ns": 1238862.7652248421,
        "q3_ns": 10937012.134074762
      },
      "futex_op_counts": {
        "128": 59
      },
      "first_seen_ts_ns": 10762767064093,
      "last_seen_ts_ns": 10779137899035
    },
    {
      "tgid": 253292,
      "comm": "grpc-health-pro",
      "cgroup_id": 5011,
      "wait_duration_stats_ns": {
        "count": 15.0,
        "sum": 376116758.0,
        "mean": 25074450.53333333,
        "median": 21520580.191166665,
        "min": 9953566,
        "max": 49973912,
        "variance_ns2": 186583812088220.0,
        "iqr_ns": 9551628.627659652,
        "q1_ns": 19372058.712916665,
        "q3_ns": 28923687.340576317
      },
      "futex_op_counts": {
        "128": 15
      },
      "first_seen_ts_ns": 10728430033906,
      "last_seen_ts_ns": 10728500031017
    },
    {
      "tgid": 253528,
      "comm": "xhpcg",
      "cgroup_id": 83932,
      "wait_duration_stats_ns": {
        "count": 53.0,
        "sum": 375215850.9999999,
        "mean": 7079544.358490564,
        "median": 4967488.936980062,
        "min": 30146,
        "max": 23634780,
        "variance_ns2": 46329196847478.84,
        "iqr_ns": 11225976.59538437,
        "q1_ns": 831488.3167220755,
        "q3_ns": 12057464.912106447
      },
      "futex_op_counts": {
        "128": 53
      },
      "first_seen_ts_ns": 10762767074674,
      "last_seen_ts_ns": 10779137833051
    },
    {
      "tgid": 253536,
      "comm": "xhpcg",
      "cgroup_id": 83932,
      "wait_duration_stats_ns": {
        "count": 52.0,
        "sum": 374931622.9999999,
        "mean": 7210223.519230767,
        "median": 5684889.080636674,
        "min": 55006,
        "max": 23666628,
        "variance_ns2": 46022840333598.04,
        "iqr_ns": 11240861.04243731,
        "q1_ns": 1065552.6564109218,
        "q3_ns": 12306413.69884823
      },
      "futex_op_counts": {
        "128": 52
      },
      "first_seen_ts_ns": 10762767148515,
      "last_seen_ts_ns": 10779137857180
    },
    {
      "tgid": 253524,
      "comm": "xhpcg",
      "cgroup_id": 83932,
      "wait_duration_stats_ns": {
        "count": 62.0,
        "sum": 374736768.9999998,
        "mean": 6044141.435483868,
        "median": 3747907.384574252,
        "min": 26930,
        "max": 23876899,
        "variance_ns2": 35861100781171.59,
        "iqr_ns": 8803894.471119398,
        "q1_ns": 1235211.9620235434,
        "q3_ns": 10039106.433142941
      },
      "futex_op_counts": {
        "128": 62
      },
      "first_seen_ts_ns": 10762767078003,
      "last_seen_ts_ns": 10779138003275
    },
    {
      "tgid": 253510,
      "comm": "xhpcg",
      "cgroup_id": 83932,
      "wait_duration_stats_ns": {
        "count": 49.0,
        "sum": 370799091.00000006,
        "mean": 7567328.387755103,
        "median": 5337840.023587847,
        "min": 111689,
        "max": 23965849,
        "variance_ns2": 39212020729758.5,
        "iqr_ns": 10339814.613874849,
        "q1_ns": 2355341.8500565896,
        "q3_ns": 12695156.463931438
      },
      "futex_op_counts": {
        "128": 49
      },
      "first_seen_ts_ns": 10762767228714,
      "last_seen_ts_ns": 10779138096257
    },
    {
      "tgid": 253441,
      "comm": "grpc-health-pro",
      "cgroup_id": 5011,
      "wait_duration_stats_ns": {
        "count": 14.0,
        "sum": 367479352.0,
        "mean": 26248525.14285714,
        "median": 20905949.025,
        "min": 9965469,
        "max": 59987915,
        "variance_ns2": 241375347027551.38,
        "iqr_ns": 9982296.746203706,
        "q1_ns": 17672048.958657406,
        "q3_ns": 27654345.704861112
      },
      "futex_op_counts": {
        "128": 14
      },
      "first_seen_ts_ns": 10748550040145,
      "last_seen_ts_ns": 10748620036522
    },
    {
      "tgid": 253532,
      "comm": "xhpcg",
      "cgroup_id": 83932,
      "wait_duration_stats_ns": {
        "count": 58.0,
        "sum": 362908717.00000006,
        "mean": 6257046.844827587,
        "median": 3390421.7802660447,
        "min": 67974,
        "max": 24009682,
        "variance_ns2": 36070657317760.44,
        "iqr_ns": 10918392.595155481,
        "q1_ns": 1252534.7665605037,
        "q3_ns": 12170927.361715985
      },
      "futex_op_counts": {
        "128": 58
      },
      "first_seen_ts_ns": 10762767250778,
      "last_seen_ts_ns": 10779137853622
    },
    {
      "tgid": 253514,
      "comm": "xhpcg",
      "cgroup_id": 83932,
      "wait_duration_stats_ns": {
        "count": 52.0,
        "sum": 362823797.99999994,
        "mean": 6977380.730769229,
        "median": 3410187.5204983153,
        "min": 18113,
        "max": 23971062,
        "variance_ns2": 36350385131513.36,
        "iqr_ns": 10654465.908507563,
        "q1_ns": 2140699.955531314,
        "q3_ns": 12795165.864038877
      },
      "futex_op_counts": {
        "128": 52
      },
      "first_seen_ts_ns": 10762767330048,
      "last_seen_ts_ns": 10779137900691
    },
    {
      "tgid": 253534,
      "comm": "xhpcg",
      "cgroup_id": 83932,
      "wait_duration_stats_ns": {
        "count": 57.0,
        "sum": 359280159.0,
        "mean": 6303160.684210526,
        "median": 3603660.92716516,
        "min": 159393,
        "max": 24005515,
        "variance_ns2": 36543185333354.375,
        "iqr_ns": 10321147.639740061,
        "q1_ns": 1371778.5364956958,
        "q3_ns": 11692926.176235758
      },
      "futex_op_counts": {
        "128": 57
      },
      "first_seen_ts_ns": 10762767174044,
      "last_seen_ts_ns": 10779137950929
    },
    {
      "tgid": 253517,
      "comm": "xhpcg",
      "cgroup_id": 83932,
      "wait_duration_stats_ns": {
        "count": 55.0,
        "sum": 357898153.0000002,
        "mean": 6507239.145454548,
        "median": 4269438.610439459,
        "min": 42159,
        "max": 23998829,
        "variance_ns2": 36928843998517.086,
        "iqr_ns": 11361902.01207369,
        "q1_ns": 1393486.3674334008,
        "q3_ns": 12755388.37950709
      },
      "futex_op_counts": {
        "128": 55
      },
      "first_seen_ts_ns": 10762767027918,
      "last_seen_ts_ns": 10779137909379
    },
    {
      "tgid": 253511,
      "comm": "xhpcg",
      "cgroup_id": 83932,
      "wait_duration_stats_ns": {
        "count": 52.0,
        "sum": 356144314.00000006,
        "mean": 6848929.115384617,
        "median": 3806150.095046961,
        "min": 52288,
        "max": 23981390,
        "variance_ns2": 37261934329666.42,
        "iqr_ns": 10903396.170804748,
        "q1_ns": 1802055.3312147602,
        "q3_ns": 12705451.502019508
      },
      "futex_op_counts": {
        "128": 52
      },
      "first_seen_ts_ns": 10762767146224,
      "last_seen_ts_ns": 10779137948275
    },
    {
      "tgid": 253522,
      "comm": "xhpcg",
      "cgroup_id": 83932,
      "wait_duration_stats_ns": {
        "count": 48.0,
        "sum": 354646835.0,
        "mean": 7388475.729166667,
        "median": 3751566.7469226765,
        "min": 53241,
        "max": 23991531,
        "variance_ns2": 38716121255318.47,
        "iqr_ns": 10545017.452698259,
        "q1_ns": 2084378.5477614482,
        "q3_ns": 12629396.000459706
      },
      "futex_op_counts": {
        "128": 48
      },
      "first_seen_ts_ns": 10762767188109,
      "last_seen_ts_ns": 10779137944485
    },
    {
      "tgid": 253637,
      "comm": "grpc-health-pro",
      "cgroup_id": 5011,
      "wait_duration_stats_ns": {
        "count": 12.0,
        "sum": 306152509.0,
        "mean": 25512709.083333332,
        "median": 20377922.625,
        "min": 9961759,
        "max": 49993243,
        "variance_ns2": 158001863682470.1,
        "iqr_ns": 9096466.636959877,
        "q1_ns": 17141944.75,
        "q3_ns": 26238411.386959877
      },
      "futex_op_counts": {
        "128": 12
      },
      "first_seen_ts_ns": 10778470037573,
      "last_seen_ts_ns": 10778530036018
    },
    {
      "tgid": 253568,
      "comm": "grpc-health-pro",
      "cgroup_id": 5011,
      "wait_duration_stats_ns": {
        "count": 13.0,
        "sum": 237392836.0,
        "mean": 18260987.384615384,
        "median": 20861866.830493826,
        "min": 12382,
        "max": 38398806,
        "variance_ns2": 144823357039403.75,
        "iqr_ns": 15808323.906090533,
        "q1_ns": 8611238.115,
        "q3_ns": 24419562.021090534
      },
      "futex_op_counts": {
        "128": 13
      },
      "first_seen_ts_ns": 10763760034868,
      "last_seen_ts_ns": 10763800038588
    },
    {
      "tgid": 253341,
      "comm": "grpc-health-pro",
      "cgroup_id": 5011,
      "wait_duration_stats_ns": {
        "count": 11.0,
        "sum": 181036750.0,
        "mean": 16457886.363636363,
        "median": 13146444.566666668,
        "min": 732057,
        "max": 39986575,
        "variance_ns2": 180933367476267.84,
        "iqr_ns": 19592493.241655238,
        "q1_ns": 3237661.0,
        "q3_ns": 22830154.241655238
      },
      "futex_op_counts": {
        "128": 11
      },
      "first_seen_ts_ns": 10738197488147,
      "last_seen_ts_ns": 10738240032352
    },
    {
      "tgid": 253493,
      "comm": "grpc-health-pro",
      "cgroup_id": 5011,
      "wait_duration_stats_ns": {
        "count": 12.0,
        "sum": 176025569.0,
        "mean": 14668797.416666666,
        "median": 12606996.916666666,
        "min": 1124,
        "max": 28838105,
        "variance_ns2": 124765524392624.27,
        "iqr_ns": 19749567.024088543,
        "q1_ns": 549194.0,
        "q3_ns": 20298761.024088543
      },
      "futex_op_counts": {
        "128": 12
      },
      "first_seen_ts_ns": 10758580035733,
      "last_seen_ts_ns": 10758610066034
    },
    {
      "tgid": 253467,
      "comm": "grpc-health-pro",
      "cgroup_id": 5011,
      "wait_duration_stats_ns": {
        "count": 14.0,
        "sum": 93537684.99999999,
        "mean": 6681263.214285714,
        "median": 2857298.2975000003,
        "min": 14085,
        "max": 19978255,
        "variance_ns2": 35583774043871.875,
        "iqr_ns": 8965311.435799398,
        "q1_ns": 302028.0016666667,
        "q3_ns": 9267339.437466064
      },
      "futex_op_counts": {
        "128": 14
      },
      "first_seen_ts_ns": 10753561977620,
      "last_seen_ts_ns": 10753590029531
    },
    {
      "tgid": 253591,
      "comm": "grpc-health-pro",
      "cgroup_id": 5011,
      "wait_duration_stats_ns": {
        "count": 12.0,
        "sum": 45852407.0,
        "mean": 3821033.916666667,
        "median": 659090.5,
        "min": 5648,
        "max": 15432893,
        "variance_ns2": 36859385702691.72,
        "iqr_ns": 1905860.458767361,
        "q1_ns": 65523.16666666667,
        "q3_ns": 1971383.6254340278
      },
      "futex_op_counts": {
        "128": 12
      },
      "first_seen_ts_ns": 10768543328069,
      "last_seen_ts_ns": 10768560064494
    },
    {
      "tgid": 253614,
      "comm": "grpc-health-pro",
      "cgroup_id": 5011,
      "wait_duration_stats_ns": {
        "count": 10.0,
        "sum": 42186683.0,
        "mean": 4218668.3,
        "median": 2080571.6759259258,
        "min": 9213,
        "max": 9994326,
        "variance_ns2": 16265510602658.01,
        "iqr_ns": 5926802.602880659,
        "q1_ns": 93104.0,
        "q3_ns": 6019906.602880659
      },
      "futex_op_counts": {
        "128": 10
      },
      "first_seen_ts_ns": 10773784059629,
      "last_seen_ts_ns": 10773800042456
    },
    {
      "tgid": 253318,
      "comm": "grpc-health-pro",
      "cgroup_id": 5011,
      "wait_duration_stats_ns": {
        "count": 31.0,
        "sum": 27637122.999999996,
        "mean": 891520.0967741935,
        "median": 121533.31617384325,
        "min": 9543,
        "max": 10853835,
        "variance_ns2": 7128038635445.091,
        "iqr_ns": 503645.85983464343,
        "q1_ns": 31105.743033548377,
        "q3_ns": 534751.6028681918
      },
      "futex_op_counts": {
        "128": 31
      },
      "first_seen_ts_ns": 10733718143335,
      "last_seen_ts_ns": 10733730035994
    },
    {
      "tgid": 253364,
      "comm": "grpc-health-pro",
      "cgroup_id": 5011,
      "wait_duration_stats_ns": {
        "count": 25.0,
        "sum": 10143988.999999998,
        "mean": 405759.55999999994,
        "median": 256263.44333907054,
        "min": 14399,
        "max": 1429741,
        "variance_ns2": 217653426245.25668,
        "iqr_ns": 442548.7167742933,
        "q1_ns": 96212.66141337871,
        "q3_ns": 538761.378187672
      },
      "futex_op_counts": {
        "128": 25
      },
      "first_seen_ts_ns": 10743629464013,
      "last_seen_ts_ns": 10743632068200
    },
    {
      "tgid": 253868,
      "comm": "grpc-health-pro",
      "cgroup_id": 5011,
      "wait_duration_stats_ns": {
        "count": 32.0,
        "sum": 10006362.0,
        "mean": 312698.8125,
        "median": 113185.98341540214,
        "min": 8728,
        "max": 1436299,
        "variance_ns2": 187132279065.18948,
        "iqr_ns": 391254.7226010945,
        "q1_ns": 32859.94019411634,
        "q3_ns": 424114.66279521084
      },
      "futex_op_counts": {
        "128": 32
      },
      "first_seen_ts_ns": 10783295022265,
      "last_seen_ts_ns": 10783297561166
    },
    {
      "tgid": 253077,
      "comm": "flux-broker-0",
      "cgroup_id": 83932,
      "wait_duration_stats_ns": {
        "count": 207.0,
        "sum": 315453.99999999994,
        "mean": 1523.9323671497582,
        "median": 561.0224101221925,
        "min": 272,
        "max": 12931,
        "variance_ns2": 5105883.966277379,
        "iqr_ns": 1162.996716106942,
        "q1_ns": 384.1175498373209,
        "q3_ns": 1547.1142659442628
      },
      "futex_op_counts": {
        "128": 207
      },
      "first_seen_ts_ns": 10724689002631,
      "last_seen_ts_ns": 10784967106151
    },
    {
      "tgid": 253228,
      "comm": "python3",
      "cgroup_id": 83932,
      "wait_duration_stats_ns": {
        "count": 1.0,
        "sum": 1652.0,
        "mean": 1652.0,
        "median": 1652.0,
        "min": 1652,
        "max": 1652,
        "variance_ns2": null,
        "iqr_ns": 0.0,
        "q1_ns": 1652.0,
        "q3_ns": 1652.0
      },
      "futex_op_counts": {
        "128": 1
      },
      "first_seen_ts_ns": 10729890567366,
      "last_seen_ts_ns": 10729890567366
    }
  ]
}
[19:46:44] Cleanup complete.
