ln: failed to create symbolic link '/mnt/flux/view/lib/python': File exists
ln: failed to create symbolic link '/mnt/flux/view/lib/python3': File exists
unlimited
PROGRAM: futex
Looking for /opt/programs/futex/ebpf-collect.c
[21:44:29] Starting eBPF (Tracepoints for futex syscalls).
[21:44:30] BPF program loaded and tracepoints automatically attached.
[21:44:30] Start Indicator file defined '/mnt/flux/start_ebpf_collection'. Waiting.
[21:44:30] Start indicator found. Proceeding.
[21:44:30] Ring buffers opened. Polling for events...
[21:45:33] 
Indicator file '/mnt/flux/stop_ebpf_collection' found. Stopping.
[21:45:33] Cleaning up BPF resources...
{
  "final_aggregated_futex_summary_river": [
    {
      "tgid": 4762,
      "comm": "containerd",
      "cgroup_id": 4085,
      "wait_duration_stats_ns": {
        "count": 5455.0,
        "sum": 1445808962966.9954,
        "mean": 265042889.63647944,
        "median": 1128748.4358021542,
        "min": 391,
        "max": 20434177150,
        "variance_ns2": 2.2671222958795492e+18,
        "iqr_ns": 68375794.18765049,
        "q1_ns": 60066.52776941521,
        "q3_ns": 68435860.7154199
      },
      "futex_op_counts": {
        "128": 5455
      },
      "first_seen_ts_ns": 2126129282231,
      "last_seen_ts_ns": 2189603923769
    },
    {
      "tgid": 4805,
      "comm": "kubelet",
      "cgroup_id": 4138,
      "wait_duration_stats_ns": {
        "count": 6162.0,
        "sum": 1053636078642.001,
        "mean": 170989301.9542358,
        "median": 14870926.494599104,
        "min": 438,
        "max": 54277245908,
        "variance_ns2": 5.919427719475882e+18,
        "iqr_ns": 30814392.953082576,
        "q1_ns": 2253008.395815655,
        "q3_ns": 33067401.348898232
      },
      "futex_op_counts": {
        "128": 6162
      },
      "first_seen_ts_ns": 2126174482815,
      "last_seen_ts_ns": 2189604504749
    },
    {
      "tgid": 4911,
      "comm": "containerd-shim",
      "cgroup_id": 4085,
      "wait_duration_stats_ns": {
        "count": 784.0,
        "sum": 419889648199.99963,
        "mean": 535573530.86734647,
        "median": 73352.5180138962,
        "min": 601,
        "max": 20877967688,
        "variance_ns2": 2.8385109635254707e+18,
        "iqr_ns": 1327938.8930398498,
        "q1_ns": 59095.84276769035,
        "q3_ns": 1387034.7358075401
      },
      "futex_op_counts": {
        "128": 784
      },
      "first_seen_ts_ns": 2128984781846,
      "last_seen_ts_ns": 2189126825186
    },
    {
      "tgid": 7691,
      "comm": "coredns",
      "cgroup_id": 5921,
      "wait_duration_stats_ns": {
        "count": 497.0,
        "sum": 315169000898.00037,
        "mean": 634142858.9496989,
        "median": 295089782.48333275,
        "min": 403,
        "max": 37994650064,
        "variance_ns2": 3.9164179198007373e+18,
        "iqr_ns": 895461675.1452675,
        "q1_ns": 47842592.16299321,
        "q3_ns": 943304267.3082607
      },
      "futex_op_counts": {
        "128": 497
      },
      "first_seen_ts_ns": 2126315281103,
      "last_seen_ts_ns": 2189315631246
    },
    {
      "tgid": 7688,
      "comm": "coredns",
      "cgroup_id": 5851,
      "wait_duration_stats_ns": {
        "count": 474.0,
        "sum": 311645202419.00006,
        "mean": 657479329.9978905,
        "median": 359025182.5910774,
        "min": 484,
        "max": 30000123577,
        "variance_ns2": 3.253056201153252e+18,
        "iqr_ns": 932388248.2035334,
        "q1_ns": 22202090.867434334,
        "q3_ns": 954590339.0709678
      },
      "futex_op_counts": {
        "128": 474
      },
      "first_seen_ts_ns": 2126314565705,
      "last_seen_ts_ns": 2189403419082
    },
    {
      "tgid": 6020,
      "comm": "containerd-shim",
      "cgroup_id": 4085,
      "wait_duration_stats_ns": {
        "count": 80.0,
        "sum": 299962806013.0,
        "mean": 3749535075.1625,
        "median": 725042334.5646366,
        "min": 415,
        "max": 30005444047,
        "variance_ns2": 4.73145801203057e+19,
        "iqr_ns": 4403412588.558581,
        "q1_ns": 4442234.487477954,
        "q3_ns": 4407854823.04606
      },
      "futex_op_counts": {
        "128": 80
      },
      "first_seen_ts_ns": 2128831195327,
      "last_seen_ts_ns": 2188831720375
    },
    {
      "tgid": 49594,
      "comm": "containerd-shim",
      "cgroup_id": 4085,
      "wait_duration_stats_ns": {
        "count": 272.0,
        "sum": 282736579894.99963,
        "mean": 1039472720.2022046,
        "median": 5595734.748445107,
        "min": 395,
        "max": 30002804362,
        "variance_ns2": 1.1230116168970162e+19,
        "iqr_ns": 18087539.76493939,
        "q1_ns": 553965.0828580705,
        "q3_ns": 18641504.84779746
      },
      "futex_op_counts": {
        "128": 272
      },
      "first_seen_ts_ns": 2126419741787,
      "last_seen_ts_ns": 2189606546207
    },
    {
      "tgid": 6605,
      "comm": "metrics-server",
      "cgroup_id": 5501,
      "wait_duration_stats_ns": {
        "count": 1206.0,
        "sum": 252740647403.0001,
        "mean": 209569359.3723052,
        "median": 118117203.52767599,
        "min": 2345,
        "max": 17084971065,
        "variance_ns2": 7.509619437941691e+17,
        "iqr_ns": 163082244.43470907,
        "q1_ns": 77941822.9680901,
        "q3_ns": 241024067.4027992
      },
      "futex_op_counts": {
        "128": 1206
      },
      "first_seen_ts_ns": 2126329188594,
      "last_seen_ts_ns": 2189604661569
    },
    {
      "tgid": 6602,
      "comm": "metrics-server",
      "cgroup_id": 5431,
      "wait_duration_stats_ns": {
        "count": 1215.0,
        "sum": 248191557337.99942,
        "mean": 204272886.6979419,
        "median": 131539801.7137574,
        "min": 407,
        "max": 13113523014,
        "variance_ns2": 4.6667581251501434e+17,
        "iqr_ns": 141094715.66509706,
        "q1_ns": 72550317.8092678,
        "q3_ns": 213645033.47436485
      },
      "futex_op_counts": {
        "128": 1215
      },
      "first_seen_ts_ns": 2126254517168,
      "last_seen_ts_ns": 2189467265040
    },
    {
      "tgid": 11987,
      "comm": "manager",
      "cgroup_id": 6249,
      "wait_duration_stats_ns": {
        "count": 584.0,
        "sum": 237755361637.0001,
        "mean": 407115345.2688358,
        "median": 221906649.07126567,
        "min": 14446,
        "max": 20224885572,
        "variance_ns2": 1.4560596988617016e+18,
        "iqr_ns": 483756561.6836937,
        "q1_ns": 5968457.995162608,
        "q3_ns": 489725019.6788563
      },
      "futex_op_counts": {
        "128": 584
      },
      "first_seen_ts_ns": 2126600714501,
      "last_seen_ts_ns": 2189236817477
    },
    {
      "tgid": 49134,
      "comm": "containerd-shim",
      "cgroup_id": 4085,
      "wait_duration_stats_ns": {
        "count": 57.0,
        "sum": 222793995892.0,
        "mean": 3908666594.5964913,
        "median": 809041849.3150226,
        "min": 4435,
        "max": 30003102739,
        "variance_ns2": 4.404420870101015e+19,
        "iqr_ns": 4769451857.42213,
        "q1_ns": 144258867.40089563,
        "q3_ns": 4913710724.823026
      },
      "futex_op_counts": {
        "128": 57
      },
      "first_seen_ts_ns": 2129855630327,
      "last_seen_ts_ns": 2184134860601
    },
    {
      "tgid": 7607,
      "comm": "containerd-shim",
      "cgroup_id": 4085,
      "wait_duration_stats_ns": {
        "count": 57.0,
        "sum": 219431256568.9999,
        "mean": 3849671167.8771915,
        "median": 1237051106.669594,
        "min": 2024,
        "max": 30002433853,
        "variance_ns2": 4.458448957070186e+19,
        "iqr_ns": 4197864887.778007,
        "q1_ns": 114907777.6767718,
        "q3_ns": 4312772665.454779
      },
      "futex_op_counts": {
        "128": 57
      },
      "first_seen_ts_ns": 2131331047047,
      "last_seen_ts_ns": 2184133564229
    },
    {
      "tgid": 4912,
      "comm": "containerd-shim",
      "cgroup_id": 4085,
      "wait_duration_stats_ns": {
        "count": 58.0,
        "sum": 219373213391.99994,
        "mean": 3782296782.6206884,
        "median": 1208210765.4018185,
        "min": 4520,
        "max": 29992078156,
        "variance_ns2": 3.790569420401693e+19,
        "iqr_ns": 4658859891.898102,
        "q1_ns": 201058892.72386777,
        "q3_ns": 4859918784.621969
      },
      "futex_op_counts": {
        "128": 58
      },
      "first_seen_ts_ns": 2131338969518,
      "last_seen_ts_ns": 2184137956865
    },
    {
      "tgid": 7140,
      "comm": "containerd-shim",
      "cgroup_id": 4085,
      "wait_duration_stats_ns": {
        "count": 55.0,
        "sum": 218298583747.99994,
        "mean": 3969065159.0545444,
        "median": 974635020.3352554,
        "min": 836,
        "max": 29993324666,
        "variance_ns2": 4.934067193048131e+19,
        "iqr_ns": 4754178541.557258,
        "q1_ns": 198458597.88706386,
        "q3_ns": 4952637139.444322
      },
      "futex_op_counts": {
        "128": 55
      },
      "first_seen_ts_ns": 2131337502373,
      "last_seen_ts_ns": 2184136385058
    },
    {
      "tgid": 5387,
      "comm": "aws-k8s-agent",
      "cgroup_id": 5011,
      "wait_duration_stats_ns": {
        "count": 290.0,
        "sum": 217224976361.00012,
        "mean": 749051642.6241384,
        "median": 84154808.02512716,
        "min": 13881,
        "max": 29012971563,
        "variance_ns2": 4.701994389484859e+18,
        "iqr_ns": 766757563.5024226,
        "q1_ns": 1014217.3673029229,
        "q3_ns": 767771780.8697255
      },
      "futex_op_counts": {
        "128": 290
      },
      "first_seen_ts_ns": 2129238910035,
      "last_seen_ts_ns": 2189125701647
    },
    {
      "tgid": 5086,
      "comm": "kube-proxy",
      "cgroup_id": 4871,
      "wait_duration_stats_ns": {
        "count": 54.0,
        "sum": 200649699401.0,
        "mean": 3715735174.0925927,
        "median": 1670164213.1041179,
        "min": 8193,
        "max": 29989983786,
        "variance_ns2": 3.711363786960697e+19,
        "iqr_ns": 4672341310.121007,
        "q1_ns": 308385873.96707237,
        "q3_ns": 4980727184.088079
      },
      "futex_op_counts": {
        "128": 54
      },
      "first_seen_ts_ns": 2130060044696,
      "last_seen_ts_ns": 2185060410945
    },
    {
      "tgid": 11915,
      "comm": "kube-rbac-proxy",
      "cgroup_id": 6179,
      "wait_duration_stats_ns": {
        "count": 36.0,
        "sum": 199951083925.0,
        "mean": 5554196775.694445,
        "median": 5038087355.9292145,
        "min": 4991918542,
        "max": 20002760820,
        "variance_ns2": 6.828931971071546e+18,
        "iqr_ns": 6018832.327314377,
        "q1_ns": 4997312934.405035,
        "q3_ns": 5003331766.732349
      },
      "futex_op_counts": {
        "128": 36
      },
      "first_seen_ts_ns": 2133957772226,
      "last_seen_ts_ns": 2188956966593
    },
    {
      "tgid": 6521,
      "comm": "containerd-shim",
      "cgroup_id": 4085,
      "wait_duration_stats_ns": {
        "count": 49.0,
        "sum": 194012659145.0,
        "mean": 3959442023.3673472,
        "median": 1619889411.0910416,
        "min": 19536,
        "max": 29999322133,
        "variance_ns2": 4.4555423678935835e+19,
        "iqr_ns": 4348831162.394865,
        "q1_ns": 199492543.0605394,
        "q3_ns": 4548323705.455404
      },
      "futex_op_counts": {
        "128": 49
      },
      "first_seen_ts_ns": 2129838006346,
      "last_seen_ts_ns": 2184134443385
    },
    {
      "tgid": 11851,
      "comm": "containerd-shim",
      "cgroup_id": 4085,
      "wait_duration_stats_ns": {
        "count": 98.0,
        "sum": 189050518493.99997,
        "mean": 1929086923.408163,
        "median": 12786535.498834267,
        "min": 2065,
        "max": 29991347002,
        "variance_ns2": 1.6438865011361124e+19,
        "iqr_ns": 2215968449.849531,
        "q1_ns": 3448735.2456715107,
        "q3_ns": 2219417185.095203
      },
      "futex_op_counts": {
        "128": 98
      },
      "first_seen_ts_ns": 2130982531065,
      "last_seen_ts_ns": 2184137568148
    },
    {
      "tgid": 5528,
      "comm": "controller",
      "cgroup_id": 5081,
      "wait_duration_stats_ns": {
        "count": 279.0,
        "sum": 182778637150.9998,
        "mean": 655120563.2652322,
        "median": 491902792.26782775,
        "min": 967,
        "max": 10004571289,
        "variance_ns2": 1.703390047774074e+18,
        "iqr_ns": 22835197.88269806,
        "q1_ns": 483313312.1330956,
        "q3_ns": 506148510.0157937
      },
      "futex_op_counts": {
        "128": 279
      },
      "first_seen_ts_ns": 2126655368918,
      "last_seen_ts_ns": 2189156258460
    },
    {
      "tgid": 4804,
      "comm": "ssm-agent-worke",
      "cgroup_id": 3429,
      "wait_duration_stats_ns": {
        "count": 109.0,
        "sum": 160474772618.99994,
        "mean": 1472245620.3577976,
        "median": 1087788533.969229,
        "min": 561,
        "max": 33233520906,
        "variance_ns2": 1.0020992752057612e+19,
        "iqr_ns": 1017893071.7952255,
        "q1_ns": 616097161.6450382,
        "q3_ns": 1633990233.4402637
      },
      "futex_op_counts": {
        "128": 109
      },
      "first_seen_ts_ns": 2127511409961,
      "last_seen_ts_ns": 2188473618831
    },
    {
      "tgid": 4659,
      "comm": "amazon-ssm-agen",
      "cgroup_id": 3429,
      "wait_duration_stats_ns": {
        "count": 5.0,
        "sum": 3018707756.0,
        "mean": 603741551.2,
        "median": 996828668.0,
        "min": 426195,
        "max": 1001479291,
        "variance_ns2": 2.9403467990459904e+17,
        "iqr_ns": 981688956.0,
        "q1_ns": 19142323.0,
        "q3_ns": 1000831279.0
      },
      "futex_op_counts": {
        "128": 5
      },
      "first_seen_ts_ns": 2145870758873,
      "last_seen_ts_ns": 2146890984399
    },
    {
      "tgid": 50746,
      "comm": "runc",
      "cgroup_id": 4085,
      "wait_duration_stats_ns": {
        "count": 249.0,
        "sum": 1620277511.0,
        "mean": 6507138.598393574,
        "median": 333604.1337405636,
        "min": 410,
        "max": 171522293,
        "variance_ns2": 679867649531012.0,
        "iqr_ns": 6968723.314642692,
        "q1_ns": 53231.402798015864,
        "q3_ns": 7021954.717440708
      },
      "futex_op_counts": {
        "128": 249
      },
      "first_seen_ts_ns": 2168988559262,
      "last_seen_ts_ns": 2169202898063
    },
    {
      "tgid": 50799,
      "comm": "runc",
      "cgroup_id": 4085,
      "wait_duration_stats_ns": {
        "count": 322.0,
        "sum": 1480768785.999999,
        "mean": 4598660.826086953,
        "median": 226329.41105061004,
        "min": 1121,
        "max": 198295366,
        "variance_ns2": 364997159243811.56,
        "iqr_ns": 5414866.016382416,
        "q1_ns": 34911.93445990968,
        "q3_ns": 5449777.950842326
      },
      "futex_op_counts": {
        "128": 322
      },
      "first_seen_ts_ns": 2178991515936,
      "last_seen_ts_ns": 2179201184518
    },
    {
      "tgid": 50677,
      "comm": "xhpcg",
      "cgroup_id": 15938,
      "wait_duration_stats_ns": {
        "count": 2078.0,
        "sum": 1472002135.000001,
        "mean": 708374.4634263719,
        "median": 265021.7885686057,
        "min": 2556,
        "max": 30993790,
        "variance_ns2": 6148137151157.774,
        "iqr_ns": 135521.97627015357,
        "q1_ns": 190092.90589867855,
        "q3_ns": 325614.8821688321
      },
      "futex_op_counts": {
        "128": 2078
      },
      "first_seen_ts_ns": 2164494093097,
      "last_seen_ts_ns": 2182951723280
    },
    {
      "tgid": 50342,
      "comm": "xhpcg",
      "cgroup_id": 15938,
      "wait_duration_stats_ns": {
        "count": 1792.0,
        "sum": 1416512676.0000029,
        "mean": 790464.6629464302,
        "median": 244099.71287995906,
        "min": 1925,
        "max": 31359205,
        "variance_ns2": 6855944975623.684,
        "iqr_ns": 327033.54077577696,
        "q1_ns": 147523.39294745293,
        "q3_ns": 474556.9337232299
      },
      "futex_op_counts": {
        "128": 1792
      },
      "first_seen_ts_ns": 2127194534724,
      "last_seen_ts_ns": 2144573090985
    },
    {
      "tgid": 50505,
      "comm": "xhpcg",
      "cgroup_id": 15938,
      "wait_duration_stats_ns": {
        "count": 2032.0,
        "sum": 1412120396.0000007,
        "mean": 694941.1397637798,
        "median": 253274.36373674675,
        "min": 1525,
        "max": 31221183,
        "variance_ns2": 6208097556859.962,
        "iqr_ns": 185099.84048548993,
        "q1_ns": 182009.99815007014,
        "q3_ns": 367109.83863556007
      },
      "futex_op_counts": {
        "128": 2032
      },
      "first_seen_ts_ns": 2145291053479,
      "last_seen_ts_ns": 2163775779082
    },
    {
      "tgid": 50509,
      "comm": "xhpcg",
      "cgroup_id": 15938,
      "wait_duration_stats_ns": {
        "count": 1892.0,
        "sum": 1410688312.9999998,
        "mean": 745606.9307610992,
        "median": 232528.254527818,
        "min": 1875,
        "max": 30495970,
        "variance_ns2": 6992210681053.251,
        "iqr_ns": 184734.1230905503,
        "q1_ns": 151471.68620976794,
        "q3_ns": 336205.80930031824
      },
      "futex_op_counts": {
        "128": 1892
      },
      "first_seen_ts_ns": 2145290970666,
      "last_seen_ts_ns": 2163775680895
    },
    {
      "tgid": 50354,
      "comm": "xhpcg",
      "cgroup_id": 15938,
      "wait_duration_stats_ns": {
        "count": 1767.0,
        "sum": 1406416686.9999988,
        "mean": 795934.7408036212,
        "median": 236390.52929536792,
        "min": 1470,
        "max": 30973802,
        "variance_ns2": 6729628069646.541,
        "iqr_ns": 73882.83040882307,
        "q1_ns": 143724.59705598335,
        "q3_ns": 217607.42746480642
      },
      "futex_op_counts": {
        "128": 1767
      },
      "first_seen_ts_ns": 2127194595530,
      "last_seen_ts_ns": 2144572172188
    },
    {
      "tgid": 50335,
      "comm": "xhpcg",
      "cgroup_id": 15938,
      "wait_duration_stats_ns": {
        "count": 1761.0,
        "sum": 1395218018.9999998,
        "mean": 792287.3475298125,
        "median": 228606.115563207,
        "min": 1718,
        "max": 31026966,
        "variance_ns2": 7732647681822.908,
        "iqr_ns": 102999.68908359745,
        "q1_ns": 134967.50492214895,
        "q3_ns": 237967.1940057464
      },
      "futex_op_counts": {
        "128": 1761
      },
      "first_seen_ts_ns": 2127194815576,
      "last_seen_ts_ns": 2144572976152
    },
    {
      "tgid": 50369,
      "comm": "xhpcg",
      "cgroup_id": 15938,
      "wait_duration_stats_ns": {
        "count": 1849.0,
        "sum": 1388287469.9999986,
        "mean": 750831.5143320706,
        "median": 244491.57463044205,
        "min": 1773,
        "max": 31426963,
        "variance_ns2": 6475632635167.962,
        "iqr_ns": 83511.13522561919,
        "q1_ns": 142210.62694283313,
        "q3_ns": 225721.76216845232
      },
      "futex_op_counts": {
        "128": 1849
      },
      "first_seen_ts_ns": 2127194755119,
      "last_seen_ts_ns": 2144572155541
    },
    {
      "tgid": 50340,
      "comm": "xhpcg",
      "cgroup_id": 15938,
      "wait_duration_stats_ns": {
        "count": 1735.0,
        "sum": 1385326443.000001,
        "mean": 798459.0449567729,
        "median": 231285.10194985697,
        "min": 1610,
        "max": 30340178,
        "variance_ns2": 7414347156315.017,
        "iqr_ns": 159021.67335184998,
        "q1_ns": 131248.89839456134,
        "q3_ns": 290270.5717464113
      },
      "futex_op_counts": {
        "128": 1735
      },
      "first_seen_ts_ns": 2127194419555,
      "last_seen_ts_ns": 2144572233351
    },
    {
      "tgid": 50344,
      "comm": "xhpcg",
      "cgroup_id": 15938,
      "wait_duration_stats_ns": {
        "count": 1754.0,
        "sum": 1382688614.0000033,
        "mean": 788305.9372862049,
        "median": 231960.63829148843,
        "min": 1930,
        "max": 31336247,
        "variance_ns2": 6410745988514.655,
        "iqr_ns": 99351.2175916539,
        "q1_ns": 142949.47087988985,
        "q3_ns": 242300.68847154375
      },
      "futex_op_counts": {
        "128": 1754
      },
      "first_seen_ts_ns": 2127194419688,
      "last_seen_ts_ns": 2144572975167
    },
    {
      "tgid": 50674,
      "comm": "xhpcg",
      "cgroup_id": 15938,
      "wait_duration_stats_ns": {
        "count": 1943.0,
        "sum": 1379219139.9999995,
        "mean": 709840.0102933606,
        "median": 242141.40959005075,
        "min": 1201,
        "max": 30955181,
        "variance_ns2": 6427357988825.075,
        "iqr_ns": 196768.86196614563,
        "q1_ns": 157784.0599016779,
        "q3_ns": 354552.9218678235
      },
      "futex_op_counts": {
        "128": 1943
      },
      "first_seen_ts_ns": 2164494230808,
      "last_seen_ts_ns": 2182951647104
    },
    {
      "tgid": 50678,
      "comm": "xhpcg",
      "cgroup_id": 15938,
      "wait_duration_stats_ns": {
        "count": 2085.0,
        "sum": 1369326552.000002,
        "mean": 656751.343884893,
        "median": 248591.1080861613,
        "min": 2057,
        "max": 31044521,
        "variance_ns2": 6165640033816.79,
        "iqr_ns": 151965.20516110788,
        "q1_ns": 167587.84110952332,
        "q3_ns": 319553.0462706312
      },
      "futex_op_counts": {
        "128": 2085
      },
      "first_seen_ts_ns": 2164494158306,
      "last_seen_ts_ns": 2182951744497
    },
    {
      "tgid": 50330,
      "comm": "xhpcg",
      "cgroup_id": 15938,
      "wait_duration_stats_ns": {
        "count": 1449.0,
        "sum": 1368706988.9999986,
        "mean": 944587.2939958583,
        "median": 220520.9963121582,
        "min": 1302,
        "max": 31341258,
        "variance_ns2": 9459655510894.338,
        "iqr_ns": 83519.77067836912,
        "q1_ns": 122719.24898538188,
        "q3_ns": 206239.019663751
      },
      "futex_op_counts": {
        "128": 1449
      },
      "first_seen_ts_ns": 2127194549165,
      "last_seen_ts_ns": 2144573166034
    },
    {
      "tgid": 50503,
      "comm": "xhpcg",
      "cgroup_id": 15938,
      "wait_duration_stats_ns": {
        "count": 1840.0,
        "sum": 1368557160.0,
        "mean": 743781.0652173914,
        "median": 219101.9008812931,
        "min": 1483,
        "max": 30829300,
        "variance_ns2": 7461963043301.255,
        "iqr_ns": 162701.03217755514,
        "q1_ns": 136052.66786198667,
        "q3_ns": 298753.7000395418
      },
      "futex_op_counts": {
        "128": 1840
      },
      "first_seen_ts_ns": 2145291263430,
      "last_seen_ts_ns": 2163775893994
    },
    {
      "tgid": 50350,
      "comm": "xhpcg",
      "cgroup_id": 15938,
      "wait_duration_stats_ns": {
        "count": 1717.0,
        "sum": 1351521951.0000012,
        "mean": 787141.4973791504,
        "median": 229341.11596064977,
        "min": 1923,
        "max": 31340244,
        "variance_ns2": 6247310983161.204,
        "iqr_ns": 106778.39149610451,
        "q1_ns": 121606.79557758552,
        "q3_ns": 228385.18707369003
      },
      "futex_op_counts": {
        "128": 1717
      },
      "first_seen_ts_ns": 2127194506847,
      "last_seen_ts_ns": 2144573008675
    },
    {
      "tgid": 50523,
      "comm": "xhpcg",
      "cgroup_id": 15938,
      "wait_duration_stats_ns": {
        "count": 2040.0,
        "sum": 1349224671.9999983,
        "mean": 661384.643137254,
        "median": 224330.2545603843,
        "min": 1702,
        "max": 32204092,
        "variance_ns2": 5590865132509.401,
        "iqr_ns": 154539.26728037462,
        "q1_ns": 145459.67765220322,
        "q3_ns": 299998.94493257784
      },
      "futex_op_counts": {
        "128": 2040
      },
      "first_seen_ts_ns": 2145291065002,
      "last_seen_ts_ns": 2163775503211
    },
    {
      "tgid": 50773,
      "comm": "runc",
      "cgroup_id": 4085,
      "wait_duration_stats_ns": {
        "count": 375.0,
        "sum": 1345981143.0000002,
        "mean": 3589283.0480000004,
        "median": 172536.42095580883,
        "min": 1228,
        "max": 200189723,
        "variance_ns2": 478689962735761.94,
        "iqr_ns": 1020600.9079940999,
        "q1_ns": 25863.10621892717,
        "q3_ns": 1046464.0142130271
      },
      "futex_op_counts": {
        "128": 375
      },
      "first_seen_ts_ns": 2170712205096,
      "last_seen_ts_ns": 2170915971327
    },
    {
      "tgid": 50367,
      "comm": "xhpcg",
      "cgroup_id": 15938,
      "wait_duration_stats_ns": {
        "count": 1845.0,
        "sum": 1340550118.9999983,
        "mean": 726585.4303523026,
        "median": 240861.6532357945,
        "min": 2073,
        "max": 31342459,
        "variance_ns2": 6356447256550.858,
        "iqr_ns": 102699.28039126779,
        "q1_ns": 135371.96790820447,
        "q3_ns": 238071.24829947227
      },
      "futex_op_counts": {
        "128": 1845
      },
      "first_seen_ts_ns": 2127194655266,
      "last_seen_ts_ns": 2144572228041
    },
    {
      "tgid": 50686,
      "comm": "xhpcg",
      "cgroup_id": 15938,
      "wait_duration_stats_ns": {
        "count": 2031.0,
        "sum": 1337476679.0000043,
        "mean": 658531.1073362896,
        "median": 232988.77400901302,
        "min": 1960,
        "max": 30870984,
        "variance_ns2": 5270976797240.924,
        "iqr_ns": 168277.12893360978,
        "q1_ns": 141655.43663497802,
        "q3_ns": 309932.5655685878
      },
      "futex_op_counts": {
        "128": 2031
      },
      "first_seen_ts_ns": 2164494276372,
      "last_seen_ts_ns": 2182951546110
    },
    {
      "tgid": 50702,
      "comm": "xhpcg",
      "cgroup_id": 15938,
      "wait_duration_stats_ns": {
        "count": 2039.0,
        "sum": 1334432502.0000007,
        "mean": 654454.3903874452,
        "median": 232232.58337937103,
        "min": 2167,
        "max": 31034196,
        "variance_ns2": 5913055427649.48,
        "iqr_ns": 171675.31277922768,
        "q1_ns": 135536.38768793404,
        "q3_ns": 307211.7004671617
      },
      "futex_op_counts": {
        "128": 2039
      },
      "first_seen_ts_ns": 2164494094512,
      "last_seen_ts_ns": 2182951959155
    },
    {
      "tgid": 50332,
      "comm": "xhpcg",
      "cgroup_id": 15938,
      "wait_duration_stats_ns": {
        "count": 1738.0,
        "sum": 1331993624.9999995,
        "mean": 766394.4907940158,
        "median": 236047.37903054344,
        "min": 1814,
        "max": 31348665,
        "variance_ns2": 7179403952313.569,
        "iqr_ns": 132728.23810381655,
        "q1_ns": 139144.33175051745,
        "q3_ns": 271872.569854334
      },
      "futex_op_counts": {
        "128": 1738
      },
      "first_seen_ts_ns": 2127194766261,
      "last_seen_ts_ns": 2144573030676
    },
    {
      "tgid": 50675,
      "comm": "xhpcg",
      "cgroup_id": 15938,
      "wait_duration_stats_ns": {
        "count": 1845.0,
        "sum": 1326396352.9999986,
        "mean": 718914.0124661239,
        "median": 215508.44228560076,
        "min": 1826,
        "max": 31021275,
        "variance_ns2": 7216902237464.536,
        "iqr_ns": 159787.41222874602,
        "q1_ns": 125220.77831265677,
        "q3_ns": 285008.1905414028
      },
      "futex_op_counts": {
        "128": 1845
      },
      "first_seen_ts_ns": 2164494175686,
      "last_seen_ts_ns": 2182951105264
    },
    {
      "tgid": 50365,
      "comm": "xhpcg",
      "cgroup_id": 15938,
      "wait_duration_stats_ns": {
        "count": 1675.0,
        "sum": 1326177782.0000002,
        "mean": 791747.929552239,
        "median": 232469.53356555727,
        "min": 1753,
        "max": 31352355,
        "variance_ns2": 6999900106334.961,
        "iqr_ns": 138789.1738410066,
        "q1_ns": 121464.20378708163,
        "q3_ns": 260253.3776280882
      },
      "futex_op_counts": {
        "128": 1675
      },
      "first_seen_ts_ns": 2127194773782,
      "last_seen_ts_ns": 2144572534432
    },
    {
      "tgid": 50713,
      "comm": "xhpcg",
      "cgroup_id": 15938,
      "wait_duration_stats_ns": {
        "count": 2061.0,
        "sum": 1324916674.9999995,
        "mean": 642851.3706938378,
        "median": 221101.72950037578,
        "min": 2098,
        "max": 31283588,
        "variance_ns2": 7283261253189.47,
        "iqr_ns": 163597.1107218849,
        "q1_ns": 141583.30690658736,
        "q3_ns": 305180.41762847226
      },
      "futex_op_counts": {
        "128": 2061
      },
      "first_seen_ts_ns": 2164494285956,
      "last_seen_ts_ns": 2182950905972
    },
    {
      "tgid": 50333,
      "comm": "xhpcg",
      "cgroup_id": 15938,
      "wait_duration_stats_ns": {
        "count": 1738.0,
        "sum": 1324371612.9999993,
        "mean": 762008.9833141537,
        "median": 226013.35271375714,
        "min": 2095,
        "max": 31021609,
        "variance_ns2": 6974791252838.796,
        "iqr_ns": 121342.8554725183,
        "q1_ns": 131819.01684931052,
        "q3_ns": 253161.87232182882
      },
      "futex_op_counts": {
        "128": 1738
      },
      "first_seen_ts_ns": 2127194558818,
      "last_seen_ts_ns": 2144573050292
    },
    {
      "tgid": 50356,
      "comm": "xhpcg",
      "cgroup_id": 15938,
      "wait_duration_stats_ns": {
        "count": 1733.0,
        "sum": 1319852248.9999998,
        "mean": 761599.6820542411,
        "median": 231465.125118102,
        "min": 1953,
        "max": 31017109,
        "variance_ns2": 7124162129506.923,
        "iqr_ns": 88281.9973301928,
        "q1_ns": 132801.11414016754,
        "q3_ns": 221083.11147036034
      },
      "futex_op_counts": {
        "128": 1733
      },
      "first_seen_ts_ns": 2127194518648,
      "last_seen_ts_ns": 2144571835314
    },
    {
      "tgid": 50515,
      "comm": "xhpcg",
      "cgroup_id": 15938,
      "wait_duration_stats_ns": {
        "count": 1929.0,
        "sum": 1319317315.9999998,
        "mean": 683938.4738206323,
        "median": 214467.4986318794,
        "min": 2060,
        "max": 30845386,
        "variance_ns2": 7026244696921.551,
        "iqr_ns": 149752.19558670855,
        "q1_ns": 132506.75685143349,
        "q3_ns": 282258.95243814203
      },
      "futex_op_counts": {
        "128": 1929
      },
      "first_seen_ts_ns": 2145291110496,
      "last_seen_ts_ns": 2163775680905
    },
    {
      "tgid": 50360,
      "comm": "xhpcg",
      "cgroup_id": 15938,
      "wait_duration_stats_ns": {
        "count": 1805.0,
        "sum": 1317952459.9999995,
        "mean": 730167.5678670357,
        "median": 245728.75789760618,
        "min": 2007,
        "max": 31201849,
        "variance_ns2": 6239899531862.33,
        "iqr_ns": 140654.26266563107,
        "q1_ns": 145171.49834215583,
        "q3_ns": 285825.7610077869
      },
      "futex_op_counts": {
        "128": 1805
      },
      "first_seen_ts_ns": 2127194657860,
      "last_seen_ts_ns": 2144572438818
    },
    {
      "tgid": 50348,
      "comm": "xhpcg",
      "cgroup_id": 15938,
      "wait_duration_stats_ns": {
        "count": 1657.0,
        "sum": 1317290576.0000014,
        "mean": 794985.260108631,
        "median": 231378.41712684746,
        "min": 1879,
        "max": 31340774,
        "variance_ns2": 6813581753565.817,
        "iqr_ns": 128143.57874084837,
        "q1_ns": 121335.76029811503,
        "q3_ns": 249479.3390389634
      },
      "futex_op_counts": {
        "128": 1657
      },
      "first_seen_ts_ns": 2127194576488,
      "last_seen_ts_ns": 2144573194685
    },
    {
      "tgid": 50352,
      "comm": "xhpcg",
      "cgroup_id": 15938,
      "wait_duration_stats_ns": {
        "count": 1712.0,
        "sum": 1317196215.0000005,
        "mean": 769390.3125000002,
        "median": 226810.97709588203,
        "min": 1722,
        "max": 30577703,
        "variance_ns2": 7297541086711.678,
        "iqr_ns": 101348.12845691078,
        "q1_ns": 122858.89438585675,
        "q3_ns": 224207.02284276753
      },
      "futex_op_counts": {
        "128": 1712
      },
      "first_seen_ts_ns": 2127195121811,
      "last_seen_ts_ns": 2144572981765
    },
    {
      "tgid": 50329,
      "comm": "xhpcg",
      "cgroup_id": 15938,
      "wait_duration_stats_ns": {
        "count": 1596.0,
        "sum": 1315650772.000001,
        "mean": 824342.5889724316,
        "median": 211815.04046641893,
        "min": 1724,
        "max": 31126264,
        "variance_ns2": 8616663876754.414,
        "iqr_ns": 148693.74906985636,
        "q1_ns": 117658.68618876192,
        "q3_ns": 266352.43525861826
      },
      "futex_op_counts": {
        "128": 1596
      },
      "first_seen_ts_ns": 2127194762213,
      "last_seen_ts_ns": 2144572982980
    },
    {
      "tgid": 50331,
      "comm": "xhpcg",
      "cgroup_id": 15938,
      "wait_duration_stats_ns": {
        "count": 1596.0,
        "sum": 1312594970.000001,
        "mean": 822427.9260651635,
        "median": 222292.18156566017,
        "min": 1514,
        "max": 31314742,
        "variance_ns2": 7717763651734.865,
        "iqr_ns": 213406.32899831556,
        "q1_ns": 128216.86098982171,
        "q3_ns": 341623.1899881373
      },
      "futex_op_counts": {
        "128": 1596
      },
      "first_seen_ts_ns": 2127194544857,
      "last_seen_ts_ns": 2144573331079
    },
    {
      "tgid": 50681,
      "comm": "xhpcg",
      "cgroup_id": 15938,
      "wait_duration_stats_ns": {
        "count": 1856.0,
        "sum": 1303319164.9999986,
        "mean": 702219.3776939648,
        "median": 220303.99299674627,
        "min": 2192,
        "max": 30665718,
        "variance_ns2": 6848401334577.531,
        "iqr_ns": 157869.3167539714,
        "q1_ns": 124392.4297299817,
        "q3_ns": 282261.7464839531
      },
      "futex_op_counts": {
        "128": 1856
      },
      "first_seen_ts_ns": 2164494239684,
      "last_seen_ts_ns": 2182951093480
    },
    {
      "tgid": 50359,
      "comm": "xhpcg",
      "cgroup_id": 15938,
      "wait_duration_stats_ns": {
        "count": 1655.0,
        "sum": 1298904298.9999998,
        "mean": 784836.4344410875,
        "median": 232063.98571122662,
        "min": 2016,
        "max": 31535511,
        "variance_ns2": 7572664248856.111,
        "iqr_ns": 84466.5281616902,
        "q1_ns": 128368.17493619719,
        "q3_ns": 212834.7030978874
      },
      "futex_op_counts": {
        "128": 1655
      },
      "first_seen_ts_ns": 2127194629204,
      "last_seen_ts_ns": 2144571839582
    },
    {
      "tgid": 50504,
      "comm": "xhpcg",
      "cgroup_id": 15938,
      "wait_duration_stats_ns": {
        "count": 1858.0,
        "sum": 1292194135.9999971,
        "mean": 695475.8536060265,
        "median": 197967.9550695942,
        "min": 1778,
        "max": 30836714,
        "variance_ns2": 6769431263632.409,
        "iqr_ns": 148434.18707622844,
        "q1_ns": 117234.12264463546,
        "q3_ns": 265668.3097208639
      },
      "futex_op_counts": {
        "128": 1858
      },
      "first_seen_ts_ns": 2145291815179,
      "last_seen_ts_ns": 2163775580421
    },
    {
      "tgid": 50506,
      "comm": "xhpcg",
      "cgroup_id": 15938,
      "wait_duration_stats_ns": {
        "count": 1770.0,
        "sum": 1282130429.000002,
        "mean": 724367.4740113005,
        "median": 197823.4644283788,
        "min": 1449,
        "max": 30815758,
        "variance_ns2": 7356340580596.173,
        "iqr_ns": 182650.68975065427,
        "q1_ns": 106042.66457465607,
        "q3_ns": 288693.3543253103
      },
      "futex_op_counts": {
        "128": 1770
      },
      "first_seen_ts_ns": 2145290964111,
      "last_seen_ts_ns": 2163775716074
    },
    {
      "tgid": 50696,
      "comm": "xhpcg",
      "cgroup_id": 15938,
      "wait_duration_stats_ns": {
        "count": 2067.0,
        "sum": 1278549082.0000014,
        "mean": 618553.0149975817,
        "median": 236382.87277683456,
        "min": 1711,
        "max": 31007863,
        "variance_ns2": 6017575316138.189,
        "iqr_ns": 165676.7952910869,
        "q1_ns": 147707.45208638173,
        "q3_ns": 313384.2473774686
      },
      "futex_op_counts": {
        "128": 2067
      },
      "first_seen_ts_ns": 2164494224038,
      "last_seen_ts_ns": 2182951649306
    },
    {
      "tgid": 50544,
      "comm": "xhpcg",
      "cgroup_id": 15938,
      "wait_duration_stats_ns": {
        "count": 1827.0,
        "sum": 1276240180.9999964,
        "mean": 698544.1603721929,
        "median": 192418.77886181726,
        "min": 1464,
        "max": 30480525,
        "variance_ns2": 7045267825723.918,
        "iqr_ns": 145677.51349951938,
        "q1_ns": 105274.41420300552,
        "q3_ns": 250951.9277025249
      },
      "futex_op_counts": {
        "128": 1827
      },
      "first_seen_ts_ns": 2145291098786,
      "last_seen_ts_ns": 2163775775440
    },
    {
      "tgid": 50525,
      "comm": "xhpcg",
      "cgroup_id": 15938,
      "wait_duration_stats_ns": {
        "count": 1908.0,
        "sum": 1274292994.9999995,
        "mean": 667868.4460167713,
        "median": 201233.60225755282,
        "min": 1989,
        "max": 30489296,
        "variance_ns2": 6649904586656.167,
        "iqr_ns": 144285.85994749583,
        "q1_ns": 119331.9598959609,
        "q3_ns": 263617.81984345673
      },
      "futex_op_counts": {
        "128": 1908
      },
      "first_seen_ts_ns": 2145291044739,
      "last_seen_ts_ns": 2163775572887
    },
    {
      "tgid": 50521,
      "comm": "xhpcg",
      "cgroup_id": 15938,
      "wait_duration_stats_ns": {
        "count": 1956.0,
        "sum": 1273335608.0000005,
        "mean": 650989.574642127,
        "median": 208138.25050772328,
        "min": 2139,
        "max": 30820285,
        "variance_ns2": 5736420599939.715,
        "iqr_ns": 165150.3143420614,
        "q1_ns": 127848.31502097625,
        "q3_ns": 292998.62936303765
      },
      "futex_op_counts": {
        "128": 1956
      },
      "first_seen_ts_ns": 2145291008363,
      "last_seen_ts_ns": 2163775801714
    },
    {
      "tgid": 50698,
      "comm": "xhpcg",
      "cgroup_id": 15938,
      "wait_duration_stats_ns": {
        "count": 1910.0,
        "sum": 1263360852.9999983,
        "mean": 661445.4727748682,
        "median": 214807.37139475398,
        "min": 2230,
        "max": 31279330,
        "variance_ns2": 7293227286316.143,
        "iqr_ns": 172372.54134985525,
        "q1_ns": 115065.12200874242,
        "q3_ns": 287437.66335859767
      },
      "futex_op_counts": {
        "128": 1910
      },
      "first_seen_ts_ns": 2164494036472,
      "last_seen_ts_ns": 2182950645657
    },
    {
      "tgid": 50334,
      "comm": "xhpcg",
      "cgroup_id": 15938,
      "wait_duration_stats_ns": {
        "count": 1560.0,
        "sum": 1262050850.0000014,
        "mean": 809006.955128206,
        "median": 211356.63500149836,
        "min": 1484,
        "max": 30956972,
        "variance_ns2": 7304201032278.222,
        "iqr_ns": 140023.34955382734,
        "q1_ns": 119020.46612105984,
        "q3_ns": 259043.81567488718
      },
      "futex_op_counts": {
        "128": 1560
      },
      "first_seen_ts_ns": 2127194451215,
      "last_seen_ts_ns": 2144573065832
    },
    {
      "tgid": 50363,
      "comm": "xhpcg",
      "cgroup_id": 15938,
      "wait_duration_stats_ns": {
        "count": 1265.0,
        "sum": 1246828003.9999993,
        "mean": 985634.7857707504,
        "median": 254652.16550701292,
        "min": 1567,
        "max": 30718103,
        "variance_ns2": 8197860949035.643,
        "iqr_ns": 1474831.1008922292,
        "q1_ns": 152234.60903808541,
        "q3_ns": 1627065.7099303147
      },
      "futex_op_counts": {
        "128": 1265
      },
      "first_seen_ts_ns": 2127194618598,
      "last_seen_ts_ns": 2144573007145
    },
    {
      "tgid": 50530,
      "comm": "xhpcg",
      "cgroup_id": 15938,
      "wait_duration_stats_ns": {
        "count": 1810.0,
        "sum": 1244866021.0000024,
        "mean": 687771.2823204433,
        "median": 198504.6201674223,
        "min": 1940,
        "max": 29987911,
        "variance_ns2": 7345830177485.068,
        "iqr_ns": 150533.07922676124,
        "q1_ns": 113284.04699512634,
        "q3_ns": 263817.1262218876
      },
      "futex_op_counts": {
        "128": 1810
      },
      "first_seen_ts_ns": 2145290955187,
      "last_seen_ts_ns": 2163775686955
    },
    {
      "tgid": 50542,
      "comm": "xhpcg",
      "cgroup_id": 15938,
      "wait_duration_stats_ns": {
        "count": 1859.0,
        "sum": 1242725578.9999993,
        "mean": 668491.4357181276,
        "median": 180549.17305290324,
        "min": 1660,
        "max": 30490340,
        "variance_ns2": 6982268162740.207,
        "iqr_ns": 126255.22585290624,
        "q1_ns": 105448.75976872665,
        "q3_ns": 231703.9856216329
      },
      "futex_op_counts": {
        "128": 1859
      },
      "first_seen_ts_ns": 2145291159464,
      "last_seen_ts_ns": 2163775549974
    },
    {
      "tgid": 50676,
      "comm": "xhpcg",
      "cgroup_id": 15938,
      "wait_duration_stats_ns": {
        "count": 1963.0,
        "sum": 1240973860.9999988,
        "mean": 632182.303107488,
        "median": 218097.07781627154,
        "min": 1861,
        "max": 31116551,
        "variance_ns2": 6469869517507.521,
        "iqr_ns": 167076.84012791738,
        "q1_ns": 116873.65828622758,
        "q3_ns": 283950.49841414497
      },
      "futex_op_counts": {
        "128": 1963
      },
      "first_seen_ts_ns": 2164494047776,
      "last_seen_ts_ns": 2182951841404
    },
    {
      "tgid": 50709,
      "comm": "xhpcg",
      "cgroup_id": 15938,
      "wait_duration_stats_ns": {
        "count": 2018.0,
        "sum": 1237869582.0,
        "mean": 613414.064420218,
        "median": 219383.7522487056,
        "min": 2077,
        "max": 31280464,
        "variance_ns2": 6048397040973.982,
        "iqr_ns": 177126.98079264717,
        "q1_ns": 118922.89995141288,
        "q3_ns": 296049.88074406004
      },
      "futex_op_counts": {
        "128": 2018
      },
      "first_seen_ts_ns": 2164493951185,
      "last_seen_ts_ns": 2182950698247
    },
    {
      "tgid": 50694,
      "comm": "xhpcg",
      "cgroup_id": 15938,
      "wait_duration_stats_ns": {
        "count": 1940.0,
        "sum": 1231499614.9999995,
        "mean": 634793.6159793813,
        "median": 217921.5368436298,
        "min": 1917,
        "max": 31246686,
        "variance_ns2": 6585227850176.214,
        "iqr_ns": 175012.488824482,
        "q1_ns": 115673.62656243393,
        "q3_ns": 290686.1153869159
      },
      "futex_op_counts": {
        "128": 1940
      },
      "first_seen_ts_ns": 2164494102189,
      "last_seen_ts_ns": 2182951669557
    },
    {
      "tgid": 50690,
      "comm": "xhpcg",
      "cgroup_id": 15938,
      "wait_duration_stats_ns": {
        "count": 1904.0,
        "sum": 1230674767.9999988,
        "mean": 646362.7983193271,
        "median": 219803.04941185517,
        "min": 1764,
        "max": 31230583,
        "variance_ns2": 6306397170143.881,
        "iqr_ns": 171766.43232973025,
        "q1_ns": 123625.06699313658,
        "q3_ns": 295391.49932286685
      },
      "futex_op_counts": {
        "128": 1904
      },
      "first_seen_ts_ns": 2164494181652,
      "last_seen_ts_ns": 2182951664243
    },
    {
      "tgid": 50511,
      "comm": "xhpcg",
      "cgroup_id": 15938,
      "wait_duration_stats_ns": {
        "count": 1702.0,
        "sum": 1220361663.0000036,
        "mean": 717016.2532314945,
        "median": 199963.5812811856,
        "min": 1775,
        "max": 30505585,
        "variance_ns2": 7933974530033.271,
        "iqr_ns": 163609.5584109227,
        "q1_ns": 102753.92271856725,
        "q3_ns": 266363.48112948996
      },
      "futex_op_counts": {
        "128": 1702
      },
      "first_seen_ts_ns": 2145290996670,
      "last_seen_ts_ns": 2163774628655
    },
    {
      "tgid": 50502,
      "comm": "xhpcg",
      "cgroup_id": 15938,
      "wait_duration_stats_ns": {
        "count": 1416.0,
        "sum": 1213681010.0000007,
        "mean": 857119.3573446333,
        "median": 195784.54424924313,
        "min": 1785,
        "max": 29610253,
        "variance_ns2": 8949465836486.59,
        "iqr_ns": 110647.17893058067,
        "q1_ns": 108765.65087971863,
        "q3_ns": 219412.8298102993
      },
      "futex_op_counts": {
        "128": 1416
      },
      "first_seen_ts_ns": 2145291162106,
      "last_seen_ts_ns": 2163775681517
    },
    {
      "tgid": 50517,
      "comm": "xhpcg",
      "cgroup_id": 15938,
      "wait_duration_stats_ns": {
        "count": 1741.0,
        "sum": 1206469600.9999986,
        "mean": 692975.072372199,
        "median": 204048.71911544682,
        "min": 1836,
        "max": 30727018,
        "variance_ns2": 6977653700531.6455,
        "iqr_ns": 147385.34795315628,
        "q1_ns": 107880.94311423278,
        "q3_ns": 255266.29106738904
      },
      "futex_op_counts": {
        "128": 1741
      },
      "first_seen_ts_ns": 2145290844030,
      "last_seen_ts_ns": 2163775647282
    },
    {
      "tgid": 50706,
      "comm": "xhpcg",
      "cgroup_id": 15938,
      "wait_duration_stats_ns": {
        "count": 1895.0,
        "sum": 1205138919.0,
        "mean": 635957.2131926122,
        "median": 217488.42465718428,
        "min": 1817,
        "max": 31012341,
        "variance_ns2": 6158075956302.865,
        "iqr_ns": 186082.04762150027,
        "q1_ns": 110741.63650164405,
        "q3_ns": 296823.6841231443
      },
      "futex_op_counts": {
        "128": 1895
      },
      "first_seen_ts_ns": 2164494298290,
      "last_seen_ts_ns": 2182951083512
    },
    {
      "tgid": 50507,
      "comm": "xhpcg",
      "cgroup_id": 15938,
      "wait_duration_stats_ns": {
        "count": 1707.0,
        "sum": 1202400980.9999995,
        "mean": 704394.2478031631,
        "median": 201872.23435324113,
        "min": 1603,
        "max": 30845783,
        "variance_ns2": 7445799990224.468,
        "iqr_ns": 170928.65252446037,
        "q1_ns": 102163.76249559326,
        "q3_ns": 273092.4150200536
      },
      "futex_op_counts": {
        "128": 1707
      },
      "first_seen_ts_ns": 2145290909511,
      "last_seen_ts_ns": 2163775623543
    },
    {
      "tgid": 50534,
      "comm": "xhpcg",
      "cgroup_id": 15938,
      "wait_duration_stats_ns": {
        "count": 1720.0,
        "sum": 1201605538.999999,
        "mean": 698607.8715116273,
        "median": 197233.76859350232,
        "min": 1687,
        "max": 30842367,
        "variance_ns2": 6999176815699.474,
        "iqr_ns": 135443.99982216582,
        "q1_ns": 108656.7931624537,
        "q3_ns": 244100.79298461953
      },
      "futex_op_counts": {
        "128": 1720
      },
      "first_seen_ts_ns": 2145290958611,
      "last_seen_ts_ns": 2163774359345
    },
    {
      "tgid": 50513,
      "comm": "xhpcg",
      "cgroup_id": 15938,
      "wait_duration_stats_ns": {
        "count": 1463.0,
        "sum": 1193342670.9999988,
        "mean": 815681.9350649343,
        "median": 220291.0967290843,
        "min": 1864,
        "max": 30838801,
        "variance_ns2": 9137049627919.65,
        "iqr_ns": 145066.94317602683,
        "q1_ns": 124445.15249092827,
        "q3_ns": 269512.0956669551
      },
      "futex_op_counts": {
        "128": 1463
      },
      "first_seen_ts_ns": 2145291114113,
      "last_seen_ts_ns": 2163774757915
    },
    {
      "tgid": 50687,
      "comm": "xhpcg",
      "cgroup_id": 15938,
      "wait_duration_stats_ns": {
        "count": 1745.0,
        "sum": 1193300829.0,
        "mean": 683840.0166189112,
        "median": 220740.06565580447,
        "min": 1636,
        "max": 30984909,
        "variance_ns2": 6729800011144.285,
        "iqr_ns": 166483.54599817866,
        "q1_ns": 114298.79441159319,
        "q3_ns": 280782.34040977183
      },
      "futex_op_counts": {
        "128": 1745
      },
      "first_seen_ts_ns": 2164494048823,
      "last_seen_ts_ns": 2182951656292
    },
    {
      "tgid": 50711,
      "comm": "xhpcg",
      "cgroup_id": 15938,
      "wait_duration_stats_ns": {
        "count": 1918.0,
        "sum": 1190541420.9999979,
        "mean": 620720.2403545348,
        "median": 211445.47043903428,
        "min": 1780,
        "max": 31276525,
        "variance_ns2": 6364715035913.506,
        "iqr_ns": 180601.8593345338,
        "q1_ns": 102861.45546797138,
        "q3_ns": 283463.3148025052
      },
      "futex_op_counts": {
        "128": 1918
      },
      "first_seen_ts_ns": 2164494254679,
      "last_seen_ts_ns": 2182950642142
    },
    {
      "tgid": 50715,
      "comm": "xhpcg",
      "cgroup_id": 15938,
      "wait_duration_stats_ns": {
        "count": 1564.0,
        "sum": 1190383346.0000012,
        "mean": 761114.6713554995,
        "median": 213576.85732073316,
        "min": 1765,
        "max": 31272565,
        "variance_ns2": 9334736238457.924,
        "iqr_ns": 184069.71042919066,
        "q1_ns": 99086.61243821886,
        "q3_ns": 283156.3228674095
      },
      "futex_op_counts": {
        "128": 1564
      },
      "first_seen_ts_ns": 2164494096109,
      "last_seen_ts_ns": 2182951662628
    },
    {
      "tgid": 50707,
      "comm": "xhpcg",
      "cgroup_id": 15938,
      "wait_duration_stats_ns": {
        "count": 1950.0,
        "sum": 1185459577.0000002,
        "mean": 607927.9882051283,
        "median": 207942.59182406744,
        "min": 2002,
        "max": 31017622,
        "variance_ns2": 6070415061283.185,
        "iqr_ns": 172297.1106955203,
        "q1_ns": 109492.01903529455,
        "q3_ns": 281789.12973081484
      },
      "futex_op_counts": {
        "128": 1950
      },
      "first_seen_ts_ns": 2164494328719,
      "last_seen_ts_ns": 2182950937188
    },
    {
      "tgid": 50679,
      "comm": "xhpcg",
      "cgroup_id": 15938,
      "wait_duration_stats_ns": {
        "count": 1661.0,
        "sum": 1177285663.0000021,
        "mean": 708781.2540638183,
        "median": 223645.72609621676,
        "min": 1720,
        "max": 31258983,
        "variance_ns2": 7883187265504.159,
        "iqr_ns": 187776.5466039892,
        "q1_ns": 103604.24549346183,
        "q3_ns": 291380.79209745105
      },
      "futex_op_counts": {
        "128": 1661
      },
      "first_seen_ts_ns": 2164494127128,
      "last_seen_ts_ns": 2182951671568
    },
    {
      "tgid": 50519,
      "comm": "xhpcg",
      "cgroup_id": 15938,
      "wait_duration_stats_ns": {
        "count": 1575.0,
        "sum": 1174917527.0,
        "mean": 745979.3822222222,
        "median": 212108.0005521816,
        "min": 1621,
        "max": 30828279,
        "variance_ns2": 7773479485111.793,
        "iqr_ns": 169897.94447497337,
        "q1_ns": 108051.51154701605,
        "q3_ns": 277949.4560219894
      },
      "futex_op_counts": {
        "128": 1575
      },
      "first_seen_ts_ns": 2145290859197,
      "last_seen_ts_ns": 2163774724895
    },
    {
      "tgid": 50527,
      "comm": "xhpcg",
      "cgroup_id": 15938,
      "wait_duration_stats_ns": {
        "count": 1491.0,
        "sum": 1173166785.0000007,
        "mean": 786832.1830985921,
        "median": 215649.40654871095,
        "min": 1756,
        "max": 30511986,
        "variance_ns2": 8426733176885.645,
        "iqr_ns": 160002.30827785027,
        "q1_ns": 112313.0901529203,
        "q3_ns": 272315.39843077055
      },
      "futex_op_counts": {
        "128": 1491
      },
      "first_seen_ts_ns": 2145291194995,
      "last_seen_ts_ns": 2163775692746
    },
    {
      "tgid": 50338,
      "comm": "xhpcg",
      "cgroup_id": 15938,
      "wait_duration_stats_ns": {
        "count": 1056.0,
        "sum": 1173112057.999999,
        "mean": 1110901.5700757566,
        "median": 200473.10919994116,
        "min": 1950,
        "max": 31036393,
        "variance_ns2": 12385582997333.793,
        "iqr_ns": 59334.765535052866,
        "q1_ns": 141127.50226527482,
        "q3_ns": 200462.26780032768
      },
      "futex_op_counts": {
        "128": 1056
      },
      "first_seen_ts_ns": 2127196357572,
      "last_seen_ts_ns": 2144571861225
    },
    {
      "tgid": 50704,
      "comm": "xhpcg",
      "cgroup_id": 15938,
      "wait_duration_stats_ns": {
        "count": 1494.0,
        "sum": 1168677309.0000005,
        "mean": 782247.1947791168,
        "median": 239923.4675435417,
        "min": 1658,
        "max": 31031927,
        "variance_ns2": 7921803827816.713,
        "iqr_ns": 171194.79284354846,
        "q1_ns": 119538.42097567911,
        "q3_ns": 290733.2138192276
      },
      "futex_op_counts": {
        "128": 1494
      },
      "first_seen_ts_ns": 2164494166887,
      "last_seen_ts_ns": 2182951662846
    },
    {
      "tgid": 50684,
      "comm": "xhpcg",
      "cgroup_id": 15938,
      "wait_duration_stats_ns": {
        "count": 1412.0,
        "sum": 1167370091.9999983,
        "mean": 826749.3569405087,
        "median": 239864.3999494472,
        "min": 1938,
        "max": 31186750,
        "variance_ns2": 9464734660156.045,
        "iqr_ns": 162781.55358133896,
        "q1_ns": 125811.86533341421,
        "q3_ns": 288593.4189147532
      },
      "futex_op_counts": {
        "128": 1412
      },
      "first_seen_ts_ns": 2164494060261,
      "last_seen_ts_ns": 2182950989691
    },
    {
      "tgid": 50401,
      "comm": "runc",
      "cgroup_id": 4085,
      "wait_duration_stats_ns": {
        "count": 266.0,
        "sum": 1164603743.0000005,
        "mean": 4378209.560150377,
        "median": 163648.6462214279,
        "min": 4859,
        "max": 184909799,
        "variance_ns2": 366362321095908.1,
        "iqr_ns": 6687117.997490246,
        "q1_ns": 24408.11392542374,
        "q3_ns": 6711526.111415669
      },
      "futex_op_counts": {
        "128": 266
      },
      "first_seen_ts_ns": 2128994077004,
      "last_seen_ts_ns": 2129195968513
    },
    {
      "tgid": 50536,
      "comm": "xhpcg",
      "cgroup_id": 15938,
      "wait_duration_stats_ns": {
        "count": 1528.0,
        "sum": 1160850452.9999995,
        "mean": 759718.8828534028,
        "median": 213686.68945184,
        "min": 1903,
        "max": 30840156,
        "variance_ns2": 8097303504331.241,
        "iqr_ns": 150410.34507259147,
        "q1_ns": 106939.21497852905,
        "q3_ns": 257349.56005112053
      },
      "futex_op_counts": {
        "128": 1528
      },
      "first_seen_ts_ns": 2145290939480,
      "last_seen_ts_ns": 2163775648534
    },
    {
      "tgid": 50700,
      "comm": "xhpcg",
      "cgroup_id": 15938,
      "wait_duration_stats_ns": {
        "count": 1428.0,
        "sum": 1159962507.0000002,
        "mean": 812298.6743697481,
        "median": 246536.82726177885,
        "min": 1955,
        "max": 31266424,
        "variance_ns2": 9434623657125.168,
        "iqr_ns": 161895.79261168552,
        "q1_ns": 126287.63020072893,
        "q3_ns": 288183.4228124145
      },
      "futex_op_counts": {
        "128": 1428
      },
      "first_seen_ts_ns": 2164494245980,
      "last_seen_ts_ns": 2182951658746
    },
    {
      "tgid": 50538,
      "comm": "xhpcg",
      "cgroup_id": 15938,
      "wait_duration_stats_ns": {
        "count": 1629.0,
        "sum": 1158815129.0000007,
        "mean": 711365.9478207494,
        "median": 202473.3858080898,
        "min": 1886,
        "max": 30493417,
        "variance_ns2": 7362953679857.252,
        "iqr_ns": 160726.99142092688,
        "q1_ns": 109095.62843026691,
        "q3_ns": 269822.6198511938
      },
      "futex_op_counts": {
        "128": 1629
      },
      "first_seen_ts_ns": 2145291107605,
      "last_seen_ts_ns": 2163774283941
    },
    {
      "tgid": 50532,
      "comm": "xhpcg",
      "cgroup_id": 15938,
      "wait_duration_stats_ns": {
        "count": 1198.0,
        "sum": 1148932702.0,
        "mean": 959042.3222036728,
        "median": 227982.0369489819,
        "min": 1654,
        "max": 30730130,
        "variance_ns2": 10932164132163.814,
        "iqr_ns": 113555.2893585286,
        "q1_ns": 152554.23044214738,
        "q3_ns": 266109.519800676
      },
      "futex_op_counts": {
        "128": 1198
      },
      "first_seen_ts_ns": 2145291054705,
      "last_seen_ts_ns": 2163775658226
    },
    {
      "tgid": 50540,
      "comm": "xhpcg",
      "cgroup_id": 15938,
      "wait_duration_stats_ns": {
        "count": 1312.0,
        "sum": 1141485277.0000007,
        "mean": 870034.5099085371,
        "median": 225335.62672973843,
        "min": 1901,
        "max": 30524175,
        "variance_ns2": 8493426893054.325,
        "iqr_ns": 116990.84723397158,
        "q1_ns": 140730.54147029005,
        "q3_ns": 257721.38870426163
      },
      "futex_op_counts": {
        "128": 1312
      },
      "first_seen_ts_ns": 2145292026010,
      "last_seen_ts_ns": 2163775572906
    },
    {
      "tgid": 50692,
      "comm": "xhpcg",
      "cgroup_id": 15938,
      "wait_duration_stats_ns": {
        "count": 1358.0,
        "sum": 1123611559.0000002,
        "mean": 827401.7371134022,
        "median": 256770.33816328613,
        "min": 2050,
        "max": 31237673,
        "variance_ns2": 8406886706291.945,
        "iqr_ns": 159810.5499261079,
        "q1_ns": 142006.40589726562,
        "q3_ns": 301816.9558233735
      },
      "futex_op_counts": {
        "128": 1358
      },
      "first_seen_ts_ns": 2164494621514,
      "last_seen_ts_ns": 2182951700346
    },
    {
      "tgid": 50600,
      "comm": "runc",
      "cgroup_id": 4085,
      "wait_duration_stats_ns": {
        "count": 422.0,
        "sum": 1117892795.0000002,
        "mean": 2649035.0592417065,
        "median": 92846.0207007222,
        "min": 10900,
        "max": 185861226,
        "variance_ns2": 385534790251011.6,
        "iqr_ns": 497885.90263418574,
        "q1_ns": 26526.924611364633,
        "q3_ns": 524412.8272455503
      },
      "futex_op_counts": {
        "128": 422
      },
      "first_seen_ts_ns": 2150710629618,
      "last_seen_ts_ns": 2150902851777
    },
    {
      "tgid": 50371,
      "comm": "xhpcg",
      "cgroup_id": 15938,
      "wait_duration_stats_ns": {
        "count": 817.0,
        "sum": 1079623592.0000007,
        "mean": 1321448.7050183606,
        "median": 168302.76182023698,
        "min": 2252,
        "max": 30946603,
        "variance_ns2": 13190571128694.035,
        "iqr_ns": 85133.74208011446,
        "q1_ns": 140793.3629263104,
        "q3_ns": 225927.10500642486
      },
      "futex_op_counts": {
        "128": 817
      },
      "first_seen_ts_ns": 2127194589826,
      "last_seen_ts_ns": 2144572438965
    },
    {
      "tgid": 50448,
      "comm": "runc",
      "cgroup_id": 4085,
      "wait_duration_stats_ns": {
        "count": 245.0,
        "sum": 1055514205.9999998,
        "mean": 4308221.248979591,
        "median": 289015.4338094874,
        "min": 1709,
        "max": 170157600,
        "variance_ns2": 444910238847199.8,
        "iqr_ns": 1728533.0102894264,
        "q1_ns": 34407.89941296984,
        "q3_ns": 1762940.9097023963
      },
      "futex_op_counts": {
        "128": 245
      },
      "first_seen_ts_ns": 2139000037552,
      "last_seen_ts_ns": 2139180069317
    },
    {
      "tgid": 50346,
      "comm": "xhpcg",
      "cgroup_id": 15938,
      "wait_duration_stats_ns": {
        "count": 633.0,
        "sum": 999972249.0000004,
        "mean": 1579734.9905213276,
        "median": 169425.13921053082,
        "min": 1856,
        "max": 31335726,
        "variance_ns2": 16597528972215.73,
        "iqr_ns": 293118.09096808004,
        "q1_ns": 134263.93575121812,
        "q3_ns": 427382.02671929816
      },
      "futex_op_counts": {
        "128": 633
      },
      "first_seen_ts_ns": 2127194605224,
      "last_seen_ts_ns": 2144573065978
    },
    {
      "tgid": 50624,
      "comm": "runc",
      "cgroup_id": 4085,
      "wait_duration_stats_ns": {
        "count": 232.0,
        "sum": 972217833.0,
        "mean": 4190594.1077586208,
        "median": 157092.6887483081,
        "min": 4657,
        "max": 159583159,
        "variance_ns2": 455285393695727.94,
        "iqr_ns": 4880868.215623968,
        "q1_ns": 14088.211085121435,
        "q3_ns": 4894956.426709089
      },
      "futex_op_counts": {
        "128": 232
      },
      "first_seen_ts_ns": 2158998590151,
      "last_seen_ts_ns": 2159171127578
    },
    {
      "tgid": 50577,
      "comm": "runc",
      "cgroup_id": 4085,
      "wait_duration_stats_ns": {
        "count": 228.0,
        "sum": 944370860.0,
        "mean": 4141977.456140351,
        "median": 132193.59158893808,
        "min": 4963,
        "max": 145735523,
        "variance_ns2": 407205417634153.06,
        "iqr_ns": 2067729.5686403627,
        "q1_ns": 16152.080536648475,
        "q3_ns": 2083881.649177011
      },
      "futex_op_counts": {
        "128": 228
      },
      "first_seen_ts_ns": 2148994588764,
      "last_seen_ts_ns": 2149165387425
    },
    {
      "tgid": 50610,
      "comm": "runc:[2:INIT]",
      "cgroup_id": 5011,
      "wait_duration_stats_ns": {
        "count": 26.0,
        "sum": 925189706.0000002,
        "mean": 35584219.46153847,
        "median": 14014937.362553027,
        "min": 18189,
        "max": 166293004,
        "variance_ns2": 4014778719936516.5,
        "iqr_ns": 42881963.69851174,
        "q1_ns": 896860.7151103214,
        "q3_ns": 43778824.41362207
      },
      "futex_op_counts": {
        "128": 26
      },
      "first_seen_ts_ns": 2150723591236,
      "last_seen_ts_ns": 2150911528958
    },
    {
      "tgid": 50785,
      "comm": "runc:[2:INIT]",
      "cgroup_id": 5011,
      "wait_duration_stats_ns": {
        "count": 26.0,
        "sum": 886546694.9999999,
        "mean": 34097949.807692304,
        "median": 11568291.463676216,
        "min": 740,
        "max": 162220281,
        "variance_ns2": 3768865019564659.0,
        "iqr_ns": 27942897.87231616,
        "q1_ns": 2298788.60227452,
        "q3_ns": 30241686.474590678
      },
      "futex_op_counts": {
        "128": 26
      },
      "first_seen_ts_ns": 2170745221380,
      "last_seen_ts_ns": 2170924444032
    },
    {
      "tgid": 50425,
      "comm": "runc",
      "cgroup_id": 4085,
      "wait_duration_stats_ns": {
        "count": 423.0,
        "sum": 828614021.0,
        "mean": 1958898.3947990544,
        "median": 90819.17378606119,
        "min": 1240,
        "max": 137959761,
        "variance_ns2": 222126957909141.72,
        "iqr_ns": 492889.90705234074,
        "q1_ns": 24440.57506074244,
        "q3_ns": 517330.4821130832
      },
      "futex_op_counts": {
        "128": 423
      },
      "first_seen_ts_ns": 2130714064120,
      "last_seen_ts_ns": 2130859228156
    },
    {
      "tgid": 51098,
      "comm": "runc",
      "cgroup_id": 4085,
      "wait_duration_stats_ns": {
        "count": 417.0,
        "sum": 791536893.0000001,
        "mean": 1898170.007194245,
        "median": 61609.78425070012,
        "min": 7795,
        "max": 134034689,
        "variance_ns2": 231244147832233.62,
        "iqr_ns": 234959.0118270576,
        "q1_ns": 19766.894196038524,
        "q3_ns": 254725.90602309612
      },
      "futex_op_counts": {
        "128": 417
      },
      "first_seen_ts_ns": 2188985854254,
      "last_seen_ts_ns": 2189121929907
    },
    {
      "tgid": 50647,
      "comm": "runc",
      "cgroup_id": 4085,
      "wait_duration_stats_ns": {
        "count": 422.0,
        "sum": 730873111.0,
        "mean": 1731926.8033175357,
        "median": 51193.799077255164,
        "min": 10463,
        "max": 122285943,
        "variance_ns2": 186403407618475.56,
        "iqr_ns": 255188.59068840725,
        "q1_ns": 25654.56165244959,
        "q3_ns": 280843.15234085685
      },
      "futex_op_counts": {
        "128": 422
      },
      "first_seen_ts_ns": 2160711474343,
      "last_seen_ts_ns": 2160837858266
    },
    {
      "tgid": 50435,
      "comm": "runc:[2:INIT]",
      "cgroup_id": 5011,
      "wait_duration_stats_ns": {
        "count": 26.0,
        "sum": 700452793.0000001,
        "mean": 26940492.038461544,
        "median": 4294334.282837818,
        "min": 595,
        "max": 130352289,
        "variance_ns2": 2574624616526813.0,
        "iqr_ns": 38243959.41031433,
        "q1_ns": 441612.4401042523,
        "q3_ns": 38685571.85041858
      },
      "futex_op_counts": {
        "128": 26
      },
      "first_seen_ts_ns": 2130727593710,
      "last_seen_ts_ns": 2130869284437
    },
    {
      "tgid": 50474,
      "comm": "runc",
      "cgroup_id": 4085,
      "wait_duration_stats_ns": {
        "count": 398.0,
        "sum": 686944571.0,
        "mean": 1725991.3844221106,
        "median": 86301.39741822811,
        "min": 574,
        "max": 115626158,
        "variance_ns2": 153406362753333.7,
        "iqr_ns": 573776.8072560709,
        "q1_ns": 22458.76701892585,
        "q3_ns": 596235.5742749968
      },
      "futex_op_counts": {
        "128": 398
      },
      "first_seen_ts_ns": 2140724402921,
      "last_seen_ts_ns": 2140843195157
    },
    {
      "tgid": 50758,
      "comm": "runc:[2:INIT]",
      "cgroup_id": 5011,
      "wait_duration_stats_ns": {
        "count": 26.0,
        "sum": 659374999.0,
        "mean": 25360576.884615384,
        "median": 8752643.210104179,
        "min": 23934,
        "max": 117967842,
        "variance_ns2": 1566914755759535.0,
        "iqr_ns": 18429437.651579674,
        "q1_ns": 4213006.482407409,
        "q3_ns": 22642444.133987084
      },
      "futex_op_counts": {
        "128": 26
      },
      "first_seen_ts_ns": 2169068902880,
      "last_seen_ts_ns": 2169214941094
    },
    {
      "tgid": 51111,
      "comm": "runc:[2:INIT]",
      "cgroup_id": 5011,
      "wait_duration_stats_ns": {
        "count": 26.0,
        "sum": 644701409.0000001,
        "mean": 24796208.038461544,
        "median": 383711.8570798215,
        "min": 2099,
        "max": 129269840,
        "variance_ns2": 2651089757707209.5,
        "iqr_ns": 24649105.680697765,
        "q1_ns": 23313.51481481482,
        "q3_ns": 24672419.19551258
      },
      "futex_op_counts": {
        "128": 26
      },
      "first_seen_ts_ns": 2188992411458,
      "last_seen_ts_ns": 2189121929467
    },
    {
      "tgid": 50657,
      "comm": "runc:[2:INIT]",
      "cgroup_id": 5011,
      "wait_duration_stats_ns": {
        "count": 25.0,
        "sum": 628926092.0,
        "mean": 25157043.68,
        "median": 8690224.405236587,
        "min": 561,
        "max": 114812452,
        "variance_ns2": 2078505843930931.8,
        "iqr_ns": 34031930.36827799,
        "q1_ns": 407886.9459122648,
        "q3_ns": 34439817.31419025
      },
      "futex_op_counts": {
        "128": 25
      },
      "first_seen_ts_ns": 2160722248334,
      "last_seen_ts_ns": 2160850038805
    },
    {
      "tgid": 50634,
      "comm": "runc:[2:INIT]",
      "cgroup_id": 5011,
      "wait_duration_stats_ns": {
        "count": 25.0,
        "sum": 622400811.0,
        "mean": 24896032.44,
        "median": 5714596.3601096645,
        "min": 15455,
        "max": 116511652,
        "variance_ns2": 1576802795992155.2,
        "iqr_ns": 19313749.26901394,
        "q1_ns": 465275.4648137244,
        "q3_ns": 19779024.733827665
      },
      "futex_op_counts": {
        "128": 25
      },
      "first_seen_ts_ns": 2159053334225,
      "last_seen_ts_ns": 2159180048449
    },
    {
      "tgid": 50412,
      "comm": "runc:[2:INIT]",
      "cgroup_id": 5011,
      "wait_duration_stats_ns": {
        "count": 27.0,
        "sum": 599950818.0000001,
        "mean": 22220400.66666667,
        "median": 8086782.413392964,
        "min": 775,
        "max": 109758257,
        "variance_ns2": 1255307620364466.0,
        "iqr_ns": 18636925.161211066,
        "q1_ns": 2026428.9297952615,
        "q3_ns": 20663354.091006327
      },
      "futex_op_counts": {
        "128": 27
      },
      "first_seen_ts_ns": 2129080217397,
      "last_seen_ts_ns": 2129206276345
    },
    {
      "tgid": 50458,
      "comm": "runc:[2:INIT]",
      "cgroup_id": 5011,
      "wait_duration_stats_ns": {
        "count": 29.0,
        "sum": 599752920.0000002,
        "mean": 20681135.1724138,
        "median": 271183.42006490135,
        "min": 581,
        "max": 122944064,
        "variance_ns2": 1867010263977450.8,
        "iqr_ns": 7686284.41839299,
        "q1_ns": 217177.62136590498,
        "q3_ns": 7903462.039758895
      },
      "futex_op_counts": {
        "128": 29
      },
      "first_seen_ts_ns": 2139056549737,
      "last_seen_ts_ns": 2139179901517
    },
    {
      "tgid": 50587,
      "comm": "runc:[2:INIT]",
      "cgroup_id": 5011,
      "wait_duration_stats_ns": {
        "count": 24.0,
        "sum": 539068382.0,
        "mean": 22461182.583333336,
        "median": 7974106.18554613,
        "min": 28280,
        "max": 102417889,
        "variance_ns2": 1085070761571507.2,
        "iqr_ns": 24802671.877250113,
        "q1_ns": 1059896.9596535705,
        "q3_ns": 25862568.836903684
      },
      "futex_op_counts": {
        "128": 24
      },
      "first_seen_ts_ns": 2149061532538,
      "last_seen_ts_ns": 2149180052155
    },
    {
      "tgid": 50810,
      "comm": "runc:[2:INIT]",
      "cgroup_id": 5011,
      "wait_duration_stats_ns": {
        "count": 25.0,
        "sum": 456844628.0,
        "mean": 18273785.12,
        "median": 6039388.147733064,
        "min": 15575,
        "max": 78581298,
        "variance_ns2": 748660256921696.8,
        "iqr_ns": 9540197.047088858,
        "q1_ns": 1818639.4232320273,
        "q3_ns": 11358836.470320886
      },
      "futex_op_counts": {
        "128": 25
      },
      "first_seen_ts_ns": 2179111399029,
      "last_seen_ts_ns": 2179202312037
    },
    {
      "tgid": 50484,
      "comm": "runc:[2:INIT]",
      "cgroup_id": 5011,
      "wait_duration_stats_ns": {
        "count": 21.0,
        "sum": 353007529.0,
        "mean": 16809882.333333332,
        "median": 1026873.1751195771,
        "min": 20071,
        "max": 92531355,
        "variance_ns2": 1010973186491682.6,
        "iqr_ns": 14746459.078320103,
        "q1_ns": 259927.04938271607,
        "q3_ns": 15006386.12770282
      },
      "futex_op_counts": {
        "128": 21
      },
      "first_seen_ts_ns": 2140760038721,
      "last_seen_ts_ns": 2140843048755
    },
    {
      "tgid": 50823,
      "comm": "runc",
      "cgroup_id": 4085,
      "wait_duration_stats_ns": {
        "count": 425.0,
        "sum": 337031044.0,
        "mean": 793014.2211764706,
        "median": 48089.6369996351,
        "min": 11767,
        "max": 58807627,
        "variance_ns2": 36449911671615.734,
        "iqr_ns": 229917.91543343704,
        "q1_ns": 21299.174330140042,
        "q3_ns": 251217.08976357707
      },
      "futex_op_counts": {
        "128": 425
      },
      "first_seen_ts_ns": 2180711054148,
      "last_seen_ts_ns": 2180772996253
    },
    {
      "tgid": 50833,
      "comm": "runc:[2:INIT]",
      "cgroup_id": 5011,
      "wait_duration_stats_ns": {
        "count": 23.0,
        "sum": 254009555.99999997,
        "mean": 11043893.739130434,
        "median": 250483.75429206347,
        "min": 2322,
        "max": 52374616,
        "variance_ns2": 439580046697342.2,
        "iqr_ns": 5759859.806157735,
        "q1_ns": 38314.80061728395,
        "q3_ns": 5798174.606775019
      },
      "futex_op_counts": {
        "128": 23
      },
      "first_seen_ts_ns": 2180720254195,
      "last_seen_ts_ns": 2180772944526
    },
    {
      "tgid": 50458,
      "comm": "grpc-health-pro",
      "cgroup_id": 5011,
      "wait_duration_stats_ns": {
        "count": 17.0,
        "sum": 174334476.0,
        "mean": 10254969.176470589,
        "median": 8659657.143350046,
        "min": 62281,
        "max": 29981459,
        "variance_ns2": 55647241453668.53,
        "iqr_ns": 5669728.937084198,
        "q1_ns": 6595324.800036613,
        "q3_ns": 12265053.73712081
      },
      "futex_op_counts": {
        "128": 17
      },
      "first_seen_ts_ns": 2139196795811,
      "last_seen_ts_ns": 2139230066087
    },
    {
      "tgid": 50610,
      "comm": "grpc-health-pro",
      "cgroup_id": 5011,
      "wait_duration_stats_ns": {
        "count": 16.0,
        "sum": 171891893.0,
        "mean": 10743243.3125,
        "median": 5051844.857757936,
        "min": 7221,
        "max": 36675211,
        "variance_ns2": 158598857006386.34,
        "iqr_ns": 14704722.902537394,
        "q1_ns": 665044.9583333333,
        "q3_ns": 15369767.860870728
      },
      "futex_op_counts": {
        "128": 16
      },
      "first_seen_ts_ns": 2150921136722,
      "last_seen_ts_ns": 2150960222397
    },
    {
      "tgid": 50758,
      "comm": "grpc-health-pro",
      "cgroup_id": 5011,
      "wait_duration_stats_ns": {
        "count": 19.0,
        "sum": 161823727.99999997,
        "mean": 8517038.315789472,
        "median": 4325508.365206415,
        "min": 7423,
        "max": 29705984,
        "variance_ns2": 96926184207986.45,
        "iqr_ns": 9952374.233795136,
        "q1_ns": 310204.5569444444,
        "q3_ns": 10262578.790739581
      },
      "futex_op_counts": {
        "128": 19
      },
      "first_seen_ts_ns": 2169228382536,
      "last_seen_ts_ns": 2169260219380
    },
    {
      "tgid": 50587,
      "comm": "grpc-health-pro",
      "cgroup_id": 5011,
      "wait_duration_stats_ns": {
        "count": 24.0,
        "sum": 135306363.0,
        "mean": 5637765.125,
        "median": 4496769.655159601,
        "min": 15901,
        "max": 21172902,
        "variance_ns2": 42278583678169.6,
        "iqr_ns": 7170915.980207325,
        "q1_ns": 844964.5059621788,
        "q3_ns": 8015880.486169504
      },
      "futex_op_counts": {
        "128": 24
      },
      "first_seen_ts_ns": 2149189826220,
      "last_seen_ts_ns": 2149220058842
    },
    {
      "tgid": 50810,
      "comm": "grpc-health-pro",
      "cgroup_id": 5011,
      "wait_duration_stats_ns": {
        "count": 19.0,
        "sum": 134555467.99999997,
        "mean": 7081866.736842104,
        "median": 5997154.8640211625,
        "min": 7310,
        "max": 21539185,
        "variance_ns2": 51785673003688.88,
        "iqr_ns": 10886981.500901343,
        "q1_ns": 711873.9427628084,
        "q3_ns": 11598855.443664152
      },
      "futex_op_counts": {
        "128": 19
      },
      "first_seen_ts_ns": 2179212079722,
      "last_seen_ts_ns": 2179236581885
    },
    {
      "tgid": 50412,
      "comm": "grpc-health-pro",
      "cgroup_id": 5011,
      "wait_duration_stats_ns": {
        "count": 10.0,
        "sum": 111197288.0,
        "mean": 11119728.8,
        "median": 10702037.666666666,
        "min": 284591,
        "max": 24882351,
        "variance_ns2": 50515635716196.85,
        "iqr_ns": 9889972.583333332,
        "q1_ns": 6533684.666666667,
        "q3_ns": 16423657.25
      },
      "futex_op_counts": {
        "128": 10
      },
      "first_seen_ts_ns": 2129221895955,
      "last_seen_ts_ns": 2129244125043
    },
    {
      "tgid": 50634,
      "comm": "grpc-health-pro",
      "cgroup_id": 5011,
      "wait_duration_stats_ns": {
        "count": 16.0,
        "sum": 109592682.0,
        "mean": 6849542.625,
        "median": 3155874.972222222,
        "min": 7181,
        "max": 19989075,
        "variance_ns2": 54478398764224.26,
        "iqr_ns": 8869268.734166635,
        "q1_ns": 1169173.8333333335,
        "q3_ns": 10038442.56749997
      },
      "futex_op_counts": {
        "128": 16
      },
      "first_seen_ts_ns": 2159192551153,
      "last_seen_ts_ns": 2159220079732
    },
    {
      "tgid": 50435,
      "comm": "grpc-health-pro",
      "cgroup_id": 5011,
      "wait_duration_stats_ns": {
        "count": 15.0,
        "sum": 83817384.99999999,
        "mean": 5587825.666666666,
        "median": 2171544.9878472225,
        "min": 7186,
        "max": 18464584,
        "variance_ns2": 43553204011314.95,
        "iqr_ns": 9710410.343883907,
        "q1_ns": 53637.83125,
        "q3_ns": 9764048.175133908
      },
      "futex_op_counts": {
        "128": 15
      },
      "first_seen_ts_ns": 2130879058096,
      "last_seen_ts_ns": 2130900037914
    },
    {
      "tgid": 50785,
      "comm": "grpc-health-pro",
      "cgroup_id": 5011,
      "wait_duration_stats_ns": {
        "count": 11.0,
        "sum": 74798010.0,
        "mean": 6799819.090909091,
        "median": 5492404.812962962,
        "min": 6945,
        "max": 13462327,
        "variance_ns2": 27733487067516.29,
        "iqr_ns": 9413980.786556927,
        "q1_ns": 244097.0,
        "q3_ns": 9658077.786556927
      },
      "futex_op_counts": {
        "128": 11
      },
      "first_seen_ts_ns": 2170934294418,
      "last_seen_ts_ns": 2170950209931
    },
    {
      "tgid": 50833,
      "comm": "grpc-health-pro",
      "cgroup_id": 5011,
      "wait_duration_stats_ns": {
        "count": 17.0,
        "sum": 63065076.0,
        "mean": 3709710.3529411764,
        "median": 998901.4509689154,
        "min": 17574,
        "max": 13716293,
        "variance_ns2": 23535888722007.867,
        "iqr_ns": 5363959.385342621,
        "q1_ns": 202912.0282057036,
        "q3_ns": 5566871.413548325
      },
      "futex_op_counts": {
        "128": 17
      },
      "first_seen_ts_ns": 2180777848104,
      "last_seen_ts_ns": 2180794043888
    },
    {
      "tgid": 50657,
      "comm": "grpc-health-pro",
      "cgroup_id": 5011,
      "wait_duration_stats_ns": {
        "count": 19.0,
        "sum": 45728201.00000001,
        "mean": 2406747.421052632,
        "median": 823033.9410714286,
        "min": 7275,
        "max": 7646497,
        "variance_ns2": 8885732694938.81,
        "iqr_ns": 4186982.636561673,
        "q1_ns": 67632.18070023149,
        "q3_ns": 4254614.8172619045
      },
      "futex_op_counts": {
        "128": 19
      },
      "first_seen_ts_ns": 2160863162629,
      "last_seen_ts_ns": 2160872464352
    },
    {
      "tgid": 50484,
      "comm": "grpc-health-pro",
      "cgroup_id": 5011,
      "wait_duration_stats_ns": {
        "count": 33.0,
        "sum": 19023389.0,
        "mean": 576466.3333333334,
        "median": 185048.00336265046,
        "min": 7211,
        "max": 4185543,
        "variance_ns2": 1109318035414.292,
        "iqr_ns": 1000556.2713634417,
        "q1_ns": 28594.906057511584,
        "q3_ns": 1029151.1774209533
      },
      "futex_op_counts": {
        "128": 33
      },
      "first_seen_ts_ns": 2140850045646,
      "last_seen_ts_ns": 2140853232378
    },
    {
      "tgid": 51111,
      "comm": "grpc-health-pro",
      "cgroup_id": 5011,
      "wait_duration_stats_ns": {
        "count": 33.0,
        "sum": 8098843.999999997,
        "mean": 245419.51515151508,
        "median": 47251.71358942555,
        "min": 8083,
        "max": 1222276,
        "variance_ns2": 142604666794.19507,
        "iqr_ns": 209975.36060414056,
        "q1_ns": 19410.89806075805,
        "q3_ns": 229386.2586648986
      },
      "futex_op_counts": {
        "128": 33
      },
      "first_seen_ts_ns": 2189123626586,
      "last_seen_ts_ns": 2189125716291
    },
    {
      "tgid": 50143,
      "comm": "flux-broker-0",
      "cgroup_id": 15938,
      "wait_duration_stats_ns": {
        "count": 314.0,
        "sum": 474802.00000000023,
        "mean": 1512.1082802547778,
        "median": 521.5850257180939,
        "min": 287,
        "max": 14976,
        "variance_ns2": 6341686.870027063,
        "iqr_ns": 1083.3535280713597,
        "q1_ns": 385.90638963732414,
        "q3_ns": 1469.2599177086838
      },
      "futex_op_counts": {
        "128": 314
      },
      "first_seen_ts_ns": 2126419419491,
      "last_seen_ts_ns": 2189597230550
    }
  ]
}
[21:45:34] Cleanup complete.
