

32 32 32
15
chmod: cannot access './wait-fs': No such file or directory
mv: cannot stat './wait-fs': No such file or directory
ln: failed to create symbolic link '/mnt/flux/view/lib/python': File exists
ln: failed to create symbolic link '/mnt/flux/view/lib/python3': File exists
#!/bin/bash
set -euo pipefail
flux resource list
echo "The parent process ID is: $PPID"          
echo "The execution parent process ID is: $$"         
CGROUP_PATH_LINE=$(cat "/proc/$$/cgroup")
echo 
CGROUP_V2_PATH=${CGROUP_PATH_LINE:3}
ACTUAL_CGROUP_DIR="/sys/fs/cgroup${CGROUP_V2_PATH}"
TARGET_CGROUP_ID=$(stat -c '%i' $ACTUAL_CGROUP_DIR)
echo "The cgroup id is $TARGET_CGROUP_ID"
echo -n $TARGET_CGROUP_ID > /mnt/flux/cgroup-id.txt
sleep 5
flux exec -r all touch /mnt/flux/start_ebpf_collection
for i in {1..3}
do
  echo "FLUX-RUN START hpcg-iter-$i"
  flux run --setattr=user.study_id=hpcg-iter-$i -N1 -n 32 -o cpu-affinity=per-task -o gpu-affinity=off     /opt/hpcg/xhpcg
  
   echo "FLUX-RUN END hpcg-iter-$i"
done

  echo "FLUX-RESULTS START"
  cat hpcg*.txt
  echo "HPCG-BENCHMARKS"
  cat HPCG-Benchmark*.txt
  echo "FLUX-RESULTS END"

output=./results/${app}
(apt-get update > /dev/null 2>&1 && apt-get install -y jq > /dev/null 2>&1) || (yum update -y > /dev/null 2>&1 && yum install -y jq > /dev/null 2>&1)
mkdir -p $output
for jobid in $(flux jobs -a --json | jq -r .jobs[].id); do
    echo
    study_id=$(flux job info $jobid jobspec | jq -r ".attributes.user.study_id")
    echo "FLUX-JOB START ${jobid} ${study_id}"
    echo "FLUX-JOB-JOBSPEC START"
    flux job info $jobid jobspec
    echo "FLUX-JOB-JOBSPEC END" 
    
    echo "FLUX-JOB-RESOURCES START"
    flux job info ${jobid} R
    echo "FLUX-JOB-RESOURCES END"
    echo "FLUX-JOB-EVENTLOG START" 
    flux job info $jobid guest.exec.eventlog
    echo "FLUX-JOB-EVENTLOG END" 
    echo "FLUX-JOB END ${jobid} ${study_id}"
done
echo "FLUX JOB STATS"
flux job stats 

     STATE NNODES   NCORES    NGPUS NODELIST
      free      1       32        0 hpcg-0
 allocated      0        0        0 
      down      0        0        0 
The parent process ID is: 132
The execution parent process ID is: 262

The cgroup id is 82767
FLUX-RUN START hpcg-iter-1
FLUX-RUN END hpcg-iter-1
FLUX-RUN START hpcg-iter-2
FLUX-RUN END hpcg-iter-2
FLUX-RUN START hpcg-iter-3
FLUX-RUN END hpcg-iter-3
FLUX-RESULTS START
WARNING: PERFORMING UNPRECONDITIONED ITERATIONS
Call [0] Number of Iterations [11] Scaled Residual [5.15371e-14]
WARNING: PERFORMING UNPRECONDITIONED ITERATIONS
Call [1] Number of Iterations [11] Scaled Residual [5.15371e-14]
Call [0] Number of Iterations [2] Scaled Residual [6.18719e-17]
Call [1] Number of Iterations [2] Scaled Residual [6.18719e-17]
Departure from symmetry (scaled) for SpMV abs(x'*A*y - y'*A*x) = 3.35475e-09
Departure from symmetry (scaled) for MG abs(x'*Minv*y - y'*Minv*x) = 8.38688e-10
SpMV call [0] Residual [0]
SpMV call [1] Residual [0]
Call [0] Scaled Residual [4.80215e-08]
Call [1] Scaled Residual [4.80215e-08]
Call [2] Scaled Residual [4.80215e-08]
Call [3] Scaled Residual [4.80215e-08]
Call [4] Scaled Residual [4.80215e-08]
Call [5] Scaled Residual [4.80215e-08]
Call [6] Scaled Residual [4.80215e-08]
Call [7] Scaled Residual [4.80215e-08]
Call [8] Scaled Residual [4.80215e-08]
Call [9] Scaled Residual [4.80215e-08]
Call [10] Scaled Residual [4.80215e-08]
Call [11] Scaled Residual [4.80215e-08]
Call [12] Scaled Residual [4.80215e-08]
Call [13] Scaled Residual [4.80215e-08]
Call [14] Scaled Residual [4.80215e-08]
Call [15] Scaled Residual [4.80215e-08]
WARNING: PERFORMING UNPRECONDITIONED ITERATIONS
Call [0] Number of Iterations [11] Scaled Residual [5.15371e-14]
WARNING: PERFORMING UNPRECONDITIONED ITERATIONS
Call [1] Number of Iterations [11] Scaled Residual [5.15371e-14]
Call [0] Number of Iterations [2] Scaled Residual [6.18719e-17]
Call [1] Number of Iterations [2] Scaled Residual [6.18719e-17]
Departure from symmetry (scaled) for SpMV abs(x'*A*y - y'*A*x) = 3.35475e-09
Departure from symmetry (scaled) for MG abs(x'*Minv*y - y'*Minv*x) = 8.38688e-10
SpMV call [0] Residual [0]
SpMV call [1] Residual [0]
Call [0] Scaled Residual [4.80215e-08]
Call [1] Scaled Residual [4.80215e-08]
Call [2] Scaled Residual [4.80215e-08]
Call [3] Scaled Residual [4.80215e-08]
Call [4] Scaled Residual [4.80215e-08]
Call [5] Scaled Residual [4.80215e-08]
Call [6] Scaled Residual [4.80215e-08]
Call [7] Scaled Residual [4.80215e-08]
Call [8] Scaled Residual [4.80215e-08]
Call [9] Scaled Residual [4.80215e-08]
Call [10] Scaled Residual [4.80215e-08]
Call [11] Scaled Residual [4.80215e-08]
Call [12] Scaled Residual [4.80215e-08]
Call [13] Scaled Residual [4.80215e-08]
Call [14] Scaled Residual [4.80215e-08]
Call [15] Scaled Residual [4.80215e-08]
WARNING: PERFORMING UNPRECONDITIONED ITERATIONS
Call [0] Number of Iterations [11] Scaled Residual [5.15371e-14]
WARNING: PERFORMING UNPRECONDITIONED ITERATIONS
Call [1] Number of Iterations [11] Scaled Residual [5.15371e-14]
Call [0] Number of Iterations [2] Scaled Residual [6.18719e-17]
Call [1] Number of Iterations [2] Scaled Residual [6.18719e-17]
Departure from symmetry (scaled) for SpMV abs(x'*A*y - y'*A*x) = 3.35475e-09
Departure from symmetry (scaled) for MG abs(x'*Minv*y - y'*Minv*x) = 8.38688e-10
SpMV call [0] Residual [0]
SpMV call [1] Residual [0]
Call [0] Scaled Residual [4.80215e-08]
Call [1] Scaled Residual [4.80215e-08]
Call [2] Scaled Residual [4.80215e-08]
Call [3] Scaled Residual [4.80215e-08]
Call [4] Scaled Residual [4.80215e-08]
Call [5] Scaled Residual [4.80215e-08]
Call [6] Scaled Residual [4.80215e-08]
Call [7] Scaled Residual [4.80215e-08]
Call [8] Scaled Residual [4.80215e-08]
Call [9] Scaled Residual [4.80215e-08]
Call [10] Scaled Residual [4.80215e-08]
Call [11] Scaled Residual [4.80215e-08]
Call [12] Scaled Residual [4.80215e-08]
Call [13] Scaled Residual [4.80215e-08]
Call [14] Scaled Residual [4.80215e-08]
Call [15] Scaled Residual [4.80215e-08]
Call [16] Scaled Residual [4.80215e-08]
HPCG-BENCHMARKS
HPCG-Benchmark
version=3.1
Release date=March 28, 2019
Machine Summary=
Machine Summary::Distributed Processes=32
Machine Summary::Threads per processes=2
Global Problem Dimensions=
Global Problem Dimensions::Global nx=128
Global Problem Dimensions::Global ny=128
Global Problem Dimensions::Global nz=64
Processor Dimensions=
Processor Dimensions::npx=4
Processor Dimensions::npy=4
Processor Dimensions::npz=2
Local Domain Dimensions=
Local Domain Dimensions::nx=32
Local Domain Dimensions::ny=32
Local Domain Dimensions::Lower ipz=0
Local Domain Dimensions::Upper ipz=1
Local Domain Dimensions::nz=32
########## Problem Summary  ##########=
Setup Information=
Setup Information::Setup Time=0.0726298
Linear System Information=
Linear System Information::Number of Equations=1048576
Linear System Information::Number of Nonzero Terms=27725560
Multigrid Information=
Multigrid Information::Number of coarse grid levels=3
Multigrid Information::Coarse Grids=
Multigrid Information::Coarse Grids::Grid Level=1
Multigrid Information::Coarse Grids::Number of Equations=131072
Multigrid Information::Coarse Grids::Number of Nonzero Terms=3393400
Multigrid Information::Coarse Grids::Number of Presmoother Steps=1
Multigrid Information::Coarse Grids::Number of Postsmoother Steps=1
Multigrid Information::Coarse Grids::Grid Level=2
Multigrid Information::Coarse Grids::Number of Equations=16384
Multigrid Information::Coarse Grids::Number of Nonzero Terms=406456
Multigrid Information::Coarse Grids::Number of Presmoother Steps=1
Multigrid Information::Coarse Grids::Number of Postsmoother Steps=1
Multigrid Information::Coarse Grids::Grid Level=3
Multigrid Information::Coarse Grids::Number of Equations=2048
Multigrid Information::Coarse Grids::Number of Nonzero Terms=46552
Multigrid Information::Coarse Grids::Number of Presmoother Steps=1
Multigrid Information::Coarse Grids::Number of Postsmoother Steps=1
########## Memory Use Summary  ##########=
Memory Use Information=
Memory Use Information::Total memory used for data (Gbytes)=0.751604
Memory Use Information::Memory used for OptimizeProblem data (Gbytes)=0
Memory Use Information::Bytes per equation (Total memory / Number of Equations)=716.786
Memory Use Information::Memory used for linear system and CG (Gbytes)=0.661177
Memory Use Information::Coarse Grids=
Memory Use Information::Coarse Grids::Grid Level=1
Memory Use Information::Coarse Grids::Memory used=0.0792029
Memory Use Information::Coarse Grids::Grid Level=2
Memory Use Information::Coarse Grids::Memory used=0.00996105
Memory Use Information::Coarse Grids::Grid Level=3
Memory Use Information::Coarse Grids::Memory used=0.00126337
########## V&V Testing Summary  ##########=
Spectral Convergence Tests=
Spectral Convergence Tests::Result=PASSED
Spectral Convergence Tests::Unpreconditioned=
Spectral Convergence Tests::Unpreconditioned::Maximum iteration count=11
Spectral Convergence Tests::Unpreconditioned::Expected iteration count=12
Spectral Convergence Tests::Preconditioned=
Spectral Convergence Tests::Preconditioned::Maximum iteration count=2
Spectral Convergence Tests::Preconditioned::Expected iteration count=2
Departure from Symmetry |x'Ay-y'Ax|/(2*||x||*||A||*||y||)/epsilon=
Departure from Symmetry |x'Ay-y'Ax|/(2*||x||*||A||*||y||)/epsilon::Result=PASSED
Departure from Symmetry |x'Ay-y'Ax|/(2*||x||*||A||*||y||)/epsilon::Departure for SpMV=3.35475e-09
Departure from Symmetry |x'Ay-y'Ax|/(2*||x||*||A||*||y||)/epsilon::Departure for MG=8.38688e-10
########## Iterations Summary  ##########=
Iteration Count Information=
Iteration Count Information::Result=PASSED
Iteration Count Information::Reference CG iterations per set=50
Iteration Count Information::Optimized CG iterations per set=50
Iteration Count Information::Total number of reference iterations=800
Iteration Count Information::Total number of optimized iterations=800
########## Reproducibility Summary  ##########=
Reproducibility Information=
Reproducibility Information::Result=PASSED
Reproducibility Information::Scaled residual mean=4.80215e-08
Reproducibility Information::Scaled residual variance=0
########## Performance Summary (times in sec) ##########=
Benchmark Time Summary=
Benchmark Time Summary::Optimization phase=9.5e-08
Benchmark Time Summary::DDOT=1.93057
Benchmark Time Summary::WAXPBY=0.159129
Benchmark Time Summary::SpMV=2.10527
Benchmark Time Summary::MG=13.3119
Benchmark Time Summary::Total=17.5087
Floating Point Operations Summary=
Floating Point Operations Summary::Raw DDOT=5.06672e+09
Floating Point Operations Summary::Raw WAXPBY=5.06672e+09
Floating Point Operations Summary::Raw SpMV=4.52481e+10
Floating Point Operations Summary::Raw MG=2.52352e+11
Floating Point Operations Summary::Total=3.07734e+11
Floating Point Operations Summary::Total with convergence overhead=3.07734e+11
GB/s Summary=
GB/s Summary::Raw Read B/W=108.317
GB/s Summary::Raw Write B/W=25.0336
GB/s Summary::Raw Total B/W=133.351
GB/s Summary::Total with convergence and optimization phase overhead=132.472
GFLOP/s Summary=
GFLOP/s Summary::Raw DDOT=2.62447
GFLOP/s Summary::Raw WAXPBY=31.8403
GFLOP/s Summary::Raw SpMV=21.4928
GFLOP/s Summary::Raw MG=18.957
GFLOP/s Summary::Raw Total=17.5761
GFLOP/s Summary::Total with convergence overhead=17.5761
GFLOP/s Summary::Total with convergence and optimization phase overhead=17.4602
User Optimization Overheads=
User Optimization Overheads::Optimization phase time (sec)=9.5e-08
User Optimization Overheads::Optimization phase time vs reference SpMV+MG time=5.29173e-06
DDOT Timing Variations=
DDOT Timing Variations::Min DDOT MPI_Allreduce time=1.48276
DDOT Timing Variations::Max DDOT MPI_Allreduce time=1.86159
DDOT Timing Variations::Avg DDOT MPI_Allreduce time=1.63904
Final Summary=
Final Summary::HPCG result is VALID with a GFLOP/s rating of=17.4602
Final Summary::HPCG 2.4 rating for historical reasons is=17.5761
Final Summary::Reference version of ComputeDotProduct used=Performance results are most likely suboptimal
Final Summary::Reference version of ComputeSPMV used=Performance results are most likely suboptimal
Final Summary::Reference version of ComputeMG used and number of threads greater than 1=Performance results are severely suboptimal
Final Summary::Reference version of ComputeWAXPBY used=Performance results are most likely suboptimal
Final Summary::Results are valid but execution time (sec) is=17.5087
Final Summary::Official results execution time (sec) must be at least=1800
HPCG-Benchmark
version=3.1
Release date=March 28, 2019
Machine Summary=
Machine Summary::Distributed Processes=32
Machine Summary::Threads per processes=2
Global Problem Dimensions=
Global Problem Dimensions::Global nx=128
Global Problem Dimensions::Global ny=128
Global Problem Dimensions::Global nz=64
Processor Dimensions=
Processor Dimensions::npx=4
Processor Dimensions::npy=4
Processor Dimensions::npz=2
Local Domain Dimensions=
Local Domain Dimensions::nx=32
Local Domain Dimensions::ny=32
Local Domain Dimensions::Lower ipz=0
Local Domain Dimensions::Upper ipz=1
Local Domain Dimensions::nz=32
########## Problem Summary  ##########=
Setup Information=
Setup Information::Setup Time=0.0718438
Linear System Information=
Linear System Information::Number of Equations=1048576
Linear System Information::Number of Nonzero Terms=27725560
Multigrid Information=
Multigrid Information::Number of coarse grid levels=3
Multigrid Information::Coarse Grids=
Multigrid Information::Coarse Grids::Grid Level=1
Multigrid Information::Coarse Grids::Number of Equations=131072
Multigrid Information::Coarse Grids::Number of Nonzero Terms=3393400
Multigrid Information::Coarse Grids::Number of Presmoother Steps=1
Multigrid Information::Coarse Grids::Number of Postsmoother Steps=1
Multigrid Information::Coarse Grids::Grid Level=2
Multigrid Information::Coarse Grids::Number of Equations=16384
Multigrid Information::Coarse Grids::Number of Nonzero Terms=406456
Multigrid Information::Coarse Grids::Number of Presmoother Steps=1
Multigrid Information::Coarse Grids::Number of Postsmoother Steps=1
Multigrid Information::Coarse Grids::Grid Level=3
Multigrid Information::Coarse Grids::Number of Equations=2048
Multigrid Information::Coarse Grids::Number of Nonzero Terms=46552
Multigrid Information::Coarse Grids::Number of Presmoother Steps=1
Multigrid Information::Coarse Grids::Number of Postsmoother Steps=1
########## Memory Use Summary  ##########=
Memory Use Information=
Memory Use Information::Total memory used for data (Gbytes)=0.751604
Memory Use Information::Memory used for OptimizeProblem data (Gbytes)=0
Memory Use Information::Bytes per equation (Total memory / Number of Equations)=716.786
Memory Use Information::Memory used for linear system and CG (Gbytes)=0.661177
Memory Use Information::Coarse Grids=
Memory Use Information::Coarse Grids::Grid Level=1
Memory Use Information::Coarse Grids::Memory used=0.0792029
Memory Use Information::Coarse Grids::Grid Level=2
Memory Use Information::Coarse Grids::Memory used=0.00996105
Memory Use Information::Coarse Grids::Grid Level=3
Memory Use Information::Coarse Grids::Memory used=0.00126337
########## V&V Testing Summary  ##########=
Spectral Convergence Tests=
Spectral Convergence Tests::Result=PASSED
Spectral Convergence Tests::Unpreconditioned=
Spectral Convergence Tests::Unpreconditioned::Maximum iteration count=11
Spectral Convergence Tests::Unpreconditioned::Expected iteration count=12
Spectral Convergence Tests::Preconditioned=
Spectral Convergence Tests::Preconditioned::Maximum iteration count=2
Spectral Convergence Tests::Preconditioned::Expected iteration count=2
Departure from Symmetry |x'Ay-y'Ax|/(2*||x||*||A||*||y||)/epsilon=
Departure from Symmetry |x'Ay-y'Ax|/(2*||x||*||A||*||y||)/epsilon::Result=PASSED
Departure from Symmetry |x'Ay-y'Ax|/(2*||x||*||A||*||y||)/epsilon::Departure for SpMV=3.35475e-09
Departure from Symmetry |x'Ay-y'Ax|/(2*||x||*||A||*||y||)/epsilon::Departure for MG=8.38688e-10
########## Iterations Summary  ##########=
Iteration Count Information=
Iteration Count Information::Result=PASSED
Iteration Count Information::Reference CG iterations per set=50
Iteration Count Information::Optimized CG iterations per set=50
Iteration Count Information::Total number of reference iterations=800
Iteration Count Information::Total number of optimized iterations=800
########## Reproducibility Summary  ##########=
Reproducibility Information=
Reproducibility Information::Result=PASSED
Reproducibility Information::Scaled residual mean=4.80215e-08
Reproducibility Information::Scaled residual variance=0
########## Performance Summary (times in sec) ##########=
Benchmark Time Summary=
Benchmark Time Summary::Optimization phase=1.89e-07
Benchmark Time Summary::DDOT=1.17039
Benchmark Time Summary::WAXPBY=0.154299
Benchmark Time Summary::SpMV=2.11131
Benchmark Time Summary::MG=12.7824
Benchmark Time Summary::Total=16.2205
Floating Point Operations Summary=
Floating Point Operations Summary::Raw DDOT=5.06672e+09
Floating Point Operations Summary::Raw WAXPBY=5.06672e+09
Floating Point Operations Summary::Raw SpMV=4.52481e+10
Floating Point Operations Summary::Raw MG=2.52352e+11
Floating Point Operations Summary::Total=3.07734e+11
Floating Point Operations Summary::Total with convergence overhead=3.07734e+11
GB/s Summary=
GB/s Summary::Raw Read B/W=116.92
GB/s Summary::Raw Write B/W=27.0217
GB/s Summary::Raw Total B/W=143.941
GB/s Summary::Total with convergence and optimization phase overhead=142.929
GFLOP/s Summary=
GFLOP/s Summary::Raw DDOT=4.32908
GFLOP/s Summary::Raw WAXPBY=32.837
GFLOP/s Summary::Raw SpMV=21.4313
GFLOP/s Summary::Raw MG=19.7421
GFLOP/s Summary::Raw Total=18.9719
GFLOP/s Summary::Total with convergence overhead=18.9719
GFLOP/s Summary::Total with convergence and optimization phase overhead=18.8384
User Optimization Overheads=
User Optimization Overheads::Optimization phase time (sec)=1.89e-07
User Optimization Overheads::Optimization phase time vs reference SpMV+MG time=9.89576e-06
DDOT Timing Variations=
DDOT Timing Variations::Min DDOT MPI_Allreduce time=0.879529
DDOT Timing Variations::Max DDOT MPI_Allreduce time=1.08882
DDOT Timing Variations::Avg DDOT MPI_Allreduce time=0.979081
Final Summary=
Final Summary::HPCG result is VALID with a GFLOP/s rating of=18.8384
Final Summary::HPCG 2.4 rating for historical reasons is=18.9719
Final Summary::Reference version of ComputeDotProduct used=Performance results are most likely suboptimal
Final Summary::Reference version of ComputeSPMV used=Performance results are most likely suboptimal
Final Summary::Reference version of ComputeMG used and number of threads greater than 1=Performance results are severely suboptimal
Final Summary::Reference version of ComputeWAXPBY used=Performance results are most likely suboptimal
Final Summary::Results are valid but execution time (sec) is=16.2205
Final Summary::Official results execution time (sec) must be at least=1800
HPCG-Benchmark
version=3.1
Release date=March 28, 2019
Machine Summary=
Machine Summary::Distributed Processes=32
Machine Summary::Threads per processes=2
Global Problem Dimensions=
Global Problem Dimensions::Global nx=128
Global Problem Dimensions::Global ny=128
Global Problem Dimensions::Global nz=64
Processor Dimensions=
Processor Dimensions::npx=4
Processor Dimensions::npy=4
Processor Dimensions::npz=2
Local Domain Dimensions=
Local Domain Dimensions::nx=32
Local Domain Dimensions::ny=32
Local Domain Dimensions::Lower ipz=0
Local Domain Dimensions::Upper ipz=1
Local Domain Dimensions::nz=32
########## Problem Summary  ##########=
Setup Information=
Setup Information::Setup Time=0.0726551
Linear System Information=
Linear System Information::Number of Equations=1048576
Linear System Information::Number of Nonzero Terms=27725560
Multigrid Information=
Multigrid Information::Number of coarse grid levels=3
Multigrid Information::Coarse Grids=
Multigrid Information::Coarse Grids::Grid Level=1
Multigrid Information::Coarse Grids::Number of Equations=131072
Multigrid Information::Coarse Grids::Number of Nonzero Terms=3393400
Multigrid Information::Coarse Grids::Number of Presmoother Steps=1
Multigrid Information::Coarse Grids::Number of Postsmoother Steps=1
Multigrid Information::Coarse Grids::Grid Level=2
Multigrid Information::Coarse Grids::Number of Equations=16384
Multigrid Information::Coarse Grids::Number of Nonzero Terms=406456
Multigrid Information::Coarse Grids::Number of Presmoother Steps=1
Multigrid Information::Coarse Grids::Number of Postsmoother Steps=1
Multigrid Information::Coarse Grids::Grid Level=3
Multigrid Information::Coarse Grids::Number of Equations=2048
Multigrid Information::Coarse Grids::Number of Nonzero Terms=46552
Multigrid Information::Coarse Grids::Number of Presmoother Steps=1
Multigrid Information::Coarse Grids::Number of Postsmoother Steps=1
########## Memory Use Summary  ##########=
Memory Use Information=
Memory Use Information::Total memory used for data (Gbytes)=0.751604
Memory Use Information::Memory used for OptimizeProblem data (Gbytes)=0
Memory Use Information::Bytes per equation (Total memory / Number of Equations)=716.786
Memory Use Information::Memory used for linear system and CG (Gbytes)=0.661177
Memory Use Information::Coarse Grids=
Memory Use Information::Coarse Grids::Grid Level=1
Memory Use Information::Coarse Grids::Memory used=0.0792029
Memory Use Information::Coarse Grids::Grid Level=2
Memory Use Information::Coarse Grids::Memory used=0.00996105
Memory Use Information::Coarse Grids::Grid Level=3
Memory Use Information::Coarse Grids::Memory used=0.00126337
########## V&V Testing Summary  ##########=
Spectral Convergence Tests=
Spectral Convergence Tests::Result=PASSED
Spectral Convergence Tests::Unpreconditioned=
Spectral Convergence Tests::Unpreconditioned::Maximum iteration count=11
Spectral Convergence Tests::Unpreconditioned::Expected iteration count=12
Spectral Convergence Tests::Preconditioned=
Spectral Convergence Tests::Preconditioned::Maximum iteration count=2
Spectral Convergence Tests::Preconditioned::Expected iteration count=2
Departure from Symmetry |x'Ay-y'Ax|/(2*||x||*||A||*||y||)/epsilon=
Departure from Symmetry |x'Ay-y'Ax|/(2*||x||*||A||*||y||)/epsilon::Result=PASSED
Departure from Symmetry |x'Ay-y'Ax|/(2*||x||*||A||*||y||)/epsilon::Departure for SpMV=3.35475e-09
Departure from Symmetry |x'Ay-y'Ax|/(2*||x||*||A||*||y||)/epsilon::Departure for MG=8.38688e-10
########## Iterations Summary  ##########=
Iteration Count Information=
Iteration Count Information::Result=PASSED
Iteration Count Information::Reference CG iterations per set=50
Iteration Count Information::Optimized CG iterations per set=50
Iteration Count Information::Total number of reference iterations=850
Iteration Count Information::Total number of optimized iterations=850
########## Reproducibility Summary  ##########=
Reproducibility Information=
Reproducibility Information::Result=PASSED
Reproducibility Information::Scaled residual mean=4.80215e-08
Reproducibility Information::Scaled residual variance=0
########## Performance Summary (times in sec) ##########=
Benchmark Time Summary=
Benchmark Time Summary::Optimization phase=8.4e-08
Benchmark Time Summary::DDOT=1.15319
Benchmark Time Summary::WAXPBY=0.203515
Benchmark Time Summary::SpMV=2.26344
Benchmark Time Summary::MG=13.5032
Benchmark Time Summary::Total=17.1255
Floating Point Operations Summary=
Floating Point Operations Summary::Raw DDOT=5.38339e+09
Floating Point Operations Summary::Raw WAXPBY=5.38339e+09
Floating Point Operations Summary::Raw SpMV=4.80761e+10
Floating Point Operations Summary::Raw MG=2.68124e+11
Floating Point Operations Summary::Total=3.26967e+11
Floating Point Operations Summary::Total with convergence overhead=3.26967e+11
GB/s Summary=
GB/s Summary::Raw Read B/W=117.662
GB/s Summary::Raw Write B/W=27.1933
GB/s Summary::Raw Total B/W=144.855
GB/s Summary::Total with convergence and optimization phase overhead=143.818
GFLOP/s Summary=
GFLOP/s Summary::Raw DDOT=4.66827
GFLOP/s Summary::Raw WAXPBY=26.4521
GFLOP/s Summary::Raw SpMV=21.2403
GFLOP/s Summary::Raw MG=19.8564
GFLOP/s Summary::Raw Total=19.0924
GFLOP/s Summary::Total with convergence overhead=19.0924
GFLOP/s Summary::Total with convergence and optimization phase overhead=18.9557
User Optimization Overheads=
User Optimization Overheads::Optimization phase time (sec)=8.4e-08
User Optimization Overheads::Optimization phase time vs reference SpMV+MG time=4.66368e-06
DDOT Timing Variations=
DDOT Timing Variations::Min DDOT MPI_Allreduce time=0.852167
DDOT Timing Variations::Max DDOT MPI_Allreduce time=1.18838
DDOT Timing Variations::Avg DDOT MPI_Allreduce time=1.00497
Final Summary=
Final Summary::HPCG result is VALID with a GFLOP/s rating of=18.9557
Final Summary::HPCG 2.4 rating for historical reasons is=19.0924
Final Summary::Reference version of ComputeDotProduct used=Performance results are most likely suboptimal
Final Summary::Reference version of ComputeSPMV used=Performance results are most likely suboptimal
Final Summary::Reference version of ComputeMG used and number of threads greater than 1=Performance results are severely suboptimal
Final Summary::Reference version of ComputeWAXPBY used=Performance results are most likely suboptimal
Final Summary::Results are valid but execution time (sec) is=17.1255
Final Summary::Official results execution time (sec) must be at least=1800
FLUX-RESULTS END

FLUX-JOB START 771819044864 hpcg-iter-3
FLUX-JOB-JOBSPEC START
{"resources": [{"type": "node", "count": 1, "with": [{"type": "slot", "count": 32, "with": [{"type": "core", "count": 1}], "label": "task"}]}], "tasks": [{"command": ["/opt/hpcg/xhpcg"], "slot": "task", "count": {"per_slot": 1}}], "attributes": {"system": {"duration": 0, "cwd": "/opt/hpcg", "shell": {"options": {"rlimit": {"cpu": -1, "fsize": -1, "data": -1, "stack": 10485760, "core": -1, "nofile": 1048576, "as": -1, "rss": -1, "nproc": -1}, "cpu-affinity": "per-task", "gpu-affinity": "off"}}}, "user": {"study_id": "hpcg-iter-3"}}, "version": 1}
FLUX-JOB-JOBSPEC END
FLUX-JOB-RESOURCES START
{"version": 1, "execution": {"R_lite": [{"rank": "0", "children": {"core": "0-31"}}], "starttime": 1749756099.7796919, "expiration": 0.0, "nodelist": ["hpcg-0"]}}
FLUX-JOB-RESOURCES END
FLUX-JOB-EVENTLOG START
{"timestamp":1749756099.7815077,"name":"init"}
{"timestamp":1749756099.7902775,"name":"shell.init","context":{"service":"0-shell-fMGv1MGT","leader-rank":0,"size":1}}
{"timestamp":1749756099.7823429,"name":"starting"}
{"timestamp":1749756099.8312898,"name":"shell.start","context":{"taskmap":{"version":1,"map":[[0,1,32,1]]}}}
{"timestamp":1749756119.8513906,"name":"shell.task-exit","context":{"localid":28,"rank":28,"state":"Exited","pid":590,"wait_status":0,"signaled":0,"exitcode":0}}
{"timestamp":1749756119.8613691,"name":"complete","context":{"status":0}}
{"timestamp":1749756119.8613899,"name":"done"}

FLUX-JOB-EVENTLOG END
FLUX-JOB END 771819044864 hpcg-iter-3

FLUX-JOB START 446626267136 hpcg-iter-2
FLUX-JOB-JOBSPEC START
{"resources": [{"type": "node", "count": 1, "with": [{"type": "slot", "count": 32, "with": [{"type": "core", "count": 1}], "label": "task"}]}], "tasks": [{"command": ["/opt/hpcg/xhpcg"], "slot": "task", "count": {"per_slot": 1}}], "attributes": {"system": {"duration": 0, "cwd": "/opt/hpcg", "shell": {"options": {"rlimit": {"cpu": -1, "fsize": -1, "data": -1, "stack": 10485760, "core": -1, "nofile": 1048576, "as": -1, "rss": -1, "nproc": -1}, "cpu-affinity": "per-task", "gpu-affinity": "off"}}}, "user": {"study_id": "hpcg-iter-2"}}, "version": 1}
FLUX-JOB-JOBSPEC END
FLUX-JOB-RESOURCES START
{"version": 1, "execution": {"R_lite": [{"rank": "0", "children": {"core": "0-31"}}], "starttime": 1749756080.3975289, "expiration": 0.0, "nodelist": ["hpcg-0"]}}
FLUX-JOB-RESOURCES END
FLUX-JOB-EVENTLOG START
{"timestamp":1749756080.4005101,"name":"init"}
{"timestamp":1749756080.4103518,"name":"shell.init","context":{"service":"0-shell-fCjTqMzf","leader-rank":0,"size":1}}
{"timestamp":1749756080.4016492,"name":"starting"}
{"timestamp":1749756080.4510305,"name":"shell.start","context":{"taskmap":{"version":1,"map":[[0,1,32,1]]}}}
{"timestamp":1749756099.5597129,"name":"shell.task-exit","context":{"localid":24,"rank":24,"state":"Exited","pid":481,"wait_status":0,"signaled":0,"exitcode":0}}
{"timestamp":1749756099.571723,"name":"complete","context":{"status":0}}
{"timestamp":1749756099.5717432,"name":"done"}

FLUX-JOB-EVENTLOG END
FLUX-JOB END 446626267136 hpcg-iter-2

FLUX-JOB START 99170123776 hpcg-iter-1
FLUX-JOB-JOBSPEC START
{"resources": [{"type": "node", "count": 1, "with": [{"type": "slot", "count": 32, "with": [{"type": "core", "count": 1}], "label": "task"}]}], "tasks": [{"command": ["/opt/hpcg/xhpcg"], "slot": "task", "count": {"per_slot": 1}}], "attributes": {"system": {"duration": 0, "cwd": "/opt/hpcg", "shell": {"options": {"rlimit": {"cpu": -1, "fsize": -1, "data": -1, "stack": 10485760, "core": -1, "nofile": 1048576, "as": -1, "rss": -1, "nproc": -1}, "cpu-affinity": "per-task", "gpu-affinity": "off"}}}, "user": {"study_id": "hpcg-iter-1"}}, "version": 1}
FLUX-JOB-JOBSPEC END
FLUX-JOB-RESOURCES START
{"version": 1, "execution": {"R_lite": [{"rank": "0", "children": {"core": "0-31"}}], "starttime": 1749756059.6856465, "expiration": 0.0, "nodelist": ["hpcg-0"]}}
FLUX-JOB-RESOURCES END
FLUX-JOB-EVENTLOG START
{"timestamp":1749756059.6884711,"name":"init"}
{"timestamp":1749756059.6992407,"name":"shell.init","context":{"service":"0-shell-f3c6KomH","leader-rank":0,"size":1}}
{"timestamp":1749756059.689574,"name":"starting"}
{"timestamp":1749756059.7402205,"name":"shell.start","context":{"taskmap":{"version":1,"map":[[0,1,32,1]]}}}
{"timestamp":1749756080.1775506,"name":"shell.task-exit","context":{"localid":31,"rank":31,"state":"Exited","pid":396,"wait_status":0,"signaled":0,"exitcode":0}}
{"timestamp":1749756080.1885011,"name":"complete","context":{"status":0}}
{"timestamp":1749756080.1885214,"name":"done"}

FLUX-JOB-EVENTLOG END
FLUX-JOB END 99170123776 hpcg-iter-1
FLUX JOB STATS
{"job_states":{"depend":0,"priority":0,"sched":0,"run":0,"cleanup":0,"inactive":3,"total":3},"successful":3,"failed":0,"canceled":0,"timeout":0,"inactive_purged":0,"queues":[]}
