ln: failed to create symbolic link '/mnt/flux/view/lib/python': File exists
ln: failed to create symbolic link '/mnt/flux/view/lib/python3': File exists
unlimited
PROGRAM: futex
Looking for /opt/programs/futex/ebpf-collect.c
[01:05:39] Starting eBPF (Tracepoints for futex syscalls).
[01:05:40] BPF program loaded and tracepoints automatically attached.
[01:05:40] Start Indicator file defined '/mnt/flux/start_ebpf_collection'. Waiting.
[01:05:44] Start indicator found. Proceeding.
[01:05:44] Ring buffers opened. Polling for events...
[01:06:49] 
Indicator file '/mnt/flux/stop_ebpf_collection' found. Stopping.
[01:06:49] Cleaning up BPF resources...
{
  "final_aggregated_futex_summary_river": [
    {
      "tgid": 4356,
      "comm": "containerd",
      "cgroup_id": 4085,
      "wait_duration_stats_ns": {
        "count": 6796.0,
        "sum": 1986808037117.0022,
        "mean": 292349622.88360834,
        "median": 708762.4837306828,
        "min": 320,
        "max": 59536468643,
        "variance_ns2": 1.246064632231204e+19,
        "iqr_ns": 62089664.29419402,
        "q1_ns": 87508.75960242505,
        "q3_ns": 62177173.05379645
      },
      "futex_op_counts": {
        "128": 6796
      },
      "first_seen_ts_ns": 6055317846624,
      "last_seen_ts_ns": 6124305206206
    },
    {
      "tgid": 4507,
      "comm": "containerd-shim",
      "cgroup_id": 4085,
      "wait_duration_stats_ns": {
        "count": 821.0,
        "sum": 450870796886.0001,
        "mean": 549172712.4068211,
        "median": 487037.1537207092,
        "min": 344,
        "max": 25452491152,
        "variance_ns2": 2.4563652350078157e+18,
        "iqr_ns": 13132691.71016768,
        "q1_ns": 75581.7389664859,
        "q3_ns": 13208273.449134165
      },
      "futex_op_counts": {
        "128": 821
      },
      "first_seen_ts_ns": 6059746582881,
      "last_seen_ts_ns": 6124127388350
    },
    {
      "tgid": 4395,
      "comm": "kubelet",
      "cgroup_id": 4138,
      "wait_duration_stats_ns": {
        "count": 6055.0,
        "sum": 373760549185.00073,
        "mean": 61727588.63501251,
        "median": 12955693.395791324,
        "min": 351,
        "max": 30892238934,
        "variance_ns2": 2.997729487368602e+17,
        "iqr_ns": 57076267.82452,
        "q1_ns": 874542.2385253076,
        "q3_ns": 57950810.06304531
      },
      "futex_op_counts": {
        "128": 6055
      },
      "first_seen_ts_ns": 6055244910388,
      "last_seen_ts_ns": 6124269052295
    },
    {
      "tgid": 5893,
      "comm": "coredns",
      "cgroup_id": 5776,
      "wait_duration_stats_ns": {
        "count": 458.0,
        "sum": 332110823766.9999,
        "mean": 725132802.9847159,
        "median": 416274506.58564264,
        "min": 637,
        "max": 62000151246,
        "variance_ns2": 1.0310132195938198e+19,
        "iqr_ns": 874975944.2468873,
        "q1_ns": 56836304.541495726,
        "q3_ns": 931812248.788383
      },
      "futex_op_counts": {
        "128": 458
      },
      "first_seen_ts_ns": 6055644740337,
      "last_seen_ts_ns": 6123710381120
    },
    {
      "tgid": 5897,
      "comm": "coredns",
      "cgroup_id": 5860,
      "wait_duration_stats_ns": {
        "count": 432.0,
        "sum": 325281083291.9999,
        "mean": 752965470.583333,
        "median": 516936294.4562096,
        "min": 2103,
        "max": 61000107429,
        "variance_ns2": 1.0005197709376553e+19,
        "iqr_ns": 904031184.8333927,
        "q1_ns": 58913089.360363014,
        "q3_ns": 962944274.1937557
      },
      "futex_op_counts": {
        "128": 432
      },
      "first_seen_ts_ns": 6055645464606,
      "last_seen_ts_ns": 6123711526656
    },
    {
      "tgid": 130170,
      "comm": "containerd-shim",
      "cgroup_id": 4085,
      "wait_duration_stats_ns": {
        "count": 264.0,
        "sum": 320255295770.00024,
        "mean": 1213088241.5530312,
        "median": 950903.5906735582,
        "min": 454,
        "max": 33200465307,
        "variance_ns2": 1.6148795093271306e+19,
        "iqr_ns": 491242630.7337092,
        "q1_ns": 74199.25777549183,
        "q3_ns": 491316829.9914847
      },
      "futex_op_counts": {
        "128": 264
      },
      "first_seen_ts_ns": 6059686328675,
      "last_seen_ts_ns": 6124338264968
    },
    {
      "tgid": 129773,
      "comm": "containerd-shim",
      "cgroup_id": 4085,
      "wait_duration_stats_ns": {
        "count": 101.0,
        "sum": 313446452183.9998,
        "mean": 3103430219.643563,
        "median": 120563957.70639993,
        "min": 499,
        "max": 32711288833,
        "variance_ns2": 4.879605949338631e+19,
        "iqr_ns": 2970681549.432316,
        "q1_ns": 14362304.003304902,
        "q3_ns": 2985043853.435621
      },
      "futex_op_counts": {
        "128": 101
      },
      "first_seen_ts_ns": 6059748377173,
      "last_seen_ts_ns": 6122449461965
    },
    {
      "tgid": 6459,
      "comm": "containerd-shim",
      "cgroup_id": 4085,
      "wait_duration_stats_ns": {
        "count": 102.0,
        "sum": 311625962221.0,
        "mean": 3055156492.3627453,
        "median": 129528652.13830674,
        "min": 360,
        "max": 29998287842,
        "variance_ns2": 5.0908440150834086e+19,
        "iqr_ns": 2621243595.453795,
        "q1_ns": 34430220.151035905,
        "q3_ns": 2655673815.6048307
      },
      "futex_op_counts": {
        "128": 102
      },
      "first_seen_ts_ns": 6057575412297,
      "last_seen_ts_ns": 6121520423393
    },
    {
      "tgid": 6803,
      "comm": "containerd-shim",
      "cgroup_id": 4085,
      "wait_duration_stats_ns": {
        "count": 78.0,
        "sum": 309432878087.9999,
        "mean": 3967088180.615383,
        "median": 246677741.6955393,
        "min": 943,
        "max": 30042135292,
        "variance_ns2": 6.28661978254174e+19,
        "iqr_ns": 5105462674.510766,
        "q1_ns": 44638617.66705158,
        "q3_ns": 5150101292.177817
      },
      "futex_op_counts": {
        "128": 78
      },
      "first_seen_ts_ns": 6059746100171,
      "last_seen_ts_ns": 6121523374784
    },
    {
      "tgid": 10238,
      "comm": "manager",
      "cgroup_id": 6748,
      "wait_duration_stats_ns": {
        "count": 515.0,
        "sum": 260742999072.9999,
        "mean": 506297085.5786406,
        "median": 321472729.3987771,
        "min": 1952,
        "max": 56794765550,
        "variance_ns2": 6.510439384882641e+18,
        "iqr_ns": 415016599.5177105,
        "q1_ns": 77697031.3372669,
        "q3_ns": 492713630.8549774
      },
      "futex_op_counts": {
        "128": 515
      },
      "first_seen_ts_ns": 6055444490108,
      "last_seen_ts_ns": 6124182562555
    },
    {
      "tgid": 4975,
      "comm": "aws-k8s-agent",
      "cgroup_id": 5272,
      "wait_duration_stats_ns": {
        "count": 234.0,
        "sum": 256381949387.0001,
        "mean": 1095649356.3547013,
        "median": 63235934.57969378,
        "min": 551,
        "max": 40269834101,
        "variance_ns2": 1.1405226393131991e+19,
        "iqr_ns": 1174713240.3397863,
        "q1_ns": 262068.81987543302,
        "q3_ns": 1174975309.1596618
      },
      "futex_op_counts": {
        "128": 234
      },
      "first_seen_ts_ns": 6059796101647,
      "last_seen_ts_ns": 6123931761129
    },
    {
      "tgid": 10141,
      "comm": "kube-rbac-proxy",
      "cgroup_id": 6664,
      "wait_duration_stats_ns": {
        "count": 55.0,
        "sum": 254715649037.0,
        "mean": 4631193618.854546,
        "median": 4864054890.295898,
        "min": 1541,
        "max": 30009964101,
        "variance_ns2": 1.8393048320040135e+19,
        "iqr_ns": 3496878994.9074144,
        "q1_ns": 1500514472.9309273,
        "q3_ns": 4997393467.838342
      },
      "futex_op_counts": {
        "128": 55
      },
      "first_seen_ts_ns": 6055818763496,
      "last_seen_ts_ns": 6120818772128
    },
    {
      "tgid": 6933,
      "comm": "metrics-server",
      "cgroup_id": 6280,
      "wait_duration_stats_ns": {
        "count": 1371.0,
        "sum": 254251092586.0,
        "mean": 185449374.60685632,
        "median": 109018810.09344344,
        "min": 590,
        "max": 21127296112,
        "variance_ns2": 9.106800105306147e+17,
        "iqr_ns": 156288621.73882025,
        "q1_ns": 40218531.38105582,
        "q3_ns": 196507153.11987606
      },
      "futex_op_counts": {
        "128": 1371
      },
      "first_seen_ts_ns": 6055483922867,
      "last_seen_ts_ns": 6124242906126
    },
    {
      "tgid": 6941,
      "comm": "metrics-server",
      "cgroup_id": 6364,
      "wait_duration_stats_ns": {
        "count": 1251.0,
        "sum": 253341436642.99973,
        "mean": 202511140.40207812,
        "median": 121722120.90279247,
        "min": 4977,
        "max": 19999979207,
        "variance_ns2": 7.462335391486365e+17,
        "iqr_ns": 121355383.64978419,
        "q1_ns": 77090442.67643176,
        "q3_ns": 198445826.32621595
      },
      "futex_op_counts": {
        "128": 1251
      },
      "first_seen_ts_ns": 6055290793217,
      "last_seen_ts_ns": 6124291105380
    },
    {
      "tgid": 4508,
      "comm": "containerd-shim",
      "cgroup_id": 4085,
      "wait_duration_stats_ns": {
        "count": 64.0,
        "sum": 245316354945.0,
        "mean": 3833068046.015625,
        "median": 593197947.2354336,
        "min": 5243,
        "max": 30000892217,
        "variance_ns2": 4.695772678467783e+19,
        "iqr_ns": 5669528936.776126,
        "q1_ns": 10738790.396696284,
        "q3_ns": 5680267727.172822
      },
      "futex_op_counts": {
        "128": 64
      },
      "first_seen_ts_ns": 6059791970269,
      "last_seen_ts_ns": 6121522843683
    },
    {
      "tgid": 5777,
      "comm": "containerd-shim",
      "cgroup_id": 4085,
      "wait_duration_stats_ns": {
        "count": 62.0,
        "sum": 245308425509.00003,
        "mean": 3956587508.2096777,
        "median": 926866432.5073444,
        "min": 12441,
        "max": 30057712072,
        "variance_ns2": 5.01577396545329e+19,
        "iqr_ns": 5804637146.582167,
        "q1_ns": 17708131.58839508,
        "q3_ns": 5822345278.170562
      },
      "futex_op_counts": {
        "128": 62
      },
      "first_seen_ts_ns": 6059794959286,
      "last_seen_ts_ns": 6121525336074
    },
    {
      "tgid": 5774,
      "comm": "containerd-shim",
      "cgroup_id": 4085,
      "wait_duration_stats_ns": {
        "count": 68.0,
        "sum": 245278768083.0,
        "mean": 3607040707.102941,
        "median": 516099880.3006915,
        "min": 1303,
        "max": 30008422978,
        "variance_ns2": 4.300178971123192e+19,
        "iqr_ns": 4673535353.351588,
        "q1_ns": 66654294.51222485,
        "q3_ns": 4740189647.863813
      },
      "futex_op_counts": {
        "128": 68
      },
      "first_seen_ts_ns": 6059794480493,
      "last_seen_ts_ns": 6121524863847
    },
    {
      "tgid": 10053,
      "comm": "containerd-shim",
      "cgroup_id": 4085,
      "wait_duration_stats_ns": {
        "count": 153.0,
        "sum": 245271659366.99997,
        "mean": 1603082740.9607842,
        "median": 22062134.556980368,
        "min": 526,
        "max": 30001774532,
        "variance_ns2": 2.1318612679254663e+19,
        "iqr_ns": 786363285.2008213,
        "q1_ns": 1968542.6740267775,
        "q3_ns": 788331827.874848
      },
      "futex_op_counts": {
        "128": 153
      },
      "first_seen_ts_ns": 6059750452627,
      "last_seen_ts_ns": 6121520904686
    },
    {
      "tgid": 4685,
      "comm": "kube-proxy",
      "cgroup_id": 5104,
      "wait_duration_stats_ns": {
        "count": 70.0,
        "sum": 237543446941.99988,
        "mean": 3393477813.457141,
        "median": 2311288907.576964,
        "min": 2618,
        "max": 29999974853,
        "variance_ns2": 3.729974084437512e+19,
        "iqr_ns": 3230289689.404339,
        "q1_ns": 267366406.96910518,
        "q3_ns": 3497656096.373444
      },
      "futex_op_counts": {
        "128": 70
      },
      "first_seen_ts_ns": 6063310034176,
      "last_seen_ts_ns": 6123307892944
    },
    {
      "tgid": 5111,
      "comm": "controller",
      "cgroup_id": 5356,
      "wait_duration_stats_ns": {
        "count": 284.0,
        "sum": 191705605161.99997,
        "mean": 675019736.4859154,
        "median": 490223210.9882188,
        "min": 578041,
        "max": 10024278393,
        "variance_ns2": 1.7150496120580086e+18,
        "iqr_ns": 18425172.74542582,
        "q1_ns": 481226670.309878,
        "q3_ns": 499651843.0553038
      },
      "futex_op_counts": {
        "128": 284
      },
      "first_seen_ts_ns": 6055765660105,
      "last_seen_ts_ns": 6124266281458
    },
    {
      "tgid": 4396,
      "comm": "ssm-agent-worke",
      "cgroup_id": 3429,
      "wait_duration_stats_ns": {
        "count": 98.0,
        "sum": 166153017987.0,
        "mean": 1695438959.0510204,
        "median": 1241327144.5497012,
        "min": 6027758,
        "max": 38216585581,
        "variance_ns2": 1.4447161500686135e+19,
        "iqr_ns": 1272315914.6004817,
        "q1_ns": 883766377.063122,
        "q3_ns": 2156082291.663604
      },
      "futex_op_counts": {
        "128": 98
      },
      "first_seen_ts_ns": 6057200397403,
      "last_seen_ts_ns": 6123550130285
    },
    {
      "tgid": 131034,
      "comm": "runc",
      "cgroup_id": 4085,
      "wait_duration_stats_ns": {
        "count": 319.0,
        "sum": 8573810738.000002,
        "mean": 26877149.648902826,
        "median": 16327027.095087636,
        "min": 358,
        "max": 1160075550,
        "variance_ns2": 8407889364393659.0,
        "iqr_ns": 19048379.39434744,
        "q1_ns": 4384525.626313838,
        "q3_ns": 23432905.02066128
      },
      "futex_op_counts": {
        "128": 319
      },
      "first_seen_ts_ns": 6088790037161,
      "last_seen_ts_ns": 6089980048153
    },
    {
      "tgid": 131012,
      "comm": "runc",
      "cgroup_id": 4085,
      "wait_duration_stats_ns": {
        "count": 267.0,
        "sum": 7286081803.000001,
        "mean": 27288695.89138577,
        "median": 13977252.606680626,
        "min": 1552,
        "max": 1100739106,
        "variance_ns2": 9496034836813428.0,
        "iqr_ns": 30284716.791587725,
        "q1_ns": 2466293.2774727596,
        "q3_ns": 32751010.069060486
      },
      "futex_op_counts": {
        "128": 267
      },
      "first_seen_ts_ns": 6083040029352,
      "last_seen_ts_ns": 6084180858566
    },
    {
      "tgid": 131222,
      "comm": "runc",
      "cgroup_id": 4085,
      "wait_duration_stats_ns": {
        "count": 287.0,
        "sum": 6024260024.999999,
        "mean": 20990453.048780486,
        "median": 7542728.744361869,
        "min": 3988,
        "max": 430541979,
        "variance_ns2": 4150826106164752.0,
        "iqr_ns": 25449544.11047397,
        "q1_ns": 347974.2300561149,
        "q3_ns": 25797518.340530086
      },
      "futex_op_counts": {
        "128": 287
      },
      "first_seen_ts_ns": 6113060043104,
      "last_seen_ts_ns": 6113750826530
    },
    {
      "tgid": 131172,
      "comm": "runc",
      "cgroup_id": 4085,
      "wait_duration_stats_ns": {
        "count": 394.0,
        "sum": 5531804390.999995,
        "mean": 14040112.667512678,
        "median": 2027853.5257222774,
        "min": 1814,
        "max": 890592647,
        "variance_ns2": 3739998147052808.0,
        "iqr_ns": 33725159.545001686,
        "q1_ns": 135457.8694836714,
        "q3_ns": 33860617.41448536
      },
      "futex_op_counts": {
        "128": 394
      },
      "first_seen_ts_ns": 6103090037719,
      "last_seen_ts_ns": 6104030738274
    },
    {
      "tgid": 4253,
      "comm": "amazon-ssm-agen",
      "cgroup_id": 3429,
      "wait_duration_stats_ns": {
        "count": 19.0,
        "sum": 3928740587.0,
        "mean": 206775820.36842105,
        "median": 30475244.959927715,
        "min": 4098,
        "max": 966366377,
        "variance_ns2": 1.6173430687569168e+17,
        "iqr_ns": 192560989.2399123,
        "q1_ns": 3564602.0970128486,
        "q3_ns": 196125591.33692515
      },
      "futex_op_counts": {
        "128": 19
      },
      "first_seen_ts_ns": 6111065367001,
      "last_seen_ts_ns": 6112066412139
    },
    {
      "tgid": 130892,
      "comm": "runc",
      "cgroup_id": 4085,
      "wait_duration_stats_ns": {
        "count": 237.0,
        "sum": 3527039212.0,
        "mean": 14882021.991561182,
        "median": 2896099.31915431,
        "min": 4361,
        "max": 310085831,
        "variance_ns2": 3011365898606833.0,
        "iqr_ns": 12594137.122586088,
        "q1_ns": 108178.8196277501,
        "q3_ns": 12702315.942213839
      },
      "futex_op_counts": {
        "128": 237
      },
      "first_seen_ts_ns": 6073040035111,
      "last_seen_ts_ns": 6073520034757
    },
    {
      "tgid": 131198,
      "comm": "runc",
      "cgroup_id": 4085,
      "wait_duration_stats_ns": {
        "count": 234.0,
        "sum": 3244678469.9999995,
        "mean": 13866147.307692306,
        "median": 1672975.8571106791,
        "min": 4095,
        "max": 460707198,
        "variance_ns2": 3117375551629868.0,
        "iqr_ns": 8123436.945540325,
        "q1_ns": 91584.214376576,
        "q3_ns": 8215021.159916901
      },
      "futex_op_counts": {
        "128": 234
      },
      "first_seen_ts_ns": 6108780046118,
      "last_seen_ts_ns": 6109290895984
    },
    {
      "tgid": 131057,
      "comm": "runc",
      "cgroup_id": 4085,
      "wait_duration_stats_ns": {
        "count": 237.0,
        "sum": 3099121061.9999995,
        "mean": 13076460.177215189,
        "median": 3436382.1899002274,
        "min": 4119,
        "max": 430686888,
        "variance_ns2": 2519316591970989.0,
        "iqr_ns": 21698001.026956562,
        "q1_ns": 96282.92531416795,
        "q3_ns": 21794283.95227073
      },
      "futex_op_counts": {
        "128": 237
      },
      "first_seen_ts_ns": 6093059215538,
      "last_seen_ts_ns": 6093550930528
    },
    {
      "tgid": 130846,
      "comm": "runc",
      "cgroup_id": 4085,
      "wait_duration_stats_ns": {
        "count": 228.0,
        "sum": 2806541684.9999995,
        "mean": 12309393.355263155,
        "median": 416403.86894259794,
        "min": 860,
        "max": 369826856,
        "variance_ns2": 3134472572395636.5,
        "iqr_ns": 19014672.449197955,
        "q1_ns": 39397.67816797486,
        "q3_ns": 19054070.127365932
      },
      "futex_op_counts": {
        "128": 228
      },
      "first_seen_ts_ns": 6063050052388,
      "last_seen_ts_ns": 6063500030471
    },
    {
      "tgid": 130919,
      "comm": "runc",
      "cgroup_id": 4085,
      "wait_duration_stats_ns": {
        "count": 241.0,
        "sum": 2714216416.0,
        "mean": 11262308.780082988,
        "median": 2906101.2103948933,
        "min": 4520,
        "max": 244095314,
        "variance_ns2": 1596858847724021.0,
        "iqr_ns": 6554000.387436939,
        "q1_ns": 113856.88917687259,
        "q3_ns": 6667857.276613812
      },
      "futex_op_counts": {
        "128": 241
      },
      "first_seen_ts_ns": 6078790014986,
      "last_seen_ts_ns": 6079174413903
    },
    {
      "tgid": 130870,
      "comm": "runc",
      "cgroup_id": 4085,
      "wait_duration_stats_ns": {
        "count": 219.0,
        "sum": 1842805876.0,
        "mean": 8414638.703196347,
        "median": 350304.34249637433,
        "min": 4190,
        "max": 319918339,
        "variance_ns2": 1886453654443836.5,
        "iqr_ns": 2305067.054390267,
        "q1_ns": 21457.636189400237,
        "q3_ns": 2326524.690579667
      },
      "futex_op_counts": {
        "128": 219
      },
      "first_seen_ts_ns": 6068760440905,
      "last_seen_ts_ns": 6069120153346
    },
    {
      "tgid": 131209,
      "comm": "runc:[2:INIT]",
      "cgroup_id": 5272,
      "wait_duration_stats_ns": {
        "count": 27.0,
        "sum": 1522633211.9999998,
        "mean": 56393822.66666666,
        "median": 30421323.686219152,
        "min": 291620,
        "max": 249914344,
        "variance_ns2": 5372512688498778.0,
        "iqr_ns": 20483653.52285052,
        "q1_ns": 14704709.79183457,
        "q3_ns": 35188363.31468509
      },
      "futex_op_counts": {
        "128": 27
      },
      "first_seen_ts_ns": 6108990032799,
      "last_seen_ts_ns": 6109310048318
    },
    {
      "tgid": 131080,
      "comm": "runc",
      "cgroup_id": 4085,
      "wait_duration_stats_ns": {
        "count": 236.0,
        "sum": 1495241448.0000002,
        "mean": 6335768.847457628,
        "median": 1004525.0191070235,
        "min": 4124,
        "max": 202013787,
        "variance_ns2": 616154931837624.8,
        "iqr_ns": 5292517.2167608,
        "q1_ns": 31213.436055546135,
        "q3_ns": 5323730.652816346
      },
      "futex_op_counts": {
        "128": 236
      },
      "first_seen_ts_ns": 6098800043033,
      "last_seen_ts_ns": 6099062295647
    },
    {
      "tgid": 131023,
      "comm": "runc:[2:INIT]",
      "cgroup_id": 5272,
      "wait_duration_stats_ns": {
        "count": 26.0,
        "sum": 1325694954.0,
        "mean": 50988267.461538464,
        "median": 22068778.8183437,
        "min": 8239430,
        "max": 229776137,
        "variance_ns2": 4750779049879503.0,
        "iqr_ns": 38288979.759011015,
        "q1_ns": 13009213.45,
        "q3_ns": 51298193.20901102
      },
      "futex_op_counts": {
        "128": 26
      },
      "first_seen_ts_ns": 6083920042727,
      "last_seen_ts_ns": 6084200053937
    },
    {
      "tgid": 131236,
      "comm": "runc:[2:INIT]",
      "cgroup_id": 5272,
      "wait_duration_stats_ns": {
        "count": 27.0,
        "sum": 1294232532.0,
        "mean": 47934538.222222224,
        "median": 24542817.906399257,
        "min": 8631412,
        "max": 227615858,
        "variance_ns2": 3403028053762474.0,
        "iqr_ns": 38320671.7511401,
        "q1_ns": 16442398.259338256,
        "q3_ns": 54763070.01047836
      },
      "futex_op_counts": {
        "128": 27
      },
      "first_seen_ts_ns": 6113480044188,
      "last_seen_ts_ns": 6113770046753
    },
    {
      "tgid": 130880,
      "comm": "runc:[2:INIT]",
      "cgroup_id": 5272,
      "wait_duration_stats_ns": {
        "count": 28.0,
        "sum": 1176918648.0000002,
        "mean": 42032808.857142866,
        "median": 20790010.358033203,
        "min": 19125,
        "max": 199825115,
        "variance_ns2": 3703848030491493.5,
        "iqr_ns": 19175345.40031671,
        "q1_ns": 9554622.492556982,
        "q3_ns": 28729967.892873693
      },
      "futex_op_counts": {
        "128": 28
      },
      "first_seen_ts_ns": 6068880042241,
      "last_seen_ts_ns": 6069130016166
    },
    {
      "tgid": 131045,
      "comm": "runc:[2:INIT]",
      "cgroup_id": 5272,
      "wait_duration_stats_ns": {
        "count": 25.0,
        "sum": 1106873388.9999998,
        "mean": 44274935.55999999,
        "median": 22951413.694943912,
        "min": 1850,
        "max": 209917555,
        "variance_ns2": 2657287387237960.0,
        "iqr_ns": 23410449.361517727,
        "q1_ns": 21283241.50999579,
        "q3_ns": 44693690.871513516
      },
      "futex_op_counts": {
        "128": 25
      },
      "first_seen_ts_ns": 6089670071788,
      "last_seen_ts_ns": 6089981105312
    },
    {
      "tgid": 130857,
      "comm": "runc:[2:INIT]",
      "cgroup_id": 5272,
      "wait_duration_stats_ns": {
        "count": 25.0,
        "sum": 1096691286.0,
        "mean": 43867651.44,
        "median": 19630518.937884886,
        "min": 8592524,
        "max": 199929040,
        "variance_ns2": 2593215360489078.5,
        "iqr_ns": 26677153.038091823,
        "q1_ns": 16214528.702949276,
        "q3_ns": 42891681.7410411
      },
      "futex_op_counts": {
        "128": 25
      },
      "first_seen_ts_ns": 6063210027689,
      "last_seen_ts_ns": 6063490449632
    },
    {
      "tgid": 131068,
      "comm": "runc:[2:INIT]",
      "cgroup_id": 5272,
      "wait_duration_stats_ns": {
        "count": 24.0,
        "sum": 1091954716.0,
        "mean": 45498113.16666667,
        "median": 20993666.078679644,
        "min": 680,
        "max": 209934929,
        "variance_ns2": 3922964884948110.0,
        "iqr_ns": 28580594.348593503,
        "q1_ns": 19465343.0,
        "q3_ns": 48045937.3485935
      },
      "futex_op_counts": {
        "128": 24
      },
      "first_seen_ts_ns": 6093310356293,
      "last_seen_ts_ns": 6093590042659
    },
    {
      "tgid": 131183,
      "comm": "runc:[2:INIT]",
      "cgroup_id": 5272,
      "wait_duration_stats_ns": {
        "count": 29.0,
        "sum": 1036044724.9999999,
        "mean": 35725680.17241379,
        "median": 21005078.03634237,
        "min": 21407,
        "max": 179986895,
        "variance_ns2": 1720036775798681.8,
        "iqr_ns": 16290206.702036347,
        "q1_ns": 17731462.28402547,
        "q3_ns": 34021668.98606182
      },
      "futex_op_counts": {
        "128": 29
      },
      "first_seen_ts_ns": 6103810035591,
      "last_seen_ts_ns": 6104050048322
    },
    {
      "tgid": 130905,
      "comm": "runc:[2:INIT]",
      "cgroup_id": 5272,
      "wait_duration_stats_ns": {
        "count": 23.0,
        "sum": 932544578.0,
        "mean": 40545416.43478261,
        "median": 20437009.32231871,
        "min": 5139,
        "max": 180002616,
        "variance_ns2": 2625435903367915.5,
        "iqr_ns": 33198596.02050445,
        "q1_ns": 10301015.534994092,
        "q3_ns": 43499611.55549854
      },
      "futex_op_counts": {
        "128": 23
      },
      "first_seen_ts_ns": 6073270047307,
      "last_seen_ts_ns": 6073520034951
    },
    {
      "tgid": 130931,
      "comm": "runc:[2:INIT]",
      "cgroup_id": 5272,
      "wait_duration_stats_ns": {
        "count": 27.0,
        "sum": 690036495.9999999,
        "mean": 25556907.259259254,
        "median": 2499793.4170848457,
        "min": 12863,
        "max": 153344874,
        "variance_ns2": 2035290196312692.5,
        "iqr_ns": 20946770.580874644,
        "q1_ns": 1164775.9819047083,
        "q3_ns": 22111546.562779352
      },
      "futex_op_counts": {
        "128": 27
      },
      "first_seen_ts_ns": 6079030025119,
      "last_seen_ts_ns": 6079174954251
    },
    {
      "tgid": 131448,
      "comm": "runc",
      "cgroup_id": 4085,
      "wait_duration_stats_ns": {
        "count": 411.0,
        "sum": 645147037.9999999,
        "mean": 1569700.822384428,
        "median": 58238.3861049435,
        "min": 1209,
        "max": 111998093,
        "variance_ns2": 156762145914491.38,
        "iqr_ns": 197720.1204003099,
        "q1_ns": 10277.416763480103,
        "q3_ns": 207997.53716379002
      },
      "futex_op_counts": {
        "128": 411
      },
      "first_seen_ts_ns": 6118729866584,
      "last_seen_ts_ns": 6118841994615
    },
    {
      "tgid": 131480,
      "comm": "runc",
      "cgroup_id": 4085,
      "wait_duration_stats_ns": {
        "count": 417.0,
        "sum": 559883925.0,
        "mean": 1342647.3021582735,
        "median": 59481.18579624676,
        "min": 899,
        "max": 95301859,
        "variance_ns2": 113515347126528.25,
        "iqr_ns": 191375.94037284647,
        "q1_ns": 10882.427450302677,
        "q3_ns": 202258.36782314914
      },
      "futex_op_counts": {
        "128": 417
      },
      "first_seen_ts_ns": 6123024380948,
      "last_seen_ts_ns": 6123122043327
    },
    {
      "tgid": 131458,
      "comm": "runc:[2:INIT]",
      "cgroup_id": 5272,
      "wait_duration_stats_ns": {
        "count": 25.0,
        "sum": 525969326.99999994,
        "mean": 21038773.08,
        "median": 2508725.269516954,
        "min": 471,
        "max": 105518376,
        "variance_ns2": 1813365834824518.8,
        "iqr_ns": 21687926.852075394,
        "q1_ns": 91985.53450611887,
        "q3_ns": 21779912.386581514
      },
      "futex_op_counts": {
        "128": 25
      },
      "first_seen_ts_ns": 6118736178197,
      "last_seen_ts_ns": 6118841981780
    },
    {
      "tgid": 131490,
      "comm": "runc:[2:INIT]",
      "cgroup_id": 5272,
      "wait_duration_stats_ns": {
        "count": 24.0,
        "sum": 452227330.0,
        "mean": 18842805.416666668,
        "median": 2351586.7002751324,
        "min": 7506,
        "max": 90811805,
        "variance_ns2": 1375990159497211.5,
        "iqr_ns": 32639912.944722813,
        "q1_ns": 38734.1255144033,
        "q3_ns": 32678647.070237216
      },
      "futex_op_counts": {
        "128": 24
      },
      "first_seen_ts_ns": 6123030925219,
      "last_seen_ts_ns": 6123122051649
    },
    {
      "tgid": 131023,
      "comm": "grpc-health-pro",
      "cgroup_id": 5272,
      "wait_duration_stats_ns": {
        "count": 15.0,
        "sum": 346324793.0,
        "mean": 23088319.53333333,
        "median": 17543769.584325396,
        "min": 9952556,
        "max": 59983823,
        "variance_ns2": 241498645542600.9,
        "iqr_ns": 14712047.477353396,
        "q1_ns": 10881772.6,
        "q3_ns": 25593820.077353396
      },
      "futex_op_counts": {
        "128": 15
      },
      "first_seen_ts_ns": 6084230041910,
      "last_seen_ts_ns": 6084310059042
    },
    {
      "tgid": 130905,
      "comm": "grpc-health-pro",
      "cgroup_id": 5272,
      "wait_duration_stats_ns": {
        "count": 17.0,
        "sum": 314999438.0,
        "mean": 18529378.70588235,
        "median": 12957358.385184921,
        "min": 8596,
        "max": 48461190,
        "variance_ns2": 234106872544834.47,
        "iqr_ns": 18791821.363463234,
        "q1_ns": 11001880.351823509,
        "q3_ns": 29793701.715286743
      },
      "futex_op_counts": {
        "128": 17
      },
      "first_seen_ts_ns": 6073550038017,
      "last_seen_ts_ns": 6073610078394
    },
    {
      "tgid": 131091,
      "comm": "runc:[2:INIT]",
      "cgroup_id": 5272,
      "wait_duration_stats_ns": {
        "count": 23.0,
        "sum": 290465882.0,
        "mean": 12628951.391304348,
        "median": 199355.7077525484,
        "min": 453,
        "max": 58578743,
        "variance_ns2": 558429055010177.6,
        "iqr_ns": 20924611.00925819,
        "q1_ns": 87118.1233100529,
        "q3_ns": 21011729.13256824
      },
      "futex_op_counts": {
        "128": 23
      },
      "first_seen_ts_ns": 6099003216578,
      "last_seen_ts_ns": 6099062286425
    },
    {
      "tgid": 131209,
      "comm": "grpc-health-pro",
      "cgroup_id": 5272,
      "wait_duration_stats_ns": {
        "count": 13.0,
        "sum": 266042187.0,
        "mean": 20464783.615384616,
        "median": 16803796.7796875,
        "min": 7057,
        "max": 48792490,
        "variance_ns2": 276276548990311.4,
        "iqr_ns": 10925587.982707229,
        "q1_ns": 11017647.675,
        "q3_ns": 21943235.65770723
      },
      "futex_op_counts": {
        "128": 13
      },
      "first_seen_ts_ns": 6109340045350,
      "last_seen_ts_ns": 6109390254216
    },
    {
      "tgid": 130880,
      "comm": "grpc-health-pro",
      "cgroup_id": 5272,
      "wait_duration_stats_ns": {
        "count": 14.0,
        "sum": 260870837.99999997,
        "mean": 18633631.285714284,
        "median": 14968418.211979166,
        "min": 26696,
        "max": 45126597,
        "variance_ns2": 154955499701145.28,
        "iqr_ns": 11811389.07839506,
        "q1_ns": 10601471.9,
        "q3_ns": 22412860.97839506
      },
      "futex_op_counts": {
        "128": 14
      },
      "first_seen_ts_ns": 6069160026444,
      "last_seen_ts_ns": 6069210137384
    },
    {
      "tgid": 131183,
      "comm": "grpc-health-pro",
      "cgroup_id": 5272,
      "wait_duration_stats_ns": {
        "count": 13.0,
        "sum": 176149009.0,
        "mean": 13549923.76923077,
        "median": 8956766.86586111,
        "min": 1875,
        "max": 38405435,
        "variance_ns2": 192351895141573.16,
        "iqr_ns": 13085082.34687726,
        "q1_ns": 1212995.424,
        "q3_ns": 14298077.77087726
      },
      "futex_op_counts": {
        "128": 13
      },
      "first_seen_ts_ns": 6104070043924,
      "last_seen_ts_ns": 6104110244821
    },
    {
      "tgid": 130857,
      "comm": "grpc-health-pro",
      "cgroup_id": 5272,
      "wait_duration_stats_ns": {
        "count": 11.0,
        "sum": 148055959.0,
        "mean": 13459632.636363637,
        "median": 14307523.064814815,
        "min": 7917,
        "max": 28886488,
        "variance_ns2": 110709416251182.05,
        "iqr_ns": 13902295.25,
        "q1_ns": 1716882.0,
        "q3_ns": 15619177.25
      },
      "futex_op_counts": {
        "128": 11
      },
      "first_seen_ts_ns": 6063520028278,
      "last_seen_ts_ns": 6063550221600
    },
    {
      "tgid": 131068,
      "comm": "grpc-health-pro",
      "cgroup_id": 5272,
      "wait_duration_stats_ns": {
        "count": 12.0,
        "sum": 125201849.0,
        "mean": 10433487.416666666,
        "median": 13052051.8,
        "min": 12204,
        "max": 19913310,
        "variance_ns2": 61341039997458.27,
        "iqr_ns": 15839957.427777776,
        "q1_ns": 2150657.955555556,
        "q3_ns": 17990615.383333333
      },
      "futex_op_counts": {
        "128": 12
      },
      "first_seen_ts_ns": 6093620051534,
      "last_seen_ts_ns": 6093650094561
    },
    {
      "tgid": 131236,
      "comm": "grpc-health-pro",
      "cgroup_id": 5272,
      "wait_duration_stats_ns": {
        "count": 11.0,
        "sum": 122803655.0,
        "mean": 11163968.636363637,
        "median": 11849021.037037037,
        "min": 8273,
        "max": 19913484,
        "variance_ns2": 59286174491573.45,
        "iqr_ns": 13112142.174961422,
        "q1_ns": 1662929.0,
        "q3_ns": 14775071.174961422
      },
      "futex_op_counts": {
        "128": 11
      },
      "first_seen_ts_ns": 6113800043539,
      "last_seen_ts_ns": 6113820099476
    },
    {
      "tgid": 131045,
      "comm": "grpc-health-pro",
      "cgroup_id": 5272,
      "wait_duration_stats_ns": {
        "count": 10.0,
        "sum": 84376817.99999999,
        "mean": 8437681.799999999,
        "median": 6663029.8,
        "min": 9330,
        "max": 19923972,
        "variance_ns2": 50416149897260.18,
        "iqr_ns": 11112106.166666666,
        "q1_ns": 4275758.833333334,
        "q3_ns": 15387865.0
      },
      "futex_op_counts": {
        "128": 10
      },
      "first_seen_ts_ns": 6090010051858,
      "last_seen_ts_ns": 6090030039875
    },
    {
      "tgid": 130931,
      "comm": "grpc-health-pro",
      "cgroup_id": 5272,
      "wait_duration_stats_ns": {
        "count": 24.0,
        "sum": 38185612.0,
        "mean": 1591067.1666666667,
        "median": 533030.2220372276,
        "min": 1579,
        "max": 6956709,
        "variance_ns2": 5808346839000.318,
        "iqr_ns": 2000427.2271455415,
        "q1_ns": 187550.33528479937,
        "q3_ns": 2187977.562430341
      },
      "futex_op_counts": {
        "128": 24
      },
      "first_seen_ts_ns": 6079178143667,
      "last_seen_ts_ns": 6079186754106
    },
    {
      "tgid": 131490,
      "comm": "grpc-health-pro",
      "cgroup_id": 5272,
      "wait_duration_stats_ns": {
        "count": 31.0,
        "sum": 9805467.000000002,
        "mean": 316305.38709677424,
        "median": 131998.34983590498,
        "min": 6499,
        "max": 1514273,
        "variance_ns2": 211262672219.91183,
        "iqr_ns": 279200.2989334599,
        "q1_ns": 41625.20533798601,
        "q3_ns": 320825.5042714459
      },
      "futex_op_counts": {
        "128": 31
      },
      "first_seen_ts_ns": 6123124068314,
      "last_seen_ts_ns": 6123126635564
    },
    {
      "tgid": 131091,
      "comm": "grpc-health-pro",
      "cgroup_id": 5272,
      "wait_duration_stats_ns": {
        "count": 39.0,
        "sum": 9712620.000000002,
        "mean": 249041.5384615385,
        "median": 86499.85000293238,
        "min": 565,
        "max": 1474654,
        "variance_ns2": 172542641719.25507,
        "iqr_ns": 168264.29907181562,
        "q1_ns": 29154.972498352134,
        "q3_ns": 197419.27157016777
      },
      "futex_op_counts": {
        "128": 39
      },
      "first_seen_ts_ns": 6099064119499,
      "last_seen_ts_ns": 6099066670102
    },
    {
      "tgid": 131458,
      "comm": "grpc-health-pro",
      "cgroup_id": 5272,
      "wait_duration_stats_ns": {
        "count": 31.0,
        "sum": 8955917.0,
        "mean": 288900.5483870968,
        "median": 96651.87475821406,
        "min": 8598,
        "max": 1364416,
        "variance_ns2": 182901321919.45593,
        "iqr_ns": 213648.5946640032,
        "q1_ns": 26049.49538655265,
        "q3_ns": 239698.09005055585
      },
      "futex_op_counts": {
        "128": 31
      },
      "first_seen_ts_ns": 6118843700378,
      "last_seen_ts_ns": 6118846064702
    },
    {
      "tgid": 130601,
      "comm": "flux-broker-0",
      "cgroup_id": 49689,
      "wait_duration_stats_ns": {
        "count": 15.0,
        "sum": 47362.0,
        "mean": 3157.4666666666667,
        "median": 2215.5803571428573,
        "min": 433,
        "max": 11248,
        "variance_ns2": 8651856.409523811,
        "iqr_ns": 891.4591512345683,
        "q1_ns": 1525.9354166666667,
        "q3_ns": 2417.394567901235
      },
      "futex_op_counts": {
        "128": 15
      },
      "first_seen_ts_ns": 6079198019238,
      "last_seen_ts_ns": 6124333911318
    },
    {
      "tgid": 130782,
      "comm": "xhpcg",
      "cgroup_id": 49689,
      "wait_duration_stats_ns": {
        "count": 1.0,
        "sum": 22008.0,
        "mean": 22008.0,
        "median": 22008.0,
        "min": 22008,
        "max": 22008,
        "variance_ns2": null,
        "iqr_ns": 0.0,
        "q1_ns": 22008.0,
        "q3_ns": 22008.0
      },
      "futex_op_counts": {
        "128": 1
      },
      "first_seen_ts_ns": 6079176414396,
      "last_seen_ts_ns": 6079176414396
    },
    {
      "tgid": 130831,
      "comm": "xhpcg",
      "cgroup_id": 49689,
      "wait_duration_stats_ns": {
        "count": 1.0,
        "sum": 19091.0,
        "mean": 19091.0,
        "median": 19091.0,
        "min": 19091,
        "max": 19091,
        "variance_ns2": null,
        "iqr_ns": 0.0,
        "q1_ns": 19091.0,
        "q3_ns": 19091.0
      },
      "futex_op_counts": {
        "128": 1
      },
      "first_seen_ts_ns": 6079178689644,
      "last_seen_ts_ns": 6079178689644
    },
    {
      "tgid": 130822,
      "comm": "xhpcg",
      "cgroup_id": 49689,
      "wait_duration_stats_ns": {
        "count": 1.0,
        "sum": 18501.0,
        "mean": 18501.0,
        "median": 18501.0,
        "min": 18501,
        "max": 18501,
        "variance_ns2": null,
        "iqr_ns": 0.0,
        "q1_ns": 18501.0,
        "q3_ns": 18501.0
      },
      "futex_op_counts": {
        "128": 1
      },
      "first_seen_ts_ns": 6079178688901,
      "last_seen_ts_ns": 6079178688901
    },
    {
      "tgid": 130829,
      "comm": "xhpcg",
      "cgroup_id": 49689,
      "wait_duration_stats_ns": {
        "count": 1.0,
        "sum": 14857.0,
        "mean": 14857.0,
        "median": 14857.0,
        "min": 14857,
        "max": 14857,
        "variance_ns2": null,
        "iqr_ns": 0.0,
        "q1_ns": 14857.0,
        "q3_ns": 14857.0
      },
      "futex_op_counts": {
        "128": 1
      },
      "first_seen_ts_ns": 6079178685207,
      "last_seen_ts_ns": 6079178685207
    },
    {
      "tgid": 131005,
      "comm": "xhpcg",
      "cgroup_id": 49689,
      "wait_duration_stats_ns": {
        "count": 1.0,
        "sum": 8642.0,
        "mean": 8642.0,
        "median": 8642.0,
        "min": 8642,
        "max": 8642,
        "variance_ns2": null,
        "iqr_ns": 0.0,
        "q1_ns": 8642.0,
        "q3_ns": 8642.0
      },
      "futex_op_counts": {
        "128": 1
      },
      "first_seen_ts_ns": 6099018928594,
      "last_seen_ts_ns": 6099018928594
    },
    {
      "tgid": 130983,
      "comm": "xhpcg",
      "cgroup_id": 49689,
      "wait_duration_stats_ns": {
        "count": 1.0,
        "sum": 8618.0,
        "mean": 8618.0,
        "median": 8618.0,
        "min": 8618,
        "max": 8618,
        "variance_ns2": null,
        "iqr_ns": 0.0,
        "q1_ns": 8618.0,
        "q3_ns": 8618.0
      },
      "futex_op_counts": {
        "128": 1
      },
      "first_seen_ts_ns": 6099016742345,
      "last_seen_ts_ns": 6099016742345
    },
    {
      "tgid": 130969,
      "comm": "xhpcg",
      "cgroup_id": 49689,
      "wait_duration_stats_ns": {
        "count": 1.0,
        "sum": 8570.0,
        "mean": 8570.0,
        "median": 8570.0,
        "min": 8570,
        "max": 8570,
        "variance_ns2": null,
        "iqr_ns": 0.0,
        "q1_ns": 8570.0,
        "q3_ns": 8570.0
      },
      "futex_op_counts": {
        "128": 1
      },
      "first_seen_ts_ns": 6099016742252,
      "last_seen_ts_ns": 6099016742252
    },
    {
      "tgid": 130967,
      "comm": "xhpcg",
      "cgroup_id": 49689,
      "wait_duration_stats_ns": {
        "count": 1.0,
        "sum": 8342.0,
        "mean": 8342.0,
        "median": 8342.0,
        "min": 8342,
        "max": 8342,
        "variance_ns2": null,
        "iqr_ns": 0.0,
        "q1_ns": 8342.0,
        "q3_ns": 8342.0
      },
      "futex_op_counts": {
        "128": 1
      },
      "first_seen_ts_ns": 6099016742238,
      "last_seen_ts_ns": 6099016742238
    },
    {
      "tgid": 130989,
      "comm": "xhpcg",
      "cgroup_id": 49689,
      "wait_duration_stats_ns": {
        "count": 1.0,
        "sum": 7873.0,
        "mean": 7873.0,
        "median": 7873.0,
        "min": 7873,
        "max": 7873,
        "variance_ns2": null,
        "iqr_ns": 0.0,
        "q1_ns": 7873.0,
        "q3_ns": 7873.0
      },
      "futex_op_counts": {
        "128": 1
      },
      "first_seen_ts_ns": 6099020958845,
      "last_seen_ts_ns": 6099020958845
    },
    {
      "tgid": 131161,
      "comm": "xhpcg",
      "cgroup_id": 49689,
      "wait_duration_stats_ns": {
        "count": 1.0,
        "sum": 7817.0,
        "mean": 7817.0,
        "median": 7817.0,
        "min": 7817,
        "max": 7817,
        "variance_ns2": null,
        "iqr_ns": 0.0,
        "q1_ns": 7817.0,
        "q3_ns": 7817.0
      },
      "futex_op_counts": {
        "128": 1
      },
      "first_seen_ts_ns": 6117481804805,
      "last_seen_ts_ns": 6117481804805
    },
    {
      "tgid": 130807,
      "comm": "xhpcg",
      "cgroup_id": 49689,
      "wait_duration_stats_ns": {
        "count": 1.0,
        "sum": 7748.0,
        "mean": 7748.0,
        "median": 7748.0,
        "min": 7748,
        "max": 7748,
        "variance_ns2": null,
        "iqr_ns": 0.0,
        "q1_ns": 7748.0,
        "q3_ns": 7748.0
      },
      "futex_op_counts": {
        "128": 1
      },
      "first_seen_ts_ns": 6079180269124,
      "last_seen_ts_ns": 6079180269124
    },
    {
      "tgid": 131129,
      "comm": "xhpcg",
      "cgroup_id": 49689,
      "wait_duration_stats_ns": {
        "count": 1.0,
        "sum": 7736.0,
        "mean": 7736.0,
        "median": 7736.0,
        "min": 7736,
        "max": 7736,
        "variance_ns2": null,
        "iqr_ns": 0.0,
        "q1_ns": 7736.0,
        "q3_ns": 7736.0
      },
      "futex_op_counts": {
        "128": 1
      },
      "first_seen_ts_ns": 6117483524317,
      "last_seen_ts_ns": 6117483524317
    },
    {
      "tgid": 131123,
      "comm": "xhpcg",
      "cgroup_id": 49689,
      "wait_duration_stats_ns": {
        "count": 1.0,
        "sum": 7491.0,
        "mean": 7491.0,
        "median": 7491.0,
        "min": 7491,
        "max": 7491,
        "variance_ns2": null,
        "iqr_ns": 0.0,
        "q1_ns": 7491.0,
        "q3_ns": 7491.0
      },
      "futex_op_counts": {
        "128": 1
      },
      "first_seen_ts_ns": 6117483994870,
      "last_seen_ts_ns": 6117483994870
    },
    {
      "tgid": 130985,
      "comm": "xhpcg",
      "cgroup_id": 49689,
      "wait_duration_stats_ns": {
        "count": 1.0,
        "sum": 7449.0,
        "mean": 7449.0,
        "median": 7449.0,
        "min": 7449,
        "max": 7449,
        "variance_ns2": null,
        "iqr_ns": 0.0,
        "q1_ns": 7449.0,
        "q3_ns": 7449.0
      },
      "futex_op_counts": {
        "128": 1
      },
      "first_seen_ts_ns": 6099020960569,
      "last_seen_ts_ns": 6099020960569
    },
    {
      "tgid": 131127,
      "comm": "xhpcg",
      "cgroup_id": 49689,
      "wait_duration_stats_ns": {
        "count": 1.0,
        "sum": 7425.0,
        "mean": 7425.0,
        "median": 7425.0,
        "min": 7425,
        "max": 7425,
        "variance_ns2": null,
        "iqr_ns": 0.0,
        "q1_ns": 7425.0,
        "q3_ns": 7425.0
      },
      "futex_op_counts": {
        "128": 1
      },
      "first_seen_ts_ns": 6117481800602,
      "last_seen_ts_ns": 6117481800602
    },
    {
      "tgid": 131141,
      "comm": "xhpcg",
      "cgroup_id": 49689,
      "wait_duration_stats_ns": {
        "count": 1.0,
        "sum": 7400.0,
        "mean": 7400.0,
        "median": 7400.0,
        "min": 7400,
        "max": 7400,
        "variance_ns2": null,
        "iqr_ns": 0.0,
        "q1_ns": 7400.0,
        "q3_ns": 7400.0
      },
      "futex_op_counts": {
        "128": 1
      },
      "first_seen_ts_ns": 6117484360671,
      "last_seen_ts_ns": 6117484360671
    },
    {
      "tgid": 130957,
      "comm": "xhpcg",
      "cgroup_id": 49689,
      "wait_duration_stats_ns": {
        "count": 1.0,
        "sum": 7394.0,
        "mean": 7394.0,
        "median": 7394.0,
        "min": 7394,
        "max": 7394,
        "variance_ns2": null,
        "iqr_ns": 0.0,
        "q1_ns": 7394.0,
        "q3_ns": 7394.0
      },
      "futex_op_counts": {
        "128": 1
      },
      "first_seen_ts_ns": 6099020960946,
      "last_seen_ts_ns": 6099020960946
    },
    {
      "tgid": 131139,
      "comm": "xhpcg",
      "cgroup_id": 49689,
      "wait_duration_stats_ns": {
        "count": 1.0,
        "sum": 7377.0,
        "mean": 7377.0,
        "median": 7377.0,
        "min": 7377,
        "max": 7377,
        "variance_ns2": null,
        "iqr_ns": 0.0,
        "q1_ns": 7377.0,
        "q3_ns": 7377.0
      },
      "futex_op_counts": {
        "128": 1
      },
      "first_seen_ts_ns": 6117485596740,
      "last_seen_ts_ns": 6117485596740
    },
    {
      "tgid": 131137,
      "comm": "xhpcg",
      "cgroup_id": 49689,
      "wait_duration_stats_ns": {
        "count": 1.0,
        "sum": 7369.0,
        "mean": 7369.0,
        "median": 7369.0,
        "min": 7369,
        "max": 7369,
        "variance_ns2": null,
        "iqr_ns": 0.0,
        "q1_ns": 7369.0,
        "q3_ns": 7369.0
      },
      "futex_op_counts": {
        "128": 1
      },
      "first_seen_ts_ns": 6117485578254,
      "last_seen_ts_ns": 6117485578254
    },
    {
      "tgid": 131143,
      "comm": "xhpcg",
      "cgroup_id": 49689,
      "wait_duration_stats_ns": {
        "count": 1.0,
        "sum": 7329.0,
        "mean": 7329.0,
        "median": 7329.0,
        "min": 7329,
        "max": 7329,
        "variance_ns2": null,
        "iqr_ns": 0.0,
        "q1_ns": 7329.0,
        "q3_ns": 7329.0
      },
      "futex_op_counts": {
        "128": 1
      },
      "first_seen_ts_ns": 6117481933735,
      "last_seen_ts_ns": 6117481933735
    },
    {
      "tgid": 131135,
      "comm": "xhpcg",
      "cgroup_id": 49689,
      "wait_duration_stats_ns": {
        "count": 1.0,
        "sum": 7302.0,
        "mean": 7302.0,
        "median": 7302.0,
        "min": 7302,
        "max": 7302,
        "variance_ns2": null,
        "iqr_ns": 0.0,
        "q1_ns": 7302.0,
        "q3_ns": 7302.0
      },
      "futex_op_counts": {
        "128": 1
      },
      "first_seen_ts_ns": 6117485600380,
      "last_seen_ts_ns": 6117485600380
    },
    {
      "tgid": 130963,
      "comm": "xhpcg",
      "cgroup_id": 49689,
      "wait_duration_stats_ns": {
        "count": 1.0,
        "sum": 7286.0,
        "mean": 7286.0,
        "median": 7286.0,
        "min": 7286,
        "max": 7286,
        "variance_ns2": null,
        "iqr_ns": 0.0,
        "q1_ns": 7286.0,
        "q3_ns": 7286.0
      },
      "futex_op_counts": {
        "128": 1
      },
      "first_seen_ts_ns": 6099020967171,
      "last_seen_ts_ns": 6099020967171
    },
    {
      "tgid": 130948,
      "comm": "xhpcg",
      "cgroup_id": 49689,
      "wait_duration_stats_ns": {
        "count": 1.0,
        "sum": 7231.0,
        "mean": 7231.0,
        "median": 7231.0,
        "min": 7231,
        "max": 7231,
        "variance_ns2": null,
        "iqr_ns": 0.0,
        "q1_ns": 7231.0,
        "q3_ns": 7231.0
      },
      "futex_op_counts": {
        "128": 1
      },
      "first_seen_ts_ns": 6099020972415,
      "last_seen_ts_ns": 6099020972415
    },
    {
      "tgid": 130833,
      "comm": "xhpcg",
      "cgroup_id": 49689,
      "wait_duration_stats_ns": {
        "count": 1.0,
        "sum": 7192.0,
        "mean": 7192.0,
        "median": 7192.0,
        "min": 7192,
        "max": 7192,
        "variance_ns2": null,
        "iqr_ns": 0.0,
        "q1_ns": 7192.0,
        "q3_ns": 7192.0
      },
      "futex_op_counts": {
        "128": 1
      },
      "first_seen_ts_ns": 6079178485892,
      "last_seen_ts_ns": 6079178485892
    },
    {
      "tgid": 130825,
      "comm": "xhpcg",
      "cgroup_id": 49689,
      "wait_duration_stats_ns": {
        "count": 1.0,
        "sum": 7187.0,
        "mean": 7187.0,
        "median": 7187.0,
        "min": 7187,
        "max": 7187,
        "variance_ns2": null,
        "iqr_ns": 0.0,
        "q1_ns": 7187.0,
        "q3_ns": 7187.0
      },
      "futex_op_counts": {
        "128": 1
      },
      "first_seen_ts_ns": 6079178687323,
      "last_seen_ts_ns": 6079178687323
    },
    {
      "tgid": 131155,
      "comm": "xhpcg",
      "cgroup_id": 49689,
      "wait_duration_stats_ns": {
        "count": 1.0,
        "sum": 7183.0,
        "mean": 7183.0,
        "median": 7183.0,
        "min": 7183,
        "max": 7183,
        "variance_ns2": null,
        "iqr_ns": 0.0,
        "q1_ns": 7183.0,
        "q3_ns": 7183.0
      },
      "futex_op_counts": {
        "128": 1
      },
      "first_seen_ts_ns": 6117485580487,
      "last_seen_ts_ns": 6117485580487
    },
    {
      "tgid": 131109,
      "comm": "xhpcg",
      "cgroup_id": 49689,
      "wait_duration_stats_ns": {
        "count": 1.0,
        "sum": 7148.0,
        "mean": 7148.0,
        "median": 7148.0,
        "min": 7148,
        "max": 7148,
        "variance_ns2": null,
        "iqr_ns": 0.0,
        "q1_ns": 7148.0,
        "q3_ns": 7148.0
      },
      "futex_op_counts": {
        "128": 1
      },
      "first_seen_ts_ns": 6117485596083,
      "last_seen_ts_ns": 6117485596083
    },
    {
      "tgid": 130949,
      "comm": "xhpcg",
      "cgroup_id": 49689,
      "wait_duration_stats_ns": {
        "count": 1.0,
        "sum": 7119.0,
        "mean": 7119.0,
        "median": 7119.0,
        "min": 7119,
        "max": 7119,
        "variance_ns2": null,
        "iqr_ns": 0.0,
        "q1_ns": 7119.0,
        "q3_ns": 7119.0
      },
      "futex_op_counts": {
        "128": 1
      },
      "first_seen_ts_ns": 6099020969095,
      "last_seen_ts_ns": 6099020969095
    },
    {
      "tgid": 130991,
      "comm": "xhpcg",
      "cgroup_id": 49689,
      "wait_duration_stats_ns": {
        "count": 1.0,
        "sum": 7114.0,
        "mean": 7114.0,
        "median": 7114.0,
        "min": 7114,
        "max": 7114,
        "variance_ns2": null,
        "iqr_ns": 0.0,
        "q1_ns": 7114.0,
        "q3_ns": 7114.0
      },
      "futex_op_counts": {
        "128": 1
      },
      "first_seen_ts_ns": 6099020961911,
      "last_seen_ts_ns": 6099020961911
    },
    {
      "tgid": 130993,
      "comm": "xhpcg",
      "cgroup_id": 49689,
      "wait_duration_stats_ns": {
        "count": 1.0,
        "sum": 7112.0,
        "mean": 7112.0,
        "median": 7112.0,
        "min": 7112,
        "max": 7112,
        "variance_ns2": null,
        "iqr_ns": 0.0,
        "q1_ns": 7112.0,
        "q3_ns": 7112.0
      },
      "futex_op_counts": {
        "128": 1
      },
      "first_seen_ts_ns": 6099020967124,
      "last_seen_ts_ns": 6099020967124
    },
    {
      "tgid": 130999,
      "comm": "xhpcg",
      "cgroup_id": 49689,
      "wait_duration_stats_ns": {
        "count": 1.0,
        "sum": 7088.0,
        "mean": 7088.0,
        "median": 7088.0,
        "min": 7088,
        "max": 7088,
        "variance_ns2": null,
        "iqr_ns": 0.0,
        "q1_ns": 7088.0,
        "q3_ns": 7088.0
      },
      "futex_op_counts": {
        "128": 1
      },
      "first_seen_ts_ns": 6099020961846,
      "last_seen_ts_ns": 6099020961846
    },
    {
      "tgid": 131001,
      "comm": "xhpcg",
      "cgroup_id": 49689,
      "wait_duration_stats_ns": {
        "count": 1.0,
        "sum": 7058.0,
        "mean": 7058.0,
        "median": 7058.0,
        "min": 7058,
        "max": 7058,
        "variance_ns2": null,
        "iqr_ns": 0.0,
        "q1_ns": 7058.0,
        "q3_ns": 7058.0
      },
      "futex_op_counts": {
        "128": 1
      },
      "first_seen_ts_ns": 6099016803642,
      "last_seen_ts_ns": 6099016803642
    },
    {
      "tgid": 130784,
      "comm": "xhpcg",
      "cgroup_id": 49689,
      "wait_duration_stats_ns": {
        "count": 1.0,
        "sum": 7034.0,
        "mean": 7034.0,
        "median": 7034.0,
        "min": 7034,
        "max": 7034,
        "variance_ns2": null,
        "iqr_ns": 0.0,
        "q1_ns": 7034.0,
        "q3_ns": 7034.0
      },
      "futex_op_counts": {
        "128": 1
      },
      "first_seen_ts_ns": 6079175920376,
      "last_seen_ts_ns": 6079175920376
    },
    {
      "tgid": 131159,
      "comm": "xhpcg",
      "cgroup_id": 49689,
      "wait_duration_stats_ns": {
        "count": 1.0,
        "sum": 7030.0,
        "mean": 7030.0,
        "median": 7030.0,
        "min": 7030,
        "max": 7030,
        "variance_ns2": null,
        "iqr_ns": 0.0,
        "q1_ns": 7030.0,
        "q3_ns": 7030.0
      },
      "futex_op_counts": {
        "128": 1
      },
      "first_seen_ts_ns": 6117485576745,
      "last_seen_ts_ns": 6117485576745
    },
    {
      "tgid": 131116,
      "comm": "xhpcg",
      "cgroup_id": 49689,
      "wait_duration_stats_ns": {
        "count": 1.0,
        "sum": 7029.0,
        "mean": 7029.0,
        "median": 7029.0,
        "min": 7029,
        "max": 7029,
        "variance_ns2": null,
        "iqr_ns": 0.0,
        "q1_ns": 7029.0,
        "q3_ns": 7029.0
      },
      "futex_op_counts": {
        "128": 1
      },
      "first_seen_ts_ns": 6117485606556,
      "last_seen_ts_ns": 6117485606556
    },
    {
      "tgid": 131007,
      "comm": "xhpcg",
      "cgroup_id": 49689,
      "wait_duration_stats_ns": {
        "count": 1.0,
        "sum": 7026.0,
        "mean": 7026.0,
        "median": 7026.0,
        "min": 7026,
        "max": 7026,
        "variance_ns2": null,
        "iqr_ns": 0.0,
        "q1_ns": 7026.0,
        "q3_ns": 7026.0
      },
      "futex_op_counts": {
        "128": 1
      },
      "first_seen_ts_ns": 6099020963863,
      "last_seen_ts_ns": 6099020963863
    },
    {
      "tgid": 130975,
      "comm": "xhpcg",
      "cgroup_id": 49689,
      "wait_duration_stats_ns": {
        "count": 1.0,
        "sum": 7025.0,
        "mean": 7025.0,
        "median": 7025.0,
        "min": 7025,
        "max": 7025,
        "variance_ns2": null,
        "iqr_ns": 0.0,
        "q1_ns": 7025.0,
        "q3_ns": 7025.0
      },
      "futex_op_counts": {
        "128": 1
      },
      "first_seen_ts_ns": 6099016746215,
      "last_seen_ts_ns": 6099016746215
    },
    {
      "tgid": 130820,
      "comm": "xhpcg",
      "cgroup_id": 49689,
      "wait_duration_stats_ns": {
        "count": 1.0,
        "sum": 7014.0,
        "mean": 7014.0,
        "median": 7014.0,
        "min": 7014,
        "max": 7014,
        "variance_ns2": null,
        "iqr_ns": 0.0,
        "q1_ns": 7014.0,
        "q3_ns": 7014.0
      },
      "futex_op_counts": {
        "128": 1
      },
      "first_seen_ts_ns": 6079176022763,
      "last_seen_ts_ns": 6079176022763
    },
    {
      "tgid": 131147,
      "comm": "xhpcg",
      "cgroup_id": 49689,
      "wait_duration_stats_ns": {
        "count": 1.0,
        "sum": 7007.0,
        "mean": 7007.0,
        "median": 7007.0,
        "min": 7007,
        "max": 7007,
        "variance_ns2": null,
        "iqr_ns": 0.0,
        "q1_ns": 7007.0,
        "q3_ns": 7007.0
      },
      "futex_op_counts": {
        "128": 1
      },
      "first_seen_ts_ns": 6117485583581,
      "last_seen_ts_ns": 6117485583581
    },
    {
      "tgid": 131121,
      "comm": "xhpcg",
      "cgroup_id": 49689,
      "wait_duration_stats_ns": {
        "count": 1.0,
        "sum": 6990.0,
        "mean": 6990.0,
        "median": 6990.0,
        "min": 6990,
        "max": 6990,
        "variance_ns2": null,
        "iqr_ns": 0.0,
        "q1_ns": 6990.0,
        "q3_ns": 6990.0
      },
      "futex_op_counts": {
        "128": 1
      },
      "first_seen_ts_ns": 6117485576912,
      "last_seen_ts_ns": 6117485576912
    },
    {
      "tgid": 130796,
      "comm": "xhpcg",
      "cgroup_id": 49689,
      "wait_duration_stats_ns": {
        "count": 1.0,
        "sum": 6967.0,
        "mean": 6967.0,
        "median": 6967.0,
        "min": 6967,
        "max": 6967,
        "variance_ns2": null,
        "iqr_ns": 0.0,
        "q1_ns": 6967.0,
        "q3_ns": 6967.0
      },
      "futex_op_counts": {
        "128": 1
      },
      "first_seen_ts_ns": 6079176245911,
      "last_seen_ts_ns": 6079176245911
    },
    {
      "tgid": 131165,
      "comm": "xhpcg",
      "cgroup_id": 49689,
      "wait_duration_stats_ns": {
        "count": 1.0,
        "sum": 6936.0,
        "mean": 6936.0,
        "median": 6936.0,
        "min": 6936,
        "max": 6936,
        "variance_ns2": null,
        "iqr_ns": 0.0,
        "q1_ns": 6936.0,
        "q3_ns": 6936.0
      },
      "futex_op_counts": {
        "128": 1
      },
      "first_seen_ts_ns": 6117485578248,
      "last_seen_ts_ns": 6117485578248
    },
    {
      "tgid": 130961,
      "comm": "xhpcg",
      "cgroup_id": 49689,
      "wait_duration_stats_ns": {
        "count": 1.0,
        "sum": 6933.0,
        "mean": 6933.0,
        "median": 6933.0,
        "min": 6933,
        "max": 6933,
        "variance_ns2": null,
        "iqr_ns": 0.0,
        "q1_ns": 6933.0,
        "q3_ns": 6933.0
      },
      "futex_op_counts": {
        "128": 1
      },
      "first_seen_ts_ns": 6099016806677,
      "last_seen_ts_ns": 6099016806677
    },
    {
      "tgid": 131131,
      "comm": "xhpcg",
      "cgroup_id": 49689,
      "wait_duration_stats_ns": {
        "count": 1.0,
        "sum": 6926.0,
        "mean": 6926.0,
        "median": 6926.0,
        "min": 6926,
        "max": 6926,
        "variance_ns2": null,
        "iqr_ns": 0.0,
        "q1_ns": 6926.0,
        "q3_ns": 6926.0
      },
      "futex_op_counts": {
        "128": 1
      },
      "first_seen_ts_ns": 6117485585738,
      "last_seen_ts_ns": 6117485585738
    },
    {
      "tgid": 131110,
      "comm": "xhpcg",
      "cgroup_id": 49689,
      "wait_duration_stats_ns": {
        "count": 1.0,
        "sum": 6901.0,
        "mean": 6901.0,
        "median": 6901.0,
        "min": 6901,
        "max": 6901,
        "variance_ns2": null,
        "iqr_ns": 0.0,
        "q1_ns": 6901.0,
        "q3_ns": 6901.0
      },
      "futex_op_counts": {
        "128": 1
      },
      "first_seen_ts_ns": 6117485576930,
      "last_seen_ts_ns": 6117485576930
    },
    {
      "tgid": 130955,
      "comm": "xhpcg",
      "cgroup_id": 49689,
      "wait_duration_stats_ns": {
        "count": 1.0,
        "sum": 6882.0,
        "mean": 6882.0,
        "median": 6882.0,
        "min": 6882,
        "max": 6882,
        "variance_ns2": null,
        "iqr_ns": 0.0,
        "q1_ns": 6882.0,
        "q3_ns": 6882.0
      },
      "futex_op_counts": {
        "128": 1
      },
      "first_seen_ts_ns": 6099020966385,
      "last_seen_ts_ns": 6099020966385
    },
    {
      "tgid": 130786,
      "comm": "xhpcg",
      "cgroup_id": 49689,
      "wait_duration_stats_ns": {
        "count": 1.0,
        "sum": 6858.0,
        "mean": 6858.0,
        "median": 6858.0,
        "min": 6858,
        "max": 6858,
        "variance_ns2": null,
        "iqr_ns": 0.0,
        "q1_ns": 6858.0,
        "q3_ns": 6858.0
      },
      "futex_op_counts": {
        "128": 1
      },
      "first_seen_ts_ns": 6079178690767,
      "last_seen_ts_ns": 6079178690767
    },
    {
      "tgid": 130965,
      "comm": "xhpcg",
      "cgroup_id": 49689,
      "wait_duration_stats_ns": {
        "count": 1.0,
        "sum": 6858.0,
        "mean": 6858.0,
        "median": 6858.0,
        "min": 6858,
        "max": 6858,
        "variance_ns2": null,
        "iqr_ns": 0.0,
        "q1_ns": 6858.0,
        "q3_ns": 6858.0
      },
      "futex_op_counts": {
        "128": 1
      },
      "first_seen_ts_ns": 6099020966132,
      "last_seen_ts_ns": 6099020966132
    },
    {
      "tgid": 131163,
      "comm": "xhpcg",
      "cgroup_id": 49689,
      "wait_duration_stats_ns": {
        "count": 1.0,
        "sum": 6852.0,
        "mean": 6852.0,
        "median": 6852.0,
        "min": 6852,
        "max": 6852,
        "variance_ns2": null,
        "iqr_ns": 0.0,
        "q1_ns": 6852.0,
        "q3_ns": 6852.0
      },
      "futex_op_counts": {
        "128": 1
      },
      "first_seen_ts_ns": 6117485627762,
      "last_seen_ts_ns": 6117485627762
    },
    {
      "tgid": 130971,
      "comm": "xhpcg",
      "cgroup_id": 49689,
      "wait_duration_stats_ns": {
        "count": 1.0,
        "sum": 6850.0,
        "mean": 6850.0,
        "median": 6850.0,
        "min": 6850,
        "max": 6850,
        "variance_ns2": null,
        "iqr_ns": 0.0,
        "q1_ns": 6850.0,
        "q3_ns": 6850.0
      },
      "futex_op_counts": {
        "128": 1
      },
      "first_seen_ts_ns": 6099020967126,
      "last_seen_ts_ns": 6099020967126
    },
    {
      "tgid": 130803,
      "comm": "xhpcg",
      "cgroup_id": 49689,
      "wait_duration_stats_ns": {
        "count": 1.0,
        "sum": 6825.0,
        "mean": 6825.0,
        "median": 6825.0,
        "min": 6825,
        "max": 6825,
        "variance_ns2": null,
        "iqr_ns": 0.0,
        "q1_ns": 6825.0,
        "q3_ns": 6825.0
      },
      "futex_op_counts": {
        "128": 1
      },
      "first_seen_ts_ns": 6079175923848,
      "last_seen_ts_ns": 6079175923848
    },
    {
      "tgid": 130995,
      "comm": "xhpcg",
      "cgroup_id": 49689,
      "wait_duration_stats_ns": {
        "count": 1.0,
        "sum": 6813.0,
        "mean": 6813.0,
        "median": 6813.0,
        "min": 6813,
        "max": 6813,
        "variance_ns2": null,
        "iqr_ns": 0.0,
        "q1_ns": 6813.0,
        "q3_ns": 6813.0
      },
      "futex_op_counts": {
        "128": 1
      },
      "first_seen_ts_ns": 6099020972174,
      "last_seen_ts_ns": 6099020972174
    },
    {
      "tgid": 131112,
      "comm": "xhpcg",
      "cgroup_id": 49689,
      "wait_duration_stats_ns": {
        "count": 1.0,
        "sum": 6808.0,
        "mean": 6808.0,
        "median": 6808.0,
        "min": 6808,
        "max": 6808,
        "variance_ns2": null,
        "iqr_ns": 0.0,
        "q1_ns": 6808.0,
        "q3_ns": 6808.0
      },
      "futex_op_counts": {
        "128": 1
      },
      "first_seen_ts_ns": 6117485589988,
      "last_seen_ts_ns": 6117485589988
    },
    {
      "tgid": 130952,
      "comm": "xhpcg",
      "cgroup_id": 49689,
      "wait_duration_stats_ns": {
        "count": 1.0,
        "sum": 6799.0,
        "mean": 6799.0,
        "median": 6799.0,
        "min": 6799,
        "max": 6799,
        "variance_ns2": null,
        "iqr_ns": 0.0,
        "q1_ns": 6799.0,
        "q3_ns": 6799.0
      },
      "futex_op_counts": {
        "128": 1
      },
      "first_seen_ts_ns": 6099020965444,
      "last_seen_ts_ns": 6099020965444
    },
    {
      "tgid": 130801,
      "comm": "xhpcg",
      "cgroup_id": 49689,
      "wait_duration_stats_ns": {
        "count": 1.0,
        "sum": 6796.0,
        "mean": 6796.0,
        "median": 6796.0,
        "min": 6796,
        "max": 6796,
        "variance_ns2": null,
        "iqr_ns": 0.0,
        "q1_ns": 6796.0,
        "q3_ns": 6796.0
      },
      "futex_op_counts": {
        "128": 1
      },
      "first_seen_ts_ns": 6079178689725,
      "last_seen_ts_ns": 6079178689725
    },
    {
      "tgid": 131115,
      "comm": "xhpcg",
      "cgroup_id": 49689,
      "wait_duration_stats_ns": {
        "count": 1.0,
        "sum": 6789.0,
        "mean": 6789.0,
        "median": 6789.0,
        "min": 6789,
        "max": 6789,
        "variance_ns2": null,
        "iqr_ns": 0.0,
        "q1_ns": 6789.0,
        "q3_ns": 6789.0
      },
      "futex_op_counts": {
        "128": 1
      },
      "first_seen_ts_ns": 6117485614744,
      "last_seen_ts_ns": 6117485614744
    },
    {
      "tgid": 130951,
      "comm": "xhpcg",
      "cgroup_id": 49689,
      "wait_duration_stats_ns": {
        "count": 1.0,
        "sum": 6786.0,
        "mean": 6786.0,
        "median": 6786.0,
        "min": 6786,
        "max": 6786,
        "variance_ns2": null,
        "iqr_ns": 0.0,
        "q1_ns": 6786.0,
        "q3_ns": 6786.0
      },
      "futex_op_counts": {
        "128": 1
      },
      "first_seen_ts_ns": 6099016743166,
      "last_seen_ts_ns": 6099016743166
    },
    {
      "tgid": 130973,
      "comm": "xhpcg",
      "cgroup_id": 49689,
      "wait_duration_stats_ns": {
        "count": 1.0,
        "sum": 6756.0,
        "mean": 6756.0,
        "median": 6756.0,
        "min": 6756,
        "max": 6756,
        "variance_ns2": null,
        "iqr_ns": 0.0,
        "q1_ns": 6756.0,
        "q3_ns": 6756.0
      },
      "futex_op_counts": {
        "128": 1
      },
      "first_seen_ts_ns": 6099020962367,
      "last_seen_ts_ns": 6099020962367
    },
    {
      "tgid": 131118,
      "comm": "xhpcg",
      "cgroup_id": 49689,
      "wait_duration_stats_ns": {
        "count": 1.0,
        "sum": 6745.0,
        "mean": 6745.0,
        "median": 6745.0,
        "min": 6745,
        "max": 6745,
        "variance_ns2": null,
        "iqr_ns": 0.0,
        "q1_ns": 6745.0,
        "q3_ns": 6745.0
      },
      "futex_op_counts": {
        "128": 1
      },
      "first_seen_ts_ns": 6117485587780,
      "last_seen_ts_ns": 6117485587780
    },
    {
      "tgid": 130827,
      "comm": "xhpcg",
      "cgroup_id": 49689,
      "wait_duration_stats_ns": {
        "count": 1.0,
        "sum": 6729.0,
        "mean": 6729.0,
        "median": 6729.0,
        "min": 6729,
        "max": 6729,
        "variance_ns2": null,
        "iqr_ns": 0.0,
        "q1_ns": 6729.0,
        "q3_ns": 6729.0
      },
      "futex_op_counts": {
        "128": 1
      },
      "first_seen_ts_ns": 6079178729670,
      "last_seen_ts_ns": 6079178729670
    },
    {
      "tgid": 131133,
      "comm": "xhpcg",
      "cgroup_id": 49689,
      "wait_duration_stats_ns": {
        "count": 1.0,
        "sum": 6726.0,
        "mean": 6726.0,
        "median": 6726.0,
        "min": 6726,
        "max": 6726,
        "variance_ns2": null,
        "iqr_ns": 0.0,
        "q1_ns": 6726.0,
        "q3_ns": 6726.0
      },
      "futex_op_counts": {
        "128": 1
      },
      "first_seen_ts_ns": 6117485576926,
      "last_seen_ts_ns": 6117485576926
    },
    {
      "tgid": 130950,
      "comm": "xhpcg",
      "cgroup_id": 49689,
      "wait_duration_stats_ns": {
        "count": 1.0,
        "sum": 6725.0,
        "mean": 6725.0,
        "median": 6725.0,
        "min": 6725,
        "max": 6725,
        "variance_ns2": null,
        "iqr_ns": 0.0,
        "q1_ns": 6725.0,
        "q3_ns": 6725.0
      },
      "futex_op_counts": {
        "128": 1
      },
      "first_seen_ts_ns": 6099020966679,
      "last_seen_ts_ns": 6099020966679
    },
    {
      "tgid": 130987,
      "comm": "xhpcg",
      "cgroup_id": 49689,
      "wait_duration_stats_ns": {
        "count": 1.0,
        "sum": 6690.0,
        "mean": 6690.0,
        "median": 6690.0,
        "min": 6690,
        "max": 6690,
        "variance_ns2": null,
        "iqr_ns": 0.0,
        "q1_ns": 6690.0,
        "q3_ns": 6690.0
      },
      "futex_op_counts": {
        "128": 1
      },
      "first_seen_ts_ns": 6099020963811,
      "last_seen_ts_ns": 6099020963811
    },
    {
      "tgid": 131167,
      "comm": "xhpcg",
      "cgroup_id": 49689,
      "wait_duration_stats_ns": {
        "count": 1.0,
        "sum": 6672.0,
        "mean": 6672.0,
        "median": 6672.0,
        "min": 6672,
        "max": 6672,
        "variance_ns2": null,
        "iqr_ns": 0.0,
        "q1_ns": 6672.0,
        "q3_ns": 6672.0
      },
      "futex_op_counts": {
        "128": 1
      },
      "first_seen_ts_ns": 6117485586607,
      "last_seen_ts_ns": 6117485586607
    },
    {
      "tgid": 130959,
      "comm": "xhpcg",
      "cgroup_id": 49689,
      "wait_duration_stats_ns": {
        "count": 1.0,
        "sum": 6671.0,
        "mean": 6671.0,
        "median": 6671.0,
        "min": 6671,
        "max": 6671,
        "variance_ns2": null,
        "iqr_ns": 0.0,
        "q1_ns": 6671.0,
        "q3_ns": 6671.0
      },
      "futex_op_counts": {
        "128": 1
      },
      "first_seen_ts_ns": 6099020965857,
      "last_seen_ts_ns": 6099020965857
    },
    {
      "tgid": 130997,
      "comm": "xhpcg",
      "cgroup_id": 49689,
      "wait_duration_stats_ns": {
        "count": 1.0,
        "sum": 6621.0,
        "mean": 6621.0,
        "median": 6621.0,
        "min": 6621,
        "max": 6621,
        "variance_ns2": null,
        "iqr_ns": 0.0,
        "q1_ns": 6621.0,
        "q3_ns": 6621.0
      },
      "futex_op_counts": {
        "128": 1
      },
      "first_seen_ts_ns": 6099020963580,
      "last_seen_ts_ns": 6099020963580
    },
    {
      "tgid": 131111,
      "comm": "xhpcg",
      "cgroup_id": 49689,
      "wait_duration_stats_ns": {
        "count": 1.0,
        "sum": 6564.0,
        "mean": 6564.0,
        "median": 6564.0,
        "min": 6564,
        "max": 6564,
        "variance_ns2": null,
        "iqr_ns": 0.0,
        "q1_ns": 6564.0,
        "q3_ns": 6564.0
      },
      "futex_op_counts": {
        "128": 1
      },
      "first_seen_ts_ns": 6117485582539,
      "last_seen_ts_ns": 6117485582539
    },
    {
      "tgid": 131108,
      "comm": "xhpcg",
      "cgroup_id": 49689,
      "wait_duration_stats_ns": {
        "count": 1.0,
        "sum": 6545.0,
        "mean": 6545.0,
        "median": 6545.0,
        "min": 6545,
        "max": 6545,
        "variance_ns2": null,
        "iqr_ns": 0.0,
        "q1_ns": 6545.0,
        "q3_ns": 6545.0
      },
      "futex_op_counts": {
        "128": 1
      },
      "first_seen_ts_ns": 6117485609066,
      "last_seen_ts_ns": 6117485609066
    },
    {
      "tgid": 130977,
      "comm": "xhpcg",
      "cgroup_id": 49689,
      "wait_duration_stats_ns": {
        "count": 1.0,
        "sum": 6539.0,
        "mean": 6539.0,
        "median": 6539.0,
        "min": 6539,
        "max": 6539,
        "variance_ns2": null,
        "iqr_ns": 0.0,
        "q1_ns": 6539.0,
        "q3_ns": 6539.0
      },
      "futex_op_counts": {
        "128": 1
      },
      "first_seen_ts_ns": 6099016801232,
      "last_seen_ts_ns": 6099016801232
    },
    {
      "tgid": 130821,
      "comm": "xhpcg",
      "cgroup_id": 49689,
      "wait_duration_stats_ns": {
        "count": 1.0,
        "sum": 6538.0,
        "mean": 6538.0,
        "median": 6538.0,
        "min": 6538,
        "max": 6538,
        "variance_ns2": null,
        "iqr_ns": 0.0,
        "q1_ns": 6538.0,
        "q3_ns": 6538.0
      },
      "futex_op_counts": {
        "128": 1
      },
      "first_seen_ts_ns": 6079178731660,
      "last_seen_ts_ns": 6079178731660
    },
    {
      "tgid": 130785,
      "comm": "xhpcg",
      "cgroup_id": 49689,
      "wait_duration_stats_ns": {
        "count": 1.0,
        "sum": 6533.0,
        "mean": 6533.0,
        "median": 6533.0,
        "min": 6533,
        "max": 6533,
        "variance_ns2": null,
        "iqr_ns": 0.0,
        "q1_ns": 6533.0,
        "q3_ns": 6533.0
      },
      "futex_op_counts": {
        "128": 1
      },
      "first_seen_ts_ns": 6079175802885,
      "last_seen_ts_ns": 6079175802885
    },
    {
      "tgid": 130979,
      "comm": "xhpcg",
      "cgroup_id": 49689,
      "wait_duration_stats_ns": {
        "count": 1.0,
        "sum": 6521.0,
        "mean": 6521.0,
        "median": 6521.0,
        "min": 6521,
        "max": 6521,
        "variance_ns2": null,
        "iqr_ns": 0.0,
        "q1_ns": 6521.0,
        "q3_ns": 6521.0
      },
      "futex_op_counts": {
        "128": 1
      },
      "first_seen_ts_ns": 6099020964903,
      "last_seen_ts_ns": 6099020964903
    },
    {
      "tgid": 131149,
      "comm": "xhpcg",
      "cgroup_id": 49689,
      "wait_duration_stats_ns": {
        "count": 1.0,
        "sum": 6521.0,
        "mean": 6521.0,
        "median": 6521.0,
        "min": 6521,
        "max": 6521,
        "variance_ns2": null,
        "iqr_ns": 0.0,
        "q1_ns": 6521.0,
        "q3_ns": 6521.0
      },
      "futex_op_counts": {
        "128": 1
      },
      "first_seen_ts_ns": 6117485581450,
      "last_seen_ts_ns": 6117485581450
    },
    {
      "tgid": 130802,
      "comm": "xhpcg",
      "cgroup_id": 49689,
      "wait_duration_stats_ns": {
        "count": 1.0,
        "sum": 6510.0,
        "mean": 6510.0,
        "median": 6510.0,
        "min": 6510,
        "max": 6510,
        "variance_ns2": null,
        "iqr_ns": 0.0,
        "q1_ns": 6510.0,
        "q3_ns": 6510.0
      },
      "futex_op_counts": {
        "128": 1
      },
      "first_seen_ts_ns": 6079175921964,
      "last_seen_ts_ns": 6079175921964
    },
    {
      "tgid": 131157,
      "comm": "xhpcg",
      "cgroup_id": 49689,
      "wait_duration_stats_ns": {
        "count": 1.0,
        "sum": 6508.0,
        "mean": 6508.0,
        "median": 6508.0,
        "min": 6508,
        "max": 6508,
        "variance_ns2": null,
        "iqr_ns": 0.0,
        "q1_ns": 6508.0,
        "q3_ns": 6508.0
      },
      "futex_op_counts": {
        "128": 1
      },
      "first_seen_ts_ns": 6117485619933,
      "last_seen_ts_ns": 6117485619933
    },
    {
      "tgid": 130794,
      "comm": "xhpcg",
      "cgroup_id": 49689,
      "wait_duration_stats_ns": {
        "count": 1.0,
        "sum": 6484.0,
        "mean": 6484.0,
        "median": 6484.0,
        "min": 6484,
        "max": 6484,
        "variance_ns2": null,
        "iqr_ns": 0.0,
        "q1_ns": 6484.0,
        "q3_ns": 6484.0
      },
      "futex_op_counts": {
        "128": 1
      },
      "first_seen_ts_ns": 6079176038810,
      "last_seen_ts_ns": 6079176038810
    },
    {
      "tgid": 130804,
      "comm": "xhpcg",
      "cgroup_id": 49689,
      "wait_duration_stats_ns": {
        "count": 1.0,
        "sum": 6483.0,
        "mean": 6483.0,
        "median": 6483.0,
        "min": 6483,
        "max": 6483,
        "variance_ns2": null,
        "iqr_ns": 0.0,
        "q1_ns": 6483.0,
        "q3_ns": 6483.0
      },
      "futex_op_counts": {
        "128": 1
      },
      "first_seen_ts_ns": 6079176009383,
      "last_seen_ts_ns": 6079176009383
    },
    {
      "tgid": 131145,
      "comm": "xhpcg",
      "cgroup_id": 49689,
      "wait_duration_stats_ns": {
        "count": 1.0,
        "sum": 6478.0,
        "mean": 6478.0,
        "median": 6478.0,
        "min": 6478,
        "max": 6478,
        "variance_ns2": null,
        "iqr_ns": 0.0,
        "q1_ns": 6478.0,
        "q3_ns": 6478.0
      },
      "futex_op_counts": {
        "128": 1
      },
      "first_seen_ts_ns": 6117485577638,
      "last_seen_ts_ns": 6117485577638
    },
    {
      "tgid": 130841,
      "comm": "xhpcg",
      "cgroup_id": 49689,
      "wait_duration_stats_ns": {
        "count": 1.0,
        "sum": 6463.0,
        "mean": 6463.0,
        "median": 6463.0,
        "min": 6463,
        "max": 6463,
        "variance_ns2": null,
        "iqr_ns": 0.0,
        "q1_ns": 6463.0,
        "q3_ns": 6463.0
      },
      "futex_op_counts": {
        "128": 1
      },
      "first_seen_ts_ns": 6079175641087,
      "last_seen_ts_ns": 6079175641087
    },
    {
      "tgid": 130835,
      "comm": "xhpcg",
      "cgroup_id": 49689,
      "wait_duration_stats_ns": {
        "count": 1.0,
        "sum": 6441.0,
        "mean": 6441.0,
        "median": 6441.0,
        "min": 6441,
        "max": 6441,
        "variance_ns2": null,
        "iqr_ns": 0.0,
        "q1_ns": 6441.0,
        "q3_ns": 6441.0
      },
      "futex_op_counts": {
        "128": 1
      },
      "first_seen_ts_ns": 6079176038279,
      "last_seen_ts_ns": 6079176038279
    },
    {
      "tgid": 130790,
      "comm": "xhpcg",
      "cgroup_id": 49689,
      "wait_duration_stats_ns": {
        "count": 1.0,
        "sum": 6414.0,
        "mean": 6414.0,
        "median": 6414.0,
        "min": 6414,
        "max": 6414,
        "variance_ns2": null,
        "iqr_ns": 0.0,
        "q1_ns": 6414.0,
        "q3_ns": 6414.0
      },
      "futex_op_counts": {
        "128": 1
      },
      "first_seen_ts_ns": 6079178689073,
      "last_seen_ts_ns": 6079178689073
    },
    {
      "tgid": 131151,
      "comm": "xhpcg",
      "cgroup_id": 49689,
      "wait_duration_stats_ns": {
        "count": 1.0,
        "sum": 6405.0,
        "mean": 6405.0,
        "median": 6405.0,
        "min": 6405,
        "max": 6405,
        "variance_ns2": null,
        "iqr_ns": 0.0,
        "q1_ns": 6405.0,
        "q3_ns": 6405.0
      },
      "futex_op_counts": {
        "128": 1
      },
      "first_seen_ts_ns": 6117485587702,
      "last_seen_ts_ns": 6117485587702
    },
    {
      "tgid": 131153,
      "comm": "xhpcg",
      "cgroup_id": 49689,
      "wait_duration_stats_ns": {
        "count": 1.0,
        "sum": 6403.0,
        "mean": 6403.0,
        "median": 6403.0,
        "min": 6403,
        "max": 6403,
        "variance_ns2": null,
        "iqr_ns": 0.0,
        "q1_ns": 6403.0,
        "q3_ns": 6403.0
      },
      "futex_op_counts": {
        "128": 1
      },
      "first_seen_ts_ns": 6117485603166,
      "last_seen_ts_ns": 6117485603166
    },
    {
      "tgid": 130809,
      "comm": "xhpcg",
      "cgroup_id": 49689,
      "wait_duration_stats_ns": {
        "count": 1.0,
        "sum": 6333.0,
        "mean": 6333.0,
        "median": 6333.0,
        "min": 6333,
        "max": 6333,
        "variance_ns2": null,
        "iqr_ns": 0.0,
        "q1_ns": 6333.0,
        "q3_ns": 6333.0
      },
      "futex_op_counts": {
        "128": 1
      },
      "first_seen_ts_ns": 6079175884017,
      "last_seen_ts_ns": 6079175884017
    },
    {
      "tgid": 130787,
      "comm": "xhpcg",
      "cgroup_id": 49689,
      "wait_duration_stats_ns": {
        "count": 1.0,
        "sum": 6321.0,
        "mean": 6321.0,
        "median": 6321.0,
        "min": 6321,
        "max": 6321,
        "variance_ns2": null,
        "iqr_ns": 0.0,
        "q1_ns": 6321.0,
        "q3_ns": 6321.0
      },
      "futex_op_counts": {
        "128": 1
      },
      "first_seen_ts_ns": 6079178724744,
      "last_seen_ts_ns": 6079178724744
    },
    {
      "tgid": 130981,
      "comm": "xhpcg",
      "cgroup_id": 49689,
      "wait_duration_stats_ns": {
        "count": 1.0,
        "sum": 6292.0,
        "mean": 6292.0,
        "median": 6292.0,
        "min": 6292,
        "max": 6292,
        "variance_ns2": null,
        "iqr_ns": 0.0,
        "q1_ns": 6292.0,
        "q3_ns": 6292.0
      },
      "futex_op_counts": {
        "128": 1
      },
      "first_seen_ts_ns": 6099020962904,
      "last_seen_ts_ns": 6099020962904
    },
    {
      "tgid": 130839,
      "comm": "xhpcg",
      "cgroup_id": 49689,
      "wait_duration_stats_ns": {
        "count": 1.0,
        "sum": 6284.0,
        "mean": 6284.0,
        "median": 6284.0,
        "min": 6284,
        "max": 6284,
        "variance_ns2": null,
        "iqr_ns": 0.0,
        "q1_ns": 6284.0,
        "q3_ns": 6284.0
      },
      "futex_op_counts": {
        "128": 1
      },
      "first_seen_ts_ns": 6079175678234,
      "last_seen_ts_ns": 6079175678234
    },
    {
      "tgid": 130783,
      "comm": "xhpcg",
      "cgroup_id": 49689,
      "wait_duration_stats_ns": {
        "count": 1.0,
        "sum": 6269.0,
        "mean": 6269.0,
        "median": 6269.0,
        "min": 6269,
        "max": 6269,
        "variance_ns2": null,
        "iqr_ns": 0.0,
        "q1_ns": 6269.0,
        "q3_ns": 6269.0
      },
      "futex_op_counts": {
        "128": 1
      },
      "first_seen_ts_ns": 6079175641201,
      "last_seen_ts_ns": 6079175641201
    },
    {
      "tgid": 131003,
      "comm": "xhpcg",
      "cgroup_id": 49689,
      "wait_duration_stats_ns": {
        "count": 1.0,
        "sum": 6246.0,
        "mean": 6246.0,
        "median": 6246.0,
        "min": 6246,
        "max": 6246,
        "variance_ns2": null,
        "iqr_ns": 0.0,
        "q1_ns": 6246.0,
        "q3_ns": 6246.0
      },
      "futex_op_counts": {
        "128": 1
      },
      "first_seen_ts_ns": 6099020973303,
      "last_seen_ts_ns": 6099020973303
    },
    {
      "tgid": 130815,
      "comm": "xhpcg",
      "cgroup_id": 49689,
      "wait_duration_stats_ns": {
        "count": 1.0,
        "sum": 6093.0,
        "mean": 6093.0,
        "median": 6093.0,
        "min": 6093,
        "max": 6093,
        "variance_ns2": null,
        "iqr_ns": 0.0,
        "q1_ns": 6093.0,
        "q3_ns": 6093.0
      },
      "futex_op_counts": {
        "128": 1
      },
      "first_seen_ts_ns": 6079175680644,
      "last_seen_ts_ns": 6079175680644
    },
    {
      "tgid": 130813,
      "comm": "xhpcg",
      "cgroup_id": 49689,
      "wait_duration_stats_ns": {
        "count": 1.0,
        "sum": 6086.0,
        "mean": 6086.0,
        "median": 6086.0,
        "min": 6086,
        "max": 6086,
        "variance_ns2": null,
        "iqr_ns": 0.0,
        "q1_ns": 6086.0,
        "q3_ns": 6086.0
      },
      "futex_op_counts": {
        "128": 1
      },
      "first_seen_ts_ns": 6079178743527,
      "last_seen_ts_ns": 6079178743527
    },
    {
      "tgid": 130792,
      "comm": "xhpcg",
      "cgroup_id": 49689,
      "wait_duration_stats_ns": {
        "count": 1.0,
        "sum": 6038.0,
        "mean": 6038.0,
        "median": 6038.0,
        "min": 6038,
        "max": 6038,
        "variance_ns2": null,
        "iqr_ns": 0.0,
        "q1_ns": 6038.0,
        "q3_ns": 6038.0
      },
      "futex_op_counts": {
        "128": 1
      },
      "first_seen_ts_ns": 6079178736405,
      "last_seen_ts_ns": 6079178736405
    },
    {
      "tgid": 130819,
      "comm": "xhpcg",
      "cgroup_id": 49689,
      "wait_duration_stats_ns": {
        "count": 1.0,
        "sum": 5995.0,
        "mean": 5995.0,
        "median": 5995.0,
        "min": 5995,
        "max": 5995,
        "variance_ns2": null,
        "iqr_ns": 0.0,
        "q1_ns": 5995.0,
        "q3_ns": 5995.0
      },
      "futex_op_counts": {
        "128": 1
      },
      "first_seen_ts_ns": 6079176006881,
      "last_seen_ts_ns": 6079176006881
    },
    {
      "tgid": 131125,
      "comm": "xhpcg",
      "cgroup_id": 49689,
      "wait_duration_stats_ns": {
        "count": 1.0,
        "sum": 5851.0,
        "mean": 5851.0,
        "median": 5851.0,
        "min": 5851,
        "max": 5851,
        "variance_ns2": null,
        "iqr_ns": 0.0,
        "q1_ns": 5851.0,
        "q3_ns": 5851.0
      },
      "futex_op_counts": {
        "128": 1
      },
      "first_seen_ts_ns": 6117485583910,
      "last_seen_ts_ns": 6117485583910
    },
    {
      "tgid": 130811,
      "comm": "xhpcg",
      "cgroup_id": 49689,
      "wait_duration_stats_ns": {
        "count": 1.0,
        "sum": 5537.0,
        "mean": 5537.0,
        "median": 5537.0,
        "min": 5537,
        "max": 5537,
        "variance_ns2": null,
        "iqr_ns": 0.0,
        "q1_ns": 5537.0,
        "q3_ns": 5537.0
      },
      "futex_op_counts": {
        "128": 1
      },
      "first_seen_ts_ns": 6079176010780,
      "last_seen_ts_ns": 6079176010780
    },
    {
      "tgid": 130837,
      "comm": "xhpcg",
      "cgroup_id": 49689,
      "wait_duration_stats_ns": {
        "count": 1.0,
        "sum": 5476.0,
        "mean": 5476.0,
        "median": 5476.0,
        "min": 5476,
        "max": 5476,
        "variance_ns2": null,
        "iqr_ns": 0.0,
        "q1_ns": 5476.0,
        "q3_ns": 5476.0
      },
      "futex_op_counts": {
        "128": 1
      },
      "first_seen_ts_ns": 6079178744753,
      "last_seen_ts_ns": 6079178744753
    }
  ]
}
[01:06:50] Cleanup complete.
