ln: failed to create symbolic link '/mnt/flux/view/lib/python': File exists
ln: failed to create symbolic link '/mnt/flux/view/lib/python3': File exists
unlimited
PROGRAM: futex
Looking for /opt/programs/futex/ebpf-collect.c
[12:53:00] Starting eBPF (Tracepoints for futex syscalls).
[12:53:01] BPF program loaded and tracepoints automatically attached.
[12:53:01] Start Indicator file defined '/mnt/flux/start_ebpf_collection'. Waiting.
[12:53:02] Start indicator found. Proceeding.
[12:53:02] Ring buffers opened. Polling for events...
[12:53:09] 
Indicator file '/mnt/flux/stop_ebpf_collection' found. Stopping.
[12:53:09] Cleaning up BPF resources...
{
  "final_aggregated_futex_summary_river": [
    {
      "tgid": 5759,
      "comm": "containerd",
      "cgroup_id": 4085,
      "wait_duration_stats_ns": {
        "count": 1419.0,
        "sum": 61290189156.0001,
        "mean": 43192522.308668144,
        "median": 885217.003976136,
        "min": 960,
        "max": 608481926,
        "variance_ns2": 4513102908033851.0,
        "iqr_ns": 94220579.66763099,
        "q1_ns": 112797.06401309383,
        "q3_ns": 94333376.73164408
      },
      "futex_op_counts": {
        "128": 1419
      },
      "first_seen_ts_ns": 2948598543763,
      "last_seen_ts_ns": 2955993349420
    },
    {
      "tgid": 5796,
      "comm": "kubelet",
      "cgroup_id": 4138,
      "wait_duration_stats_ns": {
        "count": 1274.0,
        "sum": 41987676218.999954,
        "mean": 32957359.669544708,
        "median": 6508878.405338979,
        "min": 900,
        "max": 3099254128,
        "variance_ns2": 1.2753179935231894e+16,
        "iqr_ns": 45857705.46421791,
        "q1_ns": 356438.2779842507,
        "q3_ns": 46214143.74220216
      },
      "futex_op_counts": {
        "128": 1274
      },
      "first_seen_ts_ns": 2948670363067,
      "last_seen_ts_ns": 2956090891820
    },
    {
      "tgid": 9146,
      "comm": "metrics-server",
      "cgroup_id": 5851,
      "wait_duration_stats_ns": {
        "count": 165.0,
        "sum": 29263064912.99999,
        "mean": 177351908.5636363,
        "median": 115179674.55162874,
        "min": 14230,
        "max": 3776444473,
        "variance_ns2": 1.7420149377402848e+17,
        "iqr_ns": 86749378.37799378,
        "q1_ns": 70871018.95309122,
        "q3_ns": 157620397.331085
      },
      "futex_op_counts": {
        "128": 165
      },
      "first_seen_ts_ns": 2948735829236,
      "last_seen_ts_ns": 2956035260700
    },
    {
      "tgid": 8838,
      "comm": "coredns",
      "cgroup_id": 5501,
      "wait_duration_stats_ns": {
        "count": 82.0,
        "sum": 28156641127.999992,
        "mean": 343373672.2926828,
        "median": 64772759.05354987,
        "min": 1170,
        "max": 1000552695,
        "variance_ns2": 1.8839787555556947e+17,
        "iqr_ns": 688993494.4568495,
        "q1_ns": 919259.1747164112,
        "q3_ns": 689912753.6315658
      },
      "futex_op_counts": {
        "128": 82
      },
      "first_seen_ts_ns": 2948857345188,
      "last_seen_ts_ns": 2955858599448
    },
    {
      "tgid": 9029,
      "comm": "coredns",
      "cgroup_id": 5781,
      "wait_duration_stats_ns": {
        "count": 69.0,
        "sum": 25012488686.999996,
        "mean": 362499836.0434782,
        "median": 134370741.89146364,
        "min": 2970,
        "max": 1000517952,
        "variance_ns2": 1.5609763941788534e+17,
        "iqr_ns": 722651656.4435349,
        "q1_ns": 3501575.4834102755,
        "q3_ns": 726153231.9269451
      },
      "futex_op_counts": {
        "128": 69
      },
      "first_seen_ts_ns": 2949296404567,
      "last_seen_ts_ns": 2955297628042
    },
    {
      "tgid": 9178,
      "comm": "metrics-server",
      "cgroup_id": 5921,
      "wait_duration_stats_ns": {
        "count": 156.0,
        "sum": 24561888217.00001,
        "mean": 157448001.39102572,
        "median": 103151499.34810446,
        "min": 19791,
        "max": 2771459675,
        "variance_ns2": 6.29557692214611e+16,
        "iqr_ns": 135629902.940068,
        "q1_ns": 53816034.658400446,
        "q3_ns": 189445937.59846845
      },
      "futex_op_counts": {
        "128": 156
      },
      "first_seen_ts_ns": 2948923064851,
      "last_seen_ts_ns": 2956107800956
    },
    {
      "tgid": 72352,
      "comm": "containerd-shim",
      "cgroup_id": 4085,
      "wait_duration_stats_ns": {
        "count": 34.0,
        "sum": 21262763478.0,
        "mean": 625375396.4117647,
        "median": 120603105.35186294,
        "min": 85355,
        "max": 3367691110,
        "variance_ns2": 1.2661602748176558e+18,
        "iqr_ns": 616683558.5714624,
        "q1_ns": 1950744.5522750632,
        "q3_ns": 618634303.1237375
      },
      "futex_op_counts": {
        "128": 34
      },
      "first_seen_ts_ns": 2949007530810,
      "last_seen_ts_ns": 2956111368567
    },
    {
      "tgid": 14115,
      "comm": "manager",
      "cgroup_id": 6249,
      "wait_duration_stats_ns": {
        "count": 78.0,
        "sum": 20171878257.99999,
        "mean": 258613823.82051268,
        "median": 128843948.01866242,
        "min": 36903,
        "max": 2001102721,
        "variance_ns2": 1.3053839826207e+17,
        "iqr_ns": 372525006.48096997,
        "q1_ns": 8010002.8559266385,
        "q3_ns": 380535009.3368966
      },
      "futex_op_counts": {
        "128": 78
      },
      "first_seen_ts_ns": 2949416766422,
      "last_seen_ts_ns": 2955916904694
    },
    {
      "tgid": 14023,
      "comm": "kube-rbac-proxy",
      "cgroup_id": 6179,
      "wait_duration_stats_ns": {
        "count": 3.0,
        "sum": 14999915037.0,
        "mean": 4999971679.0,
        "median": 4999992800.0,
        "min": 4999812180,
        "max": 5000110057,
        "variance_ns2": 22517249263.0,
        "iqr_ns": 297877.0,
        "q1_ns": 4999812180.0,
        "q3_ns": 5000110057.0
      },
      "futex_op_counts": {
        "128": 3
      },
      "first_seen_ts_ns": 2956057111238,
      "last_seen_ts_ns": 2956057281598
    },
    {
      "tgid": 6374,
      "comm": "aws-k8s-agent",
      "cgroup_id": 5011,
      "wait_duration_stats_ns": {
        "count": 21.0,
        "sum": 14149027590.0,
        "mean": 673763218.5714285,
        "median": 615876548.6487355,
        "min": 19972,
        "max": 3601714574,
        "variance_ns2": 1.0379085056369691e+18,
        "iqr_ns": 1998869854.426826,
        "q1_ns": 24586469.791631654,
        "q3_ns": 2023456324.2184577
      },
      "futex_op_counts": {
        "128": 21
      },
      "first_seen_ts_ns": 2952832918658,
      "last_seen_ts_ns": 2955408615954
    },
    {
      "tgid": 6515,
      "comm": "controller",
      "cgroup_id": 5081,
      "wait_duration_stats_ns": {
        "count": 28.0,
        "sum": 13857654992.000004,
        "mean": 494916249.71428585,
        "median": 489957999.0,
        "min": 489850462,
        "max": 500766976,
        "variance_ns2": 26254506430423.227,
        "iqr_ns": 9822712.30300486,
        "q1_ns": 489956935.8657286,
        "q3_ns": 499779648.1687335
      },
      "futex_op_counts": {
        "128": 28
      },
      "first_seen_ts_ns": 2949373590126,
      "last_seen_ts_ns": 2955873966214
    },
    {
      "tgid": 5785,
      "comm": "ssm-agent-worke",
      "cgroup_id": 3429,
      "wait_duration_stats_ns": {
        "count": 8.0,
        "sum": 10713645645.0,
        "mean": 1339205705.625,
        "median": 1240825046.0,
        "min": 826697067,
        "max": 2203298167,
        "variance_ns2": 2.948196389129574e+17,
        "iqr_ns": 541435554.8472223,
        "q1_ns": 1111487862.0,
        "q3_ns": 1652923416.8472223
      },
      "futex_op_counts": {
        "128": 8
      },
      "first_seen_ts_ns": 2950221185765,
      "last_seen_ts_ns": 2955373057198
    },
    {
      "tgid": 6081,
      "comm": "kube-proxy",
      "cgroup_id": 4871,
      "wait_duration_stats_ns": {
        "count": 5.0,
        "sum": 10194468346.0,
        "mean": 2038893669.2,
        "median": 463461017.0,
        "min": 207023063,
        "max": 4534473843,
        "variance_ns2": 5.185647025462018e+18,
        "iqr_ns": 4064802639.0,
        "q1_ns": 462353892.0,
        "q3_ns": 4527156531.0
      },
      "futex_op_counts": {
        "128": 5
      },
      "first_seen_ts_ns": 2953934546880,
      "last_seen_ts_ns": 2954605411652
    },
    {
      "tgid": 5918,
      "comm": "containerd-shim",
      "cgroup_id": 4085,
      "wait_duration_stats_ns": {
        "count": 84.0,
        "sum": 8386915746.999998,
        "mean": 99844235.08333331,
        "median": 1026307.1793644647,
        "min": 1220,
        "max": 2361512363,
        "variance_ns2": 2.0363285860602243e+17,
        "iqr_ns": 26354764.366317306,
        "q1_ns": 67188.98642207222,
        "q3_ns": 26421953.35273938
      },
      "futex_op_counts": {
        "128": 84
      },
      "first_seen_ts_ns": 2951952368675,
      "last_seen_ts_ns": 2955409552619
    },
    {
      "tgid": 73225,
      "comm": "runc",
      "cgroup_id": 4085,
      "wait_duration_stats_ns": {
        "count": 368.0,
        "sum": 560715355.0,
        "mean": 1523683.0298913042,
        "median": 81392.69259716375,
        "min": 990,
        "max": 81493614,
        "variance_ns2": 104006533402892.56,
        "iqr_ns": 325894.7933904914,
        "q1_ns": 23665.360958947345,
        "q3_ns": 349560.15434943873
      },
      "futex_op_counts": {
        "128": 368
      },
      "first_seen_ts_ns": 2954318447097,
      "last_seen_ts_ns": 2954402965349
    },
    {
      "tgid": 73236,
      "comm": "runc:[2:INIT]",
      "cgroup_id": 5011,
      "wait_duration_stats_ns": {
        "count": 22.0,
        "sum": 367982314.99999994,
        "mean": 16726468.863636361,
        "median": 2199613.145083332,
        "min": 25281,
        "max": 73876475,
        "variance_ns2": 962045457272379.0,
        "iqr_ns": 7909569.771560037,
        "q1_ns": 57318.15432098765,
        "q3_ns": 7966887.925881024
      },
      "futex_op_counts": {
        "128": 22
      },
      "first_seen_ts_ns": 2954328430096,
      "last_seen_ts_ns": 2954402817801
    },
    {
      "tgid": 73117,
      "comm": "xhpcg",
      "cgroup_id": 20400,
      "wait_duration_stats_ns": {
        "count": 2.0,
        "sum": 18622479.0,
        "mean": 9311239.5,
        "median": 13657655.0,
        "min": 4964824,
        "max": 13657655,
        "variance_ns2": 37782655397280.5,
        "iqr_ns": 8692831.0,
        "q1_ns": 4964824.0,
        "q3_ns": 13657655.0
      },
      "futex_op_counts": {
        "128": 2
      },
      "first_seen_ts_ns": 2950017417046,
      "last_seen_ts_ns": 2950043724246
    },
    {
      "tgid": 73069,
      "comm": "xhpcg",
      "cgroup_id": 20400,
      "wait_duration_stats_ns": {
        "count": 2.0,
        "sum": 18027954.0,
        "mean": 9013977.0,
        "median": 11487097.0,
        "min": 6540857,
        "max": 11487097,
        "variance_ns2": 12232645068800.0,
        "iqr_ns": 4946240.0,
        "q1_ns": 6540857.0,
        "q3_ns": 11487097.0
      },
      "futex_op_counts": {
        "128": 2
      },
      "first_seen_ts_ns": 2950019022551,
      "last_seen_ts_ns": 2950044539244
    },
    {
      "tgid": 73085,
      "comm": "xhpcg",
      "cgroup_id": 20400,
      "wait_duration_stats_ns": {
        "count": 2.0,
        "sum": 17991892.0,
        "mean": 8995946.0,
        "median": 10338720.0,
        "min": 7653172,
        "max": 10338720,
        "variance_ns2": 3606084030152.0,
        "iqr_ns": 2685548.0,
        "q1_ns": 7653172.0,
        "q3_ns": 10338720.0
      },
      "futex_op_counts": {
        "128": 2
      },
      "first_seen_ts_ns": 2950020065032,
      "last_seen_ts_ns": 2950043748668
    },
    {
      "tgid": 73102,
      "comm": "xhpcg",
      "cgroup_id": 20400,
      "wait_duration_stats_ns": {
        "count": 2.0,
        "sum": 17939727.0,
        "mean": 8969863.5,
        "median": 12413881.0,
        "min": 5525846,
        "max": 12413881,
        "variance_ns2": 23722513080612.5,
        "iqr_ns": 6888035.0,
        "q1_ns": 5525846.0,
        "q3_ns": 12413881.0
      },
      "futex_op_counts": {
        "128": 2
      },
      "first_seen_ts_ns": 2950017988119,
      "last_seen_ts_ns": 2950044915046
    },
    {
      "tgid": 73111,
      "comm": "xhpcg",
      "cgroup_id": 20400,
      "wait_duration_stats_ns": {
        "count": 2.0,
        "sum": 17924316.0,
        "mean": 8962158.0,
        "median": 12143295.0,
        "min": 5781021,
        "max": 12143295,
        "variance_ns2": 20239265225538.0,
        "iqr_ns": 6362274.0,
        "q1_ns": 5781021.0,
        "q3_ns": 12143295.0
      },
      "futex_op_counts": {
        "128": 2
      },
      "first_seen_ts_ns": 2950018287267,
      "last_seen_ts_ns": 2950044776748
    },
    {
      "tgid": 73083,
      "comm": "xhpcg",
      "cgroup_id": 20400,
      "wait_duration_stats_ns": {
        "count": 2.0,
        "sum": 17804491.0,
        "mean": 8902245.5,
        "median": 11999808.0,
        "min": 5804683,
        "max": 11999808,
        "variance_ns2": 19189786882812.5,
        "iqr_ns": 6195125.0,
        "q1_ns": 5804683.0,
        "q3_ns": 11999808.0
      },
      "futex_op_counts": {
        "128": 2
      },
      "first_seen_ts_ns": 2950018310658,
      "last_seen_ts_ns": 2950042845035
    },
    {
      "tgid": 73077,
      "comm": "xhpcg",
      "cgroup_id": 20400,
      "wait_duration_stats_ns": {
        "count": 2.0,
        "sum": 17743706.0,
        "mean": 8871853.0,
        "median": 12343047.0,
        "min": 5400659,
        "max": 12343047,
        "variance_ns2": 24098375571272.0,
        "iqr_ns": 6942388.0,
        "q1_ns": 5400659.0,
        "q3_ns": 12343047.0
      },
      "futex_op_counts": {
        "128": 2
      },
      "first_seen_ts_ns": 2950018077785,
      "last_seen_ts_ns": 2950044497232
    },
    {
      "tgid": 73113,
      "comm": "xhpcg",
      "cgroup_id": 20400,
      "wait_duration_stats_ns": {
        "count": 2.0,
        "sum": 17720945.0,
        "mean": 8860472.5,
        "median": 12484096.0,
        "min": 5236849,
        "max": 12484096,
        "variance_ns2": 26261294539504.5,
        "iqr_ns": 7247247.0,
        "q1_ns": 5236849.0,
        "q3_ns": 12484096.0
      },
      "futex_op_counts": {
        "128": 2
      },
      "first_seen_ts_ns": 2950017812719,
      "last_seen_ts_ns": 2950043850244
    },
    {
      "tgid": 73109,
      "comm": "xhpcg",
      "cgroup_id": 20400,
      "wait_duration_stats_ns": {
        "count": 2.0,
        "sum": 17660111.0,
        "mean": 8830055.5,
        "median": 11987826.0,
        "min": 5672285,
        "max": 11987826,
        "variance_ns2": 19943029061340.5,
        "iqr_ns": 6315541.0,
        "q1_ns": 5672285.0,
        "q3_ns": 11987826.0
      },
      "futex_op_counts": {
        "128": 2
      },
      "first_seen_ts_ns": 2950018098406,
      "last_seen_ts_ns": 2950044752727
    },
    {
      "tgid": 73103,
      "comm": "xhpcg",
      "cgroup_id": 20400,
      "wait_duration_stats_ns": {
        "count": 2.0,
        "sum": 17567456.0,
        "mean": 8783728.0,
        "median": 12024418.0,
        "min": 5543038,
        "max": 12024418,
        "variance_ns2": 21004143352200.0,
        "iqr_ns": 6481380.0,
        "q1_ns": 5543038.0,
        "q3_ns": 12024418.0
      },
      "futex_op_counts": {
        "128": 2
      },
      "first_seen_ts_ns": 2950018149399,
      "last_seen_ts_ns": 2950044708744
    },
    {
      "tgid": 73079,
      "comm": "xhpcg",
      "cgroup_id": 20400,
      "wait_duration_stats_ns": {
        "count": 2.0,
        "sum": 17434778.0,
        "mean": 8717389.0,
        "median": 12015468.0,
        "min": 5419310,
        "max": 12015468,
        "variance_ns2": 21754650180482.0,
        "iqr_ns": 6596158.0,
        "q1_ns": 5419310.0,
        "q3_ns": 12015468.0
      },
      "futex_op_counts": {
        "128": 2
      },
      "first_seen_ts_ns": 2950018188771,
      "last_seen_ts_ns": 2950044489751
    },
    {
      "tgid": 73114,
      "comm": "xhpcg",
      "cgroup_id": 20400,
      "wait_duration_stats_ns": {
        "count": 2.0,
        "sum": 17157063.0,
        "mean": 8578531.5,
        "median": 11808616.0,
        "min": 5348447,
        "max": 11808616,
        "variance_ns2": 20866891754280.5,
        "iqr_ns": 6460169.0,
        "q1_ns": 5348447.0,
        "q3_ns": 11808616.0
      },
      "futex_op_counts": {
        "128": 2
      },
      "first_seen_ts_ns": 2950017957068,
      "last_seen_ts_ns": 2950042804442
    },
    {
      "tgid": 73071,
      "comm": "xhpcg",
      "cgroup_id": 20400,
      "wait_duration_stats_ns": {
        "count": 2.0,
        "sum": 17103630.0,
        "mean": 8551815.0,
        "median": 11407073.0,
        "min": 5696557,
        "max": 11407073,
        "variance_ns2": 16304996493128.0,
        "iqr_ns": 5710516.0,
        "q1_ns": 5696557.0,
        "q3_ns": 11407073.0
      },
      "futex_op_counts": {
        "128": 2
      },
      "first_seen_ts_ns": 2950018874792,
      "last_seen_ts_ns": 2950044611459
    },
    {
      "tgid": 73063,
      "comm": "xhpcg",
      "cgroup_id": 20400,
      "wait_duration_stats_ns": {
        "count": 2.0,
        "sum": 17017914.0,
        "mean": 8508957.0,
        "median": 10919773.0,
        "min": 6098141,
        "max": 10919773,
        "variance_ns2": 11624067571712.0,
        "iqr_ns": 4821632.0,
        "q1_ns": 6098141.0,
        "q3_ns": 10919773.0
      },
      "futex_op_counts": {
        "128": 2
      },
      "first_seen_ts_ns": 2950018754235,
      "last_seen_ts_ns": 2950043636821
    },
    {
      "tgid": 73095,
      "comm": "xhpcg",
      "cgroup_id": 20400,
      "wait_duration_stats_ns": {
        "count": 2.0,
        "sum": 17017894.0,
        "mean": 8508947.0,
        "median": 11795695.0,
        "min": 5222199,
        "max": 11795695,
        "variance_ns2": 21605424831008.0,
        "iqr_ns": 6573496.0,
        "q1_ns": 5222199.0,
        "q3_ns": 11795695.0
      },
      "futex_op_counts": {
        "128": 2
      },
      "first_seen_ts_ns": 2950017673161,
      "last_seen_ts_ns": 2950043855274
    },
    {
      "tgid": 73093,
      "comm": "xhpcg",
      "cgroup_id": 20400,
      "wait_duration_stats_ns": {
        "count": 2.0,
        "sum": 17017694.0,
        "mean": 8508847.0,
        "median": 11801195.0,
        "min": 5216499,
        "max": 11801195,
        "variance_ns2": 21679110706208.0,
        "iqr_ns": 6584696.0,
        "q1_ns": 5216499.0,
        "q3_ns": 11801195.0
      },
      "futex_op_counts": {
        "128": 2
      },
      "first_seen_ts_ns": 2950017633629,
      "last_seen_ts_ns": 2950043860604
    },
    {
      "tgid": 73099,
      "comm": "xhpcg",
      "cgroup_id": 20400,
      "wait_duration_stats_ns": {
        "count": 2.0,
        "sum": 16901756.0,
        "mean": 8450878.0,
        "median": 11890440.0,
        "min": 5011316,
        "max": 11890440,
        "variance_ns2": 23661173503688.0,
        "iqr_ns": 6879124.0,
        "q1_ns": 5011316.0,
        "q3_ns": 11890440.0
      },
      "futex_op_counts": {
        "128": 2
      },
      "first_seen_ts_ns": 2950017465959,
      "last_seen_ts_ns": 2950043738027
    },
    {
      "tgid": 73073,
      "comm": "xhpcg",
      "cgroup_id": 20400,
      "wait_duration_stats_ns": {
        "count": 2.0,
        "sum": 16806591.0,
        "mean": 8403295.5,
        "median": 11289325.0,
        "min": 5517266,
        "max": 11289325,
        "variance_ns2": 16658332549740.5,
        "iqr_ns": 5772059.0,
        "q1_ns": 5517266.0,
        "q3_ns": 11289325.0
      },
      "futex_op_counts": {
        "128": 2
      },
      "first_seen_ts_ns": 2950018090245,
      "last_seen_ts_ns": 2950043666863
    },
    {
      "tgid": 73081,
      "comm": "xhpcg",
      "cgroup_id": 20400,
      "wait_duration_stats_ns": {
        "count": 2.0,
        "sum": 16794780.0,
        "mean": 8397390.0,
        "median": 11286765.0,
        "min": 5508015,
        "max": 11286765,
        "variance_ns2": 16696975781250.0,
        "iqr_ns": 5778750.0,
        "q1_ns": 5508015.0,
        "q3_ns": 11286765.0
      },
      "futex_op_counts": {
        "128": 2
      },
      "first_seen_ts_ns": 2950017971118,
      "last_seen_ts_ns": 2950043589248
    },
    {
      "tgid": 73108,
      "comm": "xhpcg",
      "cgroup_id": 20400,
      "wait_duration_stats_ns": {
        "count": 2.0,
        "sum": 16743337.0,
        "mean": 8371668.5,
        "median": 11730701.0,
        "min": 5012636,
        "max": 11730701,
        "variance_ns2": 22566198672112.5,
        "iqr_ns": 6718065.0,
        "q1_ns": 5012636.0,
        "q3_ns": 11730701.0
      },
      "futex_op_counts": {
        "128": 2
      },
      "first_seen_ts_ns": 2950017564574,
      "last_seen_ts_ns": 2950043658062
    },
    {
      "tgid": 73105,
      "comm": "xhpcg",
      "cgroup_id": 20400,
      "wait_duration_stats_ns": {
        "count": 2.0,
        "sum": 16741708.0,
        "mean": 8370854.0,
        "median": 11045431.0,
        "min": 5696277,
        "max": 11045431,
        "variance_ns2": 14306724257858.0,
        "iqr_ns": 5349154.0,
        "q1_ns": 5696277.0,
        "q3_ns": 11045431.0
      },
      "futex_op_counts": {
        "128": 2
      },
      "first_seen_ts_ns": 2950018250765,
      "last_seen_ts_ns": 2950043849124
    },
    {
      "tgid": 73121,
      "comm": "xhpcg",
      "cgroup_id": 20400,
      "wait_duration_stats_ns": {
        "count": 2.0,
        "sum": 16430159.0,
        "mean": 8215079.5,
        "median": 10540501.0,
        "min": 5889658,
        "max": 10540501,
        "variance_ns2": 10815170305324.5,
        "iqr_ns": 4650843.0,
        "q1_ns": 5889658.0,
        "q3_ns": 10540501.0
      },
      "futex_op_counts": {
        "128": 2
      },
      "first_seen_ts_ns": 2950018554653,
      "last_seen_ts_ns": 2950043073558
    },
    {
      "tgid": 73087,
      "comm": "xhpcg",
      "cgroup_id": 20400,
      "wait_duration_stats_ns": {
        "count": 2.0,
        "sum": 16401957.0,
        "mean": 8200978.5,
        "median": 10984337.0,
        "min": 5417620,
        "max": 10984337,
        "variance_ns2": 15494169079044.5,
        "iqr_ns": 5566717.0,
        "q1_ns": 5417620.0,
        "q3_ns": 10984337.0
      },
      "futex_op_counts": {
        "128": 2
      },
      "first_seen_ts_ns": 2950018037932,
      "last_seen_ts_ns": 2950043714996
    },
    {
      "tgid": 73062,
      "comm": "xhpcg",
      "cgroup_id": 20400,
      "wait_duration_stats_ns": {
        "count": 2.0,
        "sum": 16366735.0,
        "mean": 8183367.5,
        "median": 10875841.0,
        "min": 5490894,
        "max": 10875841,
        "variance_ns2": 14498827096404.5,
        "iqr_ns": 5384947.0,
        "q1_ns": 5490894.0,
        "q3_ns": 10875841.0
      },
      "futex_op_counts": {
        "128": 2
      },
      "first_seen_ts_ns": 2950018218593,
      "last_seen_ts_ns": 2950042810082
    },
    {
      "tgid": 73066,
      "comm": "xhpcg",
      "cgroup_id": 20400,
      "wait_duration_stats_ns": {
        "count": 2.0,
        "sum": 16345454.0,
        "mean": 8172727.0,
        "median": 10513570.0,
        "min": 5831884,
        "max": 10513570,
        "variance_ns2": 10959091901298.0,
        "iqr_ns": 4681686.0,
        "q1_ns": 5831884.0,
        "q3_ns": 10513570.0
      },
      "futex_op_counts": {
        "128": 2
      },
      "first_seen_ts_ns": 2950018528781,
      "last_seen_ts_ns": 2950043719706
    },
    {
      "tgid": 73075,
      "comm": "xhpcg",
      "cgroup_id": 20400,
      "wait_duration_stats_ns": {
        "count": 2.0,
        "sum": 16222387.0,
        "mean": 8111193.5,
        "median": 11143627.0,
        "min": 5078760,
        "max": 11143627,
        "variance_ns2": 18391305863844.5,
        "iqr_ns": 6064867.0,
        "q1_ns": 5078760.0,
        "q3_ns": 11143627.0
      },
      "futex_op_counts": {
        "128": 2
      },
      "first_seen_ts_ns": 2950017730364,
      "last_seen_ts_ns": 2950043664103
    },
    {
      "tgid": 73091,
      "comm": "xhpcg",
      "cgroup_id": 20400,
      "wait_duration_stats_ns": {
        "count": 2.0,
        "sum": 16149002.0,
        "mean": 8074501.0,
        "median": 10464386.0,
        "min": 5684616,
        "max": 10464386,
        "variance_ns2": 11423100626450.0,
        "iqr_ns": 4779770.0,
        "q1_ns": 5684616.0,
        "q3_ns": 10464386.0
      },
      "futex_op_counts": {
        "128": 2
      },
      "first_seen_ts_ns": 2950018084255,
      "last_seen_ts_ns": 2950043026515
    },
    {
      "tgid": 73097,
      "comm": "xhpcg",
      "cgroup_id": 20400,
      "wait_duration_stats_ns": {
        "count": 2.0,
        "sum": 15910349.0,
        "mean": 7955174.5,
        "median": 9963497.0,
        "min": 5946852,
        "max": 9963497,
        "variance_ns2": 8066718528012.5,
        "iqr_ns": 4016645.0,
        "q1_ns": 5946852.0,
        "q3_ns": 9963497.0
      },
      "futex_op_counts": {
        "128": 2
      },
      "first_seen_ts_ns": 2950019157599,
      "last_seen_ts_ns": 2950043129631
    },
    {
      "tgid": 73065,
      "comm": "xhpcg",
      "cgroup_id": 20400,
      "wait_duration_stats_ns": {
        "count": 2.0,
        "sum": 15384638.0,
        "mean": 7692319.0,
        "median": 9924955.0,
        "min": 5459683,
        "max": 9924955,
        "variance_ns2": 9969327016992.0,
        "iqr_ns": 4465272.0,
        "q1_ns": 5459683.0,
        "q3_ns": 9924955.0
      },
      "futex_op_counts": {
        "128": 2
      },
      "first_seen_ts_ns": 2950018267546,
      "last_seen_ts_ns": 2950042864906
    },
    {
      "tgid": 73064,
      "comm": "xhpcg",
      "cgroup_id": 20400,
      "wait_duration_stats_ns": {
        "count": 2.0,
        "sum": 15139294.0,
        "mean": 7569647.0,
        "median": 10108206.0,
        "min": 5031088,
        "max": 10108206,
        "variance_ns2": 12888563592962.0,
        "iqr_ns": 5077118.0,
        "q1_ns": 5031088.0,
        "q3_ns": 10108206.0
      },
      "futex_op_counts": {
        "128": 2
      },
      "first_seen_ts_ns": 2950018755215,
      "last_seen_ts_ns": 2950043700465
    },
    {
      "tgid": 73089,
      "comm": "xhpcg",
      "cgroup_id": 20400,
      "wait_duration_stats_ns": {
        "count": 2.0,
        "sum": 14985074.0,
        "mean": 7492537.0,
        "median": 9531232.0,
        "min": 5453842,
        "max": 9531232,
        "variance_ns2": 8312554606050.0,
        "iqr_ns": 4077390.0,
        "q1_ns": 5453842.0,
        "q3_ns": 9531232.0
      },
      "futex_op_counts": {
        "128": 2
      },
      "first_seen_ts_ns": 2950018149139,
      "last_seen_ts_ns": 2950042939510
    },
    {
      "tgid": 73119,
      "comm": "xhpcg",
      "cgroup_id": 20400,
      "wait_duration_stats_ns": {
        "count": 3.0,
        "sum": 12948774.0,
        "mean": 4316258.0,
        "median": 5550808.0,
        "min": 39992,
        "max": 7357974,
        "variance_ns2": 14531300414956.0,
        "iqr_ns": 7317982.0,
        "q1_ns": 39992.0,
        "q3_ns": 7357974.0
      },
      "futex_op_counts": {
        "128": 3
      },
      "first_seen_ts_ns": 2950018104046,
      "last_seen_ts_ns": 2950044022074
    },
    {
      "tgid": 73236,
      "comm": "grpc-health-pro",
      "cgroup_id": 5011,
      "wait_duration_stats_ns": {
        "count": 37.0,
        "sum": 11890088.0,
        "mean": 321353.7297297297,
        "median": 115614.76381222908,
        "min": 940,
        "max": 1798326,
        "variance_ns2": 233097990461.3694,
        "iqr_ns": 303867.7627059264,
        "q1_ns": 39751.14477514157,
        "q3_ns": 343618.90748106793
      },
      "futex_op_counts": {
        "128": 37
      },
      "first_seen_ts_ns": 2954405562812,
      "last_seen_ts_ns": 2954408540808
    },
    {
      "tgid": 13936,
      "comm": "containerd-shim",
      "cgroup_id": 4085,
      "wait_duration_stats_ns": {
        "count": 3.0,
        "sum": 8035824.0,
        "mean": 2678608.0,
        "median": 2557381.0,
        "min": 2506618,
        "max": 2971825,
        "variance_ns2": 65126377359.0,
        "iqr_ns": 465207.0,
        "q1_ns": 2506618.0,
        "q3_ns": 2971825.0
      },
      "futex_op_counts": {
        "128": 3
      },
      "first_seen_ts_ns": 2951954333721,
      "last_seen_ts_ns": 2951954749145
    },
    {
      "tgid": 72818,
      "comm": "flux-broker-0",
      "cgroup_id": 20400,
      "wait_duration_stats_ns": {
        "count": 117.0,
        "sum": 547253.9999999999,
        "mean": 4677.384615384614,
        "median": 1604.750682568243,
        "min": 720,
        "max": 178380,
        "variance_ns2": 293248279.25596815,
        "iqr_ns": 1875.122171831791,
        "q1_ns": 1068.8320412165886,
        "q3_ns": 2943.9542130483796
      },
      "futex_op_counts": {
        "128": 117
      },
      "first_seen_ts_ns": 2949301212111,
      "last_seen_ts_ns": 2956105300079
    }
  ]
}
[12:53:09] Cleanup complete.
