

32 32 32
15
chmod: cannot access './wait-fs': No such file or directory
mv: cannot stat './wait-fs': No such file or directory
ln: failed to create symbolic link '/mnt/flux/view/lib/python': File exists
ln: failed to create symbolic link '/mnt/flux/view/lib/python3': File exists
#!/bin/bash
set -euo pipefail
flux resource list
echo "The parent process ID is: $PPID"          
echo "The execution parent process ID is: $$"         
CGROUP_PATH_LINE=$(cat "/proc/$$/cgroup")
echo 
CGROUP_V2_PATH=${CGROUP_PATH_LINE:3}
ACTUAL_CGROUP_DIR="/sys/fs/cgroup${CGROUP_V2_PATH}"
TARGET_CGROUP_ID=$(stat -c '%i' $ACTUAL_CGROUP_DIR)
echo "The cgroup id is $TARGET_CGROUP_ID"
echo -n $TARGET_CGROUP_ID > /mnt/flux/cgroup-id.txt
sleep 5
flux exec -r all touch /mnt/flux/start_ebpf_collection
for i in {1..3}
do
  echo "FLUX-RUN START hpcg-iter-$i"
  flux run --setattr=user.study_id=hpcg-iter-$i -N1 -n 16 -o cpu-affinity=per-task -o gpu-affinity=off     /opt/hpcg/xhpcg
  
   echo "FLUX-RUN END hpcg-iter-$i"
done

  echo "FLUX-RESULTS START"
  cat hpcg*.txt
  echo "HPCG-BENCHMARKS"
  cat HPCG-Benchmark*.txt
  echo "FLUX-RESULTS END"

output=./results/${app}
(apt-get update > /dev/null 2>&1 && apt-get install -y jq > /dev/null 2>&1) || (yum update -y > /dev/null 2>&1 && yum install -y jq > /dev/null 2>&1)
mkdir -p $output
for jobid in $(flux jobs -a --json | jq -r .jobs[].id); do
    echo
    study_id=$(flux job info $jobid jobspec | jq -r ".attributes.user.study_id")
    echo "FLUX-JOB START ${jobid} ${study_id}"
    echo "FLUX-JOB-JOBSPEC START"
    flux job info $jobid jobspec
    echo "FLUX-JOB-JOBSPEC END" 
    
    echo "FLUX-JOB-RESOURCES START"
    flux job info ${jobid} R
    echo "FLUX-JOB-RESOURCES END"
    echo "FLUX-JOB-EVENTLOG START" 
    flux job info $jobid guest.exec.eventlog
    echo "FLUX-JOB-EVENTLOG END" 
    echo "FLUX-JOB END ${jobid} ${study_id}"
done
echo "FLUX JOB STATS"
flux job stats 

     STATE NNODES   NCORES    NGPUS NODELIST
      free      1       16        0 hpcg-0
 allocated      0        0        0 
      down      0        0        0 
The parent process ID is: 117
The execution parent process ID is: 259

The cgroup id is 55962
FLUX-RUN START hpcg-iter-1
FLUX-RUN END hpcg-iter-1
FLUX-RUN START hpcg-iter-2
FLUX-RUN END hpcg-iter-2
FLUX-RUN START hpcg-iter-3
FLUX-RUN END hpcg-iter-3
FLUX-RESULTS START
WARNING: PERFORMING UNPRECONDITIONED ITERATIONS
Call [0] Number of Iterations [11] Scaled Residual [3.68781e-14]
WARNING: PERFORMING UNPRECONDITIONED ITERATIONS
Call [1] Number of Iterations [11] Scaled Residual [3.68781e-14]
Call [0] Number of Iterations [2] Scaled Residual [5.60853e-17]
Call [1] Number of Iterations [2] Scaled Residual [5.60853e-17]
Departure from symmetry (scaled) for SpMV abs(x'*A*y - y'*A*x) = 1.67718e-08
Departure from symmetry (scaled) for MG abs(x'*Minv*y - y'*Minv*x) = 1.34175e-08
SpMV call [0] Residual [0]
SpMV call [1] Residual [0]
Call [0] Scaled Residual [5.29579e-09]
Call [1] Scaled Residual [5.29579e-09]
Call [2] Scaled Residual [5.29579e-09]
Call [3] Scaled Residual [5.29579e-09]
Call [4] Scaled Residual [5.29579e-09]
Call [5] Scaled Residual [5.29579e-09]
Call [6] Scaled Residual [5.29579e-09]
Call [7] Scaled Residual [5.29579e-09]
Call [8] Scaled Residual [5.29579e-09]
Call [9] Scaled Residual [5.29579e-09]
Call [10] Scaled Residual [5.29579e-09]
Call [11] Scaled Residual [5.29579e-09]
Call [12] Scaled Residual [5.29579e-09]
Call [13] Scaled Residual [5.29579e-09]
Call [14] Scaled Residual [5.29579e-09]
Call [15] Scaled Residual [5.29579e-09]
Call [16] Scaled Residual [5.29579e-09]
Call [17] Scaled Residual [5.29579e-09]
Call [18] Scaled Residual [5.29579e-09]
Call [19] Scaled Residual [5.29579e-09]
Call [20] Scaled Residual [5.29579e-09]
Call [21] Scaled Residual [5.29579e-09]
Call [22] Scaled Residual [5.29579e-09]
Call [23] Scaled Residual [5.29579e-09]
Call [24] Scaled Residual [5.29579e-09]
Call [25] Scaled Residual [5.29579e-09]
Call [26] Scaled Residual [5.29579e-09]
Call [27] Scaled Residual [5.29579e-09]
Call [28] Scaled Residual [5.29579e-09]
Call [29] Scaled Residual [5.29579e-09]
Call [30] Scaled Residual [5.29579e-09]
Call [31] Scaled Residual [5.29579e-09]
Call [32] Scaled Residual [5.29579e-09]
Call [33] Scaled Residual [5.29579e-09]
Call [34] Scaled Residual [5.29579e-09]
Call [35] Scaled Residual [5.29579e-09]
Call [36] Scaled Residual [5.29579e-09]
Call [37] Scaled Residual [5.29579e-09]
Call [38] Scaled Residual [5.29579e-09]
Call [39] Scaled Residual [5.29579e-09]
WARNING: PERFORMING UNPRECONDITIONED ITERATIONS
Call [0] Number of Iterations [11] Scaled Residual [3.68781e-14]
WARNING: PERFORMING UNPRECONDITIONED ITERATIONS
Call [1] Number of Iterations [11] Scaled Residual [3.68781e-14]
Call [0] Number of Iterations [2] Scaled Residual [5.60853e-17]
Call [1] Number of Iterations [2] Scaled Residual [5.60853e-17]
Departure from symmetry (scaled) for SpMV abs(x'*A*y - y'*A*x) = 1.67718e-08
Departure from symmetry (scaled) for MG abs(x'*Minv*y - y'*Minv*x) = 1.34175e-08
SpMV call [0] Residual [0]
SpMV call [1] Residual [0]
Call [0] Scaled Residual [5.29579e-09]
Call [1] Scaled Residual [5.29579e-09]
Call [2] Scaled Residual [5.29579e-09]
Call [3] Scaled Residual [5.29579e-09]
Call [4] Scaled Residual [5.29579e-09]
Call [5] Scaled Residual [5.29579e-09]
Call [6] Scaled Residual [5.29579e-09]
Call [7] Scaled Residual [5.29579e-09]
Call [8] Scaled Residual [5.29579e-09]
Call [9] Scaled Residual [5.29579e-09]
Call [10] Scaled Residual [5.29579e-09]
Call [11] Scaled Residual [5.29579e-09]
Call [12] Scaled Residual [5.29579e-09]
Call [13] Scaled Residual [5.29579e-09]
Call [14] Scaled Residual [5.29579e-09]
Call [15] Scaled Residual [5.29579e-09]
Call [16] Scaled Residual [5.29579e-09]
Call [17] Scaled Residual [5.29579e-09]
Call [18] Scaled Residual [5.29579e-09]
Call [19] Scaled Residual [5.29579e-09]
Call [20] Scaled Residual [5.29579e-09]
Call [21] Scaled Residual [5.29579e-09]
Call [22] Scaled Residual [5.29579e-09]
Call [23] Scaled Residual [5.29579e-09]
Call [24] Scaled Residual [5.29579e-09]
Call [25] Scaled Residual [5.29579e-09]
Call [26] Scaled Residual [5.29579e-09]
Call [27] Scaled Residual [5.29579e-09]
Call [28] Scaled Residual [5.29579e-09]
Call [29] Scaled Residual [5.29579e-09]
Call [30] Scaled Residual [5.29579e-09]
Call [31] Scaled Residual [5.29579e-09]
Call [32] Scaled Residual [5.29579e-09]
Call [33] Scaled Residual [5.29579e-09]
Call [34] Scaled Residual [5.29579e-09]
Call [35] Scaled Residual [5.29579e-09]
Call [36] Scaled Residual [5.29579e-09]
Call [37] Scaled Residual [5.29579e-09]
Call [38] Scaled Residual [5.29579e-09]
Call [39] Scaled Residual [5.29579e-09]
WARNING: PERFORMING UNPRECONDITIONED ITERATIONS
Call [0] Number of Iterations [11] Scaled Residual [3.68781e-14]
WARNING: PERFORMING UNPRECONDITIONED ITERATIONS
Call [1] Number of Iterations [11] Scaled Residual [3.68781e-14]
Call [0] Number of Iterations [2] Scaled Residual [5.60853e-17]
Call [1] Number of Iterations [2] Scaled Residual [5.60853e-17]
Departure from symmetry (scaled) for SpMV abs(x'*A*y - y'*A*x) = 1.67718e-08
Departure from symmetry (scaled) for MG abs(x'*Minv*y - y'*Minv*x) = 1.34175e-08
SpMV call [0] Residual [0]
SpMV call [1] Residual [0]
Call [0] Scaled Residual [5.29579e-09]
Call [1] Scaled Residual [5.29579e-09]
Call [2] Scaled Residual [5.29579e-09]
Call [3] Scaled Residual [5.29579e-09]
Call [4] Scaled Residual [5.29579e-09]
Call [5] Scaled Residual [5.29579e-09]
Call [6] Scaled Residual [5.29579e-09]
Call [7] Scaled Residual [5.29579e-09]
Call [8] Scaled Residual [5.29579e-09]
Call [9] Scaled Residual [5.29579e-09]
Call [10] Scaled Residual [5.29579e-09]
Call [11] Scaled Residual [5.29579e-09]
Call [12] Scaled Residual [5.29579e-09]
Call [13] Scaled Residual [5.29579e-09]
Call [14] Scaled Residual [5.29579e-09]
Call [15] Scaled Residual [5.29579e-09]
Call [16] Scaled Residual [5.29579e-09]
Call [17] Scaled Residual [5.29579e-09]
Call [18] Scaled Residual [5.29579e-09]
Call [19] Scaled Residual [5.29579e-09]
Call [20] Scaled Residual [5.29579e-09]
Call [21] Scaled Residual [5.29579e-09]
Call [22] Scaled Residual [5.29579e-09]
Call [23] Scaled Residual [5.29579e-09]
Call [24] Scaled Residual [5.29579e-09]
Call [25] Scaled Residual [5.29579e-09]
Call [26] Scaled Residual [5.29579e-09]
Call [27] Scaled Residual [5.29579e-09]
Call [28] Scaled Residual [5.29579e-09]
Call [29] Scaled Residual [5.29579e-09]
Call [30] Scaled Residual [5.29579e-09]
Call [31] Scaled Residual [5.29579e-09]
Call [32] Scaled Residual [5.29579e-09]
Call [33] Scaled Residual [5.29579e-09]
Call [34] Scaled Residual [5.29579e-09]
Call [35] Scaled Residual [5.29579e-09]
Call [36] Scaled Residual [5.29579e-09]
Call [37] Scaled Residual [5.29579e-09]
Call [38] Scaled Residual [5.29579e-09]
Call [39] Scaled Residual [5.29579e-09]
HPCG-BENCHMARKS
HPCG-Benchmark
version=3.1
Release date=March 28, 2019
Machine Summary=
Machine Summary::Distributed Processes=16
Machine Summary::Threads per processes=2
Global Problem Dimensions=
Global Problem Dimensions::Global nx=128
Global Problem Dimensions::Global ny=64
Global Problem Dimensions::Global nz=64
Processor Dimensions=
Processor Dimensions::npx=4
Processor Dimensions::npy=2
Processor Dimensions::npz=2
Local Domain Dimensions=
Local Domain Dimensions::nx=32
Local Domain Dimensions::ny=32
Local Domain Dimensions::Lower ipz=0
Local Domain Dimensions::Upper ipz=1
Local Domain Dimensions::nz=32
########## Problem Summary  ##########=
Setup Information=
Setup Information::Setup Time=0.0524442
Linear System Information=
Linear System Information::Number of Equations=524288
Linear System Information::Number of Nonzero Terms=13790200
Multigrid Information=
Multigrid Information::Number of coarse grid levels=3
Multigrid Information::Coarse Grids=
Multigrid Information::Coarse Grids::Grid Level=1
Multigrid Information::Coarse Grids::Number of Equations=65536
Multigrid Information::Coarse Grids::Number of Nonzero Terms=1678840
Multigrid Information::Coarse Grids::Number of Presmoother Steps=1
Multigrid Information::Coarse Grids::Number of Postsmoother Steps=1
Multigrid Information::Coarse Grids::Grid Level=2
Multigrid Information::Coarse Grids::Number of Equations=8192
Multigrid Information::Coarse Grids::Number of Nonzero Terms=198904
Multigrid Information::Coarse Grids::Number of Presmoother Steps=1
Multigrid Information::Coarse Grids::Number of Postsmoother Steps=1
Multigrid Information::Coarse Grids::Grid Level=3
Multigrid Information::Coarse Grids::Number of Equations=1024
Multigrid Information::Coarse Grids::Number of Nonzero Terms=22264
Multigrid Information::Coarse Grids::Number of Presmoother Steps=1
Multigrid Information::Coarse Grids::Number of Postsmoother Steps=1
########## Memory Use Summary  ##########=
Memory Use Information=
Memory Use Information::Total memory used for data (Gbytes)=0.37581
Memory Use Information::Memory used for OptimizeProblem data (Gbytes)=0
Memory Use Information::Bytes per equation (Total memory / Number of Equations)=716.801
Memory Use Information::Memory used for linear system and CG (Gbytes)=0.330589
Memory Use Information::Coarse Grids=
Memory Use Information::Coarse Grids::Grid Level=1
Memory Use Information::Coarse Grids::Memory used=0.0396067
Memory Use Information::Coarse Grids::Grid Level=2
Memory Use Information::Coarse Grids::Memory used=0.00498211
Memory Use Information::Coarse Grids::Grid Level=3
Memory Use Information::Coarse Grids::Memory used=0.000632332
########## V&V Testing Summary  ##########=
Spectral Convergence Tests=
Spectral Convergence Tests::Result=PASSED
Spectral Convergence Tests::Unpreconditioned=
Spectral Convergence Tests::Unpreconditioned::Maximum iteration count=11
Spectral Convergence Tests::Unpreconditioned::Expected iteration count=12
Spectral Convergence Tests::Preconditioned=
Spectral Convergence Tests::Preconditioned::Maximum iteration count=2
Spectral Convergence Tests::Preconditioned::Expected iteration count=2
Departure from Symmetry |x'Ay-y'Ax|/(2*||x||*||A||*||y||)/epsilon=
Departure from Symmetry |x'Ay-y'Ax|/(2*||x||*||A||*||y||)/epsilon::Result=PASSED
Departure from Symmetry |x'Ay-y'Ax|/(2*||x||*||A||*||y||)/epsilon::Departure for SpMV=1.67718e-08
Departure from Symmetry |x'Ay-y'Ax|/(2*||x||*||A||*||y||)/epsilon::Departure for MG=1.34175e-08
########## Iterations Summary  ##########=
Iteration Count Information=
Iteration Count Information::Result=PASSED
Iteration Count Information::Reference CG iterations per set=50
Iteration Count Information::Optimized CG iterations per set=50
Iteration Count Information::Total number of reference iterations=2000
Iteration Count Information::Total number of optimized iterations=2000
########## Reproducibility Summary  ##########=
Reproducibility Information=
Reproducibility Information::Result=PASSED
Reproducibility Information::Scaled residual mean=5.29579e-09
Reproducibility Information::Scaled residual variance=0
########## Performance Summary (times in sec) ##########=
Benchmark Time Summary=
Benchmark Time Summary::Optimization phase=2.01e-07
Benchmark Time Summary::DDOT=2.11909
Benchmark Time Summary::WAXPBY=0.215123
Benchmark Time Summary::SpMV=1.83338
Benchmark Time Summary::MG=14.6049
Benchmark Time Summary::Total=18.7759
Floating Point Operations Summary=
Floating Point Operations Summary::Raw DDOT=6.3334e+09
Floating Point Operations Summary::Raw WAXPBY=6.3334e+09
Floating Point Operations Summary::Raw SpMV=5.6264e+10
Floating Point Operations Summary::Raw MG=3.13537e+11
Floating Point Operations Summary::Total=3.82468e+11
Floating Point Operations Summary::Total with convergence overhead=3.82468e+11
GB/s Summary=
GB/s Summary::Raw Read B/W=125.556
GB/s Summary::Raw Write B/W=29.0186
GB/s Summary::Raw Total B/W=154.574
GB/s Summary::Total with convergence and optimization phase overhead=152.866
GFLOP/s Summary=
GFLOP/s Summary::Raw DDOT=2.98873
GFLOP/s Summary::Raw WAXPBY=29.4408
GFLOP/s Summary::Raw SpMV=30.6887
GFLOP/s Summary::Raw MG=21.4679
GFLOP/s Summary::Raw Total=20.3702
GFLOP/s Summary::Total with convergence overhead=20.3702
GFLOP/s Summary::Total with convergence and optimization phase overhead=20.1451
User Optimization Overheads=
User Optimization Overheads::Optimization phase time (sec)=2.01e-07
User Optimization Overheads::Optimization phase time vs reference SpMV+MG time=2.74964e-05
DDOT Timing Variations=
DDOT Timing Variations::Min DDOT MPI_Allreduce time=1.18657
DDOT Timing Variations::Max DDOT MPI_Allreduce time=1.91507
DDOT Timing Variations::Avg DDOT MPI_Allreduce time=1.7047
Final Summary=
Final Summary::HPCG result is VALID with a GFLOP/s rating of=20.1451
Final Summary::HPCG 2.4 rating for historical reasons is=20.3702
Final Summary::Reference version of ComputeDotProduct used=Performance results are most likely suboptimal
Final Summary::Reference version of ComputeSPMV used=Performance results are most likely suboptimal
Final Summary::Reference version of ComputeMG used and number of threads greater than 1=Performance results are severely suboptimal
Final Summary::Reference version of ComputeWAXPBY used=Performance results are most likely suboptimal
Final Summary::Results are valid but execution time (sec) is=18.7759
Final Summary::Official results execution time (sec) must be at least=1800
HPCG-Benchmark
version=3.1
Release date=March 28, 2019
Machine Summary=
Machine Summary::Distributed Processes=16
Machine Summary::Threads per processes=2
Global Problem Dimensions=
Global Problem Dimensions::Global nx=128
Global Problem Dimensions::Global ny=64
Global Problem Dimensions::Global nz=64
Processor Dimensions=
Processor Dimensions::npx=4
Processor Dimensions::npy=2
Processor Dimensions::npz=2
Local Domain Dimensions=
Local Domain Dimensions::nx=32
Local Domain Dimensions::ny=32
Local Domain Dimensions::Lower ipz=0
Local Domain Dimensions::Upper ipz=1
Local Domain Dimensions::nz=32
########## Problem Summary  ##########=
Setup Information=
Setup Information::Setup Time=0.0516705
Linear System Information=
Linear System Information::Number of Equations=524288
Linear System Information::Number of Nonzero Terms=13790200
Multigrid Information=
Multigrid Information::Number of coarse grid levels=3
Multigrid Information::Coarse Grids=
Multigrid Information::Coarse Grids::Grid Level=1
Multigrid Information::Coarse Grids::Number of Equations=65536
Multigrid Information::Coarse Grids::Number of Nonzero Terms=1678840
Multigrid Information::Coarse Grids::Number of Presmoother Steps=1
Multigrid Information::Coarse Grids::Number of Postsmoother Steps=1
Multigrid Information::Coarse Grids::Grid Level=2
Multigrid Information::Coarse Grids::Number of Equations=8192
Multigrid Information::Coarse Grids::Number of Nonzero Terms=198904
Multigrid Information::Coarse Grids::Number of Presmoother Steps=1
Multigrid Information::Coarse Grids::Number of Postsmoother Steps=1
Multigrid Information::Coarse Grids::Grid Level=3
Multigrid Information::Coarse Grids::Number of Equations=1024
Multigrid Information::Coarse Grids::Number of Nonzero Terms=22264
Multigrid Information::Coarse Grids::Number of Presmoother Steps=1
Multigrid Information::Coarse Grids::Number of Postsmoother Steps=1
########## Memory Use Summary  ##########=
Memory Use Information=
Memory Use Information::Total memory used for data (Gbytes)=0.37581
Memory Use Information::Memory used for OptimizeProblem data (Gbytes)=0
Memory Use Information::Bytes per equation (Total memory / Number of Equations)=716.801
Memory Use Information::Memory used for linear system and CG (Gbytes)=0.330589
Memory Use Information::Coarse Grids=
Memory Use Information::Coarse Grids::Grid Level=1
Memory Use Information::Coarse Grids::Memory used=0.0396067
Memory Use Information::Coarse Grids::Grid Level=2
Memory Use Information::Coarse Grids::Memory used=0.00498211
Memory Use Information::Coarse Grids::Grid Level=3
Memory Use Information::Coarse Grids::Memory used=0.000632332
########## V&V Testing Summary  ##########=
Spectral Convergence Tests=
Spectral Convergence Tests::Result=PASSED
Spectral Convergence Tests::Unpreconditioned=
Spectral Convergence Tests::Unpreconditioned::Maximum iteration count=11
Spectral Convergence Tests::Unpreconditioned::Expected iteration count=12
Spectral Convergence Tests::Preconditioned=
Spectral Convergence Tests::Preconditioned::Maximum iteration count=2
Spectral Convergence Tests::Preconditioned::Expected iteration count=2
Departure from Symmetry |x'Ay-y'Ax|/(2*||x||*||A||*||y||)/epsilon=
Departure from Symmetry |x'Ay-y'Ax|/(2*||x||*||A||*||y||)/epsilon::Result=PASSED
Departure from Symmetry |x'Ay-y'Ax|/(2*||x||*||A||*||y||)/epsilon::Departure for SpMV=1.67718e-08
Departure from Symmetry |x'Ay-y'Ax|/(2*||x||*||A||*||y||)/epsilon::Departure for MG=1.34175e-08
########## Iterations Summary  ##########=
Iteration Count Information=
Iteration Count Information::Result=PASSED
Iteration Count Information::Reference CG iterations per set=50
Iteration Count Information::Optimized CG iterations per set=50
Iteration Count Information::Total number of reference iterations=2000
Iteration Count Information::Total number of optimized iterations=2000
########## Reproducibility Summary  ##########=
Reproducibility Information=
Reproducibility Information::Result=PASSED
Reproducibility Information::Scaled residual mean=5.29579e-09
Reproducibility Information::Scaled residual variance=0
########## Performance Summary (times in sec) ##########=
Benchmark Time Summary=
Benchmark Time Summary::Optimization phase=2.15e-07
Benchmark Time Summary::DDOT=0.930261
Benchmark Time Summary::WAXPBY=0.166176
Benchmark Time Summary::SpMV=1.80703
Benchmark Time Summary::MG=13.4602
Benchmark Time Summary::Total=16.367
Floating Point Operations Summary=
Floating Point Operations Summary::Raw DDOT=6.3334e+09
Floating Point Operations Summary::Raw WAXPBY=6.3334e+09
Floating Point Operations Summary::Raw SpMV=5.6264e+10
Floating Point Operations Summary::Raw MG=3.13537e+11
Floating Point Operations Summary::Total=3.82468e+11
Floating Point Operations Summary::Total with convergence overhead=3.82468e+11
GB/s Summary=
GB/s Summary::Raw Read B/W=144.035
GB/s Summary::Raw Write B/W=33.2895
GB/s Summary::Raw Total B/W=177.324
GB/s Summary::Total with convergence and optimization phase overhead=175.113
GFLOP/s Summary=
GFLOP/s Summary::Raw DDOT=6.8082
GFLOP/s Summary::Raw WAXPBY=38.1125
GFLOP/s Summary::Raw SpMV=31.1362
GFLOP/s Summary::Raw MG=23.2936
GFLOP/s Summary::Raw Total=23.3682
GFLOP/s Summary::Total with convergence overhead=23.3682
GFLOP/s Summary::Total with convergence and optimization phase overhead=23.0768
User Optimization Overheads=
User Optimization Overheads::Optimization phase time (sec)=2.15e-07
User Optimization Overheads::Optimization phase time vs reference SpMV+MG time=2.86985e-05
DDOT Timing Variations=
DDOT Timing Variations::Min DDOT MPI_Allreduce time=0.570165
DDOT Timing Variations::Max DDOT MPI_Allreduce time=0.831935
DDOT Timing Variations::Avg DDOT MPI_Allreduce time=0.683837
Final Summary=
Final Summary::HPCG result is VALID with a GFLOP/s rating of=23.0768
Final Summary::HPCG 2.4 rating for historical reasons is=23.3682
Final Summary::Reference version of ComputeDotProduct used=Performance results are most likely suboptimal
Final Summary::Reference version of ComputeSPMV used=Performance results are most likely suboptimal
Final Summary::Reference version of ComputeMG used and number of threads greater than 1=Performance results are severely suboptimal
Final Summary::Reference version of ComputeWAXPBY used=Performance results are most likely suboptimal
Final Summary::Results are valid but execution time (sec) is=16.367
Final Summary::Official results execution time (sec) must be at least=1800
HPCG-Benchmark
version=3.1
Release date=March 28, 2019
Machine Summary=
Machine Summary::Distributed Processes=16
Machine Summary::Threads per processes=2
Global Problem Dimensions=
Global Problem Dimensions::Global nx=128
Global Problem Dimensions::Global ny=64
Global Problem Dimensions::Global nz=64
Processor Dimensions=
Processor Dimensions::npx=4
Processor Dimensions::npy=2
Processor Dimensions::npz=2
Local Domain Dimensions=
Local Domain Dimensions::nx=32
Local Domain Dimensions::ny=32
Local Domain Dimensions::Lower ipz=0
Local Domain Dimensions::Upper ipz=1
Local Domain Dimensions::nz=32
########## Problem Summary  ##########=
Setup Information=
Setup Information::Setup Time=0.0514018
Linear System Information=
Linear System Information::Number of Equations=524288
Linear System Information::Number of Nonzero Terms=13790200
Multigrid Information=
Multigrid Information::Number of coarse grid levels=3
Multigrid Information::Coarse Grids=
Multigrid Information::Coarse Grids::Grid Level=1
Multigrid Information::Coarse Grids::Number of Equations=65536
Multigrid Information::Coarse Grids::Number of Nonzero Terms=1678840
Multigrid Information::Coarse Grids::Number of Presmoother Steps=1
Multigrid Information::Coarse Grids::Number of Postsmoother Steps=1
Multigrid Information::Coarse Grids::Grid Level=2
Multigrid Information::Coarse Grids::Number of Equations=8192
Multigrid Information::Coarse Grids::Number of Nonzero Terms=198904
Multigrid Information::Coarse Grids::Number of Presmoother Steps=1
Multigrid Information::Coarse Grids::Number of Postsmoother Steps=1
Multigrid Information::Coarse Grids::Grid Level=3
Multigrid Information::Coarse Grids::Number of Equations=1024
Multigrid Information::Coarse Grids::Number of Nonzero Terms=22264
Multigrid Information::Coarse Grids::Number of Presmoother Steps=1
Multigrid Information::Coarse Grids::Number of Postsmoother Steps=1
########## Memory Use Summary  ##########=
Memory Use Information=
Memory Use Information::Total memory used for data (Gbytes)=0.37581
Memory Use Information::Memory used for OptimizeProblem data (Gbytes)=0
Memory Use Information::Bytes per equation (Total memory / Number of Equations)=716.801
Memory Use Information::Memory used for linear system and CG (Gbytes)=0.330589
Memory Use Information::Coarse Grids=
Memory Use Information::Coarse Grids::Grid Level=1
Memory Use Information::Coarse Grids::Memory used=0.0396067
Memory Use Information::Coarse Grids::Grid Level=2
Memory Use Information::Coarse Grids::Memory used=0.00498211
Memory Use Information::Coarse Grids::Grid Level=3
Memory Use Information::Coarse Grids::Memory used=0.000632332
########## V&V Testing Summary  ##########=
Spectral Convergence Tests=
Spectral Convergence Tests::Result=PASSED
Spectral Convergence Tests::Unpreconditioned=
Spectral Convergence Tests::Unpreconditioned::Maximum iteration count=11
Spectral Convergence Tests::Unpreconditioned::Expected iteration count=12
Spectral Convergence Tests::Preconditioned=
Spectral Convergence Tests::Preconditioned::Maximum iteration count=2
Spectral Convergence Tests::Preconditioned::Expected iteration count=2
Departure from Symmetry |x'Ay-y'Ax|/(2*||x||*||A||*||y||)/epsilon=
Departure from Symmetry |x'Ay-y'Ax|/(2*||x||*||A||*||y||)/epsilon::Result=PASSED
Departure from Symmetry |x'Ay-y'Ax|/(2*||x||*||A||*||y||)/epsilon::Departure for SpMV=1.67718e-08
Departure from Symmetry |x'Ay-y'Ax|/(2*||x||*||A||*||y||)/epsilon::Departure for MG=1.34175e-08
########## Iterations Summary  ##########=
Iteration Count Information=
Iteration Count Information::Result=PASSED
Iteration Count Information::Reference CG iterations per set=50
Iteration Count Information::Optimized CG iterations per set=50
Iteration Count Information::Total number of reference iterations=2000
Iteration Count Information::Total number of optimized iterations=2000
########## Reproducibility Summary  ##########=
Reproducibility Information=
Reproducibility Information::Result=PASSED
Reproducibility Information::Scaled residual mean=5.29579e-09
Reproducibility Information::Scaled residual variance=0
########## Performance Summary (times in sec) ##########=
Benchmark Time Summary=
Benchmark Time Summary::Optimization phase=2.25e-07
Benchmark Time Summary::DDOT=1.00819
Benchmark Time Summary::WAXPBY=0.17652
Benchmark Time Summary::SpMV=1.79742
Benchmark Time Summary::MG=13.3416
Benchmark Time Summary::Total=16.3269
Floating Point Operations Summary=
Floating Point Operations Summary::Raw DDOT=6.3334e+09
Floating Point Operations Summary::Raw WAXPBY=6.3334e+09
Floating Point Operations Summary::Raw SpMV=5.6264e+10
Floating Point Operations Summary::Raw MG=3.13537e+11
Floating Point Operations Summary::Total=3.82468e+11
Floating Point Operations Summary::Total with convergence overhead=3.82468e+11
GB/s Summary=
GB/s Summary::Raw Read B/W=144.388
GB/s Summary::Raw Write B/W=33.3712
GB/s Summary::Raw Total B/W=177.76
GB/s Summary::Total with convergence and optimization phase overhead=175.549
GFLOP/s Summary=
GFLOP/s Summary::Raw DDOT=6.28195
GFLOP/s Summary::Raw WAXPBY=35.8792
GFLOP/s Summary::Raw SpMV=31.3026
GFLOP/s Summary::Raw MG=23.5007
GFLOP/s Summary::Raw Total=23.4256
GFLOP/s Summary::Total with convergence overhead=23.4256
GFLOP/s Summary::Total with convergence and optimization phase overhead=23.1343
User Optimization Overheads=
User Optimization Overheads::Optimization phase time (sec)=2.25e-07
User Optimization Overheads::Optimization phase time vs reference SpMV+MG time=3.00576e-05
DDOT Timing Variations=
DDOT Timing Variations::Min DDOT MPI_Allreduce time=0.629219
DDOT Timing Variations::Max DDOT MPI_Allreduce time=0.904701
DDOT Timing Variations::Avg DDOT MPI_Allreduce time=0.740101
Final Summary=
Final Summary::HPCG result is VALID with a GFLOP/s rating of=23.1343
Final Summary::HPCG 2.4 rating for historical reasons is=23.4256
Final Summary::Reference version of ComputeDotProduct used=Performance results are most likely suboptimal
Final Summary::Reference version of ComputeSPMV used=Performance results are most likely suboptimal
Final Summary::Reference version of ComputeMG used and number of threads greater than 1=Performance results are severely suboptimal
Final Summary::Reference version of ComputeWAXPBY used=Performance results are most likely suboptimal
Final Summary::Results are valid but execution time (sec) is=16.3269
Final Summary::Official results execution time (sec) must be at least=1800
FLUX-RESULTS END

FLUX-JOB START 746586112000 hpcg-iter-3
FLUX-JOB-JOBSPEC START
{"resources": [{"type": "node", "count": 1, "with": [{"type": "slot", "count": 16, "with": [{"type": "core", "count": 1}], "label": "task"}]}], "tasks": [{"command": ["/opt/hpcg/xhpcg"], "slot": "task", "count": {"per_slot": 1}}], "attributes": {"system": {"duration": 0, "cwd": "/opt/hpcg", "shell": {"options": {"rlimit": {"cpu": -1, "fsize": -1, "data": -1, "stack": 10485760, "core": -1, "nofile": 1048576, "as": -1, "rss": -1, "nproc": -1}, "cpu-affinity": "per-task", "gpu-affinity": "off"}}}, "user": {"study_id": "hpcg-iter-3"}}, "version": 1}
FLUX-JOB-JOBSPEC END
FLUX-JOB-RESOURCES START
{"version": 1, "execution": {"R_lite": [{"rank": "0", "children": {"core": "0-15"}}], "starttime": 1750012742.800719, "expiration": 0.0, "nodelist": ["hpcg-0"]}}
FLUX-JOB-RESOURCES END
FLUX-JOB-EVENTLOG START
{"timestamp":1750012742.8019502,"name":"init"}
{"timestamp":1750012742.8099897,"name":"shell.init","context":{"service":"0-shell-fLcUFyRq","leader-rank":0,"size":1}}
{"timestamp":1750012742.8023002,"name":"starting"}
{"timestamp":1750012742.825866,"name":"shell.start","context":{"taskmap":{"version":1,"map":[[0,1,16,1]]}}}
{"timestamp":1750012760.762248,"name":"shell.task-exit","context":{"localid":4,"rank":4,"state":"Exited","pid":378,"wait_status":0,"signaled":0,"exitcode":0}}
{"timestamp":1750012760.7678678,"name":"complete","context":{"status":0}}
{"timestamp":1750012760.7678885,"name":"done"}

FLUX-JOB-EVENTLOG END
FLUX-JOB END 746586112000 hpcg-iter-3

FLUX-JOB START 441777651712 hpcg-iter-2
FLUX-JOB-JOBSPEC START
{"resources": [{"type": "node", "count": 1, "with": [{"type": "slot", "count": 16, "with": [{"type": "core", "count": 1}], "label": "task"}]}], "tasks": [{"command": ["/opt/hpcg/xhpcg"], "slot": "task", "count": {"per_slot": 1}}], "attributes": {"system": {"duration": 0, "cwd": "/opt/hpcg", "shell": {"options": {"rlimit": {"cpu": -1, "fsize": -1, "data": -1, "stack": 10485760, "core": -1, "nofile": 1048576, "as": -1, "rss": -1, "nproc": -1}, "cpu-affinity": "per-task", "gpu-affinity": "off"}}}, "user": {"study_id": "hpcg-iter-2"}}, "version": 1}
FLUX-JOB-JOBSPEC END
FLUX-JOB-RESOURCES START
{"version": 1, "execution": {"R_lite": [{"rank": "0", "children": {"core": "0-15"}}], "starttime": 1750012724.632581, "expiration": 0.0, "nodelist": ["hpcg-0"]}}
FLUX-JOB-RESOURCES END
FLUX-JOB-EVENTLOG START
{"timestamp":1750012724.6347682,"name":"init"}
{"timestamp":1750012724.6423101,"name":"shell.init","context":{"service":"0-shell-fCc5NwZ1","leader-rank":0,"size":1}}
{"timestamp":1750012724.635473,"name":"starting"}
{"timestamp":1750012724.658289,"name":"shell.start","context":{"taskmap":{"version":1,"map":[[0,1,16,1]]}}}
{"timestamp":1750012742.6211812,"name":"shell.task-exit","context":{"localid":1,"rank":1,"state":"Exited","pid":323,"wait_status":0,"signaled":0,"exitcode":0}}
{"timestamp":1750012742.6277215,"name":"complete","context":{"status":0}}
{"timestamp":1750012742.6277418,"name":"done"}

FLUX-JOB-EVENTLOG END
FLUX-JOB END 441777651712 hpcg-iter-2

FLUX-JOB START 96653541376 hpcg-iter-1
FLUX-JOB-JOBSPEC START
{"resources": [{"type": "node", "count": 1, "with": [{"type": "slot", "count": 16, "with": [{"type": "core", "count": 1}], "label": "task"}]}], "tasks": [{"command": ["/opt/hpcg/xhpcg"], "slot": "task", "count": {"per_slot": 1}}], "attributes": {"system": {"duration": 0, "cwd": "/opt/hpcg", "shell": {"options": {"rlimit": {"cpu": -1, "fsize": -1, "data": -1, "stack": 10485760, "core": -1, "nofile": 1048576, "as": -1, "rss": -1, "nproc": -1}, "cpu-affinity": "per-task", "gpu-affinity": "off"}}}, "user": {"study_id": "hpcg-iter-1"}}, "version": 1}
FLUX-JOB-JOBSPEC END
FLUX-JOB-RESOURCES START
{"version": 1, "execution": {"R_lite": [{"rank": "0", "children": {"core": "0-15"}}], "starttime": 1750012704.0613675, "expiration": 0.0, "nodelist": ["hpcg-0"]}}
FLUX-JOB-RESOURCES END
FLUX-JOB-EVENTLOG START
{"timestamp":1750012704.0626743,"name":"init"}
{"timestamp":1750012704.0709732,"name":"shell.init","context":{"service":"0-shell-f3YFwfVZ","leader-rank":0,"size":1}}
{"timestamp":1750012704.0633833,"name":"starting"}
{"timestamp":1750012704.0862448,"name":"shell.start","context":{"taskmap":{"version":1,"map":[[0,1,16,1]]}}}
{"timestamp":1750012724.4553072,"name":"shell.task-exit","context":{"localid":5,"rank":5,"state":"Exited","pid":277,"wait_status":0,"signaled":0,"exitcode":0}}
{"timestamp":1750012724.4597056,"name":"complete","context":{"status":0}}
{"timestamp":1750012724.4597249,"name":"done"}

FLUX-JOB-EVENTLOG END
FLUX-JOB END 96653541376 hpcg-iter-1
FLUX JOB STATS
{"job_states":{"depend":0,"priority":0,"sched":0,"run":0,"cleanup":0,"inactive":3,"total":3},"successful":3,"failed":0,"canceled":0,"timeout":0,"inactive_purged":0,"queues":[]}
