

32 32 32
15
chmod: cannot access './wait-fs': No such file or directory
mv: cannot stat './wait-fs': No such file or directory
ln: failed to create symbolic link '/mnt/flux/view/lib/python': File exists
ln: failed to create symbolic link '/mnt/flux/view/lib/python3': File exists
#!/bin/bash
set -euo pipefail
flux resource list
echo "The parent process ID is: $PPID"          
echo "The execution parent process ID is: $$"         
CGROUP_PATH_LINE=$(cat "/proc/$$/cgroup")
echo 
CGROUP_V2_PATH=${CGROUP_PATH_LINE:3}
ACTUAL_CGROUP_DIR="/sys/fs/cgroup${CGROUP_V2_PATH}"
TARGET_CGROUP_ID=$(stat -c '%i' $ACTUAL_CGROUP_DIR)
echo "The cgroup id is $TARGET_CGROUP_ID"
echo -n $TARGET_CGROUP_ID > /mnt/flux/cgroup-id.txt
sleep 5
flux exec -r all touch /mnt/flux/start_ebpf_collection
for i in {1..3}
do
  echo "FLUX-RUN START hpcg-iter-$i"
  flux run --setattr=user.study_id=hpcg-iter-$i -N1 -n 48 -o cpu-affinity=per-task -o gpu-affinity=off     /opt/hpcg/xhpcg
  
   echo "FLUX-RUN END hpcg-iter-$i"
done

  echo "FLUX-RESULTS START"
  cat hpcg*.txt
  echo "HPCG-BENCHMARKS"
  cat HPCG-Benchmark*.txt
  echo "FLUX-RESULTS END"

output=./results/${app}
(apt-get update > /dev/null 2>&1 && apt-get install -y jq > /dev/null 2>&1) || (yum update -y > /dev/null 2>&1 && yum install -y jq > /dev/null 2>&1)
mkdir -p $output
for jobid in $(flux jobs -a --json | jq -r .jobs[].id); do
    echo
    study_id=$(flux job info $jobid jobspec | jq -r ".attributes.user.study_id")
    echo "FLUX-JOB START ${jobid} ${study_id}"
    echo "FLUX-JOB-JOBSPEC START"
    flux job info $jobid jobspec
    echo "FLUX-JOB-JOBSPEC END" 
    
    echo "FLUX-JOB-RESOURCES START"
    flux job info ${jobid} R
    echo "FLUX-JOB-RESOURCES END"
    echo "FLUX-JOB-EVENTLOG START" 
    flux job info $jobid guest.exec.eventlog
    echo "FLUX-JOB-EVENTLOG END" 
    echo "FLUX-JOB END ${jobid} ${study_id}"
done
echo "FLUX JOB STATS"
flux job stats 

     STATE NNODES   NCORES    NGPUS NODELIST
      free      1       48        0 hpcg-0
 allocated      0        0        0 
      down      0        0        0 
The parent process ID is: 119
The execution parent process ID is: 293

The cgroup id is 72722
FLUX-RUN START hpcg-iter-1
FLUX-RUN END hpcg-iter-1
FLUX-RUN START hpcg-iter-2
FLUX-RUN END hpcg-iter-2
FLUX-RUN START hpcg-iter-3
FLUX-RUN END hpcg-iter-3
FLUX-RESULTS START
WARNING: PERFORMING UNPRECONDITIONED ITERATIONS
Call [0] Number of Iterations [11] Scaled Residual [1.02154e-13]
WARNING: PERFORMING UNPRECONDITIONED ITERATIONS
Call [1] Number of Iterations [11] Scaled Residual [1.02154e-13]
Call [0] Number of Iterations [2] Scaled Residual [6.44586e-17]
Call [1] Number of Iterations [2] Scaled Residual [6.44586e-17]
Departure from symmetry (scaled) for SpMV abs(x'*A*y - y'*A*x) = 2.23656e-08
Departure from symmetry (scaled) for MG abs(x'*Minv*y - y'*Minv*x) = 1.49104e-09
SpMV call [0] Residual [0]
SpMV call [1] Residual [0]
Call [0] Scaled Residual [3.9761e-07]
Call [1] Scaled Residual [3.9761e-07]
Call [2] Scaled Residual [3.9761e-07]
Call [3] Scaled Residual [3.9761e-07]
Call [4] Scaled Residual [3.9761e-07]
Call [5] Scaled Residual [3.9761e-07]
Call [6] Scaled Residual [3.9761e-07]
Call [7] Scaled Residual [3.9761e-07]
Call [8] Scaled Residual [3.9761e-07]
Call [9] Scaled Residual [3.9761e-07]
Call [10] Scaled Residual [3.9761e-07]
Call [11] Scaled Residual [3.9761e-07]
Call [12] Scaled Residual [3.9761e-07]
Call [13] Scaled Residual [3.9761e-07]
Call [14] Scaled Residual [3.9761e-07]
WARNING: PERFORMING UNPRECONDITIONED ITERATIONS
Call [0] Number of Iterations [11] Scaled Residual [1.02154e-13]
WARNING: PERFORMING UNPRECONDITIONED ITERATIONS
Call [1] Number of Iterations [11] Scaled Residual [1.02154e-13]
Call [0] Number of Iterations [2] Scaled Residual [6.44586e-17]
Call [1] Number of Iterations [2] Scaled Residual [6.44586e-17]
Departure from symmetry (scaled) for SpMV abs(x'*A*y - y'*A*x) = 2.23656e-08
Departure from symmetry (scaled) for MG abs(x'*Minv*y - y'*Minv*x) = 1.49104e-09
SpMV call [0] Residual [0]
SpMV call [1] Residual [0]
Call [0] Scaled Residual [3.9761e-07]
Call [1] Scaled Residual [3.9761e-07]
Call [2] Scaled Residual [3.9761e-07]
Call [3] Scaled Residual [3.9761e-07]
Call [4] Scaled Residual [3.9761e-07]
Call [5] Scaled Residual [3.9761e-07]
Call [6] Scaled Residual [3.9761e-07]
Call [7] Scaled Residual [3.9761e-07]
Call [8] Scaled Residual [3.9761e-07]
Call [9] Scaled Residual [3.9761e-07]
Call [10] Scaled Residual [3.9761e-07]
Call [11] Scaled Residual [3.9761e-07]
Call [12] Scaled Residual [3.9761e-07]
Call [13] Scaled Residual [3.9761e-07]
Call [14] Scaled Residual [3.9761e-07]
Call [15] Scaled Residual [3.9761e-07]
Call [16] Scaled Residual [3.9761e-07]
Call [17] Scaled Residual [3.9761e-07]
Call [18] Scaled Residual [3.9761e-07]
WARNING: PERFORMING UNPRECONDITIONED ITERATIONS
Call [0] Number of Iterations [11] Scaled Residual [1.02154e-13]
WARNING: PERFORMING UNPRECONDITIONED ITERATIONS
Call [1] Number of Iterations [11] Scaled Residual [1.02154e-13]
Call [0] Number of Iterations [2] Scaled Residual [6.44586e-17]
Call [1] Number of Iterations [2] Scaled Residual [6.44586e-17]
Departure from symmetry (scaled) for SpMV abs(x'*A*y - y'*A*x) = 2.23656e-08
Departure from symmetry (scaled) for MG abs(x'*Minv*y - y'*Minv*x) = 1.49104e-09
SpMV call [0] Residual [0]
SpMV call [1] Residual [0]
Call [0] Scaled Residual [3.9761e-07]
Call [1] Scaled Residual [3.9761e-07]
Call [2] Scaled Residual [3.9761e-07]
Call [3] Scaled Residual [3.9761e-07]
Call [4] Scaled Residual [3.9761e-07]
Call [5] Scaled Residual [3.9761e-07]
Call [6] Scaled Residual [3.9761e-07]
Call [7] Scaled Residual [3.9761e-07]
Call [8] Scaled Residual [3.9761e-07]
Call [9] Scaled Residual [3.9761e-07]
Call [10] Scaled Residual [3.9761e-07]
Call [11] Scaled Residual [3.9761e-07]
Call [12] Scaled Residual [3.9761e-07]
Call [13] Scaled Residual [3.9761e-07]
Call [14] Scaled Residual [3.9761e-07]
Call [15] Scaled Residual [3.9761e-07]
Call [16] Scaled Residual [3.9761e-07]
Call [17] Scaled Residual [3.9761e-07]
Call [18] Scaled Residual [3.9761e-07]
HPCG-BENCHMARKS
HPCG-Benchmark
version=3.1
Release date=March 28, 2019
Machine Summary=
Machine Summary::Distributed Processes=48
Machine Summary::Threads per processes=1
Global Problem Dimensions=
Global Problem Dimensions::Global nx=128
Global Problem Dimensions::Global ny=128
Global Problem Dimensions::Global nz=96
Processor Dimensions=
Processor Dimensions::npx=4
Processor Dimensions::npy=4
Processor Dimensions::npz=3
Local Domain Dimensions=
Local Domain Dimensions::nx=32
Local Domain Dimensions::ny=32
Local Domain Dimensions::Lower ipz=0
Local Domain Dimensions::Upper ipz=2
Local Domain Dimensions::nz=32
########## Problem Summary  ##########=
Setup Information=
Setup Information::Setup Time=0.107017
Linear System Information=
Linear System Information::Number of Equations=1572864
Linear System Information::Number of Nonzero Terms=41734264
Multigrid Information=
Multigrid Information::Number of coarse grid levels=3
Multigrid Information::Coarse Grids=
Multigrid Information::Coarse Grids::Grid Level=1
Multigrid Information::Coarse Grids::Number of Equations=196608
Multigrid Information::Coarse Grids::Number of Nonzero Terms=5126200
Multigrid Information::Coarse Grids::Number of Presmoother Steps=1
Multigrid Information::Coarse Grids::Number of Postsmoother Steps=1
Multigrid Information::Coarse Grids::Grid Level=2
Multigrid Information::Coarse Grids::Number of Equations=24576
Multigrid Information::Coarse Grids::Number of Nonzero Terms=618520
Multigrid Information::Coarse Grids::Number of Presmoother Steps=1
Multigrid Information::Coarse Grids::Number of Postsmoother Steps=1
Multigrid Information::Coarse Grids::Grid Level=3
Multigrid Information::Coarse Grids::Number of Equations=3072
Multigrid Information::Coarse Grids::Number of Nonzero Terms=71944
Multigrid Information::Coarse Grids::Number of Presmoother Steps=1
Multigrid Information::Coarse Grids::Number of Postsmoother Steps=1
########## Memory Use Summary  ##########=
Memory Use Information=
Memory Use Information::Total memory used for data (Gbytes)=1.1274
Memory Use Information::Memory used for OptimizeProblem data (Gbytes)=0
Memory Use Information::Bytes per equation (Total memory / Number of Equations)=716.781
Memory Use Information::Memory used for linear system and CG (Gbytes)=0.991765
Memory Use Information::Coarse Grids=
Memory Use Information::Coarse Grids::Grid Level=1
Memory Use Information::Coarse Grids::Memory used=0.118799
Memory Use Information::Coarse Grids::Grid Level=2
Memory Use Information::Coarse Grids::Memory used=0.01494
Memory Use Information::Coarse Grids::Grid Level=3
Memory Use Information::Coarse Grids::Memory used=0.00189441
########## V&V Testing Summary  ##########=
Spectral Convergence Tests=
Spectral Convergence Tests::Result=PASSED
Spectral Convergence Tests::Unpreconditioned=
Spectral Convergence Tests::Unpreconditioned::Maximum iteration count=11
Spectral Convergence Tests::Unpreconditioned::Expected iteration count=12
Spectral Convergence Tests::Preconditioned=
Spectral Convergence Tests::Preconditioned::Maximum iteration count=2
Spectral Convergence Tests::Preconditioned::Expected iteration count=2
Departure from Symmetry |x'Ay-y'Ax|/(2*||x||*||A||*||y||)/epsilon=
Departure from Symmetry |x'Ay-y'Ax|/(2*||x||*||A||*||y||)/epsilon::Result=PASSED
Departure from Symmetry |x'Ay-y'Ax|/(2*||x||*||A||*||y||)/epsilon::Departure for SpMV=2.23656e-08
Departure from Symmetry |x'Ay-y'Ax|/(2*||x||*||A||*||y||)/epsilon::Departure for MG=1.49104e-09
########## Iterations Summary  ##########=
Iteration Count Information=
Iteration Count Information::Result=PASSED
Iteration Count Information::Reference CG iterations per set=50
Iteration Count Information::Optimized CG iterations per set=50
Iteration Count Information::Total number of reference iterations=750
Iteration Count Information::Total number of optimized iterations=750
########## Reproducibility Summary  ##########=
Reproducibility Information=
Reproducibility Information::Result=PASSED
Reproducibility Information::Scaled residual mean=3.9761e-07
Reproducibility Information::Scaled residual variance=0
########## Performance Summary (times in sec) ##########=
Benchmark Time Summary=
Benchmark Time Summary::Optimization phase=4.1e-07
Benchmark Time Summary::DDOT=2.16033
Benchmark Time Summary::WAXPBY=0.117146
Benchmark Time Summary::SpMV=1.68551
Benchmark Time Summary::MG=10.9432
Benchmark Time Summary::Total=14.909
Floating Point Operations Summary=
Floating Point Operations Summary::Raw DDOT=7.12507e+09
Floating Point Operations Summary::Raw WAXPBY=7.12507e+09
Floating Point Operations Summary::Raw SpMV=6.38534e+10
Floating Point Operations Summary::Raw MG=3.56308e+11
Floating Point Operations Summary::Total=4.34412e+11
Floating Point Operations Summary::Total with convergence overhead=4.34412e+11
GB/s Summary=
GB/s Summary::Raw Read B/W=179.55
GB/s Summary::Raw Write B/W=41.4956
GB/s Summary::Raw Total B/W=221.046
GB/s Summary::Total with convergence and optimization phase overhead=218.691
GFLOP/s Summary=
GFLOP/s Summary::Raw DDOT=3.29814
GFLOP/s Summary::Raw WAXPBY=60.8222
GFLOP/s Summary::Raw SpMV=37.8837
GFLOP/s Summary::Raw MG=32.5597
GFLOP/s Summary::Raw Total=29.1376
GFLOP/s Summary::Total with convergence overhead=29.1376
GFLOP/s Summary::Total with convergence and optimization phase overhead=28.8272
User Optimization Overheads=
User Optimization Overheads::Optimization phase time (sec)=4.1e-07
User Optimization Overheads::Optimization phase time vs reference SpMV+MG time=9.17891e-06
DDOT Timing Variations=
DDOT Timing Variations::Min DDOT MPI_Allreduce time=1.18864
DDOT Timing Variations::Max DDOT MPI_Allreduce time=1.99642
DDOT Timing Variations::Avg DDOT MPI_Allreduce time=1.62057
Final Summary=
Final Summary::HPCG result is VALID with a GFLOP/s rating of=28.8272
Final Summary::HPCG 2.4 rating for historical reasons is=29.1376
Final Summary::Reference version of ComputeDotProduct used=Performance results are most likely suboptimal
Final Summary::Reference version of ComputeSPMV used=Performance results are most likely suboptimal
Final Summary::Reference version of ComputeMG used=Performance results are most likely suboptimal
Final Summary::Reference version of ComputeWAXPBY used=Performance results are most likely suboptimal
Final Summary::Results are valid but execution time (sec) is=14.909
Final Summary::Official results execution time (sec) must be at least=1800
HPCG-Benchmark
version=3.1
Release date=March 28, 2019
Machine Summary=
Machine Summary::Distributed Processes=48
Machine Summary::Threads per processes=1
Global Problem Dimensions=
Global Problem Dimensions::Global nx=128
Global Problem Dimensions::Global ny=128
Global Problem Dimensions::Global nz=96
Processor Dimensions=
Processor Dimensions::npx=4
Processor Dimensions::npy=4
Processor Dimensions::npz=3
Local Domain Dimensions=
Local Domain Dimensions::nx=32
Local Domain Dimensions::ny=32
Local Domain Dimensions::Lower ipz=0
Local Domain Dimensions::Upper ipz=2
Local Domain Dimensions::nz=32
########## Problem Summary  ##########=
Setup Information=
Setup Information::Setup Time=0.126061
Linear System Information=
Linear System Information::Number of Equations=1572864
Linear System Information::Number of Nonzero Terms=41734264
Multigrid Information=
Multigrid Information::Number of coarse grid levels=3
Multigrid Information::Coarse Grids=
Multigrid Information::Coarse Grids::Grid Level=1
Multigrid Information::Coarse Grids::Number of Equations=196608
Multigrid Information::Coarse Grids::Number of Nonzero Terms=5126200
Multigrid Information::Coarse Grids::Number of Presmoother Steps=1
Multigrid Information::Coarse Grids::Number of Postsmoother Steps=1
Multigrid Information::Coarse Grids::Grid Level=2
Multigrid Information::Coarse Grids::Number of Equations=24576
Multigrid Information::Coarse Grids::Number of Nonzero Terms=618520
Multigrid Information::Coarse Grids::Number of Presmoother Steps=1
Multigrid Information::Coarse Grids::Number of Postsmoother Steps=1
Multigrid Information::Coarse Grids::Grid Level=3
Multigrid Information::Coarse Grids::Number of Equations=3072
Multigrid Information::Coarse Grids::Number of Nonzero Terms=71944
Multigrid Information::Coarse Grids::Number of Presmoother Steps=1
Multigrid Information::Coarse Grids::Number of Postsmoother Steps=1
########## Memory Use Summary  ##########=
Memory Use Information=
Memory Use Information::Total memory used for data (Gbytes)=1.1274
Memory Use Information::Memory used for OptimizeProblem data (Gbytes)=0
Memory Use Information::Bytes per equation (Total memory / Number of Equations)=716.781
Memory Use Information::Memory used for linear system and CG (Gbytes)=0.991766
Memory Use Information::Coarse Grids=
Memory Use Information::Coarse Grids::Grid Level=1
Memory Use Information::Coarse Grids::Memory used=0.118799
Memory Use Information::Coarse Grids::Grid Level=2
Memory Use Information::Coarse Grids::Memory used=0.01494
Memory Use Information::Coarse Grids::Grid Level=3
Memory Use Information::Coarse Grids::Memory used=0.00189441
########## V&V Testing Summary  ##########=
Spectral Convergence Tests=
Spectral Convergence Tests::Result=PASSED
Spectral Convergence Tests::Unpreconditioned=
Spectral Convergence Tests::Unpreconditioned::Maximum iteration count=11
Spectral Convergence Tests::Unpreconditioned::Expected iteration count=12
Spectral Convergence Tests::Preconditioned=
Spectral Convergence Tests::Preconditioned::Maximum iteration count=2
Spectral Convergence Tests::Preconditioned::Expected iteration count=2
Departure from Symmetry |x'Ay-y'Ax|/(2*||x||*||A||*||y||)/epsilon=
Departure from Symmetry |x'Ay-y'Ax|/(2*||x||*||A||*||y||)/epsilon::Result=PASSED
Departure from Symmetry |x'Ay-y'Ax|/(2*||x||*||A||*||y||)/epsilon::Departure for SpMV=2.23656e-08
Departure from Symmetry |x'Ay-y'Ax|/(2*||x||*||A||*||y||)/epsilon::Departure for MG=1.49104e-09
########## Iterations Summary  ##########=
Iteration Count Information=
Iteration Count Information::Result=PASSED
Iteration Count Information::Reference CG iterations per set=50
Iteration Count Information::Optimized CG iterations per set=50
Iteration Count Information::Total number of reference iterations=950
Iteration Count Information::Total number of optimized iterations=950
########## Reproducibility Summary  ##########=
Reproducibility Information=
Reproducibility Information::Result=PASSED
Reproducibility Information::Scaled residual mean=3.9761e-07
Reproducibility Information::Scaled residual variance=0
########## Performance Summary (times in sec) ##########=
Benchmark Time Summary=
Benchmark Time Summary::Optimization phase=5e-08
Benchmark Time Summary::DDOT=3.75936
Benchmark Time Summary::WAXPBY=0.15027
Benchmark Time Summary::SpMV=2.26617
Benchmark Time Summary::MG=15.0991
Benchmark Time Summary::Total=21.2787
Floating Point Operations Summary=
Floating Point Operations Summary::Raw DDOT=9.02509e+09
Floating Point Operations Summary::Raw WAXPBY=9.02509e+09
Floating Point Operations Summary::Raw SpMV=8.0881e+10
Floating Point Operations Summary::Raw MG=4.51324e+11
Floating Point Operations Summary::Total=5.50255e+11
Floating Point Operations Summary::Total with convergence overhead=5.50255e+11
GB/s Summary=
GB/s Summary::Raw Read B/W=159.35
GB/s Summary::Raw Write B/W=36.8271
GB/s Summary::Raw Total B/W=196.177
GB/s Summary::Total with convergence and optimization phase overhead=193.993
GFLOP/s Summary=
GFLOP/s Summary::Raw DDOT=2.4007
GFLOP/s Summary::Raw WAXPBY=60.0591
GFLOP/s Summary::Raw SpMV=35.6907
GFLOP/s Summary::Raw MG=29.8908
GFLOP/s Summary::Raw Total=25.8594
GFLOP/s Summary::Total with convergence overhead=25.8594
GFLOP/s Summary::Total with convergence and optimization phase overhead=25.5716
User Optimization Overheads=
User Optimization Overheads::Optimization phase time (sec)=5e-08
User Optimization Overheads::Optimization phase time vs reference SpMV+MG time=1.47971e-06
DDOT Timing Variations=
DDOT Timing Variations::Min DDOT MPI_Allreduce time=2.39481
DDOT Timing Variations::Max DDOT MPI_Allreduce time=3.74216
DDOT Timing Variations::Avg DDOT MPI_Allreduce time=3.14759
Final Summary=
Final Summary::HPCG result is VALID with a GFLOP/s rating of=25.5716
Final Summary::HPCG 2.4 rating for historical reasons is=25.8594
Final Summary::Reference version of ComputeDotProduct used=Performance results are most likely suboptimal
Final Summary::Reference version of ComputeSPMV used=Performance results are most likely suboptimal
Final Summary::Reference version of ComputeMG used=Performance results are most likely suboptimal
Final Summary::Reference version of ComputeWAXPBY used=Performance results are most likely suboptimal
Final Summary::Results are valid but execution time (sec) is=21.2787
Final Summary::Official results execution time (sec) must be at least=1800
HPCG-Benchmark
version=3.1
Release date=March 28, 2019
Machine Summary=
Machine Summary::Distributed Processes=48
Machine Summary::Threads per processes=1
Global Problem Dimensions=
Global Problem Dimensions::Global nx=128
Global Problem Dimensions::Global ny=128
Global Problem Dimensions::Global nz=96
Processor Dimensions=
Processor Dimensions::npx=4
Processor Dimensions::npy=4
Processor Dimensions::npz=3
Local Domain Dimensions=
Local Domain Dimensions::nx=32
Local Domain Dimensions::ny=32
Local Domain Dimensions::Lower ipz=0
Local Domain Dimensions::Upper ipz=2
Local Domain Dimensions::nz=32
########## Problem Summary  ##########=
Setup Information=
Setup Information::Setup Time=0.0789955
Linear System Information=
Linear System Information::Number of Equations=1572864
Linear System Information::Number of Nonzero Terms=41734264
Multigrid Information=
Multigrid Information::Number of coarse grid levels=3
Multigrid Information::Coarse Grids=
Multigrid Information::Coarse Grids::Grid Level=1
Multigrid Information::Coarse Grids::Number of Equations=196608
Multigrid Information::Coarse Grids::Number of Nonzero Terms=5126200
Multigrid Information::Coarse Grids::Number of Presmoother Steps=1
Multigrid Information::Coarse Grids::Number of Postsmoother Steps=1
Multigrid Information::Coarse Grids::Grid Level=2
Multigrid Information::Coarse Grids::Number of Equations=24576
Multigrid Information::Coarse Grids::Number of Nonzero Terms=618520
Multigrid Information::Coarse Grids::Number of Presmoother Steps=1
Multigrid Information::Coarse Grids::Number of Postsmoother Steps=1
Multigrid Information::Coarse Grids::Grid Level=3
Multigrid Information::Coarse Grids::Number of Equations=3072
Multigrid Information::Coarse Grids::Number of Nonzero Terms=71944
Multigrid Information::Coarse Grids::Number of Presmoother Steps=1
Multigrid Information::Coarse Grids::Number of Postsmoother Steps=1
########## Memory Use Summary  ##########=
Memory Use Information=
Memory Use Information::Total memory used for data (Gbytes)=1.1274
Memory Use Information::Memory used for OptimizeProblem data (Gbytes)=0
Memory Use Information::Bytes per equation (Total memory / Number of Equations)=716.781
Memory Use Information::Memory used for linear system and CG (Gbytes)=0.991766
Memory Use Information::Coarse Grids=
Memory Use Information::Coarse Grids::Grid Level=1
Memory Use Information::Coarse Grids::Memory used=0.118799
Memory Use Information::Coarse Grids::Grid Level=2
Memory Use Information::Coarse Grids::Memory used=0.01494
Memory Use Information::Coarse Grids::Grid Level=3
Memory Use Information::Coarse Grids::Memory used=0.00189441
########## V&V Testing Summary  ##########=
Spectral Convergence Tests=
Spectral Convergence Tests::Result=PASSED
Spectral Convergence Tests::Unpreconditioned=
Spectral Convergence Tests::Unpreconditioned::Maximum iteration count=11
Spectral Convergence Tests::Unpreconditioned::Expected iteration count=12
Spectral Convergence Tests::Preconditioned=
Spectral Convergence Tests::Preconditioned::Maximum iteration count=2
Spectral Convergence Tests::Preconditioned::Expected iteration count=2
Departure from Symmetry |x'Ay-y'Ax|/(2*||x||*||A||*||y||)/epsilon=
Departure from Symmetry |x'Ay-y'Ax|/(2*||x||*||A||*||y||)/epsilon::Result=PASSED
Departure from Symmetry |x'Ay-y'Ax|/(2*||x||*||A||*||y||)/epsilon::Departure for SpMV=2.23656e-08
Departure from Symmetry |x'Ay-y'Ax|/(2*||x||*||A||*||y||)/epsilon::Departure for MG=1.49104e-09
########## Iterations Summary  ##########=
Iteration Count Information=
Iteration Count Information::Result=PASSED
Iteration Count Information::Reference CG iterations per set=50
Iteration Count Information::Optimized CG iterations per set=50
Iteration Count Information::Total number of reference iterations=950
Iteration Count Information::Total number of optimized iterations=950
########## Reproducibility Summary  ##########=
Reproducibility Information=
Reproducibility Information::Result=PASSED
Reproducibility Information::Scaled residual mean=3.9761e-07
Reproducibility Information::Scaled residual variance=0
########## Performance Summary (times in sec) ##########=
Benchmark Time Summary=
Benchmark Time Summary::Optimization phase=1.9e-07
Benchmark Time Summary::DDOT=2.17256
Benchmark Time Summary::WAXPBY=0.148722
Benchmark Time Summary::SpMV=2.029
Benchmark Time Summary::MG=13.1316
Benchmark Time Summary::Total=17.4861
Floating Point Operations Summary=
Floating Point Operations Summary::Raw DDOT=9.02509e+09
Floating Point Operations Summary::Raw WAXPBY=9.02509e+09
Floating Point Operations Summary::Raw SpMV=8.0881e+10
Floating Point Operations Summary::Raw MG=4.51324e+11
Floating Point Operations Summary::Total=5.50255e+11
Floating Point Operations Summary::Total with convergence overhead=5.50255e+11
GB/s Summary=
GB/s Summary::Raw Read B/W=193.911
GB/s Summary::Raw Write B/W=44.8144
GB/s Summary::Raw Total B/W=238.725
GB/s Summary::Total with convergence and optimization phase overhead=236.693
GFLOP/s Summary=
GFLOP/s Summary::Raw DDOT=4.15412
GFLOP/s Summary::Raw WAXPBY=60.6844
GFLOP/s Summary::Raw SpMV=39.8625
GFLOP/s Summary::Raw MG=34.3692
GFLOP/s Summary::Raw Total=31.468
GFLOP/s Summary::Total with convergence overhead=31.468
GFLOP/s Summary::Total with convergence and optimization phase overhead=31.2002
User Optimization Overheads=
User Optimization Overheads::Optimization phase time (sec)=1.9e-07
User Optimization Overheads::Optimization phase time vs reference SpMV+MG time=1.15172e-05
DDOT Timing Variations=
DDOT Timing Variations::Min DDOT MPI_Allreduce time=1.16486
DDOT Timing Variations::Max DDOT MPI_Allreduce time=1.9915
DDOT Timing Variations::Avg DDOT MPI_Allreduce time=1.55267
Final Summary=
Final Summary::HPCG result is VALID with a GFLOP/s rating of=31.2002
Final Summary::HPCG 2.4 rating for historical reasons is=31.468
Final Summary::Reference version of ComputeDotProduct used=Performance results are most likely suboptimal
Final Summary::Reference version of ComputeSPMV used=Performance results are most likely suboptimal
Final Summary::Reference version of ComputeMG used=Performance results are most likely suboptimal
Final Summary::Reference version of ComputeWAXPBY used=Performance results are most likely suboptimal
Final Summary::Results are valid but execution time (sec) is=17.4861
Final Summary::Official results execution time (sec) must be at least=1800
FLUX-RESULTS END

FLUX-JOB START 882431229952 hpcg-iter-3
FLUX-JOB-JOBSPEC START
{"resources": [{"type": "node", "count": 1, "with": [{"type": "slot", "count": 48, "with": [{"type": "core", "count": 1}], "label": "task"}]}], "tasks": [{"command": ["/opt/hpcg/xhpcg"], "slot": "task", "count": {"per_slot": 1}}], "attributes": {"system": {"duration": 0, "cwd": "/opt/hpcg", "shell": {"options": {"rlimit": {"cpu": -1, "fsize": -1, "data": -1, "stack": 10485760, "core": -1, "nofile": 1048576, "as": -1, "rss": -1, "nproc": -1}, "cpu-affinity": "per-task", "gpu-affinity": "off"}}}, "user": {"study_id": "hpcg-iter-3"}}, "version": 1}
FLUX-JOB-JOBSPEC END
FLUX-JOB-RESOURCES START
{"version": 1, "execution": {"R_lite": [{"rank": "0", "children": {"core": "0-47"}}], "starttime": 1749884680.0539765, "expiration": 0.0, "nodelist": ["hpcg-0"]}}
FLUX-JOB-RESOURCES END
FLUX-JOB-EVENTLOG START
{"timestamp":1749884680.0547545,"name":"init"}
{"timestamp":1749884680.0642378,"name":"shell.init","context":{"service":"0-shell-fQBSRiDu","leader-rank":0,"size":1}}
{"timestamp":1749884680.055161,"name":"starting"}
{"timestamp":1749884680.1447074,"name":"shell.start","context":{"taskmap":{"version":1,"map":[[0,1,48,1]]}}}
{"timestamp":1749884701.1846328,"name":"shell.task-exit","context":{"localid":0,"rank":0,"state":"Exited","pid":504,"wait_status":0,"signaled":0,"exitcode":0}}
{"timestamp":1749884701.2115057,"name":"complete","context":{"status":0}}
{"timestamp":1749884701.2115355,"name":"done"}

FLUX-JOB-EVENTLOG END
FLUX-JOB END 882431229952 hpcg-iter-3

FLUX-JOB START 444193570816 hpcg-iter-2
FLUX-JOB-JOBSPEC START
{"resources": [{"type": "node", "count": 1, "with": [{"type": "slot", "count": 48, "with": [{"type": "core", "count": 1}], "label": "task"}]}], "tasks": [{"command": ["/opt/hpcg/xhpcg"], "slot": "task", "count": {"per_slot": 1}}], "attributes": {"system": {"duration": 0, "cwd": "/opt/hpcg", "shell": {"options": {"rlimit": {"cpu": -1, "fsize": -1, "data": -1, "stack": 10485760, "core": -1, "nofile": 1048576, "as": -1, "rss": -1, "nproc": -1}, "cpu-affinity": "per-task", "gpu-affinity": "off"}}}, "user": {"study_id": "hpcg-iter-2"}}, "version": 1}
FLUX-JOB-JOBSPEC END
FLUX-JOB-RESOURCES START
{"version": 1, "execution": {"R_lite": [{"rank": "0", "children": {"core": "0-47"}}], "starttime": 1749884653.9332445, "expiration": 0.0, "nodelist": ["hpcg-0"]}}
FLUX-JOB-RESOURCES END
FLUX-JOB-EVENTLOG START
{"timestamp":1749884653.9340355,"name":"init"}
{"timestamp":1749884653.9438837,"name":"shell.init","context":{"service":"0-shell-fCfksA8f","leader-rank":0,"size":1}}
{"timestamp":1749884653.934433,"name":"starting"}
{"timestamp":1749884654.0250444,"name":"shell.start","context":{"taskmap":{"version":1,"map":[[0,1,48,1]]}}}
{"timestamp":1749884679.8028879,"name":"shell.task-exit","context":{"localid":35,"rank":35,"state":"Exited","pid":471,"wait_status":0,"signaled":0,"exitcode":0}}
{"timestamp":1749884679.8476737,"name":"complete","context":{"status":0}}
{"timestamp":1749884679.8476934,"name":"done"}

FLUX-JOB-EVENTLOG END
FLUX-JOB END 444193570816 hpcg-iter-2

FLUX-JOB START 99555999744 hpcg-iter-1
FLUX-JOB-JOBSPEC START
{"resources": [{"type": "node", "count": 1, "with": [{"type": "slot", "count": 48, "with": [{"type": "core", "count": 1}], "label": "task"}]}], "tasks": [{"command": ["/opt/hpcg/xhpcg"], "slot": "task", "count": {"per_slot": 1}}], "attributes": {"system": {"duration": 0, "cwd": "/opt/hpcg", "shell": {"options": {"rlimit": {"cpu": -1, "fsize": -1, "data": -1, "stack": 10485760, "core": -1, "nofile": 1048576, "as": -1, "rss": -1, "nproc": -1}, "cpu-affinity": "per-task", "gpu-affinity": "off"}}}, "user": {"study_id": "hpcg-iter-1"}}, "version": 1}
FLUX-JOB-JOBSPEC END
FLUX-JOB-RESOURCES START
{"version": 1, "execution": {"R_lite": [{"rank": "0", "children": {"core": "0-47"}}], "starttime": 1749884633.3912942, "expiration": 0.0, "nodelist": ["hpcg-0"]}}
FLUX-JOB-RESOURCES END
FLUX-JOB-EVENTLOG START
{"timestamp":1749884633.3921373,"name":"init"}
{"timestamp":1749884633.4015834,"name":"shell.init","context":{"service":"0-shell-f3cgRXFD","leader-rank":0,"size":1}}
{"timestamp":1749884633.392565,"name":"starting"}
{"timestamp":1749884633.4811485,"name":"shell.start","context":{"taskmap":{"version":1,"map":[[0,1,48,1]]}}}
{"timestamp":1749884653.6921549,"name":"shell.task-exit","context":{"localid":15,"rank":15,"state":"Exited","pid":331,"wait_status":0,"signaled":0,"exitcode":0}}
{"timestamp":1749884653.7282815,"name":"complete","context":{"status":0}}
{"timestamp":1749884653.7283089,"name":"done"}

FLUX-JOB-EVENTLOG END
FLUX-JOB END 99555999744 hpcg-iter-1
FLUX JOB STATS
{"job_states":{"depend":0,"priority":0,"sched":0,"run":0,"cleanup":0,"inactive":3,"total":3},"successful":3,"failed":0,"canceled":0,"timeout":0,"inactive_purged":0,"queues":[]}
