unlimited
PROGRAM: cpu
Looking for /opt/programs/cpu/ebpf-collect.c
[01:43:54] Waiting for start indicator file: '/mnt/flux/start_ebpf_collection'.
[01:44:00] Start indicator found. Proceeding with monitoring.
[01:44:00] Initializing eBPF for CPU Scheduling monitoring...
[01:44:01] BPF C code compiled and loaded.
[01:44:01] Attached tracepoints.
[01:44:01] Monitoring CPU scheduling events (polling aggregated map)... Press Ctrl+C to stop.
[01:45:11] Stop indicator file '/mnt/flux/stop_ebpf_collection' found. Stopping.
[01:45:11] Initiating cleanup sequence...
{
  "final_aggregated_summary_river": [
    {
      "tgid": 167,
      "comm": "python3",
      "cgroup_id": 20541,
      "on_cpu_stats_ns": {
        "count": 512.0,
        "sum_ns": 34115208.66666669,
        "mean_ns": 66631.26692708337,
        "median_ns": 45768.91940018104,
        "min_ns": 4924.0,
        "max_ns": 1316586.0,
        "variance_ns2": 11464461394.46992,
        "iqr_ns": 90170.96071314458,
        "q1_ns": 18410.055723672922,
        "q3_ns": 108581.0164368175
      },
      "runq_latency_stats_ns": {
        "count": 512.0,
        "sum_ns": 12507858.333333334,
        "mean_ns": 24429.410807291668,
        "median_ns": 15863.679444677817,
        "min_ns": 701.0,
        "max_ns": 1151873.0,
        "variance_ns2": 5426415662.571176,
        "iqr_ns": 18840.116030056568,
        "q1_ns": 6608.533568194012,
        "q3_ns": 25448.64959825058
      },
      "first_seen_ts_ns": 1749951841279878344,
      "last_seen_ts_ns": 1749951911345857487,
      "duration_active_s": 70.065979143
    },
    {
      "tgid": 95,
      "comm": "python3",
      "cgroup_id": 20457,
      "on_cpu_stats_ns": {
        "count": 451.0,
        "sum_ns": 22886006.100000016,
        "mean_ns": 50745.02461197343,
        "median_ns": 26425.29119376962,
        "min_ns": 4028.0,
        "max_ns": 227214.0,
        "variance_ns2": 2421409771.3116612,
        "iqr_ns": 51611.77935102077,
        "q1_ns": 16449.434357796647,
        "q3_ns": 68061.21370881742
      },
      "runq_latency_stats_ns": {
        "count": 451.0,
        "sum_ns": 11645330.750000004,
        "mean_ns": 25821.132483370297,
        "median_ns": 14962.195250594115,
        "min_ns": 715.0,
        "max_ns": 1268971.0,
        "variance_ns2": 5079624598.222856,
        "iqr_ns": 43687.6506182523,
        "q1_ns": 6341.16058037618,
        "q3_ns": 50028.81119862848
      },
      "first_seen_ts_ns": 1749951841401257743,
      "last_seen_ts_ns": 1749951911345857487,
      "duration_active_s": 69.944599744
    },
    {
      "tgid": 255,
      "comm": "flux-broker-0",
      "cgroup_id": 20625,
      "on_cpu_stats_ns": {
        "count": 225.0,
        "sum_ns": 15768885.083333343,
        "mean_ns": 70083.93370370375,
        "median_ns": 38785.27636353794,
        "min_ns": 4196.0,
        "max_ns": 579490.0,
        "variance_ns2": 8033379324.366892,
        "iqr_ns": 59310.93666838662,
        "q1_ns": 20596.266680446868,
        "q3_ns": 79907.20334883349
      },
      "runq_latency_stats_ns": {
        "count": 225.0,
        "sum_ns": 16707952.333333336,
        "mean_ns": 74257.56592592594,
        "median_ns": 14991.712835863404,
        "min_ns": 836.0,
        "max_ns": 5055384.0,
        "variance_ns2": 230257907965.55002,
        "iqr_ns": 22350.547248234398,
        "q1_ns": 5664.405437044358,
        "q3_ns": 28014.952685278757
      },
      "first_seen_ts_ns": 1749951841279878344,
      "last_seen_ts_ns": 1749951911242618304,
      "duration_active_s": 69.96273996
    },
    {
      "tgid": 341,
      "comm": "xhpcg",
      "cgroup_id": 20625,
      "on_cpu_stats_ns": {
        "count": 92.0,
        "sum_ns": 9036909.346995518,
        "mean_ns": 98227.27551082084,
        "median_ns": 25366.032849177056,
        "min_ns": 4245.5,
        "max_ns": 2168735.4,
        "variance_ns2": 68018624343.29286,
        "iqr_ns": 65025.89278908124,
        "q1_ns": 13725.773411607695,
        "q3_ns": 78751.66620068894
      },
      "runq_latency_stats_ns": {
        "count": 92.0,
        "sum_ns": 6955349.991824466,
        "mean_ns": 75601.6303459181,
        "median_ns": 6629.344986259764,
        "min_ns": 1303.0,
        "max_ns": 1220438.0,
        "variance_ns2": 43577087483.38094,
        "iqr_ns": 32901.26835396124,
        "q1_ns": 4104.39306821755,
        "q3_ns": 37005.66142217879
      },
      "first_seen_ts_ns": 1749951843651138700,
      "last_seen_ts_ns": 1749951856671155318,
      "duration_active_s": 13.020016618
    },
    {
      "tgid": 379,
      "comm": "xhpcg",
      "cgroup_id": 20625,
      "on_cpu_stats_ns": {
        "count": 34.0,
        "sum_ns": 5220231.950509452,
        "mean_ns": 153536.2338385133,
        "median_ns": 21576.901605662384,
        "min_ns": 4142.261538461538,
        "max_ns": 2431999.25,
        "variance_ns2": 198239003115.29483,
        "iqr_ns": 43445.08898371759,
        "q1_ns": 15012.872080752775,
        "q3_ns": 58457.96106447037
      },
      "runq_latency_stats_ns": {
        "count": 34.0,
        "sum_ns": 2303301.946621194,
        "mean_ns": 67744.17490062336,
        "median_ns": 21196.97874446544,
        "min_ns": 1165.0,
        "max_ns": 377261.0,
        "variance_ns2": 9760263871.419767,
        "iqr_ns": 107253.6794764383,
        "q1_ns": 7470.489544844786,
        "q3_ns": 114724.16902128309
      },
      "first_seen_ts_ns": 1749951843541167079,
      "last_seen_ts_ns": 1749951856671155318,
      "duration_active_s": 13.129988239
    },
    {
      "tgid": 40,
      "comm": "bash",
      "cgroup_id": 20541,
      "on_cpu_stats_ns": {
        "count": 16.0,
        "sum_ns": 1748820.9999999998,
        "mean_ns": 109301.31249999999,
        "median_ns": 82451.49285714285,
        "min_ns": 6128.0,
        "max_ns": 383066.0,
        "variance_ns2": 9912601976.229166,
        "iqr_ns": 73181.72159683637,
        "q1_ns": 53247.92612847222,
        "q3_ns": 126429.6477253086
      },
      "runq_latency_stats_ns": {
        "count": 16.0,
        "sum_ns": 561577.0,
        "mean_ns": 35098.5625,
        "median_ns": 38126.903253644305,
        "min_ns": 893.0,
        "max_ns": 106411.0,
        "variance_ns2": 1173065518.7958333,
        "iqr_ns": 53142.47888310184,
        "q1_ns": 4856.828524305555,
        "q3_ns": 57999.307407407396
      },
      "first_seen_ts_ns": 1749951841621208989,
      "last_seen_ts_ns": 1749951904505097028,
      "duration_active_s": 62.883888039
    },
    {
      "tgid": 337,
      "comm": "xhpcg",
      "cgroup_id": 20625,
      "on_cpu_stats_ns": {
        "count": 41.0,
        "sum_ns": 1099410.0,
        "mean_ns": 26814.878048780487,
        "median_ns": 29201.262485071427,
        "min_ns": 5296.0,
        "max_ns": 46415.0,
        "variance_ns2": 99850353.5597561,
        "iqr_ns": 13154.526369856518,
        "q1_ns": 21781.516314100372,
        "q3_ns": 34936.04268395689
      },
      "runq_latency_stats_ns": {
        "count": 41.0,
        "sum_ns": 463244.0000000001,
        "mean_ns": 11298.634146341466,
        "median_ns": 8616.693145197172,
        "min_ns": 1398.0,
        "max_ns": 96047.0,
        "variance_ns2": 209507092.33780485,
        "iqr_ns": 2991.7270034251633,
        "q1_ns": 7162.925345638254,
        "q3_ns": 10154.652349063417
      },
      "first_seen_ts_ns": 1749951841511206491,
      "last_seen_ts_ns": 1749951862511202388,
      "duration_active_s": 20.999995897
    },
    {
      "tgid": 333,
      "comm": "xhpcg",
      "cgroup_id": 20625,
      "on_cpu_stats_ns": {
        "count": 1.0,
        "sum_ns": 819550.0,
        "mean_ns": 819550.0,
        "median_ns": 819550.0,
        "min_ns": 819550.0,
        "max_ns": 819550.0,
        "variance_ns2": null,
        "iqr_ns": 0.0,
        "q1_ns": 819550.0,
        "q3_ns": 819550.0
      },
      "runq_latency_stats_ns": {
        "count": 1.0,
        "sum_ns": 13059.0,
        "mean_ns": 13059.0,
        "median_ns": 13059.0,
        "min_ns": 13059.0,
        "max_ns": 13059.0,
        "variance_ns2": null,
        "iqr_ns": 0.0,
        "q1_ns": 13059.0,
        "q3_ns": 13059.0
      },
      "first_seen_ts_ns": 1749951858321185063,
      "last_seen_ts_ns": 1749951858321185063,
      "duration_active_s": 0
    },
    {
      "tgid": 324,
      "comm": "xhpcg",
      "cgroup_id": 20625,
      "on_cpu_stats_ns": {
        "count": 11.0,
        "sum_ns": 784888.9999999999,
        "mean_ns": 71353.54545454544,
        "median_ns": 88209.88444444444,
        "min_ns": 13622.0,
        "max_ns": 188985.0,
        "variance_ns2": 4456777448.872727,
        "iqr_ns": 112039.1160011574,
        "q1_ns": 29201.383998842604,
        "q3_ns": 141240.5
      },
      "runq_latency_stats_ns": {
        "count": 11.0,
        "sum_ns": 183843.0,
        "mean_ns": 16713.0,
        "median_ns": 16798.28125,
        "min_ns": 2406.0,
        "max_ns": 39197.0,
        "variance_ns2": 131826082.80000003,
        "iqr_ns": 10060.666666666666,
        "q1_ns": 8853.333333333334,
        "q3_ns": 18914.0
      },
      "first_seen_ts_ns": 1749951841279878344,
      "last_seen_ts_ns": 1749951859421170071,
      "duration_active_s": 18.141291727
    },
    {
      "tgid": 1,
      "comm": "pause",
      "cgroup_id": 20205,
      "on_cpu_stats_ns": {
        "count": 2.0,
        "sum_ns": 655543.6031746031,
        "mean_ns": 327771.80158730154,
        "median_ns": 334565.71428571426,
        "min_ns": 320977.8888888889,
        "max_ns": 334565.71428571426,
        "variance_ns2": 92314499.50730686,
        "iqr_ns": 13587.825396825385,
        "q1_ns": 320977.8888888889,
        "q3_ns": 334565.71428571426
      },
      "runq_latency_stats_ns": {
        "count": 2.0,
        "sum_ns": 8310.142857142857,
        "mean_ns": 4155.071428571428,
        "median_ns": 6782.0,
        "min_ns": 1528.142857142857,
        "max_ns": 6782.0,
        "variance_ns2": 13801507.438775511,
        "iqr_ns": 5253.857142857143,
        "q1_ns": 1528.142857142857,
        "q3_ns": 6782.0
      },
      "first_seen_ts_ns": 1749951881271139387,
      "last_seen_ts_ns": 1749951911345857487,
      "duration_active_s": 30.0747181
    },
    {
      "tgid": 319,
      "comm": "python3",
      "cgroup_id": 20625,
      "on_cpu_stats_ns": {
        "count": 6.0,
        "sum_ns": 506675.0,
        "mean_ns": 84445.83333333333,
        "median_ns": 97625.0,
        "min_ns": 15443.0,
        "max_ns": 154795.0,
        "variance_ns2": 3836719729.7666664,
        "iqr_ns": 39365.666666666664,
        "q1_ns": 58259.333333333336,
        "q3_ns": 97625.0
      },
      "runq_latency_stats_ns": {
        "count": 6.0,
        "sum_ns": 178060.0,
        "mean_ns": 29676.666666666668,
        "median_ns": 5109.0,
        "min_ns": 2916.0,
        "max_ns": 113605.0,
        "variance_ns2": 1887234669.0666668,
        "iqr_ns": 12226.666666666664,
        "q1_ns": 5109.0,
        "q3_ns": 17335.666666666664
      },
      "first_seen_ts_ns": 1749951841279878344,
      "last_seen_ts_ns": 1749951843421157421,
      "duration_active_s": 2.141279077
    },
    {
      "tgid": 325,
      "comm": "xhpcg",
      "cgroup_id": 20625,
      "on_cpu_stats_ns": {
        "count": 4.0,
        "sum_ns": 499392.0,
        "mean_ns": 124848.0,
        "median_ns": 154000.0,
        "min_ns": 49559.0,
        "max_ns": 159916.0,
        "variance_ns2": 2623520003.3333335,
        "iqr_ns": 23999.0,
        "q1_ns": 135917.0,
        "q3_ns": 159916.0
      },
      "runq_latency_stats_ns": {
        "count": 4.0,
        "sum_ns": 191527.0,
        "mean_ns": 47881.75,
        "median_ns": 74191.0,
        "min_ns": 6053.0,
        "max_ns": 94661.0,
        "variance_ns2": 1869097054.25,
        "iqr_ns": 78039.0,
        "q1_ns": 16622.0,
        "q3_ns": 94661.0
      },
      "first_seen_ts_ns": 1749951841511206491,
      "last_seen_ts_ns": 1749951842431146623,
      "duration_active_s": 0.919940132
    },
    {
      "tgid": 329,
      "comm": "xhpcg",
      "cgroup_id": 20625,
      "on_cpu_stats_ns": {
        "count": 5.0,
        "sum_ns": 93302.0,
        "mean_ns": 18660.4,
        "median_ns": 18067.0,
        "min_ns": 14354.0,
        "max_ns": 25542.0,
        "variance_ns2": 17589442.299999997,
        "iqr_ns": 2069.0,
        "q1_ns": 16635.0,
        "q3_ns": 18704.0
      },
      "runq_latency_stats_ns": {
        "count": 5.0,
        "sum_ns": 85421.0,
        "mean_ns": 17084.2,
        "median_ns": 16542.0,
        "min_ns": 15616.0,
        "max_ns": 19606.0,
        "variance_ns2": 2290903.1999999993,
        "iqr_ns": 669.0,
        "q1_ns": 16494.0,
        "q3_ns": 17163.0
      },
      "first_seen_ts_ns": 1749951843421157421,
      "last_seen_ts_ns": 1749951859421170071,
      "duration_active_s": 16.00001265
    },
    {
      "tgid": 349,
      "comm": "xhpcg",
      "cgroup_id": 20625,
      "on_cpu_stats_ns": {
        "count": 2.0,
        "sum_ns": 52181.71428571429,
        "mean_ns": 26090.857142857145,
        "median_ns": 35163.0,
        "min_ns": 17018.714285714286,
        "max_ns": 35163.0,
        "variance_ns2": 164607552.04081628,
        "iqr_ns": 18144.285714285714,
        "q1_ns": 17018.714285714286,
        "q3_ns": 35163.0
      },
      "runq_latency_stats_ns": {
        "count": 2.0,
        "sum_ns": 20609.0,
        "mean_ns": 10304.5,
        "median_ns": 11535.0,
        "min_ns": 9074.0,
        "max_ns": 11535.0,
        "variance_ns2": 3028260.5,
        "iqr_ns": 2461.0,
        "q1_ns": 9074.0,
        "q3_ns": 11535.0
      },
      "first_seen_ts_ns": 1749951845301151031,
      "last_seen_ts_ns": 1749951845411171654,
      "duration_active_s": 0.110020623
    }
  ]
}
[01:45:11] Cleanup complete. Exiting.
