unlimited
PROGRAM: cpu
Looking for /opt/programs/cpu/ebpf-collect.c
[22:02:49] Waiting for start indicator file: '/mnt/flux/start_ebpf_collection'.
[22:02:50] Start indicator found. Proceeding with monitoring.
[22:02:50] Initializing eBPF for CPU Scheduling monitoring...
[22:02:50] BPF C code compiled and loaded.
[22:02:50] Attached tracepoints.
[22:02:50] Monitoring CPU scheduling events (polling aggregated map)... Press Ctrl+C to stop.
[22:03:50] Stop indicator file '/mnt/flux/stop_ebpf_collection' found. Stopping.
[22:03:50] Initiating cleanup sequence...
{
  "final_aggregated_summary_river": [
    {
      "tgid": 250,
      "comm": "python3",
      "cgroup_id": 27877,
      "on_cpu_stats_ns": {
        "count": 211.0,
        "sum_ns": 22964438.94066666,
        "mean_ns": 108836.20351026853,
        "median_ns": 62244.32943730674,
        "min_ns": 4454.714285714285,
        "max_ns": 5139489.0,
        "variance_ns2": 131819281983.17953,
        "iqr_ns": 88547.21003230796,
        "q1_ns": 15278.595132391149,
        "q3_ns": 103825.80516469911
      },
      "runq_latency_stats_ns": {
        "count": 211.0,
        "sum_ns": 11842434.02425291,
        "mean_ns": 56125.27973579578,
        "median_ns": 12069.680000003642,
        "min_ns": 971.0416666666666,
        "max_ns": 5702146.0,
        "variance_ns2": 157169892766.8607,
        "iqr_ns": 47389.495587878584,
        "q1_ns": 3872.228790989394,
        "q3_ns": 51261.72437886798
      },
      "first_seen_ts_ns": 1749938570392239453,
      "last_seen_ts_ns": 1749938630680785782,
      "duration_active_s": 60.288546329
    },
    {
      "tgid": 158,
      "comm": "python3",
      "cgroup_id": 27947,
      "on_cpu_stats_ns": {
        "count": 318.0,
        "sum_ns": 8755963.33627935,
        "mean_ns": 27534.475900249527,
        "median_ns": 17120.111376834815,
        "min_ns": 2582.0,
        "max_ns": 561693.0,
        "variance_ns2": 2257577045.3913765,
        "iqr_ns": 9442.989529781978,
        "q1_ns": 10798.657678240255,
        "q3_ns": 20241.647208022234
      },
      "runq_latency_stats_ns": {
        "count": 318.0,
        "sum_ns": 3436335.274191112,
        "mean_ns": 10806.085767896579,
        "median_ns": 9655.756171926145,
        "min_ns": 736.0,
        "max_ns": 692470.5,
        "variance_ns2": 1517569405.1373603,
        "iqr_ns": 10510.048908406958,
        "q1_ns": 3159.164483503615,
        "q3_ns": 13669.213391910573
      },
      "first_seen_ts_ns": 1749938570392239453,
      "last_seen_ts_ns": 1749938630680785782,
      "duration_active_s": 60.288546329
    },
    {
      "tgid": 131,
      "comm": "flux-broker-0",
      "cgroup_id": 28017,
      "on_cpu_stats_ns": {
        "count": 59.0,
        "sum_ns": 3012229.86,
        "mean_ns": 51054.74338983051,
        "median_ns": 21348.63937235031,
        "min_ns": 3688.76,
        "max_ns": 243333.0,
        "variance_ns2": 3417089157.8231597,
        "iqr_ns": 55794.59020636979,
        "q1_ns": 13485.289755198337,
        "q3_ns": 69279.87996156812
      },
      "runq_latency_stats_ns": {
        "count": 59.0,
        "sum_ns": 5433061.160000001,
        "mean_ns": 92085.78237288138,
        "median_ns": 8120.008810609622,
        "min_ns": 872.0,
        "max_ns": 4930964.0,
        "variance_ns2": 410775745385.39825,
        "iqr_ns": 7492.6468814803075,
        "q1_ns": 3783.212568544667,
        "q3_ns": 11275.859450024975
      },
      "first_seen_ts_ns": 1749938570392239453,
      "last_seen_ts_ns": 1749938630680785782,
      "duration_active_s": 60.288546329
    },
    {
      "tgid": 31,
      "comm": "bash",
      "cgroup_id": 27877,
      "on_cpu_stats_ns": {
        "count": 22.0,
        "sum_ns": 1229285.0,
        "mean_ns": 55876.59090909091,
        "median_ns": 28142.342469135805,
        "min_ns": 8678.0,
        "max_ns": 281951.0,
        "variance_ns2": 5558709333.681819,
        "iqr_ns": 29241.23192791005,
        "q1_ns": 14560.27142857143,
        "q3_ns": 43801.50335648148
      },
      "runq_latency_stats_ns": {
        "count": 22.0,
        "sum_ns": 1401899.9999999998,
        "mean_ns": 63722.727272727265,
        "median_ns": 13283.543549395854,
        "min_ns": 1656.0,
        "max_ns": 595193.0,
        "variance_ns2": 26975282404.874454,
        "iqr_ns": 2547.5635360304777,
        "q1_ns": 6734.128882475549,
        "q3_ns": 9281.692418506027
      },
      "first_seen_ts_ns": 1749938570392239453,
      "last_seen_ts_ns": 1749938630169921573,
      "duration_active_s": 59.77768212
    },
    {
      "tgid": 311,
      "comm": "xhpcg",
      "cgroup_id": 28017,
      "on_cpu_stats_ns": {
        "count": 34.0,
        "sum_ns": 554747.0,
        "mean_ns": 16316.088235294117,
        "median_ns": 15652.522486729385,
        "min_ns": 4474.0,
        "max_ns": 29795.0,
        "variance_ns2": 29704535.052584667,
        "iqr_ns": 5850.176121172484,
        "q1_ns": 13459.658483332594,
        "q3_ns": 19309.83460450508
      },
      "runq_latency_stats_ns": {
        "count": 34.0,
        "sum_ns": 238671.0,
        "mean_ns": 7019.735294117647,
        "median_ns": 5002.586136413297,
        "min_ns": 1994.0,
        "max_ns": 40517.0,
        "variance_ns2": 57218660.6247772,
        "iqr_ns": 3816.225019256305,
        "q1_ns": 3715.7974924165765,
        "q3_ns": 7532.022511672882
      },
      "first_seen_ts_ns": 1749938570608324501,
      "last_seen_ts_ns": 1749938589056425079,
      "duration_active_s": 18.448100578
    },
    {
      "tgid": 1,
      "comm": "pause",
      "cgroup_id": 27667,
      "on_cpu_stats_ns": {
        "count": 2.0,
        "sum_ns": 533779.0158730159,
        "mean_ns": 266889.50793650793,
        "median_ns": 306172.5714285714,
        "min_ns": 227606.44444444444,
        "max_ns": 306172.5714285714,
        "variance_ns2": 3086318154.642983,
        "iqr_ns": 78566.12698412698,
        "q1_ns": 227606.44444444444,
        "q3_ns": 306172.5714285714
      },
      "runq_latency_stats_ns": {
        "count": 2.0,
        "sum_ns": 6271.20634920635,
        "mean_ns": 3135.603174603175,
        "median_ns": 4076.777777777778,
        "min_ns": 2194.4285714285716,
        "max_ns": 4076.777777777778,
        "variance_ns2": 1771619.2673217438,
        "iqr_ns": 1882.3492063492063,
        "q1_ns": 2194.4285714285716,
        "q3_ns": 4076.777777777778
      },
      "first_seen_ts_ns": 1749938606316427818,
      "last_seen_ts_ns": 1749938630680785782,
      "duration_active_s": 24.364357964
    },
    {
      "tgid": 324,
      "comm": "xhpcg",
      "cgroup_id": 28017,
      "on_cpu_stats_ns": {
        "count": 44.0,
        "sum_ns": 460476.5592168201,
        "mean_ns": 10465.376345836821,
        "median_ns": 10328.895388220999,
        "min_ns": 4484.875,
        "max_ns": 19293.333333333332,
        "variance_ns2": 12241449.202223407,
        "iqr_ns": 5351.134029161585,
        "q1_ns": 7716.486401872589,
        "q3_ns": 13067.620431034175
      },
      "runq_latency_stats_ns": {
        "count": 44.0,
        "sum_ns": 203303.04414221473,
        "mean_ns": 4620.52373050488,
        "median_ns": 4582.514074414484,
        "min_ns": 646.125,
        "max_ns": 8008.666666666667,
        "variance_ns2": 2662365.224488979,
        "iqr_ns": 2057.6475398836133,
        "q1_ns": 3606.7410833421204,
        "q3_ns": 5664.388623225734
      },
      "first_seen_ts_ns": 1749938572156424356,
      "last_seen_ts_ns": 1749938585543387739,
      "duration_active_s": 13.386963383
    },
    {
      "tgid": 245,
      "comm": "bash",
      "cgroup_id": 28017,
      "on_cpu_stats_ns": {
        "count": 20.0,
        "sum_ns": 285857.9905513784,
        "mean_ns": 14292.89952756892,
        "median_ns": 16350.66590488265,
        "min_ns": 3381.0,
        "max_ns": 23916.0,
        "variance_ns2": 44606213.13787887,
        "iqr_ns": 13706.770315284663,
        "q1_ns": 7577.316109022556,
        "q3_ns": 21284.086424307217
      },
      "runq_latency_stats_ns": {
        "count": 20.0,
        "sum_ns": 207749.27642857144,
        "mean_ns": 10387.463821428571,
        "median_ns": 14790.47565454024,
        "min_ns": 961.08,
        "max_ns": 19416.0,
        "variance_ns2": 50143453.29568905,
        "iqr_ns": 13311.255335343916,
        "q1_ns": 2854.052687142858,
        "q3_ns": 16165.308022486774
      },
      "first_seen_ts_ns": 1749938570392239453,
      "last_seen_ts_ns": 1749938626424094542,
      "duration_active_s": 56.031855089
    },
    {
      "tgid": 65,
      "comm": "bash",
      "cgroup_id": 28017,
      "on_cpu_stats_ns": {
        "count": 19.0,
        "sum_ns": 254495.96,
        "mean_ns": 13394.524210526315,
        "median_ns": 14592.3,
        "min_ns": 4441.0,
        "max_ns": 22049.0,
        "variance_ns2": 30069365.853136845,
        "iqr_ns": 7090.533118253967,
        "q1_ns": 9405.306666666667,
        "q3_ns": 16495.839784920634
      },
      "runq_latency_stats_ns": {
        "count": 19.0,
        "sum_ns": 186053.87999999998,
        "mean_ns": 9792.309473684209,
        "median_ns": 11307.603041666667,
        "min_ns": 1068.16,
        "max_ns": 17708.0,
        "variance_ns2": 33586337.434460826,
        "iqr_ns": 9349.719404761905,
        "q1_ns": 4818.962500000001,
        "q3_ns": 14168.681904761905
      },
      "first_seen_ts_ns": 1749938570392239453,
      "last_seen_ts_ns": 1749938630372977773,
      "duration_active_s": 59.98073832
    }
  ]
}
[22:03:50] Cleanup complete. Exiting.
