unlimited
PROGRAM: cpu
Looking for /opt/programs/cpu/ebpf-collect.c
[22:23:13] Waiting for start indicator file: '/mnt/flux/start_ebpf_collection'.
[22:23:19] Start indicator found. Proceeding with monitoring.
[22:23:19] Initializing eBPF for CPU Scheduling monitoring...
[22:23:19] BPF C code compiled and loaded.
[22:23:19] Attached tracepoints.
[22:23:19] Monitoring CPU scheduling events (polling aggregated map)... Press Ctrl+C to stop.
[22:24:29] Stop indicator file '/mnt/flux/stop_ebpf_collection' found. Stopping.
[22:24:29] Initiating cleanup sequence...
{
  "final_aggregated_summary_river": [
    {
      "tgid": 231,
      "comm": "python3",
      "cgroup_id": 67065,
      "on_cpu_stats_ns": {
        "count": 560.0,
        "sum_ns": 51927001.89729677,
        "mean_ns": 92726.78910231567,
        "median_ns": 22439.443127746323,
        "min_ns": 3084.0,
        "max_ns": 6390238.666666667,
        "variance_ns2": 94419767162.98238,
        "iqr_ns": 62604.2157597508,
        "q1_ns": 12216.836651333266,
        "q3_ns": 74821.05241108406
      },
      "runq_latency_stats_ns": {
        "count": 564.0,
        "sum_ns": 17023502.191587698,
        "mean_ns": 30183.51452409166,
        "median_ns": 7907.002108792188,
        "min_ns": 483.0,
        "max_ns": 2636852.0,
        "variance_ns2": 15447030347.719973,
        "iqr_ns": 41442.74447338707,
        "q1_ns": 5002.131889332041,
        "q3_ns": 46444.876362719115
      },
      "first_seen_ts_ns": 1750112599562921856,
      "last_seen_ts_ns": 1750112669896169557,
      "duration_active_s": 70.333247701
    },
    {
      "tgid": 128,
      "comm": "python3",
      "cgroup_id": 66981,
      "on_cpu_stats_ns": {
        "count": 342.0,
        "sum_ns": 18296291.833333325,
        "mean_ns": 53497.929337231944,
        "median_ns": 32242.835044015428,
        "min_ns": 5288.0,
        "max_ns": 1855787.0,
        "variance_ns2": 13079475970.131586,
        "iqr_ns": 70687.23523553953,
        "q1_ns": 14041.274047190069,
        "q3_ns": 84728.50928272959
      },
      "runq_latency_stats_ns": {
        "count": 342.0,
        "sum_ns": 6312273.166666668,
        "mean_ns": 18456.939083820667,
        "median_ns": 12509.21330009924,
        "min_ns": 804.0,
        "max_ns": 641445.0,
        "variance_ns2": 1532347679.7211895,
        "iqr_ns": 16950.630988447087,
        "q1_ns": 5445.731730672494,
        "q3_ns": 22396.36271911958
      },
      "first_seen_ts_ns": 1750112599562921856,
      "last_seen_ts_ns": 1750112669896169557,
      "duration_active_s": 70.333247701
    },
    {
      "tgid": 104,
      "comm": "flux-broker-0",
      "cgroup_id": 67149,
      "on_cpu_stats_ns": {
        "count": 151.0,
        "sum_ns": 14849784.5,
        "mean_ns": 98342.94370860927,
        "median_ns": 37813.40056690424,
        "min_ns": 3840.0,
        "max_ns": 1492505.0,
        "variance_ns2": 37693355814.66884,
        "iqr_ns": 67356.92741780257,
        "q1_ns": 13026.465538470675,
        "q3_ns": 80383.39295627324
      },
      "runq_latency_stats_ns": {
        "count": 151.0,
        "sum_ns": 9821416.833333341,
        "mean_ns": 65042.49558498902,
        "median_ns": 9234.039512953601,
        "min_ns": 916.0,
        "max_ns": 4998137.0,
        "variance_ns2": 175578431506.38736,
        "iqr_ns": 7371.591766205431,
        "q1_ns": 7182.422164590811,
        "q3_ns": 14554.013930796242
      },
      "first_seen_ts_ns": 1750112599562921856,
      "last_seen_ts_ns": 1750112667456545927,
      "duration_active_s": 67.893624071
    },
    {
      "tgid": 104,
      "comm": "ZMQbg/Reaper",
      "cgroup_id": 67149,
      "on_cpu_stats_ns": {
        "count": 15.0,
        "sum_ns": 1108818.4999999998,
        "mean_ns": 73921.23333333332,
        "median_ns": 74009.62599206349,
        "min_ns": 5815.0,
        "max_ns": 136399.0,
        "variance_ns2": 2159807684.4595237,
        "iqr_ns": 33152.53095238097,
        "q1_ns": 79996.30238095237,
        "q3_ns": 113148.83333333334
      },
      "runq_latency_stats_ns": {
        "count": 15.0,
        "sum_ns": 205176.5,
        "mean_ns": 13678.433333333332,
        "median_ns": 11287.716088435374,
        "min_ns": 966.0,
        "max_ns": 35510.0,
        "variance_ns2": 127964969.38809524,
        "iqr_ns": 15677.328472222223,
        "q1_ns": 6289.51875,
        "q3_ns": 21966.847222222223
      },
      "first_seen_ts_ns": 1750112599562921856,
      "last_seen_ts_ns": 1750112669896169557,
      "duration_active_s": 70.333247701
    },
    {
      "tgid": 1,
      "comm": "pause",
      "cgroup_id": 66729,
      "on_cpu_stats_ns": {
        "count": 2.0,
        "sum_ns": 922632.7777777778,
        "mean_ns": 461316.3888888889,
        "median_ns": 720831.0,
        "min_ns": 201801.77777777778,
        "max_ns": 720831.0,
        "variance_ns2": 134695666760.30247,
        "iqr_ns": 519029.22222222225,
        "q1_ns": 201801.77777777778,
        "q3_ns": 720831.0
      },
      "runq_latency_stats_ns": {
        "count": 2.0,
        "sum_ns": 6480.444444444444,
        "mean_ns": 3240.222222222222,
        "median_ns": 4880.444444444444,
        "min_ns": 1600.0,
        "max_ns": 4880.444444444444,
        "variance_ns2": 5380657.87654321,
        "iqr_ns": 3280.4444444444443,
        "q1_ns": 1600.0,
        "q3_ns": 4880.444444444444
      },
      "first_seen_ts_ns": 1750112618659754232,
      "last_seen_ts_ns": 1750112669896169557,
      "duration_active_s": 51.236415325
    },
    {
      "tgid": 44,
      "comm": "bash",
      "cgroup_id": 67065,
      "on_cpu_stats_ns": {
        "count": 18.0,
        "sum_ns": 225102.99999999997,
        "mean_ns": 12505.72222222222,
        "median_ns": 12027.133333333333,
        "min_ns": 4748.0,
        "max_ns": 23233.0,
        "variance_ns2": 27437531.624183,
        "iqr_ns": 7094.752111338459,
        "q1_ns": 9234.224079137732,
        "q3_ns": 16328.97619047619
      },
      "runq_latency_stats_ns": {
        "count": 18.0,
        "sum_ns": 188213.00000000003,
        "mean_ns": 10456.27777777778,
        "median_ns": 11385.529761904763,
        "min_ns": 1833.0,
        "max_ns": 13954.0,
        "variance_ns2": 12769995.153594775,
        "iqr_ns": 2425.411603009259,
        "q1_ns": 10068.005208333334,
        "q3_ns": 12493.416811342593
      },
      "first_seen_ts_ns": 1750112603502912479,
      "last_seen_ts_ns": 1750112667456545927,
      "duration_active_s": 63.953633448
    },
    {
      "tgid": 579,
      "comm": "xhpcg",
      "cgroup_id": 67149,
      "on_cpu_stats_ns": {
        "count": 1.0,
        "sum_ns": 9114.625,
        "mean_ns": 9114.625,
        "median_ns": 9114.625,
        "min_ns": 9114.625,
        "max_ns": 9114.625,
        "variance_ns2": null,
        "iqr_ns": 0.0,
        "q1_ns": 9114.625,
        "q3_ns": 9114.625
      },
      "runq_latency_stats_ns": {
        "count": 1.0,
        "sum_ns": 5010.25,
        "mean_ns": 5010.25,
        "median_ns": 5010.25,
        "min_ns": 5010.25,
        "max_ns": 5010.25,
        "variance_ns2": null,
        "iqr_ns": 0.0,
        "q1_ns": 5010.25,
        "q3_ns": 5010.25
      },
      "first_seen_ts_ns": 1750112651695854046,
      "last_seen_ts_ns": 1750112651695854046,
      "duration_active_s": 0
    }
  ]
}
[22:24:29] Cleanup complete. Exiting.
