ln: failed to create symbolic link '/mnt/flux/view/lib/python': File exists
ln: failed to create symbolic link '/mnt/flux/view/lib/python3': File exists
unlimited
PROGRAM: futex
Looking for /opt/programs/futex/ebpf-collect.c
[23:03:03] Starting eBPF (Tracepoints for futex syscalls).
[23:03:04] BPF program loaded and tracepoints automatically attached.
[23:03:04] Start Indicator file defined '/mnt/flux/start_ebpf_collection'. Waiting.
[23:03:04] Start indicator found. Proceeding.
[23:03:04] Ring buffers opened. Polling for events...
[23:04:07] 
Indicator file '/mnt/flux/stop_ebpf_collection' found. Stopping.
[23:04:07] Cleaning up BPF resources...
{
  "final_aggregated_futex_summary_river": [
    {
      "tgid": 4762,
      "comm": "containerd",
      "cgroup_id": 4085,
      "wait_duration_stats_ns": {
        "count": 7930.0,
        "sum": 2701837021042.994,
        "mean": 340710847.5464053,
        "median": 3279082.6634969306,
        "min": 321,
        "max": 59653657805,
        "variance_ns2": 5.71472645299821e+18,
        "iqr_ns": 58853518.71415813,
        "q1_ns": 64328.32142955564,
        "q3_ns": 58917847.03558769
      },
      "futex_op_counts": {
        "128": 7930
      },
      "first_seen_ts_ns": 6840163208980,
      "last_seen_ts_ns": 6903692621456
    },
    {
      "tgid": 4805,
      "comm": "kubelet",
      "cgroup_id": 4138,
      "wait_duration_stats_ns": {
        "count": 6729.0,
        "sum": 2254900818533.0005,
        "mean": 335101919.8295438,
        "median": 15687746.065701637,
        "min": 411,
        "max": 63003236147,
        "variance_ns2": 1.283234013602258e+19,
        "iqr_ns": 36395512.66087027,
        "q1_ns": 1014524.4900219522,
        "q3_ns": 37410037.15089222
      },
      "futex_op_counts": {
        "128": 6729
      },
      "first_seen_ts_ns": 6840233778352,
      "last_seen_ts_ns": 6903755749024
    },
    {
      "tgid": 4911,
      "comm": "containerd-shim",
      "cgroup_id": 4085,
      "wait_duration_stats_ns": {
        "count": 904.0,
        "sum": 434571886898.0,
        "mean": 480721113.82522124,
        "median": 751326.5430846246,
        "min": 406,
        "max": 16125443557,
        "variance_ns2": 2.631767957212041e+18,
        "iqr_ns": 28637322.51332948,
        "q1_ns": 59061.4961933509,
        "q3_ns": 28696384.00952283
      },
      "futex_op_counts": {
        "128": 904
      },
      "first_seen_ts_ns": 6840707015624,
      "last_seen_ts_ns": 6903692377698
    },
    {
      "tgid": 163428,
      "comm": "containerd-shim",
      "cgroup_id": 4085,
      "wait_duration_stats_ns": {
        "count": 287.0,
        "sum": 310151178726.00037,
        "mean": 1080666127.965158,
        "median": 1101117.0928441142,
        "min": 457,
        "max": 29999659383,
        "variance_ns2": 1.2688395520617118e+19,
        "iqr_ns": 813997359.6707914,
        "q1_ns": 941174.5131223144,
        "q3_ns": 814938534.1839137
      },
      "futex_op_counts": {
        "128": 287
      },
      "first_seen_ts_ns": 6840432637368,
      "last_seen_ts_ns": 6903692303802
    },
    {
      "tgid": 7140,
      "comm": "containerd-shim",
      "cgroup_id": 4085,
      "wait_duration_stats_ns": {
        "count": 82.0,
        "sum": 308064126593.99994,
        "mean": 3756879592.6097555,
        "median": 279164520.4707671,
        "min": 372,
        "max": 29996865820,
        "variance_ns2": 6.152651324209038e+19,
        "iqr_ns": 3747797856.1902847,
        "q1_ns": 77906776.25238538,
        "q3_ns": 3825704632.44267
      },
      "futex_op_counts": {
        "128": 82
      },
      "first_seen_ts_ns": 6841346368610,
      "last_seen_ts_ns": 6903688646156
    },
    {
      "tgid": 7691,
      "comm": "coredns",
      "cgroup_id": 5921,
      "wait_duration_stats_ns": {
        "count": 535.0,
        "sum": 303572055208.0,
        "mean": 567424402.2579439,
        "median": 235175774.5127553,
        "min": 2144,
        "max": 26001481349,
        "variance_ns2": 2.0947699160719987e+18,
        "iqr_ns": 853686095.8610879,
        "q1_ns": 529436.4144753686,
        "q3_ns": 854215532.2755632
      },
      "futex_op_counts": {
        "128": 535
      },
      "first_seen_ts_ns": 6840315440867,
      "last_seen_ts_ns": 6903724950553
    },
    {
      "tgid": 6602,
      "comm": "metrics-server",
      "cgroup_id": 5431,
      "wait_duration_stats_ns": {
        "count": 1240.0,
        "sum": 296083480192.0004,
        "mean": 238777000.15483904,
        "median": 136313402.23893458,
        "min": 2621,
        "max": 47818133489,
        "variance_ns2": 2.5824947461006065e+18,
        "iqr_ns": 136510585.44383746,
        "q1_ns": 73014608.28119086,
        "q3_ns": 209525193.7250283
      },
      "futex_op_counts": {
        "128": 1240
      },
      "first_seen_ts_ns": 6840300112654,
      "last_seen_ts_ns": 6903688722975
    },
    {
      "tgid": 7688,
      "comm": "coredns",
      "cgroup_id": 5851,
      "wait_duration_stats_ns": {
        "count": 542.0,
        "sum": 292456586821.9996,
        "mean": 539587798.5645748,
        "median": 269153329.0720018,
        "min": 453,
        "max": 34998978963,
        "variance_ns2": 2.7240535792856023e+18,
        "iqr_ns": 752886398.1595644,
        "q1_ns": 317119.44423456193,
        "q3_ns": 753203517.603799
      },
      "futex_op_counts": {
        "128": 542
      },
      "first_seen_ts_ns": 6840314062200,
      "last_seen_ts_ns": 6903724950222
    },
    {
      "tgid": 7607,
      "comm": "containerd-shim",
      "cgroup_id": 4085,
      "wait_duration_stats_ns": {
        "count": 222.0,
        "sum": 278090178021.0,
        "mean": 1252658459.554054,
        "median": 72999916.65919495,
        "min": 394,
        "max": 29999425972,
        "variance_ns2": 1.9528545691917525e+19,
        "iqr_ns": 1094089098.2819364,
        "q1_ns": 338336.8342525846,
        "q3_ns": 1094427435.116189
      },
      "futex_op_counts": {
        "128": 222
      },
      "first_seen_ts_ns": 6841349917977,
      "last_seen_ts_ns": 6903691536042
    },
    {
      "tgid": 6605,
      "comm": "metrics-server",
      "cgroup_id": 5501,
      "wait_duration_stats_ns": {
        "count": 1254.0,
        "sum": 257213642705.00018,
        "mean": 205114547.6116429,
        "median": 117830274.0328991,
        "min": 870,
        "max": 21099635029,
        "variance_ns2": 5.330909398306754e+17,
        "iqr_ns": 148125105.8327499,
        "q1_ns": 80509848.46212967,
        "q3_ns": 228634954.29487956
      },
      "futex_op_counts": {
        "128": 1254
      },
      "first_seen_ts_ns": 6840329188072,
      "last_seen_ts_ns": 6903715697406
    },
    {
      "tgid": 162977,
      "comm": "containerd-shim",
      "cgroup_id": 4085,
      "wait_duration_stats_ns": {
        "count": 64.0,
        "sum": 248250127438.00006,
        "mean": 3878908241.218751,
        "median": 802872895.552414,
        "min": 935,
        "max": 30000591633,
        "variance_ns2": 4.545065843397606e+19,
        "iqr_ns": 5571212311.4534,
        "q1_ns": 180818908.42099762,
        "q3_ns": 5752031219.874397
      },
      "futex_op_counts": {
        "128": 64
      },
      "first_seen_ts_ns": 6841351043543,
      "last_seen_ts_ns": 6903762130376
    },
    {
      "tgid": 4912,
      "comm": "containerd-shim",
      "cgroup_id": 4085,
      "wait_duration_stats_ns": {
        "count": 71.0,
        "sum": 248118659386.0,
        "mean": 3494629005.4366198,
        "median": 613997987.7249614,
        "min": 1187,
        "max": 30013698929,
        "variance_ns2": 3.678657092163771e+19,
        "iqr_ns": 4826710302.687158,
        "q1_ns": 102170172.83452351,
        "q3_ns": 4928880475.521681
      },
      "futex_op_counts": {
        "128": 71
      },
      "first_seen_ts_ns": 6841348077315,
      "last_seen_ts_ns": 6903690312060
    },
    {
      "tgid": 11851,
      "comm": "containerd-shim",
      "cgroup_id": 4085,
      "wait_duration_stats_ns": {
        "count": 105.0,
        "sum": 248115440882.00006,
        "mean": 2363004198.876191,
        "median": 256825873.83086866,
        "min": 12821,
        "max": 29999150869,
        "variance_ns2": 2.416940935065869e+19,
        "iqr_ns": 2321436122.1027102,
        "q1_ns": 6002023.857871779,
        "q3_ns": 2327438145.9605823
      },
      "futex_op_counts": {
        "128": 105
      },
      "first_seen_ts_ns": 6840977427826,
      "last_seen_ts_ns": 6903689893843
    },
    {
      "tgid": 6020,
      "comm": "containerd-shim",
      "cgroup_id": 4085,
      "wait_duration_stats_ns": {
        "count": 64.0,
        "sum": 248102768818.00006,
        "mean": 3876605762.781251,
        "median": 1180678620.331568,
        "min": 455,
        "max": 29990798936,
        "variance_ns2": 4.2512406968573395e+19,
        "iqr_ns": 4172133000.000404,
        "q1_ns": 71293730.4384379,
        "q3_ns": 4243426730.438842
      },
      "futex_op_counts": {
        "128": 64
      },
      "first_seen_ts_ns": 6840976997210,
      "last_seen_ts_ns": 6903690726136
    },
    {
      "tgid": 6521,
      "comm": "containerd-shim",
      "cgroup_id": 4085,
      "wait_duration_stats_ns": {
        "count": 63.0,
        "sum": 248087209280.99997,
        "mean": 3937892210.809523,
        "median": 1041470696.6848586,
        "min": 5975,
        "max": 29997817302,
        "variance_ns2": 4.4972947931967226e+19,
        "iqr_ns": 5271669040.81005,
        "q1_ns": 151963686.94801486,
        "q3_ns": 5423632727.758065
      },
      "futex_op_counts": {
        "128": 63
      },
      "first_seen_ts_ns": 6841342792370,
      "last_seen_ts_ns": 6903686987725
    },
    {
      "tgid": 5387,
      "comm": "aws-k8s-agent",
      "cgroup_id": 5011,
      "wait_duration_stats_ns": {
        "count": 362.0,
        "sum": 243180429533.99997,
        "mean": 671769142.359116,
        "median": 70652264.61450188,
        "min": 1951,
        "max": 12788731051,
        "variance_ns2": 2.796136063267758e+18,
        "iqr_ns": 824960925.3503728,
        "q1_ns": 190072.60887376865,
        "q3_ns": 825150997.9592465
      },
      "futex_op_counts": {
        "128": 362
      },
      "first_seen_ts_ns": 6840933031531,
      "last_seen_ts_ns": 6902741610170
    },
    {
      "tgid": 11987,
      "comm": "manager",
      "cgroup_id": 6249,
      "wait_duration_stats_ns": {
        "count": 567.0,
        "sum": 225138154952.99997,
        "mean": 397069056.3544973,
        "median": 272083694.4508095,
        "min": 6723,
        "max": 20685803129,
        "variance_ns2": 1.184404940154286e+18,
        "iqr_ns": 489955689.0636626,
        "q1_ns": 10149627.724859467,
        "q3_ns": 500105316.78852206
      },
      "futex_op_counts": {
        "128": 567
      },
      "first_seen_ts_ns": 6840381730580,
      "last_seen_ts_ns": 6903735794169
    },
    {
      "tgid": 4804,
      "comm": "ssm-agent-worke",
      "cgroup_id": 3429,
      "wait_duration_stats_ns": {
        "count": 139.0,
        "sum": 216292768769.00006,
        "mean": 1556063084.6690652,
        "median": 1031476185.8861662,
        "min": 38190,
        "max": 37237766453,
        "variance_ns2": 1.5450575542910722e+19,
        "iqr_ns": 1458767475.4755702,
        "q1_ns": 154726401.34277096,
        "q3_ns": 1613493876.8183413
      },
      "futex_op_counts": {
        "128": 139
      },
      "first_seen_ts_ns": 6842384724673,
      "last_seen_ts_ns": 6903750126888
    },
    {
      "tgid": 11915,
      "comm": "kube-rbac-proxy",
      "cgroup_id": 6179,
      "wait_duration_stats_ns": {
        "count": 45.0,
        "sum": 209943442807.00006,
        "mean": 4665409840.155557,
        "median": 4998469676.902743,
        "min": 1743,
        "max": 45011091177,
        "variance_ns2": 4.251191378266312e+19,
        "iqr_ns": 1637212658.5153475,
        "q1_ns": 3077366835.3473206,
        "q3_ns": 4714579493.862668
      },
      "futex_op_counts": {
        "128": 45
      },
      "first_seen_ts_ns": 6848958497484,
      "last_seen_ts_ns": 6898956946470
    },
    {
      "tgid": 5528,
      "comm": "controller",
      "cgroup_id": 5081,
      "wait_duration_stats_ns": {
        "count": 274.0,
        "sum": 185746983596.99997,
        "mean": 677908699.2591239,
        "median": 496108253.9779801,
        "min": 34552,
        "max": 10004325746,
        "variance_ns2": 1.8179237912119398e+18,
        "iqr_ns": 10434771.50957936,
        "q1_ns": 489842445.5506857,
        "q3_ns": 500277217.06026506
      },
      "futex_op_counts": {
        "128": 274
      },
      "first_seen_ts_ns": 6840655363482,
      "last_seen_ts_ns": 6903656019225
    },
    {
      "tgid": 5086,
      "comm": "kube-proxy",
      "cgroup_id": 4871,
      "wait_duration_stats_ns": {
        "count": 69.0,
        "sum": 165912514060.99997,
        "mean": 2404529189.2898545,
        "median": 970050992.8977928,
        "min": 21356,
        "max": 29992488828,
        "variance_ns2": 1.6776902452534254e+19,
        "iqr_ns": 4177479149.184502,
        "q1_ns": 184583198.34187454,
        "q3_ns": 4362062347.526377
      },
      "futex_op_counts": {
        "128": 69
      },
      "first_seen_ts_ns": 6844224282266,
      "last_seen_ts_ns": 6900056490038
    },
    {
      "tgid": 4659,
      "comm": "amazon-ssm-agen",
      "cgroup_id": 3429,
      "wait_duration_stats_ns": {
        "count": 18.0,
        "sum": 3977995897.0,
        "mean": 220999772.05555555,
        "median": 23143738.16753543,
        "min": 32266,
        "max": 991647283,
        "variance_ns2": 1.7944211647938512e+17,
        "iqr_ns": 188460380.79132518,
        "q1_ns": 3152044.378616072,
        "q3_ns": 191612425.16994125
      },
      "futex_op_counts": {
        "128": 18
      },
      "first_seen_ts_ns": 6846000727568,
      "last_seen_ts_ns": 6847020344082
    },
    {
      "tgid": 164237,
      "comm": "xhpcg",
      "cgroup_id": 50387,
      "wait_duration_stats_ns": {
        "count": 2159.0,
        "sum": 2910194245.99999,
        "mean": 1347936.195460857,
        "median": 288863.0688256441,
        "min": 1996,
        "max": 31345842,
        "variance_ns2": 15458890538512.783,
        "iqr_ns": 138244.8212233774,
        "q1_ns": 228018.4101884153,
        "q3_ns": 366263.2314117927
      },
      "futex_op_counts": {
        "128": 2159
      },
      "first_seen_ts_ns": 6859454650101,
      "last_seen_ts_ns": 6879836731885
    },
    {
      "tgid": 164270,
      "comm": "xhpcg",
      "cgroup_id": 50387,
      "wait_duration_stats_ns": {
        "count": 2167.0,
        "sum": 2835640423.999993,
        "mean": 1308555.802491921,
        "median": 282974.04404121934,
        "min": 1302,
        "max": 31140075,
        "variance_ns2": 14684180195126.994,
        "iqr_ns": 154635.81924013468,
        "q1_ns": 200292.8455562314,
        "q3_ns": 354928.66479636607
      },
      "futex_op_counts": {
        "128": 2167
      },
      "first_seen_ts_ns": 6859454320877,
      "last_seen_ts_ns": 6879838323332
    },
    {
      "tgid": 164240,
      "comm": "xhpcg",
      "cgroup_id": 50387,
      "wait_duration_stats_ns": {
        "count": 2034.0,
        "sum": 2828818988.000001,
        "mean": 1390766.4641101283,
        "median": 245608.7135714572,
        "min": 2247,
        "max": 31174879,
        "variance_ns2": 16978111895737.576,
        "iqr_ns": 175665.11865798346,
        "q1_ns": 154533.4581364518,
        "q3_ns": 330198.57679443527
      },
      "futex_op_counts": {
        "128": 2034
      },
      "first_seen_ts_ns": 6859454692737,
      "last_seen_ts_ns": 6879836623921
    },
    {
      "tgid": 164245,
      "comm": "xhpcg",
      "cgroup_id": 50387,
      "wait_duration_stats_ns": {
        "count": 2077.0,
        "sum": 2792137924.000003,
        "mean": 1344312.9147809355,
        "median": 252589.43100991714,
        "min": 1511,
        "max": 31162090,
        "variance_ns2": 17009047815228.117,
        "iqr_ns": 174662.47318931052,
        "q1_ns": 149942.73117162893,
        "q3_ns": 324605.20436093945
      },
      "futex_op_counts": {
        "128": 2077
      },
      "first_seen_ts_ns": 6859454418354,
      "last_seen_ts_ns": 6879836324556
    },
    {
      "tgid": 164247,
      "comm": "xhpcg",
      "cgroup_id": 50387,
      "wait_duration_stats_ns": {
        "count": 2111.0,
        "sum": 2748569248.000003,
        "mean": 1302022.3818095704,
        "median": 248245.81199026198,
        "min": 2485,
        "max": 30957342,
        "variance_ns2": 16533875296681.807,
        "iqr_ns": 145497.6420947834,
        "q1_ns": 172414.5397451929,
        "q3_ns": 317912.1818399763
      },
      "futex_op_counts": {
        "128": 2111
      },
      "first_seen_ts_ns": 6859454571423,
      "last_seen_ts_ns": 6879836675298
    },
    {
      "tgid": 164263,
      "comm": "xhpcg",
      "cgroup_id": 50387,
      "wait_duration_stats_ns": {
        "count": 1909.0,
        "sum": 2743805138.000002,
        "mean": 1437299.7056050298,
        "median": 247511.71766059037,
        "min": 1680,
        "max": 31157521,
        "variance_ns2": 17921071229323.695,
        "iqr_ns": 1372755.7288736664,
        "q1_ns": 128272.0997688968,
        "q3_ns": 1501027.8286425632
      },
      "futex_op_counts": {
        "128": 1909
      },
      "first_seen_ts_ns": 6859454647853,
      "last_seen_ts_ns": 6879835113612
    },
    {
      "tgid": 164236,
      "comm": "xhpcg",
      "cgroup_id": 50387,
      "wait_duration_stats_ns": {
        "count": 1937.0,
        "sum": 2739661227.0,
        "mean": 1414383.7000516262,
        "median": 252634.8032839519,
        "min": 1271,
        "max": 31169219,
        "variance_ns2": 17415892561169.357,
        "iqr_ns": 209122.23686847946,
        "q1_ns": 138441.50056642568,
        "q3_ns": 347563.73743490514
      },
      "futex_op_counts": {
        "128": 1937
      },
      "first_seen_ts_ns": 6859454474483,
      "last_seen_ts_ns": 6879836000848
    },
    {
      "tgid": 164274,
      "comm": "xhpcg",
      "cgroup_id": 50387,
      "wait_duration_stats_ns": {
        "count": 2141.0,
        "sum": 2736981686.999995,
        "mean": 1278366.037832786,
        "median": 219258.71754287562,
        "min": 2048,
        "max": 30767783,
        "variance_ns2": 15376542115384.021,
        "iqr_ns": 124331.35202017718,
        "q1_ns": 154130.23866435344,
        "q3_ns": 278461.5906845306
      },
      "futex_op_counts": {
        "128": 2141
      },
      "first_seen_ts_ns": 6859454649919,
      "last_seen_ts_ns": 6879836141658
    },
    {
      "tgid": 164261,
      "comm": "xhpcg",
      "cgroup_id": 50387,
      "wait_duration_stats_ns": {
        "count": 1951.0,
        "sum": 2734438209.0000005,
        "mean": 1401557.257303947,
        "median": 239716.0426717628,
        "min": 1990,
        "max": 31186825,
        "variance_ns2": 17331745580896.23,
        "iqr_ns": 196760.8965018379,
        "q1_ns": 122581.75080297192,
        "q3_ns": 319342.6473048098
      },
      "futex_op_counts": {
        "128": 1951
      },
      "first_seen_ts_ns": 6859454373874,
      "last_seen_ts_ns": 6879837875970
    },
    {
      "tgid": 164254,
      "comm": "xhpcg",
      "cgroup_id": 50387,
      "wait_duration_stats_ns": {
        "count": 1938.0,
        "sum": 2731666267.9999957,
        "mean": 1409528.5180598532,
        "median": 250432.2895373303,
        "min": 1980,
        "max": 31135296,
        "variance_ns2": 13992441847709.023,
        "iqr_ns": 3097847.4806420202,
        "q1_ns": 123317.43442165277,
        "q3_ns": 3221164.915063673
      },
      "futex_op_counts": {
        "128": 1938
      },
      "first_seen_ts_ns": 6859454675685,
      "last_seen_ts_ns": 6879836341869
    },
    {
      "tgid": 164238,
      "comm": "xhpcg",
      "cgroup_id": 50387,
      "wait_duration_stats_ns": {
        "count": 2031.0,
        "sum": 2720004457.0000014,
        "mean": 1339243.9473165935,
        "median": 232023.1373485712,
        "min": 1688,
        "max": 30547349,
        "variance_ns2": 15302063193092.695,
        "iqr_ns": 188669.8588033704,
        "q1_ns": 128378.52021039536,
        "q3_ns": 317048.3790137658
      },
      "futex_op_counts": {
        "128": 2031
      },
      "first_seen_ts_ns": 6859454680437,
      "last_seen_ts_ns": 6879836692191
    },
    {
      "tgid": 164271,
      "comm": "xhpcg",
      "cgroup_id": 50387,
      "wait_duration_stats_ns": {
        "count": 2175.0,
        "sum": 2719382813.0,
        "mean": 1250290.9485057471,
        "median": 256209.2922175946,
        "min": 1788,
        "max": 30704944,
        "variance_ns2": 14597600596319.215,
        "iqr_ns": 152471.79057653362,
        "q1_ns": 171319.72938770356,
        "q3_ns": 323791.5199642372
      },
      "futex_op_counts": {
        "128": 2175
      },
      "first_seen_ts_ns": 6859454423108,
      "last_seen_ts_ns": 6879836064514
    },
    {
      "tgid": 164266,
      "comm": "xhpcg",
      "cgroup_id": 50387,
      "wait_duration_stats_ns": {
        "count": 2125.0,
        "sum": 2718603797.0000095,
        "mean": 1279342.9632941221,
        "median": 244586.42047024873,
        "min": 1979,
        "max": 31139757,
        "variance_ns2": 15220624093402.727,
        "iqr_ns": 157362.40360790983,
        "q1_ns": 163133.31115063277,
        "q3_ns": 320495.7147585426
      },
      "futex_op_counts": {
        "128": 2125
      },
      "first_seen_ts_ns": 6859455377275,
      "last_seen_ts_ns": 6879837000176
    },
    {
      "tgid": 164234,
      "comm": "xhpcg",
      "cgroup_id": 50387,
      "wait_duration_stats_ns": {
        "count": 1827.0,
        "sum": 2708488281.000003,
        "mean": 1482478.533661742,
        "median": 220679.0886237488,
        "min": 1588,
        "max": 31136522,
        "variance_ns2": 20127904434281.67,
        "iqr_ns": 198592.38555839172,
        "q1_ns": 123896.20751064815,
        "q3_ns": 322488.59306903987
      },
      "futex_op_counts": {
        "128": 1827
      },
      "first_seen_ts_ns": 6859454817563,
      "last_seen_ts_ns": 6879836321343
    },
    {
      "tgid": 164243,
      "comm": "xhpcg",
      "cgroup_id": 50387,
      "wait_duration_stats_ns": {
        "count": 1619.0,
        "sum": 2649409683.999996,
        "mean": 1636448.2297714616,
        "median": 252276.33044493894,
        "min": 1943,
        "max": 31059747,
        "variance_ns2": 21005367308975.312,
        "iqr_ns": 200782.95533472608,
        "q1_ns": 131308.19280419924,
        "q3_ns": 332091.1481389253
      },
      "futex_op_counts": {
        "128": 1619
      },
      "first_seen_ts_ns": 6859454485257,
      "last_seen_ts_ns": 6879836675434
    },
    {
      "tgid": 164259,
      "comm": "xhpcg",
      "cgroup_id": 50387,
      "wait_duration_stats_ns": {
        "count": 1946.0,
        "sum": 2649092294.000002,
        "mean": 1361301.2816032898,
        "median": 242137.10157664426,
        "min": 2275,
        "max": 31143556,
        "variance_ns2": 17046090707753.406,
        "iqr_ns": 189776.9479719887,
        "q1_ns": 134940.25290907826,
        "q3_ns": 324717.20088106696
      },
      "futex_op_counts": {
        "128": 1946
      },
      "first_seen_ts_ns": 6859454798846,
      "last_seen_ts_ns": 6879836317575
    },
    {
      "tgid": 164239,
      "comm": "xhpcg",
      "cgroup_id": 50387,
      "wait_duration_stats_ns": {
        "count": 1998.0,
        "sum": 2640598513.999999,
        "mean": 1321620.8778778773,
        "median": 224735.93916431724,
        "min": 1601,
        "max": 31186637,
        "variance_ns2": 16372987604842.148,
        "iqr_ns": 188221.1933002853,
        "q1_ns": 128309.72060989359,
        "q3_ns": 316530.9139101789
      },
      "futex_op_counts": {
        "128": 1998
      },
      "first_seen_ts_ns": 6859454517137,
      "last_seen_ts_ns": 6879836670909
    },
    {
      "tgid": 164257,
      "comm": "xhpcg",
      "cgroup_id": 50387,
      "wait_duration_stats_ns": {
        "count": 1552.0,
        "sum": 2627859844.0,
        "mean": 1693208.662371134,
        "median": 263641.91681148804,
        "min": 1767,
        "max": 31172736,
        "variance_ns2": 19856334560856.46,
        "iqr_ns": 155065.58901617388,
        "q1_ns": 156126.32210081568,
        "q3_ns": 311191.91111698956
      },
      "futex_op_counts": {
        "128": 1552
      },
      "first_seen_ts_ns": 6859454440408,
      "last_seen_ts_ns": 6879836304924
    },
    {
      "tgid": 164276,
      "comm": "xhpcg",
      "cgroup_id": 50387,
      "wait_duration_stats_ns": {
        "count": 1776.0,
        "sum": 2627629450.0000043,
        "mean": 1479521.086711714,
        "median": 220566.91360184064,
        "min": 2355,
        "max": 31104579,
        "variance_ns2": 19645154055168.348,
        "iqr_ns": 184510.90731143748,
        "q1_ns": 116221.41082459198,
        "q3_ns": 300732.31813602947
      },
      "futex_op_counts": {
        "128": 1776
      },
      "first_seen_ts_ns": 6859454414593,
      "last_seen_ts_ns": 6879836196482
    },
    {
      "tgid": 164235,
      "comm": "xhpcg",
      "cgroup_id": 50387,
      "wait_duration_stats_ns": {
        "count": 1300.0,
        "sum": 2621673392.0000005,
        "mean": 2016671.8400000005,
        "median": 250627.50139993685,
        "min": 2682,
        "max": 30953691,
        "variance_ns2": 26685022099032.168,
        "iqr_ns": 129774.40119407821,
        "q1_ns": 189164.5050032462,
        "q3_ns": 318938.9061973244
      },
      "futex_op_counts": {
        "128": 1300
      },
      "first_seen_ts_ns": 6859454635254,
      "last_seen_ts_ns": 6879836984256
    },
    {
      "tgid": 164250,
      "comm": "xhpcg",
      "cgroup_id": 50387,
      "wait_duration_stats_ns": {
        "count": 2018.0,
        "sum": 2609300859.0,
        "mean": 1293013.3097125867,
        "median": 238646.04722409253,
        "min": 1927,
        "max": 31082710,
        "variance_ns2": 15402028158118.676,
        "iqr_ns": 185703.06054713705,
        "q1_ns": 139087.86620635196,
        "q3_ns": 324790.926753489
      },
      "futex_op_counts": {
        "128": 2018
      },
      "first_seen_ts_ns": 6859454463377,
      "last_seen_ts_ns": 6879836623849
    },
    {
      "tgid": 164267,
      "comm": "xhpcg",
      "cgroup_id": 50387,
      "wait_duration_stats_ns": {
        "count": 1392.0,
        "sum": 2607900601.9999967,
        "mean": 1873491.8117816069,
        "median": 262339.29057686304,
        "min": 1604,
        "max": 31159137,
        "variance_ns2": 21897402315914.82,
        "iqr_ns": 3437878.9097402077,
        "q1_ns": 203455.57273309014,
        "q3_ns": 3641334.482473298
      },
      "futex_op_counts": {
        "128": 1392
      },
      "first_seen_ts_ns": 6859454373779,
      "last_seen_ts_ns": 6879836191992
    },
    {
      "tgid": 164252,
      "comm": "xhpcg",
      "cgroup_id": 50387,
      "wait_duration_stats_ns": {
        "count": 1723.0,
        "sum": 2607254339.0,
        "mean": 1513206.2327336043,
        "median": 259831.63940184758,
        "min": 1586,
        "max": 31143046,
        "variance_ns2": 17902540321241.887,
        "iqr_ns": 197016.04429980242,
        "q1_ns": 135148.50363579972,
        "q3_ns": 332164.54793560214
      },
      "futex_op_counts": {
        "128": 1723
      },
      "first_seen_ts_ns": 6859454681743,
      "last_seen_ts_ns": 6879836692148
    },
    {
      "tgid": 164255,
      "comm": "xhpcg",
      "cgroup_id": 50387,
      "wait_duration_stats_ns": {
        "count": 1830.0,
        "sum": 2563325195.000002,
        "mean": 1400724.150273225,
        "median": 248323.73380133795,
        "min": 1721,
        "max": 31173731,
        "variance_ns2": 16835809019905.965,
        "iqr_ns": 210802.30264774372,
        "q1_ns": 118990.72443372673,
        "q3_ns": 329793.02708147047
      },
      "futex_op_counts": {
        "128": 1830
      },
      "first_seen_ts_ns": 6859454342063,
      "last_seen_ts_ns": 6879836301437
    },
    {
      "tgid": 164415,
      "comm": "runc",
      "cgroup_id": 4085,
      "wait_duration_stats_ns": {
        "count": 251.0,
        "sum": 1982902976.0000002,
        "mean": 7900011.8565737065,
        "median": 915358.5095610577,
        "min": 4719,
        "max": 270093351,
        "variance_ns2": 1293285262351986.8,
        "iqr_ns": 8743458.305545704,
        "q1_ns": 36509.86551693531,
        "q3_ns": 8779968.171062639
      },
      "futex_op_counts": {
        "128": 251
      },
      "first_seen_ts_ns": 6869000035155,
      "last_seen_ts_ns": 6869310399967
    },
    {
      "tgid": 164118,
      "comm": "xhpcg",
      "cgroup_id": 50387,
      "wait_duration_stats_ns": {
        "count": 1876.0,
        "sum": 1628412157.9999995,
        "mean": 868023.5383795307,
        "median": 263635.47274032026,
        "min": 1682,
        "max": 30738513,
        "variance_ns2": 8337282591747.228,
        "iqr_ns": 137499.069584598,
        "q1_ns": 189954.2154490181,
        "q3_ns": 327453.2850336161
      },
      "futex_op_counts": {
        "128": 1876
      },
      "first_seen_ts_ns": 6841215110429,
      "last_seen_ts_ns": 6858728393829
    },
    {
      "tgid": 164120,
      "comm": "xhpcg",
      "cgroup_id": 50387,
      "wait_duration_stats_ns": {
        "count": 1863.0,
        "sum": 1621780183.0000007,
        "mean": 870520.7638217933,
        "median": 276324.9052069056,
        "min": 2058,
        "max": 30971597,
        "variance_ns2": 9084007572505.434,
        "iqr_ns": 139784.41402025518,
        "q1_ns": 179055.9526368743,
        "q3_ns": 318840.3666571295
      },
      "futex_op_counts": {
        "128": 1863
      },
      "first_seen_ts_ns": 6841215375753,
      "last_seen_ts_ns": 6858728282731
    },
    {
      "tgid": 164129,
      "comm": "xhpcg",
      "cgroup_id": 50387,
      "wait_duration_stats_ns": {
        "count": 1955.0,
        "sum": 1617992539.0000012,
        "mean": 827617.6670076733,
        "median": 286117.4658945787,
        "min": 1781,
        "max": 32346870,
        "variance_ns2": 7362513825796.438,
        "iqr_ns": 154777.3200990812,
        "q1_ns": 202471.96861195774,
        "q3_ns": 357249.28871103894
      },
      "futex_op_counts": {
        "128": 1955
      },
      "first_seen_ts_ns": 6841215098700,
      "last_seen_ts_ns": 6858729518142
    },
    {
      "tgid": 164089,
      "comm": "xhpcg",
      "cgroup_id": 50387,
      "wait_duration_stats_ns": {
        "count": 1855.0,
        "sum": 1609740492.000001,
        "mean": 867784.6318059304,
        "median": 259037.32319808545,
        "min": 1710,
        "max": 30719911,
        "variance_ns2": 8441431745313.264,
        "iqr_ns": 158144.66221693298,
        "q1_ns": 170800.3256021664,
        "q3_ns": 328944.9878190994
      },
      "futex_op_counts": {
        "128": 1855
      },
      "first_seen_ts_ns": 6841215052922,
      "last_seen_ts_ns": 6858729350936
    },
    {
      "tgid": 164098,
      "comm": "xhpcg",
      "cgroup_id": 50387,
      "wait_duration_stats_ns": {
        "count": 1948.0,
        "sum": 1609341355.9999986,
        "mean": 826150.5934291574,
        "median": 274477.64269949816,
        "min": 2300,
        "max": 30683250,
        "variance_ns2": 7627013436707.35,
        "iqr_ns": 143511.0263959177,
        "q1_ns": 202800.8205997203,
        "q3_ns": 346311.846995638
      },
      "futex_op_counts": {
        "128": 1948
      },
      "first_seen_ts_ns": 6841215632526,
      "last_seen_ts_ns": 6858729371564
    },
    {
      "tgid": 164134,
      "comm": "xhpcg",
      "cgroup_id": 50387,
      "wait_duration_stats_ns": {
        "count": 1890.0,
        "sum": 1592738154.000003,
        "mean": 842718.6000000016,
        "median": 255697.40425884316,
        "min": 1879,
        "max": 30708755,
        "variance_ns2": 9003684125244.578,
        "iqr_ns": 156409.5292942126,
        "q1_ns": 165623.35163627975,
        "q3_ns": 322032.88093049236
      },
      "futex_op_counts": {
        "128": 1890
      },
      "first_seen_ts_ns": 6841215266266,
      "last_seen_ts_ns": 6858729302858
    },
    {
      "tgid": 164122,
      "comm": "xhpcg",
      "cgroup_id": 50387,
      "wait_duration_stats_ns": {
        "count": 1845.0,
        "sum": 1582028708.9999995,
        "mean": 857468.1349593493,
        "median": 253680.3295046773,
        "min": 1816,
        "max": 30924689,
        "variance_ns2": 8676979736743.402,
        "iqr_ns": 132391.21546227566,
        "q1_ns": 165425.1437729096,
        "q3_ns": 297816.35923518526
      },
      "futex_op_counts": {
        "128": 1845
      },
      "first_seen_ts_ns": 6841214935055,
      "last_seen_ts_ns": 6858729380691
    },
    {
      "tgid": 164114,
      "comm": "xhpcg",
      "cgroup_id": 50387,
      "wait_duration_stats_ns": {
        "count": 1900.0,
        "sum": 1564250281.0000012,
        "mean": 823289.621578948,
        "median": 260088.78280941138,
        "min": 1788,
        "max": 30586548,
        "variance_ns2": 7527624534903.369,
        "iqr_ns": 191789.0265212747,
        "q1_ns": 178742.50703661802,
        "q3_ns": 370531.5335578927
      },
      "futex_op_counts": {
        "128": 1900
      },
      "first_seen_ts_ns": 6841215348624,
      "last_seen_ts_ns": 6858729385242
    },
    {
      "tgid": 164105,
      "comm": "xhpcg",
      "cgroup_id": 50387,
      "wait_duration_stats_ns": {
        "count": 1904.0,
        "sum": 1561532839.0000002,
        "mean": 820132.793592437,
        "median": 266774.52469846734,
        "min": 1998,
        "max": 30628291,
        "variance_ns2": 8578113177613.157,
        "iqr_ns": 167998.67859008233,
        "q1_ns": 179396.63433542498,
        "q3_ns": 347395.3129255073
      },
      "futex_op_counts": {
        "128": 1904
      },
      "first_seen_ts_ns": 6841214953262,
      "last_seen_ts_ns": 6858727867427
    },
    {
      "tgid": 164092,
      "comm": "xhpcg",
      "cgroup_id": 50387,
      "wait_duration_stats_ns": {
        "count": 1801.0,
        "sum": 1548354273.9999993,
        "mean": 859719.1971127148,
        "median": 263746.8986082421,
        "min": 1631,
        "max": 30748501,
        "variance_ns2": 8564896969734.735,
        "iqr_ns": 153415.94522549096,
        "q1_ns": 171078.54726158327,
        "q3_ns": 324494.4924870742
      },
      "futex_op_counts": {
        "128": 1801
      },
      "first_seen_ts_ns": 6841215355150,
      "last_seen_ts_ns": 6858729442433
    },
    {
      "tgid": 164086,
      "comm": "xhpcg",
      "cgroup_id": 50387,
      "wait_duration_stats_ns": {
        "count": 1740.0,
        "sum": 1536953331.0000026,
        "mean": 883306.512068967,
        "median": 238567.5932993264,
        "min": 1422,
        "max": 30457188,
        "variance_ns2": 9918000947797.062,
        "iqr_ns": 160395.06353095704,
        "q1_ns": 148954.79893882165,
        "q3_ns": 309349.8624697787
      },
      "futex_op_counts": {
        "128": 1740
      },
      "first_seen_ts_ns": 6841215288931,
      "last_seen_ts_ns": 6858729512839
    },
    {
      "tgid": 164125,
      "comm": "xhpcg",
      "cgroup_id": 50387,
      "wait_duration_stats_ns": {
        "count": 1825.0,
        "sum": 1525057686.000003,
        "mean": 835648.0471232893,
        "median": 266892.3084147808,
        "min": 1669,
        "max": 31057999,
        "variance_ns2": 8491131502996.072,
        "iqr_ns": 146696.40344517428,
        "q1_ns": 182172.75541640207,
        "q3_ns": 328869.15886157635
      },
      "futex_op_counts": {
        "128": 1825
      },
      "first_seen_ts_ns": 6841215048959,
      "last_seen_ts_ns": 6858729661467
    },
    {
      "tgid": 164099,
      "comm": "xhpcg",
      "cgroup_id": 50387,
      "wait_duration_stats_ns": {
        "count": 1911.0,
        "sum": 1525055333.9999988,
        "mean": 798040.4678178958,
        "median": 259075.75499975498,
        "min": 1723,
        "max": 30695493,
        "variance_ns2": 8431936095903.395,
        "iqr_ns": 179615.95732568574,
        "q1_ns": 162816.8315978278,
        "q3_ns": 342432.78892351355
      },
      "futex_op_counts": {
        "128": 1911
      },
      "first_seen_ts_ns": 6841214936223,
      "last_seen_ts_ns": 6858729239830
    },
    {
      "tgid": 164087,
      "comm": "xhpcg",
      "cgroup_id": 50387,
      "wait_duration_stats_ns": {
        "count": 1656.0,
        "sum": 1523503573.0000024,
        "mean": 919990.0803140111,
        "median": 233238.76276456093,
        "min": 1723,
        "max": 30675394,
        "variance_ns2": 9929751049317.916,
        "iqr_ns": 277961.37986988504,
        "q1_ns": 135934.10823751517,
        "q3_ns": 413895.48810740025
      },
      "futex_op_counts": {
        "128": 1656
      },
      "first_seen_ts_ns": 6841215142859,
      "last_seen_ts_ns": 6858729354873
    },
    {
      "tgid": 164107,
      "comm": "xhpcg",
      "cgroup_id": 50387,
      "wait_duration_stats_ns": {
        "count": 1690.0,
        "sum": 1496486122.9999993,
        "mean": 885494.7473372776,
        "median": 246102.0933586448,
        "min": 2006,
        "max": 30596836,
        "variance_ns2": 9243344997276.652,
        "iqr_ns": 161583.68923368302,
        "q1_ns": 145544.0035741542,
        "q3_ns": 307127.6928078372
      },
      "futex_op_counts": {
        "128": 1690
      },
      "first_seen_ts_ns": 6841215104456,
      "last_seen_ts_ns": 6858729513256
    },
    {
      "tgid": 164104,
      "comm": "xhpcg",
      "cgroup_id": 50387,
      "wait_duration_stats_ns": {
        "count": 1732.0,
        "sum": 1484648024.9999993,
        "mean": 857187.0814087755,
        "median": 253545.5403614668,
        "min": 1471,
        "max": 30727601,
        "variance_ns2": 9815599512509.547,
        "iqr_ns": 174351.18571059528,
        "q1_ns": 150126.452567855,
        "q3_ns": 324477.6382784503
      },
      "futex_op_counts": {
        "128": 1732
      },
      "first_seen_ts_ns": 6841214920986,
      "last_seen_ts_ns": 6858727837652
    },
    {
      "tgid": 164102,
      "comm": "xhpcg",
      "cgroup_id": 50387,
      "wait_duration_stats_ns": {
        "count": 1689.0,
        "sum": 1483863511.0000014,
        "mean": 878545.5956187102,
        "median": 231303.47507218743,
        "min": 1604,
        "max": 30758384,
        "variance_ns2": 9756922593864.408,
        "iqr_ns": 165166.73345926462,
        "q1_ns": 134113.97328505508,
        "q3_ns": 299280.7067443197
      },
      "futex_op_counts": {
        "128": 1689
      },
      "first_seen_ts_ns": 6841215178051,
      "last_seen_ts_ns": 6858729298956
    },
    {
      "tgid": 164131,
      "comm": "xhpcg",
      "cgroup_id": 50387,
      "wait_duration_stats_ns": {
        "count": 1609.0,
        "sum": 1454142554.000001,
        "mean": 903755.4717215667,
        "median": 253149.35390821533,
        "min": 1437,
        "max": 36394452,
        "variance_ns2": 9748945907758.729,
        "iqr_ns": 190558.14797416885,
        "q1_ns": 131274.6837841154,
        "q3_ns": 321832.83175828424
      },
      "futex_op_counts": {
        "128": 1609
      },
      "first_seen_ts_ns": 6841215293603,
      "last_seen_ts_ns": 6858729438707
    },
    {
      "tgid": 164127,
      "comm": "xhpcg",
      "cgroup_id": 50387,
      "wait_duration_stats_ns": {
        "count": 1637.0,
        "sum": 1446681922.0000002,
        "mean": 883739.7202199147,
        "median": 251373.52097277,
        "min": 1592,
        "max": 31300678,
        "variance_ns2": 9606883998859.115,
        "iqr_ns": 199045.74573795963,
        "q1_ns": 127476.44960718702,
        "q3_ns": 326522.19534514664
      },
      "futex_op_counts": {
        "128": 1637
      },
      "first_seen_ts_ns": 6841214948740,
      "last_seen_ts_ns": 6858729200759
    },
    {
      "tgid": 164116,
      "comm": "xhpcg",
      "cgroup_id": 50387,
      "wait_duration_stats_ns": {
        "count": 1628.0,
        "sum": 1432982386.9999976,
        "mean": 880210.31142506,
        "median": 262304.9526010927,
        "min": 1946,
        "max": 30746624,
        "variance_ns2": 9374244751240.46,
        "iqr_ns": 184085.1607452304,
        "q1_ns": 132678.46339634783,
        "q3_ns": 316763.6241415782
      },
      "futex_op_counts": {
        "128": 1628
      },
      "first_seen_ts_ns": 6841215184276,
      "last_seen_ts_ns": 6858729506788
    },
    {
      "tgid": 164585,
      "comm": "runc",
      "cgroup_id": 4085,
      "wait_duration_stats_ns": {
        "count": 246.0,
        "sum": 1388778469.0000005,
        "mean": 5645440.930894311,
        "median": 239480.2571106629,
        "min": 680,
        "max": 192623146,
        "variance_ns2": 546683655208870.0,
        "iqr_ns": 5927868.084765242,
        "q1_ns": 25690.321413993835,
        "q3_ns": 5953558.406179236
      },
      "futex_op_counts": {
        "128": 246
      },
      "first_seen_ts_ns": 6889000043626,
      "last_seen_ts_ns": 6889200562433
    },
    {
      "tgid": 164123,
      "comm": "xhpcg",
      "cgroup_id": 50387,
      "wait_duration_stats_ns": {
        "count": 1246.0,
        "sum": 1347527672.9999998,
        "mean": 1081482.8836276082,
        "median": 259988.0448474593,
        "min": 1232,
        "max": 30873050,
        "variance_ns2": 12755136761983.6,
        "iqr_ns": 164840.93725588688,
        "q1_ns": 155353.4970598897,
        "q3_ns": 320194.43431577657
      },
      "futex_op_counts": {
        "128": 1246
      },
      "first_seen_ts_ns": 6841215062285,
      "last_seen_ts_ns": 6858729407309
    },
    {
      "tgid": 164110,
      "comm": "xhpcg",
      "cgroup_id": 50387,
      "wait_duration_stats_ns": {
        "count": 1134.0,
        "sum": 1327061637.000001,
        "mean": 1170248.357142858,
        "median": 287933.5864668988,
        "min": 2067,
        "max": 30739200,
        "variance_ns2": 12814052185619.973,
        "iqr_ns": 138049.27021472852,
        "q1_ns": 196388.3862319188,
        "q3_ns": 334437.6564466473
      },
      "futex_op_counts": {
        "128": 1134
      },
      "first_seen_ts_ns": 6841214995444,
      "last_seen_ts_ns": 6858729273858
    },
    {
      "tgid": 164112,
      "comm": "xhpcg",
      "cgroup_id": 50387,
      "wait_duration_stats_ns": {
        "count": 1094.0,
        "sum": 1263043445.000001,
        "mean": 1154518.688299818,
        "median": 232484.2459218262,
        "min": 1903,
        "max": 30680959,
        "variance_ns2": 13079579436525.96,
        "iqr_ns": 190496.01057607887,
        "q1_ns": 144427.9632622583,
        "q3_ns": 334923.9738383372
      },
      "futex_op_counts": {
        "128": 1094
      },
      "first_seen_ts_ns": 6841215193808,
      "last_seen_ts_ns": 6858729439169
    },
    {
      "tgid": 164136,
      "comm": "xhpcg",
      "cgroup_id": 50387,
      "wait_duration_stats_ns": {
        "count": 660.0,
        "sum": 1203454625.9999988,
        "mean": 1823416.0999999982,
        "median": 225638.3948409695,
        "min": 2280,
        "max": 30619854,
        "variance_ns2": 23467135522357.0,
        "iqr_ns": 195802.91910481485,
        "q1_ns": 140501.3577960982,
        "q3_ns": 336304.27690091304
      },
      "futex_op_counts": {
        "128": 660
      },
      "first_seen_ts_ns": 6841215207236,
      "last_seen_ts_ns": 6858729460102
    },
    {
      "tgid": 164490,
      "comm": "xhpcg",
      "cgroup_id": 50387,
      "wait_duration_stats_ns": {
        "count": 2047.0,
        "sum": 1154563580.0000005,
        "mean": 564027.1519296534,
        "median": 245703.0731577823,
        "min": 1606,
        "max": 43423799,
        "variance_ns2": 4934916655472.117,
        "iqr_ns": 126042.80506394437,
        "q1_ns": 179215.0309210596,
        "q3_ns": 305257.83598500397
      },
      "futex_op_counts": {
        "128": 2047
      },
      "first_seen_ts_ns": 6880562896850,
      "last_seen_ts_ns": 6898608032294
    },
    {
      "tgid": 164491,
      "comm": "xhpcg",
      "cgroup_id": 50387,
      "wait_duration_stats_ns": {
        "count": 1965.0,
        "sum": 1090682653.9999993,
        "mean": 555054.7857506358,
        "median": 210052.2190114186,
        "min": 1434,
        "max": 43375580,
        "variance_ns2": 5308257146567.335,
        "iqr_ns": 133809.63879768085,
        "q1_ns": 136571.7954812043,
        "q3_ns": 270381.43427888514
      },
      "futex_op_counts": {
        "128": 1965
      },
      "first_seen_ts_ns": 6880563020580,
      "last_seen_ts_ns": 6898608037771
    },
    {
      "tgid": 164487,
      "comm": "xhpcg",
      "cgroup_id": 50387,
      "wait_duration_stats_ns": {
        "count": 1832.0,
        "sum": 1071666102.9999995,
        "mean": 584970.5802401744,
        "median": 187165.24720933486,
        "min": 1687,
        "max": 42024043,
        "variance_ns2": 5904561247831.073,
        "iqr_ns": 164605.876332835,
        "q1_ns": 120269.16581423517,
        "q3_ns": 284875.04214707017
      },
      "futex_op_counts": {
        "128": 1832
      },
      "first_seen_ts_ns": 6880563219789,
      "last_seen_ts_ns": 6898607982209
    },
    {
      "tgid": 164610,
      "comm": "runc",
      "cgroup_id": 4085,
      "wait_duration_stats_ns": {
        "count": 430.0,
        "sum": 1067835023.0000002,
        "mean": 2483337.262790698,
        "median": 99450.46776859167,
        "min": 2041,
        "max": 176018501,
        "variance_ns2": 341444243970066.94,
        "iqr_ns": 684211.4802926652,
        "q1_ns": 24737.43381853875,
        "q3_ns": 708948.914111204
      },
      "futex_op_counts": {
        "128": 430
      },
      "first_seen_ts_ns": 6890719699022,
      "last_seen_ts_ns": 6890901588279
    },
    {
      "tgid": 164488,
      "comm": "xhpcg",
      "cgroup_id": 50387,
      "wait_duration_stats_ns": {
        "count": 1829.0,
        "sum": 1058346596.9999973,
        "mean": 578647.6746856191,
        "median": 200181.0099204639,
        "min": 1829,
        "max": 42405149,
        "variance_ns2": 6014963296598.237,
        "iqr_ns": 138680.87763738987,
        "q1_ns": 124422.41307959943,
        "q3_ns": 263103.2907169893
      },
      "futex_op_counts": {
        "128": 1829
      },
      "first_seen_ts_ns": 6880562929446,
      "last_seen_ts_ns": 6898608052942
    },
    {
      "tgid": 164521,
      "comm": "xhpcg",
      "cgroup_id": 50387,
      "wait_duration_stats_ns": {
        "count": 1961.0,
        "sum": 1032706294.9999983,
        "mean": 526622.2819989793,
        "median": 206837.39360623932,
        "min": 1595,
        "max": 43238254,
        "variance_ns2": 4734746588344.869,
        "iqr_ns": 136315.61231904826,
        "q1_ns": 125012.70152264863,
        "q3_ns": 261328.3138416969
      },
      "futex_op_counts": {
        "128": 1961
      },
      "first_seen_ts_ns": 6880563096001,
      "last_seen_ts_ns": 6898607996217
    },
    {
      "tgid": 164492,
      "comm": "xhpcg",
      "cgroup_id": 50387,
      "wait_duration_stats_ns": {
        "count": 1959.0,
        "sum": 1032696854.9999998,
        "mean": 527155.1071975497,
        "median": 202752.92425539225,
        "min": 2560,
        "max": 42916328,
        "variance_ns2": 5298614345840.644,
        "iqr_ns": 134936.98183195782,
        "q1_ns": 123417.53960792194,
        "q3_ns": 258354.52143987975
      },
      "futex_op_counts": {
        "128": 1959
      },
      "first_seen_ts_ns": 6880562885695,
      "last_seen_ts_ns": 6898607950634
    },
    {
      "tgid": 164496,
      "comm": "xhpcg",
      "cgroup_id": 50387,
      "wait_duration_stats_ns": {
        "count": 1827.0,
        "sum": 1019006940.0000014,
        "mean": 557748.7356321847,
        "median": 193163.43780707798,
        "min": 1445,
        "max": 42773780,
        "variance_ns2": 5896412170924.861,
        "iqr_ns": 177981.81772261008,
        "q1_ns": 106011.82097034686,
        "q3_ns": 283993.63869295694
      },
      "futex_op_counts": {
        "128": 1827
      },
      "first_seen_ts_ns": 6880562708141,
      "last_seen_ts_ns": 6898608064636
    },
    {
      "tgid": 164078,
      "comm": "runc",
      "cgroup_id": 4085,
      "wait_duration_stats_ns": {
        "count": 396.0,
        "sum": 1012402146.0000001,
        "mean": 2556571.075757576,
        "median": 59177.367988565304,
        "min": 1142,
        "max": 170828764,
        "variance_ns2": 400414467748715.94,
        "iqr_ns": 325467.1429276958,
        "q1_ns": 17358.806079273592,
        "q3_ns": 342825.9490069694
      },
      "futex_op_counts": {
        "128": 396
      },
      "first_seen_ts_ns": 6840709495944,
      "last_seen_ts_ns": 6840882415598
    },
    {
      "tgid": 164519,
      "comm": "xhpcg",
      "cgroup_id": 50387,
      "wait_duration_stats_ns": {
        "count": 1645.0,
        "sum": 1007072213.0000001,
        "mean": 612201.9531914894,
        "median": 185209.15296513512,
        "min": 2073,
        "max": 31092675,
        "variance_ns2": 4245670878954.1484,
        "iqr_ns": 140925.83522147124,
        "q1_ns": 96799.26996381427,
        "q3_ns": 237725.1051852855
      },
      "futex_op_counts": {
        "128": 1645
      },
      "first_seen_ts_ns": 6880556525826,
      "last_seen_ts_ns": 6898608002166
    },
    {
      "tgid": 164498,
      "comm": "xhpcg",
      "cgroup_id": 50387,
      "wait_duration_stats_ns": {
        "count": 1944.0,
        "sum": 1006244912.0000027,
        "mean": 517615.69547325245,
        "median": 194199.1437562742,
        "min": 1964,
        "max": 43709267,
        "variance_ns2": 5039668908912.336,
        "iqr_ns": 150411.86030953203,
        "q1_ns": 118492.65930991988,
        "q3_ns": 268904.5196194519
      },
      "futex_op_counts": {
        "128": 1944
      },
      "first_seen_ts_ns": 6880562703831,
      "last_seen_ts_ns": 6898607979033
    },
    {
      "tgid": 164507,
      "comm": "xhpcg",
      "cgroup_id": 50387,
      "wait_duration_stats_ns": {
        "count": 1909.0,
        "sum": 1002512930.9999998,
        "mean": 525150.8281822943,
        "median": 181998.25502331107,
        "min": 1774,
        "max": 43931596,
        "variance_ns2": 4283949387236.4844,
        "iqr_ns": 158626.97353894782,
        "q1_ns": 116505.81288518994,
        "q3_ns": 275132.78642413777
      },
      "futex_op_counts": {
        "128": 1909
      },
      "first_seen_ts_ns": 6880563032601,
      "last_seen_ts_ns": 6898608022242
    },
    {
      "tgid": 164438,
      "comm": "runc",
      "cgroup_id": 4085,
      "wait_duration_stats_ns": {
        "count": 426.0,
        "sum": 1001761776.0000001,
        "mean": 2351553.4647887326,
        "median": 87485.70618021322,
        "min": 12013,
        "max": 170080688,
        "variance_ns2": 302413490662994.5,
        "iqr_ns": 677747.8128903011,
        "q1_ns": 28112.732541788264,
        "q3_ns": 705860.5454320894
      },
      "futex_op_counts": {
        "128": 426
      },
      "first_seen_ts_ns": 6870711165142,
      "last_seen_ts_ns": 6870884886431
    },
    {
      "tgid": 164523,
      "comm": "xhpcg",
      "cgroup_id": 50387,
      "wait_duration_stats_ns": {
        "count": 1918.0,
        "sum": 1000534725.9999981,
        "mean": 521655.22732012416,
        "median": 200587.11953337374,
        "min": 1764,
        "max": 42224784,
        "variance_ns2": 4737251352456.281,
        "iqr_ns": 136767.22933403263,
        "q1_ns": 114479.46731920935,
        "q3_ns": 251246.696653242
      },
      "futex_op_counts": {
        "128": 1918
      },
      "first_seen_ts_ns": 6880563911645,
      "last_seen_ts_ns": 6898608023911
    },
    {
      "tgid": 164511,
      "comm": "xhpcg",
      "cgroup_id": 50387,
      "wait_duration_stats_ns": {
        "count": 1786.0,
        "sum": 996842115.9999993,
        "mean": 558142.2821948484,
        "median": 194242.95792632666,
        "min": 1817,
        "max": 43708588,
        "variance_ns2": 5969947574558.37,
        "iqr_ns": 164502.2453285214,
        "q1_ns": 104030.295021299,
        "q3_ns": 268532.5403498204
      },
      "futex_op_counts": {
        "128": 1786
      },
      "first_seen_ts_ns": 6880562963991,
      "last_seen_ts_ns": 6898608157419
    },
    {
      "tgid": 164526,
      "comm": "xhpcg",
      "cgroup_id": 50387,
      "wait_duration_stats_ns": {
        "count": 1764.0,
        "sum": 995592722.0000005,
        "mean": 564394.9671201817,
        "median": 171450.5800266449,
        "min": 1569,
        "max": 42201796,
        "variance_ns2": 6333733134739.236,
        "iqr_ns": 132507.40044421458,
        "q1_ns": 104632.93861740452,
        "q3_ns": 237140.3390616191
      },
      "futex_op_counts": {
        "128": 1764
      },
      "first_seen_ts_ns": 6880563032444,
      "last_seen_ts_ns": 6898608000165
    },
    {
      "tgid": 164494,
      "comm": "xhpcg",
      "cgroup_id": 50387,
      "wait_duration_stats_ns": {
        "count": 1755.0,
        "sum": 988381388.0000012,
        "mean": 563180.2780626788,
        "median": 197849.47113648214,
        "min": 1672,
        "max": 42385102,
        "variance_ns2": 6050694192275.8955,
        "iqr_ns": 147561.80893130242,
        "q1_ns": 106266.01079690966,
        "q3_ns": 253827.81972821208
      },
      "futex_op_counts": {
        "128": 1755
      },
      "first_seen_ts_ns": 6880562896445,
      "last_seen_ts_ns": 6898608005207
    },
    {
      "tgid": 164501,
      "comm": "xhpcg",
      "cgroup_id": 50387,
      "wait_duration_stats_ns": {
        "count": 1856.0,
        "sum": 979340376.999999,
        "mean": 527661.841056034,
        "median": 207578.19549135125,
        "min": 2051,
        "max": 43147486,
        "variance_ns2": 5173646969855.64,
        "iqr_ns": 141725.8578938105,
        "q1_ns": 129070.91344312184,
        "q3_ns": 270796.7713369323
      },
      "futex_op_counts": {
        "128": 1856
      },
      "first_seen_ts_ns": 6880562989307,
      "last_seen_ts_ns": 6898607990859
    },
    {
      "tgid": 164427,
      "comm": "runc:[2:INIT]",
      "cgroup_id": 5011,
      "wait_duration_stats_ns": {
        "count": 23.0,
        "sum": 977085622.9999999,
        "mean": 42481983.60869565,
        "median": 8590638.466775717,
        "min": 30606,
        "max": 182819091,
        "variance_ns2": 5297279520878892.0,
        "iqr_ns": 84026896.04294495,
        "q1_ns": 1711471.675222119,
        "q3_ns": 85738367.71816707
      },
      "futex_op_counts": {
        "128": 23
      },
      "first_seen_ts_ns": 6869113120603,
      "last_seen_ts_ns": 6869314266440
    },
    {
      "tgid": 164282,
      "comm": "runc",
      "cgroup_id": 4085,
      "wait_duration_stats_ns": {
        "count": 395.0,
        "sum": 975069010.0000001,
        "mean": 2468529.1392405066,
        "median": 88603.57911298847,
        "min": 611,
        "max": 163716584,
        "variance_ns2": 365167075391114.94,
        "iqr_ns": 463174.8554956451,
        "q1_ns": 27359.283717030656,
        "q3_ns": 490534.13921267574
      },
      "futex_op_counts": {
        "128": 395
      },
      "first_seen_ts_ns": 6858986733776,
      "last_seen_ts_ns": 6859153392989
    },
    {
      "tgid": 164178,
      "comm": "runc",
      "cgroup_id": 4085,
      "wait_duration_stats_ns": {
        "count": 233.0,
        "sum": 972190123.0,
        "mean": 4172489.7982832617,
        "median": 475721.3601141839,
        "min": 4969,
        "max": 139044655,
        "variance_ns2": 330019446857660.6,
        "iqr_ns": 5093752.74697531,
        "q1_ns": 39322.7633952609,
        "q3_ns": 5133075.510370571
      },
      "futex_op_counts": {
        "128": 233
      },
      "first_seen_ts_ns": 6849000043193,
      "last_seen_ts_ns": 6849150893533
    },
    {
      "tgid": 164489,
      "comm": "xhpcg",
      "cgroup_id": 50387,
      "wait_duration_stats_ns": {
        "count": 1556.0,
        "sum": 969453977.0000004,
        "mean": 623042.4016709514,
        "median": 197391.73697958622,
        "min": 1575,
        "max": 43343506,
        "variance_ns2": 6545162174287.191,
        "iqr_ns": 166754.2200559157,
        "q1_ns": 101701.63471832838,
        "q3_ns": 268455.8547742441
      },
      "futex_op_counts": {
        "128": 1556
      },
      "first_seen_ts_ns": 6880562832748,
      "last_seen_ts_ns": 6898607974391
    },
    {
      "tgid": 164525,
      "comm": "xhpcg",
      "cgroup_id": 50387,
      "wait_duration_stats_ns": {
        "count": 1871.0,
        "sum": 967583726.000001,
        "mean": 517147.9027258156,
        "median": 188766.56523561507,
        "min": 1234,
        "max": 43469938,
        "variance_ns2": 4909351402554.397,
        "iqr_ns": 158466.39062859764,
        "q1_ns": 112325.39714090012,
        "q3_ns": 270791.7877694978
      },
      "futex_op_counts": {
        "128": 1871
      },
      "first_seen_ts_ns": 6880562723348,
      "last_seen_ts_ns": 6898608045831
    },
    {
      "tgid": 164529,
      "comm": "xhpcg",
      "cgroup_id": 50387,
      "wait_duration_stats_ns": {
        "count": 1640.0,
        "sum": 962370540.9999999,
        "mean": 586811.3054878048,
        "median": 169126.63797731829,
        "min": 1746,
        "max": 42277137,
        "variance_ns2": 6603290486912.471,
        "iqr_ns": 129317.59723861539,
        "q1_ns": 93114.25789215692,
        "q3_ns": 222431.8551307723
      },
      "futex_op_counts": {
        "128": 1640
      },
      "first_seen_ts_ns": 6880562858571,
      "last_seen_ts_ns": 6898608014943
    },
    {
      "tgid": 164513,
      "comm": "xhpcg",
      "cgroup_id": 50387,
      "wait_duration_stats_ns": {
        "count": 1652.0,
        "sum": 950123852.0000012,
        "mean": 575135.503631962,
        "median": 202691.35155976555,
        "min": 2100,
        "max": 43231786,
        "variance_ns2": 6214946641225.265,
        "iqr_ns": 163270.5376720953,
        "q1_ns": 103268.952589349,
        "q3_ns": 266539.4902614443
      },
      "futex_op_counts": {
        "128": 1652
      },
      "first_seen_ts_ns": 6880562952295,
      "last_seen_ts_ns": 6898607968558
    },
    {
      "tgid": 164559,
      "comm": "runc",
      "cgroup_id": 4085,
      "wait_duration_stats_ns": {
        "count": 338.0,
        "sum": 947574202.9999999,
        "mean": 2803473.9733727807,
        "median": 117935.10735960945,
        "min": 2676,
        "max": 136587222,
        "variance_ns2": 268818027011436.16,
        "iqr_ns": 555939.7767229662,
        "q1_ns": 23666.434183435165,
        "q3_ns": 579606.2109064014
      },
      "futex_op_counts": {
        "128": 338
      },
      "first_seen_ts_ns": 6880720452399,
      "last_seen_ts_ns": 6880864302320
    },
    {
      "tgid": 164503,
      "comm": "xhpcg",
      "cgroup_id": 50387,
      "wait_duration_stats_ns": {
        "count": 1751.0,
        "sum": 944861404.9999994,
        "mean": 539612.4528840659,
        "median": 203166.17396289602,
        "min": 2206,
        "max": 44500137,
        "variance_ns2": 5059801819293.26,
        "iqr_ns": 174791.432920771,
        "q1_ns": 107942.90852130309,
        "q3_ns": 282734.3414420741
      },
      "futex_op_counts": {
        "128": 1751
      },
      "first_seen_ts_ns": 6880562804837,
      "last_seen_ts_ns": 6898607978320
    },
    {
      "tgid": 164515,
      "comm": "xhpcg",
      "cgroup_id": 50387,
      "wait_duration_stats_ns": {
        "count": 1599.0,
        "sum": 942831324.9999976,
        "mean": 589638.1019387102,
        "median": 203800.3769695105,
        "min": 1936,
        "max": 41967123,
        "variance_ns2": 5912920914967.969,
        "iqr_ns": 171906.12155497193,
        "q1_ns": 98983.03384986232,
        "q3_ns": 270889.15540483425
      },
      "futex_op_counts": {
        "128": 1599
      },
      "first_seen_ts_ns": 6880563300951,
      "last_seen_ts_ns": 6898609684847
    },
    {
      "tgid": 164517,
      "comm": "xhpcg",
      "cgroup_id": 50387,
      "wait_duration_stats_ns": {
        "count": 1444.0,
        "sum": 899063275.0000021,
        "mean": 622619.9965373976,
        "median": 201875.70839005386,
        "min": 1694,
        "max": 42690798,
        "variance_ns2": 6469258684963.523,
        "iqr_ns": 176435.4734418408,
        "q1_ns": 101979.22420424501,
        "q3_ns": 278414.6976460858
      },
      "futex_op_counts": {
        "128": 1444
      },
      "first_seen_ts_ns": 6880562633815,
      "last_seen_ts_ns": 6898607991960
    },
    {
      "tgid": 164508,
      "comm": "xhpcg",
      "cgroup_id": 50387,
      "wait_duration_stats_ns": {
        "count": 1427.0,
        "sum": 896662945.9999996,
        "mean": 628355.2529782759,
        "median": 210718.37107121738,
        "min": 1656,
        "max": 44269270,
        "variance_ns2": 6248111001594.385,
        "iqr_ns": 186588.52005109176,
        "q1_ns": 103042.57876768874,
        "q3_ns": 289631.0988187805
      },
      "futex_op_counts": {
        "128": 1427
      },
      "first_seen_ts_ns": 6880562802385,
      "last_seen_ts_ns": 6898608020600
    },
    {
      "tgid": 164203,
      "comm": "runc",
      "cgroup_id": 4085,
      "wait_duration_stats_ns": {
        "count": 355.0,
        "sum": 886549153.0000004,
        "mean": 2497321.5577464798,
        "median": 112408.77348717193,
        "min": 549,
        "max": 131953580,
        "variance_ns2": 279325419091311.72,
        "iqr_ns": 562848.0411205355,
        "q1_ns": 26596.743268570568,
        "q3_ns": 589444.784389106
      },
      "futex_op_counts": {
        "128": 355
      },
      "first_seen_ts_ns": 6850717774039,
      "last_seen_ts_ns": 6850853810696
    },
    {
      "tgid": 164505,
      "comm": "xhpcg",
      "cgroup_id": 50387,
      "wait_duration_stats_ns": {
        "count": 1292.0,
        "sum": 859877049.9999998,
        "mean": 665539.5123839007,
        "median": 210618.38083188643,
        "min": 1698,
        "max": 44317611,
        "variance_ns2": 6518558741361.689,
        "iqr_ns": 159263.32415553415,
        "q1_ns": 118774.58816992778,
        "q3_ns": 278037.9123254619
      },
      "futex_op_counts": {
        "128": 1292
      },
      "first_seen_ts_ns": 6880562782713,
      "last_seen_ts_ns": 6898608010330
    },
    {
      "tgid": 164620,
      "comm": "runc:[2:INIT]",
      "cgroup_id": 5011,
      "wait_duration_stats_ns": {
        "count": 25.0,
        "sum": 835484086.0,
        "mean": 33419363.44,
        "median": 3362254.8787423074,
        "min": 23549,
        "max": 151734653,
        "variance_ns2": 3476573155587976.5,
        "iqr_ns": 10807814.246466206,
        "q1_ns": 1357750.8933686786,
        "q3_ns": 12165565.139834885
      },
      "futex_op_counts": {
        "128": 25
      },
      "first_seen_ts_ns": 6890738152063,
      "last_seen_ts_ns": 6890909648290
    },
    {
      "tgid": 164091,
      "comm": "runc:[2:INIT]",
      "cgroup_id": 5011,
      "wait_duration_stats_ns": {
        "count": 22.0,
        "sum": 823643056.0,
        "mean": 37438320.72727273,
        "median": 361336.4847174597,
        "min": 2228,
        "max": 165053890,
        "variance_ns2": 4929098273053442.0,
        "iqr_ns": 17437740.65016496,
        "q1_ns": 243648.715146536,
        "q3_ns": 17681389.3653115
      },
      "futex_op_counts": {
        "128": 22
      },
      "first_seen_ts_ns": 6840717031033,
      "last_seen_ts_ns": 6840882447779
    },
    {
      "tgid": 164448,
      "comm": "runc:[2:INIT]",
      "cgroup_id": 5011,
      "wait_duration_stats_ns": {
        "count": 25.0,
        "sum": 821590620.0000001,
        "mean": 32863624.800000004,
        "median": 4016411.868089761,
        "min": 806,
        "max": 150079392,
        "variance_ns2": 3300797801017803.5,
        "iqr_ns": 26701817.0141891,
        "q1_ns": 696146.2921667087,
        "q3_ns": 27397963.30635581
      },
      "futex_op_counts": {
        "128": 25
      },
      "first_seen_ts_ns": 6870726341209,
      "last_seen_ts_ns": 6870893524935
    },
    {
      "tgid": 164460,
      "comm": "runc",
      "cgroup_id": 4085,
      "wait_duration_stats_ns": {
        "count": 222.0,
        "sum": 773460122.0000001,
        "mean": 3484054.6036036042,
        "median": 158728.26835643678,
        "min": 5866,
        "max": 146203278,
        "variance_ns2": 381631174170466.6,
        "iqr_ns": 717958.5315393908,
        "q1_ns": 25485.091633475247,
        "q3_ns": 743443.6231728661
      },
      "futex_op_counts": {
        "128": 222
      },
      "first_seen_ts_ns": 6879000036767,
      "last_seen_ts_ns": 6879164823963
    },
    {
      "tgid": 164292,
      "comm": "runc:[2:INIT]",
      "cgroup_id": 5011,
      "wait_duration_stats_ns": {
        "count": 26.0,
        "sum": 765817902.0000002,
        "mean": 29454534.6923077,
        "median": 2983449.287810442,
        "min": 370,
        "max": 153816660,
        "variance_ns2": 3725211776405634.0,
        "iqr_ns": 30854563.808864463,
        "q1_ns": 27410.888888888887,
        "q3_ns": 30881974.69775335
      },
      "futex_op_counts": {
        "128": 26
      },
      "first_seen_ts_ns": 6858999250712,
      "last_seen_ts_ns": 6859153355065
    },
    {
      "tgid": 164690,
      "comm": "runc",
      "cgroup_id": 4085,
      "wait_duration_stats_ns": {
        "count": 400.0,
        "sum": 725257898.0,
        "mean": 1813144.7449999999,
        "median": 51246.31178006366,
        "min": 8106,
        "max": 123172960,
        "variance_ns2": 202020887121444.4,
        "iqr_ns": 290712.9310752829,
        "q1_ns": 16694.218684078365,
        "q3_ns": 307407.1497593613
      },
      "futex_op_counts": {
        "128": 400
      },
      "first_seen_ts_ns": 6898986631599,
      "last_seen_ts_ns": 6899111891706
    },
    {
      "tgid": 164331,
      "comm": "runc",
      "cgroup_id": 4085,
      "wait_duration_stats_ns": {
        "count": 426.0,
        "sum": 705960300.9999999,
        "mean": 1657183.805164319,
        "median": 75048.03506959786,
        "min": 7681,
        "max": 119458963,
        "variance_ns2": 170172112872972.1,
        "iqr_ns": 316534.09395180835,
        "q1_ns": 21564.211692339588,
        "q3_ns": 338098.3056441479
      },
      "futex_op_counts": {
        "128": 426
      },
      "first_seen_ts_ns": 6860711922541,
      "last_seen_ts_ns": 6860834463691
    },
    {
      "tgid": 164596,
      "comm": "runc:[2:INIT]",
      "cgroup_id": 5011,
      "wait_duration_stats_ns": {
        "count": 25.0,
        "sum": 663518181.9999999,
        "mean": 26540727.279999997,
        "median": 9978878.514310073,
        "min": 54569,
        "max": 112759271,
        "variance_ns2": 1632422407695166.2,
        "iqr_ns": 17143696.97861261,
        "q1_ns": 5959496.119595333,
        "q3_ns": 23103193.098207943
      },
      "futex_op_counts": {
        "128": 25
      },
      "first_seen_ts_ns": 6889070046565,
      "last_seen_ts_ns": 6889209923341
    },
    {
      "tgid": 164861,
      "comm": "runc",
      "cgroup_id": 4085,
      "wait_duration_stats_ns": {
        "count": 409.0,
        "sum": 645515007.0,
        "mean": 1578276.3007334962,
        "median": 62411.502992112386,
        "min": 8409,
        "max": 109627830,
        "variance_ns2": 154537018040010.2,
        "iqr_ns": 316027.24657430215,
        "q1_ns": 19768.817183358296,
        "q3_ns": 335796.06375766045
      },
      "futex_op_counts": {
        "128": 409
      },
      "first_seen_ts_ns": 6900710128116,
      "last_seen_ts_ns": 6900821843197
    },
    {
      "tgid": 164214,
      "comm": "runc:[2:INIT]",
      "cgroup_id": 5011,
      "wait_duration_stats_ns": {
        "count": 22.0,
        "sum": 623901178.0,
        "mean": 28359144.454545453,
        "median": 2183489.171897266,
        "min": 710,
        "max": 125284570,
        "variance_ns2": 2796547616699932.0,
        "iqr_ns": 10856280.884465026,
        "q1_ns": 53021.216049382725,
        "q3_ns": 10909302.100514408
      },
      "futex_op_counts": {
        "128": 22
      },
      "first_seen_ts_ns": 6850727890976,
      "last_seen_ts_ns": 6850853623814
    },
    {
      "tgid": 164705,
      "comm": "runc:[2:INIT]",
      "cgroup_id": 5011,
      "wait_duration_stats_ns": {
        "count": 25.0,
        "sum": 590716755.0,
        "mean": 23628670.2,
        "median": 494297.68056573044,
        "min": 353,
        "max": 118473453,
        "variance_ns2": 2291407302031989.5,
        "iqr_ns": 22969493.16863273,
        "q1_ns": 47723.395726554634,
        "q3_ns": 23017216.564359285
      },
      "futex_op_counts": {
        "128": 25
      },
      "first_seen_ts_ns": 6898993183110,
      "last_seen_ts_ns": 6899111882478
    },
    {
      "tgid": 164469,
      "comm": "runc:[2:INIT]",
      "cgroup_id": 5011,
      "wait_duration_stats_ns": {
        "count": 28.0,
        "sum": 584597934.0000001,
        "mean": 20878497.642857146,
        "median": 2497192.9476458034,
        "min": 1163,
        "max": 105605022,
        "variance_ns2": 1298643644515743.5,
        "iqr_ns": 18285937.133661065,
        "q1_ns": 39069.65775563367,
        "q3_ns": 18325006.791416697
      },
      "futex_op_counts": {
        "128": 28
      },
      "first_seen_ts_ns": 6879050572181,
      "last_seen_ts_ns": 6879172913862
    },
    {
      "tgid": 164341,
      "comm": "runc:[2:INIT]",
      "cgroup_id": 5011,
      "wait_duration_stats_ns": {
        "count": 26.0,
        "sum": 561324683.0000001,
        "mean": 21589410.884615388,
        "median": 986897.4746808597,
        "min": 765,
        "max": 112775913,
        "variance_ns2": 1979832721600767.8,
        "iqr_ns": 13276351.822548939,
        "q1_ns": 42677.20594618057,
        "q3_ns": 13319029.02849512
      },
      "futex_op_counts": {
        "128": 26
      },
      "first_seen_ts_ns": 6860721165879,
      "last_seen_ts_ns": 6860834492046
    },
    {
      "tgid": 164871,
      "comm": "runc:[2:INIT]",
      "cgroup_id": 5011,
      "wait_duration_stats_ns": {
        "count": 26.0,
        "sum": 522281430.0000001,
        "mean": 20087747.30769231,
        "median": 2128802.5483835205,
        "min": 375,
        "max": 104787862,
        "variance_ns2": 1734353755891789.5,
        "iqr_ns": 20284830.754126843,
        "q1_ns": 157024.0150627836,
        "q3_ns": 20441854.769189626
      },
      "futex_op_counts": {
        "128": 26
      },
      "first_seen_ts_ns": 6900716792639,
      "last_seen_ts_ns": 6900821833921
    },
    {
      "tgid": 164570,
      "comm": "runc:[2:INIT]",
      "cgroup_id": 5011,
      "wait_duration_stats_ns": {
        "count": 23.0,
        "sum": 492068439.0,
        "mean": 21394279.95652174,
        "median": 6794136.648628499,
        "min": 28896,
        "max": 90979170,
        "variance_ns2": 1377489917857739.5,
        "iqr_ns": 37664079.87823979,
        "q1_ns": 55404.28645833333,
        "q3_ns": 37719484.164698124
      },
      "futex_op_counts": {
        "128": 23
      },
      "first_seen_ts_ns": 6880772497480,
      "last_seen_ts_ns": 6880872182937
    },
    {
      "tgid": 164190,
      "comm": "runc:[2:INIT]",
      "cgroup_id": 5011,
      "wait_duration_stats_ns": {
        "count": 21.0,
        "sum": 438497066.0,
        "mean": 20880812.666666668,
        "median": 9514099.227402387,
        "min": 47064,
        "max": 87741365,
        "variance_ns2": 778559505952501.0,
        "iqr_ns": 7611891.144324809,
        "q1_ns": 4367350.861136498,
        "q3_ns": 11979242.005461307
      },
      "futex_op_counts": {
        "128": 21
      },
      "first_seen_ts_ns": 6849060038750,
      "last_seen_ts_ns": 6849159063207
    },
    {
      "tgid": 164401,
      "comm": "aws-cni",
      "cgroup_id": 4085,
      "wait_duration_stats_ns": {
        "count": 263.0,
        "sum": 317920899.99999994,
        "mean": 1208824.714828897,
        "median": 100346.44672115865,
        "min": 569,
        "max": 22648419,
        "variance_ns2": 17232518187991.965,
        "iqr_ns": 606634.7906198291,
        "q1_ns": 24455.858793077838,
        "q3_ns": 631090.649412907
      },
      "futex_op_counts": {
        "128": 263
      },
      "first_seen_ts_ns": 6865689706356,
      "last_seen_ts_ns": 6865730042595
    },
    {
      "tgid": 164596,
      "comm": "grpc-health-pro",
      "cgroup_id": 5011,
      "wait_duration_stats_ns": {
        "count": 14.0,
        "sum": 112644457.0,
        "mean": 8046032.642857143,
        "median": 8821345.629166666,
        "min": 23997,
        "max": 19551521,
        "variance_ns2": 27350569269809.473,
        "iqr_ns": 5494790.29404762,
        "q1_ns": 4311266.925000001,
        "q3_ns": 9806057.21904762
      },
      "futex_op_counts": {
        "128": 14
      },
      "first_seen_ts_ns": 6889228068140,
      "last_seen_ts_ns": 6889252944712
    },
    {
      "tgid": 164448,
      "comm": "grpc-health-pro",
      "cgroup_id": 5011,
      "wait_duration_stats_ns": {
        "count": 11.0,
        "sum": 92654053.0,
        "mean": 8423095.727272727,
        "median": 8239739.375,
        "min": 3571217,
        "max": 13832406,
        "variance_ns2": 7500556368072.018,
        "iqr_ns": 2079574.2000000002,
        "q1_ns": 6708686.666666667,
        "q3_ns": 8788260.866666667
      },
      "futex_op_counts": {
        "128": 11
      },
      "first_seen_ts_ns": 6870903669628,
      "last_seen_ts_ns": 6870922163988
    },
    {
      "tgid": 164570,
      "comm": "grpc-health-pro",
      "cgroup_id": 5011,
      "wait_duration_stats_ns": {
        "count": 12.0,
        "sum": 86441156.0,
        "mean": 7203429.666666666,
        "median": 7853150.0,
        "min": 620202,
        "max": 14243605,
        "variance_ns2": 15618053264035.7,
        "iqr_ns": 6742144.211111112,
        "q1_ns": 3944961.066666667,
        "q3_ns": 10687105.277777778
      },
      "futex_op_counts": {
        "128": 12
      },
      "first_seen_ts_ns": 6880885460184,
      "last_seen_ts_ns": 6880915964422
    },
    {
      "tgid": 164469,
      "comm": "grpc-health-pro",
      "cgroup_id": 5011,
      "wait_duration_stats_ns": {
        "count": 19.0,
        "sum": 84428981.0,
        "mean": 4443630.578947368,
        "median": 2946990.1711135916,
        "min": 12992,
        "max": 12215273,
        "variance_ns2": 19156375280989.145,
        "iqr_ns": 7345604.736266724,
        "q1_ns": 138664.71428571426,
        "q3_ns": 7484269.450552438
      },
      "futex_op_counts": {
        "128": 19
      },
      "first_seen_ts_ns": 6879189558684,
      "last_seen_ts_ns": 6879210046818
    },
    {
      "tgid": 164341,
      "comm": "grpc-health-pro",
      "cgroup_id": 5011,
      "wait_duration_stats_ns": {
        "count": 37.0,
        "sum": 82952242.00000003,
        "mean": 2241952.486486487,
        "median": 796938.7715518295,
        "min": 861,
        "max": 14651096,
        "variance_ns2": 14671324033352.207,
        "iqr_ns": 4754624.660086702,
        "q1_ns": 77524.2687489739,
        "q3_ns": 4832148.928835675
      },
      "futex_op_counts": {
        "128": 37
      },
      "first_seen_ts_ns": 6860840128539,
      "last_seen_ts_ns": 6860860481160
    },
    {
      "tgid": 164190,
      "comm": "grpc-health-pro",
      "cgroup_id": 5011,
      "wait_duration_stats_ns": {
        "count": 12.0,
        "sum": 61857034.0,
        "mean": 5154752.833333333,
        "median": 1526346.5972222225,
        "min": 178516,
        "max": 15399240,
        "variance_ns2": 27431866140240.336,
        "iqr_ns": 6574490.822530863,
        "q1_ns": 1050113.1666666667,
        "q3_ns": 7624603.98919753
      },
      "futex_op_counts": {
        "128": 12
      },
      "first_seen_ts_ns": 6849166225776,
      "last_seen_ts_ns": 6849188885872
    },
    {
      "tgid": 164371,
      "comm": "aws-cni",
      "cgroup_id": 4085,
      "wait_duration_stats_ns": {
        "count": 249.0,
        "sum": 57457161.999999985,
        "mean": 230751.65461847384,
        "median": 53392.75820740689,
        "min": 591,
        "max": 5899484,
        "variance_ns2": 617296756379.5012,
        "iqr_ns": 213172.96384358,
        "q1_ns": 19551.288638054975,
        "q3_ns": 232724.25248163496
      },
      "futex_op_counts": {
        "128": 249
      },
      "first_seen_ts_ns": 6865652845742,
      "last_seen_ts_ns": 6865664050571
    },
    {
      "tgid": 164427,
      "comm": "grpc-health-pro",
      "cgroup_id": 5011,
      "wait_duration_stats_ns": {
        "count": 11.0,
        "sum": 51553616.0,
        "mean": 4686692.363636363,
        "median": 2636588.0,
        "min": 23583,
        "max": 8685964,
        "variance_ns2": 17376155433512.053,
        "iqr_ns": 6687897.971875,
        "q1_ns": 51521.0,
        "q3_ns": 6739418.971875
      },
      "futex_op_counts": {
        "128": 11
      },
      "first_seen_ts_ns": 6869329318804,
      "last_seen_ts_ns": 6869339898770
    },
    {
      "tgid": 164365,
      "comm": "egress-cni",
      "cgroup_id": 4085,
      "wait_duration_stats_ns": {
        "count": 7.0,
        "sum": 29277575.0,
        "mean": 4182510.714285714,
        "median": 203266.0,
        "min": 1101,
        "max": 9784093,
        "variance_ns2": 25462735327325.574,
        "iqr_ns": 1149578.6666666665,
        "q1_ns": 203266.0,
        "q3_ns": 1352844.6666666665
      },
      "futex_op_counts": {
        "128": 7
      },
      "first_seen_ts_ns": 6865638857915,
      "last_seen_ts_ns": 6865648765878
    },
    {
      "tgid": 164214,
      "comm": "grpc-health-pro",
      "cgroup_id": 5011,
      "wait_duration_stats_ns": {
        "count": 34.0,
        "sum": 20378011.999999996,
        "mean": 599353.294117647,
        "median": 211754.17216369085,
        "min": 6941,
        "max": 2534036,
        "variance_ns2": 631237388940.3959,
        "iqr_ns": 669151.3604582027,
        "q1_ns": 74574.45558105462,
        "q3_ns": 743725.8160392572
      },
      "futex_op_counts": {
        "128": 34
      },
      "first_seen_ts_ns": 6850856833017,
      "last_seen_ts_ns": 6850861096685
    },
    {
      "tgid": 164395,
      "comm": "egress-cni",
      "cgroup_id": 4085,
      "wait_duration_stats_ns": {
        "count": 8.0,
        "sum": 17414581.0,
        "mean": 2176822.625,
        "median": 271724.0,
        "min": 39605,
        "max": 5694983,
        "variance_ns2": 7051789213011.409,
        "iqr_ns": 995275.75,
        "q1_ns": 183637.5,
        "q3_ns": 1178913.25
      },
      "futex_op_counts": {
        "128": 8
      },
      "first_seen_ts_ns": 6865672480035,
      "last_seen_ts_ns": 6865678173853
    },
    {
      "tgid": 164620,
      "comm": "grpc-health-pro",
      "cgroup_id": 5011,
      "wait_duration_stats_ns": {
        "count": 11.0,
        "sum": 15598165.0,
        "mean": 1418015.0,
        "median": 639535.6875,
        "min": 10972,
        "max": 7313777,
        "variance_ns2": 4746205421280.2,
        "iqr_ns": 1708619.9398148148,
        "q1_ns": 34075.125,
        "q3_ns": 1742695.0648148148
      },
      "futex_op_counts": {
        "128": 11
      },
      "first_seen_ts_ns": 6890919566666,
      "last_seen_ts_ns": 6890923663701
    },
    {
      "tgid": 164705,
      "comm": "grpc-health-pro",
      "cgroup_id": 5011,
      "wait_duration_stats_ns": {
        "count": 35.0,
        "sum": 9078780.000000002,
        "mean": 259393.71428571432,
        "median": 70460.6483750026,
        "min": 429,
        "max": 1278906,
        "variance_ns2": 144053579392.50418,
        "iqr_ns": 233876.94467764965,
        "q1_ns": 24647.074561497066,
        "q3_ns": 258524.01923914673
      },
      "futex_op_counts": {
        "128": 35
      },
      "first_seen_ts_ns": 6899113674635,
      "last_seen_ts_ns": 6899115836483
    },
    {
      "tgid": 164292,
      "comm": "grpc-health-pro",
      "cgroup_id": 5011,
      "wait_duration_stats_ns": {
        "count": 31.0,
        "sum": 8496518.0,
        "mean": 274081.22580645164,
        "median": 76878.83656887517,
        "min": 9581,
        "max": 1350652,
        "variance_ns2": 167211505439.31396,
        "iqr_ns": 212291.8896914872,
        "q1_ns": 18768.996628356483,
        "q3_ns": 231060.88631984367
      },
      "futex_op_counts": {
        "128": 31
      },
      "first_seen_ts_ns": 6859191490739,
      "last_seen_ts_ns": 6859193760173
    },
    {
      "tgid": 164091,
      "comm": "grpc-health-pro",
      "cgroup_id": 5011,
      "wait_duration_stats_ns": {
        "count": 29.0,
        "sum": 8066605.0,
        "mean": 278158.7931034483,
        "median": 77831.40557106466,
        "min": 8071,
        "max": 1178225,
        "variance_ns2": 139588634580.45566,
        "iqr_ns": 315319.81508373993,
        "q1_ns": 19453.8242496613,
        "q3_ns": 334773.6393334012
      },
      "futex_op_counts": {
        "128": 29
      },
      "first_seen_ts_ns": 6840931406689,
      "last_seen_ts_ns": 6840933505628
    },
    {
      "tgid": 164871,
      "comm": "grpc-health-pro",
      "cgroup_id": 5011,
      "wait_duration_stats_ns": {
        "count": 32.0,
        "sum": 7908070.0,
        "mean": 247127.1875,
        "median": 56598.051574712925,
        "min": 497,
        "max": 1197276,
        "variance_ns2": 141026075014.09277,
        "iqr_ns": 224047.67852884604,
        "q1_ns": 23541.410245395477,
        "q3_ns": 247589.0887742415
      },
      "futex_op_counts": {
        "128": 32
      },
      "first_seen_ts_ns": 6900823517639,
      "last_seen_ts_ns": 6900825620013
    },
    {
      "tgid": 164390,
      "comm": "portmap",
      "cgroup_id": 4085,
      "wait_duration_stats_ns": {
        "count": 7.0,
        "sum": 1731852.0,
        "mean": 247407.42857142858,
        "median": 124579.0,
        "min": 8768,
        "max": 602886,
        "variance_ns2": 43791461296.952385,
        "iqr_ns": 79894.94444444444,
        "q1_ns": 124579.0,
        "q3_ns": 204473.94444444444
      },
      "futex_op_counts": {
        "128": 7
      },
      "first_seen_ts_ns": 6865669171872,
      "last_seen_ts_ns": 6865669890217
    },
    {
      "tgid": 164360,
      "comm": "portmap",
      "cgroup_id": 4085,
      "wait_duration_stats_ns": {
        "count": 6.0,
        "sum": 1610979.0,
        "mean": 268496.5,
        "median": 170959.0,
        "min": 42982,
        "max": 557674,
        "variance_ns2": 36256240604.7,
        "iqr_ns": 79378.0,
        "q1_ns": 170959.0,
        "q3_ns": 250337.0
      },
      "futex_op_counts": {
        "128": 6
      },
      "first_seen_ts_ns": 6865635358108,
      "last_seen_ts_ns": 6865635911845
    },
    {
      "tgid": 164385,
      "comm": "loopback",
      "cgroup_id": 4085,
      "wait_duration_stats_ns": {
        "count": 7.0,
        "sum": 1116959.0,
        "mean": 159565.57142857142,
        "median": 101729.0,
        "min": 1971,
        "max": 403912,
        "variance_ns2": 18171383920.952377,
        "iqr_ns": 66966.94444444444,
        "q1_ns": 101729.0,
        "q3_ns": 168695.94444444444
      },
      "futex_op_counts": {
        "128": 7
      },
      "first_seen_ts_ns": 6865667366665,
      "last_seen_ts_ns": 6865667802998
    },
    {
      "tgid": 164355,
      "comm": "loopback",
      "cgroup_id": 4085,
      "wait_duration_stats_ns": {
        "count": 8.0,
        "sum": 1109340.0,
        "mean": 138667.5,
        "median": 78753.86111111111,
        "min": 17432,
        "max": 376817,
        "variance_ns2": 14246229162.571428,
        "iqr_ns": 93468.69135802469,
        "q1_ns": 45540.0,
        "q3_ns": 139008.6913580247
      },
      "futex_op_counts": {
        "128": 8
      },
      "first_seen_ts_ns": 6865633528996,
      "last_seen_ts_ns": 6865633933906
    },
    {
      "tgid": 163890,
      "comm": "flux-broker-0",
      "cgroup_id": 50387,
      "wait_duration_stats_ns": {
        "count": 310.0,
        "sum": 467442.00000000006,
        "mean": 1507.8774193548388,
        "median": 472.63708282491905,
        "min": 289,
        "max": 13234,
        "variance_ns2": 7096436.120847685,
        "iqr_ns": 601.28429938573,
        "q1_ns": 389.0169433188399,
        "q3_ns": 990.3012427045699
      },
      "futex_op_counts": {
        "128": 310
      },
      "first_seen_ts_ns": 6840432311847,
      "last_seen_ts_ns": 6903759927490
    }
  ]
}
[23:04:08] Cleanup complete.
