

32 32 32
15
chmod: cannot access './wait-fs': No such file or directory
mv: cannot stat './wait-fs': No such file or directory
ln: failed to create symbolic link '/mnt/flux/view/lib/python': File exists
ln: failed to create symbolic link '/mnt/flux/view/lib/python3': File exists
#!/bin/bash
set -euo pipefail
flux resource list
echo "The parent process ID is: $PPID"          
echo "The execution parent process ID is: $$"         
CGROUP_PATH_LINE=$(cat "/proc/$$/cgroup")
echo 
CGROUP_V2_PATH=${CGROUP_PATH_LINE:3}
ACTUAL_CGROUP_DIR="/sys/fs/cgroup${CGROUP_V2_PATH}"
TARGET_CGROUP_ID=$(stat -c '%i' $ACTUAL_CGROUP_DIR)
echo "The cgroup id is $TARGET_CGROUP_ID"
echo -n $TARGET_CGROUP_ID > /mnt/flux/cgroup-id.txt
sleep 5
flux exec -r all touch /mnt/flux/start_ebpf_collection
for i in {1..3}
do
  echo "FLUX-RUN START hpcg-iter-$i"
  flux run --setattr=user.study_id=hpcg-iter-$i -N1 -n 24 -o cpu-affinity=per-task -o gpu-affinity=off     /opt/hpcg/xhpcg
  
   echo "FLUX-RUN END hpcg-iter-$i"
done

  echo "FLUX-RESULTS START"
  cat hpcg*.txt
  echo "HPCG-BENCHMARKS"
  cat HPCG-Benchmark*.txt
  echo "FLUX-RESULTS END"

output=./results/${app}
(apt-get update > /dev/null 2>&1 && apt-get install -y jq > /dev/null 2>&1) || (yum update -y > /dev/null 2>&1 && yum install -y jq > /dev/null 2>&1)
mkdir -p $output
for jobid in $(flux jobs -a --json | jq -r .jobs[].id); do
    echo
    study_id=$(flux job info $jobid jobspec | jq -r ".attributes.user.study_id")
    echo "FLUX-JOB START ${jobid} ${study_id}"
    echo "FLUX-JOB-JOBSPEC START"
    flux job info $jobid jobspec
    echo "FLUX-JOB-JOBSPEC END" 
    
    echo "FLUX-JOB-RESOURCES START"
    flux job info ${jobid} R
    echo "FLUX-JOB-RESOURCES END"
    echo "FLUX-JOB-EVENTLOG START" 
    flux job info $jobid guest.exec.eventlog
    echo "FLUX-JOB-EVENTLOG END" 
    echo "FLUX-JOB END ${jobid} ${study_id}"
done
echo "FLUX JOB STATS"
flux job stats 

     STATE NNODES   NCORES    NGPUS NODELIST
      free      1       24        0 hpcg-0
 allocated      0        0        0 
      down      0        0        0 
The parent process ID is: 143
The execution parent process ID is: 197

The cgroup id is 50387
FLUX-RUN START hpcg-iter-1
FLUX-RUN END hpcg-iter-1
FLUX-RUN START hpcg-iter-2
FLUX-RUN END hpcg-iter-2
FLUX-RUN START hpcg-iter-3
FLUX-RUN END hpcg-iter-3
FLUX-RESULTS START
WARNING: PERFORMING UNPRECONDITIONED ITERATIONS
Call [0] Number of Iterations [11] Scaled Residual [1.20332e-14]
WARNING: PERFORMING UNPRECONDITIONED ITERATIONS
Call [1] Number of Iterations [11] Scaled Residual [1.20332e-14]
Call [0] Number of Iterations [2] Scaled Residual [5.99658e-17]
Call [1] Number of Iterations [2] Scaled Residual [5.99658e-17]
Departure from symmetry (scaled) for SpMV abs(x'*A*y - y'*A*x) = 8.94567e-09
Departure from symmetry (scaled) for MG abs(x'*Minv*y - y'*Minv*x) = 4.47283e-09
SpMV call [0] Residual [0]
SpMV call [1] Residual [0]
Call [0] Scaled Residual [3.07873e-08]
Call [1] Scaled Residual [3.07873e-08]
Call [2] Scaled Residual [3.07873e-08]
Call [3] Scaled Residual [3.07873e-08]
Call [4] Scaled Residual [3.07873e-08]
Call [5] Scaled Residual [3.07873e-08]
Call [6] Scaled Residual [3.07873e-08]
Call [7] Scaled Residual [3.07873e-08]
Call [8] Scaled Residual [3.07873e-08]
Call [9] Scaled Residual [3.07873e-08]
Call [10] Scaled Residual [3.07873e-08]
Call [11] Scaled Residual [3.07873e-08]
Call [12] Scaled Residual [3.07873e-08]
Call [13] Scaled Residual [3.07873e-08]
Call [14] Scaled Residual [3.07873e-08]
Call [15] Scaled Residual [3.07873e-08]
Call [16] Scaled Residual [3.07873e-08]
WARNING: PERFORMING UNPRECONDITIONED ITERATIONS
Call [0] Number of Iterations [11] Scaled Residual [1.20332e-14]
WARNING: PERFORMING UNPRECONDITIONED ITERATIONS
Call [1] Number of Iterations [11] Scaled Residual [1.20332e-14]
Call [0] Number of Iterations [2] Scaled Residual [5.99658e-17]
Call [1] Number of Iterations [2] Scaled Residual [5.99658e-17]
Departure from symmetry (scaled) for SpMV abs(x'*A*y - y'*A*x) = 8.94567e-09
Departure from symmetry (scaled) for MG abs(x'*Minv*y - y'*Minv*x) = 4.47283e-09
SpMV call [0] Residual [0]
SpMV call [1] Residual [0]
Call [0] Scaled Residual [3.07873e-08]
Call [1] Scaled Residual [3.07873e-08]
Call [2] Scaled Residual [3.07873e-08]
Call [3] Scaled Residual [3.07873e-08]
Call [4] Scaled Residual [3.07873e-08]
Call [5] Scaled Residual [3.07873e-08]
Call [6] Scaled Residual [3.07873e-08]
Call [7] Scaled Residual [3.07873e-08]
Call [8] Scaled Residual [3.07873e-08]
Call [9] Scaled Residual [3.07873e-08]
Call [10] Scaled Residual [3.07873e-08]
Call [11] Scaled Residual [3.07873e-08]
Call [12] Scaled Residual [3.07873e-08]
Call [13] Scaled Residual [3.07873e-08]
Call [14] Scaled Residual [3.07873e-08]
Call [15] Scaled Residual [3.07873e-08]
Call [16] Scaled Residual [3.07873e-08]
Call [17] Scaled Residual [3.07873e-08]
Call [18] Scaled Residual [3.07873e-08]
WARNING: PERFORMING UNPRECONDITIONED ITERATIONS
Call [0] Number of Iterations [11] Scaled Residual [1.20332e-14]
WARNING: PERFORMING UNPRECONDITIONED ITERATIONS
Call [1] Number of Iterations [11] Scaled Residual [1.20332e-14]
Call [0] Number of Iterations [2] Scaled Residual [5.99658e-17]
Call [1] Number of Iterations [2] Scaled Residual [5.99658e-17]
Departure from symmetry (scaled) for SpMV abs(x'*A*y - y'*A*x) = 8.94567e-09
Departure from symmetry (scaled) for MG abs(x'*Minv*y - y'*Minv*x) = 4.47283e-09
SpMV call [0] Residual [0]
SpMV call [1] Residual [0]
Call [0] Scaled Residual [3.07873e-08]
Call [1] Scaled Residual [3.07873e-08]
Call [2] Scaled Residual [3.07873e-08]
Call [3] Scaled Residual [3.07873e-08]
Call [4] Scaled Residual [3.07873e-08]
Call [5] Scaled Residual [3.07873e-08]
Call [6] Scaled Residual [3.07873e-08]
Call [7] Scaled Residual [3.07873e-08]
Call [8] Scaled Residual [3.07873e-08]
Call [9] Scaled Residual [3.07873e-08]
Call [10] Scaled Residual [3.07873e-08]
Call [11] Scaled Residual [3.07873e-08]
Call [12] Scaled Residual [3.07873e-08]
Call [13] Scaled Residual [3.07873e-08]
Call [14] Scaled Residual [3.07873e-08]
Call [15] Scaled Residual [3.07873e-08]
Call [16] Scaled Residual [3.07873e-08]
Call [17] Scaled Residual [3.07873e-08]
Call [18] Scaled Residual [3.07873e-08]
HPCG-BENCHMARKS
HPCG-Benchmark
version=3.1
Release date=March 28, 2019
Machine Summary=
Machine Summary::Distributed Processes=24
Machine Summary::Threads per processes=2
Global Problem Dimensions=
Global Problem Dimensions::Global nx=64
Global Problem Dimensions::Global ny=128
Global Problem Dimensions::Global nz=96
Processor Dimensions=
Processor Dimensions::npx=2
Processor Dimensions::npy=4
Processor Dimensions::npz=3
Local Domain Dimensions=
Local Domain Dimensions::nx=32
Local Domain Dimensions::ny=32
Local Domain Dimensions::Lower ipz=0
Local Domain Dimensions::Upper ipz=2
Local Domain Dimensions::nz=32
########## Problem Summary  ##########=
Setup Information=
Setup Information::Setup Time=0.0656156
Linear System Information=
Linear System Information::Number of Equations=786432
Linear System Information::Number of Nonzero Terms=20757880
Multigrid Information=
Multigrid Information::Number of coarse grid levels=3
Multigrid Information::Coarse Grids=
Multigrid Information::Coarse Grids::Grid Level=1
Multigrid Information::Coarse Grids::Number of Equations=98304
Multigrid Information::Coarse Grids::Number of Nonzero Terms=2536120
Multigrid Information::Coarse Grids::Number of Presmoother Steps=1
Multigrid Information::Coarse Grids::Number of Postsmoother Steps=1
Multigrid Information::Coarse Grids::Grid Level=2
Multigrid Information::Coarse Grids::Number of Equations=12288
Multigrid Information::Coarse Grids::Number of Nonzero Terms=302680
Multigrid Information::Coarse Grids::Number of Presmoother Steps=1
Multigrid Information::Coarse Grids::Number of Postsmoother Steps=1
Multigrid Information::Coarse Grids::Grid Level=3
Multigrid Information::Coarse Grids::Number of Equations=1536
Multigrid Information::Coarse Grids::Number of Nonzero Terms=34408
Multigrid Information::Coarse Grids::Number of Presmoother Steps=1
Multigrid Information::Coarse Grids::Number of Postsmoother Steps=1
########## Memory Use Summary  ##########=
Memory Use Information=
Memory Use Information::Total memory used for data (Gbytes)=0.563707
Memory Use Information::Memory used for OptimizeProblem data (Gbytes)=0
Memory Use Information::Bytes per equation (Total memory / Number of Equations)=716.791
Memory Use Information::Memory used for linear system and CG (Gbytes)=0.495883
Memory Use Information::Coarse Grids=
Memory Use Information::Coarse Grids::Grid Level=1
Memory Use Information::Coarse Grids::Memory used=0.0594048
Memory Use Information::Coarse Grids::Grid Level=2
Memory Use Information::Coarse Grids::Memory used=0.00747158
Memory Use Information::Coarse Grids::Grid Level=3
Memory Use Information::Coarse Grids::Memory used=0.000947852
########## V&V Testing Summary  ##########=
Spectral Convergence Tests=
Spectral Convergence Tests::Result=PASSED
Spectral Convergence Tests::Unpreconditioned=
Spectral Convergence Tests::Unpreconditioned::Maximum iteration count=11
Spectral Convergence Tests::Unpreconditioned::Expected iteration count=12
Spectral Convergence Tests::Preconditioned=
Spectral Convergence Tests::Preconditioned::Maximum iteration count=2
Spectral Convergence Tests::Preconditioned::Expected iteration count=2
Departure from Symmetry |x'Ay-y'Ax|/(2*||x||*||A||*||y||)/epsilon=
Departure from Symmetry |x'Ay-y'Ax|/(2*||x||*||A||*||y||)/epsilon::Result=PASSED
Departure from Symmetry |x'Ay-y'Ax|/(2*||x||*||A||*||y||)/epsilon::Departure for SpMV=8.94567e-09
Departure from Symmetry |x'Ay-y'Ax|/(2*||x||*||A||*||y||)/epsilon::Departure for MG=4.47283e-09
########## Iterations Summary  ##########=
Iteration Count Information=
Iteration Count Information::Result=PASSED
Iteration Count Information::Reference CG iterations per set=50
Iteration Count Information::Optimized CG iterations per set=50
Iteration Count Information::Total number of reference iterations=850
Iteration Count Information::Total number of optimized iterations=850
########## Reproducibility Summary  ##########=
Reproducibility Information=
Reproducibility Information::Result=PASSED
Reproducibility Information::Scaled residual mean=3.07873e-08
Reproducibility Information::Scaled residual variance=0
########## Performance Summary (times in sec) ##########=
Benchmark Time Summary=
Benchmark Time Summary::Optimization phase=3.25e-07
Benchmark Time Summary::DDOT=1.65216
Benchmark Time Summary::WAXPBY=0.123001
Benchmark Time Summary::SpMV=1.92291
Benchmark Time Summary::MG=11.7206
Benchmark Time Summary::Total=15.4201
Floating Point Operations Summary=
Floating Point Operations Summary::Raw DDOT=4.03754e+09
Floating Point Operations Summary::Raw WAXPBY=4.03754e+09
Floating Point Operations Summary::Raw SpMV=3.59942e+10
Floating Point Operations Summary::Raw MG=2.00689e+11
Floating Point Operations Summary::Total=2.44758e+11
Floating Point Operations Summary::Total with convergence overhead=2.44758e+11
GB/s Summary=
GB/s Summary::Raw Read B/W=97.8243
GB/s Summary::Raw Write B/W=22.6088
GB/s Summary::Raw Total B/W=120.433
GB/s Summary::Total with convergence and optimization phase overhead=119.568
GFLOP/s Summary=
GFLOP/s Summary::Raw DDOT=2.44379
GFLOP/s Summary::Raw WAXPBY=32.8253
GFLOP/s Summary::Raw SpMV=18.7186
GFLOP/s Summary::Raw MG=17.1228
GFLOP/s Summary::Raw Total=15.8726
GFLOP/s Summary::Total with convergence overhead=15.8726
GFLOP/s Summary::Total with convergence and optimization phase overhead=15.7586
User Optimization Overheads=
User Optimization Overheads::Optimization phase time (sec)=3.25e-07
User Optimization Overheads::Optimization phase time vs reference SpMV+MG time=2.08492e-05
DDOT Timing Variations=
DDOT Timing Variations::Min DDOT MPI_Allreduce time=1.25481
DDOT Timing Variations::Max DDOT MPI_Allreduce time=1.60604
DDOT Timing Variations::Avg DDOT MPI_Allreduce time=1.38013
Final Summary=
Final Summary::HPCG result is VALID with a GFLOP/s rating of=15.7586
Final Summary::HPCG 2.4 rating for historical reasons is=15.8726
Final Summary::Reference version of ComputeDotProduct used=Performance results are most likely suboptimal
Final Summary::Reference version of ComputeSPMV used=Performance results are most likely suboptimal
Final Summary::Reference version of ComputeMG used and number of threads greater than 1=Performance results are severely suboptimal
Final Summary::Reference version of ComputeWAXPBY used=Performance results are most likely suboptimal
Final Summary::Results are valid but execution time (sec) is=15.4201
Final Summary::Official results execution time (sec) must be at least=1800
HPCG-Benchmark
version=3.1
Release date=March 28, 2019
Machine Summary=
Machine Summary::Distributed Processes=24
Machine Summary::Threads per processes=2
Global Problem Dimensions=
Global Problem Dimensions::Global nx=64
Global Problem Dimensions::Global ny=128
Global Problem Dimensions::Global nz=96
Processor Dimensions=
Processor Dimensions::npx=2
Processor Dimensions::npy=4
Processor Dimensions::npz=3
Local Domain Dimensions=
Local Domain Dimensions::nx=32
Local Domain Dimensions::ny=32
Local Domain Dimensions::Lower ipz=0
Local Domain Dimensions::Upper ipz=2
Local Domain Dimensions::nz=32
########## Problem Summary  ##########=
Setup Information=
Setup Information::Setup Time=0.0658936
Linear System Information=
Linear System Information::Number of Equations=786432
Linear System Information::Number of Nonzero Terms=20757880
Multigrid Information=
Multigrid Information::Number of coarse grid levels=3
Multigrid Information::Coarse Grids=
Multigrid Information::Coarse Grids::Grid Level=1
Multigrid Information::Coarse Grids::Number of Equations=98304
Multigrid Information::Coarse Grids::Number of Nonzero Terms=2536120
Multigrid Information::Coarse Grids::Number of Presmoother Steps=1
Multigrid Information::Coarse Grids::Number of Postsmoother Steps=1
Multigrid Information::Coarse Grids::Grid Level=2
Multigrid Information::Coarse Grids::Number of Equations=12288
Multigrid Information::Coarse Grids::Number of Nonzero Terms=302680
Multigrid Information::Coarse Grids::Number of Presmoother Steps=1
Multigrid Information::Coarse Grids::Number of Postsmoother Steps=1
Multigrid Information::Coarse Grids::Grid Level=3
Multigrid Information::Coarse Grids::Number of Equations=1536
Multigrid Information::Coarse Grids::Number of Nonzero Terms=34408
Multigrid Information::Coarse Grids::Number of Presmoother Steps=1
Multigrid Information::Coarse Grids::Number of Postsmoother Steps=1
########## Memory Use Summary  ##########=
Memory Use Information=
Memory Use Information::Total memory used for data (Gbytes)=0.563707
Memory Use Information::Memory used for OptimizeProblem data (Gbytes)=0
Memory Use Information::Bytes per equation (Total memory / Number of Equations)=716.791
Memory Use Information::Memory used for linear system and CG (Gbytes)=0.495883
Memory Use Information::Coarse Grids=
Memory Use Information::Coarse Grids::Grid Level=1
Memory Use Information::Coarse Grids::Memory used=0.0594048
Memory Use Information::Coarse Grids::Grid Level=2
Memory Use Information::Coarse Grids::Memory used=0.00747158
Memory Use Information::Coarse Grids::Grid Level=3
Memory Use Information::Coarse Grids::Memory used=0.000947852
########## V&V Testing Summary  ##########=
Spectral Convergence Tests=
Spectral Convergence Tests::Result=PASSED
Spectral Convergence Tests::Unpreconditioned=
Spectral Convergence Tests::Unpreconditioned::Maximum iteration count=11
Spectral Convergence Tests::Unpreconditioned::Expected iteration count=12
Spectral Convergence Tests::Preconditioned=
Spectral Convergence Tests::Preconditioned::Maximum iteration count=2
Spectral Convergence Tests::Preconditioned::Expected iteration count=2
Departure from Symmetry |x'Ay-y'Ax|/(2*||x||*||A||*||y||)/epsilon=
Departure from Symmetry |x'Ay-y'Ax|/(2*||x||*||A||*||y||)/epsilon::Result=PASSED
Departure from Symmetry |x'Ay-y'Ax|/(2*||x||*||A||*||y||)/epsilon::Departure for SpMV=8.94567e-09
Departure from Symmetry |x'Ay-y'Ax|/(2*||x||*||A||*||y||)/epsilon::Departure for MG=4.47283e-09
########## Iterations Summary  ##########=
Iteration Count Information=
Iteration Count Information::Result=PASSED
Iteration Count Information::Reference CG iterations per set=50
Iteration Count Information::Optimized CG iterations per set=50
Iteration Count Information::Total number of reference iterations=950
Iteration Count Information::Total number of optimized iterations=950
########## Reproducibility Summary  ##########=
Reproducibility Information=
Reproducibility Information::Result=PASSED
Reproducibility Information::Scaled residual mean=3.07873e-08
Reproducibility Information::Scaled residual variance=0
########## Performance Summary (times in sec) ##########=
Benchmark Time Summary=
Benchmark Time Summary::Optimization phase=1.74e-07
Benchmark Time Summary::DDOT=1.75891
Benchmark Time Summary::WAXPBY=0.139933
Benchmark Time Summary::SpMV=2.0622
Benchmark Time Summary::MG=13.3696
Benchmark Time Summary::Total=17.3328
Floating Point Operations Summary=
Floating Point Operations Summary::Raw DDOT=4.51255e+09
Floating Point Operations Summary::Raw WAXPBY=4.51255e+09
Floating Point Operations Summary::Raw SpMV=4.02288e+10
Floating Point Operations Summary::Raw MG=2.24299e+11
Floating Point Operations Summary::Total=2.73553e+11
Floating Point Operations Summary::Total with convergence overhead=2.73553e+11
GB/s Summary=
GB/s Summary::Raw Read B/W=97.2684
GB/s Summary::Raw Write B/W=22.4803
GB/s Summary::Raw Total B/W=119.749
GB/s Summary::Total with convergence and optimization phase overhead=118.89
GFLOP/s Summary=
GFLOP/s Summary::Raw DDOT=2.56554
GFLOP/s Summary::Raw WAXPBY=32.2479
GFLOP/s Summary::Raw SpMV=19.5077
GFLOP/s Summary::Raw MG=16.7768
GFLOP/s Summary::Raw Total=15.7824
GFLOP/s Summary::Total with convergence overhead=15.7824
GFLOP/s Summary::Total with convergence and optimization phase overhead=15.6692
User Optimization Overheads=
User Optimization Overheads::Optimization phase time (sec)=1.74e-07
User Optimization Overheads::Optimization phase time vs reference SpMV+MG time=1.13245e-05
DDOT Timing Variations=
DDOT Timing Variations::Min DDOT MPI_Allreduce time=1.17255
DDOT Timing Variations::Max DDOT MPI_Allreduce time=1.79637
DDOT Timing Variations::Avg DDOT MPI_Allreduce time=1.38927
Final Summary=
Final Summary::HPCG result is VALID with a GFLOP/s rating of=15.6692
Final Summary::HPCG 2.4 rating for historical reasons is=15.7824
Final Summary::Reference version of ComputeDotProduct used=Performance results are most likely suboptimal
Final Summary::Reference version of ComputeSPMV used=Performance results are most likely suboptimal
Final Summary::Reference version of ComputeMG used and number of threads greater than 1=Performance results are severely suboptimal
Final Summary::Reference version of ComputeWAXPBY used=Performance results are most likely suboptimal
Final Summary::Results are valid but execution time (sec) is=17.3328
Final Summary::Official results execution time (sec) must be at least=1800
HPCG-Benchmark
version=3.1
Release date=March 28, 2019
Machine Summary=
Machine Summary::Distributed Processes=24
Machine Summary::Threads per processes=2
Global Problem Dimensions=
Global Problem Dimensions::Global nx=64
Global Problem Dimensions::Global ny=128
Global Problem Dimensions::Global nz=96
Processor Dimensions=
Processor Dimensions::npx=2
Processor Dimensions::npy=4
Processor Dimensions::npz=3
Local Domain Dimensions=
Local Domain Dimensions::nx=32
Local Domain Dimensions::ny=32
Local Domain Dimensions::Lower ipz=0
Local Domain Dimensions::Upper ipz=2
Local Domain Dimensions::nz=32
########## Problem Summary  ##########=
Setup Information=
Setup Information::Setup Time=0.100351
Linear System Information=
Linear System Information::Number of Equations=786432
Linear System Information::Number of Nonzero Terms=20757880
Multigrid Information=
Multigrid Information::Number of coarse grid levels=3
Multigrid Information::Coarse Grids=
Multigrid Information::Coarse Grids::Grid Level=1
Multigrid Information::Coarse Grids::Number of Equations=98304
Multigrid Information::Coarse Grids::Number of Nonzero Terms=2536120
Multigrid Information::Coarse Grids::Number of Presmoother Steps=1
Multigrid Information::Coarse Grids::Number of Postsmoother Steps=1
Multigrid Information::Coarse Grids::Grid Level=2
Multigrid Information::Coarse Grids::Number of Equations=12288
Multigrid Information::Coarse Grids::Number of Nonzero Terms=302680
Multigrid Information::Coarse Grids::Number of Presmoother Steps=1
Multigrid Information::Coarse Grids::Number of Postsmoother Steps=1
Multigrid Information::Coarse Grids::Grid Level=3
Multigrid Information::Coarse Grids::Number of Equations=1536
Multigrid Information::Coarse Grids::Number of Nonzero Terms=34408
Multigrid Information::Coarse Grids::Number of Presmoother Steps=1
Multigrid Information::Coarse Grids::Number of Postsmoother Steps=1
########## Memory Use Summary  ##########=
Memory Use Information=
Memory Use Information::Total memory used for data (Gbytes)=0.563707
Memory Use Information::Memory used for OptimizeProblem data (Gbytes)=0
Memory Use Information::Bytes per equation (Total memory / Number of Equations)=716.791
Memory Use Information::Memory used for linear system and CG (Gbytes)=0.495883
Memory Use Information::Coarse Grids=
Memory Use Information::Coarse Grids::Grid Level=1
Memory Use Information::Coarse Grids::Memory used=0.0594048
Memory Use Information::Coarse Grids::Grid Level=2
Memory Use Information::Coarse Grids::Memory used=0.00747158
Memory Use Information::Coarse Grids::Grid Level=3
Memory Use Information::Coarse Grids::Memory used=0.000947852
########## V&V Testing Summary  ##########=
Spectral Convergence Tests=
Spectral Convergence Tests::Result=PASSED
Spectral Convergence Tests::Unpreconditioned=
Spectral Convergence Tests::Unpreconditioned::Maximum iteration count=11
Spectral Convergence Tests::Unpreconditioned::Expected iteration count=12
Spectral Convergence Tests::Preconditioned=
Spectral Convergence Tests::Preconditioned::Maximum iteration count=2
Spectral Convergence Tests::Preconditioned::Expected iteration count=2
Departure from Symmetry |x'Ay-y'Ax|/(2*||x||*||A||*||y||)/epsilon=
Departure from Symmetry |x'Ay-y'Ax|/(2*||x||*||A||*||y||)/epsilon::Result=PASSED
Departure from Symmetry |x'Ay-y'Ax|/(2*||x||*||A||*||y||)/epsilon::Departure for SpMV=8.94567e-09
Departure from Symmetry |x'Ay-y'Ax|/(2*||x||*||A||*||y||)/epsilon::Departure for MG=4.47283e-09
########## Iterations Summary  ##########=
Iteration Count Information=
Iteration Count Information::Result=PASSED
Iteration Count Information::Reference CG iterations per set=50
Iteration Count Information::Optimized CG iterations per set=50
Iteration Count Information::Total number of reference iterations=950
Iteration Count Information::Total number of optimized iterations=950
########## Reproducibility Summary  ##########=
Reproducibility Information=
Reproducibility Information::Result=PASSED
Reproducibility Information::Scaled residual mean=3.07873e-08
Reproducibility Information::Scaled residual variance=0
########## Performance Summary (times in sec) ##########=
Benchmark Time Summary=
Benchmark Time Summary::Optimization phase=1.83e-07
Benchmark Time Summary::DDOT=1.18365
Benchmark Time Summary::WAXPBY=0.136823
Benchmark Time Summary::SpMV=2.08021
Benchmark Time Summary::MG=12.6079
Benchmark Time Summary::Total=16.0104
Floating Point Operations Summary=
Floating Point Operations Summary::Raw DDOT=4.51255e+09
Floating Point Operations Summary::Raw WAXPBY=4.51255e+09
Floating Point Operations Summary::Raw SpMV=4.02288e+10
Floating Point Operations Summary::Raw MG=2.24299e+11
Floating Point Operations Summary::Total=2.73553e+11
Floating Point Operations Summary::Total with convergence overhead=2.73553e+11
GB/s Summary=
GB/s Summary::Raw Read B/W=105.302
GB/s Summary::Raw Write B/W=24.337
GB/s Summary::Raw Total B/W=129.639
GB/s Summary::Total with convergence and optimization phase overhead=128.113
GFLOP/s Summary=
GFLOP/s Summary::Raw DDOT=3.81241
GFLOP/s Summary::Raw WAXPBY=32.981
GFLOP/s Summary::Raw SpMV=19.3388
GFLOP/s Summary::Raw MG=17.7904
GFLOP/s Summary::Raw Total=17.086
GFLOP/s Summary::Total with convergence overhead=17.086
GFLOP/s Summary::Total with convergence and optimization phase overhead=16.8849
User Optimization Overheads=
User Optimization Overheads::Optimization phase time (sec)=1.83e-07
User Optimization Overheads::Optimization phase time vs reference SpMV+MG time=1.18339e-05
DDOT Timing Variations=
DDOT Timing Variations::Min DDOT MPI_Allreduce time=0.822215
DDOT Timing Variations::Max DDOT MPI_Allreduce time=1.09229
DDOT Timing Variations::Avg DDOT MPI_Allreduce time=0.974905
Final Summary=
Final Summary::HPCG result is VALID with a GFLOP/s rating of=16.8849
Final Summary::HPCG 2.4 rating for historical reasons is=17.086
Final Summary::Reference version of ComputeDotProduct used=Performance results are most likely suboptimal
Final Summary::Reference version of ComputeSPMV used=Performance results are most likely suboptimal
Final Summary::Reference version of ComputeMG used and number of threads greater than 1=Performance results are severely suboptimal
Final Summary::Reference version of ComputeWAXPBY used=Performance results are most likely suboptimal
Final Summary::Results are valid but execution time (sec) is=16.0104
Final Summary::Official results execution time (sec) must be at least=1800
FLUX-RESULTS END

FLUX-JOB START 758967697408 hpcg-iter-3
FLUX-JOB-JOBSPEC START
{"resources": [{"type": "node", "count": 1, "with": [{"type": "slot", "count": 24, "with": [{"type": "core", "count": 1}], "label": "task"}]}], "tasks": [{"command": ["/opt/hpcg/xhpcg"], "slot": "task", "count": {"per_slot": 1}}], "attributes": {"system": {"duration": 0, "cwd": "/opt/hpcg", "shell": {"options": {"rlimit": {"cpu": -1, "fsize": -1, "data": -1, "stack": 10485760, "core": -1, "nofile": 1048576, "as": -1, "rss": -1, "nproc": -1}, "cpu-affinity": "per-task", "gpu-affinity": "off"}}}, "user": {"study_id": "hpcg-iter-3"}}, "version": 1}
FLUX-JOB-JOBSPEC END
FLUX-JOB-RESOURCES START
{"version": 1, "execution": {"R_lite": [{"rank": "0", "children": {"core": "0-23"}}], "starttime": 1749769424.0632818, "expiration": 0.0, "nodelist": ["hpcg-0"]}}
FLUX-JOB-RESOURCES END
FLUX-JOB-EVENTLOG START
{"timestamp":1749769424.0640457,"name":"init"}
{"timestamp":1749769424.0711179,"name":"shell.init","context":{"service":"0-shell-fLwLNqQK","leader-rank":0,"size":1}}
{"timestamp":1749769424.0644414,"name":"starting"}
{"timestamp":1749769424.0944762,"name":"shell.start","context":{"taskmap":{"version":1,"map":[[0,1,24,1]]}}}
{"timestamp":1749769442.6252592,"name":"shell.task-exit","context":{"localid":13,"rank":13,"state":"Exited","pid":477,"wait_status":0,"signaled":0,"exitcode":0}}
{"timestamp":1749769442.6284585,"name":"complete","context":{"status":0}}
{"timestamp":1749769442.6284795,"name":"done"}

FLUX-JOB-EVENTLOG END
FLUX-JOB END 758967697408 hpcg-iter-3

FLUX-JOB START 404850999296 hpcg-iter-2
FLUX-JOB-JOBSPEC START
{"resources": [{"type": "node", "count": 1, "with": [{"type": "slot", "count": 24, "with": [{"type": "core", "count": 1}], "label": "task"}]}], "tasks": [{"command": ["/opt/hpcg/xhpcg"], "slot": "task", "count": {"per_slot": 1}}], "attributes": {"system": {"duration": 0, "cwd": "/opt/hpcg", "shell": {"options": {"rlimit": {"cpu": -1, "fsize": -1, "data": -1, "stack": 10485760, "core": -1, "nofile": 1048576, "as": -1, "rss": -1, "nproc": -1}, "cpu-affinity": "per-task", "gpu-affinity": "off"}}}, "user": {"study_id": "hpcg-iter-2"}}, "version": 1}
FLUX-JOB-JOBSPEC END
FLUX-JOB-RESOURCES START
{"version": 1, "execution": {"R_lite": [{"rank": "0", "children": {"core": "0-23"}}], "starttime": 1749769402.9565992, "expiration": 0.0, "nodelist": ["hpcg-0"]}}
FLUX-JOB-RESOURCES END
FLUX-JOB-EVENTLOG START
{"timestamp":1749769402.9573488,"name":"init"}
{"timestamp":1749769402.9645724,"name":"shell.init","context":{"service":"0-shell-fBdpJCJ3","leader-rank":0,"size":1}}
{"timestamp":1749769402.9576979,"name":"starting"}
{"timestamp":1749769402.9874372,"name":"shell.start","context":{"taskmap":{"version":1,"map":[[0,1,24,1]]}}}
{"timestamp":1749769423.8464794,"name":"shell.task-exit","context":{"localid":17,"rank":17,"state":"Exited","pid":409,"wait_status":0,"signaled":0,"exitcode":0}}
{"timestamp":1749769423.8564746,"name":"complete","context":{"status":0}}
{"timestamp":1749769423.8564947,"name":"done"}

FLUX-JOB-EVENTLOG END
FLUX-JOB END 404850999296 hpcg-iter-2

FLUX-JOB START 98784247808 hpcg-iter-1
FLUX-JOB-JOBSPEC START
{"resources": [{"type": "node", "count": 1, "with": [{"type": "slot", "count": 24, "with": [{"type": "core", "count": 1}], "label": "task"}]}], "tasks": [{"command": ["/opt/hpcg/xhpcg"], "slot": "task", "count": {"per_slot": 1}}], "attributes": {"system": {"duration": 0, "cwd": "/opt/hpcg", "shell": {"options": {"rlimit": {"cpu": -1, "fsize": -1, "data": -1, "stack": 10485760, "core": -1, "nofile": 1048576, "as": -1, "rss": -1, "nproc": -1}, "cpu-affinity": "per-task", "gpu-affinity": "off"}}}, "user": {"study_id": "hpcg-iter-1"}}, "version": 1}
FLUX-JOB-JOBSPEC END
FLUX-JOB-RESOURCES START
{"version": 1, "execution": {"R_lite": [{"rank": "0", "children": {"core": "0-23"}}], "starttime": 1749769384.7143173, "expiration": 0.0, "nodelist": ["hpcg-0"]}}
FLUX-JOB-RESOURCES END
FLUX-JOB-EVENTLOG START
{"timestamp":1749769384.715122,"name":"init"}
{"timestamp":1749769384.7226644,"name":"shell.init","context":{"service":"0-shell-f3bWE6HM","leader-rank":0,"size":1}}
{"timestamp":1749769384.7155297,"name":"starting"}
{"timestamp":1749769384.7466011,"name":"shell.start","context":{"taskmap":{"version":1,"map":[[0,1,24,1]]}}}
{"timestamp":1749769402.7398047,"name":"shell.task-exit","context":{"localid":7,"rank":7,"state":"Exited","pid":314,"wait_status":0,"signaled":0,"exitcode":0}}
{"timestamp":1749769402.7487452,"name":"complete","context":{"status":0}}
{"timestamp":1749769402.7487686,"name":"done"}

FLUX-JOB-EVENTLOG END
FLUX-JOB END 98784247808 hpcg-iter-1
FLUX JOB STATS
{"job_states":{"depend":0,"priority":0,"sched":0,"run":0,"cleanup":0,"inactive":3,"total":3},"successful":3,"failed":0,"canceled":0,"timeout":0,"inactive_purged":0,"queues":[]}
