unlimited
PROGRAM: cpu
Looking for /opt/programs/cpu/ebpf-collect.c
[01:20:06] Waiting for start indicator file: '/mnt/flux/start_ebpf_collection'.
[01:20:07] Start indicator found. Proceeding with monitoring.
[01:20:07] Initializing eBPF for CPU Scheduling monitoring...
[01:20:07] BPF C code compiled and loaded.
[01:20:07] Attached tracepoints.
[01:20:07] Monitoring CPU scheduling events (polling aggregated map)... Press Ctrl+C to stop.
[01:21:10] Stop indicator file '/mnt/flux/stop_ebpf_collection' found. Stopping.
[01:21:10] Initiating cleanup sequence...
{
  "final_aggregated_summary_river": [
    {
      "tgid": 250,
      "comm": "python3",
      "cgroup_id": 37427,
      "on_cpu_stats_ns": {
        "count": 382.0,
        "sum_ns": 59369463.383601,
        "mean_ns": 155417.44341256807,
        "median_ns": 96352.22023484159,
        "min_ns": 4058.9411764705883,
        "max_ns": 4970515.333333333,
        "variance_ns2": 121564435874.30934,
        "iqr_ns": 183571.16836971557,
        "q1_ns": 49722.759928554515,
        "q3_ns": 233293.9282982701
      },
      "runq_latency_stats_ns": {
        "count": 382.0,
        "sum_ns": 13906797.885745026,
        "mean_ns": 36405.23006739536,
        "median_ns": 25467.239415065513,
        "min_ns": 403.16129032258067,
        "max_ns": 799988.5,
        "variance_ns2": 4276572562.342487,
        "iqr_ns": 51888.629463736994,
        "q1_ns": 5334.949738709829,
        "q3_ns": 57223.579202446825
      },
      "first_seen_ts_ns": 1749864007953819424,
      "last_seen_ts_ns": 1749864070544588579,
      "duration_active_s": 62.590769155
    },
    {
      "tgid": 160,
      "comm": "python3",
      "cgroup_id": 37497,
      "on_cpu_stats_ns": {
        "count": 269.0,
        "sum_ns": 6889986.036904763,
        "mean_ns": 25613.330992211017,
        "median_ns": 17547.524187230352,
        "min_ns": 3506.0416666666665,
        "max_ns": 182832.0,
        "variance_ns2": 861564703.0059067,
        "iqr_ns": 11099.589662440967,
        "q1_ns": 12456.077078066332,
        "q3_ns": 23555.6667405073
      },
      "runq_latency_stats_ns": {
        "count": 269.0,
        "sum_ns": 24293691.79714287,
        "mean_ns": 90311.1219224642,
        "median_ns": 8840.027756668209,
        "min_ns": 764.0,
        "max_ns": 21070298.0,
        "variance_ns2": 1648685145808.8442,
        "iqr_ns": 4711.976416551761,
        "q1_ns": 4263.374976816085,
        "q3_ns": 8975.351393367846
      },
      "first_seen_ts_ns": 1749864007706386999,
      "last_seen_ts_ns": 1749864070544588579,
      "duration_active_s": 62.83820158
    },
    {
      "tgid": 131,
      "comm": "flux-broker-0",
      "cgroup_id": 37567,
      "on_cpu_stats_ns": {
        "count": 82.0,
        "sum_ns": 3875600.602272728,
        "mean_ns": 47263.42197893571,
        "median_ns": 23653.996305127,
        "min_ns": 3433.9166666666665,
        "max_ns": 205102.0,
        "variance_ns2": 2446696332.5892158,
        "iqr_ns": 41257.5584515034,
        "q1_ns": 13828.404249097788,
        "q3_ns": 55085.96270060119
      },
      "runq_latency_stats_ns": {
        "count": 82.0,
        "sum_ns": 1285753.9621212122,
        "mean_ns": 15679.926367331856,
        "median_ns": 4523.826828177645,
        "min_ns": 535.0,
        "max_ns": 564307.0,
        "variance_ns2": 3855096982.0239077,
        "iqr_ns": 13029.551993859614,
        "q1_ns": 2523.7315917366545,
        "q3_ns": 15553.283585596268
      },
      "first_seen_ts_ns": 1749864007953819424,
      "last_seen_ts_ns": 1749864070138640967,
      "duration_active_s": 62.184821543
    },
    {
      "tgid": 309,
      "comm": "xhpcg",
      "cgroup_id": 37567,
      "on_cpu_stats_ns": {
        "count": 36.0,
        "sum_ns": 627267.0000000001,
        "mean_ns": 17424.083333333336,
        "median_ns": 18278.571884056855,
        "min_ns": 7875.0,
        "max_ns": 32135.0,
        "variance_ns2": 22066303.39285714,
        "iqr_ns": 5641.069720897594,
        "q1_ns": 14346.036645895336,
        "q3_ns": 19987.10636679293
      },
      "runq_latency_stats_ns": {
        "count": 36.0,
        "sum_ns": 347843.0,
        "mean_ns": 9662.305555555555,
        "median_ns": 6914.754048469412,
        "min_ns": 3507.0,
        "max_ns": 88644.0,
        "variance_ns2": 195306649.58968255,
        "iqr_ns": 2049.2865199002654,
        "q1_ns": 4986.984914809263,
        "q3_ns": 7036.271434709528
      },
      "first_seen_ts_ns": 1749864008060202137,
      "last_seen_ts_ns": 1749864025978459963,
      "duration_active_s": 17.918257826
    },
    {
      "tgid": 31,
      "comm": "bash",
      "cgroup_id": 37427,
      "on_cpu_stats_ns": {
        "count": 19.0,
        "sum_ns": 576202.9999999999,
        "mean_ns": 30326.473684210523,
        "median_ns": 19439.57544173362,
        "min_ns": 2390.0,
        "max_ns": 130106.0,
        "variance_ns2": 889815456.8187133,
        "iqr_ns": 34312.11635445623,
        "q1_ns": 11896.683645543775,
        "q3_ns": 46208.8
      },
      "runq_latency_stats_ns": {
        "count": 19.0,
        "sum_ns": 159701.00000000003,
        "mean_ns": 8405.315789473685,
        "median_ns": 6707.417328042327,
        "min_ns": 1572.0,
        "max_ns": 22953.0,
        "variance_ns2": 40634641.339181274,
        "iqr_ns": 3089.7251358164517,
        "q1_ns": 3132.3834754066233,
        "q3_ns": 6222.108611223075
      },
      "first_seen_ts_ns": 1749864007706386999,
      "last_seen_ts_ns": 1749864069934679397,
      "duration_active_s": 62.228292398
    },
    {
      "tgid": 322,
      "comm": "xhpcg",
      "cgroup_id": 37567,
      "on_cpu_stats_ns": {
        "count": 44.0,
        "sum_ns": 521219.8535714287,
        "mean_ns": 11845.905762987015,
        "median_ns": 12303.714566091949,
        "min_ns": 7304.642857142857,
        "max_ns": 20756.0,
        "variance_ns2": 9685411.710067756,
        "iqr_ns": 4014.889481621476,
        "q1_ns": 9666.394157289275,
        "q3_ns": 13681.28363891075
      },
      "runq_latency_stats_ns": {
        "count": 44.0,
        "sum_ns": 220540.6541666668,
        "mean_ns": 5012.2875946969725,
        "median_ns": 5163.743831613565,
        "min_ns": 1542.25,
        "max_ns": 9994.5,
        "variance_ns2": 2743460.4045629483,
        "iqr_ns": 2123.16744222824,
        "q1_ns": 3931.9114277654985,
        "q3_ns": 6055.078869993738
      },
      "first_seen_ts_ns": 1749864009718475037,
      "last_seen_ts_ns": 1749864022718316862,
      "duration_active_s": 12.999841825
    },
    {
      "tgid": 1,
      "comm": "pause",
      "cgroup_id": 37217,
      "on_cpu_stats_ns": {
        "count": 2.0,
        "sum_ns": 478405.77777777775,
        "mean_ns": 239202.88888888888,
        "median_ns": 294681.77777777775,
        "min_ns": 183724.0,
        "max_ns": 294681.77777777775,
        "variance_ns2": 6155814224.691355,
        "iqr_ns": 110957.77777777775,
        "q1_ns": 183724.0,
        "q3_ns": 294681.77777777775
      },
      "runq_latency_stats_ns": {
        "count": 2.0,
        "sum_ns": 8003.0,
        "mean_ns": 4001.5,
        "median_ns": 5197.0,
        "min_ns": 2806.0,
        "max_ns": 5197.0,
        "variance_ns2": 2858440.5,
        "iqr_ns": 2391.0,
        "q1_ns": 2806.0,
        "q3_ns": 5197.0
      },
      "first_seen_ts_ns": 1749864035843823300,
      "last_seen_ts_ns": 1749864070544588579,
      "duration_active_s": 34.700765279
    },
    {
      "tgid": 65,
      "comm": "bash",
      "cgroup_id": 37567,
      "on_cpu_stats_ns": {
        "count": 21.0,
        "sum_ns": 313225.68,
        "mean_ns": 14915.50857142857,
        "median_ns": 15131.073306878307,
        "min_ns": 4058.0,
        "max_ns": 28950.0,
        "variance_ns2": 31782707.87154286,
        "iqr_ns": 6323.461772486771,
        "q1_ns": 12353.625,
        "q3_ns": 18677.08677248677
      },
      "runq_latency_stats_ns": {
        "count": 21.0,
        "sum_ns": 226759.94,
        "mean_ns": 10798.092380952381,
        "median_ns": 14046.493329761903,
        "min_ns": 1113.44,
        "max_ns": 21188.0,
        "variance_ns2": 41645174.573219046,
        "iqr_ns": 7481.687588773746,
        "q1_ns": 7274.59927338675,
        "q3_ns": 14756.286862160496
      },
      "first_seen_ts_ns": 1749864011383813663,
      "last_seen_ts_ns": 1749864067407952311,
      "duration_active_s": 56.024138648
    },
    {
      "tgid": 245,
      "comm": "bash",
      "cgroup_id": 37567,
      "on_cpu_stats_ns": {
        "count": 19.0,
        "sum_ns": 278539.2833333333,
        "mean_ns": 14659.962280701753,
        "median_ns": 13830.722108843536,
        "min_ns": 3950.0833333333335,
        "max_ns": 24925.0,
        "variance_ns2": 40683805.045550674,
        "iqr_ns": 7831.354909792728,
        "q1_ns": 12115.066439622988,
        "q3_ns": 19946.421349415716
      },
      "runq_latency_stats_ns": {
        "count": 19.0,
        "sum_ns": 228427.605,
        "mean_ns": 12022.50552631579,
        "median_ns": 12857.226239067055,
        "min_ns": 1235.0,
        "max_ns": 23762.0,
        "variance_ns2": 61309412.28724693,
        "iqr_ns": 12088.84046652752,
        "q1_ns": 6550.407755273828,
        "q3_ns": 18639.248221801347
      },
      "first_seen_ts_ns": 1749864011493816722,
      "last_seen_ts_ns": 1749864067407952311,
      "duration_active_s": 55.914135589
    }
  ]
}
[01:21:10] Cleanup complete. Exiting.
