ln: failed to create symbolic link '/mnt/flux/view/lib/python': File exists
ln: failed to create symbolic link '/mnt/flux/view/lib/python3': File exists
unlimited
PROGRAM: cpu
Looking for /opt/programs/cpu/ebpf-collect.c
[07:30:23] Waiting for start indicator file: '/mnt/flux/start_ebpf_collection'.
[07:30:28] Start indicator found. Proceeding with monitoring.
[07:30:28] Initializing eBPF for CPU Scheduling monitoring...
[07:30:28] BPF C code compiled and loaded.
[07:30:28] Attached tracepoints.
[07:30:28] Monitoring CPU scheduling events (polling aggregated map)... Press Ctrl+C to stop.
[07:31:46] Stop indicator file '/mnt/flux/stop_ebpf_collection' found. Stopping.
[07:31:46] Initiating cleanup sequence...
{
  "final_aggregated_summary_river": [
    {
      "tgid": 185,
      "comm": "python3",
      "cgroup_id": 82152,
      "on_cpu_stats_ns": {
        "count": 500.0,
        "sum_ns": 25462854.502721895,
        "mean_ns": 50925.70900544379,
        "median_ns": 21283.865711408034,
        "min_ns": 4689.454545454545,
        "max_ns": 1257673.0,
        "variance_ns2": 9787880650.458717,
        "iqr_ns": 24113.81850081972,
        "q1_ns": 13907.496548151768,
        "q3_ns": 38021.31504897149
      },
      "runq_latency_stats_ns": {
        "count": 500.0,
        "sum_ns": 7408153.8096546335,
        "mean_ns": 14816.307619309267,
        "median_ns": 9312.68538187504,
        "min_ns": 1080.0,
        "max_ns": 588066.0,
        "variance_ns2": 2010932343.267137,
        "iqr_ns": 12164.207298240886,
        "q1_ns": 4026.208185124374,
        "q3_ns": 16190.41548336526
      },
      "first_seen_ts_ns": 1749886228840420056,
      "last_seen_ts_ns": 1749886306525881871,
      "duration_active_s": 77.685461815
    },
    {
      "tgid": 105,
      "comm": "flux-broker-0",
      "cgroup_id": 82292,
      "on_cpu_stats_ns": {
        "count": 225.0,
        "sum_ns": 7161566.552380953,
        "mean_ns": 31829.18467724868,
        "median_ns": 21440.83308413989,
        "min_ns": 5065.0,
        "max_ns": 724408.0,
        "variance_ns2": 3512700719.5467424,
        "iqr_ns": 5727.874285929905,
        "q1_ns": 15265.698065368357,
        "q3_ns": 20993.572351298262
      },
      "runq_latency_stats_ns": {
        "count": 225.0,
        "sum_ns": 6940640.335827662,
        "mean_ns": 30847.290381456274,
        "median_ns": 11544.842946853843,
        "min_ns": 1255.0,
        "max_ns": 2098091.5,
        "variance_ns2": 33051097184.60362,
        "iqr_ns": 5704.031023683262,
        "q1_ns": 6844.141346617281,
        "q3_ns": 12548.172370300543
      },
      "first_seen_ts_ns": 1749886228840420056,
      "last_seen_ts_ns": 1749886303273278885,
      "duration_active_s": 74.432858829
    },
    {
      "tgid": 250,
      "comm": "python3",
      "cgroup_id": 82222,
      "on_cpu_stats_ns": {
        "count": 57.0,
        "sum_ns": 2977555.6638528137,
        "mean_ns": 52237.81866408445,
        "median_ns": 19254.432158588897,
        "min_ns": 5490.477272727273,
        "max_ns": 336787.0,
        "variance_ns2": 5291328566.027819,
        "iqr_ns": 37045.587012808166,
        "q1_ns": 14454.82710194646,
        "q3_ns": 51500.414114754625
      },
      "runq_latency_stats_ns": {
        "count": 57.0,
        "sum_ns": 719395.4568098568,
        "mean_ns": 12620.972926488716,
        "median_ns": 7309.9452459916965,
        "min_ns": 1150.0,
        "max_ns": 209222.0,
        "variance_ns2": 765095267.94401,
        "iqr_ns": 11757.738952528627,
        "q1_ns": 2779.669058878232,
        "q3_ns": 14537.40801140686
      },
      "first_seen_ts_ns": 1749886228950495500,
      "last_seen_ts_ns": 1749886306322604537,
      "duration_active_s": 77.372109037
    },
    {
      "tgid": 186,
      "comm": "bash",
      "cgroup_id": 82292,
      "on_cpu_stats_ns": {
        "count": 40.0,
        "sum_ns": 2941976.750000002,
        "mean_ns": 73549.41875000004,
        "median_ns": 30998.086126000657,
        "min_ns": 6990.0,
        "max_ns": 252063.0,
        "variance_ns2": 5080025814.328165,
        "iqr_ns": 88309.25203350476,
        "q1_ns": 23593.152627369214,
        "q3_ns": 111902.40466087397
      },
      "runq_latency_stats_ns": {
        "count": 40.0,
        "sum_ns": 3502612.999999999,
        "mean_ns": 87565.32499999998,
        "median_ns": 6605.975950184968,
        "min_ns": 2130.0,
        "max_ns": 1874340.0,
        "variance_ns2": 114668921353.60962,
        "iqr_ns": 24741.069973685193,
        "q1_ns": 3974.276014403007,
        "q3_ns": 28715.3459880882
      },
      "first_seen_ts_ns": 1749886228950495500,
      "last_seen_ts_ns": 1749886303781353196,
      "duration_active_s": 74.830857696
    },
    {
      "tgid": 31,
      "comm": "bash",
      "cgroup_id": 82152,
      "on_cpu_stats_ns": {
        "count": 17.0,
        "sum_ns": 1255052.0,
        "mean_ns": 73826.58823529411,
        "median_ns": 61566.42245370371,
        "min_ns": 5950.0,
        "max_ns": 201122.0,
        "variance_ns2": 4425715895.132353,
        "iqr_ns": 81093.9419373816,
        "q1_ns": 19048.33890917924,
        "q3_ns": 100142.28084656084
      },
      "runq_latency_stats_ns": {
        "count": 17.0,
        "sum_ns": 978685.0000000002,
        "mean_ns": 57569.70588235295,
        "median_ns": 10768.512604938272,
        "min_ns": 2310.0,
        "max_ns": 789408.0,
        "variance_ns2": 35729773196.84559,
        "iqr_ns": 11943.738564778476,
        "q1_ns": 4633.420069444444,
        "q3_ns": 16577.15863422292
      },
      "first_seen_ts_ns": 1749886228840420056,
      "last_seen_ts_ns": 1749886278110405078,
      "duration_active_s": 49.269985022
    },
    {
      "tgid": 304,
      "comm": "xhpcg",
      "cgroup_id": 82292,
      "on_cpu_stats_ns": {
        "count": 49.0,
        "sum_ns": 869137.0000000001,
        "mean_ns": 17737.48979591837,
        "median_ns": 19503.57000418373,
        "min_ns": 6250.0,
        "max_ns": 25850.0,
        "variance_ns2": 19582616.630102042,
        "iqr_ns": 2857.1990271617615,
        "q1_ns": 17854.466340062616,
        "q3_ns": 20711.665367224377
      },
      "runq_latency_stats_ns": {
        "count": 49.0,
        "sum_ns": 807158.0,
        "mean_ns": 16472.61224489796,
        "median_ns": 10422.151940432315,
        "min_ns": 1450.0,
        "max_ns": 317813.0,
        "variance_ns2": 1961723983.3256807,
        "iqr_ns": 3557.935829560576,
        "q1_ns": 8322.674959256754,
        "q3_ns": 11880.61078881733
      },
      "first_seen_ts_ns": 1749886228840420056,
      "last_seen_ts_ns": 1749886253970635480,
      "duration_active_s": 25.130215424
    },
    {
      "tgid": 1,
      "comm": "pause",
      "cgroup_id": 82012,
      "on_cpu_stats_ns": {
        "count": 2.0,
        "sum_ns": 610324.7777777778,
        "mean_ns": 305162.3888888889,
        "median_ns": 357654.0,
        "min_ns": 252670.77777777778,
        "max_ns": 357654.0,
        "variance_ns2": 5510738474.080248,
        "iqr_ns": 104983.22222222222,
        "q1_ns": 252670.77777777778,
        "q3_ns": 357654.0
      },
      "runq_latency_stats_ns": {
        "count": 2.0,
        "sum_ns": 13275.555555555555,
        "mean_ns": 6637.777777777777,
        "median_ns": 8915.555555555555,
        "min_ns": 4360.0,
        "max_ns": 8915.555555555555,
        "variance_ns2": 10376543.20987654,
        "iqr_ns": 4555.555555555555,
        "q1_ns": 4360.0,
        "q3_ns": 8915.555555555555
      },
      "first_seen_ts_ns": 1749886287550414795,
      "last_seen_ts_ns": 1749886306525881871,
      "duration_active_s": 18.975467076
    },
    {
      "tgid": 65,
      "comm": "bash",
      "cgroup_id": 82292,
      "on_cpu_stats_ns": {
        "count": 30.0,
        "sum_ns": 487623.9988662132,
        "mean_ns": 16254.13329554044,
        "median_ns": 16252.40303853375,
        "min_ns": 5503.591836734694,
        "max_ns": 24770.0,
        "variance_ns2": 17477861.29411717,
        "iqr_ns": 2540.9077384581833,
        "q1_ns": 15115.35541523594,
        "q3_ns": 17656.263153694123
      },
      "runq_latency_stats_ns": {
        "count": 30.0,
        "sum_ns": 287089.03401360544,
        "mean_ns": 9569.634467120182,
        "median_ns": 10883.707848078848,
        "min_ns": 1890.6326530612246,
        "max_ns": 17870.0,
        "variance_ns2": 35657591.009448275,
        "iqr_ns": 12071.451404712294,
        "q1_ns": 3265.730662254695,
        "q3_ns": 15337.182066966989
      },
      "first_seen_ts_ns": 1749886229056097398,
      "last_seen_ts_ns": 1749886303171353980,
      "duration_active_s": 74.115256582
    },
    {
      "tgid": 315,
      "comm": "xhpcg",
      "cgroup_id": 82292,
      "on_cpu_stats_ns": {
        "count": 33.0,
        "sum_ns": 280681.48327228334,
        "mean_ns": 8505.499493099494,
        "median_ns": 8630.152697547619,
        "min_ns": 3396.2916666666665,
        "max_ns": 12676.666666666666,
        "variance_ns2": 2889836.623320358,
        "iqr_ns": 1966.5562131743563,
        "q1_ns": 7186.082218736824,
        "q3_ns": 9152.63843191118
      },
      "runq_latency_stats_ns": {
        "count": 33.0,
        "sum_ns": 94212.23092185591,
        "mean_ns": 2854.9160885410884,
        "median_ns": 2981.16428150447,
        "min_ns": 839.1666666666666,
        "max_ns": 4122.5,
        "variance_ns2": 620080.503537023,
        "iqr_ns": 1590.428169259123,
        "q1_ns": 1743.0433884321847,
        "q3_ns": 3333.4715576913077
      },
      "first_seen_ts_ns": 1749886229909300727,
      "last_seen_ts_ns": 1749886236000407014,
      "duration_active_s": 6.091106287
    }
  ]
}
[07:31:46] Cleanup complete. Exiting.
