unlimited
PROGRAM: cpu
Looking for /opt/programs/cpu/ebpf-collect.c
[21:14:53] Waiting for start indicator file: '/mnt/flux/start_ebpf_collection'.
[21:14:59] Start indicator found. Proceeding with monitoring.
[21:14:59] Initializing eBPF for CPU Scheduling monitoring...
[21:14:59] BPF C code compiled and loaded.
[21:14:59] Attached tracepoints.
[21:14:59] Monitoring CPU scheduling events (polling aggregated map)... Press Ctrl+C to stop.
[21:16:10] Stop indicator file '/mnt/flux/stop_ebpf_collection' found. Stopping.
[21:16:10] Initiating cleanup sequence...
{
  "final_aggregated_summary_river": [
    {
      "tgid": 96,
      "comm": "python3",
      "cgroup_id": 36521,
      "on_cpu_stats_ns": {
        "count": 388.0,
        "sum_ns": 18991218.51190476,
        "mean_ns": 48946.43946367206,
        "median_ns": 16896.640156049343,
        "min_ns": 3862.0,
        "max_ns": 539946.0,
        "variance_ns2": 5254770904.459791,
        "iqr_ns": 67405.43513254952,
        "q1_ns": 11090.726375197892,
        "q3_ns": 78496.16150774741
      },
      "runq_latency_stats_ns": {
        "count": 389.0,
        "sum_ns": 11485166.52380953,
        "mean_ns": 29524.849675602905,
        "median_ns": 9125.671441979383,
        "min_ns": 727.0,
        "max_ns": 4867482.0,
        "variance_ns2": 64439161492.838005,
        "iqr_ns": 14324.138590624649,
        "q1_ns": 4599.570832379317,
        "q3_ns": 18923.709423003966
      },
      "first_seen_ts_ns": 1750108499602933804,
      "last_seen_ts_ns": 1750108570253767631,
      "duration_active_s": 70.650833827
    },
    {
      "tgid": 195,
      "comm": "python3",
      "cgroup_id": 36605,
      "on_cpu_stats_ns": {
        "count": 401.0,
        "sum_ns": 16776724.733222015,
        "mean_ns": 41837.21878608981,
        "median_ns": 20271.583278724484,
        "min_ns": 3187.0,
        "max_ns": 2115580.111111111,
        "variance_ns2": 15559291682.604553,
        "iqr_ns": 18243.217888239345,
        "q1_ns": 11453.631283202165,
        "q3_ns": 29696.84917144151
      },
      "runq_latency_stats_ns": {
        "count": 402.0,
        "sum_ns": 5974217.321541487,
        "mean_ns": 14861.237118262407,
        "median_ns": 6989.826939950525,
        "min_ns": 568.0,
        "max_ns": 611382.0,
        "variance_ns2": 2160325492.765609,
        "iqr_ns": 7621.660313679155,
        "q1_ns": 4416.1446268624,
        "q3_ns": 12037.804940541555
      },
      "first_seen_ts_ns": 1750108499602933804,
      "last_seen_ts_ns": 1750108570660491007,
      "duration_active_s": 71.057557203
    },
    {
      "tgid": 168,
      "comm": "flux-broker-0",
      "cgroup_id": 36689,
      "on_cpu_stats_ns": {
        "count": 69.0,
        "sum_ns": 3305479.5,
        "mean_ns": 47905.5,
        "median_ns": 24295.48932993992,
        "min_ns": 3978.0,
        "max_ns": 668422.0,
        "variance_ns2": 7300136990.779411,
        "iqr_ns": 31821.01623957757,
        "q1_ns": 15506.856784757954,
        "q3_ns": 47327.873024335524
      },
      "runq_latency_stats_ns": {
        "count": 69.0,
        "sum_ns": 986150.4999999999,
        "mean_ns": 14292.036231884056,
        "median_ns": 11820.159175253688,
        "min_ns": 1491.0,
        "max_ns": 90907.0,
        "variance_ns2": 244545353.52440324,
        "iqr_ns": 8235.204905232731,
        "q1_ns": 6299.027271433015,
        "q3_ns": 14534.232176665746
      },
      "first_seen_ts_ns": 1750108499602933804,
      "last_seen_ts_ns": 1750108570457080361,
      "duration_active_s": 70.854146557
    },
    {
      "tgid": 168,
      "comm": "ZMQbg/IO/0",
      "cgroup_id": 36689,
      "on_cpu_stats_ns": {
        "count": 19.0,
        "sum_ns": 2427008.5,
        "mean_ns": 127737.2894736842,
        "median_ns": 80082.11197354039,
        "min_ns": 6083.0,
        "max_ns": 597534.0,
        "variance_ns2": 26945094795.314323,
        "iqr_ns": 161218.0481474133,
        "q1_ns": 38616.52728909465,
        "q3_ns": 199834.57543650793
      },
      "runq_latency_stats_ns": {
        "count": 19.0,
        "sum_ns": 383914.0,
        "mean_ns": 20206.0,
        "median_ns": 9447.489022633745,
        "min_ns": 980.0,
        "max_ns": 74675.0,
        "variance_ns2": 533185205.8888888,
        "iqr_ns": 29038.879597545394,
        "q1_ns": 3796.878413036616,
        "q3_ns": 32835.75801058201
      },
      "first_seen_ts_ns": 1750108499822933153,
      "last_seen_ts_ns": 1750108562242452077,
      "duration_active_s": 62.419518924
    },
    {
      "tgid": 1,
      "comm": "pause",
      "cgroup_id": 36269,
      "on_cpu_stats_ns": {
        "count": 3.0,
        "sum_ns": 1624238.4761904762,
        "mean_ns": 541412.8253968254,
        "median_ns": 354412.14285714284,
        "min_ns": 301378.3333333333,
        "max_ns": 968448.0,
        "variance_ns2": 137472426499.4248,
        "iqr_ns": 667069.6666666667,
        "q1_ns": 301378.3333333333,
        "q3_ns": 968448.0
      },
      "runq_latency_stats_ns": {
        "count": 2.0,
        "sum_ns": 7252.833333333333,
        "mean_ns": 3626.4166666666665,
        "median_ns": 6444.833333333333,
        "min_ns": 808.0,
        "max_ns": 6444.833333333333,
        "variance_ns2": 15886945.013888888,
        "iqr_ns": 5636.833333333333,
        "q1_ns": 808.0,
        "q3_ns": 6444.833333333333
      },
      "first_seen_ts_ns": 1750108538202949744,
      "last_seen_ts_ns": 1750108570660491007,
      "duration_active_s": 32.457541263
    },
    {
      "tgid": 45,
      "comm": "bash",
      "cgroup_id": 36605,
      "on_cpu_stats_ns": {
        "count": 14.0,
        "sum_ns": 1292973.5,
        "mean_ns": 92355.25,
        "median_ns": 101085.43333333333,
        "min_ns": 15885.0,
        "max_ns": 218920.0,
        "variance_ns2": 3383725597.105769,
        "iqr_ns": 83311.31695963541,
        "q1_ns": 41547.68304036458,
        "q3_ns": 124859.0
      },
      "runq_latency_stats_ns": {
        "count": 14.0,
        "sum_ns": 285634.5,
        "mean_ns": 20402.464285714286,
        "median_ns": 18660.23174603175,
        "min_ns": 841.0,
        "max_ns": 71936.0,
        "variance_ns2": 438766673.4024725,
        "iqr_ns": 29557.87845568783,
        "q1_ns": 2723.104761904762,
        "q3_ns": 32280.983217592595
      },
      "first_seen_ts_ns": 1750108499712959721,
      "last_seen_ts_ns": 1750108561122697996,
      "duration_active_s": 61.409738275
    },
    {
      "tgid": 168,
      "comm": "ZMQbg/Reaper",
      "cgroup_id": 36689,
      "on_cpu_stats_ns": {
        "count": 18.0,
        "sum_ns": 319811.74999999994,
        "mean_ns": 17767.31944444444,
        "median_ns": 16521.501388888886,
        "min_ns": 5807.0,
        "max_ns": 30643.0,
        "variance_ns2": 49075762.13092321,
        "iqr_ns": 8778.551784550755,
        "q1_ns": 12451.333333333334,
        "q3_ns": 21229.88511788409
      },
      "runq_latency_stats_ns": {
        "count": 18.0,
        "sum_ns": 197084.25,
        "mean_ns": 10949.125,
        "median_ns": 12773.012037037035,
        "min_ns": 2287.0,
        "max_ns": 17776.0,
        "variance_ns2": 26221324.663602937,
        "iqr_ns": 5740.746085999504,
        "q1_ns": 9587.763834635416,
        "q3_ns": 15328.50992063492
      },
      "first_seen_ts_ns": 1750108503502919991,
      "last_seen_ts_ns": 1750108567520286467,
      "duration_active_s": 64.017366476
    },
    {
      "tgid": 572,
      "comm": "xhpcg",
      "cgroup_id": 36689,
      "on_cpu_stats_ns": {
        "count": 1.0,
        "sum_ns": 6458.5,
        "mean_ns": 6458.5,
        "median_ns": 6458.5,
        "min_ns": 6458.5,
        "max_ns": 6458.5,
        "variance_ns2": null,
        "iqr_ns": 0.0,
        "q1_ns": 6458.5,
        "q3_ns": 6458.5
      },
      "runq_latency_stats_ns": {
        "count": 1.0,
        "sum_ns": 3033.25,
        "mean_ns": 3033.25,
        "median_ns": 3033.25,
        "min_ns": 3033.25,
        "max_ns": 3033.25,
        "variance_ns2": null,
        "iqr_ns": 0.0,
        "q1_ns": 3033.25,
        "q3_ns": 3033.25
      },
      "first_seen_ts_ns": 1750108551124952798,
      "last_seen_ts_ns": 1750108551124952798,
      "duration_active_s": 0
    }
  ]
}
[21:16:10] Cleanup complete. Exiting.
