ln: failed to create symbolic link '/mnt/flux/view/lib/python': File exists
ln: failed to create symbolic link '/mnt/flux/view/lib/python3': File exists
unlimited
PROGRAM: futex
Looking for /opt/programs/futex/ebpf-collect.c
[17:04:49] Starting eBPF (Tracepoints for futex syscalls).
[17:04:49] BPF program loaded and tracepoints automatically attached.
[17:04:49] Start Indicator file defined '/mnt/flux/start_ebpf_collection'. Waiting.
[17:04:49] Start indicator found. Proceeding.
[17:04:49] Ring buffers opened. Polling for events...
[17:06:00] 
Indicator file '/mnt/flux/stop_ebpf_collection' found. Stopping.
[17:06:00] Cleaning up BPF resources...
{
  "final_aggregated_futex_summary_river": [
    {
      "tgid": 6208,
      "comm": "containerd",
      "cgroup_id": 4085,
      "wait_duration_stats_ns": {
        "count": 5926.0,
        "sum": 1525592856654.9993,
        "mean": 257440576.55332422,
        "median": 1967341.9836971045,
        "min": 780,
        "max": 39706353767,
        "variance_ns2": 2.712639699290056e+18,
        "iqr_ns": 97291430.9600176,
        "q1_ns": 85931.61231772162,
        "q3_ns": 97377362.57233533
      },
      "futex_op_counts": {
        "128": 5926
      },
      "first_seen_ts_ns": 4970929591990,
      "last_seen_ts_ns": 5041579937811
    },
    {
      "tgid": 6252,
      "comm": "kubelet",
      "cgroup_id": 4138,
      "wait_duration_stats_ns": {
        "count": 7207.0,
        "sum": 659587398430.0022,
        "mean": 91520382.74316667,
        "median": 13786450.384625006,
        "min": 780,
        "max": 26156095725,
        "variance_ns2": 6.562450621258532e+17,
        "iqr_ns": 37181402.3862324,
        "q1_ns": 1764373.0434884601,
        "q3_ns": 38945775.429720856
      },
      "futex_op_counts": {
        "128": 7207
      },
      "first_seen_ts_ns": 4970833325267,
      "last_seen_ts_ns": 5041567105056
    },
    {
      "tgid": 6353,
      "comm": "containerd-shim",
      "cgroup_id": 4085,
      "wait_duration_stats_ns": {
        "count": 838.0,
        "sum": 439427339007.9998,
        "mean": 524376299.53221935,
        "median": 3141051.583883124,
        "min": 1170,
        "max": 10056087185,
        "variance_ns2": 2.990847771042023e+18,
        "iqr_ns": 113265914.58595668,
        "q1_ns": 155098.1670160084,
        "q3_ns": 113421012.75297269
      },
      "futex_op_counts": {
        "128": 838
      },
      "first_seen_ts_ns": 4974640191456,
      "last_seen_ts_ns": 5039892210163
    },
    {
      "tgid": 8039,
      "comm": "metrics-server",
      "cgroup_id": 5431,
      "wait_duration_stats_ns": {
        "count": 1267.0,
        "sum": 366219192529.0001,
        "mean": 289044350.8516181,
        "median": 124895683.19102356,
        "min": 1260,
        "max": 42945594716,
        "variance_ns2": 2.695346629516925e+18,
        "iqr_ns": 103912123.45289987,
        "q1_ns": 55192952.38418744,
        "q3_ns": 159105075.8370873
      },
      "futex_op_counts": {
        "128": 1267
      },
      "first_seen_ts_ns": 4970829102747,
      "last_seen_ts_ns": 5041449500482
    },
    {
      "tgid": 8090,
      "comm": "metrics-server",
      "cgroup_id": 5501,
      "wait_duration_stats_ns": {
        "count": 1435.0,
        "sum": 343473623452.99963,
        "mean": 239354441.43066177,
        "median": 112314911.39366308,
        "min": 940,
        "max": 39198412550,
        "variance_ns2": 1.6060120272917962e+18,
        "iqr_ns": 148446365.03720748,
        "q1_ns": 48954959.59614852,
        "q3_ns": 197401324.633356
      },
      "futex_op_counts": {
        "128": 1435
      },
      "first_seen_ts_ns": 4970847037160,
      "last_seen_ts_ns": 5041347730504
    },
    {
      "tgid": 9312,
      "comm": "coredns",
      "cgroup_id": 5781,
      "wait_duration_stats_ns": {
        "count": 611.0,
        "sum": 339963206820.99976,
        "mean": 556404593.8150569,
        "median": 127654318.69750792,
        "min": 1060,
        "max": 18017128510,
        "variance_ns2": 1.4183460591756815e+18,
        "iqr_ns": 970209872.3660274,
        "q1_ns": 243406.67552057438,
        "q3_ns": 970453279.0415479
      },
      "futex_op_counts": {
        "128": 611
      },
      "first_seen_ts_ns": 4971279442570,
      "last_seen_ts_ns": 5041532332554
    },
    {
      "tgid": 9423,
      "comm": "coredns",
      "cgroup_id": 5921,
      "wait_duration_stats_ns": {
        "count": 615.0,
        "sum": 338904422941.0002,
        "mean": 551064102.3430897,
        "median": 163832140.85607648,
        "min": 2090,
        "max": 16995036660,
        "variance_ns2": 1.5227343838733432e+18,
        "iqr_ns": 948863485.9130591,
        "q1_ns": 109748.18718328729,
        "q3_ns": 948973234.1002424
      },
      "futex_op_counts": {
        "128": 615
      },
      "first_seen_ts_ns": 4971395714593,
      "last_seen_ts_ns": 5041531192729
    },
    {
      "tgid": 134318,
      "comm": "containerd-shim",
      "cgroup_id": 4085,
      "wait_duration_stats_ns": {
        "count": 308.0,
        "sum": 310351008914.00006,
        "mean": 1007633145.8246754,
        "median": 7412669.355624024,
        "min": 1570,
        "max": 29991015905,
        "variance_ns2": 8.43919448589273e+18,
        "iqr_ns": 116064646.45359324,
        "q1_ns": 968133.4882765539,
        "q3_ns": 117032779.9418698
      },
      "futex_op_counts": {
        "128": 308
      },
      "first_seen_ts_ns": 4970938794323,
      "last_seen_ts_ns": 5040948505819
    },
    {
      "tgid": 7477,
      "comm": "containerd-shim",
      "cgroup_id": 4085,
      "wait_duration_stats_ns": {
        "count": 76.0,
        "sum": 307971080462.99994,
        "mean": 4052251058.7236834,
        "median": 554086069.3637736,
        "min": 1260,
        "max": 30004519631,
        "variance_ns2": 5.978415166328502e+19,
        "iqr_ns": 5032383398.478576,
        "q1_ns": 41611674.830968075,
        "q3_ns": 5073995073.309544
      },
      "futex_op_counts": {
        "128": 76
      },
      "first_seen_ts_ns": 4977221079164,
      "last_seen_ts_ns": 5039892690408
    },
    {
      "tgid": 7986,
      "comm": "containerd-shim",
      "cgroup_id": 4085,
      "wait_duration_stats_ns": {
        "count": 79.0,
        "sum": 304862841762.00006,
        "mean": 3859023313.443039,
        "median": 490400262.0607705,
        "min": 1120,
        "max": 30006489493,
        "variance_ns2": 5.121156284147494e+19,
        "iqr_ns": 6010906336.191777,
        "q1_ns": 34323018.97647447,
        "q3_ns": 6045229355.168252
      },
      "futex_op_counts": {
        "128": 79
      },
      "first_seen_ts_ns": 4978250457910,
      "last_seen_ts_ns": 5039893665208
    },
    {
      "tgid": 9360,
      "comm": "containerd-shim",
      "cgroup_id": 4085,
      "wait_duration_stats_ns": {
        "count": 83.0,
        "sum": 303847636177.00006,
        "mean": 3660814893.698796,
        "median": 221670479.69455346,
        "min": 6150,
        "max": 29999417163,
        "variance_ns2": 5.180619557995695e+19,
        "iqr_ns": 5214598067.801126,
        "q1_ns": 87245444.78682373,
        "q3_ns": 5301843512.587949
      },
      "futex_op_counts": {
        "128": 83
      },
      "first_seen_ts_ns": 4979324953485,
      "last_seen_ts_ns": 5040274288940
    },
    {
      "tgid": 6360,
      "comm": "containerd-shim",
      "cgroup_id": 4085,
      "wait_duration_stats_ns": {
        "count": 69.0,
        "sum": 272735150432.00006,
        "mean": 3952683339.594204,
        "median": 748017310.9424665,
        "min": 18151,
        "max": 30001696923,
        "variance_ns2": 4.718391548083165e+19,
        "iqr_ns": 4375102400.043247,
        "q1_ns": 235987966.2025866,
        "q3_ns": 4611090366.245833
      },
      "futex_op_counts": {
        "128": 69
      },
      "first_seen_ts_ns": 4979331490126,
      "last_seen_ts_ns": 5039896328830
    },
    {
      "tgid": 10805,
      "comm": "manager",
      "cgroup_id": 6249,
      "wait_duration_stats_ns": {
        "count": 634.0,
        "sum": 265872485896.00037,
        "mean": 419357233.2744485,
        "median": 267090958.44760036,
        "min": 18931,
        "max": 25649742246,
        "variance_ns2": 1.9141133361905856e+18,
        "iqr_ns": 489212698.27331847,
        "q1_ns": 10245947.273640769,
        "q3_ns": 499458645.5469592
      },
      "futex_op_counts": {
        "128": 634
      },
      "first_seen_ts_ns": 4971379292977,
      "last_seen_ts_ns": 5041445502098
    },
    {
      "tgid": 10681,
      "comm": "kube-rbac-proxy",
      "cgroup_id": 6179,
      "wait_duration_stats_ns": {
        "count": 41.0,
        "sum": 249950776714.0,
        "mean": 6096360407.658537,
        "median": 4920084105.397819,
        "min": 33201,
        "max": 20003862320,
        "variance_ns2": 1.1895027972884943e+19,
        "iqr_ns": 799135623.1098204,
        "q1_ns": 4932301505.311684,
        "q3_ns": 5731437128.421504
      },
      "futex_op_counts": {
        "128": 41
      },
      "first_seen_ts_ns": 4976060159676,
      "last_seen_ts_ns": 5041055773436
    },
    {
      "tgid": 6820,
      "comm": "aws-k8s-agent",
      "cgroup_id": 5011,
      "wait_duration_stats_ns": {
        "count": 328.0,
        "sum": 243485819404.00018,
        "mean": 742334815.2560982,
        "median": 14986759.816249367,
        "min": 14460,
        "max": 18474960722,
        "variance_ns2": 3.626390175874695e+18,
        "iqr_ns": 713696639.677633,
        "q1_ns": 2275314.093895133,
        "q3_ns": 715971953.7715281
      },
      "futex_op_counts": {
        "128": 328
      },
      "first_seen_ts_ns": 4974209482206,
      "last_seen_ts_ns": 5039491625956
    },
    {
      "tgid": 8562,
      "comm": "containerd-shim",
      "cgroup_id": 4085,
      "wait_duration_stats_ns": {
        "count": 83.0,
        "sum": 242683924496.0,
        "mean": 2923902704.7710843,
        "median": 264911806.2695398,
        "min": 1190,
        "max": 29994312359,
        "variance_ns2": 3.4168153360246276e+19,
        "iqr_ns": 3953253490.644487,
        "q1_ns": 16350718.382260598,
        "q3_ns": 3969604209.0267477
      },
      "futex_op_counts": {
        "128": 83
      },
      "first_seen_ts_ns": 4979200326586,
      "last_seen_ts_ns": 5039894167314
    },
    {
      "tgid": 133856,
      "comm": "containerd-shim",
      "cgroup_id": 4085,
      "wait_duration_stats_ns": {
        "count": 74.0,
        "sum": 227755312234.99994,
        "mean": 3077774489.6621614,
        "median": 465886984.2287773,
        "min": 910,
        "max": 30002326436,
        "variance_ns2": 3.320301974946287e+19,
        "iqr_ns": 5031635356.193083,
        "q1_ns": 29509880.7429667,
        "q3_ns": 5061145236.936049
      },
      "futex_op_counts": {
        "128": 74
      },
      "first_seen_ts_ns": 4979326855274,
      "last_seen_ts_ns": 5039896817085
    },
    {
      "tgid": 6524,
      "comm": "kube-proxy",
      "cgroup_id": 4871,
      "wait_duration_stats_ns": {
        "count": 79.0,
        "sum": 221553874268.00006,
        "mean": 2804479421.113925,
        "median": 1981401682.30303,
        "min": 4260,
        "max": 24512782313,
        "variance_ns2": 2.0300333116509065e+19,
        "iqr_ns": 2617135071.757617,
        "q1_ns": 245293854.71910644,
        "q3_ns": 2862428926.4767237
      },
      "futex_op_counts": {
        "128": 79
      },
      "first_seen_ts_ns": 4978558756550,
      "last_seen_ts_ns": 5039739825636
    },
    {
      "tgid": 10620,
      "comm": "containerd-shim",
      "cgroup_id": 4085,
      "wait_duration_stats_ns": {
        "count": 181.0,
        "sum": 212066952687.99988,
        "mean": 1171640622.5856347,
        "median": 24039749.02634311,
        "min": 860,
        "max": 30000822356,
        "variance_ns2": 1.0999584406461905e+19,
        "iqr_ns": 522009177.52231103,
        "q1_ns": 2926085.438329162,
        "q3_ns": 524935262.9606402
      },
      "futex_op_counts": {
        "128": 181
      },
      "first_seen_ts_ns": 4978973844058,
      "last_seen_ts_ns": 5039893161472
    },
    {
      "tgid": 6961,
      "comm": "controller",
      "cgroup_id": 5081,
      "wait_duration_stats_ns": {
        "count": 298.0,
        "sum": 204724991906.0001,
        "mean": 686996617.1342285,
        "median": 493516358.69603795,
        "min": 1035442,
        "max": 10008321389,
        "variance_ns2": 1.8538953916750728e+18,
        "iqr_ns": 14904842.195070863,
        "q1_ns": 484723027.1090553,
        "q3_ns": 499627869.30412614
      },
      "futex_op_counts": {
        "128": 298
      },
      "first_seen_ts_ns": 4971584144360,
      "last_seen_ts_ns": 5041084437620
    },
    {
      "tgid": 6233,
      "comm": "ssm-agent-worke",
      "cgroup_id": 3429,
      "wait_duration_stats_ns": {
        "count": 105.0,
        "sum": 182448611458.99997,
        "mean": 1737605823.4190474,
        "median": 1401505009.4394257,
        "min": 7112199,
        "max": 22868236534,
        "variance_ns2": 6.15753338170109e+18,
        "iqr_ns": 1250069347.7628598,
        "q1_ns": 802564856.116958,
        "q3_ns": 2052634203.879818
      },
      "futex_op_counts": {
        "128": 105
      },
      "first_seen_ts_ns": 4970953517127,
      "last_seen_ts_ns": 5041217660605
    },
    {
      "tgid": 135112,
      "comm": "xhpcg",
      "cgroup_id": 53459,
      "wait_duration_stats_ns": {
        "count": 1489.0,
        "sum": 5434425286.000006,
        "mean": 3649714.7656145105,
        "median": 2877214.7096059383,
        "min": 8530,
        "max": 39330902,
        "variance_ns2": 14271422018897.473,
        "iqr_ns": 1233762.9805805394,
        "q1_ns": 2483146.08048343,
        "q3_ns": 3716909.0610639695
      },
      "futex_op_counts": {
        "128": 1489
      },
      "first_seen_ts_ns": 4971760193223,
      "last_seen_ts_ns": 4993291894880
    },
    {
      "tgid": 135101,
      "comm": "xhpcg",
      "cgroup_id": 53459,
      "wait_duration_stats_ns": {
        "count": 1428.0,
        "sum": 5424775450.000008,
        "mean": 3798862.3599439827,
        "median": 2788604.133684929,
        "min": 119994,
        "max": 37758783,
        "variance_ns2": 18172651659699.38,
        "iqr_ns": 2593471.167318214,
        "q1_ns": 2572126.5641740435,
        "q3_ns": 5165597.731492258
      },
      "futex_op_counts": {
        "128": 1428
      },
      "first_seen_ts_ns": 4971758669126,
      "last_seen_ts_ns": 4993291977743
    },
    {
      "tgid": 135089,
      "comm": "xhpcg",
      "cgroup_id": 53459,
      "wait_duration_stats_ns": {
        "count": 1437.0,
        "sum": 5327608940.999992,
        "mean": 3707452.2901878865,
        "median": 2769102.920415123,
        "min": 207677,
        "max": 38006831,
        "variance_ns2": 15714663632911.71,
        "iqr_ns": 6430363.323496223,
        "q1_ns": 2554017.4660023907,
        "q3_ns": 8984380.789498614
      },
      "futex_op_counts": {
        "128": 1437
      },
      "first_seen_ts_ns": 4971758920214,
      "last_seen_ts_ns": 4993291923061
    },
    {
      "tgid": 135100,
      "comm": "xhpcg",
      "cgroup_id": 53459,
      "wait_duration_stats_ns": {
        "count": 1422.0,
        "sum": 5302821419.000005,
        "mean": 3729128.9866385404,
        "median": 2737789.1265862733,
        "min": 114384,
        "max": 40437186,
        "variance_ns2": 18490013296590.43,
        "iqr_ns": 1958215.5656955773,
        "q1_ns": 2444195.521084605,
        "q3_ns": 4402411.086780182
      },
      "futex_op_counts": {
        "128": 1422
      },
      "first_seen_ts_ns": 4971759225213,
      "last_seen_ts_ns": 4993290874039
    },
    {
      "tgid": 135103,
      "comm": "xhpcg",
      "cgroup_id": 53459,
      "wait_duration_stats_ns": {
        "count": 1458.0,
        "sum": 5298071799.000002,
        "mean": 3633794.1008230466,
        "median": 2811153.7313735387,
        "min": 69433,
        "max": 40179988,
        "variance_ns2": 14017941970377.758,
        "iqr_ns": 3552982.725574977,
        "q1_ns": 2514888.5092096454,
        "q3_ns": 6067871.234784623
      },
      "futex_op_counts": {
        "128": 1458
      },
      "first_seen_ts_ns": 4971759197632,
      "last_seen_ts_ns": 4993291174998
    },
    {
      "tgid": 135109,
      "comm": "xhpcg",
      "cgroup_id": 53459,
      "wait_duration_stats_ns": {
        "count": 1443.0,
        "sum": 5290083615.000004,
        "mean": 3666031.611226614,
        "median": 2787488.250006213,
        "min": 79312,
        "max": 39264350,
        "variance_ns2": 13947923624265.44,
        "iqr_ns": 1842406.2380759846,
        "q1_ns": 2539013.26148625,
        "q3_ns": 4381419.499562235
      },
      "futex_op_counts": {
        "128": 1443
      },
      "first_seen_ts_ns": 4971760849943,
      "last_seen_ts_ns": 4993292692175
    },
    {
      "tgid": 135088,
      "comm": "xhpcg",
      "cgroup_id": 53459,
      "wait_duration_stats_ns": {
        "count": 1422.0,
        "sum": 5283847949.999995,
        "mean": 3715786.181434596,
        "median": 2757498.5155784753,
        "min": 2291,
        "max": 37744983,
        "variance_ns2": 15720648444673.443,
        "iqr_ns": 4914152.074411623,
        "q1_ns": 2521694.2288459935,
        "q3_ns": 7435846.303257617
      },
      "futex_op_counts": {
        "128": 1422
      },
      "first_seen_ts_ns": 4971758235152,
      "last_seen_ts_ns": 4993292009644
    },
    {
      "tgid": 135106,
      "comm": "xhpcg",
      "cgroup_id": 53459,
      "wait_duration_stats_ns": {
        "count": 1448.0,
        "sum": 5243661538.999998,
        "mean": 3621313.2175414353,
        "median": 2800203.1959773456,
        "min": 3110,
        "max": 39260930,
        "variance_ns2": 12295662968979.307,
        "iqr_ns": 3458915.69285,
        "q1_ns": 2445088.847091539,
        "q3_ns": 5904004.539941539
      },
      "futex_op_counts": {
        "128": 1448
      },
      "first_seen_ts_ns": 4971759884123,
      "last_seen_ts_ns": 4993292699545
    },
    {
      "tgid": 135087,
      "comm": "xhpcg",
      "cgroup_id": 53459,
      "wait_duration_stats_ns": {
        "count": 1362.0,
        "sum": 5230582688.999996,
        "mean": 3840369.0814977945,
        "median": 2763526.5730394013,
        "min": 97252,
        "max": 40371284,
        "variance_ns2": 20237638124062.355,
        "iqr_ns": 5136341.235942076,
        "q1_ns": 2589071.6330398815,
        "q3_ns": 7725412.868981957
      },
      "futex_op_counts": {
        "128": 1362
      },
      "first_seen_ts_ns": 4971758244323,
      "last_seen_ts_ns": 4993291479458
    },
    {
      "tgid": 135110,
      "comm": "xhpcg",
      "cgroup_id": 53459,
      "wait_duration_stats_ns": {
        "count": 1476.0,
        "sum": 5199401084.999997,
        "mean": 3522629.461382112,
        "median": 2743008.227840054,
        "min": 34750,
        "max": 39029962,
        "variance_ns2": 12878263663714.445,
        "iqr_ns": 696880.7120215781,
        "q1_ns": 2416288.1611074153,
        "q3_ns": 3113168.8731289934
      },
      "futex_op_counts": {
        "128": 1476
      },
      "first_seen_ts_ns": 4971759633296,
      "last_seen_ts_ns": 4993291840389
    },
    {
      "tgid": 135093,
      "comm": "xhpcg",
      "cgroup_id": 53459,
      "wait_duration_stats_ns": {
        "count": 1430.0,
        "sum": 5185910513.0,
        "mean": 3626510.8482517484,
        "median": 2741897.418308003,
        "min": 106403,
        "max": 39210428,
        "variance_ns2": 14576244641804.574,
        "iqr_ns": 3615589.620402789,
        "q1_ns": 2480997.637015971,
        "q3_ns": 6096587.25741876
      },
      "futex_op_counts": {
        "128": 1430
      },
      "first_seen_ts_ns": 4971758923464,
      "last_seen_ts_ns": 4993292252791
    },
    {
      "tgid": 135086,
      "comm": "xhpcg",
      "cgroup_id": 53459,
      "wait_duration_stats_ns": {
        "count": 1401.0,
        "sum": 5185800689.000008,
        "mean": 3701499.421127771,
        "median": 2666436.424562851,
        "min": 47392,
        "max": 40316682,
        "variance_ns2": 19886138524369.273,
        "iqr_ns": 4539518.47682688,
        "q1_ns": 2432113.03893787,
        "q3_ns": 6971631.51576475
      },
      "futex_op_counts": {
        "128": 1401
      },
      "first_seen_ts_ns": 4971758882963,
      "last_seen_ts_ns": 4993292311693
    },
    {
      "tgid": 135090,
      "comm": "xhpcg",
      "cgroup_id": 53459,
      "wait_duration_stats_ns": {
        "count": 1429.0,
        "sum": 5181208264.000007,
        "mean": 3625758.05738279,
        "median": 2717270.9520724965,
        "min": 33311,
        "max": 39143997,
        "variance_ns2": 14689584088257.973,
        "iqr_ns": 5166734.455241881,
        "q1_ns": 2425714.3167473,
        "q3_ns": 7592448.771989181
      },
      "futex_op_counts": {
        "128": 1429
      },
      "first_seen_ts_ns": 4971760198163,
      "last_seen_ts_ns": 4993295443630
    },
    {
      "tgid": 135488,
      "comm": "xhpcg",
      "cgroup_id": 53459,
      "wait_duration_stats_ns": {
        "count": 1441.0,
        "sum": 5135069532.999998,
        "mean": 3563545.8244274794,
        "median": 2864981.4059962183,
        "min": 44962,
        "max": 38609480,
        "variance_ns2": 13932291567634.422,
        "iqr_ns": 767073.2755919225,
        "q1_ns": 2573248.025074173,
        "q3_ns": 3340321.3006660957
      },
      "futex_op_counts": {
        "128": 1441
      },
      "first_seen_ts_ns": 5015561354715,
      "last_seen_ts_ns": 5036241498258
    },
    {
      "tgid": 135097,
      "comm": "xhpcg",
      "cgroup_id": 53459,
      "wait_duration_stats_ns": {
        "count": 1436.0,
        "sum": 5134086588.999991,
        "mean": 3575269.212395537,
        "median": 2631434.1245699436,
        "min": 38011,
        "max": 39243819,
        "variance_ns2": 16427805720813.514,
        "iqr_ns": 3404537.9788569775,
        "q1_ns": 2397742.9591025035,
        "q3_ns": 5802280.937959481
      },
      "futex_op_counts": {
        "128": 1436
      },
      "first_seen_ts_ns": 4971758687557,
      "last_seen_ts_ns": 4993292019174
    },
    {
      "tgid": 135486,
      "comm": "xhpcg",
      "cgroup_id": 53459,
      "wait_duration_stats_ns": {
        "count": 1443.0,
        "sum": 5119644299.999998,
        "mean": 3547917.0478170468,
        "median": 2828147.4997898648,
        "min": 48461,
        "max": 38384893,
        "variance_ns2": 14165316838937.295,
        "iqr_ns": 410014.9676107438,
        "q1_ns": 2580507.338861698,
        "q3_ns": 2990522.3064724416
      },
      "futex_op_counts": {
        "128": 1443
      },
      "first_seen_ts_ns": 5015560562370,
      "last_seen_ts_ns": 5036242208830
    },
    {
      "tgid": 135290,
      "comm": "xhpcg",
      "cgroup_id": 53459,
      "wait_duration_stats_ns": {
        "count": 1441.0,
        "sum": 5115583441.000004,
        "mean": 3550023.206800835,
        "median": 2866338.4582053414,
        "min": 31081,
        "max": 38682822,
        "variance_ns2": 12551711853410.344,
        "iqr_ns": 947343.2891467926,
        "q1_ns": 2581727.0319635035,
        "q3_ns": 3529070.321110296
      },
      "futex_op_counts": {
        "128": 1441
      },
      "first_seen_ts_ns": 4994103936298,
      "last_seen_ts_ns": 5014791783348
    },
    {
      "tgid": 135473,
      "comm": "xhpcg",
      "cgroup_id": 53459,
      "wait_duration_stats_ns": {
        "count": 1462.0,
        "sum": 5111357931.000005,
        "mean": 3496140.8556771576,
        "median": 2846816.5175905786,
        "min": 37142,
        "max": 39566350,
        "variance_ns2": 13089294504389.791,
        "iqr_ns": 1002102.0309939273,
        "q1_ns": 2503306.1400783053,
        "q3_ns": 3505408.1710722325
      },
      "futex_op_counts": {
        "128": 1462
      },
      "first_seen_ts_ns": 5015560833759,
      "last_seen_ts_ns": 5036239846227
    },
    {
      "tgid": 135474,
      "comm": "xhpcg",
      "cgroup_id": 53459,
      "wait_duration_stats_ns": {
        "count": 1440.0,
        "sum": 5102297715.000002,
        "mean": 3543262.3020833344,
        "median": 2821239.9721702663,
        "min": 43692,
        "max": 39331122,
        "variance_ns2": 14431056973806.541,
        "iqr_ns": 487664.99126516795,
        "q1_ns": 2538129.5615409915,
        "q3_ns": 3025794.5528061595
      },
      "futex_op_counts": {
        "128": 1440
      },
      "first_seen_ts_ns": 5015560263351,
      "last_seen_ts_ns": 5036240502087
    },
    {
      "tgid": 135287,
      "comm": "xhpcg",
      "cgroup_id": 53459,
      "wait_duration_stats_ns": {
        "count": 1426.0,
        "sum": 5098901903.00001,
        "mean": 3575667.533660596,
        "median": 2856161.294951089,
        "min": 58361,
        "max": 38704092,
        "variance_ns2": 14095889274735.371,
        "iqr_ns": 702262.4762605256,
        "q1_ns": 2568802.8970769644,
        "q3_ns": 3271065.37333749
      },
      "futex_op_counts": {
        "128": 1426
      },
      "first_seen_ts_ns": 4994104065622,
      "last_seen_ts_ns": 5014786917898
    },
    {
      "tgid": 135286,
      "comm": "xhpcg",
      "cgroup_id": 53459,
      "wait_duration_stats_ns": {
        "count": 1406.0,
        "sum": 5098743165.999996,
        "mean": 3626417.614509243,
        "median": 2844230.9371898347,
        "min": 60182,
        "max": 38552506,
        "variance_ns2": 15524113357998.195,
        "iqr_ns": 645371.346953596,
        "q1_ns": 2613354.799915609,
        "q3_ns": 3258726.146869205
      },
      "futex_op_counts": {
        "128": 1406
      },
      "first_seen_ts_ns": 4994104253957,
      "last_seen_ts_ns": 5014791722506
    },
    {
      "tgid": 135490,
      "comm": "xhpcg",
      "cgroup_id": 53459,
      "wait_duration_stats_ns": {
        "count": 1420.0,
        "sum": 5093213799.000004,
        "mean": 3586770.2809859184,
        "median": 2869520.9213728043,
        "min": 166015,
        "max": 41187870,
        "variance_ns2": 14965116112762.768,
        "iqr_ns": 424804.2329956433,
        "q1_ns": 2606305.751487366,
        "q3_ns": 3031109.984483009
      },
      "futex_op_counts": {
        "128": 1420
      },
      "first_seen_ts_ns": 5015561303193,
      "last_seen_ts_ns": 5036242219820
    },
    {
      "tgid": 135095,
      "comm": "xhpcg",
      "cgroup_id": 53459,
      "wait_duration_stats_ns": {
        "count": 1432.0,
        "sum": 5089812727.000004,
        "mean": 3554338.4965083827,
        "median": 2633995.48379473,
        "min": 89863,
        "max": 40044794,
        "variance_ns2": 15542764544264.877,
        "iqr_ns": 3399411.359123679,
        "q1_ns": 2372882.7278032424,
        "q3_ns": 5772294.086926921
      },
      "futex_op_counts": {
        "128": 1432
      },
      "first_seen_ts_ns": 4971758725838,
      "last_seen_ts_ns": 4993292628903
    },
    {
      "tgid": 135274,
      "comm": "xhpcg",
      "cgroup_id": 53459,
      "wait_duration_stats_ns": {
        "count": 1426.0,
        "sum": 5080277667.999999,
        "mean": 3562607.0603085547,
        "median": 2788148.935757379,
        "min": 71992,
        "max": 38538986,
        "variance_ns2": 14650504828556.303,
        "iqr_ns": 641162.6934495522,
        "q1_ns": 2563265.6789027606,
        "q3_ns": 3204428.372352313
      },
      "futex_op_counts": {
        "128": 1426
      },
      "first_seen_ts_ns": 4994104284238,
      "last_seen_ts_ns": 5014789775846
    },
    {
      "tgid": 135484,
      "comm": "xhpcg",
      "cgroup_id": 53459,
      "wait_duration_stats_ns": {
        "count": 1452.0,
        "sum": 5072676190.000006,
        "mean": 3493578.6432506926,
        "median": 2779193.775512672,
        "min": 26051,
        "max": 41094747,
        "variance_ns2": 14075566759357.34,
        "iqr_ns": 602601.9907357744,
        "q1_ns": 2487406.7830699207,
        "q3_ns": 3090008.773805695
      },
      "futex_op_counts": {
        "128": 1452
      },
      "first_seen_ts_ns": 5015560435137,
      "last_seen_ts_ns": 5036241471217
    },
    {
      "tgid": 135472,
      "comm": "xhpcg",
      "cgroup_id": 53459,
      "wait_duration_stats_ns": {
        "count": 1440.0,
        "sum": 5056612829.999999,
        "mean": 3511536.6874999995,
        "median": 2812462.731383562,
        "min": 2991,
        "max": 40123376,
        "variance_ns2": 14568668333590.104,
        "iqr_ns": 471775.2499890728,
        "q1_ns": 2559494.610305703,
        "q3_ns": 3031269.8602947756
      },
      "futex_op_counts": {
        "128": 1440
      },
      "first_seen_ts_ns": 5015560181469,
      "last_seen_ts_ns": 5036239996002
    },
    {
      "tgid": 135272,
      "comm": "xhpcg",
      "cgroup_id": 53459,
      "wait_duration_stats_ns": {
        "count": 1404.0,
        "sum": 5041835272.999996,
        "mean": 3591050.7642450114,
        "median": 2797894.0723530566,
        "min": 66202,
        "max": 38524415,
        "variance_ns2": 15906215181253.445,
        "iqr_ns": 574222.4474730892,
        "q1_ns": 2589770.5488576633,
        "q3_ns": 3163992.9963307525
      },
      "futex_op_counts": {
        "128": 1404
      },
      "first_seen_ts_ns": 4994104039611,
      "last_seen_ts_ns": 5014787457485
    },
    {
      "tgid": 135284,
      "comm": "xhpcg",
      "cgroup_id": 53459,
      "wait_duration_stats_ns": {
        "count": 1421.0,
        "sum": 5035058560.999997,
        "mean": 3543320.591836733,
        "median": 2761400.629761534,
        "min": 67572,
        "max": 38630528,
        "variance_ns2": 15588525737203.613,
        "iqr_ns": 701843.749609184,
        "q1_ns": 2477685.31677896,
        "q3_ns": 3179529.066388144
      },
      "futex_op_counts": {
        "128": 1421
      },
      "first_seen_ts_ns": 4994104773363,
      "last_seen_ts_ns": 5014791714126
    },
    {
      "tgid": 135494,
      "comm": "xhpcg",
      "cgroup_id": 53459,
      "wait_duration_stats_ns": {
        "count": 1423.0,
        "sum": 5028974417.000001,
        "mean": 3534064.9451862266,
        "median": 2844860.5121320807,
        "min": 87773,
        "max": 38370132,
        "variance_ns2": 14802984184355.701,
        "iqr_ns": 517888.62290683575,
        "q1_ns": 2512531.805854969,
        "q3_ns": 3030420.428761805
      },
      "futex_op_counts": {
        "128": 1423
      },
      "first_seen_ts_ns": 5015560959423,
      "last_seen_ts_ns": 5036242222100
    },
    {
      "tgid": 135498,
      "comm": "xhpcg",
      "cgroup_id": 53459,
      "wait_duration_stats_ns": {
        "count": 1424.0,
        "sum": 5023523126.000009,
        "mean": 3527755.004213489,
        "median": 2737430.3698107316,
        "min": 62752,
        "max": 38179657,
        "variance_ns2": 16737356540769.781,
        "iqr_ns": 472509.40767135564,
        "q1_ns": 2479910.498171391,
        "q3_ns": 2952419.9058427466
      },
      "futex_op_counts": {
        "128": 1424
      },
      "first_seen_ts_ns": 5015561577102,
      "last_seen_ts_ns": 5036240353502
    },
    {
      "tgid": 135496,
      "comm": "xhpcg",
      "cgroup_id": 53459,
      "wait_duration_stats_ns": {
        "count": 1431.0,
        "sum": 5018025647.999996,
        "mean": 3506656.637316559,
        "median": 2713749.3490809435,
        "min": 44262,
        "max": 38288470,
        "variance_ns2": 16761811712971.975,
        "iqr_ns": 471794.68129401654,
        "q1_ns": 2469315.353556321,
        "q3_ns": 2941110.0348503375
      },
      "futex_op_counts": {
        "128": 1431
      },
      "first_seen_ts_ns": 5015561144639,
      "last_seen_ts_ns": 5036239853857
    },
    {
      "tgid": 135492,
      "comm": "xhpcg",
      "cgroup_id": 53459,
      "wait_duration_stats_ns": {
        "count": 1428.0,
        "sum": 5003831367.000002,
        "mean": 3504083.590336136,
        "median": 2776710.7910168422,
        "min": 123434,
        "max": 38675911,
        "variance_ns2": 14878597122207.973,
        "iqr_ns": 598520.8091683532,
        "q1_ns": 2462895.2434146055,
        "q3_ns": 3061416.0525829587
      },
      "futex_op_counts": {
        "128": 1428
      },
      "first_seen_ts_ns": 5015560737666,
      "last_seen_ts_ns": 5036241509448
    },
    {
      "tgid": 135478,
      "comm": "xhpcg",
      "cgroup_id": 53459,
      "wait_duration_stats_ns": {
        "count": 1431.0,
        "sum": 5001366752.999999,
        "mean": 3495015.201257861,
        "median": 2755728.322417281,
        "min": 156455,
        "max": 40184878,
        "variance_ns2": 15254936585680.814,
        "iqr_ns": 543666.587811898,
        "q1_ns": 2448737.4030621243,
        "q3_ns": 2992403.9908740222
      },
      "futex_op_counts": {
        "128": 1431
      },
      "first_seen_ts_ns": 5015560945482,
      "last_seen_ts_ns": 5036242061755
    },
    {
      "tgid": 135298,
      "comm": "xhpcg",
      "cgroup_id": 53459,
      "wait_duration_stats_ns": {
        "count": 1463.0,
        "sum": 4999299829.00001,
        "mean": 3417156.410799733,
        "median": 2780083.400716237,
        "min": 35601,
        "max": 39561369,
        "variance_ns2": 12298752931717.066,
        "iqr_ns": 756137.3730434715,
        "q1_ns": 2472410.8825076283,
        "q3_ns": 3228548.2555511
      },
      "futex_op_counts": {
        "128": 1463
      },
      "first_seen_ts_ns": 4994104661430,
      "last_seen_ts_ns": 5014787906249
    },
    {
      "tgid": 135294,
      "comm": "xhpcg",
      "cgroup_id": 53459,
      "wait_duration_stats_ns": {
        "count": 1411.0,
        "sum": 4987064184.999994,
        "mean": 3534418.274273561,
        "median": 2846107.3306675204,
        "min": 99783,
        "max": 39166986,
        "variance_ns2": 13283880649102.34,
        "iqr_ns": 684675.5113313985,
        "q1_ns": 2536756.452041973,
        "q3_ns": 3221431.9633733714
      },
      "futex_op_counts": {
        "128": 1411
      },
      "first_seen_ts_ns": 4994104872346,
      "last_seen_ts_ns": 5014791726527
    },
    {
      "tgid": 135291,
      "comm": "xhpcg",
      "cgroup_id": 53459,
      "wait_duration_stats_ns": {
        "count": 1425.0,
        "sum": 4955995680.000004,
        "mean": 3477891.7052631606,
        "median": 2765482.258841011,
        "min": 89303,
        "max": 39100084,
        "variance_ns2": 13305057509945.787,
        "iqr_ns": 714427.1835252452,
        "q1_ns": 2481027.6841559447,
        "q3_ns": 3195454.86768119
      },
      "futex_op_counts": {
        "128": 1425
      },
      "first_seen_ts_ns": 4994105465834,
      "last_seen_ts_ns": 5014788201828
    },
    {
      "tgid": 135476,
      "comm": "xhpcg",
      "cgroup_id": 53459,
      "wait_duration_stats_ns": {
        "count": 1428.0,
        "sum": 4954845721.000003,
        "mean": 3469779.916666669,
        "median": 2708349.6747240406,
        "min": 43491,
        "max": 40207679,
        "variance_ns2": 15657913034535.473,
        "iqr_ns": 605874.559684304,
        "q1_ns": 2375605.1439934,
        "q3_ns": 2981479.703677704
      },
      "futex_op_counts": {
        "128": 1428
      },
      "first_seen_ts_ns": 5015560546400,
      "last_seen_ts_ns": 5036241571570
    },
    {
      "tgid": 135273,
      "comm": "xhpcg",
      "cgroup_id": 53459,
      "wait_duration_stats_ns": {
        "count": 1407.0,
        "sum": 4947648822.000002,
        "mean": 3516452.6098081036,
        "median": 2771271.8686740263,
        "min": 3190,
        "max": 38577337,
        "variance_ns2": 14928174572685.127,
        "iqr_ns": 717729.1241737083,
        "q1_ns": 2495799.92377055,
        "q3_ns": 3213529.0479442584
      },
      "futex_op_counts": {
        "128": 1407
      },
      "first_seen_ts_ns": 4994104374911,
      "last_seen_ts_ns": 5014787109424
    },
    {
      "tgid": 135271,
      "comm": "xhpcg",
      "cgroup_id": 53459,
      "wait_duration_stats_ns": {
        "count": 1430.0,
        "sum": 4919013834.000006,
        "mean": 3439869.813986018,
        "median": 2780510.0826543593,
        "min": 46632,
        "max": 37913787,
        "variance_ns2": 14896056040044.002,
        "iqr_ns": 1958903.700034298,
        "q1_ns": 2436981.346466611,
        "q3_ns": 4395885.046500909
      },
      "futex_op_counts": {
        "128": 1430
      },
      "first_seen_ts_ns": 4994104244267,
      "last_seen_ts_ns": 5014787252489
    },
    {
      "tgid": 135480,
      "comm": "xhpcg",
      "cgroup_id": 53459,
      "wait_duration_stats_ns": {
        "count": 1426.0,
        "sum": 4910894459.000004,
        "mean": 3443825.006311363,
        "median": 2677026.92570612,
        "min": 75443,
        "max": 40028124,
        "variance_ns2": 17579030355792.508,
        "iqr_ns": 513840.27953548497,
        "q1_ns": 2294253.607811955,
        "q3_ns": 2808093.88734744
      },
      "futex_op_counts": {
        "128": 1426
      },
      "first_seen_ts_ns": 5015562022806,
      "last_seen_ts_ns": 5036241125356
    },
    {
      "tgid": 135276,
      "comm": "xhpcg",
      "cgroup_id": 53459,
      "wait_duration_stats_ns": {
        "count": 1434.0,
        "sum": 4890510069.000001,
        "mean": 3410397.5376569047,
        "median": 2779930.730494745,
        "min": 72672,
        "max": 38929940,
        "variance_ns2": 12678737655058.324,
        "iqr_ns": 833973.2993252254,
        "q1_ns": 2405896.586686916,
        "q3_ns": 3239869.8860121416
      },
      "futex_op_counts": {
        "128": 1434
      },
      "first_seen_ts_ns": 4994105170325,
      "last_seen_ts_ns": 5014787146145
    },
    {
      "tgid": 135482,
      "comm": "xhpcg",
      "cgroup_id": 53459,
      "wait_duration_stats_ns": {
        "count": 1423.0,
        "sum": 4889764043.000002,
        "mean": 3436236.151089249,
        "median": 2681184.395351967,
        "min": 52771,
        "max": 40356974,
        "variance_ns2": 17614036844899.453,
        "iqr_ns": 454123.94394831173,
        "q1_ns": 2361580.8634367613,
        "q3_ns": 2815704.807385073
      },
      "futex_op_counts": {
        "128": 1423
      },
      "first_seen_ts_ns": 5015560946902,
      "last_seen_ts_ns": 5036241229600
    },
    {
      "tgid": 135471,
      "comm": "xhpcg",
      "cgroup_id": 53459,
      "wait_duration_stats_ns": {
        "count": 1415.0,
        "sum": 4883544641.999996,
        "mean": 3451268.298233213,
        "median": 2676920.6274104235,
        "min": 90572,
        "max": 40201559,
        "variance_ns2": 16024301852293.28,
        "iqr_ns": 518206.6706649624,
        "q1_ns": 2370366.6279322426,
        "q3_ns": 2888573.298597205
      },
      "futex_op_counts": {
        "128": 1415
      },
      "first_seen_ts_ns": 5015560127447,
      "last_seen_ts_ns": 5036241565890
    },
    {
      "tgid": 135117,
      "comm": "xhpcg",
      "cgroup_id": 53459,
      "wait_duration_stats_ns": {
        "count": 1442.0,
        "sum": 4882036265.000002,
        "mean": 3385600.7385575604,
        "median": 2761337.9487156463,
        "min": 3720,
        "max": 39981092,
        "variance_ns2": 19916056705130.137,
        "iqr_ns": 1494775.973316457,
        "q1_ns": 1658393.69347944,
        "q3_ns": 3153169.666795897
      },
      "futex_op_counts": {
        "128": 1442
      },
      "first_seen_ts_ns": 4971757758638,
      "last_seen_ts_ns": 4993293081427
    },
    {
      "tgid": 135296,
      "comm": "xhpcg",
      "cgroup_id": 53459,
      "wait_duration_stats_ns": {
        "count": 1425.0,
        "sum": 4876366488.999993,
        "mean": 3422011.5712280655,
        "median": 2717766.6219895235,
        "min": 85373,
        "max": 42122508,
        "variance_ns2": 14399230128230.518,
        "iqr_ns": 677571.1006809287,
        "q1_ns": 2454836.6900691586,
        "q3_ns": 3132407.7907500872
      },
      "futex_op_counts": {
        "128": 1425
      },
      "first_seen_ts_ns": 4994104566577,
      "last_seen_ts_ns": 5014791758388
    },
    {
      "tgid": 135278,
      "comm": "xhpcg",
      "cgroup_id": 53459,
      "wait_duration_stats_ns": {
        "count": 1422.0,
        "sum": 4861153103.999999,
        "mean": 3418532.4219409274,
        "median": 2763627.8385294336,
        "min": 100333,
        "max": 38960601,
        "variance_ns2": 13824002677702.002,
        "iqr_ns": 696357.6304667261,
        "q1_ns": 2450785.121120083,
        "q3_ns": 3147142.7515868093
      },
      "futex_op_counts": {
        "128": 1422
      },
      "first_seen_ts_ns": 4994105552387,
      "last_seen_ts_ns": 5014787339001
    },
    {
      "tgid": 135280,
      "comm": "xhpcg",
      "cgroup_id": 53459,
      "wait_duration_stats_ns": {
        "count": 1439.0,
        "sum": 4827997552.9999895,
        "mean": 3355106.0132036065,
        "median": 2734087.469263392,
        "min": 34251,
        "max": 38854117,
        "variance_ns2": 13237400183838.152,
        "iqr_ns": 734976.7726910068,
        "q1_ns": 2356217.5456827595,
        "q3_ns": 3091194.3183737663
      },
      "futex_op_counts": {
        "128": 1439
      },
      "first_seen_ts_ns": 4994105272709,
      "last_seen_ts_ns": 5014788651912
    },
    {
      "tgid": 135282,
      "comm": "xhpcg",
      "cgroup_id": 53459,
      "wait_duration_stats_ns": {
        "count": 1428.0,
        "sum": 4784393230.000005,
        "mean": 3350415.4271708718,
        "median": 2684916.195880956,
        "min": 52722,
        "max": 39028533,
        "variance_ns2": 14396251732519.691,
        "iqr_ns": 658673.9099669945,
        "q1_ns": 2364143.2714941697,
        "q3_ns": 3022817.1814611643
      },
      "futex_op_counts": {
        "128": 1428
      },
      "first_seen_ts_ns": 4994105265279,
      "last_seen_ts_ns": 5014787135525
    },
    {
      "tgid": 135115,
      "comm": "xhpcg",
      "cgroup_id": 53459,
      "wait_duration_stats_ns": {
        "count": 1441.0,
        "sum": 4761645176.999998,
        "mean": 3304403.3150589853,
        "median": 2557920.133795411,
        "min": 34991,
        "max": 39975522,
        "variance_ns2": 20194119812127.39,
        "iqr_ns": 2006875.1290396333,
        "q1_ns": 1464817.720038085,
        "q3_ns": 3471692.8490777183
      },
      "futex_op_counts": {
        "128": 1441
      },
      "first_seen_ts_ns": 4971758389277,
      "last_seen_ts_ns": 4993293082617
    },
    {
      "tgid": 135127,
      "comm": "xhpcg",
      "cgroup_id": 53459,
      "wait_duration_stats_ns": {
        "count": 1452.0,
        "sum": 4719862557.000009,
        "mean": 3250594.0475206673,
        "median": 2613065.550417558,
        "min": 25761,
        "max": 45796571,
        "variance_ns2": 16378292126151.54,
        "iqr_ns": 4031003.8843621854,
        "q1_ns": 1498279.0293323116,
        "q3_ns": 5529282.913694497
      },
      "futex_op_counts": {
        "128": 1452
      },
      "first_seen_ts_ns": 4971759204702,
      "last_seen_ts_ns": 4993292878271
    },
    {
      "tgid": 135120,
      "comm": "xhpcg",
      "cgroup_id": 53459,
      "wait_duration_stats_ns": {
        "count": 1434.0,
        "sum": 4710004138.000001,
        "mean": 3284521.714086472,
        "median": 2690094.27308229,
        "min": 17641,
        "max": 39908199,
        "variance_ns2": 17223164147195.637,
        "iqr_ns": 3382919.053155114,
        "q1_ns": 1621310.4785105009,
        "q3_ns": 5004229.531665615
      },
      "futex_op_counts": {
        "128": 1434
      },
      "first_seen_ts_ns": 4971757726317,
      "last_seen_ts_ns": 4993292430057
    },
    {
      "tgid": 135119,
      "comm": "xhpcg",
      "cgroup_id": 53459,
      "wait_duration_stats_ns": {
        "count": 1439.0,
        "sum": 4694197847.999999,
        "mean": 3262124.9812369696,
        "median": 2650214.43651371,
        "min": 75562,
        "max": 39215529,
        "variance_ns2": 17438742135854.916,
        "iqr_ns": 3272695.8308848417,
        "q1_ns": 1516829.1137611526,
        "q3_ns": 4789524.944645994
      },
      "futex_op_counts": {
        "128": 1439
      },
      "first_seen_ts_ns": 4971757973955,
      "last_seen_ts_ns": 4993293077537
    },
    {
      "tgid": 135125,
      "comm": "xhpcg",
      "cgroup_id": 53459,
      "wait_duration_stats_ns": {
        "count": 1447.0,
        "sum": 4682803329.000009,
        "mean": 3236215.1548030465,
        "median": 2595012.1981478287,
        "min": 150975,
        "max": 40046125,
        "variance_ns2": 16067882228136.676,
        "iqr_ns": 3718389.064680922,
        "q1_ns": 1583036.4625805337,
        "q3_ns": 5301425.527261456
      },
      "futex_op_counts": {
        "128": 1447
      },
      "first_seen_ts_ns": 4971758613834,
      "last_seen_ts_ns": 4993292270412
    },
    {
      "tgid": 135105,
      "comm": "xhpcg",
      "cgroup_id": 53459,
      "wait_duration_stats_ns": {
        "count": 1268.0,
        "sum": 4626691800.999996,
        "mean": 3648810.568611984,
        "median": 2747227.656961496,
        "min": 2450,
        "max": 40318782,
        "variance_ns2": 17277601059803.99,
        "iqr_ns": 2820867.141314263,
        "q1_ns": 2602129.0288823643,
        "q3_ns": 5422996.170196627
      },
      "futex_op_counts": {
        "128": 1268
      },
      "first_seen_ts_ns": 4971758325365,
      "last_seen_ts_ns": 4993292153079
    },
    {
      "tgid": 135122,
      "comm": "xhpcg",
      "cgroup_id": 53459,
      "wait_duration_stats_ns": {
        "count": 1456.0,
        "sum": 4625309505.999999,
        "mean": 3176723.5618131864,
        "median": 2606095.7700508377,
        "min": 3230,
        "max": 40195369,
        "variance_ns2": 15846355348222.93,
        "iqr_ns": 3467336.446351327,
        "q1_ns": 1424390.678746641,
        "q3_ns": 4891727.125097968
      },
      "futex_op_counts": {
        "128": 1456
      },
      "first_seen_ts_ns": 4971758102799,
      "last_seen_ts_ns": 4993293743248
    },
    {
      "tgid": 135502,
      "comm": "xhpcg",
      "cgroup_id": 53459,
      "wait_duration_stats_ns": {
        "count": 1426.0,
        "sum": 4557378667.999995,
        "mean": 3195917.719495088,
        "median": 2566534.4098685305,
        "min": 23821,
        "max": 39978042,
        "variance_ns2": 16493830096136.14,
        "iqr_ns": 1321273.631004196,
        "q1_ns": 1674092.768535678,
        "q3_ns": 2995366.399539874
      },
      "futex_op_counts": {
        "128": 1426
      },
      "first_seen_ts_ns": 5015559653173,
      "last_seen_ts_ns": 5036242124087
    },
    {
      "tgid": 135510,
      "comm": "xhpcg",
      "cgroup_id": 53459,
      "wait_duration_stats_ns": {
        "count": 1430.0,
        "sum": 4502409618.999999,
        "mean": 3148538.195104894,
        "median": 2656670.237233715,
        "min": 3310,
        "max": 39896139,
        "variance_ns2": 17289043519536.26,
        "iqr_ns": 1453385.1641705849,
        "q1_ns": 1577187.5195220525,
        "q3_ns": 3030572.6836926374
      },
      "futex_op_counts": {
        "128": 1430
      },
      "first_seen_ts_ns": 5015560200509,
      "last_seen_ts_ns": 5036242449157
    },
    {
      "tgid": 135302,
      "comm": "xhpcg",
      "cgroup_id": 53459,
      "wait_duration_stats_ns": {
        "count": 1427.0,
        "sum": 4497413374.000003,
        "mean": 3151656.1836019643,
        "median": 2496075.747668869,
        "min": 70833,
        "max": 39717742,
        "variance_ns2": 16108691455904.578,
        "iqr_ns": 1590883.8186198683,
        "q1_ns": 1650959.6058911267,
        "q3_ns": 3241843.424510995
      },
      "futex_op_counts": {
        "128": 1427
      },
      "first_seen_ts_ns": 4994104135244,
      "last_seen_ts_ns": 5014788719384
    },
    {
      "tgid": 135305,
      "comm": "xhpcg",
      "cgroup_id": 53459,
      "wait_duration_stats_ns": {
        "count": 1431.0,
        "sum": 4497186393.999996,
        "mean": 3142687.906359187,
        "median": 2828684.260892235,
        "min": 65652,
        "max": 39198786,
        "variance_ns2": 14838745745549.365,
        "iqr_ns": 1593713.8419832634,
        "q1_ns": 1645508.9102993016,
        "q3_ns": 3239222.752282565
      },
      "futex_op_counts": {
        "128": 1431
      },
      "first_seen_ts_ns": 4994104040541,
      "last_seen_ts_ns": 5014786683171
    },
    {
      "tgid": 135500,
      "comm": "xhpcg",
      "cgroup_id": 53459,
      "wait_duration_stats_ns": {
        "count": 1448.0,
        "sum": 4480043466.000003,
        "mean": 3093952.6698895046,
        "median": 2705204.937017611,
        "min": 9891,
        "max": 40211189,
        "variance_ns2": 15753341401672.701,
        "iqr_ns": 1680199.1343897404,
        "q1_ns": 1485244.4268970774,
        "q3_ns": 3165443.561286818
      },
      "futex_op_counts": {
        "128": 1448
      },
      "first_seen_ts_ns": 5015561112487,
      "last_seen_ts_ns": 5036241534169
    },
    {
      "tgid": 135506,
      "comm": "xhpcg",
      "cgroup_id": 53459,
      "wait_duration_stats_ns": {
        "count": 1419.0,
        "sum": 4472448000.0,
        "mean": 3151830.8668076107,
        "median": 2719114.5785243027,
        "min": 47771,
        "max": 39916710,
        "variance_ns2": 16887767091375.967,
        "iqr_ns": 1436082.0472918404,
        "q1_ns": 1601329.0710699973,
        "q3_ns": 3037411.1183618377
      },
      "futex_op_counts": {
        "128": 1419
      },
      "first_seen_ts_ns": 5015559691724,
      "last_seen_ts_ns": 5036240613841
    },
    {
      "tgid": 135304,
      "comm": "xhpcg",
      "cgroup_id": 53459,
      "wait_duration_stats_ns": {
        "count": 1430.0,
        "sum": 4455864348.999998,
        "mean": 3115989.0552447536,
        "median": 2797524.4121433543,
        "min": 3360,
        "max": 39182306,
        "variance_ns2": 15970945297182.85,
        "iqr_ns": 1817895.5632065737,
        "q1_ns": 1516873.8480581183,
        "q3_ns": 3334769.411264692
      },
      "futex_op_counts": {
        "128": 1430
      },
      "first_seen_ts_ns": 4994103721301,
      "last_seen_ts_ns": 5014788068654
    },
    {
      "tgid": 135514,
      "comm": "xhpcg",
      "cgroup_id": 53459,
      "wait_duration_stats_ns": {
        "count": 1428.0,
        "sum": 4448442243.000001,
        "mean": 3115155.6323529417,
        "median": 2622012.1478607636,
        "min": 111513,
        "max": 41085766,
        "variance_ns2": 19551507444761.773,
        "iqr_ns": 1700531.3496426241,
        "q1_ns": 1447358.2610980757,
        "q3_ns": 3147889.6107407
      },
      "futex_op_counts": {
        "128": 1428
      },
      "first_seen_ts_ns": 5015560916952,
      "last_seen_ts_ns": 5036242137408
    },
    {
      "tgid": 135512,
      "comm": "xhpcg",
      "cgroup_id": 53459,
      "wait_duration_stats_ns": {
        "count": 1428.0,
        "sum": 4443845239.000004,
        "mean": 3111936.4418767532,
        "median": 2593276.6814782326,
        "min": 17131,
        "max": 39989642,
        "variance_ns2": 18755320591393.812,
        "iqr_ns": 1504469.3113882716,
        "q1_ns": 1438985.8397691378,
        "q3_ns": 2943455.1511574094
      },
      "futex_op_counts": {
        "128": 1428
      },
      "first_seen_ts_ns": 5015562032506,
      "last_seen_ts_ns": 5036240631271
    },
    {
      "tgid": 135300,
      "comm": "xhpcg",
      "cgroup_id": 53459,
      "wait_duration_stats_ns": {
        "count": 1423.0,
        "sum": 4433363792.000004,
        "mean": 3115505.1243851045,
        "median": 2746078.2153769196,
        "min": 92333,
        "max": 39148985,
        "variance_ns2": 17387994157543.4,
        "iqr_ns": 1727032.4840231973,
        "q1_ns": 1484039.3308288225,
        "q3_ns": 3211071.81485202
      },
      "futex_op_counts": {
        "128": 1423
      },
      "first_seen_ts_ns": 4994103725981,
      "last_seen_ts_ns": 5014786228187
    },
    {
      "tgid": 135504,
      "comm": "xhpcg",
      "cgroup_id": 53459,
      "wait_duration_stats_ns": {
        "count": 1421.0,
        "sum": 4431617247.000001,
        "mean": 3118660.9760731882,
        "median": 2634274.146686774,
        "min": 65671,
        "max": 39950431,
        "variance_ns2": 17081916797247.543,
        "iqr_ns": 1500087.5625587348,
        "q1_ns": 1501465.4201951688,
        "q3_ns": 3001552.9827539036
      },
      "futex_op_counts": {
        "128": 1421
      },
      "first_seen_ts_ns": 5015559280811,
      "last_seen_ts_ns": 5036240485907
    },
    {
      "tgid": 135507,
      "comm": "xhpcg",
      "cgroup_id": 53459,
      "wait_duration_stats_ns": {
        "count": 1424.0,
        "sum": 4430306188.999992,
        "mean": 3111170.0765449386,
        "median": 2703487.471220138,
        "min": 3240,
        "max": 39984652,
        "variance_ns2": 17881377425599.1,
        "iqr_ns": 1586822.2016768807,
        "q1_ns": 1435686.3119934888,
        "q3_ns": 3022508.5136703695
      },
      "futex_op_counts": {
        "128": 1424
      },
      "first_seen_ts_ns": 5015560486668,
      "last_seen_ts_ns": 5036242140537
    },
    {
      "tgid": 135310,
      "comm": "xhpcg",
      "cgroup_id": 53459,
      "wait_duration_stats_ns": {
        "count": 1436.0,
        "sum": 4425511952.000001,
        "mean": 3081832.835654597,
        "median": 2664231.8581028963,
        "min": 39091,
        "max": 39264889,
        "variance_ns2": 14297553014922.412,
        "iqr_ns": 1652242.263160022,
        "q1_ns": 1594010.5615440975,
        "q3_ns": 3246252.8247041195
      },
      "futex_op_counts": {
        "128": 1436
      },
      "first_seen_ts_ns": 4994110076627,
      "last_seen_ts_ns": 5014786327720
    },
    {
      "tgid": 135314,
      "comm": "xhpcg",
      "cgroup_id": 53459,
      "wait_duration_stats_ns": {
        "count": 1448.0,
        "sum": 4382720018.999995,
        "mean": 3026740.3446132564,
        "median": 2679867.9829655434,
        "min": 37692,
        "max": 39257708,
        "variance_ns2": 13473882359621.193,
        "iqr_ns": 1660101.6967662084,
        "q1_ns": 1524127.748348976,
        "q3_ns": 3184229.4451151844
      },
      "futex_op_counts": {
        "128": 1448
      },
      "first_seen_ts_ns": 4994103912507,
      "last_seen_ts_ns": 5014787524607
    },
    {
      "tgid": 135307,
      "comm": "xhpcg",
      "cgroup_id": 53459,
      "wait_duration_stats_ns": {
        "count": 1425.0,
        "sum": 4339946213.0,
        "mean": 3045576.289824561,
        "median": 2676704.010313013,
        "min": 8240,
        "max": 39193166,
        "variance_ns2": 14867081707779.572,
        "iqr_ns": 1747340.0776674699,
        "q1_ns": 1453380.6559046165,
        "q3_ns": 3200720.7335720863
      },
      "futex_op_counts": {
        "128": 1425
      },
      "first_seen_ts_ns": 4994104479014,
      "last_seen_ts_ns": 5014788399684
    },
    {
      "tgid": 135311,
      "comm": "xhpcg",
      "cgroup_id": 53459,
      "wait_duration_stats_ns": {
        "count": 1426.0,
        "sum": 4318126170.999995,
        "mean": 3028138.969845719,
        "median": 2604735.2492153025,
        "min": 60432,
        "max": 39700052,
        "variance_ns2": 15448391256296.97,
        "iqr_ns": 1605482.6709841203,
        "q1_ns": 1501963.760671769,
        "q3_ns": 3107446.4316558894
      },
      "futex_op_counts": {
        "128": 1426
      },
      "first_seen_ts_ns": 4994104570977,
      "last_seen_ts_ns": 5014788335662
    },
    {
      "tgid": 6106,
      "comm": "amazon-ssm-agen",
      "cgroup_id": 3429,
      "wait_duration_stats_ns": {
        "count": 19.0,
        "sum": 4033411029.0,
        "mean": 212284791.0,
        "median": 3588792.7497025207,
        "min": 960,
        "max": 1009905386,
        "variance_ns2": 1.7547489684465856e+17,
        "iqr_ns": 304163136.2964932,
        "q1_ns": 1889413.7092891587,
        "q3_ns": 306052550.0057823
      },
      "futex_op_counts": {
        "128": 19
      },
      "first_seen_ts_ns": 5018382380787,
      "last_seen_ts_ns": 5019422645838
    },
    {
      "tgid": 135128,
      "comm": "xhpcg",
      "cgroup_id": 53459,
      "wait_duration_stats_ns": {
        "count": 1146.0,
        "sum": 3786884406.9999995,
        "mean": 3304436.655322862,
        "median": 2093063.5034415587,
        "min": 12161,
        "max": 39915930,
        "variance_ns2": 21126164688473.695,
        "iqr_ns": 5602201.380821176,
        "q1_ns": 1427731.899747923,
        "q3_ns": 7029933.280569099
      },
      "futex_op_counts": {
        "128": 1146
      },
      "first_seen_ts_ns": 4971759482651,
      "last_seen_ts_ns": 4993293740587
    },
    {
      "tgid": 135644,
      "comm": "runc",
      "cgroup_id": 4085,
      "wait_duration_stats_ns": {
        "count": 338.0,
        "sum": 2487657066.999999,
        "mean": 7359932.150887571,
        "median": 699126.0598566914,
        "min": 11140,
        "max": 338283647,
        "variance_ns2": 965860064199956.4,
        "iqr_ns": 4984618.694273404,
        "q1_ns": 184952.50759382235,
        "q3_ns": 5169571.2018672265
      },
      "futex_op_counts": {
        "128": 338
      },
      "first_seen_ts_ns": 5035494901065,
      "last_seen_ts_ns": 5035855990365
    },
    {
      "tgid": 135343,
      "comm": "runc",
      "cgroup_id": 4085,
      "wait_duration_stats_ns": {
        "count": 367.0,
        "sum": 2329041874.9999995,
        "mean": 6346163.147138963,
        "median": 470717.9301963148,
        "min": 1180,
        "max": 311602226,
        "variance_ns2": 814602515229264.2,
        "iqr_ns": 2636297.98460946,
        "q1_ns": 109213.84198781919,
        "q3_ns": 2745511.8265972794
      },
      "futex_op_counts": {
        "128": 367
      },
      "first_seen_ts_ns": 4994636464756,
      "last_seen_ts_ns": 4994980471520
    },
    {
      "tgid": 135215,
      "comm": "runc",
      "cgroup_id": 4085,
      "wait_duration_stats_ns": {
        "count": 336.0,
        "sum": 2131604456.0000002,
        "mean": 6344060.8809523815,
        "median": 303995.35342159914,
        "min": 940,
        "max": 251204596,
        "variance_ns2": 761166302340121.0,
        "iqr_ns": 5740101.8132868605,
        "q1_ns": 76440.39238055126,
        "q3_ns": 5816542.205667412
      },
      "futex_op_counts": {
        "128": 336
      },
      "first_seen_ts_ns": 4984650162128,
      "last_seen_ts_ns": 4984922360311
    },
    {
      "tgid": 135395,
      "comm": "runc",
      "cgroup_id": 4085,
      "wait_duration_stats_ns": {
        "count": 356.0,
        "sum": 2123079216.0000005,
        "mean": 5963705.6629213495,
        "median": 440823.2065179416,
        "min": 1009,
        "max": 286937234,
        "variance_ns2": 638802490789730.2,
        "iqr_ns": 3759750.2941142623,
        "q1_ns": 90079.81758248861,
        "q3_ns": 3849830.111696751
      },
      "futex_op_counts": {
        "128": 356
      },
      "first_seen_ts_ns": 5004638169325,
      "last_seen_ts_ns": 5004943913688
    },
    {
      "tgid": 135568,
      "comm": "runc",
      "cgroup_id": 4085,
      "wait_duration_stats_ns": {
        "count": 348.0,
        "sum": 2099848036.9999995,
        "mean": 6034046.083333332,
        "median": 634321.0253973552,
        "min": 940,
        "max": 252078252,
        "variance_ns2": 561817916263042.56,
        "iqr_ns": 3371141.9252574104,
        "q1_ns": 111322.37890333767,
        "q3_ns": 3482464.304160748
      },
      "futex_op_counts": {
        "128": 348
      },
      "first_seen_ts_ns": 5024631717369,
      "last_seen_ts_ns": 5024903821567
    },
    {
      "tgid": 135620,
      "comm": "runc",
      "cgroup_id": 4085,
      "wait_duration_stats_ns": {
        "count": 326.0,
        "sum": 1886078718.9999998,
        "mean": 5785517.542944784,
        "median": 445244.407522979,
        "min": 970,
        "max": 267653299,
        "variance_ns2": 645730718871127.9,
        "iqr_ns": 3110963.523209876,
        "q1_ns": 82220.32375372734,
        "q3_ns": 3193183.846963603
      },
      "futex_op_counts": {
        "128": 326
      },
      "first_seen_ts_ns": 5034643136262,
      "last_seen_ts_ns": 5034920575733
    },
    {
      "tgid": 135182,
      "comm": "runc",
      "cgroup_id": 4085,
      "wait_duration_stats_ns": {
        "count": 289.0,
        "sum": 1680821605.0,
        "mean": 5815991.712802768,
        "median": 465445.8521263106,
        "min": 10111,
        "max": 179690345,
        "variance_ns2": 657505127518613.2,
        "iqr_ns": 2474488.4639447154,
        "q1_ns": 83164.10652984133,
        "q3_ns": 2557652.5704745566
      },
      "futex_op_counts": {
        "128": 289
      },
      "first_seen_ts_ns": 4975502416462,
      "last_seen_ts_ns": 4975703013082
    },
    {
      "tgid": 135158,
      "comm": "runc",
      "cgroup_id": 4085,
      "wait_duration_stats_ns": {
        "count": 329.0,
        "sum": 1619789237.0000002,
        "mean": 4923371.541033436,
        "median": 255418.39015814025,
        "min": 9620,
        "max": 238578180,
        "variance_ns2": 721972153809425.1,
        "iqr_ns": 5094942.577130762,
        "q1_ns": 48791.73838459584,
        "q3_ns": 5143734.315515358
      },
      "futex_op_counts": {
        "128": 329
      },
      "first_seen_ts_ns": 4974671718058,
      "last_seen_ts_ns": 4974912764504
    },
    {
      "tgid": 135240,
      "comm": "runc",
      "cgroup_id": 4085,
      "wait_duration_stats_ns": {
        "count": 330.0,
        "sum": 1559467609.9999998,
        "mean": 4725659.424242424,
        "median": 381020.765473517,
        "min": 1290,
        "max": 203160796,
        "variance_ns2": 386013439900739.9,
        "iqr_ns": 2861232.752255405,
        "q1_ns": 86982.43260304106,
        "q3_ns": 2948215.184858446
      },
      "futex_op_counts": {
        "128": 330
      },
      "first_seen_ts_ns": 4985501441353,
      "last_seen_ts_ns": 4985722316705
    },
    {
      "tgid": 135420,
      "comm": "runc",
      "cgroup_id": 4085,
      "wait_duration_stats_ns": {
        "count": 283.0,
        "sum": 1475866951.0,
        "mean": 5215077.565371024,
        "median": 177052.67662060098,
        "min": 4860,
        "max": 202030171,
        "variance_ns2": 624278266996505.9,
        "iqr_ns": 1770673.6948707353,
        "q1_ns": 29850.207726776945,
        "q3_ns": 1800523.9025975121
      },
      "futex_op_counts": {
        "128": 283
      },
      "first_seen_ts_ns": 5005514152448,
      "last_seen_ts_ns": 5005733657587
    },
    {
      "tgid": 135443,
      "comm": "runc",
      "cgroup_id": 4085,
      "wait_duration_stats_ns": {
        "count": 335.0,
        "sum": 1453965334.9999995,
        "mean": 4340195.029850745,
        "median": 283643.51391667966,
        "min": 8670,
        "max": 201799983,
        "variance_ns2": 394233632751119.4,
        "iqr_ns": 1535587.8273171934,
        "q1_ns": 53171.83721870988,
        "q3_ns": 1588759.6645359034
      },
      "futex_op_counts": {
        "128": 335
      },
      "first_seen_ts_ns": 5014645234045,
      "last_seen_ts_ns": 5014862896618
    },
    {
      "tgid": 135594,
      "comm": "runc",
      "cgroup_id": 4085,
      "wait_duration_stats_ns": {
        "count": 190.0,
        "sum": 1441641586.9999998,
        "mean": 7587587.299999999,
        "median": 617883.7046006763,
        "min": 7320,
        "max": 249435900,
        "variance_ns2": 908535696949929.2,
        "iqr_ns": 3941271.9582779333,
        "q1_ns": 50676.326673916694,
        "q3_ns": 3991948.28495185
      },
      "futex_op_counts": {
        "128": 190
      },
      "first_seen_ts_ns": 5025496102524,
      "last_seen_ts_ns": 5025748907777
    },
    {
      "tgid": 135519,
      "comm": "runc",
      "cgroup_id": 4085,
      "wait_duration_stats_ns": {
        "count": 359.0,
        "sum": 1089892341.0,
        "mean": 3035911.8133704737,
        "median": 161531.69714180863,
        "min": 880,
        "max": 161200383,
        "variance_ns2": 417539461047607.25,
        "iqr_ns": 1051607.2701591724,
        "q1_ns": 27041.55428397248,
        "q3_ns": 1078648.824443145
      },
      "futex_op_counts": {
        "128": 359
      },
      "first_seen_ts_ns": 5015488530032,
      "last_seen_ts_ns": 5015650043545
    },
    {
      "tgid": 135368,
      "comm": "runc",
      "cgroup_id": 4085,
      "wait_duration_stats_ns": {
        "count": 245.0,
        "sum": 1036494305.0,
        "mean": 4230589.0,
        "median": 242380.629058567,
        "min": 1260,
        "max": 132850172,
        "variance_ns2": 308682852555990.2,
        "iqr_ns": 2551109.0451185945,
        "q1_ns": 39996.14127646407,
        "q3_ns": 2591105.1863950584
      },
      "futex_op_counts": {
        "128": 245
      },
      "first_seen_ts_ns": 4995502066083,
      "last_seen_ts_ns": 4995667086675
    },
    {
      "tgid": 135354,
      "comm": "runc:[2:INIT]",
      "cgroup_id": 5011,
      "wait_duration_stats_ns": {
        "count": 33.0,
        "sum": 975381966.0000002,
        "mean": 29557029.27272728,
        "median": 12296687.118394587,
        "min": 3930,
        "max": 147137941,
        "variance_ns2": 2661616306514403.0,
        "iqr_ns": 9197771.237536455,
        "q1_ns": 3885194.994106104,
        "q3_ns": 13082966.23164256
      },
      "futex_op_counts": {
        "128": 33
      },
      "first_seen_ts_ns": 4994812054104,
      "last_seen_ts_ns": 4994992354856
    },
    {
      "tgid": 135655,
      "comm": "runc:[2:INIT]",
      "cgroup_id": 5011,
      "wait_duration_stats_ns": {
        "count": 33.0,
        "sum": 860414149.0,
        "mean": 26073156.03030303,
        "median": 5356535.8155873,
        "min": 1340,
        "max": 151714457,
        "variance_ns2": 2215930577169910.0,
        "iqr_ns": 25946355.663484104,
        "q1_ns": 600250.268809802,
        "q3_ns": 26546605.932293907
      },
      "futex_op_counts": {
        "128": 33
      },
      "first_seen_ts_ns": 5035689938067,
      "last_seen_ts_ns": 5035868203522
    },
    {
      "tgid": 135169,
      "comm": "runc:[2:INIT]",
      "cgroup_id": 5011,
      "wait_duration_stats_ns": {
        "count": 23.0,
        "sum": 837062991.0,
        "mean": 36394043.08695652,
        "median": 2979110.3341878653,
        "min": 97953,
        "max": 163914459,
        "variance_ns2": 4294136230307704.0,
        "iqr_ns": 76907223.23532008,
        "q1_ns": 624319.7507592592,
        "q3_ns": 77531542.98607934
      },
      "futex_op_counts": {
        "128": 23
      },
      "first_seen_ts_ns": 4974744350146,
      "last_seen_ts_ns": 4974912061412
    },
    {
      "tgid": 135406,
      "comm": "runc:[2:INIT]",
      "cgroup_id": 5011,
      "wait_duration_stats_ns": {
        "count": 28.0,
        "sum": 792901449.9999998,
        "mean": 28317908.92857142,
        "median": 5812352.202634584,
        "min": 13220,
        "max": 150432401,
        "variance_ns2": 2821746844368484.5,
        "iqr_ns": 27815204.536423694,
        "q1_ns": 391882.4916690474,
        "q3_ns": 28207087.028092742
      },
      "futex_op_counts": {
        "128": 28
      },
      "first_seen_ts_ns": 5004789573827,
      "last_seen_ts_ns": 5004954641159
    },
    {
      "tgid": 135530,
      "comm": "runc:[2:INIT]",
      "cgroup_id": 5011,
      "wait_duration_stats_ns": {
        "count": 25.0,
        "sum": 761314497.0000001,
        "mean": 30452579.880000003,
        "median": 2778150.244273854,
        "min": 6410,
        "max": 149442091,
        "variance_ns2": 3646531564420684.0,
        "iqr_ns": 44863427.12620489,
        "q1_ns": 352414.9203006029,
        "q3_ns": 45215842.046505496
      },
      "futex_op_counts": {
        "128": 25
      },
      "first_seen_ts_ns": 5015496790997,
      "last_seen_ts_ns": 5015649276231
    },
    {
      "tgid": 135604,
      "comm": "runc:[2:INIT]",
      "cgroup_id": 5011,
      "wait_duration_stats_ns": {
        "count": 28.0,
        "sum": 721362148.9999999,
        "mean": 25762933.892857138,
        "median": 5517107.660629051,
        "min": 30780,
        "max": 135464251,
        "variance_ns2": 1955946530137469.8,
        "iqr_ns": 5740149.901381869,
        "q1_ns": 2266877.8458312307,
        "q3_ns": 8007027.747213099
      },
      "futex_op_counts": {
        "128": 28
      },
      "first_seen_ts_ns": 5025603061366,
      "last_seen_ts_ns": 5025750119815
    },
    {
      "tgid": 135227,
      "comm": "runc:[2:INIT]",
      "cgroup_id": 5011,
      "wait_duration_stats_ns": {
        "count": 30.0,
        "sum": 706376799.0,
        "mean": 23545893.3,
        "median": 4922139.648215158,
        "min": 2210,
        "max": 124796112,
        "variance_ns2": 1728771266631900.2,
        "iqr_ns": 10535920.507942416,
        "q1_ns": 605152.2657142857,
        "q3_ns": 11141072.773656702
      },
      "futex_op_counts": {
        "128": 30
      },
      "first_seen_ts_ns": 4984782104432,
      "last_seen_ts_ns": 4984936248638
    },
    {
      "tgid": 135195,
      "comm": "runc:[2:INIT]",
      "cgroup_id": 5011,
      "wait_duration_stats_ns": {
        "count": 26.0,
        "sum": 648647277.0000001,
        "mean": 24947972.192307696,
        "median": 4557363.14926929,
        "min": 26951,
        "max": 126862447,
        "variance_ns2": 2042426842260316.2,
        "iqr_ns": 36268692.54860228,
        "q1_ns": 500085.84350198414,
        "q3_ns": 36768778.39210427
      },
      "futex_op_counts": {
        "128": 26
      },
      "first_seen_ts_ns": 4975575682400,
      "last_seen_ts_ns": 4975710274856
    },
    {
      "tgid": 135631,
      "comm": "runc:[2:INIT]",
      "cgroup_id": 5011,
      "wait_duration_stats_ns": {
        "count": 27.0,
        "sum": 646170560.9999999,
        "mean": 23932242.999999996,
        "median": 371538.76802245853,
        "min": 2271,
        "max": 124129665,
        "variance_ns2": 1989545894944302.5,
        "iqr_ns": 22698389.744268246,
        "q1_ns": 431270.93226120673,
        "q3_ns": 23129660.676529452
      },
      "futex_op_counts": {
        "128": 27
      },
      "first_seen_ts_ns": 5034785834911,
      "last_seen_ts_ns": 5034917840839
    },
    {
      "tgid": 135581,
      "comm": "runc:[2:INIT]",
      "cgroup_id": 5011,
      "wait_duration_stats_ns": {
        "count": 30.0,
        "sum": 569822974.0000001,
        "mean": 18994099.133333337,
        "median": 4109004.4846747536,
        "min": 90693,
        "max": 108721088,
        "variance_ns2": 1173108593377315.5,
        "iqr_ns": 7823459.326637267,
        "q1_ns": 389231.8692270858,
        "q3_ns": 8212691.195864353
      },
      "futex_op_counts": {
        "128": 30
      },
      "first_seen_ts_ns": 5024783726829,
      "last_seen_ts_ns": 5024903388884
    },
    {
      "tgid": 135431,
      "comm": "runc:[2:INIT]",
      "cgroup_id": 5011,
      "wait_duration_stats_ns": {
        "count": 24.0,
        "sum": 543559894.0000002,
        "mean": 22648328.916666675,
        "median": 7415037.963763516,
        "min": 1640,
        "max": 122573993,
        "variance_ns2": 1647057101395945.5,
        "iqr_ns": 13261789.124350198,
        "q1_ns": 367097.1049074074,
        "q3_ns": 13628886.229257606
      },
      "futex_op_counts": {
        "128": 24
      },
      "first_seen_ts_ns": 5005595673818,
      "last_seen_ts_ns": 5005733760060
    },
    {
      "tgid": 135379,
      "comm": "runc:[2:INIT]",
      "cgroup_id": 5011,
      "wait_duration_stats_ns": {
        "count": 27.0,
        "sum": 465342825.9999999,
        "mean": 17234919.481481478,
        "median": 8774853.631987799,
        "min": 84553,
        "max": 79972393,
        "variance_ns2": 650202686334600.2,
        "iqr_ns": 12387354.32277079,
        "q1_ns": 1857548.360064696,
        "q3_ns": 14244902.682835486
      },
      "futex_op_counts": {
        "128": 27
      },
      "first_seen_ts_ns": 4995579180628,
      "last_seen_ts_ns": 4995680066574
    },
    {
      "tgid": 135251,
      "comm": "runc:[2:INIT]",
      "cgroup_id": 5011,
      "wait_duration_stats_ns": {
        "count": 22.0,
        "sum": 455816797.00000006,
        "mean": 20718945.31818182,
        "median": 3702536.941931019,
        "min": 192896,
        "max": 87986750,
        "variance_ns2": 1061012444470124.6,
        "iqr_ns": 31352972.990855847,
        "q1_ns": 1767457.9487677163,
        "q3_ns": 33120430.939623564
      },
      "futex_op_counts": {
        "128": 22
      },
      "first_seen_ts_ns": 4985631794807,
      "last_seen_ts_ns": 4985721947094
    },
    {
      "tgid": 135454,
      "comm": "runc:[2:INIT]",
      "cgroup_id": 5011,
      "wait_duration_stats_ns": {
        "count": 24.0,
        "sum": 394098695.0,
        "mean": 16420778.958333334,
        "median": 1024196.642857143,
        "min": 1030,
        "max": 99597896,
        "variance_ns2": 1173426375624042.5,
        "iqr_ns": 11176709.962158859,
        "q1_ns": 59946.37037037044,
        "q3_ns": 11236656.33252923
      },
      "futex_op_counts": {
        "128": 24
      },
      "first_seen_ts_ns": 5014762456956,
      "last_seen_ts_ns": 5014862832216
    },
    {
      "tgid": 135631,
      "comm": "grpc-health-pro",
      "cgroup_id": 5011,
      "wait_duration_stats_ns": {
        "count": 28.0,
        "sum": 232693529.0,
        "mean": 8310483.178571428,
        "median": 4046867.392516183,
        "min": 30252,
        "max": 37280699,
        "variance_ns2": 102384039208990.6,
        "iqr_ns": 11039129.948620118,
        "q1_ns": 1034702.8939361431,
        "q3_ns": 12073832.84255626
      },
      "futex_op_counts": {
        "128": 28
      },
      "first_seen_ts_ns": 5034925134434,
      "last_seen_ts_ns": 5034977348594
    },
    {
      "tgid": 135655,
      "comm": "grpc-health-pro",
      "cgroup_id": 5011,
      "wait_duration_stats_ns": {
        "count": 24.0,
        "sum": 213084823.00000003,
        "mean": 8878534.291666668,
        "median": 3429076.607527081,
        "min": 13960,
        "max": 38938642,
        "variance_ns2": 139885537352677.84,
        "iqr_ns": 12595434.427775946,
        "q1_ns": 323702.82667305745,
        "q3_ns": 12919137.254449002
      },
      "futex_op_counts": {
        "128": 24
      },
      "first_seen_ts_ns": 5035882954126,
      "last_seen_ts_ns": 5035924911711
    },
    {
      "tgid": 135227,
      "comm": "grpc-health-pro",
      "cgroup_id": 5011,
      "wait_duration_stats_ns": {
        "count": 20.0,
        "sum": 211703826.0,
        "mean": 10585191.3,
        "median": 5467608.404619984,
        "min": 41162,
        "max": 37289688,
        "variance_ns2": 141172662745828.3,
        "iqr_ns": 15452282.254101641,
        "q1_ns": 403238.5952380953,
        "q3_ns": 15855520.849339737
      },
      "futex_op_counts": {
        "128": 20
      },
      "first_seen_ts_ns": 4984950866429,
      "last_seen_ts_ns": 4984997500614
    },
    {
      "tgid": 135379,
      "comm": "grpc-health-pro",
      "cgroup_id": 5011,
      "wait_duration_stats_ns": {
        "count": 21.0,
        "sum": 182352211.0,
        "mean": 8683438.61904762,
        "median": 4514080.639583692,
        "min": 15141,
        "max": 38595970,
        "variance_ns2": 95235877023661.05,
        "iqr_ns": 11921185.097212877,
        "q1_ns": 1533041.3769841269,
        "q3_ns": 13454226.474197004
      },
      "futex_op_counts": {
        "128": 21
      },
      "first_seen_ts_ns": 4995690377072,
      "last_seen_ts_ns": 4995739129764
    },
    {
      "tgid": 135251,
      "comm": "grpc-health-pro",
      "cgroup_id": 5011,
      "wait_duration_stats_ns": {
        "count": 22.0,
        "sum": 146663138.99999997,
        "mean": 6666506.318181817,
        "median": 3472886.389752268,
        "min": 9890,
        "max": 21339078,
        "variance_ns2": 54671273234566.984,
        "iqr_ns": 11774690.077643516,
        "q1_ns": 668540.6761842757,
        "q3_ns": 12443230.753827792
      },
      "futex_op_counts": {
        "128": 22
      },
      "first_seen_ts_ns": 4985726832764,
      "last_seen_ts_ns": 4985760059448
    },
    {
      "tgid": 135354,
      "comm": "grpc-health-pro",
      "cgroup_id": 5011,
      "wait_duration_stats_ns": {
        "count": 18.0,
        "sum": 134230690.0,
        "mean": 7457260.555555555,
        "median": 3739506.1232936503,
        "min": 13841,
        "max": 24990779,
        "variance_ns2": 66265126684693.086,
        "iqr_ns": 8635570.633536994,
        "q1_ns": 732496.5670068027,
        "q3_ns": 9368067.200543797
      },
      "futex_op_counts": {
        "128": 18
      },
      "first_seen_ts_ns": 4995008457622,
      "last_seen_ts_ns": 4995036408813
    },
    {
      "tgid": 135406,
      "comm": "grpc-health-pro",
      "cgroup_id": 5011,
      "wait_duration_stats_ns": {
        "count": 24.0,
        "sum": 115761194.00000001,
        "mean": 4823383.083333334,
        "median": 1245637.0864175614,
        "min": 17870,
        "max": 19467410,
        "variance_ns2": 41053300324398.86,
        "iqr_ns": 6422757.6592947235,
        "q1_ns": 104140.67700960222,
        "q3_ns": 6526898.336304326
      },
      "futex_op_counts": {
        "128": 24
      },
      "first_seen_ts_ns": 5004961814610,
      "last_seen_ts_ns": 5005000183893
    },
    {
      "tgid": 135431,
      "comm": "grpc-health-pro",
      "cgroup_id": 5011,
      "wait_duration_stats_ns": {
        "count": 15.0,
        "sum": 104885445.99999999,
        "mean": 6992363.0666666655,
        "median": 4184019.091520919,
        "min": 1140,
        "max": 20402827,
        "variance_ns2": 47993884683467.36,
        "iqr_ns": 11601280.43283219,
        "q1_ns": 417482.4550000001,
        "q3_ns": 12018762.88783219
      },
      "futex_op_counts": {
        "128": 15
      },
      "first_seen_ts_ns": 5005741119577,
      "last_seen_ts_ns": 5005771390158
    },
    {
      "tgid": 135604,
      "comm": "grpc-health-pro",
      "cgroup_id": 5011,
      "wait_duration_stats_ns": {
        "count": 17.0,
        "sum": 104418847.0,
        "mean": 6142285.117647059,
        "median": 4868869.541306735,
        "min": 315650,
        "max": 18222801,
        "variance_ns2": 31358356425863.734,
        "iqr_ns": 9400724.562516328,
        "q1_ns": 910304.889484127,
        "q3_ns": 10311029.452000456
      },
      "futex_op_counts": {
        "128": 17
      },
      "first_seen_ts_ns": 5025773693521,
      "last_seen_ts_ns": 5025800185376
    },
    {
      "tgid": 135581,
      "comm": "grpc-health-pro",
      "cgroup_id": 5011,
      "wait_duration_stats_ns": {
        "count": 31.0,
        "sum": 86776935.0,
        "mean": 2799255.9677419355,
        "median": 357156.11389629816,
        "min": 18370,
        "max": 14201616,
        "variance_ns2": 25628038947644.766,
        "iqr_ns": 2219011.248435188,
        "q1_ns": 46462.497870142644,
        "q3_ns": 2265473.7463053307
      },
      "futex_op_counts": {
        "128": 31
      },
      "first_seen_ts_ns": 5024907058267,
      "last_seen_ts_ns": 5024923312926
    },
    {
      "tgid": 135530,
      "comm": "grpc-health-pro",
      "cgroup_id": 5011,
      "wait_duration_stats_ns": {
        "count": 19.0,
        "sum": 69476342.0,
        "mean": 3656649.5789473685,
        "median": 1497675.5749995573,
        "min": 22271,
        "max": 15653373,
        "variance_ns2": 28199270361366.48,
        "iqr_ns": 3748246.2710850784,
        "q1_ns": 335710.1871787769,
        "q3_ns": 4083956.4582638554
      },
      "futex_op_counts": {
        "128": 19
      },
      "first_seen_ts_ns": 5015661320742,
      "last_seen_ts_ns": 5015680135682
    },
    {
      "tgid": 135169,
      "comm": "grpc-health-pro",
      "cgroup_id": 5011,
      "wait_duration_stats_ns": {
        "count": 14.0,
        "sum": 65725528.999999985,
        "mean": 4694680.642857142,
        "median": 5494976.295833333,
        "min": 48922,
        "max": 9460502,
        "variance_ns2": 10028231771252.248,
        "iqr_ns": 4141957.282679811,
        "q1_ns": 2852515.41827257,
        "q3_ns": 6994472.700952381
      },
      "futex_op_counts": {
        "128": 14
      },
      "first_seen_ts_ns": 4974931710998,
      "last_seen_ts_ns": 4974950044633
    },
    {
      "tgid": 135195,
      "comm": "grpc-health-pro",
      "cgroup_id": 5011,
      "wait_duration_stats_ns": {
        "count": 14.0,
        "sum": 60637568.0,
        "mean": 4331254.857142857,
        "median": 3358223.6885,
        "min": 21151,
        "max": 9124921,
        "variance_ns2": 10518381404612.44,
        "iqr_ns": 5634694.245627892,
        "q1_ns": 1063072.414557292,
        "q3_ns": 6697766.660185184
      },
      "futex_op_counts": {
        "128": 14
      },
      "first_seen_ts_ns": 4975727199937,
      "last_seen_ts_ns": 4975748599717
    },
    {
      "tgid": 135454,
      "comm": "grpc-health-pro",
      "cgroup_id": 5011,
      "wait_duration_stats_ns": {
        "count": 37.0,
        "sum": 10665967.0,
        "mean": 288269.3783783784,
        "median": 101292.11030613433,
        "min": 11861,
        "max": 1725523,
        "variance_ns2": 224048120557.40842,
        "iqr_ns": 282777.43338600063,
        "q1_ns": 26678.202072811444,
        "q3_ns": 309455.63545881206
      },
      "futex_op_counts": {
        "128": 37
      },
      "first_seen_ts_ns": 5014865033184,
      "last_seen_ts_ns": 5014867936743
    },
    {
      "tgid": 134898,
      "comm": "flux-broker-0",
      "cgroup_id": 53459,
      "wait_duration_stats_ns": {
        "count": 296.0,
        "sum": 666600.9999999999,
        "mean": 2252.030405405405,
        "median": 1474.5036668946227,
        "min": 700,
        "max": 25900,
        "variance_ns2": 10684114.104157137,
        "iqr_ns": 1296.9839772130588,
        "q1_ns": 1063.618080197364,
        "q3_ns": 2360.6020574104227
      },
      "futex_op_counts": {
        "128": 296
      },
      "first_seen_ts_ns": 4971225380754,
      "last_seen_ts_ns": 5041575529525
    }
  ]
}
[17:06:01] Cleanup complete.
