unlimited
PROGRAM: cpu
Looking for /opt/programs/cpu/ebpf-collect.c
[02:50:05] Waiting for start indicator file: '/mnt/flux/start_ebpf_collection'.
[02:50:10] Start indicator found. Proceeding with monitoring.
[02:50:10] Initializing eBPF for CPU Scheduling monitoring...
[02:50:11] BPF C code compiled and loaded.
[02:50:11] Attached tracepoints.
[02:50:11] Monitoring CPU scheduling events (polling aggregated map)... Press Ctrl+C to stop.
[02:51:27] Stop indicator file '/mnt/flux/stop_ebpf_collection' found. Stopping.
[02:51:27] Initiating cleanup sequence...
{
  "final_aggregated_summary_river": [
    {
      "tgid": 247,
      "comm": "python3",
      "cgroup_id": 50335,
      "on_cpu_stats_ns": {
        "count": 599.0,
        "sum_ns": 55536440.583333336,
        "mean_ns": 92715.25973845298,
        "median_ns": 32258.653288936384,
        "min_ns": 4133.0,
        "max_ns": 13054694.0,
        "variance_ns2": 371549756208.0813,
        "iqr_ns": 66105.74605995975,
        "q1_ns": 18602.390441443975,
        "q3_ns": 84708.13650140373
      },
      "runq_latency_stats_ns": {
        "count": 601.0,
        "sum_ns": 25784837.08333333,
        "mean_ns": 42903.22310038823,
        "median_ns": 15579.981720030019,
        "min_ns": 744.0,
        "max_ns": 9983244.0,
        "variance_ns2": 170088866006.7353,
        "iqr_ns": 24951.67582353332,
        "q1_ns": 4522.850397380019,
        "q3_ns": 29474.52622091334
      },
      "first_seen_ts_ns": 1749955811491127035,
      "last_seen_ts_ns": 1749955887091044731,
      "duration_active_s": 75.599917696
    },
    {
      "tgid": 175,
      "comm": "python3",
      "cgroup_id": 50251,
      "on_cpu_stats_ns": {
        "count": 517.0,
        "sum_ns": 35891378.95238096,
        "mean_ns": 69422.39642626878,
        "median_ns": 34802.382167867574,
        "min_ns": 3680.0,
        "max_ns": 1741433.0,
        "variance_ns2": 20625128443.87027,
        "iqr_ns": 62883.69853728895,
        "q1_ns": 19122.520136384075,
        "q3_ns": 82006.21867367302
      },
      "runq_latency_stats_ns": {
        "count": 518.0,
        "sum_ns": 17403707.16666666,
        "mean_ns": 33597.890283140274,
        "median_ns": 15696.953440862553,
        "min_ns": 628.0,
        "max_ns": 5311061.0,
        "variance_ns2": 56376687025.08768,
        "iqr_ns": 36260.029296480374,
        "q1_ns": 7290.372966134908,
        "q3_ns": 43550.40226261528
      },
      "first_seen_ts_ns": 1749955811491127035,
      "last_seen_ts_ns": 1749955887091044731,
      "duration_active_s": 75.599917696
    },
    {
      "tgid": 353,
      "comm": "xhpcg",
      "cgroup_id": 50419,
      "on_cpu_stats_ns": {
        "count": 135.0,
        "sum_ns": 18942897.34363155,
        "mean_ns": 140317.75810097446,
        "median_ns": 125335.63861712594,
        "min_ns": 5036.0,
        "max_ns": 1267410.0,
        "variance_ns2": 18151895899.497948,
        "iqr_ns": 66444.48770347299,
        "q1_ns": 86615.12117635467,
        "q3_ns": 153059.60887982766
      },
      "runq_latency_stats_ns": {
        "count": 135.0,
        "sum_ns": 13418136.468304122,
        "mean_ns": 99393.60346891942,
        "median_ns": 78561.32923802898,
        "min_ns": 663.0,
        "max_ns": 955554.1764705882,
        "variance_ns2": 14605159455.675985,
        "iqr_ns": 87456.99803560862,
        "q1_ns": 35279.953740023826,
        "q3_ns": 122736.95177563243
      },
      "first_seen_ts_ns": 1749955811731117120,
      "last_seen_ts_ns": 1749955827591178421,
      "duration_active_s": 15.860061301
    },
    {
      "tgid": 104,
      "comm": "flux-broker-0",
      "cgroup_id": 50419,
      "on_cpu_stats_ns": {
        "count": 143.0,
        "sum_ns": 7275378.333333331,
        "mean_ns": 50876.771561771544,
        "median_ns": 28900.300156135465,
        "min_ns": 3910.0,
        "max_ns": 350894.0,
        "variance_ns2": 3440434632.1458044,
        "iqr_ns": 49032.13742725293,
        "q1_ns": 17673.496655301227,
        "q3_ns": 66705.63408255416
      },
      "runq_latency_stats_ns": {
        "count": 143.0,
        "sum_ns": 3239588.833333335,
        "mean_ns": 22654.467365967375,
        "median_ns": 12147.156760018215,
        "min_ns": 766.0,
        "max_ns": 498427.6666666667,
        "variance_ns2": 2134298468.6792881,
        "iqr_ns": 17562.548757468227,
        "q1_ns": 5499.2045781397155,
        "q3_ns": 23061.753335607944
      },
      "first_seen_ts_ns": 1749955811491127035,
      "last_seen_ts_ns": 1749955886683582606,
      "duration_active_s": 75.192455571
    },
    {
      "tgid": 40,
      "comm": "bash",
      "cgroup_id": 50335,
      "on_cpu_stats_ns": {
        "count": 19.0,
        "sum_ns": 1910269.8333333333,
        "mean_ns": 100540.51754385965,
        "median_ns": 68856.67527511495,
        "min_ns": 16828.0,
        "max_ns": 281012.0,
        "variance_ns2": 5447145506.589181,
        "iqr_ns": 61963.03836044667,
        "q1_ns": 44381.535850372944,
        "q3_ns": 106344.57421081961
      },
      "runq_latency_stats_ns": {
        "count": 19.0,
        "sum_ns": 437787.6666666665,
        "mean_ns": 23041.45614035087,
        "median_ns": 13165.5810111699,
        "min_ns": 2075.6666666666665,
        "max_ns": 93889.5,
        "variance_ns2": 510972567.99025345,
        "iqr_ns": 26363.567528935186,
        "q1_ns": 7060.132971643519,
        "q3_ns": 33423.70050057871
      },
      "first_seen_ts_ns": 1749955811841157770,
      "last_seen_ts_ns": 1749955876395543271,
      "duration_active_s": 64.554385501
    },
    {
      "tgid": 337,
      "comm": "xhpcg",
      "cgroup_id": 50419,
      "on_cpu_stats_ns": {
        "count": 41.0,
        "sum_ns": 951172.0,
        "mean_ns": 23199.317073170732,
        "median_ns": 26808.66586221327,
        "min_ns": 6414.0,
        "max_ns": 37886.0,
        "variance_ns2": 99997621.32195123,
        "iqr_ns": 17370.495508517797,
        "q1_ns": 14092.478004171713,
        "q3_ns": 31462.97351268951
      },
      "runq_latency_stats_ns": {
        "count": 41.0,
        "sum_ns": 362625.0000000001,
        "mean_ns": 8844.512195121953,
        "median_ns": 7950.7811278468125,
        "min_ns": 1366.0,
        "max_ns": 35544.0,
        "variance_ns2": 29690473.506097566,
        "iqr_ns": 3382.4655414597482,
        "q1_ns": 6545.774812366309,
        "q3_ns": 9928.240353826057
      },
      "first_seen_ts_ns": 1749955811621160379,
      "last_seen_ts_ns": 1749955833181203025,
      "duration_active_s": 21.560042646
    },
    {
      "tgid": 104,
      "comm": "ZMQbg/Reaper",
      "cgroup_id": 50419,
      "on_cpu_stats_ns": {
        "count": 11.0,
        "sum_ns": 792277.1666666665,
        "mean_ns": 72025.19696969696,
        "median_ns": 65738.44791666667,
        "min_ns": 15830.0,
        "max_ns": 182420.0,
        "variance_ns2": 2615453680.5934343,
        "iqr_ns": 69037.40920781891,
        "q1_ns": 42002.90329218108,
        "q3_ns": 111040.3125
      },
      "runq_latency_stats_ns": {
        "count": 11.0,
        "sum_ns": 220597.0,
        "mean_ns": 20054.272727272728,
        "median_ns": 7279.749999999998,
        "min_ns": 935.0,
        "max_ns": 59051.0,
        "variance_ns2": 413538349.09040403,
        "iqr_ns": 22712.08912037037,
        "q1_ns": 5564.666666666667,
        "q3_ns": 28276.755787037036
      },
      "first_seen_ts_ns": 1749955811491127035,
      "last_seen_ts_ns": 1749955886580749521,
      "duration_active_s": 75.089622486
    },
    {
      "tgid": 349,
      "comm": "xhpcg",
      "cgroup_id": 50419,
      "on_cpu_stats_ns": {
        "count": 61.0,
        "sum_ns": 691172.5589285714,
        "mean_ns": 11330.69768735363,
        "median_ns": 11204.1977413008,
        "min_ns": 4210.0,
        "max_ns": 17475.75,
        "variance_ns2": 9746578.139644442,
        "iqr_ns": 5069.39749788355,
        "q1_ns": 8058.669791429182,
        "q3_ns": 13128.067289312732
      },
      "runq_latency_stats_ns": {
        "count": 61.0,
        "sum_ns": 343600.36666666664,
        "mean_ns": 5632.792896174863,
        "median_ns": 5663.913919553673,
        "min_ns": 1465.625,
        "max_ns": 17102.25,
        "variance_ns2": 5327944.43585714,
        "iqr_ns": 2699.9850898767545,
        "q1_ns": 4158.362264942815,
        "q3_ns": 6858.34735481957
      },
      "first_seen_ts_ns": 1749955813211166716,
      "last_seen_ts_ns": 1749955827811124718,
      "duration_active_s": 14.599958002
    },
    {
      "tgid": 1,
      "comm": "pause",
      "cgroup_id": 49915,
      "on_cpu_stats_ns": {
        "count": 2.0,
        "sum_ns": 609892.2698412698,
        "mean_ns": 304946.1349206349,
        "median_ns": 355531.71428571426,
        "min_ns": 254360.55555555556,
        "max_ns": 355531.71428571426,
        "variance_ns2": 5117801679.401484,
        "iqr_ns": 101171.1587301587,
        "q1_ns": 254360.55555555556,
        "q3_ns": 355531.71428571426
      },
      "runq_latency_stats_ns": {
        "count": 2.0,
        "sum_ns": 5466.603174603175,
        "mean_ns": 2733.3015873015875,
        "median_ns": 4623.888888888889,
        "min_ns": 842.7142857142857,
        "max_ns": 4623.888888888889,
        "variance_ns2": 7148640.689846309,
        "iqr_ns": 3781.174603174603,
        "q1_ns": 842.7142857142857,
        "q3_ns": 4623.888888888889
      },
      "first_seen_ts_ns": 1749955841711231861,
      "last_seen_ts_ns": 1749955887091044731,
      "duration_active_s": 45.37981287
    },
    {
      "tgid": 325,
      "comm": "xhpcg",
      "cgroup_id": 50419,
      "on_cpu_stats_ns": {
        "count": 7.0,
        "sum_ns": 586424.0,
        "mean_ns": 83774.85714285714,
        "median_ns": 85219.0,
        "min_ns": 39020.0,
        "max_ns": 135673.0,
        "variance_ns2": 1102990849.1428573,
        "iqr_ns": 29451.88888888889,
        "q1_ns": 70729.44444444444,
        "q3_ns": 100181.33333333333
      },
      "runq_latency_stats_ns": {
        "count": 7.0,
        "sum_ns": 176398.5,
        "mean_ns": 25199.785714285714,
        "median_ns": 16052.25,
        "min_ns": 6039.0,
        "max_ns": 79979.0,
        "variance_ns2": 714496131.8214285,
        "iqr_ns": 7052.989583333332,
        "q1_ns": 10403.010416666668,
        "q3_ns": 17456.0
      },
      "first_seen_ts_ns": 1749955811491127035,
      "last_seen_ts_ns": 1749955820491176891,
      "duration_active_s": 9.000049856
    },
    {
      "tgid": 330,
      "comm": "xhpcg",
      "cgroup_id": 50419,
      "on_cpu_stats_ns": {
        "count": 5.0,
        "sum_ns": 426798.0,
        "mean_ns": 85359.6,
        "median_ns": 68706.0,
        "min_ns": 41442.0,
        "max_ns": 151356.0,
        "variance_ns2": 2425434778.8,
        "iqr_ns": 79062.0,
        "q1_ns": 43116.0,
        "q3_ns": 122178.0
      },
      "runq_latency_stats_ns": {
        "count": 5.0,
        "sum_ns": 365263.0,
        "mean_ns": 73052.6,
        "median_ns": 18685.0,
        "min_ns": 2820.0,
        "max_ns": 271621.0,
        "variance_ns2": 12831641539.3,
        "iqr_ns": 50459.0,
        "q1_ns": 10839.0,
        "q3_ns": 61298.0
      },
      "first_seen_ts_ns": 1749955811491127035,
      "last_seen_ts_ns": 1749955812551181785,
      "duration_active_s": 1.06005475
    },
    {
      "tgid": 319,
      "comm": "python3",
      "cgroup_id": 50419,
      "on_cpu_stats_ns": {
        "count": 6.0,
        "sum_ns": 349953.5,
        "mean_ns": 58325.58333333333,
        "median_ns": 81957.0,
        "min_ns": 10735.0,
        "max_ns": 91044.5,
        "variance_ns2": 1204506010.4416666,
        "iqr_ns": 15943.222222222219,
        "q1_ns": 66013.77777777778,
        "q3_ns": 81957.0
      },
      "runq_latency_stats_ns": {
        "count": 6.0,
        "sum_ns": 211139.5,
        "mean_ns": 35189.916666666664,
        "median_ns": 31793.0,
        "min_ns": 5021.0,
        "max_ns": 78778.0,
        "variance_ns2": 883207050.2416666,
        "iqr_ns": 19019.5,
        "q1_ns": 12773.5,
        "q3_ns": 31793.0
      },
      "first_seen_ts_ns": 1749955811491127035,
      "last_seen_ts_ns": 1749955812440409038,
      "duration_active_s": 0.949282003
    },
    {
      "tgid": 324,
      "comm": "xhpcg",
      "cgroup_id": 50419,
      "on_cpu_stats_ns": {
        "count": 5.0,
        "sum_ns": 86226.0,
        "mean_ns": 17245.2,
        "median_ns": 19482.0,
        "min_ns": 9058.0,
        "max_ns": 23369.0,
        "variance_ns2": 39805005.7,
        "iqr_ns": 9967.0,
        "q1_ns": 12175.0,
        "q3_ns": 22142.0
      },
      "runq_latency_stats_ns": {
        "count": 5.0,
        "sum_ns": 64075.0,
        "mean_ns": 12815.0,
        "median_ns": 15599.0,
        "min_ns": 4371.0,
        "max_ns": 19051.0,
        "variance_ns2": 34925242.0,
        "iqr_ns": 6572.0,
        "q1_ns": 9241.0,
        "q3_ns": 15813.0
      },
      "first_seen_ts_ns": 1749955811491127035,
      "last_seen_ts_ns": 1749955831421181546,
      "duration_active_s": 19.930054511
    },
    {
      "tgid": 322,
      "comm": "xhpcg",
      "cgroup_id": 50419,
      "on_cpu_stats_ns": {
        "count": 5.0,
        "sum_ns": 76107.0,
        "mean_ns": 15221.4,
        "median_ns": 18401.0,
        "min_ns": 7337.0,
        "max_ns": 20042.0,
        "variance_ns2": 29482505.3,
        "iqr_ns": 6695.0,
        "q1_ns": 11816.0,
        "q3_ns": 18511.0
      },
      "runq_latency_stats_ns": {
        "count": 5.0,
        "sum_ns": 64844.0,
        "mean_ns": 12968.8,
        "median_ns": 14747.0,
        "min_ns": 5515.0,
        "max_ns": 17491.0,
        "variance_ns2": 21418633.200000003,
        "iqr_ns": 3417.0,
        "q1_ns": 11837.0,
        "q3_ns": 15254.0
      },
      "first_seen_ts_ns": 1749955811491127035,
      "last_seen_ts_ns": 1749955831421181546,
      "duration_active_s": 19.930054511
    }
  ]
}
[02:51:27] Cleanup complete. Exiting.
