

32 32 32
15
chmod: cannot access './wait-fs': No such file or directory
mv: cannot stat './wait-fs': No such file or directory
ln: failed to create symbolic link '/mnt/flux/view/lib/python': File exists
ln: failed to create symbolic link '/mnt/flux/view/lib/python3': File exists
#!/bin/bash
set -euo pipefail
flux resource list
echo "The parent process ID is: $PPID"          
echo "The execution parent process ID is: $$"         
CGROUP_PATH_LINE=$(cat "/proc/$$/cgroup")
echo 
CGROUP_V2_PATH=${CGROUP_PATH_LINE:3}
ACTUAL_CGROUP_DIR="/sys/fs/cgroup${CGROUP_V2_PATH}"
TARGET_CGROUP_ID=$(stat -c '%i' $ACTUAL_CGROUP_DIR)
echo "The cgroup id is $TARGET_CGROUP_ID"
echo -n $TARGET_CGROUP_ID > /mnt/flux/cgroup-id.txt
sleep 5
flux exec -r all touch /mnt/flux/start_ebpf_collection
for i in {1..3}
do
  echo "FLUX-RUN START hpcg-iter-$i"
  flux run --setattr=user.study_id=hpcg-iter-$i -N1 -n 32 -o cpu-affinity=per-task -o gpu-affinity=off     /opt/hpcg/xhpcg
  
   echo "FLUX-RUN END hpcg-iter-$i"
done

  echo "FLUX-RESULTS START"
  cat hpcg*.txt
  echo "HPCG-BENCHMARKS"
  cat HPCG-Benchmark*.txt
  echo "FLUX-RESULTS END"

output=./results/${app}
(apt-get update > /dev/null 2>&1 && apt-get install -y jq > /dev/null 2>&1) || (yum update -y > /dev/null 2>&1 && yum install -y jq > /dev/null 2>&1)
mkdir -p $output
for jobid in $(flux jobs -a --json | jq -r .jobs[].id); do
    echo
    study_id=$(flux job info $jobid jobspec | jq -r ".attributes.user.study_id")
    echo "FLUX-JOB START ${jobid} ${study_id}"
    echo "FLUX-JOB-JOBSPEC START"
    flux job info $jobid jobspec
    echo "FLUX-JOB-JOBSPEC END" 
    
    echo "FLUX-JOB-RESOURCES START"
    flux job info ${jobid} R
    echo "FLUX-JOB-RESOURCES END"
    echo "FLUX-JOB-EVENTLOG START" 
    flux job info $jobid guest.exec.eventlog
    echo "FLUX-JOB-EVENTLOG END" 
    echo "FLUX-JOB END ${jobid} ${study_id}"
done
echo "FLUX JOB STATS"
flux job stats 

     STATE NNODES   NCORES    NGPUS NODELIST
      free      1       32        0 hpcg-0
 allocated      0        0        0 
      down      0        0        0 
The parent process ID is: 131
The execution parent process ID is: 261

The cgroup id is 36917
FLUX-RUN START hpcg-iter-1
FLUX-RUN END hpcg-iter-1
FLUX-RUN START hpcg-iter-2
FLUX-RUN END hpcg-iter-2
FLUX-RUN START hpcg-iter-3
FLUX-RUN END hpcg-iter-3
FLUX-RESULTS START
WARNING: PERFORMING UNPRECONDITIONED ITERATIONS
Call [0] Number of Iterations [11] Scaled Residual [5.15266e-14]
WARNING: PERFORMING UNPRECONDITIONED ITERATIONS
Call [1] Number of Iterations [11] Scaled Residual [5.15266e-14]
Call [0] Number of Iterations [2] Scaled Residual [6.18719e-17]
Call [1] Number of Iterations [2] Scaled Residual [6.18719e-17]
Departure from symmetry (scaled) for SpMV abs(x'*A*y - y'*A*x) = 3.35475e-09
Departure from symmetry (scaled) for MG abs(x'*Minv*y - y'*Minv*x) = 8.38688e-10
SpMV call [0] Residual [0]
SpMV call [1] Residual [0]
Call [0] Scaled Residual [4.80215e-08]
Call [1] Scaled Residual [4.80215e-08]
Call [2] Scaled Residual [4.80215e-08]
Call [3] Scaled Residual [4.80215e-08]
Call [4] Scaled Residual [4.80215e-08]
Call [5] Scaled Residual [4.80215e-08]
Call [6] Scaled Residual [4.80215e-08]
Call [7] Scaled Residual [4.80215e-08]
Call [8] Scaled Residual [4.80215e-08]
Call [9] Scaled Residual [4.80215e-08]
Call [10] Scaled Residual [4.80215e-08]
Call [11] Scaled Residual [4.80215e-08]
Call [12] Scaled Residual [4.80215e-08]
Call [13] Scaled Residual [4.80215e-08]
Call [14] Scaled Residual [4.80215e-08]
WARNING: PERFORMING UNPRECONDITIONED ITERATIONS
Call [0] Number of Iterations [11] Scaled Residual [5.15266e-14]
WARNING: PERFORMING UNPRECONDITIONED ITERATIONS
Call [1] Number of Iterations [11] Scaled Residual [5.15266e-14]
Call [0] Number of Iterations [2] Scaled Residual [6.18719e-17]
Call [1] Number of Iterations [2] Scaled Residual [6.18719e-17]
Departure from symmetry (scaled) for SpMV abs(x'*A*y - y'*A*x) = 3.35475e-09
Departure from symmetry (scaled) for MG abs(x'*Minv*y - y'*Minv*x) = 8.38688e-10
SpMV call [0] Residual [0]
SpMV call [1] Residual [0]
Call [0] Scaled Residual [4.80215e-08]
Call [1] Scaled Residual [4.80215e-08]
Call [2] Scaled Residual [4.80215e-08]
Call [3] Scaled Residual [4.80215e-08]
Call [4] Scaled Residual [4.80215e-08]
Call [5] Scaled Residual [4.80215e-08]
Call [6] Scaled Residual [4.80215e-08]
Call [7] Scaled Residual [4.80215e-08]
Call [8] Scaled Residual [4.80215e-08]
Call [9] Scaled Residual [4.80215e-08]
Call [10] Scaled Residual [4.80215e-08]
Call [11] Scaled Residual [4.80215e-08]
Call [12] Scaled Residual [4.80215e-08]
Call [13] Scaled Residual [4.80215e-08]
Call [14] Scaled Residual [4.80215e-08]
Call [15] Scaled Residual [4.80215e-08]
Call [16] Scaled Residual [4.80215e-08]
WARNING: PERFORMING UNPRECONDITIONED ITERATIONS
Call [0] Number of Iterations [11] Scaled Residual [5.15266e-14]
WARNING: PERFORMING UNPRECONDITIONED ITERATIONS
Call [1] Number of Iterations [11] Scaled Residual [5.15266e-14]
Call [0] Number of Iterations [2] Scaled Residual [6.18719e-17]
Call [1] Number of Iterations [2] Scaled Residual [6.18719e-17]
Departure from symmetry (scaled) for SpMV abs(x'*A*y - y'*A*x) = 3.35475e-09
Departure from symmetry (scaled) for MG abs(x'*Minv*y - y'*Minv*x) = 8.38688e-10
SpMV call [0] Residual [0]
SpMV call [1] Residual [0]
Call [0] Scaled Residual [4.80215e-08]
Call [1] Scaled Residual [4.80215e-08]
Call [2] Scaled Residual [4.80215e-08]
Call [3] Scaled Residual [4.80215e-08]
Call [4] Scaled Residual [4.80215e-08]
Call [5] Scaled Residual [4.80215e-08]
Call [6] Scaled Residual [4.80215e-08]
Call [7] Scaled Residual [4.80215e-08]
Call [8] Scaled Residual [4.80215e-08]
Call [9] Scaled Residual [4.80215e-08]
Call [10] Scaled Residual [4.80215e-08]
Call [11] Scaled Residual [4.80215e-08]
Call [12] Scaled Residual [4.80215e-08]
Call [13] Scaled Residual [4.80215e-08]
Call [14] Scaled Residual [4.80215e-08]
Call [15] Scaled Residual [4.80215e-08]
Call [16] Scaled Residual [4.80215e-08]
HPCG-BENCHMARKS
HPCG-Benchmark
version=3.1
Release date=March 28, 2019
Machine Summary=
Machine Summary::Distributed Processes=32
Machine Summary::Threads per processes=2
Global Problem Dimensions=
Global Problem Dimensions::Global nx=128
Global Problem Dimensions::Global ny=128
Global Problem Dimensions::Global nz=64
Processor Dimensions=
Processor Dimensions::npx=4
Processor Dimensions::npy=4
Processor Dimensions::npz=2
Local Domain Dimensions=
Local Domain Dimensions::nx=32
Local Domain Dimensions::ny=32
Local Domain Dimensions::Lower ipz=0
Local Domain Dimensions::Upper ipz=1
Local Domain Dimensions::nz=32
########## Problem Summary  ##########=
Setup Information=
Setup Information::Setup Time=0.0706474
Linear System Information=
Linear System Information::Number of Equations=1048576
Linear System Information::Number of Nonzero Terms=27725560
Multigrid Information=
Multigrid Information::Number of coarse grid levels=3
Multigrid Information::Coarse Grids=
Multigrid Information::Coarse Grids::Grid Level=1
Multigrid Information::Coarse Grids::Number of Equations=131072
Multigrid Information::Coarse Grids::Number of Nonzero Terms=3393400
Multigrid Information::Coarse Grids::Number of Presmoother Steps=1
Multigrid Information::Coarse Grids::Number of Postsmoother Steps=1
Multigrid Information::Coarse Grids::Grid Level=2
Multigrid Information::Coarse Grids::Number of Equations=16384
Multigrid Information::Coarse Grids::Number of Nonzero Terms=406456
Multigrid Information::Coarse Grids::Number of Presmoother Steps=1
Multigrid Information::Coarse Grids::Number of Postsmoother Steps=1
Multigrid Information::Coarse Grids::Grid Level=3
Multigrid Information::Coarse Grids::Number of Equations=2048
Multigrid Information::Coarse Grids::Number of Nonzero Terms=46552
Multigrid Information::Coarse Grids::Number of Presmoother Steps=1
Multigrid Information::Coarse Grids::Number of Postsmoother Steps=1
########## Memory Use Summary  ##########=
Memory Use Information=
Memory Use Information::Total memory used for data (Gbytes)=0.751604
Memory Use Information::Memory used for OptimizeProblem data (Gbytes)=0
Memory Use Information::Bytes per equation (Total memory / Number of Equations)=716.786
Memory Use Information::Memory used for linear system and CG (Gbytes)=0.661177
Memory Use Information::Coarse Grids=
Memory Use Information::Coarse Grids::Grid Level=1
Memory Use Information::Coarse Grids::Memory used=0.0792029
Memory Use Information::Coarse Grids::Grid Level=2
Memory Use Information::Coarse Grids::Memory used=0.00996105
Memory Use Information::Coarse Grids::Grid Level=3
Memory Use Information::Coarse Grids::Memory used=0.00126337
########## V&V Testing Summary  ##########=
Spectral Convergence Tests=
Spectral Convergence Tests::Result=PASSED
Spectral Convergence Tests::Unpreconditioned=
Spectral Convergence Tests::Unpreconditioned::Maximum iteration count=11
Spectral Convergence Tests::Unpreconditioned::Expected iteration count=12
Spectral Convergence Tests::Preconditioned=
Spectral Convergence Tests::Preconditioned::Maximum iteration count=2
Spectral Convergence Tests::Preconditioned::Expected iteration count=2
Departure from Symmetry |x'Ay-y'Ax|/(2*||x||*||A||*||y||)/epsilon=
Departure from Symmetry |x'Ay-y'Ax|/(2*||x||*||A||*||y||)/epsilon::Result=PASSED
Departure from Symmetry |x'Ay-y'Ax|/(2*||x||*||A||*||y||)/epsilon::Departure for SpMV=3.35475e-09
Departure from Symmetry |x'Ay-y'Ax|/(2*||x||*||A||*||y||)/epsilon::Departure for MG=8.38688e-10
########## Iterations Summary  ##########=
Iteration Count Information=
Iteration Count Information::Result=PASSED
Iteration Count Information::Reference CG iterations per set=50
Iteration Count Information::Optimized CG iterations per set=50
Iteration Count Information::Total number of reference iterations=750
Iteration Count Information::Total number of optimized iterations=750
########## Reproducibility Summary  ##########=
Reproducibility Information=
Reproducibility Information::Result=PASSED
Reproducibility Information::Scaled residual mean=4.80215e-08
Reproducibility Information::Scaled residual variance=0
########## Performance Summary (times in sec) ##########=
Benchmark Time Summary=
Benchmark Time Summary::Optimization phase=8.2e-08
Benchmark Time Summary::DDOT=1.4243
Benchmark Time Summary::WAXPBY=0.115176
Benchmark Time Summary::SpMV=1.9916
Benchmark Time Summary::MG=11.9785
Benchmark Time Summary::Total=15.5108
Floating Point Operations Summary=
Floating Point Operations Summary::Raw DDOT=4.75005e+09
Floating Point Operations Summary::Raw WAXPBY=4.75005e+09
Floating Point Operations Summary::Raw SpMV=4.24201e+10
Floating Point Operations Summary::Raw MG=2.3658e+11
Floating Point Operations Summary::Total=2.885e+11
Floating Point Operations Summary::Total with convergence overhead=2.885e+11
GB/s Summary=
GB/s Summary::Raw Read B/W=114.627
GB/s Summary::Raw Write B/W=26.4919
GB/s Summary::Raw Total B/W=141.119
GB/s Summary::Total with convergence and optimization phase overhead=140.161
GFLOP/s Summary=
GFLOP/s Summary::Raw DDOT=3.33501
GFLOP/s Summary::Raw WAXPBY=41.2418
GFLOP/s Summary::Raw SpMV=21.2996
GFLOP/s Summary::Raw MG=19.7504
GFLOP/s Summary::Raw Total=18.5999
GFLOP/s Summary::Total with convergence overhead=18.5999
GFLOP/s Summary::Total with convergence and optimization phase overhead=18.4737
User Optimization Overheads=
User Optimization Overheads::Optimization phase time (sec)=8.2e-08
User Optimization Overheads::Optimization phase time vs reference SpMV+MG time=4.53717e-06
DDOT Timing Variations=
DDOT Timing Variations::Min DDOT MPI_Allreduce time=1.12307
DDOT Timing Variations::Max DDOT MPI_Allreduce time=1.36837
DDOT Timing Variations::Avg DDOT MPI_Allreduce time=1.2243
Final Summary=
Final Summary::HPCG result is VALID with a GFLOP/s rating of=18.4737
Final Summary::HPCG 2.4 rating for historical reasons is=18.5999
Final Summary::Reference version of ComputeDotProduct used=Performance results are most likely suboptimal
Final Summary::Reference version of ComputeSPMV used=Performance results are most likely suboptimal
Final Summary::Reference version of ComputeMG used and number of threads greater than 1=Performance results are severely suboptimal
Final Summary::Reference version of ComputeWAXPBY used=Performance results are most likely suboptimal
Final Summary::Results are valid but execution time (sec) is=15.5108
Final Summary::Official results execution time (sec) must be at least=1800
HPCG-Benchmark
version=3.1
Release date=March 28, 2019
Machine Summary=
Machine Summary::Distributed Processes=32
Machine Summary::Threads per processes=2
Global Problem Dimensions=
Global Problem Dimensions::Global nx=128
Global Problem Dimensions::Global ny=128
Global Problem Dimensions::Global nz=64
Processor Dimensions=
Processor Dimensions::npx=4
Processor Dimensions::npy=4
Processor Dimensions::npz=2
Local Domain Dimensions=
Local Domain Dimensions::nx=32
Local Domain Dimensions::ny=32
Local Domain Dimensions::Lower ipz=0
Local Domain Dimensions::Upper ipz=1
Local Domain Dimensions::nz=32
########## Problem Summary  ##########=
Setup Information=
Setup Information::Setup Time=0.0705439
Linear System Information=
Linear System Information::Number of Equations=1048576
Linear System Information::Number of Nonzero Terms=27725560
Multigrid Information=
Multigrid Information::Number of coarse grid levels=3
Multigrid Information::Coarse Grids=
Multigrid Information::Coarse Grids::Grid Level=1
Multigrid Information::Coarse Grids::Number of Equations=131072
Multigrid Information::Coarse Grids::Number of Nonzero Terms=3393400
Multigrid Information::Coarse Grids::Number of Presmoother Steps=1
Multigrid Information::Coarse Grids::Number of Postsmoother Steps=1
Multigrid Information::Coarse Grids::Grid Level=2
Multigrid Information::Coarse Grids::Number of Equations=16384
Multigrid Information::Coarse Grids::Number of Nonzero Terms=406456
Multigrid Information::Coarse Grids::Number of Presmoother Steps=1
Multigrid Information::Coarse Grids::Number of Postsmoother Steps=1
Multigrid Information::Coarse Grids::Grid Level=3
Multigrid Information::Coarse Grids::Number of Equations=2048
Multigrid Information::Coarse Grids::Number of Nonzero Terms=46552
Multigrid Information::Coarse Grids::Number of Presmoother Steps=1
Multigrid Information::Coarse Grids::Number of Postsmoother Steps=1
########## Memory Use Summary  ##########=
Memory Use Information=
Memory Use Information::Total memory used for data (Gbytes)=0.751604
Memory Use Information::Memory used for OptimizeProblem data (Gbytes)=0
Memory Use Information::Bytes per equation (Total memory / Number of Equations)=716.786
Memory Use Information::Memory used for linear system and CG (Gbytes)=0.661177
Memory Use Information::Coarse Grids=
Memory Use Information::Coarse Grids::Grid Level=1
Memory Use Information::Coarse Grids::Memory used=0.0792029
Memory Use Information::Coarse Grids::Grid Level=2
Memory Use Information::Coarse Grids::Memory used=0.00996105
Memory Use Information::Coarse Grids::Grid Level=3
Memory Use Information::Coarse Grids::Memory used=0.00126337
########## V&V Testing Summary  ##########=
Spectral Convergence Tests=
Spectral Convergence Tests::Result=PASSED
Spectral Convergence Tests::Unpreconditioned=
Spectral Convergence Tests::Unpreconditioned::Maximum iteration count=11
Spectral Convergence Tests::Unpreconditioned::Expected iteration count=12
Spectral Convergence Tests::Preconditioned=
Spectral Convergence Tests::Preconditioned::Maximum iteration count=2
Spectral Convergence Tests::Preconditioned::Expected iteration count=2
Departure from Symmetry |x'Ay-y'Ax|/(2*||x||*||A||*||y||)/epsilon=
Departure from Symmetry |x'Ay-y'Ax|/(2*||x||*||A||*||y||)/epsilon::Result=PASSED
Departure from Symmetry |x'Ay-y'Ax|/(2*||x||*||A||*||y||)/epsilon::Departure for SpMV=3.35475e-09
Departure from Symmetry |x'Ay-y'Ax|/(2*||x||*||A||*||y||)/epsilon::Departure for MG=8.38688e-10
########## Iterations Summary  ##########=
Iteration Count Information=
Iteration Count Information::Result=PASSED
Iteration Count Information::Reference CG iterations per set=50
Iteration Count Information::Optimized CG iterations per set=50
Iteration Count Information::Total number of reference iterations=850
Iteration Count Information::Total number of optimized iterations=850
########## Reproducibility Summary  ##########=
Reproducibility Information=
Reproducibility Information::Result=PASSED
Reproducibility Information::Scaled residual mean=4.80215e-08
Reproducibility Information::Scaled residual variance=0
########## Performance Summary (times in sec) ##########=
Benchmark Time Summary=
Benchmark Time Summary::Optimization phase=1.79e-07
Benchmark Time Summary::DDOT=1.28853
Benchmark Time Summary::WAXPBY=0.178809
Benchmark Time Summary::SpMV=2.25495
Benchmark Time Summary::MG=13.3944
Benchmark Time Summary::Total=17.1183
Floating Point Operations Summary=
Floating Point Operations Summary::Raw DDOT=5.38339e+09
Floating Point Operations Summary::Raw WAXPBY=5.38339e+09
Floating Point Operations Summary::Raw SpMV=4.80761e+10
Floating Point Operations Summary::Raw MG=2.68124e+11
Floating Point Operations Summary::Total=3.26967e+11
Floating Point Operations Summary::Total with convergence overhead=3.26967e+11
GB/s Summary=
GB/s Summary::Raw Read B/W=117.712
GB/s Summary::Raw Write B/W=27.2048
GB/s Summary::Raw Total B/W=144.916
GB/s Summary::Total with convergence and optimization phase overhead=143.908
GFLOP/s Summary=
GFLOP/s Summary::Raw DDOT=4.17792
GFLOP/s Summary::Raw WAXPBY=30.107
GFLOP/s Summary::Raw SpMV=21.3202
GFLOP/s Summary::Raw MG=20.0176
GFLOP/s Summary::Raw Total=19.1004
GFLOP/s Summary::Total with convergence overhead=19.1004
GFLOP/s Summary::Total with convergence and optimization phase overhead=18.9676
User Optimization Overheads=
User Optimization Overheads::Optimization phase time (sec)=1.79e-07
User Optimization Overheads::Optimization phase time vs reference SpMV+MG time=9.87546e-06
DDOT Timing Variations=
DDOT Timing Variations::Min DDOT MPI_Allreduce time=0.946394
DDOT Timing Variations::Max DDOT MPI_Allreduce time=1.27965
DDOT Timing Variations::Avg DDOT MPI_Allreduce time=1.13929
Final Summary=
Final Summary::HPCG result is VALID with a GFLOP/s rating of=18.9676
Final Summary::HPCG 2.4 rating for historical reasons is=19.1004
Final Summary::Reference version of ComputeDotProduct used=Performance results are most likely suboptimal
Final Summary::Reference version of ComputeSPMV used=Performance results are most likely suboptimal
Final Summary::Reference version of ComputeMG used and number of threads greater than 1=Performance results are severely suboptimal
Final Summary::Reference version of ComputeWAXPBY used=Performance results are most likely suboptimal
Final Summary::Results are valid but execution time (sec) is=17.1183
Final Summary::Official results execution time (sec) must be at least=1800
HPCG-Benchmark
version=3.1
Release date=March 28, 2019
Machine Summary=
Machine Summary::Distributed Processes=32
Machine Summary::Threads per processes=2
Global Problem Dimensions=
Global Problem Dimensions::Global nx=128
Global Problem Dimensions::Global ny=128
Global Problem Dimensions::Global nz=64
Processor Dimensions=
Processor Dimensions::npx=4
Processor Dimensions::npy=4
Processor Dimensions::npz=2
Local Domain Dimensions=
Local Domain Dimensions::nx=32
Local Domain Dimensions::ny=32
Local Domain Dimensions::Lower ipz=0
Local Domain Dimensions::Upper ipz=1
Local Domain Dimensions::nz=32
########## Problem Summary  ##########=
Setup Information=
Setup Information::Setup Time=0.0717364
Linear System Information=
Linear System Information::Number of Equations=1048576
Linear System Information::Number of Nonzero Terms=27725560
Multigrid Information=
Multigrid Information::Number of coarse grid levels=3
Multigrid Information::Coarse Grids=
Multigrid Information::Coarse Grids::Grid Level=1
Multigrid Information::Coarse Grids::Number of Equations=131072
Multigrid Information::Coarse Grids::Number of Nonzero Terms=3393400
Multigrid Information::Coarse Grids::Number of Presmoother Steps=1
Multigrid Information::Coarse Grids::Number of Postsmoother Steps=1
Multigrid Information::Coarse Grids::Grid Level=2
Multigrid Information::Coarse Grids::Number of Equations=16384
Multigrid Information::Coarse Grids::Number of Nonzero Terms=406456
Multigrid Information::Coarse Grids::Number of Presmoother Steps=1
Multigrid Information::Coarse Grids::Number of Postsmoother Steps=1
Multigrid Information::Coarse Grids::Grid Level=3
Multigrid Information::Coarse Grids::Number of Equations=2048
Multigrid Information::Coarse Grids::Number of Nonzero Terms=46552
Multigrid Information::Coarse Grids::Number of Presmoother Steps=1
Multigrid Information::Coarse Grids::Number of Postsmoother Steps=1
########## Memory Use Summary  ##########=
Memory Use Information=
Memory Use Information::Total memory used for data (Gbytes)=0.751604
Memory Use Information::Memory used for OptimizeProblem data (Gbytes)=0
Memory Use Information::Bytes per equation (Total memory / Number of Equations)=716.786
Memory Use Information::Memory used for linear system and CG (Gbytes)=0.661177
Memory Use Information::Coarse Grids=
Memory Use Information::Coarse Grids::Grid Level=1
Memory Use Information::Coarse Grids::Memory used=0.0792029
Memory Use Information::Coarse Grids::Grid Level=2
Memory Use Information::Coarse Grids::Memory used=0.00996105
Memory Use Information::Coarse Grids::Grid Level=3
Memory Use Information::Coarse Grids::Memory used=0.00126337
########## V&V Testing Summary  ##########=
Spectral Convergence Tests=
Spectral Convergence Tests::Result=PASSED
Spectral Convergence Tests::Unpreconditioned=
Spectral Convergence Tests::Unpreconditioned::Maximum iteration count=11
Spectral Convergence Tests::Unpreconditioned::Expected iteration count=12
Spectral Convergence Tests::Preconditioned=
Spectral Convergence Tests::Preconditioned::Maximum iteration count=2
Spectral Convergence Tests::Preconditioned::Expected iteration count=2
Departure from Symmetry |x'Ay-y'Ax|/(2*||x||*||A||*||y||)/epsilon=
Departure from Symmetry |x'Ay-y'Ax|/(2*||x||*||A||*||y||)/epsilon::Result=PASSED
Departure from Symmetry |x'Ay-y'Ax|/(2*||x||*||A||*||y||)/epsilon::Departure for SpMV=3.35475e-09
Departure from Symmetry |x'Ay-y'Ax|/(2*||x||*||A||*||y||)/epsilon::Departure for MG=8.38688e-10
########## Iterations Summary  ##########=
Iteration Count Information=
Iteration Count Information::Result=PASSED
Iteration Count Information::Reference CG iterations per set=50
Iteration Count Information::Optimized CG iterations per set=50
Iteration Count Information::Total number of reference iterations=850
Iteration Count Information::Total number of optimized iterations=850
########## Reproducibility Summary  ##########=
Reproducibility Information=
Reproducibility Information::Result=PASSED
Reproducibility Information::Scaled residual mean=4.80215e-08
Reproducibility Information::Scaled residual variance=0
########## Performance Summary (times in sec) ##########=
Benchmark Time Summary=
Benchmark Time Summary::Optimization phase=1.04e-07
Benchmark Time Summary::DDOT=1.47363
Benchmark Time Summary::WAXPBY=0.212171
Benchmark Time Summary::SpMV=2.25504
Benchmark Time Summary::MG=12.9446
Benchmark Time Summary::Total=16.8871
Floating Point Operations Summary=
Floating Point Operations Summary::Raw DDOT=5.38339e+09
Floating Point Operations Summary::Raw WAXPBY=5.38339e+09
Floating Point Operations Summary::Raw SpMV=4.80761e+10
Floating Point Operations Summary::Raw MG=2.68124e+11
Floating Point Operations Summary::Total=3.26967e+11
Floating Point Operations Summary::Total with convergence overhead=3.26967e+11
GB/s Summary=
GB/s Summary::Raw Read B/W=119.323
GB/s Summary::Raw Write B/W=27.5772
GB/s Summary::Raw Total B/W=146.9
GB/s Summary::Total with convergence and optimization phase overhead=145.847
GFLOP/s Summary=
GFLOP/s Summary::Raw DDOT=3.65316
GFLOP/s Summary::Raw WAXPBY=25.3729
GFLOP/s Summary::Raw SpMV=21.3195
GFLOP/s Summary::Raw MG=20.7132
GFLOP/s Summary::Raw Total=19.362
GFLOP/s Summary::Total with convergence overhead=19.362
GFLOP/s Summary::Total with convergence and optimization phase overhead=19.2231
User Optimization Overheads=
User Optimization Overheads::Optimization phase time (sec)=1.04e-07
User Optimization Overheads::Optimization phase time vs reference SpMV+MG time=5.7024e-06
DDOT Timing Variations=
DDOT Timing Variations::Min DDOT MPI_Allreduce time=1.11929
DDOT Timing Variations::Max DDOT MPI_Allreduce time=1.61677
DDOT Timing Variations::Avg DDOT MPI_Allreduce time=1.37604
Final Summary=
Final Summary::HPCG result is VALID with a GFLOP/s rating of=19.2231
Final Summary::HPCG 2.4 rating for historical reasons is=19.362
Final Summary::Reference version of ComputeDotProduct used=Performance results are most likely suboptimal
Final Summary::Reference version of ComputeSPMV used=Performance results are most likely suboptimal
Final Summary::Reference version of ComputeMG used and number of threads greater than 1=Performance results are severely suboptimal
Final Summary::Reference version of ComputeWAXPBY used=Performance results are most likely suboptimal
Final Summary::Results are valid but execution time (sec) is=16.8871
Final Summary::Official results execution time (sec) must be at least=1800
FLUX-RESULTS END

FLUX-JOB START 753179557888 hpcg-iter-3
FLUX-JOB-JOBSPEC START
{"resources": [{"type": "node", "count": 1, "with": [{"type": "slot", "count": 32, "with": [{"type": "core", "count": 1}], "label": "task"}]}], "tasks": [{"command": ["/opt/hpcg/xhpcg"], "slot": "task", "count": {"per_slot": 1}}], "attributes": {"system": {"duration": 0, "cwd": "/opt/hpcg", "shell": {"options": {"rlimit": {"cpu": -1, "fsize": -1, "data": -1, "stack": 10485760, "core": -1, "nofile": 1048576, "as": -1, "rss": -1, "nproc": -1}, "cpu-affinity": "per-task", "gpu-affinity": "off"}}}, "user": {"study_id": "hpcg-iter-3"}}, "version": 1}
FLUX-JOB-JOBSPEC END
FLUX-JOB-RESOURCES START
{"version": 1, "execution": {"R_lite": [{"rank": "0", "children": {"core": "0-31"}}], "starttime": 1749749009.4371834, "expiration": 0.0, "nodelist": ["hpcg-0"]}}
FLUX-JOB-RESOURCES END
FLUX-JOB-EVENTLOG START
{"timestamp":1749749009.4400656,"name":"init"}
{"timestamp":1749749009.4493132,"name":"shell.init","context":{"service":"0-shell-fLnWu7BM","leader-rank":0,"size":1}}
{"timestamp":1749749009.4405463,"name":"starting"}
{"timestamp":1749749009.4908385,"name":"shell.start","context":{"taskmap":{"version":1,"map":[[0,1,32,1]]}}}
{"timestamp":1749749029.2385685,"name":"shell.task-exit","context":{"localid":17,"rank":17,"state":"Exited","pid":566,"wait_status":0,"signaled":0,"exitcode":0}}
{"timestamp":1749749029.2486873,"name":"complete","context":{"status":0}}
{"timestamp":1749749029.2487104,"name":"done"}

FLUX-JOB-EVENTLOG END
FLUX-JOB END 753179557888 hpcg-iter-3

FLUX-JOB START 413390602240 hpcg-iter-2
FLUX-JOB-JOBSPEC START
{"resources": [{"type": "node", "count": 1, "with": [{"type": "slot", "count": 32, "with": [{"type": "core", "count": 1}], "label": "task"}]}], "tasks": [{"command": ["/opt/hpcg/xhpcg"], "slot": "task", "count": {"per_slot": 1}}], "attributes": {"system": {"duration": 0, "cwd": "/opt/hpcg", "shell": {"options": {"rlimit": {"cpu": -1, "fsize": -1, "data": -1, "stack": 10485760, "core": -1, "nofile": 1048576, "as": -1, "rss": -1, "nproc": -1}, "cpu-affinity": "per-task", "gpu-affinity": "off"}}}, "user": {"study_id": "hpcg-iter-2"}}, "version": 1}
FLUX-JOB-JOBSPEC END
FLUX-JOB-RESOURCES START
{"version": 1, "execution": {"R_lite": [{"rank": "0", "children": {"core": "0-31"}}], "starttime": 1749748989.1835737, "expiration": 0.0, "nodelist": ["hpcg-0"]}}
FLUX-JOB-RESOURCES END
FLUX-JOB-EVENTLOG START
{"timestamp":1749748989.1858268,"name":"init"}
{"timestamp":1749748989.1939108,"name":"shell.init","context":{"service":"0-shell-fBrputjZ","leader-rank":0,"size":1}}
{"timestamp":1749748989.1867671,"name":"starting"}
{"timestamp":1749748989.2380974,"name":"shell.start","context":{"taskmap":{"version":1,"map":[[0,1,32,1]]}}}
{"timestamp":1749749009.2190998,"name":"shell.task-exit","context":{"localid":20,"rank":20,"state":"Exited","pid":473,"wait_status":0,"signaled":0,"exitcode":0}}
{"timestamp":1749749009.2304683,"name":"complete","context":{"status":0}}
{"timestamp":1749749009.2304897,"name":"done"}

FLUX-JOB-EVENTLOG END
FLUX-JOB END 413390602240 hpcg-iter-2

FLUX-JOB START 98599698432 hpcg-iter-1
FLUX-JOB-JOBSPEC START
{"resources": [{"type": "node", "count": 1, "with": [{"type": "slot", "count": 32, "with": [{"type": "core", "count": 1}], "label": "task"}]}], "tasks": [{"command": ["/opt/hpcg/xhpcg"], "slot": "task", "count": {"per_slot": 1}}], "attributes": {"system": {"duration": 0, "cwd": "/opt/hpcg", "shell": {"options": {"rlimit": {"cpu": -1, "fsize": -1, "data": -1, "stack": 10485760, "core": -1, "nofile": 1048576, "as": -1, "rss": -1, "nproc": -1}, "cpu-affinity": "per-task", "gpu-affinity": "off"}}}, "user": {"study_id": "hpcg-iter-1"}}, "version": 1}
FLUX-JOB-JOBSPEC END
FLUX-JOB-RESOURCES START
{"version": 1, "execution": {"R_lite": [{"rank": "0", "children": {"core": "0-31"}}], "starttime": 1749748970.4207289, "expiration": 0.0, "nodelist": ["hpcg-0"]}}
FLUX-JOB-RESOURCES END
FLUX-JOB-EVENTLOG START
{"timestamp":1749748970.4232287,"name":"init"}
{"timestamp":1749748970.4317088,"name":"shell.init","context":{"service":"0-shell-f3bDvEBZ","leader-rank":0,"size":1}}
{"timestamp":1749748970.4236183,"name":"starting"}
{"timestamp":1749748970.4723785,"name":"shell.start","context":{"taskmap":{"version":1,"map":[[0,1,32,1]]}}}
{"timestamp":1749748988.9673727,"name":"shell.task-exit","context":{"localid":28,"rank":28,"state":"Exited","pid":389,"wait_status":0,"signaled":0,"exitcode":0}}
{"timestamp":1749748988.976495,"name":"complete","context":{"status":0}}
{"timestamp":1749748988.9765143,"name":"done"}

FLUX-JOB-EVENTLOG END
FLUX-JOB END 98599698432 hpcg-iter-1
FLUX JOB STATS
{"job_states":{"depend":0,"priority":0,"sched":0,"run":0,"cleanup":0,"inactive":3,"total":3},"successful":3,"failed":0,"canceled":0,"timeout":0,"inactive_purged":0,"queues":[]}
