unlimited
PROGRAM: cpu
Looking for /opt/programs/cpu/ebpf-collect.c
[07:04:21] Waiting for start indicator file: '/mnt/flux/start_ebpf_collection'.
[07:04:22] Start indicator found. Proceeding with monitoring.
[07:04:22] Initializing eBPF for CPU Scheduling monitoring...
[07:04:22] BPF C code compiled and loaded.
[07:04:22] Attached tracepoints.
[07:04:22] Monitoring CPU scheduling events (polling aggregated map)... Press Ctrl+C to stop.
[07:05:25] Stop indicator file '/mnt/flux/stop_ebpf_collection' found. Stopping.
[07:05:25] Initiating cleanup sequence...
{
  "final_aggregated_summary_river": [
    {
      "tgid": 31,
      "comm": "bash",
      "cgroup_id": 78905,
      "on_cpu_stats_ns": {
        "count": 60.0,
        "sum_ns": 3449490.166666667,
        "mean_ns": 57491.50277777779,
        "median_ns": 17542.05522130853,
        "min_ns": 5389.5,
        "max_ns": 363640.0,
        "variance_ns2": 6470910503.977865,
        "iqr_ns": 35825.1501398822,
        "q1_ns": 9777.312768547608,
        "q3_ns": 45602.46290842981
      },
      "runq_latency_stats_ns": {
        "count": 59.0,
        "sum_ns": 2023271.666666666,
        "mean_ns": 34292.74011299434,
        "median_ns": 9327.013586224257,
        "min_ns": 1090.0,
        "max_ns": 1076822.5,
        "variance_ns2": 20400496587.50792,
        "iqr_ns": 12052.615924470712,
        "q1_ns": 3307.056871949225,
        "q3_ns": 15359.672796419936
      },
      "first_seen_ts_ns": 1749625463311886714,
      "last_seen_ts_ns": 1749625525879642688,
      "duration_active_s": 62.567755974
    },
    {
      "tgid": 1,
      "comm": "pause",
      "cgroup_id": 78695,
      "on_cpu_stats_ns": {
        "count": 2.0,
        "sum_ns": 551850.8888888889,
        "mean_ns": 275925.44444444444,
        "median_ns": 282816.8888888889,
        "min_ns": 269034.0,
        "max_ns": 282816.8888888889,
        "variance_ns2": 94984013.06172822,
        "iqr_ns": 13782.888888888876,
        "q1_ns": 269034.0,
        "q3_ns": 282816.8888888889
      },
      "runq_latency_stats_ns": {
        "count": 2.0,
        "sum_ns": 5115.222222222223,
        "mean_ns": 2557.6111111111113,
        "median_ns": 3583.0,
        "min_ns": 1532.2222222222222,
        "max_ns": 3583.0,
        "variance_ns2": 2102844.7469135798,
        "iqr_ns": 2050.777777777778,
        "q1_ns": 1532.2222222222222,
        "q3_ns": 3583.0
      },
      "first_seen_ts_ns": 1749625482086568315,
      "last_seen_ts_ns": 1749625525879642688,
      "duration_active_s": 43.793074373
    },
    {
      "tgid": 40,
      "comm": "bash",
      "cgroup_id": 78975,
      "on_cpu_stats_ns": {
        "count": 28.0,
        "sum_ns": 408401.3000000001,
        "mean_ns": 14585.760714285718,
        "median_ns": 11016.17796730411,
        "min_ns": 6395.0,
        "max_ns": 36465.0,
        "variance_ns2": 79522216.21062168,
        "iqr_ns": 6622.2214986761355,
        "q1_ns": 9993.393202541287,
        "q3_ns": 16615.614701217422
      },
      "runq_latency_stats_ns": {
        "count": 28.0,
        "sum_ns": 245563.7,
        "mean_ns": 8770.132142857143,
        "median_ns": 9207.283476653472,
        "min_ns": 1786.5,
        "max_ns": 15272.0,
        "variance_ns2": 22377051.06966931,
        "iqr_ns": 9681.586508857321,
        "q1_ns": 3536.0027449422832,
        "q3_ns": 13217.589253799604
      },
      "first_seen_ts_ns": 1749625463207995279,
      "last_seen_ts_ns": 1749625525372856583,
      "duration_active_s": 62.164861304
    },
    {
      "tgid": 225,
      "comm": "xhpcg",
      "cgroup_id": 79045,
      "on_cpu_stats_ns": {
        "count": 32.0,
        "sum_ns": 381979.158933547,
        "mean_ns": 11936.848716673343,
        "median_ns": 10060.170269037242,
        "min_ns": 7399.3125,
        "max_ns": 32360.6875,
        "variance_ns2": 28252155.690117743,
        "iqr_ns": 3022.382559747837,
        "q1_ns": 9578.827348946852,
        "q3_ns": 12601.20990869469
      },
      "runq_latency_stats_ns": {
        "count": 32.0,
        "sum_ns": 162619.2122974928,
        "mean_ns": 5081.85038429665,
        "median_ns": 5228.531797271186,
        "min_ns": 2139.9375,
        "max_ns": 8529.681818181818,
        "variance_ns2": 2745043.0106728924,
        "iqr_ns": 2667.500535660656,
        "q1_ns": 3642.184333650892,
        "q3_ns": 6309.684869311548
      },
      "first_seen_ts_ns": 1749625473132429252,
      "last_seen_ts_ns": 1749625479519310466,
      "duration_active_s": 6.386881214
    },
    {
      "tgid": 65,
      "comm": "bash",
      "cgroup_id": 79045,
      "on_cpu_stats_ns": {
        "count": 1.0,
        "sum_ns": 111662.0,
        "mean_ns": 111662.0,
        "median_ns": 111662.0,
        "min_ns": 111662.0,
        "max_ns": 111662.0,
        "variance_ns2": null,
        "iqr_ns": 0.0,
        "q1_ns": 111662.0,
        "q3_ns": 111662.0
      },
      "runq_latency_stats_ns": {
        "count": 1.0,
        "sum_ns": 9055.0,
        "mean_ns": 9055.0,
        "median_ns": 9055.0,
        "min_ns": 9055.0,
        "max_ns": 9055.0,
        "variance_ns2": null,
        "iqr_ns": 0.0,
        "q1_ns": 9055.0,
        "q3_ns": 9055.0
      },
      "first_seen_ts_ns": 1749625506705512905,
      "last_seen_ts_ns": 1749625506705512905,
      "duration_active_s": 0
    }
  ]
}
[07:05:25] Cleanup complete. Exiting.
