unlimited
PROGRAM: cpu
Looking for /opt/programs/cpu/ebpf-collect.c
[22:19:57] Waiting for start indicator file: '/mnt/flux/start_ebpf_collection'.
[22:19:58] Start indicator found. Proceeding with monitoring.
[22:19:58] Initializing eBPF for CPU Scheduling monitoring...
[22:19:58] BPF C code compiled and loaded.
[22:19:58] Attached tracepoints.
[22:19:58] Monitoring CPU scheduling events (polling aggregated map)... Press Ctrl+C to stop.
[22:21:03] Stop indicator file '/mnt/flux/stop_ebpf_collection' found. Stopping.
[22:21:03] Initiating cleanup sequence...
{
  "final_aggregated_summary_river": [
    {
      "tgid": 250,
      "comm": "python3",
      "cgroup_id": 70632,
      "on_cpu_stats_ns": {
        "count": 227.0,
        "sum_ns": 67246311.57797848,
        "mean_ns": 296239.25805276865,
        "median_ns": 108020.53258387625,
        "min_ns": 3956.0,
        "max_ns": 14858460.0,
        "variance_ns2": 1908690523952.5059,
        "iqr_ns": 369992.2209668533,
        "q1_ns": 25407.797740812555,
        "q3_ns": 395400.01870766585
      },
      "runq_latency_stats_ns": {
        "count": 227.0,
        "sum_ns": 6087918.553519028,
        "mean_ns": 26819.024464841536,
        "median_ns": 15450.61069260201,
        "min_ns": 393.8625,
        "max_ns": 722988.0,
        "variance_ns2": 4153551033.0414424,
        "iqr_ns": 31863.34923420679,
        "q1_ns": 4471.357384010849,
        "q3_ns": 36334.70661821764
      },
      "first_seen_ts_ns": 1749680398976722062,
      "last_seen_ts_ns": 1749680463657588208,
      "duration_active_s": 64.680866146
    },
    {
      "tgid": 202,
      "comm": "python3",
      "cgroup_id": 70562,
      "on_cpu_stats_ns": {
        "count": 301.0,
        "sum_ns": 9675981.12307692,
        "mean_ns": 32146.11668796319,
        "median_ns": 16963.211270792417,
        "min_ns": 2696.0,
        "max_ns": 1195728.0,
        "variance_ns2": 6240774822.203392,
        "iqr_ns": 10344.546281839996,
        "q1_ns": 10993.4354008926,
        "q3_ns": 21337.981682732596
      },
      "runq_latency_stats_ns": {
        "count": 301.0,
        "sum_ns": 4179905.728076924,
        "mean_ns": 13886.729993611043,
        "median_ns": 9519.35892460428,
        "min_ns": 824.0,
        "max_ns": 703595.0,
        "variance_ns2": 1898813630.7534757,
        "iqr_ns": 14634.160417060057,
        "q1_ns": 3801.5522943626943,
        "q3_ns": 18435.71271142275
      },
      "first_seen_ts_ns": 1749680398861045144,
      "last_seen_ts_ns": 1749680463657588208,
      "duration_active_s": 64.796543064
    },
    {
      "tgid": 143,
      "comm": "flux-broker-0",
      "cgroup_id": 70702,
      "on_cpu_stats_ns": {
        "count": 158.0,
        "sum_ns": 5869585.970000002,
        "mean_ns": 37149.27829113925,
        "median_ns": 16754.733190557115,
        "min_ns": 3224.9583333333335,
        "max_ns": 1235669.0,
        "variance_ns2": 11098648425.76951,
        "iqr_ns": 8527.372084604067,
        "q1_ns": 11655.182108523142,
        "q3_ns": 20182.55419312721
      },
      "runq_latency_stats_ns": {
        "count": 158.0,
        "sum_ns": 1991949.4433333324,
        "mean_ns": 12607.274957805901,
        "median_ns": 8553.343630216827,
        "min_ns": 953.0,
        "max_ns": 516113.0,
        "variance_ns2": 1695315248.988516,
        "iqr_ns": 11680.0978482572,
        "q1_ns": 3344.7724470942608,
        "q3_ns": 15024.870295351462
      },
      "first_seen_ts_ns": 1749680398861045144,
      "last_seen_ts_ns": 1749680462429883037,
      "duration_active_s": 63.568837893
    },
    {
      "tgid": 311,
      "comm": "xhpcg",
      "cgroup_id": 70702,
      "on_cpu_stats_ns": {
        "count": 40.0,
        "sum_ns": 625308.0000000001,
        "mean_ns": 15632.700000000003,
        "median_ns": 15088.785857271656,
        "min_ns": 6812.0,
        "max_ns": 24520.0,
        "variance_ns2": 19877519.753846157,
        "iqr_ns": 5115.2155025996435,
        "q1_ns": 13445.798724324355,
        "q3_ns": 18561.014226924
      },
      "runq_latency_stats_ns": {
        "count": 40.0,
        "sum_ns": 257287.00000000006,
        "mean_ns": 6432.175000000001,
        "median_ns": 5584.520723480235,
        "min_ns": 2183.0,
        "max_ns": 18879.0,
        "variance_ns2": 12719180.968589744,
        "iqr_ns": 4134.967570705698,
        "q1_ns": 4204.740720095708,
        "q3_ns": 8339.708290801405
      },
      "first_seen_ts_ns": 1749680398861045144,
      "last_seen_ts_ns": 1749680419866397534,
      "duration_active_s": 21.00535239
    },
    {
      "tgid": 31,
      "comm": "bash",
      "cgroup_id": 70562,
      "on_cpu_stats_ns": {
        "count": 13.0,
        "sum_ns": 468203.0,
        "mean_ns": 36015.61538461538,
        "median_ns": 15682.633333333335,
        "min_ns": 5542.0,
        "max_ns": 171018.0,
        "variance_ns2": 2334917680.0897436,
        "iqr_ns": 27309.40919753087,
        "q1_ns": 8738.986111111111,
        "q3_ns": 36048.39530864198
      },
      "runq_latency_stats_ns": {
        "count": 13.0,
        "sum_ns": 68507.0,
        "mean_ns": 5269.7692307692305,
        "median_ns": 2098.549414210128,
        "min_ns": 994.0,
        "max_ns": 20840.0,
        "variance_ns2": 32420629.025641028,
        "iqr_ns": 3516.903436053241,
        "q1_ns": 1665.8014250578703,
        "q3_ns": 5182.704861111111
      },
      "first_seen_ts_ns": 1749680398861045144,
      "last_seen_ts_ns": 1749680457369872504,
      "duration_active_s": 58.50882736
    },
    {
      "tgid": 1,
      "comm": "pause",
      "cgroup_id": 70422,
      "on_cpu_stats_ns": {
        "count": 2.0,
        "sum_ns": 452038.8888888889,
        "mean_ns": 226019.44444444444,
        "median_ns": 259342.88888888888,
        "min_ns": 192696.0,
        "max_ns": 259342.88888888888,
        "variance_ns2": 2220903899.28395,
        "iqr_ns": 66646.88888888888,
        "q1_ns": 192696.0,
        "q3_ns": 259342.88888888888
      },
      "runq_latency_stats_ns": {
        "count": 2.0,
        "sum_ns": 12354.666666666668,
        "mean_ns": 6177.333333333334,
        "median_ns": 6558.666666666667,
        "min_ns": 5796.0,
        "max_ns": 6558.666666666667,
        "variance_ns2": 290830.2222222228,
        "iqr_ns": 762.666666666667,
        "q1_ns": 5796.0,
        "q3_ns": 6558.666666666667
      },
      "first_seen_ts_ns": 1749680454546710961,
      "last_seen_ts_ns": 1749680463657588208,
      "duration_active_s": 9.110877247
    },
    {
      "tgid": 324,
      "comm": "xhpcg",
      "cgroup_id": 70702,
      "on_cpu_stats_ns": {
        "count": 41.0,
        "sum_ns": 412681.6267857141,
        "mean_ns": 10065.405531358881,
        "median_ns": 10918.504494658673,
        "min_ns": 3772.875,
        "max_ns": 14861.625,
        "variance_ns2": 11315905.538635029,
        "iqr_ns": 5084.636582416852,
        "q1_ns": 8175.59212024625,
        "q3_ns": 13260.228702663102
      },
      "runq_latency_stats_ns": {
        "count": 41.0,
        "sum_ns": 198480.31488095238,
        "mean_ns": 4840.983289779327,
        "median_ns": 5138.324101847491,
        "min_ns": 748.8,
        "max_ns": 7013.375,
        "variance_ns2": 2470920.548727402,
        "iqr_ns": 1078.374984532008,
        "q1_ns": 4647.398275413287,
        "q3_ns": 5725.773259945295
      },
      "first_seen_ts_ns": 1749680400874240383,
      "last_seen_ts_ns": 1749680413871978387,
      "duration_active_s": 12.997738004
    },
    {
      "tgid": 65,
      "comm": "bash",
      "cgroup_id": 70702,
      "on_cpu_stats_ns": {
        "count": 19.0,
        "sum_ns": 261958.391025641,
        "mean_ns": 13787.283738191632,
        "median_ns": 14632.127665740052,
        "min_ns": 3991.0,
        "max_ns": 23281.0,
        "variance_ns2": 40367575.80599314,
        "iqr_ns": 8750.539391487026,
        "q1_ns": 10047.668864685813,
        "q3_ns": 18798.20825617284
      },
      "runq_latency_stats_ns": {
        "count": 19.0,
        "sum_ns": 212304.9903846154,
        "mean_ns": 11173.946862348179,
        "median_ns": 13162.35200617284,
        "min_ns": 1074.375,
        "max_ns": 17796.0,
        "variance_ns2": 31874007.58569987,
        "iqr_ns": 7740.111811029344,
        "q1_ns": 8074.941165161133,
        "q3_ns": 15815.052976190476
      },
      "first_seen_ts_ns": 1749680398976722062,
      "last_seen_ts_ns": 1749680462429883037,
      "duration_active_s": 63.453160975
    },
    {
      "tgid": 308,
      "comm": "xhpcg",
      "cgroup_id": 70702,
      "on_cpu_stats_ns": {
        "count": 1.0,
        "sum_ns": 187647.0,
        "mean_ns": 187647.0,
        "median_ns": 187647.0,
        "min_ns": 187647.0,
        "max_ns": 187647.0,
        "variance_ns2": null,
        "iqr_ns": 0.0,
        "q1_ns": 187647.0,
        "q3_ns": 187647.0
      },
      "runq_latency_stats_ns": {
        "count": 1.0,
        "sum_ns": 3485.0,
        "mean_ns": 3485.0,
        "median_ns": 3485.0,
        "min_ns": 3485.0,
        "max_ns": 3485.0,
        "variance_ns2": null,
        "iqr_ns": 0.0,
        "q1_ns": 3485.0,
        "q3_ns": 3485.0
      },
      "first_seen_ts_ns": 1749680419239746385,
      "last_seen_ts_ns": 1749680419239746385,
      "duration_active_s": 0
    },
    {
      "tgid": 304,
      "comm": "xhpcg",
      "cgroup_id": 70702,
      "on_cpu_stats_ns": {
        "count": 1.0,
        "sum_ns": 30714.0,
        "mean_ns": 30714.0,
        "median_ns": 30714.0,
        "min_ns": 30714.0,
        "max_ns": 30714.0,
        "variance_ns2": null,
        "iqr_ns": 0.0,
        "q1_ns": 30714.0,
        "q3_ns": 30714.0
      },
      "runq_latency_stats_ns": {
        "count": 1.0,
        "sum_ns": 3681.0,
        "mean_ns": 3681.0,
        "median_ns": 3681.0,
        "min_ns": 3681.0,
        "max_ns": 3681.0,
        "variance_ns2": null,
        "iqr_ns": 0.0,
        "q1_ns": 3681.0,
        "q3_ns": 3681.0
      },
      "first_seen_ts_ns": 1749680417554571041,
      "last_seen_ts_ns": 1749680417554571041,
      "duration_active_s": 0
    }
  ]
}
[22:21:03] Cleanup complete. Exiting.
