unlimited
PROGRAM: cpu
Looking for /opt/programs/cpu/ebpf-collect.c
[00:40:20] Waiting for start indicator file: '/mnt/flux/start_ebpf_collection'.
[00:40:22] Start indicator found. Proceeding with monitoring.
[00:40:22] Initializing eBPF for CPU Scheduling monitoring...
[00:40:22] BPF C code compiled and loaded.
[00:40:22] Attached tracepoints.
[00:40:22] Monitoring CPU scheduling events (polling aggregated map)... Press Ctrl+C to stop.
[00:41:23] Stop indicator file '/mnt/flux/stop_ebpf_collection' found. Stopping.
[00:41:23] Initiating cleanup sequence...
{
  "final_aggregated_summary_river": [
    {
      "tgid": 202,
      "comm": "python3",
      "cgroup_id": 89140,
      "on_cpu_stats_ns": {
        "count": 272.0,
        "sum_ns": 7708774.000757578,
        "mean_ns": 28341.080885138155,
        "median_ns": 16674.925845593883,
        "min_ns": 2910.0,
        "max_ns": 377778.0,
        "variance_ns2": 1928238777.6116142,
        "iqr_ns": 10142.818363434802,
        "q1_ns": 10270.081833005708,
        "q3_ns": 20412.90019644051
      },
      "runq_latency_stats_ns": {
        "count": 272.0,
        "sum_ns": 3061481.9171212115,
        "mean_ns": 11255.448224710337,
        "median_ns": 11344.732238649996,
        "min_ns": 693.0,
        "max_ns": 144660.0,
        "variance_ns2": 150566511.1472894,
        "iqr_ns": 14739.094057057107,
        "q1_ns": 3879.836984072823,
        "q3_ns": 18618.93104112993
      },
      "first_seen_ts_ns": 1749775222521023620,
      "last_seen_ts_ns": 1749775283447521976,
      "duration_active_s": 60.926498356
    },
    {
      "tgid": 143,
      "comm": "flux-broker-0",
      "cgroup_id": 89280,
      "on_cpu_stats_ns": {
        "count": 130.0,
        "sum_ns": 3530785.5366666643,
        "mean_ns": 27159.888743589727,
        "median_ns": 16404.391953997325,
        "min_ns": 3581.6666666666665,
        "max_ns": 234309.0,
        "variance_ns2": 1564115539.6575258,
        "iqr_ns": 14954.224646847544,
        "q1_ns": 11990.856489417902,
        "q3_ns": 26945.081136265446
      },
      "runq_latency_stats_ns": {
        "count": 130.0,
        "sum_ns": 1392273.575,
        "mean_ns": 10709.79673076923,
        "median_ns": 10251.487779049086,
        "min_ns": 819.0,
        "max_ns": 41437.0,
        "variance_ns2": 64084471.30979617,
        "iqr_ns": 11742.209219719636,
        "q1_ns": 3792.5595510220137,
        "q3_ns": 15534.76877074165
      },
      "first_seen_ts_ns": 1749775222521023620,
      "last_seen_ts_ns": 1749775280209164231,
      "duration_active_s": 57.688140611
    },
    {
      "tgid": 250,
      "comm": "python3",
      "cgroup_id": 89210,
      "on_cpu_stats_ns": {
        "count": 35.0,
        "sum_ns": 1415010.2699275364,
        "mean_ns": 40428.86485507247,
        "median_ns": 15041.650731506517,
        "min_ns": 4578.0,
        "max_ns": 197918.5,
        "variance_ns2": 3538550391.2379236,
        "iqr_ns": 21224.967188030583,
        "q1_ns": 12764.763912826545,
        "q3_ns": 33989.73110085713
      },
      "runq_latency_stats_ns": {
        "count": 35.0,
        "sum_ns": 986652.2934782609,
        "mean_ns": 28190.06552795031,
        "median_ns": 4491.44274450114,
        "min_ns": 827.0,
        "max_ns": 715592.0,
        "variance_ns2": 14367994458.421389,
        "iqr_ns": 15095.22920459625,
        "q1_ns": 1821.2852884012057,
        "q3_ns": 16916.514492997456
      },
      "first_seen_ts_ns": 1749775222521023620,
      "last_seen_ts_ns": 1749775280209164231,
      "duration_active_s": 57.688140611
    },
    {
      "tgid": 309,
      "comm": "xhpcg",
      "cgroup_id": 89280,
      "on_cpu_stats_ns": {
        "count": 42.0,
        "sum_ns": 690610.0,
        "mean_ns": 16443.095238095237,
        "median_ns": 16691.794920163444,
        "min_ns": 4942.0,
        "max_ns": 31946.0,
        "variance_ns2": 27248622.96631823,
        "iqr_ns": 5496.034636453251,
        "q1_ns": 14311.185733637625,
        "q3_ns": 19807.220370090876
      },
      "runq_latency_stats_ns": {
        "count": 42.0,
        "sum_ns": 393498.9999999999,
        "mean_ns": 9369.023809523807,
        "median_ns": 5000.294950672228,
        "min_ns": 1458.0,
        "max_ns": 103842.0,
        "variance_ns2": 369414776.3652728,
        "iqr_ns": 3862.580531267165,
        "q1_ns": 3322.1384010897887,
        "q3_ns": 7184.718932356954
      },
      "first_seen_ts_ns": 1749775222521023620,
      "last_seen_ts_ns": 1749775244027537889,
      "duration_active_s": 21.506514269
    },
    {
      "tgid": 322,
      "comm": "xhpcg",
      "cgroup_id": 89280,
      "on_cpu_stats_ns": {
        "count": 62.0,
        "sum_ns": 588522.792261905,
        "mean_ns": 9492.303100998468,
        "median_ns": 9482.123776724664,
        "min_ns": 3347.875,
        "max_ns": 16641.125,
        "variance_ns2": 7187978.866970686,
        "iqr_ns": 2453.642297511311,
        "q1_ns": 8544.059565932763,
        "q3_ns": 10997.701863444074
      },
      "runq_latency_stats_ns": {
        "count": 62.0,
        "sum_ns": 279351.1738095237,
        "mean_ns": 4505.664093701995,
        "median_ns": 4488.286280719011,
        "min_ns": 623.375,
        "max_ns": 7257.0,
        "variance_ns2": 1515481.2861463418,
        "iqr_ns": 1445.001453161668,
        "q1_ns": 3789.1844582202084,
        "q3_ns": 5234.185911381876
      },
      "first_seen_ts_ns": 1749775224329849722,
      "last_seen_ts_ns": 1749775236679930998,
      "duration_active_s": 12.350081276
    },
    {
      "tgid": 1,
      "comm": "pause",
      "cgroup_id": 88930,
      "on_cpu_stats_ns": {
        "count": 2.0,
        "sum_ns": 368407.0,
        "mean_ns": 184203.5,
        "median_ns": 184518.0,
        "min_ns": 183889.0,
        "max_ns": 184518.0,
        "variance_ns2": 197820.5,
        "iqr_ns": 629.0,
        "q1_ns": 183889.0,
        "q3_ns": 184518.0
      },
      "runq_latency_stats_ns": {
        "count": 2.0,
        "sum_ns": 11776.666666666668,
        "mean_ns": 5888.333333333334,
        "median_ns": 7360.666666666667,
        "min_ns": 4416.0,
        "max_ns": 7360.666666666667,
        "variance_ns2": 4335530.888888891,
        "iqr_ns": 2944.666666666667,
        "q1_ns": 4416.0,
        "q3_ns": 7360.666666666667
      },
      "first_seen_ts_ns": 1749775277399862902,
      "last_seen_ts_ns": 1749775283447521976,
      "duration_active_s": 6.047659074
    },
    {
      "tgid": 65,
      "comm": "bash",
      "cgroup_id": 89280,
      "on_cpu_stats_ns": {
        "count": 20.0,
        "sum_ns": 281636.5064102563,
        "mean_ns": 14081.825320512817,
        "median_ns": 13237.759096868569,
        "min_ns": 4601.423076923077,
        "max_ns": 26612.0,
        "variance_ns2": 43037073.5275999,
        "iqr_ns": 10514.572487419655,
        "q1_ns": 8892.900291666667,
        "q3_ns": 19407.47277908632
      },
      "runq_latency_stats_ns": {
        "count": 20.0,
        "sum_ns": 194238.6410256411,
        "mean_ns": 9711.932051282054,
        "median_ns": 12903.737168460648,
        "min_ns": 977.3333333333334,
        "max_ns": 16493.0,
        "variance_ns2": 32615206.217171878,
        "iqr_ns": 12173.788939349402,
        "q1_ns": 3092.175277777778,
        "q3_ns": 15265.96421712718
      },
      "first_seen_ts_ns": 1749775222521023620,
      "last_seen_ts_ns": 1749775280107514298,
      "duration_active_s": 57.586490678
    },
    {
      "tgid": 31,
      "comm": "bash",
      "cgroup_id": 89140,
      "on_cpu_stats_ns": {
        "count": 9.0,
        "sum_ns": 213908.00000000003,
        "mean_ns": 23767.55555555556,
        "median_ns": 19566.0,
        "min_ns": 9825.0,
        "max_ns": 43316.0,
        "variance_ns2": 173591689.52777776,
        "iqr_ns": 9862.763888888887,
        "q1_ns": 14404.125,
        "q3_ns": 24266.888888888887
      },
      "runq_latency_stats_ns": {
        "count": 9.0,
        "sum_ns": 38991.0,
        "mean_ns": 4332.333333333333,
        "median_ns": 3179.0,
        "min_ns": 1524.0,
        "max_ns": 8996.0,
        "variance_ns2": 5701386.249999999,
        "iqr_ns": 2079.25,
        "q1_ns": 2804.625,
        "q3_ns": 4883.875
      },
      "first_seen_ts_ns": 1749775223049863694,
      "last_seen_ts_ns": 1749775263339874162,
      "duration_active_s": 40.290010468
    }
  ]
}
[00:41:23] Cleanup complete. Exiting.
