ln: failed to create symbolic link '/mnt/flux/view/lib/python': File exists
ln: failed to create symbolic link '/mnt/flux/view/lib/python3': File exists
unlimited
PROGRAM: futex
Looking for /opt/programs/futex/ebpf-collect.c
[07:22:01] Starting eBPF (Tracepoints for futex syscalls).
[07:22:02] BPF program loaded and tracepoints automatically attached.
[07:22:02] Start Indicator file defined '/mnt/flux/start_ebpf_collection'. Waiting.
[07:22:02] Start indicator found. Proceeding.
[07:22:02] Ring buffers opened. Polling for events...
[07:23:07] 
Indicator file '/mnt/flux/stop_ebpf_collection' found. Stopping.
[07:23:07] Cleaning up BPF resources...
{
  "final_aggregated_futex_summary_river": [
    {
      "tgid": 2300,
      "comm": "containerd",
      "cgroup_id": 4085,
      "wait_duration_stats_ns": {
        "count": 5053.0,
        "sum": 518910805287.0018,
        "mean": 102693608.80407713,
        "median": 371966.4859131161,
        "min": 505,
        "max": 14055714584,
        "variance_ns2": 3.748454630204123e+17,
        "iqr_ns": 60457122.203920595,
        "q1_ns": 104263.10437652761,
        "q3_ns": 60561385.30829712
      },
      "futex_op_counts": {
        "128": 5053
      },
      "first_seen_ts_ns": 12933488865838,
      "last_seen_ts_ns": 12997506669151
    },
    {
      "tgid": 2333,
      "comm": "kubelet",
      "cgroup_id": 4138,
      "wait_duration_stats_ns": {
        "count": 6664.0,
        "sum": 487770468297.0,
        "mean": 73194848.18382353,
        "median": 16548676.387328232,
        "min": 451,
        "max": 37365693229,
        "variance_ns2": 7.35221409063784e+17,
        "iqr_ns": 37846308.532234974,
        "q1_ns": 1535018.1095972443,
        "q3_ns": 39381326.64183222
      },
      "futex_op_counts": {
        "128": 6664
      },
      "first_seen_ts_ns": 12933506937667,
      "last_seen_ts_ns": 12997681083252
    },
    {
      "tgid": 2420,
      "comm": "containerd-shim",
      "cgroup_id": 4085,
      "wait_duration_stats_ns": {
        "count": 906.0,
        "sum": 430515783813.00037,
        "mean": 475182984.34106,
        "median": 606189.0352255807,
        "min": 569,
        "max": 18906794227,
        "variance_ns2": 3.2451575170500844e+18,
        "iqr_ns": 8777600.154003406,
        "q1_ns": 105457.4076360442,
        "q3_ns": 8883057.56163945
      },
      "futex_op_counts": {
        "128": 906
      },
      "first_seen_ts_ns": 12933488635777,
      "last_seen_ts_ns": 12995634983975
    },
    {
      "tgid": 3642,
      "comm": "coredns",
      "cgroup_id": 5786,
      "wait_duration_stats_ns": {
        "count": 600.0,
        "sum": 355498206632.0003,
        "mean": 592497011.0533339,
        "median": 218559948.3522457,
        "min": 671,
        "max": 42991322874,
        "variance_ns2": 4.0929244416232443e+18,
        "iqr_ns": 974051115.58993,
        "q1_ns": 201205.52888370756,
        "q3_ns": 974252321.1188138
      },
      "futex_op_counts": {
        "128": 600
      },
      "first_seen_ts_ns": 12933882466606,
      "last_seen_ts_ns": 12997251756602
    },
    {
      "tgid": 224326,
      "comm": "containerd-shim",
      "cgroup_id": 4085,
      "wait_duration_stats_ns": {
        "count": 298.0,
        "sum": 315997164871.99963,
        "mean": 1060393170.7114081,
        "median": 13908339.450438162,
        "min": 504,
        "max": 30000725634,
        "variance_ns2": 1.3197901028622158e+19,
        "iqr_ns": 233292050.88470864,
        "q1_ns": 508305.2012255768,
        "q3_ns": 233800356.08593422
      },
      "futex_op_counts": {
        "128": 298
      },
      "first_seen_ts_ns": 12933791127308,
      "last_seen_ts_ns": 12997737220162
    },
    {
      "tgid": 3605,
      "comm": "coredns",
      "cgroup_id": 5716,
      "wait_duration_stats_ns": {
        "count": 613.0,
        "sum": 310992468894.0,
        "mean": 507328660.51223487,
        "median": 205942627.15673164,
        "min": 934,
        "max": 12024472902,
        "variance_ns2": 1.0374731907918124e+18,
        "iqr_ns": 819767379.0418714,
        "q1_ns": 387923.514499088,
        "q3_ns": 820155302.5563705
      },
      "futex_op_counts": {
        "128": 613
      },
      "first_seen_ts_ns": 12933847123235,
      "last_seen_ts_ns": 12997252275367
    },
    {
      "tgid": 224170,
      "comm": "containerd-shim",
      "cgroup_id": 4085,
      "wait_duration_stats_ns": {
        "count": 96.0,
        "sum": 305615361816.00006,
        "mean": 3183493352.2500005,
        "median": 356407452.44649446,
        "min": 737,
        "max": 30000212919,
        "variance_ns2": 4.525118603234108e+19,
        "iqr_ns": 3748113976.0771914,
        "q1_ns": 13253827.602016566,
        "q3_ns": 3761367803.679208
      },
      "futex_op_counts": {
        "128": 96
      },
      "first_seen_ts_ns": 12933760106456,
      "last_seen_ts_ns": 12995641584974
    },
    {
      "tgid": 3803,
      "comm": "metrics-server",
      "cgroup_id": 5856,
      "wait_duration_stats_ns": {
        "count": 1340.0,
        "sum": 293638306637.9996,
        "mean": 219133064.65522355,
        "median": 113634740.51414283,
        "min": 674,
        "max": 29999836188,
        "variance_ns2": 1.1397141409909807e+18,
        "iqr_ns": 251315961.0511778,
        "q1_ns": 16989960.79606638,
        "q3_ns": 268305921.84724417
      },
      "futex_op_counts": {
        "128": 1340
      },
      "first_seen_ts_ns": 12933953226373,
      "last_seen_ts_ns": 12997683515455
    },
    {
      "tgid": 3811,
      "comm": "metrics-server",
      "cgroup_id": 5926,
      "wait_duration_stats_ns": {
        "count": 1321.0,
        "sum": 292880276446.00006,
        "mean": 221711034.40272525,
        "median": 123701561.55707319,
        "min": 3615,
        "max": 41180480487,
        "variance_ns2": 1.5911630497650227e+18,
        "iqr_ns": 95074171.34370066,
        "q1_ns": 71106675.7746519,
        "q3_ns": 166180847.11835256
      },
      "futex_op_counts": {
        "128": 1321
      },
      "first_seen_ts_ns": 12933709543875,
      "last_seen_ts_ns": 12997709996718
    },
    {
      "tgid": 2837,
      "comm": "aws-k8s-agent",
      "cgroup_id": 5016,
      "wait_duration_stats_ns": {
        "count": 430.0,
        "sum": 246074663603.99997,
        "mean": 572266659.544186,
        "median": 4328484.47460545,
        "min": 1089,
        "max": 18483786531,
        "variance_ns2": 2.898885046605031e+18,
        "iqr_ns": 484582384.18773896,
        "q1_ns": 533859.3759479548,
        "q3_ns": 485116243.5636869
      },
      "futex_op_counts": {
        "128": 430
      },
      "first_seen_ts_ns": 12933567756845,
      "last_seen_ts_ns": 12995642038284
    },
    {
      "tgid": 4733,
      "comm": "containerd-shim",
      "cgroup_id": 4085,
      "wait_duration_stats_ns": {
        "count": 127.0,
        "sum": 244865010740.0,
        "mean": 1928070950.7086613,
        "median": 53970271.2119001,
        "min": 647,
        "max": 30005023903,
        "variance_ns2": 2.0473340510856163e+19,
        "iqr_ns": 1500172881.1670458,
        "q1_ns": 1413192.6354412893,
        "q3_ns": 1501586073.8024871
      },
      "futex_op_counts": {
        "128": 127
      },
      "first_seen_ts_ns": 12934014441961,
      "last_seen_ts_ns": 12995638908606
    },
    {
      "tgid": 3130,
      "comm": "containerd-shim",
      "cgroup_id": 4085,
      "wait_duration_stats_ns": {
        "count": 68.0,
        "sum": 244861343016.99997,
        "mean": 3600902103.191176,
        "median": 1946409003.888021,
        "min": 577,
        "max": 29998093299,
        "variance_ns2": 3.471122083167241e+19,
        "iqr_ns": 3151342392.28798,
        "q1_ns": 67452359.20450836,
        "q3_ns": 3218794751.4924884
      },
      "futex_op_counts": {
        "128": 68
      },
      "first_seen_ts_ns": 12934170650437,
      "last_seen_ts_ns": 12995637008998
    },
    {
      "tgid": 4878,
      "comm": "manager",
      "cgroup_id": 6254,
      "wait_duration_stats_ns": {
        "count": 618.0,
        "sum": 238315607529.99994,
        "mean": 385623960.40453064,
        "median": 202726329.60971668,
        "min": 12661,
        "max": 37357090735,
        "variance_ns2": 2.6247355105529426e+18,
        "iqr_ns": 489231395.70853245,
        "q1_ns": 10702786.256565116,
        "q3_ns": 499934181.96509755
      },
      "futex_op_counts": {
        "128": 618
      },
      "first_seen_ts_ns": 12934126203158,
      "last_seen_ts_ns": 12997626225855
    },
    {
      "tgid": 3533,
      "comm": "containerd-shim",
      "cgroup_id": 4085,
      "wait_duration_stats_ns": {
        "count": 71.0,
        "sum": 214893693192.99994,
        "mean": 3026671735.112675,
        "median": 967594840.2570976,
        "min": 563,
        "max": 29999032642,
        "variance_ns2": 2.5976349614816023e+19,
        "iqr_ns": 3884543935.4103,
        "q1_ns": 49963489.90287247,
        "q3_ns": 3934507425.3131723
      },
      "futex_op_counts": {
        "128": 71
      },
      "first_seen_ts_ns": 12934165382174,
      "last_seen_ts_ns": 12995640941236
    },
    {
      "tgid": 3455,
      "comm": "containerd-shim",
      "cgroup_id": 4085,
      "wait_duration_stats_ns": {
        "count": 73.0,
        "sum": 214856336787.00006,
        "mean": 2943237490.2328777,
        "median": 930222223.0756754,
        "min": 24358,
        "max": 29997929364,
        "variance_ns2": 2.4015634718933737e+19,
        "iqr_ns": 4554737662.644817,
        "q1_ns": 63165848.802948,
        "q3_ns": 4617903511.447765
      },
      "futex_op_counts": {
        "128": 73
      },
      "first_seen_ts_ns": 12934171441415,
      "last_seen_ts_ns": 12995637645853
    },
    {
      "tgid": 3458,
      "comm": "containerd-shim",
      "cgroup_id": 4085,
      "wait_duration_stats_ns": {
        "count": 70.0,
        "sum": 214845404705.99994,
        "mean": 3069220067.2285705,
        "median": 1361712335.1162336,
        "min": 862,
        "max": 29997523370,
        "variance_ns2": 2.4960507898766885e+19,
        "iqr_ns": 3568296125.4599204,
        "q1_ns": 49055450.985306144,
        "q3_ns": 3617351576.4452267
      },
      "futex_op_counts": {
        "128": 70
      },
      "first_seen_ts_ns": 12934172508059,
      "last_seen_ts_ns": 12995638263966
    },
    {
      "tgid": 2421,
      "comm": "containerd-shim",
      "cgroup_id": 4085,
      "wait_duration_stats_ns": {
        "count": 62.0,
        "sum": 214832179806.99994,
        "mean": 3465035158.177418,
        "median": 977538092.5340762,
        "min": 1075,
        "max": 29992891564,
        "variance_ns2": 2.690638092012058e+19,
        "iqr_ns": 5759782014.613116,
        "q1_ns": 113546069.65660128,
        "q3_ns": 5873328084.269717
      },
      "futex_op_counts": {
        "128": 62
      },
      "first_seen_ts_ns": 12934166857313,
      "last_seen_ts_ns": 12995633665017
    },
    {
      "tgid": 2559,
      "comm": "kube-proxy",
      "cgroup_id": 4876,
      "wait_duration_stats_ns": {
        "count": 76.0,
        "sum": 180701924942.99997,
        "mean": 2377656907.1447363,
        "median": 1326182275.1754384,
        "min": 729,
        "max": 30002412350,
        "variance_ns2": 2.2184209819094303e+19,
        "iqr_ns": 3220829859.2830887,
        "q1_ns": 2930502.204788365,
        "q3_ns": 3223760361.487877
      },
      "futex_op_counts": {
        "128": 76
      },
      "first_seen_ts_ns": 12939412293387,
      "last_seen_ts_ns": 12997256439683
    },
    {
      "tgid": 2966,
      "comm": "controller",
      "cgroup_id": 5086,
      "wait_duration_stats_ns": {
        "count": 269.0,
        "sum": 177607800617.00003,
        "mean": 660252046.9033458,
        "median": 494783162.5625775,
        "min": 470994,
        "max": 10003077567,
        "variance_ns2": 1.6703532267421158e+18,
        "iqr_ns": 9569925.48944801,
        "q1_ns": 489989584.6934857,
        "q3_ns": 499559510.1829337
      },
      "futex_op_counts": {
        "128": 269
      },
      "first_seen_ts_ns": 12934415236812,
      "last_seen_ts_ns": 12997415266016
    },
    {
      "tgid": 2321,
      "comm": "ssm-agent-worke",
      "cgroup_id": 3429,
      "wait_duration_stats_ns": {
        "count": 103.0,
        "sum": 175688137493.00003,
        "mean": 1705710072.7475731,
        "median": 1269827288.4494646,
        "min": 22644,
        "max": 30631599785,
        "variance_ns2": 1.1402362268096602e+19,
        "iqr_ns": 1406320382.2038386,
        "q1_ns": 677673214.9614825,
        "q3_ns": 2083993597.165321
      },
      "futex_op_counts": {
        "128": 103
      },
      "first_seen_ts_ns": 12935094906736,
      "last_seen_ts_ns": 12996541287331
    },
    {
      "tgid": 4819,
      "comm": "kube-rbac-proxy",
      "cgroup_id": 6184,
      "wait_duration_stats_ns": {
        "count": 31.0,
        "sum": 164992423366.99997,
        "mean": 5322336237.645161,
        "median": 5033375532.998054,
        "min": 4997508416,
        "max": 14998945699,
        "variance_ns2": 3.225269449636406e+18,
        "iqr_ns": 212012904.53227425,
        "q1_ns": 5001976246.97967,
        "q3_ns": 5213989151.511944
      },
      "futex_op_counts": {
        "128": 31
      },
      "first_seen_ts_ns": 12942759129158,
      "last_seen_ts_ns": 12992758506503
    },
    {
      "tgid": 224978,
      "comm": "xhpcg",
      "cgroup_id": 85515,
      "wait_duration_stats_ns": {
        "count": 3812.0,
        "sum": 8174809638.000032,
        "mean": 2144493.6091290745,
        "median": 1819250.0539383653,
        "min": 2379,
        "max": 62307903,
        "variance_ns2": 4251851156854.9404,
        "iqr_ns": 1714899.3222617677,
        "q1_ns": 1510011.3437426125,
        "q3_ns": 3224910.66600438
      },
      "futex_op_counts": {
        "128": 3812
      },
      "first_seen_ts_ns": 12934401722817,
      "last_seen_ts_ns": 12953263384554
    },
    {
      "tgid": 224980,
      "comm": "xhpcg",
      "cgroup_id": 85515,
      "wait_duration_stats_ns": {
        "count": 3499.0,
        "sum": 7844645476.000002,
        "mean": 2241967.841097457,
        "median": 1788605.0527237386,
        "min": 23770,
        "max": 66283056,
        "variance_ns2": 5295931374194.855,
        "iqr_ns": 2565336.5293587763,
        "q1_ns": 1499193.1059680646,
        "q3_ns": 4064529.635326841
      },
      "futex_op_counts": {
        "128": 3499
      },
      "first_seen_ts_ns": 12934400689701,
      "last_seen_ts_ns": 12953263417033
    },
    {
      "tgid": 224981,
      "comm": "xhpcg",
      "cgroup_id": 85515,
      "wait_duration_stats_ns": {
        "count": 3411.0,
        "sum": 7583286161.999991,
        "mean": 2223185.623570798,
        "median": 1699309.7651402177,
        "min": 18760,
        "max": 61289910,
        "variance_ns2": 5595456817023.93,
        "iqr_ns": 2663256.9644515514,
        "q1_ns": 1426048.6671780003,
        "q3_ns": 4089305.6316295518
      },
      "futex_op_counts": {
        "128": 3411
      },
      "first_seen_ts_ns": 12934400914037,
      "last_seen_ts_ns": 12953263372708
    },
    {
      "tgid": 224979,
      "comm": "xhpcg",
      "cgroup_id": 85515,
      "wait_duration_stats_ns": {
        "count": 3398.0,
        "sum": 7575725427.000002,
        "mean": 2229465.9879340795,
        "median": 1693659.0976014012,
        "min": 8434,
        "max": 54422143,
        "variance_ns2": 5298633972725.053,
        "iqr_ns": 2545519.9589894167,
        "q1_ns": 1455568.6776527571,
        "q3_ns": 4001088.636642174
      },
      "futex_op_counts": {
        "128": 3398
      },
      "first_seen_ts_ns": 12934386470119,
      "last_seen_ts_ns": 12953263383351
    },
    {
      "tgid": 225095,
      "comm": "xhpcg",
      "cgroup_id": 85515,
      "wait_duration_stats_ns": {
        "count": 3659.0,
        "sum": 6685400564.999994,
        "mean": 1827111.3869909795,
        "median": 1662271.9710019638,
        "min": 17192,
        "max": 52608139,
        "variance_ns2": 2271271173677.649,
        "iqr_ns": 573453.913236768,
        "q1_ns": 1476563.2694121639,
        "q3_ns": 2050017.1826489319
      },
      "futex_op_counts": {
        "128": 3659
      },
      "first_seen_ts_ns": 12953874964016,
      "last_seen_ts_ns": 12972530125219
    },
    {
      "tgid": 225093,
      "comm": "xhpcg",
      "cgroup_id": 85515,
      "wait_duration_stats_ns": {
        "count": 3557.0,
        "sum": 6632210063.000009,
        "mean": 1864551.6061287627,
        "median": 1677142.6367337964,
        "min": 22271,
        "max": 54068583,
        "variance_ns2": 2519962714614.7534,
        "iqr_ns": 573385.4879126139,
        "q1_ns": 1489916.5110361003,
        "q3_ns": 2063301.9989487142
      },
      "futex_op_counts": {
        "128": 3557
      },
      "first_seen_ts_ns": 12953875418109,
      "last_seen_ts_ns": 12972530045989
    },
    {
      "tgid": 225096,
      "comm": "xhpcg",
      "cgroup_id": 85515,
      "wait_duration_stats_ns": {
        "count": 3583.0,
        "sum": 6627615335.000011,
        "mean": 1849739.1389896767,
        "median": 1655908.3365668105,
        "min": 24519,
        "max": 54850188,
        "variance_ns2": 2520988600135.1797,
        "iqr_ns": 501217.7792884996,
        "q1_ns": 1487905.6144128677,
        "q3_ns": 1989123.3937013673
      },
      "futex_op_counts": {
        "128": 3583
      },
      "first_seen_ts_ns": 12953876598353,
      "last_seen_ts_ns": 12972530098619
    },
    {
      "tgid": 225094,
      "comm": "xhpcg",
      "cgroup_id": 85515,
      "wait_duration_stats_ns": {
        "count": 3521.0,
        "sum": 6603465698.99999,
        "mean": 1875451.7747798893,
        "median": 1650110.1413657975,
        "min": 48069,
        "max": 57254606,
        "variance_ns2": 2748417613938.855,
        "iqr_ns": 598465.515386316,
        "q1_ns": 1499831.3685059682,
        "q3_ns": 2098296.8838922842
      },
      "futex_op_counts": {
        "128": 3521
      },
      "first_seen_ts_ns": 12953876135485,
      "last_seen_ts_ns": 12972530039169
    },
    {
      "tgid": 225188,
      "comm": "xhpcg",
      "cgroup_id": 85515,
      "wait_duration_stats_ns": {
        "count": 3129.0,
        "sum": 5620710213.000003,
        "mean": 1796327.9683604995,
        "median": 1608692.9731632199,
        "min": 40104,
        "max": 58986956,
        "variance_ns2": 2700825981634.2866,
        "iqr_ns": 458972.8708408063,
        "q1_ns": 1493196.085603107,
        "q3_ns": 1952168.9564439133
      },
      "futex_op_counts": {
        "128": 3129
      },
      "first_seen_ts_ns": 12973151741885,
      "last_seen_ts_ns": 12989824011594
    },
    {
      "tgid": 225191,
      "comm": "xhpcg",
      "cgroup_id": 85515,
      "wait_duration_stats_ns": {
        "count": 3225.0,
        "sum": 5594243453.99999,
        "mean": 1734649.1330232527,
        "median": 1625384.7720739176,
        "min": 48529,
        "max": 55802544,
        "variance_ns2": 2001213450309.478,
        "iqr_ns": 502233.19291809294,
        "q1_ns": 1468346.8659995773,
        "q3_ns": 1970580.0589176703
      },
      "futex_op_counts": {
        "128": 3225
      },
      "first_seen_ts_ns": 12973143862212,
      "last_seen_ts_ns": 12989823941134
    },
    {
      "tgid": 225189,
      "comm": "xhpcg",
      "cgroup_id": 85515,
      "wait_duration_stats_ns": {
        "count": 3235.0,
        "sum": 5557936958.0,
        "mean": 1718063.9746522412,
        "median": 1602570.643806446,
        "min": 18765,
        "max": 61206907,
        "variance_ns2": 2154740874823.744,
        "iqr_ns": 439641.6491023088,
        "q1_ns": 1458835.0184862474,
        "q3_ns": 1898476.6675885562
      },
      "futex_op_counts": {
        "128": 3235
      },
      "first_seen_ts_ns": 12973144063783,
      "last_seen_ts_ns": 12989823995684
    },
    {
      "tgid": 225190,
      "comm": "xhpcg",
      "cgroup_id": 85515,
      "wait_duration_stats_ns": {
        "count": 3181.0,
        "sum": 5533367568.999999,
        "mean": 1739505.680289217,
        "median": 1600925.9194325195,
        "min": 17208,
        "max": 55633236,
        "variance_ns2": 2284236788489.7793,
        "iqr_ns": 382375.61811282905,
        "q1_ns": 1452244.22158558,
        "q3_ns": 1834619.839698409
      },
      "futex_op_counts": {
        "128": 3181
      },
      "first_seen_ts_ns": 12973143748423,
      "last_seen_ts_ns": 12989824061627
    },
    {
      "tgid": 2213,
      "comm": "amazon-ssm-agen",
      "cgroup_id": 3429,
      "wait_duration_stats_ns": {
        "count": 18.0,
        "sum": 3989510776.0,
        "mean": 221639487.55555555,
        "median": 38524877.14425927,
        "min": 872,
        "max": 997915248,
        "variance_ns2": 1.813503090192113e+17,
        "iqr_ns": 184609822.35853142,
        "q1_ns": 5215058.054125002,
        "q3_ns": 189824880.41265643
      },
      "futex_op_counts": {
        "128": 18
      },
      "first_seen_ts_ns": 12950642544591,
      "last_seen_ts_ns": 12951661044003
    },
    {
      "tgid": 225279,
      "comm": "runc",
      "cgroup_id": 4085,
      "wait_duration_stats_ns": {
        "count": 260.0,
        "sum": 1124742100.0,
        "mean": 4325931.153846154,
        "median": 251605.12120916104,
        "min": 630,
        "max": 138736923,
        "variance_ns2": 410696275127785.2,
        "iqr_ns": 1785174.3942940058,
        "q1_ns": 39692.34689565512,
        "q3_ns": 1824866.741189661
      },
      "futex_op_counts": {
        "128": 260
      },
      "first_seen_ts_ns": 12984540176182,
      "last_seen_ts_ns": 12984688659809
    },
    {
      "tgid": 225225,
      "comm": "runc",
      "cgroup_id": 4085,
      "wait_duration_stats_ns": {
        "count": 283.0,
        "sum": 1090258051.0,
        "mean": 3852501.9469964663,
        "median": 216456.72207000852,
        "min": 7075,
        "max": 105461387,
        "variance_ns2": 350109223455977.44,
        "iqr_ns": 2059543.5502324088,
        "q1_ns": 33229.486876754934,
        "q3_ns": 2092773.0371091638
      },
      "futex_op_counts": {
        "128": 283
      },
      "first_seen_ts_ns": 12974538833708,
      "last_seen_ts_ns": 12974658427546
    },
    {
      "tgid": 225200,
      "comm": "runc",
      "cgroup_id": 4085,
      "wait_duration_stats_ns": {
        "count": 225.0,
        "sum": 1019562863.0,
        "mean": 4531390.502222222,
        "median": 318536.0490200865,
        "min": 4108,
        "max": 125629911,
        "variance_ns2": 459384421092650.1,
        "iqr_ns": 1448032.5959377957,
        "q1_ns": 36263.7617300458,
        "q3_ns": 1484296.3576678415
      },
      "futex_op_counts": {
        "128": 225
      },
      "first_seen_ts_ns": 12973493700361,
      "last_seen_ts_ns": 12973628161036
    },
    {
      "tgid": 224990,
      "comm": "runc",
      "cgroup_id": 4085,
      "wait_duration_stats_ns": {
        "count": 277.0,
        "sum": 839804452.0,
        "mean": 3031785.025270758,
        "median": 232614.5128527928,
        "min": 8152,
        "max": 92956634,
        "variance_ns2": 220252457740764.88,
        "iqr_ns": 1566808.0358990491,
        "q1_ns": 44625.39359860159,
        "q3_ns": 1611433.4294976508
      },
      "futex_op_counts": {
        "128": 277
      },
      "first_seen_ts_ns": 12934547951449,
      "last_seen_ts_ns": 12934648751350
    },
    {
      "tgid": 225156,
      "comm": "runc",
      "cgroup_id": 4085,
      "wait_duration_stats_ns": {
        "count": 321.0,
        "sum": 819156657.0000001,
        "mean": 2551889.897196262,
        "median": 161490.19151307727,
        "min": 680,
        "max": 89032715,
        "variance_ns2": 162032465037409.7,
        "iqr_ns": 931819.916670159,
        "q1_ns": 36293.136500739405,
        "q3_ns": 968113.0531708983
      },
      "futex_op_counts": {
        "128": 321
      },
      "first_seen_ts_ns": 12964537279353,
      "last_seen_ts_ns": 12964638398339
    },
    {
      "tgid": 225255,
      "comm": "runc",
      "cgroup_id": 4085,
      "wait_duration_stats_ns": {
        "count": 339.0,
        "sum": 789306223.0000001,
        "mean": 2328336.94100295,
        "median": 129909.72506200042,
        "min": 629,
        "max": 113750852,
        "variance_ns2": 200971007356392.8,
        "iqr_ns": 577037.1625037903,
        "q1_ns": 29085.051220223482,
        "q3_ns": 606122.2137240139
      },
      "futex_op_counts": {
        "128": 339
      },
      "first_seen_ts_ns": 12983496176709,
      "last_seen_ts_ns": 12983615307310
    },
    {
      "tgid": 225130,
      "comm": "runc",
      "cgroup_id": 4085,
      "wait_duration_stats_ns": {
        "count": 257.0,
        "sum": 648936026.0,
        "mean": 2525042.902723735,
        "median": 153668.50756034366,
        "min": 8438,
        "max": 73505304,
        "variance_ns2": 146884183011416.2,
        "iqr_ns": 1030268.2376894044,
        "q1_ns": 31220.232566039205,
        "q3_ns": 1061488.4702554436
      },
      "futex_op_counts": {
        "128": 257
      },
      "first_seen_ts_ns": 12963494767135,
      "last_seen_ts_ns": 12963576173228
    },
    {
      "tgid": 225017,
      "comm": "runc",
      "cgroup_id": 4085,
      "wait_duration_stats_ns": {
        "count": 175.0,
        "sum": 575238990.0,
        "mean": 3287079.9428571425,
        "median": 180232.7262895302,
        "min": 6627,
        "max": 96355921,
        "variance_ns2": 266521036263044.97,
        "iqr_ns": 1294648.3096482889,
        "q1_ns": 22614.6310560767,
        "q3_ns": 1317262.9407043655
      },
      "futex_op_counts": {
        "128": 175
      },
      "first_seen_ts_ns": 12943496016793,
      "last_seen_ts_ns": 12943597059019
    },
    {
      "tgid": 225291,
      "comm": "runc:[2:INIT]",
      "cgroup_id": 5016,
      "wait_duration_stats_ns": {
        "count": 24.0,
        "sum": 562279144.0,
        "mean": 23428297.666666664,
        "median": 3300746.869953701,
        "min": 26230,
        "max": 109080142,
        "variance_ns2": 1884430446351276.2,
        "iqr_ns": 38671707.53821063,
        "q1_ns": 349571.1087270195,
        "q3_ns": 39021278.64693765
      },
      "futex_op_counts": {
        "128": 24
      },
      "first_seen_ts_ns": 12984575077252,
      "last_seen_ts_ns": 12984688636249
    },
    {
      "tgid": 225066,
      "comm": "runc",
      "cgroup_id": 4085,
      "wait_duration_stats_ns": {
        "count": 401.0,
        "sum": 538335722.0,
        "mean": 1342483.097256858,
        "median": 83953.60958598489,
        "min": 771,
        "max": 77627652,
        "variance_ns2": 84640504260558.88,
        "iqr_ns": 344847.2673520562,
        "q1_ns": 28164.367980132654,
        "q3_ns": 373011.63533218886
      },
      "futex_op_counts": {
        "128": 401
      },
      "first_seen_ts_ns": 12953492448180,
      "last_seen_ts_ns": 12953573548845
    },
    {
      "tgid": 225512,
      "comm": "runc",
      "cgroup_id": 4085,
      "wait_duration_stats_ns": {
        "count": 403.0,
        "sum": 530488861.99999994,
        "mean": 1316349.5334987591,
        "median": 80775.08776606536,
        "min": 6815,
        "max": 77441448,
        "variance_ns2": 83884752227001.36,
        "iqr_ns": 290978.77993635554,
        "q1_ns": 25296.460833108893,
        "q3_ns": 316275.2407694644
      },
      "futex_op_counts": {
        "128": 403
      },
      "first_seen_ts_ns": 12993492457035,
      "last_seen_ts_ns": 12993572947968
    },
    {
      "tgid": 225212,
      "comm": "runc:[2:INIT]",
      "cgroup_id": 5016,
      "wait_duration_stats_ns": {
        "count": 25.0,
        "sum": 528499698.99999994,
        "mean": 21139987.959999997,
        "median": 2111972.440413374,
        "min": 15879,
        "max": 107044808,
        "variance_ns2": 1707569823119073.0,
        "iqr_ns": 21353325.418093655,
        "q1_ns": 297787.94572386355,
        "q3_ns": 21651113.36381752
      },
      "futex_op_counts": {
        "128": 25
      },
      "first_seen_ts_ns": 12973520215092,
      "last_seen_ts_ns": 12973628022676
    },
    {
      "tgid": 225105,
      "comm": "runc",
      "cgroup_id": 4085,
      "wait_duration_stats_ns": {
        "count": 287.0,
        "sum": 517861609.0,
        "mean": 1804395.850174216,
        "median": 152782.47393580293,
        "min": 9921,
        "max": 86392564,
        "variance_ns2": 115952693489371.19,
        "iqr_ns": 653276.9260105463,
        "q1_ns": 27037.87798007859,
        "q3_ns": 680314.8039906248
      },
      "futex_op_counts": {
        "128": 287
      },
      "first_seen_ts_ns": 12954538363658,
      "last_seen_ts_ns": 12954629464548
    },
    {
      "tgid": 225266,
      "comm": "runc:[2:INIT]",
      "cgroup_id": 5016,
      "wait_duration_stats_ns": {
        "count": 26.0,
        "sum": 489281884.0000001,
        "mean": 18818534.000000004,
        "median": 1377784.20985681,
        "min": 22035,
        "max": 97919374,
        "variance_ns2": 1429199923638457.2,
        "iqr_ns": 17910441.01459039,
        "q1_ns": 282873.52498057496,
        "q3_ns": 18193314.539570965
      },
      "futex_op_counts": {
        "128": 26
      },
      "first_seen_ts_ns": 12983515831540,
      "last_seen_ts_ns": 12983616056761
    },
    {
      "tgid": 225039,
      "comm": "runc",
      "cgroup_id": 4085,
      "wait_duration_stats_ns": {
        "count": 228.0,
        "sum": 482087497.00000006,
        "mean": 2114418.8464912283,
        "median": 144261.88588853055,
        "min": 985,
        "max": 80091950,
        "variance_ns2": 119233887806142.64,
        "iqr_ns": 660769.0672596816,
        "q1_ns": 19910.65174123322,
        "q3_ns": 680679.7190009148
      },
      "futex_op_counts": {
        "128": 228
      },
      "first_seen_ts_ns": 12944540744751,
      "last_seen_ts_ns": 12944626380953
    },
    {
      "tgid": 225239,
      "comm": "runc:[2:INIT]",
      "cgroup_id": 5016,
      "wait_duration_stats_ns": {
        "count": 27.0,
        "sum": 479806323.99999994,
        "mean": 17770604.59259259,
        "median": 2496020.698423851,
        "min": 6154,
        "max": 96452286,
        "variance_ns2": 1263533797590397.8,
        "iqr_ns": 18815923.7260969,
        "q1_ns": 186342.14201221534,
        "q3_ns": 19002265.868109114
      },
      "futex_op_counts": {
        "128": 27
      },
      "first_seen_ts_ns": 12974560890123,
      "last_seen_ts_ns": 12974658300578
    },
    {
      "tgid": 224894,
      "comm": "runc",
      "cgroup_id": 4085,
      "wait_duration_stats_ns": {
        "count": 327.0,
        "sum": 459124732.0,
        "mean": 1404051.1681957187,
        "median": 87265.77489560528,
        "min": 650,
        "max": 67131861,
        "variance_ns2": 75837292057279.78,
        "iqr_ns": 273340.67317637947,
        "q1_ns": 21144.02691535377,
        "q3_ns": 294484.70009173325
      },
      "futex_op_counts": {
        "128": 327
      },
      "first_seen_ts_ns": 12933492976546,
      "last_seen_ts_ns": 12933563086805
    },
    {
      "tgid": 225027,
      "comm": "runc:[2:INIT]",
      "cgroup_id": 5016,
      "wait_duration_stats_ns": {
        "count": 28.0,
        "sum": 410692032.0000001,
        "mean": 14667572.571428575,
        "median": 2686330.4505940573,
        "min": 4405,
        "max": 82054049,
        "variance_ns2": 919443339019181.9,
        "iqr_ns": 6199904.337831122,
        "q1_ns": 371192.1048525487,
        "q3_ns": 6571096.442683671
      },
      "futex_op_counts": {
        "128": 28
      },
      "first_seen_ts_ns": 12943510852317,
      "last_seen_ts_ns": 12943596941472
    },
    {
      "tgid": 225003,
      "comm": "runc:[2:INIT]",
      "cgroup_id": 5016,
      "wait_duration_stats_ns": {
        "count": 30.0,
        "sum": 384947488.9999999,
        "mean": 12831582.966666663,
        "median": 1146597.6926403672,
        "min": 18852,
        "max": 78102311,
        "variance_ns2": 801920706905594.1,
        "iqr_ns": 4621669.127207926,
        "q1_ns": 240302.04993006997,
        "q3_ns": 4861971.177137995
      },
      "futex_op_counts": {
        "128": 30
      },
      "first_seen_ts_ns": 12934565255485,
      "last_seen_ts_ns": 12934644212739
    },
    {
      "tgid": 225115,
      "comm": "runc:[2:INIT]",
      "cgroup_id": 5016,
      "wait_duration_stats_ns": {
        "count": 24.0,
        "sum": 381324240.0,
        "mean": 15888510.0,
        "median": 890797.9525903888,
        "min": 13352,
        "max": 76912620,
        "variance_ns2": 843645789705424.8,
        "iqr_ns": 10133866.379567243,
        "q1_ns": 90763.23279247503,
        "q3_ns": 10224629.612359717
      },
      "futex_op_counts": {
        "128": 24
      },
      "first_seen_ts_ns": 12954550983223,
      "last_seen_ts_ns": 12954629279873
    },
    {
      "tgid": 225537,
      "comm": "runc",
      "cgroup_id": 4085,
      "wait_duration_stats_ns": {
        "count": 362.0,
        "sum": 373287550.0,
        "mean": 1031181.0773480663,
        "median": 80571.4140303678,
        "min": 940,
        "max": 54491683,
        "variance_ns2": 39077410874054.2,
        "iqr_ns": 281137.62577045424,
        "q1_ns": 28801.72123880673,
        "q3_ns": 309939.34700926096
      },
      "futex_op_counts": {
        "128": 362
      },
      "first_seen_ts_ns": 12994536092886,
      "last_seen_ts_ns": 12994593746989
    },
    {
      "tgid": 225523,
      "comm": "runc:[2:INIT]",
      "cgroup_id": 5016,
      "wait_duration_stats_ns": {
        "count": 22.0,
        "sum": 347278323.0000001,
        "mean": 15785378.318181824,
        "median": 338285.28191769536,
        "min": 4046,
        "max": 69788057,
        "variance_ns2": 852665546951945.0,
        "iqr_ns": 7843562.025701501,
        "q1_ns": 248005.09641406243,
        "q3_ns": 8091567.122115564
      },
      "futex_op_counts": {
        "128": 22
      },
      "first_seen_ts_ns": 12993502619587,
      "last_seen_ts_ns": 12993572929997
    },
    {
      "tgid": 225077,
      "comm": "runc:[2:INIT]",
      "cgroup_id": 5016,
      "wait_duration_stats_ns": {
        "count": 29.0,
        "sum": 346127307.99999994,
        "mean": 11935424.413793102,
        "median": 247203.1071548044,
        "min": 1708,
        "max": 69510636,
        "variance_ns2": 675082390627143.1,
        "iqr_ns": 3617694.0518030496,
        "q1_ns": 75756.8973362975,
        "q3_ns": 3693450.9491393473
      },
      "futex_op_counts": {
        "128": 29
      },
      "first_seen_ts_ns": 12953503341892,
      "last_seen_ts_ns": 12953573548514
    },
    {
      "tgid": 225169,
      "comm": "runc:[2:INIT]",
      "cgroup_id": 5016,
      "wait_duration_stats_ns": {
        "count": 25.0,
        "sum": 334971555.0,
        "mean": 13398862.200000001,
        "median": 1417085.2319141137,
        "min": 3078,
        "max": 67108110,
        "variance_ns2": 594387737884218.4,
        "iqr_ns": 12212296.2715375,
        "q1_ns": 495779.8931361607,
        "q3_ns": 12708076.16467366
      },
      "futex_op_counts": {
        "128": 25
      },
      "first_seen_ts_ns": 12964569840614,
      "last_seen_ts_ns": 12964638358711
    },
    {
      "tgid": 224905,
      "comm": "runc:[2:INIT]",
      "cgroup_id": 5016,
      "wait_duration_stats_ns": {
        "count": 27.0,
        "sum": 297901891.0,
        "mean": 11033403.37037037,
        "median": 369782.93950268516,
        "min": 666,
        "max": 60046515,
        "variance_ns2": 532981923038367.9,
        "iqr_ns": 11634561.062731666,
        "q1_ns": 29628.337448559676,
        "q3_ns": 11664189.400180226
      },
      "futex_op_counts": {
        "128": 27
      },
      "first_seen_ts_ns": 12933502545664,
      "last_seen_ts_ns": 12933562964110
    },
    {
      "tgid": 225143,
      "comm": "runc:[2:INIT]",
      "cgroup_id": 5016,
      "wait_duration_stats_ns": {
        "count": 20.0,
        "sum": 282621360.00000006,
        "mean": 14131068.000000004,
        "median": 1436427.436005291,
        "min": 25225,
        "max": 56413130,
        "variance_ns2": 548441463822088.1,
        "iqr_ns": 27241758.678993754,
        "q1_ns": 433128.4877914953,
        "q3_ns": 27674887.166785248
      },
      "futex_op_counts": {
        "128": 20
      },
      "first_seen_ts_ns": 12963519061954,
      "last_seen_ts_ns": 12963576229650
    },
    {
      "tgid": 225049,
      "comm": "runc:[2:INIT]",
      "cgroup_id": 5016,
      "wait_duration_stats_ns": {
        "count": 22.0,
        "sum": 262220894.00000006,
        "mean": 11919131.545454549,
        "median": 3564956.345113226,
        "min": 10424,
        "max": 62449769,
        "variance_ns2": 540234672025012.3,
        "iqr_ns": 6451449.91560052,
        "q1_ns": 1219086.047530864,
        "q3_ns": 7670535.963131383
      },
      "futex_op_counts": {
        "128": 22
      },
      "first_seen_ts_ns": 12944560841916,
      "last_seen_ts_ns": 12944629808805
    },
    {
      "tgid": 225549,
      "comm": "runc:[2:INIT]",
      "cgroup_id": 5016,
      "wait_duration_stats_ns": {
        "count": 26.0,
        "sum": 218433948.0,
        "mean": 8401305.692307692,
        "median": 1026757.6350264549,
        "min": 2201,
        "max": 43757504,
        "variance_ns2": 281225421424922.84,
        "iqr_ns": 8443616.3377131,
        "q1_ns": 166374.16552083334,
        "q3_ns": 8609990.503233934
      },
      "futex_op_counts": {
        "128": 26
      },
      "first_seen_ts_ns": 12994549084304,
      "last_seen_ts_ns": 12994593842855
    },
    {
      "tgid": 225169,
      "comm": "grpc-health-pro",
      "cgroup_id": 5016,
      "wait_duration_stats_ns": {
        "count": 35.0,
        "sum": 61115383.0,
        "mean": 1746153.8,
        "median": 333211.60525171866,
        "min": 7546,
        "max": 10322517,
        "variance_ns2": 7726509865351.93,
        "iqr_ns": 1986286.3553695371,
        "q1_ns": 85128.03108290947,
        "q3_ns": 2071414.3864524467
      },
      "futex_op_counts": {
        "128": 35
      },
      "first_seen_ts_ns": 12964645924118,
      "last_seen_ts_ns": 12964658759213
    },
    {
      "tgid": 225266,
      "comm": "grpc-health-pro",
      "cgroup_id": 5016,
      "wait_duration_stats_ns": {
        "count": 15.0,
        "sum": 56778275.0,
        "mean": 3785218.3333333335,
        "median": 4204330.595015915,
        "min": 149047,
        "max": 9984579,
        "variance_ns2": 10080302449086.379,
        "iqr_ns": 5179031.082779711,
        "q1_ns": 771161.1005555555,
        "q3_ns": 5950192.183335267
      },
      "futex_op_counts": {
        "128": 15
      },
      "first_seen_ts_ns": 12983626115897,
      "last_seen_ts_ns": 12983640033388
    },
    {
      "tgid": 225115,
      "comm": "grpc-health-pro",
      "cgroup_id": 5016,
      "wait_duration_stats_ns": {
        "count": 22.0,
        "sum": 53363829.00000001,
        "mean": 2425628.5909090913,
        "median": 1553334.3272333818,
        "min": 20233,
        "max": 5899358,
        "variance_ns2": 5601520534557.016,
        "iqr_ns": 4476113.419441867,
        "q1_ns": 298494.2338154402,
        "q3_ns": 4774607.653257307
      },
      "futex_op_counts": {
        "128": 22
      },
      "first_seen_ts_ns": 12954635576581,
      "last_seen_ts_ns": 12954647245159
    },
    {
      "tgid": 224939,
      "comm": "aws-cni",
      "cgroup_id": 4085,
      "wait_duration_stats_ns": {
        "count": 123.0,
        "sum": 50426107.99999999,
        "mean": 409968.3577235772,
        "median": 112614.33632216963,
        "min": 899,
        "max": 6926325,
        "variance_ns2": 1316823836207.7898,
        "iqr_ns": 288190.29095741437,
        "q1_ns": 26772.270405788906,
        "q3_ns": 314962.5613632033
      },
      "futex_op_counts": {
        "128": 123
      },
      "first_seen_ts_ns": 12934050495278,
      "last_seen_ts_ns": 12934063056357
    },
    {
      "tgid": 225049,
      "comm": "grpc-health-pro",
      "cgroup_id": 5016,
      "wait_duration_stats_ns": {
        "count": 20.0,
        "sum": 46018288.0,
        "mean": 2300914.4,
        "median": 808055.8759635417,
        "min": 17686,
        "max": 7569542,
        "variance_ns2": 7619602891571.9375,
        "iqr_ns": 3237769.8668936547,
        "q1_ns": 89617.86797288363,
        "q3_ns": 3327387.7348665386
      },
      "futex_op_counts": {
        "128": 20
      },
      "first_seen_ts_ns": 12944633542716,
      "last_seen_ts_ns": 12944644228507
    },
    {
      "tgid": 224967,
      "comm": "aws-cni",
      "cgroup_id": 4085,
      "wait_duration_stats_ns": {
        "count": 119.0,
        "sum": 45836747.0,
        "mean": 385182.7478991597,
        "median": 105926.3961981377,
        "min": 636,
        "max": 5749672,
        "variance_ns2": 1005982817951.0548,
        "iqr_ns": 339795.7578662441,
        "q1_ns": 28903.92599975043,
        "q3_ns": 368699.68386599456
      },
      "futex_op_counts": {
        "128": 119
      },
      "first_seen_ts_ns": 12934082306144,
      "last_seen_ts_ns": 12934093477195
    },
    {
      "tgid": 225291,
      "comm": "grpc-health-pro",
      "cgroup_id": 5016,
      "wait_duration_stats_ns": {
        "count": 27.0,
        "sum": 42308197.99999999,
        "mean": 1566970.296296296,
        "median": 761942.5441735159,
        "min": 17301,
        "max": 7082737,
        "variance_ns2": 3877951215239.524,
        "iqr_ns": 2518813.731196064,
        "q1_ns": 153709.15172309027,
        "q3_ns": 2672522.882919154
      },
      "futex_op_counts": {
        "128": 27
      },
      "first_seen_ts_ns": 12984692208499,
      "last_seen_ts_ns": 12984707129529
    },
    {
      "tgid": 225212,
      "comm": "grpc-health-pro",
      "cgroup_id": 5016,
      "wait_duration_stats_ns": {
        "count": 28.0,
        "sum": 41257126.00000001,
        "mean": 1473468.785714286,
        "median": 604739.62797292,
        "min": 29269,
        "max": 6529160,
        "variance_ns2": 3975159397722.915,
        "iqr_ns": 1393757.2742617694,
        "q1_ns": 189737.2272508116,
        "q3_ns": 1583494.501512581
      },
      "futex_op_counts": {
        "128": 28
      },
      "first_seen_ts_ns": 12973634087551,
      "last_seen_ts_ns": 12973646644194
    },
    {
      "tgid": 225003,
      "comm": "grpc-health-pro",
      "cgroup_id": 5016,
      "wait_duration_stats_ns": {
        "count": 23.0,
        "sum": 25626501.0,
        "mean": 1114195.6956521738,
        "median": 461414.08818556735,
        "min": 28519,
        "max": 4274931,
        "variance_ns2": 1663286750478.1304,
        "iqr_ns": 589990.5821342517,
        "q1_ns": 254905.46407829627,
        "q3_ns": 844896.0462125479
      },
      "futex_op_counts": {
        "128": 23
      },
      "first_seen_ts_ns": 12934647151445,
      "last_seen_ts_ns": 12934655592684
    },
    {
      "tgid": 224933,
      "comm": "egress-cni",
      "cgroup_id": 4085,
      "wait_duration_stats_ns": {
        "count": 9.0,
        "sum": 20756083.999999996,
        "mean": 2306231.555555555,
        "median": 1307421.8888888888,
        "min": 43030,
        "max": 6851714,
        "variance_ns2": 9246825462122.027,
        "iqr_ns": 2112357.1666666665,
        "q1_ns": 217727.5,
        "q3_ns": 2330084.6666666665
      },
      "futex_op_counts": {
        "128": 9
      },
      "first_seen_ts_ns": 12934039915907,
      "last_seen_ts_ns": 12934046761229
    },
    {
      "tgid": 225239,
      "comm": "grpc-health-pro",
      "cgroup_id": 5016,
      "wait_duration_stats_ns": {
        "count": 20.0,
        "sum": 16242214.0,
        "mean": 812110.7,
        "median": 314398.725643829,
        "min": 21790,
        "max": 3457335,
        "variance_ns2": 1276459412508.4316,
        "iqr_ns": 827841.1003888969,
        "q1_ns": 109950.21129663987,
        "q3_ns": 937791.3116855368
      },
      "futex_op_counts": {
        "128": 20
      },
      "first_seen_ts_ns": 12974662438675,
      "last_seen_ts_ns": 12974667748576
    },
    {
      "tgid": 225143,
      "comm": "grpc-health-pro",
      "cgroup_id": 5016,
      "wait_duration_stats_ns": {
        "count": 29.0,
        "sum": 15483059.0,
        "mean": 533898.5862068966,
        "median": 186207.8309096903,
        "min": 2023,
        "max": 2736605,
        "variance_ns2": 581415293580.1798,
        "iqr_ns": 571218.1783920665,
        "q1_ns": 56543.56606754227,
        "q3_ns": 627761.7444596088
      },
      "futex_op_counts": {
        "128": 29
      },
      "first_seen_ts_ns": 12963579251234,
      "last_seen_ts_ns": 12963583656297
    },
    {
      "tgid": 225027,
      "comm": "grpc-health-pro",
      "cgroup_id": 5016,
      "wait_duration_stats_ns": {
        "count": 13.0,
        "sum": 15402111.0,
        "mean": 1184777.7692307692,
        "median": 1018495.5,
        "min": 54433,
        "max": 2724522,
        "variance_ns2": 619302935640.6923,
        "iqr_ns": 1245890.4177777776,
        "q1_ns": 473254.2674074074,
        "q3_ns": 1719144.6851851852
      },
      "futex_op_counts": {
        "128": 13
      },
      "first_seen_ts_ns": 12943600113897,
      "last_seen_ts_ns": 12943604957758
    },
    {
      "tgid": 224960,
      "comm": "egress-cni",
      "cgroup_id": 4085,
      "wait_duration_stats_ns": {
        "count": 7.0,
        "sum": 14900535.0,
        "mean": 2128647.8571428573,
        "median": 1738250.6666666665,
        "min": 79578,
        "max": 4912546,
        "variance_ns2": 5470054134286.81,
        "iqr_ns": 780025.3333333335,
        "q1_ns": 342376.0,
        "q3_ns": 1122401.3333333335
      },
      "futex_op_counts": {
        "128": 7
      },
      "first_seen_ts_ns": 12934073630558,
      "last_seen_ts_ns": 12934078514856
    },
    {
      "tgid": 224905,
      "comm": "grpc-health-pro",
      "cgroup_id": 5016,
      "wait_duration_stats_ns": {
        "count": 34.0,
        "sum": 13022594.0,
        "mean": 383017.4705882353,
        "median": 109918.79534208475,
        "min": 9522,
        "max": 1796319,
        "variance_ns2": 321690582433.04456,
        "iqr_ns": 325457.39037818543,
        "q1_ns": 44542.49400465578,
        "q3_ns": 369999.88438284124
      },
      "futex_op_counts": {
        "128": 34
      },
      "first_seen_ts_ns": 12933565182175,
      "last_seen_ts_ns": 12933568318055
    },
    {
      "tgid": 225523,
      "comm": "grpc-health-pro",
      "cgroup_id": 5016,
      "wait_duration_stats_ns": {
        "count": 34.0,
        "sum": 12685061.0,
        "mean": 373090.0294117647,
        "median": 82090.2559968069,
        "min": 1440,
        "max": 1766806,
        "variance_ns2": 307739002857.6657,
        "iqr_ns": 279802.1889668626,
        "q1_ns": 29047.480236211806,
        "q3_ns": 308849.6692030744
      },
      "futex_op_counts": {
        "128": 34
      },
      "first_seen_ts_ns": 12993575142048,
      "last_seen_ts_ns": 12993578259055
    },
    {
      "tgid": 225549,
      "comm": "grpc-health-pro",
      "cgroup_id": 5016,
      "wait_duration_stats_ns": {
        "count": 33.0,
        "sum": 12518998.0,
        "mean": 379363.57575757575,
        "median": 133882.09550669434,
        "min": 13103,
        "max": 1764003,
        "variance_ns2": 335160345915.5019,
        "iqr_ns": 532308.704233742,
        "q1_ns": 48432.041495423815,
        "q3_ns": 580740.7457291657
      },
      "futex_op_counts": {
        "128": 33
      },
      "first_seen_ts_ns": 12994596584611,
      "last_seen_ts_ns": 12994599965880
    },
    {
      "tgid": 225077,
      "comm": "grpc-health-pro",
      "cgroup_id": 5016,
      "wait_duration_stats_ns": {
        "count": 34.0,
        "sum": 12469101.0,
        "mean": 366738.26470588235,
        "median": 82637.33665910784,
        "min": 19933,
        "max": 1900185,
        "variance_ns2": 324740448225.23083,
        "iqr_ns": 295856.5870804694,
        "q1_ns": 35197.33432911239,
        "q3_ns": 331053.9214095818
      },
      "futex_op_counts": {
        "128": 34
      },
      "first_seen_ts_ns": 12953576060448,
      "last_seen_ts_ns": 12953579300332
    },
    {
      "tgid": 224928,
      "comm": "portmap",
      "cgroup_id": 4085,
      "wait_duration_stats_ns": {
        "count": 9.0,
        "sum": 1966178.0,
        "mean": 218464.22222222222,
        "median": 157942.1512345679,
        "min": 926,
        "max": 637842,
        "variance_ns2": 47275138252.69444,
        "iqr_ns": 199141.6773834019,
        "q1_ns": 30285.0,
        "q3_ns": 229426.6773834019
      },
      "futex_op_counts": {
        "128": 9
      },
      "first_seen_ts_ns": 12934036448327,
      "last_seen_ts_ns": 12934037291146
    },
    {
      "tgid": 224955,
      "comm": "portmap",
      "cgroup_id": 4085,
      "wait_duration_stats_ns": {
        "count": 8.0,
        "sum": 1888938.0,
        "mean": 236117.25,
        "median": 93031.38888888888,
        "min": 27207,
        "max": 686989,
        "variance_ns2": 55514210551.35714,
        "iqr_ns": 133776.75308641972,
        "q1_ns": 49531.0,
        "q3_ns": 183307.75308641972
      },
      "futex_op_counts": {
        "128": 8
      },
      "first_seen_ts_ns": 12934070135464,
      "last_seen_ts_ns": 12934070863430
    },
    {
      "tgid": 224950,
      "comm": "loopback",
      "cgroup_id": 4085,
      "wait_duration_stats_ns": {
        "count": 8.0,
        "sum": 1163358.0,
        "mean": 145419.75,
        "median": 72045.66666666666,
        "min": 17537,
        "max": 394197,
        "variance_ns2": 17850584657.071426,
        "iqr_ns": 78380.57407407407,
        "q1_ns": 37508.0,
        "q3_ns": 115888.57407407407
      },
      "futex_op_counts": {
        "128": 8
      },
      "first_seen_ts_ns": 12934067766991,
      "last_seen_ts_ns": 12934068242941
    },
    {
      "tgid": 224923,
      "comm": "loopback",
      "cgroup_id": 4085,
      "wait_duration_stats_ns": {
        "count": 9.0,
        "sum": 1161185.0,
        "mean": 129020.55555555556,
        "median": 82222.38271604938,
        "min": 2123,
        "max": 400464,
        "variance_ns2": 19126481196.277775,
        "iqr_ns": 151261.69688786007,
        "q1_ns": 15980.0,
        "q3_ns": 167241.69688786007
      },
      "futex_op_counts": {
        "128": 9
      },
      "first_seen_ts_ns": 12934034453941,
      "last_seen_ts_ns": 12934034898040
    },
    {
      "tgid": 224819,
      "comm": "flux-broker-0",
      "cgroup_id": 85515,
      "wait_duration_stats_ns": {
        "count": 208.0,
        "sum": 679432.9999999998,
        "mean": 3266.5048076923067,
        "median": 1638.8845579235976,
        "min": 481,
        "max": 33794,
        "variance_ns2": 19774641.1690589,
        "iqr_ns": 1948.0242829283395,
        "q1_ns": 985.7012634958357,
        "q3_ns": 2933.7255464241753
      },
      "futex_op_counts": {
        "128": 208
      },
      "first_seen_ts_ns": 12934090514518,
      "last_seen_ts_ns": 12997733470035
    }
  ]
}
[07:23:07] Cleanup complete.
