unlimited
PROGRAM: cpu
Looking for /opt/programs/cpu/ebpf-collect.c
[20:30:49] Waiting for start indicator file: '/mnt/flux/start_ebpf_collection'.
[20:30:55] Start indicator found. Proceeding with monitoring.
[20:30:55] Initializing eBPF for CPU Scheduling monitoring...
[20:30:56] BPF C code compiled and loaded.
[20:30:56] Attached tracepoints.
[20:30:56] Monitoring CPU scheduling events (polling aggregated map)... Press Ctrl+C to stop.
[20:32:04] Stop indicator file '/mnt/flux/stop_ebpf_collection' found. Stopping.
[20:32:04] Initiating cleanup sequence...
{
  "final_aggregated_summary_river": [
    {
      "tgid": 95,
      "comm": "python3",
      "cgroup_id": 16647,
      "on_cpu_stats_ns": {
        "count": 315.0,
        "sum_ns": 17075700.16666666,
        "mean_ns": 54208.57195767194,
        "median_ns": 27509.246818509193,
        "min_ns": 4102.0,
        "max_ns": 838644.0,
        "variance_ns2": 7285366372.1462555,
        "iqr_ns": 63772.75042695802,
        "q1_ns": 14020.802465325649,
        "q3_ns": 77793.55289228367
      },
      "runq_latency_stats_ns": {
        "count": 315.0,
        "sum_ns": 5021083.999999996,
        "mean_ns": 15939.949206349194,
        "median_ns": 11936.2638186592,
        "min_ns": 639.0,
        "max_ns": 243932.0,
        "variance_ns2": 512394898.8866545,
        "iqr_ns": 13402.204444943345,
        "q1_ns": 4979.343460502146,
        "q3_ns": 18381.54790544549
      },
      "first_seen_ts_ns": 1750105856242876821,
      "last_seen_ts_ns": 1750105924952239630,
      "duration_active_s": 68.709362809
    },
    {
      "tgid": 151,
      "comm": "python3",
      "cgroup_id": 16731,
      "on_cpu_stats_ns": {
        "count": 345.0,
        "sum_ns": 16439003.16666666,
        "mean_ns": 47649.284541062785,
        "median_ns": 26481.01304580647,
        "min_ns": 3732.0,
        "max_ns": 774638.0,
        "variance_ns2": 5403027422.008349,
        "iqr_ns": 65615.55445448111,
        "q1_ns": 14752.38308465818,
        "q3_ns": 80367.9375391393
      },
      "runq_latency_stats_ns": {
        "count": 345.0,
        "sum_ns": 18329937.83333332,
        "mean_ns": 53130.25458937194,
        "median_ns": 10806.080652178365,
        "min_ns": 798.0,
        "max_ns": 9986379.5,
        "variance_ns2": 302131135373.79553,
        "iqr_ns": 13530.222381683758,
        "q1_ns": 5080.111620286937,
        "q3_ns": 18610.334001970696
      },
      "first_seen_ts_ns": 1750105856352905462,
      "last_seen_ts_ns": 1750105924952239630,
      "duration_active_s": 68.599334168
    },
    {
      "tgid": 296,
      "comm": "xhpcg",
      "cgroup_id": 16815,
      "on_cpu_stats_ns": {
        "count": 40.0,
        "sum_ns": 3233863.511904763,
        "mean_ns": 80846.58779761908,
        "median_ns": 21219.002537357617,
        "min_ns": 3340.0,
        "max_ns": 422269.45454545453,
        "variance_ns2": 13675756824.625546,
        "iqr_ns": 86033.60119202854,
        "q1_ns": 10233.859558426853,
        "q3_ns": 96267.46075045539
      },
      "runq_latency_stats_ns": {
        "count": 40.0,
        "sum_ns": 2150699.6863969374,
        "mean_ns": 53767.49215992343,
        "median_ns": 10651.890468714299,
        "min_ns": 1519.0,
        "max_ns": 1041257.75,
        "variance_ns2": 28540496055.059628,
        "iqr_ns": 18198.103792433845,
        "q1_ns": 4867.296748078146,
        "q3_ns": 23065.400540511993
      },
      "first_seen_ts_ns": 1750105859752973103,
      "last_seen_ts_ns": 1750105870262919727,
      "duration_active_s": 10.509946624
    },
    {
      "tgid": 223,
      "comm": "flux-broker-0",
      "cgroup_id": 16815,
      "on_cpu_stats_ns": {
        "count": 48.0,
        "sum_ns": 2272801.7500000005,
        "mean_ns": 47350.03645833334,
        "median_ns": 37782.68730038915,
        "min_ns": 4944.0,
        "max_ns": 160499.0,
        "variance_ns2": 2288927739.2818875,
        "iqr_ns": 84503.93812981671,
        "q1_ns": 12157.734349358978,
        "q3_ns": 96661.67247917569
      },
      "runq_latency_stats_ns": {
        "count": 48.0,
        "sum_ns": 569164.25,
        "mean_ns": 11857.588541666666,
        "median_ns": 8021.014677442234,
        "min_ns": 836.0,
        "max_ns": 57086.0,
        "variance_ns2": 215662983.1688553,
        "iqr_ns": 7320.42291017938,
        "q1_ns": 2481.7679243339526,
        "q3_ns": 9802.190834513332
      },
      "first_seen_ts_ns": 1750105856352905462,
      "last_seen_ts_ns": 1750105924952239630,
      "duration_active_s": 68.599334168
    },
    {
      "tgid": 223,
      "comm": "ZMQbg/IO/0",
      "cgroup_id": 16815,
      "on_cpu_stats_ns": {
        "count": 18.0,
        "sum_ns": 1446251.6666666665,
        "mean_ns": 80347.3148148148,
        "median_ns": 80155.69885317462,
        "min_ns": 8994.0,
        "max_ns": 252957.0,
        "variance_ns2": 3636451664.450618,
        "iqr_ns": 66049.92962058738,
        "q1_ns": 45987.920379412615,
        "q3_ns": 112037.85
      },
      "runq_latency_stats_ns": {
        "count": 18.0,
        "sum_ns": 435396.3333333334,
        "mean_ns": 24188.685185185186,
        "median_ns": 15075.93333333333,
        "min_ns": 1003.0,
        "max_ns": 109318.0,
        "variance_ns2": 890871097.6270877,
        "iqr_ns": 34599.943857097765,
        "q1_ns": 7011.710305059527,
        "q3_ns": 41611.65416215729
      },
      "first_seen_ts_ns": 1750105856460437073,
      "last_seen_ts_ns": 1750105924952239630,
      "duration_active_s": 68.491802557
    },
    {
      "tgid": 1,
      "comm": "pause",
      "cgroup_id": 16395,
      "on_cpu_stats_ns": {
        "count": 2.0,
        "sum_ns": 753439.2063492064,
        "mean_ns": 376719.6031746032,
        "median_ns": 381209.4285714286,
        "min_ns": 372229.77777777775,
        "max_ns": 381209.4285714286,
        "variance_ns2": 40317064.18795671,
        "iqr_ns": 8979.650793650828,
        "q1_ns": 372229.77777777775,
        "q3_ns": 381209.4285714286
      },
      "runq_latency_stats_ns": {
        "count": 2.0,
        "sum_ns": 9386.222222222223,
        "mean_ns": 4693.111111111111,
        "median_ns": 8504.222222222223,
        "min_ns": 882.0,
        "max_ns": 8504.222222222223,
        "variance_ns2": 29049135.802469138,
        "iqr_ns": 7622.222222222223,
        "q1_ns": 882.0,
        "q3_ns": 8504.222222222223
      },
      "first_seen_ts_ns": 1750105897962923283,
      "last_seen_ts_ns": 1750105924952239630,
      "duration_active_s": 26.989316347
    },
    {
      "tgid": 347,
      "comm": "xhpcg",
      "cgroup_id": 16815,
      "on_cpu_stats_ns": {
        "count": 31.0,
        "sum_ns": 605195.5,
        "mean_ns": 19522.43548387097,
        "median_ns": 17881.06044109436,
        "min_ns": 4868.0,
        "max_ns": 54152.0,
        "variance_ns2": 87196097.41236563,
        "iqr_ns": 9690.460514337203,
        "q1_ns": 11500.153560716357,
        "q3_ns": 21190.61407505356
      },
      "runq_latency_stats_ns": {
        "count": 31.0,
        "sum_ns": 1072418.0,
        "mean_ns": 34594.12903225806,
        "median_ns": 9402.65227256171,
        "min_ns": 2055.0,
        "max_ns": 866460.0,
        "variance_ns2": 23851243391.182796,
        "iqr_ns": 24967.310388594524,
        "q1_ns": 5043.455630237841,
        "q3_ns": 30010.766018832364
      },
      "first_seen_ts_ns": 1750105856352905462,
      "last_seen_ts_ns": 1750105875112922720,
      "duration_active_s": 18.760017258
    },
    {
      "tgid": 223,
      "comm": "ZMQbg/Reaper",
      "cgroup_id": 16815,
      "on_cpu_stats_ns": {
        "count": 16.0,
        "sum_ns": 218399.66666666666,
        "mean_ns": 13649.979166666666,
        "median_ns": 13713.0,
        "min_ns": 4245.0,
        "max_ns": 24399.0,
        "variance_ns2": 31728324.273611113,
        "iqr_ns": 7338.379756944445,
        "q1_ns": 10406.848020833333,
        "q3_ns": 17745.227777777778
      },
      "runq_latency_stats_ns": {
        "count": 16.0,
        "sum_ns": 181866.0,
        "mean_ns": 11366.625,
        "median_ns": 12367.163668430336,
        "min_ns": 2152.0,
        "max_ns": 15864.0,
        "variance_ns2": 14964502.783333335,
        "iqr_ns": 2778.483428530093,
        "q1_ns": 10600.088330729166,
        "q3_ns": 13378.57175925926
      },
      "first_seen_ts_ns": 1750105859422909288,
      "last_seen_ts_ns": 1750105923424683903,
      "duration_active_s": 64.001774615
    },
    {
      "tgid": 44,
      "comm": "bash",
      "cgroup_id": 16731,
      "on_cpu_stats_ns": {
        "count": 16.0,
        "sum_ns": 194636.99999999997,
        "mean_ns": 12164.812499999998,
        "median_ns": 13320.65230723655,
        "min_ns": 3997.0,
        "max_ns": 26616.0,
        "variance_ns2": 24644381.495833334,
        "iqr_ns": 4773.901146433471,
        "q1_ns": 9902.385333333334,
        "q3_ns": 14676.286479766804
      },
      "runq_latency_stats_ns": {
        "count": 16.0,
        "sum_ns": 175262.0,
        "mean_ns": 10953.875,
        "median_ns": 12745.729166666666,
        "min_ns": 1574.0,
        "max_ns": 14862.0,
        "variance_ns2": 19823643.583333332,
        "iqr_ns": 4011.750934499314,
        "q1_ns": 10171.703819444445,
        "q3_ns": 14183.454753943759
      },
      "first_seen_ts_ns": 1750105857997348107,
      "last_seen_ts_ns": 1750105923424683903,
      "duration_active_s": 65.427335796
    }
  ]
}
[20:32:04] Cleanup complete. Exiting.
