unlimited
PROGRAM: cpu
Looking for /opt/programs/cpu/ebpf-collect.c
[20:18:55] Waiting for start indicator file: '/mnt/flux/start_ebpf_collection'.
[20:19:01] Start indicator found. Proceeding with monitoring.
[20:19:01] Initializing eBPF for CPU Scheduling monitoring...
[20:19:01] BPF C code compiled and loaded.
[20:19:01] Attached tracepoints.
[20:19:01] Monitoring CPU scheduling events (polling aggregated map)... Press Ctrl+C to stop.
[20:20:07] Stop indicator file '/mnt/flux/stop_ebpf_collection' found. Stopping.
[20:20:07] Initiating cleanup sequence...
{
  "final_aggregated_summary_river": [
    {
      "tgid": 247,
      "comm": "python3",
      "cgroup_id": 38154,
      "on_cpu_stats_ns": {
        "count": 527.0,
        "sum_ns": 34496348.900000006,
        "mean_ns": 65457.96755218217,
        "median_ns": 33984.84366173037,
        "min_ns": 4099.0,
        "max_ns": 931404.0,
        "variance_ns2": 7292643372.9254875,
        "iqr_ns": 76525.9399706969,
        "q1_ns": 18792.181858647877,
        "q3_ns": 95318.12182934477
      },
      "runq_latency_stats_ns": {
        "count": 526.0,
        "sum_ns": 17897000.866666652,
        "mean_ns": 34024.716476552574,
        "median_ns": 15213.45231632792,
        "min_ns": 479.0,
        "max_ns": 4995782.5,
        "variance_ns2": 47889314859.426346,
        "iqr_ns": 9126.527973966235,
        "q1_ns": 7500.114906923767,
        "q3_ns": 16626.642880890002
      },
      "first_seen_ts_ns": 1749845941869276633,
      "last_seen_ts_ns": 1749846007296713717,
      "duration_active_s": 65.427437084
    },
    {
      "tgid": 163,
      "comm": "python3",
      "cgroup_id": 38070,
      "on_cpu_stats_ns": {
        "count": 426.0,
        "sum_ns": 21389977.000000007,
        "mean_ns": 50211.21361502349,
        "median_ns": 28967.47434464455,
        "min_ns": 4580.0,
        "max_ns": 994943.5,
        "variance_ns2": 4287763102.551909,
        "iqr_ns": 64306.0283454474,
        "q1_ns": 17901.001684662202,
        "q3_ns": 82207.0300301096
      },
      "runq_latency_stats_ns": {
        "count": 427.0,
        "sum_ns": 9109157.499999998,
        "mean_ns": 21332.921545667443,
        "median_ns": 15736.590909259312,
        "min_ns": 559.0,
        "max_ns": 405154.0,
        "variance_ns2": 855663972.5918348,
        "iqr_ns": 14497.145381158247,
        "q1_ns": 7661.827743783274,
        "q3_ns": 22158.97312494152
      },
      "first_seen_ts_ns": 1749845941869276633,
      "last_seen_ts_ns": 1749846006888393828,
      "duration_active_s": 65.019117195
    },
    {
      "tgid": 371,
      "comm": "xhpcg",
      "cgroup_id": 38238,
      "on_cpu_stats_ns": {
        "count": 64.0,
        "sum_ns": 4102642.364547478,
        "mean_ns": 64103.786946054344,
        "median_ns": 19676.221878438748,
        "min_ns": 5093.0,
        "max_ns": 617612.0,
        "variance_ns2": 18811173147.91999,
        "iqr_ns": 8988.731774347663,
        "q1_ns": 11992.896893337675,
        "q3_ns": 20981.628667685338
      },
      "runq_latency_stats_ns": {
        "count": 64.0,
        "sum_ns": 3670803.857932326,
        "mean_ns": 57356.31028019259,
        "median_ns": 6227.013570952129,
        "min_ns": 1545.0,
        "max_ns": 1504260.6666666667,
        "variance_ns2": 44897947577.22091,
        "iqr_ns": 5655.803107656151,
        "q1_ns": 4072.5456462236216,
        "q3_ns": 9728.348753879773
      },
      "first_seen_ts_ns": 1749845944941262883,
      "last_seen_ts_ns": 1749845957051279148,
      "duration_active_s": 12.110016265
    },
    {
      "tgid": 40,
      "comm": "bash",
      "cgroup_id": 38154,
      "on_cpu_stats_ns": {
        "count": 22.0,
        "sum_ns": 1798675.0,
        "mean_ns": 81757.95454545454,
        "median_ns": 74089.09719260506,
        "min_ns": 5973.0,
        "max_ns": 214332.0,
        "variance_ns2": 3375693680.331168,
        "iqr_ns": 81077.98627008926,
        "q1_ns": 33017.11372991075,
        "q3_ns": 114095.1
      },
      "runq_latency_stats_ns": {
        "count": 22.0,
        "sum_ns": 1603859.0,
        "mean_ns": 72902.68181818182,
        "median_ns": 26960.91765359805,
        "min_ns": 4215.0,
        "max_ns": 834854.0,
        "variance_ns2": 29914835450.227272,
        "iqr_ns": 53616.70465608465,
        "q1_ns": 12334.097724867726,
        "q3_ns": 65950.80238095237
      },
      "first_seen_ts_ns": 1749845942111285222,
      "last_seen_ts_ns": 1749846003115776435,
      "duration_active_s": 61.004491213
    },
    {
      "tgid": 104,
      "comm": "flux-broker-0",
      "cgroup_id": 38238,
      "on_cpu_stats_ns": {
        "count": 98.0,
        "sum_ns": 1729451.5,
        "mean_ns": 17647.464285714286,
        "median_ns": 18059.77520914268,
        "min_ns": 5799.0,
        "max_ns": 36422.0,
        "variance_ns2": 38482664.516752556,
        "iqr_ns": 8843.09204099461,
        "q1_ns": 13065.900330467966,
        "q3_ns": 21908.992371462577
      },
      "runq_latency_stats_ns": {
        "count": 98.0,
        "sum_ns": 1196975.5000000002,
        "mean_ns": 12214.035714285716,
        "median_ns": 13837.557425703946,
        "min_ns": 1876.0,
        "max_ns": 37442.0,
        "variance_ns2": 37194419.135309294,
        "iqr_ns": 9308.404537306013,
        "q1_ns": 7377.385987779691,
        "q3_ns": 16685.790525085704
      },
      "first_seen_ts_ns": 1749845943401292627,
      "last_seen_ts_ns": 1749846003435110653,
      "duration_active_s": 60.033818026
    },
    {
      "tgid": 104,
      "comm": "ZMQbg/Reaper",
      "cgroup_id": 38238,
      "on_cpu_stats_ns": {
        "count": 20.0,
        "sum_ns": 1586089.5,
        "mean_ns": 79304.475,
        "median_ns": 38458.45532080802,
        "min_ns": 9218.0,
        "max_ns": 430081.0,
        "variance_ns2": 8497730255.512498,
        "iqr_ns": 52738.949900793654,
        "q1_ns": 34052.431448412695,
        "q3_ns": 86791.38134920635
      },
      "runq_latency_stats_ns": {
        "count": 20.0,
        "sum_ns": 663759.5,
        "mean_ns": 33187.975,
        "median_ns": 20259.823888767038,
        "min_ns": 2132.0,
        "max_ns": 114263.0,
        "variance_ns2": 1145277577.1177633,
        "iqr_ns": 34775.192576058194,
        "q1_ns": 13488.974090608466,
        "q3_ns": 48264.166666666664
      },
      "first_seen_ts_ns": 1749845941869276633,
      "last_seen_ts_ns": 1749845997531285784,
      "duration_active_s": 55.662009151
    },
    {
      "tgid": 330,
      "comm": "xhpcg",
      "cgroup_id": 38238,
      "on_cpu_stats_ns": {
        "count": 12.0,
        "sum_ns": 1020096.0,
        "mean_ns": 85008.0,
        "median_ns": 70153.95833333333,
        "min_ns": 21497.0,
        "max_ns": 152247.0,
        "variance_ns2": 1620743432.5454545,
        "iqr_ns": 50221.66666666666,
        "q1_ns": 52420.55555555556,
        "q3_ns": 102642.22222222222
      },
      "runq_latency_stats_ns": {
        "count": 12.0,
        "sum_ns": 478455.0,
        "mean_ns": 39871.25,
        "median_ns": 21227.131944444445,
        "min_ns": 4137.0,
        "max_ns": 165639.0,
        "variance_ns2": 2390623100.75,
        "iqr_ns": 47413.027777777774,
        "q1_ns": 13192.0,
        "q3_ns": 60605.027777777774
      },
      "first_seen_ts_ns": 1749845942001277852,
      "last_seen_ts_ns": 1749845963651274283,
      "duration_active_s": 21.649996431
    },
    {
      "tgid": 337,
      "comm": "xhpcg",
      "cgroup_id": 38238,
      "on_cpu_stats_ns": {
        "count": 41.0,
        "sum_ns": 970576.9999999999,
        "mean_ns": 23672.609756097558,
        "median_ns": 22996.834314622967,
        "min_ns": 7421.0,
        "max_ns": 56728.0,
        "variance_ns2": 97757063.94390246,
        "iqr_ns": 11136.766618987138,
        "q1_ns": 18979.07410091719,
        "q3_ns": 30115.84071990433
      },
      "runq_latency_stats_ns": {
        "count": 41.0,
        "sum_ns": 374781.99999999994,
        "mean_ns": 9141.024390243902,
        "median_ns": 7305.265214107233,
        "min_ns": 3209.0,
        "max_ns": 62601.0,
        "variance_ns2": 88383382.17439023,
        "iqr_ns": 4398.099133777386,
        "q1_ns": 5222.275408393646,
        "q3_ns": 9620.374542171032
      },
      "first_seen_ts_ns": 1749845942111285222,
      "last_seen_ts_ns": 1749845963651274283,
      "duration_active_s": 21.539989061
    },
    {
      "tgid": 325,
      "comm": "xhpcg",
      "cgroup_id": 38238,
      "on_cpu_stats_ns": {
        "count": 7.0,
        "sum_ns": 637421.0,
        "mean_ns": 91060.14285714286,
        "median_ns": 110142.0,
        "min_ns": 11336.0,
        "max_ns": 168439.0,
        "variance_ns2": 2762315954.809524,
        "iqr_ns": 27985.77777777778,
        "q1_ns": 82156.22222222222,
        "q3_ns": 110142.0
      },
      "runq_latency_stats_ns": {
        "count": 7.0,
        "sum_ns": 484160.0,
        "mean_ns": 69165.71428571429,
        "median_ns": 72433.38888888889,
        "min_ns": 7003.0,
        "max_ns": 132121.0,
        "variance_ns2": 2675341512.571429,
        "iqr_ns": 59532.43055555555,
        "q1_ns": 43483.56944444445,
        "q3_ns": 103016.0
      },
      "first_seen_ts_ns": 1749845942001277852,
      "last_seen_ts_ns": 1749845942961288638,
      "duration_active_s": 0.960010786
    },
    {
      "tgid": 319,
      "comm": "python3",
      "cgroup_id": 38238,
      "on_cpu_stats_ns": {
        "count": 9.0,
        "sum_ns": 585516.7,
        "mean_ns": 65057.411111111105,
        "median_ns": 30320.15,
        "min_ns": 12546.0,
        "max_ns": 135856.0,
        "variance_ns2": 2419716208.771111,
        "iqr_ns": 71144.4325,
        "q1_ns": 20464.81333333333,
        "q3_ns": 91609.24583333333
      },
      "runq_latency_stats_ns": {
        "count": 9.0,
        "sum_ns": 207840.40000000002,
        "mean_ns": 23093.37777777778,
        "median_ns": 13629.033333333333,
        "min_ns": 2498.4,
        "max_ns": 102346.0,
        "variance_ns2": 952601861.7344445,
        "iqr_ns": 9815.3,
        "q1_ns": 7270.700000000001,
        "q3_ns": 17086.0
      },
      "first_seen_ts_ns": 1749845941869276633,
      "last_seen_ts_ns": 1749845943511277037,
      "duration_active_s": 1.642000404
    },
    {
      "tgid": 1,
      "comm": "pause",
      "cgroup_id": 37818,
      "on_cpu_stats_ns": {
        "count": 1.0,
        "sum_ns": 237904.0,
        "mean_ns": 237904.0,
        "median_ns": 237904.0,
        "min_ns": 237904.0,
        "max_ns": 237904.0,
        "variance_ns2": null,
        "iqr_ns": 0.0,
        "q1_ns": 237904.0,
        "q3_ns": 237904.0
      },
      "runq_latency_stats_ns": {
        "count": 1.0,
        "sum_ns": 4586.777777777777,
        "mean_ns": 4586.777777777777,
        "median_ns": 4586.777777777777,
        "min_ns": 4586.777777777777,
        "max_ns": 4586.777777777777,
        "variance_ns2": null,
        "iqr_ns": 0.0,
        "q1_ns": 4586.777777777777,
        "q3_ns": 4586.777777777777
      },
      "first_seen_ts_ns": 1749845950911319826,
      "last_seen_ts_ns": 1749845950911319826,
      "duration_active_s": 0
    },
    {
      "tgid": 324,
      "comm": "xhpcg",
      "cgroup_id": 38238,
      "on_cpu_stats_ns": {
        "count": 6.0,
        "sum_ns": 121911.0,
        "mean_ns": 20318.5,
        "median_ns": 21690.0,
        "min_ns": 14488.0,
        "max_ns": 25479.0,
        "variance_ns2": 17873573.099999998,
        "iqr_ns": 309.5,
        "q1_ns": 21690.0,
        "q3_ns": 21999.5
      },
      "runq_latency_stats_ns": {
        "count": 6.0,
        "sum_ns": 71097.66666666666,
        "mean_ns": 11849.61111111111,
        "median_ns": 12092.0,
        "min_ns": 2797.6666666666665,
        "max_ns": 16803.0,
        "variance_ns2": 26670907.57407408,
        "iqr_ns": 0.0,
        "q1_ns": 12092.0,
        "q3_ns": 12092.0
      },
      "first_seen_ts_ns": 1749845941869276633,
      "last_seen_ts_ns": 1749845959471214566,
      "duration_active_s": 17.601937933
    },
    {
      "tgid": 323,
      "comm": "xhpcg",
      "cgroup_id": 38238,
      "on_cpu_stats_ns": {
        "count": 5.0,
        "sum_ns": 105819.0,
        "mean_ns": 21163.8,
        "median_ns": 22499.0,
        "min_ns": 14216.0,
        "max_ns": 25146.0,
        "variance_ns2": 19110938.2,
        "iqr_ns": 4290.0,
        "q1_ns": 19834.0,
        "q3_ns": 24124.0
      },
      "runq_latency_stats_ns": {
        "count": 5.0,
        "sum_ns": 69366.0,
        "mean_ns": 13873.2,
        "median_ns": 14439.0,
        "min_ns": 9891.0,
        "max_ns": 16695.0,
        "variance_ns2": 8100399.199999999,
        "iqr_ns": 4021.0,
        "q1_ns": 12160.0,
        "q3_ns": 16181.0
      },
      "first_seen_ts_ns": 1749845943511277037,
      "last_seen_ts_ns": 1749845959471214566,
      "duration_active_s": 15.959937529
    },
    {
      "tgid": 349,
      "comm": "xhpcg",
      "cgroup_id": 38238,
      "on_cpu_stats_ns": {
        "count": 7.0,
        "sum_ns": 95424.07142857142,
        "mean_ns": 13632.010204081631,
        "median_ns": 13876.57142857143,
        "min_ns": 8721.0,
        "max_ns": 18798.166666666668,
        "variance_ns2": 13438185.760236138,
        "iqr_ns": 3684.4451884920636,
        "q1_ns": 12055.862351190477,
        "q3_ns": 15740.30753968254
      },
      "runq_latency_stats_ns": {
        "count": 7.0,
        "sum_ns": 48479.81547619048,
        "mean_ns": 6925.687925170068,
        "median_ns": 5700.367063492064,
        "min_ns": 5275.0,
        "max_ns": 11239.0,
        "variance_ns2": 4510718.765564262,
        "iqr_ns": 915.1693121693124,
        "q1_ns": 5608.205687830688,
        "q3_ns": 6523.375
      },
      "first_seen_ts_ns": 1749845956061478981,
      "last_seen_ts_ns": 1749845958481276191,
      "duration_active_s": 2.41979721
    }
  ]
}
[20:20:07] Cleanup complete. Exiting.
