unlimited
PROGRAM: cpu
Looking for /opt/programs/cpu/ebpf-collect.c
[21:22:29] Waiting for start indicator file: '/mnt/flux/start_ebpf_collection'.
[21:22:31] Start indicator found. Proceeding with monitoring.
[21:22:31] Initializing eBPF for CPU Scheduling monitoring...
[21:22:31] BPF C code compiled and loaded.
[21:22:31] Attached tracepoints.
[21:22:31] Monitoring CPU scheduling events (polling aggregated map)... Press Ctrl+C to stop.
[21:23:35] Stop indicator file '/mnt/flux/stop_ebpf_collection' found. Stopping.
[21:23:35] Initiating cleanup sequence...
{
  "final_aggregated_summary_river": [
    {
      "tgid": 250,
      "comm": "python3",
      "cgroup_id": 6910,
      "on_cpu_stats_ns": {
        "count": 128.0,
        "sum_ns": 14409707.374086075,
        "mean_ns": 112575.83886004746,
        "median_ns": 18636.83984829295,
        "min_ns": 3622.5,
        "max_ns": 6321856.0,
        "variance_ns2": 326808887152.9234,
        "iqr_ns": 57025.39832510913,
        "q1_ns": 11703.194310878604,
        "q3_ns": 68728.59263598773
      },
      "runq_latency_stats_ns": {
        "count": 128.0,
        "sum_ns": 2369997.571877083,
        "mean_ns": 18515.60603028971,
        "median_ns": 5731.430397296056,
        "min_ns": 1062.1304347826087,
        "max_ns": 926317.6666666666,
        "variance_ns2": 6877590784.942618,
        "iqr_ns": 13721.723486945739,
        "q1_ns": 3413.5768997392074,
        "q3_ns": 17135.300386684947
      },
      "first_seen_ts_ns": 1749763351658887893,
      "last_seen_ts_ns": 1749763412124986851,
      "duration_active_s": 60.466098958
    },
    {
      "tgid": 202,
      "comm": "python3",
      "cgroup_id": 6840,
      "on_cpu_stats_ns": {
        "count": 299.0,
        "sum_ns": 9807899.58731885,
        "mean_ns": 32802.33975691923,
        "median_ns": 15782.44642454886,
        "min_ns": 3352.0,
        "max_ns": 1183261.0,
        "variance_ns2": 6037178508.259641,
        "iqr_ns": 14854.375287474526,
        "q1_ns": 12279.977568149112,
        "q3_ns": 27134.352855623638
      },
      "runq_latency_stats_ns": {
        "count": 299.0,
        "sum_ns": 3016598.5798550732,
        "mean_ns": 10088.958461053757,
        "median_ns": 8936.324161870449,
        "min_ns": 776.0,
        "max_ns": 97134.0,
        "variance_ns2": 73376842.98133327,
        "iqr_ns": 12444.9959394456,
        "q1_ns": 3360.726285998797,
        "q3_ns": 15805.722225444397
      },
      "first_seen_ts_ns": 1749763351658887893,
      "last_seen_ts_ns": 1749763415273231488,
      "duration_active_s": 63.614343595
    },
    {
      "tgid": 143,
      "comm": "flux-broker-0",
      "cgroup_id": 6980,
      "on_cpu_stats_ns": {
        "count": 155.0,
        "sum_ns": 3762125.9515217375,
        "mean_ns": 24271.780332398306,
        "median_ns": 15892.725099140465,
        "min_ns": 3478.0,
        "max_ns": 336768.0,
        "variance_ns2": 1296674921.347259,
        "iqr_ns": 12758.624137251769,
        "q1_ns": 10507.957504576148,
        "q3_ns": 23266.581641827917
      },
      "runq_latency_stats_ns": {
        "count": 155.0,
        "sum_ns": 1402760.9499275382,
        "mean_ns": 9050.070644693795,
        "median_ns": 9025.35707725043,
        "min_ns": 957.0,
        "max_ns": 28183.5,
        "variance_ns2": 40376670.89021016,
        "iqr_ns": 12256.501098958337,
        "q1_ns": 3249.438732895098,
        "q3_ns": 15505.939831853435
      },
      "first_seen_ts_ns": 1749763351658887893,
      "last_seen_ts_ns": 1749763415376371955,
      "duration_active_s": 63.717484062
    },
    {
      "tgid": 305,
      "comm": "xhpcg",
      "cgroup_id": 6980,
      "on_cpu_stats_ns": {
        "count": 21.0,
        "sum_ns": 1902218.5,
        "mean_ns": 90581.83333333333,
        "median_ns": 90210.60694444444,
        "min_ns": 13863.0,
        "max_ns": 219866.0,
        "variance_ns2": 2488580546.6833334,
        "iqr_ns": 51285.734262128884,
        "q1_ns": 63168.91286729716,
        "q3_ns": 114454.64712942604
      },
      "runq_latency_stats_ns": {
        "count": 21.0,
        "sum_ns": 150838.5,
        "mean_ns": 7182.785714285714,
        "median_ns": 6592.655423280423,
        "min_ns": 3062.0,
        "max_ns": 14379.0,
        "variance_ns2": 8652566.914285716,
        "iqr_ns": 3846.529472849151,
        "q1_ns": 4889.692595052083,
        "q3_ns": 8736.222067901233
      },
      "first_seen_ts_ns": 1749763351770285161,
      "last_seen_ts_ns": 1749763369236576477,
      "duration_active_s": 17.466291316
    },
    {
      "tgid": 91,
      "comm": "bash",
      "cgroup_id": 6980,
      "on_cpu_stats_ns": {
        "count": 16.0,
        "sum_ns": 1163785.0,
        "mean_ns": 72736.5625,
        "median_ns": 59827.30357142857,
        "min_ns": 6457.0,
        "max_ns": 192762.0,
        "variance_ns2": 4255560673.4625,
        "iqr_ns": 105789.39296296296,
        "q1_ns": 25036.770000000004,
        "q3_ns": 130826.16296296296
      },
      "runq_latency_stats_ns": {
        "count": 16.0,
        "sum_ns": 63680.5,
        "mean_ns": 3980.03125,
        "median_ns": 3024.166666666667,
        "min_ns": 1528.0,
        "max_ns": 12144.0,
        "variance_ns2": 8495713.882291665,
        "iqr_ns": 2296.902500826719,
        "q1_ns": 2127.0,
        "q3_ns": 4423.902500826719
      },
      "first_seen_ts_ns": 1749763354959866482,
      "last_seen_ts_ns": 1749763410408171555,
      "duration_active_s": 55.448305073
    },
    {
      "tgid": 322,
      "comm": "xhpcg",
      "cgroup_id": 6980,
      "on_cpu_stats_ns": {
        "count": 62.0,
        "sum_ns": 677831.4484126982,
        "mean_ns": 10932.765296979003,
        "median_ns": 10698.940853242122,
        "min_ns": 2487.25,
        "max_ns": 20586.5,
        "variance_ns2": 9792887.122181974,
        "iqr_ns": 4268.991326109006,
        "q1_ns": 8425.330111697485,
        "q3_ns": 12694.321437806491
      },
      "runq_latency_stats_ns": {
        "count": 62.0,
        "sum_ns": 320767.96825396817,
        "mean_ns": 5173.676907322068,
        "median_ns": 5112.390579291943,
        "min_ns": 1739.3333333333333,
        "max_ns": 12291.875,
        "variance_ns2": 2550563.590303101,
        "iqr_ns": 1515.2391333842706,
        "q1_ns": 4376.110820856084,
        "q3_ns": 5891.349954240354
      },
      "first_seen_ts_ns": 1749763351658887893,
      "last_seen_ts_ns": 1749763370856214534,
      "duration_active_s": 19.197326641
    },
    {
      "tgid": 1,
      "comm": "pause",
      "cgroup_id": 6534,
      "on_cpu_stats_ns": {
        "count": 2.0,
        "sum_ns": 546550.8888888889,
        "mean_ns": 273275.44444444444,
        "median_ns": 299420.0,
        "min_ns": 247130.88888888888,
        "max_ns": 299420.0,
        "variance_ns2": 1367075570.3950624,
        "iqr_ns": 52289.111111111124,
        "q1_ns": 247130.88888888888,
        "q3_ns": 299420.0
      },
      "runq_latency_stats_ns": {
        "count": 2.0,
        "sum_ns": 13366.444444444445,
        "mean_ns": 6683.222222222223,
        "median_ns": 10023.444444444445,
        "min_ns": 3343.0,
        "max_ns": 10023.444444444445,
        "variance_ns2": 22314168.987654325,
        "iqr_ns": 6680.444444444445,
        "q1_ns": 3343.0,
        "q3_ns": 10023.444444444445
      },
      "first_seen_ts_ns": 1749763394917053762,
      "last_seen_ts_ns": 1749763415785241320,
      "duration_active_s": 20.868187558
    },
    {
      "tgid": 309,
      "comm": "xhpcg",
      "cgroup_id": 6980,
      "on_cpu_stats_ns": {
        "count": 32.0,
        "sum_ns": 519749.0,
        "mean_ns": 16242.15625,
        "median_ns": 16264.885025459695,
        "min_ns": 8602.0,
        "max_ns": 23640.0,
        "variance_ns2": 11624236.200604837,
        "iqr_ns": 4112.204174351613,
        "q1_ns": 14142.130673199063,
        "q3_ns": 18254.334847550675
      },
      "runq_latency_stats_ns": {
        "count": 32.0,
        "sum_ns": 213838.00000000003,
        "mean_ns": 6682.437500000001,
        "median_ns": 6478.126197002235,
        "min_ns": 3257.0,
        "max_ns": 11706.0,
        "variance_ns2": 5018540.834677419,
        "iqr_ns": 3056.613603202207,
        "q1_ns": 5333.550477154665,
        "q3_ns": 8390.164080356872
      },
      "first_seen_ts_ns": 1749763352349907255,
      "last_seen_ts_ns": 1749763370749872246,
      "duration_active_s": 18.399964991
    },
    {
      "tgid": 486,
      "comm": "xhpcg",
      "cgroup_id": 6980,
      "on_cpu_stats_ns": {
        "count": 22.0,
        "sum_ns": 488324.49999999994,
        "mean_ns": 22196.56818181818,
        "median_ns": 20973.355773654515,
        "min_ns": 7841.0,
        "max_ns": 43144.0,
        "variance_ns2": 59424828.19751083,
        "iqr_ns": 8082.821494781172,
        "q1_ns": 17665.497481031376,
        "q3_ns": 25748.318975812548
      },
      "runq_latency_stats_ns": {
        "count": 22.0,
        "sum_ns": 153171.49999999997,
        "mean_ns": 6962.340909090908,
        "median_ns": 6575.027281746032,
        "min_ns": 2634.5,
        "max_ns": 19174.0,
        "variance_ns2": 12777748.03300866,
        "iqr_ns": 2359.641774140211,
        "q1_ns": 5047.571732253087,
        "q3_ns": 7407.213506393298
      },
      "first_seen_ts_ns": 1749763393859876801,
      "last_seen_ts_ns": 1749763409383681199,
      "duration_active_s": 15.523804398
    },
    {
      "tgid": 31,
      "comm": "bash",
      "cgroup_id": 6840,
      "on_cpu_stats_ns": {
        "count": 10.0,
        "sum_ns": 401366.5,
        "mean_ns": 40136.65,
        "median_ns": 33173.0,
        "min_ns": 9618.0,
        "max_ns": 111342.5,
        "variance_ns2": 988301123.5583333,
        "iqr_ns": 35924.024999999994,
        "q1_ns": 23616.666666666668,
        "q3_ns": 59540.691666666666
      },
      "runq_latency_stats_ns": {
        "count": 10.0,
        "sum_ns": 72417.0,
        "mean_ns": 7241.7,
        "median_ns": 4168.0,
        "min_ns": 1188.0,
        "max_ns": 20812.0,
        "variance_ns2": 40788355.95555556,
        "iqr_ns": 3768.749999999999,
        "q1_ns": 3355.416666666667,
        "q3_ns": 7124.166666666666
      },
      "first_seen_ts_ns": 1749763352239867817,
      "last_seen_ts_ns": 1749763410510167452,
      "duration_active_s": 58.270299635
    }
  ]
}
[21:23:35] Cleanup complete. Exiting.
