ln: failed to create symbolic link '/mnt/flux/view/lib/python': File exists
ln: failed to create symbolic link '/mnt/flux/view/lib/python3': File exists
unlimited
PROGRAM: futex
Looking for /opt/programs/futex/ebpf-collect.c
[07:19:22] Starting eBPF (Tracepoints for futex syscalls).
[07:19:23] BPF program loaded and tracepoints automatically attached.
[07:19:23] Start Indicator file defined '/mnt/flux/start_ebpf_collection'. Waiting.
[07:19:28] Start indicator found. Proceeding.
[07:19:28] Ring buffers opened. Polling for events...
[07:20:40] 
Indicator file '/mnt/flux/stop_ebpf_collection' found. Stopping.
[07:20:40] Cleaning up BPF resources...
{
  "final_aggregated_futex_summary_river": [
    {
      "tgid": 9248,
      "comm": "kubelet",
      "cgroup_id": 4138,
      "wait_duration_stats_ns": {
        "count": 7747.0,
        "sum": 1754175733139.0002,
        "mean": 226432907.33690464,
        "median": 11154714.100009706,
        "min": 870,
        "max": 60925843610,
        "variance_ns2": 5.342881283363368e+18,
        "iqr_ns": 31648848.950635076,
        "q1_ns": 698404.0945214469,
        "q3_ns": 32347253.045156524
      },
      "futex_op_counts": {
        "128": 7747
      },
      "first_seen_ts_ns": 10834816209142,
      "last_seen_ts_ns": 10911682469899
    },
    {
      "tgid": 9200,
      "comm": "containerd",
      "cgroup_id": 4085,
      "wait_duration_stats_ns": {
        "count": 6112.0,
        "sum": 1621840000569.9968,
        "mean": 265353403.2346199,
        "median": 1916805.4504783868,
        "min": 900,
        "max": 29733033378,
        "variance_ns2": 1.9208174858529871e+18,
        "iqr_ns": 104733882.00332756,
        "q1_ns": 84009.47415109827,
        "q3_ns": 104817891.47747867
      },
      "futex_op_counts": {
        "128": 6112
      },
      "first_seen_ts_ns": 10834884276230,
      "last_seen_ts_ns": 10911597999465
    },
    {
      "tgid": 9357,
      "comm": "containerd-shim",
      "cgroup_id": 4085,
      "wait_duration_stats_ns": {
        "count": 912.0,
        "sum": 482939296268.99976,
        "mean": 529538702.04934186,
        "median": 456496.50290346856,
        "min": 860,
        "max": 11022171285,
        "variance_ns2": 2.6404292753098296e+18,
        "iqr_ns": 35890919.82297381,
        "q1_ns": 70863.83911394846,
        "q3_ns": 35961783.66208776
      },
      "futex_op_counts": {
        "128": 912
      },
      "first_seen_ts_ns": 10835178828481,
      "last_seen_ts_ns": 10908816738735
    },
    {
      "tgid": 12421,
      "comm": "coredns",
      "cgroup_id": 5916,
      "wait_duration_stats_ns": {
        "count": 775.0,
        "sum": 364910982998.0,
        "mean": 470852881.28774196,
        "median": 83902741.07765989,
        "min": 1200,
        "max": 20995128120,
        "variance_ns2": 1.1325755911542135e+18,
        "iqr_ns": 885797090.8698422,
        "q1_ns": 132924.815830989,
        "q3_ns": 885930015.6856731
      },
      "futex_op_counts": {
        "128": 775
      },
      "first_seen_ts_ns": 10835256057574,
      "last_seen_ts_ns": 10911653075714
    },
    {
      "tgid": 13515,
      "comm": "containerd-shim",
      "cgroup_id": 4085,
      "wait_duration_stats_ns": {
        "count": 152.0,
        "sum": 363610777213.0001,
        "mean": 2392176165.875001,
        "median": 6803210.579271292,
        "min": 790,
        "max": 30003269060,
        "variance_ns2": 3.644143193061746e+19,
        "iqr_ns": 3527861844.080292,
        "q1_ns": 87691.64716786509,
        "q3_ns": 3527949535.72746
      },
      "futex_op_counts": {
        "128": 152
      },
      "first_seen_ts_ns": 10848417483131,
      "last_seen_ts_ns": 10909619956005
    },
    {
      "tgid": 12354,
      "comm": "coredns",
      "cgroup_id": 5776,
      "wait_duration_stats_ns": {
        "count": 689.0,
        "sum": 360139079045.0001,
        "mean": 522698227.9317854,
        "median": 52235054.08291504,
        "min": 1190,
        "max": 9999429192,
        "variance_ns2": 1.087792206869717e+18,
        "iqr_ns": 968640843.2910849,
        "q1_ns": 161404.9659242656,
        "q3_ns": 968802248.2570091
      },
      "futex_op_counts": {
        "128": 689
      },
      "first_seen_ts_ns": 10835572399054,
      "last_seen_ts_ns": 10911585113111
    },
    {
      "tgid": 267637,
      "comm": "containerd-shim",
      "cgroup_id": 4085,
      "wait_duration_stats_ns": {
        "count": 279.0,
        "sum": 345809591277.00006,
        "mean": 1239460900.6344087,
        "median": 7877756.763934076,
        "min": 830,
        "max": 30002936322,
        "variance_ns2": 1.5744079276288838e+19,
        "iqr_ns": 9547506.410493389,
        "q1_ns": 320419.9147232701,
        "q3_ns": 9867926.325216658
      },
      "futex_op_counts": {
        "128": 279
      },
      "first_seen_ts_ns": 10839596173140,
      "last_seen_ts_ns": 10911046450592
    },
    {
      "tgid": 267178,
      "comm": "containerd-shim",
      "cgroup_id": 4085,
      "wait_duration_stats_ns": {
        "count": 76.0,
        "sum": 330287796395.0,
        "mean": 4345892057.828947,
        "median": 576581024.5826379,
        "min": 1290,
        "max": 30010157327,
        "variance_ns2": 5.612691833249023e+19,
        "iqr_ns": 5086524196.636861,
        "q1_ns": 4411238.159381895,
        "q3_ns": 5090935434.796243
      },
      "futex_op_counts": {
        "128": 76
      },
      "first_seen_ts_ns": 10848417999435,
      "last_seen_ts_ns": 10908815771269
    },
    {
      "tgid": 9526,
      "comm": "kube-proxy",
      "cgroup_id": 4866,
      "wait_duration_stats_ns": {
        "count": 87.0,
        "sum": 323238317057.0,
        "mean": 3715382954.6781607,
        "median": 1652399328.590105,
        "min": 3740,
        "max": 29992042640,
        "variance_ns2": 4.626317549818833e+19,
        "iqr_ns": 3612694712.8038874,
        "q1_ns": 128875934.37415898,
        "q3_ns": 3741570647.178046
      },
      "futex_op_counts": {
        "128": 87
      },
      "first_seen_ts_ns": 10844325029351,
      "last_seen_ts_ns": 10910635359328
    },
    {
      "tgid": 9823,
      "comm": "aws-k8s-agent",
      "cgroup_id": 5006,
      "wait_duration_stats_ns": {
        "count": 372.0,
        "sum": 316825180535.9996,
        "mean": 851680592.8387085,
        "median": 85901362.12119247,
        "min": 2041,
        "max": 31749679268,
        "variance_ns2": 5.123086678140484e+18,
        "iqr_ns": 1219334989.8332005,
        "q1_ns": 1547765.115671135,
        "q3_ns": 1220882754.9488716
      },
      "futex_op_counts": {
        "128": 372
      },
      "first_seen_ts_ns": 10835309467250,
      "last_seen_ts_ns": 10910541217146
    },
    {
      "tgid": 11063,
      "comm": "metrics-server",
      "cgroup_id": 5496,
      "wait_duration_stats_ns": {
        "count": 1430.0,
        "sum": 307925555105.9999,
        "mean": 215332556.01818174,
        "median": 141310942.96027735,
        "min": 1340,
        "max": 30007701389,
        "variance_ns2": 1.4823798273282857e+18,
        "iqr_ns": 119358235.05703329,
        "q1_ns": 68144452.46056761,
        "q3_ns": 187502687.5176009
      },
      "futex_op_counts": {
        "128": 1430
      },
      "first_seen_ts_ns": 10834810087409,
      "last_seen_ts_ns": 10911495491788
    },
    {
      "tgid": 9359,
      "comm": "containerd-shim",
      "cgroup_id": 4085,
      "wait_duration_stats_ns": {
        "count": 82.0,
        "sum": 302816125988.0001,
        "mean": 3692879585.2195134,
        "median": 479177922.38041425,
        "min": 900,
        "max": 29998952750,
        "variance_ns2": 4.254850509898421e+19,
        "iqr_ns": 7367605541.014674,
        "q1_ns": 43137927.058922075,
        "q3_ns": 7410743468.073596
      },
      "futex_op_counts": {
        "128": 82
      },
      "first_seen_ts_ns": 10847012705204,
      "last_seen_ts_ns": 10908819157649
    },
    {
      "tgid": 12333,
      "comm": "containerd-shim",
      "cgroup_id": 4085,
      "wait_duration_stats_ns": {
        "count": 71.0,
        "sum": 301267222572.99994,
        "mean": 4243200317.9295764,
        "median": 192930532.56797108,
        "min": 12330,
        "max": 30000835631,
        "variance_ns2": 5.975116566808954e+19,
        "iqr_ns": 5081876066.175712,
        "q1_ns": 11626440.47567435,
        "q3_ns": 5093502506.651386
      },
      "futex_op_counts": {
        "128": 71
      },
      "first_seen_ts_ns": 10835528199394,
      "last_seen_ts_ns": 10908817708741
    },
    {
      "tgid": 11055,
      "comm": "metrics-server",
      "cgroup_id": 5426,
      "wait_duration_stats_ns": {
        "count": 1418.0,
        "sum": 277975771747.00037,
        "mean": 196033689.52538812,
        "median": 125032892.77756135,
        "min": 1400,
        "max": 14127599385,
        "variance_ns2": 4.018394930434275e+17,
        "iqr_ns": 128512222.58416271,
        "q1_ns": 78813405.12143871,
        "q3_ns": 207325627.70560142
      },
      "futex_op_counts": {
        "128": 1418
      },
      "first_seen_ts_ns": 10834938103848,
      "last_seen_ts_ns": 10911660731369
    },
    {
      "tgid": 9236,
      "comm": "ssm-agent-worke",
      "cgroup_id": 3429,
      "wait_duration_stats_ns": {
        "count": 129.0,
        "sum": 276848083816.99994,
        "mean": 2146109176.8759685,
        "median": 1443422816.3156157,
        "min": 36081,
        "max": 37142036219,
        "variance_ns2": 1.8334297923282164e+19,
        "iqr_ns": 1558479664.6094363,
        "q1_ns": 428839779.0344989,
        "q3_ns": 1987319443.6439352
      },
      "futex_op_counts": {
        "128": 129
      },
      "first_seen_ts_ns": 10840030340121,
      "last_seen_ts_ns": 10910510588738
    },
    {
      "tgid": 10899,
      "comm": "containerd-shim",
      "cgroup_id": 4085,
      "wait_duration_stats_ns": {
        "count": 75.0,
        "sum": 271275056215.0,
        "mean": 3617000749.5333333,
        "median": 111064200.82625075,
        "min": 880,
        "max": 30001356352,
        "variance_ns2": 4.5318983901921935e+19,
        "iqr_ns": 4017904984.11162,
        "q1_ns": 32951941.00481981,
        "q3_ns": 4050856925.11644
      },
      "futex_op_counts": {
        "128": 75
      },
      "first_seen_ts_ns": 10848416132505,
      "last_seen_ts_ns": 10908819620892
    },
    {
      "tgid": 10895,
      "comm": "containerd-shim",
      "cgroup_id": 4085,
      "wait_duration_stats_ns": {
        "count": 71.0,
        "sum": 271260640328.0,
        "mean": 3820572398.9859157,
        "median": 524240333.6844805,
        "min": 1290,
        "max": 30003995032,
        "variance_ns2": 3.745342987389758e+19,
        "iqr_ns": 5682861834.778821,
        "q1_ns": 57270380.012939654,
        "q3_ns": 5740132214.79176
      },
      "futex_op_counts": {
        "128": 71
      },
      "first_seen_ts_ns": 10848419389142,
      "last_seen_ts_ns": 10908813717284
    },
    {
      "tgid": 11568,
      "comm": "containerd-shim",
      "cgroup_id": 4085,
      "wait_duration_stats_ns": {
        "count": 70.0,
        "sum": 271255818207.00006,
        "mean": 3875083117.242858,
        "median": 117575741.7496956,
        "min": 6100,
        "max": 30000855068,
        "variance_ns2": 4.801518669747268e+19,
        "iqr_ns": 8323741300.491425,
        "q1_ns": 11530438.33177622,
        "q3_ns": 8335271738.823201
      },
      "futex_op_counts": {
        "128": 70
      },
      "first_seen_ts_ns": 10848420542873,
      "last_seen_ts_ns": 10908814270029
    },
    {
      "tgid": 13699,
      "comm": "manager",
      "cgroup_id": 6244,
      "wait_duration_stats_ns": {
        "count": 665.0,
        "sum": 255336030166.0001,
        "mean": 383963955.13684225,
        "median": 248705415.85071132,
        "min": 1490,
        "max": 21572106374,
        "variance_ns2": 1.0403641211497604e+18,
        "iqr_ns": 488673634.15633696,
        "q1_ns": 10830242.310161794,
        "q3_ns": 499503876.46649873
      },
      "futex_op_counts": {
        "128": 665
      },
      "first_seen_ts_ns": 10835414578887,
      "last_seen_ts_ns": 10911423573127
    },
    {
      "tgid": 13578,
      "comm": "kube-rbac-proxy",
      "cgroup_id": 6174,
      "wait_duration_stats_ns": {
        "count": 101.0,
        "sum": 240191190981.0,
        "mean": 2378130603.7722774,
        "median": 2912510679.116851,
        "min": 4600,
        "max": 20010311922,
        "variance_ns2": 9.743639346831698e+18,
        "iqr_ns": 4404911828.350705,
        "q1_ns": 151722257.95201007,
        "q3_ns": 4556634086.302715
      },
      "futex_op_counts": {
        "128": 101
      },
      "first_seen_ts_ns": 10843904977992,
      "last_seen_ts_ns": 10908905039462
    },
    {
      "tgid": 9961,
      "comm": "controller",
      "cgroup_id": 5076,
      "wait_duration_stats_ns": {
        "count": 314.0,
        "sum": 203169251556.99994,
        "mean": 647035832.9840763,
        "median": 492791112.2833388,
        "min": 1660,
        "max": 10012521556,
        "variance_ns2": 1.6917093475293512e+18,
        "iqr_ns": 12002482.01207447,
        "q1_ns": 486406186.2465375,
        "q3_ns": 498408668.258612
      },
      "futex_op_counts": {
        "128": 314
      },
      "first_seen_ts_ns": 10835705963783,
      "last_seen_ts_ns": 10911206657099
    },
    {
      "tgid": 268351,
      "comm": "xhpcg",
      "cgroup_id": 91783,
      "wait_duration_stats_ns": {
        "count": 1388.0,
        "sum": 5146136877.00001,
        "mean": 3707591.40994237,
        "median": 2260477.3449939582,
        "min": 81433,
        "max": 40489862,
        "variance_ns2": 28026338598451.547,
        "iqr_ns": 165414.8983117221,
        "q1_ns": 2110466.6435387777,
        "q3_ns": 2275881.5418505
      },
      "futex_op_counts": {
        "128": 1388
      },
      "first_seen_ts_ns": 10840175399716,
      "last_seen_ts_ns": 10861503881222
    },
    {
      "tgid": 268360,
      "comm": "xhpcg",
      "cgroup_id": 91783,
      "wait_duration_stats_ns": {
        "count": 1378.0,
        "sum": 5110464617.9999895,
        "mean": 3708610.02757619,
        "median": 2270575.738951669,
        "min": 124324,
        "max": 48169116,
        "variance_ns2": 27648700605205.113,
        "iqr_ns": 4870533.43482271,
        "q1_ns": 2095559.0299819957,
        "q3_ns": 6966092.464804706
      },
      "futex_op_counts": {
        "128": 1378
      },
      "first_seen_ts_ns": 10840174460761,
      "last_seen_ts_ns": 10861500119992
    },
    {
      "tgid": 268365,
      "comm": "xhpcg",
      "cgroup_id": 91783,
      "wait_duration_stats_ns": {
        "count": 1375.0,
        "sum": 5102974500.0,
        "mean": 3711254.181818182,
        "median": 2189999.306565622,
        "min": 31621,
        "max": 40631835,
        "variance_ns2": 28669550085302.15,
        "iqr_ns": 2346107.8759431783,
        "q1_ns": 2062813.0444795836,
        "q3_ns": 4408920.920422762
      },
      "futex_op_counts": {
        "128": 1375
      },
      "first_seen_ts_ns": 10840174384679,
      "last_seen_ts_ns": 10861503949744
    },
    {
      "tgid": 268353,
      "comm": "xhpcg",
      "cgroup_id": 91783,
      "wait_duration_stats_ns": {
        "count": 1394.0,
        "sum": 5085942969.999989,
        "mean": 3648452.632711613,
        "median": 2440018.9438754097,
        "min": 50481,
        "max": 42671289,
        "variance_ns2": 28374225094805.824,
        "iqr_ns": 1143524.1509615257,
        "q1_ns": 2047834.021248707,
        "q3_ns": 3191358.172210233
      },
      "futex_op_counts": {
        "128": 1394
      },
      "first_seen_ts_ns": 10840174859372,
      "last_seen_ts_ns": 10861500221124
    },
    {
      "tgid": 268347,
      "comm": "xhpcg",
      "cgroup_id": 91783,
      "wait_duration_stats_ns": {
        "count": 1411.0,
        "sum": 5031566259.000009,
        "mean": 3565957.6605244568,
        "median": 2124227.898507054,
        "min": 80952,
        "max": 38548380,
        "variance_ns2": 26624069046089.88,
        "iqr_ns": 3469754.0730248736,
        "q1_ns": 1941903.3922658197,
        "q3_ns": 5411657.465290694
      },
      "futex_op_counts": {
        "128": 1411
      },
      "first_seen_ts_ns": 10840174534983,
      "last_seen_ts_ns": 10861500239135
    },
    {
      "tgid": 268363,
      "comm": "xhpcg",
      "cgroup_id": 91783,
      "wait_duration_stats_ns": {
        "count": 1359.0,
        "sum": 5021817982.00001,
        "mean": 3695230.3031640984,
        "median": 2192463.483344597,
        "min": 133844,
        "max": 39759122,
        "variance_ns2": 28189589639194.19,
        "iqr_ns": 4110100.4316232745,
        "q1_ns": 2055921.5080414882,
        "q3_ns": 6166021.9396647625
      },
      "futex_op_counts": {
        "128": 1359
      },
      "first_seen_ts_ns": 10840174365039,
      "last_seen_ts_ns": 10861504005115
    },
    {
      "tgid": 268358,
      "comm": "xhpcg",
      "cgroup_id": 91783,
      "wait_duration_stats_ns": {
        "count": 1372.0,
        "sum": 5020374320.999996,
        "mean": 3659164.9569970816,
        "median": 2202156.1102916943,
        "min": 29191,
        "max": 48110865,
        "variance_ns2": 26556322393704.402,
        "iqr_ns": 4996718.972216659,
        "q1_ns": 2082091.031687869,
        "q3_ns": 7078810.003904528
      },
      "futex_op_counts": {
        "128": 1372
      },
      "first_seen_ts_ns": 10840173990199,
      "last_seen_ts_ns": 10861503898192
    },
    {
      "tgid": 268341,
      "comm": "xhpcg",
      "cgroup_id": 91783,
      "wait_duration_stats_ns": {
        "count": 1390.0,
        "sum": 5007543509.999991,
        "mean": 3602549.287769778,
        "median": 2110299.7576301955,
        "min": 29010,
        "max": 42649897,
        "variance_ns2": 27353101909933.88,
        "iqr_ns": 2719628.0501542566,
        "q1_ns": 1991587.3712128468,
        "q3_ns": 4711215.421367103
      },
      "futex_op_counts": {
        "128": 1390
      },
      "first_seen_ts_ns": 10840174107202,
      "last_seen_ts_ns": 10861500453110
    },
    {
      "tgid": 268354,
      "comm": "xhpcg",
      "cgroup_id": 91783,
      "wait_duration_stats_ns": {
        "count": 1380.0,
        "sum": 4990521761.999994,
        "mean": 3616320.1173913004,
        "median": 2209612.9159441963,
        "min": 133664,
        "max": 47355785,
        "variance_ns2": 27187726310208.992,
        "iqr_ns": 4077675.7179082455,
        "q1_ns": 2060214.99475612,
        "q3_ns": 6137890.712664366
      },
      "futex_op_counts": {
        "128": 1380
      },
      "first_seen_ts_ns": 10840174725448,
      "last_seen_ts_ns": 10861500082450
    },
    {
      "tgid": 268349,
      "comm": "xhpcg",
      "cgroup_id": 91783,
      "wait_duration_stats_ns": {
        "count": 1380.0,
        "sum": 4968482205.999999,
        "mean": 3600349.4246376804,
        "median": 2053577.12926126,
        "min": 37271,
        "max": 38580310,
        "variance_ns2": 29457043069736.074,
        "iqr_ns": 1771247.8746832442,
        "q1_ns": 1926675.0135353361,
        "q3_ns": 3697922.8882185803
      },
      "futex_op_counts": {
        "128": 1380
      },
      "first_seen_ts_ns": 10840174447791,
      "last_seen_ts_ns": 10861500219304
    },
    {
      "tgid": 268339,
      "comm": "xhpcg",
      "cgroup_id": 91783,
      "wait_duration_stats_ns": {
        "count": 1389.0,
        "sum": 4955522505.999998,
        "mean": 3567690.7890568743,
        "median": 2160830.3859644383,
        "min": 22721,
        "max": 42833363,
        "variance_ns2": 28575026467045.273,
        "iqr_ns": 1802061.0567330068,
        "q1_ns": 1949805.9034764275,
        "q3_ns": 3751866.9602094344
      },
      "futex_op_counts": {
        "128": 1389
      },
      "first_seen_ts_ns": 10840174108962,
      "last_seen_ts_ns": 10861501407356
    },
    {
      "tgid": 268342,
      "comm": "xhpcg",
      "cgroup_id": 91783,
      "wait_duration_stats_ns": {
        "count": 1356.0,
        "sum": 4952099086.000001,
        "mean": 3651990.476401181,
        "median": 2163373.315809693,
        "min": 52491,
        "max": 40557983,
        "variance_ns2": 29122500083127.48,
        "iqr_ns": 2761990.08623448,
        "q1_ns": 2006831.3796272632,
        "q3_ns": 4768821.465861743
      },
      "futex_op_counts": {
        "128": 1356
      },
      "first_seen_ts_ns": 10840173910737,
      "last_seen_ts_ns": 10861501522419
    },
    {
      "tgid": 268340,
      "comm": "xhpcg",
      "cgroup_id": 91783,
      "wait_duration_stats_ns": {
        "count": 1379.0,
        "sum": 4928740115.000005,
        "mean": 3574140.765047139,
        "median": 2101874.923741151,
        "min": 3060,
        "max": 42233697,
        "variance_ns2": 29246909289328.527,
        "iqr_ns": 2815780.738345459,
        "q1_ns": 1972161.9079237848,
        "q3_ns": 4787942.646269244
      },
      "futex_op_counts": {
        "128": 1379
      },
      "first_seen_ts_ns": 10840174842642,
      "last_seen_ts_ns": 10861500216424
    },
    {
      "tgid": 268338,
      "comm": "xhpcg",
      "cgroup_id": 91783,
      "wait_duration_stats_ns": {
        "count": 1373.0,
        "sum": 4927756589.000004,
        "mean": 3589043.4005826684,
        "median": 2072986.5099550083,
        "min": 26840,
        "max": 42647637,
        "variance_ns2": 30557548025400.215,
        "iqr_ns": 2548395.813184634,
        "q1_ns": 1955829.3524701076,
        "q3_ns": 4504225.165654741
      },
      "futex_op_counts": {
        "128": 1373
      },
      "first_seen_ts_ns": 10840174736409,
      "last_seen_ts_ns": 10861500219164
    },
    {
      "tgid": 268345,
      "comm": "xhpcg",
      "cgroup_id": 91783,
      "wait_duration_stats_ns": {
        "count": 1359.0,
        "sum": 4909602367.0,
        "mean": 3612658.1066961,
        "median": 2149377.943557728,
        "min": 34271,
        "max": 39245058,
        "variance_ns2": 28996065827143.098,
        "iqr_ns": 1748775.1350115214,
        "q1_ns": 1985321.3924180742,
        "q3_ns": 3734096.5274295956
      },
      "futex_op_counts": {
        "128": 1359
      },
      "first_seen_ts_ns": 10840174546754,
      "last_seen_ts_ns": 10861500415299
    },
    {
      "tgid": 268356,
      "comm": "xhpcg",
      "cgroup_id": 91783,
      "wait_duration_stats_ns": {
        "count": 1350.0,
        "sum": 4873990320.999997,
        "mean": 3610363.2007407383,
        "median": 2272078.326313154,
        "min": 82372,
        "max": 48649479,
        "variance_ns2": 27001505021493.965,
        "iqr_ns": 3956779.033313933,
        "q1_ns": 2095958.2426673148,
        "q3_ns": 6052737.275981247
      },
      "futex_op_counts": {
        "128": 1350
      },
      "first_seen_ts_ns": 10840174582124,
      "last_seen_ts_ns": 10861503908883
    },
    {
      "tgid": 268379,
      "comm": "xhpcg",
      "cgroup_id": 91783,
      "wait_duration_stats_ns": {
        "count": 1389.0,
        "sum": 4857725683.0,
        "mean": 3497282.7091432684,
        "median": 2026066.2196028742,
        "min": 101743,
        "max": 38637022,
        "variance_ns2": 29575614484096.81,
        "iqr_ns": 1014824.6963942782,
        "q1_ns": 1433173.3286735765,
        "q3_ns": 2447998.0250678547
      },
      "futex_op_counts": {
        "128": 1389
      },
      "first_seen_ts_ns": 10840173970888,
      "last_seen_ts_ns": 10861500591414
    },
    {
      "tgid": 268586,
      "comm": "xhpcg",
      "cgroup_id": 91783,
      "wait_duration_stats_ns": {
        "count": 1467.0,
        "sum": 4823377194.000002,
        "mean": 3287919.01431493,
        "median": 2150285.0474913404,
        "min": 41441,
        "max": 45626597,
        "variance_ns2": 21496201513074.15,
        "iqr_ns": 268109.38340617204,
        "q1_ns": 1989388.940891032,
        "q3_ns": 2257498.324297204
      },
      "futex_op_counts": {
        "128": 1467
      },
      "first_seen_ts_ns": 10862312569660,
      "last_seen_ts_ns": 10883734653440
    },
    {
      "tgid": 268602,
      "comm": "xhpcg",
      "cgroup_id": 91783,
      "wait_duration_stats_ns": {
        "count": 1468.0,
        "sum": 4797058445.000003,
        "mean": 3267750.984332427,
        "median": 2159478.398319306,
        "min": 215036,
        "max": 45536345,
        "variance_ns2": 20646621625792.863,
        "iqr_ns": 3089726.910641427,
        "q1_ns": 2006061.9036709573,
        "q3_ns": 5095788.814312384
      },
      "futex_op_counts": {
        "128": 1468
      },
      "first_seen_ts_ns": 10862313011411,
      "last_seen_ts_ns": 10883734606249
    },
    {
      "tgid": 268594,
      "comm": "xhpcg",
      "cgroup_id": 91783,
      "wait_duration_stats_ns": {
        "count": 1463.0,
        "sum": 4795901118.999999,
        "mean": 3278127.9008885846,
        "median": 2144168.93035543,
        "min": 205016,
        "max": 48996278,
        "variance_ns2": 21740368946381.21,
        "iqr_ns": 469438.1465967661,
        "q1_ns": 2004685.6393117262,
        "q3_ns": 2474123.7859084923
      },
      "futex_op_counts": {
        "128": 1463
      },
      "first_seen_ts_ns": 10862312487187,
      "last_seen_ts_ns": 10883734302841
    },
    {
      "tgid": 268592,
      "comm": "xhpcg",
      "cgroup_id": 91783,
      "wait_duration_stats_ns": {
        "count": 1467.0,
        "sum": 4784545772.000006,
        "mean": 3261449.060668034,
        "median": 2133401.3363065035,
        "min": 41281,
        "max": 47744953,
        "variance_ns2": 21319030672201.273,
        "iqr_ns": 922883.6588052027,
        "q1_ns": 2001316.5191302304,
        "q3_ns": 2924200.177935433
      },
      "futex_op_counts": {
        "128": 1467
      },
      "first_seen_ts_ns": 10862312894158,
      "last_seen_ts_ns": 10883733698585
    },
    {
      "tgid": 268579,
      "comm": "xhpcg",
      "cgroup_id": 91783,
      "wait_duration_stats_ns": {
        "count": 1482.0,
        "sum": 4776379309.000001,
        "mean": 3222928.0087719304,
        "median": 2160389.8931923895,
        "min": 28851,
        "max": 45618657,
        "variance_ns2": 19568008350577.836,
        "iqr_ns": 387970.14673367376,
        "q1_ns": 1998467.7215985288,
        "q3_ns": 2386437.8683322025
      },
      "futex_op_counts": {
        "128": 1482
      },
      "first_seen_ts_ns": 10862313295649,
      "last_seen_ts_ns": 10883734659500
    },
    {
      "tgid": 268377,
      "comm": "xhpcg",
      "cgroup_id": 91783,
      "wait_duration_stats_ns": {
        "count": 1403.0,
        "sum": 4772312483.000001,
        "mean": 3401505.6899501076,
        "median": 2035561.5786246944,
        "min": 74382,
        "max": 42679819,
        "variance_ns2": 28024913523778.85,
        "iqr_ns": 3980234.01935191,
        "q1_ns": 1424116.280946916,
        "q3_ns": 5404350.300298826
      },
      "futex_op_counts": {
        "128": 1403
      },
      "first_seen_ts_ns": 10840173981208,
      "last_seen_ts_ns": 10861499550046
    },
    {
      "tgid": 268578,
      "comm": "xhpcg",
      "cgroup_id": 91783,
      "wait_duration_stats_ns": {
        "count": 1463.0,
        "sum": 4763890021.999994,
        "mean": 3256247.4518113425,
        "median": 2113392.2906281436,
        "min": 279578,
        "max": 45475062,
        "variance_ns2": 21919940696419.19,
        "iqr_ns": 3849004.434455025,
        "q1_ns": 1985923.7140607394,
        "q3_ns": 5834928.148515765
      },
      "futex_op_counts": {
        "128": 1463
      },
      "first_seen_ts_ns": 10862312485487,
      "last_seen_ts_ns": 10883734525456
    },
    {
      "tgid": 268584,
      "comm": "xhpcg",
      "cgroup_id": 91783,
      "wait_duration_stats_ns": {
        "count": 1467.0,
        "sum": 4762013531.0,
        "mean": 3246089.659850034,
        "median": 2081737.8907748894,
        "min": 416442,
        "max": 45391621,
        "variance_ns2": 21577290705826.875,
        "iqr_ns": 2085915.19259793,
        "q1_ns": 1976013.403647186,
        "q3_ns": 4061928.596245116
      },
      "futex_op_counts": {
        "128": 1467
      },
      "first_seen_ts_ns": 10862312858687,
      "last_seen_ts_ns": 10883734425304
    },
    {
      "tgid": 268596,
      "comm": "xhpcg",
      "cgroup_id": 91783,
      "wait_duration_stats_ns": {
        "count": 1456.0,
        "sum": 4761983644.999998,
        "mean": 3270593.162774724,
        "median": 2147858.987788854,
        "min": 167524,
        "max": 47461006,
        "variance_ns2": 21076590535232.84,
        "iqr_ns": 3758623.010093357,
        "q1_ns": 2031214.9743795716,
        "q3_ns": 5789837.984472929
      },
      "futex_op_counts": {
        "128": 1456
      },
      "first_seen_ts_ns": 10862312756204,
      "last_seen_ts_ns": 10883734349972
    },
    {
      "tgid": 268576,
      "comm": "xhpcg",
      "cgroup_id": 91783,
      "wait_duration_stats_ns": {
        "count": 1462.0,
        "sum": 4759614373.000001,
        "mean": 3255550.186730507,
        "median": 2033456.1219302956,
        "min": 34201,
        "max": 45406001,
        "variance_ns2": 23934525802965.09,
        "iqr_ns": 459997.0085799736,
        "q1_ns": 1905531.741363226,
        "q3_ns": 2365528.7499431996
      },
      "futex_op_counts": {
        "128": 1462
      },
      "first_seen_ts_ns": 10862312198930,
      "last_seen_ts_ns": 10883734849045
    },
    {
      "tgid": 268374,
      "comm": "xhpcg",
      "cgroup_id": 91783,
      "wait_duration_stats_ns": {
        "count": 1414.0,
        "sum": 4755400329.999993,
        "mean": 3363083.6845827396,
        "median": 1998654.2376096381,
        "min": 3520,
        "max": 42698199,
        "variance_ns2": 25262081315031.883,
        "iqr_ns": 5113269.50873708,
        "q1_ns": 1406813.6668730192,
        "q3_ns": 6520083.175610099
      },
      "futex_op_counts": {
        "128": 1414
      },
      "first_seen_ts_ns": 10840174359849,
      "last_seen_ts_ns": 10861499617708
    },
    {
      "tgid": 268600,
      "comm": "xhpcg",
      "cgroup_id": 91783,
      "wait_duration_stats_ns": {
        "count": 1462.0,
        "sum": 4745561031.999993,
        "mean": 3245937.7783857686,
        "median": 2102358.5471614837,
        "min": 221836,
        "max": 39943817,
        "variance_ns2": 21476713847403.188,
        "iqr_ns": 2812893.372089868,
        "q1_ns": 1987913.5292420941,
        "q3_ns": 4800806.901331962
      },
      "futex_op_counts": {
        "128": 1462
      },
      "first_seen_ts_ns": 10862313296719,
      "last_seen_ts_ns": 10883734362122
    },
    {
      "tgid": 268582,
      "comm": "xhpcg",
      "cgroup_id": 91783,
      "wait_duration_stats_ns": {
        "count": 1455.0,
        "sum": 4742249216.999999,
        "mean": 3259277.8123711334,
        "median": 2100585.1099569984,
        "min": 359829,
        "max": 45494764,
        "variance_ns2": 21100637049407.59,
        "iqr_ns": 3837955.4523219047,
        "q1_ns": 2019421.450421826,
        "q3_ns": 5857376.902743731
      },
      "futex_op_counts": {
        "128": 1455
      },
      "first_seen_ts_ns": 10862313040072,
      "last_seen_ts_ns": 10883734531437
    },
    {
      "tgid": 268590,
      "comm": "xhpcg",
      "cgroup_id": 91783,
      "wait_duration_stats_ns": {
        "count": 1450.0,
        "sum": 4741062020.0,
        "mean": 3269697.9448275864,
        "median": 2107874.789676034,
        "min": 181225,
        "max": 45613916,
        "variance_ns2": 23666250956569.453,
        "iqr_ns": 311541.2004779284,
        "q1_ns": 1965912.6979152923,
        "q3_ns": 2277453.8983932207
      },
      "futex_op_counts": {
        "128": 1450
      },
      "first_seen_ts_ns": 10862313074623,
      "last_seen_ts_ns": 10883734697971
    },
    {
      "tgid": 268588,
      "comm": "xhpcg",
      "cgroup_id": 91783,
      "wait_duration_stats_ns": {
        "count": 1450.0,
        "sum": 4740858262.999997,
        "mean": 3269557.422758619,
        "median": 2066164.6971949413,
        "min": 177935,
        "max": 52082730,
        "variance_ns2": 24117351746192.277,
        "iqr_ns": 275036.2288049683,
        "q1_ns": 1959594.0389506505,
        "q3_ns": 2234630.267755619
      },
      "futex_op_counts": {
        "128": 1450
      },
      "first_seen_ts_ns": 10862312506848,
      "last_seen_ts_ns": 10883741163154
    },
    {
      "tgid": 268598,
      "comm": "xhpcg",
      "cgroup_id": 91783,
      "wait_duration_stats_ns": {
        "count": 1461.0,
        "sum": 4731923807.999997,
        "mean": 3238825.3305954807,
        "median": 2156859.5452317307,
        "min": 44462,
        "max": 48248476,
        "variance_ns2": 20506009835482.504,
        "iqr_ns": 1947351.9910422983,
        "q1_ns": 2012538.5952236503,
        "q3_ns": 3959890.5862659486
      },
      "futex_op_counts": {
        "128": 1461
      },
      "first_seen_ts_ns": 10862312724784,
      "last_seen_ts_ns": 10883734599198
    },
    {
      "tgid": 268368,
      "comm": "xhpcg",
      "cgroup_id": 91783,
      "wait_duration_stats_ns": {
        "count": 1390.0,
        "sum": 4706605580.000009,
        "mean": 3386047.1798561215,
        "median": 1982464.123395487,
        "min": 9331,
        "max": 42686009,
        "variance_ns2": 30688649503257.008,
        "iqr_ns": 2367543.454570217,
        "q1_ns": 1413342.0210083602,
        "q3_ns": 3780885.4755785773
      },
      "futex_op_counts": {
        "128": 1390
      },
      "first_seen_ts_ns": 10840174098362,
      "last_seen_ts_ns": 10861499744451
    },
    {
      "tgid": 268366,
      "comm": "xhpcg",
      "cgroup_id": 91783,
      "wait_duration_stats_ns": {
        "count": 1383.0,
        "sum": 4703588495.000004,
        "mean": 3401003.973246568,
        "median": 2036412.589904476,
        "min": 2920,
        "max": 42701439,
        "variance_ns2": 29933197927952.88,
        "iqr_ns": 2997811.8500514254,
        "q1_ns": 1376175.7247520175,
        "q3_ns": 4373987.574803443
      },
      "futex_op_counts": {
        "128": 1383
      },
      "first_seen_ts_ns": 10840173599178,
      "last_seen_ts_ns": 10861499483134
    },
    {
      "tgid": 268373,
      "comm": "xhpcg",
      "cgroup_id": 91783,
      "wait_duration_stats_ns": {
        "count": 1392.0,
        "sum": 4702010993.000004,
        "mean": 3377881.4604885085,
        "median": 2006177.698194024,
        "min": 71962,
        "max": 42909006,
        "variance_ns2": 28637589323371.96,
        "iqr_ns": 2952532.445141582,
        "q1_ns": 1401884.7991253715,
        "q3_ns": 4354417.244266953
      },
      "futex_op_counts": {
        "128": 1392
      },
      "first_seen_ts_ns": 10840173340961,
      "last_seen_ts_ns": 10861500411219
    },
    {
      "tgid": 268371,
      "comm": "xhpcg",
      "cgroup_id": 91783,
      "wait_duration_stats_ns": {
        "count": 1400.0,
        "sum": 4689415006.0,
        "mean": 3349582.147142857,
        "median": 2007618.3289871719,
        "min": 56961,
        "max": 42705489,
        "variance_ns2": 28575780936797.582,
        "iqr_ns": 4375170.466664152,
        "q1_ns": 1405298.0580823014,
        "q3_ns": 5780468.524746453
      },
      "futex_op_counts": {
        "128": 1400
      },
      "first_seen_ts_ns": 10840173892946,
      "last_seen_ts_ns": 10861499566687
    },
    {
      "tgid": 268575,
      "comm": "xhpcg",
      "cgroup_id": 91783,
      "wait_duration_stats_ns": {
        "count": 1448.0,
        "sum": 4674053352.000007,
        "mean": 3227937.39779006,
        "median": 2030207.4527015951,
        "min": 75272,
        "max": 45400731,
        "variance_ns2": 24841232313506.727,
        "iqr_ns": 351610.15878669964,
        "q1_ns": 1895174.034296819,
        "q3_ns": 2246784.1930835187
      },
      "futex_op_counts": {
        "128": 1448
      },
      "first_seen_ts_ns": 10862312495838,
      "last_seen_ts_ns": 10883734455055
    },
    {
      "tgid": 268789,
      "comm": "xhpcg",
      "cgroup_id": 91783,
      "wait_duration_stats_ns": {
        "count": 1451.0,
        "sum": 4665215441.999996,
        "mean": 3215172.599586489,
        "median": 2148682.1588617098,
        "min": 110353,
        "max": 38325674,
        "variance_ns2": 20464936661104.492,
        "iqr_ns": 418460.80689221434,
        "q1_ns": 1994982.142870389,
        "q3_ns": 2413442.9497626033
      },
      "futex_op_counts": {
        "128": 1451
      },
      "first_seen_ts_ns": 10884565854375,
      "last_seen_ts_ns": 10905753695137
    },
    {
      "tgid": 268577,
      "comm": "xhpcg",
      "cgroup_id": 91783,
      "wait_duration_stats_ns": {
        "count": 1464.0,
        "sum": 4654842974.000009,
        "mean": 3179537.550546454,
        "median": 2049853.738213761,
        "min": 170944,
        "max": 45452162,
        "variance_ns2": 21162215386072.598,
        "iqr_ns": 2887893.948608909,
        "q1_ns": 1928061.5041190183,
        "q3_ns": 4815955.452727927
      },
      "futex_op_counts": {
        "128": 1464
      },
      "first_seen_ts_ns": 10862312344534,
      "last_seen_ts_ns": 10883734520446
    },
    {
      "tgid": 268807,
      "comm": "xhpcg",
      "cgroup_id": 91783,
      "wait_duration_stats_ns": {
        "count": 1447.0,
        "sum": 4654785221.000002,
        "mean": 3216852.2605390474,
        "median": 2157236.455669532,
        "min": 117043,
        "max": 42045233,
        "variance_ns2": 22454530251076.074,
        "iqr_ns": 210573.66391280596,
        "q1_ns": 2038317.7406128345,
        "q3_ns": 2248891.4045256404
      },
      "futex_op_counts": {
        "128": 1447
      },
      "first_seen_ts_ns": 10884565165327,
      "last_seen_ts_ns": 10905752730391
    },
    {
      "tgid": 268797,
      "comm": "xhpcg",
      "cgroup_id": 91783,
      "wait_duration_stats_ns": {
        "count": 1456.0,
        "sum": 4639953875.999998,
        "mean": 3186781.508241757,
        "median": 2157848.4993420546,
        "min": 78312,
        "max": 48209568,
        "variance_ns2": 20432169159214.207,
        "iqr_ns": 197022.51188500714,
        "q1_ns": 2053126.9606910332,
        "q3_ns": 2250149.4725760403
      },
      "futex_op_counts": {
        "128": 1456
      },
      "first_seen_ts_ns": 10884565915137,
      "last_seen_ts_ns": 10905753588364
    },
    {
      "tgid": 268799,
      "comm": "xhpcg",
      "cgroup_id": 91783,
      "wait_duration_stats_ns": {
        "count": 1444.0,
        "sum": 4618354556.000002,
        "mean": 3198306.479224378,
        "median": 2174459.4842864284,
        "min": 146283,
        "max": 49250556,
        "variance_ns2": 21226387686196.453,
        "iqr_ns": 206186.51984481816,
        "q1_ns": 2049241.3494748955,
        "q3_ns": 2255427.8693197137
      },
      "futex_op_counts": {
        "128": 1444
      },
      "first_seen_ts_ns": 10884565363442,
      "last_seen_ts_ns": 10905752752092
    },
    {
      "tgid": 268780,
      "comm": "xhpcg",
      "cgroup_id": 91783,
      "wait_duration_stats_ns": {
        "count": 1440.0,
        "sum": 4614063875.999999,
        "mean": 3204211.0249999994,
        "median": 2141707.656216297,
        "min": 13011,
        "max": 40170133,
        "variance_ns2": 22882531759480.902,
        "iqr_ns": 199331.6889074226,
        "q1_ns": 2009587.5819970262,
        "q3_ns": 2208919.270904449
      },
      "futex_op_counts": {
        "128": 1440
      },
      "first_seen_ts_ns": 10884565780513,
      "last_seen_ts_ns": 10905753807780
    },
    {
      "tgid": 268804,
      "comm": "xhpcg",
      "cgroup_id": 91783,
      "wait_duration_stats_ns": {
        "count": 1436.0,
        "sum": 4601484065.999996,
        "mean": 3204376.0905292453,
        "median": 2135442.032845847,
        "min": 113073,
        "max": 40651185,
        "variance_ns2": 23082328325339.414,
        "iqr_ns": 256333.37004164606,
        "q1_ns": 2014576.0717995507,
        "q3_ns": 2270909.4418411967
      },
      "futex_op_counts": {
        "128": 1436
      },
      "first_seen_ts_ns": 10884565812364,
      "last_seen_ts_ns": 10905753286816
    },
    {
      "tgid": 268784,
      "comm": "xhpcg",
      "cgroup_id": 91783,
      "wait_duration_stats_ns": {
        "count": 1440.0,
        "sum": 4599693414.999993,
        "mean": 3194231.53819444,
        "median": 2169503.8736234964,
        "min": 156524,
        "max": 38509329,
        "variance_ns2": 21852043757473.594,
        "iqr_ns": 197411.10226432816,
        "q1_ns": 2036493.429787272,
        "q3_ns": 2233904.5320516
      },
      "futex_op_counts": {
        "128": 1440
      },
      "first_seen_ts_ns": 10884566744419,
      "last_seen_ts_ns": 10905753718487
    },
    {
      "tgid": 268786,
      "comm": "xhpcg",
      "cgroup_id": 91783,
      "wait_duration_stats_ns": {
        "count": 1430.0,
        "sum": 4593663276.000008,
        "mean": 3212351.9412587467,
        "median": 2155087.5786041995,
        "min": 128863,
        "max": 41294703,
        "variance_ns2": 22382692956237.74,
        "iqr_ns": 207144.0150542697,
        "q1_ns": 2030253.925381336,
        "q3_ns": 2237397.9404356056
      },
      "futex_op_counts": {
        "128": 1430
      },
      "first_seen_ts_ns": 10884565739252,
      "last_seen_ts_ns": 10905753509232
    },
    {
      "tgid": 268802,
      "comm": "xhpcg",
      "cgroup_id": 91783,
      "wait_duration_stats_ns": {
        "count": 1446.0,
        "sum": 4581281328.999995,
        "mean": 3168244.3492392777,
        "median": 2153727.861878405,
        "min": 94992,
        "max": 48861865,
        "variance_ns2": 20025534744139.566,
        "iqr_ns": 147364.759939746,
        "q1_ns": 2054166.8374825479,
        "q3_ns": 2201531.597422294
      },
      "futex_op_counts": {
        "128": 1446
      },
      "first_seen_ts_ns": 10884565345672,
      "last_seen_ts_ns": 10905753625115
    },
    {
      "tgid": 268793,
      "comm": "xhpcg",
      "cgroup_id": 91783,
      "wait_duration_stats_ns": {
        "count": 1450.0,
        "sum": 4575500187.999995,
        "mean": 3155517.3710344797,
        "median": 2069540.3218266403,
        "min": 195115,
        "max": 39932936,
        "variance_ns2": 22335443560707.99,
        "iqr_ns": 296101.6885604649,
        "q1_ns": 1982684.2039851788,
        "q3_ns": 2278785.8925456437
      },
      "futex_op_counts": {
        "128": 1450
      },
      "first_seen_ts_ns": 10884565849295,
      "last_seen_ts_ns": 10905753439160
    },
    {
      "tgid": 268775,
      "comm": "xhpcg",
      "cgroup_id": 91783,
      "wait_duration_stats_ns": {
        "count": 1448.0,
        "sum": 4574866039.999997,
        "mean": 3159437.872928175,
        "median": 2112422.1112854523,
        "min": 40932,
        "max": 39362872,
        "variance_ns2": 21965132110097.547,
        "iqr_ns": 258252.8693201649,
        "q1_ns": 1977041.9975048723,
        "q3_ns": 2235294.866825037
      },
      "futex_op_counts": {
        "128": 1448
      },
      "first_seen_ts_ns": 10884566000829,
      "last_seen_ts_ns": 10905753510202
    },
    {
      "tgid": 268791,
      "comm": "xhpcg",
      "cgroup_id": 91783,
      "wait_duration_stats_ns": {
        "count": 1433.0,
        "sum": 4570666061.999989,
        "mean": 3189578.549895317,
        "median": 2124835.7735379236,
        "min": 167355,
        "max": 38337314,
        "variance_ns2": 22662901647637.945,
        "iqr_ns": 236409.42138309474,
        "q1_ns": 1976661.1985677432,
        "q3_ns": 2213070.619950838
      },
      "futex_op_counts": {
        "128": 1433
      },
      "first_seen_ts_ns": 10884565647609,
      "last_seen_ts_ns": 10905753697707
    },
    {
      "tgid": 268795,
      "comm": "xhpcg",
      "cgroup_id": 91783,
      "wait_duration_stats_ns": {
        "count": 1439.0,
        "sum": 4568756876.000003,
        "mean": 3174952.6587908287,
        "median": 2131844.034300287,
        "min": 46741,
        "max": 40494862,
        "variance_ns2": 21903097761237.156,
        "iqr_ns": 274916.5477451342,
        "q1_ns": 1984885.1127319229,
        "q3_ns": 2259801.660477057
      },
      "futex_op_counts": {
        "128": 1439
      },
      "first_seen_ts_ns": 10884565629739,
      "last_seen_ts_ns": 10905753700467
    },
    {
      "tgid": 268800,
      "comm": "xhpcg",
      "cgroup_id": 91783,
      "wait_duration_stats_ns": {
        "count": 1439.0,
        "sum": 4566091644.000008,
        "mean": 3173100.5170257175,
        "median": 2178017.461358727,
        "min": 137724,
        "max": 48315160,
        "variance_ns2": 20796289928305.59,
        "iqr_ns": 171500.4732725711,
        "q1_ns": 2043277.4484353268,
        "q3_ns": 2214777.921707898
      },
      "futex_op_counts": {
        "128": 1439
      },
      "first_seen_ts_ns": 10884565639769,
      "last_seen_ts_ns": 10905752761002
    },
    {
      "tgid": 268773,
      "comm": "xhpcg",
      "cgroup_id": 91783,
      "wait_duration_stats_ns": {
        "count": 1439.0,
        "sum": 4558020371.000006,
        "mean": 3167491.5712300246,
        "median": 2105133.725883158,
        "min": 78172,
        "max": 38263132,
        "variance_ns2": 23351991742805.99,
        "iqr_ns": 248345.53328964906,
        "q1_ns": 1941848.840876882,
        "q3_ns": 2190194.374166531
      },
      "futex_op_counts": {
        "128": 1439
      },
      "first_seen_ts_ns": 10884565421074,
      "last_seen_ts_ns": 10905754156239
    },
    {
      "tgid": 268772,
      "comm": "xhpcg",
      "cgroup_id": 91783,
      "wait_duration_stats_ns": {
        "count": 1443.0,
        "sum": 4455623593.000001,
        "mean": 3087750.2376992386,
        "median": 2054497.731232955,
        "min": 155474,
        "max": 38286012,
        "variance_ns2": 22512566885943.227,
        "iqr_ns": 179888.9088466491,
        "q1_ns": 1915348.1561031041,
        "q3_ns": 2095237.0649497532
      },
      "futex_op_counts": {
        "128": 1443
      },
      "first_seen_ts_ns": 10884565659670,
      "last_seen_ts_ns": 10905753715317
    },
    {
      "tgid": 268616,
      "comm": "xhpcg",
      "cgroup_id": 91783,
      "wait_duration_stats_ns": {
        "count": 1459.0,
        "sum": 4449578018.000004,
        "mean": 3049745.043180263,
        "median": 1950379.7671344804,
        "min": 14520,
        "max": 44450206,
        "variance_ns2": 24828005963869.383,
        "iqr_ns": 760487.8814464596,
        "q1_ns": 1407356.5741353387,
        "q3_ns": 2167844.455581798
      },
      "futex_op_counts": {
        "128": 1459
      },
      "first_seen_ts_ns": 10862312459077,
      "last_seen_ts_ns": 10883733491579
    },
    {
      "tgid": 268607,
      "comm": "xhpcg",
      "cgroup_id": 91783,
      "wait_duration_stats_ns": {
        "count": 1476.0,
        "sum": 4445106585.0,
        "mean": 3011589.8272357723,
        "median": 1881463.0900354804,
        "min": 102173,
        "max": 45541915,
        "variance_ns2": 21924273566671.242,
        "iqr_ns": 1013651.5618127834,
        "q1_ns": 1413797.4533452878,
        "q3_ns": 2427449.015158071
      },
      "futex_op_counts": {
        "128": 1476
      },
      "first_seen_ts_ns": 10862312550919,
      "last_seen_ts_ns": 10883734581508
    },
    {
      "tgid": 268618,
      "comm": "xhpcg",
      "cgroup_id": 91783,
      "wait_duration_stats_ns": {
        "count": 1436.0,
        "sum": 4427833959.000001,
        "mean": 3083449.8321727025,
        "median": 1945718.8478771949,
        "min": 28281,
        "max": 45288798,
        "variance_ns2": 25140124129950.824,
        "iqr_ns": 806503.2495326751,
        "q1_ns": 1393038.486921368,
        "q3_ns": 2199541.736454043
      },
      "futex_op_counts": {
        "128": 1436
      },
      "first_seen_ts_ns": 10862312351924,
      "last_seen_ts_ns": 10883734341742
    },
    {
      "tgid": 268614,
      "comm": "xhpcg",
      "cgroup_id": 91783,
      "wait_duration_stats_ns": {
        "count": 1458.0,
        "sum": 4415474562.000008,
        "mean": 3028446.2016460956,
        "median": 1963105.2111905785,
        "min": 101633,
        "max": 44445305,
        "variance_ns2": 22793671702704.836,
        "iqr_ns": 3803417.09859936,
        "q1_ns": 1423867.3885844708,
        "q3_ns": 5227284.487183831
      },
      "futex_op_counts": {
        "128": 1458
      },
      "first_seen_ts_ns": 10862311949523,
      "last_seen_ts_ns": 10883733501049
    },
    {
      "tgid": 268610,
      "comm": "xhpcg",
      "cgroup_id": 91783,
      "wait_duration_stats_ns": {
        "count": 1460.0,
        "sum": 4391821396.000002,
        "mean": 3008096.8465753435,
        "median": 1960265.6093253703,
        "min": 236066,
        "max": 45491793,
        "variance_ns2": 21599215570432.137,
        "iqr_ns": 4216235.672359108,
        "q1_ns": 1425008.9063123204,
        "q3_ns": 5641244.578671428
      },
      "futex_op_counts": {
        "128": 1460
      },
      "first_seen_ts_ns": 10862311786359,
      "last_seen_ts_ns": 10883734552077
    },
    {
      "tgid": 268604,
      "comm": "xhpcg",
      "cgroup_id": 91783,
      "wait_duration_stats_ns": {
        "count": 1456.0,
        "sum": 4374746635.999999,
        "mean": 3004633.678571428,
        "median": 1905363.0509196336,
        "min": 33581,
        "max": 45567795,
        "variance_ns2": 24354937003122.664,
        "iqr_ns": 818021.8952216189,
        "q1_ns": 1368439.5533938953,
        "q3_ns": 2186461.448615514
      },
      "futex_op_counts": {
        "128": 1456
      },
      "first_seen_ts_ns": 10862312208300,
      "last_seen_ts_ns": 10883734630129
    },
    {
      "tgid": 268612,
      "comm": "xhpcg",
      "cgroup_id": 91783,
      "wait_duration_stats_ns": {
        "count": 1457.0,
        "sum": 4362429486.999997,
        "mean": 2994117.6986959483,
        "median": 1971466.4526188404,
        "min": 96432,
        "max": 44435075,
        "variance_ns2": 23056467762299.027,
        "iqr_ns": 827687.3718942772,
        "q1_ns": 1408797.1936785607,
        "q3_ns": 2236484.565572838
      },
      "futex_op_counts": {
        "128": 1457
      },
      "first_seen_ts_ns": 10862312226500,
      "last_seen_ts_ns": 10883733489809
    },
    {
      "tgid": 268609,
      "comm": "xhpcg",
      "cgroup_id": 91783,
      "wait_duration_stats_ns": {
        "count": 1438.0,
        "sum": 4340018905.999998,
        "mean": 3018093.815020861,
        "median": 1960798.552020227,
        "min": 20271,
        "max": 44910288,
        "variance_ns2": 22861259731175.727,
        "iqr_ns": 5556173.245056181,
        "q1_ns": 1405732.3404855523,
        "q3_ns": 6961905.585541734
      },
      "futex_op_counts": {
        "128": 1438
      },
      "first_seen_ts_ns": 10862311950663,
      "last_seen_ts_ns": 10883733953651
    },
    {
      "tgid": 268381,
      "comm": "xhpcg",
      "cgroup_id": 91783,
      "wait_duration_stats_ns": {
        "count": 1281.0,
        "sum": 4319646826.999997,
        "mean": 3372089.63856362,
        "median": 1867477.9437440129,
        "min": 61802,
        "max": 44365755,
        "variance_ns2": 33729090676215.47,
        "iqr_ns": 2766792.6370420014,
        "q1_ns": 1370322.1658540391,
        "q3_ns": 4137114.8028960405
      },
      "futex_op_counts": {
        "128": 1281
      },
      "first_seen_ts_ns": 10840173893626,
      "last_seen_ts_ns": 10861499708770
    },
    {
      "tgid": 268817,
      "comm": "xhpcg",
      "cgroup_id": 91783,
      "wait_duration_stats_ns": {
        "count": 1473.0,
        "sum": 4285675641.000002,
        "mean": 2909487.875763749,
        "median": 1966893.230016808,
        "min": 50422,
        "max": 40749688,
        "variance_ns2": 19094803773734.39,
        "iqr_ns": 985330.4182772967,
        "q1_ns": 1465371.1887909197,
        "q3_ns": 2450701.6070682164
      },
      "futex_op_counts": {
        "128": 1473
      },
      "first_seen_ts_ns": 10884565161216,
      "last_seen_ts_ns": 10905753784019
    },
    {
      "tgid": 268815,
      "comm": "xhpcg",
      "cgroup_id": 91783,
      "wait_duration_stats_ns": {
        "count": 1489.0,
        "sum": 4282644790.0000014,
        "mean": 2876188.5762256556,
        "median": 1963972.7452790367,
        "min": 68612,
        "max": 41626512,
        "variance_ns2": 20172070589912.824,
        "iqr_ns": 767120.4997159033,
        "q1_ns": 1417240.5447094706,
        "q3_ns": 2184361.044425374
      },
      "futex_op_counts": {
        "128": 1489
      },
      "first_seen_ts_ns": 10884565257419,
      "last_seen_ts_ns": 10905753478481
    },
    {
      "tgid": 268821,
      "comm": "xhpcg",
      "cgroup_id": 91783,
      "wait_duration_stats_ns": {
        "count": 1437.0,
        "sum": 4234916499.999999,
        "mean": 2947053.9318023655,
        "median": 1942162.9305868095,
        "min": 95273,
        "max": 37970315,
        "variance_ns2": 22808166072725.76,
        "iqr_ns": 757250.5897038975,
        "q1_ns": 1387190.1592483344,
        "q3_ns": 2144440.748952232
      },
      "futex_op_counts": {
        "128": 1437
      },
      "first_seen_ts_ns": 10884565490105,
      "last_seen_ts_ns": 10905753687157
    },
    {
      "tgid": 268823,
      "comm": "xhpcg",
      "cgroup_id": 91783,
      "wait_duration_stats_ns": {
        "count": 1439.0,
        "sum": 4215419983.0000033,
        "mean": 2929409.3002084806,
        "median": 1934337.0281573383,
        "min": 73672,
        "max": 38012995,
        "variance_ns2": 23403119429810.22,
        "iqr_ns": 796074.3123109178,
        "q1_ns": 1375089.249774909,
        "q3_ns": 2171163.562085827
      },
      "futex_op_counts": {
        "128": 1439
      },
      "first_seen_ts_ns": 10884564805337,
      "last_seen_ts_ns": 10905753653786
    },
    {
      "tgid": 268819,
      "comm": "xhpcg",
      "cgroup_id": 91783,
      "wait_duration_stats_ns": {
        "count": 1445.0,
        "sum": 4201469394.999999,
        "mean": 2907591.2768166084,
        "median": 1971281.9800636794,
        "min": 95693,
        "max": 43500932,
        "variance_ns2": 22315478642084.418,
        "iqr_ns": 736392.8501900886,
        "q1_ns": 1426333.8492774977,
        "q3_ns": 2162726.6994675864
      },
      "futex_op_counts": {
        "128": 1445
      },
      "first_seen_ts_ns": 10884565016523,
      "last_seen_ts_ns": 10905752870115
    },
    {
      "tgid": 268811,
      "comm": "xhpcg",
      "cgroup_id": 91783,
      "wait_duration_stats_ns": {
        "count": 1446.0,
        "sum": 4190391370.0000043,
        "mean": 2897919.343015217,
        "median": 1925015.5453125858,
        "min": 171024,
        "max": 38906879,
        "variance_ns2": 23725073283147.336,
        "iqr_ns": 748004.2429862481,
        "q1_ns": 1361581.5773896368,
        "q3_ns": 2109585.820375885
      },
      "futex_op_counts": {
        "128": 1446
      },
      "first_seen_ts_ns": 10884564920430,
      "last_seen_ts_ns": 10905753703217
    },
    {
      "tgid": 268813,
      "comm": "xhpcg",
      "cgroup_id": 91783,
      "wait_duration_stats_ns": {
        "count": 1426.0,
        "sum": 4155236297.9999986,
        "mean": 2913910.4474053285,
        "median": 1951168.8499516214,
        "min": 40171,
        "max": 41216631,
        "variance_ns2": 23167260294822.86,
        "iqr_ns": 696448.0258405909,
        "q1_ns": 1415262.894864762,
        "q3_ns": 2111710.920705353
      },
      "futex_op_counts": {
        "128": 1426
      },
      "first_seen_ts_ns": 10884564649393,
      "last_seen_ts_ns": 10905753510222
    },
    {
      "tgid": 268809,
      "comm": "xhpcg",
      "cgroup_id": 91783,
      "wait_duration_stats_ns": {
        "count": 1434.0,
        "sum": 4132403774.0000014,
        "mean": 2881732.059972107,
        "median": 1924893.277658886,
        "min": 106113,
        "max": 37944884,
        "variance_ns2": 23994464985432.344,
        "iqr_ns": 716704.5923018777,
        "q1_ns": 1349136.3430684693,
        "q3_ns": 2065840.935370347
      },
      "futex_op_counts": {
        "128": 1434
      },
      "first_seen_ts_ns": 10884565970158,
      "last_seen_ts_ns": 10905752684270
    },
    {
      "tgid": 9099,
      "comm": "amazon-ssm-agen",
      "cgroup_id": 3429,
      "wait_duration_stats_ns": {
        "count": 431.0,
        "sum": 4020402461.9999986,
        "mean": 9328079.958236655,
        "median": 297555.3314340451,
        "min": 9920,
        "max": 994025582,
        "variance_ns2": 9097936565569376.0,
        "iqr_ns": 2578572.599120658,
        "q1_ns": 25796.61426544729,
        "q3_ns": 2604369.2133861054
      },
      "futex_op_counts": {
        "128": 431
      },
      "first_seen_ts_ns": 10880168358323,
      "last_seen_ts_ns": 10881209643217
    },
    {
      "tgid": 268495,
      "comm": "runc",
      "cgroup_id": 4085,
      "wait_duration_stats_ns": {
        "count": 299.0,
        "sum": 1797341960.9999998,
        "mean": 6011177.1270903,
        "median": 427161.0058890373,
        "min": 1110,
        "max": 235250023,
        "variance_ns2": 890781374983460.2,
        "iqr_ns": 2476078.270643269,
        "q1_ns": 53062.84092161544,
        "q3_ns": 2529141.1115648844
      },
      "futex_op_counts": {
        "128": 299
      },
      "first_seen_ts_ns": 10845727030536,
      "last_seen_ts_ns": 10845964404956
    },
    {
      "tgid": 268876,
      "comm": "runc",
      "cgroup_id": 4085,
      "wait_duration_stats_ns": {
        "count": 357.0,
        "sum": 1750635323.0000002,
        "mean": 4903740.400560224,
        "median": 507614.61049306166,
        "min": 990,
        "max": 215345971,
        "variance_ns2": 596862071835529.1,
        "iqr_ns": 2256558.3538079644,
        "q1_ns": 81777.87505525204,
        "q3_ns": 2338336.2288632165
      },
      "futex_op_counts": {
        "128": 357
      },
      "first_seen_ts_ns": 10893970502988,
      "last_seen_ts_ns": 10894202658369
    },
    {
      "tgid": 268647,
      "comm": "runc",
      "cgroup_id": 4085,
      "wait_duration_stats_ns": {
        "count": 380.0,
        "sum": 1722413917.0000002,
        "mean": 4532668.20263158,
        "median": 283333.640336333,
        "min": 1049,
        "max": 214803924,
        "variance_ns2": 684120987447986.1,
        "iqr_ns": 1665846.303756292,
        "q1_ns": 50314.68595615149,
        "q3_ns": 1716160.9897124434
      },
      "futex_op_counts": {
        "128": 380
      },
      "first_seen_ts_ns": 10863975477322,
      "last_seen_ts_ns": 10864198104385
    },
    {
      "tgid": 268523,
      "comm": "runc",
      "cgroup_id": 4085,
      "wait_duration_stats_ns": {
        "count": 235.0,
        "sum": 1702447837.0,
        "mean": 7244458.880851064,
        "median": 247761.11048233448,
        "min": 9101,
        "max": 253079579,
        "variance_ns2": 1453385335908955.2,
        "iqr_ns": 1703053.8417554165,
        "q1_ns": 39772.63008623119,
        "q3_ns": 1742826.4718416478
      },
      "futex_op_counts": {
        "128": 235
      },
      "first_seen_ts_ns": 10853970474030,
      "last_seen_ts_ns": 10854225378698
    },
    {
      "tgid": 268902,
      "comm": "runc",
      "cgroup_id": 4085,
      "wait_duration_stats_ns": {
        "count": 350.0,
        "sum": 1655382929.9999998,
        "mean": 4729665.514285713,
        "median": 273932.0950138319,
        "min": 12360,
        "max": 217094716,
        "variance_ns2": 549037955471734.94,
        "iqr_ns": 1735545.0352375573,
        "q1_ns": 59195.66644749086,
        "q3_ns": 1794740.7016850482
      },
      "futex_op_counts": {
        "128": 350
      },
      "first_seen_ts_ns": 10895725842707,
      "last_seen_ts_ns": 10895948156643
    },
    {
      "tgid": 268547,
      "comm": "runc",
      "cgroup_id": 4085,
      "wait_duration_stats_ns": {
        "count": 362.0,
        "sum": 1641907854.9999995,
        "mean": 4535657.0580110485,
        "median": 270601.7491406258,
        "min": 1120,
        "max": 232528521,
        "variance_ns2": 503054537395437.6,
        "iqr_ns": 1382177.9229001643,
        "q1_ns": 58208.149756578176,
        "q3_ns": 1440386.0726567425
      },
      "futex_op_counts": {
        "128": 362
      },
      "first_seen_ts_ns": 10855728144502,
      "last_seen_ts_ns": 10855978634402
    },
    {
      "tgid": 268672,
      "comm": "runc",
      "cgroup_id": 4085,
      "wait_duration_stats_ns": {
        "count": 337.0,
        "sum": 1563319006.0,
        "mean": 4638928.801186943,
        "median": 344015.31665238633,
        "min": 1000,
        "max": 267733696,
        "variance_ns2": 556347205885106.56,
        "iqr_ns": 2217333.6533269817,
        "q1_ns": 65076.34814602871,
        "q3_ns": 2282410.0014730105
      },
      "futex_op_counts": {
        "128": 337
      },
      "first_seen_ts_ns": 10865723217419,
      "last_seen_ts_ns": 10865991419447
    },
    {
      "tgid": 268723,
      "comm": "runc",
      "cgroup_id": 4085,
      "wait_duration_stats_ns": {
        "count": 355.0,
        "sum": 1501849132.9999995,
        "mean": 4230560.938028168,
        "median": 182217.13027722164,
        "min": 1040,
        "max": 224980667,
        "variance_ns2": 521639066331998.0,
        "iqr_ns": 708028.0628747323,
        "q1_ns": 44255.40246360666,
        "q3_ns": 752283.465338339
      },
      "futex_op_counts": {
        "128": 355
      },
      "first_seen_ts_ns": 10875721633028,
      "last_seen_ts_ns": 10875947512269
    },
    {
      "tgid": 268852,
      "comm": "runc",
      "cgroup_id": 4085,
      "wait_duration_stats_ns": {
        "count": 309.0,
        "sum": 1445071262.9999998,
        "mean": 4676606.029126213,
        "median": 258636.62454078885,
        "min": 900,
        "max": 204722147,
        "variance_ns2": 614045296496338.0,
        "iqr_ns": 2113795.9041782273,
        "q1_ns": 43714.910856564755,
        "q3_ns": 2157510.815034792
      },
      "futex_op_counts": {
        "128": 309
      },
      "first_seen_ts_ns": 10885730068153,
      "last_seen_ts_ns": 10885945904836
    },
    {
      "tgid": 268469,
      "comm": "runc",
      "cgroup_id": 4085,
      "wait_duration_stats_ns": {
        "count": 248.0,
        "sum": 1289594467.0000002,
        "mean": 5199977.68951613,
        "median": 442776.45942196355,
        "min": 8710,
        "max": 189568053,
        "variance_ns2": 646003247479943.6,
        "iqr_ns": 1641910.2160741452,
        "q1_ns": 52278.75197182721,
        "q3_ns": 1694188.9680459723
      },
      "futex_op_counts": {
        "128": 248
      },
      "first_seen_ts_ns": 10843982047621,
      "last_seen_ts_ns": 10844172898218
    },
    {
      "tgid": 268929,
      "comm": "runc",
      "cgroup_id": 4085,
      "wait_duration_stats_ns": {
        "count": 345.0,
        "sum": 1285549339.0,
        "mean": 3726229.968115942,
        "median": 217496.7168152612,
        "min": 1910,
        "max": 217461278,
        "variance_ns2": 522285603413608.8,
        "iqr_ns": 1050970.8024897624,
        "q1_ns": 46714.44711607517,
        "q3_ns": 1097685.2496058375
      },
      "futex_op_counts": {
        "128": 345
      },
      "first_seen_ts_ns": 10903988113916,
      "last_seen_ts_ns": 10904206528040
    },
    {
      "tgid": 268682,
      "comm": "runc:[2:INIT]",
      "cgroup_id": 5006,
      "wait_duration_stats_ns": {
        "count": 34.0,
        "sum": 970833858.9999996,
        "mean": 28553937.029411756,
        "median": 1837417.4546985214,
        "min": 45011,
        "max": 158721236,
        "variance_ns2": 2920795067803908.5,
        "iqr_ns": 9234196.135166658,
        "q1_ns": 866649.9317576382,
        "q3_ns": 10100846.066924296
      },
      "futex_op_counts": {
        "128": 34
      },
      "first_seen_ts_ns": 10865830408570,
      "last_seen_ts_ns": 10865991429328
    },
    {
      "tgid": 268954,
      "comm": "runc",
      "cgroup_id": 4085,
      "wait_duration_stats_ns": {
        "count": 373.0,
        "sum": 960745662.0000001,
        "mean": 2575725.6353887403,
        "median": 114506.90922709028,
        "min": 850,
        "max": 150654754,
        "variance_ns2": 319546429162459.8,
        "iqr_ns": 1184731.5161437963,
        "q1_ns": 33255.263737386864,
        "q3_ns": 1217986.779881183
      },
      "futex_op_counts": {
        "128": 373
      },
      "first_seen_ts_ns": 10905725939256,
      "last_seen_ts_ns": 10905893093220
    },
    {
      "tgid": 268700,
      "comm": "runc",
      "cgroup_id": 4085,
      "wait_duration_stats_ns": {
        "count": 393.0,
        "sum": 952372348.0000002,
        "mean": 2423339.3078880413,
        "median": 110149.94086126458,
        "min": 930,
        "max": 163350141,
        "variance_ns2": 293612508332654.44,
        "iqr_ns": 712359.6801090542,
        "q1_ns": 26806.63587931437,
        "q3_ns": 739166.3159883686
      },
      "futex_op_counts": {
        "128": 393
      },
      "first_seen_ts_ns": 10873962672593,
      "last_seen_ts_ns": 10874129462197
    },
    {
      "tgid": 268534,
      "comm": "runc:[2:INIT]",
      "cgroup_id": 5006,
      "wait_duration_stats_ns": {
        "count": 23.0,
        "sum": 937240555.0,
        "mean": 40749589.347826086,
        "median": 5949826.484846923,
        "min": 140943,
        "max": 185642008,
        "variance_ns2": 5237556608880892.0,
        "iqr_ns": 87482541.96335404,
        "q1_ns": 445175.4053070389,
        "q3_ns": 87927717.36866108
      },
      "futex_op_counts": {
        "128": 23
      },
      "first_seen_ts_ns": 10854034392937,
      "last_seen_ts_ns": 10854225219643
    },
    {
      "tgid": 268480,
      "comm": "runc:[2:INIT]",
      "cgroup_id": 5006,
      "wait_duration_stats_ns": {
        "count": 23.0,
        "sum": 836539401.0000002,
        "mean": 36371278.304347835,
        "median": 16668458.813268423,
        "min": 17851,
        "max": 147088609,
        "variance_ns2": 3180902962173607.0,
        "iqr_ns": 55679518.84357205,
        "q1_ns": 3630216.0945453215,
        "q3_ns": 59309734.93811737
      },
      "futex_op_counts": {
        "128": 23
      },
      "first_seen_ts_ns": 10844012754531,
      "last_seen_ts_ns": 10844189826710
    },
    {
      "tgid": 268939,
      "comm": "runc:[2:INIT]",
      "cgroup_id": 5006,
      "wait_duration_stats_ns": {
        "count": 35.0,
        "sum": 828025451.9999999,
        "mean": 23657870.057142854,
        "median": 2483069.237946218,
        "min": 21420,
        "max": 161755100,
        "variance_ns2": 2541813401942975.5,
        "iqr_ns": 6974037.328158541,
        "q1_ns": 298401.39915327495,
        "q3_ns": 7272438.727311816
      },
      "futex_op_counts": {
        "128": 35
      },
      "first_seen_ts_ns": 10904038057640,
      "last_seen_ts_ns": 10904206525960
    },
    {
      "tgid": 268507,
      "comm": "runc:[2:INIT]",
      "cgroup_id": 5006,
      "wait_duration_stats_ns": {
        "count": 36.0,
        "sum": 795060083.9999998,
        "mean": 22085002.33333333,
        "median": 3065222.4511573724,
        "min": 11960,
        "max": 155426242,
        "variance_ns2": 2230949654693432.8,
        "iqr_ns": 2538190.417308305,
        "q1_ns": 192974.89107246127,
        "q3_ns": 2731165.3083807663
      },
      "futex_op_counts": {
        "128": 36
      },
      "first_seen_ts_ns": 10845803928520,
      "last_seen_ts_ns": 10845964358734
    },
    {
      "tgid": 268659,
      "comm": "runc:[2:INIT]",
      "cgroup_id": 5006,
      "wait_duration_stats_ns": {
        "count": 30.0,
        "sum": 794589948.0,
        "mean": 26486331.6,
        "median": 1527698.4644669315,
        "min": 1890,
        "max": 157729041,
        "variance_ns2": 2585966955561027.5,
        "iqr_ns": 26156090.269286234,
        "q1_ns": 278838.913168043,
        "q3_ns": 26434929.182454277
      },
      "futex_op_counts": {
        "128": 30
      },
      "first_seen_ts_ns": 10864031079636,
      "last_seen_ts_ns": 10864197915340
    },
    {
      "tgid": 268710,
      "comm": "runc:[2:INIT]",
      "cgroup_id": 5006,
      "wait_duration_stats_ns": {
        "count": 25.0,
        "sum": 777039566.0,
        "mean": 31081582.64,
        "median": 4139231.918841984,
        "min": 49292,
        "max": 143072320,
        "variance_ns2": 3203607794976431.5,
        "iqr_ns": 40181246.7326428,
        "q1_ns": 1359987.1528931053,
        "q3_ns": 41541233.8855359
      },
      "futex_op_counts": {
        "128": 25
      },
      "first_seen_ts_ns": 10873973006499,
      "last_seen_ts_ns": 10874129499018
    },
    {
      "tgid": 268964,
      "comm": "runc:[2:INIT]",
      "cgroup_id": 5006,
      "wait_duration_stats_ns": {
        "count": 26.0,
        "sum": 708764393.0,
        "mean": 27260168.961538464,
        "median": 3311124.2987243542,
        "min": 1030,
        "max": 142179007,
        "variance_ns2": 3178749481328000.5,
        "iqr_ns": 39215894.915150486,
        "q1_ns": 349474.54012345674,
        "q3_ns": 39565369.45527394
      },
      "futex_op_counts": {
        "128": 26
      },
      "first_seen_ts_ns": 10905750440390,
      "last_seen_ts_ns": 10905893193463
    },
    {
      "tgid": 268863,
      "comm": "runc:[2:INIT]",
      "cgroup_id": 5006,
      "wait_duration_stats_ns": {
        "count": 24.0,
        "sum": 700421330.9999999,
        "mean": 29184222.124999996,
        "median": 501032.7448167675,
        "min": 3630,
        "max": 144288474,
        "variance_ns2": 2839687849967869.5,
        "iqr_ns": 45754545.24294096,
        "q1_ns": 256602.4568026653,
        "q3_ns": 46011147.69974363
      },
      "futex_op_counts": {
        "128": 24
      },
      "first_seen_ts_ns": 10885803331848,
      "last_seen_ts_ns": 10885945911936
    },
    {
      "tgid": 268753,
      "comm": "runc",
      "cgroup_id": 4085,
      "wait_duration_stats_ns": {
        "count": 367.0,
        "sum": 675704184.9999999,
        "mean": 1841155.8174386919,
        "median": 93602.92779450571,
        "min": 940,
        "max": 98333677,
        "variance_ns2": 156484260578790.16,
        "iqr_ns": 349349.71959863283,
        "q1_ns": 25326.058294536644,
        "q3_ns": 374675.7778931695
      },
      "futex_op_counts": {
        "128": 367
      },
      "first_seen_ts_ns": 10883961520417,
      "last_seen_ts_ns": 10884062694430
    },
    {
      "tgid": 268558,
      "comm": "runc:[2:INIT]",
      "cgroup_id": 5006,
      "wait_duration_stats_ns": {
        "count": 25.0,
        "sum": 673829236.9999999,
        "mean": 26953169.479999997,
        "median": 1505972.69259533,
        "min": 44301,
        "max": 132675353,
        "variance_ns2": 2597567724264606.5,
        "iqr_ns": 41868819.187817544,
        "q1_ns": 390409.09093422926,
        "q3_ns": 42259228.278751776
      },
      "futex_op_counts": {
        "128": 25
      },
      "first_seen_ts_ns": 10855842694452,
      "last_seen_ts_ns": 10855978637263
    },
    {
      "tgid": 268913,
      "comm": "runc:[2:INIT]",
      "cgroup_id": 5006,
      "wait_duration_stats_ns": {
        "count": 29.0,
        "sum": 648964745.9999998,
        "mean": 22378094.689655166,
        "median": 260679.43974031624,
        "min": 13520,
        "max": 126301122,
        "variance_ns2": 2034783423766290.5,
        "iqr_ns": 6502358.514061648,
        "q1_ns": 204781.19852515514,
        "q3_ns": 6707139.712586803
      },
      "futex_op_counts": {
        "128": 29
      },
      "first_seen_ts_ns": 10895820892525,
      "last_seen_ts_ns": 10895948170863
    },
    {
      "tgid": 268734,
      "comm": "runc:[2:INIT]",
      "cgroup_id": 5006,
      "wait_duration_stats_ns": {
        "count": 31.0,
        "sum": 630029197.0000001,
        "mean": 20323522.483870972,
        "median": 3839710.922972964,
        "min": 1860,
        "max": 117203410,
        "variance_ns2": 1502214285080387.0,
        "iqr_ns": 15896202.97408866,
        "q1_ns": 52880.54908966378,
        "q3_ns": 15949083.523178324
      },
      "futex_op_counts": {
        "128": 31
      },
      "first_seen_ts_ns": 10875828742327,
      "last_seen_ts_ns": 10875959279553
    },
    {
      "tgid": 268888,
      "comm": "runc:[2:INIT]",
      "cgroup_id": 5006,
      "wait_duration_stats_ns": {
        "count": 30.0,
        "sum": 629668724.9999999,
        "mean": 20988957.499999996,
        "median": 3754096.9323638184,
        "min": 1390,
        "max": 114920509,
        "variance_ns2": 1430924181536810.5,
        "iqr_ns": 15625350.230930625,
        "q1_ns": 737047.3587781618,
        "q3_ns": 16362397.589708786
      },
      "futex_op_counts": {
        "128": 30
      },
      "first_seen_ts_ns": 10894074666750,
      "last_seen_ts_ns": 10894203051269
    },
    {
      "tgid": 268765,
      "comm": "runc:[2:INIT]",
      "cgroup_id": 5006,
      "wait_duration_stats_ns": {
        "count": 22.0,
        "sum": 455137095.0000001,
        "mean": 20688049.772727277,
        "median": 2266309.208888889,
        "min": 17020,
        "max": 91272248,
        "variance_ns2": 1485710009775648.5,
        "iqr_ns": 38184200.115947664,
        "q1_ns": 66547.0,
        "q3_ns": 38250747.115947664
      },
      "futex_op_counts": {
        "128": 22
      },
      "first_seen_ts_ns": 10883971008971,
      "last_seen_ts_ns": 10884062713010
    },
    {
      "tgid": 268454,
      "comm": "aws-cni",
      "cgroup_id": 4085,
      "wait_duration_stats_ns": {
        "count": 246.0,
        "sum": 217829557.9999999,
        "mean": 885486.0081300809,
        "median": 142320.62805033263,
        "min": 1070,
        "max": 28934233,
        "variance_ns2": 8739989249170.384,
        "iqr_ns": 292008.3615046638,
        "q1_ns": 40697.26388563433,
        "q3_ns": 332705.6253902981
      },
      "futex_op_counts": {
        "128": 246
      },
      "first_seen_ts_ns": 10841707823949,
      "last_seen_ts_ns": 10841750033356
    },
    {
      "tgid": 268888,
      "comm": "grpc-health-pro",
      "cgroup_id": 5006,
      "wait_duration_stats_ns": {
        "count": 26.0,
        "sum": 180312207.0,
        "mean": 6935084.884615385,
        "median": 2706325.430219163,
        "min": 13980,
        "max": 25878521,
        "variance_ns2": 65904679864074.91,
        "iqr_ns": 11843811.467646377,
        "q1_ns": 290111.132532384,
        "q3_ns": 12133922.600178761
      },
      "futex_op_counts": {
        "128": 26
      },
      "first_seen_ts_ns": 10894219411876,
      "last_seen_ts_ns": 10894248245086
    },
    {
      "tgid": 268534,
      "comm": "grpc-health-pro",
      "cgroup_id": 5006,
      "wait_duration_stats_ns": {
        "count": 25.0,
        "sum": 162834328.00000003,
        "mean": 6513373.120000001,
        "median": 3485883.6056403555,
        "min": 49341,
        "max": 23330433,
        "variance_ns2": 47390352251895.35,
        "iqr_ns": 12222778.897753445,
        "q1_ns": 386631.34927504224,
        "q3_ns": 12609410.247028487
      },
      "futex_op_counts": {
        "128": 25
      },
      "first_seen_ts_ns": 10854253360265,
      "last_seen_ts_ns": 10854284000524
    },
    {
      "tgid": 268558,
      "comm": "grpc-health-pro",
      "cgroup_id": 5006,
      "wait_duration_stats_ns": {
        "count": 21.0,
        "sum": 162535130.0,
        "mean": 7739768.095238095,
        "median": 2502057.08840388,
        "min": 27291,
        "max": 26390905,
        "variance_ns2": 100333607569735.1,
        "iqr_ns": 11125748.059985071,
        "q1_ns": 528244.8156001983,
        "q3_ns": 11653992.87558527
      },
      "futex_op_counts": {
        "128": 21
      },
      "first_seen_ts_ns": 10855981664383,
      "last_seen_ts_ns": 10856020455019
    },
    {
      "tgid": 268939,
      "comm": "grpc-health-pro",
      "cgroup_id": 5006,
      "wait_duration_stats_ns": {
        "count": 28.0,
        "sum": 155212864.0,
        "mean": 5543316.571428571,
        "median": 1835135.2760808659,
        "min": 10770,
        "max": 30934836,
        "variance_ns2": 72535827655572.92,
        "iqr_ns": 8234993.049237388,
        "q1_ns": 123227.98517041342,
        "q3_ns": 8358221.034407802
      },
      "futex_op_counts": {
        "128": 28
      },
      "first_seen_ts_ns": 10904212366645,
      "last_seen_ts_ns": 10904254148721
    },
    {
      "tgid": 268682,
      "comm": "grpc-health-pro",
      "cgroup_id": 5006,
      "wait_duration_stats_ns": {
        "count": 21.0,
        "sum": 154046715.0,
        "mean": 7335557.857142857,
        "median": 6949701.534960769,
        "min": 61942,
        "max": 21182516,
        "variance_ns2": 47677395725834.83,
        "iqr_ns": 9883185.120602382,
        "q1_ns": 1164514.8627272137,
        "q3_ns": 11047699.983329596
      },
      "futex_op_counts": {
        "128": 21
      },
      "first_seen_ts_ns": 10865997491679,
      "last_seen_ts_ns": 10866030051959
    },
    {
      "tgid": 268659,
      "comm": "grpc-health-pro",
      "cgroup_id": 5006,
      "wait_duration_stats_ns": {
        "count": 20.0,
        "sum": 146884462.0,
        "mean": 7344223.1,
        "median": 2593146.352566965,
        "min": 15451,
        "max": 26370474,
        "variance_ns2": 78145652680893.56,
        "iqr_ns": 10968684.403551912,
        "q1_ns": 796749.9792782738,
        "q3_ns": 11765434.382830186
      },
      "futex_op_counts": {
        "128": 20
      },
      "first_seen_ts_ns": 10864201019273,
      "last_seen_ts_ns": 10864241295808
    },
    {
      "tgid": 268913,
      "comm": "grpc-health-pro",
      "cgroup_id": 5006,
      "wait_duration_stats_ns": {
        "count": 25.0,
        "sum": 141327793.0,
        "mean": 5653111.72,
        "median": 3393736.3210008945,
        "min": 13601,
        "max": 24293819,
        "variance_ns2": 56920700117377.22,
        "iqr_ns": 10045796.492426032,
        "q1_ns": 328685.95043227857,
        "q3_ns": 10374482.44285831
      },
      "futex_op_counts": {
        "128": 25
      },
      "first_seen_ts_ns": 10895960265426,
      "last_seen_ts_ns": 10895990567846
    },
    {
      "tgid": 268507,
      "comm": "grpc-health-pro",
      "cgroup_id": 5006,
      "wait_duration_stats_ns": {
        "count": 27.0,
        "sum": 139706751.0,
        "mean": 5174324.111111111,
        "median": 2435046.583979146,
        "min": 21071,
        "max": 19916872,
        "variance_ns2": 34611942511988.41,
        "iqr_ns": 7924267.306698103,
        "q1_ns": 254544.112578768,
        "q3_ns": 8178811.419276872
      },
      "futex_op_counts": {
        "128": 27
      },
      "first_seen_ts_ns": 10845970255932,
      "last_seen_ts_ns": 10846010104526
    },
    {
      "tgid": 268863,
      "comm": "grpc-health-pro",
      "cgroup_id": 5006,
      "wait_duration_stats_ns": {
        "count": 25.0,
        "sum": 115613957.0,
        "mean": 4624558.28,
        "median": 2603036.175158199,
        "min": 41281,
        "max": 16803829,
        "variance_ns2": 25798581923426.043,
        "iqr_ns": 8181957.257871839,
        "q1_ns": 715440.3866760979,
        "q3_ns": 8897397.644547937
      },
      "futex_op_counts": {
        "128": 25
      },
      "first_seen_ts_ns": 10885951597098,
      "last_seen_ts_ns": 10885989459058
    },
    {
      "tgid": 268710,
      "comm": "grpc-health-pro",
      "cgroup_id": 5006,
      "wait_duration_stats_ns": {
        "count": 23.0,
        "sum": 105122977.0,
        "mean": 4570564.217391305,
        "median": 1995134.6571428576,
        "min": 3280,
        "max": 15173675,
        "variance_ns2": 34890580297570.625,
        "iqr_ns": 6601634.756287046,
        "q1_ns": 80178.76318062583,
        "q3_ns": 6681813.519467671
      },
      "futex_op_counts": {
        "128": 23
      },
      "first_seen_ts_ns": 10874135248921,
      "last_seen_ts_ns": 10874160526216
    },
    {
      "tgid": 268426,
      "comm": "aws-cni",
      "cgroup_id": 4085,
      "wait_duration_stats_ns": {
        "count": 225.0,
        "sum": 104448653.99999999,
        "mean": 464216.23999999993,
        "median": 73108.61433998187,
        "min": 969,
        "max": 9881873,
        "variance_ns2": 2941547779907.8794,
        "iqr_ns": 403997.02895664645,
        "q1_ns": 24074.24391946455,
        "q3_ns": 428071.272876111
      },
      "futex_op_counts": {
        "128": 225
      },
      "first_seen_ts_ns": 10841649649445,
      "last_seen_ts_ns": 10841668219651
    },
    {
      "tgid": 268734,
      "comm": "grpc-health-pro",
      "cgroup_id": 5006,
      "wait_duration_stats_ns": {
        "count": 18.0,
        "sum": 88805513.0,
        "mean": 4933639.611111111,
        "median": 3718054.581932675,
        "min": 31551,
        "max": 19685316,
        "variance_ns2": 28282678560173.9,
        "iqr_ns": 5597010.144706097,
        "q1_ns": 1012159.3610594126,
        "q3_ns": 6609169.50576551
      },
      "futex_op_counts": {
        "128": 18
      },
      "first_seen_ts_ns": 10875975814205,
      "last_seen_ts_ns": 10876000530545
    },
    {
      "tgid": 268480,
      "comm": "grpc-health-pro",
      "cgroup_id": 5006,
      "wait_duration_stats_ns": {
        "count": 29.0,
        "sum": 41968047.0,
        "mean": 1447174.0344827585,
        "median": 319299.2834821658,
        "min": 19961,
        "max": 9853813,
        "variance_ns2": 8227275247453.462,
        "iqr_ns": 947217.1008257236,
        "q1_ns": 81927.43744960614,
        "q3_ns": 1029144.5382753297
      },
      "futex_op_counts": {
        "128": 29
      },
      "first_seen_ts_ns": 10844208797257,
      "last_seen_ts_ns": 10844220122169
    },
    {
      "tgid": 268448,
      "comm": "egress-cni",
      "cgroup_id": 4085,
      "wait_duration_stats_ns": {
        "count": 8.0,
        "sum": 23058647.0,
        "mean": 2882330.875,
        "median": 679658.5555555555,
        "min": 13011,
        "max": 7387317,
        "variance_ns2": 10442747253890.697,
        "iqr_ns": 1729915.0864197528,
        "q1_ns": 181115.0,
        "q3_ns": 1911030.0864197528
      },
      "futex_op_counts": {
        "128": 8
      },
      "first_seen_ts_ns": 10841695333095,
      "last_seen_ts_ns": 10841703092872
    },
    {
      "tgid": 268420,
      "comm": "egress-cni",
      "cgroup_id": 4085,
      "wait_duration_stats_ns": {
        "count": 9.0,
        "sum": 22350795.0,
        "mean": 2483421.6666666665,
        "median": 876086.9166666666,
        "min": 77712,
        "max": 7497030,
        "variance_ns2": 9948941838258.0,
        "iqr_ns": 2455535.041666666,
        "q1_ns": 301815.22222222225,
        "q3_ns": 2757350.2638888885
      },
      "futex_op_counts": {
        "128": 9
      },
      "first_seen_ts_ns": 10841621490121,
      "last_seen_ts_ns": 10841628759075
    },
    {
      "tgid": 268308,
      "comm": "runc",
      "cgroup_id": 4085,
      "wait_duration_stats_ns": {
        "count": 276.0,
        "sum": 18129653.999999993,
        "mean": 65687.15217391301,
        "median": 25481.15008106894,
        "min": 890,
        "max": 2393814,
        "variance_ns2": 64253758402.59494,
        "iqr_ns": 16627.196799215257,
        "q1_ns": 18767.85233205118,
        "q3_ns": 35395.04913126644
      },
      "futex_op_counts": {
        "128": 276
      },
      "first_seen_ts_ns": 10835716490604,
      "last_seen_ts_ns": 10835721310653
    },
    {
      "tgid": 268964,
      "comm": "grpc-health-pro",
      "cgroup_id": 5006,
      "wait_duration_stats_ns": {
        "count": 29.0,
        "sum": 13626235.0,
        "mean": 469870.1724137931,
        "median": 218087.64492932364,
        "min": 2020,
        "max": 2176958,
        "variance_ns2": 429613261813.8622,
        "iqr_ns": 555117.6163620128,
        "q1_ns": 50533.284051671246,
        "q3_ns": 605650.9004136841
      },
      "futex_op_counts": {
        "128": 29
      },
      "first_seen_ts_ns": 10905895633408,
      "last_seen_ts_ns": 10905898975057
    },
    {
      "tgid": 268765,
      "comm": "grpc-health-pro",
      "cgroup_id": 5006,
      "wait_duration_stats_ns": {
        "count": 36.0,
        "sum": 10896780.0,
        "mean": 302688.3333333333,
        "median": 50333.279328329634,
        "min": 7650,
        "max": 1753286,
        "variance_ns2": 255903130098.45715,
        "iqr_ns": 255900.89725439128,
        "q1_ns": 24786.375711994002,
        "q3_ns": 280687.2729663853
      },
      "futex_op_counts": {
        "128": 36
      },
      "first_seen_ts_ns": 10884065358351,
      "last_seen_ts_ns": 10884068261239
    },
    {
      "tgid": 268443,
      "comm": "portmap",
      "cgroup_id": 4085,
      "wait_duration_stats_ns": {
        "count": 8.0,
        "sum": 10112989.0,
        "mean": 1264123.625,
        "median": 739650.0,
        "min": 32331,
        "max": 6017961,
        "variance_ns2": 3902161190142.8394,
        "iqr_ns": 1234807.4166666665,
        "q1_ns": 284581.25,
        "q3_ns": 1519388.6666666665
      },
      "futex_op_counts": {
        "128": 8
      },
      "first_seen_ts_ns": 10841687573258,
      "last_seen_ts_ns": 10841689059358
    },
    {
      "tgid": 268438,
      "comm": "loopback",
      "cgroup_id": 4085,
      "wait_duration_stats_ns": {
        "count": 8.0,
        "sum": 3154185.0,
        "mean": 394273.125,
        "median": 319998.0,
        "min": 64972,
        "max": 1065449,
        "variance_ns2": 107342714618.98213,
        "iqr_ns": 224200.77777777775,
        "q1_ns": 235143.44444444444,
        "q3_ns": 459344.2222222222
      },
      "futex_op_counts": {
        "128": 8
      },
      "first_seen_ts_ns": 10841676867602,
      "last_seen_ts_ns": 10841677871029
    },
    {
      "tgid": 268415,
      "comm": "portmap",
      "cgroup_id": 4085,
      "wait_duration_stats_ns": {
        "count": 6.0,
        "sum": 1914719.0,
        "mean": 319119.8333333333,
        "median": 322068.0,
        "min": 49952,
        "max": 664277,
        "variance_ns2": 41308214185.36667,
        "iqr_ns": 0.0,
        "q1_ns": 322068.0,
        "q3_ns": 322068.0
      },
      "futex_op_counts": {
        "128": 6
      },
      "first_seen_ts_ns": 10841616710264,
      "last_seen_ts_ns": 10841617372711
    },
    {
      "tgid": 268410,
      "comm": "loopback",
      "cgroup_id": 4085,
      "wait_duration_stats_ns": {
        "count": 8.0,
        "sum": 1373717.0,
        "mean": 171714.625,
        "median": 91915.66666666666,
        "min": 19671,
        "max": 467022,
        "variance_ns2": 22608011423.696423,
        "iqr_ns": 94250.35185185185,
        "q1_ns": 46851.0,
        "q3_ns": 141101.35185185185
      },
      "futex_op_counts": {
        "128": 8
      },
      "first_seen_ts_ns": 10841614584307,
      "last_seen_ts_ns": 10841615086630
    },
    {
      "tgid": 268098,
      "comm": "flux-broker-0",
      "cgroup_id": 91783,
      "wait_duration_stats_ns": {
        "count": 313.0,
        "sum": 870839.9999999998,
        "mean": 2782.236421725239,
        "median": 1475.106551232921,
        "min": 760,
        "max": 57991,
        "variance_ns2": 25403817.674694847,
        "iqr_ns": 1339.5755173036655,
        "q1_ns": 1100.7364425308797,
        "q3_ns": 2440.311959834545
      },
      "futex_op_counts": {
        "128": 313
      },
      "first_seen_ts_ns": 10839630376935,
      "last_seen_ts_ns": 10911626133574
    }
  ]
}
[07:20:41] Cleanup complete.
