ln: failed to create symbolic link '/mnt/flux/view/lib/python': File exists
ln: failed to create symbolic link '/mnt/flux/view/lib/python3': File exists
unlimited
PROGRAM: futex
Looking for /opt/programs/futex/ebpf-collect.c
[00:04:10] Starting eBPF (Tracepoints for futex syscalls).
[00:04:11] BPF program loaded and tracepoints automatically attached.
[00:04:11] Start Indicator file defined '/mnt/flux/start_ebpf_collection'. Waiting.
[00:04:16] Start indicator found. Proceeding.
[00:04:16] Ring buffers opened. Polling for events...
[00:05:16] 
Indicator file '/mnt/flux/stop_ebpf_collection' found. Stopping.
[00:05:16] Cleaning up BPF resources...
{
  "final_aggregated_futex_summary_river": [
    {
      "tgid": 4356,
      "comm": "containerd",
      "cgroup_id": 4085,
      "wait_duration_stats_ns": {
        "count": 6738.0,
        "sum": 1960265409591.998,
        "mean": 290926893.6764616,
        "median": 3253658.735507822,
        "min": 315,
        "max": 59571467526,
        "variance_ns2": 1.2990080479984775e+19,
        "iqr_ns": 49386134.11311936,
        "q1_ns": 96738.06130429833,
        "q3_ns": 49482872.17442366
      },
      "futex_op_counts": {
        "128": 6738
      },
      "first_seen_ts_ns": 2365921961684,
      "last_seen_ts_ns": 2430941914067
    },
    {
      "tgid": 4507,
      "comm": "containerd-shim",
      "cgroup_id": 4085,
      "wait_duration_stats_ns": {
        "count": 649.0,
        "sum": 419603165445.9996,
        "mean": 646538005.3097066,
        "median": 1300591.8580229229,
        "min": 4578,
        "max": 21786612858,
        "variance_ns2": 2.92186721485375e+18,
        "iqr_ns": 315191076.8181371,
        "q1_ns": 247728.37984273693,
        "q3_ns": 315438805.19797987
      },
      "futex_op_counts": {
        "128": 649
      },
      "first_seen_ts_ns": 2372642704748,
      "last_seen_ts_ns": 2429816835187
    },
    {
      "tgid": 5897,
      "comm": "coredns",
      "cgroup_id": 5860,
      "wait_duration_stats_ns": {
        "count": 380.0,
        "sum": 363878307846.0001,
        "mean": 957574494.3315793,
        "median": 502703343.6032422,
        "min": 350,
        "max": 62128807803,
        "variance_ns2": 2.0343626227136913e+19,
        "iqr_ns": 862385664.435829,
        "q1_ns": 57707986.01747594,
        "q3_ns": 920093650.453305
      },
      "futex_op_counts": {
        "128": 380
      },
      "first_seen_ts_ns": 2366645245386,
      "last_seen_ts_ns": 2430645807603
    },
    {
      "tgid": 4395,
      "comm": "kubelet",
      "cgroup_id": 4138,
      "wait_duration_stats_ns": {
        "count": 5625.0,
        "sum": 359800341787.0002,
        "mean": 63964505.206577815,
        "median": 15700013.667490907,
        "min": 362,
        "max": 35490235455,
        "variance_ns2": 3.607165938791198e+17,
        "iqr_ns": 56538480.19537558,
        "q1_ns": 1697129.6565175876,
        "q3_ns": 58235609.851893164
      },
      "futex_op_counts": {
        "128": 5625
      },
      "first_seen_ts_ns": 2365887055088,
      "last_seen_ts_ns": 2431032847058
    },
    {
      "tgid": 5893,
      "comm": "coredns",
      "cgroup_id": 5776,
      "wait_duration_stats_ns": {
        "count": 396.0,
        "sum": 301209477408.99976,
        "mean": 760629993.4570701,
        "median": 490188958.29243606,
        "min": 569,
        "max": 58999653924,
        "variance_ns2": 1.1761905902089292e+19,
        "iqr_ns": 826849241.9100752,
        "q1_ns": 52508485.10324448,
        "q3_ns": 879357727.0133197
      },
      "futex_op_counts": {
        "128": 396
      },
      "first_seen_ts_ns": 2366644432375,
      "last_seen_ts_ns": 2430645353846
    },
    {
      "tgid": 6803,
      "comm": "containerd-shim",
      "cgroup_id": 4085,
      "wait_duration_stats_ns": {
        "count": 117.0,
        "sum": 299947317023.0,
        "mean": 2563652282.2478633,
        "median": 15245255.26856795,
        "min": 450,
        "max": 30013965205,
        "variance_ns2": 4.253457733369931e+19,
        "iqr_ns": 1576117878.543847,
        "q1_ns": 7923491.386042962,
        "q3_ns": 1584041369.9298902
      },
      "futex_op_counts": {
        "128": 117
      },
      "first_seen_ts_ns": 2372641257999,
      "last_seen_ts_ns": 2429793526739
    },
    {
      "tgid": 6459,
      "comm": "containerd-shim",
      "cgroup_id": 4085,
      "wait_duration_stats_ns": {
        "count": 90.0,
        "sum": 297810538896.9999,
        "mean": 3309005987.7444434,
        "median": 24326900.58564055,
        "min": 343,
        "max": 29998704045,
        "variance_ns2": 4.8878209448606106e+19,
        "iqr_ns": 3019476017.980916,
        "q1_ns": 13672237.970848974,
        "q3_ns": 3033148255.951765
      },
      "futex_op_counts": {
        "128": 90
      },
      "first_seen_ts_ns": 2367574596968,
      "last_seen_ts_ns": 2429796596672
    },
    {
      "tgid": 51195,
      "comm": "containerd-shim",
      "cgroup_id": 4085,
      "wait_duration_stats_ns": {
        "count": 187.0,
        "sum": 275266797109.9999,
        "mean": 1472014957.807486,
        "median": 13096641.111340865,
        "min": 3592,
        "max": 29197170307,
        "variance_ns2": 1.6144131424290408e+19,
        "iqr_ns": 699707989.2991732,
        "q1_ns": 402425.07946293335,
        "q3_ns": 700110414.3786361
      },
      "futex_op_counts": {
        "128": 187
      },
      "first_seen_ts_ns": 2370922498425,
      "last_seen_ts_ns": 2431055764252
    },
    {
      "tgid": 10238,
      "comm": "manager",
      "cgroup_id": 6748,
      "wait_duration_stats_ns": {
        "count": 486.0,
        "sum": 242223044280.9999,
        "mean": 498401325.6810698,
        "median": 292438273.7606727,
        "min": 2136,
        "max": 56709180574,
        "variance_ns2": 6.972595137515963e+18,
        "iqr_ns": 447353513.3247971,
        "q1_ns": 32448235.879435338,
        "q3_ns": 479801749.20423245
      },
      "futex_op_counts": {
        "128": 486
      },
      "first_seen_ts_ns": 2366681890337,
      "last_seen_ts_ns": 2430682845614
    },
    {
      "tgid": 5774,
      "comm": "containerd-shim",
      "cgroup_id": 4085,
      "wait_duration_stats_ns": {
        "count": 53.0,
        "sum": 239964975270.99997,
        "mean": 4527641042.849056,
        "median": 1779675199.9728088,
        "min": 27818,
        "max": 30020423797,
        "variance_ns2": 4.8860579613224165e+19,
        "iqr_ns": 6473371044.705125,
        "q1_ns": 28364241.88249919,
        "q3_ns": 6501735286.587624
      },
      "futex_op_counts": {
        "128": 53
      },
      "first_seen_ts_ns": 2372643723164,
      "last_seen_ts_ns": 2429795268080
    },
    {
      "tgid": 50868,
      "comm": "containerd-shim",
      "cgroup_id": 4085,
      "wait_duration_stats_ns": {
        "count": 55.0,
        "sum": 239960026926.99997,
        "mean": 4362909580.490909,
        "median": 868329703.6938783,
        "min": 6848,
        "max": 30020127231,
        "variance_ns2": 5.640464257190709e+19,
        "iqr_ns": 6454250472.698513,
        "q1_ns": 6920437.470651828,
        "q3_ns": 6461170910.169165
      },
      "futex_op_counts": {
        "128": 55
      },
      "first_seen_ts_ns": 2372646544567,
      "last_seen_ts_ns": 2429797897148
    },
    {
      "tgid": 4508,
      "comm": "containerd-shim",
      "cgroup_id": 4085,
      "wait_duration_stats_ns": {
        "count": 62.0,
        "sum": 239921388348.00003,
        "mean": 3869699812.0645165,
        "median": 1839312419.3993235,
        "min": 6051,
        "max": 30000004121,
        "variance_ns2": 3.7158094909240025e+19,
        "iqr_ns": 6101082711.903578,
        "q1_ns": 33674042.12160736,
        "q3_ns": 6134756754.025186
      },
      "futex_op_counts": {
        "128": 62
      },
      "first_seen_ts_ns": 2372647853578,
      "last_seen_ts_ns": 2429792566249
    },
    {
      "tgid": 5777,
      "comm": "containerd-shim",
      "cgroup_id": 4085,
      "wait_duration_stats_ns": {
        "count": 56.0,
        "sum": 239917375967.00003,
        "mean": 4284238856.553572,
        "median": 2074259007.1724148,
        "min": 17420,
        "max": 30000025603,
        "variance_ns2": 3.9726841609684976e+19,
        "iqr_ns": 6236570149.682317,
        "q1_ns": 63769055.20412594,
        "q3_ns": 6300339204.886443
      },
      "futex_op_counts": {
        "128": 56
      },
      "first_seen_ts_ns": 2372644246335,
      "last_seen_ts_ns": 2429795710324
    },
    {
      "tgid": 10053,
      "comm": "containerd-shim",
      "cgroup_id": 4085,
      "wait_duration_stats_ns": {
        "count": 85.0,
        "sum": 239758720894.99997,
        "mean": 2820690834.058823,
        "median": 174900299.4752522,
        "min": 13865,
        "max": 29989923968,
        "variance_ns2": 3.034616292140443e+19,
        "iqr_ns": 3163609400.6800637,
        "q1_ns": 3394839.272357436,
        "q3_ns": 3167004239.952421
      },
      "futex_op_counts": {
        "128": 85
      },
      "first_seen_ts_ns": 2372645819049,
      "last_seen_ts_ns": 2429797443596
    },
    {
      "tgid": 4975,
      "comm": "aws-k8s-agent",
      "cgroup_id": 5272,
      "wait_duration_stats_ns": {
        "count": 276.0,
        "sum": 239699742287.00018,
        "mean": 868477327.1268122,
        "median": 113089945.82779524,
        "min": 5017,
        "max": 28174525239,
        "variance_ns2": 6.609807345602216e+18,
        "iqr_ns": 774039159.750443,
        "q1_ns": 191798.98724582864,
        "q3_ns": 774230958.7376888
      },
      "futex_op_counts": {
        "128": 276
      },
      "first_seen_ts_ns": 2372060035247,
      "last_seen_ts_ns": 2429982389687
    },
    {
      "tgid": 6933,
      "comm": "metrics-server",
      "cgroup_id": 6280,
      "wait_duration_stats_ns": {
        "count": 1173.0,
        "sum": 237956232460.99997,
        "mean": 202861238.24467176,
        "median": 118883474.35482687,
        "min": 4697,
        "max": 26628825715,
        "variance_ns2": 1.0401848102067391e+18,
        "iqr_ns": 129005909.15112507,
        "q1_ns": 80209671.20087257,
        "q3_ns": 209215580.35199764
      },
      "futex_op_counts": {
        "128": 1173
      },
      "first_seen_ts_ns": 2366122755197,
      "last_seen_ts_ns": 2430984700120
    },
    {
      "tgid": 6941,
      "comm": "metrics-server",
      "cgroup_id": 6364,
      "wait_duration_stats_ns": {
        "count": 1276.0,
        "sum": 236659291872.99976,
        "mean": 185469664.47727254,
        "median": 118126939.99862342,
        "min": 4800,
        "max": 17590280661,
        "variance_ns2": 6.057142506512209e+17,
        "iqr_ns": 131418502.12249896,
        "q1_ns": 56525937.25026623,
        "q3_ns": 187944439.37276518
      },
      "futex_op_counts": {
        "128": 1276
      },
      "first_seen_ts_ns": 2366168604256,
      "last_seen_ts_ns": 2431019812204
    },
    {
      "tgid": 10141,
      "comm": "kube-rbac-proxy",
      "cgroup_id": 6664,
      "wait_duration_stats_ns": {
        "count": 43.0,
        "sum": 234731706901.99994,
        "mean": 5458876904.697673,
        "median": 5045446991.912646,
        "min": 2246,
        "max": 30009992926,
        "variance_ns2": 1.7653694362626527e+19,
        "iqr_ns": 160553699.27523708,
        "q1_ns": 4954809716.453195,
        "q3_ns": 5115363415.728432
      },
      "futex_op_counts": {
        "128": 43
      },
      "first_seen_ts_ns": 2370818710784,
      "last_seen_ts_ns": 2430818764345
    },
    {
      "tgid": 4685,
      "comm": "kube-proxy",
      "cgroup_id": 5104,
      "wait_duration_stats_ns": {
        "count": 48.0,
        "sum": 214616889486.0,
        "mean": 4471185197.625,
        "median": 4101878269.0551624,
        "min": 9524416,
        "max": 29980578023,
        "variance_ns2": 4.860631392508492e+19,
        "iqr_ns": 4323421576.659673,
        "q1_ns": 657580651.5015936,
        "q3_ns": 4981002228.161266
      },
      "futex_op_counts": {
        "128": 48
      },
      "first_seen_ts_ns": 2373310035745,
      "last_seen_ts_ns": 2428306839473
    },
    {
      "tgid": 4396,
      "comm": "ssm-agent-worke",
      "cgroup_id": 3429,
      "wait_duration_stats_ns": {
        "count": 141.0,
        "sum": 192919115855.00006,
        "mean": 1368220679.8226955,
        "median": 811159448.7290972,
        "min": 3121,
        "max": 42696399572,
        "variance_ns2": 1.4052262470295036e+19,
        "iqr_ns": 1597880289.333911,
        "q1_ns": 150713902.34895164,
        "q3_ns": 1748594191.6828625
      },
      "futex_op_counts": {
        "128": 141
      },
      "first_seen_ts_ns": 2371065544455,
      "last_seen_ts_ns": 2431053627676
    },
    {
      "tgid": 5111,
      "comm": "controller",
      "cgroup_id": 5356,
      "wait_duration_stats_ns": {
        "count": 272.0,
        "sum": 180618464650.99997,
        "mean": 664038472.9816176,
        "median": 490099269.6876516,
        "min": 1535,
        "max": 10016418221,
        "variance_ns2": 1.518596442717917e+18,
        "iqr_ns": 21343356.060608804,
        "q1_ns": 479469774.0898373,
        "q3_ns": 500813130.1504461
      },
      "futex_op_counts": {
        "128": 272
      },
      "first_seen_ts_ns": 2366765662389,
      "last_seen_ts_ns": 2430766479471
    },
    {
      "tgid": 52130,
      "comm": "runc",
      "cgroup_id": 4085,
      "wait_duration_stats_ns": {
        "count": 341.0,
        "sum": 8786272972.999998,
        "mean": 25766196.401759528,
        "median": 15586168.241197523,
        "min": 758,
        "max": 1300459552,
        "variance_ns2": 9446187221689188.0,
        "iqr_ns": 30228072.37285623,
        "q1_ns": 1973789.4176813236,
        "q3_ns": 32201861.790537555
      },
      "futex_op_counts": {
        "128": 341
      },
      "first_seen_ts_ns": 2393060032616,
      "last_seen_ts_ns": 2394410906122
    },
    {
      "tgid": 52291,
      "comm": "runc",
      "cgroup_id": 4085,
      "wait_duration_stats_ns": {
        "count": 292.0,
        "sum": 8780028365.000002,
        "mean": 30068590.291095894,
        "median": 13179892.131116066,
        "min": 385,
        "max": 731112800,
        "variance_ns2": 7525577674806517.0,
        "iqr_ns": 27724705.49806315,
        "q1_ns": 1782972.3331550125,
        "q3_ns": 29507677.831218164
      },
      "futex_op_counts": {
        "128": 292
      },
      "first_seen_ts_ns": 2413070049532,
      "last_seen_ts_ns": 2414229275318
    },
    {
      "tgid": 52153,
      "comm": "runc",
      "cgroup_id": 4085,
      "wait_duration_stats_ns": {
        "count": 288.0,
        "sum": 7177604570.000001,
        "mean": 24922238.09027778,
        "median": 13917792.65231605,
        "min": 1483,
        "max": 967223200,
        "variance_ns2": 6586817615632316.0,
        "iqr_ns": 21002113.205192648,
        "q1_ns": 2775164.2366607427,
        "q3_ns": 23777277.44185339
      },
      "futex_op_counts": {
        "128": 288
      },
      "first_seen_ts_ns": 2398760103854,
      "last_seen_ts_ns": 2399767447639
    },
    {
      "tgid": 52267,
      "comm": "runc",
      "cgroup_id": 4085,
      "wait_duration_stats_ns": {
        "count": 257.0,
        "sum": 5322882491.999998,
        "mean": 20711605.02723735,
        "median": 9265659.439720768,
        "min": 1808,
        "max": 740905722,
        "variance_ns2": 5422260724903721.0,
        "iqr_ns": 31073773.338670146,
        "q1_ns": 353353.9023754148,
        "q3_ns": 31427127.24104556
      },
      "futex_op_counts": {
        "128": 257
      },
      "first_seen_ts_ns": 2408800030720,
      "last_seen_ts_ns": 2409571033534
    },
    {
      "tgid": 52317,
      "comm": "runc",
      "cgroup_id": 4085,
      "wait_duration_stats_ns": {
        "count": 261.0,
        "sum": 4320172337.0,
        "mean": 16552384.432950193,
        "median": 8054371.007421107,
        "min": 1426,
        "max": 640482252,
        "variance_ns2": 3123141438386824.0,
        "iqr_ns": 23269021.519537825,
        "q1_ns": 236946.12736370886,
        "q3_ns": 23505967.646901533
      },
      "futex_op_counts": {
        "128": 261
      },
      "first_seen_ts_ns": 2418760037994,
      "last_seen_ts_ns": 2419440876932
    },
    {
      "tgid": 51965,
      "comm": "runc",
      "cgroup_id": 4085,
      "wait_duration_stats_ns": {
        "count": 312.0,
        "sum": 3991986431.0000014,
        "mean": 12794828.304487184,
        "median": 5584837.622011413,
        "min": 1347,
        "max": 410594323,
        "variance_ns2": 1741511483342218.0,
        "iqr_ns": 19105680.62447851,
        "q1_ns": 32900.72273697117,
        "q3_ns": 19138581.34721548
      },
      "futex_op_counts": {
        "128": 312
      },
      "first_seen_ts_ns": 2373060029398,
      "last_seen_ts_ns": 2373650846083
    },
    {
      "tgid": 52036,
      "comm": "runc",
      "cgroup_id": 4085,
      "wait_duration_stats_ns": {
        "count": 277.0,
        "sum": 3573587009.9999986,
        "mean": 12901036.13718411,
        "median": 5976295.502754498,
        "min": 1539,
        "max": 488859362,
        "variance_ns2": 1718287170139279.0,
        "iqr_ns": 17813977.48967419,
        "q1_ns": 308574.6944037971,
        "q3_ns": 18122552.184077986
      },
      "futex_op_counts": {
        "128": 277
      },
      "first_seen_ts_ns": 2388780045357,
      "last_seen_ts_ns": 2389282264328
    },
    {
      "tgid": 52174,
      "comm": "runc",
      "cgroup_id": 4085,
      "wait_duration_stats_ns": {
        "count": 243.0,
        "sum": 3445800663.0000005,
        "mean": 14180249.641975312,
        "median": 4074577.8227223246,
        "min": 4085,
        "max": 460676979,
        "variance_ns2": 3066855866005619.5,
        "iqr_ns": 17219324.41387071,
        "q1_ns": 80517.29822858826,
        "q3_ns": 17299841.7120993
      },
      "futex_op_counts": {
        "128": 243
      },
      "first_seen_ts_ns": 2403050037343,
      "last_seen_ts_ns": 2403570845481
    },
    {
      "tgid": 52340,
      "comm": "runc",
      "cgroup_id": 4085,
      "wait_duration_stats_ns": {
        "count": 240.0,
        "sum": 3355757879.999999,
        "mean": 13982324.499999996,
        "median": 473064.1540506609,
        "min": 4109,
        "max": 540531980,
        "variance_ns2": 3417079079553131.0,
        "iqr_ns": 7184391.866183321,
        "q1_ns": 48240.255425455776,
        "q3_ns": 7232632.121608777
      },
      "futex_op_counts": {
        "128": 240
      },
      "first_seen_ts_ns": 2423060040454,
      "last_seen_ts_ns": 2423640956172
    },
    {
      "tgid": 51989,
      "comm": "runc",
      "cgroup_id": 4085,
      "wait_duration_stats_ns": {
        "count": 228.0,
        "sum": 2480206794.0,
        "mean": 10878099.97368421,
        "median": 908877.3966083111,
        "min": 4147,
        "max": 340830643,
        "variance_ns2": 2368413999109104.5,
        "iqr_ns": 7578558.25783032,
        "q1_ns": 57253.95792605265,
        "q3_ns": 7635812.215756373
      },
      "futex_op_counts": {
        "128": 228
      },
      "first_seen_ts_ns": 2378770036240,
      "last_seen_ts_ns": 2379171061060
    },
    {
      "tgid": 52012,
      "comm": "runc",
      "cgroup_id": 4085,
      "wait_duration_stats_ns": {
        "count": 231.0,
        "sum": 2252249518.0,
        "mean": 9749997.913419914,
        "median": 2712192.3401655494,
        "min": 4346,
        "max": 367519153,
        "variance_ns2": 1698487080118425.5,
        "iqr_ns": 2799773.459313527,
        "q1_ns": 33538.557531807135,
        "q3_ns": 2833312.0168453343
      },
      "futex_op_counts": {
        "128": 231
      },
      "first_seen_ts_ns": 2383050039459,
      "last_seen_ts_ns": 2383440763919
    },
    {
      "tgid": 4253,
      "comm": "amazon-ssm-agen",
      "cgroup_id": 3429,
      "wait_duration_stats_ns": {
        "count": 8.0,
        "sum": 1996793181.0,
        "mean": 249599147.625,
        "median": 1420959.0,
        "min": 231076,
        "max": 1000152282,
        "variance_ns2": 2.1185788908614032e+17,
        "iqr_ns": 330341422.9444444,
        "q1_ns": 834518.0555555556,
        "q3_ns": 331175941.0
      },
      "futex_op_counts": {
        "128": 8
      },
      "first_seen_ts_ns": 2387920404810,
      "last_seen_ts_ns": 2388937649025
    },
    {
      "tgid": 52140,
      "comm": "runc:[2:INIT]",
      "cgroup_id": 5272,
      "wait_duration_stats_ns": {
        "count": 23.0,
        "sum": 1364279382.9999998,
        "mean": 59316494.91304347,
        "median": 21524955.053233378,
        "min": 7552745,
        "max": 229921811,
        "variance_ns2": 6174734558495868.0,
        "iqr_ns": 68615344.1743381,
        "q1_ns": 9991284.0,
        "q3_ns": 78606628.1743381
      },
      "futex_op_counts": {
        "128": 23
      },
      "first_seen_ts_ns": 2394150861162,
      "last_seen_ts_ns": 2394430044873
    },
    {
      "tgid": 52350,
      "comm": "runc:[2:INIT]",
      "cgroup_id": 5272,
      "wait_duration_stats_ns": {
        "count": 28.0,
        "sum": 1351402593.0,
        "mean": 48264378.32142857,
        "median": 26281965.4745761,
        "min": 3163,
        "max": 209823564,
        "variance_ns2": 4542111309706550.0,
        "iqr_ns": 38495728.51422493,
        "q1_ns": 12405731.983263355,
        "q3_ns": 50901460.49748829
      },
      "futex_op_counts": {
        "128": 28
      },
      "first_seen_ts_ns": 2423380049065,
      "last_seen_ts_ns": 2423660052655
    },
    {
      "tgid": 52185,
      "comm": "runc:[2:INIT]",
      "cgroup_id": 5272,
      "wait_duration_stats_ns": {
        "count": 27.0,
        "sum": 1296192075.0000002,
        "mean": 48007113.888888896,
        "median": 19199926.86807678,
        "min": 1887303,
        "max": 219795719,
        "variance_ns2": 4409351988156090.5,
        "iqr_ns": 30358442.705254078,
        "q1_ns": 10765248.878568381,
        "q3_ns": 41123691.58382246
      },
      "futex_op_counts": {
        "128": 27
      },
      "first_seen_ts_ns": 2403310042288,
      "last_seen_ts_ns": 2403580060461
    },
    {
      "tgid": 52306,
      "comm": "runc:[2:INIT]",
      "cgroup_id": 5272,
      "wait_duration_stats_ns": {
        "count": 21.0,
        "sum": 1237012844.0,
        "mean": 58905373.52380952,
        "median": 29136990.307251833,
        "min": 4472394,
        "max": 265693538,
        "variance_ns2": 7581517272868642.0,
        "iqr_ns": 39976476.86058475,
        "q1_ns": 10561769.791296298,
        "q3_ns": 50538246.65188105
      },
      "futex_op_counts": {
        "128": 21
      },
      "first_seen_ts_ns": 2413940027355,
      "last_seen_ts_ns": 2414250049371
    },
    {
      "tgid": 52279,
      "comm": "runc:[2:INIT]",
      "cgroup_id": 5272,
      "wait_duration_stats_ns": {
        "count": 28.0,
        "sum": 1215667732.9999998,
        "mean": 43416704.74999999,
        "median": 22612617.127880238,
        "min": 4314,
        "max": 199788619,
        "variance_ns2": 3031732676824898.5,
        "iqr_ns": 44048982.011083916,
        "q1_ns": 10395504.065625,
        "q3_ns": 54444486.07670892
      },
      "futex_op_counts": {
        "128": 28
      },
      "first_seen_ts_ns": 2409330040516,
      "last_seen_ts_ns": 2409590044380
    },
    {
      "tgid": 52164,
      "comm": "runc:[2:INIT]",
      "cgroup_id": 5272,
      "wait_duration_stats_ns": {
        "count": 24.0,
        "sum": 1151147478.0,
        "mean": 47964478.25,
        "median": 24755606.876810487,
        "min": 2960,
        "max": 229930490,
        "variance_ns2": 3669787225808717.0,
        "iqr_ns": 45269235.84357346,
        "q1_ns": 11008050.515133558,
        "q3_ns": 56277286.35870702
      },
      "futex_op_counts": {
        "128": 24
      },
      "first_seen_ts_ns": 2399480058834,
      "last_seen_ts_ns": 2399790058483
    },
    {
      "tgid": 51976,
      "comm": "runc:[2:INIT]",
      "cgroup_id": 5272,
      "wait_duration_stats_ns": {
        "count": 32.0,
        "sum": 1145466366.9999998,
        "mean": 35795823.96874999,
        "median": 25051781.338479478,
        "min": 130155,
        "max": 167950471,
        "variance_ns2": 1787725850180775.8,
        "iqr_ns": 34856813.21935026,
        "q1_ns": 8062532.184082804,
        "q3_ns": 42919345.40343307
      },
      "futex_op_counts": {
        "128": 32
      },
      "first_seen_ts_ns": 2373430031113,
      "last_seen_ts_ns": 2373670042651
    },
    {
      "tgid": 52022,
      "comm": "runc:[2:INIT]",
      "cgroup_id": 5272,
      "wait_duration_stats_ns": {
        "count": 25.0,
        "sum": 1122449836.0000002,
        "mean": 44897993.440000005,
        "median": 28322998.441553853,
        "min": 966,
        "max": 170226623,
        "variance_ns2": 3548155046499210.5,
        "iqr_ns": 28672410.60981296,
        "q1_ns": 10945284.50918591,
        "q3_ns": 39617695.11899887
      },
      "futex_op_counts": {
        "128": 25
      },
      "first_seen_ts_ns": 2383230041640,
      "last_seen_ts_ns": 2383460042149
    },
    {
      "tgid": 52328,
      "comm": "runc:[2:INIT]",
      "cgroup_id": 5272,
      "wait_duration_stats_ns": {
        "count": 26.0,
        "sum": 1076557724.9999998,
        "mean": 41406066.34615383,
        "median": 19343101.235616505,
        "min": 4223,
        "max": 169764330,
        "variance_ns2": 2330384995444555.5,
        "iqr_ns": 35818503.32492015,
        "q1_ns": 11408157.03194024,
        "q3_ns": 47226660.356860384
      },
      "futex_op_counts": {
        "128": 26
      },
      "first_seen_ts_ns": 2419230088491,
      "last_seen_ts_ns": 2419460027342
    },
    {
      "tgid": 52000,
      "comm": "runc:[2:INIT]",
      "cgroup_id": 5272,
      "wait_duration_stats_ns": {
        "count": 29.0,
        "sum": 908628605.9999999,
        "mean": 31332020.89655172,
        "median": 16032052.955983931,
        "min": 14272,
        "max": 150534820,
        "variance_ns2": 1440889513498164.2,
        "iqr_ns": 23839576.694382332,
        "q1_ns": 11229615.77986268,
        "q3_ns": 35069192.47424501
      },
      "futex_op_counts": {
        "128": 29
      },
      "first_seen_ts_ns": 2378950036717,
      "last_seen_ts_ns": 2379160042311
    },
    {
      "tgid": 52048,
      "comm": "runc:[2:INIT]",
      "cgroup_id": 5272,
      "wait_duration_stats_ns": {
        "count": 25.0,
        "sum": 476141996.0000001,
        "mean": 19045679.840000004,
        "median": 493141.7958853535,
        "min": 526,
        "max": 95133148,
        "variance_ns2": 1379589244825093.5,
        "iqr_ns": 19645893.59742529,
        "q1_ns": 372884.4402260481,
        "q3_ns": 20018778.037651338
      },
      "futex_op_counts": {
        "128": 25
      },
      "first_seen_ts_ns": 2389186828598,
      "last_seen_ts_ns": 2389282220579
    },
    {
      "tgid": 52567,
      "comm": "runc",
      "cgroup_id": 4085,
      "wait_duration_stats_ns": {
        "count": 415.0,
        "sum": 465036866.00000006,
        "mean": 1120570.7614457833,
        "median": 49664.59756757156,
        "min": 912,
        "max": 79608808,
        "variance_ns2": 77748227788626.9,
        "iqr_ns": 173475.49852872733,
        "q1_ns": 11201.435362345997,
        "q3_ns": 184676.93389107333
      },
      "futex_op_counts": {
        "128": 415
      },
      "first_seen_ts_ns": 2428730190721,
      "last_seen_ts_ns": 2428812002732
    },
    {
      "tgid": 52577,
      "comm": "runc:[2:INIT]",
      "cgroup_id": 5272,
      "wait_duration_stats_ns": {
        "count": 24.0,
        "sum": 375558083.00000006,
        "mean": 15648253.458333336,
        "median": 1995869.6137566138,
        "min": 494,
        "max": 75424362,
        "variance_ns2": 948574908612582.8,
        "iqr_ns": 27175334.87684744,
        "q1_ns": 18553.277777777777,
        "q3_ns": 27193888.154625215
      },
      "futex_op_counts": {
        "128": 24
      },
      "first_seen_ts_ns": 2428736302134,
      "last_seen_ts_ns": 2428812009383
    },
    {
      "tgid": 52279,
      "comm": "grpc-health-pro",
      "cgroup_id": 5272,
      "wait_duration_stats_ns": {
        "count": 14.0,
        "sum": 323119856.0,
        "mean": 23079989.714285716,
        "median": 18739611.732407406,
        "min": 9937796,
        "max": 49965788,
        "variance_ns2": 151703992059023.72,
        "iqr_ns": 14838878.720728617,
        "q1_ns": 10836271.566666666,
        "q3_ns": 25675150.287395284
      },
      "futex_op_counts": {
        "128": 14
      },
      "first_seen_ts_ns": 2409620044616,
      "last_seen_ts_ns": 2409690057717
    },
    {
      "tgid": 51976,
      "comm": "grpc-health-pro",
      "cgroup_id": 5272,
      "wait_duration_stats_ns": {
        "count": 15.0,
        "sum": 289031097.99999994,
        "mean": 19268739.866666663,
        "median": 19290152.228670634,
        "min": 7938298,
        "max": 37657927,
        "variance_ns2": 56257857727221.0,
        "iqr_ns": 7134221.844463732,
        "q1_ns": 13774810.13580247,
        "q3_ns": 20909031.980266202
      },
      "futex_op_counts": {
        "128": 15
      },
      "first_seen_ts_ns": 2373690045874,
      "last_seen_ts_ns": 2373760053358
    },
    {
      "tgid": 52185,
      "comm": "grpc-health-pro",
      "cgroup_id": 5272,
      "wait_duration_stats_ns": {
        "count": 15.0,
        "sum": 244173698.0,
        "mean": 16278246.533333333,
        "median": 18916798.93452381,
        "min": 7083,
        "max": 38133677,
        "variance_ns2": 147992602307017.8,
        "iqr_ns": 14834346.009874828,
        "q1_ns": 7631694.771358025,
        "q3_ns": 22466040.781232852
      },
      "futex_op_counts": {
        "128": 15
      },
      "first_seen_ts_ns": 2403610041856,
      "last_seen_ts_ns": 2403660256572
    },
    {
      "tgid": 52140,
      "comm": "grpc-health-pro",
      "cgroup_id": 5272,
      "wait_duration_stats_ns": {
        "count": 14.0,
        "sum": 233036662.0,
        "mean": 16645475.857142856,
        "median": 18470725.5740625,
        "min": 8085,
        "max": 29996714,
        "variance_ns2": 133619690182147.08,
        "iqr_ns": 15561899.59164995,
        "q1_ns": 8175220.341111111,
        "q3_ns": 23737119.932761062
      },
      "futex_op_counts": {
        "128": 14
      },
      "first_seen_ts_ns": 2394450042354,
      "last_seen_ts_ns": 2394500236452
    },
    {
      "tgid": 52164,
      "comm": "grpc-health-pro",
      "cgroup_id": 5272,
      "wait_duration_stats_ns": {
        "count": 14.0,
        "sum": 209127211.99999997,
        "mean": 14937657.999999998,
        "median": 7753226.960416667,
        "min": 4100,
        "max": 39995028,
        "variance_ns2": 224271763977518.66,
        "iqr_ns": 14973850.542860081,
        "q1_ns": 2218973.908888889,
        "q3_ns": 17192824.45174897
      },
      "futex_op_counts": {
        "128": 14
      },
      "first_seen_ts_ns": 2399820047622,
      "last_seen_ts_ns": 2399870045358
    },
    {
      "tgid": 52350,
      "comm": "grpc-health-pro",
      "cgroup_id": 5272,
      "wait_duration_stats_ns": {
        "count": 15.0,
        "sum": 205374293.0,
        "mean": 13691619.533333333,
        "median": 8806022.877314815,
        "min": 8162,
        "max": 39023016,
        "variance_ns2": 217698937153259.16,
        "iqr_ns": 22100123.172421195,
        "q1_ns": 928940.2249999999,
        "q3_ns": 23029063.397421196
      },
      "futex_op_counts": {
        "128": 15
      },
      "first_seen_ts_ns": 2423690130220,
      "last_seen_ts_ns": 2423740063312
    },
    {
      "tgid": 52328,
      "comm": "grpc-health-pro",
      "cgroup_id": 5272,
      "wait_duration_stats_ns": {
        "count": 16.0,
        "sum": 197816726.0,
        "mean": 12363545.375,
        "median": 12657491.380497687,
        "min": 6574,
        "max": 41231115,
        "variance_ns2": 115137460946145.58,
        "iqr_ns": 14493541.292057293,
        "q1_ns": 4865501.275,
        "q3_ns": 19359042.567057293
      },
      "futex_op_counts": {
        "128": 16
      },
      "first_seen_ts_ns": 2419490129305,
      "last_seen_ts_ns": 2419550249831
    },
    {
      "tgid": 52306,
      "comm": "grpc-health-pro",
      "cgroup_id": 5272,
      "wait_duration_stats_ns": {
        "count": 12.0,
        "sum": 117495869.00000001,
        "mean": 9791322.416666668,
        "median": 10869855.25,
        "min": 22724,
        "max": 19960579,
        "variance_ns2": 44056640850185.53,
        "iqr_ns": 10383366.614153437,
        "q1_ns": 4274790.5,
        "q3_ns": 14658157.114153437
      },
      "futex_op_counts": {
        "128": 12
      },
      "first_seen_ts_ns": 2414270037269,
      "last_seen_ts_ns": 2414300082796
    },
    {
      "tgid": 52022,
      "comm": "grpc-health-pro",
      "cgroup_id": 5272,
      "wait_duration_stats_ns": {
        "count": 11.0,
        "sum": 95351735.0,
        "mean": 8668339.545454545,
        "median": 7582533.802662038,
        "min": 7504,
        "max": 18501018,
        "variance_ns2": 69021619298208.875,
        "iqr_ns": 8547145.45473251,
        "q1_ns": 123595.0,
        "q3_ns": 8670740.45473251
      },
      "futex_op_counts": {
        "128": 11
      },
      "first_seen_ts_ns": 2383490053004,
      "last_seen_ts_ns": 2383510081457
    },
    {
      "tgid": 52000,
      "comm": "grpc-health-pro",
      "cgroup_id": 5272,
      "wait_duration_stats_ns": {
        "count": 11.0,
        "sum": 64461738.00000001,
        "mean": 5860158.000000001,
        "median": 2569716.1,
        "min": 7101,
        "max": 21218232,
        "variance_ns2": 61882533220064.0,
        "iqr_ns": 5442592.305555555,
        "q1_ns": 289813.25,
        "q3_ns": 5732405.555555555
      },
      "futex_op_counts": {
        "128": 11
      },
      "first_seen_ts_ns": 2379180122905,
      "last_seen_ts_ns": 2379210037504
    },
    {
      "tgid": 52048,
      "comm": "grpc-health-pro",
      "cgroup_id": 5272,
      "wait_duration_stats_ns": {
        "count": 34.0,
        "sum": 8863857.000000002,
        "mean": 260701.67647058828,
        "median": 88526.57432916813,
        "min": 9544,
        "max": 1363572,
        "variance_ns2": 163358796999.68002,
        "iqr_ns": 184479.01319089756,
        "q1_ns": 25790.17085785119,
        "q3_ns": 210269.18404874875
      },
      "futex_op_counts": {
        "128": 34
      },
      "first_seen_ts_ns": 2389283871941,
      "last_seen_ts_ns": 2389286206020
    },
    {
      "tgid": 52577,
      "comm": "grpc-health-pro",
      "cgroup_id": 5272,
      "wait_duration_stats_ns": {
        "count": 33.0,
        "sum": 8809092.0,
        "mean": 266942.1818181818,
        "median": 67439.3091823274,
        "min": 442,
        "max": 1400593,
        "variance_ns2": 176008052298.2159,
        "iqr_ns": 219772.3633391995,
        "q1_ns": 24710.44013275784,
        "q3_ns": 244482.80347195736
      },
      "futex_op_counts": {
        "128": 33
      },
      "first_seen_ts_ns": 2428813794668,
      "last_seen_ts_ns": 2428816144313
    },
    {
      "tgid": 51778,
      "comm": "flux-broker-0",
      "cgroup_id": 20696,
      "wait_duration_stats_ns": {
        "count": 16.0,
        "sum": 49938.0,
        "mean": 3121.125,
        "median": 2289.983333333333,
        "min": 820,
        "max": 16800,
        "variance_ns2": 13527261.85,
        "iqr_ns": 504.9650462962961,
        "q1_ns": 1978.0349537037039,
        "q3_ns": 2483.0
      },
      "futex_op_counts": {
        "128": 16
      },
      "first_seen_ts_ns": 2371232049068,
      "last_seen_ts_ns": 2431052514724
    },
    {
      "tgid": 52066,
      "comm": "xhpcg",
      "cgroup_id": 20696,
      "wait_duration_stats_ns": {
        "count": 1.0,
        "sum": 21481.0,
        "mean": 21481.0,
        "median": 21481.0,
        "min": 21481,
        "max": 21481,
        "variance_ns2": null,
        "iqr_ns": 0.0,
        "q1_ns": 21481.0,
        "q3_ns": 21481.0
      },
      "futex_op_counts": {
        "128": 1
      },
      "first_seen_ts_ns": 2407132309062,
      "last_seen_ts_ns": 2407132309062
    },
    {
      "tgid": 51901,
      "comm": "xhpcg",
      "cgroup_id": 20696,
      "wait_duration_stats_ns": {
        "count": 1.0,
        "sum": 16616.0,
        "mean": 16616.0,
        "median": 16616.0,
        "min": 16616,
        "max": 16616,
        "variance_ns2": null,
        "iqr_ns": 0.0,
        "q1_ns": 16616.0,
        "q3_ns": 16616.0
      },
      "futex_op_counts": {
        "128": 1
      },
      "first_seen_ts_ns": 2389187312989,
      "last_seen_ts_ns": 2389187312989
    },
    {
      "tgid": 52201,
      "comm": "xhpcg",
      "cgroup_id": 20696,
      "wait_duration_stats_ns": {
        "count": 1.0,
        "sum": 10853.0,
        "mean": 10853.0,
        "median": 10853.0,
        "min": 10853,
        "max": 10853,
        "variance_ns2": null,
        "iqr_ns": 0.0,
        "q1_ns": 10853.0,
        "q3_ns": 10853.0
      },
      "futex_op_counts": {
        "128": 1
      },
      "first_seen_ts_ns": 2425720781738,
      "last_seen_ts_ns": 2425720781738
    },
    {
      "tgid": 52203,
      "comm": "xhpcg",
      "cgroup_id": 20696,
      "wait_duration_stats_ns": {
        "count": 1.0,
        "sum": 9677.0,
        "mean": 9677.0,
        "median": 9677.0,
        "min": 9677,
        "max": 9677,
        "variance_ns2": null,
        "iqr_ns": 0.0,
        "q1_ns": 9677.0,
        "q3_ns": 9677.0
      },
      "futex_op_counts": {
        "128": 1
      },
      "first_seen_ts_ns": 2425720678893,
      "last_seen_ts_ns": 2425720678893
    },
    {
      "tgid": 52204,
      "comm": "xhpcg",
      "cgroup_id": 20696,
      "wait_duration_stats_ns": {
        "count": 1.0,
        "sum": 8786.0,
        "mean": 8786.0,
        "median": 8786.0,
        "min": 8786,
        "max": 8786,
        "variance_ns2": null,
        "iqr_ns": 0.0,
        "q1_ns": 8786.0,
        "q3_ns": 8786.0
      },
      "futex_op_counts": {
        "128": 1
      },
      "first_seen_ts_ns": 2425716383096,
      "last_seen_ts_ns": 2425716383096
    },
    {
      "tgid": 51932,
      "comm": "xhpcg",
      "cgroup_id": 20696,
      "wait_duration_stats_ns": {
        "count": 1.0,
        "sum": 8727.0,
        "mean": 8727.0,
        "median": 8727.0,
        "min": 8727,
        "max": 8727,
        "variance_ns2": null,
        "iqr_ns": 0.0,
        "q1_ns": 8727.0,
        "q3_ns": 8727.0
      },
      "futex_op_counts": {
        "128": 1
      },
      "first_seen_ts_ns": 2389187194386,
      "last_seen_ts_ns": 2389187194386
    },
    {
      "tgid": 52123,
      "comm": "xhpcg",
      "cgroup_id": 20696,
      "wait_duration_stats_ns": {
        "count": 1.0,
        "sum": 8386.0,
        "mean": 8386.0,
        "median": 8386.0,
        "min": 8386,
        "max": 8386,
        "variance_ns2": null,
        "iqr_ns": 0.0,
        "q1_ns": 8386.0,
        "q3_ns": 8386.0
      },
      "futex_op_counts": {
        "128": 1
      },
      "first_seen_ts_ns": 2407130640365,
      "last_seen_ts_ns": 2407130640365
    },
    {
      "tgid": 52069,
      "comm": "xhpcg",
      "cgroup_id": 20696,
      "wait_duration_stats_ns": {
        "count": 1.0,
        "sum": 8039.0,
        "mean": 8039.0,
        "median": 8039.0,
        "min": 8039,
        "max": 8039,
        "variance_ns2": null,
        "iqr_ns": 0.0,
        "q1_ns": 8039.0,
        "q3_ns": 8039.0
      },
      "futex_op_counts": {
        "128": 1
      },
      "first_seen_ts_ns": 2407130370219,
      "last_seen_ts_ns": 2407130370219
    },
    {
      "tgid": 52068,
      "comm": "xhpcg",
      "cgroup_id": 20696,
      "wait_duration_stats_ns": {
        "count": 1.0,
        "sum": 8033.0,
        "mean": 8033.0,
        "median": 8033.0,
        "min": 8033,
        "max": 8033,
        "variance_ns2": null,
        "iqr_ns": 0.0,
        "q1_ns": 8033.0,
        "q3_ns": 8033.0
      },
      "futex_op_counts": {
        "128": 1
      },
      "first_seen_ts_ns": 2407131724853,
      "last_seen_ts_ns": 2407131724853
    },
    {
      "tgid": 52075,
      "comm": "xhpcg",
      "cgroup_id": 20696,
      "wait_duration_stats_ns": {
        "count": 1.0,
        "sum": 7971.0,
        "mean": 7971.0,
        "median": 7971.0,
        "min": 7971,
        "max": 7971,
        "variance_ns2": null,
        "iqr_ns": 0.0,
        "q1_ns": 7971.0,
        "q3_ns": 7971.0
      },
      "futex_op_counts": {
        "128": 1
      },
      "first_seen_ts_ns": 2407130382373,
      "last_seen_ts_ns": 2407130382373
    },
    {
      "tgid": 52093,
      "comm": "xhpcg",
      "cgroup_id": 20696,
      "wait_duration_stats_ns": {
        "count": 1.0,
        "sum": 7941.0,
        "mean": 7941.0,
        "median": 7941.0,
        "min": 7941,
        "max": 7941,
        "variance_ns2": null,
        "iqr_ns": 0.0,
        "q1_ns": 7941.0,
        "q3_ns": 7941.0
      },
      "futex_op_counts": {
        "128": 1
      },
      "first_seen_ts_ns": 2407131724447,
      "last_seen_ts_ns": 2407131724447
    },
    {
      "tgid": 52077,
      "comm": "xhpcg",
      "cgroup_id": 20696,
      "wait_duration_stats_ns": {
        "count": 1.0,
        "sum": 7896.0,
        "mean": 7896.0,
        "median": 7896.0,
        "min": 7896,
        "max": 7896,
        "variance_ns2": null,
        "iqr_ns": 0.0,
        "q1_ns": 7896.0,
        "q3_ns": 7896.0
      },
      "futex_op_counts": {
        "128": 1
      },
      "first_seen_ts_ns": 2407128369252,
      "last_seen_ts_ns": 2407128369252
    },
    {
      "tgid": 52125,
      "comm": "xhpcg",
      "cgroup_id": 20696,
      "wait_duration_stats_ns": {
        "count": 1.0,
        "sum": 7866.0,
        "mean": 7866.0,
        "median": 7866.0,
        "min": 7866,
        "max": 7866,
        "variance_ns2": null,
        "iqr_ns": 0.0,
        "q1_ns": 7866.0,
        "q3_ns": 7866.0
      },
      "futex_op_counts": {
        "128": 1
      },
      "first_seen_ts_ns": 2407130249476,
      "last_seen_ts_ns": 2407130249476
    },
    {
      "tgid": 52089,
      "comm": "xhpcg",
      "cgroup_id": 20696,
      "wait_duration_stats_ns": {
        "count": 1.0,
        "sum": 7713.0,
        "mean": 7713.0,
        "median": 7713.0,
        "min": 7713,
        "max": 7713,
        "variance_ns2": null,
        "iqr_ns": 0.0,
        "q1_ns": 7713.0,
        "q3_ns": 7713.0
      },
      "futex_op_counts": {
        "128": 1
      },
      "first_seen_ts_ns": 2407131724441,
      "last_seen_ts_ns": 2407131724441
    },
    {
      "tgid": 52244,
      "comm": "xhpcg",
      "cgroup_id": 20696,
      "wait_duration_stats_ns": {
        "count": 1.0,
        "sum": 7698.0,
        "mean": 7698.0,
        "median": 7698.0,
        "min": 7698,
        "max": 7698,
        "variance_ns2": null,
        "iqr_ns": 0.0,
        "q1_ns": 7698.0,
        "q3_ns": 7698.0
      },
      "futex_op_counts": {
        "128": 1
      },
      "first_seen_ts_ns": 2425716791256,
      "last_seen_ts_ns": 2425716791256
    },
    {
      "tgid": 52250,
      "comm": "xhpcg",
      "cgroup_id": 20696,
      "wait_duration_stats_ns": {
        "count": 1.0,
        "sum": 7675.0,
        "mean": 7675.0,
        "median": 7675.0,
        "min": 7675,
        "max": 7675,
        "variance_ns2": null,
        "iqr_ns": 0.0,
        "q1_ns": 7675.0,
        "q3_ns": 7675.0
      },
      "futex_op_counts": {
        "128": 1
      },
      "first_seen_ts_ns": 2425720287872,
      "last_seen_ts_ns": 2425720287872
    },
    {
      "tgid": 52246,
      "comm": "xhpcg",
      "cgroup_id": 20696,
      "wait_duration_stats_ns": {
        "count": 1.0,
        "sum": 7599.0,
        "mean": 7599.0,
        "median": 7599.0,
        "min": 7599,
        "max": 7599,
        "variance_ns2": null,
        "iqr_ns": 0.0,
        "q1_ns": 7599.0,
        "q3_ns": 7599.0
      },
      "futex_op_counts": {
        "128": 1
      },
      "first_seen_ts_ns": 2425720670619,
      "last_seen_ts_ns": 2425720670619
    },
    {
      "tgid": 52228,
      "comm": "xhpcg",
      "cgroup_id": 20696,
      "wait_duration_stats_ns": {
        "count": 1.0,
        "sum": 7559.0,
        "mean": 7559.0,
        "median": 7559.0,
        "min": 7559,
        "max": 7559,
        "variance_ns2": null,
        "iqr_ns": 0.0,
        "q1_ns": 7559.0,
        "q3_ns": 7559.0
      },
      "futex_op_counts": {
        "128": 1
      },
      "first_seen_ts_ns": 2425719373490,
      "last_seen_ts_ns": 2425719373490
    },
    {
      "tgid": 52117,
      "comm": "xhpcg",
      "cgroup_id": 20696,
      "wait_duration_stats_ns": {
        "count": 1.0,
        "sum": 7545.0,
        "mean": 7545.0,
        "median": 7545.0,
        "min": 7545,
        "max": 7545,
        "variance_ns2": null,
        "iqr_ns": 0.0,
        "q1_ns": 7545.0,
        "q3_ns": 7545.0
      },
      "futex_op_counts": {
        "128": 1
      },
      "first_seen_ts_ns": 2407132253074,
      "last_seen_ts_ns": 2407132253074
    },
    {
      "tgid": 52209,
      "comm": "xhpcg",
      "cgroup_id": 20696,
      "wait_duration_stats_ns": {
        "count": 1.0,
        "sum": 7517.0,
        "mean": 7517.0,
        "median": 7517.0,
        "min": 7517,
        "max": 7517,
        "variance_ns2": null,
        "iqr_ns": 0.0,
        "q1_ns": 7517.0,
        "q3_ns": 7517.0
      },
      "futex_op_counts": {
        "128": 1
      },
      "first_seen_ts_ns": 2425720665440,
      "last_seen_ts_ns": 2425720665440
    },
    {
      "tgid": 52067,
      "comm": "xhpcg",
      "cgroup_id": 20696,
      "wait_duration_stats_ns": {
        "count": 1.0,
        "sum": 7474.0,
        "mean": 7474.0,
        "median": 7474.0,
        "min": 7474,
        "max": 7474,
        "variance_ns2": null,
        "iqr_ns": 0.0,
        "q1_ns": 7474.0,
        "q3_ns": 7474.0
      },
      "futex_op_counts": {
        "128": 1
      },
      "first_seen_ts_ns": 2407132262591,
      "last_seen_ts_ns": 2407132262591
    },
    {
      "tgid": 52221,
      "comm": "xhpcg",
      "cgroup_id": 20696,
      "wait_duration_stats_ns": {
        "count": 1.0,
        "sum": 7473.0,
        "mean": 7473.0,
        "median": 7473.0,
        "min": 7473,
        "max": 7473,
        "variance_ns2": null,
        "iqr_ns": 0.0,
        "q1_ns": 7473.0,
        "q3_ns": 7473.0
      },
      "futex_op_counts": {
        "128": 1
      },
      "first_seen_ts_ns": 2425719373021,
      "last_seen_ts_ns": 2425719373021
    },
    {
      "tgid": 51904,
      "comm": "xhpcg",
      "cgroup_id": 20696,
      "wait_duration_stats_ns": {
        "count": 1.0,
        "sum": 7455.0,
        "mean": 7455.0,
        "median": 7455.0,
        "min": 7455,
        "max": 7455,
        "variance_ns2": null,
        "iqr_ns": 0.0,
        "q1_ns": 7455.0,
        "q3_ns": 7455.0
      },
      "futex_op_counts": {
        "128": 1
      },
      "first_seen_ts_ns": 2389186403183,
      "last_seen_ts_ns": 2389186403183
    },
    {
      "tgid": 52240,
      "comm": "xhpcg",
      "cgroup_id": 20696,
      "wait_duration_stats_ns": {
        "count": 1.0,
        "sum": 7416.0,
        "mean": 7416.0,
        "median": 7416.0,
        "min": 7416,
        "max": 7416,
        "variance_ns2": null,
        "iqr_ns": 0.0,
        "q1_ns": 7416.0,
        "q3_ns": 7416.0
      },
      "futex_op_counts": {
        "128": 1
      },
      "first_seen_ts_ns": 2425720663671,
      "last_seen_ts_ns": 2425720663671
    },
    {
      "tgid": 52234,
      "comm": "xhpcg",
      "cgroup_id": 20696,
      "wait_duration_stats_ns": {
        "count": 1.0,
        "sum": 7403.0,
        "mean": 7403.0,
        "median": 7403.0,
        "min": 7403,
        "max": 7403,
        "variance_ns2": null,
        "iqr_ns": 0.0,
        "q1_ns": 7403.0,
        "q3_ns": 7403.0
      },
      "futex_op_counts": {
        "128": 1
      },
      "first_seen_ts_ns": 2425720657190,
      "last_seen_ts_ns": 2425720657190
    },
    {
      "tgid": 51956,
      "comm": "xhpcg",
      "cgroup_id": 20696,
      "wait_duration_stats_ns": {
        "count": 1.0,
        "sum": 7373.0,
        "mean": 7373.0,
        "median": 7373.0,
        "min": 7373,
        "max": 7373,
        "variance_ns2": null,
        "iqr_ns": 0.0,
        "q1_ns": 7373.0,
        "q3_ns": 7373.0
      },
      "futex_op_counts": {
        "128": 1
      },
      "first_seen_ts_ns": 2389186567182,
      "last_seen_ts_ns": 2389186567182
    },
    {
      "tgid": 52248,
      "comm": "xhpcg",
      "cgroup_id": 20696,
      "wait_duration_stats_ns": {
        "count": 1.0,
        "sum": 7373.0,
        "mean": 7373.0,
        "median": 7373.0,
        "min": 7373,
        "max": 7373,
        "variance_ns2": null,
        "iqr_ns": 0.0,
        "q1_ns": 7373.0,
        "q3_ns": 7373.0
      },
      "futex_op_counts": {
        "128": 1
      },
      "first_seen_ts_ns": 2425718990732,
      "last_seen_ts_ns": 2425718990732
    },
    {
      "tgid": 51902,
      "comm": "xhpcg",
      "cgroup_id": 20696,
      "wait_duration_stats_ns": {
        "count": 1.0,
        "sum": 7347.0,
        "mean": 7347.0,
        "median": 7347.0,
        "min": 7347,
        "max": 7347,
        "variance_ns2": null,
        "iqr_ns": 0.0,
        "q1_ns": 7347.0,
        "q3_ns": 7347.0
      },
      "futex_op_counts": {
        "128": 1
      },
      "first_seen_ts_ns": 2389187234101,
      "last_seen_ts_ns": 2389187234101
    },
    {
      "tgid": 52097,
      "comm": "xhpcg",
      "cgroup_id": 20696,
      "wait_duration_stats_ns": {
        "count": 1.0,
        "sum": 7311.0,
        "mean": 7311.0,
        "median": 7311.0,
        "min": 7311,
        "max": 7311,
        "variance_ns2": null,
        "iqr_ns": 0.0,
        "q1_ns": 7311.0,
        "q3_ns": 7311.0
      },
      "futex_op_counts": {
        "128": 1
      },
      "first_seen_ts_ns": 2407132002623,
      "last_seen_ts_ns": 2407132002623
    },
    {
      "tgid": 51959,
      "comm": "xhpcg",
      "cgroup_id": 20696,
      "wait_duration_stats_ns": {
        "count": 1.0,
        "sum": 7307.0,
        "mean": 7307.0,
        "median": 7307.0,
        "min": 7307,
        "max": 7307,
        "variance_ns2": null,
        "iqr_ns": 0.0,
        "q1_ns": 7307.0,
        "q3_ns": 7307.0
      },
      "futex_op_counts": {
        "128": 1
      },
      "first_seen_ts_ns": 2389186980741,
      "last_seen_ts_ns": 2389186980741
    },
    {
      "tgid": 52236,
      "comm": "xhpcg",
      "cgroup_id": 20696,
      "wait_duration_stats_ns": {
        "count": 1.0,
        "sum": 7297.0,
        "mean": 7297.0,
        "median": 7297.0,
        "min": 7297,
        "max": 7297,
        "variance_ns2": null,
        "iqr_ns": 0.0,
        "q1_ns": 7297.0,
        "q3_ns": 7297.0
      },
      "futex_op_counts": {
        "128": 1
      },
      "first_seen_ts_ns": 2425718910088,
      "last_seen_ts_ns": 2425718910088
    },
    {
      "tgid": 52213,
      "comm": "xhpcg",
      "cgroup_id": 20696,
      "wait_duration_stats_ns": {
        "count": 1.0,
        "sum": 7293.0,
        "mean": 7293.0,
        "median": 7293.0,
        "min": 7293,
        "max": 7293,
        "variance_ns2": null,
        "iqr_ns": 0.0,
        "q1_ns": 7293.0,
        "q3_ns": 7293.0
      },
      "futex_op_counts": {
        "128": 1
      },
      "first_seen_ts_ns": 2425719723793,
      "last_seen_ts_ns": 2425719723793
    },
    {
      "tgid": 52207,
      "comm": "xhpcg",
      "cgroup_id": 20696,
      "wait_duration_stats_ns": {
        "count": 1.0,
        "sum": 7292.0,
        "mean": 7292.0,
        "median": 7292.0,
        "min": 7292,
        "max": 7292,
        "variance_ns2": null,
        "iqr_ns": 0.0,
        "q1_ns": 7292.0,
        "q3_ns": 7292.0
      },
      "futex_op_counts": {
        "128": 1
      },
      "first_seen_ts_ns": 2425720664568,
      "last_seen_ts_ns": 2425720664568
    },
    {
      "tgid": 52260,
      "comm": "xhpcg",
      "cgroup_id": 20696,
      "wait_duration_stats_ns": {
        "count": 1.0,
        "sum": 7288.0,
        "mean": 7288.0,
        "median": 7288.0,
        "min": 7288,
        "max": 7288,
        "variance_ns2": null,
        "iqr_ns": 0.0,
        "q1_ns": 7288.0,
        "q3_ns": 7288.0
      },
      "futex_op_counts": {
        "128": 1
      },
      "first_seen_ts_ns": 2425718995413,
      "last_seen_ts_ns": 2425718995413
    },
    {
      "tgid": 51944,
      "comm": "xhpcg",
      "cgroup_id": 20696,
      "wait_duration_stats_ns": {
        "count": 1.0,
        "sum": 7253.0,
        "mean": 7253.0,
        "median": 7253.0,
        "min": 7253,
        "max": 7253,
        "variance_ns2": null,
        "iqr_ns": 0.0,
        "q1_ns": 7253.0,
        "q3_ns": 7253.0
      },
      "futex_op_counts": {
        "128": 1
      },
      "first_seen_ts_ns": 2389187231840,
      "last_seen_ts_ns": 2389187231840
    },
    {
      "tgid": 52091,
      "comm": "xhpcg",
      "cgroup_id": 20696,
      "wait_duration_stats_ns": {
        "count": 1.0,
        "sum": 7233.0,
        "mean": 7233.0,
        "median": 7233.0,
        "min": 7233,
        "max": 7233,
        "variance_ns2": null,
        "iqr_ns": 0.0,
        "q1_ns": 7233.0,
        "q3_ns": 7233.0
      },
      "futex_op_counts": {
        "128": 1
      },
      "first_seen_ts_ns": 2407131724357,
      "last_seen_ts_ns": 2407131724357
    },
    {
      "tgid": 52099,
      "comm": "xhpcg",
      "cgroup_id": 20696,
      "wait_duration_stats_ns": {
        "count": 1.0,
        "sum": 7228.0,
        "mean": 7228.0,
        "median": 7228.0,
        "min": 7228,
        "max": 7228,
        "variance_ns2": null,
        "iqr_ns": 0.0,
        "q1_ns": 7228.0,
        "q3_ns": 7228.0
      },
      "futex_op_counts": {
        "128": 1
      },
      "first_seen_ts_ns": 2407132250663,
      "last_seen_ts_ns": 2407132250663
    },
    {
      "tgid": 52258,
      "comm": "xhpcg",
      "cgroup_id": 20696,
      "wait_duration_stats_ns": {
        "count": 1.0,
        "sum": 7225.0,
        "mean": 7225.0,
        "median": 7225.0,
        "min": 7225,
        "max": 7225,
        "variance_ns2": null,
        "iqr_ns": 0.0,
        "q1_ns": 7225.0,
        "q3_ns": 7225.0
      },
      "futex_op_counts": {
        "128": 1
      },
      "first_seen_ts_ns": 2425718972659,
      "last_seen_ts_ns": 2425718972659
    },
    {
      "tgid": 52224,
      "comm": "xhpcg",
      "cgroup_id": 20696,
      "wait_duration_stats_ns": {
        "count": 1.0,
        "sum": 7223.0,
        "mean": 7223.0,
        "median": 7223.0,
        "min": 7223,
        "max": 7223,
        "variance_ns2": null,
        "iqr_ns": 0.0,
        "q1_ns": 7223.0,
        "q3_ns": 7223.0
      },
      "futex_op_counts": {
        "128": 1
      },
      "first_seen_ts_ns": 2425718984391,
      "last_seen_ts_ns": 2425718984391
    },
    {
      "tgid": 52211,
      "comm": "xhpcg",
      "cgroup_id": 20696,
      "wait_duration_stats_ns": {
        "count": 1.0,
        "sum": 7219.0,
        "mean": 7219.0,
        "median": 7219.0,
        "min": 7219,
        "max": 7219,
        "variance_ns2": null,
        "iqr_ns": 0.0,
        "q1_ns": 7219.0,
        "q3_ns": 7219.0
      },
      "futex_op_counts": {
        "128": 1
      },
      "first_seen_ts_ns": 2425719376225,
      "last_seen_ts_ns": 2425719376225
    },
    {
      "tgid": 52256,
      "comm": "xhpcg",
      "cgroup_id": 20696,
      "wait_duration_stats_ns": {
        "count": 1.0,
        "sum": 7200.0,
        "mean": 7200.0,
        "median": 7200.0,
        "min": 7200,
        "max": 7200,
        "variance_ns2": null,
        "iqr_ns": 0.0,
        "q1_ns": 7200.0,
        "q3_ns": 7200.0
      },
      "futex_op_counts": {
        "128": 1
      },
      "first_seen_ts_ns": 2425720264339,
      "last_seen_ts_ns": 2425720264339
    },
    {
      "tgid": 52072,
      "comm": "xhpcg",
      "cgroup_id": 20696,
      "wait_duration_stats_ns": {
        "count": 1.0,
        "sum": 7190.0,
        "mean": 7190.0,
        "median": 7190.0,
        "min": 7190,
        "max": 7190,
        "variance_ns2": null,
        "iqr_ns": 0.0,
        "q1_ns": 7190.0,
        "q3_ns": 7190.0
      },
      "futex_op_counts": {
        "128": 1
      },
      "first_seen_ts_ns": 2407132127232,
      "last_seen_ts_ns": 2407132127232
    },
    {
      "tgid": 51948,
      "comm": "xhpcg",
      "cgroup_id": 20696,
      "wait_duration_stats_ns": {
        "count": 1.0,
        "sum": 7188.0,
        "mean": 7188.0,
        "median": 7188.0,
        "min": 7188,
        "max": 7188,
        "variance_ns2": null,
        "iqr_ns": 0.0,
        "q1_ns": 7188.0,
        "q3_ns": 7188.0
      },
      "futex_op_counts": {
        "128": 1
      },
      "first_seen_ts_ns": 2389187236353,
      "last_seen_ts_ns": 2389187236353
    },
    {
      "tgid": 52254,
      "comm": "xhpcg",
      "cgroup_id": 20696,
      "wait_duration_stats_ns": {
        "count": 1.0,
        "sum": 7169.0,
        "mean": 7169.0,
        "median": 7169.0,
        "min": 7169,
        "max": 7169,
        "variance_ns2": null,
        "iqr_ns": 0.0,
        "q1_ns": 7169.0,
        "q3_ns": 7169.0
      },
      "futex_op_counts": {
        "128": 1
      },
      "first_seen_ts_ns": 2425720671208,
      "last_seen_ts_ns": 2425720671208
    },
    {
      "tgid": 51916,
      "comm": "xhpcg",
      "cgroup_id": 20696,
      "wait_duration_stats_ns": {
        "count": 1.0,
        "sum": 7154.0,
        "mean": 7154.0,
        "median": 7154.0,
        "min": 7154,
        "max": 7154,
        "variance_ns2": null,
        "iqr_ns": 0.0,
        "q1_ns": 7154.0,
        "q3_ns": 7154.0
      },
      "futex_op_counts": {
        "128": 1
      },
      "first_seen_ts_ns": 2389187235013,
      "last_seen_ts_ns": 2389187235013
    },
    {
      "tgid": 51952,
      "comm": "xhpcg",
      "cgroup_id": 20696,
      "wait_duration_stats_ns": {
        "count": 1.0,
        "sum": 7152.0,
        "mean": 7152.0,
        "median": 7152.0,
        "min": 7152,
        "max": 7152,
        "variance_ns2": null,
        "iqr_ns": 0.0,
        "q1_ns": 7152.0,
        "q3_ns": 7152.0
      },
      "futex_op_counts": {
        "128": 1
      },
      "first_seen_ts_ns": 2389187234241,
      "last_seen_ts_ns": 2389187234241
    },
    {
      "tgid": 51960,
      "comm": "xhpcg",
      "cgroup_id": 20696,
      "wait_duration_stats_ns": {
        "count": 1.0,
        "sum": 7151.0,
        "mean": 7151.0,
        "median": 7151.0,
        "min": 7151,
        "max": 7151,
        "variance_ns2": null,
        "iqr_ns": 0.0,
        "q1_ns": 7151.0,
        "q3_ns": 7151.0
      },
      "futex_op_counts": {
        "128": 1
      },
      "first_seen_ts_ns": 2389187235877,
      "last_seen_ts_ns": 2389187235877
    },
    {
      "tgid": 52232,
      "comm": "xhpcg",
      "cgroup_id": 20696,
      "wait_duration_stats_ns": {
        "count": 1.0,
        "sum": 7143.0,
        "mean": 7143.0,
        "median": 7143.0,
        "min": 7143,
        "max": 7143,
        "variance_ns2": null,
        "iqr_ns": 0.0,
        "q1_ns": 7143.0,
        "q3_ns": 7143.0
      },
      "futex_op_counts": {
        "128": 1
      },
      "first_seen_ts_ns": 2425720656095,
      "last_seen_ts_ns": 2425720656095
    },
    {
      "tgid": 51934,
      "comm": "xhpcg",
      "cgroup_id": 20696,
      "wait_duration_stats_ns": {
        "count": 1.0,
        "sum": 7126.0,
        "mean": 7126.0,
        "median": 7126.0,
        "min": 7126,
        "max": 7126,
        "variance_ns2": null,
        "iqr_ns": 0.0,
        "q1_ns": 7126.0,
        "q3_ns": 7126.0
      },
      "futex_op_counts": {
        "128": 1
      },
      "first_seen_ts_ns": 2389187018187,
      "last_seen_ts_ns": 2389187018187
    },
    {
      "tgid": 52103,
      "comm": "xhpcg",
      "cgroup_id": 20696,
      "wait_duration_stats_ns": {
        "count": 1.0,
        "sum": 7126.0,
        "mean": 7126.0,
        "median": 7126.0,
        "min": 7126,
        "max": 7126,
        "variance_ns2": null,
        "iqr_ns": 0.0,
        "q1_ns": 7126.0,
        "q3_ns": 7126.0
      },
      "futex_op_counts": {
        "128": 1
      },
      "first_seen_ts_ns": 2407131963913,
      "last_seen_ts_ns": 2407131963913
    },
    {
      "tgid": 52202,
      "comm": "xhpcg",
      "cgroup_id": 20696,
      "wait_duration_stats_ns": {
        "count": 1.0,
        "sum": 7102.0,
        "mean": 7102.0,
        "median": 7102.0,
        "min": 7102,
        "max": 7102,
        "variance_ns2": null,
        "iqr_ns": 0.0,
        "q1_ns": 7102.0,
        "q3_ns": 7102.0
      },
      "futex_op_counts": {
        "128": 1
      },
      "first_seen_ts_ns": 2425720663741,
      "last_seen_ts_ns": 2425720663741
    },
    {
      "tgid": 52252,
      "comm": "xhpcg",
      "cgroup_id": 20696,
      "wait_duration_stats_ns": {
        "count": 1.0,
        "sum": 7081.0,
        "mean": 7081.0,
        "median": 7081.0,
        "min": 7081,
        "max": 7081,
        "variance_ns2": null,
        "iqr_ns": 0.0,
        "q1_ns": 7081.0,
        "q3_ns": 7081.0
      },
      "futex_op_counts": {
        "128": 1
      },
      "first_seen_ts_ns": 2425720660340,
      "last_seen_ts_ns": 2425720660340
    },
    {
      "tgid": 51958,
      "comm": "xhpcg",
      "cgroup_id": 20696,
      "wait_duration_stats_ns": {
        "count": 1.0,
        "sum": 7050.0,
        "mean": 7050.0,
        "median": 7050.0,
        "min": 7050,
        "max": 7050,
        "variance_ns2": null,
        "iqr_ns": 0.0,
        "q1_ns": 7050.0,
        "q3_ns": 7050.0
      },
      "futex_op_counts": {
        "128": 1
      },
      "first_seen_ts_ns": 2389186931756,
      "last_seen_ts_ns": 2389186931756
    },
    {
      "tgid": 52095,
      "comm": "xhpcg",
      "cgroup_id": 20696,
      "wait_duration_stats_ns": {
        "count": 1.0,
        "sum": 7023.0,
        "mean": 7023.0,
        "median": 7023.0,
        "min": 7023,
        "max": 7023,
        "variance_ns2": null,
        "iqr_ns": 0.0,
        "q1_ns": 7023.0,
        "q3_ns": 7023.0
      },
      "futex_op_counts": {
        "128": 1
      },
      "first_seen_ts_ns": 2407128878265,
      "last_seen_ts_ns": 2407128878265
    },
    {
      "tgid": 52121,
      "comm": "xhpcg",
      "cgroup_id": 20696,
      "wait_duration_stats_ns": {
        "count": 1.0,
        "sum": 7015.0,
        "mean": 7015.0,
        "median": 7015.0,
        "min": 7015,
        "max": 7015,
        "variance_ns2": null,
        "iqr_ns": 0.0,
        "q1_ns": 7015.0,
        "q3_ns": 7015.0
      },
      "futex_op_counts": {
        "128": 1
      },
      "first_seen_ts_ns": 2407131995552,
      "last_seen_ts_ns": 2407131995552
    },
    {
      "tgid": 52119,
      "comm": "xhpcg",
      "cgroup_id": 20696,
      "wait_duration_stats_ns": {
        "count": 1.0,
        "sum": 7011.0,
        "mean": 7011.0,
        "median": 7011.0,
        "min": 7011,
        "max": 7011,
        "variance_ns2": null,
        "iqr_ns": 0.0,
        "q1_ns": 7011.0,
        "q3_ns": 7011.0
      },
      "futex_op_counts": {
        "128": 1
      },
      "first_seen_ts_ns": 2407128875286,
      "last_seen_ts_ns": 2407128875286
    },
    {
      "tgid": 51907,
      "comm": "xhpcg",
      "cgroup_id": 20696,
      "wait_duration_stats_ns": {
        "count": 1.0,
        "sum": 7007.0,
        "mean": 7007.0,
        "median": 7007.0,
        "min": 7007,
        "max": 7007,
        "variance_ns2": null,
        "iqr_ns": 0.0,
        "q1_ns": 7007.0,
        "q3_ns": 7007.0
      },
      "futex_op_counts": {
        "128": 1
      },
      "first_seen_ts_ns": 2389187229941,
      "last_seen_ts_ns": 2389187229941
    },
    {
      "tgid": 52217,
      "comm": "xhpcg",
      "cgroup_id": 20696,
      "wait_duration_stats_ns": {
        "count": 1.0,
        "sum": 6993.0,
        "mean": 6993.0,
        "median": 6993.0,
        "min": 6993,
        "max": 6993,
        "variance_ns2": null,
        "iqr_ns": 0.0,
        "q1_ns": 6993.0,
        "q3_ns": 6993.0
      },
      "futex_op_counts": {
        "128": 1
      },
      "first_seen_ts_ns": 2425720668521,
      "last_seen_ts_ns": 2425720668521
    },
    {
      "tgid": 52105,
      "comm": "xhpcg",
      "cgroup_id": 20696,
      "wait_duration_stats_ns": {
        "count": 1.0,
        "sum": 6974.0,
        "mean": 6974.0,
        "median": 6974.0,
        "min": 6974,
        "max": 6974,
        "variance_ns2": null,
        "iqr_ns": 0.0,
        "q1_ns": 6974.0,
        "q3_ns": 6974.0
      },
      "futex_op_counts": {
        "128": 1
      },
      "first_seen_ts_ns": 2407132126537,
      "last_seen_ts_ns": 2407132126537
    },
    {
      "tgid": 52083,
      "comm": "xhpcg",
      "cgroup_id": 20696,
      "wait_duration_stats_ns": {
        "count": 1.0,
        "sum": 6974.0,
        "mean": 6974.0,
        "median": 6974.0,
        "min": 6974,
        "max": 6974,
        "variance_ns2": null,
        "iqr_ns": 0.0,
        "q1_ns": 6974.0,
        "q3_ns": 6974.0
      },
      "futex_op_counts": {
        "128": 1
      },
      "first_seen_ts_ns": 2407132244328,
      "last_seen_ts_ns": 2407132244328
    },
    {
      "tgid": 52081,
      "comm": "xhpcg",
      "cgroup_id": 20696,
      "wait_duration_stats_ns": {
        "count": 1.0,
        "sum": 6965.0,
        "mean": 6965.0,
        "median": 6965.0,
        "min": 6965,
        "max": 6965,
        "variance_ns2": null,
        "iqr_ns": 0.0,
        "q1_ns": 6965.0,
        "q3_ns": 6965.0
      },
      "futex_op_counts": {
        "128": 1
      },
      "first_seen_ts_ns": 2407132248013,
      "last_seen_ts_ns": 2407132248013
    },
    {
      "tgid": 52115,
      "comm": "xhpcg",
      "cgroup_id": 20696,
      "wait_duration_stats_ns": {
        "count": 1.0,
        "sum": 6954.0,
        "mean": 6954.0,
        "median": 6954.0,
        "min": 6954,
        "max": 6954,
        "variance_ns2": null,
        "iqr_ns": 0.0,
        "q1_ns": 6954.0,
        "q3_ns": 6954.0
      },
      "futex_op_counts": {
        "128": 1
      },
      "first_seen_ts_ns": 2407132008355,
      "last_seen_ts_ns": 2407132008355
    },
    {
      "tgid": 52230,
      "comm": "xhpcg",
      "cgroup_id": 20696,
      "wait_duration_stats_ns": {
        "count": 1.0,
        "sum": 6949.0,
        "mean": 6949.0,
        "median": 6949.0,
        "min": 6949,
        "max": 6949,
        "variance_ns2": null,
        "iqr_ns": 0.0,
        "q1_ns": 6949.0,
        "q3_ns": 6949.0
      },
      "futex_op_counts": {
        "128": 1
      },
      "first_seen_ts_ns": 2425720222934,
      "last_seen_ts_ns": 2425720222934
    },
    {
      "tgid": 51938,
      "comm": "xhpcg",
      "cgroup_id": 20696,
      "wait_duration_stats_ns": {
        "count": 1.0,
        "sum": 6948.0,
        "mean": 6948.0,
        "median": 6948.0,
        "min": 6948,
        "max": 6948,
        "variance_ns2": null,
        "iqr_ns": 0.0,
        "q1_ns": 6948.0,
        "q3_ns": 6948.0
      },
      "futex_op_counts": {
        "128": 1
      },
      "first_seen_ts_ns": 2389187231617,
      "last_seen_ts_ns": 2389187231617
    },
    {
      "tgid": 52111,
      "comm": "xhpcg",
      "cgroup_id": 20696,
      "wait_duration_stats_ns": {
        "count": 1.0,
        "sum": 6922.0,
        "mean": 6922.0,
        "median": 6922.0,
        "min": 6922,
        "max": 6922,
        "variance_ns2": null,
        "iqr_ns": 0.0,
        "q1_ns": 6922.0,
        "q3_ns": 6922.0
      },
      "futex_op_counts": {
        "128": 1
      },
      "first_seen_ts_ns": 2407132117247,
      "last_seen_ts_ns": 2407132117247
    },
    {
      "tgid": 52087,
      "comm": "xhpcg",
      "cgroup_id": 20696,
      "wait_duration_stats_ns": {
        "count": 1.0,
        "sum": 6917.0,
        "mean": 6917.0,
        "median": 6917.0,
        "min": 6917,
        "max": 6917,
        "variance_ns2": null,
        "iqr_ns": 0.0,
        "q1_ns": 6917.0,
        "q3_ns": 6917.0
      },
      "futex_op_counts": {
        "128": 1
      },
      "first_seen_ts_ns": 2407130378173,
      "last_seen_ts_ns": 2407130378173
    },
    {
      "tgid": 51928,
      "comm": "xhpcg",
      "cgroup_id": 20696,
      "wait_duration_stats_ns": {
        "count": 1.0,
        "sum": 6916.0,
        "mean": 6916.0,
        "median": 6916.0,
        "min": 6916,
        "max": 6916,
        "variance_ns2": null,
        "iqr_ns": 0.0,
        "q1_ns": 6916.0,
        "q3_ns": 6916.0
      },
      "futex_op_counts": {
        "128": 1
      },
      "first_seen_ts_ns": 2389186821346,
      "last_seen_ts_ns": 2389186821346
    },
    {
      "tgid": 52109,
      "comm": "xhpcg",
      "cgroup_id": 20696,
      "wait_duration_stats_ns": {
        "count": 1.0,
        "sum": 6909.0,
        "mean": 6909.0,
        "median": 6909.0,
        "min": 6909,
        "max": 6909,
        "variance_ns2": null,
        "iqr_ns": 0.0,
        "q1_ns": 6909.0,
        "q3_ns": 6909.0
      },
      "futex_op_counts": {
        "128": 1
      },
      "first_seen_ts_ns": 2407132290707,
      "last_seen_ts_ns": 2407132290707
    },
    {
      "tgid": 52226,
      "comm": "xhpcg",
      "cgroup_id": 20696,
      "wait_duration_stats_ns": {
        "count": 1.0,
        "sum": 6902.0,
        "mean": 6902.0,
        "median": 6902.0,
        "min": 6902,
        "max": 6902,
        "variance_ns2": null,
        "iqr_ns": 0.0,
        "q1_ns": 6902.0,
        "q3_ns": 6902.0
      },
      "futex_op_counts": {
        "128": 1
      },
      "first_seen_ts_ns": 2425720650544,
      "last_seen_ts_ns": 2425720650544
    },
    {
      "tgid": 52101,
      "comm": "xhpcg",
      "cgroup_id": 20696,
      "wait_duration_stats_ns": {
        "count": 1.0,
        "sum": 6890.0,
        "mean": 6890.0,
        "median": 6890.0,
        "min": 6890,
        "max": 6890,
        "variance_ns2": null,
        "iqr_ns": 0.0,
        "q1_ns": 6890.0,
        "q3_ns": 6890.0
      },
      "futex_op_counts": {
        "128": 1
      },
      "first_seen_ts_ns": 2407131956223,
      "last_seen_ts_ns": 2407131956223
    },
    {
      "tgid": 51919,
      "comm": "xhpcg",
      "cgroup_id": 20696,
      "wait_duration_stats_ns": {
        "count": 1.0,
        "sum": 6881.0,
        "mean": 6881.0,
        "median": 6881.0,
        "min": 6881,
        "max": 6881,
        "variance_ns2": null,
        "iqr_ns": 0.0,
        "q1_ns": 6881.0,
        "q3_ns": 6881.0
      },
      "futex_op_counts": {
        "128": 1
      },
      "first_seen_ts_ns": 2389187237625,
      "last_seen_ts_ns": 2389187237625
    },
    {
      "tgid": 52113,
      "comm": "xhpcg",
      "cgroup_id": 20696,
      "wait_duration_stats_ns": {
        "count": 1.0,
        "sum": 6862.0,
        "mean": 6862.0,
        "median": 6862.0,
        "min": 6862,
        "max": 6862,
        "variance_ns2": null,
        "iqr_ns": 0.0,
        "q1_ns": 6862.0,
        "q3_ns": 6862.0
      },
      "futex_op_counts": {
        "128": 1
      },
      "first_seen_ts_ns": 2407131989524,
      "last_seen_ts_ns": 2407131989524
    },
    {
      "tgid": 52070,
      "comm": "xhpcg",
      "cgroup_id": 20696,
      "wait_duration_stats_ns": {
        "count": 1.0,
        "sum": 6855.0,
        "mean": 6855.0,
        "median": 6855.0,
        "min": 6855,
        "max": 6855,
        "variance_ns2": null,
        "iqr_ns": 0.0,
        "q1_ns": 6855.0,
        "q3_ns": 6855.0
      },
      "futex_op_counts": {
        "128": 1
      },
      "first_seen_ts_ns": 2407132007805,
      "last_seen_ts_ns": 2407132007805
    },
    {
      "tgid": 52107,
      "comm": "xhpcg",
      "cgroup_id": 20696,
      "wait_duration_stats_ns": {
        "count": 1.0,
        "sum": 6849.0,
        "mean": 6849.0,
        "median": 6849.0,
        "min": 6849,
        "max": 6849,
        "variance_ns2": null,
        "iqr_ns": 0.0,
        "q1_ns": 6849.0,
        "q3_ns": 6849.0
      },
      "futex_op_counts": {
        "128": 1
      },
      "first_seen_ts_ns": 2407132120375,
      "last_seen_ts_ns": 2407132120375
    },
    {
      "tgid": 52242,
      "comm": "xhpcg",
      "cgroup_id": 20696,
      "wait_duration_stats_ns": {
        "count": 1.0,
        "sum": 6827.0,
        "mean": 6827.0,
        "median": 6827.0,
        "min": 6827,
        "max": 6827,
        "variance_ns2": null,
        "iqr_ns": 0.0,
        "q1_ns": 6827.0,
        "q3_ns": 6827.0
      },
      "futex_op_counts": {
        "128": 1
      },
      "first_seen_ts_ns": 2425720662084,
      "last_seen_ts_ns": 2425720662084
    },
    {
      "tgid": 51953,
      "comm": "xhpcg",
      "cgroup_id": 20696,
      "wait_duration_stats_ns": {
        "count": 1.0,
        "sum": 6821.0,
        "mean": 6821.0,
        "median": 6821.0,
        "min": 6821,
        "max": 6821,
        "variance_ns2": null,
        "iqr_ns": 0.0,
        "q1_ns": 6821.0,
        "q3_ns": 6821.0
      },
      "futex_op_counts": {
        "128": 1
      },
      "first_seen_ts_ns": 2389189262524,
      "last_seen_ts_ns": 2389189262524
    },
    {
      "tgid": 51903,
      "comm": "xhpcg",
      "cgroup_id": 20696,
      "wait_duration_stats_ns": {
        "count": 1.0,
        "sum": 6820.0,
        "mean": 6820.0,
        "median": 6820.0,
        "min": 6820,
        "max": 6820,
        "variance_ns2": null,
        "iqr_ns": 0.0,
        "q1_ns": 6820.0,
        "q3_ns": 6820.0
      },
      "futex_op_counts": {
        "128": 1
      },
      "first_seen_ts_ns": 2389187237177,
      "last_seen_ts_ns": 2389187237177
    },
    {
      "tgid": 51946,
      "comm": "xhpcg",
      "cgroup_id": 20696,
      "wait_duration_stats_ns": {
        "count": 1.0,
        "sum": 6818.0,
        "mean": 6818.0,
        "median": 6818.0,
        "min": 6818,
        "max": 6818,
        "variance_ns2": null,
        "iqr_ns": 0.0,
        "q1_ns": 6818.0,
        "q3_ns": 6818.0
      },
      "futex_op_counts": {
        "128": 1
      },
      "first_seen_ts_ns": 2389186848548,
      "last_seen_ts_ns": 2389186848548
    },
    {
      "tgid": 52205,
      "comm": "xhpcg",
      "cgroup_id": 20696,
      "wait_duration_stats_ns": {
        "count": 1.0,
        "sum": 6804.0,
        "mean": 6804.0,
        "median": 6804.0,
        "min": 6804,
        "max": 6804,
        "variance_ns2": null,
        "iqr_ns": 0.0,
        "q1_ns": 6804.0,
        "q3_ns": 6804.0
      },
      "futex_op_counts": {
        "128": 1
      },
      "first_seen_ts_ns": 2425720673106,
      "last_seen_ts_ns": 2425720673106
    },
    {
      "tgid": 52220,
      "comm": "xhpcg",
      "cgroup_id": 20696,
      "wait_duration_stats_ns": {
        "count": 1.0,
        "sum": 6800.0,
        "mean": 6800.0,
        "median": 6800.0,
        "min": 6800,
        "max": 6800,
        "variance_ns2": null,
        "iqr_ns": 0.0,
        "q1_ns": 6800.0,
        "q3_ns": 6800.0
      },
      "futex_op_counts": {
        "128": 1
      },
      "first_seen_ts_ns": 2425719827491,
      "last_seen_ts_ns": 2425719827491
    },
    {
      "tgid": 51942,
      "comm": "xhpcg",
      "cgroup_id": 20696,
      "wait_duration_stats_ns": {
        "count": 1.0,
        "sum": 6799.0,
        "mean": 6799.0,
        "median": 6799.0,
        "min": 6799,
        "max": 6799,
        "variance_ns2": null,
        "iqr_ns": 0.0,
        "q1_ns": 6799.0,
        "q3_ns": 6799.0
      },
      "futex_op_counts": {
        "128": 1
      },
      "first_seen_ts_ns": 2389187232470,
      "last_seen_ts_ns": 2389187232470
    },
    {
      "tgid": 52216,
      "comm": "xhpcg",
      "cgroup_id": 20696,
      "wait_duration_stats_ns": {
        "count": 1.0,
        "sum": 6791.0,
        "mean": 6791.0,
        "median": 6791.0,
        "min": 6791,
        "max": 6791,
        "variance_ns2": null,
        "iqr_ns": 0.0,
        "q1_ns": 6791.0,
        "q3_ns": 6791.0
      },
      "futex_op_counts": {
        "128": 1
      },
      "first_seen_ts_ns": 2425720675030,
      "last_seen_ts_ns": 2425720675030
    },
    {
      "tgid": 51940,
      "comm": "xhpcg",
      "cgroup_id": 20696,
      "wait_duration_stats_ns": {
        "count": 1.0,
        "sum": 6772.0,
        "mean": 6772.0,
        "median": 6772.0,
        "min": 6772,
        "max": 6772,
        "variance_ns2": null,
        "iqr_ns": 0.0,
        "q1_ns": 6772.0,
        "q3_ns": 6772.0
      },
      "futex_op_counts": {
        "128": 1
      },
      "first_seen_ts_ns": 2389187229521,
      "last_seen_ts_ns": 2389187229521
    },
    {
      "tgid": 51918,
      "comm": "xhpcg",
      "cgroup_id": 20696,
      "wait_duration_stats_ns": {
        "count": 1.0,
        "sum": 6716.0,
        "mean": 6716.0,
        "median": 6716.0,
        "min": 6716,
        "max": 6716,
        "variance_ns2": null,
        "iqr_ns": 0.0,
        "q1_ns": 6716.0,
        "q3_ns": 6716.0
      },
      "futex_op_counts": {
        "128": 1
      },
      "first_seen_ts_ns": 2389187217576,
      "last_seen_ts_ns": 2389187217576
    },
    {
      "tgid": 51923,
      "comm": "xhpcg",
      "cgroup_id": 20696,
      "wait_duration_stats_ns": {
        "count": 1.0,
        "sum": 6590.0,
        "mean": 6590.0,
        "median": 6590.0,
        "min": 6590,
        "max": 6590,
        "variance_ns2": null,
        "iqr_ns": 0.0,
        "q1_ns": 6590.0,
        "q3_ns": 6590.0
      },
      "futex_op_counts": {
        "128": 1
      },
      "first_seen_ts_ns": 2389187238627,
      "last_seen_ts_ns": 2389187238627
    },
    {
      "tgid": 51926,
      "comm": "xhpcg",
      "cgroup_id": 20696,
      "wait_duration_stats_ns": {
        "count": 1.0,
        "sum": 6581.0,
        "mean": 6581.0,
        "median": 6581.0,
        "min": 6581,
        "max": 6581,
        "variance_ns2": null,
        "iqr_ns": 0.0,
        "q1_ns": 6581.0,
        "q3_ns": 6581.0
      },
      "futex_op_counts": {
        "128": 1
      },
      "first_seen_ts_ns": 2389187233366,
      "last_seen_ts_ns": 2389187233366
    },
    {
      "tgid": 52238,
      "comm": "xhpcg",
      "cgroup_id": 20696,
      "wait_duration_stats_ns": {
        "count": 1.0,
        "sum": 6575.0,
        "mean": 6575.0,
        "median": 6575.0,
        "min": 6575,
        "max": 6575,
        "variance_ns2": null,
        "iqr_ns": 0.0,
        "q1_ns": 6575.0,
        "q3_ns": 6575.0
      },
      "futex_op_counts": {
        "128": 1
      },
      "first_seen_ts_ns": 2425720659812,
      "last_seen_ts_ns": 2425720659812
    },
    {
      "tgid": 52085,
      "comm": "xhpcg",
      "cgroup_id": 20696,
      "wait_duration_stats_ns": {
        "count": 1.0,
        "sum": 6573.0,
        "mean": 6573.0,
        "median": 6573.0,
        "min": 6573,
        "max": 6573,
        "variance_ns2": null,
        "iqr_ns": 0.0,
        "q1_ns": 6573.0,
        "q3_ns": 6573.0
      },
      "futex_op_counts": {
        "128": 1
      },
      "first_seen_ts_ns": 2407132121842,
      "last_seen_ts_ns": 2407132121842
    },
    {
      "tgid": 51930,
      "comm": "xhpcg",
      "cgroup_id": 20696,
      "wait_duration_stats_ns": {
        "count": 1.0,
        "sum": 6559.0,
        "mean": 6559.0,
        "median": 6559.0,
        "min": 6559,
        "max": 6559,
        "variance_ns2": null,
        "iqr_ns": 0.0,
        "q1_ns": 6559.0,
        "q3_ns": 6559.0
      },
      "futex_op_counts": {
        "128": 1
      },
      "first_seen_ts_ns": 2389187244277,
      "last_seen_ts_ns": 2389187244277
    },
    {
      "tgid": 52079,
      "comm": "xhpcg",
      "cgroup_id": 20696,
      "wait_duration_stats_ns": {
        "count": 1.0,
        "sum": 6538.0,
        "mean": 6538.0,
        "median": 6538.0,
        "min": 6538,
        "max": 6538,
        "variance_ns2": null,
        "iqr_ns": 0.0,
        "q1_ns": 6538.0,
        "q3_ns": 6538.0
      },
      "futex_op_counts": {
        "128": 1
      },
      "first_seen_ts_ns": 2407132238971,
      "last_seen_ts_ns": 2407132238971
    },
    {
      "tgid": 51909,
      "comm": "xhpcg",
      "cgroup_id": 20696,
      "wait_duration_stats_ns": {
        "count": 1.0,
        "sum": 6467.0,
        "mean": 6467.0,
        "median": 6467.0,
        "min": 6467,
        "max": 6467,
        "variance_ns2": null,
        "iqr_ns": 0.0,
        "q1_ns": 6467.0,
        "q3_ns": 6467.0
      },
      "futex_op_counts": {
        "128": 1
      },
      "first_seen_ts_ns": 2389187235795,
      "last_seen_ts_ns": 2389187235795
    },
    {
      "tgid": 51911,
      "comm": "xhpcg",
      "cgroup_id": 20696,
      "wait_duration_stats_ns": {
        "count": 1.0,
        "sum": 6378.0,
        "mean": 6378.0,
        "median": 6378.0,
        "min": 6378,
        "max": 6378,
        "variance_ns2": null,
        "iqr_ns": 0.0,
        "q1_ns": 6378.0,
        "q3_ns": 6378.0
      },
      "futex_op_counts": {
        "128": 1
      },
      "first_seen_ts_ns": 2389187230670,
      "last_seen_ts_ns": 2389187230670
    },
    {
      "tgid": 51922,
      "comm": "xhpcg",
      "cgroup_id": 20696,
      "wait_duration_stats_ns": {
        "count": 1.0,
        "sum": 6332.0,
        "mean": 6332.0,
        "median": 6332.0,
        "min": 6332,
        "max": 6332,
        "variance_ns2": null,
        "iqr_ns": 0.0,
        "q1_ns": 6332.0,
        "q3_ns": 6332.0
      },
      "futex_op_counts": {
        "128": 1
      },
      "first_seen_ts_ns": 2389189256613,
      "last_seen_ts_ns": 2389189256613
    },
    {
      "tgid": 51905,
      "comm": "xhpcg",
      "cgroup_id": 20696,
      "wait_duration_stats_ns": {
        "count": 1.0,
        "sum": 6231.0,
        "mean": 6231.0,
        "median": 6231.0,
        "min": 6231,
        "max": 6231,
        "variance_ns2": null,
        "iqr_ns": 0.0,
        "q1_ns": 6231.0,
        "q3_ns": 6231.0
      },
      "futex_op_counts": {
        "128": 1
      },
      "first_seen_ts_ns": 2389187230576,
      "last_seen_ts_ns": 2389187230576
    },
    {
      "tgid": 51936,
      "comm": "xhpcg",
      "cgroup_id": 20696,
      "wait_duration_stats_ns": {
        "count": 1.0,
        "sum": 6108.0,
        "mean": 6108.0,
        "median": 6108.0,
        "min": 6108,
        "max": 6108,
        "variance_ns2": null,
        "iqr_ns": 0.0,
        "q1_ns": 6108.0,
        "q3_ns": 6108.0
      },
      "futex_op_counts": {
        "128": 1
      },
      "first_seen_ts_ns": 2389187232796,
      "last_seen_ts_ns": 2389187232796
    },
    {
      "tgid": 51913,
      "comm": "xhpcg",
      "cgroup_id": 20696,
      "wait_duration_stats_ns": {
        "count": 1.0,
        "sum": 5907.0,
        "mean": 5907.0,
        "median": 5907.0,
        "min": 5907,
        "max": 5907,
        "variance_ns2": null,
        "iqr_ns": 0.0,
        "q1_ns": 5907.0,
        "q3_ns": 5907.0
      },
      "futex_op_counts": {
        "128": 1
      },
      "first_seen_ts_ns": 2389187230316,
      "last_seen_ts_ns": 2389187230316
    },
    {
      "tgid": 51898,
      "comm": "python3",
      "cgroup_id": 20696,
      "wait_duration_stats_ns": {
        "count": 1.0,
        "sum": 2211.0,
        "mean": 2211.0,
        "median": 2211.0,
        "min": 2211,
        "max": 2211,
        "variance_ns2": null,
        "iqr_ns": 0.0,
        "q1_ns": 2211.0,
        "q3_ns": 2211.0
      },
      "futex_op_counts": {
        "128": 1
      },
      "first_seen_ts_ns": 2376227307187,
      "last_seen_ts_ns": 2376227307187
    }
  ]
}
[00:05:17] Cleanup complete.
