ln: failed to create symbolic link '/mnt/flux/view/lib/python': File exists
ln: failed to create symbolic link '/mnt/flux/view/lib/python3': File exists
unlimited
PROGRAM: futex
Looking for /opt/programs/futex/ebpf-collect.c
[01:59:50] Starting eBPF (Tracepoints for futex syscalls).
[01:59:52] BPF program loaded and tracepoints automatically attached.
[01:59:52] Start Indicator file defined '/mnt/flux/start_ebpf_collection'. Waiting.
[01:59:56] Start indicator found. Proceeding.
[01:59:56] Ring buffers opened. Polling for events...
[02:01:10] 
Indicator file '/mnt/flux/stop_ebpf_collection' found. Stopping.
[02:01:10] Cleaning up BPF resources...
{
  "final_aggregated_futex_summary_river": [
    {
      "tgid": 2336,
      "comm": "kubelet",
      "cgroup_id": 4138,
      "wait_duration_stats_ns": {
        "count": 7225.0,
        "sum": 644475471853.9996,
        "mean": 89200757.35003455,
        "median": 17948963.37498879,
        "min": 1350,
        "max": 52765938903,
        "variance_ns2": 1.540107743230321e+18,
        "iqr_ns": 38376474.08778248,
        "q1_ns": 2504108.703460558,
        "q3_ns": 40880582.79124304
      },
      "futex_op_counts": {
        "128": 7225
      },
      "first_seen_ts_ns": 8573154501669,
      "last_seen_ts_ns": 8650788823719
    },
    {
      "tgid": 2312,
      "comm": "containerd",
      "cgroup_id": 4085,
      "wait_duration_stats_ns": {
        "count": 6500.0,
        "sum": 617048181081.0011,
        "mean": 94930489.39707708,
        "median": 1242846.8837348279,
        "min": 1480,
        "max": 29557513325,
        "variance_ns2": 5.248354052924658e+17,
        "iqr_ns": 44112136.62587849,
        "q1_ns": 287964.5039355789,
        "q3_ns": 44400101.129814066
      },
      "futex_op_counts": {
        "128": 6500
      },
      "first_seen_ts_ns": 8573338614235,
      "last_seen_ts_ns": 8650788395626
    },
    {
      "tgid": 2418,
      "comm": "containerd-shim",
      "cgroup_id": 4085,
      "wait_duration_stats_ns": {
        "count": 793.0,
        "sum": 492107347242.99994,
        "mean": 620564120.1046658,
        "median": 1841915.6267762354,
        "min": 3520,
        "max": 20651387915,
        "variance_ns2": 3.7888008430330383e+18,
        "iqr_ns": 58921103.73959451,
        "q1_ns": 400566.789661345,
        "q3_ns": 59321670.52925586
      },
      "futex_op_counts": {
        "128": 793
      },
      "first_seen_ts_ns": 8573535323337,
      "last_seen_ts_ns": 8650794275894
    },
    {
      "tgid": 3751,
      "comm": "coredns",
      "cgroup_id": 5846,
      "wait_duration_stats_ns": {
        "count": 552.0,
        "sum": 371555816765.9997,
        "mean": 673108363.7065212,
        "median": 317569833.6681516,
        "min": 1690,
        "max": 35001663074,
        "variance_ns2": 6.192792162659386e+18,
        "iqr_ns": 926678515.7899781,
        "q1_ns": 21605791.805957884,
        "q3_ns": 948284307.5959361
      },
      "futex_op_counts": {
        "128": 552
      },
      "first_seen_ts_ns": 8573130296635,
      "last_seen_ts_ns": 8650130732852
    },
    {
      "tgid": 3757,
      "comm": "coredns",
      "cgroup_id": 5916,
      "wait_duration_stats_ns": {
        "count": 530.0,
        "sum": 369677123250.0002,
        "mean": 697504006.1320758,
        "median": 401769565.04826844,
        "min": 2030,
        "max": 41001601715,
        "variance_ns2": 4.633437936813307e+18,
        "iqr_ns": 847741494.316099,
        "q1_ns": 110075595.93705519,
        "q3_ns": 957817090.2531543
      },
      "futex_op_counts": {
        "128": 530
      },
      "first_seen_ts_ns": 8573189766897,
      "last_seen_ts_ns": 8650191876581
    },
    {
      "tgid": 4750,
      "comm": "containerd-shim",
      "cgroup_id": 4085,
      "wait_duration_stats_ns": {
        "count": 151.0,
        "sum": 359753586148.0002,
        "mean": 2382474080.450332,
        "median": 11689865.690959606,
        "min": 1660,
        "max": 30000170137,
        "variance_ns2": 3.4697847845443957e+19,
        "iqr_ns": 940260921.4406266,
        "q1_ns": 568133.6442943113,
        "q3_ns": 940829055.0849209
      },
      "futex_op_counts": {
        "128": 151
      },
      "first_seen_ts_ns": 8573550163553,
      "last_seen_ts_ns": 8649522653781
    },
    {
      "tgid": 3605,
      "comm": "metrics-server",
      "cgroup_id": 5636,
      "wait_duration_stats_ns": {
        "count": 1501.0,
        "sum": 351443641406.0002,
        "mean": 234139667.82544982,
        "median": 118153646.2604458,
        "min": 1620,
        "max": 40008201320,
        "variance_ns2": 1.7715966533177695e+18,
        "iqr_ns": 218219537.16892037,
        "q1_ns": 13005064.334795156,
        "q3_ns": 231224601.50371552
      },
      "futex_op_counts": {
        "128": 1501
      },
      "first_seen_ts_ns": 8573397083459,
      "last_seen_ts_ns": 8650549398392
    },
    {
      "tgid": 140755,
      "comm": "containerd-shim",
      "cgroup_id": 4085,
      "wait_duration_stats_ns": {
        "count": 322.0,
        "sum": 345762198026.00024,
        "mean": 1073795646.043479,
        "median": 14751550.139065186,
        "min": 1450,
        "max": 21517644704,
        "variance_ns2": 1.0737303011888677e+19,
        "iqr_ns": 15179359.080420947,
        "q1_ns": 1076331.6096582985,
        "q3_ns": 16255690.690079246
      },
      "futex_op_counts": {
        "128": 322
      },
      "first_seen_ts_ns": 8573532971848,
      "last_seen_ts_ns": 8649305314948
    },
    {
      "tgid": 3117,
      "comm": "containerd-shim",
      "cgroup_id": 4085,
      "wait_duration_stats_ns": {
        "count": 91.0,
        "sum": 345070939164.0,
        "mean": 3791988342.4615383,
        "median": 478385160.9627439,
        "min": 1830,
        "max": 30009404641,
        "variance_ns2": 4.402954932830866e+19,
        "iqr_ns": 4734879918.622599,
        "q1_ns": 40905529.31733446,
        "q3_ns": 4775785447.939933
      },
      "futex_op_counts": {
        "128": 91
      },
      "first_seen_ts_ns": 8573605360620,
      "last_seen_ts_ns": 8648615088264
    },
    {
      "tgid": 3267,
      "comm": "containerd-shim",
      "cgroup_id": 4085,
      "wait_duration_stats_ns": {
        "count": 103.0,
        "sum": 315173126025.0,
        "mean": 3059933262.3786407,
        "median": 318393854.8270417,
        "min": 26130,
        "max": 30001404883,
        "variance_ns2": 3.645744908640689e+19,
        "iqr_ns": 4691944778.7613,
        "q1_ns": 57407239.330447555,
        "q3_ns": 4749352018.091747
      },
      "futex_op_counts": {
        "128": 103
      },
      "first_seen_ts_ns": 8573615693487,
      "last_seen_ts_ns": 8648621860750
    },
    {
      "tgid": 3637,
      "comm": "containerd-shim",
      "cgroup_id": 4085,
      "wait_duration_stats_ns": {
        "count": 78.0,
        "sum": 315009453249.0002,
        "mean": 4038582733.9615407,
        "median": 494965679.8623616,
        "min": 11150,
        "max": 30007544243,
        "variance_ns2": 5.062759021924032e+19,
        "iqr_ns": 5771427123.296707,
        "q1_ns": 37091590.0752009,
        "q3_ns": 5808518713.371908
      },
      "futex_op_counts": {
        "128": 78
      },
      "first_seen_ts_ns": 8573624807784,
      "last_seen_ts_ns": 8648606403321
    },
    {
      "tgid": 3620,
      "comm": "metrics-server",
      "cgroup_id": 5706,
      "wait_duration_stats_ns": {
        "count": 1620.0,
        "sum": 290854278663.9997,
        "mean": 179539678.18765414,
        "median": 127835569.18820001,
        "min": 15820,
        "max": 19140795940,
        "variance_ns2": 4.1499831697532774e+17,
        "iqr_ns": 137918878.43817502,
        "q1_ns": 41454879.77353131,
        "q3_ns": 179373758.21170634
      },
      "futex_op_counts": {
        "128": 1620
      },
      "first_seen_ts_ns": 8573285277114,
      "last_seen_ts_ns": 8650786012346
    },
    {
      "tgid": 4921,
      "comm": "manager",
      "cgroup_id": 6244,
      "wait_duration_stats_ns": {
        "count": 590.0,
        "sum": 289883548333.00024,
        "mean": 491328048.02203435,
        "median": 318711633.81731164,
        "min": 7090,
        "max": 67880217885,
        "variance_ns2": 8.150372547707154e+18,
        "iqr_ns": 465002648.24861336,
        "q1_ns": 39873902.751947165,
        "q3_ns": 504876551.0005605
      },
      "futex_op_counts": {
        "128": 590
      },
      "first_seen_ts_ns": 8573628123082,
      "last_seen_ts_ns": 8650628921246
    },
    {
      "tgid": 140623,
      "comm": "containerd-shim",
      "cgroup_id": 4085,
      "wait_duration_stats_ns": {
        "count": 66.0,
        "sum": 285153026519.00006,
        "mean": 4320500401.803031,
        "median": 1313838461.6250293,
        "min": 37350,
        "max": 29994149728,
        "variance_ns2": 4.881073420509077e+19,
        "iqr_ns": 6503608162.349382,
        "q1_ns": 127486377.29645866,
        "q3_ns": 6631094539.645841
      },
      "futex_op_counts": {
        "128": 66
      },
      "first_seen_ts_ns": 8573602238023,
      "last_seen_ts_ns": 8648620257997
    },
    {
      "tgid": 3442,
      "comm": "containerd-shim",
      "cgroup_id": 4085,
      "wait_duration_stats_ns": {
        "count": 83.0,
        "sum": 285117183309.0,
        "mean": 3435146786.855422,
        "median": 884860352.2949142,
        "min": 32210,
        "max": 29994548040,
        "variance_ns2": 3.706641767669752e+19,
        "iqr_ns": 4881252753.646673,
        "q1_ns": 31483034.378964633,
        "q3_ns": 4912735788.025638
      },
      "futex_op_counts": {
        "128": 83
      },
      "first_seen_ts_ns": 8573629197051,
      "last_seen_ts_ns": 8648611257352
    },
    {
      "tgid": 2419,
      "comm": "containerd-shim",
      "cgroup_id": 4085,
      "wait_duration_stats_ns": {
        "count": 70.0,
        "sum": 285101254376.9999,
        "mean": 4072875062.5285697,
        "median": 656141859.603971,
        "min": 1460,
        "max": 30004495927,
        "variance_ns2": 4.8442289635894395e+19,
        "iqr_ns": 4593924736.360284,
        "q1_ns": 107649142.76802659,
        "q3_ns": 4701573879.12831
      },
      "futex_op_counts": {
        "128": 70
      },
      "first_seen_ts_ns": 8573620381656,
      "last_seen_ts_ns": 8648605150621
    },
    {
      "tgid": 2558,
      "comm": "kube-proxy",
      "cgroup_id": 4866,
      "wait_duration_stats_ns": {
        "count": 76.0,
        "sum": 268729198411.00003,
        "mean": 3535910505.407895,
        "median": 1932782652.9003592,
        "min": 2100,
        "max": 30036513279,
        "variance_ns2": 4.309285731489172e+19,
        "iqr_ns": 4076643297.5253363,
        "q1_ns": 363199021.12443054,
        "q3_ns": 4439842318.649767
      },
      "futex_op_counts": {
        "128": 76
      },
      "first_seen_ts_ns": 8573056193238,
      "last_seen_ts_ns": 8647591361347
    },
    {
      "tgid": 2831,
      "comm": "aws-k8s-agent",
      "cgroup_id": 5006,
      "wait_duration_stats_ns": {
        "count": 358.0,
        "sum": 213604175511.00006,
        "mean": 596659708.1312851,
        "median": 99530105.59205547,
        "min": 2240,
        "max": 18889133760,
        "variance_ns2": 3.139971387450861e+18,
        "iqr_ns": 964054919.9235389,
        "q1_ns": 547583.011616769,
        "q3_ns": 964602502.9351557
      },
      "futex_op_counts": {
        "128": 358
      },
      "first_seen_ts_ns": 8574517392377,
      "last_seen_ts_ns": 8649859534351
    },
    {
      "tgid": 4861,
      "comm": "kube-rbac-proxy",
      "cgroup_id": 6174,
      "wait_duration_stats_ns": {
        "count": 33.0,
        "sum": 209883542280.0,
        "mean": 6360107341.818182,
        "median": 5033580061.615373,
        "min": 4960048322,
        "max": 34997296404,
        "variance_ns2": 3.0124536825633567e+19,
        "iqr_ns": -2030147.6183080673,
        "q1_ns": 5002823482.729419,
        "q3_ns": 5000793335.111111
      },
      "futex_op_counts": {
        "128": 33
      },
      "first_seen_ts_ns": 8582752895101,
      "last_seen_ts_ns": 8647753273108
    },
    {
      "tgid": 2967,
      "comm": "controller",
      "cgroup_id": 5076,
      "wait_duration_stats_ns": {
        "count": 327.0,
        "sum": 207969769015.00012,
        "mean": 635993177.4159025,
        "median": 495038170.9726915,
        "min": 5200,
        "max": 10019860503,
        "variance_ns2": 1.4741918557172762e+18,
        "iqr_ns": 10851300.354489744,
        "q1_ns": 489434176.46102834,
        "q3_ns": 500285476.8155181
      },
      "futex_op_counts": {
        "128": 327
      },
      "first_seen_ts_ns": 8573704064974,
      "last_seen_ts_ns": 8650704337515
    },
    {
      "tgid": 2280,
      "comm": "ssm-agent-worke",
      "cgroup_id": 3429,
      "wait_duration_stats_ns": {
        "count": 120.0,
        "sum": 187134045458.00006,
        "mean": 1559450378.816667,
        "median": 1265603691.3790264,
        "min": 2040,
        "max": 17505594663,
        "variance_ns2": 4.001817193287677e+18,
        "iqr_ns": 1012047287.5329741,
        "q1_ns": 887108987.9762939,
        "q3_ns": 1899156275.509268
      },
      "futex_op_counts": {
        "128": 120
      },
      "first_seen_ts_ns": 8577462712823,
      "last_seen_ts_ns": 8650182799655
    },
    {
      "tgid": 141629,
      "comm": "runc",
      "cgroup_id": 4085,
      "wait_duration_stats_ns": {
        "count": 311.0,
        "sum": 2922221708.0000005,
        "mean": 9396211.279742766,
        "median": 4592366.855301377,
        "min": 2910,
        "max": 320926113,
        "variance_ns2": 907709367427630.2,
        "iqr_ns": 12241226.606520237,
        "q1_ns": 117243.03218205622,
        "q3_ns": 12358469.638702294
      },
      "futex_op_counts": {
        "128": 311
      },
      "first_seen_ts_ns": 8610797879483,
      "last_seen_ts_ns": 8611201434903
    },
    {
      "tgid": 141653,
      "comm": "runc",
      "cgroup_id": 4085,
      "wait_duration_stats_ns": {
        "count": 348.0,
        "sum": 2777819963.0000005,
        "mean": 7982241.2729885075,
        "median": 2102663.632095025,
        "min": 1480,
        "max": 311131101,
        "variance_ns2": 933516900256124.5,
        "iqr_ns": 4646064.20498283,
        "q1_ns": 69066.52539271905,
        "q3_ns": 4715130.730375549
      },
      "futex_op_counts": {
        "128": 348
      },
      "first_seen_ts_ns": 8611580068456,
      "last_seen_ts_ns": 8611971498025
    },
    {
      "tgid": 141768,
      "comm": "runc",
      "cgroup_id": 4085,
      "wait_duration_stats_ns": {
        "count": 252.0,
        "sum": 2625776715.9999995,
        "mean": 10419748.873015871,
        "median": 1762138.9730396427,
        "min": 2630,
        "max": 390403833,
        "variance_ns2": 1136148657436561.0,
        "iqr_ns": 13583146.566039331,
        "q1_ns": 94625.21443409193,
        "q3_ns": 13677771.780473422
      },
      "futex_op_counts": {
        "128": 252
      },
      "first_seen_ts_ns": 8631620157293,
      "last_seen_ts_ns": 8632051030000
    },
    {
      "tgid": 141741,
      "comm": "runc",
      "cgroup_id": 4085,
      "wait_duration_stats_ns": {
        "count": 239.0,
        "sum": 2510154672.0,
        "mean": 10502739.213389121,
        "median": 1433548.96130976,
        "min": 17150,
        "max": 221426314,
        "variance_ns2": 1049147055849276.8,
        "iqr_ns": 11388090.299621651,
        "q1_ns": 132979.9162187919,
        "q3_ns": 11521070.215840442
      },
      "futex_op_counts": {
        "128": 239
      },
      "first_seen_ts_ns": 8630820078517,
      "last_seen_ts_ns": 8631141925422
    },
    {
      "tgid": 141718,
      "comm": "runc",
      "cgroup_id": 4085,
      "wait_duration_stats_ns": {
        "count": 239.0,
        "sum": 2378712608.0000005,
        "mean": 9952772.418410044,
        "median": 2775513.609207941,
        "min": 2860,
        "max": 329999398,
        "variance_ns2": 1165594790035051.0,
        "iqr_ns": 10553098.315380309,
        "q1_ns": 70277.62640703924,
        "q3_ns": 10623375.941787347
      },
      "futex_op_counts": {
        "128": 239
      },
      "first_seen_ts_ns": 8621580076586,
      "last_seen_ts_ns": 8621931129038
    },
    {
      "tgid": 141693,
      "comm": "runc",
      "cgroup_id": 4085,
      "wait_duration_stats_ns": {
        "count": 261.0,
        "sum": 2338262343.0000005,
        "mean": 8958859.55172414,
        "median": 3382952.9102824638,
        "min": 1510,
        "max": 243434177,
        "variance_ns2": 828478907109564.4,
        "iqr_ns": 10591913.77083122,
        "q1_ns": 74467.76874375463,
        "q3_ns": 10666381.539574975
      },
      "futex_op_counts": {
        "128": 261
      },
      "first_seen_ts_ns": 8620800441984,
      "last_seen_ts_ns": 8621124678173
    },
    {
      "tgid": 141453,
      "comm": "xhpcg",
      "cgroup_id": 58516,
      "wait_duration_stats_ns": {
        "count": 203.0,
        "sum": 2285583884.0,
        "mean": 11259033.91133005,
        "median": 9597666.364059417,
        "min": 83211,
        "max": 82712418,
        "variance_ns2": 89579820658408.64,
        "iqr_ns": 6771999.641512488,
        "q1_ns": 6417363.210742944,
        "q3_ns": 13189362.852255432
      },
      "futex_op_counts": {
        "128": 203
      },
      "first_seen_ts_ns": 8578115210451,
      "last_seen_ts_ns": 8597883644546
    },
    {
      "tgid": 141452,
      "comm": "xhpcg",
      "cgroup_id": 58516,
      "wait_duration_stats_ns": {
        "count": 208.0,
        "sum": 2182307558.0000005,
        "mean": 10491863.259615388,
        "median": 9429522.976355894,
        "min": 52800,
        "max": 45622926,
        "variance_ns2": 64353697048176.6,
        "iqr_ns": 4816316.3111315435,
        "q1_ns": 5321678.941537227,
        "q3_ns": 10137995.25266877
      },
      "futex_op_counts": {
        "128": 208
      },
      "first_seen_ts_ns": 8578120099543,
      "last_seen_ts_ns": 8597883523785
    },
    {
      "tgid": 141486,
      "comm": "runc",
      "cgroup_id": 4085,
      "wait_duration_stats_ns": {
        "count": 242.0,
        "sum": 2169293983.9999995,
        "mean": 8964024.727272725,
        "median": 1049271.8274498237,
        "min": 18520,
        "max": 295003499,
        "variance_ns2": 983973028127741.0,
        "iqr_ns": 9493456.849286247,
        "q1_ns": 99711.96432568217,
        "q3_ns": 9593168.813611928
      },
      "futex_op_counts": {
        "128": 242
      },
      "first_seen_ts_ns": 8581619032739,
      "last_seen_ts_ns": 8581931445536
    },
    {
      "tgid": 141454,
      "comm": "xhpcg",
      "cgroup_id": 58516,
      "wait_duration_stats_ns": {
        "count": 189.0,
        "sum": 2158410386.9999995,
        "mean": 11420160.777777774,
        "median": 9394701.177676678,
        "min": 66770,
        "max": 42685039,
        "variance_ns2": 71651245448304.02,
        "iqr_ns": 6544250.036961691,
        "q1_ns": 7324156.154269133,
        "q3_ns": 13868406.191230824
      },
      "futex_op_counts": {
        "128": 189
      },
      "first_seen_ts_ns": 8578139581567,
      "last_seen_ts_ns": 8597883409284
    },
    {
      "tgid": 141567,
      "comm": "xhpcg",
      "cgroup_id": 58516,
      "wait_duration_stats_ns": {
        "count": 192.0,
        "sum": 2132002567.999999,
        "mean": 11104180.041666662,
        "median": 9421562.627977848,
        "min": 85050,
        "max": 48466487,
        "variance_ns2": 73939331717429.12,
        "iqr_ns": 8372768.440724276,
        "q1_ns": 5917196.692851365,
        "q3_ns": 14289965.13357564
      },
      "futex_op_counts": {
        "128": 192
      },
      "first_seen_ts_ns": 8598796523436,
      "last_seen_ts_ns": 8619092891717
    },
    {
      "tgid": 141682,
      "comm": "xhpcg",
      "cgroup_id": 58516,
      "wait_duration_stats_ns": {
        "count": 193.0,
        "sum": 2102638565.9999995,
        "mean": 10894500.341968909,
        "median": 9547869.09775376,
        "min": 87881,
        "max": 56772671,
        "variance_ns2": 66163187328577.99,
        "iqr_ns": 7093852.9847414745,
        "q1_ns": 7273874.306517552,
        "q3_ns": 14367727.291259026
      },
      "futex_op_counts": {
        "128": 193
      },
      "first_seen_ts_ns": 8619954745933,
      "last_seen_ts_ns": 8639837339853
    },
    {
      "tgid": 141564,
      "comm": "xhpcg",
      "cgroup_id": 58516,
      "wait_duration_stats_ns": {
        "count": 184.0,
        "sum": 2050668251.0,
        "mean": 11144936.14673913,
        "median": 9316886.8558082,
        "min": 74730,
        "max": 48511648,
        "variance_ns2": 79777979442582.28,
        "iqr_ns": 7575483.752297004,
        "q1_ns": 5737498.230950306,
        "q3_ns": 13312981.98324731
      },
      "futex_op_counts": {
        "128": 184
      },
      "first_seen_ts_ns": 8598805195188,
      "last_seen_ts_ns": 8619092833726
    },
    {
      "tgid": 2215,
      "comm": "amazon-ssm-agen",
      "cgroup_id": 3429,
      "wait_duration_stats_ns": {
        "count": 8.0,
        "sum": 2008860659.0,
        "mean": 251107582.375,
        "median": 6469254.333333334,
        "min": 427644,
        "max": 1000894134,
        "variance_ns2": 2.1104673967538934e+17,
        "iqr_ns": 7032877.375,
        "q1_ns": 2035188.625,
        "q3_ns": 9068066.0
      },
      "futex_op_counts": {
        "128": 8
      },
      "first_seen_ts_ns": 8622220651869,
      "last_seen_ts_ns": 8623249146042
    },
    {
      "tgid": 141576,
      "comm": "runc",
      "cgroup_id": 4085,
      "wait_duration_stats_ns": {
        "count": 242.0,
        "sum": 1915070447.9999998,
        "mean": 7913514.247933883,
        "median": 621935.1484843103,
        "min": 5471,
        "max": 92145196,
        "variance_ns2": 413556487721194.6,
        "iqr_ns": 6287042.772291053,
        "q1_ns": 79241.61706259183,
        "q3_ns": 6366284.389353645
      },
      "futex_op_counts": {
        "128": 242
      },
      "first_seen_ts_ns": 8600800291002,
      "last_seen_ts_ns": 8601002828726
    },
    {
      "tgid": 141566,
      "comm": "xhpcg",
      "cgroup_id": 58516,
      "wait_duration_stats_ns": {
        "count": 158.0,
        "sum": 1861887199.0000002,
        "mean": 11784096.196202533,
        "median": 9777360.493305417,
        "min": 74221,
        "max": 51047234,
        "variance_ns2": 100153115823245.1,
        "iqr_ns": 9079833.891413942,
        "q1_ns": 5020095.302562178,
        "q3_ns": 14099929.19397612
      },
      "futex_op_counts": {
        "128": 158
      },
      "first_seen_ts_ns": 8598786087217,
      "last_seen_ts_ns": 8619092833836
    },
    {
      "tgid": 141684,
      "comm": "xhpcg",
      "cgroup_id": 58516,
      "wait_duration_stats_ns": {
        "count": 137.0,
        "sum": 1856054455.9999998,
        "mean": 13547842.744525546,
        "median": 9418001.759427518,
        "min": 78671,
        "max": 57347105,
        "variance_ns2": 147269425267446.7,
        "iqr_ns": 12107050.785504956,
        "q1_ns": 5819742.132820811,
        "q3_ns": 17926792.918325767
      },
      "futex_op_counts": {
        "128": 137
      },
      "first_seen_ts_ns": 8619952777347,
      "last_seen_ts_ns": 8639837188892
    },
    {
      "tgid": 141681,
      "comm": "xhpcg",
      "cgroup_id": 58516,
      "wait_duration_stats_ns": {
        "count": 156.0,
        "sum": 1849133196.9999998,
        "mean": 11853417.929487178,
        "median": 9865133.283791827,
        "min": 260582,
        "max": 50482810,
        "variance_ns2": 92846876153300.05,
        "iqr_ns": 4530280.783761386,
        "q1_ns": 7801148.713549212,
        "q3_ns": 12331429.497310597
      },
      "futex_op_counts": {
        "128": 156
      },
      "first_seen_ts_ns": 8619961179566,
      "last_seen_ts_ns": 8639836966450
    },
    {
      "tgid": 141565,
      "comm": "xhpcg",
      "cgroup_id": 58516,
      "wait_duration_stats_ns": {
        "count": 153.0,
        "sum": 1818775387.0000002,
        "mean": 11887420.83006536,
        "median": 10267726.329047743,
        "min": 80670,
        "max": 48280682,
        "variance_ns2": 104893724598806.11,
        "iqr_ns": 10678143.184606604,
        "q1_ns": 5612642.803561605,
        "q3_ns": 16290785.98816821
      },
      "futex_op_counts": {
        "128": 153
      },
      "first_seen_ts_ns": 8598803347143,
      "last_seen_ts_ns": 8619092891787
    },
    {
      "tgid": 141451,
      "comm": "xhpcg",
      "cgroup_id": 58516,
      "wait_duration_stats_ns": {
        "count": 130.0,
        "sum": 1721834279.9999998,
        "mean": 13244879.076923074,
        "median": 10313754.744288888,
        "min": 113751,
        "max": 60418820,
        "variance_ns2": 145899821181077.0,
        "iqr_ns": 18125662.377321992,
        "q1_ns": 3997400.272757485,
        "q3_ns": 22123062.650079478
      },
      "futex_op_counts": {
        "128": 130
      },
      "first_seen_ts_ns": 8578117155228,
      "last_seen_ts_ns": 8597883409294
    },
    {
      "tgid": 141534,
      "comm": "runc",
      "cgroup_id": 4085,
      "wait_duration_stats_ns": {
        "count": 242.0,
        "sum": 1671256447.0,
        "mean": 6906018.376033057,
        "median": 1549660.4344104384,
        "min": 14700,
        "max": 251349042,
        "variance_ns2": 741656616483701.8,
        "iqr_ns": 9861665.12200502,
        "q1_ns": 53677.18902924934,
        "q3_ns": 9915342.311034268
      },
      "futex_op_counts": {
        "128": 242
      },
      "first_seen_ts_ns": 8591570186645,
      "last_seen_ts_ns": 8591841883358
    },
    {
      "tgid": 141510,
      "comm": "runc",
      "cgroup_id": 4085,
      "wait_duration_stats_ns": {
        "count": 232.0,
        "sum": 1567358541.9999995,
        "mean": 6755855.784482757,
        "median": 414036.7609575661,
        "min": 17220,
        "max": 230891759,
        "variance_ns2": 728735836782187.8,
        "iqr_ns": 5549167.83665239,
        "q1_ns": 67492.65823705676,
        "q3_ns": 5616660.4948894465
      },
      "futex_op_counts": {
        "128": 232
      },
      "first_seen_ts_ns": 8590810064467,
      "last_seen_ts_ns": 8591101222375
    },
    {
      "tgid": 141683,
      "comm": "xhpcg",
      "cgroup_id": 58516,
      "wait_duration_stats_ns": {
        "count": 117.0,
        "sum": 1505174054.9999998,
        "mean": 12864735.51282051,
        "median": 10063480.849407068,
        "min": 182871,
        "max": 50920355,
        "variance_ns2": 152194863030810.7,
        "iqr_ns": 15542794.282248361,
        "q1_ns": 3707148.067615693,
        "q3_ns": 19249942.349864054
      },
      "futex_op_counts": {
        "128": 117
      },
      "first_seen_ts_ns": 8619953160270,
      "last_seen_ts_ns": 8639837635486
    },
    {
      "tgid": 141463,
      "comm": "runc",
      "cgroup_id": 4085,
      "wait_duration_stats_ns": {
        "count": 234.0,
        "sum": 1247612199.0,
        "mean": 5331676.064102564,
        "median": 630224.9419406566,
        "min": 18241,
        "max": 176884103,
        "variance_ns2": 404141492580904.4,
        "iqr_ns": 2755384.5321361874,
        "q1_ns": 58649.56110503617,
        "q3_ns": 2814034.0932412236
      },
      "futex_op_counts": {
        "128": 234
      },
      "first_seen_ts_ns": 8580800086926,
      "last_seen_ts_ns": 8581041023870
    },
    {
      "tgid": 141544,
      "comm": "runc:[2:INIT]",
      "cgroup_id": 5006,
      "wait_duration_stats_ns": {
        "count": 25.0,
        "sum": 896238164.0,
        "mean": 35849526.56,
        "median": 26692895.020749733,
        "min": 4898911,
        "max": 135031390,
        "variance_ns2": 1345407214619058.8,
        "iqr_ns": 40766584.589633256,
        "q1_ns": 11503601.34310845,
        "q3_ns": 52270185.93274171
      },
      "futex_op_counts": {
        "128": 25
      },
      "first_seen_ts_ns": 8591660112014,
      "last_seen_ts_ns": 8591860129842
    },
    {
      "tgid": 141665,
      "comm": "runc:[2:INIT]",
      "cgroup_id": 5006,
      "wait_duration_stats_ns": {
        "count": 27.0,
        "sum": 871406936.0000002,
        "mean": 32274330.96296297,
        "median": 15001842.111411225,
        "min": 209342,
        "max": 140272198,
        "variance_ns2": 1736510617755640.0,
        "iqr_ns": 15972821.228476198,
        "q1_ns": 9650931.769065922,
        "q3_ns": 25623752.99754212
      },
      "futex_op_counts": {
        "128": 27
      },
      "first_seen_ts_ns": 8611784068174,
      "last_seen_ts_ns": 8611980094325
    },
    {
      "tgid": 141606,
      "comm": "runc",
      "cgroup_id": 4085,
      "wait_duration_stats_ns": {
        "count": 184.0,
        "sum": 809174101.0,
        "mean": 4397685.331521739,
        "median": 202559.1700613972,
        "min": 13180,
        "max": 150497616,
        "variance_ns2": 498950644748779.1,
        "iqr_ns": 1422334.576144358,
        "q1_ns": 38821.85676547188,
        "q3_ns": 1461156.4329098298
      },
      "futex_op_counts": {
        "128": 184
      },
      "first_seen_ts_ns": 8601590107157,
      "last_seen_ts_ns": 8601760804272
    },
    {
      "tgid": 141497,
      "comm": "runc:[2:INIT]",
      "cgroup_id": 5006,
      "wait_duration_stats_ns": {
        "count": 27.0,
        "sum": 758893206.0000002,
        "mean": 28107155.777777787,
        "median": 17461751.218399987,
        "min": 1560,
        "max": 111156538,
        "variance_ns2": 934047337282283.1,
        "iqr_ns": 14743209.503562469,
        "q1_ns": 12009108.473762594,
        "q3_ns": 26752317.977325063
      },
      "futex_op_counts": {
        "128": 27
      },
      "first_seen_ts_ns": 8581790074943,
      "last_seen_ts_ns": 8581940115620
    },
    {
      "tgid": 141778,
      "comm": "runc:[2:INIT]",
      "cgroup_id": 5006,
      "wait_duration_stats_ns": {
        "count": 26.0,
        "sum": 726145721.9999998,
        "mean": 27928681.61538461,
        "median": 21894227.497485407,
        "min": 794987,
        "max": 96474450,
        "variance_ns2": 485312666423111.7,
        "iqr_ns": 22771702.553672105,
        "q1_ns": 12499700.90974353,
        "q3_ns": 35271403.46341564
      },
      "futex_op_counts": {
        "128": 26
      },
      "first_seen_ts_ns": 8631900077631,
      "last_seen_ts_ns": 8632070152789
    },
    {
      "tgid": 142016,
      "comm": "runc",
      "cgroup_id": 4085,
      "wait_duration_stats_ns": {
        "count": 345.0,
        "sum": 708534522.9999999,
        "mean": 2053723.2550724633,
        "median": 184238.26934696198,
        "min": 1930,
        "max": 98767863,
        "variance_ns2": 137751176052186.7,
        "iqr_ns": 739989.2252275897,
        "q1_ns": 67594.28564102834,
        "q3_ns": 807583.510868618
      },
      "futex_op_counts": {
        "128": 345
      },
      "first_seen_ts_ns": 8641571573364,
      "last_seen_ts_ns": 8641679712775
    },
    {
      "tgid": 141754,
      "comm": "runc:[2:INIT]",
      "cgroup_id": 5006,
      "wait_duration_stats_ns": {
        "count": 23.0,
        "sum": 620579457.9999999,
        "mean": 26981715.565217387,
        "median": 23542850.145822436,
        "min": 38800,
        "max": 99749786,
        "variance_ns2": 589575660587712.5,
        "iqr_ns": 14032495.813804459,
        "q1_ns": 13927702.755813215,
        "q3_ns": 27960198.569617674
      },
      "futex_op_counts": {
        "128": 23
      },
      "first_seen_ts_ns": 8631020085623,
      "last_seen_ts_ns": 8631160183433
    },
    {
      "tgid": 141958,
      "comm": "runc",
      "cgroup_id": 4085,
      "wait_duration_stats_ns": {
        "count": 350.0,
        "sum": 619838987.0,
        "mean": 1770968.5342857144,
        "median": 164097.8990939439,
        "min": 1660,
        "max": 88024439,
        "variance_ns2": 108687529483537.36,
        "iqr_ns": 355032.9545113171,
        "q1_ns": 69771.19676233674,
        "q3_ns": 424804.1512736538
      },
      "futex_op_counts": {
        "128": 350
      },
      "first_seen_ts_ns": 8640791971150,
      "last_seen_ts_ns": 8640885969868
    },
    {
      "tgid": 141472,
      "comm": "runc:[2:INIT]",
      "cgroup_id": 5006,
      "wait_duration_stats_ns": {
        "count": 29.0,
        "sum": 608362901.0000001,
        "mean": 20978031.06896552,
        "median": 18795258.965109408,
        "min": 2570,
        "max": 72239731,
        "variance_ns2": 229218566420806.66,
        "iqr_ns": 11784002.115253102,
        "q1_ns": 12551892.299602743,
        "q3_ns": 24335894.414855845
      },
      "futex_op_counts": {
        "128": 29
      },
      "first_seen_ts_ns": 8580913614034,
      "last_seen_ts_ns": 8581060094901
    },
    {
      "tgid": 141641,
      "comm": "runc:[2:INIT]",
      "cgroup_id": 5006,
      "wait_duration_stats_ns": {
        "count": 26.0,
        "sum": 565594290.0,
        "mean": 21753626.53846154,
        "median": 11564677.458092673,
        "min": 84211,
        "max": 92115377,
        "variance_ns2": 614252342448155.9,
        "iqr_ns": 14436629.89076108,
        "q1_ns": 6319423.302541243,
        "q3_ns": 20756053.193302322
      },
      "futex_op_counts": {
        "128": 26
      },
      "first_seen_ts_ns": 8611090132926,
      "last_seen_ts_ns": 8611220070968
    },
    {
      "tgid": 141615,
      "comm": "runc:[2:INIT]",
      "cgroup_id": 5006,
      "wait_duration_stats_ns": {
        "count": 21.0,
        "sum": 537178489.0,
        "mean": 25579928.047619045,
        "median": 14996950.07985041,
        "min": 38840,
        "max": 93712849,
        "variance_ns2": 1046731349774828.0,
        "iqr_ns": 40349926.60172042,
        "q1_ns": 4052417.422561177,
        "q3_ns": 44402344.0242816
      },
      "futex_op_counts": {
        "128": 21
      },
      "first_seen_ts_ns": 8601640068967,
      "last_seen_ts_ns": 8601780130505
    },
    {
      "tgid": 141520,
      "comm": "runc:[2:INIT]",
      "cgroup_id": 5006,
      "wait_duration_stats_ns": {
        "count": 28.0,
        "sum": 503125285.9999999,
        "mean": 17968760.21428571,
        "median": 6897721.705776842,
        "min": 3150,
        "max": 61243747,
        "variance_ns2": 344040648880677.94,
        "iqr_ns": 24238711.036421377,
        "q1_ns": 3154713.855249966,
        "q3_ns": 27393424.891671345
      },
      "futex_op_counts": {
        "128": 28
      },
      "first_seen_ts_ns": 8590990459300,
      "last_seen_ts_ns": 8591110223922
    },
    {
      "tgid": 141705,
      "comm": "runc:[2:INIT]",
      "cgroup_id": 5006,
      "wait_duration_stats_ns": {
        "count": 25.0,
        "sum": 463522167.0,
        "mean": 18540886.68,
        "median": 7637830.491732777,
        "min": 3480,
        "max": 89597806,
        "variance_ns2": 593715104289473.4,
        "iqr_ns": 15645914.399514234,
        "q1_ns": 4238772.349255821,
        "q3_ns": 19884686.748770054
      },
      "futex_op_counts": {
        "128": 25
      },
      "first_seen_ts_ns": 8621030106847,
      "last_seen_ts_ns": 8621129832316
    },
    {
      "tgid": 141729,
      "comm": "runc:[2:INIT]",
      "cgroup_id": 5006,
      "wait_duration_stats_ns": {
        "count": 22.0,
        "sum": 461074115.9999999,
        "mean": 20957914.36363636,
        "median": 17512546.52975977,
        "min": 61970,
        "max": 69943593,
        "variance_ns2": 243038609403959.47,
        "iqr_ns": 13128771.146611057,
        "q1_ns": 11842960.460956022,
        "q3_ns": 24971731.60756708
      },
      "futex_op_counts": {
        "128": 22
      },
      "first_seen_ts_ns": 8621810083250,
      "last_seen_ts_ns": 8621940128792
    },
    {
      "tgid": 142027,
      "comm": "runc:[2:INIT]",
      "cgroup_id": 5006,
      "wait_duration_stats_ns": {
        "count": 23.0,
        "sum": 383935124.99999994,
        "mean": 16692831.521739129,
        "median": 1033512.285239394,
        "min": 49971,
        "max": 77728199,
        "variance_ns2": 956180701677383.1,
        "iqr_ns": 24421692.28060284,
        "q1_ns": 464204.76484375005,
        "q3_ns": 24885897.04544659
      },
      "futex_op_counts": {
        "128": 23
      },
      "first_seen_ts_ns": 8641600501235,
      "last_seen_ts_ns": 8641679196501
    },
    {
      "tgid": 141497,
      "comm": "grpc-health-pro",
      "cgroup_id": 5006,
      "wait_duration_stats_ns": {
        "count": 15.0,
        "sum": 356446417.00000006,
        "mean": 23763094.466666672,
        "median": 20629111.083555557,
        "min": 4526718,
        "max": 49944162,
        "variance_ns2": 169229257262433.7,
        "iqr_ns": 13226304.778029835,
        "q1_ns": 14687343.005277777,
        "q3_ns": 27913647.783307612
      },
      "futex_op_counts": {
        "128": 15
      },
      "first_seen_ts_ns": 8581960101688,
      "last_seen_ts_ns": 8582020105545
    },
    {
      "tgid": 141594,
      "comm": "runc:[2:INIT]",
      "cgroup_id": 5006,
      "wait_duration_stats_ns": {
        "count": 24.0,
        "sum": 341218468.0,
        "mean": 14217436.166666666,
        "median": 597486.8700232542,
        "min": 14480,
        "max": 71734073,
        "variance_ns2": 752576142343082.4,
        "iqr_ns": 8028281.248757371,
        "q1_ns": 156469.28815143055,
        "q3_ns": 8184750.536908802
      },
      "futex_op_counts": {
        "128": 24
      },
      "first_seen_ts_ns": 8600929947973,
      "last_seen_ts_ns": 8601003523502
    },
    {
      "tgid": 141973,
      "comm": "runc:[2:INIT]",
      "cgroup_id": 5006,
      "wait_duration_stats_ns": {
        "count": 23.0,
        "sum": 340353600.0000001,
        "mean": 14797982.608695656,
        "median": 595390.2420792927,
        "min": 5900,
        "max": 68681399,
        "variance_ns2": 760227495148962.9,
        "iqr_ns": 7968092.919183151,
        "q1_ns": 153785.48550708912,
        "q3_ns": 8121878.40469024
      },
      "futex_op_counts": {
        "128": 23
      },
      "first_seen_ts_ns": 8640816002679,
      "last_seen_ts_ns": 8640885534145
    },
    {
      "tgid": 141615,
      "comm": "grpc-health-pro",
      "cgroup_id": 5006,
      "wait_duration_stats_ns": {
        "count": 14.0,
        "sum": 338362518.99999994,
        "mean": 24168751.357142854,
        "median": 19813801.663194444,
        "min": 23770,
        "max": 59971554,
        "variance_ns2": 398571509084724.94,
        "iqr_ns": 29586113.7948249,
        "q1_ns": 5682715.528888889,
        "q3_ns": 35268829.32371379
      },
      "futex_op_counts": {
        "128": 14
      },
      "first_seen_ts_ns": 8601810087747,
      "last_seen_ts_ns": 8601880082586
    },
    {
      "tgid": 141544,
      "comm": "grpc-health-pro",
      "cgroup_id": 5006,
      "wait_duration_stats_ns": {
        "count": 14.0,
        "sum": 193614283.0,
        "mean": 13829591.642857142,
        "median": 11442566.782333333,
        "min": 21811,
        "max": 29917423,
        "variance_ns2": 118832825846366.56,
        "iqr_ns": 20040343.43262952,
        "q1_ns": 1936078.4096875004,
        "q3_ns": 21976421.84231702
      },
      "futex_op_counts": {
        "128": 14
      },
      "first_seen_ts_ns": 8591890126266,
      "last_seen_ts_ns": 8591930054672
    },
    {
      "tgid": 141665,
      "comm": "grpc-health-pro",
      "cgroup_id": 5006,
      "wait_duration_stats_ns": {
        "count": 13.0,
        "sum": 191077479.0,
        "mean": 14698267.615384616,
        "median": 10251973.25,
        "min": 38870,
        "max": 39963512,
        "variance_ns2": 186375839158133.75,
        "iqr_ns": 11443223.064898591,
        "q1_ns": 5679944.163672839,
        "q3_ns": 17123167.22857143
      },
      "futex_op_counts": {
        "128": 13
      },
      "first_seen_ts_ns": 8611990205770,
      "last_seen_ts_ns": 8612040059395
    },
    {
      "tgid": 141594,
      "comm": "grpc-health-pro",
      "cgroup_id": 5006,
      "wait_duration_stats_ns": {
        "count": 14.0,
        "sum": 181181222.99999997,
        "mean": 12941515.928571427,
        "median": 12655287.0,
        "min": 9760,
        "max": 25919538,
        "variance_ns2": 45851489265489.914,
        "iqr_ns": 6755676.63271605,
        "q1_ns": 8622648.268518519,
        "q3_ns": 15378324.901234569
      },
      "futex_op_counts": {
        "128": 14
      },
      "first_seen_ts_ns": 8601020118282,
      "last_seen_ts_ns": 8601061999724
    },
    {
      "tgid": 141705,
      "comm": "grpc-health-pro",
      "cgroup_id": 5006,
      "wait_duration_stats_ns": {
        "count": 16.0,
        "sum": 152531099.0,
        "mean": 9533193.6875,
        "median": 6842533.722222222,
        "min": 36600,
        "max": 27641760,
        "variance_ns2": 78457399744917.03,
        "iqr_ns": 10916108.256671626,
        "q1_ns": 2109471.314756945,
        "q3_ns": 13025579.57142857
      },
      "futex_op_counts": {
        "128": 16
      },
      "first_seen_ts_ns": 8621140070682,
      "last_seen_ts_ns": 8621180123505
    },
    {
      "tgid": 141641,
      "comm": "grpc-health-pro",
      "cgroup_id": 5006,
      "wait_duration_stats_ns": {
        "count": 11.0,
        "sum": 151731494.00000003,
        "mean": 13793772.181818184,
        "median": 13078598.204861112,
        "min": 22261,
        "max": 26478521,
        "variance_ns2": 80418264942830.75,
        "iqr_ns": 6774412.670833334,
        "q1_ns": 8674495.0,
        "q3_ns": 15448907.670833334
      },
      "futex_op_counts": {
        "128": 11
      },
      "first_seen_ts_ns": 8611250077547,
      "last_seen_ts_ns": 8611280299930
    },
    {
      "tgid": 141754,
      "comm": "grpc-health-pro",
      "cgroup_id": 5006,
      "wait_duration_stats_ns": {
        "count": 14.0,
        "sum": 107121504.0,
        "mean": 7651536.0,
        "median": 8911194.0,
        "min": 81501,
        "max": 13675134,
        "variance_ns2": 21374908034709.08,
        "iqr_ns": 7349716.996354166,
        "q1_ns": 4181585.6286458336,
        "q3_ns": 11531302.625
      },
      "futex_op_counts": {
        "128": 14
      },
      "first_seen_ts_ns": 8631180052098,
      "last_seen_ts_ns": 8631210072616
    },
    {
      "tgid": 141472,
      "comm": "grpc-health-pro",
      "cgroup_id": 5006,
      "wait_duration_stats_ns": {
        "count": 9.0,
        "sum": 95933250.0,
        "mean": 10659250.0,
        "median": 13633054.166666668,
        "min": 23080,
        "max": 19912428,
        "variance_ns2": 62479254974143.0,
        "iqr_ns": 11171778.029320989,
        "q1_ns": 5971865.666666667,
        "q3_ns": 17143643.695987657
      },
      "futex_op_counts": {
        "128": 9
      },
      "first_seen_ts_ns": 8581090077244,
      "last_seen_ts_ns": 8581110145383
    },
    {
      "tgid": 141778,
      "comm": "grpc-health-pro",
      "cgroup_id": 5006,
      "wait_duration_stats_ns": {
        "count": 9.0,
        "sum": 89075668.0,
        "mean": 9897296.444444444,
        "median": 8461734.844444444,
        "min": 130861,
        "max": 19890775,
        "variance_ns2": 49180263665583.53,
        "iqr_ns": 10790946.78472222,
        "q1_ns": 5285965.215277779,
        "q3_ns": 16076912.0
      },
      "futex_op_counts": {
        "128": 9
      },
      "first_seen_ts_ns": 8632100094146,
      "last_seen_ts_ns": 8632115585505
    },
    {
      "tgid": 141729,
      "comm": "grpc-health-pro",
      "cgroup_id": 5006,
      "wait_duration_stats_ns": {
        "count": 9.0,
        "sum": 54806627.0,
        "mean": 6089625.222222222,
        "median": 6432797.0,
        "min": 22760,
        "max": 14821264,
        "variance_ns2": 34738503464828.45,
        "iqr_ns": 11458846.496875,
        "q1_ns": 516355.328125,
        "q3_ns": 11975201.825
      },
      "futex_op_counts": {
        "128": 9
      },
      "first_seen_ts_ns": 8621960079689,
      "last_seen_ts_ns": 8621970063163
    },
    {
      "tgid": 142027,
      "comm": "grpc-health-pro",
      "cgroup_id": 5006,
      "wait_duration_stats_ns": {
        "count": 33.0,
        "sum": 31566167.000000007,
        "mean": 956550.5151515154,
        "median": 516178.15393506933,
        "min": 4760,
        "max": 4726100,
        "variance_ns2": 1743345133107.945,
        "iqr_ns": 1021256.512421509,
        "q1_ns": 150379.5855750951,
        "q3_ns": 1171636.0979966042
      },
      "futex_op_counts": {
        "128": 33
      },
      "first_seen_ts_ns": 8641688190846,
      "last_seen_ts_ns": 8641695013893
    },
    {
      "tgid": 141973,
      "comm": "grpc-health-pro",
      "cgroup_id": 5006,
      "wait_duration_stats_ns": {
        "count": 31.0,
        "sum": 23496506.999999996,
        "mean": 757951.8387096773,
        "median": 308582.7978700793,
        "min": 3590,
        "max": 3837072,
        "variance_ns2": 1094434685527.0731,
        "iqr_ns": 717956.2803566065,
        "q1_ns": 116310.83750366783,
        "q3_ns": 834267.1178602743
      },
      "futex_op_counts": {
        "128": 31
      },
      "first_seen_ts_ns": 8640892714874,
      "last_seen_ts_ns": 8640901573277
    },
    {
      "tgid": 141520,
      "comm": "grpc-health-pro",
      "cgroup_id": 5006,
      "wait_duration_stats_ns": {
        "count": 8.0,
        "sum": 19265081.0,
        "mean": 2408135.125,
        "median": 1763415.0,
        "min": 4490,
        "max": 4088094,
        "variance_ns2": 3062476321428.6963,
        "iqr_ns": 2246849.0555555555,
        "q1_ns": 555328.3333333335,
        "q3_ns": 2802177.388888889
      },
      "futex_op_counts": {
        "128": 8
      },
      "first_seen_ts_ns": 8591120263097,
      "last_seen_ts_ns": 8591128418025
    },
    {
      "tgid": 141289,
      "comm": "flux-broker-0",
      "cgroup_id": 58516,
      "wait_duration_stats_ns": {
        "count": 167.0,
        "sum": 4143524.000000001,
        "mean": 24811.52095808384,
        "median": 3824.5393038860493,
        "min": 1450,
        "max": 2657672,
        "variance_ns2": 43072323763.5884,
        "iqr_ns": 3150.958528350377,
        "q1_ns": 2264.57486481101,
        "q3_ns": 5415.533393161387
      },
      "futex_op_counts": {
        "128": 167
      },
      "first_seen_ts_ns": 8577733053484,
      "last_seen_ts_ns": 8650614238023
    },
    {
      "tgid": 142146,
      "comm": "runc",
      "cgroup_id": 4085,
      "wait_duration_stats_ns": {
        "count": 1.0,
        "sum": 95681.0,
        "mean": 95681.0,
        "median": 95681.0,
        "min": 95681,
        "max": 95681,
        "variance_ns2": null,
        "iqr_ns": 0.0,
        "q1_ns": 95681.0,
        "q3_ns": 95681.0
      },
      "futex_op_counts": {
        "128": 1
      },
      "first_seen_ts_ns": 8650794193144,
      "last_seen_ts_ns": 8650794193144
    },
    {
      "tgid": 141561,
      "comm": "python3",
      "cgroup_id": 58516,
      "wait_duration_stats_ns": {
        "count": 1.0,
        "sum": 2830.0,
        "mean": 2830.0,
        "median": 2830.0,
        "min": 2830,
        "max": 2830,
        "variance_ns2": null,
        "iqr_ns": 0.0,
        "q1_ns": 2830.0,
        "q3_ns": 2830.0
      },
      "futex_op_counts": {
        "128": 1
      },
      "first_seen_ts_ns": 8603330715259,
      "last_seen_ts_ns": 8603330715259
    }
  ]
}
[02:01:11] Cleanup complete.
