ln: failed to create symbolic link '/mnt/flux/view/lib/python': File exists
ln: failed to create symbolic link '/mnt/flux/view/lib/python3': File exists
unlimited
PROGRAM: cpu
Looking for /opt/programs/cpu/ebpf-collect.c
[05:32:55] Waiting for start indicator file: '/mnt/flux/start_ebpf_collection'.
[05:33:00] Start indicator found. Proceeding with monitoring.
[05:33:00] Initializing eBPF for CPU Scheduling monitoring...
[05:33:01] BPF C code compiled and loaded.
[05:33:01] Attached tracepoints.
[05:33:01] Monitoring CPU scheduling events (polling aggregated map)... Press Ctrl+C to stop.
[05:34:07] Stop indicator file '/mnt/flux/stop_ebpf_collection' found. Stopping.
[05:34:07] Initiating cleanup sequence...
{
  "final_aggregated_summary_river": [
    {
      "tgid": 31,
      "comm": "bash",
      "cgroup_id": 45840,
      "on_cpu_stats_ns": {
        "count": 63.0,
        "sum_ns": 3888333.573830409,
        "mean_ns": 61719.580536990616,
        "median_ns": 29552.162544901996,
        "min_ns": 4500.0,
        "max_ns": 384292.0,
        "variance_ns2": 7194075005.388426,
        "iqr_ns": 53738.26318412584,
        "q1_ns": 13327.467381646184,
        "q3_ns": 67065.73056577203
      },
      "runq_latency_stats_ns": {
        "count": 63.0,
        "sum_ns": 1671288.0296783627,
        "mean_ns": 26528.381423466075,
        "median_ns": 7934.501299996855,
        "min_ns": 972.0,
        "max_ns": 935217.5,
        "variance_ns2": 13832769631.88461,
        "iqr_ns": 7626.576802056729,
        "q1_ns": 3650.647110146784,
        "q3_ns": 11277.223912203513
      },
      "first_seen_ts_ns": 1749619981320457997,
      "last_seen_ts_ns": 1749620047793600868,
      "duration_active_s": 66.473142871
    },
    {
      "tgid": 225,
      "comm": "xhpcg",
      "cgroup_id": 45980,
      "on_cpu_stats_ns": {
        "count": 124.0,
        "sum_ns": 1281804.5702616672,
        "mean_ns": 10337.133631142478,
        "median_ns": 10190.363257236935,
        "min_ns": 4889.5,
        "max_ns": 18416.0,
        "variance_ns2": 6102894.922043713,
        "iqr_ns": 3648.9072609111854,
        "q1_ns": 8134.783845260013,
        "q3_ns": 11783.691106171198
      },
      "runq_latency_stats_ns": {
        "count": 124.0,
        "sum_ns": 502481.0583998681,
        "mean_ns": 4052.2665999989363,
        "median_ns": 3492.473969117659,
        "min_ns": 1792.7142857142858,
        "max_ns": 21330.0,
        "variance_ns2": 6860905.016281107,
        "iqr_ns": 1618.8687161026824,
        "q1_ns": 2843.950965758176,
        "q3_ns": 4462.8196818608585
      },
      "first_seen_ts_ns": 1749619982467524602,
      "last_seen_ts_ns": 1749619995676719425,
      "duration_active_s": 13.209194823
    },
    {
      "tgid": 1,
      "comm": "pause",
      "cgroup_id": 45630,
      "on_cpu_stats_ns": {
        "count": 2.0,
        "sum_ns": 848688.619047619,
        "mean_ns": 424344.3095238095,
        "median_ns": 463924.28571428574,
        "min_ns": 384764.3333333333,
        "max_ns": 463924.28571428574,
        "variance_ns2": 3133149030.477328,
        "iqr_ns": 79159.95238095243,
        "q1_ns": 384764.3333333333,
        "q3_ns": 463924.28571428574
      },
      "runq_latency_stats_ns": {
        "count": 2.0,
        "sum_ns": 5874.777777777777,
        "mean_ns": 2937.3888888888887,
        "median_ns": 3136.0,
        "min_ns": 2738.777777777778,
        "max_ns": 3136.0,
        "variance_ns2": 78892.74691358031,
        "iqr_ns": 397.2222222222222,
        "q1_ns": 2738.777777777778,
        "q3_ns": 3136.0
      },
      "first_seen_ts_ns": 1749620021684317515,
      "last_seen_ts_ns": 1749620047793600868,
      "duration_active_s": 26.109283353
    },
    {
      "tgid": 40,
      "comm": "bash",
      "cgroup_id": 45910,
      "on_cpu_stats_ns": {
        "count": 24.0,
        "sum_ns": 330607.07142857136,
        "mean_ns": 13775.294642857141,
        "median_ns": 11600.415848214287,
        "min_ns": 6303.0,
        "max_ns": 24619.571428571428,
        "variance_ns2": 36549699.52851487,
        "iqr_ns": 10220.192675374927,
        "q1_ns": 9078.691666666668,
        "q3_ns": 19298.884342041594
      },
      "runq_latency_stats_ns": {
        "count": 24.0,
        "sum_ns": 15102440.02857143,
        "mean_ns": 629268.3345238096,
        "median_ns": 22923.072678035795,
        "min_ns": 2192.8,
        "max_ns": 12484168.8,
        "variance_ns2": 6609884792245.481,
        "iqr_ns": 545933.8920074787,
        "q1_ns": 11895.326252695104,
        "q3_ns": 557829.2182601738
      },
      "first_seen_ts_ns": 1749619981320457997,
      "last_seen_ts_ns": 1749620045464648103,
      "duration_active_s": 64.144190106
    }
  ]
}
[05:34:07] Cleanup complete. Exiting.
