unlimited
PROGRAM: cpu
Looking for /opt/programs/cpu/ebpf-collect.c
[02:52:25] Waiting for start indicator file: '/mnt/flux/start_ebpf_collection'.
[02:52:26] Start indicator found. Proceeding with monitoring.
[02:52:26] Initializing eBPF for CPU Scheduling monitoring...
[02:52:26] BPF C code compiled and loaded.
[02:52:26] Attached tracepoints.
[02:52:26] Monitoring CPU scheduling events (polling aggregated map)... Press Ctrl+C to stop.
[02:53:34] Stop indicator file '/mnt/flux/stop_ebpf_collection' found. Stopping.
[02:53:34] Initiating cleanup sequence...
{
  "final_aggregated_summary_river": [
    {
      "tgid": 31,
      "comm": "bash",
      "cgroup_id": 46539,
      "on_cpu_stats_ns": {
        "count": 29.0,
        "sum_ns": 1277100.6666666667,
        "mean_ns": 44037.95402298851,
        "median_ns": 31847.689419750976,
        "min_ns": 4446.0,
        "max_ns": 152519.0,
        "variance_ns2": 2171220504.6803503,
        "iqr_ns": 63441.53112713755,
        "q1_ns": 10880.592896245762,
        "q3_ns": 74322.12402338331
      },
      "runq_latency_stats_ns": {
        "count": 29.0,
        "sum_ns": 6004721.666666668,
        "mean_ns": 207059.367816092,
        "median_ns": 6015.418075514928,
        "min_ns": 996.0,
        "max_ns": 4986121.0,
        "variance_ns2": 857971750766.953,
        "iqr_ns": 106992.86631364633,
        "q1_ns": 3392.59375,
        "q3_ns": 110385.46006364633
      },
      "first_seen_ts_ns": 1749783149619791052,
      "last_seen_ts_ns": 1749783214860552529,
      "duration_active_s": 65.240761477
    },
    {
      "tgid": 1,
      "comm": "pause",
      "cgroup_id": 46329,
      "on_cpu_stats_ns": {
        "count": 3.0,
        "sum_ns": 784345.8888888888,
        "mean_ns": 261448.6296296296,
        "median_ns": 256079.22222222222,
        "min_ns": 197759.66666666666,
        "max_ns": 330507.0,
        "variance_ns2": 4427086528.707821,
        "iqr_ns": 132747.33333333334,
        "q1_ns": 197759.66666666666,
        "q3_ns": 330507.0
      },
      "runq_latency_stats_ns": {
        "count": 3.0,
        "sum_ns": 7103.111111111111,
        "mean_ns": 2367.703703703704,
        "median_ns": 974.0,
        "min_ns": 885.6666666666666,
        "max_ns": 5243.444444444444,
        "variance_ns2": 6204364.300411523,
        "iqr_ns": 4357.777777777777,
        "q1_ns": 885.6666666666666,
        "q3_ns": 5243.444444444444
      },
      "first_seen_ts_ns": 1749783153769933624,
      "last_seen_ts_ns": 1749783214961888274,
      "duration_active_s": 61.19195465
    },
    {
      "tgid": 40,
      "comm": "bash",
      "cgroup_id": 46609,
      "on_cpu_stats_ns": {
        "count": 22.0,
        "sum_ns": 206640.95555555556,
        "mean_ns": 9392.770707070707,
        "median_ns": 9974.232311111113,
        "min_ns": 6966.9,
        "max_ns": 11528.0,
        "variance_ns2": 2078758.93390412,
        "iqr_ns": 2583.1858106383643,
        "q1_ns": 7839.439189361636,
        "q3_ns": 10422.625
      },
      "runq_latency_stats_ns": {
        "count": 22.0,
        "sum_ns": 202529.0111111111,
        "mean_ns": 9205.86414141414,
        "median_ns": 11337.411541798941,
        "min_ns": 1675.111111111111,
        "max_ns": 15202.0,
        "variance_ns2": 19966820.185748752,
        "iqr_ns": 6802.034289978364,
        "q1_ns": 5828.908367332176,
        "q3_ns": 12630.94265731054
      },
      "first_seen_ts_ns": 1749783147124969193,
      "last_seen_ts_ns": 1749783211309508006,
      "duration_active_s": 64.184538813
    },
    {
      "tgid": 65,
      "comm": "bash",
      "cgroup_id": 46679,
      "on_cpu_stats_ns": {
        "count": 21.0,
        "sum_ns": 203926.41111111114,
        "mean_ns": 9710.781481481483,
        "median_ns": 9062.910462962964,
        "min_ns": 6668.888888888889,
        "max_ns": 16114.0,
        "variance_ns2": 4470269.286337447,
        "iqr_ns": 1998.6763425262507,
        "q1_ns": 8411.351070270142,
        "q3_ns": 10410.027412796393
      },
      "runq_latency_stats_ns": {
        "count": 21.0,
        "sum_ns": 193681.2888888889,
        "mean_ns": 9222.91851851852,
        "median_ns": 10451.975737037037,
        "min_ns": 1683.0,
        "max_ns": 15109.0,
        "variance_ns2": 20852863.537201647,
        "iqr_ns": 5409.646045123345,
        "q1_ns": 6797.121222222222,
        "q3_ns": 12206.767267345567
      },
      "first_seen_ts_ns": 1749783147124969193,
      "last_seen_ts_ns": 1749783211309508006,
      "duration_active_s": 64.184538813
    }
  ]
}
[02:53:34] Cleanup complete. Exiting.
