unlimited
PROGRAM: cpu
Looking for /opt/programs/cpu/ebpf-collect.c
[06:17:09] Waiting for start indicator file: '/mnt/flux/start_ebpf_collection'.
[06:17:11] Start indicator found. Proceeding with monitoring.
[06:17:11] Initializing eBPF for CPU Scheduling monitoring...
[06:17:11] BPF C code compiled and loaded.
[06:17:11] Attached tracepoints.
[06:17:11] Monitoring CPU scheduling events (polling aggregated map)... Press Ctrl+C to stop.
[06:18:24] Stop indicator file '/mnt/flux/stop_ebpf_collection' found. Stopping.
[06:18:24] Initiating cleanup sequence...
{
  "final_aggregated_summary_river": [
    {
      "tgid": 250,
      "comm": "python3",
      "cgroup_id": 65294,
      "on_cpu_stats_ns": {
        "count": 128.0,
        "sum_ns": 41679166.393332876,
        "mean_ns": 325618.4874479131,
        "median_ns": 262214.8270939216,
        "min_ns": 7555.541666666667,
        "max_ns": 2814345.0,
        "variance_ns2": 113969695160.54568,
        "iqr_ns": 428411.0062167641,
        "q1_ns": 91746.56648389008,
        "q3_ns": 520157.57270065416
      },
      "runq_latency_stats_ns": {
        "count": 128.0,
        "sum_ns": 10863884.390124751,
        "mean_ns": 84874.09679784962,
        "median_ns": 57651.06428434223,
        "min_ns": 1887.3333333333333,
        "max_ns": 358870.8333333333,
        "variance_ns2": 6933207794.451485,
        "iqr_ns": 131065.23369389331,
        "q1_ns": 14406.207717835656,
        "q3_ns": 145471.44141172897
      },
      "first_seen_ts_ns": 1749968231441600884,
      "last_seen_ts_ns": 1749968301174035762,
      "duration_active_s": 69.732434878
    },
    {
      "tgid": 197,
      "comm": "python3",
      "cgroup_id": 65364,
      "on_cpu_stats_ns": {
        "count": 349.0,
        "sum_ns": 34444974.95404763,
        "mean_ns": 98696.20330672673,
        "median_ns": 48916.45064620321,
        "min_ns": 5980.0,
        "max_ns": 1627048.5,
        "variance_ns2": 27541384654.03681,
        "iqr_ns": 77727.51902878731,
        "q1_ns": 18628.142290098505,
        "q3_ns": 96355.66131888582
      },
      "runq_latency_stats_ns": {
        "count": 348.0,
        "sum_ns": 34419722.86666669,
        "mean_ns": 98907.2496168583,
        "median_ns": 22358.60420811014,
        "min_ns": 1511.0,
        "max_ns": 5864657.5,
        "variance_ns2": 189618583015.26282,
        "iqr_ns": 37434.81333873586,
        "q1_ns": 6953.0495196931515,
        "q3_ns": 44387.86285842901
      },
      "first_seen_ts_ns": 1749968231441600884,
      "last_seen_ts_ns": 1749968304953557015,
      "duration_active_s": 73.511956131
    },
    {
      "tgid": 124,
      "comm": "flux-broker-0",
      "cgroup_id": 65434,
      "on_cpu_stats_ns": {
        "count": 112.0,
        "sum_ns": 10491802.643333334,
        "mean_ns": 93676.8093154762,
        "median_ns": 54188.25822196634,
        "min_ns": 6020.0,
        "max_ns": 982447.0,
        "variance_ns2": 21486352154.90633,
        "iqr_ns": 77432.4615487041,
        "q1_ns": 20265.88902315069,
        "q3_ns": 97698.35057185478
      },
      "runq_latency_stats_ns": {
        "count": 112.0,
        "sum_ns": 13360584.138333334,
        "mean_ns": 119290.92980654762,
        "median_ns": 24063.22864401931,
        "min_ns": 2042.25,
        "max_ns": 5091447.0,
        "variance_ns2": 293460919697.8607,
        "iqr_ns": 34858.7715643003,
        "q1_ns": 4453.048233055084,
        "q3_ns": 39311.81979735538
      },
      "first_seen_ts_ns": 1749968231441600884,
      "last_seen_ts_ns": 1749968304850979901,
      "duration_active_s": 73.409379017
    },
    {
      "tgid": 31,
      "comm": "bash",
      "cgroup_id": 65294,
      "on_cpu_stats_ns": {
        "count": 25.0,
        "sum_ns": 4675391.5,
        "mean_ns": 187015.66,
        "median_ns": 77301.44297313859,
        "min_ns": 10290.0,
        "max_ns": 1096016.0,
        "variance_ns2": 77745645604.76501,
        "iqr_ns": 136648.6503472222,
        "q1_ns": 24750.76111111111,
        "q3_ns": 161399.4114583333
      },
      "runq_latency_stats_ns": {
        "count": 24.0,
        "sum_ns": 2663636.3333333335,
        "mean_ns": 110984.84722222223,
        "median_ns": 9739.617643270843,
        "min_ns": 1890.0,
        "max_ns": 834832.0,
        "variance_ns2": 54499804986.270325,
        "iqr_ns": 66406.78829861117,
        "q1_ns": 9210.916666666668,
        "q3_ns": 75617.70496527784
      },
      "first_seen_ts_ns": 1749968233019779859,
      "last_seen_ts_ns": 1749968304953557015,
      "duration_active_s": 71.933777156
    },
    {
      "tgid": 304,
      "comm": "xhpcg",
      "cgroup_id": 65434,
      "on_cpu_stats_ns": {
        "count": 47.0,
        "sum_ns": 2391908.0,
        "mean_ns": 50891.65957446808,
        "median_ns": 40491.074649666334,
        "min_ns": 8820.0,
        "max_ns": 142234.0,
        "variance_ns2": 1557089320.8381126,
        "iqr_ns": 68145.06471313795,
        "q1_ns": 18591.050071568206,
        "q3_ns": 86736.11478470615
      },
      "runq_latency_stats_ns": {
        "count": 47.0,
        "sum_ns": 1725376.000000001,
        "mean_ns": 36710.127659574486,
        "median_ns": 18362.05063818361,
        "min_ns": 2200.0,
        "max_ns": 434521.0,
        "variance_ns2": 4404553598.98335,
        "iqr_ns": 40169.25909988086,
        "q1_ns": 8158.372538401196,
        "q3_ns": 48327.63163828206
      },
      "first_seen_ts_ns": 1749968231825300432,
      "last_seen_ts_ns": 1749968256919471058,
      "duration_active_s": 25.094170626
    },
    {
      "tgid": 324,
      "comm": "xhpcg",
      "cgroup_id": 65434,
      "on_cpu_stats_ns": {
        "count": 47.0,
        "sum_ns": 1821471.6212474122,
        "mean_ns": 38754.71534568962,
        "median_ns": 33856.99187429124,
        "min_ns": 4446.5,
        "max_ns": 215523.8125,
        "variance_ns2": 1670616942.4802356,
        "iqr_ns": 34280.04021551853,
        "q1_ns": 9746.550272402945,
        "q3_ns": 44026.59048792147
      },
      "runq_latency_stats_ns": {
        "count": 47.0,
        "sum_ns": 2904720.1345496895,
        "mean_ns": 61802.556054248715,
        "median_ns": 11829.042235024117,
        "min_ns": 1751.0,
        "max_ns": 1925778.5714285714,
        "variance_ns2": 77671197361.12865,
        "iqr_ns": 9372.133886812853,
        "q1_ns": 4088.7248518021784,
        "q3_ns": 13460.858738615032
      },
      "first_seen_ts_ns": 1749968231939065647,
      "last_seen_ts_ns": 1749968244920997618,
      "duration_active_s": 12.981931971
    },
    {
      "tgid": 65,
      "comm": "bash",
      "cgroup_id": 65434,
      "on_cpu_stats_ns": {
        "count": 20.0,
        "sum_ns": 750356.4107692309,
        "mean_ns": 37517.82053846154,
        "median_ns": 29439.22783937584,
        "min_ns": 6606.7307692307695,
        "max_ns": 142374.0,
        "variance_ns2": 1126624594.0018618,
        "iqr_ns": 33736.31785912132,
        "q1_ns": 17725.367704517706,
        "q3_ns": 51461.685563639025
      },
      "runq_latency_stats_ns": {
        "count": 20.0,
        "sum_ns": 486332.63384615374,
        "mean_ns": 24316.63169230769,
        "median_ns": 12552.592969130827,
        "min_ns": 2136.48,
        "max_ns": 103123.0,
        "variance_ns2": 759700715.8832136,
        "iqr_ns": 30570.38592058404,
        "q1_ns": 4482.794074074074,
        "q3_ns": 35053.179994658116
      },
      "first_seen_ts_ns": 1749968231441600884,
      "last_seen_ts_ns": 1749968301174035762,
      "duration_active_s": 69.732434878
    },
    {
      "tgid": 245,
      "comm": "bash",
      "cgroup_id": 65434,
      "on_cpu_stats_ns": {
        "count": 19.0,
        "sum_ns": 711579.52,
        "mean_ns": 37451.55368421053,
        "median_ns": 27949.287819444446,
        "min_ns": 7791.04,
        "max_ns": 116333.0,
        "variance_ns2": 1056875779.7692912,
        "iqr_ns": 36676.56389031522,
        "q1_ns": 14195.386666666667,
        "q3_ns": 50871.95055698189
      },
      "runq_latency_stats_ns": {
        "count": 19.0,
        "sum_ns": 455368.07666666654,
        "mean_ns": 23966.740877192977,
        "median_ns": 10824.371461226852,
        "min_ns": 2212.9166666666665,
        "max_ns": 77402.0,
        "variance_ns2": 608592897.4349924,
        "iqr_ns": 24650.74384804537,
        "q1_ns": 6796.865946502057,
        "q3_ns": 31447.60979454743
      },
      "first_seen_ts_ns": 1749968231441600884,
      "last_seen_ts_ns": 1749968301174035762,
      "duration_active_s": 69.732434878
    },
    {
      "tgid": 1,
      "comm": "pause",
      "cgroup_id": 65084,
      "on_cpu_stats_ns": {
        "count": 2.0,
        "sum_ns": 504006.8888888889,
        "mean_ns": 252003.44444444444,
        "median_ns": 283730.8888888889,
        "min_ns": 220276.0,
        "max_ns": 283730.8888888889,
        "variance_ns2": 2013261461.9506164,
        "iqr_ns": 63454.888888888876,
        "q1_ns": 220276.0,
        "q3_ns": 283730.8888888889
      },
      "runq_latency_stats_ns": {
        "count": 2.0,
        "sum_ns": 9339.0,
        "mean_ns": 4669.5,
        "median_ns": 7249.0,
        "min_ns": 2090.0,
        "max_ns": 7249.0,
        "variance_ns2": 13307640.5,
        "iqr_ns": 5159.0,
        "q1_ns": 2090.0,
        "q3_ns": 7249.0
      },
      "first_seen_ts_ns": 1749968283583028211,
      "last_seen_ts_ns": 1749968304953557015,
      "duration_active_s": 21.370528804
    }
  ]
}
[06:18:24] Cleanup complete. Exiting.
