ln: failed to create symbolic link '/mnt/flux/view/lib/python': File exists
ln: failed to create symbolic link '/mnt/flux/view/lib/python3': File exists
unlimited
PROGRAM: futex
Looking for /opt/programs/futex/ebpf-collect.c
[06:17:05] Starting eBPF (Tracepoints for futex syscalls).
[06:17:06] BPF program loaded and tracepoints automatically attached.
[06:17:06] Start Indicator file defined '/mnt/flux/start_ebpf_collection'. Waiting.
[06:17:11] Start indicator found. Proceeding.
[06:17:11] Ring buffers opened. Polling for events...
[06:18:24] 
Indicator file '/mnt/flux/stop_ebpf_collection' found. Stopping.
[06:18:24] Cleaning up BPF resources...
{
  "final_aggregated_futex_summary_river": [
    {
      "tgid": 9200,
      "comm": "containerd",
      "cgroup_id": 4085,
      "wait_duration_stats_ns": {
        "count": 7381.0,
        "sum": 1749108430219.9956,
        "mean": 236974452.00108325,
        "median": 4476790.142135181,
        "min": 880,
        "max": 68252142089,
        "variance_ns2": 2.333776006566832e+18,
        "iqr_ns": 94782883.75025067,
        "q1_ns": 91188.11816025364,
        "q3_ns": 94874071.86841092
      },
      "futex_op_counts": {
        "128": 7381
      },
      "first_seen_ts_ns": 7097636274494,
      "last_seen_ts_ns": 7176058394462
    },
    {
      "tgid": 9248,
      "comm": "kubelet",
      "cgroup_id": 4138,
      "wait_duration_stats_ns": {
        "count": 7580.0,
        "sum": 941593350062.0033,
        "mean": 124220758.58337775,
        "median": 15089572.471330268,
        "min": 940,
        "max": 52301075550,
        "variance_ns2": 2.6114377987098583e+18,
        "iqr_ns": 33663140.931851886,
        "q1_ns": 1754532.4900688697,
        "q3_ns": 35417673.421920754
      },
      "futex_op_counts": {
        "128": 7580
      },
      "first_seen_ts_ns": 7097705565619,
      "last_seen_ts_ns": 7176106911819
    },
    {
      "tgid": 9357,
      "comm": "containerd-shim",
      "cgroup_id": 4085,
      "wait_duration_stats_ns": {
        "count": 1007.0,
        "sum": 517782982946.0001,
        "mean": 514183697.0665344,
        "median": 201301.4207142234,
        "min": 869,
        "max": 18128514801,
        "variance_ns2": 3.0602200784601943e+18,
        "iqr_ns": 17043340.14659998,
        "q1_ns": 73620.50880328647,
        "q3_ns": 17116960.655403264
      },
      "futex_op_counts": {
        "128": 1007
      },
      "first_seen_ts_ns": 7098785761189,
      "last_seen_ts_ns": 7175819843719
    },
    {
      "tgid": 12421,
      "comm": "coredns",
      "cgroup_id": 5916,
      "wait_duration_stats_ns": {
        "count": 751.0,
        "sum": 407132495635.0,
        "mean": 542120500.1797603,
        "median": 319011174.05747944,
        "min": 1071,
        "max": 31997409748,
        "variance_ns2": 2.4773513703974195e+18,
        "iqr_ns": 890103266.8048073,
        "q1_ns": 310443.7355321444,
        "q3_ns": 890413710.5403395
      },
      "futex_op_counts": {
        "128": 751
      },
      "first_seen_ts_ns": 7097652400006,
      "last_seen_ts_ns": 7176089386001
    },
    {
      "tgid": 11063,
      "comm": "metrics-server",
      "cgroup_id": 5496,
      "wait_duration_stats_ns": {
        "count": 1539.0,
        "sum": 390091421092.0001,
        "mean": 253470708.96166348,
        "median": 135271602.84983343,
        "min": 2700,
        "max": 30013679642,
        "variance_ns2": 2.2167134763623864e+18,
        "iqr_ns": 139659178.9492164,
        "q1_ns": 49108091.89743882,
        "q3_ns": 188767270.84665522
      },
      "futex_op_counts": {
        "128": 1539
      },
      "first_seen_ts_ns": 7097810100856,
      "last_seen_ts_ns": 7175995135789
    },
    {
      "tgid": 12354,
      "comm": "coredns",
      "cgroup_id": 5776,
      "wait_duration_stats_ns": {
        "count": 747.0,
        "sum": 366279965610.99994,
        "mean": 490334625.9852743,
        "median": 302683500.5205475,
        "min": 1220,
        "max": 13996248741,
        "variance_ns2": 9.682687210295839e+17,
        "iqr_ns": 710783695.5243102,
        "q1_ns": 293625.1829128612,
        "q3_ns": 711077320.707223
      },
      "futex_op_counts": {
        "128": 747
      },
      "first_seen_ts_ns": 7098584379441,
      "last_seen_ts_ns": 7176088291952
    },
    {
      "tgid": 182188,
      "comm": "containerd-shim",
      "cgroup_id": 4085,
      "wait_duration_stats_ns": {
        "count": 292.0,
        "sum": 358961070529.00006,
        "mean": 1229318734.6883564,
        "median": 8774867.899727082,
        "min": 1070,
        "max": 56873001356,
        "variance_ns2": 1.8832339070484255e+19,
        "iqr_ns": 412039312.02158165,
        "q1_ns": 1210916.9659432787,
        "q3_ns": 413250228.9875249
      },
      "futex_op_counts": {
        "128": 292
      },
      "first_seen_ts_ns": 7098784078804,
      "last_seen_ts_ns": 7176109350434
    },
    {
      "tgid": 10895,
      "comm": "containerd-shim",
      "cgroup_id": 4085,
      "wait_duration_stats_ns": {
        "count": 92.0,
        "sum": 345004338030.99994,
        "mean": 3750047152.510869,
        "median": 1067050945.2275122,
        "min": 2170,
        "max": 29999703655,
        "variance_ns2": 4.409403521585716e+19,
        "iqr_ns": 4427619479.085867,
        "q1_ns": 15793733.697415197,
        "q3_ns": 4443413212.783282
      },
      "futex_op_counts": {
        "128": 92
      },
      "first_seen_ts_ns": 7098822895463,
      "last_seen_ts_ns": 7173818350958
    },
    {
      "tgid": 10899,
      "comm": "containerd-shim",
      "cgroup_id": 4085,
      "wait_duration_stats_ns": {
        "count": 92.0,
        "sum": 344958669260.0,
        "mean": 3749550752.826087,
        "median": 451493947.88574535,
        "min": 1740,
        "max": 29995168544,
        "variance_ns2": 4.9182054432650625e+19,
        "iqr_ns": 4714594897.267756,
        "q1_ns": 4036566.9910509908,
        "q3_ns": 4718631464.258807
      },
      "futex_op_counts": {
        "128": 92
      },
      "first_seen_ts_ns": 7098820640272,
      "last_seen_ts_ns": 7173815983125
    },
    {
      "tgid": 13515,
      "comm": "containerd-shim",
      "cgroup_id": 4085,
      "wait_duration_stats_ns": {
        "count": 116.0,
        "sum": 342657994118.0002,
        "mean": 2953948225.155174,
        "median": 30160755.951265015,
        "min": 990,
        "max": 30001223213,
        "variance_ns2": 3.818359746942205e+19,
        "iqr_ns": 2931484368.696725,
        "q1_ns": 196027.8737584022,
        "q3_ns": 2931680396.570483
      },
      "futex_op_counts": {
        "128": 116
      },
      "first_seen_ts_ns": 7098783576061,
      "last_seen_ts_ns": 7173817792493
    },
    {
      "tgid": 13578,
      "comm": "kube-rbac-proxy",
      "cgroup_id": 6174,
      "wait_duration_stats_ns": {
        "count": 56.0,
        "sum": 339957283198.0,
        "mean": 6070665771.392857,
        "median": 5005585927.381667,
        "min": 1440,
        "max": 19999959037,
        "variance_ns2": 2.155773789535022e+19,
        "iqr_ns": 249939367.3306818,
        "q1_ns": 4926904042.455204,
        "q3_ns": 5176843409.785886
      },
      "futex_op_counts": {
        "128": 56
      },
      "first_seen_ts_ns": 7103907057752,
      "last_seen_ts_ns": 7173905184982
    },
    {
      "tgid": 181726,
      "comm": "containerd-shim",
      "cgroup_id": 4085,
      "wait_duration_stats_ns": {
        "count": 76.0,
        "sum": 336147729349.0,
        "mean": 4422996438.802631,
        "median": 1751661641.8156867,
        "min": 910,
        "max": 30004587359,
        "variance_ns2": 4.986434913806688e+19,
        "iqr_ns": 6125511159.879649,
        "q1_ns": 43542155.5163971,
        "q3_ns": 6169053315.396047
      },
      "futex_op_counts": {
        "128": 76
      },
      "first_seen_ts_ns": 7098818950787,
      "last_seen_ts_ns": 7173814051563
    },
    {
      "tgid": 11055,
      "comm": "metrics-server",
      "cgroup_id": 5426,
      "wait_duration_stats_ns": {
        "count": 1560.0,
        "sum": 325913089065.00024,
        "mean": 208918646.8365386,
        "median": 122482931.88994236,
        "min": 1970,
        "max": 26352087459,
        "variance_ns2": 9.978753087560964e+17,
        "iqr_ns": 113280791.5524307,
        "q1_ns": 68851963.38475825,
        "q3_ns": 182132754.93718895
      },
      "futex_op_counts": {
        "128": 1560
      },
      "first_seen_ts_ns": 7097779463446,
      "last_seen_ts_ns": 7175938667728
    },
    {
      "tgid": 9526,
      "comm": "kube-proxy",
      "cgroup_id": 4866,
      "wait_duration_stats_ns": {
        "count": 59.0,
        "sum": 323090601696.99994,
        "mean": 5476111893.169491,
        "median": 3406714041.6807675,
        "min": 61381,
        "max": 30011577648,
        "variance_ns2": 6.302242444261167e+19,
        "iqr_ns": 3020188838.916798,
        "q1_ns": 1868831831.5285325,
        "q3_ns": 4889020670.445331
      },
      "futex_op_counts": {
        "128": 59
      },
      "first_seen_ts_ns": 7104306150823,
      "last_seen_ts_ns": 7174329404341
    },
    {
      "tgid": 12333,
      "comm": "containerd-shim",
      "cgroup_id": 4085,
      "wait_duration_stats_ns": {
        "count": 89.0,
        "sum": 320157595986.0001,
        "mean": 3597276359.3932595,
        "median": 480100576.28477645,
        "min": 821,
        "max": 30001236585,
        "variance_ns2": 3.9869415218000314e+19,
        "iqr_ns": 6072895880.391632,
        "q1_ns": 10170178.829018133,
        "q3_ns": 6083066059.220651
      },
      "futex_op_counts": {
        "128": 89
      },
      "first_seen_ts_ns": 7098818332620,
      "last_seen_ts_ns": 7175529137601
    },
    {
      "tgid": 11568,
      "comm": "containerd-shim",
      "cgroup_id": 4085,
      "wait_duration_stats_ns": {
        "count": 92.0,
        "sum": 316788115522.0,
        "mean": 3443349081.7608695,
        "median": 63565060.023345284,
        "min": 1130,
        "max": 30006536759,
        "variance_ns2": 4.375317475118833e+19,
        "iqr_ns": 5494116528.086172,
        "q1_ns": 945811.1705691091,
        "q3_ns": 5495062339.256742
      },
      "futex_op_counts": {
        "128": 92
      },
      "first_seen_ts_ns": 7098821193007,
      "last_seen_ts_ns": 7174399935738
    },
    {
      "tgid": 9823,
      "comm": "aws-k8s-agent",
      "cgroup_id": 5006,
      "wait_duration_stats_ns": {
        "count": 390.0,
        "sum": 285364704542.00006,
        "mean": 731704370.620513,
        "median": 76508984.77326556,
        "min": 1270,
        "max": 19605208125,
        "variance_ns2": 4.0469597124746476e+18,
        "iqr_ns": 995680337.693879,
        "q1_ns": 802618.1993499992,
        "q3_ns": 996482955.893229
      },
      "futex_op_counts": {
        "128": 390
      },
      "first_seen_ts_ns": 7102314826251,
      "last_seen_ts_ns": 7175818049961
    },
    {
      "tgid": 9359,
      "comm": "containerd-shim",
      "cgroup_id": 4085,
      "wait_duration_stats_ns": {
        "count": 75.0,
        "sum": 285055516792.0,
        "mean": 3800740223.893333,
        "median": 913049179.4879713,
        "min": 1770,
        "max": 30006247085,
        "variance_ns2": 3.692308327972142e+19,
        "iqr_ns": 6414128000.407733,
        "q1_ns": 30767043.464128215,
        "q3_ns": 6444895043.871861
      },
      "futex_op_counts": {
        "128": 75
      },
      "first_seen_ts_ns": 7098820019296,
      "last_seen_ts_ns": 7173816595081
    },
    {
      "tgid": 13699,
      "comm": "manager",
      "cgroup_id": 6244,
      "wait_duration_stats_ns": {
        "count": 672.0,
        "sum": 269625327966.00015,
        "mean": 401228166.61607164,
        "median": 304028348.6286305,
        "min": 16211,
        "max": 14931991236,
        "variance_ns2": 9.253433446320197e+17,
        "iqr_ns": 482219507.7265303,
        "q1_ns": 15134002.495272027,
        "q3_ns": 497353510.22180235
      },
      "futex_op_counts": {
        "128": 672
      },
      "first_seen_ts_ns": 7097923270235,
      "last_seen_ts_ns": 7175967243493
    },
    {
      "tgid": 9236,
      "comm": "ssm-agent-worke",
      "cgroup_id": 3429,
      "wait_duration_stats_ns": {
        "count": 192.0,
        "sum": 237968259123.00006,
        "mean": 1239418016.2656252,
        "median": 992805332.6391635,
        "min": 1530,
        "max": 21414143022,
        "variance_ns2": 4.200536661327118e+18,
        "iqr_ns": 1922981932.7666261,
        "q1_ns": 145948026.29800645,
        "q3_ns": 2068929959.0646327
      },
      "futex_op_counts": {
        "128": 192
      },
      "first_seen_ts_ns": 7099277301124,
      "last_seen_ts_ns": 7175617788153
    },
    {
      "tgid": 9961,
      "comm": "controller",
      "cgroup_id": 5076,
      "wait_duration_stats_ns": {
        "count": 334.0,
        "sum": 218392171434.00024,
        "mean": 653868776.7485037,
        "median": 496982868.2057252,
        "min": 19111,
        "max": 10007172994,
        "variance_ns2": 1.5421009466246298e+18,
        "iqr_ns": 10087848.745158434,
        "q1_ns": 489219887.9089592,
        "q3_ns": 499307736.65411764
      },
      "futex_op_counts": {
        "128": 334
      },
      "first_seen_ts_ns": 7098205950220,
      "last_seen_ts_ns": 7175705997062
    },
    {
      "tgid": 9806,
      "comm": "aws-vpc-cni",
      "cgroup_id": 5006,
      "wait_duration_stats_ns": {
        "count": 1.0,
        "sum": 60001646761.0,
        "mean": 60001646761.0,
        "median": 60001646761.0,
        "min": 60001646761,
        "max": 60001646761,
        "variance_ns2": null,
        "iqr_ns": 0.0,
        "q1_ns": 60001646761.0,
        "q3_ns": 60001646761.0
      },
      "futex_op_counts": {
        "128": 1
      },
      "first_seen_ts_ns": 7166080187797,
      "last_seen_ts_ns": 7166080187797
    },
    {
      "tgid": 182920,
      "comm": "xhpcg",
      "cgroup_id": 65434,
      "wait_duration_stats_ns": {
        "count": 1499.0,
        "sum": 8209978839.00001,
        "mean": 5476970.539693135,
        "median": 2769547.484239579,
        "min": 40371,
        "max": 44234605,
        "variance_ns2": 50129191029016.85,
        "iqr_ns": 3739668.8978217905,
        "q1_ns": 2478348.5528450264,
        "q3_ns": 6218017.450666817
      },
      "futex_op_counts": {
        "128": 1499
      },
      "first_seen_ts_ns": 7102913329998,
      "last_seen_ts_ns": 7126733410927
    },
    {
      "tgid": 182895,
      "comm": "xhpcg",
      "cgroup_id": 65434,
      "wait_duration_stats_ns": {
        "count": 1538.0,
        "sum": 8177086773.999996,
        "mean": 5316701.413524055,
        "median": 2779381.063245627,
        "min": 9390,
        "max": 41386488,
        "variance_ns2": 44421135794523.45,
        "iqr_ns": 7620499.907469869,
        "q1_ns": 2547202.009381565,
        "q3_ns": 10167701.916851433
      },
      "futex_op_counts": {
        "128": 1538
      },
      "first_seen_ts_ns": 7102912619009,
      "last_seen_ts_ns": 7126731518446
    },
    {
      "tgid": 182907,
      "comm": "xhpcg",
      "cgroup_id": 65434,
      "wait_duration_stats_ns": {
        "count": 1613.0,
        "sum": 8122756980.000001,
        "mean": 5035807.179169251,
        "median": 3639749.099725878,
        "min": 2781,
        "max": 43651358,
        "variance_ns2": 37194336952284.11,
        "iqr_ns": 8681655.804893889,
        "q1_ns": 2483495.1195988385,
        "q3_ns": 11165150.924492726
      },
      "futex_op_counts": {
        "128": 1613
      },
      "first_seen_ts_ns": 7102913492432,
      "last_seen_ts_ns": 7126731578968
    },
    {
      "tgid": 182918,
      "comm": "xhpcg",
      "cgroup_id": 65434,
      "wait_duration_stats_ns": {
        "count": 1496.0,
        "sum": 8088427606.999991,
        "mean": 5406702.945855609,
        "median": 2744812.623950452,
        "min": 47411,
        "max": 41381028,
        "variance_ns2": 48872663403297.88,
        "iqr_ns": 1805348.900018448,
        "q1_ns": 2365186.6137398593,
        "q3_ns": 4170535.5137583073
      },
      "futex_op_counts": {
        "128": 1496
      },
      "first_seen_ts_ns": 7102912714052,
      "last_seen_ts_ns": 7126731578918
    },
    {
      "tgid": 182909,
      "comm": "xhpcg",
      "cgroup_id": 65434,
      "wait_duration_stats_ns": {
        "count": 1543.0,
        "sum": 7995552057.0,
        "mean": 5181822.460790668,
        "median": 2844274.7526769964,
        "min": 72051,
        "max": 40944756,
        "variance_ns2": 40776908206370.37,
        "iqr_ns": 8319783.905407159,
        "q1_ns": 2549781.833081165,
        "q3_ns": 10869565.738488324
      },
      "futex_op_counts": {
        "128": 1543
      },
      "first_seen_ts_ns": 7102912383913,
      "last_seen_ts_ns": 7126733414657
    },
    {
      "tgid": 182896,
      "comm": "xhpcg",
      "cgroup_id": 65434,
      "wait_duration_stats_ns": {
        "count": 1516.0,
        "sum": 7989142740.0,
        "mean": 5269883.073878628,
        "median": 2813817.1997671793,
        "min": 68972,
        "max": 43548585,
        "variance_ns2": 42263007870420.72,
        "iqr_ns": 8471866.011620604,
        "q1_ns": 2496496.4834495904,
        "q3_ns": 10968362.495070195
      },
      "futex_op_counts": {
        "128": 1516
      },
      "first_seen_ts_ns": 7102913134913,
      "last_seen_ts_ns": 7126734674861
    },
    {
      "tgid": 182894,
      "comm": "xhpcg",
      "cgroup_id": 65434,
      "wait_duration_stats_ns": {
        "count": 1526.0,
        "sum": 7982708311.000005,
        "mean": 5231132.57601573,
        "median": 2657925.101979689,
        "min": 10911,
        "max": 41292685,
        "variance_ns2": 44564198130122.71,
        "iqr_ns": 3056737.625745269,
        "q1_ns": 2396523.3880890696,
        "q3_ns": 5453261.013834339
      },
      "futex_op_counts": {
        "128": 1526
      },
      "first_seen_ts_ns": 7102912332542,
      "last_seen_ts_ns": 7126731483165
    },
    {
      "tgid": 182898,
      "comm": "xhpcg",
      "cgroup_id": 65434,
      "wait_duration_stats_ns": {
        "count": 1552.0,
        "sum": 7978507694.99999,
        "mean": 5140791.040592778,
        "median": 2843596.7891304423,
        "min": 37191,
        "max": 41177603,
        "variance_ns2": 40147942850264.97,
        "iqr_ns": 7991428.66605141,
        "q1_ns": 2335464.381487899,
        "q3_ns": 10326893.047539309
      },
      "futex_op_counts": {
        "128": 1552
      },
      "first_seen_ts_ns": 7102911968142,
      "last_seen_ts_ns": 7126733668663
    },
    {
      "tgid": 182899,
      "comm": "xhpcg",
      "cgroup_id": 65434,
      "wait_duration_stats_ns": {
        "count": 1510.0,
        "sum": 7974353032.999987,
        "mean": 5281028.498675488,
        "median": 2720235.381427662,
        "min": 56581,
        "max": 42119638,
        "variance_ns2": 44047817013226.086,
        "iqr_ns": 7339777.107501984,
        "q1_ns": 2464144.0145293255,
        "q3_ns": 9803921.122031309
      },
      "futex_op_counts": {
        "128": 1510
      },
      "first_seen_ts_ns": 7102912334622,
      "last_seen_ts_ns": 7126734747992
    },
    {
      "tgid": 182916,
      "comm": "xhpcg",
      "cgroup_id": 65434,
      "wait_duration_stats_ns": {
        "count": 1508.0,
        "sum": 7972048694.999994,
        "mean": 5286504.439655169,
        "median": 2863198.633585165,
        "min": 3120,
        "max": 40802443,
        "variance_ns2": 42947371893701.14,
        "iqr_ns": 7660202.918151755,
        "q1_ns": 2513657.204711791,
        "q3_ns": 10173860.122863546
      },
      "futex_op_counts": {
        "128": 1508
      },
      "first_seen_ts_ns": 7102912888946,
      "last_seen_ts_ns": 7126734212058
    },
    {
      "tgid": 182905,
      "comm": "xhpcg",
      "cgroup_id": 65434,
      "wait_duration_stats_ns": {
        "count": 1464.0,
        "sum": 7965545758.000004,
        "mean": 5440946.556010932,
        "median": 2663898.7022548015,
        "min": 11850,
        "max": 43163365,
        "variance_ns2": 51477239447598.66,
        "iqr_ns": 2571865.800188511,
        "q1_ns": 2352975.8915224136,
        "q3_ns": 4924841.691710925
      },
      "futex_op_counts": {
        "128": 1464
      },
      "first_seen_ts_ns": 7102916268416,
      "last_seen_ts_ns": 7126731377692
    },
    {
      "tgid": 182903,
      "comm": "xhpcg",
      "cgroup_id": 65434,
      "wait_duration_stats_ns": {
        "count": 1465.0,
        "sum": 7959845065.000001,
        "mean": 5433341.341296929,
        "median": 2686165.3530746168,
        "min": 95932,
        "max": 39311761,
        "variance_ns2": 51059517714517.51,
        "iqr_ns": 3308993.5530430907,
        "q1_ns": 2298938.5587668447,
        "q3_ns": 5607932.111809935
      },
      "futex_op_counts": {
        "128": 1465
      },
      "first_seen_ts_ns": 7102912034563,
      "last_seen_ts_ns": 7126734762653
    },
    {
      "tgid": 182897,
      "comm": "xhpcg",
      "cgroup_id": 65434,
      "wait_duration_stats_ns": {
        "count": 1513.0,
        "sum": 7937444377.999999,
        "mean": 5246162.840713813,
        "median": 2869287.328029679,
        "min": 43082,
        "max": 40785072,
        "variance_ns2": 41006700818867.945,
        "iqr_ns": 8687468.957476372,
        "q1_ns": 2486487.8538232427,
        "q3_ns": 11173956.811299615
      },
      "futex_op_counts": {
        "128": 1513
      },
      "first_seen_ts_ns": 7102912593078,
      "last_seen_ts_ns": 7126734674841
    },
    {
      "tgid": 182914,
      "comm": "xhpcg",
      "cgroup_id": 65434,
      "wait_duration_stats_ns": {
        "count": 1492.0,
        "sum": 7845451838.999993,
        "mean": 5258345.73659517,
        "median": 2824738.007115207,
        "min": 5610,
        "max": 41371088,
        "variance_ns2": 43909803654904.88,
        "iqr_ns": 8054757.129923977,
        "q1_ns": 2383765.336622225,
        "q3_ns": 10438522.466546202
      },
      "futex_op_counts": {
        "128": 1492
      },
      "first_seen_ts_ns": 7102913614656,
      "last_seen_ts_ns": 7126733416537
    },
    {
      "tgid": 182911,
      "comm": "xhpcg",
      "cgroup_id": 65434,
      "wait_duration_stats_ns": {
        "count": 1546.0,
        "sum": 7844809887.999995,
        "mean": 5074262.54075032,
        "median": 3055526.197623942,
        "min": 49741,
        "max": 40992647,
        "variance_ns2": 37962289278632.96,
        "iqr_ns": 7504686.04259569,
        "q1_ns": 2476988.007880142,
        "q3_ns": 9981674.050475832
      },
      "futex_op_counts": {
        "128": 1546
      },
      "first_seen_ts_ns": 7102912404083,
      "last_seen_ts_ns": 7126734216608
    },
    {
      "tgid": 182925,
      "comm": "xhpcg",
      "cgroup_id": 65434,
      "wait_duration_stats_ns": {
        "count": 1541.0,
        "sum": 7660963411.000013,
        "mean": 4971423.368591832,
        "median": 2749147.0958969356,
        "min": 37061,
        "max": 40806492,
        "variance_ns2": 45359400654134.055,
        "iqr_ns": 8831118.475429704,
        "q1_ns": 1702453.1783704732,
        "q3_ns": 10533571.653800178
      },
      "futex_op_counts": {
        "128": 1541
      },
      "first_seen_ts_ns": 7102912358312,
      "last_seen_ts_ns": 7126731146276
    },
    {
      "tgid": 182934,
      "comm": "xhpcg",
      "cgroup_id": 65434,
      "wait_duration_stats_ns": {
        "count": 1491.0,
        "sum": 7650331114.000001,
        "mean": 5131006.783366868,
        "median": 2662160.121306289,
        "min": 3920,
        "max": 39300962,
        "variance_ns2": 53205751946142.305,
        "iqr_ns": 1883839.197113096,
        "q1_ns": 1458195.1700200748,
        "q3_ns": 3342034.367133171
      },
      "futex_op_counts": {
        "128": 1491
      },
      "first_seen_ts_ns": 7102913349498,
      "last_seen_ts_ns": 7126732361059
    },
    {
      "tgid": 182927,
      "comm": "xhpcg",
      "cgroup_id": 65434,
      "wait_duration_stats_ns": {
        "count": 1600.0,
        "sum": 7578102327.000011,
        "mean": 4736313.954375007,
        "median": 3015695.380344245,
        "min": 12160,
        "max": 39257691,
        "variance_ns2": 38651444653995.375,
        "iqr_ns": 9183720.595165808,
        "q1_ns": 1481037.6246583585,
        "q3_ns": 10664758.219824167
      },
      "futex_op_counts": {
        "128": 1600
      },
      "first_seen_ts_ns": 7102912036394,
      "last_seen_ts_ns": 7126732871752
    },
    {
      "tgid": 182922,
      "comm": "xhpcg",
      "cgroup_id": 65434,
      "wait_duration_stats_ns": {
        "count": 1563.0,
        "sum": 7494464405.000015,
        "mean": 4794922.843889965,
        "median": 2707799.1066884897,
        "min": 11101,
        "max": 41256884,
        "variance_ns2": 43426992553022.15,
        "iqr_ns": 7088054.594040737,
        "q1_ns": 1402485.4632584625,
        "q3_ns": 8490540.057299199
      },
      "futex_op_counts": {
        "128": 1563
      },
      "first_seen_ts_ns": 7102913809651,
      "last_seen_ts_ns": 7126730837958
    },
    {
      "tgid": 182928,
      "comm": "xhpcg",
      "cgroup_id": 65434,
      "wait_duration_stats_ns": {
        "count": 1539.0,
        "sum": 7487607561.999988,
        "mean": 4865242.080571792,
        "median": 2774908.8475616644,
        "min": 39001,
        "max": 42598870,
        "variance_ns2": 44252366654854.16,
        "iqr_ns": 8969337.617066024,
        "q1_ns": 1550438.573247055,
        "q3_ns": 10519776.190313078
      },
      "futex_op_counts": {
        "128": 1539
      },
      "first_seen_ts_ns": 7102912461755,
      "last_seen_ts_ns": 7126731073114
    },
    {
      "tgid": 182930,
      "comm": "xhpcg",
      "cgroup_id": 65434,
      "wait_duration_stats_ns": {
        "count": 1527.0,
        "sum": 7450193429.999988,
        "mean": 4878974.086444,
        "median": 2695761.907168368,
        "min": 178845,
        "max": 45799825,
        "variance_ns2": 46082007385774.78,
        "iqr_ns": 8112569.014049903,
        "q1_ns": 1442628.6763339327,
        "q3_ns": 9555197.690383835
      },
      "futex_op_counts": {
        "128": 1527
      },
      "first_seen_ts_ns": 7102912238179,
      "last_seen_ts_ns": 7126730731155
    },
    {
      "tgid": 182933,
      "comm": "xhpcg",
      "cgroup_id": 65434,
      "wait_duration_stats_ns": {
        "count": 1503.0,
        "sum": 7397769438.999998,
        "mean": 4922002.288090484,
        "median": 2710715.936337974,
        "min": 4020,
        "max": 41252605,
        "variance_ns2": 48326000092788.49,
        "iqr_ns": 8103300.5754235685,
        "q1_ns": 1504844.695152056,
        "q3_ns": 9608145.270575624
      },
      "futex_op_counts": {
        "128": 1503
      },
      "first_seen_ts_ns": 7102912544437,
      "last_seen_ts_ns": 7126730684204
    },
    {
      "tgid": 182913,
      "comm": "xhpcg",
      "cgroup_id": 65434,
      "wait_duration_stats_ns": {
        "count": 1428.0,
        "sum": 7370914504.000005,
        "mean": 5161704.834733897,
        "median": 2867035.0644360124,
        "min": 2090,
        "max": 40969277,
        "variance_ns2": 40945634894778.05,
        "iqr_ns": 8052588.559535461,
        "q1_ns": 2513909.6814078796,
        "q3_ns": 10566498.24094334
      },
      "futex_op_counts": {
        "128": 1428
      },
      "first_seen_ts_ns": 7102912265160,
      "last_seen_ts_ns": 7126730842378
    },
    {
      "tgid": 182936,
      "comm": "xhpcg",
      "cgroup_id": 65434,
      "wait_duration_stats_ns": {
        "count": 1260.0,
        "sum": 6935668961.000002,
        "mean": 5504499.175396827,
        "median": 2662422.546563554,
        "min": 69952,
        "max": 40189096,
        "variance_ns2": 62386258994782.91,
        "iqr_ns": 2654804.6394386897,
        "q1_ns": 1443244.01815075,
        "q3_ns": 4098048.65758944
      },
      "futex_op_counts": {
        "128": 1260
      },
      "first_seen_ts_ns": 7102912510326,
      "last_seen_ts_ns": 7126730682664
    },
    {
      "tgid": 183204,
      "comm": "xhpcg",
      "cgroup_id": 65434,
      "wait_duration_stats_ns": {
        "count": 1433.0,
        "sum": 5271703853.999998,
        "mean": 3678788.4535938576,
        "median": 2992702.2008223045,
        "min": 71682,
        "max": 38741647,
        "variance_ns2": 12633276934372.998,
        "iqr_ns": 939986.239086159,
        "q1_ns": 2653404.504918299,
        "q3_ns": 3593390.744004458
      },
      "futex_op_counts": {
        "128": 1433
      },
      "first_seen_ts_ns": 7127511416247,
      "last_seen_ts_ns": 7148261158041
    },
    {
      "tgid": 183190,
      "comm": "xhpcg",
      "cgroup_id": 65434,
      "wait_duration_stats_ns": {
        "count": 1432.0,
        "sum": 5224391814.000005,
        "mean": 3648318.305865925,
        "median": 2931453.2867826126,
        "min": 49601,
        "max": 40001109,
        "variance_ns2": 13820166105613.92,
        "iqr_ns": 629418.6389361825,
        "q1_ns": 2586317.5832064985,
        "q3_ns": 3215736.222142681
      },
      "futex_op_counts": {
        "128": 1432
      },
      "first_seen_ts_ns": 7127511188731,
      "last_seen_ts_ns": 7148260851863
    },
    {
      "tgid": 183192,
      "comm": "xhpcg",
      "cgroup_id": 65434,
      "wait_duration_stats_ns": {
        "count": 1443.0,
        "sum": 5206209022.000004,
        "mean": 3607906.4601524626,
        "median": 2945352.387129448,
        "min": 88652,
        "max": 38764966,
        "variance_ns2": 13168775212297.744,
        "iqr_ns": 714010.4289038815,
        "q1_ns": 2508622.6314722537,
        "q3_ns": 3222633.060376135
      },
      "futex_op_counts": {
        "128": 1443
      },
      "first_seen_ts_ns": 7127513333418,
      "last_seen_ts_ns": 7148259675721
    },
    {
      "tgid": 183191,
      "comm": "xhpcg",
      "cgroup_id": 65434,
      "wait_duration_stats_ns": {
        "count": 1440.0,
        "sum": 5176685840.999994,
        "mean": 3594920.7229166627,
        "median": 2889704.8544436675,
        "min": 96932,
        "max": 38703946,
        "variance_ns2": 13498428577087.508,
        "iqr_ns": 757596.024455633,
        "q1_ns": 2486325.4860213515,
        "q3_ns": 3243921.5104769845
      },
      "futex_op_counts": {
        "128": 1440
      },
      "first_seen_ts_ns": 7127512202178,
      "last_seen_ts_ns": 7148260870713
    },
    {
      "tgid": 183212,
      "comm": "xhpcg",
      "cgroup_id": 65434,
      "wait_duration_stats_ns": {
        "count": 1425.0,
        "sum": 5146725497.999999,
        "mean": 3611737.1915789465,
        "median": 2894951.433683881,
        "min": 85953,
        "max": 38532250,
        "variance_ns2": 14069591105137.227,
        "iqr_ns": 624834.633034687,
        "q1_ns": 2527244.8951697093,
        "q3_ns": 3152079.5282043964
      },
      "futex_op_counts": {
        "128": 1425
      },
      "first_seen_ts_ns": 7127511792967,
      "last_seen_ts_ns": 7148259738963
    },
    {
      "tgid": 183377,
      "comm": "xhpcg",
      "cgroup_id": 65434,
      "wait_duration_stats_ns": {
        "count": 1431.0,
        "sum": 5143983329.999999,
        "mean": 3594677.3794549257,
        "median": 2930286.2679622853,
        "min": 44071,
        "max": 38768287,
        "variance_ns2": 14844333376652.725,
        "iqr_ns": 975329.8838318237,
        "q1_ns": 2619386.7440171367,
        "q3_ns": 3594716.6278489605
      },
      "futex_op_counts": {
        "128": 1431
      },
      "first_seen_ts_ns": 7149033858732,
      "last_seen_ts_ns": 7169544253439
    },
    {
      "tgid": 183216,
      "comm": "xhpcg",
      "cgroup_id": 65434,
      "wait_duration_stats_ns": {
        "count": 1431.0,
        "sum": 5125104073.999996,
        "mean": 3581484.3284416464,
        "median": 2860277.997167264,
        "min": 53571,
        "max": 38485639,
        "variance_ns2": 16760593130711.936,
        "iqr_ns": 634872.983777897,
        "q1_ns": 2447770.4504175694,
        "q3_ns": 3082643.4341954663
      },
      "futex_op_counts": {
        "128": 1431
      },
      "first_seen_ts_ns": 7127513207885,
      "last_seen_ts_ns": 7148260076862
    },
    {
      "tgid": 183208,
      "comm": "xhpcg",
      "cgroup_id": 65434,
      "wait_duration_stats_ns": {
        "count": 1414.0,
        "sum": 5117874868.000002,
        "mean": 3619430.599717116,
        "median": 2891255.268331006,
        "min": 60501,
        "max": 39984349,
        "variance_ns2": 13916611495221.771,
        "iqr_ns": 603681.5786675992,
        "q1_ns": 2564699.7112698522,
        "q3_ns": 3168381.2899374515
      },
      "futex_op_counts": {
        "128": 1414
      },
      "first_seen_ts_ns": 7127512687521,
      "last_seen_ts_ns": 7148260060772
    },
    {
      "tgid": 183209,
      "comm": "xhpcg",
      "cgroup_id": 65434,
      "wait_duration_stats_ns": {
        "count": 1429.0,
        "sum": 5107790174.999998,
        "mean": 3574380.8082575216,
        "median": 2901709.594292806,
        "min": 76372,
        "max": 38715866,
        "variance_ns2": 13351331139926.432,
        "iqr_ns": 649853.899397213,
        "q1_ns": 2472762.400179932,
        "q3_ns": 3122616.299577145
      },
      "futex_op_counts": {
        "128": 1429
      },
      "first_seen_ts_ns": 7127512408894,
      "last_seen_ts_ns": 7148261160951
    },
    {
      "tgid": 183205,
      "comm": "xhpcg",
      "cgroup_id": 65434,
      "wait_duration_stats_ns": {
        "count": 1421.0,
        "sum": 5098071864.999994,
        "mean": 3587664.929627019,
        "median": 2912595.9961797437,
        "min": 39561,
        "max": 38731356,
        "variance_ns2": 14090250644365.775,
        "iqr_ns": 604696.3303895546,
        "q1_ns": 2573613.5543696345,
        "q3_ns": 3178309.884759189
      },
      "futex_op_counts": {
        "128": 1421
      },
      "first_seen_ts_ns": 7127512976849,
      "last_seen_ts_ns": 7148261136160
    },
    {
      "tgid": 183196,
      "comm": "xhpcg",
      "cgroup_id": 65434,
      "wait_duration_stats_ns": {
        "count": 1422.0,
        "sum": 5092645687.000004,
        "mean": 3581326.080872014,
        "median": 2838776.0029525682,
        "min": 1880,
        "max": 38741156,
        "variance_ns2": 15278378342353.896,
        "iqr_ns": 614959.7311611003,
        "q1_ns": 2490993.744956904,
        "q3_ns": 3105953.4761180044
      },
      "futex_op_counts": {
        "128": 1422
      },
      "first_seen_ts_ns": 7127512102216,
      "last_seen_ts_ns": 7148260875484
    },
    {
      "tgid": 183202,
      "comm": "xhpcg",
      "cgroup_id": 65434,
      "wait_duration_stats_ns": {
        "count": 1422.0,
        "sum": 5085482004.999998,
        "mean": 3576288.3298171577,
        "median": 2886702.1400890835,
        "min": 15740,
        "max": 38785688,
        "variance_ns2": 14819683734455.055,
        "iqr_ns": 751458.2698394251,
        "q1_ns": 2401318.456512235,
        "q3_ns": 3152776.72635166
      },
      "futex_op_counts": {
        "128": 1422
      },
      "first_seen_ts_ns": 7127512413044,
      "last_seen_ts_ns": 7148260115973
    },
    {
      "tgid": 183363,
      "comm": "xhpcg",
      "cgroup_id": 65434,
      "wait_duration_stats_ns": {
        "count": 1420.0,
        "sum": 5030002822.000003,
        "mean": 3542255.508450706,
        "median": 2797132.499515748,
        "min": 60771,
        "max": 38447808,
        "variance_ns2": 15138361702388.316,
        "iqr_ns": 525237.7829524176,
        "q1_ns": 2569461.566998873,
        "q3_ns": 3094699.3499512905
      },
      "futex_op_counts": {
        "128": 1420
      },
      "first_seen_ts_ns": 7149034430938,
      "last_seen_ts_ns": 7169544405723
    },
    {
      "tgid": 183365,
      "comm": "xhpcg",
      "cgroup_id": 65434,
      "wait_duration_stats_ns": {
        "count": 1420.0,
        "sum": 5014276716.999998,
        "mean": 3531180.7866197173,
        "median": 2758425.1642380776,
        "min": 93202,
        "max": 38836759,
        "variance_ns2": 15384627722371.656,
        "iqr_ns": 706593.755319274,
        "q1_ns": 2510376.6333569703,
        "q3_ns": 3216970.3886762443
      },
      "futex_op_counts": {
        "128": 1420
      },
      "first_seen_ts_ns": 7149034322625,
      "last_seen_ts_ns": 7169544479465
    },
    {
      "tgid": 183214,
      "comm": "xhpcg",
      "cgroup_id": 65434,
      "wait_duration_stats_ns": {
        "count": 1424.0,
        "sum": 5013886953.999999,
        "mean": 3520988.0294943815,
        "median": 2809931.366788893,
        "min": 66872,
        "max": 38465019,
        "variance_ns2": 16856147623954.219,
        "iqr_ns": 1117771.4154094514,
        "q1_ns": 2361986.20039477,
        "q3_ns": 3479757.6158042215
      },
      "futex_op_counts": {
        "128": 1424
      },
      "first_seen_ts_ns": 7127512733002,
      "last_seen_ts_ns": 7148260118733
    },
    {
      "tgid": 183364,
      "comm": "xhpcg",
      "cgroup_id": 65434,
      "wait_duration_stats_ns": {
        "count": 1411.0,
        "sum": 5010277112.000006,
        "mean": 3550869.6754075163,
        "median": 2879843.9472023747,
        "min": 90842,
        "max": 38720166,
        "variance_ns2": 15915355798890.69,
        "iqr_ns": 658297.2558364859,
        "q1_ns": 2493528.866525706,
        "q3_ns": 3151826.122362192
      },
      "futex_op_counts": {
        "128": 1411
      },
      "first_seen_ts_ns": 7149034740746,
      "last_seen_ts_ns": 7169544300160
    },
    {
      "tgid": 183385,
      "comm": "xhpcg",
      "cgroup_id": 65434,
      "wait_duration_stats_ns": {
        "count": 1421.0,
        "sum": 5009382669.999999,
        "mean": 3525251.7030260377,
        "median": 2826897.328794077,
        "min": 47341,
        "max": 39206919,
        "variance_ns2": 14331111997642.955,
        "iqr_ns": 589586.076543862,
        "q1_ns": 2520047.577991725,
        "q3_ns": 3109633.654535587
      },
      "futex_op_counts": {
        "128": 1421
      },
      "first_seen_ts_ns": 7149033104382,
      "last_seen_ts_ns": 7169544014793
    },
    {
      "tgid": 183381,
      "comm": "xhpcg",
      "cgroup_id": 65434,
      "wait_duration_stats_ns": {
        "count": 1405.0,
        "sum": 4993441056.000004,
        "mean": 3554050.573665483,
        "median": 2846999.530598542,
        "min": 117273,
        "max": 38744556,
        "variance_ns2": 15060876916794.62,
        "iqr_ns": 566330.6993883215,
        "q1_ns": 2547307.5970925074,
        "q3_ns": 3113638.296480829
      },
      "futex_op_counts": {
        "128": 1405
      },
      "first_seen_ts_ns": 7149034521350,
      "last_seen_ts_ns": 7169544362922
    },
    {
      "tgid": 183194,
      "comm": "xhpcg",
      "cgroup_id": 65434,
      "wait_duration_stats_ns": {
        "count": 1432.0,
        "sum": 4977777436.000002,
        "mean": 3476101.5614525154,
        "median": 2819841.8273298154,
        "min": 78652,
        "max": 38731026,
        "variance_ns2": 15298394980144.123,
        "iqr_ns": 814239.0334576722,
        "q1_ns": 2312476.5984499194,
        "q3_ns": 3126715.6319075916
      },
      "futex_op_counts": {
        "128": 1432
      },
      "first_seen_ts_ns": 7127512956008,
      "last_seen_ts_ns": 7148260955435
    },
    {
      "tgid": 183379,
      "comm": "xhpcg",
      "cgroup_id": 65434,
      "wait_duration_stats_ns": {
        "count": 1410.0,
        "sum": 4971585872.000004,
        "mean": 3525947.4269503574,
        "median": 2853108.4786317013,
        "min": 65792,
        "max": 40187556,
        "variance_ns2": 15018780248518.742,
        "iqr_ns": 666675.7460626527,
        "q1_ns": 2539890.9197035762,
        "q3_ns": 3206566.665766229
      },
      "futex_op_counts": {
        "128": 1410
      },
      "first_seen_ts_ns": 7149033454472,
      "last_seen_ts_ns": 7169543448958
    },
    {
      "tgid": 183200,
      "comm": "xhpcg",
      "cgroup_id": 65434,
      "wait_duration_stats_ns": {
        "count": 1424.0,
        "sum": 4964348893.999993,
        "mean": 3486200.0660112314,
        "median": 2681399.2072560466,
        "min": 71322,
        "max": 38445358,
        "variance_ns2": 17541622400627.307,
        "iqr_ns": 742053.7031686404,
        "q1_ns": 2301066.2995924694,
        "q3_ns": 3043120.0027611097
      },
      "futex_op_counts": {
        "128": 1424
      },
      "first_seen_ts_ns": 7127512477266,
      "last_seen_ts_ns": 7148260957876
    },
    {
      "tgid": 183189,
      "comm": "xhpcg",
      "cgroup_id": 65434,
      "wait_duration_stats_ns": {
        "count": 1441.0,
        "sum": 4953438246.000003,
        "mean": 3437500.5176960463,
        "median": 2745855.0726534794,
        "min": 61582,
        "max": 38444598,
        "variance_ns2": 14159927148864.854,
        "iqr_ns": 795789.8652047054,
        "q1_ns": 2305631.6660491894,
        "q3_ns": 3101421.531253895
      },
      "futex_op_counts": {
        "128": 1441
      },
      "first_seen_ts_ns": 7127511564221,
      "last_seen_ts_ns": 7148259511057
    },
    {
      "tgid": 183198,
      "comm": "xhpcg",
      "cgroup_id": 65434,
      "wait_duration_stats_ns": {
        "count": 1421.0,
        "sum": 4929614248.000004,
        "mean": 3469116.2899366673,
        "median": 2738761.4515314503,
        "min": 62221,
        "max": 38456109,
        "variance_ns2": 17535697326333.861,
        "iqr_ns": 704305.2712753429,
        "q1_ns": 2331800.70842754,
        "q3_ns": 3036105.979702883
      },
      "futex_op_counts": {
        "128": 1421
      },
      "first_seen_ts_ns": 7127512856245,
      "last_seen_ts_ns": 7148259561128
    },
    {
      "tgid": 183369,
      "comm": "xhpcg",
      "cgroup_id": 65434,
      "wait_duration_stats_ns": {
        "count": 1398.0,
        "sum": 4919557202.0,
        "mean": 3518996.5679542203,
        "median": 2754594.2170281583,
        "min": 88732,
        "max": 39152497,
        "variance_ns2": 16596794103255.826,
        "iqr_ns": 627396.9704464809,
        "q1_ns": 2483615.2925774185,
        "q3_ns": 3111012.2630238994
      },
      "futex_op_counts": {
        "128": 1398
      },
      "first_seen_ts_ns": 7149034399967,
      "last_seen_ts_ns": 7169544469365
    },
    {
      "tgid": 183383,
      "comm": "xhpcg",
      "cgroup_id": 65434,
      "wait_duration_stats_ns": {
        "count": 1411.0,
        "sum": 4906453925.000002,
        "mean": 3477288.394755494,
        "median": 2807621.3153413674,
        "min": 35101,
        "max": 39010084,
        "variance_ns2": 15030923940513.64,
        "iqr_ns": 716024.7466603494,
        "q1_ns": 2403032.2960849274,
        "q3_ns": 3119057.042745277
      },
      "futex_op_counts": {
        "128": 1411
      },
      "first_seen_ts_ns": 7149034908991,
      "last_seen_ts_ns": 7169544260710
    },
    {
      "tgid": 183387,
      "comm": "xhpcg",
      "cgroup_id": 65434,
      "wait_duration_stats_ns": {
        "count": 1433.0,
        "sum": 4901950070.0,
        "mean": 3420760.6908583394,
        "median": 2816123.563374532,
        "min": 71782,
        "max": 38704065,
        "variance_ns2": 14229748029190.213,
        "iqr_ns": 1368121.159965293,
        "q1_ns": 2347165.6728748158,
        "q3_ns": 3715286.832840109
      },
      "futex_op_counts": {
        "128": 1433
      },
      "first_seen_ts_ns": 7149034694165,
      "last_seen_ts_ns": 7169544037104
    },
    {
      "tgid": 183389,
      "comm": "xhpcg",
      "cgroup_id": 65434,
      "wait_duration_stats_ns": {
        "count": 1405.0,
        "sum": 4870914607.0,
        "mean": 3466843.136654804,
        "median": 2707707.101520601,
        "min": 36421,
        "max": 39227409,
        "variance_ns2": 16599520204543.336,
        "iqr_ns": 632389.2946623061,
        "q1_ns": 2406363.366441004,
        "q3_ns": 3038752.66110331
      },
      "futex_op_counts": {
        "128": 1405
      },
      "first_seen_ts_ns": 7149034906651,
      "last_seen_ts_ns": 7169544018783
    },
    {
      "tgid": 183375,
      "comm": "xhpcg",
      "cgroup_id": 65434,
      "wait_duration_stats_ns": {
        "count": 1402.0,
        "sum": 4852322107.999999,
        "mean": 3461000.0770328096,
        "median": 2836000.054266723,
        "min": 4620,
        "max": 38720206,
        "variance_ns2": 16623752867676.867,
        "iqr_ns": 757835.0801874287,
        "q1_ns": 2314314.3520617317,
        "q3_ns": 3072149.4322491605
      },
      "futex_op_counts": {
        "128": 1402
      },
      "first_seen_ts_ns": 7149034120479,
      "last_seen_ts_ns": 7169544317831
    },
    {
      "tgid": 183367,
      "comm": "xhpcg",
      "cgroup_id": 65434,
      "wait_duration_stats_ns": {
        "count": 1402.0,
        "sum": 4820745088.000004,
        "mean": 3438477.238231101,
        "median": 2787525.779448445,
        "min": 47461,
        "max": 39139147,
        "variance_ns2": 16529714703478.826,
        "iqr_ns": 789276.5338174622,
        "q1_ns": 2339364.4958211766,
        "q3_ns": 3128641.0296386387
      },
      "futex_op_counts": {
        "128": 1402
      },
      "first_seen_ts_ns": 7149034128960,
      "last_seen_ts_ns": 7169544219158
    },
    {
      "tgid": 183373,
      "comm": "xhpcg",
      "cgroup_id": 65434,
      "wait_duration_stats_ns": {
        "count": 1404.0,
        "sum": 4818440175.000007,
        "mean": 3431937.4465812016,
        "median": 2686401.619152104,
        "min": 106713,
        "max": 39248760,
        "variance_ns2": 17524516464329.514,
        "iqr_ns": 683904.4515173007,
        "q1_ns": 2316666.0402428624,
        "q3_ns": 3000570.491760163
      },
      "futex_op_counts": {
        "128": 1404
      },
      "first_seen_ts_ns": 7149034533481,
      "last_seen_ts_ns": 7169544227379
    },
    {
      "tgid": 183362,
      "comm": "xhpcg",
      "cgroup_id": 65434,
      "wait_duration_stats_ns": {
        "count": 1415.0,
        "sum": 4788812311.000003,
        "mean": 3384319.654416963,
        "median": 2688850.6180630773,
        "min": 57172,
        "max": 38494389,
        "variance_ns2": 16237150237056.002,
        "iqr_ns": 682355.7972130459,
        "q1_ns": 2315001.3055046764,
        "q3_ns": 2997357.1027177223
      },
      "futex_op_counts": {
        "128": 1415
      },
      "first_seen_ts_ns": 7149034990193,
      "last_seen_ts_ns": 7169544476335
    },
    {
      "tgid": 183371,
      "comm": "xhpcg",
      "cgroup_id": 65434,
      "wait_duration_stats_ns": {
        "count": 1408.0,
        "sum": 4770337044.999999,
        "mean": 3388023.4694602266,
        "median": 2687143.2122089122,
        "min": 106473,
        "max": 39223419,
        "variance_ns2": 16589048867991.812,
        "iqr_ns": 822884.8857432785,
        "q1_ns": 2255945.6474164575,
        "q3_ns": 3078830.533159736
      },
      "futex_op_counts": {
        "128": 1408
      },
      "first_seen_ts_ns": 7149035479336,
      "last_seen_ts_ns": 7169544196028
    },
    {
      "tgid": 183220,
      "comm": "xhpcg",
      "cgroup_id": 65434,
      "wait_duration_stats_ns": {
        "count": 1429.0,
        "sum": 4710984491.0,
        "mean": 3296700.133659902,
        "median": 2918842.214464445,
        "min": 246116,
        "max": 38929151,
        "variance_ns2": 16081350244241.854,
        "iqr_ns": 1428533.955353494,
        "q1_ns": 1727419.377815951,
        "q3_ns": 3155953.333169445
      },
      "futex_op_counts": {
        "128": 1429
      },
      "first_seen_ts_ns": 7127511419717,
      "last_seen_ts_ns": 7148260775411
    },
    {
      "tgid": 183224,
      "comm": "xhpcg",
      "cgroup_id": 65434,
      "wait_duration_stats_ns": {
        "count": 1443.0,
        "sum": 4679251694.999997,
        "mean": 3242724.6673596655,
        "median": 2978815.7710267366,
        "min": 123353,
        "max": 39469246,
        "variance_ns2": 14716068342102.363,
        "iqr_ns": 1542117.199220713,
        "q1_ns": 1644986.0034138456,
        "q3_ns": 3187103.2026345585
      },
      "futex_op_counts": {
        "128": 1443
      },
      "first_seen_ts_ns": 7127512210568,
      "last_seen_ts_ns": 7148259056455
    },
    {
      "tgid": 183228,
      "comm": "xhpcg",
      "cgroup_id": 65434,
      "wait_duration_stats_ns": {
        "count": 1427.0,
        "sum": 4588448358.000006,
        "mean": 3215450.846531188,
        "median": 2884273.9609905467,
        "min": 3630,
        "max": 38457739,
        "variance_ns2": 16789538061956.242,
        "iqr_ns": 1565560.6169544077,
        "q1_ns": 1573689.5882920548,
        "q3_ns": 3139250.2052464625
      },
      "futex_op_counts": {
        "128": 1427
      },
      "first_seen_ts_ns": 7127512126756,
      "last_seen_ts_ns": 7148259044675
    },
    {
      "tgid": 183222,
      "comm": "xhpcg",
      "cgroup_id": 65434,
      "wait_duration_stats_ns": {
        "count": 1424.0,
        "sum": 4587312399.000003,
        "mean": 3221427.2464887663,
        "median": 2904906.409334218,
        "min": 3900,
        "max": 39073556,
        "variance_ns2": 16284269594740.293,
        "iqr_ns": 1583888.741305445,
        "q1_ns": 1587274.1116981914,
        "q3_ns": 3171162.8530036365
      },
      "futex_op_counts": {
        "128": 1424
      },
      "first_seen_ts_ns": 7127512748013,
      "last_seen_ts_ns": 7148259015284
    },
    {
      "tgid": 183226,
      "comm": "xhpcg",
      "cgroup_id": 65434,
      "wait_duration_stats_ns": {
        "count": 1413.0,
        "sum": 4518879538.999997,
        "mean": 3198074.6914366577,
        "median": 2845781.512153261,
        "min": 60202,
        "max": 38514640,
        "variance_ns2": 17190099082920.844,
        "iqr_ns": 1674539.2570308875,
        "q1_ns": 1473413.9931568387,
        "q3_ns": 3147953.250187726
      },
      "futex_op_counts": {
        "128": 1413
      },
      "first_seen_ts_ns": 7127512510186,
      "last_seen_ts_ns": 7148260595296
    },
    {
      "tgid": 183393,
      "comm": "xhpcg",
      "cgroup_id": 65434,
      "wait_duration_stats_ns": {
        "count": 1412.0,
        "sum": 4513612224.999998,
        "mean": 3196609.2245042482,
        "median": 2770312.5298302774,
        "min": 81583,
        "max": 38997043,
        "variance_ns2": 17837867669095.66,
        "iqr_ns": 1370454.7955029323,
        "q1_ns": 1714053.2652568407,
        "q3_ns": 3084508.060759773
      },
      "futex_op_counts": {
        "128": 1412
      },
      "first_seen_ts_ns": 7149032942598,
      "last_seen_ts_ns": 7169543461168
    },
    {
      "tgid": 183401,
      "comm": "xhpcg",
      "cgroup_id": 65434,
      "wait_duration_stats_ns": {
        "count": 1446.0,
        "sum": 4478438748.999992,
        "mean": 3097122.233056703,
        "median": 2841711.898177499,
        "min": 3071,
        "max": 39396324,
        "variance_ns2": 14074203660840.777,
        "iqr_ns": 1588186.1574569964,
        "q1_ns": 1589806.4652521247,
        "q3_ns": 3177992.622709121
      },
      "futex_op_counts": {
        "128": 1446
      },
      "first_seen_ts_ns": 7149033881503,
      "last_seen_ts_ns": 7169544508616
    },
    {
      "tgid": 183395,
      "comm": "xhpcg",
      "cgroup_id": 65434,
      "wait_duration_stats_ns": {
        "count": 1421.0,
        "sum": 4465322378.000001,
        "mean": 3142380.280084448,
        "median": 2861093.2660640557,
        "min": 162144,
        "max": 39118907,
        "variance_ns2": 16511121464065.484,
        "iqr_ns": 1529026.837336809,
        "q1_ns": 1611727.5287535363,
        "q3_ns": 3140754.366090345
      },
      "futex_op_counts": {
        "128": 1421
      },
      "first_seen_ts_ns": 7149033550384,
      "last_seen_ts_ns": 7169544520757
    },
    {
      "tgid": 183218,
      "comm": "xhpcg",
      "cgroup_id": 65434,
      "wait_duration_stats_ns": {
        "count": 1422.0,
        "sum": 4463462035.999992,
        "mean": 3138862.191279882,
        "median": 2842230.7502495954,
        "min": 18551,
        "max": 38886710,
        "variance_ns2": 16844780094730.47,
        "iqr_ns": 1800285.0212105624,
        "q1_ns": 1328869.7122381083,
        "q3_ns": 3129154.7334486707
      },
      "futex_op_counts": {
        "128": 1422
      },
      "first_seen_ts_ns": 7127511857299,
      "last_seen_ts_ns": 7148258979863
    },
    {
      "tgid": 183230,
      "comm": "xhpcg",
      "cgroup_id": 65434,
      "wait_duration_stats_ns": {
        "count": 1410.0,
        "sum": 4462790542.000002,
        "mean": 3165099.6751773064,
        "median": 2750616.7829159456,
        "min": 94033,
        "max": 39392524,
        "variance_ns2": 19419581758049.15,
        "iqr_ns": 1692006.3164170794,
        "q1_ns": 1378482.601034922,
        "q3_ns": 3070488.9174520015
      },
      "futex_op_counts": {
        "128": 1410
      },
      "first_seen_ts_ns": 7127512525307,
      "last_seen_ts_ns": 7148258980793
    },
    {
      "tgid": 183397,
      "comm": "xhpcg",
      "cgroup_id": 65434,
      "wait_duration_stats_ns": {
        "count": 1410.0,
        "sum": 4462067564.999995,
        "mean": 3164586.9255319117,
        "median": 2815362.2313785953,
        "min": 59321,
        "max": 39166338,
        "variance_ns2": 16717226874384.94,
        "iqr_ns": 1483619.221451538,
        "q1_ns": 1653054.2508585507,
        "q3_ns": 3136673.4723100886
      },
      "futex_op_counts": {
        "128": 1410
      },
      "first_seen_ts_ns": 7149033725359,
      "last_seen_ts_ns": 7169544212758
    },
    {
      "tgid": 183232,
      "comm": "xhpcg",
      "cgroup_id": 65434,
      "wait_duration_stats_ns": {
        "count": 1414.0,
        "sum": 4456074122.000004,
        "mean": 3151396.12588402,
        "median": 2775724.6455960693,
        "min": 53292,
        "max": 38510610,
        "variance_ns2": 19043902683474.99,
        "iqr_ns": 1661728.0079335882,
        "q1_ns": 1417230.220026066,
        "q3_ns": 3078958.2279596543
      },
      "futex_op_counts": {
        "128": 1414
      },
      "first_seen_ts_ns": 7127513129173,
      "last_seen_ts_ns": 7148260481953
    },
    {
      "tgid": 183405,
      "comm": "xhpcg",
      "cgroup_id": 65434,
      "wait_duration_stats_ns": {
        "count": 1430.0,
        "sum": 4359439680.0,
        "mean": 3048559.2167832167,
        "median": 2739031.4632127485,
        "min": 27860,
        "max": 39283761,
        "variance_ns2": 15731261012064.932,
        "iqr_ns": 1740152.7265176703,
        "q1_ns": 1448782.5221934058,
        "q3_ns": 3188935.248711076
      },
      "futex_op_counts": {
        "128": 1430
      },
      "first_seen_ts_ns": 7149034282724,
      "last_seen_ts_ns": 7169543327874
    },
    {
      "tgid": 183398,
      "comm": "xhpcg",
      "cgroup_id": 65434,
      "wait_duration_stats_ns": {
        "count": 1417.0,
        "sum": 4299121313.000001,
        "mean": 3033959.9950599866,
        "median": 2766642.5941368924,
        "min": 172665,
        "max": 39251300,
        "variance_ns2": 15790162786069.805,
        "iqr_ns": 1650426.5487488413,
        "q1_ns": 1458352.7474595362,
        "q3_ns": 3108779.2962083775
      },
      "futex_op_counts": {
        "128": 1417
      },
      "first_seen_ts_ns": 7149034091009,
      "last_seen_ts_ns": 7169543583721
    },
    {
      "tgid": 183391,
      "comm": "xhpcg",
      "cgroup_id": 65434,
      "wait_duration_stats_ns": {
        "count": 1409.0,
        "sum": 4296380278.999997,
        "mean": 3049240.7941802675,
        "median": 2794755.705348814,
        "min": 46961,
        "max": 38849279,
        "variance_ns2": 17395827246557.264,
        "iqr_ns": 1896351.031037196,
        "q1_ns": 1354401.43987753,
        "q3_ns": 3250752.470914726
      },
      "futex_op_counts": {
        "128": 1409
      },
      "first_seen_ts_ns": 7149033889963,
      "last_seen_ts_ns": 7169544168467
    },
    {
      "tgid": 183403,
      "comm": "xhpcg",
      "cgroup_id": 65434,
      "wait_duration_stats_ns": {
        "count": 1410.0,
        "sum": 4287227286.999996,
        "mean": 3040586.7283687918,
        "median": 2660961.159579456,
        "min": 129123,
        "max": 40412511,
        "variance_ns2": 18015897310738.832,
        "iqr_ns": 1639920.7300692613,
        "q1_ns": 1378865.0633164726,
        "q3_ns": 3018785.793385734
      },
      "futex_op_counts": {
        "128": 1410
      },
      "first_seen_ts_ns": 7149033882393,
      "last_seen_ts_ns": 7169544120126
    },
    {
      "tgid": 183137,
      "comm": "runc",
      "cgroup_id": 4085,
      "wait_duration_stats_ns": {
        "count": 323.0,
        "sum": 2248845740.0,
        "mean": 6962370.712074304,
        "median": 464188.9441602811,
        "min": 1080,
        "max": 315034977,
        "variance_ns2": 999946691090810.0,
        "iqr_ns": 3920092.077167864,
        "q1_ns": 75778.90152364901,
        "q3_ns": 3995870.978691513
      },
      "futex_op_counts": {
        "128": 323
      },
      "first_seen_ts_ns": 7123991001392,
      "last_seen_ts_ns": 7124321962494
    },
    {
      "tgid": 183264,
      "comm": "runc",
      "cgroup_id": 4085,
      "wait_duration_stats_ns": {
        "count": 333.0,
        "sum": 2216106255.0,
        "mean": 6654973.738738739,
        "median": 693946.8026874596,
        "min": 1711,
        "max": 259234923,
        "variance_ns2": 860821473359513.4,
        "iqr_ns": 3389760.83489528,
        "q1_ns": 142181.5456931939,
        "q3_ns": 3531942.380588474
      },
      "futex_op_counts": {
        "128": 333
      },
      "first_seen_ts_ns": 7134001321061,
      "last_seen_ts_ns": 7134290229278
    },
    {
      "tgid": 183287,
      "comm": "runc",
      "cgroup_id": 4085,
      "wait_duration_stats_ns": {
        "count": 363.0,
        "sum": 2073359692.9999988,
        "mean": 5711734.691460052,
        "median": 531402.0170259533,
        "min": 3701,
        "max": 259162743,
        "variance_ns2": 567587082616199.8,
        "iqr_ns": 6462810.103622417,
        "q1_ns": 88254.7529342952,
        "q3_ns": 6551064.856556712
      },
      "futex_op_counts": {
        "128": 363
      },
      "first_seen_ts_ns": 7135730853683,
      "last_seen_ts_ns": 7136019499275
    },
    {
      "tgid": 9099,
      "comm": "amazon-ssm-agen",
      "cgroup_id": 3429,
      "wait_duration_stats_ns": {
        "count": 12.0,
        "sum": 2013629213.0,
        "mean": 167802434.41666666,
        "median": 76913485.375,
        "min": 222576,
        "max": 1000456136,
        "variance_ns2": 1.4971360841290694e+17,
        "iqr_ns": 1027417.5,
        "q1_ns": 2254010.5,
        "q3_ns": 3281428.0
      },
      "futex_op_counts": {
        "128": 12
      },
      "first_seen_ts_ns": 7155791512511,
      "last_seen_ts_ns": 7156823900542
    },
    {
      "tgid": 183512,
      "comm": "runc",
      "cgroup_id": 4085,
      "wait_duration_stats_ns": {
        "count": 349.0,
        "sum": 1903042490.0000002,
        "mean": 5452843.810888253,
        "median": 443717.0995871448,
        "min": 1110,
        "max": 255714843,
        "variance_ns2": 612866895756575.0,
        "iqr_ns": 1881077.511312473,
        "q1_ns": 128347.61418754348,
        "q3_ns": 2009425.1255000166
      },
      "futex_op_counts": {
        "128": 349
      },
      "first_seen_ts_ns": 7165726604734,
      "last_seen_ts_ns": 7165999215670
    },
    {
      "tgid": 183486,
      "comm": "runc",
      "cgroup_id": 4085,
      "wait_duration_stats_ns": {
        "count": 367.0,
        "sum": 1873450229.0000002,
        "mean": 5104769.016348775,
        "median": 455962.3191091427,
        "min": 830,
        "max": 258922280,
        "variance_ns2": 529235395811766.94,
        "iqr_ns": 3777177.054608854,
        "q1_ns": 88553.75283316811,
        "q3_ns": 3865730.807442022
      },
      "futex_op_counts": {
        "128": 367
      },
      "first_seen_ts_ns": 7163988605588,
      "last_seen_ts_ns": 7164276080072
    },
    {
      "tgid": 183161,
      "comm": "runc",
      "cgroup_id": 4085,
      "wait_duration_stats_ns": {
        "count": 337.0,
        "sum": 1840127381.0,
        "mean": 5460318.637982196,
        "median": 459628.64733714174,
        "min": 5130,
        "max": 237090612,
        "variance_ns2": 506910520117723.25,
        "iqr_ns": 2954365.4991062544,
        "q1_ns": 83973.11740441565,
        "q3_ns": 3038338.61651067
      },
      "futex_op_counts": {
        "128": 337
      },
      "first_seen_ts_ns": 7125736007728,
      "last_seen_ts_ns": 7126003245315
    },
    {
      "tgid": 183458,
      "comm": "runc",
      "cgroup_id": 4085,
      "wait_duration_stats_ns": {
        "count": 282.0,
        "sum": 1756680590.0000002,
        "mean": 6229363.794326242,
        "median": 589511.7290102949,
        "min": 3210,
        "max": 228972719,
        "variance_ns2": 797100866210242.9,
        "iqr_ns": 3393966.6082076887,
        "q1_ns": 74906.62985130085,
        "q3_ns": 3468873.2380589894
      },
      "futex_op_counts": {
        "128": 282
      },
      "first_seen_ts_ns": 7155731880555,
      "last_seen_ts_ns": 7155993308642
    },
    {
      "tgid": 182992,
      "comm": "runc",
      "cgroup_id": 4085,
      "wait_duration_stats_ns": {
        "count": 284.0,
        "sum": 1587080029.9999998,
        "mean": 5588309.964788731,
        "median": 217363.35997578118,
        "min": 1520,
        "max": 223187814,
        "variance_ns2": 892413930341088.6,
        "iqr_ns": 1273844.8887049449,
        "q1_ns": 37778.16808508141,
        "q3_ns": 1311623.0567900264
      },
      "futex_op_counts": {
        "128": 284
      },
      "first_seen_ts_ns": 7105748597376,
      "last_seen_ts_ns": 7105988095815
    },
    {
      "tgid": 183335,
      "comm": "runc",
      "cgroup_id": 4085,
      "wait_duration_stats_ns": {
        "count": 283.0,
        "sum": 1441688517.0,
        "mean": 5094305.713780919,
        "median": 371756.1835763657,
        "min": 8500,
        "max": 205825587,
        "variance_ns2": 511081577727162.44,
        "iqr_ns": 1766419.9001873168,
        "q1_ns": 44343.132178740925,
        "q3_ns": 1810763.0323660579
      },
      "futex_op_counts": {
        "128": 283
      },
      "first_seen_ts_ns": 7145730145262,
      "last_seen_ts_ns": 7145947028104
    },
    {
      "tgid": 183311,
      "comm": "runc",
      "cgroup_id": 4085,
      "wait_duration_stats_ns": {
        "count": 369.0,
        "sum": 1193136017.0,
        "mean": 3233430.9403794035,
        "median": 160006.313873726,
        "min": 1000,
        "max": 176941073,
        "variance_ns2": 451559450383385.6,
        "iqr_ns": 1016266.5888795771,
        "q1_ns": 37684.08353599047,
        "q3_ns": 1053950.6724155676
      },
      "futex_op_counts": {
        "128": 369
      },
      "first_seen_ts_ns": 7143965161835,
      "last_seen_ts_ns": 7144143018143
    },
    {
      "tgid": 183436,
      "comm": "runc",
      "cgroup_id": 4085,
      "wait_duration_stats_ns": {
        "count": 248.0,
        "sum": 1071049276.9999999,
        "mean": 4318747.084677419,
        "median": 221308.29178840714,
        "min": 9800,
        "max": 180072157,
        "variance_ns2": 535912417344972.5,
        "iqr_ns": 1222537.7983549645,
        "q1_ns": 30109.18034684048,
        "q3_ns": 1252646.978701805
      },
      "futex_op_counts": {
        "128": 248
      },
      "first_seen_ts_ns": 7153966078429,
      "last_seen_ts_ns": 7154149774853
    },
    {
      "tgid": 183113,
      "comm": "runc",
      "cgroup_id": 4085,
      "wait_duration_stats_ns": {
        "count": 391.0,
        "sum": 1017285411.9999998,
        "mean": 2601752.971867007,
        "median": 116377.02102115525,
        "min": 1100,
        "max": 143455898,
        "variance_ns2": 296697447628855.8,
        "iqr_ns": 537871.7115374353,
        "q1_ns": 32955.668118003014,
        "q3_ns": 570827.3796554384
      },
      "futex_op_counts": {
        "128": 391
      },
      "first_seen_ts_ns": 7115720728539,
      "last_seen_ts_ns": 7115873384924
    },
    {
      "tgid": 183148,
      "comm": "runc:[2:INIT]",
      "cgroup_id": 5006,
      "wait_duration_stats_ns": {
        "count": 27.0,
        "sum": 955557370.0,
        "mean": 35391013.7037037,
        "median": 14682903.132511662,
        "min": 28810,
        "max": 174174389,
        "variance_ns2": 3939827212021204.5,
        "iqr_ns": 31119610.221734144,
        "q1_ns": 1362785.7203280013,
        "q3_ns": 32482395.942062143
      },
      "futex_op_counts": {
        "128": 27
      },
      "first_seen_ts_ns": 7124135683891,
      "last_seen_ts_ns": 7124332939568
    },
    {
      "tgid": 183003,
      "comm": "runc:[2:INIT]",
      "cgroup_id": 5006,
      "wait_duration_stats_ns": {
        "count": 26.0,
        "sum": 864527179.0000001,
        "mean": 33251045.34615385,
        "median": 2636242.38701814,
        "min": 1210,
        "max": 177496830,
        "variance_ns2": 4616640258893270.0,
        "iqr_ns": 33214241.257987116,
        "q1_ns": 47015.97222222222,
        "q3_ns": 33261257.23020934
      },
      "futex_op_counts": {
        "128": 26
      },
      "first_seen_ts_ns": 7105810039840,
      "last_seen_ts_ns": 7105988112265
    },
    {
      "tgid": 183322,
      "comm": "runc:[2:INIT]",
      "cgroup_id": 5006,
      "wait_duration_stats_ns": {
        "count": 29.0,
        "sum": 820539010.0000004,
        "mean": 28294448.620689668,
        "median": 2565694.753947904,
        "min": 7590,
        "max": 162767765,
        "variance_ns2": 3569227272795929.5,
        "iqr_ns": 22017245.493076626,
        "q1_ns": 506881.0380681011,
        "q3_ns": 22524126.531144727
      },
      "futex_op_counts": {
        "128": 29
      },
      "first_seen_ts_ns": 7143976615561,
      "last_seen_ts_ns": 7144142096208
    },
    {
      "tgid": 183469,
      "comm": "runc:[2:INIT]",
      "cgroup_id": 5006,
      "wait_duration_stats_ns": {
        "count": 31.0,
        "sum": 806884374.9999998,
        "mean": 26028528.225806445,
        "median": 4135812.352698815,
        "min": 16031,
        "max": 145835764,
        "variance_ns2": 2214308804861082.8,
        "iqr_ns": 21693096.296819244,
        "q1_ns": 270153.75567406183,
        "q3_ns": 21963250.052493304
      },
      "futex_op_counts": {
        "128": 31
      },
      "first_seen_ts_ns": 7155833977017,
      "last_seen_ts_ns": 7156003847484
    },
    {
      "tgid": 183074,
      "comm": "runc",
      "cgroup_id": 4085,
      "wait_duration_stats_ns": {
        "count": 392.0,
        "sum": 765793216.0,
        "mean": 1953554.1224489796,
        "median": 95959.4874057405,
        "min": 950,
        "max": 128756407,
        "variance_ns2": 207721507615944.9,
        "iqr_ns": 1080168.1113426758,
        "q1_ns": 24420.1793935713,
        "q3_ns": 1104588.290736247
      },
      "futex_op_counts": {
        "128": 392
      },
      "first_seen_ts_ns": 7113985793628,
      "last_seen_ts_ns": 7114117883484
    },
    {
      "tgid": 182966,
      "comm": "runc",
      "cgroup_id": 4085,
      "wait_duration_stats_ns": {
        "count": 367.0,
        "sum": 692941627.0,
        "mean": 1888124.3242506813,
        "median": 112062.13117338717,
        "min": 2000,
        "max": 117536065,
        "variance_ns2": 159036327365237.06,
        "iqr_ns": 536042.5880420447,
        "q1_ns": 27520.198968582212,
        "q3_ns": 563562.7870106269
      },
      "futex_op_counts": {
        "128": 367
      },
      "first_seen_ts_ns": 7103962107586,
      "last_seen_ts_ns": 7104083037212
    },
    {
      "tgid": 183498,
      "comm": "runc:[2:INIT]",
      "cgroup_id": 5006,
      "wait_duration_stats_ns": {
        "count": 30.0,
        "sum": 663648460.0,
        "mean": 22121615.333333332,
        "median": 2841290.472144806,
        "min": 5820,
        "max": 125485388,
        "variance_ns2": 1577535626735180.2,
        "iqr_ns": 8307540.718062118,
        "q1_ns": 1529218.9294248316,
        "q3_ns": 9836759.64748695
      },
      "futex_op_counts": {
        "128": 30
      },
      "first_seen_ts_ns": 7164147731017,
      "last_seen_ts_ns": 7164286947163
    },
    {
      "tgid": 183298,
      "comm": "runc:[2:INIT]",
      "cgroup_id": 5006,
      "wait_duration_stats_ns": {
        "count": 27.0,
        "sum": 646195470.9999998,
        "mean": 23933165.592592586,
        "median": 637748.5526452772,
        "min": 2220,
        "max": 128195860,
        "variance_ns2": 2276745538457363.5,
        "iqr_ns": 42604529.28486273,
        "q1_ns": 352728.2208333333,
        "q3_ns": 42957257.50569606
      },
      "futex_op_counts": {
        "128": 27
      },
      "first_seen_ts_ns": 7135887532894,
      "last_seen_ts_ns": 7136019434453
    },
    {
      "tgid": 183837,
      "comm": "runc",
      "cgroup_id": 4085,
      "wait_duration_stats_ns": {
        "count": 382.0,
        "sum": 642978811.0,
        "mean": 1683190.6047120418,
        "median": 77953.30924132963,
        "min": 2080,
        "max": 93496531,
        "variance_ns2": 134300867521665.02,
        "iqr_ns": 283584.95799633657,
        "q1_ns": 28408.14612136968,
        "q3_ns": 311993.10411770624
      },
      "futex_op_counts": {
        "128": 382
      },
      "first_seen_ts_ns": 7175716688749,
      "last_seen_ts_ns": 7175812745599
    },
    {
      "tgid": 183446,
      "comm": "runc:[2:INIT]",
      "cgroup_id": 5006,
      "wait_duration_stats_ns": {
        "count": 30.0,
        "sum": 632368480.0000001,
        "mean": 21078949.333333336,
        "median": 2942668.0417082175,
        "min": 237217,
        "max": 124179652,
        "variance_ns2": 1630329378722373.0,
        "iqr_ns": 21634133.62853465,
        "q1_ns": 739589.2054684046,
        "q3_ns": 22373722.834003054
      },
      "futex_op_counts": {
        "128": 30
      },
      "first_seen_ts_ns": 7154021700086,
      "last_seen_ts_ns": 7154160148960
    },
    {
      "tgid": 183084,
      "comm": "runc:[2:INIT]",
      "cgroup_id": 5006,
      "wait_duration_stats_ns": {
        "count": 26.0,
        "sum": 608696153.0,
        "mean": 23411390.5,
        "median": 2825623.2781153237,
        "min": 2270,
        "max": 121342448,
        "variance_ns2": 2334593508268446.0,
        "iqr_ns": 33562737.219143026,
        "q1_ns": 183185.00500286045,
        "q3_ns": 33745922.22414589
      },
      "futex_op_counts": {
        "128": 26
      },
      "first_seen_ts_ns": 7113995540230,
      "last_seen_ts_ns": 7114117896724
    },
    {
      "tgid": 183172,
      "comm": "runc:[2:INIT]",
      "cgroup_id": 5006,
      "wait_duration_stats_ns": {
        "count": 28.0,
        "sum": 605912267.9999999,
        "mean": 21639723.857142854,
        "median": 6931908.13248641,
        "min": 151134,
        "max": 101131086,
        "variance_ns2": 1190929294205911.0,
        "iqr_ns": 23880859.785609316,
        "q1_ns": 426950.71959988476,
        "q3_ns": 24307810.5052092
      },
      "futex_op_counts": {
        "128": 28
      },
      "first_seen_ts_ns": 7125887840738,
      "last_seen_ts_ns": 7126012900094
    },
    {
      "tgid": 183746,
      "comm": "runc",
      "cgroup_id": 4085,
      "wait_duration_stats_ns": {
        "count": 384.0,
        "sum": 605704274.0,
        "mean": 1577354.8802083335,
        "median": 76144.77249822441,
        "min": 780,
        "max": 88682932,
        "variance_ns2": 119444234220223.52,
        "iqr_ns": 314432.4339782202,
        "q1_ns": 24765.584950954973,
        "q3_ns": 339198.0189291752
      },
      "futex_op_counts": {
        "128": 384
      },
      "first_seen_ts_ns": 7173961506478,
      "last_seen_ts_ns": 7174052794801
    },
    {
      "tgid": 183124,
      "comm": "runc:[2:INIT]",
      "cgroup_id": 5006,
      "wait_duration_stats_ns": {
        "count": 26.0,
        "sum": 594956074.0,
        "mean": 22882925.923076924,
        "median": 2489377.654577323,
        "min": 1060,
        "max": 128423207,
        "variance_ns2": 1797453806207924.8,
        "iqr_ns": 24853719.710911464,
        "q1_ns": 373848.5133680555,
        "q3_ns": 25227568.22427952
      },
      "futex_op_counts": {
        "128": 26
      },
      "first_seen_ts_ns": 7115744209697,
      "last_seen_ts_ns": 7115873224940
    },
    {
      "tgid": 183523,
      "comm": "runc:[2:INIT]",
      "cgroup_id": 5006,
      "wait_duration_stats_ns": {
        "count": 26.0,
        "sum": 568616311.0000001,
        "mean": 21869858.11538462,
        "median": 2194013.692005365,
        "min": 32061,
        "max": 109689336,
        "variance_ns2": 1589046308096224.0,
        "iqr_ns": 43479453.563122265,
        "q1_ns": 229919.78086878272,
        "q3_ns": 43709373.34399105
      },
      "futex_op_counts": {
        "128": 26
      },
      "first_seen_ts_ns": 7165884899400,
      "last_seen_ts_ns": 7165999527638
    },
    {
      "tgid": 183276,
      "comm": "runc:[2:INIT]",
      "cgroup_id": 5006,
      "wait_duration_stats_ns": {
        "count": 27.0,
        "sum": 522236545.99999976,
        "mean": 19342094.296296287,
        "median": 2179550.976317007,
        "min": 67462,
        "max": 127768727,
        "variance_ns2": 1654227997022690.8,
        "iqr_ns": 8187208.253155043,
        "q1_ns": 202829.67125871207,
        "q3_ns": 8390037.924413756
      },
      "futex_op_counts": {
        "128": 27
      },
      "first_seen_ts_ns": 7134158269429,
      "last_seen_ts_ns": 7134290284320
    },
    {
      "tgid": 182977,
      "comm": "runc:[2:INIT]",
      "cgroup_id": 5006,
      "wait_duration_stats_ns": {
        "count": 25.0,
        "sum": 517919783.0000001,
        "mean": 20716791.320000004,
        "median": 433504.33083330817,
        "min": 17670,
        "max": 103934523,
        "variance_ns2": 1737799167078655.8,
        "iqr_ns": 20442067.491795525,
        "q1_ns": 151341.9948124272,
        "q3_ns": 20593409.486607954
      },
      "futex_op_counts": {
        "128": 25
      },
      "first_seen_ts_ns": 7103978493714,
      "last_seen_ts_ns": 7104082974770
    },
    {
      "tgid": 183031,
      "comm": "aws-cni",
      "cgroup_id": 4085,
      "wait_duration_stats_ns": {
        "count": 178.0,
        "sum": 498950253.9999998,
        "mean": 2803091.3146067406,
        "median": 332976.1543062024,
        "min": 10361,
        "max": 38951883,
        "variance_ns2": 53735931438950.61,
        "iqr_ns": 2066686.3581846734,
        "q1_ns": 72208.79413227086,
        "q3_ns": 2138895.152316944
      },
      "futex_op_counts": {
        "128": 178
      },
      "first_seen_ts_ns": 7111522078925,
      "last_seen_ts_ns": 7111596664671
    },
    {
      "tgid": 183346,
      "comm": "runc:[2:INIT]",
      "cgroup_id": 5006,
      "wait_duration_stats_ns": {
        "count": 27.0,
        "sum": 486631637.0000001,
        "mean": 18023393.962962966,
        "median": 2200015.576459758,
        "min": 8270,
        "max": 110568878,
        "variance_ns2": 1149072449210078.5,
        "iqr_ns": 15275658.654106522,
        "q1_ns": 324312.1508294104,
        "q3_ns": 15599970.804935932
      },
      "futex_op_counts": {
        "128": 27
      },
      "first_seen_ts_ns": 7145829608353,
      "last_seen_ts_ns": 7145957503944
    },
    {
      "tgid": 183848,
      "comm": "runc:[2:INIT]",
      "cgroup_id": 5006,
      "wait_duration_stats_ns": {
        "count": 24.0,
        "sum": 427565386.0000001,
        "mean": 17815224.41666667,
        "median": 447332.80352838547,
        "min": 1080,
        "max": 85783545,
        "variance_ns2": 1225163352988635.8,
        "iqr_ns": 35140700.754962996,
        "q1_ns": 276406.1393333333,
        "q3_ns": 35417106.894296326
      },
      "futex_op_counts": {
        "128": 24
      },
      "first_seen_ts_ns": 7175726383918,
      "last_seen_ts_ns": 7175812813810
    },
    {
      "tgid": 183757,
      "comm": "runc:[2:INIT]",
      "cgroup_id": 5006,
      "wait_duration_stats_ns": {
        "count": 22.0,
        "sum": 408434084.0,
        "mean": 18565185.636363637,
        "median": 2449996.546244762,
        "min": 36901,
        "max": 81977723,
        "variance_ns2": 1192889359920931.8,
        "iqr_ns": 34106508.18468459,
        "q1_ns": 74429.21875,
        "q3_ns": 34180937.40343459
      },
      "futex_op_counts": {
        "128": 22
      },
      "first_seen_ts_ns": 7173970340795,
      "last_seen_ts_ns": 7174052727249
    },
    {
      "tgid": 183322,
      "comm": "grpc-health-pro",
      "cgroup_id": 5006,
      "wait_duration_stats_ns": {
        "count": 30.0,
        "sum": 262233814.00000003,
        "mean": 8741127.133333335,
        "median": 3366999.6519644624,
        "min": 13411,
        "max": 45469697,
        "variance_ns2": 177572061841853.8,
        "iqr_ns": 10379786.925071768,
        "q1_ns": 287198.42078723764,
        "q3_ns": 10666985.345859006
      },
      "futex_op_counts": {
        "128": 30
      },
      "first_seen_ts_ns": 7144155865116,
      "last_seen_ts_ns": 7144204422655
    },
    {
      "tgid": 183346,
      "comm": "grpc-health-pro",
      "cgroup_id": 5006,
      "wait_duration_stats_ns": {
        "count": 24.0,
        "sum": 226308785.0,
        "mean": 9429532.708333334,
        "median": 9642301.940755032,
        "min": 26890,
        "max": 37773190,
        "variance_ns2": 104590249009950.83,
        "iqr_ns": 13556451.09836869,
        "q1_ns": 465017.9884920635,
        "q3_ns": 14021469.086860754
      },
      "futex_op_counts": {
        "128": 24
      },
      "first_seen_ts_ns": 7145962329102,
      "last_seen_ts_ns": 7146018172127
    },
    {
      "tgid": 183498,
      "comm": "grpc-health-pro",
      "cgroup_id": 5006,
      "wait_duration_stats_ns": {
        "count": 25.0,
        "sum": 207137834.0,
        "mean": 8285513.359999999,
        "median": 3985858.845026508,
        "min": 14300,
        "max": 38474430,
        "variance_ns2": 134936194453387.75,
        "iqr_ns": 12129340.177999133,
        "q1_ns": 656783.2827407583,
        "q3_ns": 12786123.460739892
      },
      "futex_op_counts": {
        "128": 25
      },
      "first_seen_ts_ns": 7164302354385,
      "last_seen_ts_ns": 7164345011017
    },
    {
      "tgid": 183523,
      "comm": "grpc-health-pro",
      "cgroup_id": 5006,
      "wait_duration_stats_ns": {
        "count": 19.0,
        "sum": 165790312.00000003,
        "mean": 8725805.894736843,
        "median": 5986911.776271967,
        "min": 49502,
        "max": 24960419,
        "variance_ns2": 86392591631413.75,
        "iqr_ns": 13825049.670785585,
        "q1_ns": 675579.0158730157,
        "q3_ns": 14500628.6866586
      },
      "futex_op_counts": {
        "128": 19
      },
      "first_seen_ts_ns": 7166010175453,
      "last_seen_ts_ns": 7166041099232
    },
    {
      "tgid": 183061,
      "comm": "aws-cni",
      "cgroup_id": 4085,
      "wait_duration_stats_ns": {
        "count": 134.0,
        "sum": 150861060.0,
        "mean": 1125828.8059701493,
        "median": 174147.82110504396,
        "min": 1249,
        "max": 13991664,
        "variance_ns2": 9162169030633.225,
        "iqr_ns": 607412.198849816,
        "q1_ns": 49388.628254572395,
        "q3_ns": 656800.8271043884
      },
      "futex_op_counts": {
        "128": 134
      },
      "first_seen_ts_ns": 7111649626709,
      "last_seen_ts_ns": 7111673142627
    },
    {
      "tgid": 183148,
      "comm": "grpc-health-pro",
      "cgroup_id": 5006,
      "wait_duration_stats_ns": {
        "count": 14.0,
        "sum": 118425600.0,
        "mean": 8458971.42857143,
        "median": 7405992.65,
        "min": 853793,
        "max": 25027499,
        "variance_ns2": 44737302082904.58,
        "iqr_ns": 7767684.633995629,
        "q1_ns": 4240903.2907407405,
        "q3_ns": 12008587.92473637
      },
      "futex_op_counts": {
        "128": 14
      },
      "first_seen_ts_ns": 7124347599520,
      "last_seen_ts_ns": 7124379685978
    },
    {
      "tgid": 183298,
      "comm": "grpc-health-pro",
      "cgroup_id": 5006,
      "wait_duration_stats_ns": {
        "count": 22.0,
        "sum": 109923596.99999999,
        "mean": 4996527.136363636,
        "median": 1836401.8344350816,
        "min": 27191,
        "max": 18628238,
        "variance_ns2": 38877566876906.98,
        "iqr_ns": 4883540.668129042,
        "q1_ns": 424967.37304894184,
        "q3_ns": 5308508.041177983
      },
      "futex_op_counts": {
        "128": 22
      },
      "first_seen_ts_ns": 7136023348548,
      "last_seen_ts_ns": 7136055433585
    },
    {
      "tgid": 183469,
      "comm": "grpc-health-pro",
      "cgroup_id": 5006,
      "wait_duration_stats_ns": {
        "count": 16.0,
        "sum": 102123682.0,
        "mean": 6382730.125,
        "median": 7738587.5034047,
        "min": 31141,
        "max": 22371687,
        "variance_ns2": 35469547242101.72,
        "iqr_ns": 7507040.466325072,
        "q1_ns": 1899708.419837481,
        "q3_ns": 9406748.886162553
      },
      "futex_op_counts": {
        "128": 16
      },
      "first_seen_ts_ns": 7156018354382,
      "last_seen_ts_ns": 7156040205017
    },
    {
      "tgid": 183055,
      "comm": "egress-cni",
      "cgroup_id": 4085,
      "wait_duration_stats_ns": {
        "count": 9.0,
        "sum": 82875578.0,
        "mean": 9208397.555555556,
        "median": 5302056.666666667,
        "min": 49042,
        "max": 25594765,
        "variance_ns2": 67288720559424.52,
        "iqr_ns": 9976598.083333332,
        "q1_ns": 605916.0,
        "q3_ns": 10582514.083333332
      },
      "futex_op_counts": {
        "128": 9
      },
      "first_seen_ts_ns": 7111605487437,
      "last_seen_ts_ns": 7111631077972
    },
    {
      "tgid": 183025,
      "comm": "egress-cni",
      "cgroup_id": 4085,
      "wait_duration_stats_ns": {
        "count": 7.0,
        "sum": 73905231.0,
        "mean": 10557890.142857144,
        "median": 9824353.0,
        "min": 380880,
        "max": 19447691,
        "variance_ns2": 36089146485518.48,
        "iqr_ns": 950115.666666666,
        "q1_ns": 8874237.333333334,
        "q3_ns": 9824353.0
      },
      "futex_op_counts": {
        "128": 7
      },
      "first_seen_ts_ns": 7111488906367,
      "last_seen_ts_ns": 7111506597641
    },
    {
      "tgid": 183172,
      "comm": "grpc-health-pro",
      "cgroup_id": 5006,
      "wait_duration_stats_ns": {
        "count": 32.0,
        "sum": 72887034.99999999,
        "mean": 2277719.8437499995,
        "median": 954565.9822899646,
        "min": 8850,
        "max": 10799228,
        "variance_ns2": 13856760266995.105,
        "iqr_ns": 7088803.291456051,
        "q1_ns": 51197.355995414684,
        "q3_ns": 7140000.647451466
      },
      "futex_op_counts": {
        "128": 32
      },
      "first_seen_ts_ns": 7126027045202,
      "last_seen_ts_ns": 7126041733645
    },
    {
      "tgid": 183276,
      "comm": "grpc-health-pro",
      "cgroup_id": 5006,
      "wait_duration_stats_ns": {
        "count": 17.0,
        "sum": 62720989.0,
        "mean": 3689469.9411764704,
        "median": 1326757.9614903,
        "min": 47721,
        "max": 13018289,
        "variance_ns2": 23960434308166.81,
        "iqr_ns": 5732235.784799575,
        "q1_ns": 252085.18333333332,
        "q3_ns": 5984320.968132908
      },
      "futex_op_counts": {
        "128": 17
      },
      "first_seen_ts_ns": 7134293083915,
      "last_seen_ts_ns": 7134307600384
    },
    {
      "tgid": 183003,
      "comm": "grpc-health-pro",
      "cgroup_id": 5006,
      "wait_duration_stats_ns": {
        "count": 18.0,
        "sum": 43608634.0,
        "mean": 2422701.888888889,
        "median": 2721425.915249433,
        "min": 30551,
        "max": 5433995,
        "variance_ns2": 5057163657250.34,
        "iqr_ns": 4596121.318022834,
        "q1_ns": 214731.2316731771,
        "q3_ns": 4810852.5496960115
      },
      "futex_op_counts": {
        "128": 18
      },
      "first_seen_ts_ns": 7105994624530,
      "last_seen_ts_ns": 7106001888533
    },
    {
      "tgid": 183084,
      "comm": "grpc-health-pro",
      "cgroup_id": 5006,
      "wait_duration_stats_ns": {
        "count": 26.0,
        "sum": 38945292.0,
        "mean": 1497895.8461538462,
        "median": 221298.29431132664,
        "min": 13051,
        "max": 7388238,
        "variance_ns2": 6100472643676.616,
        "iqr_ns": 1045690.2951021425,
        "q1_ns": 42766.534722222226,
        "q3_ns": 1088456.8298243647
      },
      "futex_op_counts": {
        "128": 26
      },
      "first_seen_ts_ns": 7114123117754,
      "last_seen_ts_ns": 7114131870698
    },
    {
      "tgid": 183020,
      "comm": "portmap",
      "cgroup_id": 4085,
      "wait_duration_stats_ns": {
        "count": 6.0,
        "sum": 36313509.0,
        "mean": 6052251.5,
        "median": 1689575.0,
        "min": 967225,
        "max": 11690102,
        "variance_ns2": 26955774205891.5,
        "iqr_ns": 0.0,
        "q1_ns": 1689575.0,
        "q3_ns": 1689575.0
      },
      "futex_op_counts": {
        "128": 6
      },
      "first_seen_ts_ns": 7111458936685,
      "last_seen_ts_ns": 7111462128030
    },
    {
      "tgid": 183446,
      "comm": "grpc-health-pro",
      "cgroup_id": 5006,
      "wait_duration_stats_ns": {
        "count": 10.0,
        "sum": 28273685.0,
        "mean": 2827368.5,
        "median": 1358677.0,
        "min": 25500,
        "max": 10906381,
        "variance_ns2": 14341485804816.723,
        "iqr_ns": 1861243.847222222,
        "q1_ns": 850364.3194444444,
        "q3_ns": 2711608.1666666665
      },
      "futex_op_counts": {
        "128": 10
      },
      "first_seen_ts_ns": 7154179413456,
      "last_seen_ts_ns": 7154190100651
    },
    {
      "tgid": 183124,
      "comm": "grpc-health-pro",
      "cgroup_id": 5006,
      "wait_duration_stats_ns": {
        "count": 32.0,
        "sum": 14235905.0,
        "mean": 444872.03125,
        "median": 121780.87844256636,
        "min": 1010,
        "max": 2454646,
        "variance_ns2": 467102008356.5474,
        "iqr_ns": 408286.5387506895,
        "q1_ns": 39132.36821145125,
        "q3_ns": 447418.9069621407
      },
      "futex_op_counts": {
        "128": 32
      },
      "first_seen_ts_ns": 7115876302092,
      "last_seen_ts_ns": 7115880152136
    },
    {
      "tgid": 182977,
      "comm": "grpc-health-pro",
      "cgroup_id": 5006,
      "wait_duration_stats_ns": {
        "count": 34.0,
        "sum": 12409629.0,
        "mean": 364989.0882352941,
        "median": 67762.70813072332,
        "min": 950,
        "max": 1898800,
        "variance_ns2": 332596550469.11316,
        "iqr_ns": 264842.73600349284,
        "q1_ns": 31050.539119282595,
        "q3_ns": 295893.27512277546
      },
      "futex_op_counts": {
        "128": 34
      },
      "first_seen_ts_ns": 7104086169945,
      "last_seen_ts_ns": 7104089526015
    },
    {
      "tgid": 183848,
      "comm": "grpc-health-pro",
      "cgroup_id": 5006,
      "wait_duration_stats_ns": {
        "count": 37.0,
        "sum": 10958343.999999998,
        "mean": 296171.4594594594,
        "median": 65778.59319023139,
        "min": 1020,
        "max": 1610333,
        "variance_ns2": 211831208862.53302,
        "iqr_ns": 309996.59538025234,
        "q1_ns": 24264.569628300706,
        "q3_ns": 334261.1650085531
      },
      "futex_op_counts": {
        "128": 37
      },
      "first_seen_ts_ns": 7175815238846,
      "last_seen_ts_ns": 7175818090962
    },
    {
      "tgid": 183757,
      "comm": "grpc-health-pro",
      "cgroup_id": 5006,
      "wait_duration_stats_ns": {
        "count": 33.0,
        "sum": 10504950.000000002,
        "mean": 318331.81818181823,
        "median": 80877.46077897522,
        "min": 16421,
        "max": 1612863,
        "variance_ns2": 232300453495.5909,
        "iqr_ns": 252316.87224473373,
        "q1_ns": 33965.52787879994,
        "q3_ns": 286282.4001235337
      },
      "futex_op_counts": {
        "128": 33
      },
      "first_seen_ts_ns": 7174055235536,
      "last_seen_ts_ns": 7174058019570
    },
    {
      "tgid": 183016,
      "comm": "loopback",
      "cgroup_id": 4085,
      "wait_duration_stats_ns": {
        "count": 4.0,
        "sum": 7369617.0,
        "mean": 1842404.25,
        "median": 2897678.0,
        "min": 42131,
        "max": 4317425,
        "variance_ns2": 4491095900162.251,
        "iqr_ns": 4205042.0,
        "q1_ns": 112383.0,
        "q3_ns": 4317425.0
      },
      "futex_op_counts": {
        "128": 4
      },
      "first_seen_ts_ns": 7111440464060,
      "last_seen_ts_ns": 7111443438880
    },
    {
      "tgid": 183050,
      "comm": "portmap",
      "cgroup_id": 4085,
      "wait_duration_stats_ns": {
        "count": 6.0,
        "sum": 1664933.0000000002,
        "mean": 277488.8333333334,
        "median": 275757.0,
        "min": 51041,
        "max": 583435,
        "variance_ns2": 31842421758.166668,
        "iqr_ns": 0.0,
        "q1_ns": 275757.0,
        "q3_ns": 275757.0
      },
      "futex_op_counts": {
        "128": 6
      },
      "first_seen_ts_ns": 7111602379304,
      "last_seen_ts_ns": 7111602953259
    },
    {
      "tgid": 183045,
      "comm": "loopback",
      "cgroup_id": 4085,
      "wait_duration_stats_ns": {
        "count": 8.0,
        "sum": 1506341.0,
        "mean": 188292.625,
        "median": 170829.72222222222,
        "min": 24881,
        "max": 491483,
        "variance_ns2": 22599294568.553566,
        "iqr_ns": 136537.09259259258,
        "q1_ns": 108793.0,
        "q3_ns": 245330.09259259258
      },
      "futex_op_counts": {
        "128": 8
      },
      "first_seen_ts_ns": 7111600237717,
      "last_seen_ts_ns": 7111600774481
    },
    {
      "tgid": 182710,
      "comm": "flux-broker-0",
      "cgroup_id": 65434,
      "wait_duration_stats_ns": {
        "count": 279.0,
        "sum": 789412.0000000001,
        "mean": 2829.4336917562728,
        "median": 1528.5268426641976,
        "min": 700,
        "max": 29441,
        "variance_ns2": 18836621.347206105,
        "iqr_ns": 1233.0837054137803,
        "q1_ns": 1060.2848013713472,
        "q3_ns": 2293.3685067851275
      },
      "futex_op_counts": {
        "128": 279
      },
      "first_seen_ts_ns": 7102385057231,
      "last_seen_ts_ns": 7176102350557
    }
  ]
}
[06:18:25] Cleanup complete.
