unlimited
PROGRAM: cpu
Looking for /opt/programs/cpu/ebpf-collect.c
[21:19:53] Waiting for start indicator file: '/mnt/flux/start_ebpf_collection'.
[21:19:55] Start indicator found. Proceeding with monitoring.
[21:19:55] Initializing eBPF for CPU Scheduling monitoring...
[21:19:55] BPF C code compiled and loaded.
[21:19:55] Attached tracepoints.
[21:19:55] Monitoring CPU scheduling events (polling aggregated map)... Press Ctrl+C to stop.
[21:20:59] Stop indicator file '/mnt/flux/stop_ebpf_collection' found. Stopping.
[21:20:59] Initiating cleanup sequence...
{
  "final_aggregated_summary_river": [
    {
      "tgid": 250,
      "comm": "python3",
      "cgroup_id": 6905,
      "on_cpu_stats_ns": {
        "count": 688.0,
        "sum_ns": 64170698.50037665,
        "mean_ns": 93271.36409938466,
        "median_ns": 66128.82176227756,
        "min_ns": 4111.070796460177,
        "max_ns": 6137483.5,
        "variance_ns2": 62382852168.86955,
        "iqr_ns": 80889.09749401205,
        "q1_ns": 34958.42243570993,
        "q3_ns": 115847.51992972198
      },
      "runq_latency_stats_ns": {
        "count": 688.0,
        "sum_ns": 49117297.419131264,
        "mean_ns": 71391.42066734195,
        "median_ns": 20014.130244746706,
        "min_ns": 366.4159292035398,
        "max_ns": 26955145.0,
        "variance_ns2": 1055845496981.9595,
        "iqr_ns": 27767.398313496386,
        "q1_ns": 5211.7433756131995,
        "q3_ns": 32979.14168910959
      },
      "first_seen_ts_ns": 1749935995880932339,
      "last_seen_ts_ns": 1749936059501507530,
      "duration_active_s": 63.620575191
    },
    {
      "tgid": 202,
      "comm": "python3",
      "cgroup_id": 6835,
      "on_cpu_stats_ns": {
        "count": 295.0,
        "sum_ns": 7285185.850604672,
        "mean_ns": 24695.545256287023,
        "median_ns": 14934.081661431994,
        "min_ns": 3425.0,
        "max_ns": 324070.0,
        "variance_ns2": 1446105761.8760705,
        "iqr_ns": 7293.559443369979,
        "q1_ns": 9040.73694533527,
        "q3_ns": 16334.296388705248
      },
      "runq_latency_stats_ns": {
        "count": 294.0,
        "sum_ns": 2558350.436449218,
        "mean_ns": 8701.87223282047,
        "median_ns": 7987.816025475876,
        "min_ns": 707.0,
        "max_ns": 69553.0,
        "variance_ns2": 51765259.055598564,
        "iqr_ns": 11656.401739723302,
        "q1_ns": 3039.5712112579454,
        "q3_ns": 14695.972950981248
      },
      "first_seen_ts_ns": 1749935995880932339,
      "last_seen_ts_ns": 1749936058789793126,
      "duration_active_s": 62.908860787
    },
    {
      "tgid": 143,
      "comm": "flux-broker-0",
      "cgroup_id": 6975,
      "on_cpu_stats_ns": {
        "count": 166.0,
        "sum_ns": 6007988.467852437,
        "mean_ns": 36192.7016135689,
        "median_ns": 13505.063923173955,
        "min_ns": 3309.0,
        "max_ns": 1259920.0,
        "variance_ns2": 11545950237.850615,
        "iqr_ns": 12928.344785456662,
        "q1_ns": 9084.288274262337,
        "q3_ns": 22012.633059719
      },
      "runq_latency_stats_ns": {
        "count": 166.0,
        "sum_ns": 1881524.638656127,
        "mean_ns": 11334.48577503691,
        "median_ns": 8313.271453640971,
        "min_ns": 788.0,
        "max_ns": 530142.0,
        "variance_ns2": 1682439306.6156764,
        "iqr_ns": 8788.794142759416,
        "q1_ns": 3036.7174946275613,
        "q3_ns": 11825.511637386977
      },
      "first_seen_ts_ns": 1749935995880932339,
      "last_seen_ts_ns": 1749936059095914239,
      "duration_active_s": 63.2149819
    },
    {
      "tgid": 301,
      "comm": "python3",
      "cgroup_id": 6975,
      "on_cpu_stats_ns": {
        "count": 37.0,
        "sum_ns": 3487711.8003260675,
        "mean_ns": 94262.48108989371,
        "median_ns": 102504.03018688539,
        "min_ns": 7860.0,
        "max_ns": 449866.7837837838,
        "variance_ns2": 6680126984.938701,
        "iqr_ns": 97593.29847306282,
        "q1_ns": 34470.72821456731,
        "q3_ns": 132064.02668763013
      },
      "runq_latency_stats_ns": {
        "count": 37.0,
        "sum_ns": 1747743.3816141742,
        "mean_ns": 47236.3076111939,
        "median_ns": 44639.80867414135,
        "min_ns": 3752.0,
        "max_ns": 180269.0,
        "variance_ns2": 1902380535.368463,
        "iqr_ns": 40432.09714592378,
        "q1_ns": 19764.043057173232,
        "q3_ns": 60196.140203097006
      },
      "first_seen_ts_ns": 1749935997386424957,
      "last_seen_ts_ns": 1749936001383147453,
      "duration_active_s": 3.996722496
    },
    {
      "tgid": 495,
      "comm": "xhpcg",
      "cgroup_id": 6975,
      "on_cpu_stats_ns": {
        "count": 42.0,
        "sum_ns": 2044970.1666666663,
        "mean_ns": 48689.765873015866,
        "median_ns": 37978.45337136508,
        "min_ns": 6433.5,
        "max_ns": 136963.0,
        "variance_ns2": 1165532917.4770458,
        "iqr_ns": 29431.906669695858,
        "q1_ns": 30451.491471706973,
        "q3_ns": 59883.39814140283
      },
      "runq_latency_stats_ns": {
        "count": 42.0,
        "sum_ns": 264329.5,
        "mean_ns": 6293.559523809524,
        "median_ns": 4692.551548016657,
        "min_ns": 885.0,
        "max_ns": 24182.0,
        "variance_ns2": 19469040.41710221,
        "iqr_ns": 3332.5145296168216,
        "q1_ns": 4074.2666856922838,
        "q3_ns": 7406.781215309105
      },
      "first_seen_ts_ns": 1749936036689900071,
      "last_seen_ts_ns": 1749936054333188665,
      "duration_active_s": 17.643288594
    },
    {
      "tgid": 307,
      "comm": "xhpcg",
      "cgroup_id": 6975,
      "on_cpu_stats_ns": {
        "count": 43.0,
        "sum_ns": 1144802.5000000005,
        "mean_ns": 26623.31395348838,
        "median_ns": 20805.00165053195,
        "min_ns": 11030.0,
        "max_ns": 71254.0,
        "variance_ns2": 209670600.50027683,
        "iqr_ns": 21414.807217234877,
        "q1_ns": 15127.780358124177,
        "q3_ns": 36542.58757535905
      },
      "runq_latency_stats_ns": {
        "count": 43.0,
        "sum_ns": 247980.49999999994,
        "mean_ns": 5766.988372093022,
        "median_ns": 5495.298335898146,
        "min_ns": 1929.0,
        "max_ns": 13098.0,
        "variance_ns2": 6649714.386766336,
        "iqr_ns": 3370.034666851862,
        "q1_ns": 3702.8274548033282,
        "q3_ns": 7072.86212165519
      },
      "first_seen_ts_ns": 1749935995880932339,
      "last_seen_ts_ns": 1749936016246413808,
      "duration_active_s": 20.365481469
    },
    {
      "tgid": 31,
      "comm": "bash",
      "cgroup_id": 6835,
      "on_cpu_stats_ns": {
        "count": 9.0,
        "sum_ns": 837771.0000000002,
        "mean_ns": 93085.66666666669,
        "median_ns": 90098.0,
        "min_ns": 6886.0,
        "max_ns": 263098.0,
        "variance_ns2": 7842633828.749999,
        "iqr_ns": 132294.66666666666,
        "q1_ns": 34213.375,
        "q3_ns": 166508.04166666666
      },
      "runq_latency_stats_ns": {
        "count": 9.0,
        "sum_ns": 65345.0,
        "mean_ns": 7260.555555555556,
        "median_ns": 4587.222222222223,
        "min_ns": 1033.0,
        "max_ns": 25035.0,
        "variance_ns2": 52894642.77777777,
        "iqr_ns": 7293.305555555557,
        "q1_ns": 3534.6666666666665,
        "q3_ns": 10827.972222222223
      },
      "first_seen_ts_ns": 1749935995998404485,
      "last_seen_ts_ns": 1749936054333188665,
      "duration_active_s": 58.33478418
    },
    {
      "tgid": 304,
      "comm": "xhpcg",
      "cgroup_id": 6975,
      "on_cpu_stats_ns": {
        "count": 35.0,
        "sum_ns": 576119.0000000001,
        "mean_ns": 16460.54285714286,
        "median_ns": 16185.014854649335,
        "min_ns": 4824.0,
        "max_ns": 25017.0,
        "variance_ns2": 19139613.490756307,
        "iqr_ns": 5231.939147084135,
        "q1_ns": 14571.539538996958,
        "q3_ns": 19803.478686081093
      },
      "runq_latency_stats_ns": {
        "count": 35.0,
        "sum_ns": 179045.00000000003,
        "mean_ns": 5115.571428571429,
        "median_ns": 4080.607626829865,
        "min_ns": 1609.0,
        "max_ns": 17352.0,
        "variance_ns2": 8611220.31092437,
        "iqr_ns": 2226.3068257647624,
        "q1_ns": 3461.2454112839036,
        "q3_ns": 5687.552237048666
      },
      "first_seen_ts_ns": 1749935996736426102,
      "last_seen_ts_ns": 1749936015160929640,
      "duration_active_s": 18.424503538
    },
    {
      "tgid": 324,
      "comm": "xhpcg",
      "cgroup_id": 6975,
      "on_cpu_stats_ns": {
        "count": 47.0,
        "sum_ns": 542243.5726190476,
        "mean_ns": 11537.09728976697,
        "median_ns": 11131.295811548813,
        "min_ns": 4411.625,
        "max_ns": 27088.0,
        "variance_ns2": 12242454.671020394,
        "iqr_ns": 3278.0539531131417,
        "q1_ns": 9670.129659743698,
        "q3_ns": 12948.18361285684
      },
      "runq_latency_stats_ns": {
        "count": 47.0,
        "sum_ns": 234076.47976190475,
        "mean_ns": 4980.350633232016,
        "median_ns": 5318.283538424655,
        "min_ns": 1711.375,
        "max_ns": 7563.25,
        "variance_ns2": 1867207.8418476316,
        "iqr_ns": 1457.381860830189,
        "q1_ns": 4471.895946289167,
        "q3_ns": 5929.277807119356
      },
      "first_seen_ts_ns": 1749935997386424957,
      "last_seen_ts_ns": 1749936012036421876,
      "duration_active_s": 14.649996919
    },
    {
      "tgid": 317,
      "comm": "xhpcg",
      "cgroup_id": 6975,
      "on_cpu_stats_ns": {
        "count": 27.0,
        "sum_ns": 532224.4999999999,
        "mean_ns": 19712.018518518515,
        "median_ns": 15541.807266716358,
        "min_ns": 6342.0,
        "max_ns": 64865.5,
        "variance_ns2": 157607899.50925925,
        "iqr_ns": 8723.782836993802,
        "q1_ns": 14616.173517666748,
        "q3_ns": 23339.95635466055
      },
      "runq_latency_stats_ns": {
        "count": 27.0,
        "sum_ns": 181900.5,
        "mean_ns": 6737.055555555556,
        "median_ns": 4609.1745728568485,
        "min_ns": 1094.0,
        "max_ns": 46247.0,
        "variance_ns2": 71870280.54487179,
        "iqr_ns": 1858.6308813105115,
        "q1_ns": 3931.5113563649375,
        "q3_ns": 5790.142237675449
      },
      "first_seen_ts_ns": 1749935995880932339,
      "last_seen_ts_ns": 1749936015055653261,
      "duration_active_s": 19.174720922
    },
    {
      "tgid": 1,
      "comm": "pause",
      "cgroup_id": 6529,
      "on_cpu_stats_ns": {
        "count": 2.0,
        "sum_ns": 459009.55555555556,
        "mean_ns": 229504.77777777778,
        "median_ns": 270616.55555555556,
        "min_ns": 188393.0,
        "max_ns": 270616.55555555556,
        "variance_ns2": 3380356544.098766,
        "iqr_ns": 82223.55555555556,
        "q1_ns": 188393.0,
        "q3_ns": 270616.55555555556
      },
      "runq_latency_stats_ns": {
        "count": 2.0,
        "sum_ns": 6479.0,
        "mean_ns": 3239.5,
        "median_ns": 5734.0,
        "min_ns": 745.0,
        "max_ns": 5734.0,
        "variance_ns2": 12445060.5,
        "iqr_ns": 4989.0,
        "q1_ns": 745.0,
        "q3_ns": 5734.0
      },
      "first_seen_ts_ns": 1749936025936418071,
      "last_seen_ts_ns": 1749936059501507530,
      "duration_active_s": 33.565089459
    },
    {
      "tgid": 40,
      "comm": "bash",
      "cgroup_id": 6905,
      "on_cpu_stats_ns": {
        "count": 22.0,
        "sum_ns": 288631.43666666665,
        "mean_ns": 13119.610757575758,
        "median_ns": 12654.887657232159,
        "min_ns": 4845.0,
        "max_ns": 26242.0,
        "variance_ns2": 35974460.19048247,
        "iqr_ns": 7237.722441111529,
        "q1_ns": 9320.041766522636,
        "q3_ns": 16557.764207634165
      },
      "runq_latency_stats_ns": {
        "count": 22.0,
        "sum_ns": 193017.63333333333,
        "mean_ns": 8773.528787878788,
        "median_ns": 11444.794605434303,
        "min_ns": 1103.64,
        "max_ns": 19608.0,
        "variance_ns2": 36664445.11641645,
        "iqr_ns": 10449.53077563387,
        "q1_ns": 2999.5898318142363,
        "q3_ns": 13449.120607448107
      },
      "first_seen_ts_ns": 1749935995998404485,
      "last_seen_ts_ns": 1749936058382045254,
      "duration_active_s": 62.383640769
    },
    {
      "tgid": 197,
      "comm": "bash",
      "cgroup_id": 6975,
      "on_cpu_stats_ns": {
        "count": 1.0,
        "sum_ns": 62353.0,
        "mean_ns": 62353.0,
        "median_ns": 62353.0,
        "min_ns": 62353.0,
        "max_ns": 62353.0,
        "variance_ns2": null,
        "iqr_ns": 0.0,
        "q1_ns": 62353.0,
        "q3_ns": 62353.0
      },
      "runq_latency_stats_ns": {
        "count": 1.0,
        "sum_ns": 5017.0,
        "mean_ns": 5017.0,
        "median_ns": 5017.0,
        "min_ns": 5017.0,
        "max_ns": 5017.0,
        "variance_ns2": null,
        "iqr_ns": 0.0,
        "q1_ns": 5017.0,
        "q3_ns": 5017.0
      },
      "first_seen_ts_ns": 1749936024646426042,
      "last_seen_ts_ns": 1749936024646426042,
      "duration_active_s": 0
    }
  ]
}
[21:20:59] Cleanup complete. Exiting.
