ln: failed to create symbolic link '/mnt/flux/view/lib/python': File exists
ln: failed to create symbolic link '/mnt/flux/view/lib/python3': File exists
unlimited
PROGRAM: futex
Looking for /opt/programs/futex/ebpf-collect.c
[03:22:54] Starting eBPF (Tracepoints for futex syscalls).
[03:22:55] BPF program loaded and tracepoints automatically attached.
[03:22:55] Start Indicator file defined '/mnt/flux/start_ebpf_collection'. Waiting.
[03:23:00] Start indicator found. Proceeding.
[03:23:00] Ring buffers opened. Polling for events...
[03:24:02] 
Indicator file '/mnt/flux/stop_ebpf_collection' found. Stopping.
[03:24:02] Cleaning up BPF resources...
{
  "final_aggregated_futex_summary_river": [
    {
      "tgid": 4710,
      "comm": "containerd",
      "cgroup_id": 4085,
      "wait_duration_stats_ns": {
        "count": 6567.0,
        "sum": 1378890723392.0007,
        "mean": 209972700.37947324,
        "median": 2085187.6948465367,
        "min": 413,
        "max": 29637158981,
        "variance_ns2": 1.3791460584991613e+18,
        "iqr_ns": 82371616.50553428,
        "q1_ns": 55161.40272399336,
        "q3_ns": 82426777.90825827
      },
      "futex_op_counts": {
        "128": 6567
      },
      "first_seen_ts_ns": 11551913086120,
      "last_seen_ts_ns": 11619067578854
    },
    {
      "tgid": 4751,
      "comm": "kubelet",
      "cgroup_id": 4138,
      "wait_duration_stats_ns": {
        "count": 5821.0,
        "sum": 701325852869.001,
        "mean": 120482022.48221971,
        "median": 17787765.532651804,
        "min": 425,
        "max": 37030556505,
        "variance_ns2": 2.0185594379020905e+18,
        "iqr_ns": 64250576.289167896,
        "q1_ns": 494009.06449219387,
        "q3_ns": 64744585.35366009
      },
      "futex_op_counts": {
        "128": 5821
      },
      "first_seen_ts_ns": 11551926255379,
      "last_seen_ts_ns": 11619137699180
    },
    {
      "tgid": 4865,
      "comm": "containerd-shim",
      "cgroup_id": 4085,
      "wait_duration_stats_ns": {
        "count": 840.0,
        "sum": 419778478928.00006,
        "mean": 499736284.43809533,
        "median": 1012147.9785790739,
        "min": 397,
        "max": 20191516022,
        "variance_ns2": 3.250937169254105e+18,
        "iqr_ns": 4646030.87209911,
        "q1_ns": 54623.03162905693,
        "q3_ns": 4700653.903728167
      },
      "futex_op_counts": {
        "128": 840
      },
      "first_seen_ts_ns": 11552051794090,
      "last_seen_ts_ns": 11614865574791
    },
    {
      "tgid": 6551,
      "comm": "metrics-server",
      "cgroup_id": 5426,
      "wait_duration_stats_ns": {
        "count": 1261.0,
        "sum": 310672375434.0006,
        "mean": 246369845.7049965,
        "median": 64082673.221203655,
        "min": 473,
        "max": 21510824262,
        "variance_ns2": 1.5750107298423311e+18,
        "iqr_ns": 115508272.46545592,
        "q1_ns": 40915791.14485542,
        "q3_ns": 156424063.61031133
      },
      "futex_op_counts": {
        "128": 1261
      },
      "first_seen_ts_ns": 11556926992114,
      "last_seen_ts_ns": 11619062287389
    },
    {
      "tgid": 7570,
      "comm": "coredns",
      "cgroup_id": 5776,
      "wait_duration_stats_ns": {
        "count": 608.0,
        "sum": 310278718053.00006,
        "mean": 510326838.90296066,
        "median": 203972023.60551178,
        "min": 529,
        "max": 14001480565,
        "variance_ns2": 1.0692607395645164e+18,
        "iqr_ns": 957429917.484148,
        "q1_ns": 910458.5284020313,
        "q3_ns": 958340376.0125501
      },
      "futex_op_counts": {
        "128": 608
      },
      "first_seen_ts_ns": 11557272263462,
      "last_seen_ts_ns": 11618926559559
    },
    {
      "tgid": 6554,
      "comm": "metrics-server",
      "cgroup_id": 5496,
      "wait_duration_stats_ns": {
        "count": 1407.0,
        "sum": 306701137214.9993,
        "mean": 217982329.22174793,
        "median": 63784094.63106387,
        "min": 525,
        "max": 21293500850,
        "variance_ns2": 8.986490381558625e+17,
        "iqr_ns": 269393463.6606872,
        "q1_ns": 9395909.61132354,
        "q3_ns": 278789373.27201074
      },
      "futex_op_counts": {
        "128": 1407
      },
      "first_seen_ts_ns": 11552026215418,
      "last_seen_ts_ns": 11619157882969
    },
    {
      "tgid": 7637,
      "comm": "coredns",
      "cgroup_id": 5916,
      "wait_duration_stats_ns": {
        "count": 632.0,
        "sum": 305732312333.99994,
        "mean": 483753658.756329,
        "median": 171781441.09171453,
        "min": 670,
        "max": 14004591207,
        "variance_ns2": 1.0156668503313804e+18,
        "iqr_ns": 972878267.5803628,
        "q1_ns": 342743.97233556636,
        "q3_ns": 973221011.5526984
      },
      "futex_op_counts": {
        "128": 632
      },
      "first_seen_ts_ns": 11557307226667,
      "last_seen_ts_ns": 11618324710284
    },
    {
      "tgid": 299891,
      "comm": "containerd-shim",
      "cgroup_id": 4085,
      "wait_duration_stats_ns": {
        "count": 247.0,
        "sum": 300597719889.9999,
        "mean": 1216994817.3684206,
        "median": 6391076.59415391,
        "min": 504,
        "max": 29997214390,
        "variance_ns2": 1.3576745517544303e+19,
        "iqr_ns": 40389233.21951222,
        "q1_ns": 328979.6241724675,
        "q3_ns": 40718212.84368468
      },
      "futex_op_counts": {
        "128": 247
      },
      "first_seen_ts_ns": 11556988002981,
      "last_seen_ts_ns": 11619167169321
    },
    {
      "tgid": 5330,
      "comm": "aws-k8s-agent",
      "cgroup_id": 5006,
      "wait_duration_stats_ns": {
        "count": 377.0,
        "sum": 249476784541.99966,
        "mean": 661742134.0636595,
        "median": 82733914.92594402,
        "min": 10415,
        "max": 10089128580,
        "variance_ns2": 2.021526845616476e+18,
        "iqr_ns": 1088116947.3446062,
        "q1_ns": 1732548.9333625194,
        "q3_ns": 1089849496.2779686
      },
      "futex_op_counts": {
        "128": 377
      },
      "first_seen_ts_ns": 11557980025678,
      "last_seen_ts_ns": 11618222895413
    },
    {
      "tgid": 5970,
      "comm": "containerd-shim",
      "cgroup_id": 4085,
      "wait_duration_stats_ns": {
        "count": 65.0,
        "sum": 240356228148.99997,
        "mean": 3697788125.3692303,
        "median": 831238259.5090575,
        "min": 6061,
        "max": 30004535124,
        "variance_ns2": 3.833693536815051e+19,
        "iqr_ns": 7828226614.332865,
        "q1_ns": 63652836.4846291,
        "q3_ns": 7891879450.817493
      },
      "futex_op_counts": {
        "128": 65
      },
      "first_seen_ts_ns": 11563160866416,
      "last_seen_ts_ns": 11613818357089
    },
    {
      "tgid": 8799,
      "comm": "containerd-shim",
      "cgroup_id": 4085,
      "wait_duration_stats_ns": {
        "count": 86.0,
        "sum": 240354551219.00006,
        "mean": 2794820363.0116286,
        "median": 43690822.08837113,
        "min": 20527,
        "max": 30000663853,
        "variance_ns2": 3.2113794693925753e+19,
        "iqr_ns": 3293716402.2862115,
        "q1_ns": 2609594.764943947,
        "q3_ns": 3296325997.0511556
      },
      "futex_op_counts": {
        "128": 86
      },
      "first_seen_ts_ns": 11559629626393,
      "last_seen_ts_ns": 11613821527969
    },
    {
      "tgid": 299433,
      "comm": "containerd-shim",
      "cgroup_id": 4085,
      "wait_duration_stats_ns": {
        "count": 73.0,
        "sum": 240337801796.0,
        "mean": 3292298654.739726,
        "median": 563205246.6315405,
        "min": 499,
        "max": 29993676577,
        "variance_ns2": 3.5887534093558202e+19,
        "iqr_ns": 5309839961.921005,
        "q1_ns": 85782712.61633694,
        "q3_ns": 5395622674.537342
      },
      "futex_op_counts": {
        "128": 73
      },
      "first_seen_ts_ns": 11561030485263,
      "last_seen_ts_ns": 11613819938296
    },
    {
      "tgid": 8909,
      "comm": "kube-rbac-proxy",
      "cgroup_id": 6174,
      "wait_duration_stats_ns": {
        "count": 55.0,
        "sum": 224974095731.00003,
        "mean": 4090438104.200001,
        "median": 4635445117.847239,
        "min": 484,
        "max": 29993663917,
        "variance_ns2": 1.8594398108289503e+19,
        "iqr_ns": 1975867308.5844507,
        "q1_ns": 2590058021.81503,
        "q3_ns": 4565925330.399481
      },
      "futex_op_counts": {
        "128": 55
      },
      "first_seen_ts_ns": 11558910050458,
      "last_seen_ts_ns": 11618906468925
    },
    {
      "tgid": 8987,
      "comm": "manager",
      "cgroup_id": 6244,
      "wait_duration_stats_ns": {
        "count": 578.0,
        "sum": 223367168861.0,
        "mean": 386448389.03287196,
        "median": 267147112.05156705,
        "min": 676,
        "max": 21521871582,
        "variance_ns2": 1.2175538812980462e+18,
        "iqr_ns": 488720411.67928624,
        "q1_ns": 8523137.239415709,
        "q3_ns": 497243548.91870195
      },
      "futex_op_counts": {
        "128": 578
      },
      "first_seen_ts_ns": 11557031288411,
      "last_seen_ts_ns": 11619031985313
    },
    {
      "tgid": 4867,
      "comm": "containerd-shim",
      "cgroup_id": 4085,
      "wait_duration_stats_ns": {
        "count": 58.0,
        "sum": 220330643518.00006,
        "mean": 3798804198.586208,
        "median": 1065073500.4778135,
        "min": 2037,
        "max": 29990921843,
        "variance_ns2": 3.143587487492418e+19,
        "iqr_ns": 5471465999.010184,
        "q1_ns": 159195468.2466965,
        "q3_ns": 5630661467.256881
      },
      "futex_op_counts": {
        "128": 58
      },
      "first_seen_ts_ns": 11563164345849,
      "last_seen_ts_ns": 11613821170795
    },
    {
      "tgid": 6475,
      "comm": "containerd-shim",
      "cgroup_id": 4085,
      "wait_duration_stats_ns": {
        "count": 58.0,
        "sum": 210359128294.00003,
        "mean": 3626881522.310345,
        "median": 382033561.82224786,
        "min": 9453,
        "max": 29992190158,
        "variance_ns2": 3.5957861651378565e+19,
        "iqr_ns": 5183533493.962961,
        "q1_ns": 48223199.20460085,
        "q3_ns": 5231756693.1675625
      },
      "futex_op_counts": {
        "128": 58
      },
      "first_seen_ts_ns": 11563158837869,
      "last_seen_ts_ns": 11613823302735
    },
    {
      "tgid": 7062,
      "comm": "containerd-shim",
      "cgroup_id": 4085,
      "wait_duration_stats_ns": {
        "count": 56.0,
        "sum": 210350474877.0,
        "mean": 3756258479.9464283,
        "median": 248934854.54390785,
        "min": 882,
        "max": 25434507764,
        "variance_ns2": 3.2976801287339934e+19,
        "iqr_ns": 4625711613.066871,
        "q1_ns": 7457701.222106085,
        "q3_ns": 4633169314.288977
      },
      "futex_op_counts": {
        "128": 56
      },
      "first_seen_ts_ns": 11563163010646,
      "last_seen_ts_ns": 11613820767171
    },
    {
      "tgid": 7547,
      "comm": "containerd-shim",
      "cgroup_id": 4085,
      "wait_duration_stats_ns": {
        "count": 81.0,
        "sum": 210344732076.00003,
        "mean": 2596848544.1481485,
        "median": 95595240.37126844,
        "min": 544,
        "max": 29995284868,
        "variance_ns2": 2.2874690997590008e+19,
        "iqr_ns": 7183094951.604791,
        "q1_ns": 523850.7992831318,
        "q3_ns": 7183618802.404074
      },
      "futex_op_counts": {
        "128": 81
      },
      "first_seen_ts_ns": 11563163187346,
      "last_seen_ts_ns": 11613819169145
    },
    {
      "tgid": 5037,
      "comm": "kube-proxy",
      "cgroup_id": 4866,
      "wait_duration_stats_ns": {
        "count": 50.0,
        "sum": 185360885954.00003,
        "mean": 3707217719.0800004,
        "median": 2420579192.3162956,
        "min": 22217,
        "max": 30005399762,
        "variance_ns2": 3.150985002973318e+19,
        "iqr_ns": 4436061379.833151,
        "q1_ns": 539867935.9657366,
        "q3_ns": 4975929315.798887
      },
      "futex_op_counts": {
        "128": 50
      },
      "first_seen_ts_ns": 11559182423298,
      "last_seen_ts_ns": 11616133687028
    },
    {
      "tgid": 5473,
      "comm": "controller",
      "cgroup_id": 5076,
      "wait_duration_stats_ns": {
        "count": 275.0,
        "sum": 173877690405.00003,
        "mean": 632282510.5636364,
        "median": 498293872.7089032,
        "min": 12180,
        "max": 10003323733,
        "variance_ns2": 1.2640836734164078e+18,
        "iqr_ns": 11270654.834226727,
        "q1_ns": 493588037.7649924,
        "q3_ns": 504858692.59921914
      },
      "futex_op_counts": {
        "128": 275
      },
      "first_seen_ts_ns": 11557113647623,
      "last_seen_ts_ns": 11619114410055
    },
    {
      "tgid": 4750,
      "comm": "ssm-agent-worke",
      "cgroup_id": 3429,
      "wait_duration_stats_ns": {
        "count": 103.0,
        "sum": 125116669738.00002,
        "mean": 1214724948.9126215,
        "median": 1480279161.5747435,
        "min": 1208,
        "max": 2446873171,
        "variance_ns2": 7.370343702886606e+17,
        "iqr_ns": 1636014782.3314285,
        "q1_ns": 370186907.8168303,
        "q3_ns": 2006201690.1482587
      },
      "futex_op_counts": {
        "128": 103
      },
      "first_seen_ts_ns": 11558360170677,
      "last_seen_ts_ns": 11618946091898
    },
    {
      "tgid": 300733,
      "comm": "xhpcg",
      "cgroup_id": 88492,
      "wait_duration_stats_ns": {
        "count": 1306.0,
        "sum": 4620590583.999994,
        "mean": 3537971.350689123,
        "median": 1832408.5356284517,
        "min": 22755,
        "max": 37591051,
        "variance_ns2": 23903830813528.703,
        "iqr_ns": 1953108.3979503366,
        "q1_ns": 1534694.9627366823,
        "q3_ns": 3487803.360687019
      },
      "futex_op_counts": {
        "128": 1306
      },
      "first_seen_ts_ns": 11578166357275,
      "last_seen_ts_ns": 11593273620205
    },
    {
      "tgid": 300593,
      "comm": "xhpcg",
      "cgroup_id": 88492,
      "wait_duration_stats_ns": {
        "count": 1697.0,
        "sum": 4514934534.000001,
        "mean": 2660538.912197997,
        "median": 1785840.6462830405,
        "min": 96521,
        "max": 41636392,
        "variance_ns2": 13236526930526.865,
        "iqr_ns": 1166919.222437345,
        "q1_ns": 1548138.8528404539,
        "q3_ns": 2715058.075277799
      },
      "futex_op_counts": {
        "128": 1697
      },
      "first_seen_ts_ns": 11557494381250,
      "last_seen_ts_ns": 11577480055396
    },
    {
      "tgid": 300772,
      "comm": "xhpcg",
      "cgroup_id": 88492,
      "wait_duration_stats_ns": {
        "count": 1216.0,
        "sum": 4498963347.000001,
        "mean": 3699805.3840460535,
        "median": 1743567.8830972847,
        "min": 55634,
        "max": 37842933,
        "variance_ns2": 32347148688788.465,
        "iqr_ns": 682337.8002425148,
        "q1_ns": 1511757.7629220113,
        "q3_ns": 2194095.563164526
      },
      "futex_op_counts": {
        "128": 1216
      },
      "first_seen_ts_ns": 11578166777828,
      "last_seen_ts_ns": 11593272760853
    },
    {
      "tgid": 300742,
      "comm": "xhpcg",
      "cgroup_id": 88492,
      "wait_duration_stats_ns": {
        "count": 1210.0,
        "sum": 4491945674.999995,
        "mean": 3712351.7975206575,
        "median": 1740737.769390922,
        "min": 20966,
        "max": 37224179,
        "variance_ns2": 33366955626046.34,
        "iqr_ns": 230047.6855651692,
        "q1_ns": 1525818.0390982782,
        "q3_ns": 1755865.7246634474
      },
      "futex_op_counts": {
        "128": 1210
      },
      "first_seen_ts_ns": 11578167056866,
      "last_seen_ts_ns": 11593273733623
    },
    {
      "tgid": 300758,
      "comm": "xhpcg",
      "cgroup_id": 88492,
      "wait_duration_stats_ns": {
        "count": 1204.0,
        "sum": 4488720414.999985,
        "mean": 3728173.102159456,
        "median": 1760656.4148118594,
        "min": 20153,
        "max": 47957836,
        "variance_ns2": 33236971935122.895,
        "iqr_ns": 216116.99104649946,
        "q1_ns": 1586092.2623006478,
        "q3_ns": 1802209.2533471473
      },
      "futex_op_counts": {
        "128": 1204
      },
      "first_seen_ts_ns": 11578166309513,
      "last_seen_ts_ns": 11593273655306
    },
    {
      "tgid": 300587,
      "comm": "xhpcg",
      "cgroup_id": 88492,
      "wait_duration_stats_ns": {
        "count": 1673.0,
        "sum": 4483641751.999997,
        "mean": 2680001.0472205603,
        "median": 1770759.796139687,
        "min": 103969,
        "max": 34141409,
        "variance_ns2": 14612876064723.959,
        "iqr_ns": 388721.0604179383,
        "q1_ns": 1529782.3693542958,
        "q3_ns": 1918503.429772234
      },
      "futex_op_counts": {
        "128": 1673
      },
      "first_seen_ts_ns": 11557493950436,
      "last_seen_ts_ns": 11577480158848
    },
    {
      "tgid": 300773,
      "comm": "xhpcg",
      "cgroup_id": 88492,
      "wait_duration_stats_ns": {
        "count": 1204.0,
        "sum": 4482074617.999999,
        "mean": 3722653.3372093015,
        "median": 1763385.850403898,
        "min": 23523,
        "max": 38503595,
        "variance_ns2": 33245949768460.78,
        "iqr_ns": 300616.73644776386,
        "q1_ns": 1519039.303354908,
        "q3_ns": 1819656.0398026719
      },
      "futex_op_counts": {
        "128": 1204
      },
      "first_seen_ts_ns": 11578166350925,
      "last_seen_ts_ns": 11593272857849
    },
    {
      "tgid": 300597,
      "comm": "xhpcg",
      "cgroup_id": 88492,
      "wait_duration_stats_ns": {
        "count": 1675.0,
        "sum": 4478677657.999998,
        "mean": 2673837.407761193,
        "median": 1772312.1990749685,
        "min": 44175,
        "max": 34196244,
        "variance_ns2": 15732098255897.648,
        "iqr_ns": 309689.4721952381,
        "q1_ns": 1514374.65498046,
        "q3_ns": 1824064.127175698
      },
      "futex_op_counts": {
        "128": 1675
      },
      "first_seen_ts_ns": 11557494366883,
      "last_seen_ts_ns": 11577479524176
    },
    {
      "tgid": 300584,
      "comm": "xhpcg",
      "cgroup_id": 88492,
      "wait_duration_stats_ns": {
        "count": 1664.0,
        "sum": 4472911576.000007,
        "mean": 2688047.8221153887,
        "median": 1759668.5418334699,
        "min": 33486,
        "max": 33962145,
        "variance_ns2": 14783739567187.148,
        "iqr_ns": 339382.8309677311,
        "q1_ns": 1538775.5186847006,
        "q3_ns": 1878158.3496524317
      },
      "futex_op_counts": {
        "128": 1664
      },
      "first_seen_ts_ns": 11557493918261,
      "last_seen_ts_ns": 11577480152878
    },
    {
      "tgid": 300734,
      "comm": "xhpcg",
      "cgroup_id": 88492,
      "wait_duration_stats_ns": {
        "count": 1250.0,
        "sum": 4471603307.999998,
        "mean": 3577282.646399998,
        "median": 1782553.193683863,
        "min": 12541,
        "max": 46024276,
        "variance_ns2": 27672518386547.723,
        "iqr_ns": 1110216.6789576153,
        "q1_ns": 1591201.5141963714,
        "q3_ns": 2701418.1931539867
      },
      "futex_op_counts": {
        "128": 1250
      },
      "first_seen_ts_ns": 11578166229656,
      "last_seen_ts_ns": 11593273807197
    },
    {
      "tgid": 300558,
      "comm": "xhpcg",
      "cgroup_id": 88492,
      "wait_duration_stats_ns": {
        "count": 1666.0,
        "sum": 4468786844.999998,
        "mean": 2682345.045018006,
        "median": 1719942.7893854675,
        "min": 47023,
        "max": 35810983,
        "variance_ns2": 15817283960540.004,
        "iqr_ns": 205435.9121731317,
        "q1_ns": 1549758.6440781753,
        "q3_ns": 1755194.556251307
      },
      "futex_op_counts": {
        "128": 1666
      },
      "first_seen_ts_ns": 11557494026047,
      "last_seen_ts_ns": 11577480839461
    },
    {
      "tgid": 300572,
      "comm": "xhpcg",
      "cgroup_id": 88492,
      "wait_duration_stats_ns": {
        "count": 1670.0,
        "sum": 4466528264.000003,
        "mean": 2674567.822754493,
        "median": 1747816.5144894659,
        "min": 71887,
        "max": 42042912,
        "variance_ns2": 15184413396068.467,
        "iqr_ns": 217367.37256373954,
        "q1_ns": 1557222.9928843959,
        "q3_ns": 1774590.3654481354
      },
      "futex_op_counts": {
        "128": 1670
      },
      "first_seen_ts_ns": 11557493813015,
      "last_seen_ts_ns": 11577479339521
    },
    {
      "tgid": 300583,
      "comm": "xhpcg",
      "cgroup_id": 88492,
      "wait_duration_stats_ns": {
        "count": 1682.0,
        "sum": 4466218627.000002,
        "mean": 2655302.394173604,
        "median": 1760120.8807150335,
        "min": 38117,
        "max": 42486404,
        "variance_ns2": 14731658978003.867,
        "iqr_ns": 269299.2900920517,
        "q1_ns": 1562834.82774358,
        "q3_ns": 1832134.1178356318
      },
      "futex_op_counts": {
        "128": 1682
      },
      "first_seen_ts_ns": 11557494017158,
      "last_seen_ts_ns": 11577480898893
    },
    {
      "tgid": 300561,
      "comm": "xhpcg",
      "cgroup_id": 88492,
      "wait_duration_stats_ns": {
        "count": 1666.0,
        "sum": 4456704455.000003,
        "mean": 2675092.710084035,
        "median": 1752209.133117595,
        "min": 57442,
        "max": 41821384,
        "variance_ns2": 14953213098969.709,
        "iqr_ns": 194854.6467518902,
        "q1_ns": 1577325.0782524946,
        "q3_ns": 1772179.7250043848
      },
      "futex_op_counts": {
        "128": 1666
      },
      "first_seen_ts_ns": 11557494039070,
      "last_seen_ts_ns": 11577481045160
    },
    {
      "tgid": 300760,
      "comm": "xhpcg",
      "cgroup_id": 88492,
      "wait_duration_stats_ns": {
        "count": 1226.0,
        "sum": 4449789432.000005,
        "mean": 3629518.2969004936,
        "median": 1737798.8637659585,
        "min": 80834,
        "max": 38117192,
        "variance_ns2": 29619107591444.348,
        "iqr_ns": 760733.5143579759,
        "q1_ns": 1530608.721382755,
        "q3_ns": 2291342.235740731
      },
      "futex_op_counts": {
        "128": 1226
      },
      "first_seen_ts_ns": 11578166278664,
      "last_seen_ts_ns": 11593272786436
    },
    {
      "tgid": 300737,
      "comm": "xhpcg",
      "cgroup_id": 88492,
      "wait_duration_stats_ns": {
        "count": 1230.0,
        "sum": 4449520338.999996,
        "mean": 3617496.2105691023,
        "median": 1737039.8667447153,
        "min": 42847,
        "max": 45832844,
        "variance_ns2": 28114228663835.74,
        "iqr_ns": 777272.3384568251,
        "q1_ns": 1560010.7138081572,
        "q3_ns": 2337283.0522649824
      },
      "futex_op_counts": {
        "128": 1230
      },
      "first_seen_ts_ns": 11578166418615,
      "last_seen_ts_ns": 11593273676866
    },
    {
      "tgid": 300569,
      "comm": "xhpcg",
      "cgroup_id": 88492,
      "wait_duration_stats_ns": {
        "count": 1671.0,
        "sum": 4447176282.000004,
        "mean": 2661386.1651705587,
        "median": 1736568.013569264,
        "min": 79426,
        "max": 40395941,
        "variance_ns2": 15307411026145.014,
        "iqr_ns": 476407.58284377586,
        "q1_ns": 1544531.6080704199,
        "q3_ns": 2020939.1909141957
      },
      "futex_op_counts": {
        "128": 1671
      },
      "first_seen_ts_ns": 11557495338510,
      "last_seen_ts_ns": 11577480529129
    },
    {
      "tgid": 300574,
      "comm": "xhpcg",
      "cgroup_id": 88492,
      "wait_duration_stats_ns": {
        "count": 1672.0,
        "sum": 4446877946.999996,
        "mean": 2659615.997009567,
        "median": 1762280.7302443476,
        "min": 35176,
        "max": 49984651,
        "variance_ns2": 14671415125587.678,
        "iqr_ns": 214586.91708659683,
        "q1_ns": 1602622.7848677759,
        "q3_ns": 1817209.7019543727
      },
      "futex_op_counts": {
        "128": 1672
      },
      "first_seen_ts_ns": 11557494048983,
      "last_seen_ts_ns": 11577480916382
    },
    {
      "tgid": 300764,
      "comm": "xhpcg",
      "cgroup_id": 88492,
      "wait_duration_stats_ns": {
        "count": 1236.0,
        "sum": 4439292469.000009,
        "mean": 3591660.573624602,
        "median": 1762942.3553503721,
        "min": 30395,
        "max": 45437225,
        "variance_ns2": 28652252407325.516,
        "iqr_ns": 440942.76892678393,
        "q1_ns": 1551148.4773407152,
        "q3_ns": 1992091.2462674992
      },
      "futex_op_counts": {
        "128": 1236
      },
      "first_seen_ts_ns": 11578166836183,
      "last_seen_ts_ns": 11593273617819
    },
    {
      "tgid": 300577,
      "comm": "xhpcg",
      "cgroup_id": 88492,
      "wait_duration_stats_ns": {
        "count": 1679.0,
        "sum": 4437181616.000009,
        "mean": 2642752.6003573607,
        "median": 1769405.4705808277,
        "min": 1853,
        "max": 49706774,
        "variance_ns2": 13786685208063.834,
        "iqr_ns": 272396.6195015833,
        "q1_ns": 1593633.264441843,
        "q3_ns": 1866029.8839434262
      },
      "futex_op_counts": {
        "128": 1679
      },
      "first_seen_ts_ns": 11557494062840,
      "last_seen_ts_ns": 11577480553873
    },
    {
      "tgid": 300756,
      "comm": "xhpcg",
      "cgroup_id": 88492,
      "wait_duration_stats_ns": {
        "count": 1192.0,
        "sum": 4432747929.999998,
        "mean": 3718748.263422817,
        "median": 1736789.4035109808,
        "min": 53795,
        "max": 46150171,
        "variance_ns2": 33656486406014.863,
        "iqr_ns": 250222.91841906472,
        "q1_ns": 1555974.4945997568,
        "q3_ns": 1806197.4130188215
      },
      "futex_op_counts": {
        "128": 1192
      },
      "first_seen_ts_ns": 11578166249661,
      "last_seen_ts_ns": 11593273709136
    },
    {
      "tgid": 300732,
      "comm": "xhpcg",
      "cgroup_id": 88492,
      "wait_duration_stats_ns": {
        "count": 1216.0,
        "sum": 4426895055.000001,
        "mean": 3640538.696546053,
        "median": 1710438.7093349064,
        "min": 78056,
        "max": 33037520,
        "variance_ns2": 29974049765446.695,
        "iqr_ns": 199195.71090005082,
        "q1_ns": 1553504.7109048814,
        "q3_ns": 1752700.4218049322
      },
      "futex_op_counts": {
        "128": 1216
      },
      "first_seen_ts_ns": 11578180039233,
      "last_seen_ts_ns": 11593273615376
    },
    {
      "tgid": 300581,
      "comm": "xhpcg",
      "cgroup_id": 88492,
      "wait_duration_stats_ns": {
        "count": 1664.0,
        "sum": 4421373078.999999,
        "mean": 2657075.1676682686,
        "median": 1755055.276494482,
        "min": 24324,
        "max": 41834456,
        "variance_ns2": 15415914740554.299,
        "iqr_ns": 237005.93074478675,
        "q1_ns": 1557798.5172596462,
        "q3_ns": 1794804.448004433
      },
      "futex_op_counts": {
        "128": 1664
      },
      "first_seen_ts_ns": 11557493985912,
      "last_seen_ts_ns": 11577480027896
    },
    {
      "tgid": 300589,
      "comm": "xhpcg",
      "cgroup_id": 88492,
      "wait_duration_stats_ns": {
        "count": 1656.0,
        "sum": 4421050882.0,
        "mean": 2669716.716183575,
        "median": 1765588.710829568,
        "min": 60504,
        "max": 42973839,
        "variance_ns2": 14573783987497.355,
        "iqr_ns": 251250.62630750192,
        "q1_ns": 1567847.7452614345,
        "q3_ns": 1819098.3715689364
      },
      "futex_op_counts": {
        "128": 1656
      },
      "first_seen_ts_ns": 11557494053834,
      "last_seen_ts_ns": 11577480617506
    },
    {
      "tgid": 300563,
      "comm": "xhpcg",
      "cgroup_id": 88492,
      "wait_duration_stats_ns": {
        "count": 1665.0,
        "sum": 4420743701.000004,
        "mean": 2655101.321921924,
        "median": 1750316.7821236225,
        "min": 65701,
        "max": 41526056,
        "variance_ns2": 15133889859019.58,
        "iqr_ns": 218922.39304006635,
        "q1_ns": 1569312.932443159,
        "q3_ns": 1788235.3254832253
      },
      "futex_op_counts": {
        "128": 1665
      },
      "first_seen_ts_ns": 11557493890535,
      "last_seen_ts_ns": 11577480048396
    },
    {
      "tgid": 300736,
      "comm": "xhpcg",
      "cgroup_id": 88492,
      "wait_duration_stats_ns": {
        "count": 1225.0,
        "sum": 4416182559.0,
        "mean": 3605046.9869387755,
        "median": 1735105.8818736726,
        "min": 31649,
        "max": 45583897,
        "variance_ns2": 28249667112711.555,
        "iqr_ns": 777505.9377467015,
        "q1_ns": 1575891.440317833,
        "q3_ns": 2353397.3780645346
      },
      "futex_op_counts": {
        "128": 1225
      },
      "first_seen_ts_ns": 11578166419843,
      "last_seen_ts_ns": 11593272787034
    },
    {
      "tgid": 300762,
      "comm": "xhpcg",
      "cgroup_id": 88492,
      "wait_duration_stats_ns": {
        "count": 1198.0,
        "sum": 4415783008.000007,
        "mean": 3685962.444073461,
        "median": 1748389.8429892175,
        "min": 84369,
        "max": 38059191,
        "variance_ns2": 31985339170030.9,
        "iqr_ns": 286276.3918094903,
        "q1_ns": 1529128.2239423061,
        "q3_ns": 1815404.6157517964
      },
      "futex_op_counts": {
        "128": 1198
      },
      "first_seen_ts_ns": 11578166461267,
      "last_seen_ts_ns": 11593272907243
    },
    {
      "tgid": 300739,
      "comm": "xhpcg",
      "cgroup_id": 88492,
      "wait_duration_stats_ns": {
        "count": 1206.0,
        "sum": 4413927055.999999,
        "mean": 3659972.6832504137,
        "median": 1738053.6306219194,
        "min": 21376,
        "max": 37579442,
        "variance_ns2": 32076121399719.65,
        "iqr_ns": 267001.986162042,
        "q1_ns": 1520238.9896731845,
        "q3_ns": 1787240.9758352265
      },
      "futex_op_counts": {
        "128": 1206
      },
      "first_seen_ts_ns": 11578166440149,
      "last_seen_ts_ns": 11593273048500
    },
    {
      "tgid": 300560,
      "comm": "xhpcg",
      "cgroup_id": 88492,
      "wait_duration_stats_ns": {
        "count": 1668.0,
        "sum": 4413871236.000003,
        "mean": 2646205.7769784187,
        "median": 1732933.3214718974,
        "min": 88228,
        "max": 41750104,
        "variance_ns2": 15287252723783.621,
        "iqr_ns": 209643.07253569504,
        "q1_ns": 1553997.8917779245,
        "q3_ns": 1763640.9643136195
      },
      "futex_op_counts": {
        "128": 1668
      },
      "first_seen_ts_ns": 11557493941949,
      "last_seen_ts_ns": 11577481133560
    },
    {
      "tgid": 300766,
      "comm": "xhpcg",
      "cgroup_id": 88492,
      "wait_duration_stats_ns": {
        "count": 1211.0,
        "sum": 4410746931.999995,
        "mean": 3642235.2865400454,
        "median": 1756519.1762970178,
        "min": 44897,
        "max": 46731525,
        "variance_ns2": 30754784849366.54,
        "iqr_ns": 274364.95084091346,
        "q1_ns": 1546310.7485672785,
        "q3_ns": 1820675.699408192
      },
      "futex_op_counts": {
        "128": 1211
      },
      "first_seen_ts_ns": 11578166216085,
      "last_seen_ts_ns": 11593273633185
    },
    {
      "tgid": 300591,
      "comm": "xhpcg",
      "cgroup_id": 88492,
      "wait_duration_stats_ns": {
        "count": 1673.0,
        "sum": 4403875821.000004,
        "mean": 2632322.6664674263,
        "median": 1758384.886300522,
        "min": 62728,
        "max": 43137687,
        "variance_ns2": 13949142462574.832,
        "iqr_ns": 386001.87062219344,
        "q1_ns": 1534183.8708696146,
        "q3_ns": 1920185.741491808
      },
      "futex_op_counts": {
        "128": 1673
      },
      "first_seen_ts_ns": 11557493868943,
      "last_seen_ts_ns": 11577480620688
    },
    {
      "tgid": 300559,
      "comm": "xhpcg",
      "cgroup_id": 88492,
      "wait_duration_stats_ns": {
        "count": 1659.0,
        "sum": 4403530223.999999,
        "mean": 2654328.0433996376,
        "median": 1715017.000408689,
        "min": 94843,
        "max": 33427108,
        "variance_ns2": 16179035188603.986,
        "iqr_ns": 245920.26279571094,
        "q1_ns": 1507231.289047299,
        "q3_ns": 1753151.55184301
      },
      "futex_op_counts": {
        "128": 1659
      },
      "first_seen_ts_ns": 11557494197283,
      "last_seen_ts_ns": 11577480819323
    },
    {
      "tgid": 300595,
      "comm": "xhpcg",
      "cgroup_id": 88492,
      "wait_duration_stats_ns": {
        "count": 1662.0,
        "sum": 4395758799.999992,
        "mean": 2644860.890493377,
        "median": 1766533.1430243107,
        "min": 121124,
        "max": 42473756,
        "variance_ns2": 14237224453389.537,
        "iqr_ns": 245321.46181305102,
        "q1_ns": 1565334.8630010246,
        "q3_ns": 1810656.3248140756
      },
      "futex_op_counts": {
        "128": 1662
      },
      "first_seen_ts_ns": 11557494102596,
      "last_seen_ts_ns": 11577479910722
    },
    {
      "tgid": 300562,
      "comm": "xhpcg",
      "cgroup_id": 88492,
      "wait_duration_stats_ns": {
        "count": 1662.0,
        "sum": 4395669168.999993,
        "mean": 2644806.9608904896,
        "median": 1736417.2247304856,
        "min": 37162,
        "max": 41189897,
        "variance_ns2": 15239125503557.273,
        "iqr_ns": 224507.99573665485,
        "q1_ns": 1549155.0897944032,
        "q3_ns": 1773663.085531058
      },
      "futex_op_counts": {
        "128": 1662
      },
      "first_seen_ts_ns": 11557494587582,
      "last_seen_ts_ns": 11577480743266
    },
    {
      "tgid": 300769,
      "comm": "xhpcg",
      "cgroup_id": 88492,
      "wait_duration_stats_ns": {
        "count": 1215.0,
        "sum": 4394876602.999999,
        "mean": 3617182.3893004106,
        "median": 1754409.8894280742,
        "min": 56147,
        "max": 44730830,
        "variance_ns2": 30218546809689.285,
        "iqr_ns": 293764.83754347335,
        "q1_ns": 1534953.6043497869,
        "q3_ns": 1828718.4418932602
      },
      "futex_op_counts": {
        "128": 1215
      },
      "first_seen_ts_ns": 11578168607001,
      "last_seen_ts_ns": 11593273699704
    },
    {
      "tgid": 300579,
      "comm": "xhpcg",
      "cgroup_id": 88492,
      "wait_duration_stats_ns": {
        "count": 1669.0,
        "sum": 4391060774.999994,
        "mean": 2630953.1306171324,
        "median": 1761219.3804872502,
        "min": 107764,
        "max": 50517765,
        "variance_ns2": 14409523491997.166,
        "iqr_ns": 195704.27995852125,
        "q1_ns": 1606793.7525087867,
        "q3_ns": 1802498.032467308
      },
      "futex_op_counts": {
        "128": 1669
      },
      "first_seen_ts_ns": 11557494147520,
      "last_seen_ts_ns": 11577480597538
    },
    {
      "tgid": 300749,
      "comm": "xhpcg",
      "cgroup_id": 88492,
      "wait_duration_stats_ns": {
        "count": 1220.0,
        "sum": 4385292467.999998,
        "mean": 3594502.0229508183,
        "median": 1747687.8253914423,
        "min": 47228,
        "max": 54874760,
        "variance_ns2": 28336818010837.914,
        "iqr_ns": 822692.4406549172,
        "q1_ns": 1603973.1206091424,
        "q3_ns": 2426665.5612640595
      },
      "futex_op_counts": {
        "128": 1220
      },
      "first_seen_ts_ns": 11578166355467,
      "last_seen_ts_ns": 11593273660029
    },
    {
      "tgid": 300754,
      "comm": "xhpcg",
      "cgroup_id": 88492,
      "wait_duration_stats_ns": {
        "count": 1215.0,
        "sum": 4370581659.999998,
        "mean": 3597186.551440328,
        "median": 1752265.8133919493,
        "min": 24368,
        "max": 54875978,
        "variance_ns2": 28644298035227.53,
        "iqr_ns": 1082730.6438413037,
        "q1_ns": 1619755.8045316015,
        "q3_ns": 2702486.448372905
      },
      "futex_op_counts": {
        "128": 1215
      },
      "first_seen_ts_ns": 11578166234384,
      "last_seen_ts_ns": 11593273531680
    },
    {
      "tgid": 300567,
      "comm": "xhpcg",
      "cgroup_id": 88492,
      "wait_duration_stats_ns": {
        "count": 1660.0,
        "sum": 4369824772.000005,
        "mean": 2632424.561445786,
        "median": 1733932.270179608,
        "min": 122202,
        "max": 33860129,
        "variance_ns2": 15411079790360.754,
        "iqr_ns": 239573.90648763697,
        "q1_ns": 1533150.3699776651,
        "q3_ns": 1772724.276465302
      },
      "futex_op_counts": {
        "128": 1660
      },
      "first_seen_ts_ns": 11557494047133,
      "last_seen_ts_ns": 11577480614809
    },
    {
      "tgid": 300744,
      "comm": "xhpcg",
      "cgroup_id": 88492,
      "wait_duration_stats_ns": {
        "count": 1219.0,
        "sum": 4362946368.000003,
        "mean": 3579119.2518457775,
        "median": 1726018.006164185,
        "min": 39700,
        "max": 45792341,
        "variance_ns2": 28568662838366.93,
        "iqr_ns": 228852.42000436387,
        "q1_ns": 1563679.9714060468,
        "q3_ns": 1792532.3914104106
      },
      "futex_op_counts": {
        "128": 1219
      },
      "first_seen_ts_ns": 11578166272454,
      "last_seen_ts_ns": 11593272972435
    },
    {
      "tgid": 300564,
      "comm": "xhpcg",
      "cgroup_id": 88492,
      "wait_duration_stats_ns": {
        "count": 1665.0,
        "sum": 4362521510.999998,
        "mean": 2620133.0396396387,
        "median": 1732431.8126068623,
        "min": 1705,
        "max": 34054184,
        "variance_ns2": 15392982548584.795,
        "iqr_ns": 244254.4859319341,
        "q1_ns": 1524368.2664272469,
        "q3_ns": 1768622.752359181
      },
      "futex_op_counts": {
        "128": 1665
      },
      "first_seen_ts_ns": 11557493846229,
      "last_seen_ts_ns": 11577479917856
    },
    {
      "tgid": 300752,
      "comm": "xhpcg",
      "cgroup_id": 88492,
      "wait_duration_stats_ns": {
        "count": 1217.0,
        "sum": 4356844834.999998,
        "mean": 3579987.539030401,
        "median": 1743732.2594210708,
        "min": 216474,
        "max": 54014358,
        "variance_ns2": 28007541629147.055,
        "iqr_ns": 751689.0071989156,
        "q1_ns": 1615348.3288216607,
        "q3_ns": 2367037.3360205763
      },
      "futex_op_counts": {
        "128": 1217
      },
      "first_seen_ts_ns": 11578166390094,
      "last_seen_ts_ns": 11593273612289
    },
    {
      "tgid": 300768,
      "comm": "xhpcg",
      "cgroup_id": 88492,
      "wait_duration_stats_ns": {
        "count": 1206.0,
        "sum": 4356669766.000003,
        "mean": 3612495.6600331697,
        "median": 1756440.1906767695,
        "min": 123760,
        "max": 46057809,
        "variance_ns2": 30054840876207.83,
        "iqr_ns": 334678.4470456084,
        "q1_ns": 1555403.032016749,
        "q3_ns": 1890081.4790623575
      },
      "futex_op_counts": {
        "128": 1206
      },
      "first_seen_ts_ns": 11578166319935,
      "last_seen_ts_ns": 11593272843999
    },
    {
      "tgid": 300746,
      "comm": "xhpcg",
      "cgroup_id": 88492,
      "wait_duration_stats_ns": {
        "count": 1216.0,
        "sum": 4355422539.999994,
        "mean": 3581761.9572368376,
        "median": 1728682.489673514,
        "min": 46449,
        "max": 45997183,
        "variance_ns2": 28555681992817.0,
        "iqr_ns": 303936.85090884124,
        "q1_ns": 1551537.6261581753,
        "q3_ns": 1855474.4770670165
      },
      "futex_op_counts": {
        "128": 1216
      },
      "first_seen_ts_ns": 11578166260951,
      "last_seen_ts_ns": 11593273030231
    },
    {
      "tgid": 300735,
      "comm": "xhpcg",
      "cgroup_id": 88492,
      "wait_duration_stats_ns": {
        "count": 1208.0,
        "sum": 4350600406.999997,
        "mean": 3601490.4031456932,
        "median": 1713445.4422113972,
        "min": 13877,
        "max": 44250694,
        "variance_ns2": 29731453400929.246,
        "iqr_ns": 234654.32661097264,
        "q1_ns": 1544774.7822468448,
        "q3_ns": 1779429.1088578175
      },
      "futex_op_counts": {
        "128": 1208
      },
      "first_seen_ts_ns": 11578168234778,
      "last_seen_ts_ns": 11593273592978
    },
    {
      "tgid": 300748,
      "comm": "xhpcg",
      "cgroup_id": 88492,
      "wait_duration_stats_ns": {
        "count": 1207.0,
        "sum": 4338069545.000001,
        "mean": 3594092.4150787084,
        "median": 1741542.4925852946,
        "min": 11381,
        "max": 53911102,
        "variance_ns2": 28580849256043.266,
        "iqr_ns": 1221083.9872170384,
        "q1_ns": 1595114.5646756045,
        "q3_ns": 2816198.551892643
      },
      "futex_op_counts": {
        "128": 1207
      },
      "first_seen_ts_ns": 11578166555829,
      "last_seen_ts_ns": 11593273830221
    },
    {
      "tgid": 300599,
      "comm": "xhpcg",
      "cgroup_id": 88492,
      "wait_duration_stats_ns": {
        "count": 1662.0,
        "sum": 4170844591.9999943,
        "mean": 2509533.4488567957,
        "median": 1724320.8004325791,
        "min": 28162,
        "max": 34385117,
        "variance_ns2": 15095805655538.73,
        "iqr_ns": 310283.0471084153,
        "q1_ns": 1489811.620841739,
        "q3_ns": 1800094.6679501543
      },
      "futex_op_counts": {
        "128": 1662
      },
      "first_seen_ts_ns": 11557494012938,
      "last_seen_ts_ns": 11577479975801
    },
    {
      "tgid": 300576,
      "comm": "xhpcg",
      "cgroup_id": 88492,
      "wait_duration_stats_ns": {
        "count": 1654.0,
        "sum": 4080601985.9999957,
        "mean": 2467111.2370012067,
        "median": 1659281.9829629408,
        "min": 19744,
        "max": 50683505,
        "variance_ns2": 14678906642274.662,
        "iqr_ns": 327025.2054852259,
        "q1_ns": 1469580.75303126,
        "q3_ns": 1796605.958516486
      },
      "futex_op_counts": {
        "128": 1654
      },
      "first_seen_ts_ns": 11557494117210,
      "last_seen_ts_ns": 11577480717467
    },
    {
      "tgid": 4606,
      "comm": "amazon-ssm-agen",
      "cgroup_id": 3429,
      "wait_duration_stats_ns": {
        "count": 313.0,
        "sum": 3995546617.0,
        "mean": 12765324.654952077,
        "median": 343144.82028732623,
        "min": 7745,
        "max": 994954848,
        "variance_ns2": 1.2515220267647226e+16,
        "iqr_ns": 2138088.3262073174,
        "q1_ns": 55942.03825832932,
        "q3_ns": 2194030.364465647
      },
      "futex_op_counts": {
        "128": 313
      },
      "first_seen_ts_ns": 11608002677692,
      "last_seen_ts_ns": 11609024600800
    },
    {
      "tgid": 300956,
      "comm": "xhpcg",
      "cgroup_id": 88492,
      "wait_duration_stats_ns": {
        "count": 1699.0,
        "sum": 3831443122.000001,
        "mean": 2255116.610947617,
        "median": 1761112.631673971,
        "min": 73555,
        "max": 50261333,
        "variance_ns2": 8686697729467.681,
        "iqr_ns": 201309.85599507252,
        "q1_ns": 1615660.5672969543,
        "q3_ns": 1816970.4232920269
      },
      "futex_op_counts": {
        "128": 1699
      },
      "first_seen_ts_ns": 11593956670174,
      "last_seen_ts_ns": 11613401018848
    },
    {
      "tgid": 300975,
      "comm": "xhpcg",
      "cgroup_id": 88492,
      "wait_duration_stats_ns": {
        "count": 1715.0,
        "sum": 3779447916.9999976,
        "mean": 2203759.7183673456,
        "median": 1756152.3387436063,
        "min": 209339,
        "max": 41966577,
        "variance_ns2": 7738429193578.035,
        "iqr_ns": 304450.7085624917,
        "q1_ns": 1551092.3043167398,
        "q3_ns": 1855543.0128792315
      },
      "futex_op_counts": {
        "128": 1715
      },
      "first_seen_ts_ns": 11593956677306,
      "last_seen_ts_ns": 11613401868519
    },
    {
      "tgid": 300954,
      "comm": "xhpcg",
      "cgroup_id": 88492,
      "wait_duration_stats_ns": {
        "count": 1704.0,
        "sum": 3769407423.9999995,
        "mean": 2212093.5586854457,
        "median": 1746516.898175483,
        "min": 71481,
        "max": 48914677,
        "variance_ns2": 8504115149760.181,
        "iqr_ns": 213278.96318473713,
        "q1_ns": 1584476.5375666388,
        "q3_ns": 1797755.500751376
      },
      "futex_op_counts": {
        "128": 1704
      },
      "first_seen_ts_ns": 11593957158125,
      "last_seen_ts_ns": 11613402027420
    },
    {
      "tgid": 300960,
      "comm": "xhpcg",
      "cgroup_id": 88492,
      "wait_duration_stats_ns": {
        "count": 1701.0,
        "sum": 3766558732.0000067,
        "mean": 2214320.2422104683,
        "median": 1760178.0095525878,
        "min": 49335,
        "max": 50193997,
        "variance_ns2": 8692404631539.671,
        "iqr_ns": 204327.28430086654,
        "q1_ns": 1597331.5199502204,
        "q3_ns": 1801658.804251087
      },
      "futex_op_counts": {
        "128": 1701
      },
      "first_seen_ts_ns": 11593956605062,
      "last_seen_ts_ns": 11613401868855
    },
    {
      "tgid": 300972,
      "comm": "xhpcg",
      "cgroup_id": 88492,
      "wait_duration_stats_ns": {
        "count": 1702.0,
        "sum": 3763638486.0000067,
        "mean": 2211303.4582843753,
        "median": 1758250.6048175031,
        "min": 184789,
        "max": 46077885,
        "variance_ns2": 8709830425659.865,
        "iqr_ns": 283562.3235648798,
        "q1_ns": 1547414.584829402,
        "q3_ns": 1830976.9083942818
      },
      "futex_op_counts": {
        "128": 1702
      },
      "first_seen_ts_ns": 11593956563217,
      "last_seen_ts_ns": 11613400372506
    },
    {
      "tgid": 300964,
      "comm": "xhpcg",
      "cgroup_id": 88492,
      "wait_duration_stats_ns": {
        "count": 1694.0,
        "sum": 3759249370.000003,
        "mean": 2219155.4722550195,
        "median": 1745690.4614170066,
        "min": 156440,
        "max": 46000671,
        "variance_ns2": 9231407617858.49,
        "iqr_ns": 231426.7837023188,
        "q1_ns": 1555136.3314716113,
        "q3_ns": 1786563.11517393
      },
      "futex_op_counts": {
        "128": 1694
      },
      "first_seen_ts_ns": 11593956795456,
      "last_seen_ts_ns": 11613401877576
    },
    {
      "tgid": 300968,
      "comm": "xhpcg",
      "cgroup_id": 88492,
      "wait_duration_stats_ns": {
        "count": 1711.0,
        "sum": 3753587137.9999995,
        "mean": 2193797.275277615,
        "median": 1757755.5455146532,
        "min": 15928,
        "max": 33783963,
        "variance_ns2": 7811241423010.517,
        "iqr_ns": 314573.6160861086,
        "q1_ns": 1516126.669404261,
        "q3_ns": 1830700.2854903697
      },
      "futex_op_counts": {
        "128": 1711
      },
      "first_seen_ts_ns": 11593956660370,
      "last_seen_ts_ns": 11613400448351
    },
    {
      "tgid": 300966,
      "comm": "xhpcg",
      "cgroup_id": 88492,
      "wait_duration_stats_ns": {
        "count": 1698.0,
        "sum": 3737977739.000007,
        "mean": 2201400.3174322774,
        "median": 1751535.0580820728,
        "min": 67012,
        "max": 33265325,
        "variance_ns2": 8590710164946.843,
        "iqr_ns": 282913.2002988034,
        "q1_ns": 1525767.3695375593,
        "q3_ns": 1808680.5698363627
      },
      "futex_op_counts": {
        "128": 1698
      },
      "first_seen_ts_ns": 11593956627671,
      "last_seen_ts_ns": 11613400687347
    },
    {
      "tgid": 300977,
      "comm": "xhpcg",
      "cgroup_id": 88492,
      "wait_duration_stats_ns": {
        "count": 1699.0,
        "sum": 3730488422.0,
        "mean": 2195696.540317834,
        "median": 1751650.5427925598,
        "min": 206110,
        "max": 33651233,
        "variance_ns2": 8696457411622.445,
        "iqr_ns": 290370.3688758635,
        "q1_ns": 1512523.8588476868,
        "q3_ns": 1802894.2277235503
      },
      "futex_op_counts": {
        "128": 1699
      },
      "first_seen_ts_ns": 11593956653013,
      "last_seen_ts_ns": 11613401178256
    },
    {
      "tgid": 300973,
      "comm": "xhpcg",
      "cgroup_id": 88492,
      "wait_duration_stats_ns": {
        "count": 1697.0,
        "sum": 3723527330.0000057,
        "mean": 2194182.2804949945,
        "median": 1750442.2438975857,
        "min": 124114,
        "max": 41382490,
        "variance_ns2": 8632713608071.237,
        "iqr_ns": 279620.3704678044,
        "q1_ns": 1534219.5510364764,
        "q3_ns": 1813839.9215042808
      },
      "futex_op_counts": {
        "128": 1697
      },
      "first_seen_ts_ns": 11593956562336,
      "last_seen_ts_ns": 11613401806878
    },
    {
      "tgid": 300962,
      "comm": "xhpcg",
      "cgroup_id": 88492,
      "wait_duration_stats_ns": {
        "count": 1700.0,
        "sum": 3721378155.999999,
        "mean": 2189045.9741176465,
        "median": 1738654.8382408489,
        "min": 73607,
        "max": 45737879,
        "variance_ns2": 9059289276149.43,
        "iqr_ns": 253072.54020334384,
        "q1_ns": 1541222.203366463,
        "q3_ns": 1794294.743569807
      },
      "futex_op_counts": {
        "128": 1700
      },
      "first_seen_ts_ns": 11593956562789,
      "last_seen_ts_ns": 11613401976342
    },
    {
      "tgid": 300952,
      "comm": "xhpcg",
      "cgroup_id": 88492,
      "wait_duration_stats_ns": {
        "count": 1708.0,
        "sum": 3719691746.9999933,
        "mean": 2177805.4724824317,
        "median": 1731541.7249681193,
        "min": 124133,
        "max": 41385508,
        "variance_ns2": 8674213333947.285,
        "iqr_ns": 243738.04318969022,
        "q1_ns": 1541137.4430538143,
        "q3_ns": 1784875.4862435046
      },
      "futex_op_counts": {
        "128": 1708
      },
      "first_seen_ts_ns": 11593956585525,
      "last_seen_ts_ns": 11613401873413
    },
    {
      "tgid": 300958,
      "comm": "xhpcg",
      "cgroup_id": 88492,
      "wait_duration_stats_ns": {
        "count": 1700.0,
        "sum": 3718450255.0,
        "mean": 2187323.6794117647,
        "median": 1735611.734169426,
        "min": 96141,
        "max": 49374558,
        "variance_ns2": 8714251068256.005,
        "iqr_ns": 206822.53599081188,
        "q1_ns": 1578076.5465842448,
        "q3_ns": 1784899.0825750567
      },
      "futex_op_counts": {
        "128": 1700
      },
      "first_seen_ts_ns": 11593956562802,
      "last_seen_ts_ns": 11613401780312
    },
    {
      "tgid": 300970,
      "comm": "xhpcg",
      "cgroup_id": 88492,
      "wait_duration_stats_ns": {
        "count": 1696.0,
        "sum": 3717727616.000011,
        "mean": 2192056.377358497,
        "median": 1750701.3984708912,
        "min": 152507,
        "max": 41039413,
        "variance_ns2": 8409379189043.528,
        "iqr_ns": 258196.40903499653,
        "q1_ns": 1549749.7302019624,
        "q3_ns": 1807946.139236959
      },
      "futex_op_counts": {
        "128": 1696
      },
      "first_seen_ts_ns": 11593956901455,
      "last_seen_ts_ns": 11613401027046
    },
    {
      "tgid": 300948,
      "comm": "xhpcg",
      "cgroup_id": 88492,
      "wait_duration_stats_ns": {
        "count": 1720.0,
        "sum": 3714923362.9999924,
        "mean": 2159839.1645348794,
        "median": 1728438.8486471311,
        "min": 36732,
        "max": 37021996,
        "variance_ns2": 7707243564123.891,
        "iqr_ns": 327902.2277754245,
        "q1_ns": 1527305.067318236,
        "q3_ns": 1855207.2950936605
      },
      "futex_op_counts": {
        "128": 1720
      },
      "first_seen_ts_ns": 11593956734170,
      "last_seen_ts_ns": 11613401987373
    },
    {
      "tgid": 300950,
      "comm": "xhpcg",
      "cgroup_id": 88492,
      "wait_duration_stats_ns": {
        "count": 1707.0,
        "sum": 3712223860.9999986,
        "mean": 2174706.4212067947,
        "median": 1734799.6875943316,
        "min": 22200,
        "max": 40879833,
        "variance_ns2": 8176337079765.124,
        "iqr_ns": 239442.67779209302,
        "q1_ns": 1541674.318782415,
        "q3_ns": 1781116.996574508
      },
      "futex_op_counts": {
        "128": 1707
      },
      "first_seen_ts_ns": 11593956603862,
      "last_seen_ts_ns": 11613401939182
    },
    {
      "tgid": 300942,
      "comm": "xhpcg",
      "cgroup_id": 88492,
      "wait_duration_stats_ns": {
        "count": 1702.0,
        "sum": 3710475380.9999986,
        "mean": 2180067.791421856,
        "median": 1735128.8659685806,
        "min": 7431,
        "max": 41223283,
        "variance_ns2": 8298327391460.057,
        "iqr_ns": 216137.6804574735,
        "q1_ns": 1556398.4053085065,
        "q3_ns": 1772536.08576598
      },
      "futex_op_counts": {
        "128": 1702
      },
      "first_seen_ts_ns": 11593956641987,
      "last_seen_ts_ns": 11613401716220
    },
    {
      "tgid": 300944,
      "comm": "xhpcg",
      "cgroup_id": 88492,
      "wait_duration_stats_ns": {
        "count": 1716.0,
        "sum": 3707629015.999995,
        "mean": 2160622.969696967,
        "median": 1726586.0709833808,
        "min": 69901,
        "max": 37179133,
        "variance_ns2": 8192498614561.959,
        "iqr_ns": 251823.06353666447,
        "q1_ns": 1524853.7471785673,
        "q3_ns": 1776676.8107152318
      },
      "futex_op_counts": {
        "128": 1716
      },
      "first_seen_ts_ns": 11593956607163,
      "last_seen_ts_ns": 11613401731953
    },
    {
      "tgid": 300938,
      "comm": "xhpcg",
      "cgroup_id": 88492,
      "wait_duration_stats_ns": {
        "count": 1703.0,
        "sum": 3707102334.9999995,
        "mean": 2176807.0082207867,
        "median": 1720861.7422823831,
        "min": 268914,
        "max": 32882604,
        "variance_ns2": 8024804833341.925,
        "iqr_ns": 210491.86181012052,
        "q1_ns": 1537755.0601392046,
        "q3_ns": 1748246.9219493251
      },
      "futex_op_counts": {
        "128": 1703
      },
      "first_seen_ts_ns": 11593956873479,
      "last_seen_ts_ns": 11613401738084
    },
    {
      "tgid": 300979,
      "comm": "xhpcg",
      "cgroup_id": 88492,
      "wait_duration_stats_ns": {
        "count": 1702.0,
        "sum": 3706548611.9999943,
        "mean": 2177760.6415981166,
        "median": 1748699.1842752164,
        "min": 26046,
        "max": 38142467,
        "variance_ns2": 8635103546484.155,
        "iqr_ns": 307185.2658877345,
        "q1_ns": 1503381.9932995955,
        "q3_ns": 1810567.25918733
      },
      "futex_op_counts": {
        "128": 1702
      },
      "first_seen_ts_ns": 11593956610491,
      "last_seen_ts_ns": 11613401307117
    },
    {
      "tgid": 300943,
      "comm": "xhpcg",
      "cgroup_id": 88492,
      "wait_duration_stats_ns": {
        "count": 1707.0,
        "sum": 3701569380.999992,
        "mean": 2168464.7809021627,
        "median": 1732868.232897927,
        "min": 533000,
        "max": 41332454,
        "variance_ns2": 7744246421378.499,
        "iqr_ns": 243804.90759193595,
        "q1_ns": 1534232.5867853935,
        "q3_ns": 1778037.4943773295
      },
      "futex_op_counts": {
        "128": 1707
      },
      "first_seen_ts_ns": 11593956611616,
      "last_seen_ts_ns": 11613401874702
    },
    {
      "tgid": 300941,
      "comm": "xhpcg",
      "cgroup_id": 88492,
      "wait_duration_stats_ns": {
        "count": 1697.0,
        "sum": 3694118533.0000052,
        "mean": 2176852.40601061,
        "median": 1726122.9711600402,
        "min": 113489,
        "max": 41368559,
        "variance_ns2": 8959788646613.107,
        "iqr_ns": 217319.15935255238,
        "q1_ns": 1550206.911961282,
        "q3_ns": 1767526.0713138343
      },
      "futex_op_counts": {
        "128": 1697
      },
      "first_seen_ts_ns": 11593956675759,
      "last_seen_ts_ns": 11613401789765
    },
    {
      "tgid": 300940,
      "comm": "xhpcg",
      "cgroup_id": 88492,
      "wait_duration_stats_ns": {
        "count": 1696.0,
        "sum": 3682267319.999998,
        "mean": 2171148.183962263,
        "median": 1715901.1937656545,
        "min": 55936,
        "max": 41419609,
        "variance_ns2": 8909166103685.838,
        "iqr_ns": 204364.72585784504,
        "q1_ns": 1556503.4343500785,
        "q3_ns": 1760868.1602079235
      },
      "futex_op_counts": {
        "128": 1696
      },
      "first_seen_ts_ns": 11593956597808,
      "last_seen_ts_ns": 11613402017018
    },
    {
      "tgid": 300939,
      "comm": "xhpcg",
      "cgroup_id": 88492,
      "wait_duration_stats_ns": {
        "count": 1696.0,
        "sum": 3665552407.0000024,
        "mean": 2161292.6928066052,
        "median": 1711285.060908309,
        "min": 102140,
        "max": 33239264,
        "variance_ns2": 8658038088180.23,
        "iqr_ns": 241269.2959212195,
        "q1_ns": 1509941.4373131755,
        "q3_ns": 1751210.733234395
      },
      "futex_op_counts": {
        "128": 1696
      },
      "first_seen_ts_ns": 11593956562891,
      "last_seen_ts_ns": 11613401937123
    },
    {
      "tgid": 300909,
      "comm": "runc",
      "cgroup_id": 4085,
      "wait_duration_stats_ns": {
        "count": 400.0,
        "sum": 1405491115.0000002,
        "mean": 3513727.7875000006,
        "median": 126196.90400960215,
        "min": 811,
        "max": 196591456,
        "variance_ns2": 535561230899316.94,
        "iqr_ns": 742625.0539882856,
        "q1_ns": 24353.788814124116,
        "q3_ns": 766978.8428024097
      },
      "futex_op_counts": {
        "128": 400
      },
      "first_seen_ts_ns": 11592058127948,
      "last_seen_ts_ns": 11592267775643
    },
    {
      "tgid": 300704,
      "comm": "runc",
      "cgroup_id": 4085,
      "wait_duration_stats_ns": {
        "count": 391.0,
        "sum": 1304370187.0,
        "mean": 3335985.132992327,
        "median": 153921.89511230667,
        "min": 530,
        "max": 182088371,
        "variance_ns2": 444219830791963.56,
        "iqr_ns": 746647.640409038,
        "q1_ns": 24749.023308398202,
        "q3_ns": 771396.6637174363
      },
      "futex_op_counts": {
        "128": 391
      },
      "first_seen_ts_ns": 11573810874410,
      "last_seen_ts_ns": 11574004329698
    },
    {
      "tgid": 300829,
      "comm": "runc",
      "cgroup_id": 4085,
      "wait_duration_stats_ns": {
        "count": 404.0,
        "sum": 1293945407.0,
        "mean": 3202835.165841584,
        "median": 59702.69410833641,
        "min": 6069,
        "max": 210134450,
        "variance_ns2": 562973292831878.9,
        "iqr_ns": 330745.61240999436,
        "q1_ns": 18996.410574692778,
        "q3_ns": 349742.0229846871
      },
      "futex_op_counts": {
        "128": 404
      },
      "first_seen_ts_ns": 11583812290131,
      "last_seen_ts_ns": 11584033807225
    },
    {
      "tgid": 300656,
      "comm": "runc",
      "cgroup_id": 4085,
      "wait_duration_stats_ns": {
        "count": 411.0,
        "sum": 1226949414.0,
        "mean": 2985278.3795620436,
        "median": 97818.39844574539,
        "min": 1353,
        "max": 173808071,
        "variance_ns2": 391980928286622.4,
        "iqr_ns": 476052.4804885868,
        "q1_ns": 23528.83150914394,
        "q3_ns": 499581.31199773075
      },
      "futex_op_counts": {
        "128": 411
      },
      "first_seen_ts_ns": 11563805160844,
      "last_seen_ts_ns": 11563982679705
    },
    {
      "tgid": 301036,
      "comm": "runc",
      "cgroup_id": 4085,
      "wait_duration_stats_ns": {
        "count": 372.0,
        "sum": 1138903956.0000002,
        "mean": 3061569.774193549,
        "median": 109841.75039532478,
        "min": 551,
        "max": 180290412,
        "variance_ns2": 430386822695704.8,
        "iqr_ns": 585138.287395577,
        "q1_ns": 20003.104850888092,
        "q3_ns": 605141.3922464651
      },
      "futex_op_counts": {
        "128": 372
      },
      "first_seen_ts_ns": 11602062067892,
      "last_seen_ts_ns": 11602253865378
    },
    {
      "tgid": 300804,
      "comm": "runc",
      "cgroup_id": 4085,
      "wait_duration_stats_ns": {
        "count": 429.0,
        "sum": 1135179281.0,
        "mean": 2646105.55011655,
        "median": 112002.0716965795,
        "min": 9379,
        "max": 178751914,
        "variance_ns2": 338386533385974.2,
        "iqr_ns": 747017.066645122,
        "q1_ns": 25358.771874201157,
        "q3_ns": 772375.8385193232
      },
      "futex_op_counts": {
        "128": 429
      },
      "first_seen_ts_ns": 11582060517570,
      "last_seen_ts_ns": 11582253203786
    },
    {
      "tgid": 300682,
      "comm": "runc",
      "cgroup_id": 4085,
      "wait_duration_stats_ns": {
        "count": 369.0,
        "sum": 1133988652.9999998,
        "mean": 3073139.98102981,
        "median": 100783.57327582987,
        "min": 6515,
        "max": 180747961,
        "variance_ns2": 387078832364409.5,
        "iqr_ns": 521827.80359438463,
        "q1_ns": 23808.433596936204,
        "q3_ns": 545636.2371913209
      },
      "futex_op_counts": {
        "128": 369
      },
      "first_seen_ts_ns": 11572063311801,
      "last_seen_ts_ns": 11572258086571
    },
    {
      "tgid": 300631,
      "comm": "runc",
      "cgroup_id": 4085,
      "wait_duration_stats_ns": {
        "count": 400.0,
        "sum": 1039151687.9999999,
        "mean": 2597879.2199999997,
        "median": 112122.08989529943,
        "min": 6056,
        "max": 175281815,
        "variance_ns2": 308718826994704.06,
        "iqr_ns": 715457.045654196,
        "q1_ns": 23496.53252547989,
        "q3_ns": 738953.5781796759
      },
      "futex_op_counts": {
        "128": 400
      },
      "first_seen_ts_ns": 11562066949738,
      "last_seen_ts_ns": 11562242682203
    },
    {
      "tgid": 301060,
      "comm": "runc",
      "cgroup_id": 4085,
      "wait_duration_stats_ns": {
        "count": 227.0,
        "sum": 938866697.0,
        "mean": 4135976.6387665197,
        "median": 241382.69627406058,
        "min": 4663,
        "max": 134752955,
        "variance_ns2": 474642435886745.7,
        "iqr_ns": 1067052.6617227145,
        "q1_ns": 27574.424309775524,
        "q3_ns": 1094627.08603249
      },
      "futex_op_counts": {
        "128": 227
      },
      "first_seen_ts_ns": 11603807715761,
      "last_seen_ts_ns": 11603948730588
    },
    {
      "tgid": 301084,
      "comm": "runc",
      "cgroup_id": 4085,
      "wait_duration_stats_ns": {
        "count": 420.0,
        "sum": 934173566.0000001,
        "mean": 2224222.7761904765,
        "median": 83551.03034686472,
        "min": 10871,
        "max": 148269732,
        "variance_ns2": 240702975610878.84,
        "iqr_ns": 518019.5605259172,
        "q1_ns": 18489.679982932605,
        "q3_ns": 536509.2405088498
      },
      "futex_op_counts": {
        "128": 420
      },
      "first_seen_ts_ns": 11612069676912,
      "last_seen_ts_ns": 11612228568270
    },
    {
      "tgid": 300839,
      "comm": "runc:[2:INIT]",
      "cgroup_id": 5006,
      "wait_duration_stats_ns": {
        "count": 19.0,
        "sum": 916316437.0,
        "mean": 48227180.89473684,
        "median": 905361.5894970382,
        "min": 34363,
        "max": 185026663,
        "variance_ns2": 6590756844352396.0,
        "iqr_ns": 80606698.78572614,
        "q1_ns": 274694.11111111107,
        "q3_ns": 80881392.89683725
      },
      "futex_op_counts": {
        "128": 19
      },
      "first_seen_ts_ns": 11583848158016,
      "last_seen_ts_ns": 11584033802409
    },
    {
      "tgid": 300920,
      "comm": "runc:[2:INIT]",
      "cgroup_id": 5006,
      "wait_duration_stats_ns": {
        "count": 29.0,
        "sum": 839359620.0000001,
        "mean": 28943435.172413796,
        "median": 638902.6130742456,
        "min": 1292,
        "max": 161399446,
        "variance_ns2": 3366854148239341.0,
        "iqr_ns": 8866376.90492112,
        "q1_ns": 495796.4332818701,
        "q3_ns": 9362173.33820299
      },
      "futex_op_counts": {
        "128": 29
      },
      "first_seen_ts_ns": 11592098584347,
      "last_seen_ts_ns": 11592267769924
    },
    {
      "tgid": 301046,
      "comm": "runc:[2:INIT]",
      "cgroup_id": 5006,
      "wait_duration_stats_ns": {
        "count": 23.0,
        "sum": 817418496.9999996,
        "mean": 35539934.6521739,
        "median": 12238603.822691854,
        "min": 685,
        "max": 155110441,
        "variance_ns2": 3833377015517400.0,
        "iqr_ns": 69620169.06755817,
        "q1_ns": 126581.5,
        "q3_ns": 69746750.56755817
      },
      "futex_op_counts": {
        "128": 23
      },
      "first_seen_ts_ns": 11602097914357,
      "last_seen_ts_ns": 11602264487343
    },
    {
      "tgid": 300715,
      "comm": "runc:[2:INIT]",
      "cgroup_id": 5006,
      "wait_duration_stats_ns": {
        "count": 23.0,
        "sum": 772245719.0000002,
        "mean": 33575900.82608697,
        "median": 644355.6239330168,
        "min": 21926,
        "max": 153533724,
        "variance_ns2": 3669034319832843.5,
        "iqr_ns": 17343927.60135779,
        "q1_ns": 411693.9563603642,
        "q3_ns": 17755621.557718154
      },
      "futex_op_counts": {
        "128": 23
      },
      "first_seen_ts_ns": 11573846513988,
      "last_seen_ts_ns": 11574004165427
    },
    {
      "tgid": 300814,
      "comm": "runc:[2:INIT]",
      "cgroup_id": 5006,
      "wait_duration_stats_ns": {
        "count": 27.0,
        "sum": 756473485.0,
        "mean": 28017536.48148148,
        "median": 634158.0228446733,
        "min": 3875,
        "max": 150807852,
        "variance_ns2": 3089546587552418.5,
        "iqr_ns": 27200752.6750022,
        "q1_ns": 465855.4239999676,
        "q3_ns": 27666608.099002168
      },
      "futex_op_counts": {
        "128": 27
      },
      "first_seen_ts_ns": 11582099219814,
      "last_seen_ts_ns": 11582253155894
    },
    {
      "tgid": 300986,
      "comm": "runc",
      "cgroup_id": 4085,
      "wait_duration_stats_ns": {
        "count": 418.0,
        "sum": 750863346.0,
        "mean": 1796323.7942583733,
        "median": 48135.03443825133,
        "min": 7032,
        "max": 127510896,
        "variance_ns2": 208154138169819.78,
        "iqr_ns": 241775.11320127186,
        "q1_ns": 14800.250924614409,
        "q3_ns": 256575.36412588626
      },
      "futex_op_counts": {
        "128": 418
      },
      "first_seen_ts_ns": 11593802334752,
      "last_seen_ts_ns": 11593931848454
    },
    {
      "tgid": 300692,
      "comm": "runc:[2:INIT]",
      "cgroup_id": 5006,
      "wait_duration_stats_ns": {
        "count": 24.0,
        "sum": 710991244.9999999,
        "mean": 29624635.20833333,
        "median": 7200223.301321863,
        "min": 587,
        "max": 132344481,
        "variance_ns2": 2631917214497926.5,
        "iqr_ns": 15473346.142927302,
        "q1_ns": 109250.81404320992,
        "q3_ns": 15582596.956970513
      },
      "futex_op_counts": {
        "128": 24
      },
      "first_seen_ts_ns": 11572113007560,
      "last_seen_ts_ns": 11572258104244
    },
    {
      "tgid": 300667,
      "comm": "runc:[2:INIT]",
      "cgroup_id": 5006,
      "wait_duration_stats_ns": {
        "count": 23.0,
        "sum": 688654568.0000001,
        "mean": 29941502.956521742,
        "median": 696910.8079916438,
        "min": 17546,
        "max": 135326331,
        "variance_ns2": 2915565478194045.0,
        "iqr_ns": 55639497.319804564,
        "q1_ns": 319035.6098586709,
        "q3_ns": 55958532.92966323
      },
      "futex_op_counts": {
        "128": 23
      },
      "first_seen_ts_ns": 11563844510072,
      "last_seen_ts_ns": 11563982694202
    },
    {
      "tgid": 300641,
      "comm": "runc:[2:INIT]",
      "cgroup_id": 5006,
      "wait_duration_stats_ns": {
        "count": 29.0,
        "sum": 659911334.0000001,
        "mean": 22755563.241379313,
        "median": 4343778.942421608,
        "min": 726,
        "max": 134175747,
        "variance_ns2": 2160424496723856.8,
        "iqr_ns": 1348276.9960128288,
        "q1_ns": 273873.4201782947,
        "q3_ns": 1622150.4161911234
      },
      "futex_op_counts": {
        "128": 29
      },
      "first_seen_ts_ns": 11562107615315,
      "last_seen_ts_ns": 11562242537612
    },
    {
      "tgid": 301071,
      "comm": "runc:[2:INIT]",
      "cgroup_id": 5006,
      "wait_duration_stats_ns": {
        "count": 25.0,
        "sum": 627860051.0000001,
        "mean": 25114402.040000003,
        "median": 3541174.6414649077,
        "min": 603,
        "max": 118080990,
        "variance_ns2": 2051429254202133.2,
        "iqr_ns": 24349382.516281135,
        "q1_ns": 306654.8197456665,
        "q3_ns": 24656037.336026803
      },
      "futex_op_counts": {
        "128": 25
      },
      "first_seen_ts_ns": 11603833553655,
      "last_seen_ts_ns": 11603959299723
    },
    {
      "tgid": 300997,
      "comm": "runc:[2:INIT]",
      "cgroup_id": 5006,
      "wait_duration_stats_ns": {
        "count": 24.0,
        "sum": 612774661.0000001,
        "mean": 25532277.54166667,
        "median": 3513564.0492023295,
        "min": 2278,
        "max": 122854726,
        "variance_ns2": 2549868307051923.0,
        "iqr_ns": 44619063.24810547,
        "q1_ns": 146731.04492455418,
        "q3_ns": 44765794.29303002
      },
      "futex_op_counts": {
        "128": 24
      },
      "first_seen_ts_ns": 11593808720875,
      "last_seen_ts_ns": 11593931835600
    },
    {
      "tgid": 301095,
      "comm": "runc:[2:INIT]",
      "cgroup_id": 5006,
      "wait_duration_stats_ns": {
        "count": 24.0,
        "sum": 598549680.0,
        "mean": 24939570.0,
        "median": 150175.59121202258,
        "min": 2465,
        "max": 122162443,
        "variance_ns2": 2318554081053845.0,
        "iqr_ns": 19259479.997569453,
        "q1_ns": 55926.07222222223,
        "q3_ns": 19315406.069791675
      },
      "futex_op_counts": {
        "128": 24
      },
      "first_seen_ts_ns": 11612105789430,
      "last_seen_ts_ns": 11612228417173
    },
    {
      "tgid": 301166,
      "comm": "runc",
      "cgroup_id": 4085,
      "wait_duration_stats_ns": {
        "count": 405.0,
        "sum": 330690218.0,
        "mean": 816519.0567901235,
        "median": 50341.90853269345,
        "min": 1184,
        "max": 57162435,
        "variance_ns2": 38364795744280.05,
        "iqr_ns": 151403.77514518995,
        "q1_ns": 18236.47287246359,
        "q3_ns": 169640.24801765353
      },
      "futex_op_counts": {
        "128": 405
      },
      "first_seen_ts_ns": 11613802508237,
      "last_seen_ts_ns": 11613861688777
    },
    {
      "tgid": 300868,
      "comm": "aws-cni",
      "cgroup_id": 4085,
      "wait_duration_stats_ns": {
        "count": 249.0,
        "sum": 326034123.00000006,
        "mean": 1309373.9879518074,
        "median": 125389.95953867196,
        "min": 470,
        "max": 21003747,
        "variance_ns2": 15796197365493.414,
        "iqr_ns": 4026307.249884255,
        "q1_ns": 26300.02642782595,
        "q3_ns": 4052607.276312081
      },
      "futex_op_counts": {
        "128": 249
      },
      "first_seen_ts_ns": 11585130047488,
      "last_seen_ts_ns": 11585180076347
    },
    {
      "tgid": 300454,
      "comm": "runc",
      "cgroup_id": 4085,
      "wait_duration_stats_ns": {
        "count": 431.0,
        "sum": 261899193.00000003,
        "mean": 607654.7401392112,
        "median": 40018.04887992234,
        "min": 8518,
        "max": 45497998,
        "variance_ns2": 21943186121860.6,
        "iqr_ns": 150253.769617159,
        "q1_ns": 15305.559012061483,
        "q3_ns": 165559.3286292205
      },
      "futex_op_counts": {
        "128": 431
      },
      "first_seen_ts_ns": 11552054076089,
      "last_seen_ts_ns": 11552101686200
    },
    {
      "tgid": 301176,
      "comm": "runc:[2:INIT]",
      "cgroup_id": 5006,
      "wait_duration_stats_ns": {
        "count": 20.0,
        "sum": 261060508.99999994,
        "mean": 13053025.449999997,
        "median": 462810.4744715231,
        "min": 16596,
        "max": 52543523,
        "variance_ns2": 521478708726489.7,
        "iqr_ns": 15729532.469090723,
        "q1_ns": 59063.6316872428,
        "q3_ns": 15788596.100777965
      },
      "futex_op_counts": {
        "128": 20
      },
      "first_seen_ts_ns": 11613808949502,
      "last_seen_ts_ns": 11613861692510
    },
    {
      "tgid": 300896,
      "comm": "aws-cni",
      "cgroup_id": 4085,
      "wait_duration_stats_ns": {
        "count": 270.0,
        "sum": 225659933.99999994,
        "mean": 835777.5333333331,
        "median": 66802.42581870241,
        "min": 1811,
        "max": 26038567,
        "variance_ns2": 9088547985212.525,
        "iqr_ns": 3070442.7593695917,
        "q1_ns": 25306.63698247655,
        "q3_ns": 3095749.396352068
      },
      "futex_op_counts": {
        "128": 270
      },
      "first_seen_ts_ns": 11585241907562,
      "last_seen_ts_ns": 11585283154185
    },
    {
      "tgid": 300464,
      "comm": "runc:[2:INIT]",
      "cgroup_id": 5006,
      "wait_duration_stats_ns": {
        "count": 28.0,
        "sum": 203432817.00000006,
        "mean": 7265457.750000002,
        "median": 812496.5899625903,
        "min": 383,
        "max": 40985815,
        "variance_ns2": 241973569202904.8,
        "iqr_ns": 7782811.833782495,
        "q1_ns": 17681.614583333332,
        "q3_ns": 7800493.448365828
      },
      "futex_op_counts": {
        "128": 28
      },
      "first_seen_ts_ns": 11552060479680,
      "last_seen_ts_ns": 11552101691107
    },
    {
      "tgid": 300814,
      "comm": "grpc-health-pro",
      "cgroup_id": 5006,
      "wait_duration_stats_ns": {
        "count": 31.0,
        "sum": 96430937.0,
        "mean": 3110675.3870967743,
        "median": 389192.399553125,
        "min": 602,
        "max": 12697757,
        "variance_ns2": 22998368635226.848,
        "iqr_ns": 3963746.6827564114,
        "q1_ns": 42004.879845082796,
        "q3_ns": 4005751.562601494
      },
      "futex_op_counts": {
        "128": 31
      },
      "first_seen_ts_ns": 11582263559951,
      "last_seen_ts_ns": 11582278070089
    },
    {
      "tgid": 300715,
      "comm": "grpc-health-pro",
      "cgroup_id": 5006,
      "wait_duration_stats_ns": {
        "count": 26.0,
        "sum": 94343804.00000001,
        "mean": 3628607.8461538465,
        "median": 1465787.3228084329,
        "min": 9857,
        "max": 16621331,
        "variance_ns2": 25279494247656.215,
        "iqr_ns": 5565551.87115141,
        "q1_ns": 149565.58274191385,
        "q3_ns": 5715117.453893324
      },
      "futex_op_counts": {
        "128": 26
      },
      "first_seen_ts_ns": 11574016677673,
      "last_seen_ts_ns": 11574038831723
    },
    {
      "tgid": 300920,
      "comm": "grpc-health-pro",
      "cgroup_id": 5006,
      "wait_duration_stats_ns": {
        "count": 28.0,
        "sum": 81706174.0,
        "mean": 2918077.6428571427,
        "median": 665075.6706313954,
        "min": 16736,
        "max": 10624844,
        "variance_ns2": 16757898923737.572,
        "iqr_ns": 4853954.12774599,
        "q1_ns": 135015.70939472853,
        "q3_ns": 4988969.8371407185
      },
      "futex_op_counts": {
        "128": 28
      },
      "first_seen_ts_ns": 11592279807093,
      "last_seen_ts_ns": 11592300042174
    },
    {
      "tgid": 300839,
      "comm": "grpc-health-pro",
      "cgroup_id": 5006,
      "wait_duration_stats_ns": {
        "count": 30.0,
        "sum": 77968903.99999997,
        "mean": 2598963.466666666,
        "median": 196885.28330480287,
        "min": 29378,
        "max": 12225228,
        "variance_ns2": 19227561847601.363,
        "iqr_ns": 2325534.716726266,
        "q1_ns": 67089.61249751855,
        "q3_ns": 2392624.3292237846
      },
      "futex_op_counts": {
        "128": 30
      },
      "first_seen_ts_ns": 11584045270209,
      "last_seen_ts_ns": 11584059290985
    },
    {
      "tgid": 301071,
      "comm": "grpc-health-pro",
      "cgroup_id": 5006,
      "wait_duration_stats_ns": {
        "count": 19.0,
        "sum": 73119377.0,
        "mean": 3848388.2631578944,
        "median": 1814015.6904117065,
        "min": 20466,
        "max": 13138662,
        "variance_ns2": 25081187989841.316,
        "iqr_ns": 4787353.074872,
        "q1_ns": 175930.8,
        "q3_ns": 4963283.874872
      },
      "futex_op_counts": {
        "128": 19
      },
      "first_seen_ts_ns": 11603969983025,
      "last_seen_ts_ns": 11603984894586
    },
    {
      "tgid": 301046,
      "comm": "grpc-health-pro",
      "cgroup_id": 5006,
      "wait_duration_stats_ns": {
        "count": 32.0,
        "sum": 66311581.00000001,
        "mean": 2072236.9062500002,
        "median": 240075.19595047185,
        "min": 5630,
        "max": 12012562,
        "variance_ns2": 16019506023732.797,
        "iqr_ns": 4642839.718766365,
        "q1_ns": 69153.7356649507,
        "q3_ns": 4711993.454431316
      },
      "futex_op_counts": {
        "128": 32
      },
      "first_seen_ts_ns": 11602273724585,
      "last_seen_ts_ns": 11602287356526
    },
    {
      "tgid": 300890,
      "comm": "egress-cni",
      "cgroup_id": 4085,
      "wait_duration_stats_ns": {
        "count": 6.0,
        "sum": 57647434.00000001,
        "mean": 9607905.666666668,
        "median": 9457176.0,
        "min": 306014,
        "max": 18029007,
        "variance_ns2": 36074097162669.86,
        "iqr_ns": 1942017.333333334,
        "q1_ns": 9457176.0,
        "q3_ns": 11399193.333333334
      },
      "futex_op_counts": {
        "128": 6
      },
      "first_seen_ts_ns": 11585215792784,
      "last_seen_ts_ns": 11585228126170
    },
    {
      "tgid": 300692,
      "comm": "grpc-health-pro",
      "cgroup_id": 5006,
      "wait_duration_stats_ns": {
        "count": 18.0,
        "sum": 47903062.0,
        "mean": 2661281.222222222,
        "median": 1136266.1409869776,
        "min": 26914,
        "max": 9812994,
        "variance_ns2": 12130963584408.066,
        "iqr_ns": 3965261.045684738,
        "q1_ns": 161136.2807634165,
        "q3_ns": 4126397.3264481546
      },
      "futex_op_counts": {
        "128": 18
      },
      "first_seen_ts_ns": 11572268486987,
      "last_seen_ts_ns": 11572280037317
    },
    {
      "tgid": 300641,
      "comm": "grpc-health-pro",
      "cgroup_id": 5006,
      "wait_duration_stats_ns": {
        "count": 11.0,
        "sum": 30088112.999999996,
        "mean": 2735282.9999999995,
        "median": 1557034.5138888892,
        "min": 82394,
        "max": 9226321,
        "variance_ns2": 9359037593298.8,
        "iqr_ns": 4622947.926215278,
        "q1_ns": 843767.0737847222,
        "q3_ns": 5466715.0
      },
      "futex_op_counts": {
        "128": 11
      },
      "first_seen_ts_ns": 11562255269754,
      "last_seen_ts_ns": 11562258927850
    },
    {
      "tgid": 300880,
      "comm": "loopback",
      "cgroup_id": 4085,
      "wait_duration_stats_ns": {
        "count": 4.0,
        "sum": 28756753.0,
        "mean": 7189188.25,
        "median": 9563944.0,
        "min": 3282706,
        "max": 9595017,
        "variance_ns2": 9150711719834.918,
        "iqr_ns": 3279931.0,
        "q1_ns": 6315086.0,
        "q3_ns": 9595017.0
      },
      "futex_op_counts": {
        "128": 4
      },
      "first_seen_ts_ns": 11585190044394,
      "last_seen_ts_ns": 11585193371898
    },
    {
      "tgid": 300667,
      "comm": "grpc-health-pro",
      "cgroup_id": 5006,
      "wait_duration_stats_ns": {
        "count": 24.0,
        "sum": 25389867.999999996,
        "mean": 1057911.1666666665,
        "median": 451373.43038407527,
        "min": 9137,
        "max": 5011347,
        "variance_ns2": 2358555319180.4917,
        "iqr_ns": 1197347.223711904,
        "q1_ns": 69435.828125,
        "q3_ns": 1266783.051836904
      },
      "futex_op_counts": {
        "128": 24
      },
      "first_seen_ts_ns": 11563988193790,
      "last_seen_ts_ns": 11563994854427
    },
    {
      "tgid": 301095,
      "comm": "grpc-health-pro",
      "cgroup_id": 5006,
      "wait_duration_stats_ns": {
        "count": 21.0,
        "sum": 18584190.0,
        "mean": 884961.4285714286,
        "median": 288400.11516953877,
        "min": 10999,
        "max": 6806821,
        "variance_ns2": 2307414454716.957,
        "iqr_ns": 805558.3871626984,
        "q1_ns": 64339.11402777777,
        "q3_ns": 869897.5011904762
      },
      "futex_op_counts": {
        "128": 21
      },
      "first_seen_ts_ns": 11612231563130,
      "last_seen_ts_ns": 11612240043285
    },
    {
      "tgid": 300857,
      "comm": "portmap",
      "cgroup_id": 4085,
      "wait_duration_stats_ns": {
        "count": 6.0,
        "sum": 17073772.0,
        "mean": 2845628.6666666665,
        "median": 3766329.0,
        "min": 225239,
        "max": 8017823,
        "variance_ns2": 9681027242529.066,
        "iqr_ns": 1290544.333333333,
        "q1_ns": 2475784.666666667,
        "q3_ns": 3766329.0
      },
      "futex_op_counts": {
        "128": 6
      },
      "first_seen_ts_ns": 11585103593782,
      "last_seen_ts_ns": 11585104350237
    },
    {
      "tgid": 300885,
      "comm": "portmap",
      "cgroup_id": 4085,
      "wait_duration_stats_ns": {
        "count": 6.0,
        "sum": 11215208.0,
        "mean": 1869201.3333333333,
        "median": 53896.0,
        "min": 10996,
        "max": 4935289,
        "variance_ns2": 4509900818859.867,
        "iqr_ns": 1026797.0,
        "q1_ns": 53896.0,
        "q3_ns": 1080693.0
      },
      "futex_op_counts": {
        "128": 6
      },
      "first_seen_ts_ns": 11585200103748,
      "last_seen_ts_ns": 11585203277852
    },
    {
      "tgid": 300862,
      "comm": "egress-cni",
      "cgroup_id": 4085,
      "wait_duration_stats_ns": {
        "count": 5.0,
        "sum": 9752956.0,
        "mean": 1950591.2,
        "median": 2385431.0,
        "min": 7091,
        "max": 3676360,
        "variance_ns2": 3382072769698.2,
        "iqr_ns": 3622200.0,
        "q1_ns": 30937.0,
        "q3_ns": 3653137.0
      },
      "futex_op_counts": {
        "128": 5
      },
      "first_seen_ts_ns": 11585110071161,
      "last_seen_ts_ns": 11585113792328
    },
    {
      "tgid": 300997,
      "comm": "grpc-health-pro",
      "cgroup_id": 5006,
      "wait_duration_stats_ns": {
        "count": 31.0,
        "sum": 8291528.999999998,
        "mean": 267468.6774193548,
        "median": 70508.89176213589,
        "min": 10076,
        "max": 1294961,
        "variance_ns2": 159866123561.8258,
        "iqr_ns": 268191.6955824682,
        "q1_ns": 20485.694481187536,
        "q3_ns": 288677.39006365574
      },
      "futex_op_counts": {
        "128": 31
      },
      "first_seen_ts_ns": 11593933407538,
      "last_seen_ts_ns": 11593935679464
    },
    {
      "tgid": 301176,
      "comm": "grpc-health-pro",
      "cgroup_id": 5006,
      "wait_duration_stats_ns": {
        "count": 28.0,
        "sum": 7106649.0,
        "mean": 253808.89285714287,
        "median": 54476.86049074922,
        "min": 8519,
        "max": 1093502,
        "variance_ns2": 122814571256.61774,
        "iqr_ns": 297243.07757617877,
        "q1_ns": 18049.929212373107,
        "q3_ns": 315293.00678855187
      },
      "futex_op_counts": {
        "128": 28
      },
      "first_seen_ts_ns": 11613863204993,
      "last_seen_ts_ns": 11613865163707
    },
    {
      "tgid": 300852,
      "comm": "loopback",
      "cgroup_id": 4085,
      "wait_duration_stats_ns": {
        "count": 8.0,
        "sum": 5358903.000000001,
        "mean": 669862.8750000001,
        "median": 240743.1111111111,
        "min": 7878,
        "max": 3998879,
        "variance_ns2": 1839448238738.697,
        "iqr_ns": 551596.888888889,
        "q1_ns": 82565.0,
        "q3_ns": 634161.888888889
      },
      "futex_op_counts": {
        "128": 8
      },
      "first_seen_ts_ns": 11585093289480,
      "last_seen_ts_ns": 11585093877275
    },
    {
      "tgid": 300335,
      "comm": "flux-broker-0",
      "cgroup_id": 88492,
      "wait_duration_stats_ns": {
        "count": 301.0,
        "sum": 482058.0000000001,
        "mean": 1601.5215946843857,
        "median": 516.6459639142497,
        "min": 279,
        "max": 13629,
        "variance_ns2": 7976807.650365442,
        "iqr_ns": 711.5312354523116,
        "q1_ns": 377.7807487102298,
        "q3_ns": 1089.3119841625414
      },
      "futex_op_counts": {
        "128": 301
      },
      "first_seen_ts_ns": 11557006188215,
      "last_seen_ts_ns": 11619158389577
    }
  ]
}
[03:24:03] Cleanup complete.
