unlimited
PROGRAM: cpu
Looking for /opt/programs/cpu/ebpf-collect.c
[19:12:36] Waiting for start indicator file: '/mnt/flux/start_ebpf_collection'.
[19:12:37] Start indicator found. Proceeding with monitoring.
[19:12:37] Initializing eBPF for CPU Scheduling monitoring...
[19:12:37] BPF C code compiled and loaded.
[19:12:37] Attached tracepoints.
[19:12:37] Monitoring CPU scheduling events (polling aggregated map)... Press Ctrl+C to stop.
[19:13:43] Stop indicator file '/mnt/flux/stop_ebpf_collection' found. Stopping.
[19:13:43] Initiating cleanup sequence...
{
  "final_aggregated_summary_river": [
    {
      "tgid": 202,
      "comm": "python3",
      "cgroup_id": 79452,
      "on_cpu_stats_ns": {
        "count": 378.0,
        "sum_ns": 13834400.122787975,
        "mean_ns": 36598.94212377771,
        "median_ns": 20100.812602325117,
        "min_ns": 3631.3333333333335,
        "max_ns": 759520.0,
        "variance_ns2": 4883292174.311413,
        "iqr_ns": 15462.742677157472,
        "q1_ns": 10574.853100034394,
        "q3_ns": 26037.595777191866
      },
      "runq_latency_stats_ns": {
        "count": 378.0,
        "sum_ns": 4148807.61573846,
        "mean_ns": 10975.681523117619,
        "median_ns": 9705.172881384351,
        "min_ns": 678.0,
        "max_ns": 270942.0,
        "variance_ns2": 339339657.57093316,
        "iqr_ns": 14729.758805877136,
        "q1_ns": 3768.490314605602,
        "q3_ns": 18498.24912048274
      },
      "first_seen_ts_ns": 1749755557931991817,
      "last_seen_ts_ns": 1749755623464629586,
      "duration_active_s": 65.532637769
    },
    {
      "tgid": 266,
      "comm": "python3",
      "cgroup_id": 79522,
      "on_cpu_stats_ns": {
        "count": 344.0,
        "sum_ns": 11136912.45262708,
        "mean_ns": 32374.745501822905,
        "median_ns": 21275.443028722995,
        "min_ns": 3482.5625,
        "max_ns": 296455.0,
        "variance_ns2": 1839867710.0735064,
        "iqr_ns": 16595.8746905096,
        "q1_ns": 10846.929984788756,
        "q3_ns": 27442.804675298357
      },
      "runq_latency_stats_ns": {
        "count": 343.0,
        "sum_ns": 3493637.5449169073,
        "mean_ns": 10185.532200923928,
        "median_ns": 7229.6731365947335,
        "min_ns": 716.0,
        "max_ns": 56324.0,
        "variance_ns2": 93073377.16307913,
        "iqr_ns": 13236.927556351753,
        "q1_ns": 3219.019981602533,
        "q3_ns": 16455.947537954286
      },
      "first_seen_ts_ns": 1749755557931991817,
      "last_seen_ts_ns": 1749755623159638176,
      "duration_active_s": 65.227646359
    },
    {
      "tgid": 143,
      "comm": "flux-broker-0",
      "cgroup_id": 79592,
      "on_cpu_stats_ns": {
        "count": 149.0,
        "sum_ns": 6271186.4878971195,
        "mean_ns": 42088.49991877261,
        "median_ns": 21204.980105528764,
        "min_ns": 3310.8125,
        "max_ns": 551212.0,
        "variance_ns2": 5410463269.797339,
        "iqr_ns": 12727.529485319923,
        "q1_ns": 11595.490007508692,
        "q3_ns": 24323.019492828615
      },
      "runq_latency_stats_ns": {
        "count": 149.0,
        "sum_ns": 2751872.590163734,
        "mean_ns": 18468.943558145864,
        "median_ns": 8555.040760981707,
        "min_ns": 730.0,
        "max_ns": 1396362.0,
        "variance_ns2": 13019772233.763468,
        "iqr_ns": 8444.080385649773,
        "q1_ns": 3700.268997593309,
        "q3_ns": 12144.349383243083
      },
      "first_seen_ts_ns": 1749755557931991817,
      "last_seen_ts_ns": 1749755621525420884,
      "duration_active_s": 63.593429067
    },
    {
      "tgid": 31,
      "comm": "bash",
      "cgroup_id": 79452,
      "on_cpu_stats_ns": {
        "count": 18.0,
        "sum_ns": 1151097.5,
        "mean_ns": 63949.86111111112,
        "median_ns": 46457.25388888889,
        "min_ns": 6975.0,
        "max_ns": 387178.0,
        "variance_ns2": 9319139309.523693,
        "iqr_ns": 69595.2059811193,
        "q1_ns": 24565.852182539682,
        "q3_ns": 94161.05816365898
      },
      "runq_latency_stats_ns": {
        "count": 18.0,
        "sum_ns": 125872.00000000001,
        "mean_ns": 6992.88888888889,
        "median_ns": 4928.646354166666,
        "min_ns": 703.0,
        "max_ns": 29890.0,
        "variance_ns2": 58264039.39869281,
        "iqr_ns": 7592.297908093276,
        "q1_ns": 2228.359156378601,
        "q3_ns": 9820.657064471878
      },
      "first_seen_ts_ns": 1749755557931991817,
      "last_seen_ts_ns": 1749755607578169469,
      "duration_active_s": 49.646177652
    },
    {
      "tgid": 388,
      "comm": "xhpcg",
      "cgroup_id": 79592,
      "on_cpu_stats_ns": {
        "count": 47.0,
        "sum_ns": 544660.7011904762,
        "mean_ns": 11588.525557244175,
        "median_ns": 12592.65845442499,
        "min_ns": 4211.125,
        "max_ns": 19543.6,
        "variance_ns2": 17525069.94921743,
        "iqr_ns": 7221.634414127823,
        "q1_ns": 7917.244726737087,
        "q3_ns": 15138.87914086491
      },
      "runq_latency_stats_ns": {
        "count": 47.0,
        "sum_ns": 213387.50833333342,
        "mean_ns": 4540.1597517730515,
        "median_ns": 4579.181439328958,
        "min_ns": 1524.3333333333333,
        "max_ns": 9165.75,
        "variance_ns2": 3577931.6541951117,
        "iqr_ns": 3629.4199109541055,
        "q1_ns": 2370.7027044788615,
        "q3_ns": 6000.122615432967
      },
      "first_seen_ts_ns": 1749755559650896709,
      "last_seen_ts_ns": 1749755572603529179,
      "duration_active_s": 12.95263247
    },
    {
      "tgid": 1,
      "comm": "pause",
      "cgroup_id": 79242,
      "on_cpu_stats_ns": {
        "count": 2.0,
        "sum_ns": 524367.0,
        "mean_ns": 262183.5,
        "median_ns": 351262.0,
        "min_ns": 173105.0,
        "max_ns": 351262.0,
        "variance_ns2": 15869958324.5,
        "iqr_ns": 178157.0,
        "q1_ns": 173105.0,
        "q3_ns": 351262.0
      },
      "runq_latency_stats_ns": {
        "count": 2.0,
        "sum_ns": 5188.0,
        "mean_ns": 2594.0,
        "median_ns": 3388.0,
        "min_ns": 1800.0,
        "max_ns": 3388.0,
        "variance_ns2": 1260872.0,
        "iqr_ns": 1588.0,
        "q1_ns": 1800.0,
        "q3_ns": 3388.0
      },
      "first_seen_ts_ns": 1749755599172430435,
      "last_seen_ts_ns": 1749755623464629586,
      "duration_active_s": 24.292199151
    },
    {
      "tgid": 349,
      "comm": "xhpcg",
      "cgroup_id": 79592,
      "on_cpu_stats_ns": {
        "count": 21.0,
        "sum_ns": 445022.0,
        "mean_ns": 21191.52380952381,
        "median_ns": 20762.92706707111,
        "min_ns": 7490.0,
        "max_ns": 37091.0,
        "variance_ns2": 42619160.16190477,
        "iqr_ns": 4662.351423361299,
        "q1_ns": 19351.71596346998,
        "q3_ns": 24014.067386831277
      },
      "runq_latency_stats_ns": {
        "count": 21.0,
        "sum_ns": 127936.0,
        "mean_ns": 6092.190476190476,
        "median_ns": 6623.7143315053645,
        "min_ns": 1837.0,
        "max_ns": 9149.0,
        "variance_ns2": 4805544.361904761,
        "iqr_ns": 1848.596549527977,
        "q1_ns": 5721.8784857142855,
        "q3_ns": 7570.4750352422625
      },
      "first_seen_ts_ns": 1749755568318503338,
      "last_seen_ts_ns": 1749755579484708771,
      "duration_active_s": 11.166205433
    },
    {
      "tgid": 65,
      "comm": "bash",
      "cgroup_id": 79592,
      "on_cpu_stats_ns": {
        "count": 21.0,
        "sum_ns": 338670.8680926917,
        "mean_ns": 16127.18419489008,
        "median_ns": 20343.3527369281,
        "min_ns": 4407.060606060606,
        "max_ns": 27611.0,
        "variance_ns2": 58148746.06872986,
        "iqr_ns": 13231.512509984299,
        "q1_ns": 9155.125872811248,
        "q3_ns": 22386.638382795547
      },
      "runq_latency_stats_ns": {
        "count": 21.0,
        "sum_ns": 241540.0017825312,
        "mean_ns": 11501.9048467872,
        "median_ns": 10833.46984840467,
        "min_ns": 1044.1515151515152,
        "max_ns": 22237.0,
        "variance_ns2": 56387407.28313633,
        "iqr_ns": 11848.982577606708,
        "q1_ns": 7185.039750836452,
        "q3_ns": 19034.02232844316
      },
      "first_seen_ts_ns": 1749755557931991817,
      "last_seen_ts_ns": 1749755621525420884,
      "duration_active_s": 63.593429067
    }
  ]
}
[19:13:43] Cleanup complete. Exiting.
