ln: failed to create symbolic link '/mnt/flux/view/lib/python': File exists
ln: failed to create symbolic link '/mnt/flux/view/lib/python3': File exists
unlimited
PROGRAM: futex
Looking for /opt/programs/futex/ebpf-collect.c
[17:08:49] Starting eBPF (Tracepoints for futex syscalls).
[17:08:49] BPF program loaded and tracepoints automatically attached.
[17:08:49] Start Indicator file defined '/mnt/flux/start_ebpf_collection'. Waiting.
[17:08:50] Start indicator found. Proceeding.
[17:08:50] Ring buffers opened. Polling for events...
[17:09:51] 
Indicator file '/mnt/flux/stop_ebpf_collection' found. Stopping.
[17:09:51] Cleaning up BPF resources...
{
  "final_aggregated_futex_summary_river": [
    {
      "tgid": 7360,
      "comm": "containerd",
      "cgroup_id": 4085,
      "wait_duration_stats_ns": {
        "count": 6151.0,
        "sum": 1243065703577.0046,
        "mean": 202091644.2167135,
        "median": 2102577.6424025786,
        "min": 273,
        "max": 39207016884,
        "variance_ns2": 1.568367057976504e+18,
        "iqr_ns": 54133123.5989941,
        "q1_ns": 156957.80508443317,
        "q3_ns": 54290081.40407853
      },
      "futex_op_counts": {
        "128": 6151
      },
      "first_seen_ts_ns": 1310827042414,
      "last_seen_ts_ns": 1372778972244
    },
    {
      "tgid": 7391,
      "comm": "kubelet",
      "cgroup_id": 4138,
      "wait_duration_stats_ns": {
        "count": 5926.0,
        "sum": 508222857470.0,
        "mean": 85761535.17887276,
        "median": 18697702.27901893,
        "min": 358,
        "max": 13910573176,
        "variance_ns2": 4.6680781794671795e+17,
        "iqr_ns": 38457704.062647104,
        "q1_ns": 2361546.749754969,
        "q3_ns": 40819250.81240208
      },
      "futex_op_counts": {
        "128": 5926
      },
      "first_seen_ts_ns": 1310862322031,
      "last_seen_ts_ns": 1372850644638
    },
    {
      "tgid": 7486,
      "comm": "containerd-shim",
      "cgroup_id": 4085,
      "wait_duration_stats_ns": {
        "count": 691.0,
        "sum": 388090018955.99976,
        "mean": 561635338.5759765,
        "median": 348094.0169905167,
        "min": 387,
        "max": 25267544137,
        "variance_ns2": 2.9208711559923374e+18,
        "iqr_ns": 43270752.83819065,
        "q1_ns": 53861.14025740402,
        "q3_ns": 43324613.978448056
      },
      "futex_op_counts": {
        "128": 691
      },
      "first_seen_ts_ns": 1312683521391,
      "last_seen_ts_ns": 1372777754576
    },
    {
      "tgid": 40430,
      "comm": "containerd-shim",
      "cgroup_id": 4085,
      "wait_duration_stats_ns": {
        "count": 385.0,
        "sum": 304397222967.0001,
        "mean": 790642137.5766237,
        "median": 4440581.879848774,
        "min": 443,
        "max": 29994187243,
        "variance_ns2": 9.557387727713104e+18,
        "iqr_ns": 122416938.01774494,
        "q1_ns": 247350.84687559714,
        "q3_ns": 122664288.86462054
      },
      "futex_op_counts": {
        "128": 385
      },
      "first_seen_ts_ns": 1311397182461,
      "last_seen_ts_ns": 1372856799802
    },
    {
      "tgid": 8846,
      "comm": "coredns",
      "cgroup_id": 5431,
      "wait_duration_stats_ns": {
        "count": 412.0,
        "sum": 266703889999.00015,
        "mean": 647339538.8325247,
        "median": 469032865.4148119,
        "min": 3118,
        "max": 18000682497,
        "variance_ns2": 2.2912346706210724e+18,
        "iqr_ns": 807097480.6890155,
        "q1_ns": 97324781.47892965,
        "q3_ns": 904422262.1679451
      },
      "futex_op_counts": {
        "128": 412
      },
      "first_seen_ts_ns": 1311173399701,
      "last_seen_ts_ns": 1372806255448
    },
    {
      "tgid": 10525,
      "comm": "kube-rbac-proxy",
      "cgroup_id": 6179,
      "wait_duration_stats_ns": {
        "count": 98.0,
        "sum": 249938658422.00012,
        "mean": 2550394473.6938787,
        "median": 3173422578.0084243,
        "min": 2744,
        "max": 19959976517,
        "variance_ns2": 1.1422239092397527e+19,
        "iqr_ns": 4967602651.075763,
        "q1_ns": 65322121.471776664,
        "q3_ns": 5032924772.54754
      },
      "futex_op_counts": {
        "128": 98
      },
      "first_seen_ts_ns": 1318760038077,
      "last_seen_ts_ns": 1368757099087
    },
    {
      "tgid": 8848,
      "comm": "coredns",
      "cgroup_id": 5501,
      "wait_duration_stats_ns": {
        "count": 393.0,
        "sum": 244230172393.99997,
        "mean": 621450820.3409668,
        "median": 474634853.6262328,
        "min": 838,
        "max": 13044629935,
        "variance_ns2": 1.1441861737538803e+18,
        "iqr_ns": 808984608.8948253,
        "q1_ns": 98151601.3047917,
        "q3_ns": 907136210.199617
      },
      "futex_op_counts": {
        "128": 393
      },
      "first_seen_ts_ns": 1311175221038,
      "last_seen_ts_ns": 1372808180856
    },
    {
      "tgid": 40100,
      "comm": "containerd-shim",
      "cgroup_id": 4085,
      "wait_duration_stats_ns": {
        "count": 59.0,
        "sum": 240268096834.99997,
        "mean": 4072340624.3220334,
        "median": 1302696930.3678467,
        "min": 641,
        "max": 30000780964,
        "variance_ns2": 4.326704337083271e+19,
        "iqr_ns": 4961838426.17597,
        "q1_ns": 139340373.05987474,
        "q3_ns": 5101178799.235845
      },
      "futex_op_counts": {
        "128": 59
      },
      "first_seen_ts_ns": 1316237645679,
      "last_seen_ts_ns": 1372776678737
    },
    {
      "tgid": 8685,
      "comm": "containerd-shim",
      "cgroup_id": 4085,
      "wait_duration_stats_ns": {
        "count": 56.0,
        "sum": 240259241114.00003,
        "mean": 4290343591.3214293,
        "median": 721777746.4539114,
        "min": 9756,
        "max": 29999436008,
        "variance_ns2": 5.143992607051195e+19,
        "iqr_ns": 5169729242.108879,
        "q1_ns": 137218554.26724583,
        "q3_ns": 5306947796.376125
      },
      "futex_op_counts": {
        "128": 56
      },
      "first_seen_ts_ns": 1313075798978,
      "last_seen_ts_ns": 1372774455559
    },
    {
      "tgid": 8683,
      "comm": "containerd-shim",
      "cgroup_id": 4085,
      "wait_duration_stats_ns": {
        "count": 57.0,
        "sum": 239839029198.99994,
        "mean": 4207702266.6491218,
        "median": 1045804395.7323079,
        "min": 2087,
        "max": 29997172233,
        "variance_ns2": 4.300384624694865e+19,
        "iqr_ns": 5010914258.132776,
        "q1_ns": 200369629.74286824,
        "q3_ns": 5211283887.875645
      },
      "futex_op_counts": {
        "128": 57
      },
      "first_seen_ts_ns": 1313075196403,
      "last_seen_ts_ns": 1372778161534
    },
    {
      "tgid": 9853,
      "comm": "metrics-server",
      "cgroup_id": 5921,
      "wait_duration_stats_ns": {
        "count": 1036.0,
        "sum": 237971895376.9999,
        "mean": 229702601.71525088,
        "median": 114048407.14562356,
        "min": 4695,
        "max": 30000407881,
        "variance_ns2": 1.5137761571757663e+18,
        "iqr_ns": 110990568.89935076,
        "q1_ns": 58821391.412060946,
        "q3_ns": 169811960.3114117
      },
      "futex_op_counts": {
        "128": 1036
      },
      "first_seen_ts_ns": 1311064884624,
      "last_seen_ts_ns": 1372784992302
    },
    {
      "tgid": 9851,
      "comm": "metrics-server",
      "cgroup_id": 5851,
      "wait_duration_stats_ns": {
        "count": 1051.0,
        "sum": 232163078561.99982,
        "mean": 220897315.4728828,
        "median": 115671297.88879116,
        "min": 548,
        "max": 30000911410,
        "variance_ns2": 1.2968520566997478e+18,
        "iqr_ns": 99804928.68325299,
        "q1_ns": 70340763.70341939,
        "q3_ns": 170145692.38667238
      },
      "futex_op_counts": {
        "128": 1051
      },
      "first_seen_ts_ns": 1310863454017,
      "last_seen_ts_ns": 1372756951568
    },
    {
      "tgid": 9397,
      "comm": "containerd-shim",
      "cgroup_id": 4085,
      "wait_duration_stats_ns": {
        "count": 57.0,
        "sum": 231924248026.00006,
        "mean": 4068846456.5964923,
        "median": 2129100211.6375172,
        "min": 493,
        "max": 30009182097,
        "variance_ns2": 3.9846692146183094e+19,
        "iqr_ns": 4794156222.11563,
        "q1_ns": 180259679.62388438,
        "q3_ns": 4974415901.739514
      },
      "futex_op_counts": {
        "128": 57
      },
      "first_seen_ts_ns": 1321020210575,
      "last_seen_ts_ns": 1372778430010
    },
    {
      "tgid": 7488,
      "comm": "containerd-shim",
      "cgroup_id": 4085,
      "wait_duration_stats_ns": {
        "count": 66.0,
        "sum": 230041016166.99994,
        "mean": 3485469941.9242415,
        "median": 547967117.623858,
        "min": 522,
        "max": 30021508675,
        "variance_ns2": 3.976184198588444e+19,
        "iqr_ns": 4436815099.147679,
        "q1_ns": 111246045.43067744,
        "q3_ns": 4548061144.578357
      },
      "futex_op_counts": {
        "128": 66
      },
      "first_seen_ts_ns": 1322695026652,
      "last_seen_ts_ns": 1372777042483
    },
    {
      "tgid": 7921,
      "comm": "aws-k8s-agent",
      "cgroup_id": 5011,
      "wait_duration_stats_ns": {
        "count": 264.0,
        "sum": 211043833233.9999,
        "mean": 799408459.2196966,
        "median": 37179317.123781815,
        "min": 4755,
        "max": 14542263917,
        "variance_ns2": 4.0419365272778563e+18,
        "iqr_ns": 1004225730.157431,
        "q1_ns": 605074.1861418666,
        "q3_ns": 1004830804.3435729
      },
      "futex_op_counts": {
        "128": 264
      },
      "first_seen_ts_ns": 1312400035277,
      "last_seen_ts_ns": 1372464378276
    },
    {
      "tgid": 10440,
      "comm": "containerd-shim",
      "cgroup_id": 4085,
      "wait_duration_stats_ns": {
        "count": 88.0,
        "sum": 210249628718.0,
        "mean": 2389200326.340909,
        "median": 156357553.64609307,
        "min": 13871,
        "max": 29995643911,
        "variance_ns2": 2.056311059302109e+19,
        "iqr_ns": 4598732544.970669,
        "q1_ns": 5593855.0746258,
        "q3_ns": 4604326400.045295
      },
      "futex_op_counts": {
        "128": 88
      },
      "first_seen_ts_ns": 1312681760404,
      "last_seen_ts_ns": 1372776193190
    },
    {
      "tgid": 9778,
      "comm": "containerd-shim",
      "cgroup_id": 4085,
      "wait_duration_stats_ns": {
        "count": 55.0,
        "sum": 210225760159.99997,
        "mean": 3822286548.363636,
        "median": 825378066.9180504,
        "min": 532,
        "max": 29986556814,
        "variance_ns2": 4.201419448263506e+19,
        "iqr_ns": 5297878992.418114,
        "q1_ns": 172727483.71786985,
        "q3_ns": 5470606476.135983
      },
      "futex_op_counts": {
        "128": 55
      },
      "first_seen_ts_ns": 1321991131373,
      "last_seen_ts_ns": 1372775891630
    },
    {
      "tgid": 10589,
      "comm": "manager",
      "cgroup_id": 6249,
      "wait_duration_stats_ns": {
        "count": 488.0,
        "sum": 198008453784.00003,
        "mean": 405755028.2459017,
        "median": 302480753.0381851,
        "min": 3724,
        "max": 16214632010,
        "variance_ns2": 1.0211415992247109e+18,
        "iqr_ns": 455900479.89657617,
        "q1_ns": 44766554.22376025,
        "q3_ns": 500667034.1203364
      },
      "futex_op_counts": {
        "128": 488
      },
      "first_seen_ts_ns": 1311346637330,
      "last_seen_ts_ns": 1372769591315
    },
    {
      "tgid": 8052,
      "comm": "controller",
      "cgroup_id": 5081,
      "wait_duration_stats_ns": {
        "count": 268.0,
        "sum": 171572271802.00012,
        "mean": 640195044.0373139,
        "median": 494886769.17637515,
        "min": 41684,
        "max": 10000086000,
        "variance_ns2": 1.4900364578637873e+18,
        "iqr_ns": 18982272.2672168,
        "q1_ns": 481513918.72829163,
        "q3_ns": 500496190.99550843
      },
      "futex_op_counts": {
        "128": 268
      },
      "first_seen_ts_ns": 1311455389594,
      "last_seen_ts_ns": 1372455877470
    },
    {
      "tgid": 7635,
      "comm": "kube-proxy",
      "cgroup_id": 4871,
      "wait_duration_stats_ns": {
        "count": 97.0,
        "sum": 141457475428.00006,
        "mean": 1458324488.9484541,
        "median": 303055459.9926566,
        "min": 17633,
        "max": 15125586526,
        "variance_ns2": 7.001413613015638e+18,
        "iqr_ns": 3041237044.1065187,
        "q1_ns": 26051172.747694492,
        "q3_ns": 3067288216.854213
      },
      "futex_op_counts": {
        "128": 97
      },
      "first_seen_ts_ns": 1315064898863,
      "last_seen_ts_ns": 1370065956337
    },
    {
      "tgid": 7394,
      "comm": "ssm-agent-worke",
      "cgroup_id": 3429,
      "wait_duration_stats_ns": {
        "count": 101.0,
        "sum": 131568955675.99998,
        "mean": 1302662927.4851484,
        "median": 1311098463.3923564,
        "min": 2855,
        "max": 7530782443,
        "variance_ns2": 1.121388753180163e+18,
        "iqr_ns": 1563006695.1561275,
        "q1_ns": 488571050.29676235,
        "q3_ns": 2051577745.45289
      },
      "futex_op_counts": {
        "128": 101
      },
      "first_seen_ts_ns": 1311636638019,
      "last_seen_ts_ns": 1371420144709
    },
    {
      "tgid": 7277,
      "comm": "amazon-ssm-agen",
      "cgroup_id": 3429,
      "wait_duration_stats_ns": {
        "count": 24.0,
        "sum": 3993062197.9999995,
        "mean": 166377591.5833333,
        "median": 67612.58074462056,
        "min": 2586,
        "max": 996884642,
        "variance_ns2": 1.4388327481195058e+17,
        "iqr_ns": 95348370.51819678,
        "q1_ns": 6004.215637860079,
        "q3_ns": 95354374.73383464
      },
      "futex_op_counts": {
        "128": 24
      },
      "first_seen_ts_ns": 1352237584873,
      "last_seen_ts_ns": 1353238153068
    },
    {
      "tgid": 41478,
      "comm": "runc",
      "cgroup_id": 4085,
      "wait_duration_stats_ns": {
        "count": 311.0,
        "sum": 3284714548.9999995,
        "mean": 10561783.115755625,
        "median": 2862312.72706753,
        "min": 961,
        "max": 440252273,
        "variance_ns2": 1425889927055350.8,
        "iqr_ns": 18465026.611026347,
        "q1_ns": 49288.15025400807,
        "q3_ns": 18514314.761280354
      },
      "futex_op_counts": {
        "128": 311
      },
      "first_seen_ts_ns": 1358015901347,
      "last_seen_ts_ns": 1358490513917
    },
    {
      "tgid": 41171,
      "comm": "runc",
      "cgroup_id": 4085,
      "wait_duration_stats_ns": {
        "count": 301.0,
        "sum": 3156283959.0000014,
        "mean": 10485993.219269108,
        "median": 1428372.9921282816,
        "min": 814,
        "max": 438324550,
        "variance_ns2": 1587318208674024.8,
        "iqr_ns": 11146302.809299821,
        "q1_ns": 62306.19996226132,
        "q3_ns": 11208609.009262083
      },
      "futex_op_counts": {
        "128": 301
      },
      "first_seen_ts_ns": 1328010034724,
      "last_seen_ts_ns": 1328470666751
    },
    {
      "tgid": 41120,
      "comm": "runc",
      "cgroup_id": 4085,
      "wait_duration_stats_ns": {
        "count": 259.0,
        "sum": 3084974996.9999995,
        "mean": 11911100.374517372,
        "median": 4440619.491802439,
        "min": 662,
        "max": 415741612,
        "variance_ns2": 1981001062282374.0,
        "iqr_ns": 11238370.16534044,
        "q1_ns": 63323.142764689874,
        "q3_ns": 11301693.30810513
      },
      "futex_op_counts": {
        "128": 259
      },
      "first_seen_ts_ns": 1318030036126,
      "last_seen_ts_ns": 1318490615889
    },
    {
      "tgid": 41329,
      "comm": "runc",
      "cgroup_id": 4085,
      "wait_duration_stats_ns": {
        "count": 267.0,
        "sum": 2941876955.999999,
        "mean": 11018265.752808984,
        "median": 908933.5934700095,
        "min": 6562,
        "max": 408148131,
        "variance_ns2": 1877511884856630.0,
        "iqr_ns": 12883002.959248252,
        "q1_ns": 27792.864067195886,
        "q3_ns": 12910795.823315447
      },
      "futex_op_counts": {
        "128": 267
      },
      "first_seen_ts_ns": 1338010037491,
      "last_seen_ts_ns": 1338430727732
    },
    {
      "tgid": 41352,
      "comm": "runc",
      "cgroup_id": 4085,
      "wait_duration_stats_ns": {
        "count": 239.0,
        "sum": 2494175040.0000005,
        "mean": 10435878.828451885,
        "median": 1826244.7246796857,
        "min": 551,
        "max": 290293976,
        "variance_ns2": 1320399869511705.2,
        "iqr_ns": 14407477.66983355,
        "q1_ns": 58406.12061718537,
        "q3_ns": 14465883.790450735
      },
      "futex_op_counts": {
        "128": 239
      },
      "first_seen_ts_ns": 1343220035076,
      "last_seen_ts_ns": 1343650617379
    },
    {
      "tgid": 41377,
      "comm": "runc",
      "cgroup_id": 4085,
      "wait_duration_stats_ns": {
        "count": 282.0,
        "sum": 2431517489.9999995,
        "mean": 8622402.44680851,
        "median": 271862.5265580189,
        "min": 493,
        "max": 330523201,
        "variance_ns2": 1624687739804507.5,
        "iqr_ns": 9695392.196363518,
        "q1_ns": 47332.520989442295,
        "q3_ns": 9742724.71735296
      },
      "futex_op_counts": {
        "128": 282
      },
      "first_seen_ts_ns": 1348010047117,
      "last_seen_ts_ns": 1348380662547
    },
    {
      "tgid": 41501,
      "comm": "runc",
      "cgroup_id": 4085,
      "wait_duration_stats_ns": {
        "count": 343.0,
        "sum": 1835472594.9999993,
        "mean": 5351232.055393584,
        "median": 240314.88592660372,
        "min": 4003,
        "max": 244834517,
        "variance_ns2": 778643488695371.2,
        "iqr_ns": 6107764.236907296,
        "q1_ns": 27871.418493657337,
        "q3_ns": 6135635.655400953
      },
      "futex_op_counts": {
        "128": 343
      },
      "first_seen_ts_ns": 1363220213631,
      "last_seen_ts_ns": 1363510696549
    },
    {
      "tgid": 41217,
      "comm": "xhpcg",
      "cgroup_id": 14648,
      "wait_duration_stats_ns": {
        "count": 269.0,
        "sum": 1823173258.999999,
        "mean": 6777595.758364309,
        "median": 4950722.704419667,
        "min": 16105,
        "max": 39263913,
        "variance_ns2": 36975003945002.13,
        "iqr_ns": 3107594.181840926,
        "q1_ns": 3820802.1693654065,
        "q3_ns": 6928396.351206332
      },
      "futex_op_counts": {
        "128": 269
      },
      "first_seen_ts_ns": 1330790354880,
      "last_seen_ts_ns": 1349386598849
    },
    {
      "tgid": 41094,
      "comm": "runc",
      "cgroup_id": 4085,
      "wait_duration_stats_ns": {
        "count": 353.0,
        "sum": 1795977865.9999998,
        "mean": 5087755.994334277,
        "median": 203892.7605621267,
        "min": 4250,
        "max": 287783981,
        "variance_ns2": 867796645536235.6,
        "iqr_ns": 1242458.8140310897,
        "q1_ns": 21044.0425196476,
        "q3_ns": 1263502.8565507373
      },
      "futex_op_counts": {
        "128": 353
      },
      "first_seen_ts_ns": 1313220034039,
      "last_seen_ts_ns": 1313530692277
    },
    {
      "tgid": 41219,
      "comm": "xhpcg",
      "cgroup_id": 14648,
      "wait_duration_stats_ns": {
        "count": 204.0,
        "sum": 1753514997.0,
        "mean": 8595661.75,
        "median": 5696647.476041004,
        "min": 12612,
        "max": 39207056,
        "variance_ns2": 49732417981270.37,
        "iqr_ns": 8703763.511108601,
        "q1_ns": 3892758.5339544783,
        "q3_ns": 12596522.04506308
      },
      "futex_op_counts": {
        "128": 204
      },
      "first_seen_ts_ns": 1330790224308,
      "last_seen_ts_ns": 1349387459774
    },
    {
      "tgid": 41145,
      "comm": "runc",
      "cgroup_id": 4085,
      "wait_duration_stats_ns": {
        "count": 411.0,
        "sum": 1741479585.9999995,
        "mean": 4237176.608272505,
        "median": 476463.10128117516,
        "min": 588,
        "max": 250540684,
        "variance_ns2": 520615970929575.6,
        "iqr_ns": 605181.9177639761,
        "q1_ns": 17816.241215577524,
        "q3_ns": 622998.1589795536
      },
      "futex_op_counts": {
        "128": 411
      },
      "first_seen_ts_ns": 1323223042810,
      "last_seen_ts_ns": 1323524887875
    },
    {
      "tgid": 41226,
      "comm": "xhpcg",
      "cgroup_id": 14648,
      "wait_duration_stats_ns": {
        "count": 237.0,
        "sum": 1708991867.0,
        "mean": 7210936.147679325,
        "median": 4986998.5183786955,
        "min": 17760,
        "max": 39246914,
        "variance_ns2": 39431433020710.086,
        "iqr_ns": 8244353.652172025,
        "q1_ns": 3304273.708546148,
        "q3_ns": 11548627.360718174
      },
      "futex_op_counts": {
        "128": 237
      },
      "first_seen_ts_ns": 1330790399671,
      "last_seen_ts_ns": 1349386734195
    },
    {
      "tgid": 41203,
      "comm": "xhpcg",
      "cgroup_id": 14648,
      "wait_duration_stats_ns": {
        "count": 177.0,
        "sum": 1704296664.9999993,
        "mean": 9628794.71751412,
        "median": 8398033.232832959,
        "min": 132765,
        "max": 39173001,
        "variance_ns2": 52979359375208.59,
        "iqr_ns": 8868565.442433441,
        "q1_ns": 4078840.8569578477,
        "q3_ns": 12947406.299391288
      },
      "futex_op_counts": {
        "128": 177
      },
      "first_seen_ts_ns": 1330790235934,
      "last_seen_ts_ns": 1349387448802
    },
    {
      "tgid": 41202,
      "comm": "xhpcg",
      "cgroup_id": 14648,
      "wait_duration_stats_ns": {
        "count": 193.0,
        "sum": 1687386181.0000005,
        "mean": 8742933.580310883,
        "median": 6888559.025818353,
        "min": 12938,
        "max": 39159114,
        "variance_ns2": 49608992124485.57,
        "iqr_ns": 7878559.422528707,
        "q1_ns": 3777168.4628019584,
        "q3_ns": 11655727.885330666
      },
      "futex_op_counts": {
        "128": 193
      },
      "first_seen_ts_ns": 1330790242384,
      "last_seen_ts_ns": 1349386373775
    },
    {
      "tgid": 41211,
      "comm": "xhpcg",
      "cgroup_id": 14648,
      "wait_duration_stats_ns": {
        "count": 169.0,
        "sum": 1682730441.9999998,
        "mean": 9956984.863905324,
        "median": 9507926.436607974,
        "min": 12838,
        "max": 39268579,
        "variance_ns2": 56169653420948.71,
        "iqr_ns": 10065011.397551196,
        "q1_ns": 3647005.41602918,
        "q3_ns": 13712016.813580375
      },
      "futex_op_counts": {
        "128": 169
      },
      "first_seen_ts_ns": 1330790357850,
      "last_seen_ts_ns": 1349386987488
    },
    {
      "tgid": 41200,
      "comm": "xhpcg",
      "cgroup_id": 14648,
      "wait_duration_stats_ns": {
        "count": 199.0,
        "sum": 1682309676.9999988,
        "mean": 8453817.472361803,
        "median": 5659003.75543397,
        "min": 56755,
        "max": 39262305,
        "variance_ns2": 45670453111041.14,
        "iqr_ns": 8309483.267685177,
        "q1_ns": 3831723.696043355,
        "q3_ns": 12141206.963728532
      },
      "futex_op_counts": {
        "128": 199
      },
      "first_seen_ts_ns": 1330791302290,
      "last_seen_ts_ns": 1349386433856
    },
    {
      "tgid": 41199,
      "comm": "xhpcg",
      "cgroup_id": 14648,
      "wait_duration_stats_ns": {
        "count": 172.0,
        "sum": 1677215270.0000005,
        "mean": 9751251.569767445,
        "median": 8803072.817580147,
        "min": 13861,
        "max": 39695809,
        "variance_ns2": 52159206052876.914,
        "iqr_ns": 9100594.736677507,
        "q1_ns": 3911255.6197365224,
        "q3_ns": 13011850.35641403
      },
      "futex_op_counts": {
        "128": 172
      },
      "first_seen_ts_ns": 1330790278035,
      "last_seen_ts_ns": 1349387281265
    },
    {
      "tgid": 41221,
      "comm": "xhpcg",
      "cgroup_id": 14648,
      "wait_duration_stats_ns": {
        "count": 201.0,
        "sum": 1668931457.9999998,
        "mean": 8303141.582089551,
        "median": 6287513.085614845,
        "min": 24794,
        "max": 39255265,
        "variance_ns2": 48814532788109.06,
        "iqr_ns": 6778662.96985868,
        "q1_ns": 3574845.8822701443,
        "q3_ns": 10353508.852128824
      },
      "futex_op_counts": {
        "128": 201
      },
      "first_seen_ts_ns": 1330790340278,
      "last_seen_ts_ns": 1349387109781
    },
    {
      "tgid": 41213,
      "comm": "xhpcg",
      "cgroup_id": 14648,
      "wait_duration_stats_ns": {
        "count": 201.0,
        "sum": 1661377034.0000007,
        "mean": 8265557.383084581,
        "median": 6947031.722223845,
        "min": 11916,
        "max": 39055115,
        "variance_ns2": 43174894674877.13,
        "iqr_ns": 8800618.782688532,
        "q1_ns": 3387616.548690512,
        "q3_ns": 12188235.331379045
      },
      "futex_op_counts": {
        "128": 201
      },
      "first_seen_ts_ns": 1330786987361,
      "last_seen_ts_ns": 1349386341525
    },
    {
      "tgid": 41205,
      "comm": "xhpcg",
      "cgroup_id": 14648,
      "wait_duration_stats_ns": {
        "count": 180.0,
        "sum": 1645299861.0,
        "mean": 9140554.783333333,
        "median": 8455863.320021754,
        "min": 47431,
        "max": 39289282,
        "variance_ns2": 48917143435804.95,
        "iqr_ns": 8043217.427558436,
        "q1_ns": 3818618.0902881036,
        "q3_ns": 11861835.51784654
      },
      "futex_op_counts": {
        "128": 180
      },
      "first_seen_ts_ns": 1330790355208,
      "last_seen_ts_ns": 1349386632090
    },
    {
      "tgid": 41201,
      "comm": "xhpcg",
      "cgroup_id": 14648,
      "wait_duration_stats_ns": {
        "count": 210.0,
        "sum": 1644083037.0000007,
        "mean": 7828966.842857147,
        "median": 6091181.004875572,
        "min": 16125,
        "max": 39470764,
        "variance_ns2": 41318778152806.13,
        "iqr_ns": 7497954.312898319,
        "q1_ns": 3663558.621895688,
        "q3_ns": 11161512.934794007
      },
      "futex_op_counts": {
        "128": 210
      },
      "first_seen_ts_ns": 1330790284025,
      "last_seen_ts_ns": 1349387248470
    },
    {
      "tgid": 41209,
      "comm": "xhpcg",
      "cgroup_id": 14648,
      "wait_duration_stats_ns": {
        "count": 210.0,
        "sum": 1633616093.0000005,
        "mean": 7779124.252380955,
        "median": 5535493.503497709,
        "min": 20038,
        "max": 39001038,
        "variance_ns2": 42054726865037.13,
        "iqr_ns": 8750867.754857322,
        "q1_ns": 3384736.817038247,
        "q3_ns": 12135604.57189557
      },
      "futex_op_counts": {
        "128": 210
      },
      "first_seen_ts_ns": 1330790379386,
      "last_seen_ts_ns": 1349386389466
    },
    {
      "tgid": 41453,
      "comm": "runc",
      "cgroup_id": 4085,
      "wait_duration_stats_ns": {
        "count": 226.0,
        "sum": 1624782981.9999998,
        "mean": 7189305.230088495,
        "median": 274663.87727343885,
        "min": 4625,
        "max": 227244538,
        "variance_ns2": 1434200529613920.2,
        "iqr_ns": 3552725.6090479167,
        "q1_ns": 33248.42409781208,
        "q3_ns": 3585974.033145729
      },
      "futex_op_counts": {
        "128": 226
      },
      "first_seen_ts_ns": 1353220228405,
      "last_seen_ts_ns": 1353470546937
    },
    {
      "tgid": 41215,
      "comm": "xhpcg",
      "cgroup_id": 14648,
      "wait_duration_stats_ns": {
        "count": 192.0,
        "sum": 1604530120.9999988,
        "mean": 8356927.71354166,
        "median": 6110739.83947453,
        "min": 76630,
        "max": 39355991,
        "variance_ns2": 46065453828417.914,
        "iqr_ns": 8542418.058209222,
        "q1_ns": 3375377.388422546,
        "q3_ns": 11917795.446631767
      },
      "futex_op_counts": {
        "128": 192
      },
      "first_seen_ts_ns": 1330790334823,
      "last_seen_ts_ns": 1349386632125
    },
    {
      "tgid": 41207,
      "comm": "xhpcg",
      "cgroup_id": 14648,
      "wait_duration_stats_ns": {
        "count": 192.0,
        "sum": 1582121150.9999998,
        "mean": 8240214.328124999,
        "median": 7162912.6168994205,
        "min": 1689,
        "max": 38898250,
        "variance_ns2": 41545502184807.914,
        "iqr_ns": 9022717.26523203,
        "q1_ns": 3131668.833176034,
        "q3_ns": 12154386.098408064
      },
      "futex_op_counts": {
        "128": 192
      },
      "first_seen_ts_ns": 1330787094287,
      "last_seen_ts_ns": 1349387735615
    },
    {
      "tgid": 41224,
      "comm": "xhpcg",
      "cgroup_id": 14648,
      "wait_duration_stats_ns": {
        "count": 197.0,
        "sum": 1575336371.999999,
        "mean": 7996631.329949234,
        "median": 5645311.57459654,
        "min": 30450,
        "max": 39296369,
        "variance_ns2": 45863934605601.01,
        "iqr_ns": 8786984.419718748,
        "q1_ns": 3051306.586813236,
        "q3_ns": 11838291.006531984
      },
      "futex_op_counts": {
        "128": 197
      },
      "first_seen_ts_ns": 1330790305366,
      "last_seen_ts_ns": 1349387874877
    },
    {
      "tgid": 41465,
      "comm": "runc:[2:INIT]",
      "cgroup_id": 5011,
      "wait_duration_stats_ns": {
        "count": 23.0,
        "sum": 1205558152.0,
        "mean": 52415571.82608695,
        "median": 30569422.941868715,
        "min": 8501,
        "max": 197184595,
        "variance_ns2": 6159823524608513.0,
        "iqr_ns": 81883059.45514508,
        "q1_ns": 2779336.727163536,
        "q3_ns": 84662396.18230861
      },
      "futex_op_counts": {
        "128": 23
      },
      "first_seen_ts_ns": 1353247095342,
      "last_seen_ts_ns": 1353500037801
    },
    {
      "tgid": 41132,
      "comm": "runc:[2:INIT]",
      "cgroup_id": 5011,
      "wait_duration_stats_ns": {
        "count": 25.0,
        "sum": 1102113770.0,
        "mean": 44084550.8,
        "median": 29272739.675761245,
        "min": 3962,
        "max": 139823809,
        "variance_ns2": 1821859016495656.2,
        "iqr_ns": 34174103.29965101,
        "q1_ns": 27333729.96721426,
        "q3_ns": 61507833.26686527
      },
      "futex_op_counts": {
        "128": 25
      },
      "first_seen_ts_ns": 1318280036895,
      "last_seen_ts_ns": 1318510057083
    },
    {
      "tgid": 41363,
      "comm": "runc:[2:INIT]",
      "cgroup_id": 5011,
      "wait_duration_stats_ns": {
        "count": 28.0,
        "sum": 1065548710.9999998,
        "mean": 38055311.10714285,
        "median": 23423584.81229443,
        "min": 8757836,
        "max": 139872025,
        "variance_ns2": 1138942238190493.2,
        "iqr_ns": 24634739.449427336,
        "q1_ns": 17514551.150193334,
        "q3_ns": 42149290.59962067
      },
      "futex_op_counts": {
        "128": 28
      },
      "first_seen_ts_ns": 1343440035236,
      "last_seen_ts_ns": 1343670036771
    },
    {
      "tgid": 41388,
      "comm": "runc:[2:INIT]",
      "cgroup_id": 5011,
      "wait_duration_stats_ns": {
        "count": 27.0,
        "sum": 1055620801.0000001,
        "mean": 39097066.70370371,
        "median": 15058721.158806428,
        "min": 16160,
        "max": 189875684,
        "variance_ns2": 3093534765436546.5,
        "iqr_ns": 32561197.489638835,
        "q1_ns": 10616504.322603762,
        "q3_ns": 43177701.8122426
      },
      "futex_op_counts": {
        "128": 27
      },
      "first_seen_ts_ns": 1348160032244,
      "last_seen_ts_ns": 1348383575362
    },
    {
      "tgid": 41340,
      "comm": "runc:[2:INIT]",
      "cgroup_id": 5011,
      "wait_duration_stats_ns": {
        "count": 28.0,
        "sum": 1044983158.9999996,
        "mean": 37320827.10714284,
        "median": 24918054.93687644,
        "min": 8649783,
        "max": 129866821,
        "variance_ns2": 942699115611159.1,
        "iqr_ns": 27992910.523657702,
        "q1_ns": 17120493.568677835,
        "q3_ns": 45113404.09233554
      },
      "futex_op_counts": {
        "128": 28
      },
      "first_seen_ts_ns": 1338230034635,
      "last_seen_ts_ns": 1338450037247
    },
    {
      "tgid": 41512,
      "comm": "runc:[2:INIT]",
      "cgroup_id": 5011,
      "wait_duration_stats_ns": {
        "count": 22.0,
        "sum": 1006865105.0000001,
        "mean": 45766595.68181819,
        "median": 28629517.18633127,
        "min": 54047,
        "max": 159879869,
        "variance_ns2": 2651066352538751.0,
        "iqr_ns": 39068278.165727854,
        "q1_ns": 25839139.096218884,
        "q3_ns": 64907417.26194674
      },
      "futex_op_counts": {
        "128": 22
      },
      "first_seen_ts_ns": 1363320033661,
      "last_seen_ts_ns": 1363530053444
    },
    {
      "tgid": 41104,
      "comm": "runc:[2:INIT]",
      "cgroup_id": 5011,
      "wait_duration_stats_ns": {
        "count": 26.0,
        "sum": 994122180.9999998,
        "mean": 38235468.49999999,
        "median": 17008115.01612879,
        "min": 621,
        "max": 179949454,
        "variance_ns2": 3062861963981110.5,
        "iqr_ns": 44495821.17091045,
        "q1_ns": 9249480.080502823,
        "q3_ns": 53745301.25141327
      },
      "futex_op_counts": {
        "128": 26
      },
      "first_seen_ts_ns": 1313340044202,
      "last_seen_ts_ns": 1313540037773
    },
    {
      "tgid": 41182,
      "comm": "runc:[2:INIT]",
      "cgroup_id": 5011,
      "wait_duration_stats_ns": {
        "count": 31.0,
        "sum": 966385541.0000001,
        "mean": 31173727.12903226,
        "median": 22263647.96363729,
        "min": 24934,
        "max": 81586434,
        "variance_ns2": 384306034236005.4,
        "iqr_ns": 23071355.348389387,
        "q1_ns": 19942354.288024344,
        "q3_ns": 43013709.63641373
      },
      "futex_op_counts": {
        "128": 31
      },
      "first_seen_ts_ns": 1328270031637,
      "last_seen_ts_ns": 1328490036935
    },
    {
      "tgid": 41489,
      "comm": "runc:[2:INIT]",
      "cgroup_id": 5011,
      "wait_duration_stats_ns": {
        "count": 27.0,
        "sum": 883624991.0,
        "mean": 32726851.51851852,
        "median": 22261223.02519981,
        "min": 8851782,
        "max": 99855326,
        "variance_ns2": 537307514860716.3,
        "iqr_ns": 19157164.348904114,
        "q1_ns": 17104092.848892782,
        "q3_ns": 36261257.197796896
      },
      "futex_op_counts": {
        "128": 27
      },
      "first_seen_ts_ns": 1358320034396,
      "last_seen_ts_ns": 1358510034218
    },
    {
      "tgid": 41066,
      "comm": "xhpcg",
      "cgroup_id": 14648,
      "wait_duration_stats_ns": {
        "count": 123.0,
        "sum": 765916514.0000002,
        "mean": 6226963.528455286,
        "median": 3819276.0896119284,
        "min": 58956,
        "max": 24033975,
        "variance_ns2": 32020486440395.285,
        "iqr_ns": 7116845.424227241,
        "q1_ns": 2192164.445179586,
        "q3_ns": 9309009.869406827
      },
      "futex_op_counts": {
        "128": 123
      },
      "first_seen_ts_ns": 1312250513548,
      "last_seen_ts_ns": 1329972927354
    },
    {
      "tgid": 41049,
      "comm": "xhpcg",
      "cgroup_id": 14648,
      "wait_duration_stats_ns": {
        "count": 111.0,
        "sum": 744766608.9999998,
        "mean": 6709609.090090088,
        "median": 4553201.077531113,
        "min": 14330,
        "max": 23960674,
        "variance_ns2": 33281386973865.79,
        "iqr_ns": 7781855.568267267,
        "q1_ns": 2180311.8991773766,
        "q3_ns": 9962167.467444643
      },
      "futex_op_counts": {
        "128": 111
      },
      "first_seen_ts_ns": 1312250606400,
      "last_seen_ts_ns": 1329974298062
    },
    {
      "tgid": 41405,
      "comm": "xhpcg",
      "cgroup_id": 14648,
      "wait_duration_stats_ns": {
        "count": 102.0,
        "sum": 741812313.9999999,
        "mean": 7272669.745098039,
        "median": 4865050.388422701,
        "min": 13347,
        "max": 39844711,
        "variance_ns2": 50087427880111.59,
        "iqr_ns": 7875632.444209315,
        "q1_ns": 3132878.877878951,
        "q3_ns": 11008511.322088266
      },
      "futex_op_counts": {
        "128": 102
      },
      "first_seen_ts_ns": 1350199479979,
      "last_seen_ts_ns": 1367494680804
    },
    {
      "tgid": 41408,
      "comm": "xhpcg",
      "cgroup_id": 14648,
      "wait_duration_stats_ns": {
        "count": 107.0,
        "sum": 740214979.0,
        "mean": 6917897.0,
        "median": 4450176.192850102,
        "min": 21548,
        "max": 39902374,
        "variance_ns2": 46582699530802.086,
        "iqr_ns": 3791621.2281436245,
        "q1_ns": 3236631.0845960113,
        "q3_ns": 7028252.312739636
      },
      "futex_op_counts": {
        "128": 107
      },
      "first_seen_ts_ns": 1350199527385,
      "last_seen_ts_ns": 1367494602146
    },
    {
      "tgid": 41064,
      "comm": "xhpcg",
      "cgroup_id": 14648,
      "wait_duration_stats_ns": {
        "count": 101.0,
        "sum": 727852418.0000001,
        "mean": 7206459.584158417,
        "median": 5528051.806692122,
        "min": 89077,
        "max": 24071569,
        "variance_ns2": 33868964567697.496,
        "iqr_ns": 8363933.229227836,
        "q1_ns": 2984264.192689781,
        "q3_ns": 11348197.421917617
      },
      "futex_op_counts": {
        "128": 101
      },
      "first_seen_ts_ns": 1312250619647,
      "last_seen_ts_ns": 1329974214466
    },
    {
      "tgid": 41409,
      "comm": "xhpcg",
      "cgroup_id": 14648,
      "wait_duration_stats_ns": {
        "count": 106.0,
        "sum": 727289975.0000004,
        "mean": 6861226.179245287,
        "median": 4449836.247630268,
        "min": 19769,
        "max": 39772750,
        "variance_ns2": 48690537798875.25,
        "iqr_ns": 6646233.5964992335,
        "q1_ns": 2665832.925518778,
        "q3_ns": 9312066.522018012
      },
      "futex_op_counts": {
        "128": 106
      },
      "first_seen_ts_ns": 1350199588217,
      "last_seen_ts_ns": 1367494448000
    },
    {
      "tgid": 41423,
      "comm": "xhpcg",
      "cgroup_id": 14648,
      "wait_duration_stats_ns": {
        "count": 107.0,
        "sum": 726638723.9999999,
        "mean": 6791016.112149532,
        "median": 4355087.437716954,
        "min": 37202,
        "max": 39816164,
        "variance_ns2": 49457433921237.82,
        "iqr_ns": 3211460.192067201,
        "q1_ns": 2703114.5932175233,
        "q3_ns": 5914574.785284724
      },
      "futex_op_counts": {
        "128": 107
      },
      "first_seen_ts_ns": 1350199340082,
      "last_seen_ts_ns": 1367495022092
    },
    {
      "tgid": 41061,
      "comm": "xhpcg",
      "cgroup_id": 14648,
      "wait_duration_stats_ns": {
        "count": 121.0,
        "sum": 720699714.0000001,
        "mean": 5956195.983471075,
        "median": 4157316.5831660368,
        "min": 60641,
        "max": 24070975,
        "variance_ns2": 28691095012183.445,
        "iqr_ns": 7479749.067071261,
        "q1_ns": 1399612.4230545317,
        "q3_ns": 8879361.490125792
      },
      "futex_op_counts": {
        "128": 121
      },
      "first_seen_ts_ns": 1312250508114,
      "last_seen_ts_ns": 1329974563919
    },
    {
      "tgid": 41058,
      "comm": "xhpcg",
      "cgroup_id": 14648,
      "wait_duration_stats_ns": {
        "count": 108.0,
        "sum": 715742773.0000001,
        "mean": 6627247.898148149,
        "median": 5476467.806998234,
        "min": 31731,
        "max": 24035410,
        "variance_ns2": 38639459046780.484,
        "iqr_ns": 10642398.64931281,
        "q1_ns": 1163756.467577257,
        "q3_ns": 11806155.116890065
      },
      "futex_op_counts": {
        "128": 108
      },
      "first_seen_ts_ns": 1312250603633,
      "last_seen_ts_ns": 1329974187816
    },
    {
      "tgid": 41432,
      "comm": "xhpcg",
      "cgroup_id": 14648,
      "wait_duration_stats_ns": {
        "count": 95.0,
        "sum": 708815354.0000001,
        "mean": 7461214.25263158,
        "median": 4380225.204875883,
        "min": 99156,
        "max": 39920495,
        "variance_ns2": 54116968337483.96,
        "iqr_ns": 6438539.150455731,
        "q1_ns": 2813134.112399052,
        "q3_ns": 9251673.262854783
      },
      "futex_op_counts": {
        "128": 95
      },
      "first_seen_ts_ns": 1350199600695,
      "last_seen_ts_ns": 1367494231138
    },
    {
      "tgid": 41420,
      "comm": "xhpcg",
      "cgroup_id": 14648,
      "wait_duration_stats_ns": {
        "count": 101.0,
        "sum": 708493540.0,
        "mean": 7014787.524752475,
        "median": 4278458.424275871,
        "min": 86365,
        "max": 39684907,
        "variance_ns2": 48332429739646.36,
        "iqr_ns": 7998523.712416696,
        "q1_ns": 2374270.1309491573,
        "q3_ns": 10372793.843365854
      },
      "futex_op_counts": {
        "128": 101
      },
      "first_seen_ts_ns": 1350199464609,
      "last_seen_ts_ns": 1367495677243
    },
    {
      "tgid": 41046,
      "comm": "xhpcg",
      "cgroup_id": 14648,
      "wait_duration_stats_ns": {
        "count": 92.0,
        "sum": 702203694.0,
        "mean": 7632648.847826087,
        "median": 6110556.4133359045,
        "min": 16529,
        "max": 23948968,
        "variance_ns2": 42088079376129.35,
        "iqr_ns": 11099970.747631487,
        "q1_ns": 1397854.7295180312,
        "q3_ns": 12497825.477149518
      },
      "futex_op_counts": {
        "128": 92
      },
      "first_seen_ts_ns": 1312250622027,
      "last_seen_ts_ns": 1329973434072
    },
    {
      "tgid": 41050,
      "comm": "xhpcg",
      "cgroup_id": 14648,
      "wait_duration_stats_ns": {
        "count": 96.0,
        "sum": 700379487.0000004,
        "mean": 7295619.656250004,
        "median": 6897559.726350349,
        "min": 27773,
        "max": 23992723,
        "variance_ns2": 42398640523496.98,
        "iqr_ns": 11260513.680622164,
        "q1_ns": 1035918.6469285523,
        "q3_ns": 12296432.327550717
      },
      "futex_op_counts": {
        "128": 96
      },
      "first_seen_ts_ns": 1312250493969,
      "last_seen_ts_ns": 1329973175109
    },
    {
      "tgid": 41047,
      "comm": "xhpcg",
      "cgroup_id": 14648,
      "wait_duration_stats_ns": {
        "count": 98.0,
        "sum": 699095563.0000001,
        "mean": 7133628.193877553,
        "median": 6244888.759745504,
        "min": 60146,
        "max": 23985016,
        "variance_ns2": 39689246554311.99,
        "iqr_ns": 10696805.382890778,
        "q1_ns": 1400388.0057413809,
        "q3_ns": 12097193.388632158
      },
      "futex_op_counts": {
        "128": 98
      },
      "first_seen_ts_ns": 1312250816146,
      "last_seen_ts_ns": 1329973415973
    },
    {
      "tgid": 41422,
      "comm": "xhpcg",
      "cgroup_id": 14648,
      "wait_duration_stats_ns": {
        "count": 117.0,
        "sum": 698057807.0000002,
        "mean": 5966306.042735045,
        "median": 3934319.0749030677,
        "min": 52061,
        "max": 42333634,
        "variance_ns2": 43926631823968.336,
        "iqr_ns": 3907784.6085489662,
        "q1_ns": 2309400.7907753745,
        "q3_ns": 6217185.399324341
      },
      "futex_op_counts": {
        "128": 117
      },
      "first_seen_ts_ns": 1350199480310,
      "last_seen_ts_ns": 1367495531520
    },
    {
      "tgid": 41053,
      "comm": "xhpcg",
      "cgroup_id": 14648,
      "wait_duration_stats_ns": {
        "count": 104.0,
        "sum": 695408105.0000001,
        "mean": 6686616.394230771,
        "median": 5226221.917109308,
        "min": 66537,
        "max": 24054825,
        "variance_ns2": 35821978995123.16,
        "iqr_ns": 9741985.597479278,
        "q1_ns": 1357514.988263877,
        "q3_ns": 11099500.585743155
      },
      "futex_op_counts": {
        "128": 104
      },
      "first_seen_ts_ns": 1312250799211,
      "last_seen_ts_ns": 1329972921482
    },
    {
      "tgid": 41418,
      "comm": "xhpcg",
      "cgroup_id": 14648,
      "wait_duration_stats_ns": {
        "count": 91.0,
        "sum": 694177247.0,
        "mean": 7628321.395604395,
        "median": 4786586.448133937,
        "min": 51780,
        "max": 39837330,
        "variance_ns2": 54934458193812.0,
        "iqr_ns": 8285262.98918821,
        "q1_ns": 2230520.1094017876,
        "q3_ns": 10515783.098589998
      },
      "futex_op_counts": {
        "128": 91
      },
      "first_seen_ts_ns": 1350199517027,
      "last_seen_ts_ns": 1367494813495
    },
    {
      "tgid": 41425,
      "comm": "xhpcg",
      "cgroup_id": 14648,
      "wait_duration_stats_ns": {
        "count": 90.0,
        "sum": 692716483.0000001,
        "mean": 7696849.811111112,
        "median": 4986757.394216518,
        "min": 5611,
        "max": 39774128,
        "variance_ns2": 55782885649833.72,
        "iqr_ns": 8565245.713362785,
        "q1_ns": 2336517.1102240277,
        "q3_ns": 10901762.823586812
      },
      "futex_op_counts": {
        "128": 90
      },
      "first_seen_ts_ns": 1350199513006,
      "last_seen_ts_ns": 1367494894993
    },
    {
      "tgid": 41056,
      "comm": "xhpcg",
      "cgroup_id": 14648,
      "wait_duration_stats_ns": {
        "count": 90.0,
        "sum": 692270353.0,
        "mean": 7691892.811111111,
        "median": 6286493.312248109,
        "min": 77081,
        "max": 24064301,
        "variance_ns2": 42875920792790.59,
        "iqr_ns": 9425531.93471716,
        "q1_ns": 2252942.8457357227,
        "q3_ns": 11678474.780452883
      },
      "futex_op_counts": {
        "128": 90
      },
      "first_seen_ts_ns": 1312250479755,
      "last_seen_ts_ns": 1329973459149
    },
    {
      "tgid": 41048,
      "comm": "xhpcg",
      "cgroup_id": 14648,
      "wait_duration_stats_ns": {
        "count": 110.0,
        "sum": 691994703.0000004,
        "mean": 6290860.936363639,
        "median": 3940039.790560272,
        "min": 24353,
        "max": 23924044,
        "variance_ns2": 29933642940131.168,
        "iqr_ns": 7415786.759667061,
        "q1_ns": 2677563.1617728807,
        "q3_ns": 10093349.921439942
      },
      "futex_op_counts": {
        "128": 110
      },
      "first_seen_ts_ns": 1312250547586,
      "last_seen_ts_ns": 1329973586591
    },
    {
      "tgid": 41054,
      "comm": "xhpcg",
      "cgroup_id": 14648,
      "wait_duration_stats_ns": {
        "count": 97.0,
        "sum": 687891955.0000001,
        "mean": 7091669.639175259,
        "median": 4982316.221360369,
        "min": 44336,
        "max": 24054857,
        "variance_ns2": 33877280148399.73,
        "iqr_ns": 8550733.821535481,
        "q1_ns": 2753384.1221613786,
        "q3_ns": 11304117.94369686
      },
      "futex_op_counts": {
        "128": 97
      },
      "first_seen_ts_ns": 1312250604134,
      "last_seen_ts_ns": 1329973464827
    },
    {
      "tgid": 41070,
      "comm": "xhpcg",
      "cgroup_id": 14648,
      "wait_duration_stats_ns": {
        "count": 102.0,
        "sum": 686827515.0000001,
        "mean": 6733603.088235295,
        "median": 4651813.311253415,
        "min": 24620,
        "max": 23986173,
        "variance_ns2": 37610193510742.92,
        "iqr_ns": 9555979.616224863,
        "q1_ns": 1479137.8890029588,
        "q3_ns": 11035117.505227821
      },
      "futex_op_counts": {
        "128": 102
      },
      "first_seen_ts_ns": 1312250576147,
      "last_seen_ts_ns": 1329973760496
    },
    {
      "tgid": 41416,
      "comm": "xhpcg",
      "cgroup_id": 14648,
      "wait_duration_stats_ns": {
        "count": 89.0,
        "sum": 686770802.0000001,
        "mean": 7716525.865168541,
        "median": 5519583.0933140805,
        "min": 50706,
        "max": 39762170,
        "variance_ns2": 56541887954522.945,
        "iqr_ns": 6966372.212775506,
        "q1_ns": 2308375.14190541,
        "q3_ns": 9274747.354680916
      },
      "futex_op_counts": {
        "128": 89
      },
      "first_seen_ts_ns": 1350199482524,
      "last_seen_ts_ns": 1367494895147
    },
    {
      "tgid": 41062,
      "comm": "xhpcg",
      "cgroup_id": 14648,
      "wait_duration_stats_ns": {
        "count": 105.0,
        "sum": 686655664.0,
        "mean": 6539577.752380952,
        "median": 4837506.693767201,
        "min": 39498,
        "max": 24111923,
        "variance_ns2": 35574317771555.23,
        "iqr_ns": 9572867.448837172,
        "q1_ns": 1562153.603022225,
        "q3_ns": 11135021.051859397
      },
      "futex_op_counts": {
        "128": 105
      },
      "first_seen_ts_ns": 1312250540328,
      "last_seen_ts_ns": 1329973169979
    },
    {
      "tgid": 41072,
      "comm": "xhpcg",
      "cgroup_id": 14648,
      "wait_duration_stats_ns": {
        "count": 98.0,
        "sum": 684552849.0000001,
        "mean": 6985233.153061226,
        "median": 4666355.615163537,
        "min": 57437,
        "max": 23985432,
        "variance_ns2": 40030992125161.94,
        "iqr_ns": 10125430.355626818,
        "q1_ns": 1746666.2122318451,
        "q3_ns": 11872096.567858662
      },
      "futex_op_counts": {
        "128": 98
      },
      "first_seen_ts_ns": 1312250640054,
      "last_seen_ts_ns": 1329973565436
    },
    {
      "tgid": 41302,
      "comm": "runc",
      "cgroup_id": 4085,
      "wait_duration_stats_ns": {
        "count": 347.0,
        "sum": 683556528.0,
        "mean": 1969903.5389048993,
        "median": 72238.69844899782,
        "min": 3919,
        "max": 116281361,
        "variance_ns2": 205645218369615.3,
        "iqr_ns": 388171.01177916606,
        "q1_ns": 15003.47968257985,
        "q3_ns": 403174.4914617459
      },
      "futex_op_counts": {
        "128": 347
      },
      "first_seen_ts_ns": 1333203751142,
      "last_seen_ts_ns": 1333322446379
    },
    {
      "tgid": 41406,
      "comm": "xhpcg",
      "cgroup_id": 14648,
      "wait_duration_stats_ns": {
        "count": 104.0,
        "sum": 681990925.0,
        "mean": 6557605.048076923,
        "median": 4341062.729958498,
        "min": 20476,
        "max": 39641356,
        "variance_ns2": 36762020436759.234,
        "iqr_ns": 8260024.089276434,
        "q1_ns": 2523492.5202338425,
        "q3_ns": 10783516.609510276
      },
      "futex_op_counts": {
        "128": 104
      },
      "first_seen_ts_ns": 1350196004676,
      "last_seen_ts_ns": 1367494251194
    },
    {
      "tgid": 41068,
      "comm": "xhpcg",
      "cgroup_id": 14648,
      "wait_duration_stats_ns": {
        "count": 104.0,
        "sum": 681031301.0,
        "mean": 6548377.894230769,
        "median": 5250594.94420162,
        "min": 34237,
        "max": 24079622,
        "variance_ns2": 34132575220509.316,
        "iqr_ns": 9982798.511723788,
        "q1_ns": 1443315.4090874002,
        "q3_ns": 11426113.92081119
      },
      "futex_op_counts": {
        "128": 104
      },
      "first_seen_ts_ns": 1312250682925,
      "last_seen_ts_ns": 1329973878785
    },
    {
      "tgid": 41428,
      "comm": "xhpcg",
      "cgroup_id": 14648,
      "wait_duration_stats_ns": {
        "count": 106.0,
        "sum": 680068456.0,
        "mean": 6415740.150943396,
        "median": 4360777.997126743,
        "min": 51399,
        "max": 32457660,
        "variance_ns2": 38422394838189.75,
        "iqr_ns": 8002360.367447092,
        "q1_ns": 2119814.7077876097,
        "q3_ns": 10122175.075234702
      },
      "futex_op_counts": {
        "128": 106
      },
      "first_seen_ts_ns": 1350199576420,
      "last_seen_ts_ns": 1367494210915
    },
    {
      "tgid": 41412,
      "comm": "xhpcg",
      "cgroup_id": 14648,
      "wait_duration_stats_ns": {
        "count": 94.0,
        "sum": 679129990.0,
        "mean": 7224787.127659575,
        "median": 4067226.800581946,
        "min": 87192,
        "max": 39672900,
        "variance_ns2": 52582160740464.35,
        "iqr_ns": 8916320.335145136,
        "q1_ns": 2068950.9664954997,
        "q3_ns": 10985271.301640635
      },
      "futex_op_counts": {
        "128": 94
      },
      "first_seen_ts_ns": 1350199426385,
      "last_seen_ts_ns": 1367495264291
    },
    {
      "tgid": 41429,
      "comm": "xhpcg",
      "cgroup_id": 14648,
      "wait_duration_stats_ns": {
        "count": 96.0,
        "sum": 677346715.9999999,
        "mean": 7055694.958333332,
        "median": 4202379.396707942,
        "min": 60855,
        "max": 39660222,
        "variance_ns2": 50737987032202.336,
        "iqr_ns": 7571152.353289475,
        "q1_ns": 2093106.2030615092,
        "q3_ns": 9664258.556350984
      },
      "futex_op_counts": {
        "128": 96
      },
      "first_seen_ts_ns": 1350199577467,
      "last_seen_ts_ns": 1367495482004
    },
    {
      "tgid": 41414,
      "comm": "xhpcg",
      "cgroup_id": 14648,
      "wait_duration_stats_ns": {
        "count": 94.0,
        "sum": 669586226.0000002,
        "mean": 7123257.723404258,
        "median": 4043051.2099126447,
        "min": 59376,
        "max": 39715854,
        "variance_ns2": 51458061780087.055,
        "iqr_ns": 6881539.927448956,
        "q1_ns": 2283359.9072706797,
        "q3_ns": 9164899.834719636
      },
      "futex_op_counts": {
        "128": 94
      },
      "first_seen_ts_ns": 1350199524534,
      "last_seen_ts_ns": 1367495013219
    },
    {
      "tgid": 41407,
      "comm": "xhpcg",
      "cgroup_id": 14648,
      "wait_duration_stats_ns": {
        "count": 96.0,
        "sum": 667966944.9999999,
        "mean": 6957989.010416665,
        "median": 4255194.945844825,
        "min": 86273,
        "max": 39626078,
        "variance_ns2": 46782105128979.91,
        "iqr_ns": 5525877.463713991,
        "q1_ns": 2451469.6098979125,
        "q3_ns": 7977347.073611904
      },
      "futex_op_counts": {
        "128": 96
      },
      "first_seen_ts_ns": 1350199466195,
      "last_seen_ts_ns": 1367495152493
    },
    {
      "tgid": 41156,
      "comm": "runc:[2:INIT]",
      "cgroup_id": 5011,
      "wait_duration_stats_ns": {
        "count": 28.0,
        "sum": 569414241.0,
        "mean": 20336222.89285714,
        "median": 8929703.277387325,
        "min": 488,
        "max": 101832218,
        "variance_ns2": 834836438653243.5,
        "iqr_ns": 33991682.64844984,
        "q1_ns": 893047.2541964162,
        "q3_ns": 34884729.90264625
      },
      "futex_op_counts": {
        "128": 28
      },
      "first_seen_ts_ns": 1323390033489,
      "last_seen_ts_ns": 1323524814463
    },
    {
      "tgid": 41312,
      "comm": "runc:[2:INIT]",
      "cgroup_id": 5011,
      "wait_duration_stats_ns": {
        "count": 24.0,
        "sum": 558517255.0,
        "mean": 23271552.291666668,
        "median": 3139620.9407875454,
        "min": 424,
        "max": 112023052,
        "variance_ns2": 2107889299050314.8,
        "iqr_ns": 40450450.69947458,
        "q1_ns": 171581.8610328319,
        "q3_ns": 40622032.56050741
      },
      "futex_op_counts": {
        "128": 24
      },
      "first_seen_ts_ns": 1333210027459,
      "last_seen_ts_ns": 1333322449168
    },
    {
      "tgid": 41266,
      "comm": "aws-cni",
      "cgroup_id": 4085,
      "wait_duration_stats_ns": {
        "count": 128.0,
        "sum": 441110793.0000002,
        "mean": 3446178.0703125014,
        "median": 2153132.009409904,
        "min": 1069,
        "max": 59998335,
        "variance_ns2": 69515366812459.86,
        "iqr_ns": 3315853.457937061,
        "q1_ns": 52522.39555036908,
        "q3_ns": 3368375.85348743
      },
      "futex_op_counts": {
        "128": 128
      },
      "first_seen_ts_ns": 1333010043907,
      "last_seen_ts_ns": 1333107597044
    },
    {
      "tgid": 41156,
      "comm": "grpc-health-pro",
      "cgroup_id": 5011,
      "wait_duration_stats_ns": {
        "count": 17.0,
        "sum": 381939121.00000006,
        "mean": 22467007.117647063,
        "median": 22474792.971612144,
        "min": 5836,
        "max": 58828568,
        "variance_ns2": 396263109805056.25,
        "iqr_ns": 25901008.71370294,
        "q1_ns": 6658483.152810724,
        "q3_ns": 32559491.866513666
      },
      "futex_op_counts": {
        "128": 17
      },
      "first_seen_ts_ns": 1323530035159,
      "last_seen_ts_ns": 1323600065756
    },
    {
      "tgid": 41465,
      "comm": "grpc-health-pro",
      "cgroup_id": 5011,
      "wait_duration_stats_ns": {
        "count": 14.0,
        "sum": 376916587.99999994,
        "mean": 26922613.428571425,
        "median": 20388278.1875,
        "min": 9972821,
        "max": 59909511,
        "variance_ns2": 270940344606560.0,
        "iqr_ns": 11142304.519753087,
        "q1_ns": 17556410.75,
        "q3_ns": 28698715.269753087
      },
      "futex_op_counts": {
        "128": 14
      },
      "first_seen_ts_ns": 1353540038619,
      "last_seen_ts_ns": 1353620035631
    },
    {
      "tgid": 41388,
      "comm": "grpc-health-pro",
      "cgroup_id": 5011,
      "wait_duration_stats_ns": {
        "count": 16.0,
        "sum": 369017982.00000006,
        "mean": 23063623.875000004,
        "median": 18803817.729166668,
        "min": 6006,
        "max": 58719548,
        "variance_ns2": 436919968376166.7,
        "iqr_ns": 37324912.13135402,
        "q1_ns": 1137410.0,
        "q3_ns": 38462322.13135402
      },
      "futex_op_counts": {
        "128": 16
      },
      "first_seen_ts_ns": 1348400034760,
      "last_seen_ts_ns": 1348460059705
    },
    {
      "tgid": 41363,
      "comm": "grpc-health-pro",
      "cgroup_id": 5011,
      "wait_duration_stats_ns": {
        "count": 14.0,
        "sum": 355882674.0,
        "mean": 25420191.0,
        "median": 20253384.0,
        "min": 9963818,
        "max": 49958829,
        "variance_ns2": 167318842653881.25,
        "iqr_ns": 8308519.657339536,
        "q1_ns": 18721941.0,
        "q3_ns": 27030460.657339536
      },
      "futex_op_counts": {
        "128": 14
      },
      "first_seen_ts_ns": 1343710038455,
      "last_seen_ts_ns": 1343780035163
    },
    {
      "tgid": 41340,
      "comm": "grpc-health-pro",
      "cgroup_id": 5011,
      "wait_duration_stats_ns": {
        "count": 14.0,
        "sum": 324562474.99999994,
        "mean": 23183033.928571425,
        "median": 21055773.02983333,
        "min": 8152439,
        "max": 49991605,
        "variance_ns2": 177577831328179.5,
        "iqr_ns": 15579573.87654872,
        "q1_ns": 13713266.407291668,
        "q3_ns": 29292840.283840388
      },
      "futex_op_counts": {
        "128": 14
      },
      "first_seen_ts_ns": 1338462897250,
      "last_seen_ts_ns": 1338540035622
    },
    {
      "tgid": 41182,
      "comm": "grpc-health-pro",
      "cgroup_id": 5011,
      "wait_duration_stats_ns": {
        "count": 14.0,
        "sum": 255271396.99999997,
        "mean": 18233671.214285713,
        "median": 18409921.80666667,
        "min": 6317,
        "max": 48628024,
        "variance_ns2": 212213018131834.3,
        "iqr_ns": 21574063.3278424,
        "q1_ns": 3202381.9822222223,
        "q3_ns": 24776445.31006462
      },
      "futex_op_counts": {
        "128": 14
      },
      "first_seen_ts_ns": 1328520036779,
      "last_seen_ts_ns": 1328570038732
    },
    {
      "tgid": 41489,
      "comm": "grpc-health-pro",
      "cgroup_id": 5011,
      "wait_duration_stats_ns": {
        "count": 14.0,
        "sum": 246488426.0,
        "mean": 17606316.14285714,
        "median": 14032178.929984568,
        "min": 8326525,
        "max": 31312928,
        "variance_ns2": 70139753629373.984,
        "iqr_ns": 10458020.547135917,
        "q1_ns": 10934494.241249999,
        "q3_ns": 21392514.788385917
      },
      "futex_op_counts": {
        "128": 14
      },
      "first_seen_ts_ns": 1358530179217,
      "last_seen_ts_ns": 1358590043638
    },
    {
      "tgid": 41535,
      "comm": "runc",
      "cgroup_id": 4085,
      "wait_duration_stats_ns": {
        "count": 334.0,
        "sum": 211311349.99999997,
        "mean": 632668.7125748502,
        "median": 69212.5779992489,
        "min": 438,
        "max": 31835795,
        "variance_ns2": 13163210102532.832,
        "iqr_ns": 226959.02696196563,
        "q1_ns": 16149.057121262695,
        "q3_ns": 243108.0840832283
      },
      "futex_op_counts": {
        "128": 334
      },
      "first_seen_ts_ns": 1367989030138,
      "last_seen_ts_ns": 1368022979544
    },
    {
      "tgid": 41104,
      "comm": "grpc-health-pro",
      "cgroup_id": 5011,
      "wait_duration_stats_ns": {
        "count": 13.0,
        "sum": 202099876.0,
        "mean": 15546144.307692308,
        "median": 12572329.790798612,
        "min": 8423477,
        "max": 27523873,
        "variance_ns2": 35777845654903.4,
        "iqr_ns": 9239037.66872428,
        "q1_ns": 9974183.0,
        "q3_ns": 19213220.66872428
      },
      "futex_op_counts": {
        "128": 13
      },
      "first_seen_ts_ns": 1313570035608,
      "last_seen_ts_ns": 1313620233688
    },
    {
      "tgid": 41132,
      "comm": "grpc-health-pro",
      "cgroup_id": 5011,
      "wait_duration_stats_ns": {
        "count": 20.0,
        "sum": 148087574.00000003,
        "mean": 7404378.700000001,
        "median": 4946410.796749985,
        "min": 18879,
        "max": 19964630,
        "variance_ns2": 58741122090367.27,
        "iqr_ns": 15048584.837355196,
        "q1_ns": 319677.45166596863,
        "q3_ns": 15368262.289021164
      },
      "futex_op_counts": {
        "128": 20
      },
      "first_seen_ts_ns": 1318540030925,
      "last_seen_ts_ns": 1318564787430
    },
    {
      "tgid": 41546,
      "comm": "runc:[2:INIT]",
      "cgroup_id": 5011,
      "wait_duration_stats_ns": {
        "count": 25.0,
        "sum": 122395197.0,
        "mean": 4895807.88,
        "median": 181060.3740402733,
        "min": 355,
        "max": 24407825,
        "variance_ns2": 88902979484486.52,
        "iqr_ns": 2155737.520917709,
        "q1_ns": 234136.84098902316,
        "q3_ns": 2389874.361906732
      },
      "futex_op_counts": {
        "128": 25
      },
      "first_seen_ts_ns": 1367997761536,
      "last_seen_ts_ns": 1368022811762
    },
    {
      "tgid": 41249,
      "comm": "loopback",
      "cgroup_id": 4085,
      "wait_duration_stats_ns": {
        "count": 4.0,
        "sum": 73572192.0,
        "mean": 18393048.0,
        "median": 19975896.0,
        "min": 11849161,
        "max": 21784344,
        "variance_ns2": 19764282168512.668,
        "iqr_ns": 1821553.0,
        "q1_ns": 19962791.0,
        "q3_ns": 21784344.0
      },
      "futex_op_counts": {
        "128": 4
      },
      "first_seen_ts_ns": 1332910034568,
      "last_seen_ts_ns": 1332920036548
    },
    {
      "tgid": 41260,
      "comm": "egress-cni",
      "cgroup_id": 4085,
      "wait_duration_stats_ns": {
        "count": 4.0,
        "sum": 52366306.0,
        "mean": 13091576.5,
        "median": 15120767.0,
        "min": 4095810,
        "max": 18108932,
        "variance_ns2": 38004915259604.336,
        "iqr_ns": 3068135.0,
        "q1_ns": 15040797.0,
        "q3_ns": 18108932.0
      },
      "futex_op_counts": {
        "128": 4
      },
      "first_seen_ts_ns": 1332980035639,
      "last_seen_ts_ns": 1332985266443
    },
    {
      "tgid": 41289,
      "comm": "aws-cni",
      "cgroup_id": 4085,
      "wait_duration_stats_ns": {
        "count": 182.0,
        "sum": 46003720.000000015,
        "mean": 252767.69230769237,
        "median": 48696.42201828434,
        "min": 601,
        "max": 5665805,
        "variance_ns2": 674356827651.5624,
        "iqr_ns": 191399.16806837142,
        "q1_ns": 12962.059459799339,
        "q3_ns": 204361.22752817077
      },
      "futex_op_counts": {
        "128": 182
      },
      "first_seen_ts_ns": 1333118979877,
      "last_seen_ts_ns": 1333128236551
    },
    {
      "tgid": 41512,
      "comm": "grpc-health-pro",
      "cgroup_id": 5011,
      "wait_duration_stats_ns": {
        "count": 11.0,
        "sum": 44919565.0,
        "mean": 4083596.8181818184,
        "median": 2655980.2893518517,
        "min": 35337,
        "max": 9988990,
        "variance_ns2": 16513683771629.363,
        "iqr_ns": 4023087.262191358,
        "q1_ns": 694525.1375,
        "q3_ns": 4717612.399691358
      },
      "futex_op_counts": {
        "128": 11
      },
      "first_seen_ts_ns": 1363543475008,
      "last_seen_ts_ns": 1363560036318
    },
    {
      "tgid": 41254,
      "comm": "portmap",
      "cgroup_id": 4085,
      "wait_duration_stats_ns": {
        "count": 3.0,
        "sum": 18923137.0,
        "mean": 6307712.333333333,
        "median": 9046053.0,
        "min": 518,
        "max": 9876566,
        "variance_ns2": 30007963229616.336,
        "iqr_ns": 9876048.0,
        "q1_ns": 518.0,
        "q3_ns": 9876566.0
      },
      "futex_op_counts": {
        "128": 3
      },
      "first_seen_ts_ns": 1332940111239,
      "last_seen_ts_ns": 1332950035293
    },
    {
      "tgid": 41283,
      "comm": "egress-cni",
      "cgroup_id": 4085,
      "wait_duration_stats_ns": {
        "count": 9.0,
        "sum": 10092656.0,
        "mean": 1121406.2222222222,
        "median": 232064.0,
        "min": 12690,
        "max": 3307946,
        "variance_ns2": 2191890056407.1943,
        "iqr_ns": 1606088.5,
        "q1_ns": 118538.25000000001,
        "q3_ns": 1724626.75
      },
      "futex_op_counts": {
        "128": 9
      },
      "first_seen_ts_ns": 1333113158690,
      "last_seen_ts_ns": 1333116500310
    },
    {
      "tgid": 41546,
      "comm": "grpc-health-pro",
      "cgroup_id": 5011,
      "wait_duration_stats_ns": {
        "count": 22.0,
        "sum": 9462181.0,
        "mean": 430099.13636363635,
        "median": 325355.792111822,
        "min": 13508,
        "max": 1355189,
        "variance_ns2": 183639822795.26624,
        "iqr_ns": 454601.6350786556,
        "q1_ns": 103051.62770750088,
        "q3_ns": 557653.2627861565
      },
      "futex_op_counts": {
        "128": 22
      },
      "first_seen_ts_ns": 1368024471255,
      "last_seen_ts_ns": 1368026834847
    },
    {
      "tgid": 41312,
      "comm": "grpc-health-pro",
      "cgroup_id": 5011,
      "wait_duration_stats_ns": {
        "count": 37.0,
        "sum": 8750570.0,
        "mean": 236501.8918918919,
        "median": 55948.050185250904,
        "min": 6370,
        "max": 1246613,
        "variance_ns2": 145898838462.82132,
        "iqr_ns": 206174.50387986063,
        "q1_ns": 14255.729893256006,
        "q3_ns": 220430.23377311663
      },
      "futex_op_counts": {
        "128": 37
      },
      "first_seen_ts_ns": 1333324314413,
      "last_seen_ts_ns": 1333326725045
    },
    {
      "tgid": 41278,
      "comm": "portmap",
      "cgroup_id": 4085,
      "wait_duration_stats_ns": {
        "count": 6.0,
        "sum": 1341187.0,
        "mean": 223531.16666666666,
        "median": 204479.0,
        "min": 21867,
        "max": 468997,
        "variance_ns2": 22594377943.766666,
        "iqr_ns": 0.0,
        "q1_ns": 204479.0,
        "q3_ns": 204479.0
      },
      "futex_op_counts": {
        "128": 6
      },
      "first_seen_ts_ns": 1333110945158,
      "last_seen_ts_ns": 1333111411862
    },
    {
      "tgid": 41273,
      "comm": "loopback",
      "cgroup_id": 4085,
      "wait_duration_stats_ns": {
        "count": 6.0,
        "sum": 850200.0,
        "mean": 141700.0,
        "median": 136829.0,
        "min": 22353,
        "max": 306342,
        "variance_ns2": 9103822800.8,
        "iqr_ns": 12490.0,
        "q1_ns": 136829.0,
        "q3_ns": 149319.0
      },
      "futex_op_counts": {
        "128": 6
      },
      "first_seen_ts_ns": 1333109722051,
      "last_seen_ts_ns": 1333110026375
    },
    {
      "tgid": 40891,
      "comm": "flux-broker-0",
      "cgroup_id": 14648,
      "wait_duration_stats_ns": {
        "count": 159.0,
        "sum": 319959.00000000023,
        "mean": 2012.3207547169825,
        "median": 702.655855230475,
        "min": 274,
        "max": 13584,
        "variance_ns2": 10255688.042034876,
        "iqr_ns": 1336.6369853746087,
        "q1_ns": 386.15774963945864,
        "q3_ns": 1722.7947350140673
      },
      "futex_op_counts": {
        "128": 159
      },
      "first_seen_ts_ns": 1311616947734,
      "last_seen_ts_ns": 1372776639000
    }
  ]
}
[17:09:52] Cleanup complete.
