ln: failed to create symbolic link '/mnt/flux/view/lib/python': File exists
ln: failed to create symbolic link '/mnt/flux/view/lib/python3': File exists
unlimited
PROGRAM: cpu
Looking for /opt/programs/cpu/ebpf-collect.c
[03:27:02] Waiting for start indicator file: '/mnt/flux/start_ebpf_collection'.
[03:27:07] Start indicator found. Proceeding with monitoring.
[03:27:07] Initializing eBPF for CPU Scheduling monitoring...
[03:27:07] BPF C code compiled and loaded.
[03:27:07] Attached tracepoints.
[03:27:07] Monitoring CPU scheduling events (polling aggregated map)... Press Ctrl+C to stop.
[03:28:10] Stop indicator file '/mnt/flux/stop_ebpf_collection' found. Stopping.
[03:28:10] Initiating cleanup sequence...
{
  "final_aggregated_summary_river": [
    {
      "tgid": 31,
      "comm": "bash",
      "cgroup_id": 59999,
      "on_cpu_stats_ns": {
        "count": 28.0,
        "sum_ns": 1354176.5000000002,
        "mean_ns": 48363.446428571435,
        "median_ns": 30778.638371531288,
        "min_ns": 8458.0,
        "max_ns": 172006.0,
        "variance_ns2": 2256909313.1914682,
        "iqr_ns": 40549.49748447345,
        "q1_ns": 16623.648014961625,
        "q3_ns": 57173.14549943508
      },
      "runq_latency_stats_ns": {
        "count": 28.0,
        "sum_ns": 10184113.999999996,
        "mean_ns": 363718.357142857,
        "median_ns": 47422.32119666046,
        "min_ns": 1382.0,
        "max_ns": 9975971.0,
        "variance_ns2": 3548870145476.4043,
        "iqr_ns": 67597.26106684303,
        "q1_ns": 6892.571325231482,
        "q3_ns": 74489.83239207452
      },
      "first_seen_ts_ns": 1749785228018918058,
      "last_seen_ts_ns": 1749785289262388265,
      "duration_active_s": 61.243470207
    },
    {
      "tgid": 1,
      "comm": "pause",
      "cgroup_id": 59789,
      "on_cpu_stats_ns": {
        "count": 2.0,
        "sum_ns": 607502.3333333333,
        "mean_ns": 303751.1666666666,
        "median_ns": 316401.0,
        "min_ns": 291101.3333333333,
        "max_ns": 316401.0,
        "variance_ns2": 320036566.72222346,
        "iqr_ns": 25299.666666666686,
        "q1_ns": 291101.3333333333,
        "q3_ns": 316401.0
      },
      "runq_latency_stats_ns": {
        "count": 2.0,
        "sum_ns": 8080.777777777777,
        "mean_ns": 4040.3888888888887,
        "median_ns": 6686.777777777777,
        "min_ns": 1394.0,
        "max_ns": 6686.777777777777,
        "variance_ns2": 14006748.302469134,
        "iqr_ns": 5292.777777777777,
        "q1_ns": 1394.0,
        "q3_ns": 6686.777777777777
      },
      "first_seen_ts_ns": 1749785253902071930,
      "last_seen_ts_ns": 1749785290379622412,
      "duration_active_s": 36.477550482
    },
    {
      "tgid": 65,
      "comm": "bash",
      "cgroup_id": 60139,
      "on_cpu_stats_ns": {
        "count": 24.0,
        "sum_ns": 276045.37500000006,
        "mean_ns": 11501.890625000002,
        "median_ns": 9716.463888888891,
        "min_ns": 3854.0,
        "max_ns": 21023.0,
        "variance_ns2": 23306072.1240659,
        "iqr_ns": 6758.221619120895,
        "q1_ns": 8319.14836971839,
        "q3_ns": 15077.369988839286
      },
      "runq_latency_stats_ns": {
        "count": 24.0,
        "sum_ns": 176312.875,
        "mean_ns": 7346.369791666666,
        "median_ns": 6593.8357944524605,
        "min_ns": 1471.25,
        "max_ns": 15155.0,
        "variance_ns2": 22498712.409618434,
        "iqr_ns": 8599.23277199611,
        "q1_ns": 3083.477777777778,
        "q3_ns": 11682.710549773888
      },
      "first_seen_ts_ns": 1749785228018918058,
      "last_seen_ts_ns": 1749785287344668359,
      "duration_active_s": 59.325750301
    },
    {
      "tgid": 40,
      "comm": "bash",
      "cgroup_id": 60069,
      "on_cpu_stats_ns": {
        "count": 23.0,
        "sum_ns": 265720.3722222223,
        "mean_ns": 11553.05966183575,
        "median_ns": 10033.992791950115,
        "min_ns": 3931.0,
        "max_ns": 22204.0,
        "variance_ns2": 24000977.395505663,
        "iqr_ns": 6775.350495841781,
        "q1_ns": 8157.151264874571,
        "q3_ns": 14932.501760716352
      },
      "runq_latency_stats_ns": {
        "count": 23.0,
        "sum_ns": 178925.98611111112,
        "mean_ns": 7779.390700483093,
        "median_ns": 6940.573950862793,
        "min_ns": 1696.111111111111,
        "max_ns": 15202.0,
        "variance_ns2": 19969320.755196135,
        "iqr_ns": 8413.51694810053,
        "q1_ns": 2934.1972080223773,
        "q3_ns": 11347.714156122907
      },
      "first_seen_ts_ns": 1749785228018918058,
      "last_seen_ts_ns": 1749785287344668359,
      "duration_active_s": 59.325750301
    }
  ]
}
[03:28:10] Cleanup complete. Exiting.
