ln: failed to create symbolic link '/mnt/flux/view/lib/python': File exists
ln: failed to create symbolic link '/mnt/flux/view/lib/python3': File exists
unlimited
PROGRAM: futex
Looking for /opt/programs/futex/ebpf-collect.c
[14:02:15] Starting eBPF (Tracepoints for futex syscalls).
[14:02:16] BPF program loaded and tracepoints automatically attached.
[14:02:16] Start Indicator file defined '/mnt/flux/start_ebpf_collection'. Waiting.
[14:02:21] Start indicator found. Proceeding.
[14:02:21] Ring buffers opened. Polling for events...
[14:02:33] 
Indicator file '/mnt/flux/stop_ebpf_collection' found. Stopping.
[14:02:33] Cleaning up BPF resources...
{
  "final_aggregated_futex_summary_river": [
    {
      "tgid": 2220,
      "comm": "containerd",
      "cgroup_id": 4085,
      "wait_duration_stats_ns": {
        "count": 1704.0,
        "sum": 117605043906.99998,
        "mean": 69017044.54636149,
        "median": 4340856.813081348,
        "min": 443,
        "max": 8807384107,
        "variance_ns2": 2.7328250466227894e+17,
        "iqr_ns": 35832806.14822238,
        "q1_ns": 250732.06081709478,
        "q3_ns": 36083538.20903947
      },
      "futex_op_counts": {
        "128": 1704
      },
      "first_seen_ts_ns": 3729208105966,
      "last_seen_ts_ns": 3746567670654
    },
    {
      "tgid": 2338,
      "comm": "containerd-shim",
      "cgroup_id": 4085,
      "wait_duration_stats_ns": {
        "count": 100.0,
        "sum": 67733763088.99994,
        "mean": 677337630.8899994,
        "median": 26179615.80663841,
        "min": 14154,
        "max": 6905100612,
        "variance_ns2": 2.5554244149337303e+18,
        "iqr_ns": 306633318.26984394,
        "q1_ns": 866530.8249023608,
        "q3_ns": 307499849.0947463
      },
      "futex_op_counts": {
        "128": 100
      },
      "first_seen_ts_ns": 3737116135642,
      "last_seen_ts_ns": 3746156719340
    },
    {
      "tgid": 2242,
      "comm": "kubelet",
      "cgroup_id": 4138,
      "wait_duration_stats_ns": {
        "count": 1403.0,
        "sum": 65430340346.00001,
        "mean": 46636023.0548824,
        "median": 8773169.006907849,
        "min": 501,
        "max": 9461958662,
        "variance_ns2": 9.9607208163726e+16,
        "iqr_ns": 43343408.31726983,
        "q1_ns": 1159313.9765681392,
        "q3_ns": 44502722.29383797
      },
      "futex_op_counts": {
        "128": 1403
      },
      "first_seen_ts_ns": 3729254805953,
      "last_seen_ts_ns": 3746557788125
    },
    {
      "tgid": 3401,
      "comm": "coredns",
      "cgroup_id": 5949,
      "wait_duration_stats_ns": {
        "count": 80.0,
        "sum": 61220845865.99999,
        "mean": 765260573.3249999,
        "median": 436421521.9060345,
        "min": 24147,
        "max": 11999264606,
        "variance_ns2": 3.3948647636483937e+18,
        "iqr_ns": 577649137.4246954,
        "q1_ns": 156288340.5198407,
        "q3_ns": 733937477.9445361
      },
      "futex_op_counts": {
        "128": 80
      },
      "first_seen_ts_ns": 3729832272230,
      "last_seen_ts_ns": 3746455419040
    },
    {
      "tgid": 3404,
      "comm": "coredns",
      "cgroup_id": 6033,
      "wait_duration_stats_ns": {
        "count": 81.0,
        "sum": 61219486508.99999,
        "mean": 755796129.7407407,
        "median": 505254903.3533651,
        "min": 10667,
        "max": 11999576329,
        "variance_ns2": 2.4253393703264937e+18,
        "iqr_ns": 704926134.809907,
        "q1_ns": 123292319.83941574,
        "q3_ns": 828218454.6493227
      },
      "futex_op_counts": {
        "128": 81
      },
      "first_seen_ts_ns": 3729836163486,
      "last_seen_ts_ns": 3746456459698
    },
    {
      "tgid": 3679,
      "comm": "metrics-server",
      "cgroup_id": 6285,
      "wait_duration_stats_ns": {
        "count": 249.0,
        "sum": 56719494940.99999,
        "mean": 227789136.3092369,
        "median": 76899117.8030044,
        "min": 14145,
        "max": 10000357759,
        "variance_ns2": 6.646017811282316e+17,
        "iqr_ns": 104301876.67353994,
        "q1_ns": 45123046.23679244,
        "q3_ns": 149424922.91033238
      },
      "futex_op_counts": {
        "128": 249
      },
      "first_seen_ts_ns": 3729563903770,
      "last_seen_ts_ns": 3746564645127
    },
    {
      "tgid": 2763,
      "comm": "aws-k8s-agent",
      "cgroup_id": 5277,
      "wait_duration_stats_ns": {
        "count": 66.0,
        "sum": 54953230458.99999,
        "mean": 832624703.9242423,
        "median": 74693050.06214757,
        "min": 30966,
        "max": 14914446320,
        "variance_ns2": 5.868342436343813e+18,
        "iqr_ns": 757222727.3304894,
        "q1_ns": 555313.6095573788,
        "q3_ns": 757778040.9400468
      },
      "futex_op_counts": {
        "128": 66
      },
      "first_seen_ts_ns": 3734042217008,
      "last_seen_ts_ns": 3746545975300
    },
    {
      "tgid": 68280,
      "comm": "containerd-shim",
      "cgroup_id": 4085,
      "wait_duration_stats_ns": {
        "count": 60.0,
        "sum": 50403829703.000015,
        "mean": 840063828.3833336,
        "median": 151791018.54890436,
        "min": 20250,
        "max": 10994267702,
        "variance_ns2": 5.242438994625579e+18,
        "iqr_ns": 305913586.60691714,
        "q1_ns": 2162163.4458544888,
        "q3_ns": 308075750.0527716
      },
      "futex_op_counts": {
        "128": 60
      },
      "first_seen_ts_ns": 3734014524195,
      "last_seen_ts_ns": 3746583967461
    },
    {
      "tgid": 3683,
      "comm": "metrics-server",
      "cgroup_id": 6369,
      "wait_duration_stats_ns": {
        "count": 276.0,
        "sum": 49990812443.99999,
        "mean": 181126132.04347822,
        "median": 138562372.74988827,
        "min": 9715,
        "max": 3268237941,
        "variance_ns2": 8.85567819612413e+16,
        "iqr_ns": 183739504.35987753,
        "q1_ns": 35319184.34041033,
        "q3_ns": 219058688.70028785
      },
      "futex_op_counts": {
        "128": 276
      },
      "first_seen_ts_ns": 3729433156242,
      "last_seen_ts_ns": 3746541439692
    },
    {
      "tgid": 68151,
      "comm": "containerd-shim",
      "cgroup_id": 4085,
      "wait_duration_stats_ns": {
        "count": 19.0,
        "sum": 45003716250.999985,
        "mean": 2368616644.789473,
        "median": 1346550242.3941612,
        "min": 13645,
        "max": 8826917834,
        "variance_ns2": 1.061003577311106e+19,
        "iqr_ns": 4713205166.806525,
        "q1_ns": 21018911.869401187,
        "q3_ns": 4734224078.675926
      },
      "futex_op_counts": {
        "128": 19
      },
      "first_seen_ts_ns": 3735444696668,
      "last_seen_ts_ns": 3746154211061
    },
    {
      "tgid": 6299,
      "comm": "kube-rbac-proxy",
      "cgroup_id": 6669,
      "wait_duration_stats_ns": {
        "count": 9.0,
        "sum": 44999598802.0,
        "mean": 4999955422.444445,
        "median": 4999965764.0,
        "min": 4999881635,
        "max": 5000015728,
        "variance_ns2": 3007382726.277612,
        "iqr_ns": 35694.83333301544,
        "q1_ns": 4999939245.666667,
        "q3_ns": 4999974940.5
      },
      "futex_op_counts": {
        "128": 9
      },
      "first_seen_ts_ns": 3736195205631,
      "last_seen_ts_ns": 3746195299755
    },
    {
      "tgid": 3150,
      "comm": "containerd-shim",
      "cgroup_id": 4085,
      "wait_duration_stats_ns": {
        "count": 18.0,
        "sum": 44988847982.99999,
        "mean": 2499380443.4999995,
        "median": 2806905085.779838,
        "min": 12233,
        "max": 10500865282,
        "variance_ns2": 9.707941067341316e+18,
        "iqr_ns": 4475870501.378741,
        "q1_ns": 213476217.51639646,
        "q3_ns": 4689346718.895138
      },
      "futex_op_counts": {
        "128": 18
      },
      "first_seen_ts_ns": 3737117229263,
      "last_seen_ts_ns": 3746154875384
    },
    {
      "tgid": 3332,
      "comm": "containerd-shim",
      "cgroup_id": 4085,
      "wait_duration_stats_ns": {
        "count": 18.0,
        "sum": 44968761028.00001,
        "mean": 2498264501.555556,
        "median": 3193235947.9315114,
        "min": 34764,
        "max": 11408344273,
        "variance_ns2": 1.072780495067855e+19,
        "iqr_ns": 4175308967.802125,
        "q1_ns": 304702863.9785794,
        "q3_ns": 4480011831.7807045
      },
      "futex_op_counts": {
        "128": 18
      },
      "first_seen_ts_ns": 3737118262743,
      "last_seen_ts_ns": 3746149678211
    },
    {
      "tgid": 3153,
      "comm": "containerd-shim",
      "cgroup_id": 4085,
      "wait_duration_stats_ns": {
        "count": 17.0,
        "sum": 44954612902.999985,
        "mean": 2644388994.294117,
        "median": 2891506329.257389,
        "min": 35855,
        "max": 10494560014,
        "variance_ns2": 9.900728204151001e+18,
        "iqr_ns": 3531226463.2321415,
        "q1_ns": 379420017.39255005,
        "q3_ns": 3910646480.6246915
      },
      "futex_op_counts": {
        "128": 17
      },
      "first_seen_ts_ns": 3737121685340,
      "last_seen_ts_ns": 3746150990068
    },
    {
      "tgid": 3600,
      "comm": "containerd-shim",
      "cgroup_id": 4085,
      "wait_duration_stats_ns": {
        "count": 22.0,
        "sum": 44941377775.00001,
        "mean": 2042789898.8636367,
        "median": 1631064777.6703014,
        "min": 9780,
        "max": 6441210409,
        "variance_ns2": 7.438105860937548e+18,
        "iqr_ns": 5080818921.986821,
        "q1_ns": 196026711.4296488,
        "q3_ns": 5276845633.41647
      },
      "futex_op_counts": {
        "128": 22
      },
      "first_seen_ts_ns": 3737118965735,
      "last_seen_ts_ns": 3746150303592
    },
    {
      "tgid": 6236,
      "comm": "containerd-shim",
      "cgroup_id": 4085,
      "wait_duration_stats_ns": {
        "count": 20.0,
        "sum": 42882720130.0,
        "mean": 2144136006.5,
        "median": 1682538431.2792578,
        "min": 28660,
        "max": 14076882285,
        "variance_ns2": 1.668258853388093e+19,
        "iqr_ns": 5144826912.283515,
        "q1_ns": 32614747.425478555,
        "q3_ns": 5177441659.708994
      },
      "futex_op_counts": {
        "128": 20
      },
      "first_seen_ts_ns": 3737117416607,
      "last_seen_ts_ns": 3746155452594
    },
    {
      "tgid": 2890,
      "comm": "controller",
      "cgroup_id": 5361,
      "wait_duration_stats_ns": {
        "count": 57.0,
        "sum": 40554237445.000015,
        "mean": 711477849.9122809,
        "median": 455701764.8087556,
        "min": 529621,
        "max": 9999370230,
        "variance_ns2": 2.0859879795912404e+18,
        "iqr_ns": 121601761.82432634,
        "q1_ns": 437957682.8191177,
        "q3_ns": 559559444.6434441
      },
      "futex_op_counts": {
        "128": 57
      },
      "first_seen_ts_ns": 3734478181288,
      "last_seen_ts_ns": 3746478726790
    },
    {
      "tgid": 2340,
      "comm": "containerd-shim",
      "cgroup_id": 4085,
      "wait_duration_stats_ns": {
        "count": 9.0,
        "sum": 39929439519.0,
        "mean": 4436604391.0,
        "median": 3775909922.711111,
        "min": 221606355,
        "max": 8817870028,
        "variance_ns2": 1.3868595380375861e+19,
        "iqr_ns": 4416372809.966665,
        "q1_ns": 1370059852.7000003,
        "q3_ns": 5786432662.666666
      },
      "futex_op_counts": {
        "128": 9
      },
      "first_seen_ts_ns": 3737115481207,
      "last_seen_ts_ns": 3746156084162
    },
    {
      "tgid": 6385,
      "comm": "manager",
      "cgroup_id": 6753,
      "wait_duration_stats_ns": {
        "count": 112.0,
        "sum": 38929196791.0,
        "mean": 347582114.20535713,
        "median": 276906372.7391551,
        "min": 215274,
        "max": 6090597396,
        "variance_ns2": 6.468804247834111e+17,
        "iqr_ns": 503738041.0489783,
        "q1_ns": 6414933.819199815,
        "q3_ns": 510152974.8681781
      },
      "futex_op_counts": {
        "128": 112
      },
      "first_seen_ts_ns": 3729778211064,
      "last_seen_ts_ns": 3746278190112
    },
    {
      "tgid": 2505,
      "comm": "kube-proxy",
      "cgroup_id": 5193,
      "wait_duration_stats_ns": {
        "count": 14.0,
        "sum": 29992113976.000004,
        "mean": 2142293855.4285717,
        "median": 1274378575.074566,
        "min": 31721,
        "max": 5004084334,
        "variance_ns2": 4.640610661765782e+18,
        "iqr_ns": 3529509304.05894,
        "q1_ns": 318494893.081933,
        "q3_ns": 3848004197.140873
      },
      "futex_op_counts": {
        "128": 14
      },
      "first_seen_ts_ns": 3735020304907,
      "last_seen_ts_ns": 3745025252097
    },
    {
      "tgid": 2288,
      "comm": "ssm-agent-worke",
      "cgroup_id": 3429,
      "wait_duration_stats_ns": {
        "count": 21.0,
        "sum": 28065509712.0,
        "mean": 1336452843.4285715,
        "median": 1148271344.5894382,
        "min": 7668348,
        "max": 4177494037,
        "variance_ns2": 9.444633795224347e+17,
        "iqr_ns": 1381846475.8228686,
        "q1_ns": 475060546.9431246,
        "q3_ns": 1856907022.765993
      },
      "futex_op_counts": {
        "128": 21
      },
      "first_seen_ts_ns": 3735055411140,
      "last_seen_ts_ns": 3746419392998
    },
    {
      "tgid": 68936,
      "comm": "runc",
      "cgroup_id": 4085,
      "wait_duration_stats_ns": {
        "count": 305.0,
        "sum": 2061100240.0,
        "mean": 6757705.7049180325,
        "median": 437786.28975206736,
        "min": 6170,
        "max": 191456100,
        "variance_ns2": 563287876060561.4,
        "iqr_ns": 7061993.634338405,
        "q1_ns": 69529.83920736235,
        "q3_ns": 7131523.473545767
      },
      "futex_op_counts": {
        "128": 305
      },
      "first_seen_ts_ns": 3737170829730,
      "last_seen_ts_ns": 3737442838899
    },
    {
      "tgid": 68961,
      "comm": "runc",
      "cgroup_id": 4085,
      "wait_duration_stats_ns": {
        "count": 217.0,
        "sum": 584013595.0,
        "mean": 2691306.8894009218,
        "median": 284963.10867688997,
        "min": 5227,
        "max": 125598093,
        "variance_ns2": 234728641760964.75,
        "iqr_ns": 1742773.3149202615,
        "q1_ns": 15709.327464364724,
        "q3_ns": 1758482.6423846262
      },
      "futex_op_counts": {
        "128": 217
      },
      "first_seen_ts_ns": 3740485745766,
      "last_seen_ts_ns": 3740613587880
    },
    {
      "tgid": 68970,
      "comm": "runc:[2:INIT]",
      "cgroup_id": 5277,
      "wait_duration_stats_ns": {
        "count": 35.0,
        "sum": 352470722.0,
        "mean": 10070592.057142857,
        "median": 698763.001910581,
        "min": 17699,
        "max": 72542681,
        "variance_ns2": 441879709803247.4,
        "iqr_ns": 3609373.1400911803,
        "q1_ns": 200025.0351660024,
        "q3_ns": 3809398.1752571827
      },
      "futex_op_counts": {
        "128": 35
      },
      "first_seen_ts_ns": 3740540025044,
      "last_seen_ts_ns": 3740613515906
    },
    {
      "tgid": 68948,
      "comm": "runc:[2:INIT]",
      "cgroup_id": 5277,
      "wait_duration_stats_ns": {
        "count": 24.0,
        "sum": 218154340.0,
        "mean": 9089764.166666666,
        "median": 3987563.2968544485,
        "min": 8476,
        "max": 30898069,
        "variance_ns2": 86632671980072.75,
        "iqr_ns": 13155584.212141208,
        "q1_ns": 2181073.8431038214,
        "q3_ns": 15336658.055245029
      },
      "futex_op_counts": {
        "128": 24
      },
      "first_seen_ts_ns": 3737400185020,
      "last_seen_ts_ns": 3737450026773
    },
    {
      "tgid": 69039,
      "comm": "aws-cni",
      "cgroup_id": 4085,
      "wait_duration_stats_ns": {
        "count": 125.0,
        "sum": 54595471.000000045,
        "mean": 436763.76800000033,
        "median": 128879.45810449205,
        "min": 878,
        "max": 8592267,
        "variance_ns2": 1252389105767.7278,
        "iqr_ns": 308012.4190816278,
        "q1_ns": 45003.859134044804,
        "q3_ns": 353016.2782156726
      },
      "futex_op_counts": {
        "128": 125
      },
      "first_seen_ts_ns": 3745459918750,
      "last_seen_ts_ns": 3745474154949
    },
    {
      "tgid": 69011,
      "comm": "aws-cni",
      "cgroup_id": 4085,
      "wait_duration_stats_ns": {
        "count": 71.0,
        "sum": 40590373.00000001,
        "mean": 571695.3943661973,
        "median": 216975.6947308826,
        "min": 6925,
        "max": 5498754,
        "variance_ns2": 1390891881105.2424,
        "iqr_ns": 613667.7264996616,
        "q1_ns": 35256.47550655019,
        "q3_ns": 648924.2020062117
      },
      "futex_op_counts": {
        "128": 71
      },
      "first_seen_ts_ns": 3745431692074,
      "last_seen_ts_ns": 3745443326524
    },
    {
      "tgid": 68970,
      "comm": "grpc-health-pro",
      "cgroup_id": 5277,
      "wait_duration_stats_ns": {
        "count": 18.0,
        "sum": 28675109.999999996,
        "mean": 1593061.6666666665,
        "median": 573771.4932780613,
        "min": 24640,
        "max": 11665480,
        "variance_ns2": 8092194294765.177,
        "iqr_ns": 1538473.504701034,
        "q1_ns": 163044.9617255081,
        "q3_ns": 1701518.466426542
      },
      "futex_op_counts": {
        "128": 18
      },
      "first_seen_ts_ns": 3740615716557,
      "last_seen_ts_ns": 3740630032171
    },
    {
      "tgid": 68948,
      "comm": "grpc-health-pro",
      "cgroup_id": 5277,
      "wait_duration_stats_ns": {
        "count": 16.0,
        "sum": 25457751.0,
        "mean": 1591109.4375,
        "median": 1384787.149257973,
        "min": 26904,
        "max": 8024410,
        "variance_ns2": 6631220833850.931,
        "iqr_ns": 2211332.1384627917,
        "q1_ns": 148968.61591220854,
        "q3_ns": 2360300.754375
      },
      "futex_op_counts": {
        "128": 16
      },
      "first_seen_ts_ns": 3737460031941,
      "last_seen_ts_ns": 3737463445472
    },
    {
      "tgid": 69005,
      "comm": "egress-cni",
      "cgroup_id": 4085,
      "wait_duration_stats_ns": {
        "count": 12.0,
        "sum": 14954248.999999998,
        "mean": 1246187.4166666665,
        "median": 247074.6111111111,
        "min": 45932,
        "max": 4662177,
        "variance_ns2": 3544710469548.992,
        "iqr_ns": 1573724.3333333333,
        "q1_ns": 139310.0,
        "q3_ns": 1713034.3333333333
      },
      "futex_op_counts": {
        "128": 12
      },
      "first_seen_ts_ns": 3745423853219,
      "last_seen_ts_ns": 3745428731383
    },
    {
      "tgid": 69030,
      "comm": "egress-cni",
      "cgroup_id": 4085,
      "wait_duration_stats_ns": {
        "count": 7.0,
        "sum": 12487108.0,
        "mean": 1783872.5714285714,
        "median": 1529625.3333333333,
        "min": 61603,
        "max": 4198014,
        "variance_ns2": 3719962603938.9517,
        "iqr_ns": 1169862.3333333333,
        "q1_ns": 359763.0,
        "q3_ns": 1529625.3333333333
      },
      "futex_op_counts": {
        "128": 7
      },
      "first_seen_ts_ns": 3745452576738,
      "last_seen_ts_ns": 3745456762707
    },
    {
      "tgid": 69025,
      "comm": "portmap",
      "cgroup_id": 4085,
      "wait_duration_stats_ns": {
        "count": 5.0,
        "sum": 2241494.0,
        "mean": 448298.8,
        "median": 642357.0,
        "min": 1846,
        "max": 796479,
        "variance_ns2": 163959924729.7,
        "iqr_ns": 765564.0,
        "q1_ns": 17624.0,
        "q3_ns": 783188.0
      },
      "futex_op_counts": {
        "128": 5
      },
      "first_seen_ts_ns": 3745448464727,
      "last_seen_ts_ns": 3745449371555
    },
    {
      "tgid": 68995,
      "comm": "loopback",
      "cgroup_id": 4085,
      "wait_duration_stats_ns": {
        "count": 6.0,
        "sum": 1843933.0,
        "mean": 307322.1666666667,
        "median": 285065.0,
        "min": 46900,
        "max": 669385,
        "variance_ns2": 41148586632.16667,
        "iqr_ns": 0.0,
        "q1_ns": 285065.0,
        "q3_ns": 285065.0
      },
      "futex_op_counts": {
        "128": 6
      },
      "first_seen_ts_ns": 3745419555432,
      "last_seen_ts_ns": 3745420221362
    },
    {
      "tgid": 69000,
      "comm": "portmap",
      "cgroup_id": 4085,
      "wait_duration_stats_ns": {
        "count": 6.0,
        "sum": 1536492.0,
        "mean": 256082.0,
        "median": 239978.0,
        "min": 49944,
        "max": 510627,
        "variance_ns2": 25405374606.000004,
        "iqr_ns": 0.0,
        "q1_ns": 239978.0,
        "q3_ns": 239978.0
      },
      "futex_op_counts": {
        "128": 6
      },
      "first_seen_ts_ns": 3745421333568,
      "last_seen_ts_ns": 3745421890651
    },
    {
      "tgid": 69020,
      "comm": "loopback",
      "cgroup_id": 4085,
      "wait_duration_stats_ns": {
        "count": 7.0,
        "sum": 1123186.0,
        "mean": 160455.14285714284,
        "median": 37719.0,
        "min": 10347,
        "max": 429431,
        "variance_ns2": 24488052218.809525,
        "iqr_ns": 76400.88888888888,
        "q1_ns": 37719.0,
        "q3_ns": 114119.88888888888
      },
      "futex_op_counts": {
        "128": 7
      },
      "first_seen_ts_ns": 3745446579402,
      "last_seen_ts_ns": 3745447084269
    },
    {
      "tgid": 68784,
      "comm": "flux-broker-0",
      "cgroup_id": 36387,
      "wait_duration_stats_ns": {
        "count": 4.0,
        "sum": 95260.0,
        "mean": 23815.0,
        "median": 20241.0,
        "min": 2101,
        "max": 68815,
        "variance_ns2": 965944738.6666666,
        "iqr_ns": 64712.0,
        "q1_ns": 4103.0,
        "q3_ns": 68815.0
      },
      "futex_op_counts": {
        "128": 4
      },
      "first_seen_ts_ns": 3734537522653,
      "last_seen_ts_ns": 3746349655738
    },
    {
      "tgid": 68784,
      "comm": "ZMQbg/Reaper",
      "cgroup_id": 36387,
      "wait_duration_stats_ns": {
        "count": 2.0,
        "sum": 13555.0,
        "mean": 6777.5,
        "median": 10585.0,
        "min": 2970,
        "max": 10585,
        "variance_ns2": 28994112.5,
        "iqr_ns": 7615.0,
        "q1_ns": 2970.0,
        "q3_ns": 10585.0
      },
      "futex_op_counts": {
        "128": 2
      },
      "first_seen_ts_ns": 3746189122534,
      "last_seen_ts_ns": 3746287046849
    }
  ]
}
[14:02:34] Cleanup complete.
