unlimited
PROGRAM: cpu
Looking for /opt/programs/cpu/ebpf-collect.c
[23:51:04] Waiting for start indicator file: '/mnt/flux/start_ebpf_collection'.
[23:51:10] Start indicator found. Proceeding with monitoring.
[23:51:10] Initializing eBPF for CPU Scheduling monitoring...
[23:51:10] BPF C code compiled and loaded.
[23:51:10] Attached tracepoints.
[23:51:10] Monitoring CPU scheduling events (polling aggregated map)... Press Ctrl+C to stop.
[23:52:11] Stop indicator file '/mnt/flux/stop_ebpf_collection' found. Stopping.
[23:52:11] Initiating cleanup sequence...
{
  "final_aggregated_summary_river": [
    {
      "tgid": 135,
      "comm": "python3",
      "cgroup_id": 14476,
      "on_cpu_stats_ns": {
        "count": 332.0,
        "sum_ns": 18912563.075001527,
        "mean_ns": 56965.551430727486,
        "median_ns": 48345.19064577689,
        "min_ns": 2326.0,
        "max_ns": 485358.5,
        "variance_ns2": 4222961515.4375916,
        "iqr_ns": 69689.93202206887,
        "q1_ns": 12252.613140617348,
        "q3_ns": 81942.54516268622
      },
      "runq_latency_stats_ns": {
        "count": 332.0,
        "sum_ns": 19720185.418351196,
        "mean_ns": 59398.14885045541,
        "median_ns": 23034.801967912954,
        "min_ns": 412.2880434782609,
        "max_ns": 7594888.25,
        "variance_ns2": 187288431043.77713,
        "iqr_ns": 35915.56490684469,
        "q1_ns": 5014.35723877164,
        "q3_ns": 40929.92214561633
      },
      "first_seen_ts_ns": 1750117871004293695,
      "last_seen_ts_ns": 1750117931388403807,
      "duration_active_s": 60.384110112
    },
    {
      "tgid": 95,
      "comm": "python3",
      "cgroup_id": 14392,
      "on_cpu_stats_ns": {
        "count": 215.0,
        "sum_ns": 11158223.250000002,
        "mean_ns": 51898.71279069768,
        "median_ns": 13686.338989928703,
        "min_ns": 3967.0,
        "max_ns": 304209.0,
        "variance_ns2": 3832270421.767883,
        "iqr_ns": 68704.86264151413,
        "q1_ns": 12349.16480203952,
        "q3_ns": 81054.02744355366
      },
      "runq_latency_stats_ns": {
        "count": 215.0,
        "sum_ns": 32513928.500000004,
        "mean_ns": 151227.57441860466,
        "median_ns": 5319.791322247018,
        "min_ns": 793.0,
        "max_ns": 30393022.0,
        "variance_ns2": 4293747304577.6304,
        "iqr_ns": 14974.047334025003,
        "q1_ns": 3625.5213602176127,
        "q3_ns": 18599.568694242615
      },
      "first_seen_ts_ns": 1750117870900408441,
      "last_seen_ts_ns": 1750117931083318456,
      "duration_active_s": 60.182910015
    },
    {
      "tgid": 160,
      "comm": "flux-broker-0",
      "cgroup_id": 14560,
      "on_cpu_stats_ns": {
        "count": 49.0,
        "sum_ns": 3654626.3333333335,
        "mean_ns": 74584.21088435374,
        "median_ns": 34872.131632780176,
        "min_ns": 8114.0,
        "max_ns": 381229.5,
        "variance_ns2": 7893831376.800663,
        "iqr_ns": 120058.24898802931,
        "q1_ns": 13998.74800480352,
        "q3_ns": 134056.99699283284
      },
      "runq_latency_stats_ns": {
        "count": 50.0,
        "sum_ns": 11437570.499999998,
        "mean_ns": 228751.40999999997,
        "median_ns": 9346.901484538337,
        "min_ns": 709.0,
        "max_ns": 9973554.0,
        "variance_ns2": 1988154540475.154,
        "iqr_ns": 13274.808587475154,
        "q1_ns": 4306.861200702604,
        "q3_ns": 17581.669788177758
      },
      "first_seen_ts_ns": 1750117871004293695,
      "last_seen_ts_ns": 1750117930981163125,
      "duration_active_s": 59.97686943
    },
    {
      "tgid": 40,
      "comm": "bash",
      "cgroup_id": 14476,
      "on_cpu_stats_ns": {
        "count": 21.0,
        "sum_ns": 1252502.5000000002,
        "mean_ns": 59642.9761904762,
        "median_ns": 23873.319811371148,
        "min_ns": 10097.0,
        "max_ns": 283350.0,
        "variance_ns2": 4349564845.961905,
        "iqr_ns": 53934.88764124175,
        "q1_ns": 14845.71169714639,
        "q3_ns": 68780.59933838814
      },
      "runq_latency_stats_ns": {
        "count": 21.0,
        "sum_ns": 218108.00000000006,
        "mean_ns": 10386.09523809524,
        "median_ns": 6229.77196794426,
        "min_ns": 1748.5,
        "max_ns": 48091.0,
        "variance_ns2": 136930370.26547617,
        "iqr_ns": 7858.928213258515,
        "q1_ns": 4058.780120074817,
        "q3_ns": 11917.708333333332
      },
      "first_seen_ts_ns": 1750117870900408441,
      "last_seen_ts_ns": 1750117927949217957,
      "duration_active_s": 57.048809516
    },
    {
      "tgid": 1,
      "comm": "pause",
      "cgroup_id": 14140,
      "on_cpu_stats_ns": {
        "count": 2.0,
        "sum_ns": 534522.2380952381,
        "mean_ns": 267261.11904761905,
        "median_ns": 344949.5714285714,
        "min_ns": 189572.66666666666,
        "max_ns": 344949.5714285714,
        "variance_ns2": 12070991266.69501,
        "iqr_ns": 155376.90476190476,
        "q1_ns": 189572.66666666666,
        "q3_ns": 344949.5714285714
      },
      "runq_latency_stats_ns": {
        "count": 2.0,
        "sum_ns": 8021.285714285715,
        "mean_ns": 4010.6428571428573,
        "median_ns": 7249.0,
        "min_ns": 772.2857142857143,
        "max_ns": 7249.0,
        "variance_ns2": 20973913.969387755,
        "iqr_ns": 6476.714285714285,
        "q1_ns": 772.2857142857143,
        "q3_ns": 7249.0
      },
      "first_seen_ts_ns": 1750117914810433561,
      "last_seen_ts_ns": 1750117931388403807,
      "duration_active_s": 16.577970246
    }
  ]
}
[23:52:11] Cleanup complete. Exiting.
