ln: failed to create symbolic link '/mnt/flux/view/lib/python': File exists
ln: failed to create symbolic link '/mnt/flux/view/lib/python3': File exists
unlimited
PROGRAM: futex
Looking for /opt/programs/futex/ebpf-collect.c
[04:04:21] Starting eBPF (Tracepoints for futex syscalls).
[04:04:22] BPF program loaded and tracepoints automatically attached.
[04:04:22] Start Indicator file defined '/mnt/flux/start_ebpf_collection'. Waiting.
[04:04:27] Start indicator found. Proceeding.
[04:04:27] Ring buffers opened. Polling for events...
[04:05:35] 
Indicator file '/mnt/flux/stop_ebpf_collection' found. Stopping.
[04:05:35] Cleaning up BPF resources...
{
  "final_aggregated_futex_summary_river": [
    {
      "tgid": 4405,
      "comm": "containerd",
      "cgroup_id": 4085,
      "wait_duration_stats_ns": {
        "count": 6819.0,
        "sum": 1145286390311.9976,
        "mean": 167955182.62384477,
        "median": 3198664.6485354356,
        "min": 426,
        "max": 68691502051,
        "variance_ns2": 3.7018709024389903e+18,
        "iqr_ns": 67573290.92405565,
        "q1_ns": 64209.84972293592,
        "q3_ns": 67637500.77377859
      },
      "futex_op_counts": {
        "128": 6819
      },
      "first_seen_ts_ns": 10323579137005,
      "last_seen_ts_ns": 10396286864899
    },
    {
      "tgid": 4465,
      "comm": "kubelet",
      "cgroup_id": 4138,
      "wait_duration_stats_ns": {
        "count": 6562.0,
        "sum": 1131127039685.0022,
        "mean": 172375348.9309665,
        "median": 17076912.01608984,
        "min": 476,
        "max": 64550156233,
        "variance_ns2": 5.875693386694231e+18,
        "iqr_ns": 60540129.408633195,
        "q1_ns": 1085575.7487135609,
        "q3_ns": 61625705.157346755
      },
      "futex_op_counts": {
        "128": 6562
      },
      "first_seen_ts_ns": 10323592194048,
      "last_seen_ts_ns": 10396336505060
    },
    {
      "tgid": 4548,
      "comm": "containerd-shim",
      "cgroup_id": 4085,
      "wait_duration_stats_ns": {
        "count": 966.0,
        "sum": 495647694552.0007,
        "mean": 513092851.5031063,
        "median": 173818.95091996092,
        "min": 496,
        "max": 19989589260,
        "variance_ns2": 2.343383082223766e+18,
        "iqr_ns": 6539269.966699421,
        "q1_ns": 41659.651392923195,
        "q3_ns": 6580929.618092344
      },
      "futex_op_counts": {
        "128": 966
      },
      "first_seen_ts_ns": 10323745536486,
      "last_seen_ts_ns": 10395256534015
    },
    {
      "tgid": 202033,
      "comm": "containerd-shim",
      "cgroup_id": 4085,
      "wait_duration_stats_ns": {
        "count": 89.0,
        "sum": 343236279670.99994,
        "mean": 3856587412.033707,
        "median": 1782714473.5173717,
        "min": 774,
        "max": 30025391636,
        "variance_ns2": 4.338134745930109e+19,
        "iqr_ns": 5618014189.466786,
        "q1_ns": 62785826.60738707,
        "q3_ns": 5680800016.074174
      },
      "futex_op_counts": {
        "128": 89
      },
      "first_seen_ts_ns": 10330346311492,
      "last_seen_ts_ns": 10394172892055
    },
    {
      "tgid": 6092,
      "comm": "coredns",
      "cgroup_id": 5711,
      "wait_duration_stats_ns": {
        "count": 524.0,
        "sum": 338649408146.0001,
        "mean": 646277496.4618323,
        "median": 368887331.08091426,
        "min": 1015,
        "max": 16457216394,
        "variance_ns2": 2.1849324562942141e+18,
        "iqr_ns": 876720619.5664409,
        "q1_ns": 16779221.7098376,
        "q3_ns": 893499841.2762785
      },
      "futex_op_counts": {
        "128": 524
      },
      "first_seen_ts_ns": 10323813648698,
      "last_seen_ts_ns": 10395915747917
    },
    {
      "tgid": 6095,
      "comm": "coredns",
      "cgroup_id": 5781,
      "wait_duration_stats_ns": {
        "count": 473.0,
        "sum": 337745399318.0001,
        "mean": 714049470.0169135,
        "median": 508747475.1718296,
        "min": 8650,
        "max": 33452087812,
        "variance_ns2": 4.378967318096343e+18,
        "iqr_ns": 837639274.9603099,
        "q1_ns": 116835580.35055637,
        "q3_ns": 954474855.3108662
      },
      "futex_op_counts": {
        "128": 473
      },
      "first_seen_ts_ns": 10328816885482,
      "last_seen_ts_ns": 10395917801630
    },
    {
      "tgid": 202256,
      "comm": "containerd-shim",
      "cgroup_id": 4085,
      "wait_duration_stats_ns": {
        "count": 327.0,
        "sum": 330838924018.0,
        "mean": 1011739828.8012233,
        "median": 13031538.305207066,
        "min": 520,
        "max": 59997316880,
        "variance_ns2": 1.6009567921527732e+19,
        "iqr_ns": 214665781.39448497,
        "q1_ns": 800231.1747445605,
        "q3_ns": 215466012.5692295
      },
      "futex_op_counts": {
        "128": 327
      },
      "first_seen_ts_ns": 10328747566471,
      "last_seen_ts_ns": 10396342681198
    },
    {
      "tgid": 7070,
      "comm": "containerd-shim",
      "cgroup_id": 4085,
      "wait_duration_stats_ns": {
        "count": 142.0,
        "sum": 330488337085.0002,
        "mean": 2327382655.52817,
        "median": 34662118.3747527,
        "min": 515,
        "max": 30000311305,
        "variance_ns2": 3.3115835586879554e+19,
        "iqr_ns": 1180794639.1346006,
        "q1_ns": 538623.5711336692,
        "q3_ns": 1181333262.7057343
      },
      "futex_op_counts": {
        "128": 142
      },
      "first_seen_ts_ns": 10331963827695,
      "last_seen_ts_ns": 10394175651286
    },
    {
      "tgid": 6191,
      "comm": "metrics-server",
      "cgroup_id": 5921,
      "wait_duration_stats_ns": {
        "count": 1140.0,
        "sum": 322646370060.9997,
        "mean": 283023131.6324559,
        "median": 96182136.30755642,
        "min": 843,
        "max": 30002930152,
        "variance_ns2": 2.1346550119454467e+18,
        "iqr_ns": 185172676.76119968,
        "q1_ns": 30119230.834903028,
        "q3_ns": 215291907.5961027
      },
      "futex_op_counts": {
        "128": 1140
      },
      "first_seen_ts_ns": 10328717314528,
      "last_seen_ts_ns": 10396336276394
    },
    {
      "tgid": 4546,
      "comm": "containerd-shim",
      "cgroup_id": 4085,
      "wait_duration_stats_ns": {
        "count": 83.0,
        "sum": 303780347044.00006,
        "mean": 3660004181.2530127,
        "median": 859401937.7428493,
        "min": 499,
        "max": 30005047843,
        "variance_ns2": 3.4830983516150063e+19,
        "iqr_ns": 7311086271.191538,
        "q1_ns": 116929179.12333928,
        "q3_ns": 7428015450.3148775
      },
      "futex_op_counts": {
        "128": 83
      },
      "first_seen_ts_ns": 10331967044369,
      "last_seen_ts_ns": 10395257049591
    },
    {
      "tgid": 4983,
      "comm": "aws-k8s-agent",
      "cgroup_id": 5011,
      "wait_duration_stats_ns": {
        "count": 297.0,
        "sum": 275164528817.0002,
        "mean": 926479895.0067346,
        "median": 16004219.613248471,
        "min": 824,
        "max": 17111893201,
        "variance_ns2": 4.2294274088806574e+18,
        "iqr_ns": 931779806.7408195,
        "q1_ns": 346760.7069567058,
        "q3_ns": 932126567.4477762
      },
      "futex_op_counts": {
        "128": 297
      },
      "first_seen_ts_ns": 10328889556778,
      "last_seen_ts_ns": 10394331611441
    },
    {
      "tgid": 5642,
      "comm": "containerd-shim",
      "cgroup_id": 4085,
      "wait_duration_stats_ns": {
        "count": 62.0,
        "sum": 270553593161.99997,
        "mean": 4363767631.645161,
        "median": 2484287387.6071267,
        "min": 15305,
        "max": 29996704670,
        "variance_ns2": 3.9652970763932795e+19,
        "iqr_ns": 7837577638.536221,
        "q1_ns": 301295281.5642801,
        "q3_ns": 8138872920.100501
      },
      "futex_op_counts": {
        "128": 62
      },
      "first_seen_ts_ns": 10331965500251,
      "last_seen_ts_ns": 10394177233485
    },
    {
      "tgid": 5720,
      "comm": "containerd-shim",
      "cgroup_id": 4085,
      "wait_duration_stats_ns": {
        "count": 68.0,
        "sum": 270549129380.0,
        "mean": 3978663667.352941,
        "median": 1665037439.3415976,
        "min": 8270,
        "max": 29999418633,
        "variance_ns2": 3.6536981547649126e+19,
        "iqr_ns": 7034867439.051009,
        "q1_ns": 204534326.93739757,
        "q3_ns": 7239401765.988407
      },
      "futex_op_counts": {
        "128": 68
      },
      "first_seen_ts_ns": 10331965385743,
      "last_seen_ts_ns": 10394176708906
    },
    {
      "tgid": 5724,
      "comm": "containerd-shim",
      "cgroup_id": 4085,
      "wait_duration_stats_ns": {
        "count": 73.0,
        "sum": 270532933186.0001,
        "mean": 3705930591.589042,
        "median": 928867488.1032925,
        "min": 999,
        "max": 29998027010,
        "variance_ns2": 3.5776787766463787e+19,
        "iqr_ns": 7111098517.931507,
        "q1_ns": 122748472.3765443,
        "q3_ns": 7233846990.308051
      },
      "futex_op_counts": {
        "128": 73
      },
      "first_seen_ts_ns": 10331968219525,
      "last_seen_ts_ns": 10394172365063
    },
    {
      "tgid": 5961,
      "comm": "containerd-shim",
      "cgroup_id": 4085,
      "wait_duration_stats_ns": {
        "count": 68.0,
        "sum": 270513002736.00003,
        "mean": 3978132393.176471,
        "median": 1717999589.2346,
        "min": 19659,
        "max": 29997380575,
        "variance_ns2": 3.722738472082336e+19,
        "iqr_ns": 7656911772.57171,
        "q1_ns": 219135619.70651016,
        "q3_ns": 7876047392.27822
      },
      "futex_op_counts": {
        "128": 68
      },
      "first_seen_ts_ns": 10331967615743,
      "last_seen_ts_ns": 10394171829546
    },
    {
      "tgid": 6187,
      "comm": "metrics-server",
      "cgroup_id": 5851,
      "wait_duration_stats_ns": {
        "count": 1286.0,
        "sum": 264082192572.00003,
        "mean": 205351627.19440126,
        "median": 110749850.98311651,
        "min": 9055,
        "max": 13592978327,
        "variance_ns2": 4.2833559395885414e+17,
        "iqr_ns": 182399538.279225,
        "q1_ns": 70701112.72112417,
        "q3_ns": 253100651.00034916
      },
      "futex_op_counts": {
        "128": 1286
      },
      "first_seen_ts_ns": 10323814813375,
      "last_seen_ts_ns": 10396315396586
    },
    {
      "tgid": 4697,
      "comm": "kube-proxy",
      "cgroup_id": 4871,
      "wait_duration_stats_ns": {
        "count": 111.0,
        "sum": 252083776825.99994,
        "mean": 2271025016.45045,
        "median": 1799323101.5817373,
        "min": 902,
        "max": 29987966949,
        "variance_ns2": 2.1909598110965522e+19,
        "iqr_ns": 2954965605.317379,
        "q1_ns": 54697134.83065963,
        "q3_ns": 3009662740.148039
      },
      "futex_op_counts": {
        "128": 111
      },
      "first_seen_ts_ns": 10332423008975,
      "last_seen_ts_ns": 10394986633454
    },
    {
      "tgid": 4303,
      "comm": "amazon-ssm-agen",
      "cgroup_id": 3429,
      "wait_duration_stats_ns": {
        "count": 19.0,
        "sum": 243996552736.0,
        "mean": 12841923828.210526,
        "median": 9437614232.239883,
        "min": 20150,
        "max": 60014248139,
        "variance_ns2": 6.262673980179883e+20,
        "iqr_ns": 52098346062.06075,
        "q1_ns": 46441504.10336372,
        "q3_ns": 52144787566.164116
      },
      "futex_op_counts": {
        "128": 19
      },
      "first_seen_ts_ns": 10387364650798,
      "last_seen_ts_ns": 10388365490727
    },
    {
      "tgid": 7250,
      "comm": "manager",
      "cgroup_id": 6249,
      "wait_duration_stats_ns": {
        "count": 593.0,
        "sum": 241076394909.99988,
        "mean": 406536922.27655965,
        "median": 294373633.6923954,
        "min": 5202,
        "max": 16346223432,
        "variance_ns2": 1.2904276272108352e+18,
        "iqr_ns": 484341705.86302066,
        "q1_ns": 7948977.1247176435,
        "q3_ns": 492290682.9877383
      },
      "futex_op_counts": {
        "128": 593
      },
      "first_seen_ts_ns": 10328935740918,
      "last_seen_ts_ns": 10395936511055
    },
    {
      "tgid": 4427,
      "comm": "ssm-agent-worke",
      "cgroup_id": 3429,
      "wait_duration_stats_ns": {
        "count": 102.0,
        "sum": 197179026274.99994,
        "mean": 1933127708.578431,
        "median": 1760018376.7080138,
        "min": 1300524,
        "max": 50526033075,
        "variance_ns2": 2.4762089668336726e+19,
        "iqr_ns": 1683205713.0459423,
        "q1_ns": 494804962.86487633,
        "q3_ns": 2178010675.9108186
      },
      "futex_op_counts": {
        "128": 102
      },
      "first_seen_ts_ns": 10330288023442,
      "last_seen_ts_ns": 10395588394772
    },
    {
      "tgid": 7155,
      "comm": "kube-rbac-proxy",
      "cgroup_id": 6179,
      "wait_duration_stats_ns": {
        "count": 32.0,
        "sum": 194893100902.0,
        "mean": 6090409403.1875,
        "median": 5057582058.714007,
        "min": 4984082269,
        "max": 19999977800,
        "variance_ns2": 9.261178011311878e+18,
        "iqr_ns": 598741789.1389637,
        "q1_ns": 4991302189.963564,
        "q3_ns": 5590043979.102528
      },
      "futex_op_counts": {
        "128": 32
      },
      "first_seen_ts_ns": 10332125432817,
      "last_seen_ts_ns": 10392121627455
    },
    {
      "tgid": 5119,
      "comm": "controller",
      "cgroup_id": 5081,
      "wait_duration_stats_ns": {
        "count": 297.0,
        "sum": 193982720159.99988,
        "mean": 653140471.9191915,
        "median": 492598362.0629684,
        "min": 18322,
        "max": 10000968781,
        "variance_ns2": 1.298167134646779e+18,
        "iqr_ns": 18861532.221904695,
        "q1_ns": 480990649.64404577,
        "q3_ns": 499852181.86595047
      },
      "futex_op_counts": {
        "128": 297
      },
      "first_seen_ts_ns": 10328801981377,
      "last_seen_ts_ns": 10396302596109
    },
    {
      "tgid": 202958,
      "comm": "xhpcg",
      "cgroup_id": 74849,
      "wait_duration_stats_ns": {
        "count": 552.0,
        "sum": 4071273374.0000014,
        "mean": 7375495.242753626,
        "median": 5134778.038442358,
        "min": 23993,
        "max": 48359223,
        "variance_ns2": 35115626874859.61,
        "iqr_ns": 6225971.840854743,
        "q1_ns": 4927235.512138384,
        "q3_ns": 11153207.352993127
      },
      "futex_op_counts": {
        "128": 552
      },
      "first_seen_ts_ns": 10348016743866,
      "last_seen_ts_ns": 10369812930013
    },
    {
      "tgid": 202956,
      "comm": "xhpcg",
      "cgroup_id": 74849,
      "wait_duration_stats_ns": {
        "count": 506.0,
        "sum": 4016212945.000001,
        "mean": 7937179.733201583,
        "median": 5285713.837411031,
        "min": 23709,
        "max": 48457362,
        "variance_ns2": 39714822168246.17,
        "iqr_ns": 9288189.633730905,
        "q1_ns": 4951297.144532861,
        "q3_ns": 14239486.778263766
      },
      "futex_op_counts": {
        "128": 506
      },
      "first_seen_ts_ns": 10348016533369,
      "last_seen_ts_ns": 10369812977142
    },
    {
      "tgid": 202965,
      "comm": "xhpcg",
      "cgroup_id": 74849,
      "wait_duration_stats_ns": {
        "count": 445.0,
        "sum": 3887323863.0000005,
        "mean": 8735559.24269663,
        "median": 5642194.499899769,
        "min": 28186,
        "max": 48459523,
        "variance_ns2": 45649789449791.67,
        "iqr_ns": 7132557.175518491,
        "q1_ns": 4933584.52093755,
        "q3_ns": 12066141.696456041
      },
      "futex_op_counts": {
        "128": 445
      },
      "first_seen_ts_ns": 10348016379615,
      "last_seen_ts_ns": 10369812994094
    },
    {
      "tgid": 202963,
      "comm": "xhpcg",
      "cgroup_id": 74849,
      "wait_duration_stats_ns": {
        "count": 427.0,
        "sum": 3845150212.999998,
        "mean": 9005035.627634656,
        "median": 6218926.3025291255,
        "min": 48848,
        "max": 47868079,
        "variance_ns2": 50277579417826.52,
        "iqr_ns": 9509732.407335816,
        "q1_ns": 4676270.513828084,
        "q3_ns": 14186002.9211639
      },
      "futex_op_counts": {
        "128": 427
      },
      "first_seen_ts_ns": 10348016620655,
      "last_seen_ts_ns": 10369812951170
    },
    {
      "tgid": 202959,
      "comm": "xhpcg",
      "cgroup_id": 74849,
      "wait_duration_stats_ns": {
        "count": 422.0,
        "sum": 3814226053.9999995,
        "mean": 9038450.364928909,
        "median": 6040330.343696141,
        "min": 27404,
        "max": 48375205,
        "variance_ns2": 48222811386578.234,
        "iqr_ns": 9321012.686598629,
        "q1_ns": 4871945.957350504,
        "q3_ns": 14192958.643949132
      },
      "futex_op_counts": {
        "128": 422
      },
      "first_seen_ts_ns": 10348016399837,
      "last_seen_ts_ns": 10369812934973
    },
    {
      "tgid": 202960,
      "comm": "xhpcg",
      "cgroup_id": 74849,
      "wait_duration_stats_ns": {
        "count": 415.0,
        "sum": 3780046995.0000052,
        "mean": 9108546.975903627,
        "median": 5577437.0630968185,
        "min": 24496,
        "max": 48409518,
        "variance_ns2": 50280933552672.78,
        "iqr_ns": 9986672.405034684,
        "q1_ns": 4909209.958664765,
        "q3_ns": 14895882.363699447
      },
      "futex_op_counts": {
        "128": 415
      },
      "first_seen_ts_ns": 10348016368253,
      "last_seen_ts_ns": 10369812999001
    },
    {
      "tgid": 202961,
      "comm": "xhpcg",
      "cgroup_id": 74849,
      "wait_duration_stats_ns": {
        "count": 385.0,
        "sum": 3746053011.9999995,
        "mean": 9730007.823376622,
        "median": 7191010.757856252,
        "min": 17743,
        "max": 48312719,
        "variance_ns2": 54117122823209.71,
        "iqr_ns": 10053447.579249382,
        "q1_ns": 4869449.684500146,
        "q3_ns": 14922897.263749529
      },
      "futex_op_counts": {
        "128": 385
      },
      "first_seen_ts_ns": 10348016402662,
      "last_seen_ts_ns": 10369812959869
    },
    {
      "tgid": 202957,
      "comm": "xhpcg",
      "cgroup_id": 74849,
      "wait_duration_stats_ns": {
        "count": 385.0,
        "sum": 3734862440.999999,
        "mean": 9700941.405194802,
        "median": 7034243.547508833,
        "min": 31566,
        "max": 48283522,
        "variance_ns2": 53042953684230.75,
        "iqr_ns": 10037283.859540604,
        "q1_ns": 4832104.67694345,
        "q3_ns": 14869388.536484053
      },
      "futex_op_counts": {
        "128": 385
      },
      "first_seen_ts_ns": 10348016395277,
      "last_seen_ts_ns": 10369812938567
    },
    {
      "tgid": 203187,
      "comm": "runc",
      "cgroup_id": 4085,
      "wait_duration_stats_ns": {
        "count": 242.0,
        "sum": 3445838653.0000005,
        "mean": 14239002.698347108,
        "median": 3421754.6626213207,
        "min": 1940,
        "max": 260403966,
        "variance_ns2": 2273052685387159.5,
        "iqr_ns": 13771326.483101584,
        "q1_ns": 105057.55623505863,
        "q3_ns": 13876384.039336642
      },
      "futex_op_counts": {
        "128": 242
      },
      "first_seen_ts_ns": 10373751170498,
      "last_seen_ts_ns": 10374100852839
    },
    {
      "tgid": 203082,
      "comm": "runc",
      "cgroup_id": 4085,
      "wait_duration_stats_ns": {
        "count": 242.0,
        "sum": 3208198403.0000005,
        "mean": 13257018.194214879,
        "median": 996250.37035403,
        "min": 2068,
        "max": 300251643,
        "variance_ns2": 2085118407034233.0,
        "iqr_ns": 8911816.778487498,
        "q1_ns": 73391.56024434205,
        "q3_ns": 8985208.33873184
      },
      "futex_op_counts": {
        "128": 242
      },
      "first_seen_ts_ns": 10360194540152,
      "last_seen_ts_ns": 10360630752598
    },
    {
      "tgid": 202980,
      "comm": "runc",
      "cgroup_id": 4085,
      "wait_duration_stats_ns": {
        "count": 235.0,
        "sum": 2941254172.0,
        "mean": 12515975.2,
        "median": 410916.4930270545,
        "min": 1639,
        "max": 410567926,
        "variance_ns2": 3219271846717051.5,
        "iqr_ns": 4511368.166282794,
        "q1_ns": 74489.16296928312,
        "q3_ns": 4585857.329252077
      },
      "futex_op_counts": {
        "128": 235
      },
      "first_seen_ts_ns": 10350195449357,
      "last_seen_ts_ns": 10350640689855
    },
    {
      "tgid": 203105,
      "comm": "runc",
      "cgroup_id": 4085,
      "wait_duration_stats_ns": {
        "count": 236.0,
        "sum": 2767349164.0000005,
        "mean": 11726055.779661018,
        "median": 703898.7977074668,
        "min": 2068,
        "max": 225283673,
        "variance_ns2": 1665899547906883.0,
        "iqr_ns": 5558951.244867057,
        "q1_ns": 67971.5741688491,
        "q3_ns": 5626922.819035905
      },
      "futex_op_counts": {
        "128": 236
      },
      "first_seen_ts_ns": 10363751496648,
      "last_seen_ts_ns": 10364060873857
    },
    {
      "tgid": 203236,
      "comm": "runc",
      "cgroup_id": 4085,
      "wait_duration_stats_ns": {
        "count": 287.0,
        "sum": 2747697215.999999,
        "mean": 9573857.89547038,
        "median": 955630.7508836439,
        "min": 9618,
        "max": 252721905,
        "variance_ns2": 1483142499871053.8,
        "iqr_ns": 2933350.676122149,
        "q1_ns": 54268.926983270816,
        "q3_ns": 2987619.60310542
      },
      "futex_op_counts": {
        "128": 287
      },
      "first_seen_ts_ns": 10383770039608,
      "last_seen_ts_ns": 10384153507706
    },
    {
      "tgid": 202828,
      "comm": "xhpcg",
      "cgroup_id": 74849,
      "wait_duration_stats_ns": {
        "count": 311.0,
        "sum": 2437767794.0000005,
        "mean": 7838481.65273312,
        "median": 5618326.263276096,
        "min": 29348,
        "max": 48118093,
        "variance_ns2": 51328740249118.65,
        "iqr_ns": 7719473.707813157,
        "q1_ns": 3367512.9034758527,
        "q3_ns": 11086986.61128901
      },
      "futex_op_counts": {
        "128": 311
      },
      "first_seen_ts_ns": 10329117078407,
      "last_seen_ts_ns": 10347391643863
    },
    {
      "tgid": 202827,
      "comm": "xhpcg",
      "cgroup_id": 74849,
      "wait_duration_stats_ns": {
        "count": 328.0,
        "sum": 2429464909.000001,
        "mean": 7406905.210365857,
        "median": 5477638.970109999,
        "min": 14844,
        "max": 48072726,
        "variance_ns2": 47290577960210.38,
        "iqr_ns": 5944791.980088189,
        "q1_ns": 3603951.513977622,
        "q3_ns": 9548743.494065812
      },
      "futex_op_counts": {
        "128": 328
      },
      "first_seen_ts_ns": 10329117188970,
      "last_seen_ts_ns": 10347391641836
    },
    {
      "tgid": 202826,
      "comm": "xhpcg",
      "cgroup_id": 74849,
      "wait_duration_stats_ns": {
        "count": 302.0,
        "sum": 2422936343.0000005,
        "mean": 8022968.023178809,
        "median": 5854166.201752481,
        "min": 44705,
        "max": 48898566,
        "variance_ns2": 51194758999287.61,
        "iqr_ns": 7223222.944842886,
        "q1_ns": 4069431.982437829,
        "q3_ns": 11292654.927280715
      },
      "futex_op_counts": {
        "128": 302
      },
      "first_seen_ts_ns": 10329116946354,
      "last_seen_ts_ns": 10347391488221
    },
    {
      "tgid": 202829,
      "comm": "xhpcg",
      "cgroup_id": 74849,
      "wait_duration_stats_ns": {
        "count": 324.0,
        "sum": 2416629861.0000005,
        "mean": 7458734.13888889,
        "median": 5780629.674725879,
        "min": 60049,
        "max": 48139270,
        "variance_ns2": 43967622821840.48,
        "iqr_ns": 4824676.584932542,
        "q1_ns": 4694590.82617904,
        "q3_ns": 9519267.411111582
      },
      "futex_op_counts": {
        "128": 324
      },
      "first_seen_ts_ns": 10329117076454,
      "last_seen_ts_ns": 10347391461460
    },
    {
      "tgid": 202824,
      "comm": "xhpcg",
      "cgroup_id": 74849,
      "wait_duration_stats_ns": {
        "count": 313.0,
        "sum": 2395043438.999999,
        "mean": 7651895.971246004,
        "median": 5649342.072446453,
        "min": 25962,
        "max": 48184843,
        "variance_ns2": 50195725297608.86,
        "iqr_ns": 7388017.374799278,
        "q1_ns": 3498608.6435085437,
        "q3_ns": 10886626.018307822
      },
      "futex_op_counts": {
        "128": 313
      },
      "first_seen_ts_ns": 10329117309796,
      "last_seen_ts_ns": 10347391449156
    },
    {
      "tgid": 202823,
      "comm": "xhpcg",
      "cgroup_id": 74849,
      "wait_duration_stats_ns": {
        "count": 285.0,
        "sum": 2377924044.0,
        "mean": 8343593.136842106,
        "median": 6033293.525052555,
        "min": 2093,
        "max": 48055554,
        "variance_ns2": 56329182247424.16,
        "iqr_ns": 10735044.227184068,
        "q1_ns": 3027892.385644107,
        "q3_ns": 13762936.612828176
      },
      "futex_op_counts": {
        "128": 285
      },
      "first_seen_ts_ns": 10329117240451,
      "last_seen_ts_ns": 10347391682148
    },
    {
      "tgid": 202832,
      "comm": "xhpcg",
      "cgroup_id": 74849,
      "wait_duration_stats_ns": {
        "count": 291.0,
        "sum": 2373909702.0,
        "mean": 8157765.298969072,
        "median": 5283771.6275123805,
        "min": 20369,
        "max": 48178581,
        "variance_ns2": 53724218785259.02,
        "iqr_ns": 8991871.808458684,
        "q1_ns": 3836521.9591403976,
        "q3_ns": 12828393.767599082
      },
      "futex_op_counts": {
        "128": 291
      },
      "first_seen_ts_ns": 10329117011252,
      "last_seen_ts_ns": 10347391466431
    },
    {
      "tgid": 202825,
      "comm": "xhpcg",
      "cgroup_id": 74849,
      "wait_duration_stats_ns": {
        "count": 256.0,
        "sum": 2266455933.9999986,
        "mean": 8853343.492187494,
        "median": 6147515.063949143,
        "min": 30055,
        "max": 48411542,
        "variance_ns2": 63482843282086.695,
        "iqr_ns": 12132704.28185684,
        "q1_ns": 3121743.4972571745,
        "q3_ns": 15254447.779114015
      },
      "futex_op_counts": {
        "128": 256
      },
      "first_seen_ts_ns": 10329116911322,
      "last_seen_ts_ns": 10347391522141
    },
    {
      "tgid": 202847,
      "comm": "runc",
      "cgroup_id": 4085,
      "wait_duration_stats_ns": {
        "count": 236.0,
        "sum": 2234986432.0,
        "mean": 9470281.491525425,
        "median": 464012.17027603264,
        "min": 6772,
        "max": 159334661,
        "variance_ns2": 1065019386131076.0,
        "iqr_ns": 4863305.796779925,
        "q1_ns": 61001.099263404816,
        "q3_ns": 4924306.8960433295
      },
      "futex_op_counts": {
        "128": 236
      },
      "first_seen_ts_ns": 10330191647604,
      "last_seen_ts_ns": 10330416876677
    },
    {
      "tgid": 203213,
      "comm": "runc",
      "cgroup_id": 4085,
      "wait_duration_stats_ns": {
        "count": 229.0,
        "sum": 1898865053.0000002,
        "mean": 8291987.131004368,
        "median": 478133.8423047436,
        "min": 6691,
        "max": 268550758,
        "variance_ns2": 1120944624467516.1,
        "iqr_ns": 11181888.17808319,
        "q1_ns": 85310.34090872324,
        "q3_ns": 11267198.518991914
      },
      "futex_op_counts": {
        "128": 229
      },
      "first_seen_ts_ns": 10380220046182,
      "last_seen_ts_ns": 10380515317597
    },
    {
      "tgid": 202904,
      "comm": "runc",
      "cgroup_id": 4085,
      "wait_duration_stats_ns": {
        "count": 247.0,
        "sum": 1698677743.9999995,
        "mean": 6877237.829959513,
        "median": 507229.94624842436,
        "min": 778,
        "max": 215491750,
        "variance_ns2": 988009391275425.1,
        "iqr_ns": 2975784.77769649,
        "q1_ns": 58204.97243517851,
        "q3_ns": 3033989.7501316685
      },
      "futex_op_counts": {
        "128": 247
      },
      "first_seen_ts_ns": 10340200036394,
      "last_seen_ts_ns": 10340419104350
    },
    {
      "tgid": 203139,
      "comm": "xhpcg",
      "cgroup_id": 74849,
      "wait_duration_stats_ns": {
        "count": 185.0,
        "sum": 1370848662.0000005,
        "mean": 7409992.76756757,
        "median": 5257013.716959098,
        "min": 34483,
        "max": 47912343,
        "variance_ns2": 53208302459642.37,
        "iqr_ns": 4908841.606645774,
        "q1_ns": 3804804.5690358803,
        "q3_ns": 8713646.175681654
      },
      "futex_op_counts": {
        "128": 185
      },
      "first_seen_ts_ns": 10370442558000,
      "last_seen_ts_ns": 10389228214307
    },
    {
      "tgid": 203148,
      "comm": "xhpcg",
      "cgroup_id": 74849,
      "wait_duration_stats_ns": {
        "count": 174.0,
        "sum": 1347594046.0000005,
        "mean": 7744793.367816095,
        "median": 5529144.745699062,
        "min": 77537,
        "max": 48250529,
        "variance_ns2": 50858940003691.26,
        "iqr_ns": 4384678.102605672,
        "q1_ns": 4192317.676510743,
        "q3_ns": 8576995.779116414
      },
      "futex_op_counts": {
        "128": 174
      },
      "first_seen_ts_ns": 10370442363239,
      "last_seen_ts_ns": 10389228208149
    },
    {
      "tgid": 203144,
      "comm": "xhpcg",
      "cgroup_id": 74849,
      "wait_duration_stats_ns": {
        "count": 177.0,
        "sum": 1327054996.0,
        "mean": 7497485.853107344,
        "median": 5582131.358324467,
        "min": 65617,
        "max": 48547276,
        "variance_ns2": 51734226218344.375,
        "iqr_ns": 5790655.745480122,
        "q1_ns": 3254385.28615471,
        "q3_ns": 9045041.031634832
      },
      "futex_op_counts": {
        "128": 177
      },
      "first_seen_ts_ns": 10370442681664,
      "last_seen_ts_ns": 10389228157125
    },
    {
      "tgid": 202991,
      "comm": "runc:[2:INIT]",
      "cgroup_id": 5011,
      "wait_duration_stats_ns": {
        "count": 24.0,
        "sum": 1319671050.0000002,
        "mean": 54986293.75000001,
        "median": 32337764.543812983,
        "min": 5730,
        "max": 212359676,
        "variance_ns2": 5939277277806405.0,
        "iqr_ns": 87955706.41950655,
        "q1_ns": 8896114.884464594,
        "q3_ns": 96851821.30397114
      },
      "futex_op_counts": {
        "128": 24
      },
      "first_seen_ts_ns": 10350390044483,
      "last_seen_ts_ns": 10350660052887
    },
    {
      "tgid": 203142,
      "comm": "xhpcg",
      "cgroup_id": 74849,
      "wait_duration_stats_ns": {
        "count": 156.0,
        "sum": 1305521929.0000002,
        "mean": 8368730.314102566,
        "median": 5351171.011115513,
        "min": 29098,
        "max": 48292418,
        "variance_ns2": 68304992492547.39,
        "iqr_ns": 11168319.88581544,
        "q1_ns": 2384049.9882804495,
        "q3_ns": 13552369.874095889
      },
      "futex_op_counts": {
        "128": 156
      },
      "first_seen_ts_ns": 10370442309917,
      "last_seen_ts_ns": 10389228156766
    },
    {
      "tgid": 203143,
      "comm": "xhpcg",
      "cgroup_id": 74849,
      "wait_duration_stats_ns": {
        "count": 152.0,
        "sum": 1294448229.9999988,
        "mean": 8516106.776315782,
        "median": 4533808.046616139,
        "min": 2405,
        "max": 47979004,
        "variance_ns2": 67742972525427.695,
        "iqr_ns": 13163068.432667919,
        "q1_ns": 2492352.4702345477,
        "q3_ns": 15655420.902902465
      },
      "futex_op_counts": {
        "128": 152
      },
      "first_seen_ts_ns": 10370442318883,
      "last_seen_ts_ns": 10389228220194
    },
    {
      "tgid": 203141,
      "comm": "xhpcg",
      "cgroup_id": 74849,
      "wait_duration_stats_ns": {
        "count": 160.0,
        "sum": 1289934518.9999998,
        "mean": 8062090.7437499985,
        "median": 5455596.940042466,
        "min": 30939,
        "max": 48324350,
        "variance_ns2": 64153525794569.914,
        "iqr_ns": 12773930.179996893,
        "q1_ns": 2219609.2737799934,
        "q3_ns": 14993539.453776887
      },
      "futex_op_counts": {
        "128": 160
      },
      "first_seen_ts_ns": 10370442231935,
      "last_seen_ts_ns": 10389228258800
    },
    {
      "tgid": 203140,
      "comm": "xhpcg",
      "cgroup_id": 74849,
      "wait_duration_stats_ns": {
        "count": 164.0,
        "sum": 1285355570.0,
        "mean": 7837533.963414634,
        "median": 4783983.9746798705,
        "min": 23184,
        "max": 47789183,
        "variance_ns2": 56556663420788.125,
        "iqr_ns": 12411651.76684928,
        "q1_ns": 3008895.2125598914,
        "q3_ns": 15420546.979409171
      },
      "futex_op_counts": {
        "128": 164
      },
      "first_seen_ts_ns": 10370442544285,
      "last_seen_ts_ns": 10389228159694
    },
    {
      "tgid": 203147,
      "comm": "xhpcg",
      "cgroup_id": 74849,
      "wait_duration_stats_ns": {
        "count": 149.0,
        "sum": 1266351159.9999993,
        "mean": 8499001.073825499,
        "median": 5317324.972618536,
        "min": 47323,
        "max": 48144990,
        "variance_ns2": 70746076460949.27,
        "iqr_ns": 13379980.70092731,
        "q1_ns": 2275154.5226076776,
        "q3_ns": 15655135.223534986
      },
      "futex_op_counts": {
        "128": 149
      },
      "first_seen_ts_ns": 10370442393046,
      "last_seen_ts_ns": 10389228197244
    },
    {
      "tgid": 202879,
      "comm": "runc",
      "cgroup_id": 4085,
      "wait_duration_stats_ns": {
        "count": 405.0,
        "sum": 1020472246.0,
        "mean": 2519684.5580246914,
        "median": 62496.55146217541,
        "min": 8706,
        "max": 171123424,
        "variance_ns2": 394694279762803.94,
        "iqr_ns": 358642.70766860974,
        "q1_ns": 16216.728612967105,
        "q3_ns": 374859.43628157687
      },
      "futex_op_counts": {
        "128": 405
      },
      "first_seen_ts_ns": 10333750755044,
      "last_seen_ts_ns": 10333926012869
    },
    {
      "tgid": 203248,
      "comm": "runc:[2:INIT]",
      "cgroup_id": 5011,
      "wait_duration_stats_ns": {
        "count": 26.0,
        "sum": 977952227.0000001,
        "mean": 37613547.192307696,
        "median": 8758067.40366003,
        "min": 1793,
        "max": 179879322,
        "variance_ns2": 3928106478404875.5,
        "iqr_ns": 23882921.947024602,
        "q1_ns": 5396739.425846175,
        "q3_ns": 29279661.372870777
      },
      "futex_op_counts": {
        "128": 26
      },
      "first_seen_ts_ns": 10383960061049,
      "last_seen_ts_ns": 10384153485923
    },
    {
      "tgid": 203120,
      "comm": "runc:[2:INIT]",
      "cgroup_id": 5011,
      "wait_duration_stats_ns": {
        "count": 26.0,
        "sum": 965233906.0000002,
        "mean": 37124381.00000001,
        "median": 22668702.996322226,
        "min": 8103319,
        "max": 139772496,
        "variance_ns2": 1040730333308799.0,
        "iqr_ns": 24996569.73939835,
        "q1_ns": 17239956.500803817,
        "q3_ns": 42236526.240202166
      },
      "futex_op_counts": {
        "128": 26
      },
      "first_seen_ts_ns": 10363880052993,
      "last_seen_ts_ns": 10364080051792
    },
    {
      "tgid": 202916,
      "comm": "runc:[2:INIT]",
      "cgroup_id": 5011,
      "wait_duration_stats_ns": {
        "count": 24.0,
        "sum": 955236904.9999999,
        "mean": 39801537.70833333,
        "median": 17101174.83552887,
        "min": 944,
        "max": 148433220,
        "variance_ns2": 2696282482741572.0,
        "iqr_ns": 33763176.019232064,
        "q1_ns": 9075733.0,
        "q3_ns": 42838909.019232064
      },
      "futex_op_counts": {
        "128": 24
      },
      "first_seen_ts_ns": 10340260038845,
      "last_seen_ts_ns": 10340450101512
    },
    {
      "tgid": 203094,
      "comm": "runc:[2:INIT]",
      "cgroup_id": 5011,
      "wait_duration_stats_ns": {
        "count": 25.0,
        "sum": 926076478.9999999,
        "mean": 37043059.16,
        "median": 14796933.02437203,
        "min": 78618,
        "max": 149909110,
        "variance_ns2": 1706566813482581.0,
        "iqr_ns": 29814799.901174396,
        "q1_ns": 15481153.393901454,
        "q3_ns": 45295953.29507585
      },
      "futex_op_counts": {
        "128": 25
      },
      "first_seen_ts_ns": 10360440046578,
      "last_seen_ts_ns": 10360635713650
    },
    {
      "tgid": 203004,
      "comm": "runc",
      "cgroup_id": 4085,
      "wait_duration_stats_ns": {
        "count": 414.0,
        "sum": 841454376.9999999,
        "mean": 2032498.495169082,
        "median": 75543.01420830082,
        "min": 798,
        "max": 133444858,
        "variance_ns2": 145034040632181.53,
        "iqr_ns": 286199.5272113281,
        "q1_ns": 19311.99077689975,
        "q3_ns": 305511.51798822783
      },
      "futex_op_counts": {
        "128": 414
      },
      "first_seen_ts_ns": 10353750673992,
      "last_seen_ts_ns": 10353888190345
    },
    {
      "tgid": 202889,
      "comm": "runc:[2:INIT]",
      "cgroup_id": 5011,
      "wait_duration_stats_ns": {
        "count": 27.0,
        "sum": 797018838.0,
        "mean": 29519216.22222222,
        "median": 627654.2391377785,
        "min": 762,
        "max": 158202950,
        "variance_ns2": 3805128450708695.5,
        "iqr_ns": 11385558.808518073,
        "q1_ns": 172286.1081766534,
        "q3_ns": 11557844.916694727
      },
      "futex_op_counts": {
        "128": 27
      },
      "first_seen_ts_ns": 10333766585499,
      "last_seen_ts_ns": 10333926117218
    },
    {
      "tgid": 203202,
      "comm": "runc:[2:INIT]",
      "cgroup_id": 5011,
      "wait_duration_stats_ns": {
        "count": 25.0,
        "sum": 795484391.9999999,
        "mean": 31819375.679999996,
        "median": 24769002.8660348,
        "min": 7589,
        "max": 113426729,
        "variance_ns2": 1180520277019171.8,
        "iqr_ns": 14321289.391234443,
        "q1_ns": 17623182.153040282,
        "q3_ns": 31944471.544274725
      },
      "futex_op_counts": {
        "128": 25
      },
      "first_seen_ts_ns": 10373950038415,
      "last_seen_ts_ns": 10374124116032
    },
    {
      "tgid": 203224,
      "comm": "runc:[2:INIT]",
      "cgroup_id": 5011,
      "wait_duration_stats_ns": {
        "count": 24.0,
        "sum": 712985031.9999999,
        "mean": 29707709.66666666,
        "median": 13984944.535347579,
        "min": 27179,
        "max": 119785984,
        "variance_ns2": 1380326073627410.5,
        "iqr_ns": 37527797.3772353,
        "q1_ns": 6218673.5876216665,
        "q3_ns": 43746470.96485697
      },
      "futex_op_counts": {
        "128": 24
      },
      "first_seen_ts_ns": 10380380052294,
      "last_seen_ts_ns": 10380530053058
    },
    {
      "tgid": 202927,
      "comm": "runc",
      "cgroup_id": 4085,
      "wait_duration_stats_ns": {
        "count": 424.0,
        "sum": 659507925.0,
        "mean": 1555443.2193396227,
        "median": 68054.44576973916,
        "min": 854,
        "max": 108561126,
        "variance_ns2": 134581388938721.72,
        "iqr_ns": 406592.9610952499,
        "q1_ns": 18555.72577785269,
        "q3_ns": 425148.6868731026
      },
      "futex_op_counts": {
        "128": 424
      },
      "first_seen_ts_ns": 10343755545637,
      "last_seen_ts_ns": 10343868130428
    },
    {
      "tgid": 202937,
      "comm": "runc:[2:INIT]",
      "cgroup_id": 5011,
      "wait_duration_stats_ns": {
        "count": 27.0,
        "sum": 504752864.0000001,
        "mean": 18694550.518518522,
        "median": 882499.2465611506,
        "min": 2096,
        "max": 101030405,
        "variance_ns2": 1415185942163838.5,
        "iqr_ns": 17634940.40334799,
        "q1_ns": 202281.29843846452,
        "q3_ns": 17837221.701786455
      },
      "futex_op_counts": {
        "128": 27
      },
      "first_seen_ts_ns": 10343766028242,
      "last_seen_ts_ns": 10343868078013
    },
    {
      "tgid": 202863,
      "comm": "runc:[2:INIT]",
      "cgroup_id": 5011,
      "wait_duration_stats_ns": {
        "count": 23.0,
        "sum": 476882698.0,
        "mean": 20734030.347826086,
        "median": 13950216.908094738,
        "min": 25224,
        "max": 69509678,
        "variance_ns2": 347227714119657.2,
        "iqr_ns": 18535809.322329808,
        "q1_ns": 9063019.732657295,
        "q3_ns": 27598829.054987103
      },
      "futex_op_counts": {
        "128": 23
      },
      "first_seen_ts_ns": 10330330034716,
      "last_seen_ts_ns": 10330430033180
    },
    {
      "tgid": 203155,
      "comm": "runc",
      "cgroup_id": 4085,
      "wait_duration_stats_ns": {
        "count": 425.0,
        "sum": 457752033.0,
        "mean": 1077063.6070588236,
        "median": 48147.83746181739,
        "min": 6568,
        "max": 77930614,
        "variance_ns2": 70821379543933.94,
        "iqr_ns": 219204.60503122746,
        "q1_ns": 17211.14586683979,
        "q3_ns": 236415.75089806726
      },
      "futex_op_counts": {
        "128": 425
      },
      "first_seen_ts_ns": 10370191571843,
      "last_seen_ts_ns": 10370272359967
    },
    {
      "tgid": 203014,
      "comm": "runc:[2:INIT]",
      "cgroup_id": 5011,
      "wait_duration_stats_ns": {
        "count": 24.0,
        "sum": 432724622.00000006,
        "mean": 18030192.583333336,
        "median": 3481071.909185726,
        "min": 14648,
        "max": 82524973,
        "variance_ns2": 1079249637211653.9,
        "iqr_ns": 28771247.262509596,
        "q1_ns": 194079.7735826545,
        "q3_ns": 28965327.03609225
      },
      "futex_op_counts": {
        "128": 24
      },
      "first_seen_ts_ns": 10353800614005,
      "last_seen_ts_ns": 10353888201979
    },
    {
      "tgid": 203496,
      "comm": "runc",
      "cgroup_id": 4085,
      "wait_duration_stats_ns": {
        "count": 419.0,
        "sum": 415620165.00000006,
        "mean": 991933.5680190932,
        "median": 50254.17282700131,
        "min": 896,
        "max": 70853566,
        "variance_ns2": 58898043313371.12,
        "iqr_ns": 174546.47910593008,
        "q1_ns": 13941.74987294467,
        "q3_ns": 188488.22897887474
      },
      "futex_op_counts": {
        "128": 419
      },
      "first_seen_ts_ns": 10393748704461,
      "last_seen_ts_ns": 10393822373171
    },
    {
      "tgid": 203416,
      "comm": "runc",
      "cgroup_id": 4085,
      "wait_duration_stats_ns": {
        "count": 424.0,
        "sum": 401926930.00000006,
        "mean": 947940.8726415095,
        "median": 36515.06816309301,
        "min": 1019,
        "max": 68903957,
        "variance_ns2": 54933983084731.61,
        "iqr_ns": 142589.32170793338,
        "q1_ns": 13772.06955200398,
        "q3_ns": 156361.39125993737
      },
      "futex_op_counts": {
        "128": 424
      },
      "first_seen_ts_ns": 10390190547080,
      "last_seen_ts_ns": 10390262187520
    },
    {
      "tgid": 203165,
      "comm": "runc:[2:INIT]",
      "cgroup_id": 5011,
      "wait_duration_stats_ns": {
        "count": 23.0,
        "sum": 353571493.0,
        "mean": 15372673.608695652,
        "median": 650953.5063002864,
        "min": 548,
        "max": 71046251,
        "variance_ns2": 862119452135796.5,
        "iqr_ns": 7756379.993663111,
        "q1_ns": 38957.1388888889,
        "q3_ns": 7795337.132552
      },
      "futex_op_counts": {
        "128": 23
      },
      "first_seen_ts_ns": 10370200930542,
      "last_seen_ts_ns": 10370272357811
    },
    {
      "tgid": 203506,
      "comm": "runc:[2:INIT]",
      "cgroup_id": 5011,
      "wait_duration_stats_ns": {
        "count": 21.0,
        "sum": 325692644.9999999,
        "mean": 15509173.571428567,
        "median": 1106618.1278563114,
        "min": 19921,
        "max": 65497808,
        "variance_ns2": 781373769330469.9,
        "iqr_ns": 5808353.015118635,
        "q1_ns": 93630.23797459208,
        "q3_ns": 5901983.253093228
      },
      "futex_op_counts": {
        "128": 21
      },
      "first_seen_ts_ns": 10393756510707,
      "last_seen_ts_ns": 10393822340573
    },
    {
      "tgid": 203426,
      "comm": "runc:[2:INIT]",
      "cgroup_id": 5011,
      "wait_duration_stats_ns": {
        "count": 25.0,
        "sum": 315823687.9999999,
        "mean": 12632947.519999996,
        "median": 358649.89980134484,
        "min": 482,
        "max": 63523847,
        "variance_ns2": 641243920599042.1,
        "iqr_ns": 11987690.652273184,
        "q1_ns": 50531.04778012871,
        "q3_ns": 12038221.700053312
      },
      "futex_op_counts": {
        "128": 25
      },
      "first_seen_ts_ns": 10390198340954,
      "last_seen_ts_ns": 10390262175260
    },
    {
      "tgid": 203094,
      "comm": "grpc-health-pro",
      "cgroup_id": 5011,
      "wait_duration_stats_ns": {
        "count": 23.0,
        "sum": 307810678.99999994,
        "mean": 13383072.999999998,
        "median": 6428755.124347468,
        "min": 19690,
        "max": 59979533,
        "variance_ns2": 361957303136496.8,
        "iqr_ns": 17356917.04883829,
        "q1_ns": 580125.627355117,
        "q3_ns": 17937042.67619341
      },
      "futex_op_counts": {
        "128": 23
      },
      "first_seen_ts_ns": 10360640884934,
      "last_seen_ts_ns": 10360710054233
    },
    {
      "tgid": 203044,
      "comm": "aws-cni",
      "cgroup_id": 4085,
      "wait_duration_stats_ns": {
        "count": 84.0,
        "sum": 303596366.99999994,
        "mean": 3614242.4642857136,
        "median": 115274.20944538084,
        "min": 684,
        "max": 49080646,
        "variance_ns2": 58056789782484.05,
        "iqr_ns": 5280849.678810872,
        "q1_ns": 57707.56155166754,
        "q3_ns": 5338557.24036254
      },
      "futex_op_counts": {
        "128": 84
      },
      "first_seen_ts_ns": 10354270045690,
      "last_seen_ts_ns": 10354329133398
    },
    {
      "tgid": 202863,
      "comm": "grpc-health-pro",
      "cgroup_id": 5011,
      "wait_duration_stats_ns": {
        "count": 13.0,
        "sum": 249070970.99999994,
        "mean": 19159305.461538456,
        "median": 14581703.953342017,
        "min": 1453046,
        "max": 40718644,
        "variance_ns2": 237804944498367.6,
        "iqr_ns": 23717568.660269015,
        "q1_ns": 7525384.0,
        "q3_ns": 31242952.660269015
      },
      "futex_op_counts": {
        "128": 13
      },
      "first_seen_ts_ns": 10330440652707,
      "last_seen_ts_ns": 10330490248072
    },
    {
      "tgid": 203224,
      "comm": "grpc-health-pro",
      "cgroup_id": 5011,
      "wait_duration_stats_ns": {
        "count": 12.0,
        "sum": 237154116.0,
        "mean": 19762843.0,
        "median": 15140415.604938272,
        "min": 243834,
        "max": 41220366,
        "variance_ns2": 200172923755174.72,
        "iqr_ns": 16824083.952469137,
        "q1_ns": 10070064.0,
        "q3_ns": 26894147.952469137
      },
      "futex_op_counts": {
        "128": 12
      },
      "first_seen_ts_ns": 10380550033192,
      "last_seen_ts_ns": 10380600053230
    },
    {
      "tgid": 203120,
      "comm": "grpc-health-pro",
      "cgroup_id": 5011,
      "wait_duration_stats_ns": {
        "count": 29.0,
        "sum": 110497396.0,
        "mean": 3810255.0344827585,
        "median": 396222.95531295333,
        "min": 2005,
        "max": 19949410,
        "variance_ns2": 45839488212661.17,
        "iqr_ns": 4413202.919335783,
        "q1_ns": 82103.28809307062,
        "q3_ns": 4495306.207428854
      },
      "futex_op_counts": {
        "128": 29
      },
      "first_seen_ts_ns": 10364094349136,
      "last_seen_ts_ns": 10364130047450
    },
    {
      "tgid": 202991,
      "comm": "grpc-health-pro",
      "cgroup_id": 5011,
      "wait_duration_stats_ns": {
        "count": 12.0,
        "sum": 91135489.0,
        "mean": 7594624.083333333,
        "median": 4181885.75,
        "min": 2507,
        "max": 19945689,
        "variance_ns2": 65358654582580.08,
        "iqr_ns": 9886942.550925925,
        "q1_ns": 1022816.5,
        "q3_ns": 10909759.050925925
      },
      "futex_op_counts": {
        "128": 12
      },
      "first_seen_ts_ns": 10350690044272,
      "last_seen_ts_ns": 10350704537416
    },
    {
      "tgid": 203070,
      "comm": "aws-cni",
      "cgroup_id": 4085,
      "wait_duration_stats_ns": {
        "count": 135.0,
        "sum": 74441988.0,
        "mean": 551422.1333333333,
        "median": 98711.23787549764,
        "min": 887,
        "max": 8530860,
        "variance_ns2": 2540297417946.8926,
        "iqr_ns": 377604.0430190633,
        "q1_ns": 20355.918927488503,
        "q3_ns": 397959.9619465518
      },
      "futex_op_counts": {
        "128": 135
      },
      "first_seen_ts_ns": 10354352554535,
      "last_seen_ts_ns": 10354368740486
    },
    {
      "tgid": 203028,
      "comm": "loopback",
      "cgroup_id": 4085,
      "wait_duration_stats_ns": {
        "count": 6.0,
        "sum": 65798103.0,
        "mean": 10966350.5,
        "median": 9996898.0,
        "min": 3364715,
        "max": 21130729,
        "variance_ns2": 35261071698346.3,
        "iqr_ns": 1811192.555555555,
        "q1_ns": 8185705.444444445,
        "q3_ns": 9996898.0
      },
      "futex_op_counts": {
        "128": 6
      },
      "first_seen_ts_ns": 10354170032582,
      "last_seen_ts_ns": 10354183431157
    },
    {
      "tgid": 203038,
      "comm": "egress-cni",
      "cgroup_id": 4085,
      "wait_duration_stats_ns": {
        "count": 11.0,
        "sum": 53685691.00000001,
        "mean": 4880517.363636364,
        "median": 1764009.0,
        "min": 26005,
        "max": 16683744,
        "variance_ns2": 38552864788211.45,
        "iqr_ns": 5054705.287037037,
        "q1_ns": 453691.5,
        "q3_ns": 5508396.787037037
      },
      "futex_op_counts": {
        "128": 11
      },
      "first_seen_ts_ns": 10354226594217,
      "last_seen_ts_ns": 10354243367364
    },
    {
      "tgid": 202937,
      "comm": "grpc-health-pro",
      "cgroup_id": 5011,
      "wait_duration_stats_ns": {
        "count": 34.0,
        "sum": 47827279.99999999,
        "mean": 1406684.7058823528,
        "median": 109197.77151471406,
        "min": 9212,
        "max": 7869282,
        "variance_ns2": 6760207353894.214,
        "iqr_ns": 791939.3714158667,
        "q1_ns": 42789.29669629845,
        "q3_ns": 834728.6681121651
      },
      "futex_op_counts": {
        "128": 34
      },
      "first_seen_ts_ns": 10343870933202,
      "last_seen_ts_ns": 10343880330661
    },
    {
      "tgid": 203014,
      "comm": "grpc-health-pro",
      "cgroup_id": 5011,
      "wait_duration_stats_ns": {
        "count": 26.0,
        "sum": 40452464.0,
        "mean": 1555864.0,
        "median": 105762.05192967184,
        "min": 1539,
        "max": 7644101,
        "variance_ns2": 7408671555964.56,
        "iqr_ns": 763619.0798919218,
        "q1_ns": 46859.63540926847,
        "q3_ns": 810478.7153011903
      },
      "futex_op_counts": {
        "128": 26
      },
      "first_seen_ts_ns": 10353890885879,
      "last_seen_ts_ns": 10353900201084
    },
    {
      "tgid": 203202,
      "comm": "grpc-health-pro",
      "cgroup_id": 5011,
      "wait_duration_stats_ns": {
        "count": 12.0,
        "sum": 38253272.0,
        "mean": 3187772.666666667,
        "median": 2078893.8944444444,
        "min": 9578,
        "max": 7662905,
        "variance_ns2": 9175112391568.06,
        "iqr_ns": 4108241.919753086,
        "q1_ns": 268115.5,
        "q3_ns": 4376357.419753086
      },
      "futex_op_counts": {
        "128": 12
      },
      "first_seen_ts_ns": 10374132680609,
      "last_seen_ts_ns": 10374142198023
    },
    {
      "tgid": 202916,
      "comm": "grpc-health-pro",
      "cgroup_id": 5011,
      "wait_duration_stats_ns": {
        "count": 12.0,
        "sum": 37411752.0,
        "mean": 3117646.0,
        "median": 2300437.333333333,
        "min": 16394,
        "max": 11056991,
        "variance_ns2": 9877525902291.273,
        "iqr_ns": 4209492.654629629,
        "q1_ns": 546908.0416666667,
        "q3_ns": 4756400.696296296
      },
      "futex_op_counts": {
        "128": 12
      },
      "first_seen_ts_ns": 10340463990220,
      "last_seen_ts_ns": 10340470033516
    },
    {
      "tgid": 203248,
      "comm": "grpc-health-pro",
      "cgroup_id": 5011,
      "wait_duration_stats_ns": {
        "count": 32.0,
        "sum": 29787826.0,
        "mean": 930869.5625,
        "median": 385845.45428774616,
        "min": 32750,
        "max": 5187169,
        "variance_ns2": 2072120239153.0928,
        "iqr_ns": 1639453.954606638,
        "q1_ns": 82340.75199634061,
        "q3_ns": 1721794.7066029788
      },
      "futex_op_counts": {
        "128": 32
      },
      "first_seen_ts_ns": 10384160180803,
      "last_seen_ts_ns": 10384169365579
    },
    {
      "tgid": 203064,
      "comm": "egress-cni",
      "cgroup_id": 4085,
      "wait_duration_stats_ns": {
        "count": 5.0,
        "sum": 26400698.0,
        "mean": 5280139.6,
        "median": 5358820.0,
        "min": 31856,
        "max": 10497533,
        "variance_ns2": 24602019640686.3,
        "iqr_ns": 9341849.0,
        "q1_ns": 585320.0,
        "q3_ns": 9927169.0
      },
      "futex_op_counts": {
        "128": 5
      },
      "first_seen_ts_ns": 10354337844893,
      "last_seen_ts_ns": 10354348355264
    },
    {
      "tgid": 202775,
      "comm": "runc",
      "cgroup_id": 4085,
      "wait_duration_stats_ns": {
        "count": 405.0,
        "sum": 21344699.999999993,
        "mean": 52702.96296296295,
        "median": 15673.80823246048,
        "min": 1182,
        "max": 4049309,
        "variance_ns2": 98872866795.1744,
        "iqr_ns": 15869.297778163498,
        "q1_ns": 10389.373130262811,
        "q3_ns": 26258.67090842631
      },
      "futex_op_counts": {
        "128": 405
      },
      "first_seen_ts_ns": 10323748869578,
      "last_seen_ts_ns": 10323755745650
    },
    {
      "tgid": 203033,
      "comm": "portmap",
      "cgroup_id": 4085,
      "wait_duration_stats_ns": {
        "count": 4.0,
        "sum": 19966077.0,
        "mean": 4991519.25,
        "median": 9004640.0,
        "min": 62984,
        "max": 9942636,
        "variance_ns2": 27065349195786.25,
        "iqr_ns": 8986819.0,
        "q1_ns": 955817.0,
        "q3_ns": 9942636.0
      },
      "futex_op_counts": {
        "128": 4
      },
      "first_seen_ts_ns": 10354200169734,
      "last_seen_ts_ns": 10354210044531
    },
    {
      "tgid": 202889,
      "comm": "grpc-health-pro",
      "cgroup_id": 5011,
      "wait_duration_stats_ns": {
        "count": 31.0,
        "sum": 12478388.0,
        "mean": 402528.6451612903,
        "median": 140975.857442792,
        "min": 1173,
        "max": 1770070,
        "variance_ns2": 358978032977.1032,
        "iqr_ns": 330658.84763095446,
        "q1_ns": 34560.93333284244,
        "q3_ns": 365219.7809637969
      },
      "futex_op_counts": {
        "128": 31
      },
      "first_seen_ts_ns": 10333928844983,
      "last_seen_ts_ns": 10333932418614
    },
    {
      "tgid": 203165,
      "comm": "grpc-health-pro",
      "cgroup_id": 5011,
      "wait_duration_stats_ns": {
        "count": 34.0,
        "sum": 11089608.999999998,
        "mean": 326164.97058823524,
        "median": 85255.33379267238,
        "min": 720,
        "max": 1597611,
        "variance_ns2": 225218438043.8476,
        "iqr_ns": 379840.9776810951,
        "q1_ns": 21066.84718880234,
        "q3_ns": 400907.8248698974
      },
      "futex_op_counts": {
        "128": 34
      },
      "first_seen_ts_ns": 10370274223939,
      "last_seen_ts_ns": 10370276908661
    },
    {
      "tgid": 203426,
      "comm": "grpc-health-pro",
      "cgroup_id": 5011,
      "wait_duration_stats_ns": {
        "count": 35.0,
        "sum": 9962909.0,
        "mean": 284654.54285714286,
        "median": 74726.00220755527,
        "min": 1404,
        "max": 1535923,
        "variance_ns2": 206811246885.5496,
        "iqr_ns": 234734.7712233289,
        "q1_ns": 29092.377795824854,
        "q3_ns": 263827.14901915373
      },
      "futex_op_counts": {
        "128": 35
      },
      "first_seen_ts_ns": 10390264051023,
      "last_seen_ts_ns": 10390266684024
    },
    {
      "tgid": 203506,
      "comm": "grpc-health-pro",
      "cgroup_id": 5011,
      "wait_duration_stats_ns": {
        "count": 34.0,
        "sum": 9501786.000000002,
        "mean": 279464.2941176471,
        "median": 83495.2104343936,
        "min": 8554,
        "max": 1497600,
        "variance_ns2": 207966714827.3048,
        "iqr_ns": 263446.8769992713,
        "q1_ns": 26583.66813756614,
        "q3_ns": 290030.5451368374
      },
      "futex_op_counts": {
        "128": 34
      },
      "first_seen_ts_ns": 10393824420783,
      "last_seen_ts_ns": 10393827103361
    },
    {
      "tgid": 203059,
      "comm": "portmap",
      "cgroup_id": 4085,
      "wait_duration_stats_ns": {
        "count": 8.0,
        "sum": 2163860.0,
        "mean": 270482.5,
        "median": 159860.72222222222,
        "min": 8606,
        "max": 732418,
        "variance_ns2": 66022830956.857155,
        "iqr_ns": 210668.09876543208,
        "q1_ns": 36359.0,
        "q3_ns": 247027.09876543208
      },
      "futex_op_counts": {
        "128": 8
      },
      "first_seen_ts_ns": 10354334276062,
      "last_seen_ts_ns": 10354335082633
    },
    {
      "tgid": 203053,
      "comm": "loopback",
      "cgroup_id": 4085,
      "wait_duration_stats_ns": {
        "count": 9.0,
        "sum": 1520461.0,
        "mean": 168940.11111111112,
        "median": 94471.01543209876,
        "min": 895,
        "max": 535608,
        "variance_ns2": 30364346320.11111,
        "iqr_ns": 137938.8339334705,
        "q1_ns": 23343.0,
        "q3_ns": 161281.8339334705
      },
      "futex_op_counts": {
        "128": 9
      },
      "first_seen_ts_ns": 10354332328825,
      "last_seen_ts_ns": 10354332881790
    },
    {
      "tgid": 202785,
      "comm": "runc:[2:INIT]",
      "cgroup_id": 4085,
      "wait_duration_stats_ns": {
        "count": 5.0,
        "sum": 1498280.0,
        "mean": 299656.0,
        "median": 143173.0,
        "min": 7654,
        "max": 1049105,
        "variance_ns2": 185536187426.0,
        "iqr_ns": 225518.0,
        "q1_ns": 36415.0,
        "q3_ns": 261933.0
      },
      "futex_op_counts": {
        "128": 5
      },
      "first_seen_ts_ns": 10323756452975,
      "last_seen_ts_ns": 10323757810986
    },
    {
      "tgid": 202688,
      "comm": "flux-broker-0",
      "cgroup_id": 74849,
      "wait_duration_stats_ns": {
        "count": 329.0,
        "sum": 738838.0000000002,
        "mean": 2245.7082066869307,
        "median": 1096.5224171253087,
        "min": 390,
        "max": 11358,
        "variance_ns2": 6679650.609719031,
        "iqr_ns": 2667.6948152371706,
        "q1_ns": 589.290114723104,
        "q3_ns": 3256.9849299602747
      },
      "futex_op_counts": {
        "128": 329
      },
      "first_seen_ts_ns": 10328743364614,
      "last_seen_ts_ns": 10396338813272
    }
  ]
}
[04:05:36] Cleanup complete.
