

32 32 32
15
chmod: cannot access './wait-fs': No such file or directory
mv: cannot stat './wait-fs': No such file or directory
ln: failed to create symbolic link '/mnt/flux/view/lib/python': File exists
ln: failed to create symbolic link '/mnt/flux/view/lib/python3': File exists
#!/bin/bash
set -euo pipefail
flux resource list
echo "The parent process ID is: $PPID"          
echo "The execution parent process ID is: $$"         
CGROUP_PATH_LINE=$(cat "/proc/$$/cgroup")
echo 
CGROUP_V2_PATH=${CGROUP_PATH_LINE:3}
ACTUAL_CGROUP_DIR="/sys/fs/cgroup${CGROUP_V2_PATH}"
TARGET_CGROUP_ID=$(stat -c '%i' $ACTUAL_CGROUP_DIR)
echo "The cgroup id is $TARGET_CGROUP_ID"
echo -n $TARGET_CGROUP_ID > /mnt/flux/cgroup-id.txt
sleep 5
flux exec -r all touch /mnt/flux/start_ebpf_collection
for i in {1..3}
do
  echo "FLUX-RUN START hpcg-iter-$i"
  flux run --setattr=user.study_id=hpcg-iter-$i -N1 -n 32 -o cpu-affinity=per-task -o gpu-affinity=off     /opt/hpcg/xhpcg
  
   echo "FLUX-RUN END hpcg-iter-$i"
done

  echo "FLUX-RESULTS START"
  cat hpcg*.txt
  echo "HPCG-BENCHMARKS"
  cat HPCG-Benchmark*.txt
  echo "FLUX-RESULTS END"

output=./results/${app}
(apt-get update > /dev/null 2>&1 && apt-get install -y jq > /dev/null 2>&1) || (yum update -y > /dev/null 2>&1 && yum install -y jq > /dev/null 2>&1)
mkdir -p $output
for jobid in $(flux jobs -a --json | jq -r .jobs[].id); do
    echo
    study_id=$(flux job info $jobid jobspec | jq -r ".attributes.user.study_id")
    echo "FLUX-JOB START ${jobid} ${study_id}"
    echo "FLUX-JOB-JOBSPEC START"
    flux job info $jobid jobspec
    echo "FLUX-JOB-JOBSPEC END" 
    
    echo "FLUX-JOB-RESOURCES START"
    flux job info ${jobid} R
    echo "FLUX-JOB-RESOURCES END"
    echo "FLUX-JOB-EVENTLOG START" 
    flux job info $jobid guest.exec.eventlog
    echo "FLUX-JOB-EVENTLOG END" 
    echo "FLUX-JOB END ${jobid} ${study_id}"
done
echo "FLUX JOB STATS"
flux job stats 

     STATE NNODES   NCORES    NGPUS NODELIST
      free      1       32        0 hpcg-0
 allocated      0        0        0 
      down      0        0        0 
The parent process ID is: 143
The execution parent process ID is: 197

The cgroup id is 39457
FLUX-RUN START hpcg-iter-1
FLUX-RUN END hpcg-iter-1
FLUX-RUN START hpcg-iter-2
FLUX-RUN END hpcg-iter-2
FLUX-RUN START hpcg-iter-3
FLUX-RUN END hpcg-iter-3
FLUX-RESULTS START
WARNING: PERFORMING UNPRECONDITIONED ITERATIONS
Call [0] Number of Iterations [11] Scaled Residual [5.15371e-14]
WARNING: PERFORMING UNPRECONDITIONED ITERATIONS
Call [1] Number of Iterations [11] Scaled Residual [5.15371e-14]
Call [0] Number of Iterations [2] Scaled Residual [6.18719e-17]
Call [1] Number of Iterations [2] Scaled Residual [6.18719e-17]
Departure from symmetry (scaled) for SpMV abs(x'*A*y - y'*A*x) = 3.35475e-09
Departure from symmetry (scaled) for MG abs(x'*Minv*y - y'*Minv*x) = 8.38688e-10
SpMV call [0] Residual [0]
SpMV call [1] Residual [0]
Call [0] Scaled Residual [4.80215e-08]
Call [1] Scaled Residual [4.80215e-08]
Call [2] Scaled Residual [4.80215e-08]
Call [3] Scaled Residual [4.80215e-08]
Call [4] Scaled Residual [4.80215e-08]
Call [5] Scaled Residual [4.80215e-08]
Call [6] Scaled Residual [4.80215e-08]
Call [7] Scaled Residual [4.80215e-08]
Call [8] Scaled Residual [4.80215e-08]
Call [9] Scaled Residual [4.80215e-08]
Call [10] Scaled Residual [4.80215e-08]
Call [11] Scaled Residual [4.80215e-08]
Call [12] Scaled Residual [4.80215e-08]
Call [13] Scaled Residual [4.80215e-08]
Call [14] Scaled Residual [4.80215e-08]
WARNING: PERFORMING UNPRECONDITIONED ITERATIONS
Call [0] Number of Iterations [11] Scaled Residual [5.15371e-14]
WARNING: PERFORMING UNPRECONDITIONED ITERATIONS
Call [1] Number of Iterations [11] Scaled Residual [5.15371e-14]
Call [0] Number of Iterations [2] Scaled Residual [6.18719e-17]
Call [1] Number of Iterations [2] Scaled Residual [6.18719e-17]
Departure from symmetry (scaled) for SpMV abs(x'*A*y - y'*A*x) = 3.35475e-09
Departure from symmetry (scaled) for MG abs(x'*Minv*y - y'*Minv*x) = 8.38688e-10
SpMV call [0] Residual [0]
SpMV call [1] Residual [0]
Call [0] Scaled Residual [4.80215e-08]
Call [1] Scaled Residual [4.80215e-08]
Call [2] Scaled Residual [4.80215e-08]
Call [3] Scaled Residual [4.80215e-08]
Call [4] Scaled Residual [4.80215e-08]
Call [5] Scaled Residual [4.80215e-08]
Call [6] Scaled Residual [4.80215e-08]
Call [7] Scaled Residual [4.80215e-08]
Call [8] Scaled Residual [4.80215e-08]
Call [9] Scaled Residual [4.80215e-08]
Call [10] Scaled Residual [4.80215e-08]
Call [11] Scaled Residual [4.80215e-08]
Call [12] Scaled Residual [4.80215e-08]
Call [13] Scaled Residual [4.80215e-08]
Call [14] Scaled Residual [4.80215e-08]
Call [15] Scaled Residual [4.80215e-08]
WARNING: PERFORMING UNPRECONDITIONED ITERATIONS
Call [0] Number of Iterations [11] Scaled Residual [5.15371e-14]
WARNING: PERFORMING UNPRECONDITIONED ITERATIONS
Call [1] Number of Iterations [11] Scaled Residual [5.15371e-14]
Call [0] Number of Iterations [2] Scaled Residual [6.18719e-17]
Call [1] Number of Iterations [2] Scaled Residual [6.18719e-17]
Departure from symmetry (scaled) for SpMV abs(x'*A*y - y'*A*x) = 3.35475e-09
Departure from symmetry (scaled) for MG abs(x'*Minv*y - y'*Minv*x) = 8.38688e-10
SpMV call [0] Residual [0]
SpMV call [1] Residual [0]
Call [0] Scaled Residual [4.80215e-08]
Call [1] Scaled Residual [4.80215e-08]
Call [2] Scaled Residual [4.80215e-08]
Call [3] Scaled Residual [4.80215e-08]
Call [4] Scaled Residual [4.80215e-08]
Call [5] Scaled Residual [4.80215e-08]
Call [6] Scaled Residual [4.80215e-08]
Call [7] Scaled Residual [4.80215e-08]
Call [8] Scaled Residual [4.80215e-08]
Call [9] Scaled Residual [4.80215e-08]
Call [10] Scaled Residual [4.80215e-08]
Call [11] Scaled Residual [4.80215e-08]
Call [12] Scaled Residual [4.80215e-08]
Call [13] Scaled Residual [4.80215e-08]
Call [14] Scaled Residual [4.80215e-08]
Call [15] Scaled Residual [4.80215e-08]
Call [16] Scaled Residual [4.80215e-08]
HPCG-BENCHMARKS
HPCG-Benchmark
version=3.1
Release date=March 28, 2019
Machine Summary=
Machine Summary::Distributed Processes=32
Machine Summary::Threads per processes=2
Global Problem Dimensions=
Global Problem Dimensions::Global nx=128
Global Problem Dimensions::Global ny=128
Global Problem Dimensions::Global nz=64
Processor Dimensions=
Processor Dimensions::npx=4
Processor Dimensions::npy=4
Processor Dimensions::npz=2
Local Domain Dimensions=
Local Domain Dimensions::nx=32
Local Domain Dimensions::ny=32
Local Domain Dimensions::Lower ipz=0
Local Domain Dimensions::Upper ipz=1
Local Domain Dimensions::nz=32
########## Problem Summary  ##########=
Setup Information=
Setup Information::Setup Time=0.0704078
Linear System Information=
Linear System Information::Number of Equations=1048576
Linear System Information::Number of Nonzero Terms=27725560
Multigrid Information=
Multigrid Information::Number of coarse grid levels=3
Multigrid Information::Coarse Grids=
Multigrid Information::Coarse Grids::Grid Level=1
Multigrid Information::Coarse Grids::Number of Equations=131072
Multigrid Information::Coarse Grids::Number of Nonzero Terms=3393400
Multigrid Information::Coarse Grids::Number of Presmoother Steps=1
Multigrid Information::Coarse Grids::Number of Postsmoother Steps=1
Multigrid Information::Coarse Grids::Grid Level=2
Multigrid Information::Coarse Grids::Number of Equations=16384
Multigrid Information::Coarse Grids::Number of Nonzero Terms=406456
Multigrid Information::Coarse Grids::Number of Presmoother Steps=1
Multigrid Information::Coarse Grids::Number of Postsmoother Steps=1
Multigrid Information::Coarse Grids::Grid Level=3
Multigrid Information::Coarse Grids::Number of Equations=2048
Multigrid Information::Coarse Grids::Number of Nonzero Terms=46552
Multigrid Information::Coarse Grids::Number of Presmoother Steps=1
Multigrid Information::Coarse Grids::Number of Postsmoother Steps=1
########## Memory Use Summary  ##########=
Memory Use Information=
Memory Use Information::Total memory used for data (Gbytes)=0.751604
Memory Use Information::Memory used for OptimizeProblem data (Gbytes)=0
Memory Use Information::Bytes per equation (Total memory / Number of Equations)=716.786
Memory Use Information::Memory used for linear system and CG (Gbytes)=0.661177
Memory Use Information::Coarse Grids=
Memory Use Information::Coarse Grids::Grid Level=1
Memory Use Information::Coarse Grids::Memory used=0.0792029
Memory Use Information::Coarse Grids::Grid Level=2
Memory Use Information::Coarse Grids::Memory used=0.00996105
Memory Use Information::Coarse Grids::Grid Level=3
Memory Use Information::Coarse Grids::Memory used=0.00126337
########## V&V Testing Summary  ##########=
Spectral Convergence Tests=
Spectral Convergence Tests::Result=PASSED
Spectral Convergence Tests::Unpreconditioned=
Spectral Convergence Tests::Unpreconditioned::Maximum iteration count=11
Spectral Convergence Tests::Unpreconditioned::Expected iteration count=12
Spectral Convergence Tests::Preconditioned=
Spectral Convergence Tests::Preconditioned::Maximum iteration count=2
Spectral Convergence Tests::Preconditioned::Expected iteration count=2
Departure from Symmetry |x'Ay-y'Ax|/(2*||x||*||A||*||y||)/epsilon=
Departure from Symmetry |x'Ay-y'Ax|/(2*||x||*||A||*||y||)/epsilon::Result=PASSED
Departure from Symmetry |x'Ay-y'Ax|/(2*||x||*||A||*||y||)/epsilon::Departure for SpMV=3.35475e-09
Departure from Symmetry |x'Ay-y'Ax|/(2*||x||*||A||*||y||)/epsilon::Departure for MG=8.38688e-10
########## Iterations Summary  ##########=
Iteration Count Information=
Iteration Count Information::Result=PASSED
Iteration Count Information::Reference CG iterations per set=50
Iteration Count Information::Optimized CG iterations per set=50
Iteration Count Information::Total number of reference iterations=750
Iteration Count Information::Total number of optimized iterations=750
########## Reproducibility Summary  ##########=
Reproducibility Information=
Reproducibility Information::Result=PASSED
Reproducibility Information::Scaled residual mean=4.80215e-08
Reproducibility Information::Scaled residual variance=0
########## Performance Summary (times in sec) ##########=
Benchmark Time Summary=
Benchmark Time Summary::Optimization phase=8.2e-08
Benchmark Time Summary::DDOT=2.83266
Benchmark Time Summary::WAXPBY=0.180626
Benchmark Time Summary::SpMV=2.0927
Benchmark Time Summary::MG=13.2712
Benchmark Time Summary::Total=18.3788
Floating Point Operations Summary=
Floating Point Operations Summary::Raw DDOT=4.75005e+09
Floating Point Operations Summary::Raw WAXPBY=4.75005e+09
Floating Point Operations Summary::Raw SpMV=4.24201e+10
Floating Point Operations Summary::Raw MG=2.3658e+11
Floating Point Operations Summary::Total=2.885e+11
Floating Point Operations Summary::Total with convergence overhead=2.885e+11
GB/s Summary=
GB/s Summary::Raw Read B/W=96.7397
GB/s Summary::Raw Write B/W=22.3579
GB/s Summary::Raw Total B/W=119.098
GB/s Summary::Total with convergence and optimization phase overhead=118.417
GFLOP/s Summary=
GFLOP/s Summary::Raw DDOT=1.67689
GFLOP/s Summary::Raw WAXPBY=26.2977
GFLOP/s Summary::Raw SpMV=20.2705
GFLOP/s Summary::Raw MG=17.8265
GFLOP/s Summary::Raw Total=15.6974
GFLOP/s Summary::Total with convergence overhead=15.6974
GFLOP/s Summary::Total with convergence and optimization phase overhead=15.6078
User Optimization Overheads=
User Optimization Overheads::Optimization phase time (sec)=8.2e-08
User Optimization Overheads::Optimization phase time vs reference SpMV+MG time=4.56485e-06
DDOT Timing Variations=
DDOT Timing Variations::Min DDOT MPI_Allreduce time=2.31967
DDOT Timing Variations::Max DDOT MPI_Allreduce time=2.79815
DDOT Timing Variations::Avg DDOT MPI_Allreduce time=2.52213
Final Summary=
Final Summary::HPCG result is VALID with a GFLOP/s rating of=15.6078
Final Summary::HPCG 2.4 rating for historical reasons is=15.6974
Final Summary::Reference version of ComputeDotProduct used=Performance results are most likely suboptimal
Final Summary::Reference version of ComputeSPMV used=Performance results are most likely suboptimal
Final Summary::Reference version of ComputeMG used and number of threads greater than 1=Performance results are severely suboptimal
Final Summary::Reference version of ComputeWAXPBY used=Performance results are most likely suboptimal
Final Summary::Results are valid but execution time (sec) is=18.3788
Final Summary::Official results execution time (sec) must be at least=1800
HPCG-Benchmark
version=3.1
Release date=March 28, 2019
Machine Summary=
Machine Summary::Distributed Processes=32
Machine Summary::Threads per processes=2
Global Problem Dimensions=
Global Problem Dimensions::Global nx=128
Global Problem Dimensions::Global ny=128
Global Problem Dimensions::Global nz=64
Processor Dimensions=
Processor Dimensions::npx=4
Processor Dimensions::npy=4
Processor Dimensions::npz=2
Local Domain Dimensions=
Local Domain Dimensions::nx=32
Local Domain Dimensions::ny=32
Local Domain Dimensions::Lower ipz=0
Local Domain Dimensions::Upper ipz=1
Local Domain Dimensions::nz=32
########## Problem Summary  ##########=
Setup Information=
Setup Information::Setup Time=0.0757646
Linear System Information=
Linear System Information::Number of Equations=1048576
Linear System Information::Number of Nonzero Terms=27725560
Multigrid Information=
Multigrid Information::Number of coarse grid levels=3
Multigrid Information::Coarse Grids=
Multigrid Information::Coarse Grids::Grid Level=1
Multigrid Information::Coarse Grids::Number of Equations=131072
Multigrid Information::Coarse Grids::Number of Nonzero Terms=3393400
Multigrid Information::Coarse Grids::Number of Presmoother Steps=1
Multigrid Information::Coarse Grids::Number of Postsmoother Steps=1
Multigrid Information::Coarse Grids::Grid Level=2
Multigrid Information::Coarse Grids::Number of Equations=16384
Multigrid Information::Coarse Grids::Number of Nonzero Terms=406456
Multigrid Information::Coarse Grids::Number of Presmoother Steps=1
Multigrid Information::Coarse Grids::Number of Postsmoother Steps=1
Multigrid Information::Coarse Grids::Grid Level=3
Multigrid Information::Coarse Grids::Number of Equations=2048
Multigrid Information::Coarse Grids::Number of Nonzero Terms=46552
Multigrid Information::Coarse Grids::Number of Presmoother Steps=1
Multigrid Information::Coarse Grids::Number of Postsmoother Steps=1
########## Memory Use Summary  ##########=
Memory Use Information=
Memory Use Information::Total memory used for data (Gbytes)=0.751604
Memory Use Information::Memory used for OptimizeProblem data (Gbytes)=0
Memory Use Information::Bytes per equation (Total memory / Number of Equations)=716.786
Memory Use Information::Memory used for linear system and CG (Gbytes)=0.661177
Memory Use Information::Coarse Grids=
Memory Use Information::Coarse Grids::Grid Level=1
Memory Use Information::Coarse Grids::Memory used=0.0792029
Memory Use Information::Coarse Grids::Grid Level=2
Memory Use Information::Coarse Grids::Memory used=0.00996105
Memory Use Information::Coarse Grids::Grid Level=3
Memory Use Information::Coarse Grids::Memory used=0.00126337
########## V&V Testing Summary  ##########=
Spectral Convergence Tests=
Spectral Convergence Tests::Result=PASSED
Spectral Convergence Tests::Unpreconditioned=
Spectral Convergence Tests::Unpreconditioned::Maximum iteration count=11
Spectral Convergence Tests::Unpreconditioned::Expected iteration count=12
Spectral Convergence Tests::Preconditioned=
Spectral Convergence Tests::Preconditioned::Maximum iteration count=2
Spectral Convergence Tests::Preconditioned::Expected iteration count=2
Departure from Symmetry |x'Ay-y'Ax|/(2*||x||*||A||*||y||)/epsilon=
Departure from Symmetry |x'Ay-y'Ax|/(2*||x||*||A||*||y||)/epsilon::Result=PASSED
Departure from Symmetry |x'Ay-y'Ax|/(2*||x||*||A||*||y||)/epsilon::Departure for SpMV=3.35475e-09
Departure from Symmetry |x'Ay-y'Ax|/(2*||x||*||A||*||y||)/epsilon::Departure for MG=8.38688e-10
########## Iterations Summary  ##########=
Iteration Count Information=
Iteration Count Information::Result=PASSED
Iteration Count Information::Reference CG iterations per set=50
Iteration Count Information::Optimized CG iterations per set=50
Iteration Count Information::Total number of reference iterations=800
Iteration Count Information::Total number of optimized iterations=800
########## Reproducibility Summary  ##########=
Reproducibility Information=
Reproducibility Information::Result=PASSED
Reproducibility Information::Scaled residual mean=4.80215e-08
Reproducibility Information::Scaled residual variance=0
########## Performance Summary (times in sec) ##########=
Benchmark Time Summary=
Benchmark Time Summary::Optimization phase=1.89e-07
Benchmark Time Summary::DDOT=1.25956
Benchmark Time Summary::WAXPBY=0.209662
Benchmark Time Summary::SpMV=2.12766
Benchmark Time Summary::MG=12.7309
Benchmark Time Summary::Total=16.3294
Floating Point Operations Summary=
Floating Point Operations Summary::Raw DDOT=5.06672e+09
Floating Point Operations Summary::Raw WAXPBY=5.06672e+09
Floating Point Operations Summary::Raw SpMV=4.52481e+10
Floating Point Operations Summary::Raw MG=2.52352e+11
Floating Point Operations Summary::Total=3.07734e+11
Floating Point Operations Summary::Total with convergence overhead=3.07734e+11
GB/s Summary=
GB/s Summary::Raw Read B/W=116.139
GB/s Summary::Raw Write B/W=26.8414
GB/s Summary::Raw Total B/W=142.981
GB/s Summary::Total with convergence and optimization phase overhead=141.927
GFLOP/s Summary=
GFLOP/s Summary::Raw DDOT=4.02261
GFLOP/s Summary::Raw WAXPBY=24.1661
GFLOP/s Summary::Raw SpMV=21.2666
GFLOP/s Summary::Raw MG=19.822
GFLOP/s Summary::Raw Total=18.8453
GFLOP/s Summary::Total with convergence overhead=18.8453
GFLOP/s Summary::Total with convergence and optimization phase overhead=18.7065
User Optimization Overheads=
User Optimization Overheads::Optimization phase time (sec)=1.89e-07
User Optimization Overheads::Optimization phase time vs reference SpMV+MG time=1.06897e-05
DDOT Timing Variations=
DDOT Timing Variations::Min DDOT MPI_Allreduce time=0.938795
DDOT Timing Variations::Max DDOT MPI_Allreduce time=1.31187
DDOT Timing Variations::Avg DDOT MPI_Allreduce time=1.13768
Final Summary=
Final Summary::HPCG result is VALID with a GFLOP/s rating of=18.7065
Final Summary::HPCG 2.4 rating for historical reasons is=18.8453
Final Summary::Reference version of ComputeDotProduct used=Performance results are most likely suboptimal
Final Summary::Reference version of ComputeSPMV used=Performance results are most likely suboptimal
Final Summary::Reference version of ComputeMG used and number of threads greater than 1=Performance results are severely suboptimal
Final Summary::Reference version of ComputeWAXPBY used=Performance results are most likely suboptimal
Final Summary::Results are valid but execution time (sec) is=16.3294
Final Summary::Official results execution time (sec) must be at least=1800
HPCG-Benchmark
version=3.1
Release date=March 28, 2019
Machine Summary=
Machine Summary::Distributed Processes=32
Machine Summary::Threads per processes=2
Global Problem Dimensions=
Global Problem Dimensions::Global nx=128
Global Problem Dimensions::Global ny=128
Global Problem Dimensions::Global nz=64
Processor Dimensions=
Processor Dimensions::npx=4
Processor Dimensions::npy=4
Processor Dimensions::npz=2
Local Domain Dimensions=
Local Domain Dimensions::nx=32
Local Domain Dimensions::ny=32
Local Domain Dimensions::Lower ipz=0
Local Domain Dimensions::Upper ipz=1
Local Domain Dimensions::nz=32
########## Problem Summary  ##########=
Setup Information=
Setup Information::Setup Time=0.0751155
Linear System Information=
Linear System Information::Number of Equations=1048576
Linear System Information::Number of Nonzero Terms=27725560
Multigrid Information=
Multigrid Information::Number of coarse grid levels=3
Multigrid Information::Coarse Grids=
Multigrid Information::Coarse Grids::Grid Level=1
Multigrid Information::Coarse Grids::Number of Equations=131072
Multigrid Information::Coarse Grids::Number of Nonzero Terms=3393400
Multigrid Information::Coarse Grids::Number of Presmoother Steps=1
Multigrid Information::Coarse Grids::Number of Postsmoother Steps=1
Multigrid Information::Coarse Grids::Grid Level=2
Multigrid Information::Coarse Grids::Number of Equations=16384
Multigrid Information::Coarse Grids::Number of Nonzero Terms=406456
Multigrid Information::Coarse Grids::Number of Presmoother Steps=1
Multigrid Information::Coarse Grids::Number of Postsmoother Steps=1
Multigrid Information::Coarse Grids::Grid Level=3
Multigrid Information::Coarse Grids::Number of Equations=2048
Multigrid Information::Coarse Grids::Number of Nonzero Terms=46552
Multigrid Information::Coarse Grids::Number of Presmoother Steps=1
Multigrid Information::Coarse Grids::Number of Postsmoother Steps=1
########## Memory Use Summary  ##########=
Memory Use Information=
Memory Use Information::Total memory used for data (Gbytes)=0.751604
Memory Use Information::Memory used for OptimizeProblem data (Gbytes)=0
Memory Use Information::Bytes per equation (Total memory / Number of Equations)=716.786
Memory Use Information::Memory used for linear system and CG (Gbytes)=0.661177
Memory Use Information::Coarse Grids=
Memory Use Information::Coarse Grids::Grid Level=1
Memory Use Information::Coarse Grids::Memory used=0.0792029
Memory Use Information::Coarse Grids::Grid Level=2
Memory Use Information::Coarse Grids::Memory used=0.00996105
Memory Use Information::Coarse Grids::Grid Level=3
Memory Use Information::Coarse Grids::Memory used=0.00126337
########## V&V Testing Summary  ##########=
Spectral Convergence Tests=
Spectral Convergence Tests::Result=PASSED
Spectral Convergence Tests::Unpreconditioned=
Spectral Convergence Tests::Unpreconditioned::Maximum iteration count=11
Spectral Convergence Tests::Unpreconditioned::Expected iteration count=12
Spectral Convergence Tests::Preconditioned=
Spectral Convergence Tests::Preconditioned::Maximum iteration count=2
Spectral Convergence Tests::Preconditioned::Expected iteration count=2
Departure from Symmetry |x'Ay-y'Ax|/(2*||x||*||A||*||y||)/epsilon=
Departure from Symmetry |x'Ay-y'Ax|/(2*||x||*||A||*||y||)/epsilon::Result=PASSED
Departure from Symmetry |x'Ay-y'Ax|/(2*||x||*||A||*||y||)/epsilon::Departure for SpMV=3.35475e-09
Departure from Symmetry |x'Ay-y'Ax|/(2*||x||*||A||*||y||)/epsilon::Departure for MG=8.38688e-10
########## Iterations Summary  ##########=
Iteration Count Information=
Iteration Count Information::Result=PASSED
Iteration Count Information::Reference CG iterations per set=50
Iteration Count Information::Optimized CG iterations per set=50
Iteration Count Information::Total number of reference iterations=850
Iteration Count Information::Total number of optimized iterations=850
########## Reproducibility Summary  ##########=
Reproducibility Information=
Reproducibility Information::Result=PASSED
Reproducibility Information::Scaled residual mean=4.80215e-08
Reproducibility Information::Scaled residual variance=0
########## Performance Summary (times in sec) ##########=
Benchmark Time Summary=
Benchmark Time Summary::Optimization phase=1.61e-07
Benchmark Time Summary::DDOT=1.26454
Benchmark Time Summary::WAXPBY=0.156834
Benchmark Time Summary::SpMV=2.21633
Benchmark Time Summary::MG=13.378
Benchmark Time Summary::Total=17.0176
Floating Point Operations Summary=
Floating Point Operations Summary::Raw DDOT=5.38339e+09
Floating Point Operations Summary::Raw WAXPBY=5.38339e+09
Floating Point Operations Summary::Raw SpMV=4.80761e+10
Floating Point Operations Summary::Raw MG=2.68124e+11
Floating Point Operations Summary::Total=3.26967e+11
Floating Point Operations Summary::Total with convergence overhead=3.26967e+11
GB/s Summary=
GB/s Summary::Raw Read B/W=118.408
GB/s Summary::Raw Write B/W=27.3658
GB/s Summary::Raw Total B/W=145.774
GB/s Summary::Total with convergence and optimization phase overhead=144.688
GFLOP/s Summary=
GFLOP/s Summary::Raw DDOT=4.2572
GFLOP/s Summary::Raw WAXPBY=34.3253
GFLOP/s Summary::Raw SpMV=21.6918
GFLOP/s Summary::Raw MG=20.0423
GFLOP/s Summary::Raw Total=19.2135
GFLOP/s Summary::Total with convergence overhead=19.2135
GFLOP/s Summary::Total with convergence and optimization phase overhead=19.0704
User Optimization Overheads=
User Optimization Overheads::Optimization phase time (sec)=1.61e-07
User Optimization Overheads::Optimization phase time vs reference SpMV+MG time=8.52829e-06
DDOT Timing Variations=
DDOT Timing Variations::Min DDOT MPI_Allreduce time=0.837547
DDOT Timing Variations::Max DDOT MPI_Allreduce time=1.18746
DDOT Timing Variations::Avg DDOT MPI_Allreduce time=0.997728
Final Summary=
Final Summary::HPCG result is VALID with a GFLOP/s rating of=19.0704
Final Summary::HPCG 2.4 rating for historical reasons is=19.2135
Final Summary::Reference version of ComputeDotProduct used=Performance results are most likely suboptimal
Final Summary::Reference version of ComputeSPMV used=Performance results are most likely suboptimal
Final Summary::Reference version of ComputeMG used and number of threads greater than 1=Performance results are severely suboptimal
Final Summary::Reference version of ComputeWAXPBY used=Performance results are most likely suboptimal
Final Summary::Results are valid but execution time (sec) is=17.0176
Final Summary::Official results execution time (sec) must be at least=1800
FLUX-RESULTS END

FLUX-JOB START 787774177280 hpcg-iter-3
FLUX-JOB-JOBSPEC START
{"resources": [{"type": "node", "count": 1, "with": [{"type": "slot", "count": 32, "with": [{"type": "core", "count": 1}], "label": "task"}]}], "tasks": [{"command": ["/opt/hpcg/xhpcg"], "slot": "task", "count": {"per_slot": 1}}], "attributes": {"system": {"duration": 0, "cwd": "/opt/hpcg", "shell": {"options": {"rlimit": {"cpu": -1, "fsize": -1, "data": -1, "stack": 10485760, "core": -1, "nofile": 1048576, "as": -1, "rss": -1, "nproc": -1}, "cpu-affinity": "per-task", "gpu-affinity": "off"}}}, "user": {"study_id": "hpcg-iter-3"}}, "version": 1}
FLUX-JOB-JOBSPEC END
FLUX-JOB-RESOURCES START
{"version": 1, "execution": {"R_lite": [{"rank": "0", "children": {"core": "0-31"}}], "starttime": 1749749392.5499952, "expiration": 0.0, "nodelist": ["hpcg-0"]}}
FLUX-JOB-RESOURCES END
FLUX-JOB-EVENTLOG START
{"timestamp":1749749392.5530953,"name":"init"}
{"timestamp":1749749392.5615726,"name":"shell.init","context":{"service":"0-shell-fMhDuaGP","leader-rank":0,"size":1}}
{"timestamp":1749749392.5534437,"name":"starting"}
{"timestamp":1749749392.6042731,"name":"shell.start","context":{"taskmap":{"version":1,"map":[[0,1,32,1]]}}}
{"timestamp":1749749412.5018137,"name":"shell.task-exit","context":{"localid":7,"rank":7,"state":"Exited","pid":547,"wait_status":0,"signaled":0,"exitcode":0}}
{"timestamp":1749749412.5120878,"name":"complete","context":{"status":0}}
{"timestamp":1749749412.5121078,"name":"done"}

FLUX-JOB-EVENTLOG END
FLUX-JOB END 787774177280 hpcg-iter-3

FLUX-JOB START 460702351360 hpcg-iter-2
FLUX-JOB-JOBSPEC START
{"resources": [{"type": "node", "count": 1, "with": [{"type": "slot", "count": 32, "with": [{"type": "core", "count": 1}], "label": "task"}]}], "tasks": [{"command": ["/opt/hpcg/xhpcg"], "slot": "task", "count": {"per_slot": 1}}], "attributes": {"system": {"duration": 0, "cwd": "/opt/hpcg", "shell": {"options": {"rlimit": {"cpu": -1, "fsize": -1, "data": -1, "stack": 10485760, "core": -1, "nofile": 1048576, "as": -1, "rss": -1, "nproc": -1}, "cpu-affinity": "per-task", "gpu-affinity": "off"}}}, "user": {"study_id": "hpcg-iter-2"}}, "version": 1}
FLUX-JOB-JOBSPEC END
FLUX-JOB-RESOURCES START
{"version": 1, "execution": {"R_lite": [{"rank": "0", "children": {"core": "0-31"}}], "starttime": 1749749373.053719, "expiration": 0.0, "nodelist": ["hpcg-0"]}}
FLUX-JOB-RESOURCES END
FLUX-JOB-EVENTLOG START
{"timestamp":1749749373.0552528,"name":"init"}
{"timestamp":1749749373.0635924,"name":"shell.init","context":{"service":"0-shell-fD6ugyRy","leader-rank":0,"size":1}}
{"timestamp":1749749373.0558975,"name":"starting"}
{"timestamp":1749749373.1075401,"name":"shell.start","context":{"taskmap":{"version":1,"map":[[0,1,32,1]]}}}
{"timestamp":1749749392.3307879,"name":"shell.task-exit","context":{"localid":16,"rank":16,"state":"Exited","pid":465,"wait_status":0,"signaled":0,"exitcode":0}}
{"timestamp":1749749392.3420901,"name":"complete","context":{"status":0}}
{"timestamp":1749749392.3421106,"name":"done"}

FLUX-JOB-EVENTLOG END
FLUX-JOB END 460702351360 hpcg-iter-2

FLUX-JOB START 98532589568 hpcg-iter-1
FLUX-JOB-JOBSPEC START
{"resources": [{"type": "node", "count": 1, "with": [{"type": "slot", "count": 32, "with": [{"type": "core", "count": 1}], "label": "task"}]}], "tasks": [{"command": ["/opt/hpcg/xhpcg"], "slot": "task", "count": {"per_slot": 1}}], "attributes": {"system": {"duration": 0, "cwd": "/opt/hpcg", "shell": {"options": {"rlimit": {"cpu": -1, "fsize": -1, "data": -1, "stack": 10485760, "core": -1, "nofile": 1048576, "as": -1, "rss": -1, "nproc": -1}, "cpu-affinity": "per-task", "gpu-affinity": "off"}}}, "user": {"study_id": "hpcg-iter-1"}}, "version": 1}
FLUX-JOB-JOBSPEC END
FLUX-JOB-RESOURCES START
{"version": 1, "execution": {"R_lite": [{"rank": "0", "children": {"core": "0-31"}}], "starttime": 1749749351.4670811, "expiration": 0.0, "nodelist": ["hpcg-0"]}}
FLUX-JOB-RESOURCES END
FLUX-JOB-EVENTLOG START
{"timestamp":1749749351.4710283,"name":"init"}
{"timestamp":1749749351.4824293,"name":"shell.init","context":{"service":"0-shell-f3b7zH4B","leader-rank":0,"size":1}}
{"timestamp":1749749351.4726818,"name":"starting"}
{"timestamp":1749749351.5241783,"name":"shell.start","context":{"taskmap":{"version":1,"map":[[0,1,32,1]]}}}
{"timestamp":1749749372.8370628,"name":"shell.task-exit","context":{"localid":31,"rank":31,"state":"Exited","pid":395,"wait_status":0,"signaled":0,"exitcode":0}}
{"timestamp":1749749372.8478451,"name":"complete","context":{"status":0}}
{"timestamp":1749749372.8478639,"name":"done"}

FLUX-JOB-EVENTLOG END
FLUX-JOB END 98532589568 hpcg-iter-1
FLUX JOB STATS
{"job_states":{"depend":0,"priority":0,"sched":0,"run":0,"cleanup":0,"inactive":3,"total":3},"successful":3,"failed":0,"canceled":0,"timeout":0,"inactive_purged":0,"queues":[]}
