

32 32 32
15
chmod: cannot access './wait-fs': No such file or directory
mv: cannot stat './wait-fs': No such file or directory
ln: failed to create symbolic link '/mnt/flux/view/lib/python': File exists
ln: failed to create symbolic link '/mnt/flux/view/lib/python3': File exists
#!/bin/bash
set -euo pipefail
flux resource list
echo "The parent process ID is: $PPID"          
echo "The execution parent process ID is: $$"         
CGROUP_PATH_LINE=$(cat "/proc/$$/cgroup")
echo 
CGROUP_V2_PATH=${CGROUP_PATH_LINE:3}
ACTUAL_CGROUP_DIR="/sys/fs/cgroup${CGROUP_V2_PATH}"
TARGET_CGROUP_ID=$(stat -c '%i' $ACTUAL_CGROUP_DIR)
echo "The cgroup id is $TARGET_CGROUP_ID"
echo -n $TARGET_CGROUP_ID > /mnt/flux/cgroup-id.txt
sleep 5
flux exec -r all touch /mnt/flux/start_ebpf_collection
for i in {1..3}
do
  echo "FLUX-RUN START hpcg-iter-$i"
  flux run --setattr=user.study_id=hpcg-iter-$i -N1 -n 4 -o cpu-affinity=per-task -o gpu-affinity=off     /opt/hpcg/xhpcg
  
   echo "FLUX-RUN END hpcg-iter-$i"
done

  echo "FLUX-RESULTS START"
  cat hpcg*.txt
  echo "HPCG-BENCHMARKS"
  cat HPCG-Benchmark*.txt
  echo "FLUX-RESULTS END"

output=./results/${app}
(apt-get update > /dev/null 2>&1 && apt-get install -y jq > /dev/null 2>&1) || (yum update -y > /dev/null 2>&1 && yum install -y jq > /dev/null 2>&1)
mkdir -p $output
for jobid in $(flux jobs -a --json | jq -r .jobs[].id); do
    echo
    study_id=$(flux job info $jobid jobspec | jq -r ".attributes.user.study_id")
    echo "FLUX-JOB START ${jobid} ${study_id}"
    echo "FLUX-JOB-JOBSPEC START"
    flux job info $jobid jobspec
    echo "FLUX-JOB-JOBSPEC END" 
    
    echo "FLUX-JOB-RESOURCES START"
    flux job info ${jobid} R
    echo "FLUX-JOB-RESOURCES END"
    echo "FLUX-JOB-EVENTLOG START" 
    flux job info $jobid guest.exec.eventlog
    echo "FLUX-JOB-EVENTLOG END" 
    echo "FLUX-JOB END ${jobid} ${study_id}"
done
echo "FLUX JOB STATS"
flux job stats 

     STATE NNODES   NCORES    NGPUS NODELIST
      free      1        4        0 hpcg-0
 allocated      0        0        0 
      down      0        0        0 
The parent process ID is: 112
The execution parent process ID is: 214

The cgroup id is 24345
FLUX-RUN START hpcg-iter-1
FLUX-RUN END hpcg-iter-1
FLUX-RUN START hpcg-iter-2
FLUX-RUN END hpcg-iter-2
FLUX-RUN START hpcg-iter-3
FLUX-RUN END hpcg-iter-3
FLUX-RESULTS START
WARNING: PERFORMING UNPRECONDITIONED ITERATIONS
Call [0] Number of Iterations [11] Scaled Residual [2.19405e-14]
WARNING: PERFORMING UNPRECONDITIONED ITERATIONS
Call [1] Number of Iterations [11] Scaled Residual [2.19405e-14]
Call [0] Number of Iterations [2] Scaled Residual [4.01097e-17]
Call [1] Number of Iterations [2] Scaled Residual [4.01097e-17]
Departure from symmetry (scaled) for SpMV abs(x'*A*y - y'*A*x) = 3.76097e-07
Departure from symmetry (scaled) for MG abs(x'*Minv*y - y'*Minv*x) = 1.14172e-07
SpMV call [0] Residual [0]
SpMV call [1] Residual [0]
Call [0] Scaled Residual [2.87748e-13]
Call [1] Scaled Residual [2.87748e-13]
Call [2] Scaled Residual [2.87748e-13]
Call [3] Scaled Residual [2.87748e-13]
Call [4] Scaled Residual [2.87748e-13]
Call [5] Scaled Residual [2.87748e-13]
Call [6] Scaled Residual [2.87748e-13]
Call [7] Scaled Residual [2.87748e-13]
Call [8] Scaled Residual [2.87748e-13]
Call [9] Scaled Residual [2.87748e-13]
Call [10] Scaled Residual [2.87748e-13]
WARNING: PERFORMING UNPRECONDITIONED ITERATIONS
Call [0] Number of Iterations [11] Scaled Residual [2.19405e-14]
WARNING: PERFORMING UNPRECONDITIONED ITERATIONS
Call [1] Number of Iterations [11] Scaled Residual [2.19405e-14]
Call [0] Number of Iterations [2] Scaled Residual [4.01097e-17]
Call [1] Number of Iterations [2] Scaled Residual [4.01097e-17]
Departure from symmetry (scaled) for SpMV abs(x'*A*y - y'*A*x) = 3.76097e-07
Departure from symmetry (scaled) for MG abs(x'*Minv*y - y'*Minv*x) = 1.14172e-07
SpMV call [0] Residual [0]
SpMV call [1] Residual [0]
Call [0] Scaled Residual [2.87748e-13]
Call [1] Scaled Residual [2.87748e-13]
Call [2] Scaled Residual [2.87748e-13]
Call [3] Scaled Residual [2.87748e-13]
Call [4] Scaled Residual [2.87748e-13]
Call [5] Scaled Residual [2.87748e-13]
Call [6] Scaled Residual [2.87748e-13]
Call [7] Scaled Residual [2.87748e-13]
Call [8] Scaled Residual [2.87748e-13]
Call [9] Scaled Residual [2.87748e-13]
Call [10] Scaled Residual [2.87748e-13]
Call [11] Scaled Residual [2.87748e-13]
Call [12] Scaled Residual [2.87748e-13]
WARNING: PERFORMING UNPRECONDITIONED ITERATIONS
Call [0] Number of Iterations [11] Scaled Residual [2.19405e-14]
WARNING: PERFORMING UNPRECONDITIONED ITERATIONS
Call [1] Number of Iterations [11] Scaled Residual [2.19405e-14]
Call [0] Number of Iterations [2] Scaled Residual [4.01097e-17]
Call [1] Number of Iterations [2] Scaled Residual [4.01097e-17]
Departure from symmetry (scaled) for SpMV abs(x'*A*y - y'*A*x) = 3.76097e-07
Departure from symmetry (scaled) for MG abs(x'*Minv*y - y'*Minv*x) = 1.14172e-07
SpMV call [0] Residual [0]
SpMV call [1] Residual [0]
Call [0] Scaled Residual [2.87748e-13]
Call [1] Scaled Residual [2.87748e-13]
Call [2] Scaled Residual [2.87748e-13]
Call [3] Scaled Residual [2.87748e-13]
Call [4] Scaled Residual [2.87748e-13]
Call [5] Scaled Residual [2.87748e-13]
Call [6] Scaled Residual [2.87748e-13]
Call [7] Scaled Residual [2.87748e-13]
Call [8] Scaled Residual [2.87748e-13]
Call [9] Scaled Residual [2.87748e-13]
Call [10] Scaled Residual [2.87748e-13]
Call [11] Scaled Residual [2.87748e-13]
Call [12] Scaled Residual [2.87748e-13]
HPCG-BENCHMARKS
HPCG-Benchmark
version=3.1
Release date=March 28, 2019
Machine Summary=
Machine Summary::Distributed Processes=4
Machine Summary::Threads per processes=2
Global Problem Dimensions=
Global Problem Dimensions::Global nx=64
Global Problem Dimensions::Global ny=64
Global Problem Dimensions::Global nz=32
Processor Dimensions=
Processor Dimensions::npx=2
Processor Dimensions::npy=2
Processor Dimensions::npz=1
Local Domain Dimensions=
Local Domain Dimensions::nx=32
Local Domain Dimensions::ny=32
Local Domain Dimensions::Lower ipz=0
Local Domain Dimensions::Upper ipz=0
Local Domain Dimensions::nz=32
########## Problem Summary  ##########=
Setup Information=
Setup Information::Setup Time=0.346789
Linear System Information=
Linear System Information::Number of Equations=131072
Linear System Information::Number of Nonzero Terms=3393400
Multigrid Information=
Multigrid Information::Number of coarse grid levels=3
Multigrid Information::Coarse Grids=
Multigrid Information::Coarse Grids::Grid Level=1
Multigrid Information::Coarse Grids::Number of Equations=16384
Multigrid Information::Coarse Grids::Number of Nonzero Terms=406456
Multigrid Information::Coarse Grids::Number of Presmoother Steps=1
Multigrid Information::Coarse Grids::Number of Postsmoother Steps=1
Multigrid Information::Coarse Grids::Grid Level=2
Multigrid Information::Coarse Grids::Number of Equations=2048
Multigrid Information::Coarse Grids::Number of Nonzero Terms=46552
Multigrid Information::Coarse Grids::Number of Presmoother Steps=1
Multigrid Information::Coarse Grids::Number of Postsmoother Steps=1
Multigrid Information::Coarse Grids::Grid Level=3
Multigrid Information::Coarse Grids::Number of Equations=256
Multigrid Information::Coarse Grids::Number of Nonzero Terms=4840
Multigrid Information::Coarse Grids::Number of Presmoother Steps=1
Multigrid Information::Coarse Grids::Number of Postsmoother Steps=1
########## Memory Use Summary  ##########=
Memory Use Information=
Memory Use Information::Total memory used for data (Gbytes)=0.0938639
Memory Use Information::Memory used for OptimizeProblem data (Gbytes)=0
Memory Use Information::Bytes per equation (Total memory / Number of Equations)=716.125
Memory Use Information::Memory used for linear system and CG (Gbytes)=0.0825776
Memory Use Information::Coarse Grids=
Memory Use Information::Coarse Grids::Grid Level=1
Memory Use Information::Coarse Grids::Memory used=0.00988744
Memory Use Information::Coarse Grids::Grid Level=2
Memory Use Information::Coarse Grids::Memory used=0.00124171
Memory Use Information::Coarse Grids::Grid Level=3
Memory Use Information::Coarse Grids::Memory used=0.00015712
########## V&V Testing Summary  ##########=
Spectral Convergence Tests=
Spectral Convergence Tests::Result=PASSED
Spectral Convergence Tests::Unpreconditioned=
Spectral Convergence Tests::Unpreconditioned::Maximum iteration count=11
Spectral Convergence Tests::Unpreconditioned::Expected iteration count=12
Spectral Convergence Tests::Preconditioned=
Spectral Convergence Tests::Preconditioned::Maximum iteration count=2
Spectral Convergence Tests::Preconditioned::Expected iteration count=2
Departure from Symmetry |x'Ay-y'Ax|/(2*||x||*||A||*||y||)/epsilon=
Departure from Symmetry |x'Ay-y'Ax|/(2*||x||*||A||*||y||)/epsilon::Result=PASSED
Departure from Symmetry |x'Ay-y'Ax|/(2*||x||*||A||*||y||)/epsilon::Departure for SpMV=3.76097e-07
Departure from Symmetry |x'Ay-y'Ax|/(2*||x||*||A||*||y||)/epsilon::Departure for MG=1.14172e-07
########## Iterations Summary  ##########=
Iteration Count Information=
Iteration Count Information::Result=PASSED
Iteration Count Information::Reference CG iterations per set=50
Iteration Count Information::Optimized CG iterations per set=50
Iteration Count Information::Total number of reference iterations=550
Iteration Count Information::Total number of optimized iterations=550
########## Reproducibility Summary  ##########=
Reproducibility Information=
Reproducibility Information::Result=PASSED
Reproducibility Information::Scaled residual mean=2.87748e-13
Reproducibility Information::Scaled residual variance=0
########## Performance Summary (times in sec) ##########=
Benchmark Time Summary=
Benchmark Time Summary::Optimization phase=2.64e-07
Benchmark Time Summary::DDOT=1.1008
Benchmark Time Summary::WAXPBY=0.257112
Benchmark Time Summary::SpMV=1.67911
Benchmark Time Summary::MG=13.1209
Benchmark Time Summary::Total=16.1599
Floating Point Operations Summary=
Floating Point Operations Summary::Raw DDOT=4.35421e+08
Floating Point Operations Summary::Raw WAXPBY=4.35421e+08
Floating Point Operations Summary::Raw SpMV=3.80739e+09
Floating Point Operations Summary::Raw MG=2.11659e+10
Floating Point Operations Summary::Total=2.58441e+10
Floating Point Operations Summary::Total with convergence overhead=2.58441e+10
GB/s Summary=
GB/s Summary::Raw Read B/W=9.86202
GB/s Summary::Raw Write B/W=2.27955
GB/s Summary::Raw Total B/W=12.1416
GB/s Summary::Total with convergence and optimization phase overhead=11.8616
GFLOP/s Summary=
GFLOP/s Summary::Raw DDOT=0.395549
GFLOP/s Summary::Raw WAXPBY=1.69351
GFLOP/s Summary::Raw SpMV=2.2675
GFLOP/s Summary::Raw MG=1.61314
GFLOP/s Summary::Raw Total=1.59927
GFLOP/s Summary::Total with convergence overhead=1.59927
GFLOP/s Summary::Total with convergence and optimization phase overhead=1.56239
User Optimization Overheads=
User Optimization Overheads::Optimization phase time (sec)=2.64e-07
User Optimization Overheads::Optimization phase time vs reference SpMV+MG time=8.71177e-06
DDOT Timing Variations=
DDOT Timing Variations::Min DDOT MPI_Allreduce time=0.764721
DDOT Timing Variations::Max DDOT MPI_Allreduce time=0.953967
DDOT Timing Variations::Avg DDOT MPI_Allreduce time=0.858296
Final Summary=
Final Summary::HPCG result is VALID with a GFLOP/s rating of=1.56239
Final Summary::HPCG 2.4 rating for historical reasons is=1.59927
Final Summary::Reference version of ComputeDotProduct used=Performance results are most likely suboptimal
Final Summary::Reference version of ComputeSPMV used=Performance results are most likely suboptimal
Final Summary::Reference version of ComputeMG used and number of threads greater than 1=Performance results are severely suboptimal
Final Summary::Reference version of ComputeWAXPBY used=Performance results are most likely suboptimal
Final Summary::Results are valid but execution time (sec) is=16.1599
Final Summary::Official results execution time (sec) must be at least=1800
HPCG-Benchmark
version=3.1
Release date=March 28, 2019
Machine Summary=
Machine Summary::Distributed Processes=4
Machine Summary::Threads per processes=2
Global Problem Dimensions=
Global Problem Dimensions::Global nx=64
Global Problem Dimensions::Global ny=64
Global Problem Dimensions::Global nz=32
Processor Dimensions=
Processor Dimensions::npx=2
Processor Dimensions::npy=2
Processor Dimensions::npz=1
Local Domain Dimensions=
Local Domain Dimensions::nx=32
Local Domain Dimensions::ny=32
Local Domain Dimensions::Lower ipz=0
Local Domain Dimensions::Upper ipz=0
Local Domain Dimensions::nz=32
########## Problem Summary  ##########=
Setup Information=
Setup Information::Setup Time=0.286304
Linear System Information=
Linear System Information::Number of Equations=131072
Linear System Information::Number of Nonzero Terms=3393400
Multigrid Information=
Multigrid Information::Number of coarse grid levels=3
Multigrid Information::Coarse Grids=
Multigrid Information::Coarse Grids::Grid Level=1
Multigrid Information::Coarse Grids::Number of Equations=16384
Multigrid Information::Coarse Grids::Number of Nonzero Terms=406456
Multigrid Information::Coarse Grids::Number of Presmoother Steps=1
Multigrid Information::Coarse Grids::Number of Postsmoother Steps=1
Multigrid Information::Coarse Grids::Grid Level=2
Multigrid Information::Coarse Grids::Number of Equations=2048
Multigrid Information::Coarse Grids::Number of Nonzero Terms=46552
Multigrid Information::Coarse Grids::Number of Presmoother Steps=1
Multigrid Information::Coarse Grids::Number of Postsmoother Steps=1
Multigrid Information::Coarse Grids::Grid Level=3
Multigrid Information::Coarse Grids::Number of Equations=256
Multigrid Information::Coarse Grids::Number of Nonzero Terms=4840
Multigrid Information::Coarse Grids::Number of Presmoother Steps=1
Multigrid Information::Coarse Grids::Number of Postsmoother Steps=1
########## Memory Use Summary  ##########=
Memory Use Information=
Memory Use Information::Total memory used for data (Gbytes)=0.0938639
Memory Use Information::Memory used for OptimizeProblem data (Gbytes)=0
Memory Use Information::Bytes per equation (Total memory / Number of Equations)=716.125
Memory Use Information::Memory used for linear system and CG (Gbytes)=0.0825776
Memory Use Information::Coarse Grids=
Memory Use Information::Coarse Grids::Grid Level=1
Memory Use Information::Coarse Grids::Memory used=0.00988744
Memory Use Information::Coarse Grids::Grid Level=2
Memory Use Information::Coarse Grids::Memory used=0.00124171
Memory Use Information::Coarse Grids::Grid Level=3
Memory Use Information::Coarse Grids::Memory used=0.00015712
########## V&V Testing Summary  ##########=
Spectral Convergence Tests=
Spectral Convergence Tests::Result=PASSED
Spectral Convergence Tests::Unpreconditioned=
Spectral Convergence Tests::Unpreconditioned::Maximum iteration count=11
Spectral Convergence Tests::Unpreconditioned::Expected iteration count=12
Spectral Convergence Tests::Preconditioned=
Spectral Convergence Tests::Preconditioned::Maximum iteration count=2
Spectral Convergence Tests::Preconditioned::Expected iteration count=2
Departure from Symmetry |x'Ay-y'Ax|/(2*||x||*||A||*||y||)/epsilon=
Departure from Symmetry |x'Ay-y'Ax|/(2*||x||*||A||*||y||)/epsilon::Result=PASSED
Departure from Symmetry |x'Ay-y'Ax|/(2*||x||*||A||*||y||)/epsilon::Departure for SpMV=3.76097e-07
Departure from Symmetry |x'Ay-y'Ax|/(2*||x||*||A||*||y||)/epsilon::Departure for MG=1.14172e-07
########## Iterations Summary  ##########=
Iteration Count Information=
Iteration Count Information::Result=PASSED
Iteration Count Information::Reference CG iterations per set=50
Iteration Count Information::Optimized CG iterations per set=50
Iteration Count Information::Total number of reference iterations=650
Iteration Count Information::Total number of optimized iterations=650
########## Reproducibility Summary  ##########=
Reproducibility Information=
Reproducibility Information::Result=PASSED
Reproducibility Information::Scaled residual mean=2.87748e-13
Reproducibility Information::Scaled residual variance=0
########## Performance Summary (times in sec) ##########=
Benchmark Time Summary=
Benchmark Time Summary::Optimization phase=2.2e-07
Benchmark Time Summary::DDOT=1.05184
Benchmark Time Summary::WAXPBY=0.207843
Benchmark Time Summary::SpMV=1.87693
Benchmark Time Summary::MG=14.6518
Benchmark Time Summary::Total=17.7908
Floating Point Operations Summary=
Floating Point Operations Summary::Raw DDOT=5.14589e+08
Floating Point Operations Summary::Raw WAXPBY=5.14589e+08
Floating Point Operations Summary::Raw SpMV=4.49965e+09
Floating Point Operations Summary::Raw MG=2.50142e+10
Floating Point Operations Summary::Total=3.05431e+10
Floating Point Operations Summary::Total with convergence overhead=3.05431e+10
GB/s Summary=
GB/s Summary::Raw Read B/W=10.5867
GB/s Summary::Raw Write B/W=2.44705
GB/s Summary::Raw Total B/W=13.0337
GB/s Summary::Total with convergence and optimization phase overhead=12.7666
GFLOP/s Summary=
GFLOP/s Summary::Raw DDOT=0.489227
GFLOP/s Summary::Raw WAXPBY=2.47586
GFLOP/s Summary::Raw SpMV=2.39734
GFLOP/s Summary::Raw MG=1.70724
GFLOP/s Summary::Raw Total=1.71679
GFLOP/s Summary::Total with convergence overhead=1.71679
GFLOP/s Summary::Total with convergence and optimization phase overhead=1.68161
User Optimization Overheads=
User Optimization Overheads::Optimization phase time (sec)=2.2e-07
User Optimization Overheads::Optimization phase time vs reference SpMV+MG time=9.17777e-06
DDOT Timing Variations=
DDOT Timing Variations::Min DDOT MPI_Allreduce time=0.688056
DDOT Timing Variations::Max DDOT MPI_Allreduce time=0.820312
DDOT Timing Variations::Avg DDOT MPI_Allreduce time=0.738011
Final Summary=
Final Summary::HPCG result is VALID with a GFLOP/s rating of=1.68161
Final Summary::HPCG 2.4 rating for historical reasons is=1.71679
Final Summary::Reference version of ComputeDotProduct used=Performance results are most likely suboptimal
Final Summary::Reference version of ComputeSPMV used=Performance results are most likely suboptimal
Final Summary::Reference version of ComputeMG used and number of threads greater than 1=Performance results are severely suboptimal
Final Summary::Reference version of ComputeWAXPBY used=Performance results are most likely suboptimal
Final Summary::Results are valid but execution time (sec) is=17.7908
Final Summary::Official results execution time (sec) must be at least=1800
HPCG-Benchmark
version=3.1
Release date=March 28, 2019
Machine Summary=
Machine Summary::Distributed Processes=4
Machine Summary::Threads per processes=2
Global Problem Dimensions=
Global Problem Dimensions::Global nx=64
Global Problem Dimensions::Global ny=64
Global Problem Dimensions::Global nz=32
Processor Dimensions=
Processor Dimensions::npx=2
Processor Dimensions::npy=2
Processor Dimensions::npz=1
Local Domain Dimensions=
Local Domain Dimensions::nx=32
Local Domain Dimensions::ny=32
Local Domain Dimensions::Lower ipz=0
Local Domain Dimensions::Upper ipz=0
Local Domain Dimensions::nz=32
########## Problem Summary  ##########=
Setup Information=
Setup Information::Setup Time=0.300336
Linear System Information=
Linear System Information::Number of Equations=131072
Linear System Information::Number of Nonzero Terms=3393400
Multigrid Information=
Multigrid Information::Number of coarse grid levels=3
Multigrid Information::Coarse Grids=
Multigrid Information::Coarse Grids::Grid Level=1
Multigrid Information::Coarse Grids::Number of Equations=16384
Multigrid Information::Coarse Grids::Number of Nonzero Terms=406456
Multigrid Information::Coarse Grids::Number of Presmoother Steps=1
Multigrid Information::Coarse Grids::Number of Postsmoother Steps=1
Multigrid Information::Coarse Grids::Grid Level=2
Multigrid Information::Coarse Grids::Number of Equations=2048
Multigrid Information::Coarse Grids::Number of Nonzero Terms=46552
Multigrid Information::Coarse Grids::Number of Presmoother Steps=1
Multigrid Information::Coarse Grids::Number of Postsmoother Steps=1
Multigrid Information::Coarse Grids::Grid Level=3
Multigrid Information::Coarse Grids::Number of Equations=256
Multigrid Information::Coarse Grids::Number of Nonzero Terms=4840
Multigrid Information::Coarse Grids::Number of Presmoother Steps=1
Multigrid Information::Coarse Grids::Number of Postsmoother Steps=1
########## Memory Use Summary  ##########=
Memory Use Information=
Memory Use Information::Total memory used for data (Gbytes)=0.0938639
Memory Use Information::Memory used for OptimizeProblem data (Gbytes)=0
Memory Use Information::Bytes per equation (Total memory / Number of Equations)=716.125
Memory Use Information::Memory used for linear system and CG (Gbytes)=0.0825776
Memory Use Information::Coarse Grids=
Memory Use Information::Coarse Grids::Grid Level=1
Memory Use Information::Coarse Grids::Memory used=0.00988744
Memory Use Information::Coarse Grids::Grid Level=2
Memory Use Information::Coarse Grids::Memory used=0.00124171
Memory Use Information::Coarse Grids::Grid Level=3
Memory Use Information::Coarse Grids::Memory used=0.00015712
########## V&V Testing Summary  ##########=
Spectral Convergence Tests=
Spectral Convergence Tests::Result=PASSED
Spectral Convergence Tests::Unpreconditioned=
Spectral Convergence Tests::Unpreconditioned::Maximum iteration count=11
Spectral Convergence Tests::Unpreconditioned::Expected iteration count=12
Spectral Convergence Tests::Preconditioned=
Spectral Convergence Tests::Preconditioned::Maximum iteration count=2
Spectral Convergence Tests::Preconditioned::Expected iteration count=2
Departure from Symmetry |x'Ay-y'Ax|/(2*||x||*||A||*||y||)/epsilon=
Departure from Symmetry |x'Ay-y'Ax|/(2*||x||*||A||*||y||)/epsilon::Result=PASSED
Departure from Symmetry |x'Ay-y'Ax|/(2*||x||*||A||*||y||)/epsilon::Departure for SpMV=3.76097e-07
Departure from Symmetry |x'Ay-y'Ax|/(2*||x||*||A||*||y||)/epsilon::Departure for MG=1.14172e-07
########## Iterations Summary  ##########=
Iteration Count Information=
Iteration Count Information::Result=PASSED
Iteration Count Information::Reference CG iterations per set=50
Iteration Count Information::Optimized CG iterations per set=50
Iteration Count Information::Total number of reference iterations=650
Iteration Count Information::Total number of optimized iterations=650
########## Reproducibility Summary  ##########=
Reproducibility Information=
Reproducibility Information::Result=PASSED
Reproducibility Information::Scaled residual mean=2.87748e-13
Reproducibility Information::Scaled residual variance=0
########## Performance Summary (times in sec) ##########=
Benchmark Time Summary=
Benchmark Time Summary::Optimization phase=2.33e-07
Benchmark Time Summary::DDOT=1.07974
Benchmark Time Summary::WAXPBY=0.242274
Benchmark Time Summary::SpMV=1.87669
Benchmark Time Summary::MG=14.9093
Benchmark Time Summary::Total=18.1104
Floating Point Operations Summary=
Floating Point Operations Summary::Raw DDOT=5.14589e+08
Floating Point Operations Summary::Raw WAXPBY=5.14589e+08
Floating Point Operations Summary::Raw SpMV=4.49965e+09
Floating Point Operations Summary::Raw MG=2.50142e+10
Floating Point Operations Summary::Total=3.05431e+10
Floating Point Operations Summary::Total with convergence overhead=3.05431e+10
GB/s Summary=
GB/s Summary::Raw Read B/W=10.3999
GB/s Summary::Raw Write B/W=2.40387
GB/s Summary::Raw Total B/W=12.8037
GB/s Summary::Total with convergence and optimization phase overhead=12.5335
GFLOP/s Summary=
GFLOP/s Summary::Raw DDOT=0.476585
GFLOP/s Summary::Raw WAXPBY=2.124
GFLOP/s Summary::Raw SpMV=2.39765
GFLOP/s Summary::Raw MG=1.67777
GFLOP/s Summary::Raw Total=1.68649
GFLOP/s Summary::Total with convergence overhead=1.68649
GFLOP/s Summary::Total with convergence and optimization phase overhead=1.6509
User Optimization Overheads=
User Optimization Overheads::Optimization phase time (sec)=2.33e-07
User Optimization Overheads::Optimization phase time vs reference SpMV+MG time=9.75245e-06
DDOT Timing Variations=
DDOT Timing Variations::Min DDOT MPI_Allreduce time=0.728702
DDOT Timing Variations::Max DDOT MPI_Allreduce time=0.844016
DDOT Timing Variations::Avg DDOT MPI_Allreduce time=0.803492
Final Summary=
Final Summary::HPCG result is VALID with a GFLOP/s rating of=1.6509
Final Summary::HPCG 2.4 rating for historical reasons is=1.68649
Final Summary::Reference version of ComputeDotProduct used=Performance results are most likely suboptimal
Final Summary::Reference version of ComputeSPMV used=Performance results are most likely suboptimal
Final Summary::Reference version of ComputeMG used and number of threads greater than 1=Performance results are severely suboptimal
Final Summary::Reference version of ComputeWAXPBY used=Performance results are most likely suboptimal
Final Summary::Results are valid but execution time (sec) is=18.1104
Final Summary::Official results execution time (sec) must be at least=1800
FLUX-RESULTS END

FLUX-JOB START 817922834432 hpcg-iter-3
FLUX-JOB-JOBSPEC START
{"resources": [{"type": "node", "count": 1, "with": [{"type": "slot", "count": 4, "with": [{"type": "core", "count": 1}], "label": "task"}]}], "tasks": [{"command": ["/opt/hpcg/xhpcg"], "slot": "task", "count": {"per_slot": 1}}], "attributes": {"system": {"duration": 0, "cwd": "/opt/hpcg", "shell": {"options": {"rlimit": {"cpu": -1, "fsize": -1, "data": -1, "stack": 10485760, "core": -1, "nofile": 1048576, "as": -1, "rss": -1, "nproc": -1}, "cpu-affinity": "per-task", "gpu-affinity": "off"}}}, "user": {"study_id": "hpcg-iter-3"}}, "version": 1}
FLUX-JOB-JOBSPEC END
FLUX-JOB-RESOURCES START
{"version": 1, "execution": {"R_lite": [{"rank": "0", "children": {"core": "0-3"}}], "starttime": 1749616535.5661509, "expiration": 0.0, "nodelist": ["hpcg-0"]}}
FLUX-JOB-RESOURCES END
FLUX-JOB-EVENTLOG START
{"timestamp":1749616535.5674329,"name":"init"}
{"timestamp":1749616535.5682039,"name":"starting"}
{"timestamp":1749616535.5795894,"name":"shell.init","context":{"service":"0-shell-fNVA3Kg3","leader-rank":0,"size":1}}
{"timestamp":1749616535.5854437,"name":"shell.start","context":{"taskmap":{"version":1,"map":[[0,1,4,1]]}}}
{"timestamp":1749616557.227633,"name":"shell.task-exit","context":{"localid":2,"rank":2,"state":"Exited","pid":259,"wait_status":0,"signaled":0,"exitcode":0}}
{"timestamp":1749616557.2307868,"name":"complete","context":{"status":0}}
{"timestamp":1749616557.2308128,"name":"done"}

FLUX-JOB-EVENTLOG END
FLUX-JOB END 817922834432 hpcg-iter-3

FLUX-JOB START 453840470016 hpcg-iter-2
FLUX-JOB-JOBSPEC START
{"resources": [{"type": "node", "count": 1, "with": [{"type": "slot", "count": 4, "with": [{"type": "core", "count": 1}], "label": "task"}]}], "tasks": [{"command": ["/opt/hpcg/xhpcg"], "slot": "task", "count": {"per_slot": 1}}], "attributes": {"system": {"duration": 0, "cwd": "/opt/hpcg", "shell": {"options": {"rlimit": {"cpu": -1, "fsize": -1, "data": -1, "stack": 10485760, "core": -1, "nofile": 1048576, "as": -1, "rss": -1, "nproc": -1}, "cpu-affinity": "per-task", "gpu-affinity": "off"}}}, "user": {"study_id": "hpcg-iter-2"}}, "version": 1}
FLUX-JOB-JOBSPEC END
FLUX-JOB-RESOURCES START
{"version": 1, "execution": {"R_lite": [{"rank": "0", "children": {"core": "0-3"}}], "starttime": 1749616513.8657129, "expiration": 0.0, "nodelist": ["hpcg-0"]}}
FLUX-JOB-RESOURCES END
FLUX-JOB-EVENTLOG START
{"timestamp":1749616513.8670738,"name":"init"}
{"timestamp":1749616513.8677783,"name":"starting"}
{"timestamp":1749616513.9218056,"name":"shell.init","context":{"service":"0-shell-fCvTL3Aw","leader-rank":0,"size":1}}
{"timestamp":1749616513.9315262,"name":"shell.start","context":{"taskmap":{"version":1,"map":[[0,1,4,1]]}}}
{"timestamp":1749616535.2590415,"name":"shell.task-exit","context":{"localid":1,"rank":1,"state":"Exited","pid":242,"wait_status":0,"signaled":0,"exitcode":0}}
{"timestamp":1749616535.2621634,"name":"complete","context":{"status":0}}
{"timestamp":1749616535.2621913,"name":"done"}

FLUX-JOB-EVENTLOG END
FLUX-JOB END 453840470016 hpcg-iter-2

FLUX-JOB START 107743281152 hpcg-iter-1
FLUX-JOB-JOBSPEC START
{"resources": [{"type": "node", "count": 1, "with": [{"type": "slot", "count": 4, "with": [{"type": "core", "count": 1}], "label": "task"}]}], "tasks": [{"command": ["/opt/hpcg/xhpcg"], "slot": "task", "count": {"per_slot": 1}}], "attributes": {"system": {"duration": 0, "cwd": "/opt/hpcg", "shell": {"options": {"rlimit": {"cpu": -1, "fsize": -1, "data": -1, "stack": 10485760, "core": -1, "nofile": 1048576, "as": -1, "rss": -1, "nproc": -1}, "cpu-affinity": "per-task", "gpu-affinity": "off"}}}, "user": {"study_id": "hpcg-iter-1"}}, "version": 1}
FLUX-JOB-JOBSPEC END
FLUX-JOB-RESOURCES START
{"version": 1, "execution": {"R_lite": [{"rank": "0", "children": {"core": "0-3"}}], "starttime": 1749616493.2365887, "expiration": 0.0, "nodelist": ["hpcg-0"]}}
FLUX-JOB-RESOURCES END
FLUX-JOB-EVENTLOG START
{"timestamp":1749616493.2381668,"name":"init"}
{"timestamp":1749616493.2389524,"name":"starting"}
{"timestamp":1749616493.2538524,"name":"shell.init","context":{"service":"0-shell-f3q9uUmV","leader-rank":0,"size":1}}
{"timestamp":1749616493.2602677,"name":"shell.start","context":{"taskmap":{"version":1,"map":[[0,1,4,1]]}}}
{"timestamp":1749616513.5328698,"name":"shell.task-exit","context":{"localid":0,"rank":0,"state":"Exited","pid":225,"wait_status":0,"signaled":0,"exitcode":0}}
{"timestamp":1749616513.5366759,"name":"complete","context":{"status":0}}
{"timestamp":1749616513.5367053,"name":"done"}

FLUX-JOB-EVENTLOG END
FLUX-JOB END 107743281152 hpcg-iter-1
FLUX JOB STATS
{"job_states":{"depend":0,"priority":0,"sched":0,"run":0,"cleanup":0,"inactive":3,"total":3},"successful":3,"failed":0,"canceled":0,"timeout":0,"inactive_purged":0,"queues":[]}
