unlimited
PROGRAM: cpu
Looking for /opt/programs/cpu/ebpf-collect.c
[05:03:28] Waiting for start indicator file: '/mnt/flux/start_ebpf_collection'.
[05:03:34] Start indicator found. Proceeding with monitoring.
[05:03:34] Initializing eBPF for CPU Scheduling monitoring...
[05:03:35] BPF C code compiled and loaded.
[05:03:35] Attached tracepoints.
[05:03:35] Monitoring CPU scheduling events (polling aggregated map)... Press Ctrl+C to stop.
[05:04:39] Stop indicator file '/mnt/flux/stop_ebpf_collection' found. Stopping.
[05:04:39] Initiating cleanup sequence...
{
  "final_aggregated_summary_river": [
    {
      "tgid": 119,
      "comm": "python3",
      "cgroup_id": 48020,
      "on_cpu_stats_ns": {
        "count": 134.0,
        "sum_ns": 10563064.9548176,
        "mean_ns": 78828.84294640001,
        "median_ns": 75372.5835927936,
        "min_ns": 4040.176470588235,
        "max_ns": 274505.975,
        "variance_ns2": 1576282154.093402,
        "iqr_ns": 29764.611546740554,
        "q1_ns": 55892.846163317496,
        "q3_ns": 85657.45771005805
      },
      "runq_latency_stats_ns": {
        "count": 134.0,
        "sum_ns": 7075938.461739083,
        "mean_ns": 52805.51090850062,
        "median_ns": 48453.01423756939,
        "min_ns": 546.0,
        "max_ns": 407340.137254902,
        "variance_ns2": 2829743287.8588843,
        "iqr_ns": 33224.1341667346,
        "q1_ns": 26343.601883273474,
        "q3_ns": 59567.736050008076
      },
      "first_seen_ts_ns": 1750136615439888350,
      "last_seen_ts_ns": 1750136679079740072,
      "duration_active_s": 63.639851722
    },
    {
      "tgid": 40,
      "comm": "bash",
      "cgroup_id": 48020,
      "on_cpu_stats_ns": {
        "count": 16.0,
        "sum_ns": 2067796.3333333333,
        "mean_ns": 129237.27083333333,
        "median_ns": 75011.82202380952,
        "min_ns": 6205.0,
        "max_ns": 702913.0,
        "variance_ns2": 32834891344.181023,
        "iqr_ns": 122548.21064079949,
        "q1_ns": 21596.5,
        "q3_ns": 144144.7106407995
      },
      "runq_latency_stats_ns": {
        "count": 16.0,
        "sum_ns": 255304.33333333334,
        "mean_ns": 15956.520833333334,
        "median_ns": 5000.460416666667,
        "min_ns": 767.0,
        "max_ns": 164174.0,
        "variance_ns2": 1587129105.9402776,
        "iqr_ns": 17572.390302469135,
        "q1_ns": 3304.8566111111113,
        "q3_ns": 20877.246913580246
      },
      "first_seen_ts_ns": 1750136615549896398,
      "last_seen_ts_ns": 1750136679079740072,
      "duration_active_s": 63.529843674
    },
    {
      "tgid": 95,
      "comm": "python3",
      "cgroup_id": 47936,
      "on_cpu_stats_ns": {
        "count": 128.0,
        "sum_ns": 1529650.0000000005,
        "mean_ns": 11950.390625000004,
        "median_ns": 11276.379950649787,
        "min_ns": 3205.0,
        "max_ns": 52295.0,
        "variance_ns2": 31314939.67298227,
        "iqr_ns": 5067.469209163826,
        "q1_ns": 8863.778499254155,
        "q3_ns": 13931.24770841798
      },
      "runq_latency_stats_ns": {
        "count": 128.0,
        "sum_ns": 2393784.0000000014,
        "mean_ns": 18701.43750000001,
        "median_ns": 5565.162288411097,
        "min_ns": 721.0,
        "max_ns": 536033.0,
        "variance_ns2": 5078874634.452754,
        "iqr_ns": 3439.6630965748564,
        "q1_ns": 4599.6293129879405,
        "q3_ns": 8039.292409562797
      },
      "first_seen_ts_ns": 1750136615439888350,
      "last_seen_ts_ns": 1750136679079740072,
      "duration_active_s": 63.639851722
    },
    {
      "tgid": 1,
      "comm": "pause",
      "cgroup_id": 47684,
      "on_cpu_stats_ns": {
        "count": 2.0,
        "sum_ns": 522313.8412698413,
        "mean_ns": 261156.92063492065,
        "median_ns": 343187.28571428574,
        "min_ns": 179126.55555555556,
        "max_ns": 343187.28571428574,
        "variance_ns2": 13457961590.10784,
        "iqr_ns": 164060.73015873018,
        "q1_ns": 179126.55555555556,
        "q3_ns": 343187.28571428574
      },
      "runq_latency_stats_ns": {
        "count": 2.0,
        "sum_ns": 1769.920634920635,
        "mean_ns": 884.9603174603175,
        "median_ns": 924.1428571428571,
        "min_ns": 845.7777777777778,
        "max_ns": 924.1428571428571,
        "variance_ns2": 3070.5428319475873,
        "iqr_ns": 78.36507936507928,
        "q1_ns": 845.7777777777778,
        "q3_ns": 924.1428571428571
      },
      "first_seen_ts_ns": 1750136674127781423,
      "last_seen_ts_ns": 1750136679079740072,
      "duration_active_s": 4.951958649
    }
  ]
}
[05:04:39] Cleanup complete. Exiting.
