

32 32 32
15
chmod: cannot access './wait-fs': No such file or directory
mv: cannot stat './wait-fs': No such file or directory
ln: failed to create symbolic link '/mnt/flux/view/lib/python': File exists
ln: failed to create symbolic link '/mnt/flux/view/lib/python3': File exists
#!/bin/bash
set -euo pipefail
flux resource list
echo "The parent process ID is: $PPID"          
echo "The execution parent process ID is: $$"         
CGROUP_PATH_LINE=$(cat "/proc/$$/cgroup")
echo 
CGROUP_V2_PATH=${CGROUP_PATH_LINE:3}
ACTUAL_CGROUP_DIR="/sys/fs/cgroup${CGROUP_V2_PATH}"
TARGET_CGROUP_ID=$(stat -c '%i' $ACTUAL_CGROUP_DIR)
echo "The cgroup id is $TARGET_CGROUP_ID"
echo -n $TARGET_CGROUP_ID > /mnt/flux/cgroup-id.txt
sleep 5
flux exec -r all touch /mnt/flux/start_ebpf_collection
for i in {1..3}
do
  echo "FLUX-RUN START hpcg-iter-$i"
  flux run --setattr=user.study_id=hpcg-iter-$i -N1 -n 24 -o cpu-affinity=per-task -o gpu-affinity=off     /opt/hpcg/xhpcg
  
   echo "FLUX-RUN END hpcg-iter-$i"
done

  echo "FLUX-RESULTS START"
  cat hpcg*.txt
  echo "HPCG-BENCHMARKS"
  cat HPCG-Benchmark*.txt
  echo "FLUX-RESULTS END"

output=./results/${app}
(apt-get update > /dev/null 2>&1 && apt-get install -y jq > /dev/null 2>&1) || (yum update -y > /dev/null 2>&1 && yum install -y jq > /dev/null 2>&1)
mkdir -p $output
for jobid in $(flux jobs -a --json | jq -r .jobs[].id); do
    echo
    study_id=$(flux job info $jobid jobspec | jq -r ".attributes.user.study_id")
    echo "FLUX-JOB START ${jobid} ${study_id}"
    echo "FLUX-JOB-JOBSPEC START"
    flux job info $jobid jobspec
    echo "FLUX-JOB-JOBSPEC END" 
    
    echo "FLUX-JOB-RESOURCES START"
    flux job info ${jobid} R
    echo "FLUX-JOB-RESOURCES END"
    echo "FLUX-JOB-EVENTLOG START" 
    flux job info $jobid guest.exec.eventlog
    echo "FLUX-JOB-EVENTLOG END" 
    echo "FLUX-JOB END ${jobid} ${study_id}"
done
echo "FLUX JOB STATS"
flux job stats 

     STATE NNODES   NCORES    NGPUS NODELIST
      free      1       24        0 hpcg-0
 allocated      0        0        0 
      down      0        0        0 
The parent process ID is: 143
The execution parent process ID is: 197

The cgroup id is 29947
FLUX-RUN START hpcg-iter-1
FLUX-RUN END hpcg-iter-1
FLUX-RUN START hpcg-iter-2
FLUX-RUN END hpcg-iter-2
FLUX-RUN START hpcg-iter-3
FLUX-RUN END hpcg-iter-3
FLUX-RESULTS START
WARNING: PERFORMING UNPRECONDITIONED ITERATIONS
Call [0] Number of Iterations [11] Scaled Residual [1.20361e-14]
WARNING: PERFORMING UNPRECONDITIONED ITERATIONS
Call [1] Number of Iterations [11] Scaled Residual [1.20361e-14]
Call [0] Number of Iterations [2] Scaled Residual [5.99658e-17]
Call [1] Number of Iterations [2] Scaled Residual [5.99658e-17]
Departure from symmetry (scaled) for SpMV abs(x'*A*y - y'*A*x) = 2.98189e-09
Departure from symmetry (scaled) for MG abs(x'*Minv*y - y'*Minv*x) = 4.47283e-09
SpMV call [0] Residual [0]
SpMV call [1] Residual [0]
Call [0] Scaled Residual [3.07873e-08]
Call [1] Scaled Residual [3.07873e-08]
Call [2] Scaled Residual [3.07873e-08]
Call [3] Scaled Residual [3.07873e-08]
Call [4] Scaled Residual [3.07873e-08]
Call [5] Scaled Residual [3.07873e-08]
Call [6] Scaled Residual [3.07873e-08]
Call [7] Scaled Residual [3.07873e-08]
Call [8] Scaled Residual [3.07873e-08]
WARNING: PERFORMING UNPRECONDITIONED ITERATIONS
Call [0] Number of Iterations [11] Scaled Residual [1.20361e-14]
WARNING: PERFORMING UNPRECONDITIONED ITERATIONS
Call [1] Number of Iterations [11] Scaled Residual [1.20361e-14]
Call [0] Number of Iterations [2] Scaled Residual [5.99658e-17]
Call [1] Number of Iterations [2] Scaled Residual [5.99658e-17]
Departure from symmetry (scaled) for SpMV abs(x'*A*y - y'*A*x) = 2.98189e-09
Departure from symmetry (scaled) for MG abs(x'*Minv*y - y'*Minv*x) = 4.47283e-09
SpMV call [0] Residual [0]
SpMV call [1] Residual [0]
Call [0] Scaled Residual [3.07873e-08]
Call [1] Scaled Residual [3.07873e-08]
Call [2] Scaled Residual [3.07873e-08]
Call [3] Scaled Residual [3.07873e-08]
Call [4] Scaled Residual [3.07873e-08]
Call [5] Scaled Residual [3.07873e-08]
Call [6] Scaled Residual [3.07873e-08]
Call [7] Scaled Residual [3.07873e-08]
Call [8] Scaled Residual [3.07873e-08]
Call [9] Scaled Residual [3.07873e-08]
Call [10] Scaled Residual [3.07873e-08]
Call [11] Scaled Residual [3.07873e-08]
Call [12] Scaled Residual [3.07873e-08]
Call [13] Scaled Residual [3.07873e-08]
Call [14] Scaled Residual [3.07873e-08]
Call [15] Scaled Residual [3.07873e-08]
Call [16] Scaled Residual [3.07873e-08]
Call [17] Scaled Residual [3.07873e-08]
Call [18] Scaled Residual [3.07873e-08]
Call [19] Scaled Residual [3.07873e-08]
WARNING: PERFORMING UNPRECONDITIONED ITERATIONS
Call [0] Number of Iterations [11] Scaled Residual [1.20361e-14]
WARNING: PERFORMING UNPRECONDITIONED ITERATIONS
Call [1] Number of Iterations [11] Scaled Residual [1.20361e-14]
Call [0] Number of Iterations [2] Scaled Residual [5.99658e-17]
Call [1] Number of Iterations [2] Scaled Residual [5.99658e-17]
Departure from symmetry (scaled) for SpMV abs(x'*A*y - y'*A*x) = 2.98189e-09
Departure from symmetry (scaled) for MG abs(x'*Minv*y - y'*Minv*x) = 4.47283e-09
SpMV call [0] Residual [0]
SpMV call [1] Residual [0]
Call [0] Scaled Residual [3.07873e-08]
Call [1] Scaled Residual [3.07873e-08]
Call [2] Scaled Residual [3.07873e-08]
Call [3] Scaled Residual [3.07873e-08]
Call [4] Scaled Residual [3.07873e-08]
Call [5] Scaled Residual [3.07873e-08]
Call [6] Scaled Residual [3.07873e-08]
Call [7] Scaled Residual [3.07873e-08]
Call [8] Scaled Residual [3.07873e-08]
Call [9] Scaled Residual [3.07873e-08]
Call [10] Scaled Residual [3.07873e-08]
Call [11] Scaled Residual [3.07873e-08]
Call [12] Scaled Residual [3.07873e-08]
Call [13] Scaled Residual [3.07873e-08]
Call [14] Scaled Residual [3.07873e-08]
Call [15] Scaled Residual [3.07873e-08]
Call [16] Scaled Residual [3.07873e-08]
Call [17] Scaled Residual [3.07873e-08]
Call [18] Scaled Residual [3.07873e-08]
Call [19] Scaled Residual [3.07873e-08]
HPCG-BENCHMARKS
HPCG-Benchmark
version=3.1
Release date=March 28, 2019
Machine Summary=
Machine Summary::Distributed Processes=24
Machine Summary::Threads per processes=2
Global Problem Dimensions=
Global Problem Dimensions::Global nx=64
Global Problem Dimensions::Global ny=128
Global Problem Dimensions::Global nz=96
Processor Dimensions=
Processor Dimensions::npx=2
Processor Dimensions::npy=4
Processor Dimensions::npz=3
Local Domain Dimensions=
Local Domain Dimensions::nx=32
Local Domain Dimensions::ny=32
Local Domain Dimensions::Lower ipz=0
Local Domain Dimensions::Upper ipz=2
Local Domain Dimensions::nz=32
########## Problem Summary  ##########=
Setup Information=
Setup Information::Setup Time=0.071821
Linear System Information=
Linear System Information::Number of Equations=786432
Linear System Information::Number of Nonzero Terms=20757880
Multigrid Information=
Multigrid Information::Number of coarse grid levels=3
Multigrid Information::Coarse Grids=
Multigrid Information::Coarse Grids::Grid Level=1
Multigrid Information::Coarse Grids::Number of Equations=98304
Multigrid Information::Coarse Grids::Number of Nonzero Terms=2536120
Multigrid Information::Coarse Grids::Number of Presmoother Steps=1
Multigrid Information::Coarse Grids::Number of Postsmoother Steps=1
Multigrid Information::Coarse Grids::Grid Level=2
Multigrid Information::Coarse Grids::Number of Equations=12288
Multigrid Information::Coarse Grids::Number of Nonzero Terms=302680
Multigrid Information::Coarse Grids::Number of Presmoother Steps=1
Multigrid Information::Coarse Grids::Number of Postsmoother Steps=1
Multigrid Information::Coarse Grids::Grid Level=3
Multigrid Information::Coarse Grids::Number of Equations=1536
Multigrid Information::Coarse Grids::Number of Nonzero Terms=34408
Multigrid Information::Coarse Grids::Number of Presmoother Steps=1
Multigrid Information::Coarse Grids::Number of Postsmoother Steps=1
########## Memory Use Summary  ##########=
Memory Use Information=
Memory Use Information::Total memory used for data (Gbytes)=0.563707
Memory Use Information::Memory used for OptimizeProblem data (Gbytes)=0
Memory Use Information::Bytes per equation (Total memory / Number of Equations)=716.791
Memory Use Information::Memory used for linear system and CG (Gbytes)=0.495883
Memory Use Information::Coarse Grids=
Memory Use Information::Coarse Grids::Grid Level=1
Memory Use Information::Coarse Grids::Memory used=0.0594048
Memory Use Information::Coarse Grids::Grid Level=2
Memory Use Information::Coarse Grids::Memory used=0.00747158
Memory Use Information::Coarse Grids::Grid Level=3
Memory Use Information::Coarse Grids::Memory used=0.000947852
########## V&V Testing Summary  ##########=
Spectral Convergence Tests=
Spectral Convergence Tests::Result=PASSED
Spectral Convergence Tests::Unpreconditioned=
Spectral Convergence Tests::Unpreconditioned::Maximum iteration count=11
Spectral Convergence Tests::Unpreconditioned::Expected iteration count=12
Spectral Convergence Tests::Preconditioned=
Spectral Convergence Tests::Preconditioned::Maximum iteration count=2
Spectral Convergence Tests::Preconditioned::Expected iteration count=2
Departure from Symmetry |x'Ay-y'Ax|/(2*||x||*||A||*||y||)/epsilon=
Departure from Symmetry |x'Ay-y'Ax|/(2*||x||*||A||*||y||)/epsilon::Result=PASSED
Departure from Symmetry |x'Ay-y'Ax|/(2*||x||*||A||*||y||)/epsilon::Departure for SpMV=2.98189e-09
Departure from Symmetry |x'Ay-y'Ax|/(2*||x||*||A||*||y||)/epsilon::Departure for MG=4.47283e-09
########## Iterations Summary  ##########=
Iteration Count Information=
Iteration Count Information::Result=PASSED
Iteration Count Information::Reference CG iterations per set=50
Iteration Count Information::Optimized CG iterations per set=50
Iteration Count Information::Total number of reference iterations=450
Iteration Count Information::Total number of optimized iterations=450
########## Reproducibility Summary  ##########=
Reproducibility Information=
Reproducibility Information::Result=PASSED
Reproducibility Information::Scaled residual mean=3.07873e-08
Reproducibility Information::Scaled residual variance=0
########## Performance Summary (times in sec) ##########=
Benchmark Time Summary=
Benchmark Time Summary::Optimization phase=1.64e-07
Benchmark Time Summary::DDOT=1.30404
Benchmark Time Summary::WAXPBY=0.07411
Benchmark Time Summary::SpMV=0.970169
Benchmark Time Summary::MG=6.77615
Benchmark Time Summary::Total=9.12547
Floating Point Operations Summary=
Floating Point Operations Summary::Raw DDOT=2.13752e+09
Floating Point Operations Summary::Raw WAXPBY=2.13752e+09
Floating Point Operations Summary::Raw SpMV=1.90557e+10
Floating Point Operations Summary::Raw MG=1.06247e+11
Floating Point Operations Summary::Total=1.29578e+11
Floating Point Operations Summary::Total with convergence overhead=1.29578e+11
GB/s Summary=
GB/s Summary::Raw Read B/W=87.5131
GB/s Summary::Raw Write B/W=20.2257
GB/s Summary::Raw Total B/W=107.739
GB/s Summary::Total with convergence and optimization phase overhead=106.981
GFLOP/s Summary=
GFLOP/s Summary::Raw DDOT=1.63916
GFLOP/s Summary::Raw WAXPBY=28.8426
GFLOP/s Summary::Raw SpMV=19.6417
GFLOP/s Summary::Raw MG=15.6796
GFLOP/s Summary::Raw Total=14.1996
GFLOP/s Summary::Total with convergence overhead=14.1996
GFLOP/s Summary::Total with convergence and optimization phase overhead=14.0997
User Optimization Overheads=
User Optimization Overheads::Optimization phase time (sec)=1.64e-07
User Optimization Overheads::Optimization phase time vs reference SpMV+MG time=1.12092e-05
DDOT Timing Variations=
DDOT Timing Variations::Min DDOT MPI_Allreduce time=0.91625
DDOT Timing Variations::Max DDOT MPI_Allreduce time=1.30408
DDOT Timing Variations::Avg DDOT MPI_Allreduce time=1.14105
Final Summary=
Final Summary::HPCG result is VALID with a GFLOP/s rating of=14.0997
Final Summary::HPCG 2.4 rating for historical reasons is=14.1996
Final Summary::Reference version of ComputeDotProduct used=Performance results are most likely suboptimal
Final Summary::Reference version of ComputeSPMV used=Performance results are most likely suboptimal
Final Summary::Reference version of ComputeMG used and number of threads greater than 1=Performance results are severely suboptimal
Final Summary::Reference version of ComputeWAXPBY used=Performance results are most likely suboptimal
Final Summary::Results are valid but execution time (sec) is=9.12547
Final Summary::Official results execution time (sec) must be at least=1800
HPCG-Benchmark
version=3.1
Release date=March 28, 2019
Machine Summary=
Machine Summary::Distributed Processes=24
Machine Summary::Threads per processes=2
Global Problem Dimensions=
Global Problem Dimensions::Global nx=64
Global Problem Dimensions::Global ny=128
Global Problem Dimensions::Global nz=96
Processor Dimensions=
Processor Dimensions::npx=2
Processor Dimensions::npy=4
Processor Dimensions::npz=3
Local Domain Dimensions=
Local Domain Dimensions::nx=32
Local Domain Dimensions::ny=32
Local Domain Dimensions::Lower ipz=0
Local Domain Dimensions::Upper ipz=2
Local Domain Dimensions::nz=32
########## Problem Summary  ##########=
Setup Information=
Setup Information::Setup Time=0.0671369
Linear System Information=
Linear System Information::Number of Equations=786432
Linear System Information::Number of Nonzero Terms=20757880
Multigrid Information=
Multigrid Information::Number of coarse grid levels=3
Multigrid Information::Coarse Grids=
Multigrid Information::Coarse Grids::Grid Level=1
Multigrid Information::Coarse Grids::Number of Equations=98304
Multigrid Information::Coarse Grids::Number of Nonzero Terms=2536120
Multigrid Information::Coarse Grids::Number of Presmoother Steps=1
Multigrid Information::Coarse Grids::Number of Postsmoother Steps=1
Multigrid Information::Coarse Grids::Grid Level=2
Multigrid Information::Coarse Grids::Number of Equations=12288
Multigrid Information::Coarse Grids::Number of Nonzero Terms=302680
Multigrid Information::Coarse Grids::Number of Presmoother Steps=1
Multigrid Information::Coarse Grids::Number of Postsmoother Steps=1
Multigrid Information::Coarse Grids::Grid Level=3
Multigrid Information::Coarse Grids::Number of Equations=1536
Multigrid Information::Coarse Grids::Number of Nonzero Terms=34408
Multigrid Information::Coarse Grids::Number of Presmoother Steps=1
Multigrid Information::Coarse Grids::Number of Postsmoother Steps=1
########## Memory Use Summary  ##########=
Memory Use Information=
Memory Use Information::Total memory used for data (Gbytes)=0.563707
Memory Use Information::Memory used for OptimizeProblem data (Gbytes)=0
Memory Use Information::Bytes per equation (Total memory / Number of Equations)=716.791
Memory Use Information::Memory used for linear system and CG (Gbytes)=0.495883
Memory Use Information::Coarse Grids=
Memory Use Information::Coarse Grids::Grid Level=1
Memory Use Information::Coarse Grids::Memory used=0.0594048
Memory Use Information::Coarse Grids::Grid Level=2
Memory Use Information::Coarse Grids::Memory used=0.00747158
Memory Use Information::Coarse Grids::Grid Level=3
Memory Use Information::Coarse Grids::Memory used=0.000947852
########## V&V Testing Summary  ##########=
Spectral Convergence Tests=
Spectral Convergence Tests::Result=PASSED
Spectral Convergence Tests::Unpreconditioned=
Spectral Convergence Tests::Unpreconditioned::Maximum iteration count=11
Spectral Convergence Tests::Unpreconditioned::Expected iteration count=12
Spectral Convergence Tests::Preconditioned=
Spectral Convergence Tests::Preconditioned::Maximum iteration count=2
Spectral Convergence Tests::Preconditioned::Expected iteration count=2
Departure from Symmetry |x'Ay-y'Ax|/(2*||x||*||A||*||y||)/epsilon=
Departure from Symmetry |x'Ay-y'Ax|/(2*||x||*||A||*||y||)/epsilon::Result=PASSED
Departure from Symmetry |x'Ay-y'Ax|/(2*||x||*||A||*||y||)/epsilon::Departure for SpMV=2.98189e-09
Departure from Symmetry |x'Ay-y'Ax|/(2*||x||*||A||*||y||)/epsilon::Departure for MG=4.47283e-09
########## Iterations Summary  ##########=
Iteration Count Information=
Iteration Count Information::Result=PASSED
Iteration Count Information::Reference CG iterations per set=50
Iteration Count Information::Optimized CG iterations per set=50
Iteration Count Information::Total number of reference iterations=1000
Iteration Count Information::Total number of optimized iterations=1000
########## Reproducibility Summary  ##########=
Reproducibility Information=
Reproducibility Information::Result=PASSED
Reproducibility Information::Scaled residual mean=3.07873e-08
Reproducibility Information::Scaled residual variance=0
########## Performance Summary (times in sec) ##########=
Benchmark Time Summary=
Benchmark Time Summary::Optimization phase=6.3e-08
Benchmark Time Summary::DDOT=0.733869
Benchmark Time Summary::WAXPBY=0.157278
Benchmark Time Summary::SpMV=2.03238
Benchmark Time Summary::MG=12.7409
Benchmark Time Summary::Total=15.6665
Floating Point Operations Summary=
Floating Point Operations Summary::Raw DDOT=4.75005e+09
Floating Point Operations Summary::Raw WAXPBY=4.75005e+09
Floating Point Operations Summary::Raw SpMV=4.23461e+10
Floating Point Operations Summary::Raw MG=2.36104e+11
Floating Point Operations Summary::Total=2.87951e+11
Floating Point Operations Summary::Total with convergence overhead=2.87951e+11
GB/s Summary=
GB/s Summary::Raw Read B/W=113.277
GB/s Summary::Raw Write B/W=26.1802
GB/s Summary::Raw Total B/W=139.458
GB/s Summary::Total with convergence and optimization phase overhead=138.272
GFLOP/s Summary=
GFLOP/s Summary::Raw DDOT=6.47261
GFLOP/s Summary::Raw WAXPBY=30.2016
GFLOP/s Summary::Raw SpMV=20.8357
GFLOP/s Summary::Raw MG=18.5312
GFLOP/s Summary::Raw Total=18.38
GFLOP/s Summary::Total with convergence overhead=18.38
GFLOP/s Summary::Total with convergence and optimization phase overhead=18.2238
User Optimization Overheads=
User Optimization Overheads::Optimization phase time (sec)=6.3e-08
User Optimization Overheads::Optimization phase time vs reference SpMV+MG time=4.17448e-06
DDOT Timing Variations=
DDOT Timing Variations::Min DDOT MPI_Allreduce time=0.507891
DDOT Timing Variations::Max DDOT MPI_Allreduce time=0.758757
DDOT Timing Variations::Avg DDOT MPI_Allreduce time=0.614398
Final Summary=
Final Summary::HPCG result is VALID with a GFLOP/s rating of=18.2238
Final Summary::HPCG 2.4 rating for historical reasons is=18.38
Final Summary::Reference version of ComputeDotProduct used=Performance results are most likely suboptimal
Final Summary::Reference version of ComputeSPMV used=Performance results are most likely suboptimal
Final Summary::Reference version of ComputeMG used and number of threads greater than 1=Performance results are severely suboptimal
Final Summary::Reference version of ComputeWAXPBY used=Performance results are most likely suboptimal
Final Summary::Results are valid but execution time (sec) is=15.6665
Final Summary::Official results execution time (sec) must be at least=1800
HPCG-Benchmark
version=3.1
Release date=March 28, 2019
Machine Summary=
Machine Summary::Distributed Processes=24
Machine Summary::Threads per processes=2
Global Problem Dimensions=
Global Problem Dimensions::Global nx=64
Global Problem Dimensions::Global ny=128
Global Problem Dimensions::Global nz=96
Processor Dimensions=
Processor Dimensions::npx=2
Processor Dimensions::npy=4
Processor Dimensions::npz=3
Local Domain Dimensions=
Local Domain Dimensions::nx=32
Local Domain Dimensions::ny=32
Local Domain Dimensions::Lower ipz=0
Local Domain Dimensions::Upper ipz=2
Local Domain Dimensions::nz=32
########## Problem Summary  ##########=
Setup Information=
Setup Information::Setup Time=0.0741647
Linear System Information=
Linear System Information::Number of Equations=786432
Linear System Information::Number of Nonzero Terms=20757880
Multigrid Information=
Multigrid Information::Number of coarse grid levels=3
Multigrid Information::Coarse Grids=
Multigrid Information::Coarse Grids::Grid Level=1
Multigrid Information::Coarse Grids::Number of Equations=98304
Multigrid Information::Coarse Grids::Number of Nonzero Terms=2536120
Multigrid Information::Coarse Grids::Number of Presmoother Steps=1
Multigrid Information::Coarse Grids::Number of Postsmoother Steps=1
Multigrid Information::Coarse Grids::Grid Level=2
Multigrid Information::Coarse Grids::Number of Equations=12288
Multigrid Information::Coarse Grids::Number of Nonzero Terms=302680
Multigrid Information::Coarse Grids::Number of Presmoother Steps=1
Multigrid Information::Coarse Grids::Number of Postsmoother Steps=1
Multigrid Information::Coarse Grids::Grid Level=3
Multigrid Information::Coarse Grids::Number of Equations=1536
Multigrid Information::Coarse Grids::Number of Nonzero Terms=34408
Multigrid Information::Coarse Grids::Number of Presmoother Steps=1
Multigrid Information::Coarse Grids::Number of Postsmoother Steps=1
########## Memory Use Summary  ##########=
Memory Use Information=
Memory Use Information::Total memory used for data (Gbytes)=0.563707
Memory Use Information::Memory used for OptimizeProblem data (Gbytes)=0
Memory Use Information::Bytes per equation (Total memory / Number of Equations)=716.791
Memory Use Information::Memory used for linear system and CG (Gbytes)=0.495883
Memory Use Information::Coarse Grids=
Memory Use Information::Coarse Grids::Grid Level=1
Memory Use Information::Coarse Grids::Memory used=0.0594048
Memory Use Information::Coarse Grids::Grid Level=2
Memory Use Information::Coarse Grids::Memory used=0.00747158
Memory Use Information::Coarse Grids::Grid Level=3
Memory Use Information::Coarse Grids::Memory used=0.000947852
########## V&V Testing Summary  ##########=
Spectral Convergence Tests=
Spectral Convergence Tests::Result=PASSED
Spectral Convergence Tests::Unpreconditioned=
Spectral Convergence Tests::Unpreconditioned::Maximum iteration count=11
Spectral Convergence Tests::Unpreconditioned::Expected iteration count=12
Spectral Convergence Tests::Preconditioned=
Spectral Convergence Tests::Preconditioned::Maximum iteration count=2
Spectral Convergence Tests::Preconditioned::Expected iteration count=2
Departure from Symmetry |x'Ay-y'Ax|/(2*||x||*||A||*||y||)/epsilon=
Departure from Symmetry |x'Ay-y'Ax|/(2*||x||*||A||*||y||)/epsilon::Result=PASSED
Departure from Symmetry |x'Ay-y'Ax|/(2*||x||*||A||*||y||)/epsilon::Departure for SpMV=2.98189e-09
Departure from Symmetry |x'Ay-y'Ax|/(2*||x||*||A||*||y||)/epsilon::Departure for MG=4.47283e-09
########## Iterations Summary  ##########=
Iteration Count Information=
Iteration Count Information::Result=PASSED
Iteration Count Information::Reference CG iterations per set=50
Iteration Count Information::Optimized CG iterations per set=50
Iteration Count Information::Total number of reference iterations=1000
Iteration Count Information::Total number of optimized iterations=1000
########## Reproducibility Summary  ##########=
Reproducibility Information=
Reproducibility Information::Result=PASSED
Reproducibility Information::Scaled residual mean=3.07873e-08
Reproducibility Information::Scaled residual variance=0
########## Performance Summary (times in sec) ##########=
Benchmark Time Summary=
Benchmark Time Summary::Optimization phase=8e-08
Benchmark Time Summary::DDOT=0.690726
Benchmark Time Summary::WAXPBY=0.151704
Benchmark Time Summary::SpMV=2.02257
Benchmark Time Summary::MG=12.7109
Benchmark Time Summary::Total=15.5781
Floating Point Operations Summary=
Floating Point Operations Summary::Raw DDOT=4.75005e+09
Floating Point Operations Summary::Raw WAXPBY=4.75005e+09
Floating Point Operations Summary::Raw SpMV=4.23461e+10
Floating Point Operations Summary::Raw MG=2.36104e+11
Floating Point Operations Summary::Total=2.87951e+11
Floating Point Operations Summary::Total with convergence overhead=2.87951e+11
GB/s Summary=
GB/s Summary::Raw Read B/W=113.92
GB/s Summary::Raw Write B/W=26.3288
GB/s Summary::Raw Total B/W=140.249
GB/s Summary::Total with convergence and optimization phase overhead=138.926
GFLOP/s Summary=
GFLOP/s Summary::Raw DDOT=6.87689
GFLOP/s Summary::Raw WAXPBY=31.3113
GFLOP/s Summary::Raw SpMV=20.9368
GFLOP/s Summary::Raw MG=18.575
GFLOP/s Summary::Raw Total=18.4843
GFLOP/s Summary::Total with convergence overhead=18.4843
GFLOP/s Summary::Total with convergence and optimization phase overhead=18.3099
User Optimization Overheads=
User Optimization Overheads::Optimization phase time (sec)=8e-08
User Optimization Overheads::Optimization phase time vs reference SpMV+MG time=3.66588e-06
DDOT Timing Variations=
DDOT Timing Variations::Min DDOT MPI_Allreduce time=0.462393
DDOT Timing Variations::Max DDOT MPI_Allreduce time=0.655833
DDOT Timing Variations::Avg DDOT MPI_Allreduce time=0.547019
Final Summary=
Final Summary::HPCG result is VALID with a GFLOP/s rating of=18.3099
Final Summary::HPCG 2.4 rating for historical reasons is=18.4843
Final Summary::Reference version of ComputeDotProduct used=Performance results are most likely suboptimal
Final Summary::Reference version of ComputeSPMV used=Performance results are most likely suboptimal
Final Summary::Reference version of ComputeMG used and number of threads greater than 1=Performance results are severely suboptimal
Final Summary::Reference version of ComputeWAXPBY used=Performance results are most likely suboptimal
Final Summary::Results are valid but execution time (sec) is=15.5781
Final Summary::Official results execution time (sec) must be at least=1800
FLUX-RESULTS END

FLUX-JOB START 622015283200 hpcg-iter-3
FLUX-JOB-JOBSPEC START
{"resources": [{"type": "node", "count": 1, "with": [{"type": "slot", "count": 24, "with": [{"type": "core", "count": 1}], "label": "task"}]}], "tasks": [{"command": ["/opt/hpcg/xhpcg"], "slot": "task", "count": {"per_slot": 1}}], "attributes": {"system": {"duration": 0, "cwd": "/opt/hpcg", "shell": {"options": {"rlimit": {"cpu": -1, "fsize": -1, "data": -1, "stack": 10485760, "core": -1, "nofile": 1048576, "as": -1, "rss": -1, "nproc": -1}, "cpu-affinity": "per-task", "gpu-affinity": "off"}}}, "user": {"study_id": "hpcg-iter-3"}}, "version": 1}
FLUX-JOB-JOBSPEC END
FLUX-JOB-RESOURCES START
{"version": 1, "execution": {"R_lite": [{"rank": "0", "children": {"core": "0-23"}}], "starttime": 1749674362.046519, "expiration": 0.0, "nodelist": ["hpcg-0"]}}
FLUX-JOB-RESOURCES END
FLUX-JOB-EVENTLOG START
{"timestamp":1749674362.0473108,"name":"init"}
{"timestamp":1749674362.05424,"name":"shell.init","context":{"service":"0-shell-fHLgMv1V","leader-rank":0,"size":1}}
{"timestamp":1749674362.0477004,"name":"starting"}
{"timestamp":1749674362.076381,"name":"shell.start","context":{"taskmap":{"version":1,"map":[[0,1,24,1]]}}}
{"timestamp":1749674380.5317116,"name":"shell.task-exit","context":{"localid":7,"rank":7,"state":"Exited","pid":465,"wait_status":0,"signaled":0,"exitcode":0}}
{"timestamp":1749674380.5379157,"name":"complete","context":{"status":0}}
{"timestamp":1749674380.5379398,"name":"done"}

FLUX-JOB-EVENTLOG END
FLUX-JOB END 622015283200 hpcg-iter-3

FLUX-JOB START 313801048064 hpcg-iter-2
FLUX-JOB-JOBSPEC START
{"resources": [{"type": "node", "count": 1, "with": [{"type": "slot", "count": 24, "with": [{"type": "core", "count": 1}], "label": "task"}]}], "tasks": [{"command": ["/opt/hpcg/xhpcg"], "slot": "task", "count": {"per_slot": 1}}], "attributes": {"system": {"duration": 0, "cwd": "/opt/hpcg", "shell": {"options": {"rlimit": {"cpu": -1, "fsize": -1, "data": -1, "stack": 10485760, "core": -1, "nofile": 1048576, "as": -1, "rss": -1, "nproc": -1}, "cpu-affinity": "per-task", "gpu-affinity": "off"}}}, "user": {"study_id": "hpcg-iter-2"}}, "version": 1}
FLUX-JOB-JOBSPEC END
FLUX-JOB-RESOURCES START
{"version": 1, "execution": {"R_lite": [{"rank": "0", "children": {"core": "0-23"}}], "starttime": 1749674343.6759529, "expiration": 0.0, "nodelist": ["hpcg-0"]}}
FLUX-JOB-RESOURCES END
FLUX-JOB-EVENTLOG START
{"timestamp":1749674343.6766996,"name":"init"}
{"timestamp":1749674343.6835439,"name":"shell.init","context":{"service":"0-shell-f9F6XPvf","leader-rank":0,"size":1}}
{"timestamp":1749674343.677072,"name":"starting"}
{"timestamp":1749674343.7070458,"name":"shell.start","context":{"taskmap":{"version":1,"map":[[0,1,24,1]]}}}
{"timestamp":1749674361.8394949,"name":"shell.task-exit","context":{"localid":3,"rank":3,"state":"Exited","pid":383,"wait_status":0,"signaled":0,"exitcode":0}}
{"timestamp":1749674361.8460028,"name":"complete","context":{"status":0}}
{"timestamp":1749674361.8460276,"name":"done"}

FLUX-JOB-EVENTLOG END
FLUX-JOB END 313801048064 hpcg-iter-2

FLUX-JOB START 98348040192 hpcg-iter-1
FLUX-JOB-JOBSPEC START
{"resources": [{"type": "node", "count": 1, "with": [{"type": "slot", "count": 24, "with": [{"type": "core", "count": 1}], "label": "task"}]}], "tasks": [{"command": ["/opt/hpcg/xhpcg"], "slot": "task", "count": {"per_slot": 1}}], "attributes": {"system": {"duration": 0, "cwd": "/opt/hpcg", "shell": {"options": {"rlimit": {"cpu": -1, "fsize": -1, "data": -1, "stack": 10485760, "core": -1, "nofile": 1048576, "as": -1, "rss": -1, "nproc": -1}, "cpu-affinity": "per-task", "gpu-affinity": "off"}}}, "user": {"study_id": "hpcg-iter-1"}}, "version": 1}
FLUX-JOB-JOBSPEC END
FLUX-JOB-RESOURCES START
{"version": 1, "execution": {"R_lite": [{"rank": "0", "children": {"core": "0-23"}}], "starttime": 1749674330.8339813, "expiration": 0.0, "nodelist": ["hpcg-0"]}}
FLUX-JOB-RESOURCES END
FLUX-JOB-EVENTLOG START
{"timestamp":1749674330.8347752,"name":"init"}
{"timestamp":1749674330.8418748,"name":"shell.init","context":{"service":"0-shell-f3aqgQxP","leader-rank":0,"size":1}}
{"timestamp":1749674330.8351495,"name":"starting"}
{"timestamp":1749674330.8642416,"name":"shell.start","context":{"taskmap":{"version":1,"map":[[0,1,24,1]]}}}
{"timestamp":1749674343.4655924,"name":"shell.task-exit","context":{"localid":8,"rank":8,"state":"Exited","pid":315,"wait_status":0,"signaled":0,"exitcode":0}}
{"timestamp":1749674343.4739377,"name":"complete","context":{"status":0}}
{"timestamp":1749674343.4739599,"name":"done"}

FLUX-JOB-EVENTLOG END
FLUX-JOB END 98348040192 hpcg-iter-1
FLUX JOB STATS
{"job_states":{"depend":0,"priority":0,"sched":0,"run":0,"cleanup":0,"inactive":3,"total":3},"successful":3,"failed":0,"canceled":0,"timeout":0,"inactive_purged":0,"queues":[]}
