ln: failed to create symbolic link '/mnt/flux/view/lib/python': File exists
ln: failed to create symbolic link '/mnt/flux/view/lib/python3': File exists
unlimited
PROGRAM: futex
Looking for /opt/programs/futex/ebpf-collect.c
[15:26:08] Starting eBPF (Tracepoints for futex syscalls).
[15:26:09] BPF program loaded and tracepoints automatically attached.
[15:26:09] Start Indicator file defined '/mnt/flux/start_ebpf_collection'. Waiting.
[15:26:13] Start indicator found. Proceeding.
[15:26:13] Ring buffers opened. Polling for events...
[15:27:18] 
Indicator file '/mnt/flux/stop_ebpf_collection' found. Stopping.
[15:27:18] Cleaning up BPF resources...
{
  "final_aggregated_futex_summary_river": [
    {
      "tgid": 2220,
      "comm": "containerd",
      "cgroup_id": 4085,
      "wait_duration_stats_ns": {
        "count": 6810.0,
        "sum": 544635619079.001,
        "mean": 79975861.83245242,
        "median": 506416.54848917696,
        "min": 402,
        "max": 30181062729,
        "variance_ns2": 4.452167366733849e+17,
        "iqr_ns": 60008396.75753342,
        "q1_ns": 122068.96809823753,
        "q3_ns": 60130465.72563166
      },
      "futex_op_counts": {
        "128": 6810
      },
      "first_seen_ts_ns": 8762254056774,
      "last_seen_ts_ns": 8830889554132
    },
    {
      "tgid": 2338,
      "comm": "containerd-shim",
      "cgroup_id": 4085,
      "wait_duration_stats_ns": {
        "count": 781.0,
        "sum": 436792090998.99963,
        "mean": 559272843.7887319,
        "median": 233562.13234893573,
        "min": 6113,
        "max": 16750735542,
        "variance_ns2": 2.651112022041895e+18,
        "iqr_ns": 596396.6965508505,
        "q1_ns": 102258.9014484683,
        "q3_ns": 698655.5979993189
      },
      "futex_op_counts": {
        "128": 781
      },
      "first_seen_ts_ns": 8767167320920,
      "last_seen_ts_ns": 8830561409457
    },
    {
      "tgid": 2242,
      "comm": "kubelet",
      "cgroup_id": 4138,
      "wait_duration_stats_ns": {
        "count": 5920.0,
        "sum": 368665946875.0006,
        "mean": 62274653.1883447,
        "median": 16556895.629533598,
        "min": 484,
        "max": 15972114544,
        "variance_ns2": 1.834808935896026e+17,
        "iqr_ns": 61971285.47383181,
        "q1_ns": 1080472.6512489403,
        "q3_ns": 63051758.12508075
      },
      "futex_op_counts": {
        "128": 5920
      },
      "first_seen_ts_ns": 8762222012148,
      "last_seen_ts_ns": 8830895670035
    },
    {
      "tgid": 3401,
      "comm": "coredns",
      "cgroup_id": 5949,
      "wait_duration_stats_ns": {
        "count": 474.0,
        "sum": 328548388268.00006,
        "mean": 693140059.637131,
        "median": 416577446.4581601,
        "min": 927,
        "max": 60755611467,
        "variance_ns2": 9.854775254670115e+18,
        "iqr_ns": 919572818.9306978,
        "q1_ns": 43528582.434251666,
        "q3_ns": 963101401.3649495
      },
      "futex_op_counts": {
        "128": 474
      },
      "first_seen_ts_ns": 8762831162208,
      "last_seen_ts_ns": 8830832220130
    },
    {
      "tgid": 3404,
      "comm": "coredns",
      "cgroup_id": 6033,
      "wait_duration_stats_ns": {
        "count": 493.0,
        "sum": 322628581579.99963,
        "mean": 654419029.5740358,
        "median": 380166458.4875647,
        "min": 6588,
        "max": 57999983465,
        "variance_ns2": 8.33796113335309e+18,
        "iqr_ns": 844849641.030313,
        "q1_ns": 48414634.5184973,
        "q3_ns": 893264275.5488104
      },
      "futex_op_counts": {
        "128": 493
      },
      "first_seen_ts_ns": 8762835258310,
      "last_seen_ts_ns": 8830836047137
    },
    {
      "tgid": 155767,
      "comm": "containerd-shim",
      "cgroup_id": 4085,
      "wait_duration_stats_ns": {
        "count": 202.0,
        "sum": 317860642512.9999,
        "mean": 1573567537.1930687,
        "median": 18339484.446267147,
        "min": 615,
        "max": 30007748548,
        "variance_ns2": 1.6463147622266474e+19,
        "iqr_ns": 1019709840.9372059,
        "q1_ns": 1045748.1990834351,
        "q3_ns": 1020755589.1362894
      },
      "futex_op_counts": {
        "128": 202
      },
      "first_seen_ts_ns": 8766434009049,
      "last_seen_ts_ns": 8830930531284
    },
    {
      "tgid": 155629,
      "comm": "containerd-shim",
      "cgroup_id": 4085,
      "wait_duration_stats_ns": {
        "count": 78.0,
        "sum": 307457063922.0,
        "mean": 3941757229.769231,
        "median": 437425858.9710526,
        "min": 1059,
        "max": 29992877522,
        "variance_ns2": 5.414463901623399e+19,
        "iqr_ns": 4899400801.404598,
        "q1_ns": 12085000.069782225,
        "q3_ns": 4911485801.4743805
      },
      "futex_op_counts": {
        "128": 78
      },
      "first_seen_ts_ns": 8767610112485,
      "last_seen_ts_ns": 8830129487632
    },
    {
      "tgid": 3679,
      "comm": "metrics-server",
      "cgroup_id": 6285,
      "wait_duration_stats_ns": {
        "count": 1138.0,
        "sum": 267655991306.99997,
        "mean": 235198586.38576448,
        "median": 86701109.07604085,
        "min": 812,
        "max": 26213260861,
        "variance_ns2": 1.0695230932979323e+18,
        "iqr_ns": 131665783.77327177,
        "q1_ns": 55290047.42195138,
        "q3_ns": 186955831.19522315
      },
      "futex_op_counts": {
        "128": 1138
      },
      "first_seen_ts_ns": 8762424650421,
      "last_seen_ts_ns": 8830925491026
    },
    {
      "tgid": 3683,
      "comm": "metrics-server",
      "cgroup_id": 6369,
      "wait_duration_stats_ns": {
        "count": 1277.0,
        "sum": 253344205639.99997,
        "mean": 198390137.54111195,
        "median": 131491020.7098754,
        "min": 640,
        "max": 17948903696,
        "variance_ns2": 4.3295380477466323e+17,
        "iqr_ns": 131081686.47296964,
        "q1_ns": 73368886.26142968,
        "q3_ns": 204450572.73439932
      },
      "futex_op_counts": {
        "128": 1277
      },
      "first_seen_ts_ns": 8762433138514,
      "last_seen_ts_ns": 8830928038494
    },
    {
      "tgid": 2340,
      "comm": "containerd-shim",
      "cgroup_id": 4085,
      "wait_duration_stats_ns": {
        "count": 56.0,
        "sum": 240724950217.0,
        "mean": 4298659825.303572,
        "median": 920689939.8928084,
        "min": 11085,
        "max": 29972845734,
        "variance_ns2": 5.0815677602561835e+19,
        "iqr_ns": 5130010268.944428,
        "q1_ns": 103900013.64955406,
        "q3_ns": 5233910282.593983
      },
      "futex_op_counts": {
        "128": 56
      },
      "first_seen_ts_ns": 8770939620475,
      "last_seen_ts_ns": 8830134367934
    },
    {
      "tgid": 6236,
      "comm": "containerd-shim",
      "cgroup_id": 4085,
      "wait_duration_stats_ns": {
        "count": 105.0,
        "sum": 240687065145.0001,
        "mean": 2292257763.285715,
        "median": 66800254.00157806,
        "min": 1583,
        "max": 29999978309,
        "variance_ns2": 2.7967768685957124e+19,
        "iqr_ns": 2415836727.320738,
        "q1_ns": 5665767.081354994,
        "q3_ns": 2421502494.402093
      },
      "futex_op_counts": {
        "128": 105
      },
      "first_seen_ts_ns": 8769842749442,
      "last_seen_ts_ns": 8830136279911
    },
    {
      "tgid": 3150,
      "comm": "containerd-shim",
      "cgroup_id": 4085,
      "wait_duration_stats_ns": {
        "count": 57.0,
        "sum": 239527145198.0,
        "mean": 4202230617.508772,
        "median": 1739697860.6396956,
        "min": 624,
        "max": 30000996379,
        "variance_ns2": 3.578435560525925e+19,
        "iqr_ns": 4897528563.509174,
        "q1_ns": 291386339.81127405,
        "q3_ns": 5188914903.320448
      },
      "futex_op_counts": {
        "128": 57
      },
      "first_seen_ts_ns": 8770940861474,
      "last_seen_ts_ns": 8830135642172
    },
    {
      "tgid": 3332,
      "comm": "containerd-shim",
      "cgroup_id": 4085,
      "wait_duration_stats_ns": {
        "count": 55.0,
        "sum": 230698114780.00003,
        "mean": 4194511177.8181825,
        "median": 990659911.367479,
        "min": 15828,
        "max": 29988577203,
        "variance_ns2": 4.509767282082381e+19,
        "iqr_ns": 5553452732.352473,
        "q1_ns": 69067521.7699678,
        "q3_ns": 5622520254.122441
      },
      "futex_op_counts": {
        "128": 55
      },
      "first_seen_ts_ns": 8770934328196,
      "last_seen_ts_ns": 8830128135283
    },
    {
      "tgid": 6299,
      "comm": "kube-rbac-proxy",
      "cgroup_id": 6669,
      "wait_duration_stats_ns": {
        "count": 40.0,
        "sum": 229926776032.0,
        "mean": 5748169400.8,
        "median": 4879495033.163815,
        "min": 15925,
        "max": 40002664869,
        "variance_ns2": 4.173794881565538e+19,
        "iqr_ns": 1439309901.1409993,
        "q1_ns": 3752231458.24243,
        "q3_ns": 5191541359.38343
      },
      "futex_op_counts": {
        "128": 40
      },
      "first_seen_ts_ns": 8771195804515,
      "last_seen_ts_ns": 8826195305241
    },
    {
      "tgid": 3153,
      "comm": "containerd-shim",
      "cgroup_id": 4085,
      "wait_duration_stats_ns": {
        "count": 52.0,
        "sum": 228998492010.00006,
        "mean": 4403817154.038463,
        "median": 1445893785.626032,
        "min": 5579,
        "max": 30000011169,
        "variance_ns2": 4.6137936587688985e+19,
        "iqr_ns": 4627674520.8033905,
        "q1_ns": 87699053.68225695,
        "q3_ns": 4715373574.485647
      },
      "futex_op_counts": {
        "128": 52
      },
      "first_seen_ts_ns": 8770937390868,
      "last_seen_ts_ns": 8830131636347
    },
    {
      "tgid": 3600,
      "comm": "containerd-shim",
      "cgroup_id": 4085,
      "wait_duration_stats_ns": {
        "count": 61.0,
        "sum": 227063465427.99997,
        "mean": 3722351892.262295,
        "median": 782947207.714227,
        "min": 656,
        "max": 29991512610,
        "variance_ns2": 4.0680492169295995e+19,
        "iqr_ns": 5631656149.68698,
        "q1_ns": 52178619.82060525,
        "q3_ns": 5683834769.507586
      },
      "futex_op_counts": {
        "128": 61
      },
      "first_seen_ts_ns": 8770934975247,
      "last_seen_ts_ns": 8830128785583
    },
    {
      "tgid": 2505,
      "comm": "kube-proxy",
      "cgroup_id": 5193,
      "wait_duration_stats_ns": {
        "count": 75.0,
        "sum": 209422400793.99994,
        "mean": 2792298677.2533326,
        "median": 1319197957.9414704,
        "min": 2494,
        "max": 29983360407,
        "variance_ns2": 2.672585164091703e+19,
        "iqr_ns": 4392956407.133155,
        "q1_ns": 27407893.96106267,
        "q3_ns": 4420364301.094217
      },
      "futex_op_counts": {
        "128": 75
      },
      "first_seen_ts_ns": 8770029345207,
      "last_seen_ts_ns": 8830025150396
    },
    {
      "tgid": 6385,
      "comm": "manager",
      "cgroup_id": 6753,
      "wait_duration_stats_ns": {
        "count": 496.0,
        "sum": 195502115928.99994,
        "mean": 394157491.7923386,
        "median": 393565297.56398994,
        "min": 105565,
        "max": 4989629157,
        "variance_ns2": 3.847313669342192e+17,
        "iqr_ns": 457173034.33420825,
        "q1_ns": 42240253.48793989,
        "q3_ns": 499413287.82214814
      },
      "futex_op_counts": {
        "128": 496
      },
      "first_seen_ts_ns": 8762778197201,
      "last_seen_ts_ns": 8830778667910
    },
    {
      "tgid": 2890,
      "comm": "controller",
      "cgroup_id": 5361,
      "wait_duration_stats_ns": {
        "count": 293.0,
        "sum": 194141824960.0,
        "mean": 662600085.1877133,
        "median": 497300564.8503244,
        "min": 9427,
        "max": 10010405363,
        "variance_ns2": 1.5691606117861926e+18,
        "iqr_ns": 14328768.7757473,
        "q1_ns": 486814569.40194046,
        "q3_ns": 501143338.17768776
      },
      "futex_op_counts": {
        "128": 293
      },
      "first_seen_ts_ns": 8762978160905,
      "last_seen_ts_ns": 8830478869114
    },
    {
      "tgid": 2763,
      "comm": "aws-k8s-agent",
      "cgroup_id": 5277,
      "wait_duration_stats_ns": {
        "count": 231.0,
        "sum": 191354750734.0,
        "mean": 828375544.3030303,
        "median": 184538957.01434898,
        "min": 730,
        "max": 33789809800,
        "variance_ns2": 6.274069715795609e+18,
        "iqr_ns": 1109567916.2593713,
        "q1_ns": 775055.5195245335,
        "q3_ns": 1110342971.7788959
      },
      "futex_op_counts": {
        "128": 231
      },
      "first_seen_ts_ns": 8767691995489,
      "last_seen_ts_ns": 8830558794323
    },
    {
      "tgid": 2288,
      "comm": "ssm-agent-worke",
      "cgroup_id": 3429,
      "wait_duration_stats_ns": {
        "count": 110.0,
        "sum": 189997900140.0,
        "mean": 1727253637.6363635,
        "median": 1296164166.3300922,
        "min": 485,
        "max": 46472407679,
        "variance_ns2": 2.061439886749759e+19,
        "iqr_ns": 1510481759.5903635,
        "q1_ns": 432540163.45283985,
        "q3_ns": 1943021923.0432034
      },
      "futex_op_counts": {
        "128": 110
      },
      "first_seen_ts_ns": 8763987978624,
      "last_seen_ts_ns": 8830258224614
    },
    {
      "tgid": 2129,
      "comm": "amazon-ssm-agen",
      "cgroup_id": 3429,
      "wait_duration_stats_ns": {
        "count": 13.0,
        "sum": 3986657223.0,
        "mean": 306665940.2307692,
        "median": 62647584.52083333,
        "min": 15959,
        "max": 998125209,
        "variance_ns2": 2.2881691342277645e+17,
        "iqr_ns": 285847992.53742504,
        "q1_ns": 15589582.64,
        "q3_ns": 301437575.177425
      },
      "futex_op_counts": {
        "128": 13
      },
      "first_seen_ts_ns": 8797994030302,
      "last_seen_ts_ns": 8798994405326
    },
    {
      "tgid": 156525,
      "comm": "runc",
      "cgroup_id": 4085,
      "wait_duration_stats_ns": {
        "count": 287.0,
        "sum": 3757101584.999999,
        "mean": 13090946.289198603,
        "median": 2641845.3885182072,
        "min": 418,
        "max": 350178265,
        "variance_ns2": 2109494650297560.5,
        "iqr_ns": 18095064.18644407,
        "q1_ns": 45984.42670013438,
        "q3_ns": 18141048.613144204
      },
      "futex_op_counts": {
        "128": 287
      },
      "first_seen_ts_ns": 8790510052394,
      "last_seen_ts_ns": 8790950603740
    },
    {
      "tgid": 156382,
      "comm": "runc",
      "cgroup_id": 4085,
      "wait_duration_stats_ns": {
        "count": 303.0,
        "sum": 3436088768.9999995,
        "mean": 11340226.960396038,
        "median": 2420344.089622157,
        "min": 1206,
        "max": 400142624,
        "variance_ns2": 2135527544126776.2,
        "iqr_ns": 9734842.216799574,
        "q1_ns": 66906.26326488116,
        "q3_ns": 9801748.480064455
      },
      "futex_op_counts": {
        "128": 303
      },
      "first_seen_ts_ns": 8767175677044,
      "last_seen_ts_ns": 8767649817595
    },
    {
      "tgid": 156669,
      "comm": "runc",
      "cgroup_id": 4085,
      "wait_duration_stats_ns": {
        "count": 251.0,
        "sum": 3390196388.000001,
        "mean": 13506758.517928291,
        "median": 5246484.554290776,
        "min": 5144,
        "max": 290432573,
        "variance_ns2": 1614545870785145.8,
        "iqr_ns": 19916863.577620022,
        "q1_ns": 100837.10216214832,
        "q3_ns": 20017700.67978217
      },
      "futex_op_counts": {
        "128": 251
      },
      "first_seen_ts_ns": 8817180039980,
      "last_seen_ts_ns": 8817640593420
    },
    {
      "tgid": 156622,
      "comm": "runc",
      "cgroup_id": 4085,
      "wait_duration_stats_ns": {
        "count": 267.0,
        "sum": 3320116160.0000005,
        "mean": 12434891.985018728,
        "median": 3439482.4905973612,
        "min": 1584,
        "max": 380488156,
        "variance_ns2": 1779317828872735.0,
        "iqr_ns": 19812879.122401364,
        "q1_ns": 86368.27684871414,
        "q3_ns": 19899247.39925008
      },
      "futex_op_counts": {
        "128": 267
      },
      "first_seen_ts_ns": 8807200040322,
      "last_seen_ts_ns": 8807670841757
    },
    {
      "tgid": 156501,
      "comm": "runc",
      "cgroup_id": 4085,
      "wait_duration_stats_ns": {
        "count": 299.0,
        "sum": 3169188455.9999995,
        "mean": 10599292.494983276,
        "median": 2244026.818998182,
        "min": 1625,
        "max": 300405440,
        "variance_ns2": 1449255547803639.0,
        "iqr_ns": 13149443.663541343,
        "q1_ns": 48576.62541672135,
        "q3_ns": 13198020.288958065
      },
      "futex_op_counts": {
        "128": 299
      },
      "first_seen_ts_ns": 8787210046076,
      "last_seen_ts_ns": 8787650893153
    },
    {
      "tgid": 156550,
      "comm": "runc",
      "cgroup_id": 4085,
      "wait_duration_stats_ns": {
        "count": 238.0,
        "sum": 2483604316.0000005,
        "mean": 10435312.252100842,
        "median": 2962542.737193938,
        "min": 2855,
        "max": 320451937,
        "variance_ns2": 1625742329417180.2,
        "iqr_ns": 13429808.140516963,
        "q1_ns": 104400.81088784849,
        "q3_ns": 13534208.951404812
      },
      "futex_op_counts": {
        "128": 238
      },
      "first_seen_ts_ns": 8797180196125,
      "last_seen_ts_ns": 8797580752321
    },
    {
      "tgid": 156694,
      "comm": "runc",
      "cgroup_id": 4085,
      "wait_duration_stats_ns": {
        "count": 237.0,
        "sum": 2285142146.999999,
        "mean": 9641949.987341769,
        "median": 2119264.9427250517,
        "min": 2142,
        "max": 301668361,
        "variance_ns2": 1349723501593558.2,
        "iqr_ns": 5098659.813478365,
        "q1_ns": 58720.357235868345,
        "q3_ns": 5157380.170714233
      },
      "futex_op_counts": {
        "128": 237
      },
      "first_seen_ts_ns": 8820470593429,
      "last_seen_ts_ns": 8820841806683
    },
    {
      "tgid": 156576,
      "comm": "runc",
      "cgroup_id": 4085,
      "wait_duration_stats_ns": {
        "count": 234.0,
        "sum": 1897572424.0,
        "mean": 8109283.863247863,
        "median": 422031.19003834587,
        "min": 5144,
        "max": 231183474,
        "variance_ns2": 855179403358642.4,
        "iqr_ns": 23400940.318083562,
        "q1_ns": 73364.52994661403,
        "q3_ns": 23474304.848030176
      },
      "futex_op_counts": {
        "128": 234
      },
      "first_seen_ts_ns": 8800490172853,
      "last_seen_ts_ns": 8800832491852
    },
    {
      "tgid": 156646,
      "comm": "runc",
      "cgroup_id": 4085,
      "wait_duration_stats_ns": {
        "count": 308.0,
        "sum": 1725828115.0,
        "mean": 5603338.035714285,
        "median": 767558.9756162796,
        "min": 6654,
        "max": 197638151,
        "variance_ns2": 618877058267743.6,
        "iqr_ns": 4919652.36235678,
        "q1_ns": 35695.86075069331,
        "q3_ns": 4955348.223107473
      },
      "futex_op_counts": {
        "128": 308
      },
      "first_seen_ts_ns": 8810490042139,
      "last_seen_ts_ns": 8810770650577
    },
    {
      "tgid": 156458,
      "comm": "runc",
      "cgroup_id": 4085,
      "wait_duration_stats_ns": {
        "count": 290.0,
        "sum": 1713229122.0000007,
        "mean": 5907686.627586209,
        "median": 1848461.231353089,
        "min": 5481,
        "max": 230328771,
        "variance_ns2": 497825878970511.06,
        "iqr_ns": 13391566.522377105,
        "q1_ns": 40732.61473447051,
        "q3_ns": 13432299.137111576
      },
      "futex_op_counts": {
        "128": 290
      },
      "first_seen_ts_ns": 8780480191685,
      "last_seen_ts_ns": 8780740575177
    },
    {
      "tgid": 156432,
      "comm": "runc",
      "cgroup_id": 4085,
      "wait_duration_stats_ns": {
        "count": 222.0,
        "sum": 1705920950.0000002,
        "mean": 7684328.603603604,
        "median": 391436.89160780807,
        "min": 5637,
        "max": 159569288,
        "variance_ns2": 1010681897993184.8,
        "iqr_ns": 5985043.573037794,
        "q1_ns": 49049.63363118675,
        "q3_ns": 6034093.20666898
      },
      "futex_op_counts": {
        "128": 222
      },
      "first_seen_ts_ns": 8777180030520,
      "last_seen_ts_ns": 8777390041351
    },
    {
      "tgid": 156538,
      "comm": "runc:[2:INIT]",
      "cgroup_id": 5277,
      "wait_duration_stats_ns": {
        "count": 26.0,
        "sum": 1043880647.0,
        "mean": 40149255.65384615,
        "median": 20505691.276238192,
        "min": 4747306,
        "max": 169946651,
        "variance_ns2": 2777573418649351.0,
        "iqr_ns": 16468326.603781324,
        "q1_ns": 10792415.948103238,
        "q3_ns": 27260742.55188456
      },
      "futex_op_counts": {
        "128": 26
      },
      "first_seen_ts_ns": 8790760043794,
      "last_seen_ts_ns": 8790960054217
    },
    {
      "tgid": 156408,
      "comm": "runc",
      "cgroup_id": 4085,
      "wait_duration_stats_ns": {
        "count": 228.0,
        "sum": 1004694985.9999999,
        "mean": 4406556.956140351,
        "median": 255710.7143063621,
        "min": 550,
        "max": 144971464,
        "variance_ns2": 373179633512551.5,
        "iqr_ns": 1944623.2314752187,
        "q1_ns": 29377.957323775045,
        "q3_ns": 1974001.1887989938
      },
      "futex_op_counts": {
        "128": 228
      },
      "first_seen_ts_ns": 8770490040698,
      "last_seen_ts_ns": 8770640749650
    },
    {
      "tgid": 156681,
      "comm": "runc:[2:INIT]",
      "cgroup_id": 5277,
      "wait_duration_stats_ns": {
        "count": 24.0,
        "sum": 968281284.0,
        "mean": 40345053.5,
        "median": 22313361.7427907,
        "min": 18158,
        "max": 139956115,
        "variance_ns2": 1674575139864512.2,
        "iqr_ns": 26146256.000460997,
        "q1_ns": 17138284.150453478,
        "q3_ns": 43284540.150914475
      },
      "futex_op_counts": {
        "128": 24
      },
      "first_seen_ts_ns": 8817450045471,
      "last_seen_ts_ns": 8817650043925
    },
    {
      "tgid": 156634,
      "comm": "runc:[2:INIT]",
      "cgroup_id": 5277,
      "wait_duration_stats_ns": {
        "count": 30.0,
        "sum": 909689856.0000001,
        "mean": 30322995.200000003,
        "median": 16799882.904588763,
        "min": 8000,
        "max": 149932416,
        "variance_ns2": 1807731706464083.5,
        "iqr_ns": 28680181.621500272,
        "q1_ns": 9627798.27135868,
        "q3_ns": 38307979.89285895
      },
      "futex_op_counts": {
        "128": 30
      },
      "first_seen_ts_ns": 8807500106543,
      "last_seen_ts_ns": 8807690058373
    },
    {
      "tgid": 156394,
      "comm": "runc:[2:INIT]",
      "cgroup_id": 5277,
      "wait_duration_stats_ns": {
        "count": 24.0,
        "sum": 787027074.0,
        "mean": 32792794.75,
        "median": 16959575.400742885,
        "min": 16829,
        "max": 159694471,
        "variance_ns2": 2127153190887080.2,
        "iqr_ns": 24056885.775834266,
        "q1_ns": 7556115.123886764,
        "q3_ns": 31613000.89972103
      },
      "futex_op_counts": {
        "128": 24
      },
      "first_seen_ts_ns": 8767455405380,
      "last_seen_ts_ns": 8767660038689
    },
    {
      "tgid": 156513,
      "comm": "runc:[2:INIT]",
      "cgroup_id": 5277,
      "wait_duration_stats_ns": {
        "count": 28.0,
        "sum": 747969831.0,
        "mean": 26713208.25,
        "median": 9689391.903214553,
        "min": 318450,
        "max": 125073097,
        "variance_ns2": 1300107938018890.0,
        "iqr_ns": 24535061.655328516,
        "q1_ns": 10550864.630014505,
        "q3_ns": 35085926.28534302
      },
      "futex_op_counts": {
        "128": 28
      },
      "first_seen_ts_ns": 8787500038655,
      "last_seen_ts_ns": 8787670039812
    },
    {
      "tgid": 156561,
      "comm": "runc:[2:INIT]",
      "cgroup_id": 5277,
      "wait_duration_stats_ns": {
        "count": 26.0,
        "sum": 723650189.0000001,
        "mean": 27832699.57692308,
        "median": 14244866.61024226,
        "min": 29210,
        "max": 112570179,
        "variance_ns2": 1279287395236479.0,
        "iqr_ns": 21846252.76633585,
        "q1_ns": 6297169.671296296,
        "q3_ns": 28143422.437632143
      },
      "futex_op_counts": {
        "128": 26
      },
      "first_seen_ts_ns": 8797440238908,
      "last_seen_ts_ns": 8797581703948
    },
    {
      "tgid": 156587,
      "comm": "runc:[2:INIT]",
      "cgroup_id": 5277,
      "wait_duration_stats_ns": {
        "count": 25.0,
        "sum": 688681965.0,
        "mean": 27547278.6,
        "median": 10956177.226541271,
        "min": 1766412,
        "max": 129936979,
        "variance_ns2": 1121379201849667.4,
        "iqr_ns": 7170807.14113369,
        "q1_ns": 8973918.358950451,
        "q3_ns": 16144725.500084141
      },
      "futex_op_counts": {
        "128": 25
      },
      "first_seen_ts_ns": 8800700038709,
      "last_seen_ts_ns": 8800850087479
    },
    {
      "tgid": 156705,
      "comm": "runc:[2:INIT]",
      "cgroup_id": 5277,
      "wait_duration_stats_ns": {
        "count": 24.0,
        "sum": 673754599.9999999,
        "mean": 28073108.33333333,
        "median": 10240570.868010692,
        "min": 60372,
        "max": 139799154,
        "variance_ns2": 1887224113564788.5,
        "iqr_ns": 34368856.93547609,
        "q1_ns": 3327600.3081349204,
        "q3_ns": 37696457.24361101
      },
      "futex_op_counts": {
        "128": 24
      },
      "first_seen_ts_ns": 8820710046560,
      "last_seen_ts_ns": 8820860051133
    },
    {
      "tgid": 156469,
      "comm": "runc:[2:INIT]",
      "cgroup_id": 5277,
      "wait_duration_stats_ns": {
        "count": 24.0,
        "sum": 637686248.0,
        "mean": 26570260.333333336,
        "median": 13572593.838005684,
        "min": 21153,
        "max": 92769270,
        "variance_ns2": 905215963253059.0,
        "iqr_ns": 35211364.4331929,
        "q1_ns": 5995377.341268862,
        "q3_ns": 41206741.77446176
      },
      "futex_op_counts": {
        "128": 24
      },
      "first_seen_ts_ns": 8780615451518,
      "last_seen_ts_ns": 8780760094710
    },
    {
      "tgid": 156657,
      "comm": "runc:[2:INIT]",
      "cgroup_id": 5277,
      "wait_duration_stats_ns": {
        "count": 26.0,
        "sum": 627123740.0,
        "mean": 24120143.846153844,
        "median": 14201582.308100991,
        "min": 45275,
        "max": 99836511,
        "variance_ns2": 585241917796821.9,
        "iqr_ns": 18302259.98241882,
        "q1_ns": 8489754.827654146,
        "q3_ns": 26792014.810072966
      },
      "futex_op_counts": {
        "128": 26
      },
      "first_seen_ts_ns": 8810640043460,
      "last_seen_ts_ns": 8810780081600
    },
    {
      "tgid": 156993,
      "comm": "runc",
      "cgroup_id": 4085,
      "wait_duration_stats_ns": {
        "count": 392.0,
        "sum": 545762174.0000001,
        "mean": 1392250.4438775515,
        "median": 87865.4101403905,
        "min": 508,
        "max": 79061030,
        "variance_ns2": 89741762284010.47,
        "iqr_ns": 341553.8863811904,
        "q1_ns": 30695.067564921923,
        "q3_ns": 372248.9539461123
      },
      "futex_op_counts": {
        "128": 392
      },
      "first_seen_ts_ns": 8830471028783,
      "last_seen_ts_ns": 8830553408973
    },
    {
      "tgid": 156446,
      "comm": "runc:[2:INIT]",
      "cgroup_id": 5277,
      "wait_duration_stats_ns": {
        "count": 25.0,
        "sum": 537369223.9999999,
        "mean": 21494768.959999997,
        "median": 4522785.5513770385,
        "min": 17534,
        "max": 119953545,
        "variance_ns2": 1391377489436474.2,
        "iqr_ns": 6687593.691916582,
        "q1_ns": 390751.0901262936,
        "q3_ns": 7078344.782042876
      },
      "futex_op_counts": {
        "128": 25
      },
      "first_seen_ts_ns": 8777250045625,
      "last_seen_ts_ns": 8777400030671
    },
    {
      "tgid": 156419,
      "comm": "runc:[2:INIT]",
      "cgroup_id": 5277,
      "wait_duration_stats_ns": {
        "count": 25.0,
        "sum": 511450672.00000006,
        "mean": 20458026.880000003,
        "median": 12710528.236316811,
        "min": 14515,
        "max": 84098715,
        "variance_ns2": 568833038317383.9,
        "iqr_ns": 18868855.61880305,
        "q1_ns": 3546010.6281481492,
        "q3_ns": 22414866.2469512
      },
      "futex_op_counts": {
        "128": 25
      },
      "first_seen_ts_ns": 8770517429899,
      "last_seen_ts_ns": 8770660036958
    },
    {
      "tgid": 157004,
      "comm": "runc:[2:INIT]",
      "cgroup_id": 5277,
      "wait_duration_stats_ns": {
        "count": 23.0,
        "sum": 357838147.00000006,
        "mean": 15558180.30434783,
        "median": 2665604.262762939,
        "min": 24902,
        "max": 71932897,
        "variance_ns2": 872753653887126.8,
        "iqr_ns": 24885350.596159097,
        "q1_ns": 265733.9448413351,
        "q3_ns": 25151084.541000433
      },
      "futex_op_counts": {
        "128": 23
      },
      "first_seen_ts_ns": 8830480918467,
      "last_seen_ts_ns": 8830553414577
    },
    {
      "tgid": 156538,
      "comm": "grpc-health-pro",
      "cgroup_id": 5277,
      "wait_duration_stats_ns": {
        "count": 20.0,
        "sum": 289689291.0,
        "mean": 14484464.55,
        "median": 12812716.265527777,
        "min": 8591,
        "max": 39256163,
        "variance_ns2": 158198856360220.38,
        "iqr_ns": 18221181.694011018,
        "q1_ns": 5132874.133333333,
        "q3_ns": 23354055.82734435
      },
      "futex_op_counts": {
        "128": 20
      },
      "first_seen_ts_ns": 8790978315562,
      "last_seen_ts_ns": 8791050065673
    },
    {
      "tgid": 156922,
      "comm": "runc",
      "cgroup_id": 4085,
      "wait_duration_stats_ns": {
        "count": 418.0,
        "sum": 288194538.99999994,
        "mean": 689460.6196172248,
        "median": 52090.713821008874,
        "min": 574,
        "max": 48976118,
        "variance_ns2": 24548736685723.227,
        "iqr_ns": 211047.47816673398,
        "q1_ns": 24377.06473802601,
        "q3_ns": 235424.54290476
      },
      "futex_op_counts": {
        "128": 418
      },
      "first_seen_ts_ns": 8827170966235,
      "last_seen_ts_ns": 8827223117558
    },
    {
      "tgid": 156657,
      "comm": "grpc-health-pro",
      "cgroup_id": 5277,
      "wait_duration_stats_ns": {
        "count": 14.0,
        "sum": 247516221.0,
        "mean": 17679730.07142857,
        "median": 18350266.14486111,
        "min": 3331,
        "max": 29926538,
        "variance_ns2": 61314798730120.055,
        "iqr_ns": 11224613.110520467,
        "q1_ns": 10726477.75,
        "q3_ns": 21951090.860520467
      },
      "futex_op_counts": {
        "128": 14
      },
      "first_seen_ts_ns": 8810810043969,
      "last_seen_ts_ns": 8810870140994
    },
    {
      "tgid": 156681,
      "comm": "grpc-health-pro",
      "cgroup_id": 5277,
      "wait_duration_stats_ns": {
        "count": 15.0,
        "sum": 219739929.00000003,
        "mean": 14649328.600000001,
        "median": 13016055.193263892,
        "min": 8295,
        "max": 29979577,
        "variance_ns2": 131181665793327.38,
        "iqr_ns": 18785540.728877354,
        "q1_ns": 2312173.188666667,
        "q3_ns": 21097713.917544022
      },
      "futex_op_counts": {
        "128": 15
      },
      "first_seen_ts_ns": 8817680043777,
      "last_seen_ts_ns": 8817720035956
    },
    {
      "tgid": 156932,
      "comm": "runc:[2:INIT]",
      "cgroup_id": 5277,
      "wait_duration_stats_ns": {
        "count": 22.0,
        "sum": 207049050.99999997,
        "mean": 9411320.499999998,
        "median": 1007768.18950491,
        "min": 886,
        "max": 41803851,
        "variance_ns2": 295153058016705.4,
        "iqr_ns": 3502094.8227619254,
        "q1_ns": 77225.28768914353,
        "q3_ns": 3579320.1104510687
      },
      "futex_op_counts": {
        "128": 22
      },
      "first_seen_ts_ns": 8827180813410,
      "last_seen_ts_ns": 8827223012871
    },
    {
      "tgid": 156469,
      "comm": "grpc-health-pro",
      "cgroup_id": 5277,
      "wait_duration_stats_ns": {
        "count": 12.0,
        "sum": 190027945.0,
        "mean": 15835662.083333334,
        "median": 13889524.0,
        "min": 185005,
        "max": 30007370,
        "variance_ns2": 109494804273596.27,
        "iqr_ns": 11787484.066666665,
        "q1_ns": 8236079.583333334,
        "q3_ns": 20023563.65
      },
      "futex_op_counts": {
        "128": 12
      },
      "first_seen_ts_ns": 8780790045975,
      "last_seen_ts_ns": 8780830153991
    },
    {
      "tgid": 156634,
      "comm": "grpc-health-pro",
      "cgroup_id": 5277,
      "wait_duration_stats_ns": {
        "count": 11.0,
        "sum": 176215138.0,
        "mean": 16019558.0,
        "median": 12069195.54861111,
        "min": 2945,
        "max": 39861403,
        "variance_ns2": 102721740347010.78,
        "iqr_ns": 9791363.878472222,
        "q1_ns": 9158178.666666666,
        "q3_ns": 18949542.545138888
      },
      "futex_op_counts": {
        "128": 11
      },
      "first_seen_ts_ns": 8807720042353,
      "last_seen_ts_ns": 8807760055425
    },
    {
      "tgid": 156394,
      "comm": "grpc-health-pro",
      "cgroup_id": 5277,
      "wait_duration_stats_ns": {
        "count": 17.0,
        "sum": 162753992.0,
        "mean": 9573764.235294119,
        "median": 9736185.033737244,
        "min": 9001,
        "max": 20061830,
        "variance_ns2": 58732044403229.19,
        "iqr_ns": 11468869.132051859,
        "q1_ns": 1500512.139623751,
        "q3_ns": 12969381.27167561
      },
      "futex_op_counts": {
        "128": 17
      },
      "first_seen_ts_ns": 8767665076777,
      "last_seen_ts_ns": 8767707455849
    },
    {
      "tgid": 156561,
      "comm": "grpc-health-pro",
      "cgroup_id": 5277,
      "wait_duration_stats_ns": {
        "count": 13.0,
        "sum": 121898655.99999997,
        "mean": 9376819.69230769,
        "median": 9349101.31972789,
        "min": 268105,
        "max": 21927795,
        "variance_ns2": 65237012991386.21,
        "iqr_ns": 16644485.197139759,
        "q1_ns": 3065654.5502676507,
        "q3_ns": 19710139.74740741
      },
      "futex_op_counts": {
        "128": 13
      },
      "first_seen_ts_ns": 8797592094869,
      "last_seen_ts_ns": 8797622711852
    },
    {
      "tgid": 156419,
      "comm": "grpc-health-pro",
      "cgroup_id": 5277,
      "wait_duration_stats_ns": {
        "count": 11.0,
        "sum": 113703557.0,
        "mean": 10336687.0,
        "median": 11244777.0,
        "min": 8754,
        "max": 19944607,
        "variance_ns2": 45934568887396.61,
        "iqr_ns": 10636617.666666664,
        "q1_ns": 5302244.666666667,
        "q3_ns": 15938862.333333332
      },
      "futex_op_counts": {
        "128": 11
      },
      "first_seen_ts_ns": 8770690037355,
      "last_seen_ts_ns": 8770706684866
    },
    {
      "tgid": 156513,
      "comm": "grpc-health-pro",
      "cgroup_id": 5277,
      "wait_duration_stats_ns": {
        "count": 11.0,
        "sum": 90941248.00000001,
        "mean": 8267386.1818181835,
        "median": 8936851.377777778,
        "min": 91854,
        "max": 18825944,
        "variance_ns2": 43789318865810.76,
        "iqr_ns": 7235601.888888888,
        "q1_ns": 4214623.88888889,
        "q3_ns": 11450225.777777778
      },
      "futex_op_counts": {
        "128": 11
      },
      "first_seen_ts_ns": 8787700034121,
      "last_seen_ts_ns": 8787720080101
    },
    {
      "tgid": 156587,
      "comm": "grpc-health-pro",
      "cgroup_id": 5277,
      "wait_duration_stats_ns": {
        "count": 9.0,
        "sum": 85851370.0,
        "mean": 9539041.111111112,
        "median": 11944801.833333334,
        "min": 5530,
        "max": 19290714,
        "variance_ns2": 58786038210758.86,
        "iqr_ns": 9954722.166666666,
        "q1_ns": 3687477.5,
        "q3_ns": 13642199.666666666
      },
      "futex_op_counts": {
        "128": 9
      },
      "first_seen_ts_ns": 8800870042877,
      "last_seen_ts_ns": 8800890056538
    },
    {
      "tgid": 156705,
      "comm": "grpc-health-pro",
      "cgroup_id": 5277,
      "wait_duration_stats_ns": {
        "count": 9.0,
        "sum": 73456691.0,
        "mean": 8161854.555555555,
        "median": 6376060.333333333,
        "min": 12177,
        "max": 19848856,
        "variance_ns2": 57604957981489.79,
        "iqr_ns": 10270064.402777778,
        "q1_ns": 1492277.0,
        "q3_ns": 11762341.402777778
      },
      "futex_op_counts": {
        "128": 9
      },
      "first_seen_ts_ns": 8820890036232,
      "last_seen_ts_ns": 8820900034147
    },
    {
      "tgid": 156446,
      "comm": "grpc-health-pro",
      "cgroup_id": 5277,
      "wait_duration_stats_ns": {
        "count": 11.0,
        "sum": 65318925.00000001,
        "mean": 5938084.090909092,
        "median": 4737315.166666667,
        "min": 24131,
        "max": 19857504,
        "variance_ns2": 47872334627046.89,
        "iqr_ns": 6057046.524305555,
        "q1_ns": 941966.6666666667,
        "q3_ns": 6999013.190972222
      },
      "futex_op_counts": {
        "128": 11
      },
      "first_seen_ts_ns": 8777430042965,
      "last_seen_ts_ns": 8777440030866
    },
    {
      "tgid": 157004,
      "comm": "grpc-health-pro",
      "cgroup_id": 5277,
      "wait_duration_stats_ns": {
        "count": 30.0,
        "sum": 12958479.000000002,
        "mean": 431949.30000000005,
        "median": 132895.7969958293,
        "min": 20045,
        "max": 1942016,
        "variance_ns2": 352020591148.562,
        "iqr_ns": 401040.99061479437,
        "q1_ns": 58887.371456539906,
        "q3_ns": 459928.36207133427
      },
      "futex_op_counts": {
        "128": 30
      },
      "first_seen_ts_ns": 8830555534058,
      "last_seen_ts_ns": 8830558797990
    },
    {
      "tgid": 156932,
      "comm": "grpc-health-pro",
      "cgroup_id": 5277,
      "wait_duration_stats_ns": {
        "count": 40.0,
        "sum": 12570555.0,
        "mean": 314263.875,
        "median": 79750.43685903559,
        "min": 1493,
        "max": 1742159,
        "variance_ns2": 253314181470.98404,
        "iqr_ns": 249907.84192203864,
        "q1_ns": 33039.99481038809,
        "q3_ns": 282947.8367324267
      },
      "futex_op_counts": {
        "128": 40
      },
      "first_seen_ts_ns": 8827225029535,
      "last_seen_ts_ns": 8827228124265
    },
    {
      "tgid": 156234,
      "comm": "flux-broker-0",
      "cgroup_id": 76718,
      "wait_duration_stats_ns": {
        "count": 19.0,
        "sum": 130204.00000000001,
        "mean": 6852.842105263158,
        "median": 3223.393604695992,
        "min": 739,
        "max": 55564,
        "variance_ns2": 169982421.9181286,
        "iqr_ns": 1009.3943296222806,
        "q1_ns": 2549.100114822164,
        "q3_ns": 3558.4944444444445
      },
      "futex_op_counts": {
        "128": 19
      },
      "first_seen_ts_ns": 8766946460450,
      "last_seen_ts_ns": 8830924356124
    },
    {
      "tgid": 156378,
      "comm": "xhpcg",
      "cgroup_id": 76718,
      "wait_duration_stats_ns": {
        "count": 1.0,
        "sum": 30399.0,
        "mean": 30399.0,
        "median": 30399.0,
        "min": 30399,
        "max": 30399,
        "variance_ns2": null,
        "iqr_ns": 0.0,
        "q1_ns": 30399.0,
        "q3_ns": 30399.0
      },
      "futex_op_counts": {
        "128": 1
      },
      "first_seen_ts_ns": 8784204113115,
      "last_seen_ts_ns": 8784204113115
    },
    {
      "tgid": 156607,
      "comm": "xhpcg",
      "cgroup_id": 76718,
      "wait_duration_stats_ns": {
        "count": 1.0,
        "sum": 12709.0,
        "mean": 12709.0,
        "median": 12709.0,
        "min": 12709,
        "max": 12709,
        "variance_ns2": null,
        "iqr_ns": 0.0,
        "q1_ns": 12709.0,
        "q3_ns": 12709.0
      },
      "futex_op_counts": {
        "128": 1
      },
      "first_seen_ts_ns": 8822218569656,
      "last_seen_ts_ns": 8822218569656
    },
    {
      "tgid": 156368,
      "comm": "xhpcg",
      "cgroup_id": 76718,
      "wait_duration_stats_ns": {
        "count": 1.0,
        "sum": 12513.0,
        "mean": 12513.0,
        "median": 12513.0,
        "min": 12513,
        "max": 12513,
        "variance_ns2": null,
        "iqr_ns": 0.0,
        "q1_ns": 12513.0,
        "q3_ns": 12513.0
      },
      "futex_op_counts": {
        "128": 1
      },
      "first_seen_ts_ns": 8784205099302,
      "last_seen_ts_ns": 8784205099302
    },
    {
      "tgid": 156487,
      "comm": "xhpcg",
      "cgroup_id": 76718,
      "wait_duration_stats_ns": {
        "count": 1.0,
        "sum": 10855.0,
        "mean": 10855.0,
        "median": 10855.0,
        "min": 10855,
        "max": 10855,
        "variance_ns2": null,
        "iqr_ns": 0.0,
        "q1_ns": 10855.0,
        "q3_ns": 10855.0
      },
      "futex_op_counts": {
        "128": 1
      },
      "first_seen_ts_ns": 8802843388664,
      "last_seen_ts_ns": 8802843388664
    },
    {
      "tgid": 156489,
      "comm": "xhpcg",
      "cgroup_id": 76718,
      "wait_duration_stats_ns": {
        "count": 1.0,
        "sum": 10806.0,
        "mean": 10806.0,
        "median": 10806.0,
        "min": 10806,
        "max": 10806,
        "variance_ns2": null,
        "iqr_ns": 0.0,
        "q1_ns": 10806.0,
        "q3_ns": 10806.0
      },
      "futex_op_counts": {
        "128": 1
      },
      "first_seen_ts_ns": 8802842816147,
      "last_seen_ts_ns": 8802842816147
    },
    {
      "tgid": 156369,
      "comm": "xhpcg",
      "cgroup_id": 76718,
      "wait_duration_stats_ns": {
        "count": 1.0,
        "sum": 10757.0,
        "mean": 10757.0,
        "median": 10757.0,
        "min": 10757,
        "max": 10757,
        "variance_ns2": null,
        "iqr_ns": 0.0,
        "q1_ns": 10757.0,
        "q3_ns": 10757.0
      },
      "futex_op_counts": {
        "128": 1
      },
      "first_seen_ts_ns": 8784205047914,
      "last_seen_ts_ns": 8784205047914
    },
    {
      "tgid": 156491,
      "comm": "xhpcg",
      "cgroup_id": 76718,
      "wait_duration_stats_ns": {
        "count": 1.0,
        "sum": 10355.0,
        "mean": 10355.0,
        "median": 10355.0,
        "min": 10355,
        "max": 10355,
        "variance_ns2": null,
        "iqr_ns": 0.0,
        "q1_ns": 10355.0,
        "q3_ns": 10355.0
      },
      "futex_op_counts": {
        "128": 1
      },
      "first_seen_ts_ns": 8802842397941,
      "last_seen_ts_ns": 8802842397941
    },
    {
      "tgid": 156612,
      "comm": "xhpcg",
      "cgroup_id": 76718,
      "wait_duration_stats_ns": {
        "count": 1.0,
        "sum": 10075.0,
        "mean": 10075.0,
        "median": 10075.0,
        "min": 10075,
        "max": 10075,
        "variance_ns2": null,
        "iqr_ns": 0.0,
        "q1_ns": 10075.0,
        "q3_ns": 10075.0
      },
      "futex_op_counts": {
        "128": 1
      },
      "first_seen_ts_ns": 8822218591407,
      "last_seen_ts_ns": 8822218591407
    },
    {
      "tgid": 156610,
      "comm": "xhpcg",
      "cgroup_id": 76718,
      "wait_duration_stats_ns": {
        "count": 1.0,
        "sum": 9707.0,
        "mean": 9707.0,
        "median": 9707.0,
        "min": 9707,
        "max": 9707,
        "variance_ns2": null,
        "iqr_ns": 0.0,
        "q1_ns": 9707.0,
        "q3_ns": 9707.0
      },
      "futex_op_counts": {
        "128": 1
      },
      "first_seen_ts_ns": 8822217715684,
      "last_seen_ts_ns": 8822217715684
    },
    {
      "tgid": 156485,
      "comm": "xhpcg",
      "cgroup_id": 76718,
      "wait_duration_stats_ns": {
        "count": 1.0,
        "sum": 9690.0,
        "mean": 9690.0,
        "median": 9690.0,
        "min": 9690,
        "max": 9690,
        "variance_ns2": null,
        "iqr_ns": 0.0,
        "q1_ns": 9690.0,
        "q3_ns": 9690.0
      },
      "futex_op_counts": {
        "128": 1
      },
      "first_seen_ts_ns": 8802842811232,
      "last_seen_ts_ns": 8802842811232
    },
    {
      "tgid": 156366,
      "comm": "xhpcg",
      "cgroup_id": 76718,
      "wait_duration_stats_ns": {
        "count": 1.0,
        "sum": 9584.0,
        "mean": 9584.0,
        "median": 9584.0,
        "min": 9584,
        "max": 9584,
        "variance_ns2": null,
        "iqr_ns": 0.0,
        "q1_ns": 9584.0,
        "q3_ns": 9584.0
      },
      "futex_op_counts": {
        "128": 1
      },
      "first_seen_ts_ns": 8784204718797,
      "last_seen_ts_ns": 8784204718797
    },
    {
      "tgid": 156608,
      "comm": "xhpcg",
      "cgroup_id": 76718,
      "wait_duration_stats_ns": {
        "count": 1.0,
        "sum": 9313.0,
        "mean": 9313.0,
        "median": 9313.0,
        "min": 9313,
        "max": 9313,
        "variance_ns2": null,
        "iqr_ns": 0.0,
        "q1_ns": 9313.0,
        "q3_ns": 9313.0
      },
      "futex_op_counts": {
        "128": 1
      },
      "first_seen_ts_ns": 8822218580651,
      "last_seen_ts_ns": 8822218580651
    },
    {
      "tgid": 156370,
      "comm": "xhpcg",
      "cgroup_id": 76718,
      "wait_duration_stats_ns": {
        "count": 1.0,
        "sum": 9116.0,
        "mean": 9116.0,
        "median": 9116.0,
        "min": 9116,
        "max": 9116,
        "variance_ns2": null,
        "iqr_ns": 0.0,
        "q1_ns": 9116.0,
        "q3_ns": 9116.0
      },
      "futex_op_counts": {
        "128": 1
      },
      "first_seen_ts_ns": 8784204514075,
      "last_seen_ts_ns": 8784204514075
    },
    {
      "tgid": 156377,
      "comm": "xhpcg",
      "cgroup_id": 76718,
      "wait_duration_stats_ns": {
        "count": 1.0,
        "sum": 8935.0,
        "mean": 8935.0,
        "median": 8935.0,
        "min": 8935,
        "max": 8935,
        "variance_ns2": null,
        "iqr_ns": 0.0,
        "q1_ns": 8935.0,
        "q3_ns": 8935.0
      },
      "futex_op_counts": {
        "128": 1
      },
      "first_seen_ts_ns": 8784206363628,
      "last_seen_ts_ns": 8784206363628
    },
    {
      "tgid": 156606,
      "comm": "xhpcg",
      "cgroup_id": 76718,
      "wait_duration_stats_ns": {
        "count": 1.0,
        "sum": 8739.0,
        "mean": 8739.0,
        "median": 8739.0,
        "min": 8739,
        "max": 8739,
        "variance_ns2": null,
        "iqr_ns": 0.0,
        "q1_ns": 8739.0,
        "q3_ns": 8739.0
      },
      "futex_op_counts": {
        "128": 1
      },
      "first_seen_ts_ns": 8822218275369,
      "last_seen_ts_ns": 8822218275369
    },
    {
      "tgid": 156496,
      "comm": "xhpcg",
      "cgroup_id": 76718,
      "wait_duration_stats_ns": {
        "count": 1.0,
        "sum": 8705.0,
        "mean": 8705.0,
        "median": 8705.0,
        "min": 8705,
        "max": 8705,
        "variance_ns2": null,
        "iqr_ns": 0.0,
        "q1_ns": 8705.0,
        "q3_ns": 8705.0
      },
      "futex_op_counts": {
        "128": 1
      },
      "first_seen_ts_ns": 8802842413374,
      "last_seen_ts_ns": 8802842413374
    },
    {
      "tgid": 156375,
      "comm": "xhpcg",
      "cgroup_id": 76718,
      "wait_duration_stats_ns": {
        "count": 1.0,
        "sum": 8640.0,
        "mean": 8640.0,
        "median": 8640.0,
        "min": 8640,
        "max": 8640,
        "variance_ns2": null,
        "iqr_ns": 0.0,
        "q1_ns": 8640.0,
        "q3_ns": 8640.0
      },
      "futex_op_counts": {
        "128": 1
      },
      "first_seen_ts_ns": 8784204464788,
      "last_seen_ts_ns": 8784204464788
    },
    {
      "tgid": 156367,
      "comm": "xhpcg",
      "cgroup_id": 76718,
      "wait_duration_stats_ns": {
        "count": 1.0,
        "sum": 8246.0,
        "mean": 8246.0,
        "median": 8246.0,
        "min": 8246,
        "max": 8246,
        "variance_ns2": null,
        "iqr_ns": 0.0,
        "q1_ns": 8246.0,
        "q3_ns": 8246.0
      },
      "futex_op_counts": {
        "128": 1
      },
      "first_seen_ts_ns": 8784204489033,
      "last_seen_ts_ns": 8784204489033
    },
    {
      "tgid": 156604,
      "comm": "xhpcg",
      "cgroup_id": 76718,
      "wait_duration_stats_ns": {
        "count": 1.0,
        "sum": 8180.0,
        "mean": 8180.0,
        "median": 8180.0,
        "min": 8180,
        "max": 8180,
        "variance_ns2": null,
        "iqr_ns": 0.0,
        "q1_ns": 8180.0,
        "q3_ns": 8180.0
      },
      "futex_op_counts": {
        "128": 1
      },
      "first_seen_ts_ns": 8822218612420,
      "last_seen_ts_ns": 8822218612420
    },
    {
      "tgid": 1959,
      "comm": "auditd",
      "cgroup_id": 2439,
      "wait_duration_stats_ns": {
        "count": 1.0,
        "sum": 8131.0,
        "mean": 8131.0,
        "median": 8131.0,
        "min": 8131,
        "max": 8131,
        "variance_ns2": null,
        "iqr_ns": 0.0,
        "q1_ns": 8131.0,
        "q3_ns": 8131.0
      },
      "futex_op_counts": {
        "128": 1
      },
      "first_seen_ts_ns": 8767099058971,
      "last_seen_ts_ns": 8767099058971
    },
    {
      "tgid": 156605,
      "comm": "xhpcg",
      "cgroup_id": 76718,
      "wait_duration_stats_ns": {
        "count": 1.0,
        "sum": 8115.0,
        "mean": 8115.0,
        "median": 8115.0,
        "min": 8115,
        "max": 8115,
        "variance_ns2": null,
        "iqr_ns": 0.0,
        "q1_ns": 8115.0,
        "q3_ns": 8115.0
      },
      "futex_op_counts": {
        "128": 1
      },
      "first_seen_ts_ns": 8822218279537,
      "last_seen_ts_ns": 8822218279537
    },
    {
      "tgid": 156488,
      "comm": "xhpcg",
      "cgroup_id": 76718,
      "wait_duration_stats_ns": {
        "count": 1.0,
        "sum": 8090.0,
        "mean": 8090.0,
        "median": 8090.0,
        "min": 8090,
        "max": 8090,
        "variance_ns2": null,
        "iqr_ns": 0.0,
        "q1_ns": 8090.0,
        "q3_ns": 8090.0
      },
      "futex_op_counts": {
        "128": 1
      },
      "first_seen_ts_ns": 8802843398346,
      "last_seen_ts_ns": 8802843398346
    },
    {
      "tgid": 156614,
      "comm": "xhpcg",
      "cgroup_id": 76718,
      "wait_duration_stats_ns": {
        "count": 1.0,
        "sum": 7958.0,
        "mean": 7958.0,
        "median": 7958.0,
        "min": 7958,
        "max": 7958,
        "variance_ns2": null,
        "iqr_ns": 0.0,
        "q1_ns": 7958.0,
        "q3_ns": 7958.0
      },
      "futex_op_counts": {
        "128": 1
      },
      "first_seen_ts_ns": 8822217715708,
      "last_seen_ts_ns": 8822217715708
    },
    {
      "tgid": 156486,
      "comm": "xhpcg",
      "cgroup_id": 76718,
      "wait_duration_stats_ns": {
        "count": 1.0,
        "sum": 7909.0,
        "mean": 7909.0,
        "median": 7909.0,
        "min": 7909,
        "max": 7909,
        "variance_ns2": null,
        "iqr_ns": 0.0,
        "q1_ns": 7909.0,
        "q3_ns": 7909.0
      },
      "futex_op_counts": {
        "128": 1
      },
      "first_seen_ts_ns": 8802843400914,
      "last_seen_ts_ns": 8802843400914
    },
    {
      "tgid": 156493,
      "comm": "xhpcg",
      "cgroup_id": 76718,
      "wait_duration_stats_ns": {
        "count": 1.0,
        "sum": 7590.0,
        "mean": 7590.0,
        "median": 7590.0,
        "min": 7590,
        "max": 7590,
        "variance_ns2": null,
        "iqr_ns": 0.0,
        "q1_ns": 7590.0,
        "q3_ns": 7590.0
      },
      "futex_op_counts": {
        "128": 1
      },
      "first_seen_ts_ns": 8802843402203,
      "last_seen_ts_ns": 8802843402203
    },
    {
      "tgid": 156234,
      "comm": "ZMQbg/Reaper",
      "cgroup_id": 76718,
      "wait_duration_stats_ns": {
        "count": 1.0,
        "sum": 1912.0,
        "mean": 1912.0,
        "median": 1912.0,
        "min": 1912,
        "max": 1912,
        "variance_ns2": null,
        "iqr_ns": 0.0,
        "q1_ns": 1912.0,
        "q3_ns": 1912.0
      },
      "futex_op_counts": {
        "128": 1
      },
      "first_seen_ts_ns": 8830808846112,
      "last_seen_ts_ns": 8830808846112
    }
  ]
}
[15:27:18] Cleanup complete.
