

32 32 32
15
chmod: cannot access './wait-fs': No such file or directory
mv: cannot stat './wait-fs': No such file or directory
ln: failed to create symbolic link '/mnt/flux/view/lib/python': File exists
ln: failed to create symbolic link '/mnt/flux/view/lib/python3': File exists
#!/bin/bash
set -euo pipefail
flux resource list
echo "The parent process ID is: $PPID"          
echo "The execution parent process ID is: $$"         
CGROUP_PATH_LINE=$(cat "/proc/$$/cgroup")
echo 
CGROUP_V2_PATH=${CGROUP_PATH_LINE:3}
ACTUAL_CGROUP_DIR="/sys/fs/cgroup${CGROUP_V2_PATH}"
TARGET_CGROUP_ID=$(stat -c '%i' $ACTUAL_CGROUP_DIR)
echo "The cgroup id is $TARGET_CGROUP_ID"
echo -n $TARGET_CGROUP_ID > /mnt/flux/cgroup-id.txt
sleep 5
flux exec -r all touch /mnt/flux/start_ebpf_collection
for i in {1..3}
do
  echo "FLUX-RUN START hpcg-iter-$i"
  flux run --setattr=user.study_id=hpcg-iter-$i -N1 -n 8 -o cpu-affinity=per-task -o gpu-affinity=off     /opt/hpcg/xhpcg
  
   echo "FLUX-RUN END hpcg-iter-$i"
done

  echo "FLUX-RESULTS START"
  cat hpcg*.txt
  echo "HPCG-BENCHMARKS"
  cat HPCG-Benchmark*.txt
  echo "FLUX-RESULTS END"

output=./results/${app}
(apt-get update > /dev/null 2>&1 && apt-get install -y jq > /dev/null 2>&1) || (yum update -y > /dev/null 2>&1 && yum install -y jq > /dev/null 2>&1)
mkdir -p $output
for jobid in $(flux jobs -a --json | jq -r .jobs[].id); do
    echo
    study_id=$(flux job info $jobid jobspec | jq -r ".attributes.user.study_id")
    echo "FLUX-JOB START ${jobid} ${study_id}"
    echo "FLUX-JOB-JOBSPEC START"
    flux job info $jobid jobspec
    echo "FLUX-JOB-JOBSPEC END" 
    
    echo "FLUX-JOB-RESOURCES START"
    flux job info ${jobid} R
    echo "FLUX-JOB-RESOURCES END"
    echo "FLUX-JOB-EVENTLOG START" 
    flux job info $jobid guest.exec.eventlog
    echo "FLUX-JOB-EVENTLOG END" 
    echo "FLUX-JOB END ${jobid} ${study_id}"
done
echo "FLUX JOB STATS"
flux job stats 

     STATE NNODES   NCORES    NGPUS NODELIST
      free      1        8        0 hpcg-0
 allocated      0        0        0 
      down      0        0        0 
The parent process ID is: 127
The execution parent process ID is: 199

The cgroup id is 56091
FLUX-RUN START hpcg-iter-1
FLUX-RUN END hpcg-iter-1
FLUX-RUN START hpcg-iter-2
FLUX-RUN END hpcg-iter-2
FLUX-RUN START hpcg-iter-3
FLUX-RUN END hpcg-iter-3
FLUX-RESULTS START
WARNING: PERFORMING UNPRECONDITIONED ITERATIONS
Call [0] Number of Iterations [11] Scaled Residual [4.11038e-14]
WARNING: PERFORMING UNPRECONDITIONED ITERATIONS
Call [1] Number of Iterations [11] Scaled Residual [4.11038e-14]
Call [0] Number of Iterations [2] Scaled Residual [4.96573e-17]
Call [1] Number of Iterations [2] Scaled Residual [4.96573e-17]
Departure from symmetry (scaled) for SpMV abs(x'*A*y - y'*A*x) = 1.47548e-07
Departure from symmetry (scaled) for MG abs(x'*Minv*y - y'*Minv*x) = 2.01202e-08
SpMV call [0] Residual [0]
SpMV call [1] Residual [0]
Call [0] Scaled Residual [1.81918e-10]
Call [1] Scaled Residual [1.81918e-10]
Call [2] Scaled Residual [1.81918e-10]
Call [3] Scaled Residual [1.81918e-10]
Call [4] Scaled Residual [1.81918e-10]
Call [5] Scaled Residual [1.81918e-10]
Call [6] Scaled Residual [1.81918e-10]
Call [7] Scaled Residual [1.81918e-10]
Call [8] Scaled Residual [1.81918e-10]
Call [9] Scaled Residual [1.81918e-10]
Call [10] Scaled Residual [1.81918e-10]
Call [11] Scaled Residual [1.81918e-10]
Call [12] Scaled Residual [1.81918e-10]
Call [13] Scaled Residual [1.81918e-10]
Call [14] Scaled Residual [1.81918e-10]
Call [15] Scaled Residual [1.81918e-10]
Call [16] Scaled Residual [1.81918e-10]
Call [17] Scaled Residual [1.81918e-10]
Call [18] Scaled Residual [1.81918e-10]
Call [19] Scaled Residual [1.81918e-10]
Call [20] Scaled Residual [1.81918e-10]
Call [21] Scaled Residual [1.81918e-10]
Call [22] Scaled Residual [1.81918e-10]
Call [23] Scaled Residual [1.81918e-10]
Call [24] Scaled Residual [1.81918e-10]
Call [25] Scaled Residual [1.81918e-10]
Call [26] Scaled Residual [1.81918e-10]
Call [27] Scaled Residual [1.81918e-10]
Call [28] Scaled Residual [1.81918e-10]
Call [29] Scaled Residual [1.81918e-10]
Call [30] Scaled Residual [1.81918e-10]
WARNING: PERFORMING UNPRECONDITIONED ITERATIONS
Call [0] Number of Iterations [11] Scaled Residual [4.11038e-14]
WARNING: PERFORMING UNPRECONDITIONED ITERATIONS
Call [1] Number of Iterations [11] Scaled Residual [4.11038e-14]
Call [0] Number of Iterations [2] Scaled Residual [4.96573e-17]
Call [1] Number of Iterations [2] Scaled Residual [4.96573e-17]
Departure from symmetry (scaled) for SpMV abs(x'*A*y - y'*A*x) = 1.47548e-07
Departure from symmetry (scaled) for MG abs(x'*Minv*y - y'*Minv*x) = 2.01202e-08
SpMV call [0] Residual [0]
SpMV call [1] Residual [0]
Call [0] Scaled Residual [1.81918e-10]
Call [1] Scaled Residual [1.81918e-10]
Call [2] Scaled Residual [1.81918e-10]
Call [3] Scaled Residual [1.81918e-10]
Call [4] Scaled Residual [1.81918e-10]
Call [5] Scaled Residual [1.81918e-10]
Call [6] Scaled Residual [1.81918e-10]
Call [7] Scaled Residual [1.81918e-10]
Call [8] Scaled Residual [1.81918e-10]
Call [9] Scaled Residual [1.81918e-10]
Call [10] Scaled Residual [1.81918e-10]
Call [11] Scaled Residual [1.81918e-10]
Call [12] Scaled Residual [1.81918e-10]
Call [13] Scaled Residual [1.81918e-10]
Call [14] Scaled Residual [1.81918e-10]
Call [15] Scaled Residual [1.81918e-10]
Call [16] Scaled Residual [1.81918e-10]
Call [17] Scaled Residual [1.81918e-10]
Call [18] Scaled Residual [1.81918e-10]
Call [19] Scaled Residual [1.81918e-10]
Call [20] Scaled Residual [1.81918e-10]
Call [21] Scaled Residual [1.81918e-10]
Call [22] Scaled Residual [1.81918e-10]
Call [23] Scaled Residual [1.81918e-10]
Call [24] Scaled Residual [1.81918e-10]
Call [25] Scaled Residual [1.81918e-10]
Call [26] Scaled Residual [1.81918e-10]
Call [27] Scaled Residual [1.81918e-10]
Call [28] Scaled Residual [1.81918e-10]
Call [29] Scaled Residual [1.81918e-10]
Call [30] Scaled Residual [1.81918e-10]
Call [31] Scaled Residual [1.81918e-10]
Call [32] Scaled Residual [1.81918e-10]
Call [33] Scaled Residual [1.81918e-10]
Call [34] Scaled Residual [1.81918e-10]
Call [35] Scaled Residual [1.81918e-10]
Call [36] Scaled Residual [1.81918e-10]
WARNING: PERFORMING UNPRECONDITIONED ITERATIONS
Call [0] Number of Iterations [11] Scaled Residual [4.11038e-14]
WARNING: PERFORMING UNPRECONDITIONED ITERATIONS
Call [1] Number of Iterations [11] Scaled Residual [4.11038e-14]
Call [0] Number of Iterations [2] Scaled Residual [4.96573e-17]
Call [1] Number of Iterations [2] Scaled Residual [4.96573e-17]
Departure from symmetry (scaled) for SpMV abs(x'*A*y - y'*A*x) = 1.47548e-07
Departure from symmetry (scaled) for MG abs(x'*Minv*y - y'*Minv*x) = 2.01202e-08
SpMV call [0] Residual [0]
SpMV call [1] Residual [0]
Call [0] Scaled Residual [1.81918e-10]
Call [1] Scaled Residual [1.81918e-10]
Call [2] Scaled Residual [1.81918e-10]
Call [3] Scaled Residual [1.81918e-10]
Call [4] Scaled Residual [1.81918e-10]
Call [5] Scaled Residual [1.81918e-10]
Call [6] Scaled Residual [1.81918e-10]
Call [7] Scaled Residual [1.81918e-10]
Call [8] Scaled Residual [1.81918e-10]
Call [9] Scaled Residual [1.81918e-10]
Call [10] Scaled Residual [1.81918e-10]
Call [11] Scaled Residual [1.81918e-10]
Call [12] Scaled Residual [1.81918e-10]
Call [13] Scaled Residual [1.81918e-10]
Call [14] Scaled Residual [1.81918e-10]
Call [15] Scaled Residual [1.81918e-10]
Call [16] Scaled Residual [1.81918e-10]
Call [17] Scaled Residual [1.81918e-10]
Call [18] Scaled Residual [1.81918e-10]
Call [19] Scaled Residual [1.81918e-10]
Call [20] Scaled Residual [1.81918e-10]
Call [21] Scaled Residual [1.81918e-10]
Call [22] Scaled Residual [1.81918e-10]
Call [23] Scaled Residual [1.81918e-10]
Call [24] Scaled Residual [1.81918e-10]
Call [25] Scaled Residual [1.81918e-10]
Call [26] Scaled Residual [1.81918e-10]
Call [27] Scaled Residual [1.81918e-10]
Call [28] Scaled Residual [1.81918e-10]
Call [29] Scaled Residual [1.81918e-10]
Call [30] Scaled Residual [1.81918e-10]
Call [31] Scaled Residual [1.81918e-10]
Call [32] Scaled Residual [1.81918e-10]
Call [33] Scaled Residual [1.81918e-10]
Call [34] Scaled Residual [1.81918e-10]
Call [35] Scaled Residual [1.81918e-10]
Call [36] Scaled Residual [1.81918e-10]
Call [37] Scaled Residual [1.81918e-10]
HPCG-BENCHMARKS
HPCG-Benchmark
version=3.1
Release date=March 28, 2019
Machine Summary=
Machine Summary::Distributed Processes=8
Machine Summary::Threads per processes=1
Global Problem Dimensions=
Global Problem Dimensions::Global nx=64
Global Problem Dimensions::Global ny=64
Global Problem Dimensions::Global nz=64
Processor Dimensions=
Processor Dimensions::npx=2
Processor Dimensions::npy=2
Processor Dimensions::npz=2
Local Domain Dimensions=
Local Domain Dimensions::nx=32
Local Domain Dimensions::ny=32
Local Domain Dimensions::Lower ipz=0
Local Domain Dimensions::Upper ipz=1
Local Domain Dimensions::nz=32
########## Problem Summary  ##########=
Setup Information=
Setup Information::Setup Time=0.147965
Linear System Information=
Linear System Information::Number of Equations=262144
Linear System Information::Number of Nonzero Terms=6859000
Multigrid Information=
Multigrid Information::Number of coarse grid levels=3
Multigrid Information::Coarse Grids=
Multigrid Information::Coarse Grids::Grid Level=1
Multigrid Information::Coarse Grids::Number of Equations=32768
Multigrid Information::Coarse Grids::Number of Nonzero Terms=830584
Multigrid Information::Coarse Grids::Number of Presmoother Steps=1
Multigrid Information::Coarse Grids::Number of Postsmoother Steps=1
Multigrid Information::Coarse Grids::Grid Level=2
Multigrid Information::Coarse Grids::Number of Equations=4096
Multigrid Information::Coarse Grids::Number of Nonzero Terms=97336
Multigrid Information::Coarse Grids::Number of Presmoother Steps=1
Multigrid Information::Coarse Grids::Number of Postsmoother Steps=1
Multigrid Information::Coarse Grids::Grid Level=3
Multigrid Information::Coarse Grids::Number of Equations=512
Multigrid Information::Coarse Grids::Number of Nonzero Terms=10648
Multigrid Information::Coarse Grids::Number of Presmoother Steps=1
Multigrid Information::Coarse Grids::Number of Postsmoother Steps=1
########## Memory Use Summary  ##########=
Memory Use Information=
Memory Use Information::Total memory used for data (Gbytes)=0.187913
Memory Use Information::Memory used for OptimizeProblem data (Gbytes)=0
Memory Use Information::Bytes per equation (Total memory / Number of Equations)=716.829
Memory Use Information::Memory used for linear system and CG (Gbytes)=0.165295
Memory Use Information::Coarse Grids=
Memory Use Information::Coarse Grids::Grid Level=1
Memory Use Information::Coarse Grids::Memory used=0.0198085
Memory Use Information::Coarse Grids::Grid Level=2
Memory Use Information::Coarse Grids::Memory used=0.00249264
Memory Use Information::Coarse Grids::Grid Level=3
Memory Use Information::Coarse Grids::Memory used=0.000316812
########## V&V Testing Summary  ##########=
Spectral Convergence Tests=
Spectral Convergence Tests::Result=PASSED
Spectral Convergence Tests::Unpreconditioned=
Spectral Convergence Tests::Unpreconditioned::Maximum iteration count=11
Spectral Convergence Tests::Unpreconditioned::Expected iteration count=12
Spectral Convergence Tests::Preconditioned=
Spectral Convergence Tests::Preconditioned::Maximum iteration count=2
Spectral Convergence Tests::Preconditioned::Expected iteration count=2
Departure from Symmetry |x'Ay-y'Ax|/(2*||x||*||A||*||y||)/epsilon=
Departure from Symmetry |x'Ay-y'Ax|/(2*||x||*||A||*||y||)/epsilon::Result=PASSED
Departure from Symmetry |x'Ay-y'Ax|/(2*||x||*||A||*||y||)/epsilon::Departure for SpMV=1.47548e-07
Departure from Symmetry |x'Ay-y'Ax|/(2*||x||*||A||*||y||)/epsilon::Departure for MG=2.01202e-08
########## Iterations Summary  ##########=
Iteration Count Information=
Iteration Count Information::Result=PASSED
Iteration Count Information::Reference CG iterations per set=50
Iteration Count Information::Optimized CG iterations per set=50
Iteration Count Information::Total number of reference iterations=1550
Iteration Count Information::Total number of optimized iterations=1550
########## Reproducibility Summary  ##########=
Reproducibility Information=
Reproducibility Information::Result=PASSED
Reproducibility Information::Scaled residual mean=1.81918e-10
Reproducibility Information::Scaled residual variance=0
########## Performance Summary (times in sec) ##########=
Benchmark Time Summary=
Benchmark Time Summary::Optimization phase=1.23e-07
Benchmark Time Summary::DDOT=1.62628
Benchmark Time Summary::WAXPBY=0.151047
Benchmark Time Summary::SpMV=2.06588
Benchmark Time Summary::MG=12.858
Benchmark Time Summary::Total=16.7035
Floating Point Operations Summary=
Floating Point Operations Summary::Raw DDOT=2.45419e+09
Floating Point Operations Summary::Raw WAXPBY=2.45419e+09
Floating Point Operations Summary::Raw SpMV=2.16882e+10
Floating Point Operations Summary::Raw MG=1.20763e+11
Floating Point Operations Summary::Total=1.4736e+11
Floating Point Operations Summary::Total with convergence overhead=1.4736e+11
GB/s Summary=
GB/s Summary::Raw Read B/W=54.3851
GB/s Summary::Raw Write B/W=12.57
GB/s Summary::Raw Total B/W=66.9551
GB/s Summary::Total with convergence and optimization phase overhead=65.1656
GFLOP/s Summary=
GFLOP/s Summary::Raw DDOT=1.50908
GFLOP/s Summary::Raw WAXPBY=16.2478
GFLOP/s Summary::Raw SpMV=10.4982
GFLOP/s Summary::Raw MG=9.39206
GFLOP/s Summary::Raw Total=8.8221
GFLOP/s Summary::Total with convergence overhead=8.8221
GFLOP/s Summary::Total with convergence and optimization phase overhead=8.58631
User Optimization Overheads=
User Optimization Overheads::Optimization phase time (sec)=1.23e-07
User Optimization Overheads::Optimization phase time vs reference SpMV+MG time=8.93833e-06
DDOT Timing Variations=
DDOT Timing Variations::Min DDOT MPI_Allreduce time=1.18845
DDOT Timing Variations::Max DDOT MPI_Allreduce time=2.02628
DDOT Timing Variations::Avg DDOT MPI_Allreduce time=1.7875
Final Summary=
Final Summary::HPCG result is VALID with a GFLOP/s rating of=8.58631
Final Summary::HPCG 2.4 rating for historical reasons is=8.8221
Final Summary::Reference version of ComputeDotProduct used=Performance results are most likely suboptimal
Final Summary::Reference version of ComputeSPMV used=Performance results are most likely suboptimal
Final Summary::Reference version of ComputeMG used=Performance results are most likely suboptimal
Final Summary::Reference version of ComputeWAXPBY used=Performance results are most likely suboptimal
Final Summary::Results are valid but execution time (sec) is=16.7035
Final Summary::Official results execution time (sec) must be at least=1800
HPCG-Benchmark
version=3.1
Release date=March 28, 2019
Machine Summary=
Machine Summary::Distributed Processes=8
Machine Summary::Threads per processes=1
Global Problem Dimensions=
Global Problem Dimensions::Global nx=64
Global Problem Dimensions::Global ny=64
Global Problem Dimensions::Global nz=64
Processor Dimensions=
Processor Dimensions::npx=2
Processor Dimensions::npy=2
Processor Dimensions::npz=2
Local Domain Dimensions=
Local Domain Dimensions::nx=32
Local Domain Dimensions::ny=32
Local Domain Dimensions::Lower ipz=0
Local Domain Dimensions::Upper ipz=1
Local Domain Dimensions::nz=32
########## Problem Summary  ##########=
Setup Information=
Setup Information::Setup Time=0.247109
Linear System Information=
Linear System Information::Number of Equations=262144
Linear System Information::Number of Nonzero Terms=6859000
Multigrid Information=
Multigrid Information::Number of coarse grid levels=3
Multigrid Information::Coarse Grids=
Multigrid Information::Coarse Grids::Grid Level=1
Multigrid Information::Coarse Grids::Number of Equations=32768
Multigrid Information::Coarse Grids::Number of Nonzero Terms=830584
Multigrid Information::Coarse Grids::Number of Presmoother Steps=1
Multigrid Information::Coarse Grids::Number of Postsmoother Steps=1
Multigrid Information::Coarse Grids::Grid Level=2
Multigrid Information::Coarse Grids::Number of Equations=4096
Multigrid Information::Coarse Grids::Number of Nonzero Terms=97336
Multigrid Information::Coarse Grids::Number of Presmoother Steps=1
Multigrid Information::Coarse Grids::Number of Postsmoother Steps=1
Multigrid Information::Coarse Grids::Grid Level=3
Multigrid Information::Coarse Grids::Number of Equations=512
Multigrid Information::Coarse Grids::Number of Nonzero Terms=10648
Multigrid Information::Coarse Grids::Number of Presmoother Steps=1
Multigrid Information::Coarse Grids::Number of Postsmoother Steps=1
########## Memory Use Summary  ##########=
Memory Use Information=
Memory Use Information::Total memory used for data (Gbytes)=0.187913
Memory Use Information::Memory used for OptimizeProblem data (Gbytes)=0
Memory Use Information::Bytes per equation (Total memory / Number of Equations)=716.83
Memory Use Information::Memory used for linear system and CG (Gbytes)=0.165295
Memory Use Information::Coarse Grids=
Memory Use Information::Coarse Grids::Grid Level=1
Memory Use Information::Coarse Grids::Memory used=0.0198085
Memory Use Information::Coarse Grids::Grid Level=2
Memory Use Information::Coarse Grids::Memory used=0.00249264
Memory Use Information::Coarse Grids::Grid Level=3
Memory Use Information::Coarse Grids::Memory used=0.000316812
########## V&V Testing Summary  ##########=
Spectral Convergence Tests=
Spectral Convergence Tests::Result=PASSED
Spectral Convergence Tests::Unpreconditioned=
Spectral Convergence Tests::Unpreconditioned::Maximum iteration count=11
Spectral Convergence Tests::Unpreconditioned::Expected iteration count=12
Spectral Convergence Tests::Preconditioned=
Spectral Convergence Tests::Preconditioned::Maximum iteration count=2
Spectral Convergence Tests::Preconditioned::Expected iteration count=2
Departure from Symmetry |x'Ay-y'Ax|/(2*||x||*||A||*||y||)/epsilon=
Departure from Symmetry |x'Ay-y'Ax|/(2*||x||*||A||*||y||)/epsilon::Result=PASSED
Departure from Symmetry |x'Ay-y'Ax|/(2*||x||*||A||*||y||)/epsilon::Departure for SpMV=1.47548e-07
Departure from Symmetry |x'Ay-y'Ax|/(2*||x||*||A||*||y||)/epsilon::Departure for MG=2.01202e-08
########## Iterations Summary  ##########=
Iteration Count Information=
Iteration Count Information::Result=PASSED
Iteration Count Information::Reference CG iterations per set=50
Iteration Count Information::Optimized CG iterations per set=50
Iteration Count Information::Total number of reference iterations=1850
Iteration Count Information::Total number of optimized iterations=1850
########## Reproducibility Summary  ##########=
Reproducibility Information=
Reproducibility Information::Result=PASSED
Reproducibility Information::Scaled residual mean=1.81918e-10
Reproducibility Information::Scaled residual variance=0
########## Performance Summary (times in sec) ##########=
Benchmark Time Summary=
Benchmark Time Summary::Optimization phase=1.31e-07
Benchmark Time Summary::DDOT=2.19937
Benchmark Time Summary::WAXPBY=0.164088
Benchmark Time Summary::SpMV=2.31067
Benchmark Time Summary::MG=14.7332
Benchmark Time Summary::Total=19.41
Floating Point Operations Summary=
Floating Point Operations Summary::Raw DDOT=2.9292e+09
Floating Point Operations Summary::Raw WAXPBY=2.9292e+09
Floating Point Operations Summary::Raw SpMV=2.58859e+10
Floating Point Operations Summary::Raw MG=1.44137e+11
Floating Point Operations Summary::Total=1.75881e+11
Floating Point Operations Summary::Total with convergence overhead=1.75881e+11
GB/s Summary=
GB/s Summary::Raw Read B/W=55.8601
GB/s Summary::Raw Write B/W=12.9109
GB/s Summary::Raw Total B/W=68.771
GB/s Summary::Total with convergence and optimization phase overhead=65.6773
GFLOP/s Summary=
GFLOP/s Summary::Raw DDOT=1.33183
GFLOP/s Summary::Raw WAXPBY=17.8514
GFLOP/s Summary::Raw SpMV=11.2028
GFLOP/s Summary::Raw MG=9.78312
GFLOP/s Summary::Raw Total=9.06137
GFLOP/s Summary::Total with convergence overhead=9.06137
GFLOP/s Summary::Total with convergence and optimization phase overhead=8.65374
User Optimization Overheads=
User Optimization Overheads::Optimization phase time (sec)=1.31e-07
User Optimization Overheads::Optimization phase time vs reference SpMV+MG time=5.29559e-06
DDOT Timing Variations=
DDOT Timing Variations::Min DDOT MPI_Allreduce time=1.67855
DDOT Timing Variations::Max DDOT MPI_Allreduce time=2.31261
DDOT Timing Variations::Avg DDOT MPI_Allreduce time=2.08657
Final Summary=
Final Summary::HPCG result is VALID with a GFLOP/s rating of=8.65374
Final Summary::HPCG 2.4 rating for historical reasons is=9.06137
Final Summary::Reference version of ComputeDotProduct used=Performance results are most likely suboptimal
Final Summary::Reference version of ComputeSPMV used=Performance results are most likely suboptimal
Final Summary::Reference version of ComputeMG used=Performance results are most likely suboptimal
Final Summary::Reference version of ComputeWAXPBY used=Performance results are most likely suboptimal
Final Summary::Results are valid but execution time (sec) is=19.41
Final Summary::Official results execution time (sec) must be at least=1800
HPCG-Benchmark
version=3.1
Release date=March 28, 2019
Machine Summary=
Machine Summary::Distributed Processes=8
Machine Summary::Threads per processes=1
Global Problem Dimensions=
Global Problem Dimensions::Global nx=64
Global Problem Dimensions::Global ny=64
Global Problem Dimensions::Global nz=64
Processor Dimensions=
Processor Dimensions::npx=2
Processor Dimensions::npy=2
Processor Dimensions::npz=2
Local Domain Dimensions=
Local Domain Dimensions::nx=32
Local Domain Dimensions::ny=32
Local Domain Dimensions::Lower ipz=0
Local Domain Dimensions::Upper ipz=1
Local Domain Dimensions::nz=32
########## Problem Summary  ##########=
Setup Information=
Setup Information::Setup Time=0.0624388
Linear System Information=
Linear System Information::Number of Equations=262144
Linear System Information::Number of Nonzero Terms=6859000
Multigrid Information=
Multigrid Information::Number of coarse grid levels=3
Multigrid Information::Coarse Grids=
Multigrid Information::Coarse Grids::Grid Level=1
Multigrid Information::Coarse Grids::Number of Equations=32768
Multigrid Information::Coarse Grids::Number of Nonzero Terms=830584
Multigrid Information::Coarse Grids::Number of Presmoother Steps=1
Multigrid Information::Coarse Grids::Number of Postsmoother Steps=1
Multigrid Information::Coarse Grids::Grid Level=2
Multigrid Information::Coarse Grids::Number of Equations=4096
Multigrid Information::Coarse Grids::Number of Nonzero Terms=97336
Multigrid Information::Coarse Grids::Number of Presmoother Steps=1
Multigrid Information::Coarse Grids::Number of Postsmoother Steps=1
Multigrid Information::Coarse Grids::Grid Level=3
Multigrid Information::Coarse Grids::Number of Equations=512
Multigrid Information::Coarse Grids::Number of Nonzero Terms=10648
Multigrid Information::Coarse Grids::Number of Presmoother Steps=1
Multigrid Information::Coarse Grids::Number of Postsmoother Steps=1
########## Memory Use Summary  ##########=
Memory Use Information=
Memory Use Information::Total memory used for data (Gbytes)=0.187913
Memory Use Information::Memory used for OptimizeProblem data (Gbytes)=0
Memory Use Information::Bytes per equation (Total memory / Number of Equations)=716.83
Memory Use Information::Memory used for linear system and CG (Gbytes)=0.165295
Memory Use Information::Coarse Grids=
Memory Use Information::Coarse Grids::Grid Level=1
Memory Use Information::Coarse Grids::Memory used=0.0198085
Memory Use Information::Coarse Grids::Grid Level=2
Memory Use Information::Coarse Grids::Memory used=0.00249264
Memory Use Information::Coarse Grids::Grid Level=3
Memory Use Information::Coarse Grids::Memory used=0.000316812
########## V&V Testing Summary  ##########=
Spectral Convergence Tests=
Spectral Convergence Tests::Result=PASSED
Spectral Convergence Tests::Unpreconditioned=
Spectral Convergence Tests::Unpreconditioned::Maximum iteration count=11
Spectral Convergence Tests::Unpreconditioned::Expected iteration count=12
Spectral Convergence Tests::Preconditioned=
Spectral Convergence Tests::Preconditioned::Maximum iteration count=2
Spectral Convergence Tests::Preconditioned::Expected iteration count=2
Departure from Symmetry |x'Ay-y'Ax|/(2*||x||*||A||*||y||)/epsilon=
Departure from Symmetry |x'Ay-y'Ax|/(2*||x||*||A||*||y||)/epsilon::Result=PASSED
Departure from Symmetry |x'Ay-y'Ax|/(2*||x||*||A||*||y||)/epsilon::Departure for SpMV=1.47548e-07
Departure from Symmetry |x'Ay-y'Ax|/(2*||x||*||A||*||y||)/epsilon::Departure for MG=2.01202e-08
########## Iterations Summary  ##########=
Iteration Count Information=
Iteration Count Information::Result=PASSED
Iteration Count Information::Reference CG iterations per set=50
Iteration Count Information::Optimized CG iterations per set=50
Iteration Count Information::Total number of reference iterations=1900
Iteration Count Information::Total number of optimized iterations=1900
########## Reproducibility Summary  ##########=
Reproducibility Information=
Reproducibility Information::Result=PASSED
Reproducibility Information::Scaled residual mean=1.81918e-10
Reproducibility Information::Scaled residual variance=0
########## Performance Summary (times in sec) ##########=
Benchmark Time Summary=
Benchmark Time Summary::Optimization phase=2.05e-07
Benchmark Time Summary::DDOT=1.35958
Benchmark Time Summary::WAXPBY=0.172117
Benchmark Time Summary::SpMV=2.1208
Benchmark Time Summary::MG=13.1482
Benchmark Time Summary::Total=16.8033
Floating Point Operations Summary=
Floating Point Operations Summary::Raw DDOT=3.00836e+09
Floating Point Operations Summary::Raw WAXPBY=3.00836e+09
Floating Point Operations Summary::Raw SpMV=2.65855e+10
Floating Point Operations Summary::Raw MG=1.48032e+11
Floating Point Operations Summary::Total=1.80635e+11
Floating Point Operations Summary::Total with convergence overhead=1.80635e+11
GB/s Summary=
GB/s Summary::Raw Read B/W=66.2697
GB/s Summary::Raw Write B/W=15.3168
GB/s Summary::Raw Total B/W=81.5865
GB/s Summary::Total with convergence and optimization phase overhead=80.4505
GFLOP/s Summary=
GFLOP/s Summary::Raw DDOT=2.21271
GFLOP/s Summary::Raw WAXPBY=17.4786
GFLOP/s Summary::Raw SpMV=12.5356
GFLOP/s Summary::Raw MG=11.2587
GFLOP/s Summary::Raw Total=10.75
GFLOP/s Summary::Total with convergence overhead=10.75
GFLOP/s Summary::Total with convergence and optimization phase overhead=10.6003
User Optimization Overheads=
User Optimization Overheads::Optimization phase time (sec)=2.05e-07
User Optimization Overheads::Optimization phase time vs reference SpMV+MG time=2.63229e-05
DDOT Timing Variations=
DDOT Timing Variations::Min DDOT MPI_Allreduce time=0.821741
DDOT Timing Variations::Max DDOT MPI_Allreduce time=1.17945
DDOT Timing Variations::Avg DDOT MPI_Allreduce time=1.02406
Final Summary=
Final Summary::HPCG result is VALID with a GFLOP/s rating of=10.6003
Final Summary::HPCG 2.4 rating for historical reasons is=10.75
Final Summary::Reference version of ComputeDotProduct used=Performance results are most likely suboptimal
Final Summary::Reference version of ComputeSPMV used=Performance results are most likely suboptimal
Final Summary::Reference version of ComputeMG used=Performance results are most likely suboptimal
Final Summary::Reference version of ComputeWAXPBY used=Performance results are most likely suboptimal
Final Summary::Results are valid but execution time (sec) is=16.8033
Final Summary::Official results execution time (sec) must be at least=1800
FLUX-RESULTS END
