unlimited
PROGRAM: cpu
Looking for /opt/programs/cpu/ebpf-collect.c
[07:43:08] Waiting for start indicator file: '/mnt/flux/start_ebpf_collection'.
[07:43:09] Start indicator found. Proceeding with monitoring.
[07:43:09] Initializing eBPF for CPU Scheduling monitoring...
[07:43:09] BPF C code compiled and loaded.
[07:43:09] Attached tracepoints.
[07:43:09] Monitoring CPU scheduling events (polling aggregated map)... Press Ctrl+C to stop.
[07:44:18] Stop indicator file '/mnt/flux/stop_ebpf_collection' found. Stopping.
[07:44:18] Initiating cleanup sequence...
{
  "final_aggregated_summary_river": [
    {
      "tgid": 197,
      "comm": "python3",
      "cgroup_id": 86702,
      "on_cpu_stats_ns": {
        "count": 497.0,
        "sum_ns": 88935533.92618337,
        "mean_ns": 178944.73626998666,
        "median_ns": 20370.772438375356,
        "min_ns": 4584.166666666667,
        "max_ns": 30147197.0,
        "variance_ns2": 2416207624172.4854,
        "iqr_ns": 46109.95058960124,
        "q1_ns": 14003.245079363169,
        "q3_ns": 60113.195668964414
      },
      "runq_latency_stats_ns": {
        "count": 496.0,
        "sum_ns": 14640297.165411485,
        "mean_ns": 29516.728156071542,
        "median_ns": 11488.455177573336,
        "min_ns": 1140.0,
        "max_ns": 2128532.0,
        "variance_ns2": 23885926482.15874,
        "iqr_ns": 17017.5197273654,
        "q1_ns": 4070.622221957373,
        "q3_ns": 21088.141949322773
      },
      "first_seen_ts_ns": 1749886989510806920,
      "last_seen_ts_ns": 1749887058312221110,
      "duration_active_s": 68.80141419
    },
    {
      "tgid": 131,
      "comm": "flux-broker-0",
      "cgroup_id": 86772,
      "on_cpu_stats_ns": {
        "count": 189.0,
        "sum_ns": 25247680.37948816,
        "mean_ns": 133585.61047348232,
        "median_ns": 81802.61014977584,
        "min_ns": 5590.0,
        "max_ns": 1442416.0,
        "variance_ns2": 30483623744.16788,
        "iqr_ns": 134407.8590269501,
        "q1_ns": 26440.629999695473,
        "q3_ns": 160848.48902664555
      },
      "runq_latency_stats_ns": {
        "count": 190.0,
        "sum_ns": 2687882.9622576297,
        "mean_ns": 14146.752432934893,
        "median_ns": 7817.850847138231,
        "min_ns": 1290.0,
        "max_ns": 153676.5,
        "variance_ns2": 341983131.6094879,
        "iqr_ns": 14587.05164540634,
        "q1_ns": 3684.1178049765867,
        "q3_ns": 18271.169450382928
      },
      "first_seen_ts_ns": 1749886989510806920,
      "last_seen_ts_ns": 1749887055270105333,
      "duration_active_s": 65.759298413
    },
    {
      "tgid": 250,
      "comm": "python3",
      "cgroup_id": 86632,
      "on_cpu_stats_ns": {
        "count": 51.0,
        "sum_ns": 6406897.239652015,
        "mean_ns": 125625.43607160814,
        "median_ns": 43504.71536432274,
        "min_ns": 5370.142857142857,
        "max_ns": 1975370.0,
        "variance_ns2": 92023863840.3312,
        "iqr_ns": 64513.500948001936,
        "q1_ns": 21304.281273091747,
        "q3_ns": 85817.78222109369
      },
      "runq_latency_stats_ns": {
        "count": 51.0,
        "sum_ns": 815426.3368672994,
        "mean_ns": 15988.75170328038,
        "median_ns": 7831.792008648779,
        "min_ns": 1220.0,
        "max_ns": 52141.0,
        "variance_ns2": 287378556.8422762,
        "iqr_ns": 24789.952415427382,
        "q1_ns": 3311.965282410799,
        "q3_ns": 28101.91769783818
      },
      "first_seen_ts_ns": 1749886989510806920,
      "last_seen_ts_ns": 1749887058208640289,
      "duration_active_s": 68.697833369
    },
    {
      "tgid": 31,
      "comm": "bash",
      "cgroup_id": 86632,
      "on_cpu_stats_ns": {
        "count": 23.0,
        "sum_ns": 3913670.0,
        "mean_ns": 170159.5652173913,
        "median_ns": 128474.48289500219,
        "min_ns": 5610.0,
        "max_ns": 711462.5,
        "variance_ns2": 37634585206.37055,
        "iqr_ns": 141481.82892667985,
        "q1_ns": 41862.958792259546,
        "q3_ns": 183344.7877189394
      },
      "runq_latency_stats_ns": {
        "count": 23.0,
        "sum_ns": 563634.5,
        "mean_ns": 24505.847826086956,
        "median_ns": 6203.636397052746,
        "min_ns": 2350.0,
        "max_ns": 225162.0,
        "variance_ns2": 2140827988.396245,
        "iqr_ns": 19421.675247743326,
        "q1_ns": 6277.624202806122,
        "q3_ns": 25699.29945054945
      },
      "first_seen_ts_ns": 1749886989620426615,
      "last_seen_ts_ns": 1749887053340094807,
      "duration_active_s": 63.719668192
    },
    {
      "tgid": 304,
      "comm": "xhpcg",
      "cgroup_id": 86772,
      "on_cpu_stats_ns": {
        "count": 45.0,
        "sum_ns": 1528244.999999999,
        "mean_ns": 33960.99999999998,
        "median_ns": 31785.84490745239,
        "min_ns": 6750.0,
        "max_ns": 69201.0,
        "variance_ns2": 290605986.1363636,
        "iqr_ns": 26950.295230051695,
        "q1_ns": 19093.62332320873,
        "q3_ns": 46043.918553260424
      },
      "runq_latency_stats_ns": {
        "count": 45.0,
        "sum_ns": 714008.0000000001,
        "mean_ns": 15866.844444444447,
        "median_ns": 15241.45088471439,
        "min_ns": 4310.0,
        "max_ns": 40811.0,
        "variance_ns2": 82512023.17979796,
        "iqr_ns": 11860.163439335078,
        "q1_ns": 7562.442042474193,
        "q3_ns": 19422.60548180927
      },
      "first_seen_ts_ns": 1749886989510806920,
      "last_seen_ts_ns": 1749887013104004172,
      "duration_active_s": 23.593197252
    },
    {
      "tgid": 315,
      "comm": "xhpcg",
      "cgroup_id": 86772,
      "on_cpu_stats_ns": {
        "count": 51.0,
        "sum_ns": 977829.9988095239,
        "mean_ns": 19173.137231559293,
        "median_ns": 18291.56500430562,
        "min_ns": 4765.0,
        "max_ns": 51374.0,
        "variance_ns2": 66900491.80965154,
        "iqr_ns": 13982.875189465523,
        "q1_ns": 11509.631678012162,
        "q3_ns": 25492.506867477685
      },
      "runq_latency_stats_ns": {
        "count": 51.0,
        "sum_ns": 924192.6500000004,
        "mean_ns": 18121.42450980393,
        "median_ns": 16258.339610655288,
        "min_ns": 928.5714285714286,
        "max_ns": 175469.5,
        "variance_ns2": 569771368.9740342,
        "iqr_ns": 10831.354746285775,
        "q1_ns": 10029.723584205516,
        "q3_ns": 20861.07833049129
      },
      "first_seen_ts_ns": 1749886990500536940,
      "last_seen_ts_ns": 1749887003660469698,
      "duration_active_s": 13.159932758
    },
    {
      "tgid": 245,
      "comm": "bash",
      "cgroup_id": 86772,
      "on_cpu_stats_ns": {
        "count": 28.0,
        "sum_ns": 673108.2839481946,
        "mean_ns": 24039.58156957838,
        "median_ns": 21828.02102875294,
        "min_ns": 5413.0,
        "max_ns": 51540.0,
        "variance_ns2": 224369240.51373726,
        "iqr_ns": 25944.125828645214,
        "q1_ns": 11230.555834503348,
        "q3_ns": 37174.68166314856
      },
      "runq_latency_stats_ns": {
        "count": 28.0,
        "sum_ns": 537192.2568550496,
        "mean_ns": 19185.4377448232,
        "median_ns": 9434.341462826855,
        "min_ns": 1850.076923076923,
        "max_ns": 52251.0,
        "variance_ns2": 400900997.15803593,
        "iqr_ns": 37020.945197734814,
        "q1_ns": 3319.8445014735717,
        "q3_ns": 40340.789699208384
      },
      "first_seen_ts_ns": 1749886989835532319,
      "last_seen_ts_ns": 1749887055270105333,
      "duration_active_s": 65.434573014
    },
    {
      "tgid": 1,
      "comm": "pause",
      "cgroup_id": 86422,
      "on_cpu_stats_ns": {
        "count": 2.0,
        "sum_ns": 605390.5555555555,
        "mean_ns": 302695.27777777775,
        "median_ns": 364597.55555555556,
        "min_ns": 240793.0,
        "max_ns": 364597.55555555556,
        "variance_ns2": 7663783988.154318,
        "iqr_ns": 123804.55555555556,
        "q1_ns": 240793.0,
        "q3_ns": 364597.55555555556
      },
      "runq_latency_stats_ns": {
        "count": 2.0,
        "sum_ns": 11856.666666666668,
        "mean_ns": 5928.333333333334,
        "median_ns": 7446.666666666667,
        "min_ns": 4410.0,
        "max_ns": 7446.666666666667,
        "variance_ns2": 4610672.222222225,
        "iqr_ns": 3036.666666666667,
        "q1_ns": 4410.0,
        "q3_ns": 7446.666666666667
      },
      "first_seen_ts_ns": 1749887007730424285,
      "last_seen_ts_ns": 1749887058312221110,
      "duration_active_s": 50.581796825
    },
    {
      "tgid": 65,
      "comm": "bash",
      "cgroup_id": 86772,
      "on_cpu_stats_ns": {
        "count": 23.0,
        "sum_ns": 431249.7389455781,
        "mean_ns": 18749.988649807743,
        "median_ns": 19609.025285075655,
        "min_ns": 9124.375,
        "max_ns": 30880.0,
        "variance_ns2": 39872106.39791604,
        "iqr_ns": 9845.950651007155,
        "q1_ns": 13346.836834415586,
        "q3_ns": 23192.78748542274
      },
      "runq_latency_stats_ns": {
        "count": 23.0,
        "sum_ns": 290607.01870748296,
        "mean_ns": 12635.087769890564,
        "median_ns": 11731.117963239221,
        "min_ns": 1860.6122448979593,
        "max_ns": 23990.0,
        "variance_ns2": 78322508.57416277,
        "iqr_ns": 17677.50816387866,
        "q1_ns": 3448.8141723356007,
        "q3_ns": 21126.322336214263
      },
      "first_seen_ts_ns": 1749886989835532319,
      "last_seen_ts_ns": 1749887051220568126,
      "duration_active_s": 61.385035807
    }
  ]
}
[07:44:18] Cleanup complete. Exiting.
