ln: failed to create symbolic link '/mnt/flux/view/lib/python': File exists
ln: failed to create symbolic link '/mnt/flux/view/lib/python3': File exists
unlimited
PROGRAM: futex
Looking for /opt/programs/futex/ebpf-collect.c
[21:48:51] Starting eBPF (Tracepoints for futex syscalls).
[21:48:52] BPF program loaded and tracepoints automatically attached.
[21:48:52] Start Indicator file defined '/mnt/flux/start_ebpf_collection'. Waiting.
[21:48:57] Start indicator found. Proceeding.
[21:48:57] Ring buffers opened. Polling for events...
[21:49:59] 
Indicator file '/mnt/flux/stop_ebpf_collection' found. Stopping.
[21:49:59] Cleaning up BPF resources...
{
  "final_aggregated_futex_summary_river": [
    {
      "tgid": 6697,
      "comm": "containerd",
      "cgroup_id": 4085,
      "wait_duration_stats_ns": {
        "count": 5053.0,
        "sum": 1986591531946.9978,
        "mean": 393150906.77755743,
        "median": 5057820.159836187,
        "min": 365,
        "max": 59662796783,
        "variance_ns2": 1.0892586471328225e+19,
        "iqr_ns": 59506779.92610016,
        "q1_ns": 68524.29610472276,
        "q3_ns": 59575304.22220488
      },
      "futex_op_counts": {
        "128": 5053
      },
      "first_seen_ts_ns": 4837880680274,
      "last_seen_ts_ns": 4905150346969
    },
    {
      "tgid": 6738,
      "comm": "kubelet",
      "cgroup_id": 4138,
      "wait_duration_stats_ns": {
        "count": 6342.0,
        "sum": 1004635185656.0006,
        "mean": 158409836.90570807,
        "median": 14657894.108589523,
        "min": 372,
        "max": 50324188920,
        "variance_ns2": 2.8135250763341967e+18,
        "iqr_ns": 34226959.60080613,
        "q1_ns": 1839406.9317301463,
        "q3_ns": 36066366.532536276
      },
      "futex_op_counts": {
        "128": 6342
      },
      "first_seen_ts_ns": 4837880225287,
      "last_seen_ts_ns": 4905183389437
    },
    {
      "tgid": 6848,
      "comm": "containerd-shim",
      "cgroup_id": 4085,
      "wait_duration_stats_ns": {
        "count": 755.0,
        "sum": 426753722269.9998,
        "mean": 565236718.2384104,
        "median": 355226.95535100484,
        "min": 398,
        "max": 17901409553,
        "variance_ns2": 3.723147525346447e+18,
        "iqr_ns": 42137966.3870974,
        "q1_ns": 66220.82891246905,
        "q3_ns": 42204187.21600987
      },
      "futex_op_counts": {
        "128": 755
      },
      "first_seen_ts_ns": 4839103395012,
      "last_seen_ts_ns": 4903343677868
    },
    {
      "tgid": 8223,
      "comm": "coredns",
      "cgroup_id": 5431,
      "wait_duration_stats_ns": {
        "count": 455.0,
        "sum": 373530531283.0003,
        "mean": 820946222.6000006,
        "median": 355108681.03101325,
        "min": 771,
        "max": 59925987140,
        "variance_ns2": 1.6917005840321855e+19,
        "iqr_ns": 881803620.4610631,
        "q1_ns": 29843987.093114227,
        "q3_ns": 911647607.5541774
      },
      "futex_op_counts": {
        "128": 455
      },
      "first_seen_ts_ns": 4838225322459,
      "last_seen_ts_ns": 4904956687502
    },
    {
      "tgid": 6846,
      "comm": "containerd-shim",
      "cgroup_id": 4085,
      "wait_duration_stats_ns": {
        "count": 78.0,
        "sum": 312698560375.99994,
        "mean": 4008955902.256409,
        "median": 1449284268.4111254,
        "min": 485,
        "max": 30002427870,
        "variance_ns2": 5.5867349176454365e+19,
        "iqr_ns": 4557479161.496132,
        "q1_ns": 1499526.3895008233,
        "q3_ns": 4558978687.8856325
      },
      "futex_op_counts": {
        "128": 78
      },
      "first_seen_ts_ns": 4843340583560,
      "last_seen_ts_ns": 4903345072475
    },
    {
      "tgid": 8226,
      "comm": "coredns",
      "cgroup_id": 5501,
      "wait_duration_stats_ns": {
        "count": 425.0,
        "sum": 311733258785.0002,
        "mean": 733490020.6705887,
        "median": 438640877.088872,
        "min": 1321,
        "max": 55727049782,
        "variance_ns2": 1.2152561340508965e+19,
        "iqr_ns": 872394191.9526899,
        "q1_ns": 48678562.077306375,
        "q3_ns": 921072754.0299963
      },
      "futex_op_counts": {
        "128": 425
      },
      "first_seen_ts_ns": 4838225186396,
      "last_seen_ts_ns": 4904863471072
    },
    {
      "tgid": 11452,
      "comm": "containerd-shim",
      "cgroup_id": 4085,
      "wait_duration_stats_ns": {
        "count": 94.0,
        "sum": 299960771533.9999,
        "mean": 3191072037.5957437,
        "median": 23372286.64866735,
        "min": 428,
        "max": 30004722104,
        "variance_ns2": 4.4618860895816794e+19,
        "iqr_ns": 3571231814.16569,
        "q1_ns": 2929580.247154531,
        "q3_ns": 3574161394.4128447
      },
      "futex_op_counts": {
        "128": 94
      },
      "first_seen_ts_ns": 4839105665228,
      "last_seen_ts_ns": 4901825691375
    },
    {
      "tgid": 113911,
      "comm": "containerd-shim",
      "cgroup_id": 4085,
      "wait_duration_stats_ns": {
        "count": 259.0,
        "sum": 281622016254.00006,
        "mean": 1087343692.1003864,
        "median": 5650768.184203465,
        "min": 9679,
        "max": 29501067117,
        "variance_ns2": 1.2173447101118548e+19,
        "iqr_ns": 36733801.07911974,
        "q1_ns": 590638.1175026606,
        "q3_ns": 37324439.1966224
      },
      "futex_op_counts": {
        "128": 259
      },
      "first_seen_ts_ns": 4837895050405,
      "last_seen_ts_ns": 4905212577434
    },
    {
      "tgid": 9272,
      "comm": "metrics-server",
      "cgroup_id": 5921,
      "wait_duration_stats_ns": {
        "count": 1268.0,
        "sum": 247843762063.99982,
        "mean": 195460380.176656,
        "median": 125779757.46779068,
        "min": 581,
        "max": 10003790920,
        "variance_ns2": 3.7610897974704986e+17,
        "iqr_ns": 122034351.89854302,
        "q1_ns": 63984891.57918306,
        "q3_ns": 186019243.47772607
      },
      "futex_op_counts": {
        "128": 1268
      },
      "first_seen_ts_ns": 4837977781705,
      "last_seen_ts_ns": 4905172163617
    },
    {
      "tgid": 9264,
      "comm": "metrics-server",
      "cgroup_id": 5851,
      "wait_duration_stats_ns": {
        "count": 1208.0,
        "sum": 242451711501.0,
        "mean": 200705059.18956953,
        "median": 128469663.78096503,
        "min": 812,
        "max": 20004067634,
        "variance_ns2": 5.637192955840442e+17,
        "iqr_ns": 114337970.28426278,
        "q1_ns": 76661766.89875329,
        "q3_ns": 190999737.18301606
      },
      "futex_op_counts": {
        "128": 1208
      },
      "first_seen_ts_ns": 4838221228368,
      "last_seen_ts_ns": 4905020455331
    },
    {
      "tgid": 9162,
      "comm": "containerd-shim",
      "cgroup_id": 4085,
      "wait_duration_stats_ns": {
        "count": 61.0,
        "sum": 240322174932.99994,
        "mean": 3939707785.7868843,
        "median": 842875831.3121102,
        "min": 537,
        "max": 30001007598,
        "variance_ns2": 4.309079520297962e+19,
        "iqr_ns": 7731454992.712641,
        "q1_ns": 58541881.022712685,
        "q3_ns": 7789996873.735353
      },
      "futex_op_counts": {
        "128": 61
      },
      "first_seen_ts_ns": 4846852722542,
      "last_seen_ts_ns": 4899216854897
    },
    {
      "tgid": 8779,
      "comm": "containerd-shim",
      "cgroup_id": 4085,
      "wait_duration_stats_ns": {
        "count": 60.0,
        "sum": 240322053445.0,
        "mean": 4005367557.4166665,
        "median": 1061604151.2371795,
        "min": 752,
        "max": 29996405734,
        "variance_ns2": 4.20323744437641e+19,
        "iqr_ns": 7720044251.269281,
        "q1_ns": 50840861.80059435,
        "q3_ns": 7770885113.069876
      },
      "futex_op_counts": {
        "128": 60
      },
      "first_seen_ts_ns": 4839101279507,
      "last_seen_ts_ns": 4899217584716
    },
    {
      "tgid": 8106,
      "comm": "containerd-shim",
      "cgroup_id": 4085,
      "wait_duration_stats_ns": {
        "count": 54.0,
        "sum": 240321945493.00006,
        "mean": 4450406398.018519,
        "median": 2614570334.7787285,
        "min": 24226,
        "max": 30004191198,
        "variance_ns2": 4.497651515198696e+19,
        "iqr_ns": 5784185822.15693,
        "q1_ns": 145495759.86323458,
        "q3_ns": 5929681582.0201645
      },
      "futex_op_counts": {
        "128": 54
      },
      "first_seen_ts_ns": 4846856300605,
      "last_seen_ts_ns": 4899212838594
    },
    {
      "tgid": 8105,
      "comm": "containerd-shim",
      "cgroup_id": 4085,
      "wait_duration_stats_ns": {
        "count": 55.0,
        "sum": 240302321294.00003,
        "mean": 4369133114.436364,
        "median": 2793150087.3108253,
        "min": 23244,
        "max": 29998262184,
        "variance_ns2": 3.9618624168926675e+19,
        "iqr_ns": 6464132198.235521,
        "q1_ns": 152971299.1187573,
        "q3_ns": 6617103497.354279
      },
      "futex_op_counts": {
        "128": 55
      },
      "first_seen_ts_ns": 4846852090024,
      "last_seen_ts_ns": 4899216450300
    },
    {
      "tgid": 7303,
      "comm": "aws-k8s-agent",
      "cgroup_id": 5011,
      "wait_duration_stats_ns": {
        "count": 248.0,
        "sum": 240035408468.0,
        "mean": 967884711.5645161,
        "median": 132976118.91271633,
        "min": 4873,
        "max": 29995457457,
        "variance_ns2": 8.299147353835932e+18,
        "iqr_ns": 1295110475.8321717,
        "q1_ns": 210941.49758588427,
        "q3_ns": 1295321417.3297575
      },
      "futex_op_counts": {
        "128": 248
      },
      "first_seen_ts_ns": 4845150050524,
      "last_seen_ts_ns": 4902991374300
    },
    {
      "tgid": 11591,
      "comm": "manager",
      "cgroup_id": 6249,
      "wait_duration_stats_ns": {
        "count": 510.0,
        "sum": 232024978818.00006,
        "mean": 454950938.85882366,
        "median": 331591734.6170401,
        "min": 796,
        "max": 20347467381,
        "variance_ns2": 1.564767961375223e+18,
        "iqr_ns": 434956162.12188613,
        "q1_ns": 56126916.14981412,
        "q3_ns": 491083078.27170026
      },
      "futex_op_counts": {
        "128": 510
      },
      "first_seen_ts_ns": 4838030397444,
      "last_seen_ts_ns": 4905166823824
    },
    {
      "tgid": 7010,
      "comm": "kube-proxy",
      "cgroup_id": 4871,
      "wait_duration_stats_ns": {
        "count": 69.0,
        "sum": 218795882793.99997,
        "mean": 3170954823.101449,
        "median": 1280273014.0356922,
        "min": 2544,
        "max": 30028215307,
        "variance_ns2": 2.7391238144355246e+19,
        "iqr_ns": 3881554960.991006,
        "q1_ns": 109204697.65217906,
        "q3_ns": 3990759658.643185
      },
      "futex_op_counts": {
        "128": 69
      },
      "first_seen_ts_ns": 4845180038144,
      "last_seen_ts_ns": 4905180055506
    },
    {
      "tgid": 113602,
      "comm": "containerd-shim",
      "cgroup_id": 4085,
      "wait_duration_stats_ns": {
        "count": 56.0,
        "sum": 210302972418.99994,
        "mean": 3755410221.767856,
        "median": 848624300.5930332,
        "min": 14693,
        "max": 29993084869,
        "variance_ns2": 3.617277487014143e+19,
        "iqr_ns": 6458121569.543095,
        "q1_ns": 85588530.40588352,
        "q3_ns": 6543710099.948978
      },
      "futex_op_counts": {
        "128": 56
      },
      "first_seen_ts_ns": 4846853584900,
      "last_seen_ts_ns": 4899215686109
    },
    {
      "tgid": 6737,
      "comm": "ssm-agent-worke",
      "cgroup_id": 3429,
      "wait_duration_stats_ns": {
        "count": 97.0,
        "sum": 186139822889.0,
        "mean": 1918967246.2783506,
        "median": 1408234559.1709187,
        "min": 30982,
        "max": 37799793385,
        "variance_ns2": 1.9002815275466486e+19,
        "iqr_ns": 1611174477.029964,
        "q1_ns": 536760657.0924977,
        "q3_ns": 2147935134.122462
      },
      "futex_op_counts": {
        "128": 97
      },
      "first_seen_ts_ns": 4839435505757,
      "last_seen_ts_ns": 4904032123133
    },
    {
      "tgid": 11517,
      "comm": "kube-rbac-proxy",
      "cgroup_id": 6179,
      "wait_duration_stats_ns": {
        "count": 104.0,
        "sum": 184973353968.99997,
        "mean": 1778589942.0096152,
        "median": 1044023025.1382575,
        "min": 1296,
        "max": 19865643718,
        "variance_ns2": 8.612750695597387e+18,
        "iqr_ns": 4498598024.765854,
        "q1_ns": 73376393.26024851,
        "q3_ns": 4571974418.026102
      },
      "futex_op_counts": {
        "128": 104
      },
      "first_seen_ts_ns": 4846100035601,
      "last_seen_ts_ns": 4901097158267
    },
    {
      "tgid": 7443,
      "comm": "controller",
      "cgroup_id": 5081,
      "wait_duration_stats_ns": {
        "count": 265.0,
        "sum": 184869586527.00003,
        "mean": 697621081.2339624,
        "median": 490814405.75746757,
        "min": 5953869,
        "max": 10001073697,
        "variance_ns2": 2.0149843043304374e+18,
        "iqr_ns": 18870127.85585797,
        "q1_ns": 481141436.5658193,
        "q3_ns": 500011564.4216773
      },
      "futex_op_counts": {
        "128": 265
      },
      "first_seen_ts_ns": 4838363613925,
      "last_seen_ts_ns": 4904864338831
    },
    {
      "tgid": 6593,
      "comm": "amazon-ssm-agen",
      "cgroup_id": 3429,
      "wait_duration_stats_ns": {
        "count": 17.0,
        "sum": 3989736231.0,
        "mean": 234690366.52941176,
        "median": 39404837.109958336,
        "min": 24900,
        "max": 997407946,
        "variance_ns2": 1.8924090006013606e+17,
        "iqr_ns": 279561799.0330373,
        "q1_ns": 6142797.035499999,
        "q3_ns": 285704596.0685373
      },
      "futex_op_counts": {
        "128": 17
      },
      "first_seen_ts_ns": 4892553470944,
      "last_seen_ts_ns": 4893567244687
    },
    {
      "tgid": 115002,
      "comm": "runc",
      "cgroup_id": 4085,
      "wait_duration_stats_ns": {
        "count": 303.0,
        "sum": 3268490059.999999,
        "mean": 10787095.907590756,
        "median": 2692563.0867067436,
        "min": 518,
        "max": 434080960,
        "variance_ns2": 2036236560222039.8,
        "iqr_ns": 15819454.743468137,
        "q1_ns": 51376.45308088956,
        "q3_ns": 15870831.196549026
      },
      "futex_op_counts": {
        "128": 303
      },
      "first_seen_ts_ns": 4890870050199,
      "last_seen_ts_ns": 4891364568816
    },
    {
      "tgid": 114745,
      "comm": "runc",
      "cgroup_id": 4085,
      "wait_duration_stats_ns": {
        "count": 289.0,
        "sum": 2995104751.999999,
        "mean": 10363684.262975775,
        "median": 506350.2665290482,
        "min": 1258,
        "max": 427402198,
        "variance_ns2": 2402078784476396.0,
        "iqr_ns": 4795208.86554044,
        "q1_ns": 55649.09699548289,
        "q3_ns": 4850857.962535923
      },
      "futex_op_counts": {
        "128": 289
      },
      "first_seen_ts_ns": 4860859908158,
      "last_seen_ts_ns": 4861290594180
    },
    {
      "tgid": 114874,
      "comm": "runc",
      "cgroup_id": 4085,
      "wait_duration_stats_ns": {
        "count": 396.0,
        "sum": 2950748224.0,
        "mean": 7451384.404040404,
        "median": 1512519.6208893405,
        "min": 476,
        "max": 410295838,
        "variance_ns2": 1175038374148967.0,
        "iqr_ns": 20106009.06923295,
        "q1_ns": 30103.438716369143,
        "q3_ns": 20136112.507949322
      },
      "futex_op_counts": {
        "128": 396
      },
      "first_seen_ts_ns": 4871260032056,
      "last_seen_ts_ns": 4871700585851
    },
    {
      "tgid": 114723,
      "comm": "runc",
      "cgroup_id": 4085,
      "wait_duration_stats_ns": {
        "count": 302.0,
        "sum": 2770462092.0,
        "mean": 9173715.536423841,
        "median": 1149227.8024699762,
        "min": 945,
        "max": 370564385,
        "variance_ns2": 1476043316366248.8,
        "iqr_ns": 15248280.32539638,
        "q1_ns": 42491.40474143352,
        "q3_ns": 15290771.730137814
      },
      "futex_op_counts": {
        "128": 302
      },
      "first_seen_ts_ns": 4851240030468,
      "last_seen_ts_ns": 4851670726760
    },
    {
      "tgid": 114761,
      "comm": "runc",
      "cgroup_id": 4085,
      "wait_duration_stats_ns": {
        "count": 238.0,
        "sum": 2571996990.0000005,
        "mean": 10806710.042016808,
        "median": 2358066.528681363,
        "min": 5145,
        "max": 370601255,
        "variance_ns2": 1946010927919238.0,
        "iqr_ns": 13156861.156734668,
        "q1_ns": 79066.0215287739,
        "q3_ns": 13235927.17826344
      },
      "futex_op_counts": {
        "128": 238
      },
      "first_seen_ts_ns": 4861260037395,
      "last_seen_ts_ns": 4861670751525
    },
    {
      "tgid": 115020,
      "comm": "runc",
      "cgroup_id": 4085,
      "wait_duration_stats_ns": {
        "count": 273.0,
        "sum": 1945704597.9999993,
        "mean": 7127123.069597067,
        "median": 1552658.310137974,
        "min": 540,
        "max": 280431710,
        "variance_ns2": 845955355515253.9,
        "iqr_ns": 3421991.359155015,
        "q1_ns": 34617.506272505896,
        "q3_ns": 3456608.865427521
      },
      "futex_op_counts": {
        "128": 273
      },
      "first_seen_ts_ns": 4891260041193,
      "last_seen_ts_ns": 4891580520924
    },
    {
      "tgid": 114924,
      "comm": "runc",
      "cgroup_id": 4085,
      "wait_duration_stats_ns": {
        "count": 359.0,
        "sum": 1771958600.9999983,
        "mean": 4935817.830083561,
        "median": 2072872.1514717801,
        "min": 5913,
        "max": 132005768,
        "variance_ns2": 300356370065892.4,
        "iqr_ns": 6575020.891471999,
        "q1_ns": 31138.836489606245,
        "q3_ns": 6606159.727961605
      },
      "futex_op_counts": {
        "128": 359
      },
      "first_seen_ts_ns": 4881260043977,
      "last_seen_ts_ns": 4881522310208
    },
    {
      "tgid": 114780,
      "comm": "runc:[2:INIT]",
      "cgroup_id": 5011,
      "wait_duration_stats_ns": {
        "count": 24.0,
        "sum": 1096203858.0,
        "mean": 45675160.75,
        "median": 24343244.589225996,
        "min": 57869,
        "max": 156173494,
        "variance_ns2": 2586981327138643.0,
        "iqr_ns": 49876562.075364634,
        "q1_ns": 24556989.513724077,
        "q3_ns": 74433551.58908871
      },
      "futex_op_counts": {
        "128": 24
      },
      "first_seen_ts_ns": 4861460031437,
      "last_seen_ts_ns": 4861690085730
    },
    {
      "tgid": 114901,
      "comm": "runc",
      "cgroup_id": 4085,
      "wait_duration_stats_ns": {
        "count": 416.0,
        "sum": 1078481521.0000002,
        "mean": 2592503.6562500005,
        "median": 109820.07360519073,
        "min": 5676,
        "max": 175111427,
        "variance_ns2": 270496730182182.1,
        "iqr_ns": 617193.1978180629,
        "q1_ns": 24461.351813317167,
        "q3_ns": 641654.54963138
      },
      "futex_op_counts": {
        "128": 416
      },
      "first_seen_ts_ns": 4880859839742,
      "last_seen_ts_ns": 4881040670318
    },
    {
      "tgid": 114808,
      "comm": "xhpcg",
      "cgroup_id": 40117,
      "wait_duration_stats_ns": {
        "count": 122.0,
        "sum": 1055754524.9999996,
        "mean": 8653725.614754096,
        "median": 5165696.237864002,
        "min": 33589,
        "max": 29173568,
        "variance_ns2": 61878544116032.95,
        "iqr_ns": 12309056.713228315,
        "q1_ns": 2280309.190006412,
        "q3_ns": 14589365.903234728
      },
      "futex_op_counts": {
        "128": 122
      },
      "first_seen_ts_ns": 4863143709921,
      "last_seen_ts_ns": 4881440384963
    },
    {
      "tgid": 114885,
      "comm": "runc:[2:INIT]",
      "cgroup_id": 5011,
      "wait_duration_stats_ns": {
        "count": 26.0,
        "sum": 1053595000.0,
        "mean": 40522884.615384616,
        "median": 20608709.870488703,
        "min": 22909,
        "max": 179846772,
        "variance_ns2": 2736825779085878.5,
        "iqr_ns": 24604535.288316563,
        "q1_ns": 11239255.211931676,
        "q3_ns": 35843790.50024824
      },
      "futex_op_counts": {
        "128": 26
      },
      "first_seen_ts_ns": 4871490038406,
      "last_seen_ts_ns": 4871710040736
    },
    {
      "tgid": 114814,
      "comm": "xhpcg",
      "cgroup_id": 40117,
      "wait_duration_stats_ns": {
        "count": 120.0,
        "sum": 1037741801.0,
        "mean": 8647848.341666667,
        "median": 5188138.715657915,
        "min": 92371,
        "max": 28866318,
        "variance_ns2": 62257907755035.84,
        "iqr_ns": 12625844.99121672,
        "q1_ns": 2066788.6231812844,
        "q3_ns": 14692633.614398003
      },
      "futex_op_counts": {
        "128": 120
      },
      "first_seen_ts_ns": 4863143658275,
      "last_seen_ts_ns": 4881440559715
    },
    {
      "tgid": 114806,
      "comm": "xhpcg",
      "cgroup_id": 40117,
      "wait_duration_stats_ns": {
        "count": 123.0,
        "sum": 1036319383.0,
        "mean": 8425360.837398374,
        "median": 5655834.374278884,
        "min": 61479,
        "max": 28859570,
        "variance_ns2": 59145171142439.57,
        "iqr_ns": 12703807.927073557,
        "q1_ns": 1694858.609481756,
        "q3_ns": 14398666.536555313
      },
      "futex_op_counts": {
        "128": 123
      },
      "first_seen_ts_ns": 4863143773099,
      "last_seen_ts_ns": 4881440478075
    },
    {
      "tgid": 114804,
      "comm": "xhpcg",
      "cgroup_id": 40117,
      "wait_duration_stats_ns": {
        "count": 130.0,
        "sum": 1034094180.9999995,
        "mean": 7954570.6230769195,
        "median": 4982080.464677662,
        "min": 23584,
        "max": 28974010,
        "variance_ns2": 56407147694952.11,
        "iqr_ns": 11679219.547643982,
        "q1_ns": 1744749.774135109,
        "q3_ns": 13423969.32177909
      },
      "futex_op_counts": {
        "128": 130
      },
      "first_seen_ts_ns": 4863144027356,
      "last_seen_ts_ns": 4881440603012
    },
    {
      "tgid": 114817,
      "comm": "xhpcg",
      "cgroup_id": 40117,
      "wait_duration_stats_ns": {
        "count": 118.0,
        "sum": 1032814655.0,
        "mean": 8752666.56779661,
        "median": 5357116.167706146,
        "min": 42415,
        "max": 29074011,
        "variance_ns2": 59773867607530.91,
        "iqr_ns": 12282630.493546773,
        "q1_ns": 2592952.2086685775,
        "q3_ns": 14875582.70221535
      },
      "futex_op_counts": {
        "128": 118
      },
      "first_seen_ts_ns": 4863143824339,
      "last_seen_ts_ns": 4881440611290
    },
    {
      "tgid": 114799,
      "comm": "xhpcg",
      "cgroup_id": 40117,
      "wait_duration_stats_ns": {
        "count": 137.0,
        "sum": 1028294711.0000001,
        "mean": 7505800.810218979,
        "median": 5398630.082215205,
        "min": 30442,
        "max": 28967770,
        "variance_ns2": 51179529837173.305,
        "iqr_ns": 9362061.059433918,
        "q1_ns": 1945063.5560237502,
        "q3_ns": 11307124.615457669
      },
      "futex_op_counts": {
        "128": 137
      },
      "first_seen_ts_ns": 4863144330110,
      "last_seen_ts_ns": 4881440573030
    },
    {
      "tgid": 114756,
      "comm": "runc:[2:INIT]",
      "cgroup_id": 5011,
      "wait_duration_stats_ns": {
        "count": 25.0,
        "sum": 1025181221.0000001,
        "mean": 41007248.84,
        "median": 19847194.634959165,
        "min": 8944,
        "max": 209795144,
        "variance_ns2": 3526535373998331.5,
        "iqr_ns": 14730577.110105693,
        "q1_ns": 18114543.35311397,
        "q3_ns": 32845120.463219665
      },
      "futex_op_counts": {
        "128": 25
      },
      "first_seen_ts_ns": 4861030237785,
      "last_seen_ts_ns": 4861300038001
    },
    {
      "tgid": 114802,
      "comm": "xhpcg",
      "cgroup_id": 40117,
      "wait_duration_stats_ns": {
        "count": 130.0,
        "sum": 1019631203.0,
        "mean": 7843316.946153847,
        "median": 5053013.592877128,
        "min": 47460,
        "max": 29955695,
        "variance_ns2": 47917500001370.2,
        "iqr_ns": 9756371.338922627,
        "q1_ns": 3156936.31248173,
        "q3_ns": 12913307.651404357
      },
      "futex_op_counts": {
        "128": 130
      },
      "first_seen_ts_ns": 4863143897355,
      "last_seen_ts_ns": 4881440553619
    },
    {
      "tgid": 114819,
      "comm": "xhpcg",
      "cgroup_id": 40117,
      "wait_duration_stats_ns": {
        "count": 129.0,
        "sum": 1019031430.9999998,
        "mean": 7899468.457364339,
        "median": 5376083.980254514,
        "min": 87240,
        "max": 29249683,
        "variance_ns2": 51415945592992.76,
        "iqr_ns": 11572989.848958895,
        "q1_ns": 2402661.9055651166,
        "q3_ns": 13975651.754524011
      },
      "futex_op_counts": {
        "128": 129
      },
      "first_seen_ts_ns": 4863143832024,
      "last_seen_ts_ns": 4881440663137
    },
    {
      "tgid": 114823,
      "comm": "xhpcg",
      "cgroup_id": 40117,
      "wait_duration_stats_ns": {
        "count": 113.0,
        "sum": 1012077391.9999995,
        "mean": 8956437.097345129,
        "median": 5984477.883367445,
        "min": 91693,
        "max": 28894585,
        "variance_ns2": 66028598089676.3,
        "iqr_ns": 13566423.35035229,
        "q1_ns": 1535737.5734187807,
        "q3_ns": 15102160.92377107
      },
      "futex_op_counts": {
        "128": 113
      },
      "first_seen_ts_ns": 4863143734385,
      "last_seen_ts_ns": 4881440596788
    },
    {
      "tgid": 114800,
      "comm": "xhpcg",
      "cgroup_id": 40117,
      "wait_duration_stats_ns": {
        "count": 110.0,
        "sum": 1011838365.9999998,
        "mean": 9198530.599999998,
        "median": 6084417.107184058,
        "min": 56549,
        "max": 28896334,
        "variance_ns2": 64650983531534.26,
        "iqr_ns": 13578075.641815308,
        "q1_ns": 1690252.3201372775,
        "q3_ns": 15268327.961952586
      },
      "futex_op_counts": {
        "128": 110
      },
      "first_seen_ts_ns": 4863143953464,
      "last_seen_ts_ns": 4881440588297
    },
    {
      "tgid": 114812,
      "comm": "xhpcg",
      "cgroup_id": 40117,
      "wait_duration_stats_ns": {
        "count": 137.0,
        "sum": 1006605204.9999999,
        "mean": 7347483.248175181,
        "median": 4918134.552477442,
        "min": 30150,
        "max": 32410118,
        "variance_ns2": 48791854249593.67,
        "iqr_ns": 10236861.269347642,
        "q1_ns": 1738663.9241423996,
        "q3_ns": 11975525.193490041
      },
      "futex_op_counts": {
        "128": 137
      },
      "first_seen_ts_ns": 4863143806170,
      "last_seen_ts_ns": 4881440596946
    },
    {
      "tgid": 114801,
      "comm": "xhpcg",
      "cgroup_id": 40117,
      "wait_duration_stats_ns": {
        "count": 99.0,
        "sum": 1001239182.9999998,
        "mean": 10113527.101010099,
        "median": 7678008.270739973,
        "min": 139697,
        "max": 29156704,
        "variance_ns2": 61492940694514.945,
        "iqr_ns": 11541437.224965567,
        "q1_ns": 3745262.9060482928,
        "q3_ns": 15286700.131013859
      },
      "futex_op_counts": {
        "128": 99
      },
      "first_seen_ts_ns": 4863143680108,
      "last_seen_ts_ns": 4881440549620
    },
    {
      "tgid": 114797,
      "comm": "xhpcg",
      "cgroup_id": 40117,
      "wait_duration_stats_ns": {
        "count": 100.0,
        "sum": 999405600.0,
        "mean": 9994056.0,
        "median": 7967866.9188765595,
        "min": 94681,
        "max": 29132625,
        "variance_ns2": 63765562127351.45,
        "iqr_ns": 11280169.495911177,
        "q1_ns": 4002807.3543141442,
        "q3_ns": 15282976.850225322
      },
      "futex_op_counts": {
        "128": 100
      },
      "first_seen_ts_ns": 4863143987823,
      "last_seen_ts_ns": 4881440600390
    },
    {
      "tgid": 114820,
      "comm": "xhpcg",
      "cgroup_id": 40117,
      "wait_duration_stats_ns": {
        "count": 125.0,
        "sum": 990944688.9999995,
        "mean": 7927557.511999996,
        "median": 5239384.907497128,
        "min": 47462,
        "max": 29175009,
        "variance_ns2": 48683242215781.055,
        "iqr_ns": 12626083.574721333,
        "q1_ns": 1767918.0643766678,
        "q3_ns": 14394001.639098
      },
      "futex_op_counts": {
        "128": 125
      },
      "first_seen_ts_ns": 4863144135900,
      "last_seen_ts_ns": 4881440506275
    },
    {
      "tgid": 114798,
      "comm": "xhpcg",
      "cgroup_id": 40117,
      "wait_duration_stats_ns": {
        "count": 131.0,
        "sum": 989005533.9999998,
        "mean": 7549660.564885494,
        "median": 4920134.4943604665,
        "min": 47626,
        "max": 29139924,
        "variance_ns2": 42457777726949.62,
        "iqr_ns": 9165739.623318676,
        "q1_ns": 3301256.0990305934,
        "q3_ns": 12466995.72234927
      },
      "futex_op_counts": {
        "128": 131
      },
      "first_seen_ts_ns": 4863143718110,
      "last_seen_ts_ns": 4881440563191
    },
    {
      "tgid": 114810,
      "comm": "xhpcg",
      "cgroup_id": 40117,
      "wait_duration_stats_ns": {
        "count": 115.0,
        "sum": 976840327.0000006,
        "mean": 8494263.713043483,
        "median": 5424186.663481943,
        "min": 35380,
        "max": 29182874,
        "variance_ns2": 57995838341930.336,
        "iqr_ns": 12668473.121288395,
        "q1_ns": 2175869.9329881077,
        "q3_ns": 14844343.054276502
      },
      "futex_op_counts": {
        "128": 115
      },
      "first_seen_ts_ns": 4863143900148,
      "last_seen_ts_ns": 4881440554389
    },
    {
      "tgid": 115014,
      "comm": "runc:[2:INIT]",
      "cgroup_id": 5011,
      "wait_duration_stats_ns": {
        "count": 24.0,
        "sum": 952138762.0,
        "mean": 39672448.416666664,
        "median": 4344263.310500596,
        "min": 22372,
        "max": 203960202,
        "variance_ns2": 4539114192936422.0,
        "iqr_ns": 58923986.256969765,
        "q1_ns": 1298271.3297349203,
        "q3_ns": 60222257.58670469
      },
      "futex_op_counts": {
        "128": 24
      },
      "first_seen_ts_ns": 4891170047890,
      "last_seen_ts_ns": 4891364472124
    },
    {
      "tgid": 114734,
      "comm": "runc:[2:INIT]",
      "cgroup_id": 5011,
      "wait_duration_stats_ns": {
        "count": 25.0,
        "sum": 943167857.0,
        "mean": 37726714.28,
        "median": 26832060.51971865,
        "min": 6538,
        "max": 163137860,
        "variance_ns2": 2725560234421625.5,
        "iqr_ns": 43591636.55112848,
        "q1_ns": 3221019.14821381,
        "q3_ns": 46812655.69934229
      },
      "futex_op_counts": {
        "128": 25
      },
      "first_seen_ts_ns": 4851440224592,
      "last_seen_ts_ns": 4851690039006
    },
    {
      "tgid": 114911,
      "comm": "runc:[2:INIT]",
      "cgroup_id": 5011,
      "wait_duration_stats_ns": {
        "count": 23.0,
        "sum": 942890271.0000001,
        "mean": 40995229.17391305,
        "median": 21131222.147074472,
        "min": 28446,
        "max": 131587655,
        "variance_ns2": 2492585001452836.5,
        "iqr_ns": 52440354.50304392,
        "q1_ns": 4941950.990254637,
        "q3_ns": 57382305.49329855
      },
      "futex_op_counts": {
        "128": 23
      },
      "first_seen_ts_ns": 4880868460205,
      "last_seen_ts_ns": 4881060037101
    },
    {
      "tgid": 114650,
      "comm": "xhpcg",
      "cgroup_id": 40117,
      "wait_duration_stats_ns": {
        "count": 143.0,
        "sum": 916430328.0,
        "mean": 6408603.692307692,
        "median": 4733569.9745196,
        "min": 19018,
        "max": 28182721,
        "variance_ns2": 51977165276649.555,
        "iqr_ns": 9877659.437542116,
        "q1_ns": 998360.9031710246,
        "q3_ns": 10876020.340713141
      },
      "futex_op_counts": {
        "128": 143
      },
      "first_seen_ts_ns": 4843552886401,
      "last_seen_ts_ns": 4862563488090
    },
    {
      "tgid": 114658,
      "comm": "xhpcg",
      "cgroup_id": 40117,
      "wait_duration_stats_ns": {
        "count": 120.0,
        "sum": 911545583.9999998,
        "mean": 7596213.199999998,
        "median": 5074619.710388965,
        "min": 7519,
        "max": 28172094,
        "variance_ns2": 55485515786370.56,
        "iqr_ns": 11819461.623783536,
        "q1_ns": 1414843.5193516,
        "q3_ns": 13234305.143135136
      },
      "futex_op_counts": {
        "128": 120
      },
      "first_seen_ts_ns": 4843552427845,
      "last_seen_ts_ns": 4862563612433
    },
    {
      "tgid": 114667,
      "comm": "xhpcg",
      "cgroup_id": 40117,
      "wait_duration_stats_ns": {
        "count": 122.0,
        "sum": 910608029.0000002,
        "mean": 7464000.23770492,
        "median": 4972862.3097941475,
        "min": 6529,
        "max": 28037026,
        "variance_ns2": 49429373241774.67,
        "iqr_ns": 10536963.650282808,
        "q1_ns": 1655235.8246929552,
        "q3_ns": 12192199.474975763
      },
      "futex_op_counts": {
        "128": 122
      },
      "first_seen_ts_ns": 4843552383788,
      "last_seen_ts_ns": 4862563442505
    },
    {
      "tgid": 114647,
      "comm": "xhpcg",
      "cgroup_id": 40117,
      "wait_duration_stats_ns": {
        "count": 131.0,
        "sum": 907623094.0000001,
        "mean": 6928420.564885497,
        "median": 5270721.384919483,
        "min": 133854,
        "max": 27775576,
        "variance_ns2": 42996078517015.06,
        "iqr_ns": 9271286.135714935,
        "q1_ns": 1923003.820197042,
        "q3_ns": 11194289.955911977
      },
      "futex_op_counts": {
        "128": 131
      },
      "first_seen_ts_ns": 4843552711750,
      "last_seen_ts_ns": 4862563328256
    },
    {
      "tgid": 114651,
      "comm": "xhpcg",
      "cgroup_id": 40117,
      "wait_duration_stats_ns": {
        "count": 126.0,
        "sum": 895266418.9999996,
        "mean": 7105289.039682536,
        "median": 4959806.325983459,
        "min": 129063,
        "max": 28036393,
        "variance_ns2": 47713071141977.98,
        "iqr_ns": 9712864.131065756,
        "q1_ns": 1585790.6783681477,
        "q3_ns": 11298654.809433904
      },
      "futex_op_counts": {
        "128": 126
      },
      "first_seen_ts_ns": 4843552412956,
      "last_seen_ts_ns": 4862563321047
    },
    {
      "tgid": 114654,
      "comm": "xhpcg",
      "cgroup_id": 40117,
      "wait_duration_stats_ns": {
        "count": 152.0,
        "sum": 888570540.9999998,
        "mean": 5845858.82236842,
        "median": 4025268.664985738,
        "min": 23325,
        "max": 30310497,
        "variance_ns2": 45251162328761.484,
        "iqr_ns": 8750073.831780765,
        "q1_ns": 869235.6118486198,
        "q3_ns": 9619309.443629384
      },
      "futex_op_counts": {
        "128": 152
      },
      "first_seen_ts_ns": 4843552596321,
      "last_seen_ts_ns": 4862563485797
    },
    {
      "tgid": 114665,
      "comm": "xhpcg",
      "cgroup_id": 40117,
      "wait_duration_stats_ns": {
        "count": 135.0,
        "sum": 887959413.0000002,
        "mean": 6577477.133333335,
        "median": 4658626.656354821,
        "min": 38013,
        "max": 28191726,
        "variance_ns2": 53797499359989.82,
        "iqr_ns": 11004484.96489021,
        "q1_ns": 877732.7537364933,
        "q3_ns": 11882217.718626704
      },
      "futex_op_counts": {
        "128": 135
      },
      "first_seen_ts_ns": 4843552321523,
      "last_seen_ts_ns": 4862563295093
    },
    {
      "tgid": 114656,
      "comm": "xhpcg",
      "cgroup_id": 40117,
      "wait_duration_stats_ns": {
        "count": 140.0,
        "sum": 885692784.9999999,
        "mean": 6326377.0357142845,
        "median": 2658033.9559064233,
        "min": 2881,
        "max": 28053136,
        "variance_ns2": 53164773965502.46,
        "iqr_ns": 10309044.037864437,
        "q1_ns": 517464.5899747759,
        "q3_ns": 10826508.627839213
      },
      "futex_op_counts": {
        "128": 140
      },
      "first_seen_ts_ns": 4843552454283,
      "last_seen_ts_ns": 4862563314280
    },
    {
      "tgid": 114672,
      "comm": "xhpcg",
      "cgroup_id": 40117,
      "wait_duration_stats_ns": {
        "count": 131.0,
        "sum": 871431903.0,
        "mean": 6652151.93129771,
        "median": 3420979.507748504,
        "min": 33343,
        "max": 27847082,
        "variance_ns2": 56211098544779.414,
        "iqr_ns": 11641076.035012376,
        "q1_ns": 754913.3501921548,
        "q3_ns": 12395989.38520453
      },
      "futex_op_counts": {
        "128": 131
      },
      "first_seen_ts_ns": 4843552605214,
      "last_seen_ts_ns": 4862563365441
    },
    {
      "tgid": 114663,
      "comm": "xhpcg",
      "cgroup_id": 40117,
      "wait_duration_stats_ns": {
        "count": 151.0,
        "sum": 866654558.9999995,
        "mean": 5739434.165562911,
        "median": 4709586.664664671,
        "min": 2362,
        "max": 29746001,
        "variance_ns2": 43941309627462.95,
        "iqr_ns": 8357481.73073029,
        "q1_ns": 918304.3523304278,
        "q3_ns": 9275786.083060717
      },
      "futex_op_counts": {
        "128": 151
      },
      "first_seen_ts_ns": 4843552647353,
      "last_seen_ts_ns": 4862563514366
    },
    {
      "tgid": 114649,
      "comm": "xhpcg",
      "cgroup_id": 40117,
      "wait_duration_stats_ns": {
        "count": 138.0,
        "sum": 865649549.9999998,
        "mean": 6272822.826086955,
        "median": 4869732.816079489,
        "min": 40149,
        "max": 28061874,
        "variance_ns2": 48544696354379.016,
        "iqr_ns": 10027084.408054778,
        "q1_ns": 853784.9156249282,
        "q3_ns": 10880869.323679706
      },
      "futex_op_counts": {
        "128": 138
      },
      "first_seen_ts_ns": 4843552721193,
      "last_seen_ts_ns": 4862563534380
    },
    {
      "tgid": 114668,
      "comm": "xhpcg",
      "cgroup_id": 40117,
      "wait_duration_stats_ns": {
        "count": 139.0,
        "sum": 851624091.9999999,
        "mean": 6126792.028776977,
        "median": 4565784.490151381,
        "min": 23402,
        "max": 28076998,
        "variance_ns2": 42637209345923.445,
        "iqr_ns": 9499346.846928276,
        "q1_ns": 754598.8580594218,
        "q3_ns": 10253945.704987697
      },
      "futex_op_counts": {
        "128": 139
      },
      "first_seen_ts_ns": 4843552305155,
      "last_seen_ts_ns": 4862563291814
    },
    {
      "tgid": 114669,
      "comm": "xhpcg",
      "cgroup_id": 40117,
      "wait_duration_stats_ns": {
        "count": 154.0,
        "sum": 850212910.9999998,
        "mean": 5520863.058441557,
        "median": 3098315.4988498394,
        "min": 33262,
        "max": 28188028,
        "variance_ns2": 43254644478490.98,
        "iqr_ns": 8284490.867245279,
        "q1_ns": 824285.0632082674,
        "q3_ns": 9108775.930453546
      },
      "futex_op_counts": {
        "128": 154
      },
      "first_seen_ts_ns": 4843552616258,
      "last_seen_ts_ns": 4862563551399
    },
    {
      "tgid": 114652,
      "comm": "xhpcg",
      "cgroup_id": 40117,
      "wait_duration_stats_ns": {
        "count": 126.0,
        "sum": 849922563.0000002,
        "mean": 6745417.166666669,
        "median": 5087195.029058072,
        "min": 151015,
        "max": 28186123,
        "variance_ns2": 42011999770081.43,
        "iqr_ns": 9477756.186730612,
        "q1_ns": 1269622.8087199228,
        "q3_ns": 10747378.995450534
      },
      "futex_op_counts": {
        "128": 126
      },
      "first_seen_ts_ns": 4843552415554,
      "last_seen_ts_ns": 4862563457262
    },
    {
      "tgid": 114648,
      "comm": "xhpcg",
      "cgroup_id": 40117,
      "wait_duration_stats_ns": {
        "count": 110.0,
        "sum": 844460002.9999999,
        "mean": 7676909.118181817,
        "median": 5300987.390040167,
        "min": 60544,
        "max": 28039035,
        "variance_ns2": 53006425913964.23,
        "iqr_ns": 12540421.448953714,
        "q1_ns": 1482329.6656173745,
        "q3_ns": 14022751.114571089
      },
      "futex_op_counts": {
        "128": 110
      },
      "first_seen_ts_ns": 4843552577686,
      "last_seen_ts_ns": 4862563478863
    },
    {
      "tgid": 114660,
      "comm": "xhpcg",
      "cgroup_id": 40117,
      "wait_duration_stats_ns": {
        "count": 132.0,
        "sum": 837067249.0000001,
        "mean": 6341418.553030304,
        "median": 4463962.864323599,
        "min": 25736,
        "max": 28126623,
        "variance_ns2": 42346753052570.66,
        "iqr_ns": 11287029.770920353,
        "q1_ns": 806951.1507793848,
        "q3_ns": 12093980.921699738
      },
      "futex_op_counts": {
        "128": 132
      },
      "first_seen_ts_ns": 4843552593398,
      "last_seen_ts_ns": 4862563540973
    },
    {
      "tgid": 114699,
      "comm": "runc",
      "cgroup_id": 4085,
      "wait_duration_stats_ns": {
        "count": 431.0,
        "sum": 704258730.0000001,
        "mean": 1634010.9744779584,
        "median": 64686.263019512655,
        "min": 1204,
        "max": 116744222,
        "variance_ns2": 116999654479364.22,
        "iqr_ns": 445987.3112174327,
        "q1_ns": 19938.568031903855,
        "q3_ns": 465925.8792493366
      },
      "futex_op_counts": {
        "128": 431
      },
      "first_seen_ts_ns": 4850860879694,
      "last_seen_ts_ns": 4850980808951
    },
    {
      "tgid": 115037,
      "comm": "runc:[2:INIT]",
      "cgroup_id": 5011,
      "wait_duration_stats_ns": {
        "count": 27.0,
        "sum": 700962555.0000001,
        "mean": 25961576.111111116,
        "median": 20162077.041780535,
        "min": 1467229,
        "max": 99972175,
        "variance_ns2": 599285538345126.2,
        "iqr_ns": 6073650.657652678,
        "q1_ns": 12601351.123581002,
        "q3_ns": 18675001.78123368
      },
      "futex_op_counts": {
        "128": 27
      },
      "first_seen_ts_ns": 4891430036469,
      "last_seen_ts_ns": 4891581527263
    },
    {
      "tgid": 114709,
      "comm": "runc:[2:INIT]",
      "cgroup_id": 5011,
      "wait_duration_stats_ns": {
        "count": 25.0,
        "sum": 638977664.0,
        "mean": 25559106.56,
        "median": 20398506.587829728,
        "min": 708,
        "max": 80581210,
        "variance_ns2": 871022111355830.4,
        "iqr_ns": 20448461.162153408,
        "q1_ns": 4249434.08635528,
        "q3_ns": 24697895.248508688
      },
      "futex_op_counts": {
        "128": 25
      },
      "first_seen_ts_ns": 4850869418221,
      "last_seen_ts_ns": 4851000061006
    },
    {
      "tgid": 114847,
      "comm": "runc",
      "cgroup_id": 4085,
      "wait_duration_stats_ns": {
        "count": 429.0,
        "sum": 565684522.0,
        "mean": 1318611.9393939395,
        "median": 68333.77338370343,
        "min": 6829,
        "max": 94093415,
        "variance_ns2": 104659769726454.19,
        "iqr_ns": 1471662.4188340588,
        "q1_ns": 20837.19768491519,
        "q3_ns": 1492499.616518974
      },
      "futex_op_counts": {
        "128": 429
      },
      "first_seen_ts_ns": 4870865664747,
      "last_seen_ts_ns": 4870962935490
    },
    {
      "tgid": 115252,
      "comm": "runc",
      "cgroup_id": 4085,
      "wait_duration_stats_ns": {
        "count": 414.0,
        "sum": 529419816.0,
        "mean": 1278791.8260869565,
        "median": 54935.988201866254,
        "min": 1234,
        "max": 90319878,
        "variance_ns2": 101160560866168.88,
        "iqr_ns": 185560.8775327341,
        "q1_ns": 19727.28309135109,
        "q3_ns": 205288.1606240852
      },
      "futex_op_counts": {
        "128": 414
      },
      "first_seen_ts_ns": 4900859496657,
      "last_seen_ts_ns": 4900951835233
    },
    {
      "tgid": 115276,
      "comm": "runc",
      "cgroup_id": 4085,
      "wait_duration_stats_ns": {
        "count": 419.0,
        "sum": 500996812.0,
        "mean": 1195696.4486873508,
        "median": 52431.87841138255,
        "min": 1246,
        "max": 85602540,
        "variance_ns2": 89257217007775.4,
        "iqr_ns": 207831.2864445864,
        "q1_ns": 16244.040308149459,
        "q3_ns": 224075.32675273588
      },
      "futex_op_counts": {
        "128": 419
      },
      "first_seen_ts_ns": 4901234089897,
      "last_seen_ts_ns": 4901321764418
    },
    {
      "tgid": 114964,
      "comm": "xhpcg",
      "cgroup_id": 40117,
      "wait_duration_stats_ns": {
        "count": 70.0,
        "sum": 476820907.9999998,
        "mean": 6811727.257142855,
        "median": 3546903.941540456,
        "min": 72422,
        "max": 29323734,
        "variance_ns2": 54805658953842.57,
        "iqr_ns": 7444417.586066798,
        "q1_ns": 1219935.2174253862,
        "q3_ns": 8664352.803492185
      },
      "futex_op_counts": {
        "128": 70
      },
      "first_seen_ts_ns": 4882015659818,
      "last_seen_ts_ns": 4898916545641
    },
    {
      "tgid": 114972,
      "comm": "xhpcg",
      "cgroup_id": 40117,
      "wait_duration_stats_ns": {
        "count": 71.0,
        "sum": 469532169.9999999,
        "mean": 6613129.1549295755,
        "median": 3952855.491145596,
        "min": 23526,
        "max": 28202495,
        "variance_ns2": 44790732455296.94,
        "iqr_ns": 10207042.532348622,
        "q1_ns": 1439947.4428023323,
        "q3_ns": 11646989.975150954
      },
      "futex_op_counts": {
        "128": 71
      },
      "first_seen_ts_ns": 4882015791767,
      "last_seen_ts_ns": 4898916326264
    },
    {
      "tgid": 114959,
      "comm": "xhpcg",
      "cgroup_id": 40117,
      "wait_duration_stats_ns": {
        "count": 65.0,
        "sum": 468803997.0,
        "mean": 7212369.184615385,
        "median": 5245503.853814862,
        "min": 264792,
        "max": 28889198,
        "variance_ns2": 46676929848925.47,
        "iqr_ns": 9140021.711207688,
        "q1_ns": 2196917.190454862,
        "q3_ns": 11336938.90166255
      },
      "futex_op_counts": {
        "128": 65
      },
      "first_seen_ts_ns": 4882015653684,
      "last_seen_ts_ns": 4898916501487
    },
    {
      "tgid": 114956,
      "comm": "xhpcg",
      "cgroup_id": 40117,
      "wait_duration_stats_ns": {
        "count": 74.0,
        "sum": 464939446.0,
        "mean": 6282965.486486486,
        "median": 4254403.986184409,
        "min": 47032,
        "max": 29272161,
        "variance_ns2": 46875811071269.766,
        "iqr_ns": 6712860.775752193,
        "q1_ns": 1179277.8653110082,
        "q3_ns": 7892138.641063201
      },
      "futex_op_counts": {
        "128": 74
      },
      "first_seen_ts_ns": 4882015945702,
      "last_seen_ts_ns": 4898916590358
    },
    {
      "tgid": 114954,
      "comm": "xhpcg",
      "cgroup_id": 40117,
      "wait_duration_stats_ns": {
        "count": 65.0,
        "sum": 461668543.99999994,
        "mean": 7102592.984615384,
        "median": 5992507.669268204,
        "min": 55157,
        "max": 28649450,
        "variance_ns2": 52154067879099.1,
        "iqr_ns": 10291476.273095941,
        "q1_ns": 1141161.640271132,
        "q3_ns": 11432637.913367074
      },
      "futex_op_counts": {
        "128": 65
      },
      "first_seen_ts_ns": 4882016146738,
      "last_seen_ts_ns": 4898916330044
    },
    {
      "tgid": 114965,
      "comm": "xhpcg",
      "cgroup_id": 40117,
      "wait_duration_stats_ns": {
        "count": 67.0,
        "sum": 456484237.99999994,
        "mean": 6813197.582089552,
        "median": 4189383.9319293858,
        "min": 1676,
        "max": 28744355,
        "variance_ns2": 57079988511534.375,
        "iqr_ns": 7029511.11046158,
        "q1_ns": 1242464.224940686,
        "q3_ns": 8271975.335402266
      },
      "futex_op_counts": {
        "128": 67
      },
      "first_seen_ts_ns": 4882015671169,
      "last_seen_ts_ns": 4898916320755
    },
    {
      "tgid": 114958,
      "comm": "xhpcg",
      "cgroup_id": 40117,
      "wait_duration_stats_ns": {
        "count": 66.0,
        "sum": 455444386.0,
        "mean": 6900672.515151516,
        "median": 4349070.244478035,
        "min": 73076,
        "max": 28901445,
        "variance_ns2": 56678672385097.195,
        "iqr_ns": 9189356.906221623,
        "q1_ns": 1158789.0205766293,
        "q3_ns": 10348145.926798252
      },
      "futex_op_counts": {
        "128": 66
      },
      "first_seen_ts_ns": 4882015645293,
      "last_seen_ts_ns": 4898916414636
    },
    {
      "tgid": 114974,
      "comm": "xhpcg",
      "cgroup_id": 40117,
      "wait_duration_stats_ns": {
        "count": 59.0,
        "sum": 447171059.99999994,
        "mean": 7579170.508474575,
        "median": 4004846.556763551,
        "min": 45364,
        "max": 28750915,
        "variance_ns2": 64097164239004.164,
        "iqr_ns": 11410727.979904689,
        "q1_ns": 967033.0445459593,
        "q3_ns": 12377761.024450649
      },
      "futex_op_counts": {
        "128": 59
      },
      "first_seen_ts_ns": 4882015687138,
      "last_seen_ts_ns": 4898916346752
    },
    {
      "tgid": 114858,
      "comm": "runc:[2:INIT]",
      "cgroup_id": 5011,
      "wait_duration_stats_ns": {
        "count": 24.0,
        "sum": 438080666.0,
        "mean": 18253361.083333332,
        "median": 2270179.5568253966,
        "min": 526,
        "max": 88070465,
        "variance_ns2": 1284772693330563.2,
        "iqr_ns": 31445002.920869768,
        "q1_ns": 35316.666666666664,
        "q3_ns": 31480319.587536436
      },
      "futex_op_counts": {
        "128": 24
      },
      "first_seen_ts_ns": 4870874441861,
      "last_seen_ts_ns": 4870962821379
    },
    {
      "tgid": 114955,
      "comm": "xhpcg",
      "cgroup_id": 40117,
      "wait_duration_stats_ns": {
        "count": 60.0,
        "sum": 437401059.00000006,
        "mean": 7290017.650000001,
        "median": 4939870.454213827,
        "min": 41557,
        "max": 28875258,
        "variance_ns2": 60050888929904.63,
        "iqr_ns": 12374199.438513126,
        "q1_ns": 855560.861967152,
        "q3_ns": 13229760.300480278
      },
      "futex_op_counts": {
        "128": 60
      },
      "first_seen_ts_ns": 4882015746511,
      "last_seen_ts_ns": 4898916568947
    },
    {
      "tgid": 114957,
      "comm": "xhpcg",
      "cgroup_id": 40117,
      "wait_duration_stats_ns": {
        "count": 49.0,
        "sum": 436219487.00000006,
        "mean": 8902438.510204082,
        "median": 6401495.067567944,
        "min": 148349,
        "max": 29549704,
        "variance_ns2": 67106328091061.48,
        "iqr_ns": 12423277.49732845,
        "q1_ns": 1817414.7828793197,
        "q3_ns": 14240692.28020777
      },
      "futex_op_counts": {
        "128": 49
      },
      "first_seen_ts_ns": 4882015684292,
      "last_seen_ts_ns": 4898916564667
    },
    {
      "tgid": 114976,
      "comm": "xhpcg",
      "cgroup_id": 40117,
      "wait_duration_stats_ns": {
        "count": 69.0,
        "sum": 435800854.00000006,
        "mean": 6315954.4057971025,
        "median": 4169368.5610950305,
        "min": 34231,
        "max": 29353055,
        "variance_ns2": 40332046558266.914,
        "iqr_ns": 7857999.254087085,
        "q1_ns": 1076503.3016843884,
        "q3_ns": 8934502.555771474
      },
      "futex_op_counts": {
        "128": 69
      },
      "first_seen_ts_ns": 4882015799337,
      "last_seen_ts_ns": 4898916603565
    },
    {
      "tgid": 114969,
      "comm": "xhpcg",
      "cgroup_id": 40117,
      "wait_duration_stats_ns": {
        "count": 65.0,
        "sum": 432530024.9999999,
        "mean": 6654308.076923075,
        "median": 4074839.909925598,
        "min": 42950,
        "max": 29150243,
        "variance_ns2": 52214340968148.38,
        "iqr_ns": 9420594.706348995,
        "q1_ns": 718612.9029635382,
        "q3_ns": 10139207.609312532
      },
      "futex_op_counts": {
        "128": 65
      },
      "first_seen_ts_ns": 4882015731193,
      "last_seen_ts_ns": 4898916632271
    },
    {
      "tgid": 114968,
      "comm": "xhpcg",
      "cgroup_id": 40117,
      "wait_duration_stats_ns": {
        "count": 64.0,
        "sum": 432238451.00000006,
        "mean": 6753725.796875001,
        "median": 3936264.341629953,
        "min": 49188,
        "max": 28789233,
        "variance_ns2": 52263673683977.35,
        "iqr_ns": 10161284.215507364,
        "q1_ns": 799683.8686417247,
        "q3_ns": 10960968.084149089
      },
      "futex_op_counts": {
        "128": 64
      },
      "first_seen_ts_ns": 4882015788765,
      "last_seen_ts_ns": 4898916633465
    },
    {
      "tgid": 114961,
      "comm": "xhpcg",
      "cgroup_id": 40117,
      "wait_duration_stats_ns": {
        "count": 64.0,
        "sum": 428184966.00000006,
        "mean": 6690390.093750001,
        "median": 3741534.627094021,
        "min": 68943,
        "max": 29318575,
        "variance_ns2": 51368713035569.02,
        "iqr_ns": 9928676.544056142,
        "q1_ns": 764826.2014872978,
        "q3_ns": 10693502.745543439
      },
      "futex_op_counts": {
        "128": 64
      },
      "first_seen_ts_ns": 4882015669428,
      "last_seen_ts_ns": 4898916600808
    },
    {
      "tgid": 114978,
      "comm": "xhpcg",
      "cgroup_id": 40117,
      "wait_duration_stats_ns": {
        "count": 63.0,
        "sum": 426863588.00000006,
        "mean": 6775612.507936509,
        "median": 3909656.975437822,
        "min": 83606,
        "max": 28379570,
        "variance_ns2": 51702291712841.07,
        "iqr_ns": 9744589.0508079,
        "q1_ns": 793723.7692288463,
        "q3_ns": 10538312.820036747
      },
      "futex_op_counts": {
        "128": 63
      },
      "first_seen_ts_ns": 4882015696158,
      "last_seen_ts_ns": 4898916380969
    },
    {
      "tgid": 115262,
      "comm": "runc:[2:INIT]",
      "cgroup_id": 5011,
      "wait_duration_stats_ns": {
        "count": 23.0,
        "sum": 426719427.00000006,
        "mean": 18553018.565217394,
        "median": 318917.138623725,
        "min": 1965,
        "max": 85626230,
        "variance_ns2": 1270272505759431.8,
        "iqr_ns": 35269939.04938438,
        "q1_ns": 183177.97528200323,
        "q3_ns": 35453117.024666384
      },
      "futex_op_counts": {
        "128": 23
      },
      "first_seen_ts_ns": 4900865980298,
      "last_seen_ts_ns": 4900951860940
    },
    {
      "tgid": 114937,
      "comm": "runc:[2:INIT]",
      "cgroup_id": 5011,
      "wait_duration_stats_ns": {
        "count": 25.0,
        "sum": 423799853.0,
        "mean": 16951994.12,
        "median": 1876446.2373344146,
        "min": 1593,
        "max": 85138249,
        "variance_ns2": 1169097224935548.0,
        "iqr_ns": 16281218.262457283,
        "q1_ns": 129787.91992351395,
        "q3_ns": 16411006.182380797
      },
      "futex_op_counts": {
        "128": 25
      },
      "first_seen_ts_ns": 4881436851757,
      "last_seen_ts_ns": 4881522330779
    },
    {
      "tgid": 114980,
      "comm": "xhpcg",
      "cgroup_id": 40117,
      "wait_duration_stats_ns": {
        "count": 58.0,
        "sum": 422766537.99999994,
        "mean": 7289078.241379309,
        "median": 5447120.637532432,
        "min": 19091,
        "max": 28874980,
        "variance_ns2": 57317599073633.31,
        "iqr_ns": 11519189.769855354,
        "q1_ns": 1455671.8407041812,
        "q3_ns": 12974861.610559534
      },
      "futex_op_counts": {
        "128": 58
      },
      "first_seen_ts_ns": 4882015749506,
      "last_seen_ts_ns": 4898916559123
    },
    {
      "tgid": 115286,
      "comm": "runc:[2:INIT]",
      "cgroup_id": 5011,
      "wait_duration_stats_ns": {
        "count": 25.0,
        "sum": 403340672.99999994,
        "mean": 16133626.919999998,
        "median": 247387.50949242566,
        "min": 458,
        "max": 80982695,
        "variance_ns2": 1062168250184033.1,
        "iqr_ns": 22248269.48866954,
        "q1_ns": 85766.19698728822,
        "q3_ns": 22334035.68565683
      },
      "futex_op_counts": {
        "128": 25
      },
      "first_seen_ts_ns": 4901240570272,
      "last_seen_ts_ns": 4901321778625
    },
    {
      "tgid": 115037,
      "comm": "grpc-health-pro",
      "cgroup_id": 5011,
      "wait_duration_stats_ns": {
        "count": 13.0,
        "sum": 363002373.0,
        "mean": 27923259.46153846,
        "median": 23277109.907407407,
        "min": 9965936,
        "max": 59990235,
        "variance_ns2": 275305216134351.62,
        "iqr_ns": 18084735.44526749,
        "q1_ns": 18645871.0,
        "q3_ns": 36730606.44526749
      },
      "futex_op_counts": {
        "128": 13
      },
      "first_seen_ts_ns": 4891600043873,
      "last_seen_ts_ns": 4891670043717
    },
    {
      "tgid": 114780,
      "comm": "grpc-health-pro",
      "cgroup_id": 5011,
      "wait_duration_stats_ns": {
        "count": 14.0,
        "sum": 355371496.00000006,
        "mean": 25383678.28571429,
        "median": 22466036.427083336,
        "min": 9962891,
        "max": 49970126,
        "variance_ns2": 167760599811692.94,
        "iqr_ns": 7331238.834657066,
        "q1_ns": 18894117.495555557,
        "q3_ns": 26225356.330212623
      },
      "futex_op_counts": {
        "128": 14
      },
      "first_seen_ts_ns": 4861730034876,
      "last_seen_ts_ns": 4861800042275
    },
    {
      "tgid": 114885,
      "comm": "grpc-health-pro",
      "cgroup_id": 5011,
      "wait_duration_stats_ns": {
        "count": 20.0,
        "sum": 273706720.0,
        "mean": 13685336.0,
        "median": 4142117.352754341,
        "min": 7997,
        "max": 40574074,
        "variance_ns2": 288107896003227.8,
        "iqr_ns": 23176769.766002692,
        "q1_ns": 383959.1072916666,
        "q3_ns": 23560728.873294357
      },
      "futex_op_counts": {
        "128": 20
      },
      "first_seen_ts_ns": 4871727861196,
      "last_seen_ts_ns": 4871770168308
    },
    {
      "tgid": 115014,
      "comm": "grpc-health-pro",
      "cgroup_id": 5011,
      "wait_duration_stats_ns": {
        "count": 15.0,
        "sum": 271838761.0,
        "mean": 18122584.066666666,
        "median": 12907926.299074076,
        "min": 55443,
        "max": 39963082,
        "variance_ns2": 179625756121091.94,
        "iqr_ns": 13860351.445058469,
        "q1_ns": 10670915.152839504,
        "q3_ns": 24531266.597897973
      },
      "futex_op_counts": {
        "128": 15
      },
      "first_seen_ts_ns": 4891370052362,
      "last_seen_ts_ns": 4891430049763
    },
    {
      "tgid": 114911,
      "comm": "grpc-health-pro",
      "cgroup_id": 5011,
      "wait_duration_stats_ns": {
        "count": 12.0,
        "sum": 235202110.99999997,
        "mean": 19600175.916666664,
        "median": 14977830.9375,
        "min": 6724,
        "max": 48394331,
        "variance_ns2": 326336053642129.75,
        "iqr_ns": 26320046.95601852,
        "q1_ns": 767982.25,
        "q3_ns": 27088029.20601852
      },
      "futex_op_counts": {
        "128": 12
      },
      "first_seen_ts_ns": 4881090040828,
      "last_seen_ts_ns": 4881140294294
    },
    {
      "tgid": 114709,
      "comm": "grpc-health-pro",
      "cgroup_id": 5011,
      "wait_duration_stats_ns": {
        "count": 12.0,
        "sum": 225483174.0,
        "mean": 18790264.5,
        "median": 15909656.685185185,
        "min": 7462,
        "max": 38128544,
        "variance_ns2": 187261127266772.8,
        "iqr_ns": 28366929.358174603,
        "q1_ns": 1693912.0,
        "q3_ns": 30060841.358174603
      },
      "futex_op_counts": {
        "128": 12
      },
      "first_seen_ts_ns": 4851030043117,
      "last_seen_ts_ns": 4851070084438
    },
    {
      "tgid": 114756,
      "comm": "grpc-health-pro",
      "cgroup_id": 5011,
      "wait_duration_stats_ns": {
        "count": 16.0,
        "sum": 139177244.00000003,
        "mean": 8698577.750000002,
        "median": 7446238.179804895,
        "min": 26998,
        "max": 26764864,
        "variance_ns2": 56901674319620.33,
        "iqr_ns": 11831597.863530094,
        "q1_ns": 2326009.0117901233,
        "q3_ns": 14157606.875320217
      },
      "futex_op_counts": {
        "128": 16
      },
      "first_seen_ts_ns": 4861330042982,
      "last_seen_ts_ns": 4861361452487
    },
    {
      "tgid": 114734,
      "comm": "grpc-health-pro",
      "cgroup_id": 5011,
      "wait_duration_stats_ns": {
        "count": 12.0,
        "sum": 82366058.00000001,
        "mean": 6863838.166666668,
        "median": 2360716.527777778,
        "min": 21914,
        "max": 19992879,
        "variance_ns2": 57110768143008.52,
        "iqr_ns": 12886859.654761905,
        "q1_ns": 228175.0,
        "q3_ns": 13115034.654761905
      },
      "futex_op_counts": {
        "128": 12
      },
      "first_seen_ts_ns": 4851702618179,
      "last_seen_ts_ns": 4851730039626
    },
    {
      "tgid": 114858,
      "comm": "grpc-health-pro",
      "cgroup_id": 5011,
      "wait_duration_stats_ns": {
        "count": 20.0,
        "sum": 22809929.0,
        "mean": 1140496.45,
        "median": 202342.54181916104,
        "min": 16442,
        "max": 6292799,
        "variance_ns2": 3346167228161.734,
        "iqr_ns": 1255598.4128881409,
        "q1_ns": 43111.75795288486,
        "q3_ns": 1298710.1708410257
      },
      "futex_op_counts": {
        "128": 20
      },
      "first_seen_ts_ns": 4870965224692,
      "last_seen_ts_ns": 4870972763755
    },
    {
      "tgid": 115286,
      "comm": "grpc-health-pro",
      "cgroup_id": 5011,
      "wait_duration_stats_ns": {
        "count": 34.0,
        "sum": 8212166.0,
        "mean": 241534.29411764705,
        "median": 64063.38989538362,
        "min": 1158,
        "max": 1267095,
        "variance_ns2": 144423763910.63815,
        "iqr_ns": 221773.5028192861,
        "q1_ns": 21126.157139832405,
        "q3_ns": 242899.65995911852
      },
      "futex_op_counts": {
        "128": 34
      },
      "first_seen_ts_ns": 4901323389100,
      "last_seen_ts_ns": 4901325588572
    },
    {
      "tgid": 115262,
      "comm": "grpc-health-pro",
      "cgroup_id": 5011,
      "wait_duration_stats_ns": {
        "count": 29.0,
        "sum": 7909075.999999999,
        "mean": 272726.7586206896,
        "median": 70289.64757356486,
        "min": 3653,
        "max": 1250601,
        "variance_ns2": 150424365134.26108,
        "iqr_ns": 252069.83665525905,
        "q1_ns": 24903.400776574115,
        "q3_ns": 276973.2374318332
      },
      "futex_op_counts": {
        "128": 29
      },
      "first_seen_ts_ns": 4900953357052,
      "last_seen_ts_ns": 4900955466658
    },
    {
      "tgid": 114937,
      "comm": "grpc-health-pro",
      "cgroup_id": 5011,
      "wait_duration_stats_ns": {
        "count": 32.0,
        "sum": 7817722.999999999,
        "mean": 244303.84374999997,
        "median": 56731.249495980206,
        "min": 8724,
        "max": 1196689,
        "variance_ns2": 138258906108.13608,
        "iqr_ns": 198102.03237548794,
        "q1_ns": 22450.897147851527,
        "q3_ns": 220552.92952333947
      },
      "futex_op_counts": {
        "128": 32
      },
      "first_seen_ts_ns": 4881523901375,
      "last_seen_ts_ns": 4881525953355
    },
    {
      "tgid": 114458,
      "comm": "flux-broker-0",
      "cgroup_id": 40117,
      "wait_duration_stats_ns": {
        "count": 256.0,
        "sum": 380524.99999999994,
        "mean": 1486.4257812499998,
        "median": 526.3864215812825,
        "min": 271,
        "max": 13887,
        "variance_ns2": 7195342.763097432,
        "iqr_ns": 664.8923045870608,
        "q1_ns": 392.4455373425494,
        "q3_ns": 1057.3378419296102
      },
      "futex_op_counts": {
        "128": 256
      },
      "first_seen_ts_ns": 4843167743706,
      "last_seen_ts_ns": 4905209601492
    }
  ]
}
[21:50:00] Cleanup complete.
