unlimited
PROGRAM: cpu
Looking for /opt/programs/cpu/ebpf-collect.c
[02:14:41] Waiting for start indicator file: '/mnt/flux/start_ebpf_collection'.
[02:14:47] Start indicator found. Proceeding with monitoring.
[02:14:47] Initializing eBPF for CPU Scheduling monitoring...
[02:14:48] BPF C code compiled and loaded.
[02:14:48] Attached tracepoints.
[02:14:48] Monitoring CPU scheduling events (polling aggregated map)... Press Ctrl+C to stop.
[02:15:53] Stop indicator file '/mnt/flux/stop_ebpf_collection' found. Stopping.
[02:15:53] Initiating cleanup sequence...
{
  "final_aggregated_summary_river": [
    {
      "tgid": 216,
      "comm": "python3",
      "cgroup_id": 34274,
      "on_cpu_stats_ns": {
        "count": 500.0,
        "sum_ns": 36948301.96538459,
        "mean_ns": 73896.60393076917,
        "median_ns": 45917.37225448781,
        "min_ns": 4783.0,
        "max_ns": 2932058.0,
        "variance_ns2": 33188778375.310852,
        "iqr_ns": 74637.14395171903,
        "q1_ns": 20108.70022257506,
        "q3_ns": 94745.84417429409
      },
      "runq_latency_stats_ns": {
        "count": 500.0,
        "sum_ns": 16618326.867948694,
        "mean_ns": 33236.65373589739,
        "median_ns": 16424.31679731369,
        "min_ns": 656.0,
        "max_ns": 4981157.0,
        "variance_ns2": 51527108984.52746,
        "iqr_ns": 32650.711292050175,
        "q1_ns": 6050.54891623478,
        "q3_ns": 38701.260208284955
      },
      "first_seen_ts_ns": 1749953688461193950,
      "last_seen_ts_ns": 1749953753741494477,
      "duration_active_s": 65.280300527
    },
    {
      "tgid": 95,
      "comm": "python3",
      "cgroup_id": 34190,
      "on_cpu_stats_ns": {
        "count": 473.0,
        "sum_ns": 32782040.833333306,
        "mean_ns": 69306.6402396053,
        "median_ns": 39119.619036024116,
        "min_ns": 4219.0,
        "max_ns": 1659491.0,
        "variance_ns2": 16125825134.772566,
        "iqr_ns": 78729.0996244514,
        "q1_ns": 19176.050842643082,
        "q3_ns": 97905.15046709447
      },
      "runq_latency_stats_ns": {
        "count": 473.0,
        "sum_ns": 14730059.333333327,
        "mean_ns": 31141.7744890768,
        "median_ns": 14736.87263255054,
        "min_ns": 724.0,
        "max_ns": 1986020.0,
        "variance_ns2": 16351527143.062271,
        "iqr_ns": 32481.86240120284,
        "q1_ns": 7122.971742258279,
        "q3_ns": 39604.83414346112
      },
      "first_seen_ts_ns": 1749953688461193950,
      "last_seen_ts_ns": 1749953753741494477,
      "duration_active_s": 65.280300527
    },
    {
      "tgid": 183,
      "comm": "flux-broker-0",
      "cgroup_id": 34358,
      "on_cpu_stats_ns": {
        "count": 104.0,
        "sum_ns": 9128291.928571427,
        "mean_ns": 87772.03777472526,
        "median_ns": 40321.29047979399,
        "min_ns": 5056.0,
        "max_ns": 763455.0,
        "variance_ns2": 16598071149.320387,
        "iqr_ns": 101766.82922612553,
        "q1_ns": 20951.299073335023,
        "q3_ns": 122718.12829946056
      },
      "runq_latency_stats_ns": {
        "count": 104.0,
        "sum_ns": 2367163.214285714,
        "mean_ns": 22761.184752747253,
        "median_ns": 13694.062824539293,
        "min_ns": 822.0,
        "max_ns": 585481.5,
        "variance_ns2": 3488013208.883455,
        "iqr_ns": 16118.97958218743,
        "q1_ns": 6070.551228950173,
        "q3_ns": 22189.530811137603
      },
      "first_seen_ts_ns": 1749953688681119266,
      "last_seen_ts_ns": 1749953751499332997,
      "duration_active_s": 62.818213731
    },
    {
      "tgid": 351,
      "comm": "xhpcg",
      "cgroup_id": 34358,
      "on_cpu_stats_ns": {
        "count": 50.0,
        "sum_ns": 3772315.096611721,
        "mean_ns": 75446.30193223442,
        "median_ns": 14123.477791690797,
        "min_ns": 4810.0,
        "max_ns": 614764.5,
        "variance_ns2": 22833416865.510895,
        "iqr_ns": 24349.98102418495,
        "q1_ns": 10018.06405132387,
        "q3_ns": 34368.04507550882
      },
      "runq_latency_stats_ns": {
        "count": 50.0,
        "sum_ns": 15600370.61568987,
        "mean_ns": 312007.4123137974,
        "median_ns": 48748.68696118638,
        "min_ns": 1254.0,
        "max_ns": 12713546.0,
        "variance_ns2": 3217928521541.255,
        "iqr_ns": 250245.27278895056,
        "q1_ns": 14852.795822989403,
        "q3_ns": 265098.06861193996
      },
      "first_seen_ts_ns": 1749953691481166593,
      "last_seen_ts_ns": 1749953698737352359,
      "duration_active_s": 7.256185766
    },
    {
      "tgid": 319,
      "comm": "python3",
      "cgroup_id": 34358,
      "on_cpu_stats_ns": {
        "count": 18.0,
        "sum_ns": 2084868.0,
        "mean_ns": 115826.0,
        "median_ns": 50279.79031672546,
        "min_ns": 5013.0,
        "max_ns": 414169.5,
        "variance_ns2": 11709521922.558823,
        "iqr_ns": 103834.58734321543,
        "q1_ns": 41553.995857338814,
        "q3_ns": 145388.58320055425
      },
      "runq_latency_stats_ns": {
        "count": 18.0,
        "sum_ns": 245471.5,
        "mean_ns": 13637.305555555555,
        "median_ns": 5676.90625,
        "min_ns": 3179.0,
        "max_ns": 64825.0,
        "variance_ns2": 326421475.82761437,
        "iqr_ns": 9983.508771258505,
        "q1_ns": 3952.880208333333,
        "q3_ns": 13936.388979591839
      },
      "first_seen_ts_ns": 1749953688571127004,
      "last_seen_ts_ns": 1749953692261162145,
      "duration_active_s": 3.690035141
    },
    {
      "tgid": 183,
      "comm": "ZMQbg/IO/0",
      "cgroup_id": 34358,
      "on_cpu_stats_ns": {
        "count": 16.0,
        "sum_ns": 1610367.5,
        "mean_ns": 100647.96875,
        "median_ns": 93113.88835648149,
        "min_ns": 9647.0,
        "max_ns": 267739.0,
        "variance_ns2": 4584809180.548959,
        "iqr_ns": 103774.84160493828,
        "q1_ns": 41369.096666666665,
        "q3_ns": 145143.93827160494
      },
      "runq_latency_stats_ns": {
        "count": 16.0,
        "sum_ns": 416281.49999999994,
        "mean_ns": 26017.593749999996,
        "median_ns": 13904.474285714285,
        "min_ns": 783.0,
        "max_ns": 113459.0,
        "variance_ns2": 963546682.840625,
        "iqr_ns": 19872.41846064815,
        "q1_ns": 6229.008333333333,
        "q3_ns": 26101.426793981485
      },
      "first_seen_ts_ns": 1749953688681119266,
      "last_seen_ts_ns": 1749953749134209678,
      "duration_active_s": 60.453090412
    },
    {
      "tgid": 339,
      "comm": "xhpcg",
      "cgroup_id": 34358,
      "on_cpu_stats_ns": {
        "count": 37.0,
        "sum_ns": 825093.0000000001,
        "mean_ns": 22299.810810810814,
        "median_ns": 22023.38543905719,
        "min_ns": 5457.0,
        "max_ns": 41468.0,
        "variance_ns2": 97179707.87987988,
        "iqr_ns": 17200.117318917764,
        "q1_ns": 12066.28682755262,
        "q3_ns": 29266.404146470384
      },
      "runq_latency_stats_ns": {
        "count": 37.0,
        "sum_ns": 11251583.000000002,
        "mean_ns": 304096.83783783787,
        "median_ns": 35529.851656764644,
        "min_ns": 3521.0,
        "max_ns": 10002843.0,
        "variance_ns2": 2697995127830.862,
        "iqr_ns": 150271.54617416332,
        "q1_ns": 6323.176165815675,
        "q3_ns": 156594.722339979
      },
      "first_seen_ts_ns": 1749953688571127004,
      "last_seen_ts_ns": 1749953708164668151,
      "duration_active_s": 19.593541147
    },
    {
      "tgid": 1,
      "comm": "pause",
      "cgroup_id": 33938,
      "on_cpu_stats_ns": {
        "count": 2.0,
        "sum_ns": 800588.7142857143,
        "mean_ns": 400294.35714285716,
        "median_ns": 450317.0,
        "min_ns": 350271.71428571426,
        "max_ns": 450317.0,
        "variance_ns2": 5004529596.826536,
        "iqr_ns": 100045.28571428574,
        "q1_ns": 350271.71428571426,
        "q3_ns": 450317.0
      },
      "runq_latency_stats_ns": {
        "count": 2.0,
        "sum_ns": 13496.126984126984,
        "mean_ns": 6748.063492063492,
        "median_ns": 12566.555555555555,
        "min_ns": 929.5714285714286,
        "max_ns": 12566.555555555555,
        "variance_ns2": 67709699.78584026,
        "iqr_ns": 11636.984126984125,
        "q1_ns": 929.5714285714286,
        "q3_ns": 12566.555555555555
      },
      "first_seen_ts_ns": 1749953741541170451,
      "last_seen_ts_ns": 1749953753741494477,
      "duration_active_s": 12.200324026
    },
    {
      "tgid": 324,
      "comm": "xhpcg",
      "cgroup_id": 34358,
      "on_cpu_stats_ns": {
        "count": 13.0,
        "sum_ns": 676922.75,
        "mean_ns": 52070.98076923077,
        "median_ns": 40345.0505952381,
        "min_ns": 10926.0,
        "max_ns": 135191.0,
        "variance_ns2": 1820977107.5464745,
        "iqr_ns": 49135.821132651734,
        "q1_ns": 19502.002345357516,
        "q3_ns": 68637.82347800925
      },
      "runq_latency_stats_ns": {
        "count": 13.0,
        "sum_ns": 227546.99999999997,
        "mean_ns": 17503.615384615383,
        "median_ns": 14068.75,
        "min_ns": 873.0,
        "max_ns": 57270.0,
        "variance_ns2": 218663073.7564102,
        "iqr_ns": 9225.419753086418,
        "q1_ns": 11594.25,
        "q3_ns": 20819.66975308642
      },
      "first_seen_ts_ns": 1749953688571127004,
      "last_seen_ts_ns": 1749953708590226166,
      "duration_active_s": 20.019099162
    },
    {
      "tgid": 349,
      "comm": "xhpcg",
      "cgroup_id": 34358,
      "on_cpu_stats_ns": {
        "count": 45.0,
        "sum_ns": 507994.1250000002,
        "mean_ns": 11288.758333333337,
        "median_ns": 10909.88821573457,
        "min_ns": 4090.5,
        "max_ns": 37920.0,
        "variance_ns2": 36547017.66761912,
        "iqr_ns": 4382.820435483422,
        "q1_ns": 7634.416870754675,
        "q3_ns": 12017.237306238098
      },
      "runq_latency_stats_ns": {
        "count": 45.0,
        "sum_ns": 243945.32619047616,
        "mean_ns": 5421.007248677248,
        "median_ns": 5291.411572645562,
        "min_ns": 1481.125,
        "max_ns": 14703.0,
        "variance_ns2": 7432581.540163357,
        "iqr_ns": 2946.426727817517,
        "q1_ns": 3940.5091219841893,
        "q3_ns": 6886.935849801706
      },
      "first_seen_ts_ns": 1749953690601159756,
      "last_seen_ts_ns": 1749953701051115400,
      "duration_active_s": 10.449955644
    },
    {
      "tgid": 325,
      "comm": "xhpcg",
      "cgroup_id": 34358,
      "on_cpu_stats_ns": {
        "count": 5.0,
        "sum_ns": 482895.0,
        "mean_ns": 96579.0,
        "median_ns": 86449.0,
        "min_ns": 12249.0,
        "max_ns": 182801.0,
        "variance_ns2": 6067671651.5,
        "iqr_ns": 138480.0,
        "q1_ns": 31458.0,
        "q3_ns": 169938.0
      },
      "runq_latency_stats_ns": {
        "count": 5.0,
        "sum_ns": 65086.0,
        "mean_ns": 13017.2,
        "median_ns": 4897.0,
        "min_ns": 2699.0,
        "max_ns": 41600.0,
        "variance_ns2": 265900383.20000005,
        "iqr_ns": 6748.0,
        "q1_ns": 4571.0,
        "q3_ns": 11319.0
      },
      "first_seen_ts_ns": 1749953688681119266,
      "last_seen_ts_ns": 1749953689831114908,
      "duration_active_s": 1.149995642
    },
    {
      "tgid": 183,
      "comm": "ZMQbg/Reaper",
      "cgroup_id": 34358,
      "on_cpu_stats_ns": {
        "count": 17.0,
        "sum_ns": 374284.0,
        "mean_ns": 22016.70588235294,
        "median_ns": 22806.833349500295,
        "min_ns": 6112.0,
        "max_ns": 34432.0,
        "variance_ns2": 77607904.72058824,
        "iqr_ns": 12009.343404792511,
        "q1_ns": 16603.15262849794,
        "q3_ns": 28612.496033290452
      },
      "runq_latency_stats_ns": {
        "count": 17.0,
        "sum_ns": 224787.5,
        "mean_ns": 13222.79411764706,
        "median_ns": 15429.916666666668,
        "min_ns": 1717.0,
        "max_ns": 19645.0,
        "variance_ns2": 27059976.595588237,
        "iqr_ns": 5106.740171540139,
        "q1_ns": 11288.139610389611,
        "q3_ns": 16394.87978192975
      },
      "first_seen_ts_ns": 1749953691481166593,
      "last_seen_ts_ns": 1749953751499332997,
      "duration_active_s": 60.018166404
    },
    {
      "tgid": 44,
      "comm": "bash",
      "cgroup_id": 34274,
      "on_cpu_stats_ns": {
        "count": 16.0,
        "sum_ns": 299071.0,
        "mean_ns": 18691.9375,
        "median_ns": 18997.181746031747,
        "min_ns": 10742.0,
        "max_ns": 27625.0,
        "variance_ns2": 20701102.595833328,
        "iqr_ns": 4804.630642361111,
        "q1_ns": 15874.369357638889,
        "q3_ns": 20679.0
      },
      "runq_latency_stats_ns": {
        "count": 16.0,
        "sum_ns": 225075.0,
        "mean_ns": 14067.1875,
        "median_ns": 15198.314814814816,
        "min_ns": 2033.0,
        "max_ns": 19380.0,
        "variance_ns2": 16482329.362500003,
        "iqr_ns": 3742.231001984128,
        "q1_ns": 12557.249206349206,
        "q3_ns": 16299.480208333334
      },
      "first_seen_ts_ns": 1749953691481166593,
      "last_seen_ts_ns": 1749953751499332997,
      "duration_active_s": 60.018166404
    },
    {
      "tgid": 329,
      "comm": "xhpcg",
      "cgroup_id": 34358,
      "on_cpu_stats_ns": {
        "count": 6.0,
        "sum_ns": 97819.0,
        "mean_ns": 16303.166666666668,
        "median_ns": 15025.0,
        "min_ns": 11729.0,
        "max_ns": 23600.0,
        "variance_ns2": 20276845.366666667,
        "iqr_ns": 2351.666666666668,
        "q1_ns": 15025.0,
        "q3_ns": 17376.666666666668
      },
      "runq_latency_stats_ns": {
        "count": 6.0,
        "sum_ns": 91172.0,
        "mean_ns": 15195.333333333332,
        "median_ns": 15953.0,
        "min_ns": 3269.0,
        "max_ns": 29538.0,
        "variance_ns2": 77783367.06666668,
        "iqr_ns": 3879.333333333332,
        "q1_ns": 12073.666666666668,
        "q3_ns": 15953.0
      },
      "first_seen_ts_ns": 1749953691481166593,
      "last_seen_ts_ns": 1749953708590226166,
      "duration_active_s": 17.109059573
    }
  ]
}
[02:15:53] Cleanup complete. Exiting.
