ln: failed to create symbolic link '/mnt/flux/view/lib/python': File exists
ln: failed to create symbolic link '/mnt/flux/view/lib/python3': File exists
unlimited
PROGRAM: futex
Looking for /opt/programs/futex/ebpf-collect.c
[16:12:20] Starting eBPF (Tracepoints for futex syscalls).
[16:12:21] BPF program loaded and tracepoints automatically attached.
[16:12:21] Start Indicator file defined '/mnt/flux/start_ebpf_collection'. Waiting.
[16:12:25] Start indicator found. Proceeding.
[16:12:25] Ring buffers opened. Polling for events...
[16:13:32] 
Indicator file '/mnt/flux/stop_ebpf_collection' found. Stopping.
[16:13:32] Cleaning up BPF resources...
{
  "final_aggregated_futex_summary_river": [
    {
      "tgid": 6208,
      "comm": "containerd",
      "cgroup_id": 4085,
      "wait_duration_stats_ns": {
        "count": 6094.0,
        "sum": 2414627278661.005,
        "mean": 396230272.1793575,
        "median": 5125088.26546015,
        "min": 800,
        "max": 69662799586,
        "variance_ns2": 1.01939501927435e+19,
        "iqr_ns": 87816229.48965777,
        "q1_ns": 76818.08824655316,
        "q3_ns": 87893047.57790433
      },
      "futex_op_counts": {
        "128": 6094
      },
      "first_seen_ts_ns": 1822193736678,
      "last_seen_ts_ns": 1893069126519
    },
    {
      "tgid": 6252,
      "comm": "kubelet",
      "cgroup_id": 4138,
      "wait_duration_stats_ns": {
        "count": 6904.0,
        "sum": 801464746279.0012,
        "mean": 116087014.23508129,
        "median": 14897715.867578352,
        "min": 830,
        "max": 23633289073,
        "variance_ns2": 1.1640546610798118e+18,
        "iqr_ns": 38421495.684951015,
        "q1_ns": 1507187.8950673232,
        "q3_ns": 39928683.58001834
      },
      "futex_op_counts": {
        "128": 6904
      },
      "first_seen_ts_ns": 1822216416445,
      "last_seen_ts_ns": 1893020942200
    },
    {
      "tgid": 6353,
      "comm": "containerd-shim",
      "cgroup_id": 4085,
      "wait_duration_stats_ns": {
        "count": 748.0,
        "sum": 469653025766.0,
        "mean": 627878376.6925133,
        "median": 670321.3174599918,
        "min": 910,
        "max": 21001413250,
        "variance_ns2": 4.412961794182988e+18,
        "iqr_ns": 74314131.07144429,
        "q1_ns": 105967.31501545683,
        "q3_ns": 74420098.38645974
      },
      "futex_op_counts": {
        "128": 748
      },
      "first_seen_ts_ns": 1828965348983,
      "last_seen_ts_ns": 1889621702815
    },
    {
      "tgid": 8039,
      "comm": "metrics-server",
      "cgroup_id": 5431,
      "wait_duration_stats_ns": {
        "count": 1213.0,
        "sum": 363475424132.00024,
        "mean": 299649978.6743613,
        "median": 117643699.49740085,
        "min": 990,
        "max": 38144962536,
        "variance_ns2": 3.0033834951803453e+18,
        "iqr_ns": 95512881.0835597,
        "q1_ns": 62426146.6371917,
        "q3_ns": 157939027.7207514
      },
      "futex_op_counts": {
        "128": 1213
      },
      "first_seen_ts_ns": 1822449466737,
      "last_seen_ts_ns": 1892950152345
    },
    {
      "tgid": 9423,
      "comm": "coredns",
      "cgroup_id": 5921,
      "wait_duration_stats_ns": {
        "count": 605.0,
        "sum": 358316560859.00055,
        "mean": 592258778.2793398,
        "median": 285334615.6905774,
        "min": 1290,
        "max": 18949921117,
        "variance_ns2": 2.1335587239425275e+18,
        "iqr_ns": 890489616.7658998,
        "q1_ns": 3217357.653387712,
        "q3_ns": 893706974.4192874
      },
      "futex_op_counts": {
        "128": 605
      },
      "first_seen_ts_ns": 1822396460127,
      "last_seen_ts_ns": 1892991721643
    },
    {
      "tgid": 9312,
      "comm": "coredns",
      "cgroup_id": 5781,
      "wait_duration_stats_ns": {
        "count": 621.0,
        "sum": 348472650041.0,
        "mean": 561147584.6070853,
        "median": 128737935.69036438,
        "min": 1040,
        "max": 19995605050,
        "variance_ns2": 1.8167851020890158e+18,
        "iqr_ns": 939654044.0793873,
        "q1_ns": 319000.31728093,
        "q3_ns": 939973044.3966682
      },
      "futex_op_counts": {
        "128": 621
      },
      "first_seen_ts_ns": 1822280804137,
      "last_seen_ts_ns": 1892992650731
    },
    {
      "tgid": 49962,
      "comm": "containerd-shim",
      "cgroup_id": 4085,
      "wait_duration_stats_ns": {
        "count": 270.0,
        "sum": 322869123727.0001,
        "mean": 1195811569.3592596,
        "median": 7751240.197542233,
        "min": 1250,
        "max": 22909376075,
        "variance_ns2": 1.0819451652112093e+19,
        "iqr_ns": 46524615.460579425,
        "q1_ns": 695397.7709448087,
        "q3_ns": 47220013.23152424
      },
      "futex_op_counts": {
        "128": 270
      },
      "first_seen_ts_ns": 1827067333953,
      "last_seen_ts_ns": 1893080769237
    },
    {
      "tgid": 8090,
      "comm": "metrics-server",
      "cgroup_id": 5501,
      "wait_duration_stats_ns": {
        "count": 1304.0,
        "sum": 318691466030.0003,
        "mean": 244395296.03527632,
        "median": 110038788.05455315,
        "min": 1850,
        "max": 25251600172,
        "variance_ns2": 1.0518010461929699e+18,
        "iqr_ns": 225213720.10150337,
        "q1_ns": 48600419.72652157,
        "q3_ns": 273814139.8280249
      },
      "futex_op_counts": {
        "128": 1304
      },
      "first_seen_ts_ns": 1822347039655,
      "last_seen_ts_ns": 1892847804303
    },
    {
      "tgid": 49503,
      "comm": "containerd-shim",
      "cgroup_id": 4085,
      "wait_duration_stats_ns": {
        "count": 69.0,
        "sum": 309628208452.99994,
        "mean": 4487365339.89855,
        "median": 1877282229.7297835,
        "min": 2290,
        "max": 30005610399,
        "variance_ns2": 6.246198570499374e+19,
        "iqr_ns": 4149835062.903319,
        "q1_ns": 74926987.5847448,
        "q3_ns": 4224762050.488064
      },
      "futex_op_counts": {
        "128": 69
      },
      "first_seen_ts_ns": 1828965118946,
      "last_seen_ts_ns": 1889620183408
    },
    {
      "tgid": 7477,
      "comm": "containerd-shim",
      "cgroup_id": 4085,
      "wait_duration_stats_ns": {
        "count": 106.0,
        "sum": 307141954292.99994,
        "mean": 2897565606.5377355,
        "median": 260043779.5692,
        "min": 690,
        "max": 30005379562,
        "variance_ns2": 4.221499616398923e+19,
        "iqr_ns": 4372109478.98348,
        "q1_ns": 8502002.571185678,
        "q3_ns": 4380611481.5546665
      },
      "futex_op_counts": {
        "128": 106
      },
      "first_seen_ts_ns": 1827224988635,
      "last_seen_ts_ns": 1889621773177
    },
    {
      "tgid": 7986,
      "comm": "containerd-shim",
      "cgroup_id": 4085,
      "wait_duration_stats_ns": {
        "count": 87.0,
        "sum": 304746700500.99994,
        "mean": 3502835637.942528,
        "median": 282613097.22430897,
        "min": 1020,
        "max": 59993258075,
        "variance_ns2": 7.04207170874953e+19,
        "iqr_ns": 5324773107.0051155,
        "q1_ns": 28221543.769067638,
        "q3_ns": 5352994650.774183
      },
      "futex_op_counts": {
        "128": 87
      },
      "first_seen_ts_ns": 1828250778793,
      "last_seen_ts_ns": 1889623697326
    },
    {
      "tgid": 8562,
      "comm": "containerd-shim",
      "cgroup_id": 4085,
      "wait_duration_stats_ns": {
        "count": 84.0,
        "sum": 301651554391.0,
        "mean": 3591089933.2261906,
        "median": 220992296.08977228,
        "min": 910,
        "max": 30001698645,
        "variance_ns2": 4.881693569199476e+19,
        "iqr_ns": 4959512214.66565,
        "q1_ns": 650784.0292709259,
        "q3_ns": 4960162998.6949215
      },
      "futex_op_counts": {
        "128": 84
      },
      "first_seen_ts_ns": 1829200145610,
      "last_seen_ts_ns": 1889618111814
    },
    {
      "tgid": 10805,
      "comm": "manager",
      "cgroup_id": 6249,
      "wait_duration_stats_ns": {
        "count": 594.0,
        "sum": 248864479915.99988,
        "mean": 418963770.9023567,
        "median": 276528846.7424604,
        "min": 20091,
        "max": 28120638715,
        "variance_ns2": 1.698936383350304e+18,
        "iqr_ns": 485426832.34001374,
        "q1_ns": 14402296.320914725,
        "q3_ns": 499829128.6609285
      },
      "futex_op_counts": {
        "128": 594
      },
      "first_seen_ts_ns": 1822631225491,
      "last_seen_ts_ns": 1892940290553
    },
    {
      "tgid": 9360,
      "comm": "containerd-shim",
      "cgroup_id": 4085,
      "wait_duration_stats_ns": {
        "count": 86.0,
        "sum": 243829742669.99997,
        "mean": 2835229565.930232,
        "median": 147962171.37027675,
        "min": 710,
        "max": 29994706053,
        "variance_ns2": 3.1589683357196698e+19,
        "iqr_ns": 2976939772.963163,
        "q1_ns": 50920444.312208384,
        "q3_ns": 3027860217.275371
      },
      "futex_op_counts": {
        "128": 86
      },
      "first_seen_ts_ns": 1829316464988,
      "last_seen_ts_ns": 1890274478430
    },
    {
      "tgid": 6524,
      "comm": "kube-proxy",
      "cgroup_id": 4871,
      "wait_duration_stats_ns": {
        "count": 72.0,
        "sum": 229276802091.0,
        "mean": 3184400029.0416665,
        "median": 3062211675.8580055,
        "min": 12571,
        "max": 30018037374,
        "variance_ns2": 2.6631663511386542e+19,
        "iqr_ns": 4748666268.521721,
        "q1_ns": 239577034.60062507,
        "q3_ns": 4988243303.122346
      },
      "futex_op_counts": {
        "128": 72
      },
      "first_seen_ts_ns": 1828554071956,
      "last_seen_ts_ns": 1888558308209
    },
    {
      "tgid": 10681,
      "comm": "kube-rbac-proxy",
      "cgroup_id": 6179,
      "wait_duration_stats_ns": {
        "count": 41.0,
        "sum": 224899128114.00003,
        "mean": 5485344588.146342,
        "median": 4995535725.32523,
        "min": 4980362982,
        "max": 10011814945,
        "variance_ns2": 2.2619490768006794e+18,
        "iqr_ns": 171271724.65846348,
        "q1_ns": 4989850250.212281,
        "q3_ns": 5161121974.870745
      },
      "futex_op_counts": {
        "128": 41
      },
      "first_seen_ts_ns": 1831060380566,
      "last_seen_ts_ns": 1891055765342
    },
    {
      "tgid": 6820,
      "comm": "aws-k8s-agent",
      "cgroup_id": 5011,
      "wait_duration_stats_ns": {
        "count": 328.0,
        "sum": 218979485621.99976,
        "mean": 667620382.9939017,
        "median": 69091532.12233126,
        "min": 1050,
        "max": 18549838964,
        "variance_ns2": 3.0651863535949076e+18,
        "iqr_ns": 967643788.4704967,
        "q1_ns": 7126389.17109257,
        "q3_ns": 974770177.6415893
      },
      "futex_op_counts": {
        "128": 328
      },
      "first_seen_ts_ns": 1822955609773,
      "last_seen_ts_ns": 1890862474006
    },
    {
      "tgid": 10620,
      "comm": "containerd-shim",
      "cgroup_id": 4085,
      "wait_duration_stats_ns": {
        "count": 115.0,
        "sum": 211917505689.0001,
        "mean": 1842760919.0347834,
        "median": 167220405.4162976,
        "min": 13651,
        "max": 29999435621,
        "variance_ns2": 1.687310359312132e+19,
        "iqr_ns": 2207137754.659617,
        "q1_ns": 4268863.898228151,
        "q3_ns": 2211406618.557845
      },
      "futex_op_counts": {
        "128": 115
      },
      "first_seen_ts_ns": 1828963731243,
      "last_seen_ts_ns": 1889622226121
    },
    {
      "tgid": 6360,
      "comm": "containerd-shim",
      "cgroup_id": 4085,
      "wait_duration_stats_ns": {
        "count": 60.0,
        "sum": 201447274158.0,
        "mean": 3357454569.3,
        "median": 369868112.37946486,
        "min": 18910,
        "max": 30000947671,
        "variance_ns2": 3.334148302829424e+19,
        "iqr_ns": 4037673136.5983343,
        "q1_ns": 159499647.18530494,
        "q3_ns": 4197172783.7836394
      },
      "futex_op_counts": {
        "128": 60
      },
      "first_seen_ts_ns": 1829317138589,
      "last_seen_ts_ns": 1889619121825
    },
    {
      "tgid": 6233,
      "comm": "ssm-agent-worke",
      "cgroup_id": 3429,
      "wait_duration_stats_ns": {
        "count": 128.0,
        "sum": 198351135020.99985,
        "mean": 1549618242.3515613,
        "median": 1279984437.5344472,
        "min": 3680,
        "max": 12951801732,
        "variance_ns2": 4.331006426886779e+18,
        "iqr_ns": 1760150465.6288538,
        "q1_ns": 360628991.4346904,
        "q3_ns": 2120779457.0635443
      },
      "futex_op_counts": {
        "128": 128
      },
      "first_seen_ts_ns": 1828398913612,
      "last_seen_ts_ns": 1892461304144
    },
    {
      "tgid": 6961,
      "comm": "controller",
      "cgroup_id": 5081,
      "wait_duration_stats_ns": {
        "count": 294.0,
        "sum": 185212501894.0001,
        "mean": 629974496.2380955,
        "median": 497617017.0288827,
        "min": 6920,
        "max": 10002842922,
        "variance_ns2": 1.424085993873635e+18,
        "iqr_ns": 16005580.203535795,
        "q1_ns": 489501393.95171064,
        "q3_ns": 505506974.15524644
      },
      "futex_op_counts": {
        "128": 294
      },
      "first_seen_ts_ns": 1827084137931,
      "last_seen_ts_ns": 1892584945251
    },
    {
      "tgid": 6802,
      "comm": "aws-vpc-cni",
      "cgroup_id": 5011,
      "wait_duration_stats_ns": {
        "count": 1.0,
        "sum": 60001276660.0,
        "mean": 60001276660.0,
        "median": 60001276660.0,
        "min": 60001276660,
        "max": 60001276660,
        "variance_ns2": null,
        "iqr_ns": 0.0,
        "q1_ns": 60001276660.0,
        "q3_ns": 60001276660.0
      },
      "futex_op_counts": {
        "128": 1
      },
      "first_seen_ts_ns": 1885030432633,
      "last_seen_ts_ns": 1885030432633
    },
    {
      "tgid": 51049,
      "comm": "xhpcg",
      "cgroup_id": 15948,
      "wait_duration_stats_ns": {
        "count": 1443.0,
        "sum": 5544739431.000006,
        "mean": 3842508.268191272,
        "median": 2890980.920620344,
        "min": 67212,
        "max": 38776028,
        "variance_ns2": 18452522726811.008,
        "iqr_ns": 610358.9457797711,
        "q1_ns": 2628876.4224818926,
        "q3_ns": 3239235.3682616637
      },
      "futex_op_counts": {
        "128": 1443
      },
      "first_seen_ts_ns": 1865322868276,
      "last_seen_ts_ns": 1886453917305
    },
    {
      "tgid": 51057,
      "comm": "xhpcg",
      "cgroup_id": 15948,
      "wait_duration_stats_ns": {
        "count": 1479.0,
        "sum": 5507946843.999993,
        "mean": 3724101.9905341403,
        "median": 3008318.9435613635,
        "min": 165725,
        "max": 39250412,
        "variance_ns2": 14292550509203.992,
        "iqr_ns": 1277698.3334072172,
        "q1_ns": 2548783.776516821,
        "q3_ns": 3826482.109924038
      },
      "futex_op_counts": {
        "128": 1479
      },
      "first_seen_ts_ns": 1865323402392,
      "last_seen_ts_ns": 1886451285965
    },
    {
      "tgid": 51053,
      "comm": "xhpcg",
      "cgroup_id": 15948,
      "wait_duration_stats_ns": {
        "count": 1448.0,
        "sum": 5443836040.999993,
        "mean": 3759555.276933697,
        "median": 2889950.8902451266,
        "min": 38511,
        "max": 38981784,
        "variance_ns2": 16523946900979.254,
        "iqr_ns": 619131.2886249893,
        "q1_ns": 2618072.4987965575,
        "q3_ns": 3237203.787421547
      },
      "futex_op_counts": {
        "128": 1448
      },
      "first_seen_ts_ns": 1865323207236,
      "last_seen_ts_ns": 1886451282785
    },
    {
      "tgid": 51035,
      "comm": "xhpcg",
      "cgroup_id": 15948,
      "wait_duration_stats_ns": {
        "count": 1433.0,
        "sum": 5439617014.999999,
        "mean": 3795964.420795533,
        "median": 2861906.243265427,
        "min": 2750,
        "max": 45441211,
        "variance_ns2": 20074822878238.02,
        "iqr_ns": 571303.7916053175,
        "q1_ns": 2590433.9707188183,
        "q3_ns": 3161737.7623241358
      },
      "futex_op_counts": {
        "128": 1433
      },
      "first_seen_ts_ns": 1865323170585,
      "last_seen_ts_ns": 1886449698476
    },
    {
      "tgid": 51037,
      "comm": "xhpcg",
      "cgroup_id": 15948,
      "wait_duration_stats_ns": {
        "count": 1453.0,
        "sum": 5425637686.999997,
        "mean": 3734093.384033033,
        "median": 2887340.63780803,
        "min": 41701,
        "max": 39114318,
        "variance_ns2": 16185301953552.953,
        "iqr_ns": 657432.9868484703,
        "q1_ns": 2575350.1260439088,
        "q3_ns": 3232783.112892379
      },
      "futex_op_counts": {
        "128": 1453
      },
      "first_seen_ts_ns": 1865323676691,
      "last_seen_ts_ns": 1886450092618
    },
    {
      "tgid": 51054,
      "comm": "xhpcg",
      "cgroup_id": 15948,
      "wait_duration_stats_ns": {
        "count": 1464.0,
        "sum": 5422764364.999999,
        "mean": 3704074.019808742,
        "median": 2920802.3280451302,
        "min": 22871,
        "max": 39229801,
        "variance_ns2": 14406475727803.455,
        "iqr_ns": 944819.3170483885,
        "q1_ns": 2464571.616537907,
        "q3_ns": 3409390.9335862957
      },
      "futex_op_counts": {
        "128": 1464
      },
      "first_seen_ts_ns": 1865324325961,
      "last_seen_ts_ns": 1886451300215
    },
    {
      "tgid": 51059,
      "comm": "xhpcg",
      "cgroup_id": 15948,
      "wait_duration_stats_ns": {
        "count": 1459.0,
        "sum": 5414514761.999996,
        "mean": 3711113.613433856,
        "median": 2860207.382930286,
        "min": 4030,
        "max": 39160473,
        "variance_ns2": 16069461629257.625,
        "iqr_ns": 667014.5076090391,
        "q1_ns": 2483623.149802526,
        "q3_ns": 3150637.657411565
      },
      "futex_op_counts": {
        "128": 1459
      },
      "first_seen_ts_ns": 1865324438584,
      "last_seen_ts_ns": 1886451302185
    },
    {
      "tgid": 51036,
      "comm": "xhpcg",
      "cgroup_id": 15948,
      "wait_duration_stats_ns": {
        "count": 1457.0,
        "sum": 5413885988.999993,
        "mean": 3715776.2450240175,
        "median": 2904878.38724159,
        "min": 69332,
        "max": 39179490,
        "variance_ns2": 16058419616311.674,
        "iqr_ns": 790421.7040384314,
        "q1_ns": 2477085.079772875,
        "q3_ns": 3267506.7838113066
      },
      "futex_op_counts": {
        "128": 1457
      },
      "first_seen_ts_ns": 1865323616139,
      "last_seen_ts_ns": 1886449510140
    },
    {
      "tgid": 51051,
      "comm": "xhpcg",
      "cgroup_id": 15948,
      "wait_duration_stats_ns": {
        "count": 1449.0,
        "sum": 5410692901.999993,
        "mean": 3734087.5790200094,
        "median": 2896039.4514336656,
        "min": 104293,
        "max": 39026526,
        "variance_ns2": 16166338618431.959,
        "iqr_ns": 716054.4620708954,
        "q1_ns": 2533953.445563263,
        "q3_ns": 3250007.907634158
      },
      "futex_op_counts": {
        "128": 1449
      },
      "first_seen_ts_ns": 1865323414143,
      "last_seen_ts_ns": 1886451246333
    },
    {
      "tgid": 51047,
      "comm": "xhpcg",
      "cgroup_id": 15948,
      "wait_duration_stats_ns": {
        "count": 1444.0,
        "sum": 5393515753.0,
        "mean": 3735121.712603878,
        "median": 2845786.526169675,
        "min": 47902,
        "max": 38609182,
        "variance_ns2": 17712479168885.406,
        "iqr_ns": 698747.2939448655,
        "q1_ns": 2493232.5708336523,
        "q3_ns": 3191979.8647785177
      },
      "futex_op_counts": {
        "128": 1444
      },
      "first_seen_ts_ns": 1865323574588,
      "last_seen_ts_ns": 1886449730447
    },
    {
      "tgid": 51034,
      "comm": "xhpcg",
      "cgroup_id": 15948,
      "wait_duration_stats_ns": {
        "count": 1456.0,
        "sum": 5385257683.000002,
        "mean": 3698665.99107143,
        "median": 2842567.262488537,
        "min": 86853,
        "max": 38961674,
        "variance_ns2": 18325626715053.676,
        "iqr_ns": 677400.7435928513,
        "q1_ns": 2443653.057080972,
        "q3_ns": 3121053.8006738233
      },
      "futex_op_counts": {
        "128": 1456
      },
      "first_seen_ts_ns": 1865323019021,
      "last_seen_ts_ns": 1886449625594
    },
    {
      "tgid": 51061,
      "comm": "xhpcg",
      "cgroup_id": 15948,
      "wait_duration_stats_ns": {
        "count": 1453.0,
        "sum": 5357067447.999998,
        "mean": 3686901.2030282165,
        "median": 2857019.81954527,
        "min": 31291,
        "max": 40868552,
        "variance_ns2": 16435887396501.76,
        "iqr_ns": 704937.9163464615,
        "q1_ns": 2458456.493047204,
        "q3_ns": 3163394.4093936654
      },
      "futex_op_counts": {
        "128": 1453
      },
      "first_seen_ts_ns": 1865323621759,
      "last_seen_ts_ns": 1886452923335
    },
    {
      "tgid": 51041,
      "comm": "xhpcg",
      "cgroup_id": 15948,
      "wait_duration_stats_ns": {
        "count": 1451.0,
        "sum": 5336221352.999999,
        "mean": 3677616.370089593,
        "median": 2882298.502180136,
        "min": 90193,
        "max": 39142669,
        "variance_ns2": 15108400135081.242,
        "iqr_ns": 744213.1484129997,
        "q1_ns": 2488525.5827138824,
        "q3_ns": 3232738.731126882
      },
      "futex_op_counts": {
        "128": 1451
      },
      "first_seen_ts_ns": 1865323755353,
      "last_seen_ts_ns": 1886450167190
    },
    {
      "tgid": 51038,
      "comm": "xhpcg",
      "cgroup_id": 15948,
      "wait_duration_stats_ns": {
        "count": 1459.0,
        "sum": 5316997865.000003,
        "mean": 3644275.438656616,
        "median": 2914756.425001996,
        "min": 106343,
        "max": 39208325,
        "variance_ns2": 15153933835888.562,
        "iqr_ns": 899329.5010725888,
        "q1_ns": 2380723.7041818397,
        "q3_ns": 3280053.2052544286
      },
      "futex_op_counts": {
        "128": 1459
      },
      "first_seen_ts_ns": 1865323936599,
      "last_seen_ts_ns": 1886449948904
    },
    {
      "tgid": 51045,
      "comm": "xhpcg",
      "cgroup_id": 15948,
      "wait_duration_stats_ns": {
        "count": 1461.0,
        "sum": 5312659996.0,
        "mean": 3636317.5879534567,
        "median": 2807340.991654119,
        "min": 197506,
        "max": 39352315,
        "variance_ns2": 17417647909034.828,
        "iqr_ns": 723065.9187401035,
        "q1_ns": 2366895.733434933,
        "q3_ns": 3089961.6521750363
      },
      "futex_op_counts": {
        "128": 1461
      },
      "first_seen_ts_ns": 1865323405003,
      "last_seen_ts_ns": 1886449696116
    },
    {
      "tgid": 51043,
      "comm": "xhpcg",
      "cgroup_id": 15948,
      "wait_duration_stats_ns": {
        "count": 1440.0,
        "sum": 5232264359.999993,
        "mean": 3633516.9166666623,
        "median": 2747577.184969244,
        "min": 42691,
        "max": 39317754,
        "variance_ns2": 18096504278308.293,
        "iqr_ns": 674511.5685690981,
        "q1_ns": 2382523.6933782985,
        "q3_ns": 3057035.2619473967
      },
      "futex_op_counts": {
        "128": 1440
      },
      "first_seen_ts_ns": 1865323369211,
      "last_seen_ts_ns": 1886450945814
    },
    {
      "tgid": 50720,
      "comm": "xhpcg",
      "cgroup_id": 15948,
      "wait_duration_stats_ns": {
        "count": 1418.0,
        "sum": 5175199070.999994,
        "mean": 3649646.735543014,
        "median": 2827472.6104823616,
        "min": 42961,
        "max": 38543366,
        "variance_ns2": 17825206379977.016,
        "iqr_ns": 552288.8907346847,
        "q1_ns": 2598597.746693549,
        "q3_ns": 3150886.637428234
      },
      "futex_op_counts": {
        "128": 1418
      },
      "first_seen_ts_ns": 1827745727991,
      "last_seen_ts_ns": 1848849624202
    },
    {
      "tgid": 50719,
      "comm": "xhpcg",
      "cgroup_id": 15948,
      "wait_duration_stats_ns": {
        "count": 1396.0,
        "sum": 5100900986.0,
        "mean": 3653940.5343839545,
        "median": 2754327.667971355,
        "min": 55592,
        "max": 44595445,
        "variance_ns2": 19021890673559.72,
        "iqr_ns": 628372.3795271721,
        "q1_ns": 2492923.6134010726,
        "q3_ns": 3121295.9929282446
      },
      "futex_op_counts": {
        "128": 1396
      },
      "first_seen_ts_ns": 1827745905996,
      "last_seen_ts_ns": 1848849460517
    },
    {
      "tgid": 50728,
      "comm": "xhpcg",
      "cgroup_id": 15948,
      "wait_duration_stats_ns": {
        "count": 1403.0,
        "sum": 5097604017.999997,
        "mean": 3633359.9558089785,
        "median": 2860303.874130734,
        "min": 100853,
        "max": 39351864,
        "variance_ns2": 16781828120324.002,
        "iqr_ns": 640387.3585526547,
        "q1_ns": 2543850.2234102837,
        "q3_ns": 3184237.5819629384
      },
      "futex_op_counts": {
        "128": 1403
      },
      "first_seen_ts_ns": 1827744810802,
      "last_seen_ts_ns": 1848849230420
    },
    {
      "tgid": 50722,
      "comm": "xhpcg",
      "cgroup_id": 15948,
      "wait_duration_stats_ns": {
        "count": 1418.0,
        "sum": 5095548944.000005,
        "mean": 3593475.983074757,
        "median": 2821928.134357452,
        "min": 35532,
        "max": 40455505,
        "variance_ns2": 16426784132019.178,
        "iqr_ns": 805441.4204804027,
        "q1_ns": 2513569.104997482,
        "q3_ns": 3319010.525477885
      },
      "futex_op_counts": {
        "128": 1418
      },
      "first_seen_ts_ns": 1827746892027,
      "last_seen_ts_ns": 1848850938053
    },
    {
      "tgid": 50707,
      "comm": "xhpcg",
      "cgroup_id": 15948,
      "wait_duration_stats_ns": {
        "count": 1380.0,
        "sum": 5037498717.000002,
        "mean": 3650361.3891304363,
        "median": 2755958.2672076463,
        "min": 137934,
        "max": 40633511,
        "variance_ns2": 20008897716936.72,
        "iqr_ns": 533830.780251944,
        "q1_ns": 2593019.6614490016,
        "q3_ns": 3126850.4417009456
      },
      "futex_op_counts": {
        "128": 1380
      },
      "first_seen_ts_ns": 1827745090111,
      "last_seen_ts_ns": 1848850406406
    },
    {
      "tgid": 50709,
      "comm": "xhpcg",
      "cgroup_id": 15948,
      "wait_duration_stats_ns": {
        "count": 1386.0,
        "sum": 5026061170.000002,
        "mean": 3626306.7604617616,
        "median": 2781578.1392633826,
        "min": 56022,
        "max": 38558426,
        "variance_ns2": 17968110588283.54,
        "iqr_ns": 598974.0138611714,
        "q1_ns": 2557204.715493973,
        "q3_ns": 3156178.7293551443
      },
      "futex_op_counts": {
        "128": 1386
      },
      "first_seen_ts_ns": 1827748753544,
      "last_seen_ts_ns": 1848850757387
    },
    {
      "tgid": 50708,
      "comm": "xhpcg",
      "cgroup_id": 15948,
      "wait_duration_stats_ns": {
        "count": 1407.0,
        "sum": 5022804565.000005,
        "mean": 3569868.205401567,
        "median": 2802571.0053776354,
        "min": 40311,
        "max": 42468330,
        "variance_ns2": 16360534825755.264,
        "iqr_ns": 1164313.8963730088,
        "q1_ns": 2476637.936338644,
        "q3_ns": 3640951.832711653
      },
      "futex_op_counts": {
        "128": 1407
      },
      "first_seen_ts_ns": 1827746196575,
      "last_seen_ts_ns": 1848850253741
    },
    {
      "tgid": 50712,
      "comm": "xhpcg",
      "cgroup_id": 15948,
      "wait_duration_stats_ns": {
        "count": 1383.0,
        "sum": 5010097912.999999,
        "mean": 3622630.450469992,
        "median": 2771404.006913917,
        "min": 165466,
        "max": 39692474,
        "variance_ns2": 17020619195087.91,
        "iqr_ns": 612287.3967750547,
        "q1_ns": 2516870.461327251,
        "q3_ns": 3129157.858102306
      },
      "futex_op_counts": {
        "128": 1383
      },
      "first_seen_ts_ns": 1827745820494,
      "last_seen_ts_ns": 1848852730868
    },
    {
      "tgid": 50732,
      "comm": "xhpcg",
      "cgroup_id": 15948,
      "wait_duration_stats_ns": {
        "count": 1395.0,
        "sum": 4997841545.0,
        "mean": 3582682.111111111,
        "median": 2811412.7507460285,
        "min": 28040,
        "max": 39335403,
        "variance_ns2": 17413376353270.182,
        "iqr_ns": 868030.6453973115,
        "q1_ns": 2446456.423707208,
        "q3_ns": 3314487.0691045197
      },
      "futex_op_counts": {
        "128": 1395
      },
      "first_seen_ts_ns": 1827746144724,
      "last_seen_ts_ns": 1848850977774
    },
    {
      "tgid": 50710,
      "comm": "xhpcg",
      "cgroup_id": 15948,
      "wait_duration_stats_ns": {
        "count": 1412.0,
        "sum": 4994464417.000008,
        "mean": 3537156.1026912234,
        "median": 2843913.582054181,
        "min": 30520,
        "max": 39392736,
        "variance_ns2": 15814390672033.64,
        "iqr_ns": 889478.9321907163,
        "q1_ns": 2385759.04831786,
        "q3_ns": 3275237.980508576
      },
      "futex_op_counts": {
        "128": 1412
      },
      "first_seen_ts_ns": 1827745782012,
      "last_seen_ts_ns": 1848850234351
    },
    {
      "tgid": 51065,
      "comm": "xhpcg",
      "cgroup_id": 15948,
      "wait_duration_stats_ns": {
        "count": 1449.0,
        "sum": 4976402308.99999,
        "mean": 3434370.123533465,
        "median": 2850252.896246327,
        "min": 111384,
        "max": 39171851,
        "variance_ns2": 19902073277928.523,
        "iqr_ns": 1510251.080002346,
        "q1_ns": 1711631.63903256,
        "q3_ns": 3221882.719034906
      },
      "futex_op_counts": {
        "128": 1449
      },
      "first_seen_ts_ns": 1865323309940,
      "last_seen_ts_ns": 1886459503586
    },
    {
      "tgid": 50706,
      "comm": "xhpcg",
      "cgroup_id": 15948,
      "wait_duration_stats_ns": {
        "count": 1382.0,
        "sum": 4961262139.000004,
        "mean": 3589914.717076703,
        "median": 2726431.7363272896,
        "min": 28091,
        "max": 38160094,
        "variance_ns2": 18140365448421.49,
        "iqr_ns": 674610.9695058432,
        "q1_ns": 2450948.294573412,
        "q3_ns": 3125559.264079255
      },
      "futex_op_counts": {
        "128": 1382
      },
      "first_seen_ts_ns": 1827745533145,
      "last_seen_ts_ns": 1848852625134
    },
    {
      "tgid": 51069,
      "comm": "xhpcg",
      "cgroup_id": 15948,
      "wait_duration_stats_ns": {
        "count": 1454.0,
        "sum": 4952948277.000005,
        "mean": 3406429.3514442947,
        "median": 2943706.724571716,
        "min": 114374,
        "max": 39167730,
        "variance_ns2": 16508453383794.18,
        "iqr_ns": 1564577.459507248,
        "q1_ns": 1704859.665180598,
        "q3_ns": 3269437.124687846
      },
      "futex_op_counts": {
        "128": 1454
      },
      "first_seen_ts_ns": 1865323732333,
      "last_seen_ts_ns": 1886459511897
    },
    {
      "tgid": 50717,
      "comm": "xhpcg",
      "cgroup_id": 15948,
      "wait_duration_stats_ns": {
        "count": 1389.0,
        "sum": 4914724269.999994,
        "mean": 3538318.408927282,
        "median": 2680505.1007660385,
        "min": 137675,
        "max": 39527966,
        "variance_ns2": 19621428152063.23,
        "iqr_ns": 687382.8625251912,
        "q1_ns": 2354893.83042991,
        "q3_ns": 3042276.6929551014
      },
      "futex_op_counts": {
        "128": 1389
      },
      "first_seen_ts_ns": 1827746415982,
      "last_seen_ts_ns": 1848850219280
    },
    {
      "tgid": 50714,
      "comm": "xhpcg",
      "cgroup_id": 15948,
      "wait_duration_stats_ns": {
        "count": 1385.0,
        "sum": 4900293070.000006,
        "mean": 3538117.740072206,
        "median": 2722208.6052419124,
        "min": 71343,
        "max": 42490140,
        "variance_ns2": 18932240593517.355,
        "iqr_ns": 668617.9441977972,
        "q1_ns": 2361685.266298622,
        "q3_ns": 3030303.210496419
      },
      "futex_op_counts": {
        "128": 1385
      },
      "first_seen_ts_ns": 1827747343300,
      "last_seen_ts_ns": 1848851772608
    },
    {
      "tgid": 50730,
      "comm": "xhpcg",
      "cgroup_id": 15948,
      "wait_duration_stats_ns": {
        "count": 1368.0,
        "sum": 4897767201.999997,
        "mean": 3580239.1827485356,
        "median": 2737353.0924075125,
        "min": 50252,
        "max": 39889491,
        "variance_ns2": 19058053175324.098,
        "iqr_ns": 673763.2272005295,
        "q1_ns": 2440755.1272889464,
        "q3_ns": 3114518.354489476
      },
      "futex_op_counts": {
        "128": 1368
      },
      "first_seen_ts_ns": 1827746255767,
      "last_seen_ts_ns": 1848850510279
    },
    {
      "tgid": 51063,
      "comm": "xhpcg",
      "cgroup_id": 15948,
      "wait_duration_stats_ns": {
        "count": 1441.0,
        "sum": 4875093582.000002,
        "mean": 3383132.2567661363,
        "median": 2892155.6405099896,
        "min": 47942,
        "max": 38943514,
        "variance_ns2": 21382804327601.496,
        "iqr_ns": 1668609.4240399108,
        "q1_ns": 1531028.0572853356,
        "q3_ns": 3199637.4813252464
      },
      "futex_op_counts": {
        "128": 1441
      },
      "first_seen_ts_ns": 1865323439613,
      "last_seen_ts_ns": 1886458853406
    },
    {
      "tgid": 51073,
      "comm": "xhpcg",
      "cgroup_id": 15948,
      "wait_duration_stats_ns": {
        "count": 1445.0,
        "sum": 4870726743.999999,
        "mean": 3370745.151557093,
        "median": 2859585.3023285423,
        "min": 247538,
        "max": 39320395,
        "variance_ns2": 18019725721930.176,
        "iqr_ns": 1563362.9153292736,
        "q1_ns": 1641916.5817379567,
        "q3_ns": 3205279.4970672303
      },
      "futex_op_counts": {
        "128": 1445
      },
      "first_seen_ts_ns": 1865323551537,
      "last_seen_ts_ns": 1886459506877
    },
    {
      "tgid": 50726,
      "comm": "xhpcg",
      "cgroup_id": 15948,
      "wait_duration_stats_ns": {
        "count": 1364.0,
        "sum": 4865771185.000003,
        "mean": 3567280.927419357,
        "median": 2749632.766026828,
        "min": 35051,
        "max": 42511021,
        "variance_ns2": 17723735384966.414,
        "iqr_ns": 891373.3875897857,
        "q1_ns": 2450213.0113309114,
        "q3_ns": 3341586.398920697
      },
      "futex_op_counts": {
        "128": 1364
      },
      "first_seen_ts_ns": 1827747126174,
      "last_seen_ts_ns": 1848850920492
    },
    {
      "tgid": 51067,
      "comm": "xhpcg",
      "cgroup_id": 15948,
      "wait_duration_stats_ns": {
        "count": 1453.0,
        "sum": 4860694821.000003,
        "mean": 3345282.0516173453,
        "median": 2983048.9290104387,
        "min": 2830,
        "max": 39204941,
        "variance_ns2": 17534399023466.45,
        "iqr_ns": 1692431.593478541,
        "q1_ns": 1555240.1103345677,
        "q3_ns": 3247671.7038131086
      },
      "futex_op_counts": {
        "128": 1453
      },
      "first_seen_ts_ns": 1865323927808,
      "last_seen_ts_ns": 1886450602924
    },
    {
      "tgid": 51071,
      "comm": "xhpcg",
      "cgroup_id": 15948,
      "wait_duration_stats_ns": {
        "count": 1433.0,
        "sum": 4806155357.0,
        "mean": 3353911.623866015,
        "median": 2885952.8126785737,
        "min": 300799,
        "max": 39337205,
        "variance_ns2": 18445203568216.805,
        "iqr_ns": 1721015.5811600739,
        "q1_ns": 1497830.4881505065,
        "q3_ns": 3218846.0693105804
      },
      "futex_op_counts": {
        "128": 1433
      },
      "first_seen_ts_ns": 1865324361242,
      "last_seen_ts_ns": 1886450338005
    },
    {
      "tgid": 51077,
      "comm": "xhpcg",
      "cgroup_id": 15948,
      "wait_duration_stats_ns": {
        "count": 1443.0,
        "sum": 4755581109.000002,
        "mean": 3295621.0041580056,
        "median": 2803629.3778849165,
        "min": 52761,
        "max": 39363816,
        "variance_ns2": 19385064037863.094,
        "iqr_ns": 1728874.2953762715,
        "q1_ns": 1407475.9263227377,
        "q3_ns": 3136350.221699009
      },
      "futex_op_counts": {
        "128": 1443
      },
      "first_seen_ts_ns": 1865323733862,
      "last_seen_ts_ns": 1886458847586
    },
    {
      "tgid": 51075,
      "comm": "xhpcg",
      "cgroup_id": 15948,
      "wait_duration_stats_ns": {
        "count": 1436.0,
        "sum": 4750163768.999997,
        "mean": 3307913.488161558,
        "median": 2842841.962019638,
        "min": 154715,
        "max": 39776659,
        "variance_ns2": 19684882568628.566,
        "iqr_ns": 1705787.2631835584,
        "q1_ns": 1424123.638138373,
        "q3_ns": 3129910.9013219313
      },
      "futex_op_counts": {
        "128": 1436
      },
      "first_seen_ts_ns": 1865324590199,
      "last_seen_ts_ns": 1886458859517
    },
    {
      "tgid": 50743,
      "comm": "xhpcg",
      "cgroup_id": 15948,
      "wait_duration_stats_ns": {
        "count": 1429.0,
        "sum": 4541586848.000006,
        "mean": 3178157.346396085,
        "median": 2738977.4624167727,
        "min": 4291,
        "max": 39313503,
        "variance_ns2": 18617392069951.023,
        "iqr_ns": 2375081.0697399303,
        "q1_ns": 1521969.7533416483,
        "q3_ns": 3897050.8230815786
      },
      "futex_op_counts": {
        "128": 1429
      },
      "first_seen_ts_ns": 1827747352421,
      "last_seen_ts_ns": 1848851136119
    },
    {
      "tgid": 50741,
      "comm": "xhpcg",
      "cgroup_id": 15948,
      "wait_duration_stats_ns": {
        "count": 1403.0,
        "sum": 4531718136.999996,
        "mean": 3230020.0548823923,
        "median": 2747217.8167222305,
        "min": 10850,
        "max": 39074246,
        "variance_ns2": 18171957429386.04,
        "iqr_ns": 1464123.9726981597,
        "q1_ns": 1711413.6470192864,
        "q3_ns": 3175537.619717446
      },
      "futex_op_counts": {
        "128": 1403
      },
      "first_seen_ts_ns": 1827745913206,
      "last_seen_ts_ns": 1848849020634
    },
    {
      "tgid": 50737,
      "comm": "xhpcg",
      "cgroup_id": 15948,
      "wait_duration_stats_ns": {
        "count": 1405.0,
        "sum": 4526439699.999999,
        "mean": 3221665.2669039136,
        "median": 2661659.4654720407,
        "min": 37462,
        "max": 38755883,
        "variance_ns2": 19427004402435.098,
        "iqr_ns": 1458378.8913298938,
        "q1_ns": 1711234.5693723941,
        "q3_ns": 3169613.460702288
      },
      "futex_op_counts": {
        "128": 1405
      },
      "first_seen_ts_ns": 1827746171074,
      "last_seen_ts_ns": 1848851123348
    },
    {
      "tgid": 50745,
      "comm": "xhpcg",
      "cgroup_id": 15948,
      "wait_duration_stats_ns": {
        "count": 1414.0,
        "sum": 4526115595.999998,
        "mean": 3200930.40735502,
        "median": 2697235.9880365296,
        "min": 111833,
        "max": 39310453,
        "variance_ns2": 19229610180618.105,
        "iqr_ns": 1558165.2032107126,
        "q1_ns": 1604749.5845340707,
        "q3_ns": 3162914.7877447833
      },
      "futex_op_counts": {
        "128": 1414
      },
      "first_seen_ts_ns": 1827746584207,
      "last_seen_ts_ns": 1848852348036
    },
    {
      "tgid": 50739,
      "comm": "xhpcg",
      "cgroup_id": 15948,
      "wait_duration_stats_ns": {
        "count": 1415.0,
        "sum": 4503391599.000002,
        "mean": 3182608.9038869273,
        "median": 2616846.77841793,
        "min": 58852,
        "max": 39043686,
        "variance_ns2": 18235554498722.69,
        "iqr_ns": 1581653.995123542,
        "q1_ns": 1605893.740506183,
        "q3_ns": 3187547.735629725
      },
      "futex_op_counts": {
        "128": 1415
      },
      "first_seen_ts_ns": 1827747076682,
      "last_seen_ts_ns": 1848848892950
    },
    {
      "tgid": 50725,
      "comm": "xhpcg",
      "cgroup_id": 15948,
      "wait_duration_stats_ns": {
        "count": 1278.0,
        "sum": 4499671094.999995,
        "mean": 3520869.401408447,
        "median": 2762908.755416338,
        "min": 43682,
        "max": 43899101,
        "variance_ns2": 19411003800198.03,
        "iqr_ns": 610128.2693026545,
        "q1_ns": 2588052.8267730474,
        "q3_ns": 3198181.096075702
      },
      "futex_op_counts": {
        "128": 1278
      },
      "first_seen_ts_ns": 1827747368791,
      "last_seen_ts_ns": 1848849408696
    },
    {
      "tgid": 50735,
      "comm": "xhpcg",
      "cgroup_id": 15948,
      "wait_duration_stats_ns": {
        "count": 1375.0,
        "sum": 4433738196.000003,
        "mean": 3224536.869818184,
        "median": 2634590.488664612,
        "min": 34731,
        "max": 38825425,
        "variance_ns2": 20368154518033.074,
        "iqr_ns": 1573392.1780986928,
        "q1_ns": 1556102.2017995475,
        "q3_ns": 3129494.3798982403
      },
      "futex_op_counts": {
        "128": 1375
      },
      "first_seen_ts_ns": 1827745660018,
      "last_seen_ts_ns": 1848850443737
    },
    {
      "tgid": 50747,
      "comm": "xhpcg",
      "cgroup_id": 15948,
      "wait_duration_stats_ns": {
        "count": 1415.0,
        "sum": 4409902579.000002,
        "mean": 3116538.9250883404,
        "median": 2545355.7857153737,
        "min": 14591,
        "max": 42572902,
        "variance_ns2": 20509732139638.27,
        "iqr_ns": 1705832.5585790821,
        "q1_ns": 1444219.6444582315,
        "q3_ns": 3150052.2030373137
      },
      "futex_op_counts": {
        "128": 1415
      },
      "first_seen_ts_ns": 1827746694250,
      "last_seen_ts_ns": 1848851172040
    },
    {
      "tgid": 6106,
      "comm": "amazon-ssm-agen",
      "cgroup_id": 3429,
      "wait_duration_stats_ns": {
        "count": 34.0,
        "sum": 4018468381.000001,
        "mean": 118190246.50000003,
        "median": 4656738.347677743,
        "min": 1100,
        "max": 1000679212,
        "variance_ns2": 1.0681689287084726e+17,
        "iqr_ns": 18028939.851344053,
        "q1_ns": 2198110.116615903,
        "q3_ns": 20227049.967959955
      },
      "futex_op_counts": {
        "128": 34
      },
      "first_seen_ts_ns": 1843360942063,
      "last_seen_ts_ns": 1844393451100
    },
    {
      "tgid": 50900,
      "comm": "xhpcg",
      "cgroup_id": 15948,
      "wait_duration_stats_ns": {
        "count": 1038.0,
        "sum": 3950063957.9999976,
        "mean": 3805456.606936414,
        "median": 3063672.73777985,
        "min": 61461,
        "max": 38684284,
        "variance_ns2": 17763615683135.734,
        "iqr_ns": 1360046.63879182,
        "q1_ns": 2532172.425335135,
        "q3_ns": 3892219.064126955
      },
      "futex_op_counts": {
        "128": 1038
      },
      "first_seen_ts_ns": 1849623618904,
      "last_seen_ts_ns": 1864555689629
    },
    {
      "tgid": 50886,
      "comm": "xhpcg",
      "cgroup_id": 15948,
      "wait_duration_stats_ns": {
        "count": 1019.0,
        "sum": 3927137429.9999957,
        "mean": 3853913.0814524,
        "median": 3001724.3605771274,
        "min": 110373,
        "max": 38534309,
        "variance_ns2": 20662562744642.97,
        "iqr_ns": 640135.4921446601,
        "q1_ns": 2593613.2096753553,
        "q3_ns": 3233748.7018200154
      },
      "futex_op_counts": {
        "128": 1019
      },
      "first_seen_ts_ns": 1849622812949,
      "last_seen_ts_ns": 1864555458942
    },
    {
      "tgid": 50896,
      "comm": "xhpcg",
      "cgroup_id": 15948,
      "wait_duration_stats_ns": {
        "count": 1014.0,
        "sum": 3926630952.9999986,
        "mean": 3872417.1134122275,
        "median": 2885256.2192209377,
        "min": 4370,
        "max": 38629102,
        "variance_ns2": 23428690488976.93,
        "iqr_ns": 698863.7098556864,
        "q1_ns": 2495375.46859186,
        "q3_ns": 3194239.1784475464
      },
      "futex_op_counts": {
        "128": 1014
      },
      "first_seen_ts_ns": 1849623244042,
      "last_seen_ts_ns": 1864555675479
    },
    {
      "tgid": 50898,
      "comm": "xhpcg",
      "cgroup_id": 15948,
      "wait_duration_stats_ns": {
        "count": 1004.0,
        "sum": 3904387309.000002,
        "mean": 3888831.981075699,
        "median": 2957632.28707892,
        "min": 136394,
        "max": 38618112,
        "variance_ns2": 23540400357319.316,
        "iqr_ns": 631112.8336753962,
        "q1_ns": 2614415.7490798794,
        "q3_ns": 3245528.5827552755
      },
      "futex_op_counts": {
        "128": 1004
      },
      "first_seen_ts_ns": 1849623428538,
      "last_seen_ts_ns": 1864554381089
    },
    {
      "tgid": 50884,
      "comm": "xhpcg",
      "cgroup_id": 15948,
      "wait_duration_stats_ns": {
        "count": 1002.0,
        "sum": 3903338961.0000014,
        "mean": 3895547.8652694626,
        "median": 2919124.1532694343,
        "min": 3280,
        "max": 38361834,
        "variance_ns2": 24162651178043.746,
        "iqr_ns": 606565.6338051655,
        "q1_ns": 2586995.860980598,
        "q3_ns": 3193561.4947857633
      },
      "futex_op_counts": {
        "128": 1002
      },
      "first_seen_ts_ns": 1849622873821,
      "last_seen_ts_ns": 1864556092202
    },
    {
      "tgid": 50902,
      "comm": "xhpcg",
      "cgroup_id": 15948,
      "wait_duration_stats_ns": {
        "count": 1013.0,
        "sum": 3898342936.000002,
        "mean": 3848314.8430404756,
        "median": 2951935.33763723,
        "min": 74993,
        "max": 38631022,
        "variance_ns2": 20678984868816.867,
        "iqr_ns": 729217.3805340929,
        "q1_ns": 2619751.1395702264,
        "q3_ns": 3348968.5201043193
      },
      "futex_op_counts": {
        "128": 1013
      },
      "first_seen_ts_ns": 1849623333085,
      "last_seen_ts_ns": 1864557043381
    },
    {
      "tgid": 50903,
      "comm": "xhpcg",
      "cgroup_id": 15948,
      "wait_duration_stats_ns": {
        "count": 1031.0,
        "sum": 3892344199.0000014,
        "mean": 3775309.601357906,
        "median": 3065740.5317915766,
        "min": 49782,
        "max": 39462607,
        "variance_ns2": 16509995248112.404,
        "iqr_ns": 2050609.397279683,
        "q1_ns": 2468383.6237537465,
        "q3_ns": 4518993.02103343
      },
      "futex_op_counts": {
        "128": 1031
      },
      "first_seen_ts_ns": 1849623323015,
      "last_seen_ts_ns": 1864556483754
    },
    {
      "tgid": 50906,
      "comm": "xhpcg",
      "cgroup_id": 15948,
      "wait_duration_stats_ns": {
        "count": 1024.0,
        "sum": 3877912521.0000024,
        "mean": 3787023.946289065,
        "median": 3000107.346053744,
        "min": 43831,
        "max": 39417337,
        "variance_ns2": 18676336930494.7,
        "iqr_ns": 826715.7962235743,
        "q1_ns": 2567765.833006785,
        "q3_ns": 3394481.629230359
      },
      "futex_op_counts": {
        "128": 1024
      },
      "first_seen_ts_ns": 1849623410858,
      "last_seen_ts_ns": 1864556502194
    },
    {
      "tgid": 50883,
      "comm": "xhpcg",
      "cgroup_id": 15948,
      "wait_duration_stats_ns": {
        "count": 1008.0,
        "sum": 3872224721.9999967,
        "mean": 3841492.7797619016,
        "median": 2960188.484476492,
        "min": 43821,
        "max": 41562752,
        "variance_ns2": 23208564817887.562,
        "iqr_ns": 744199.261432623,
        "q1_ns": 2474582.667139971,
        "q3_ns": 3218781.928572594
      },
      "futex_op_counts": {
        "128": 1008
      },
      "first_seen_ts_ns": 1849623218662,
      "last_seen_ts_ns": 1864554918876
    },
    {
      "tgid": 50885,
      "comm": "xhpcg",
      "cgroup_id": 15948,
      "wait_duration_stats_ns": {
        "count": 1011.0,
        "sum": 3860356568.000001,
        "mean": 3818354.6666666674,
        "median": 2986504.983767349,
        "min": 106734,
        "max": 39948873,
        "variance_ns2": 21343909493999.293,
        "iqr_ns": 754110.0325472602,
        "q1_ns": 2480197.8726873896,
        "q3_ns": 3234307.90523465
      },
      "futex_op_counts": {
        "128": 1011
      },
      "first_seen_ts_ns": 1849623257803,
      "last_seen_ts_ns": 1864556088052
    },
    {
      "tgid": 50890,
      "comm": "xhpcg",
      "cgroup_id": 15948,
      "wait_duration_stats_ns": {
        "count": 1013.0,
        "sum": 3832289894.0000033,
        "mean": 3783109.470878582,
        "median": 2966352.0009739706,
        "min": 56731,
        "max": 39394375,
        "variance_ns2": 20620909600272.824,
        "iqr_ns": 1695780.1418762035,
        "q1_ns": 2480536.7874862365,
        "q3_ns": 4176316.92936244
      },
      "futex_op_counts": {
        "128": 1013
      },
      "first_seen_ts_ns": 1849623217892,
      "last_seen_ts_ns": 1864555475623
    },
    {
      "tgid": 50894,
      "comm": "xhpcg",
      "cgroup_id": 15948,
      "wait_duration_stats_ns": {
        "count": 1010.0,
        "sum": 3810633019.999998,
        "mean": 3772903.980198018,
        "median": 2911256.7996306,
        "min": 39911,
        "max": 39590440,
        "variance_ns2": 22599369545298.656,
        "iqr_ns": 912216.8026120826,
        "q1_ns": 2364245.55565377,
        "q3_ns": 3276462.3582658526
      },
      "futex_op_counts": {
        "128": 1010
      },
      "first_seen_ts_ns": 1849622615853,
      "last_seen_ts_ns": 1864555011189
    },
    {
      "tgid": 50892,
      "comm": "xhpcg",
      "cgroup_id": 15948,
      "wait_duration_stats_ns": {
        "count": 1017.0,
        "sum": 3806921918.999995,
        "mean": 3743286.056047193,
        "median": 2924242.242864298,
        "min": 8830,
        "max": 39439177,
        "variance_ns2": 21861275266675.28,
        "iqr_ns": 1075916.3227251824,
        "q1_ns": 2321137.2297387198,
        "q3_ns": 3397053.552463902
      },
      "futex_op_counts": {
        "128": 1017
      },
      "first_seen_ts_ns": 1849623627024,
      "last_seen_ts_ns": 1864555016109
    },
    {
      "tgid": 50910,
      "comm": "xhpcg",
      "cgroup_id": 15948,
      "wait_duration_stats_ns": {
        "count": 1018.0,
        "sum": 3786506796.9999957,
        "mean": 3719554.8104125694,
        "median": 2968693.567860908,
        "min": 128234,
        "max": 38688644,
        "variance_ns2": 18582292050196.19,
        "iqr_ns": 1474347.513627152,
        "q1_ns": 2411513.958819651,
        "q3_ns": 3885861.472446803
      },
      "futex_op_counts": {
        "128": 1018
      },
      "first_seen_ts_ns": 1849622790979,
      "last_seen_ts_ns": 1864556503054
    },
    {
      "tgid": 50887,
      "comm": "xhpcg",
      "cgroup_id": 15948,
      "wait_duration_stats_ns": {
        "count": 997.0,
        "sum": 3785541143.9999986,
        "mean": 3796931.939819457,
        "median": 2965257.6777054374,
        "min": 149595,
        "max": 40271262,
        "variance_ns2": 21356995411659.402,
        "iqr_ns": 899628.9424165254,
        "q1_ns": 2427215.359611702,
        "q3_ns": 3326844.3020282276
      },
      "futex_op_counts": {
        "128": 997
      },
      "first_seen_ts_ns": 1849622643264,
      "last_seen_ts_ns": 1864556144353
    },
    {
      "tgid": 50908,
      "comm": "xhpcg",
      "cgroup_id": 15948,
      "wait_duration_stats_ns": {
        "count": 1014.0,
        "sum": 3771170396.9999967,
        "mean": 3719102.9556212984,
        "median": 2930683.3352492754,
        "min": 127174,
        "max": 39454467,
        "variance_ns2": 19927086465931.91,
        "iqr_ns": 897821.2531992057,
        "q1_ns": 2409160.577657887,
        "q3_ns": 3306981.8308570925
      },
      "futex_op_counts": {
        "128": 1014
      },
      "first_seen_ts_ns": 1849624244793,
      "last_seen_ts_ns": 1864555686399
    },
    {
      "tgid": 50748,
      "comm": "xhpcg",
      "cgroup_id": 15948,
      "wait_duration_stats_ns": {
        "count": 1143.0,
        "sum": 3658074614.9999967,
        "mean": 3200415.2362204697,
        "median": 2038514.0179071263,
        "min": 13541,
        "max": 39340904,
        "variance_ns2": 25464637116895.027,
        "iqr_ns": 1618190.6402742807,
        "q1_ns": 1469381.7174937716,
        "q3_ns": 3087572.3577680523
      },
      "futex_op_counts": {
        "128": 1143
      },
      "first_seen_ts_ns": 1827746422232,
      "last_seen_ts_ns": 1848851061136
    },
    {
      "tgid": 50912,
      "comm": "xhpcg",
      "cgroup_id": 15948,
      "wait_duration_stats_ns": {
        "count": 1037.0,
        "sum": 3542016808.0000014,
        "mean": 3415638.1947926725,
        "median": 2974328.9055050933,
        "min": 49991,
        "max": 38751296,
        "variance_ns2": 21296571968401.277,
        "iqr_ns": 2037850.8309046638,
        "q1_ns": 1531092.537018121,
        "q3_ns": 3568943.3679227848
      },
      "futex_op_counts": {
        "128": 1037
      },
      "first_seen_ts_ns": 1849623124489,
      "last_seen_ts_ns": 1864555868695
    },
    {
      "tgid": 50918,
      "comm": "xhpcg",
      "cgroup_id": 15948,
      "wait_duration_stats_ns": {
        "count": 1017.0,
        "sum": 3535466908.9999967,
        "mean": 3476368.642084559,
        "median": 3007844.621021703,
        "min": 161595,
        "max": 39394386,
        "variance_ns2": 21564794252167.133,
        "iqr_ns": 1635458.9522951203,
        "q1_ns": 1710406.5733545069,
        "q3_ns": 3345865.525649627
      },
      "futex_op_counts": {
        "128": 1017
      },
      "first_seen_ts_ns": 1849623476340,
      "last_seen_ts_ns": 1864554073980
    },
    {
      "tgid": 50926,
      "comm": "xhpcg",
      "cgroup_id": 15948,
      "wait_duration_stats_ns": {
        "count": 1051.0,
        "sum": 3528394722.0000014,
        "mean": 3357178.6127497633,
        "median": 2978236.4155558352,
        "min": 105103,
        "max": 40222781,
        "variance_ns2": 18977877144021.152,
        "iqr_ns": 2513750.4009388834,
        "q1_ns": 1473091.895687511,
        "q3_ns": 3986842.296626394
      },
      "futex_op_counts": {
        "128": 1051
      },
      "first_seen_ts_ns": 1849624689607,
      "last_seen_ts_ns": 1864554020209
    },
    {
      "tgid": 50914,
      "comm": "xhpcg",
      "cgroup_id": 15948,
      "wait_duration_stats_ns": {
        "count": 1007.0,
        "sum": 3514183648.999999,
        "mean": 3489755.361469711,
        "median": 2945362.5502443034,
        "min": 53211,
        "max": 38684014,
        "variance_ns2": 22845417737281.367,
        "iqr_ns": 1527000.542211108,
        "q1_ns": 1693119.342574955,
        "q3_ns": 3220119.884786063
      },
      "futex_op_counts": {
        "128": 1007
      },
      "first_seen_ts_ns": 1849623020436,
      "last_seen_ts_ns": 1864554292947
    },
    {
      "tgid": 50920,
      "comm": "xhpcg",
      "cgroup_id": 15948,
      "wait_duration_stats_ns": {
        "count": 1034.0,
        "sum": 3468713274.9999948,
        "mean": 3354655.0048355847,
        "median": 2996445.239920841,
        "min": 63931,
        "max": 39491139,
        "variance_ns2": 20589606581246.8,
        "iqr_ns": 2071292.8467485444,
        "q1_ns": 1458163.6250506546,
        "q3_ns": 3529456.471799199
      },
      "futex_op_counts": {
        "128": 1034
      },
      "first_seen_ts_ns": 1849623076628,
      "last_seen_ts_ns": 1864563583791
    },
    {
      "tgid": 50916,
      "comm": "xhpcg",
      "cgroup_id": 15948,
      "wait_duration_stats_ns": {
        "count": 1018.0,
        "sum": 3461242208.999997,
        "mean": 3400041.462671903,
        "median": 2993005.3630315242,
        "min": 1220,
        "max": 39389376,
        "variance_ns2": 22095599606515.43,
        "iqr_ns": 1769223.9249901888,
        "q1_ns": 1508345.1255945708,
        "q3_ns": 3277569.0505847596
      },
      "futex_op_counts": {
        "128": 1018
      },
      "first_seen_ts_ns": 1849623774429,
      "last_seen_ts_ns": 1864563732895
    },
    {
      "tgid": 50922,
      "comm": "xhpcg",
      "cgroup_id": 15948,
      "wait_duration_stats_ns": {
        "count": 1018.0,
        "sum": 3455932703.9999967,
        "mean": 3394825.8388998,
        "median": 2934229.899839701,
        "min": 53681,
        "max": 41093988,
        "variance_ns2": 20949367398053.027,
        "iqr_ns": 1697967.3215307626,
        "q1_ns": 1621389.542849998,
        "q3_ns": 3319356.8643807606
      },
      "futex_op_counts": {
        "128": 1018
      },
      "first_seen_ts_ns": 1849622920893,
      "last_seen_ts_ns": 1864554071130
    },
    {
      "tgid": 50924,
      "comm": "xhpcg",
      "cgroup_id": 15948,
      "wait_duration_stats_ns": {
        "count": 1013.0,
        "sum": 3436473682.999998,
        "mean": 3392372.8361303043,
        "median": 2992718.4620401375,
        "min": 16061,
        "max": 39486928,
        "variance_ns2": 21665599314082.62,
        "iqr_ns": 2055399.9113206835,
        "q1_ns": 1446372.328098318,
        "q3_ns": 3501772.2394190016
      },
      "futex_op_counts": {
        "128": 1013
      },
      "first_seen_ts_ns": 1849624031817,
      "last_seen_ts_ns": 1864554032159
    },
    {
      "tgid": 50979,
      "comm": "runc",
      "cgroup_id": 4085,
      "wait_duration_stats_ns": {
        "count": 366.0,
        "sum": 2377888857.9999995,
        "mean": 6496964.092896174,
        "median": 681020.3549712125,
        "min": 1100,
        "max": 323986801,
        "variance_ns2": 949481005756599.6,
        "iqr_ns": 5800023.232751791,
        "q1_ns": 104831.00579805118,
        "q3_ns": 5904854.2385498425
      },
      "futex_op_counts": {
        "128": 366
      },
      "first_seen_ts_ns": 1855506648397,
      "last_seen_ts_ns": 1855861014728
    },
    {
      "tgid": 50853,
      "comm": "runc",
      "cgroup_id": 4085,
      "wait_duration_stats_ns": {
        "count": 358.0,
        "sum": 2150642167.9999995,
        "mean": 6007380.357541898,
        "median": 585951.7171086803,
        "min": 1240,
        "max": 310068892,
        "variance_ns2": 758015728185457.6,
        "iqr_ns": 2168865.348452498,
        "q1_ns": 121712.01752769125,
        "q3_ns": 2290577.3659801893
      },
      "futex_op_counts": {
        "128": 358
      },
      "first_seen_ts_ns": 1845496334602,
      "last_seen_ts_ns": 1845809408525
    },
    {
      "tgid": 51132,
      "comm": "runc",
      "cgroup_id": 4085,
      "wait_duration_stats_ns": {
        "count": 343.0,
        "sum": 2015856642.0000005,
        "mean": 5877133.067055395,
        "median": 389954.9268213343,
        "min": 9160,
        "max": 269202225,
        "variance_ns2": 769426567635986.6,
        "iqr_ns": 3370568.82076806,
        "q1_ns": 126550.46474409332,
        "q3_ns": 3497119.2855121535
      },
      "futex_op_counts": {
        "128": 343
      },
      "first_seen_ts_ns": 1874642614815,
      "last_seen_ts_ns": 1874941028965
    },
    {
      "tgid": 50780,
      "comm": "runc",
      "cgroup_id": 4085,
      "wait_duration_stats_ns": {
        "count": 349.0,
        "sum": 1821515794.9999995,
        "mean": 5219242.965616045,
        "median": 435421.2861507465,
        "min": 950,
        "max": 223744010,
        "variance_ns2": 606677605898588.8,
        "iqr_ns": 2260108.926700711,
        "q1_ns": 73730.38829991959,
        "q3_ns": 2333839.3150006304
      },
      "futex_op_counts": {
        "128": 349
      },
      "first_seen_ts_ns": 1834639534354,
      "last_seen_ts_ns": 1834883545034
    },
    {
      "tgid": 51206,
      "comm": "runc",
      "cgroup_id": 4085,
      "wait_duration_stats_ns": {
        "count": 303.0,
        "sum": 1713238996.0000005,
        "mean": 5654254.112211223,
        "median": 343790.8389311298,
        "min": 3880,
        "max": 253871455,
        "variance_ns2": 733278463269400.6,
        "iqr_ns": 1941575.5446863216,
        "q1_ns": 58014.08217290308,
        "q3_ns": 1999589.6268592246
      },
      "futex_op_counts": {
        "128": 303
      },
      "first_seen_ts_ns": 1885504044066,
      "last_seen_ts_ns": 1885758908512
    },
    {
      "tgid": 50955,
      "comm": "runc",
      "cgroup_id": 4085,
      "wait_duration_stats_ns": {
        "count": 296.0,
        "sum": 1474250913.9999998,
        "mean": 4980577.412162161,
        "median": 298116.9525385891,
        "min": 9600,
        "max": 203658740,
        "variance_ns2": 684157536063734.6,
        "iqr_ns": 3296711.2812852603,
        "q1_ns": 39527.51669496215,
        "q3_ns": 3336238.7979802224
      },
      "futex_op_counts": {
        "128": 296
      },
      "first_seen_ts_ns": 1854632199569,
      "last_seen_ts_ns": 1854855369445
    },
    {
      "tgid": 51106,
      "comm": "runc",
      "cgroup_id": 4085,
      "wait_duration_stats_ns": {
        "count": 375.0,
        "sum": 1405596393.9999998,
        "mean": 3748257.050666666,
        "median": 222110.14015209154,
        "min": 930,
        "max": 199650508,
        "variance_ns2": 369921271299837.2,
        "iqr_ns": 1628238.443720406,
        "q1_ns": 46173.6452466311,
        "q3_ns": 1674412.088967037
      },
      "futex_op_counts": {
        "128": 375
      },
      "first_seen_ts_ns": 1865500076357,
      "last_seen_ts_ns": 1865711098443
    },
    {
      "tgid": 50804,
      "comm": "runc",
      "cgroup_id": 4085,
      "wait_duration_stats_ns": {
        "count": 240.0,
        "sum": 1396959295.9999998,
        "mean": 5820663.733333332,
        "median": 345492.90167069924,
        "min": 9390,
        "max": 193577255,
        "variance_ns2": 796205611992257.2,
        "iqr_ns": 2616165.8361603213,
        "q1_ns": 41400.3906964639,
        "q3_ns": 2657566.2268567854
      },
      "futex_op_counts": {
        "128": 240
      },
      "first_seen_ts_ns": 1835494027272,
      "last_seen_ts_ns": 1835707818726
    },
    {
      "tgid": 51157,
      "comm": "runc",
      "cgroup_id": 4085,
      "wait_duration_stats_ns": {
        "count": 270.0,
        "sum": 1268776798.0,
        "mean": 4699173.325925926,
        "median": 843190.0186628652,
        "min": 1100,
        "max": 188019917,
        "variance_ns2": 456447871354815.6,
        "iqr_ns": 6903349.270625928,
        "q1_ns": 38009.10343389264,
        "q3_ns": 6941358.3740598215
      },
      "futex_op_counts": {
        "128": 270
      },
      "first_seen_ts_ns": 1875501318545,
      "last_seen_ts_ns": 1875729211225
    },
    {
      "tgid": 50830,
      "comm": "runc",
      "cgroup_id": 4085,
      "wait_duration_stats_ns": {
        "count": 246.0,
        "sum": 1127896963.0000002,
        "mean": 4584947.004065041,
        "median": 348899.7624199893,
        "min": 9840,
        "max": 176121231,
        "variance_ns2": 399049436312122.44,
        "iqr_ns": 7616079.506497726,
        "q1_ns": 51563.01408088179,
        "q3_ns": 7667642.520578608
      },
      "futex_op_counts": {
        "128": 246
      },
      "first_seen_ts_ns": 1844658844165,
      "last_seen_ts_ns": 1844837597457
    },
    {
      "tgid": 51182,
      "comm": "runc",
      "cgroup_id": 4085,
      "wait_duration_stats_ns": {
        "count": 234.0,
        "sum": 1127029071.9999998,
        "mean": 4816363.555555555,
        "median": 163430.42013518486,
        "min": 3450,
        "max": 188352883,
        "variance_ns2": 637795447345145.4,
        "iqr_ns": 1378973.4323469661,
        "q1_ns": 35214.97394991943,
        "q3_ns": 1414188.4062968856
      },
      "futex_op_counts": {
        "128": 234
      },
      "first_seen_ts_ns": 1884640791277,
      "last_seen_ts_ns": 1884844462431
    },
    {
      "tgid": 50991,
      "comm": "runc:[2:INIT]",
      "cgroup_id": 5011,
      "wait_duration_stats_ns": {
        "count": 28.0,
        "sum": 904054283.0,
        "mean": 32287652.964285713,
        "median": 6496099.824645275,
        "min": 115094,
        "max": 166922066,
        "variance_ns2": 3178101078627850.5,
        "iqr_ns": 36733027.63712114,
        "q1_ns": 788022.1318469044,
        "q3_ns": 37521049.768968046
      },
      "futex_op_counts": {
        "128": 28
      },
      "first_seen_ts_ns": 1855688499331,
      "last_seen_ts_ns": 1855874142379
    },
    {
      "tgid": 51217,
      "comm": "runc:[2:INIT]",
      "cgroup_id": 5011,
      "wait_duration_stats_ns": {
        "count": 34.0,
        "sum": 783926642.9999998,
        "mean": 23056665.97058823,
        "median": 4851145.698914254,
        "min": 14561,
        "max": 122903893,
        "variance_ns2": 1991836943091883.5,
        "iqr_ns": 21192602.28521794,
        "q1_ns": 430292.33935882134,
        "q3_ns": 21622894.624576762
      },
      "futex_op_counts": {
        "128": 34
      },
      "first_seen_ts_ns": 1885633887934,
      "last_seen_ts_ns": 1885769891341
    },
    {
      "tgid": 51193,
      "comm": "runc:[2:INIT]",
      "cgroup_id": 5011,
      "wait_duration_stats_ns": {
        "count": 31.0,
        "sum": 772632714.9999999,
        "mean": 24923635.967741933,
        "median": 3011619.3376602917,
        "min": 11411,
        "max": 139638627,
        "variance_ns2": 2041064991776135.0,
        "iqr_ns": 18215508.4574683,
        "q1_ns": 245721.72852678577,
        "q3_ns": 18461230.185995087
      },
      "futex_op_counts": {
        "128": 31
      },
      "first_seen_ts_ns": 1884698509340,
      "last_seen_ts_ns": 1884855787660
    },
    {
      "tgid": 51005,
      "comm": "runc",
      "cgroup_id": 4085,
      "wait_duration_stats_ns": {
        "count": 359.0,
        "sum": 735248261.0,
        "mean": 2048045.295264624,
        "median": 104803.90064882213,
        "min": 760,
        "max": 126202040,
        "variance_ns2": 225785880348055.88,
        "iqr_ns": 408368.1817110003,
        "q1_ns": 21415.76066247461,
        "q3_ns": 429783.9423734749
      },
      "futex_op_counts": {
        "128": 359
      },
      "first_seen_ts_ns": 1864626257809,
      "last_seen_ts_ns": 1864752875651
    },
    {
      "tgid": 50792,
      "comm": "runc:[2:INIT]",
      "cgroup_id": 5011,
      "wait_duration_stats_ns": {
        "count": 31.0,
        "sum": 734500785.0000001,
        "mean": 23693573.709677424,
        "median": 3901601.032722773,
        "min": 6601,
        "max": 133810656,
        "variance_ns2": 1975327444624072.2,
        "iqr_ns": 15009774.263210481,
        "q1_ns": 598844.5875259137,
        "q3_ns": 15608618.850736395
      },
      "futex_op_counts": {
        "128": 31
      },
      "first_seen_ts_ns": 1834731867650,
      "last_seen_ts_ns": 1834883631276
    },
    {
      "tgid": 50864,
      "comm": "runc:[2:INIT]",
      "cgroup_id": 5011,
      "wait_duration_stats_ns": {
        "count": 27.0,
        "sum": 734392667.9999999,
        "mean": 27199728.44444444,
        "median": 3749094.5435512215,
        "min": 1090,
        "max": 146000298,
        "variance_ns2": 2500765749164327.5,
        "iqr_ns": 39562359.298947155,
        "q1_ns": 693369.5199519768,
        "q3_ns": 40255728.81889913
      },
      "futex_op_counts": {
        "128": 27
      },
      "first_seen_ts_ns": 1845654304307,
      "last_seen_ts_ns": 1845809287331
    },
    {
      "tgid": 50815,
      "comm": "runc:[2:INIT]",
      "cgroup_id": 5011,
      "wait_duration_stats_ns": {
        "count": 22.0,
        "sum": 730125294.9999998,
        "mean": 33187513.4090909,
        "median": 5021309.488144675,
        "min": 29971,
        "max": 139343916,
        "variance_ns2": 2955792986511338.5,
        "iqr_ns": 31926216.986894414,
        "q1_ns": 2555476.8500000006,
        "q3_ns": 34481693.836894415
      },
      "futex_op_counts": {
        "128": 22
      },
      "first_seen_ts_ns": 1835561069504,
      "last_seen_ts_ns": 1835712976783
    },
    {
      "tgid": 51143,
      "comm": "runc:[2:INIT]",
      "cgroup_id": 5011,
      "wait_duration_stats_ns": {
        "count": 29.0,
        "sum": 709025887.0,
        "mean": 24449168.51724138,
        "median": 2410652.565659673,
        "min": 144734,
        "max": 136443408,
        "variance_ns2": 2425034380866634.5,
        "iqr_ns": 31529533.5761851,
        "q1_ns": 680804.8953814233,
        "q3_ns": 32210338.471566524
      },
      "futex_op_counts": {
        "128": 29
      },
      "first_seen_ts_ns": 1874799980405,
      "last_seen_ts_ns": 1874941229931
    },
    {
      "tgid": 50966,
      "comm": "runc:[2:INIT]",
      "cgroup_id": 5011,
      "wait_duration_stats_ns": {
        "count": 30.0,
        "sum": 609082038.0,
        "mean": 20302734.6,
        "median": 2221298.442627196,
        "min": 82862,
        "max": 111594594,
        "variance_ns2": 1527666735102138.0,
        "iqr_ns": 8335276.445456856,
        "q1_ns": 550621.326026174,
        "q3_ns": 8885897.77148303
      },
      "futex_op_counts": {
        "128": 30
      },
      "first_seen_ts_ns": 1854724379748,
      "last_seen_ts_ns": 1854855388435
    },
    {
      "tgid": 51015,
      "comm": "runc:[2:INIT]",
      "cgroup_id": 5011,
      "wait_duration_stats_ns": {
        "count": 25.0,
        "sum": 586231834.0000001,
        "mean": 23449273.360000003,
        "median": 2704992.2132234434,
        "min": 1070,
        "max": 117547515,
        "variance_ns2": 2246460076409965.8,
        "iqr_ns": 32590841.132270213,
        "q1_ns": 166151.08518709044,
        "q3_ns": 32756992.217457302
      },
      "futex_op_counts": {
        "128": 25
      },
      "first_seen_ts_ns": 1864634789820,
      "last_seen_ts_ns": 1864752844160
    },
    {
      "tgid": 51167,
      "comm": "runc:[2:INIT]",
      "cgroup_id": 5011,
      "wait_duration_stats_ns": {
        "count": 23.0,
        "sum": 550912839.0,
        "mean": 23952732.13043478,
        "median": 1254506.816603141,
        "min": 11490,
        "max": 129436413,
        "variance_ns2": 1975966069755105.5,
        "iqr_ns": 18956732.115814283,
        "q1_ns": 1305431.516844465,
        "q3_ns": 20262163.63265875
      },
      "futex_op_counts": {
        "128": 23
      },
      "first_seen_ts_ns": 1875590640012,
      "last_seen_ts_ns": 1875728818523
    },
    {
      "tgid": 51117,
      "comm": "runc:[2:INIT]",
      "cgroup_id": 5011,
      "wait_duration_stats_ns": {
        "count": 23.0,
        "sum": 547032992.0000001,
        "mean": 23784043.13043479,
        "median": 3473678.683565827,
        "min": 176605,
        "max": 119661189,
        "variance_ns2": 1588056593830657.0,
        "iqr_ns": 24019960.68150362,
        "q1_ns": 616660.9319065246,
        "q3_ns": 24636621.613410145
      },
      "futex_op_counts": {
        "128": 23
      },
      "first_seen_ts_ns": 1865579363754,
      "last_seen_ts_ns": 1865722108130
    },
    {
      "tgid": 50841,
      "comm": "runc:[2:INIT]",
      "cgroup_id": 5011,
      "wait_duration_stats_ns": {
        "count": 26.0,
        "sum": 499632638.0,
        "mean": 19216639.923076924,
        "median": 5757264.085047529,
        "min": 20371,
        "max": 123516312,
        "variance_ns2": 1335121779630670.8,
        "iqr_ns": 11797251.994826254,
        "q1_ns": 637859.330489293,
        "q3_ns": 12435111.325315546
      },
      "futex_op_counts": {
        "128": 26
      },
      "first_seen_ts_ns": 1844706749761,
      "last_seen_ts_ns": 1844840046372
    },
    {
      "tgid": 50864,
      "comm": "grpc-health-pro",
      "cgroup_id": 5011,
      "wait_duration_stats_ns": {
        "count": 26.0,
        "sum": 226046777.0,
        "mean": 8694106.807692308,
        "median": 2544426.2387872497,
        "min": 26200,
        "max": 41652184,
        "variance_ns2": 153499458811028.72,
        "iqr_ns": 9758066.538165582,
        "q1_ns": 386951.12355324073,
        "q3_ns": 10145017.661718823
      },
      "futex_op_counts": {
        "128": 26
      },
      "first_seen_ts_ns": 1845815503902,
      "last_seen_ts_ns": 1845867408830
    },
    {
      "tgid": 51143,
      "comm": "grpc-health-pro",
      "cgroup_id": 5011,
      "wait_duration_stats_ns": {
        "count": 31.0,
        "sum": 216290194.99999997,
        "mean": 6977103.064516128,
        "median": 3611053.5125760366,
        "min": 16810,
        "max": 30505274,
        "variance_ns2": 75252496989286.0,
        "iqr_ns": 7592108.901733361,
        "q1_ns": 1168463.6385402808,
        "q3_ns": 8760572.540273642
      },
      "futex_op_counts": {
        "128": 31
      },
      "first_seen_ts_ns": 1874969553909,
      "last_seen_ts_ns": 1875015120074
    },
    {
      "tgid": 51193,
      "comm": "grpc-health-pro",
      "cgroup_id": 5011,
      "wait_duration_stats_ns": {
        "count": 25.0,
        "sum": 211603352.0,
        "mean": 8464134.08,
        "median": 5330027.113151644,
        "min": 45801,
        "max": 24955866,
        "variance_ns2": 72374530660426.9,
        "iqr_ns": 12668536.21283985,
        "q1_ns": 1326632.7530142702,
        "q3_ns": 13995168.96585412
      },
      "futex_op_counts": {
        "128": 25
      },
      "first_seen_ts_ns": 1884870132570,
      "last_seen_ts_ns": 1884912671917
    },
    {
      "tgid": 50841,
      "comm": "grpc-health-pro",
      "cgroup_id": 5011,
      "wait_duration_stats_ns": {
        "count": 17.0,
        "sum": 130279194.99999999,
        "mean": 7663482.058823529,
        "median": 6427528.124091061,
        "min": 26851,
        "max": 25324995,
        "variance_ns2": 56740426609167.19,
        "iqr_ns": 10518455.966510039,
        "q1_ns": 2030144.6085224457,
        "q3_ns": 12548600.575032484
      },
      "futex_op_counts": {
        "128": 17
      },
      "first_seen_ts_ns": 1844852860523,
      "last_seen_ts_ns": 1844890075572
    },
    {
      "tgid": 51167,
      "comm": "grpc-health-pro",
      "cgroup_id": 5011,
      "wait_duration_stats_ns": {
        "count": 19.0,
        "sum": 125270222.00000001,
        "mean": 6593169.578947369,
        "median": 4380086.377477933,
        "min": 26161,
        "max": 24382867,
        "variance_ns2": 50156491198257.375,
        "iqr_ns": 8776186.487591438,
        "q1_ns": 721373.5432167659,
        "q3_ns": 9497560.030808205
      },
      "futex_op_counts": {
        "128": 19
      },
      "first_seen_ts_ns": 1875735141067,
      "last_seen_ts_ns": 1875770145310
    },
    {
      "tgid": 50966,
      "comm": "grpc-health-pro",
      "cgroup_id": 5011,
      "wait_duration_stats_ns": {
        "count": 22.0,
        "sum": 115578098.99999999,
        "mean": 5253549.954545454,
        "median": 3220880.9580987087,
        "min": 10081,
        "max": 17892878,
        "variance_ns2": 26777540557278.434,
        "iqr_ns": 8359563.964225821,
        "q1_ns": 703590.7427680122,
        "q3_ns": 9063154.706993833
      },
      "futex_op_counts": {
        "128": 22
      },
      "first_seen_ts_ns": 1854861148112,
      "last_seen_ts_ns": 1854897571916
    },
    {
      "tgid": 50991,
      "comm": "grpc-health-pro",
      "cgroup_id": 5011,
      "wait_duration_stats_ns": {
        "count": 14.0,
        "sum": 112508724.0,
        "mean": 8036337.428571428,
        "median": 7744349.395833333,
        "min": 184075,
        "max": 24481729,
        "variance_ns2": 41373052699696.42,
        "iqr_ns": 6567646.317222224,
        "q1_ns": 2767032.736111111,
        "q3_ns": 9334679.053333335
      },
      "futex_op_counts": {
        "128": 14
      },
      "first_seen_ts_ns": 1855889080796,
      "last_seen_ts_ns": 1855919049803
    },
    {
      "tgid": 50792,
      "comm": "grpc-health-pro",
      "cgroup_id": 5011,
      "wait_duration_stats_ns": {
        "count": 22.0,
        "sum": 74770602.0,
        "mean": 3398663.727272727,
        "median": 529152.0101680446,
        "min": 20051,
        "max": 14491544,
        "variance_ns2": 24433595698981.645,
        "iqr_ns": 2472625.817211496,
        "q1_ns": 166806.06805229533,
        "q3_ns": 2639431.8852637913
      },
      "futex_op_counts": {
        "128": 22
      },
      "first_seen_ts_ns": 1834899853752,
      "last_seen_ts_ns": 1834916745450
    },
    {
      "tgid": 51217,
      "comm": "grpc-health-pro",
      "cgroup_id": 5011,
      "wait_duration_stats_ns": {
        "count": 11.0,
        "sum": 68598530.99999999,
        "mean": 6236230.09090909,
        "median": 6422432.833333334,
        "min": 13991,
        "max": 13484565,
        "variance_ns2": 26671228647224.29,
        "iqr_ns": 7222122.736111112,
        "q1_ns": 1529208.6250000002,
        "q3_ns": 8751331.361111112
      },
      "futex_op_counts": {
        "128": 11
      },
      "first_seen_ts_ns": 1885784916541,
      "last_seen_ts_ns": 1885800265613
    },
    {
      "tgid": 51117,
      "comm": "grpc-health-pro",
      "cgroup_id": 5011,
      "wait_duration_stats_ns": {
        "count": 17.0,
        "sum": 55457938.0,
        "mean": 3262231.6470588236,
        "median": 1596332.226851852,
        "min": 37882,
        "max": 13683528,
        "variance_ns2": 20642078647215.742,
        "iqr_ns": 4034080.1732804235,
        "q1_ns": 264983.5,
        "q3_ns": 4299063.6732804235
      },
      "futex_op_counts": {
        "128": 17
      },
      "first_seen_ts_ns": 1865749431068,
      "last_seen_ts_ns": 1865766157479
    },
    {
      "tgid": 50815,
      "comm": "grpc-health-pro",
      "cgroup_id": 5011,
      "wait_duration_stats_ns": {
        "count": 26.0,
        "sum": 50050231.0,
        "mean": 1925008.8846153847,
        "median": 863229.617239163,
        "min": 2500,
        "max": 8293624,
        "variance_ns2": 8201778455166.263,
        "iqr_ns": 4855410.899252979,
        "q1_ns": 85441.26571725881,
        "q3_ns": 4940852.164970238
      },
      "futex_op_counts": {
        "128": 26
      },
      "first_seen_ts_ns": 1835730184431,
      "last_seen_ts_ns": 1835745139709
    },
    {
      "tgid": 51015,
      "comm": "grpc-health-pro",
      "cgroup_id": 5011,
      "wait_duration_stats_ns": {
        "count": 34.0,
        "sum": 12100174.000000002,
        "mean": 355887.47058823536,
        "median": 74347.77011084548,
        "min": 12231,
        "max": 1812926,
        "variance_ns2": 288301919171.04456,
        "iqr_ns": 340188.9821719722,
        "q1_ns": 29807.29027616762,
        "q3_ns": 369996.27244813985
      },
      "futex_op_counts": {
        "128": 34
      },
      "first_seen_ts_ns": 1864755246664,
      "last_seen_ts_ns": 1864758207735
    },
    {
      "tgid": 50479,
      "comm": "flux-broker-0",
      "cgroup_id": 15948,
      "wait_duration_stats_ns": {
        "count": 309.0,
        "sum": 707791.0000000001,
        "mean": 2290.5857605178,
        "median": 1455.670175202671,
        "min": 690,
        "max": 26921,
        "variance_ns2": 10961458.210965408,
        "iqr_ns": 1331.5402479577933,
        "q1_ns": 1053.6061638295632,
        "q3_ns": 2385.1464117873566
      },
      "futex_op_counts": {
        "128": 309
      },
      "first_seen_ts_ns": 1827214862184,
      "last_seen_ts_ns": 1893074349070
    }
  ]
}
[16:13:32] Cleanup complete.
