unlimited
PROGRAM: cpu
Looking for /opt/programs/cpu/ebpf-collect.c
[16:36:00] Waiting for start indicator file: '/mnt/flux/start_ebpf_collection'.
[16:36:02] Start indicator found. Proceeding with monitoring.
[16:36:02] Initializing eBPF for CPU Scheduling monitoring...
[16:36:02] BPF C code compiled and loaded.
[16:36:02] Attached tracepoints.
[16:36:02] Monitoring CPU scheduling events (polling aggregated map)... Press Ctrl+C to stop.
[16:37:04] Stop indicator file '/mnt/flux/stop_ebpf_collection' found. Stopping.
[16:37:04] Initiating cleanup sequence...
{
  "final_aggregated_summary_river": [
    {
      "tgid": 202,
      "comm": "python3",
      "cgroup_id": 15153,
      "on_cpu_stats_ns": {
        "count": 427.0,
        "sum_ns": 16590320.459488025,
        "mean_ns": 38853.209506997715,
        "median_ns": 21223.86142959126,
        "min_ns": 3611.125,
        "max_ns": 673455.0,
        "variance_ns2": 3757081948.166253,
        "iqr_ns": 17566.492321834405,
        "q1_ns": 12408.041826897757,
        "q3_ns": 29974.534148732164
      },
      "runq_latency_stats_ns": {
        "count": 426.0,
        "sum_ns": 3873127.688868527,
        "mean_ns": 9091.849034902645,
        "median_ns": 6266.740000723246,
        "min_ns": 732.0,
        "max_ns": 144033.5,
        "variance_ns2": 110484531.11570345,
        "iqr_ns": 10935.573043745426,
        "q1_ns": 2656.0483814601407,
        "q3_ns": 13591.621425205567
      },
      "first_seen_ts_ns": 1749746163024860353,
      "last_seen_ts_ns": 1749746224453934019,
      "duration_active_s": 61.429073666
    },
    {
      "tgid": 266,
      "comm": "python3",
      "cgroup_id": 15223,
      "on_cpu_stats_ns": {
        "count": 369.0,
        "sum_ns": 12680301.10691594,
        "mean_ns": 34363.95963933859,
        "median_ns": 22269.93456015136,
        "min_ns": 3570.266666666667,
        "max_ns": 454406.0,
        "variance_ns2": 1997606358.166949,
        "iqr_ns": 20313.39018026786,
        "q1_ns": 12297.84927628637,
        "q3_ns": 32611.239456554227
      },
      "runq_latency_stats_ns": {
        "count": 369.0,
        "sum_ns": 3453689.714363394,
        "mean_ns": 9359.592721852016,
        "median_ns": 7341.089517925787,
        "min_ns": 902.28125,
        "max_ns": 246381.0,
        "variance_ns2": 219750472.7052193,
        "iqr_ns": 13243.212064266962,
        "q1_ns": 2889.2995202724314,
        "q3_ns": 16132.511584539392
      },
      "first_seen_ts_ns": 1749746163024860353,
      "last_seen_ts_ns": 1749746224453934019,
      "duration_active_s": 61.429073666
    },
    {
      "tgid": 143,
      "comm": "flux-broker-0",
      "cgroup_id": 15293,
      "on_cpu_stats_ns": {
        "count": 147.0,
        "sum_ns": 5665937.720772238,
        "mean_ns": 38543.79401885877,
        "median_ns": 18090.777282396364,
        "min_ns": 4246.677419354839,
        "max_ns": 871178.0,
        "variance_ns2": 8034225145.525996,
        "iqr_ns": 12282.12735295399,
        "q1_ns": 11301.703841628198,
        "q3_ns": 23583.831194582188
      },
      "runq_latency_stats_ns": {
        "count": 147.0,
        "sum_ns": 1297232.6750672036,
        "mean_ns": 8824.7120752871,
        "median_ns": 5839.755357890903,
        "min_ns": 690.0,
        "max_ns": 44044.0,
        "variance_ns2": 64021173.34898732,
        "iqr_ns": 9934.215512041963,
        "q1_ns": 2576.503329949259,
        "q3_ns": 12510.718841991222
      },
      "first_seen_ts_ns": 1749746163024860353,
      "last_seen_ts_ns": 1749746221614162293,
      "duration_active_s": 58.58930194
    },
    {
      "tgid": 91,
      "comm": "bash",
      "cgroup_id": 15293,
      "on_cpu_stats_ns": {
        "count": 15.0,
        "sum_ns": 1471567.0,
        "mean_ns": 98104.46666666667,
        "median_ns": 67389.31553571428,
        "min_ns": 18037.0,
        "max_ns": 274290.0,
        "variance_ns2": 7409734716.695237,
        "iqr_ns": 107378.79029982362,
        "q1_ns": 21938.033333333333,
        "q3_ns": 129316.82363315695
      },
      "runq_latency_stats_ns": {
        "count": 15.0,
        "sum_ns": 81815.00000000001,
        "mean_ns": 5454.333333333334,
        "median_ns": 2446.5320684523813,
        "min_ns": 705.0,
        "max_ns": 24607.0,
        "variance_ns2": 50585238.38095237,
        "iqr_ns": 2671.9551984126992,
        "q1_ns": 1138.3533333333332,
        "q3_ns": 3810.3085317460327
      },
      "first_seen_ts_ns": 1749746163153545657,
      "last_seen_ts_ns": 1749746217695215047,
      "duration_active_s": 54.54166939
    },
    {
      "tgid": 31,
      "comm": "bash",
      "cgroup_id": 15153,
      "on_cpu_stats_ns": {
        "count": 15.0,
        "sum_ns": 871933.4999999999,
        "mean_ns": 58128.899999999994,
        "median_ns": 40004.321938775516,
        "min_ns": 5892.0,
        "max_ns": 165419.0,
        "variance_ns2": 3173372341.15,
        "iqr_ns": 55683.54828869048,
        "q1_ns": 20185.114211309523,
        "q3_ns": 75868.6625
      },
      "runq_latency_stats_ns": {
        "count": 15.0,
        "sum_ns": 124752.50000000001,
        "mean_ns": 8316.833333333334,
        "median_ns": 3180.8024652777776,
        "min_ns": 677.0,
        "max_ns": 38132.0,
        "variance_ns2": 126332463.13095239,
        "iqr_ns": 10380.474430252423,
        "q1_ns": 1166.1696614583336,
        "q3_ns": 11546.644091710757
      },
      "first_seen_ts_ns": 1749746163153545657,
      "last_seen_ts_ns": 1749746217362354503,
      "duration_active_s": 54.208808846
    },
    {
      "tgid": 369,
      "comm": "xhpcg",
      "cgroup_id": 15293,
      "on_cpu_stats_ns": {
        "count": 23.0,
        "sum_ns": 530147.0,
        "mean_ns": 23049.869565217392,
        "median_ns": 22969.759600281082,
        "min_ns": 6896.0,
        "max_ns": 40699.0,
        "variance_ns2": 83750124.84584981,
        "iqr_ns": 12339.611381031697,
        "q1_ns": 17867.335597547746,
        "q3_ns": 30206.946978579443
      },
      "runq_latency_stats_ns": {
        "count": 23.0,
        "sum_ns": 156273.0,
        "mean_ns": 6794.478260869565,
        "median_ns": 5632.383834177889,
        "min_ns": 1133.0,
        "max_ns": 24495.0,
        "variance_ns2": 29502108.897233203,
        "iqr_ns": 5589.9671921296285,
        "q1_ns": 3092.1124375,
        "q3_ns": 8682.079629629628
      },
      "first_seen_ts_ns": 1749746173418647153,
      "last_seen_ts_ns": 1749746185737266895,
      "duration_active_s": 12.318619742
    },
    {
      "tgid": 371,
      "comm": "xhpcg",
      "cgroup_id": 15293,
      "on_cpu_stats_ns": {
        "count": 38.0,
        "sum_ns": 530137.5476190476,
        "mean_ns": 13950.988095238095,
        "median_ns": 12856.318011644837,
        "min_ns": 4377.428571428572,
        "max_ns": 43504.0,
        "variance_ns2": 53507941.44886086,
        "iqr_ns": 8494.836974990372,
        "q1_ns": 8529.065400903786,
        "q3_ns": 17023.90237589416
      },
      "runq_latency_stats_ns": {
        "count": 38.0,
        "sum_ns": 194004.8214285714,
        "mean_ns": 5105.390037593984,
        "median_ns": 4622.431340675673,
        "min_ns": 1153.375,
        "max_ns": 11530.0,
        "variance_ns2": 4168774.3699721484,
        "iqr_ns": 2768.1528734475405,
        "q1_ns": 3826.8186247563117,
        "q3_ns": 6594.971498203852
      },
      "first_seen_ts_ns": 1749746163480946693,
      "last_seen_ts_ns": 1749746176402666827,
      "duration_active_s": 12.921720134
    },
    {
      "tgid": 1,
      "comm": "pause",
      "cgroup_id": 14943,
      "on_cpu_stats_ns": {
        "count": 2.0,
        "sum_ns": 496501.0,
        "mean_ns": 248250.5,
        "median_ns": 284919.0,
        "min_ns": 211582.0,
        "max_ns": 284919.0,
        "variance_ns2": 2689157784.5,
        "iqr_ns": 73337.0,
        "q1_ns": 211582.0,
        "q3_ns": 284919.0
      },
      "runq_latency_stats_ns": {
        "count": 2.0,
        "sum_ns": 4654.888888888889,
        "mean_ns": 2327.4444444444443,
        "median_ns": 2738.8888888888887,
        "min_ns": 1916.0,
        "max_ns": 2738.8888888888887,
        "variance_ns2": 338573.0617283949,
        "iqr_ns": 822.8888888888887,
        "q1_ns": 1916.0,
        "q3_ns": 2738.8888888888887
      },
      "first_seen_ts_ns": 1749746178138913765,
      "last_seen_ts_ns": 1749746224453934019,
      "duration_active_s": 46.315020254
    },
    {
      "tgid": 336,
      "comm": "xhpcg",
      "cgroup_id": 15293,
      "on_cpu_stats_ns": {
        "count": 1.0,
        "sum_ns": 28872.0,
        "mean_ns": 28872.0,
        "median_ns": 28872.0,
        "min_ns": 28872.0,
        "max_ns": 28872.0,
        "variance_ns2": null,
        "iqr_ns": 0.0,
        "q1_ns": 28872.0,
        "q3_ns": 28872.0
      },
      "runq_latency_stats_ns": {
        "count": 1.0,
        "sum_ns": 923.0,
        "mean_ns": 923.0,
        "median_ns": 923.0,
        "min_ns": 923.0,
        "max_ns": 923.0,
        "variance_ns2": null,
        "iqr_ns": 0.0,
        "q1_ns": 923.0,
        "q3_ns": 923.0
      },
      "first_seen_ts_ns": 1749746179978050395,
      "last_seen_ts_ns": 1749746179978050395,
      "duration_active_s": 0
    }
  ]
}
[16:37:04] Cleanup complete. Exiting.
