

32 32 32
15
chmod: cannot access './wait-fs': No such file or directory
mv: cannot stat './wait-fs': No such file or directory
ln: failed to create symbolic link '/mnt/flux/view/lib/python': File exists
ln: failed to create symbolic link '/mnt/flux/view/lib/python3': File exists
#!/bin/bash
set -euo pipefail
flux resource list
echo "The parent process ID is: $PPID"          
echo "The execution parent process ID is: $$"         
CGROUP_PATH_LINE=$(cat "/proc/$$/cgroup")
echo 
CGROUP_V2_PATH=${CGROUP_PATH_LINE:3}
ACTUAL_CGROUP_DIR="/sys/fs/cgroup${CGROUP_V2_PATH}"
TARGET_CGROUP_ID=$(stat -c '%i' $ACTUAL_CGROUP_DIR)
echo "The cgroup id is $TARGET_CGROUP_ID"
echo -n $TARGET_CGROUP_ID > /mnt/flux/cgroup-id.txt
sleep 5
flux exec -r all touch /mnt/flux/start_ebpf_collection
for i in {1..3}
do
  echo "FLUX-RUN START hpcg-iter-$i"
  flux run --setattr=user.study_id=hpcg-iter-$i -N1 -n 8 -o cpu-affinity=per-task -o gpu-affinity=off     /opt/hpcg/xhpcg
  
   echo "FLUX-RUN END hpcg-iter-$i"
done

  echo "FLUX-RESULTS START"
  cat hpcg*.txt
  echo "HPCG-BENCHMARKS"
  cat HPCG-Benchmark*.txt
  echo "FLUX-RESULTS END"

output=./results/${app}
(apt-get update > /dev/null 2>&1 && apt-get install -y jq > /dev/null 2>&1) || (yum update -y > /dev/null 2>&1 && yum install -y jq > /dev/null 2>&1)
mkdir -p $output
for jobid in $(flux jobs -a --json | jq -r .jobs[].id); do
    echo
    study_id=$(flux job info $jobid jobspec | jq -r ".attributes.user.study_id")
    echo "FLUX-JOB START ${jobid} ${study_id}"
    echo "FLUX-JOB-JOBSPEC START"
    flux job info $jobid jobspec
    echo "FLUX-JOB-JOBSPEC END" 
    
    echo "FLUX-JOB-RESOURCES START"
    flux job info ${jobid} R
    echo "FLUX-JOB-RESOURCES END"
    echo "FLUX-JOB-EVENTLOG START" 
    flux job info $jobid guest.exec.eventlog
    echo "FLUX-JOB-EVENTLOG END" 
    echo "FLUX-JOB END ${jobid} ${study_id}"
done
echo "FLUX JOB STATS"
flux job stats 

     STATE NNODES   NCORES    NGPUS NODELIST
      free      1        8        0 hpcg-0
 allocated      0        0        0 
      down      0        0        0 
The parent process ID is: 143
The execution parent process ID is: 199

The cgroup id is 31334
FLUX-RUN START hpcg-iter-1
FLUX-RUN END hpcg-iter-1
FLUX-RUN START hpcg-iter-2
FLUX-RUN END hpcg-iter-2
FLUX-RUN START hpcg-iter-3
FLUX-RUN END hpcg-iter-3
FLUX-RESULTS START
WARNING: PERFORMING UNPRECONDITIONED ITERATIONS
Call [0] Number of Iterations [11] Scaled Residual [4.11822e-14]
WARNING: PERFORMING UNPRECONDITIONED ITERATIONS
Call [1] Number of Iterations [11] Scaled Residual [4.11822e-14]
Call [0] Number of Iterations [2] Scaled Residual [4.96573e-17]
Call [1] Number of Iterations [2] Scaled Residual [4.96573e-17]
Departure from symmetry (scaled) for SpMV abs(x'*A*y - y'*A*x) = 1.34134e-07
Departure from symmetry (scaled) for MG abs(x'*Minv*y - y'*Minv*x) = 2.34735e-08
SpMV call [0] Residual [0]
SpMV call [1] Residual [0]
Call [0] Scaled Residual [1.81918e-10]
Call [1] Scaled Residual [1.81918e-10]
Call [2] Scaled Residual [1.81918e-10]
Call [3] Scaled Residual [1.81918e-10]
Call [4] Scaled Residual [1.81918e-10]
Call [5] Scaled Residual [1.81918e-10]
Call [6] Scaled Residual [1.81918e-10]
WARNING: PERFORMING UNPRECONDITIONED ITERATIONS
Call [0] Number of Iterations [11] Scaled Residual [4.11822e-14]
WARNING: PERFORMING UNPRECONDITIONED ITERATIONS
Call [1] Number of Iterations [11] Scaled Residual [4.11822e-14]
Call [0] Number of Iterations [2] Scaled Residual [4.96573e-17]
Call [1] Number of Iterations [2] Scaled Residual [4.96573e-17]
Departure from symmetry (scaled) for SpMV abs(x'*A*y - y'*A*x) = 1.34134e-07
Departure from symmetry (scaled) for MG abs(x'*Minv*y - y'*Minv*x) = 2.34735e-08
SpMV call [0] Residual [0]
SpMV call [1] Residual [0]
Call [0] Scaled Residual [1.81918e-10]
Call [1] Scaled Residual [1.81918e-10]
Call [2] Scaled Residual [1.81918e-10]
Call [3] Scaled Residual [1.81918e-10]
Call [4] Scaled Residual [1.81918e-10]
Call [5] Scaled Residual [1.81918e-10]
Call [6] Scaled Residual [1.81918e-10]
Call [7] Scaled Residual [1.81918e-10]
WARNING: PERFORMING UNPRECONDITIONED ITERATIONS
Call [0] Number of Iterations [11] Scaled Residual [4.11822e-14]
WARNING: PERFORMING UNPRECONDITIONED ITERATIONS
Call [1] Number of Iterations [11] Scaled Residual [4.11822e-14]
Call [0] Number of Iterations [2] Scaled Residual [4.96573e-17]
Call [1] Number of Iterations [2] Scaled Residual [4.96573e-17]
Departure from symmetry (scaled) for SpMV abs(x'*A*y - y'*A*x) = 1.34134e-07
Departure from symmetry (scaled) for MG abs(x'*Minv*y - y'*Minv*x) = 2.34735e-08
SpMV call [0] Residual [0]
SpMV call [1] Residual [0]
Call [0] Scaled Residual [1.81918e-10]
Call [1] Scaled Residual [1.81918e-10]
Call [2] Scaled Residual [1.81918e-10]
Call [3] Scaled Residual [1.81918e-10]
Call [4] Scaled Residual [1.81918e-10]
Call [5] Scaled Residual [1.81918e-10]
HPCG-BENCHMARKS
HPCG-Benchmark
version=3.1
Release date=March 28, 2019
Machine Summary=
Machine Summary::Distributed Processes=8
Machine Summary::Threads per processes=1
Global Problem Dimensions=
Global Problem Dimensions::Global nx=64
Global Problem Dimensions::Global ny=64
Global Problem Dimensions::Global nz=64
Processor Dimensions=
Processor Dimensions::npx=2
Processor Dimensions::npy=2
Processor Dimensions::npz=2
Local Domain Dimensions=
Local Domain Dimensions::nx=32
Local Domain Dimensions::ny=32
Local Domain Dimensions::Lower ipz=0
Local Domain Dimensions::Upper ipz=1
Local Domain Dimensions::nz=32
########## Problem Summary  ##########=
Setup Information=
Setup Information::Setup Time=0.392545
Linear System Information=
Linear System Information::Number of Equations=262144
Linear System Information::Number of Nonzero Terms=6859000
Multigrid Information=
Multigrid Information::Number of coarse grid levels=3
Multigrid Information::Coarse Grids=
Multigrid Information::Coarse Grids::Grid Level=1
Multigrid Information::Coarse Grids::Number of Equations=32768
Multigrid Information::Coarse Grids::Number of Nonzero Terms=830584
Multigrid Information::Coarse Grids::Number of Presmoother Steps=1
Multigrid Information::Coarse Grids::Number of Postsmoother Steps=1
Multigrid Information::Coarse Grids::Grid Level=2
Multigrid Information::Coarse Grids::Number of Equations=4096
Multigrid Information::Coarse Grids::Number of Nonzero Terms=97336
Multigrid Information::Coarse Grids::Number of Presmoother Steps=1
Multigrid Information::Coarse Grids::Number of Postsmoother Steps=1
Multigrid Information::Coarse Grids::Grid Level=3
Multigrid Information::Coarse Grids::Number of Equations=512
Multigrid Information::Coarse Grids::Number of Nonzero Terms=10648
Multigrid Information::Coarse Grids::Number of Presmoother Steps=1
Multigrid Information::Coarse Grids::Number of Postsmoother Steps=1
########## Memory Use Summary  ##########=
Memory Use Information=
Memory Use Information::Total memory used for data (Gbytes)=0.187912
Memory Use Information::Memory used for OptimizeProblem data (Gbytes)=0
Memory Use Information::Bytes per equation (Total memory / Number of Equations)=716.829
Memory Use Information::Memory used for linear system and CG (Gbytes)=0.165294
Memory Use Information::Coarse Grids=
Memory Use Information::Coarse Grids::Grid Level=1
Memory Use Information::Coarse Grids::Memory used=0.0198085
Memory Use Information::Coarse Grids::Grid Level=2
Memory Use Information::Coarse Grids::Memory used=0.00249264
Memory Use Information::Coarse Grids::Grid Level=3
Memory Use Information::Coarse Grids::Memory used=0.000316812
########## V&V Testing Summary  ##########=
Spectral Convergence Tests=
Spectral Convergence Tests::Result=PASSED
Spectral Convergence Tests::Unpreconditioned=
Spectral Convergence Tests::Unpreconditioned::Maximum iteration count=11
Spectral Convergence Tests::Unpreconditioned::Expected iteration count=12
Spectral Convergence Tests::Preconditioned=
Spectral Convergence Tests::Preconditioned::Maximum iteration count=2
Spectral Convergence Tests::Preconditioned::Expected iteration count=2
Departure from Symmetry |x'Ay-y'Ax|/(2*||x||*||A||*||y||)/epsilon=
Departure from Symmetry |x'Ay-y'Ax|/(2*||x||*||A||*||y||)/epsilon::Result=PASSED
Departure from Symmetry |x'Ay-y'Ax|/(2*||x||*||A||*||y||)/epsilon::Departure for SpMV=1.34134e-07
Departure from Symmetry |x'Ay-y'Ax|/(2*||x||*||A||*||y||)/epsilon::Departure for MG=2.34735e-08
########## Iterations Summary  ##########=
Iteration Count Information=
Iteration Count Information::Result=PASSED
Iteration Count Information::Reference CG iterations per set=50
Iteration Count Information::Optimized CG iterations per set=50
Iteration Count Information::Total number of reference iterations=350
Iteration Count Information::Total number of optimized iterations=350
########## Reproducibility Summary  ##########=
Reproducibility Information=
Reproducibility Information::Result=PASSED
Reproducibility Information::Scaled residual mean=1.81918e-10
Reproducibility Information::Scaled residual variance=0
########## Performance Summary (times in sec) ##########=
Benchmark Time Summary=
Benchmark Time Summary::Optimization phase=1.31e-07
Benchmark Time Summary::DDOT=1.41507
Benchmark Time Summary::WAXPBY=0.214922
Benchmark Time Summary::SpMV=1.86164
Benchmark Time Summary::MG=12.2682
Benchmark Time Summary::Total=15.7615
Floating Point Operations Summary=
Floating Point Operations Summary::Raw DDOT=5.54172e+08
Floating Point Operations Summary::Raw WAXPBY=5.54172e+08
Floating Point Operations Summary::Raw SpMV=4.89733e+09
Floating Point Operations Summary::Raw MG=2.72691e+10
Floating Point Operations Summary::Total=3.32748e+10
Floating Point Operations Summary::Total with convergence overhead=3.32748e+10
GB/s Summary=
GB/s Summary::Raw Read B/W=13.0144
GB/s Summary::Raw Write B/W=3.008
GB/s Summary::Raw Total B/W=16.0224
GB/s Summary::Total with convergence and optimization phase overhead=15.7479
GFLOP/s Summary=
GFLOP/s Summary::Raw DDOT=0.391621
GFLOP/s Summary::Raw WAXPBY=2.57848
GFLOP/s Summary::Raw SpMV=2.63065
GFLOP/s Summary::Raw MG=2.22274
GFLOP/s Summary::Raw Total=2.11114
GFLOP/s Summary::Total with convergence overhead=2.11114
GFLOP/s Summary::Total with convergence and optimization phase overhead=2.07496
User Optimization Overheads=
User Optimization Overheads::Optimization phase time (sec)=1.31e-07
User Optimization Overheads::Optimization phase time vs reference SpMV+MG time=2.63433e-06
DDOT Timing Variations=
DDOT Timing Variations::Min DDOT MPI_Allreduce time=1.0315
DDOT Timing Variations::Max DDOT MPI_Allreduce time=1.65306
DDOT Timing Variations::Avg DDOT MPI_Allreduce time=1.43772
Final Summary=
Final Summary::HPCG result is VALID with a GFLOP/s rating of=2.07496
Final Summary::HPCG 2.4 rating for historical reasons is=2.11114
Final Summary::Reference version of ComputeDotProduct used=Performance results are most likely suboptimal
Final Summary::Reference version of ComputeSPMV used=Performance results are most likely suboptimal
Final Summary::Reference version of ComputeMG used=Performance results are most likely suboptimal
Final Summary::Reference version of ComputeWAXPBY used=Performance results are most likely suboptimal
Final Summary::Results are valid but execution time (sec) is=15.7615
Final Summary::Official results execution time (sec) must be at least=1800
HPCG-Benchmark
version=3.1
Release date=March 28, 2019
Machine Summary=
Machine Summary::Distributed Processes=8
Machine Summary::Threads per processes=1
Global Problem Dimensions=
Global Problem Dimensions::Global nx=64
Global Problem Dimensions::Global ny=64
Global Problem Dimensions::Global nz=64
Processor Dimensions=
Processor Dimensions::npx=2
Processor Dimensions::npy=2
Processor Dimensions::npz=2
Local Domain Dimensions=
Local Domain Dimensions::nx=32
Local Domain Dimensions::ny=32
Local Domain Dimensions::Lower ipz=0
Local Domain Dimensions::Upper ipz=1
Local Domain Dimensions::nz=32
########## Problem Summary  ##########=
Setup Information=
Setup Information::Setup Time=0.277993
Linear System Information=
Linear System Information::Number of Equations=262144
Linear System Information::Number of Nonzero Terms=6859000
Multigrid Information=
Multigrid Information::Number of coarse grid levels=3
Multigrid Information::Coarse Grids=
Multigrid Information::Coarse Grids::Grid Level=1
Multigrid Information::Coarse Grids::Number of Equations=32768
Multigrid Information::Coarse Grids::Number of Nonzero Terms=830584
Multigrid Information::Coarse Grids::Number of Presmoother Steps=1
Multigrid Information::Coarse Grids::Number of Postsmoother Steps=1
Multigrid Information::Coarse Grids::Grid Level=2
Multigrid Information::Coarse Grids::Number of Equations=4096
Multigrid Information::Coarse Grids::Number of Nonzero Terms=97336
Multigrid Information::Coarse Grids::Number of Presmoother Steps=1
Multigrid Information::Coarse Grids::Number of Postsmoother Steps=1
Multigrid Information::Coarse Grids::Grid Level=3
Multigrid Information::Coarse Grids::Number of Equations=512
Multigrid Information::Coarse Grids::Number of Nonzero Terms=10648
Multigrid Information::Coarse Grids::Number of Presmoother Steps=1
Multigrid Information::Coarse Grids::Number of Postsmoother Steps=1
########## Memory Use Summary  ##########=
Memory Use Information=
Memory Use Information::Total memory used for data (Gbytes)=0.187912
Memory Use Information::Memory used for OptimizeProblem data (Gbytes)=0
Memory Use Information::Bytes per equation (Total memory / Number of Equations)=716.829
Memory Use Information::Memory used for linear system and CG (Gbytes)=0.165294
Memory Use Information::Coarse Grids=
Memory Use Information::Coarse Grids::Grid Level=1
Memory Use Information::Coarse Grids::Memory used=0.0198085
Memory Use Information::Coarse Grids::Grid Level=2
Memory Use Information::Coarse Grids::Memory used=0.00249264
Memory Use Information::Coarse Grids::Grid Level=3
Memory Use Information::Coarse Grids::Memory used=0.000316812
########## V&V Testing Summary  ##########=
Spectral Convergence Tests=
Spectral Convergence Tests::Result=PASSED
Spectral Convergence Tests::Unpreconditioned=
Spectral Convergence Tests::Unpreconditioned::Maximum iteration count=11
Spectral Convergence Tests::Unpreconditioned::Expected iteration count=12
Spectral Convergence Tests::Preconditioned=
Spectral Convergence Tests::Preconditioned::Maximum iteration count=2
Spectral Convergence Tests::Preconditioned::Expected iteration count=2
Departure from Symmetry |x'Ay-y'Ax|/(2*||x||*||A||*||y||)/epsilon=
Departure from Symmetry |x'Ay-y'Ax|/(2*||x||*||A||*||y||)/epsilon::Result=PASSED
Departure from Symmetry |x'Ay-y'Ax|/(2*||x||*||A||*||y||)/epsilon::Departure for SpMV=1.34134e-07
Departure from Symmetry |x'Ay-y'Ax|/(2*||x||*||A||*||y||)/epsilon::Departure for MG=2.34735e-08
########## Iterations Summary  ##########=
Iteration Count Information=
Iteration Count Information::Result=PASSED
Iteration Count Information::Reference CG iterations per set=50
Iteration Count Information::Optimized CG iterations per set=50
Iteration Count Information::Total number of reference iterations=400
Iteration Count Information::Total number of optimized iterations=400
########## Reproducibility Summary  ##########=
Reproducibility Information=
Reproducibility Information::Result=PASSED
Reproducibility Information::Scaled residual mean=1.81918e-10
Reproducibility Information::Scaled residual variance=0
########## Performance Summary (times in sec) ##########=
Benchmark Time Summary=
Benchmark Time Summary::Optimization phase=1.23e-07
Benchmark Time Summary::DDOT=1.39014
Benchmark Time Summary::WAXPBY=0.226135
Benchmark Time Summary::SpMV=1.95211
Benchmark Time Summary::MG=13.1947
Benchmark Time Summary::Total=16.765
Floating Point Operations Summary=
Floating Point Operations Summary::Raw DDOT=6.3334e+08
Floating Point Operations Summary::Raw WAXPBY=6.3334e+08
Floating Point Operations Summary::Raw SpMV=5.59694e+09
Floating Point Operations Summary::Raw MG=3.11647e+10
Floating Point Operations Summary::Total=3.80283e+10
Floating Point Operations Summary::Total with convergence overhead=3.80283e+10
GB/s Summary=
GB/s Summary::Raw Read B/W=13.9833
GB/s Summary::Raw Write B/W=3.23195
GB/s Summary::Raw Total B/W=17.2153
GB/s Summary::Total with convergence and optimization phase overhead=16.9899
GFLOP/s Summary=
GFLOP/s Summary::Raw DDOT=0.455593
GFLOP/s Summary::Raw WAXPBY=2.80071
GFLOP/s Summary::Raw SpMV=2.86712
GFLOP/s Summary::Raw MG=2.36192
GFLOP/s Summary::Raw Total=2.26831
GFLOP/s Summary::Total with convergence overhead=2.26831
GFLOP/s Summary::Total with convergence and optimization phase overhead=2.23862
User Optimization Overheads=
User Optimization Overheads::Optimization phase time (sec)=1.23e-07
User Optimization Overheads::Optimization phase time vs reference SpMV+MG time=3.44486e-06
DDOT Timing Variations=
DDOT Timing Variations::Min DDOT MPI_Allreduce time=0.906416
DDOT Timing Variations::Max DDOT MPI_Allreduce time=1.33767
DDOT Timing Variations::Avg DDOT MPI_Allreduce time=1.11034
Final Summary=
Final Summary::HPCG result is VALID with a GFLOP/s rating of=2.23862
Final Summary::HPCG 2.4 rating for historical reasons is=2.26831
Final Summary::Reference version of ComputeDotProduct used=Performance results are most likely suboptimal
Final Summary::Reference version of ComputeSPMV used=Performance results are most likely suboptimal
Final Summary::Reference version of ComputeMG used=Performance results are most likely suboptimal
Final Summary::Reference version of ComputeWAXPBY used=Performance results are most likely suboptimal
Final Summary::Results are valid but execution time (sec) is=16.765
Final Summary::Official results execution time (sec) must be at least=1800
HPCG-Benchmark
version=3.1
Release date=March 28, 2019
Machine Summary=
Machine Summary::Distributed Processes=8
Machine Summary::Threads per processes=1
Global Problem Dimensions=
Global Problem Dimensions::Global nx=64
Global Problem Dimensions::Global ny=64
Global Problem Dimensions::Global nz=64
Processor Dimensions=
Processor Dimensions::npx=2
Processor Dimensions::npy=2
Processor Dimensions::npz=2
Local Domain Dimensions=
Local Domain Dimensions::nx=32
Local Domain Dimensions::ny=32
Local Domain Dimensions::Lower ipz=0
Local Domain Dimensions::Upper ipz=1
Local Domain Dimensions::nz=32
########## Problem Summary  ##########=
Setup Information=
Setup Information::Setup Time=0.268516
Linear System Information=
Linear System Information::Number of Equations=262144
Linear System Information::Number of Nonzero Terms=6859000
Multigrid Information=
Multigrid Information::Number of coarse grid levels=3
Multigrid Information::Coarse Grids=
Multigrid Information::Coarse Grids::Grid Level=1
Multigrid Information::Coarse Grids::Number of Equations=32768
Multigrid Information::Coarse Grids::Number of Nonzero Terms=830584
Multigrid Information::Coarse Grids::Number of Presmoother Steps=1
Multigrid Information::Coarse Grids::Number of Postsmoother Steps=1
Multigrid Information::Coarse Grids::Grid Level=2
Multigrid Information::Coarse Grids::Number of Equations=4096
Multigrid Information::Coarse Grids::Number of Nonzero Terms=97336
Multigrid Information::Coarse Grids::Number of Presmoother Steps=1
Multigrid Information::Coarse Grids::Number of Postsmoother Steps=1
Multigrid Information::Coarse Grids::Grid Level=3
Multigrid Information::Coarse Grids::Number of Equations=512
Multigrid Information::Coarse Grids::Number of Nonzero Terms=10648
Multigrid Information::Coarse Grids::Number of Presmoother Steps=1
Multigrid Information::Coarse Grids::Number of Postsmoother Steps=1
########## Memory Use Summary  ##########=
Memory Use Information=
Memory Use Information::Total memory used for data (Gbytes)=0.187912
Memory Use Information::Memory used for OptimizeProblem data (Gbytes)=0
Memory Use Information::Bytes per equation (Total memory / Number of Equations)=716.829
Memory Use Information::Memory used for linear system and CG (Gbytes)=0.165294
Memory Use Information::Coarse Grids=
Memory Use Information::Coarse Grids::Grid Level=1
Memory Use Information::Coarse Grids::Memory used=0.0198085
Memory Use Information::Coarse Grids::Grid Level=2
Memory Use Information::Coarse Grids::Memory used=0.00249264
Memory Use Information::Coarse Grids::Grid Level=3
Memory Use Information::Coarse Grids::Memory used=0.000316812
########## V&V Testing Summary  ##########=
Spectral Convergence Tests=
Spectral Convergence Tests::Result=PASSED
Spectral Convergence Tests::Unpreconditioned=
Spectral Convergence Tests::Unpreconditioned::Maximum iteration count=11
Spectral Convergence Tests::Unpreconditioned::Expected iteration count=12
Spectral Convergence Tests::Preconditioned=
Spectral Convergence Tests::Preconditioned::Maximum iteration count=2
Spectral Convergence Tests::Preconditioned::Expected iteration count=2
Departure from Symmetry |x'Ay-y'Ax|/(2*||x||*||A||*||y||)/epsilon=
Departure from Symmetry |x'Ay-y'Ax|/(2*||x||*||A||*||y||)/epsilon::Result=PASSED
Departure from Symmetry |x'Ay-y'Ax|/(2*||x||*||A||*||y||)/epsilon::Departure for SpMV=1.34134e-07
Departure from Symmetry |x'Ay-y'Ax|/(2*||x||*||A||*||y||)/epsilon::Departure for MG=2.34735e-08
########## Iterations Summary  ##########=
Iteration Count Information=
Iteration Count Information::Result=PASSED
Iteration Count Information::Reference CG iterations per set=50
Iteration Count Information::Optimized CG iterations per set=50
Iteration Count Information::Total number of reference iterations=300
Iteration Count Information::Total number of optimized iterations=300
########## Reproducibility Summary  ##########=
Reproducibility Information=
Reproducibility Information::Result=PASSED
Reproducibility Information::Scaled residual mean=1.81918e-10
Reproducibility Information::Scaled residual variance=0
########## Performance Summary (times in sec) ##########=
Benchmark Time Summary=
Benchmark Time Summary::Optimization phase=1.31e-07
Benchmark Time Summary::DDOT=0.546845
Benchmark Time Summary::WAXPBY=0.231982
Benchmark Time Summary::SpMV=1.41205
Benchmark Time Summary::MG=9.7912
Benchmark Time Summary::Total=11.9835
Floating Point Operations Summary=
Floating Point Operations Summary::Raw DDOT=4.75005e+08
Floating Point Operations Summary::Raw WAXPBY=4.75005e+08
Floating Point Operations Summary::Raw SpMV=4.19771e+09
Floating Point Operations Summary::Raw MG=2.33735e+10
Floating Point Operations Summary::Total=2.85213e+10
Floating Point Operations Summary::Total with convergence overhead=2.85213e+10
GB/s Summary=
GB/s Summary::Raw Read B/W=14.6721
GB/s Summary::Raw Write B/W=3.39114
GB/s Summary::Raw Total B/W=18.0632
GB/s Summary::Total with convergence and optimization phase overhead=17.8236
GFLOP/s Summary=
GFLOP/s Summary::Raw DDOT=0.868628
GFLOP/s Summary::Raw WAXPBY=2.04759
GFLOP/s Summary::Raw SpMV=2.97278
GFLOP/s Summary::Raw MG=2.3872
GFLOP/s Summary::Raw Total=2.38004
GFLOP/s Summary::Total with convergence overhead=2.38004
GFLOP/s Summary::Total with convergence and optimization phase overhead=2.34847
User Optimization Overheads=
User Optimization Overheads::Optimization phase time (sec)=1.31e-07
User Optimization Overheads::Optimization phase time vs reference SpMV+MG time=3.74808e-06
DDOT Timing Variations=
DDOT Timing Variations::Min DDOT MPI_Allreduce time=0.320632
DDOT Timing Variations::Max DDOT MPI_Allreduce time=0.608524
DDOT Timing Variations::Avg DDOT MPI_Allreduce time=0.530803
Final Summary=
Final Summary::HPCG result is VALID with a GFLOP/s rating of=2.34847
Final Summary::HPCG 2.4 rating for historical reasons is=2.38004
Final Summary::Reference version of ComputeDotProduct used=Performance results are most likely suboptimal
Final Summary::Reference version of ComputeSPMV used=Performance results are most likely suboptimal
Final Summary::Reference version of ComputeMG used=Performance results are most likely suboptimal
Final Summary::Reference version of ComputeWAXPBY used=Performance results are most likely suboptimal
Final Summary::Results are valid but execution time (sec) is=11.9835
Final Summary::Official results execution time (sec) must be at least=1800
FLUX-RESULTS END
