ln: failed to create symbolic link '/mnt/flux/view/lib/python': File exists
ln: failed to create symbolic link '/mnt/flux/view/lib/python3': File exists
unlimited
PROGRAM: futex
Looking for /opt/programs/futex/ebpf-collect.c
[00:04:17] Starting eBPF (Tracepoints for futex syscalls).
[00:04:18] BPF program loaded and tracepoints automatically attached.
[00:04:18] Start Indicator file defined '/mnt/flux/start_ebpf_collection'. Waiting.
[00:04:24] Start indicator found. Proceeding.
[00:04:24] Ring buffers opened. Polling for events...
[00:05:37] 
Indicator file '/mnt/flux/stop_ebpf_collection' found. Stopping.
[00:05:37] Cleaning up BPF resources...
{
  "final_aggregated_futex_summary_river": [
    {
      "tgid": 2312,
      "comm": "containerd",
      "cgroup_id": 4085,
      "wait_duration_stats_ns": {
        "count": 6784.0,
        "sum": 619778781676.9999,
        "mean": 91358900.60097286,
        "median": 3375864.902906523,
        "min": 1440,
        "max": 19267617065,
        "variance_ns2": 4.0858211321743725e+17,
        "iqr_ns": 59183017.5949065,
        "q1_ns": 282239.8006587619,
        "q3_ns": 59465257.395565264
      },
      "futex_op_counts": {
        "128": 6784
      },
      "first_seen_ts_ns": 1639371943308,
      "last_seen_ts_ns": 1717499950263
    },
    {
      "tgid": 2336,
      "comm": "kubelet",
      "cgroup_id": 4138,
      "wait_duration_stats_ns": {
        "count": 6596.0,
        "sum": 561449781118.9993,
        "mean": 85119736.37340802,
        "median": 16124547.760066684,
        "min": 1270,
        "max": 54732240738,
        "variance_ns2": 9.335469323872205e+17,
        "iqr_ns": 50072265.94124475,
        "q1_ns": 2065150.6612141621,
        "q3_ns": 52137416.60245892
      },
      "futex_op_counts": {
        "128": 6596
      },
      "first_seen_ts_ns": 1639389418766,
      "last_seen_ts_ns": 1717499803491
    },
    {
      "tgid": 2418,
      "comm": "containerd-shim",
      "cgroup_id": 4085,
      "wait_duration_stats_ns": {
        "count": 748.0,
        "sum": 486048664331.9998,
        "mean": 649797679.588235,
        "median": 3049281.597498705,
        "min": 1590,
        "max": 32202182844,
        "variance_ns2": 5.131962637102065e+18,
        "iqr_ns": 440679700.983221,
        "q1_ns": 655169.1404988761,
        "q3_ns": 441334870.1237199
      },
      "futex_op_counts": {
        "128": 748
      },
      "first_seen_ts_ns": 1650786773242,
      "last_seen_ts_ns": 1713279871571
    },
    {
      "tgid": 3751,
      "comm": "coredns",
      "cgroup_id": 5846,
      "wait_duration_stats_ns": {
        "count": 573.0,
        "sum": 362717959139.9998,
        "mean": 633015635.4973819,
        "median": 407573907.5857481,
        "min": 16461,
        "max": 62999555620,
        "variance_ns2": 8.019473209705002e+18,
        "iqr_ns": 661139434.7695291,
        "q1_ns": 29248062.794287447,
        "q3_ns": 690387497.5638165
      },
      "futex_op_counts": {
        "128": 573
      },
      "first_seen_ts_ns": 1640130541645,
      "last_seen_ts_ns": 1717132181204
    },
    {
      "tgid": 3757,
      "comm": "coredns",
      "cgroup_id": 5916,
      "wait_duration_stats_ns": {
        "count": 542.0,
        "sum": 360909183060.9999,
        "mean": 665884101.5885607,
        "median": 428928218.77218074,
        "min": 1750,
        "max": 38159987904,
        "variance_ns2": 5.822993187214461e+18,
        "iqr_ns": 711558676.001492,
        "q1_ns": 55544170.26981545,
        "q3_ns": 767102846.2713075
      },
      "futex_op_counts": {
        "128": 542
      },
      "first_seen_ts_ns": 1640055165569,
      "last_seen_ts_ns": 1717191422510
    },
    {
      "tgid": 3637,
      "comm": "containerd-shim",
      "cgroup_id": 4085,
      "wait_duration_stats_ns": {
        "count": 86.0,
        "sum": 353604107205.0,
        "mean": 4111675665.174419,
        "median": 699731822.3840768,
        "min": 1610,
        "max": 29999438864,
        "variance_ns2": 5.829330572210015e+19,
        "iqr_ns": 4626738951.005402,
        "q1_ns": 22309871.809194613,
        "q3_ns": 4649048822.814596
      },
      "futex_op_counts": {
        "128": 86
      },
      "first_seen_ts_ns": 1653046592783,
      "last_seen_ts_ns": 1717047505089
    },
    {
      "tgid": 3117,
      "comm": "containerd-shim",
      "cgroup_id": 4085,
      "wait_duration_stats_ns": {
        "count": 75.0,
        "sum": 341474346438.99994,
        "mean": 4552991285.8533325,
        "median": 77852099.01353884,
        "min": 65000,
        "max": 29999036206,
        "variance_ns2": 6.2068530582382395e+19,
        "iqr_ns": 9109533815.331957,
        "q1_ns": 22237987.642666936,
        "q3_ns": 9131771802.974625
      },
      "futex_op_counts": {
        "128": 75
      },
      "first_seen_ts_ns": 1653053171965,
      "last_seen_ts_ns": 1714006081311
    },
    {
      "tgid": 3442,
      "comm": "containerd-shim",
      "cgroup_id": 4085,
      "wait_duration_stats_ns": {
        "count": 68.0,
        "sum": 337289857563.0,
        "mean": 4960144964.161765,
        "median": 1910332604.0267818,
        "min": 25580,
        "max": 30015353202,
        "variance_ns2": 6.400323132442637e+19,
        "iqr_ns": 9403647585.466475,
        "q1_ns": 50642391.930284716,
        "q3_ns": 9454289977.396759
      },
      "futex_op_counts": {
        "128": 68
      },
      "first_seen_ts_ns": 1653050063851,
      "last_seen_ts_ns": 1716068301894
    },
    {
      "tgid": 3267,
      "comm": "containerd-shim",
      "cgroup_id": 4085,
      "wait_duration_stats_ns": {
        "count": 68.0,
        "sum": 334272337099.99994,
        "mean": 4915769663.235293,
        "median": 1019906555.4795566,
        "min": 25840,
        "max": 59992910138,
        "variance_ns2": 9.432147850350957e+19,
        "iqr_ns": 6918062546.612772,
        "q1_ns": 49130593.612167954,
        "q3_ns": 6967193140.22494
      },
      "futex_op_counts": {
        "128": 68
      },
      "first_seen_ts_ns": 1653043026546,
      "last_seen_ts_ns": 1715054719936
    },
    {
      "tgid": 3620,
      "comm": "metrics-server",
      "cgroup_id": 5706,
      "wait_duration_stats_ns": {
        "count": 1569.0,
        "sum": 310530244511.9998,
        "mean": 197916025.8202676,
        "median": 125125427.03331001,
        "min": 1780,
        "max": 17412429719,
        "variance_ns2": 4.494592886651283e+17,
        "iqr_ns": 125091372.09877561,
        "q1_ns": 54394001.66859482,
        "q3_ns": 179485373.76737043
      },
      "futex_op_counts": {
        "128": 1569
      },
      "first_seen_ts_ns": 1639570401517,
      "last_seen_ts_ns": 1717477079325
    },
    {
      "tgid": 30335,
      "comm": "containerd-shim",
      "cgroup_id": 4085,
      "wait_duration_stats_ns": {
        "count": 267.0,
        "sum": 293054259895.99994,
        "mean": 1097581497.7378275,
        "median": 19022845.80885199,
        "min": 3450,
        "max": 30003061198,
        "variance_ns2": 1.0809597163250209e+19,
        "iqr_ns": 39971402.511458255,
        "q1_ns": 2086320.1132122914,
        "q3_ns": 42057722.62467055
      },
      "futex_op_counts": {
        "128": 267
      },
      "first_seen_ts_ns": 1639388390658,
      "last_seen_ts_ns": 1717538963982
    },
    {
      "tgid": 3605,
      "comm": "metrics-server",
      "cgroup_id": 5636,
      "wait_duration_stats_ns": {
        "count": 1462.0,
        "sum": 285819514961.9999,
        "mean": 195498984.24213398,
        "median": 109639358.67937756,
        "min": 1860,
        "max": 9999997160,
        "variance_ns2": 3.5389481449755046e+17,
        "iqr_ns": 234188438.04754487,
        "q1_ns": 14313993.146896651,
        "q3_ns": 248502431.19444153
      },
      "futex_op_counts": {
        "128": 1462
      },
      "first_seen_ts_ns": 1639401486222,
      "last_seen_ts_ns": 1717532334459
    },
    {
      "tgid": 4861,
      "comm": "kube-rbac-proxy",
      "cgroup_id": 6174,
      "wait_duration_stats_ns": {
        "count": 38.0,
        "sum": 274857805824.99997,
        "mean": 7233100153.289473,
        "median": 4972987872.353505,
        "min": 11220,
        "max": 64995728922,
        "variance_ns2": 1.3066043874523264e+20,
        "iqr_ns": 237276150.6892767,
        "q1_ns": 4763822466.6081705,
        "q3_ns": 5001098617.297447
      },
      "futex_op_counts": {
        "128": 38
      },
      "first_seen_ts_ns": 1647756357498,
      "last_seen_ts_ns": 1712754264458
    },
    {
      "tgid": 2419,
      "comm": "containerd-shim",
      "cgroup_id": 4085,
      "wait_duration_stats_ns": {
        "count": 53.0,
        "sum": 268895808950.00006,
        "mean": 5073505829.245284,
        "median": 3244069107.0144615,
        "min": 107261,
        "max": 30000056055,
        "variance_ns2": 5.158908887079019e+19,
        "iqr_ns": 6040782288.140634,
        "q1_ns": 136035584.78356737,
        "q3_ns": 6176817872.924201
      },
      "futex_op_counts": {
        "128": 53
      },
      "first_seen_ts_ns": 1653045730257,
      "last_seen_ts_ns": 1713269865639
    },
    {
      "tgid": 30198,
      "comm": "containerd-shim",
      "cgroup_id": 4085,
      "wait_duration_stats_ns": {
        "count": 57.0,
        "sum": 268864307058.0,
        "mean": 4716917667.684211,
        "median": 1279177193.2015517,
        "min": 38511,
        "max": 29989896578,
        "variance_ns2": 4.911321514272754e+19,
        "iqr_ns": 7743388397.22867,
        "q1_ns": 112357743.74767646,
        "q3_ns": 7855746140.976347
      },
      "futex_op_counts": {
        "128": 57
      },
      "first_seen_ts_ns": 1653051611063,
      "last_seen_ts_ns": 1713278870473
    },
    {
      "tgid": 2831,
      "comm": "aws-k8s-agent",
      "cgroup_id": 5006,
      "wait_duration_stats_ns": {
        "count": 276.0,
        "sum": 259293329740.99997,
        "mean": 939468586.0181159,
        "median": 71030046.7564681,
        "min": 8550,
        "max": 44370514203,
        "variance_ns2": 1.0447275393927508e+19,
        "iqr_ns": 973307688.8395458,
        "q1_ns": 952649.1784176975,
        "q3_ns": 974260338.0179635
      },
      "futex_op_counts": {
        "128": 276
      },
      "first_seen_ts_ns": 1644683827415,
      "last_seen_ts_ns": 1715804975483
    },
    {
      "tgid": 2558,
      "comm": "kube-proxy",
      "cgroup_id": 4866,
      "wait_duration_stats_ns": {
        "count": 47.0,
        "sum": 258657332334.0,
        "mean": 5503347496.468085,
        "median": 4351531724.972915,
        "min": 327633,
        "max": 30033694736,
        "variance_ns2": 6.0412661798246515e+19,
        "iqr_ns": 3146788597.4311376,
        "q1_ns": 2075357137.0791936,
        "q3_ns": 5222145734.510331
      },
      "futex_op_counts": {
        "128": 47
      },
      "first_seen_ts_ns": 1647596454084,
      "last_seen_ts_ns": 1712595765207
    },
    {
      "tgid": 4921,
      "comm": "manager",
      "cgroup_id": 6244,
      "wait_duration_stats_ns": {
        "count": 594.0,
        "sum": 252831209664.99982,
        "mean": 425641767.1127943,
        "median": 350215050.7867035,
        "min": 89381,
        "max": 34603155876,
        "variance_ns2": 2.295720514678378e+18,
        "iqr_ns": 460702850.72425133,
        "q1_ns": 35889465.19177294,
        "q3_ns": 496592315.91602427
      },
      "futex_op_counts": {
        "128": 594
      },
      "first_seen_ts_ns": 1640127877234,
      "last_seen_ts_ns": 1717128032450
    },
    {
      "tgid": 4750,
      "comm": "containerd-shim",
      "cgroup_id": 4085,
      "wait_duration_stats_ns": {
        "count": 97.0,
        "sum": 252756689500.00012,
        "mean": 2605739067.0103106,
        "median": 8011295.934375867,
        "min": 23940,
        "max": 29985986163,
        "variance_ns2": 2.814976415943248e+19,
        "iqr_ns": 3617524679.0576377,
        "q1_ns": 1579029.5779804827,
        "q3_ns": 3619103708.635618
      },
      "futex_op_counts": {
        "128": 97
      },
      "first_seen_ts_ns": 1653043934713,
      "last_seen_ts_ns": 1713266376310
    },
    {
      "tgid": 2967,
      "comm": "controller",
      "cgroup_id": 5076,
      "wait_duration_stats_ns": {
        "count": 318.0,
        "sum": 220090653405.99988,
        "mean": 692108972.9748424,
        "median": 490761713.9688337,
        "min": 620855,
        "max": 10016269207,
        "variance_ns2": 1.85695973151393e+18,
        "iqr_ns": 20472579.093853593,
        "q1_ns": 481310993.4053419,
        "q3_ns": 501783572.4991955
      },
      "futex_op_counts": {
        "128": 318
      },
      "first_seen_ts_ns": 1640207626295,
      "last_seen_ts_ns": 1717203866693
    },
    {
      "tgid": 2280,
      "comm": "ssm-agent-worke",
      "cgroup_id": 3429,
      "wait_duration_stats_ns": {
        "count": 115.0,
        "sum": 192341939362.0,
        "mean": 1672538603.147826,
        "median": 1300776194.6992178,
        "min": 3350,
        "max": 47630887816,
        "variance_ns2": 1.9349024815048385e+19,
        "iqr_ns": 1527666409.4457092,
        "q1_ns": 532583238.12866443,
        "q3_ns": 2060249647.5743737
      },
      "futex_op_counts": {
        "128": 115
      },
      "first_seen_ts_ns": 1645159272592,
      "last_seen_ts_ns": 1716246560217
    },
    {
      "tgid": 2816,
      "comm": "aws-vpc-cni",
      "cgroup_id": 5006,
      "wait_duration_stats_ns": {
        "count": 1.0,
        "sum": 60000187492.0,
        "mean": 60000187492.0,
        "median": 60000187492.0,
        "min": 60000187492,
        "max": 60000187492,
        "variance_ns2": null,
        "iqr_ns": 0.0,
        "q1_ns": 60000187492.0,
        "q3_ns": 60000187492.0
      },
      "futex_op_counts": {
        "128": 1
      },
      "first_seen_ts_ns": 1710623007127,
      "last_seen_ts_ns": 1710623007127
    },
    {
      "tgid": 31341,
      "comm": "runc",
      "cgroup_id": 4085,
      "wait_duration_stats_ns": {
        "count": 317.0,
        "sum": 3459187855.0,
        "mean": 10912264.52681388,
        "median": 1151761.2199923652,
        "min": 2000,
        "max": 329949258,
        "variance_ns2": 1411241033346690.2,
        "iqr_ns": 9516121.123622494,
        "q1_ns": 105398.01152291926,
        "q3_ns": 9621519.135145413
      },
      "futex_op_counts": {
        "128": 317
      },
      "first_seen_ts_ns": 1701600076381,
      "last_seen_ts_ns": 1702052105416
    },
    {
      "tgid": 31117,
      "comm": "runc",
      "cgroup_id": 4085,
      "wait_duration_stats_ns": {
        "count": 310.0,
        "sum": 3399322824.0000005,
        "mean": 10965557.496774195,
        "median": 801659.2654702648,
        "min": 2250,
        "max": 361699814,
        "variance_ns2": 1813582956928576.5,
        "iqr_ns": 14830099.917049391,
        "q1_ns": 100329.57160026654,
        "q3_ns": 14930429.488649657
      },
      "futex_op_counts": {
        "128": 310
      },
      "first_seen_ts_ns": 1661580198603,
      "last_seen_ts_ns": 1661982064908
    },
    {
      "tgid": 31271,
      "comm": "runc",
      "cgroup_id": 4085,
      "wait_duration_stats_ns": {
        "count": 274.0,
        "sum": 2655615686.0,
        "mean": 9692028.05109489,
        "median": 1692521.1507865388,
        "min": 1500,
        "max": 229266334,
        "variance_ns2": 1014016009958608.5,
        "iqr_ns": 11191545.989829516,
        "q1_ns": 106723.00493800016,
        "q3_ns": 11298268.994767517
      },
      "futex_op_counts": {
        "128": 274
      },
      "first_seen_ts_ns": 1690810072039,
      "last_seen_ts_ns": 1691170959818
    },
    {
      "tgid": 31092,
      "comm": "runc",
      "cgroup_id": 4085,
      "wait_duration_stats_ns": {
        "count": 301.0,
        "sum": 2575366277.0000005,
        "mean": 8556034.142857144,
        "median": 1312050.1166415918,
        "min": 14770,
        "max": 247643666,
        "variance_ns2": 1364756419531947.8,
        "iqr_ns": 5860850.141311065,
        "q1_ns": 83441.48340941984,
        "q3_ns": 5944291.624720485
      },
      "futex_op_counts": {
        "128": 301
      },
      "first_seen_ts_ns": 1660810078041,
      "last_seen_ts_ns": 1661171062221
    },
    {
      "tgid": 31259,
      "comm": "xhpcg",
      "cgroup_id": 14156,
      "wait_duration_stats_ns": {
        "count": 212.0,
        "sum": 2446875517.0,
        "mean": 11541865.646226415,
        "median": 9685521.27321566,
        "min": 70710,
        "max": 70141249,
        "variance_ns2": 86498985068974.48,
        "iqr_ns": 7950844.345741096,
        "q1_ns": 6826406.964364027,
        "q3_ns": 14777251.310105123
      },
      "futex_op_counts": {
        "128": 212
      },
      "first_seen_ts_ns": 1685500048167,
      "last_seen_ts_ns": 1706827976494
    },
    {
      "tgid": 31262,
      "comm": "xhpcg",
      "cgroup_id": 14156,
      "wait_duration_stats_ns": {
        "count": 207.0,
        "sum": 2335643823.0,
        "mean": 11283303.492753623,
        "median": 9609726.244491035,
        "min": 17421,
        "max": 83668037,
        "variance_ns2": 118394134174153.77,
        "iqr_ns": 5765991.573246573,
        "q1_ns": 5561887.566020892,
        "q3_ns": 11327879.139267465
      },
      "futex_op_counts": {
        "128": 207
      },
      "first_seen_ts_ns": 1685500073247,
      "last_seen_ts_ns": 1706827976464
    },
    {
      "tgid": 31260,
      "comm": "xhpcg",
      "cgroup_id": 14156,
      "wait_duration_stats_ns": {
        "count": 193.0,
        "sum": 2303881241.0000005,
        "mean": 11937208.502590677,
        "median": 9418882.861226024,
        "min": 90711,
        "max": 78762868,
        "variance_ns2": 140453609936214.7,
        "iqr_ns": 9152317.485219758,
        "q1_ns": 5661518.820784247,
        "q3_ns": 14813836.306004005
      },
      "futex_op_counts": {
        "128": 193
      },
      "first_seen_ts_ns": 1685502225974,
      "last_seen_ts_ns": 1706828043154
    },
    {
      "tgid": 31209,
      "comm": "runc",
      "cgroup_id": 4085,
      "wait_duration_stats_ns": {
        "count": 257.0,
        "sum": 2288320475.0,
        "mean": 8903970.719844358,
        "median": 2512743.7660711748,
        "min": 2370,
        "max": 321227489,
        "variance_ns2": 1058336029352785.5,
        "iqr_ns": 14629195.74439561,
        "q1_ns": 83358.3158469166,
        "q3_ns": 14712554.060242526
      },
      "futex_op_counts": {
        "128": 257
      },
      "first_seen_ts_ns": 1680830104803,
      "last_seen_ts_ns": 1681191630375
    },
    {
      "tgid": 31149,
      "comm": "xhpcg",
      "cgroup_id": 14156,
      "wait_duration_stats_ns": {
        "count": 179.0,
        "sum": 2144175365.0000005,
        "mean": 11978633.324022349,
        "median": 9265420.919881029,
        "min": 61200,
        "max": 114740244,
        "variance_ns2": 165191004276098.84,
        "iqr_ns": 7408138.749848998,
        "q1_ns": 6875883.910526837,
        "q3_ns": 14284022.660375835
      },
      "futex_op_counts": {
        "128": 179
      },
      "first_seen_ts_ns": 1664308797135,
      "last_seen_ts_ns": 1684573855186
    },
    {
      "tgid": 31148,
      "comm": "xhpcg",
      "cgroup_id": 14156,
      "wait_duration_stats_ns": {
        "count": 178.0,
        "sum": 2075181957.9999998,
        "mean": 11658325.606741572,
        "median": 9287645.235681674,
        "min": 77440,
        "max": 79761337,
        "variance_ns2": 126949109479236.7,
        "iqr_ns": 4810743.5906319935,
        "q1_ns": 5709357.473638948,
        "q3_ns": 10520101.064270942
      },
      "futex_op_counts": {
        "128": 178
      },
      "first_seen_ts_ns": 1664316721558,
      "last_seen_ts_ns": 1684573400272
    },
    {
      "tgid": 31261,
      "comm": "xhpcg",
      "cgroup_id": 14156,
      "wait_duration_stats_ns": {
        "count": 139.0,
        "sum": 2020814315.9999998,
        "mean": 14538232.489208631,
        "median": 10305585.963926455,
        "min": 69390,
        "max": 79281603,
        "variance_ns2": 197696281551051.84,
        "iqr_ns": 15378902.413929041,
        "q1_ns": 4986620.538339764,
        "q3_ns": 20365522.952268805
      },
      "futex_op_counts": {
        "128": 139
      },
      "first_seen_ts_ns": 1685500101387,
      "last_seen_ts_ns": 1706829005282
    },
    {
      "tgid": 31034,
      "comm": "xhpcg",
      "cgroup_id": 14156,
      "wait_duration_stats_ns": {
        "count": 154.0,
        "sum": 2003985332.000001,
        "mean": 13012891.766233772,
        "median": 9239330.289772421,
        "min": 3730,
        "max": 71920808,
        "variance_ns2": 170324932754870.0,
        "iqr_ns": 7706856.113598837,
        "q1_ns": 5130824.252721537,
        "q3_ns": 12837680.366320373
      },
      "futex_op_counts": {
        "128": 154
      },
      "first_seen_ts_ns": 1645953780051,
      "last_seen_ts_ns": 1663312630941
    },
    {
      "tgid": 2215,
      "comm": "amazon-ssm-agen",
      "cgroup_id": 3429,
      "wait_duration_stats_ns": {
        "count": 6.0,
        "sum": 1998627351.0,
        "mean": 333104558.5,
        "median": 4420835.0,
        "min": 278402,
        "max": 1000227598,
        "variance_ns2": 2.6320768578217312e+17,
        "iqr_ns": 1866020.0,
        "q1_ns": 2554815.0,
        "q3_ns": 4420835.0
      },
      "futex_op_counts": {
        "128": 6
      },
      "first_seen_ts_ns": 1661680611074,
      "last_seen_ts_ns": 1662707908817
    },
    {
      "tgid": 31147,
      "comm": "xhpcg",
      "cgroup_id": 14156,
      "wait_duration_stats_ns": {
        "count": 135.0,
        "sum": 1908724182.9999998,
        "mean": 14138697.65185185,
        "median": 9133814.257515522,
        "min": 69381,
        "max": 105083006,
        "variance_ns2": 244388747416368.34,
        "iqr_ns": 12897102.648884475,
        "q1_ns": 5046213.054065075,
        "q3_ns": 17943315.70294955
      },
      "futex_op_counts": {
        "128": 135
      },
      "first_seen_ts_ns": 1664308695694,
      "last_seen_ts_ns": 1684572980129
    },
    {
      "tgid": 31033,
      "comm": "xhpcg",
      "cgroup_id": 14156,
      "wait_duration_stats_ns": {
        "count": 154.0,
        "sum": 1760168194.0,
        "mean": 11429663.597402597,
        "median": 9814522.155008322,
        "min": 55751,
        "max": 134488382,
        "variance_ns2": 182180180598699.38,
        "iqr_ns": 7901380.530178104,
        "q1_ns": 4806794.089358421,
        "q3_ns": 12708174.619536525
      },
      "futex_op_counts": {
        "128": 154
      },
      "first_seen_ts_ns": 1645949936580,
      "last_seen_ts_ns": 1663311969076
    },
    {
      "tgid": 31068,
      "comm": "runc",
      "cgroup_id": 4085,
      "wait_duration_stats_ns": {
        "count": 291.0,
        "sum": 1750940750.0000002,
        "mean": 6016978.522336771,
        "median": 826757.7720847726,
        "min": 27251,
        "max": 230826075,
        "variance_ns2": 963302731152083.6,
        "iqr_ns": 5860539.107942588,
        "q1_ns": 104580.73974976016,
        "q3_ns": 5965119.847692348
      },
      "futex_op_counts": {
        "128": 291
      },
      "first_seen_ts_ns": 1651600456943,
      "last_seen_ts_ns": 1651881041511
    },
    {
      "tgid": 31032,
      "comm": "xhpcg",
      "cgroup_id": 14156,
      "wait_duration_stats_ns": {
        "count": 141.0,
        "sum": 1736748624.9999998,
        "mean": 12317366.13475177,
        "median": 10032708.437192366,
        "min": 81310,
        "max": 66813152,
        "variance_ns2": 128188355831687.75,
        "iqr_ns": 9193212.163359046,
        "q1_ns": 5757570.798478556,
        "q3_ns": 14950782.961837603
      },
      "futex_op_counts": {
        "128": 141
      },
      "first_seen_ts_ns": 1645990121749,
      "last_seen_ts_ns": 1663311882395
    },
    {
      "tgid": 31150,
      "comm": "xhpcg",
      "cgroup_id": 14156,
      "wait_duration_stats_ns": {
        "count": 127.0,
        "sum": 1716586403.9999993,
        "mean": 13516428.37795275,
        "median": 9103990.989042481,
        "min": 78680,
        "max": 104480172,
        "variance_ns2": 216850226594443.1,
        "iqr_ns": 14789504.8646729,
        "q1_ns": 3922413.5120685743,
        "q3_ns": 18711918.376741473
      },
      "futex_op_counts": {
        "128": 127
      },
      "first_seen_ts_ns": 1664300934413,
      "last_seen_ts_ns": 1684573088540
    },
    {
      "tgid": 31294,
      "comm": "runc",
      "cgroup_id": 4085,
      "wait_duration_stats_ns": {
        "count": 231.0,
        "sum": 1592017712.9999998,
        "mean": 6891851.571428571,
        "median": 376410.63408219354,
        "min": 2540,
        "max": 226420430,
        "variance_ns2": 754674552025644.2,
        "iqr_ns": 12833940.852071082,
        "q1_ns": 50822.97227869238,
        "q3_ns": 12884763.824349774
      },
      "futex_op_counts": {
        "128": 231
      },
      "first_seen_ts_ns": 1691600088329,
      "last_seen_ts_ns": 1691841576881
    },
    {
      "tgid": 31036,
      "comm": "xhpcg",
      "cgroup_id": 14156,
      "wait_duration_stats_ns": {
        "count": 133.0,
        "sum": 1584508850.0000002,
        "mean": 11913600.375939852,
        "median": 9321327.470608281,
        "min": 19521,
        "max": 65962615,
        "variance_ns2": 166066316815678.88,
        "iqr_ns": 13872905.218093427,
        "q1_ns": 2295541.411279299,
        "q3_ns": 16168446.629372725
      },
      "futex_op_counts": {
        "128": 133
      },
      "first_seen_ts_ns": 1646010041326,
      "last_seen_ts_ns": 1663312763722
    },
    {
      "tgid": 31231,
      "comm": "runc",
      "cgroup_id": 4085,
      "wait_duration_stats_ns": {
        "count": 290.0,
        "sum": 1446250166.0000002,
        "mean": 4987069.537931035,
        "median": 276829.1715785121,
        "min": 2070,
        "max": 175207985,
        "variance_ns2": 513364836448254.44,
        "iqr_ns": 2163683.6736220308,
        "q1_ns": 64907.250624309454,
        "q3_ns": 2228590.92424634
      },
      "futex_op_counts": {
        "128": 290
      },
      "first_seen_ts_ns": 1681578353285,
      "last_seen_ts_ns": 1681770930600
    },
    {
      "tgid": 31183,
      "comm": "runc",
      "cgroup_id": 4085,
      "wait_duration_stats_ns": {
        "count": 229.0,
        "sum": 1384013412.0000005,
        "mean": 6043726.6899563335,
        "median": 426945.86200549983,
        "min": 1820,
        "max": 211173503,
        "variance_ns2": 646449823290819.0,
        "iqr_ns": 3080619.5278053563,
        "q1_ns": 56973.67006468796,
        "q3_ns": 3137593.1978700445
      },
      "futex_op_counts": {
        "128": 229
      },
      "first_seen_ts_ns": 1671600136635,
      "last_seen_ts_ns": 1671851461338
    },
    {
      "tgid": 31044,
      "comm": "runc",
      "cgroup_id": 4085,
      "wait_duration_stats_ns": {
        "count": 274.0,
        "sum": 1312576234.0,
        "mean": 4790424.211678832,
        "median": 320470.7338868756,
        "min": 1530,
        "max": 180629948,
        "variance_ns2": 571733168973217.0,
        "iqr_ns": 3459312.5036241906,
        "q1_ns": 58291.86887373101,
        "q3_ns": 3517604.372497922
      },
      "futex_op_counts": {
        "128": 274
      },
      "first_seen_ts_ns": 1650800175407,
      "last_seen_ts_ns": 1651001317877
    },
    {
      "tgid": 31320,
      "comm": "runc",
      "cgroup_id": 4085,
      "wait_duration_stats_ns": {
        "count": 232.0,
        "sum": 1291136262.0,
        "mean": 5565242.50862069,
        "median": 465997.0018953424,
        "min": 17540,
        "max": 231004309,
        "variance_ns2": 643781789343971.5,
        "iqr_ns": 3012631.6522408677,
        "q1_ns": 57679.322861600594,
        "q3_ns": 3070310.9751024684
      },
      "futex_op_counts": {
        "128": 232
      },
      "first_seen_ts_ns": 1700810485076,
      "last_seen_ts_ns": 1701051450585
    },
    {
      "tgid": 31159,
      "comm": "runc",
      "cgroup_id": 4085,
      "wait_duration_stats_ns": {
        "count": 244.0,
        "sum": 1015969938.0000002,
        "mean": 4163811.2213114765,
        "median": 263022.30068267527,
        "min": 15120,
        "max": 130318299,
        "variance_ns2": 266759154508690.88,
        "iqr_ns": 1824245.1850889232,
        "q1_ns": 58416.40811355783,
        "q3_ns": 1882661.593202481
      },
      "futex_op_counts": {
        "128": 244
      },
      "first_seen_ts_ns": 1670797434538,
      "last_seen_ts_ns": 1670971174233
    },
    {
      "tgid": 31079,
      "comm": "runc:[2:INIT]",
      "cgroup_id": 5006,
      "wait_duration_stats_ns": {
        "count": 29.0,
        "sum": 971164633.0,
        "mean": 33488435.620689657,
        "median": 22500244.485318713,
        "min": 185541,
        "max": 119956437,
        "variance_ns2": 923906685907525.0,
        "iqr_ns": 19320785.10361667,
        "q1_ns": 15092279.840233838,
        "q3_ns": 34413064.94385051
      },
      "futex_op_counts": {
        "128": 29
      },
      "first_seen_ts_ns": 1651680274834,
      "last_seen_ts_ns": 1651900162982
    },
    {
      "tgid": 31130,
      "comm": "runc:[2:INIT]",
      "cgroup_id": 5006,
      "wait_duration_stats_ns": {
        "count": 25.0,
        "sum": 886292309.0000004,
        "mean": 35451692.360000014,
        "median": 25595500.02181586,
        "min": 74511,
        "max": 119976667,
        "variance_ns2": 1367078419324347.8,
        "iqr_ns": 22995142.310346924,
        "q1_ns": 11169329.012044974,
        "q3_ns": 34164471.3223919
      },
      "futex_op_counts": {
        "128": 25
      },
      "first_seen_ts_ns": 1661810079927,
      "last_seen_ts_ns": 1662000197293
    },
    {
      "tgid": 31104,
      "comm": "runc:[2:INIT]",
      "cgroup_id": 5006,
      "wait_duration_stats_ns": {
        "count": 25.0,
        "sum": 782278031.9999999,
        "mean": 31291121.279999997,
        "median": 27149155.73079307,
        "min": 53340,
        "max": 99866506,
        "variance_ns2": 700964051715098.8,
        "iqr_ns": 31991651.412078954,
        "q1_ns": 9064094.97667805,
        "q3_ns": 41055746.388757005
      },
      "futex_op_counts": {
        "128": 25
      },
      "first_seen_ts_ns": 1661040253467,
      "last_seen_ts_ns": 1661190078332
    },
    {
      "tgid": 31353,
      "comm": "runc:[2:INIT]",
      "cgroup_id": 5006,
      "wait_duration_stats_ns": {
        "count": 22.0,
        "sum": 778377175.0000001,
        "mean": 35380780.68181819,
        "median": 20761277.763533905,
        "min": 2500,
        "max": 99438765,
        "variance_ns2": 740301529022178.6,
        "iqr_ns": 10488240.417898774,
        "q1_ns": 13917717.183333334,
        "q3_ns": 24405957.601232108
      },
      "futex_op_counts": {
        "128": 22
      },
      "first_seen_ts_ns": 1701904436092,
      "last_seen_ts_ns": 1702070092902
    },
    {
      "tgid": 31243,
      "comm": "runc:[2:INIT]",
      "cgroup_id": 5006,
      "wait_duration_stats_ns": {
        "count": 21.0,
        "sum": 764709180.0,
        "mean": 36414722.85714286,
        "median": 26450978.42229534,
        "min": 48821,
        "max": 119901905,
        "variance_ns2": 1409334145902948.5,
        "iqr_ns": 661740.2253105417,
        "q1_ns": 14745385.633820675,
        "q3_ns": 15407125.859131217
      },
      "futex_op_counts": {
        "128": 21
      },
      "first_seen_ts_ns": 1681630090729,
      "last_seen_ts_ns": 1681785368565
    },
    {
      "tgid": 31193,
      "comm": "runc:[2:INIT]",
      "cgroup_id": 5006,
      "wait_duration_stats_ns": {
        "count": 24.0,
        "sum": 737967611.0,
        "mean": 30748650.458333336,
        "median": 18896076.125926737,
        "min": 303493,
        "max": 109730274,
        "variance_ns2": 1044907125593256.4,
        "iqr_ns": 35836586.63429843,
        "q1_ns": 11928321.394903209,
        "q3_ns": 47764908.02920164
      },
      "futex_op_counts": {
        "128": 24
      },
      "first_seen_ts_ns": 1671710079771,
      "last_seen_ts_ns": 1671860178027
    },
    {
      "tgid": 31570,
      "comm": "runc",
      "cgroup_id": 4085,
      "wait_duration_stats_ns": {
        "count": 303.0,
        "sum": 733897867.9999998,
        "mean": 2422105.174917491,
        "median": 298653.7984779826,
        "min": 1950,
        "max": 106894697,
        "variance_ns2": 139574100665877.6,
        "iqr_ns": 1679463.8368038838,
        "q1_ns": 112371.73214718167,
        "q3_ns": 1791835.5689510654
      },
      "futex_op_counts": {
        "128": 303
      },
      "first_seen_ts_ns": 1710795278072,
      "last_seen_ts_ns": 1710910349896
    },
    {
      "tgid": 31598,
      "comm": "runc",
      "cgroup_id": 4085,
      "wait_duration_stats_ns": {
        "count": 337.0,
        "sum": 714946414.0,
        "mean": 2121502.712166172,
        "median": 223762.37999488192,
        "min": 1670,
        "max": 89131660,
        "variance_ns2": 123326999524556.77,
        "iqr_ns": 684777.4796405412,
        "q1_ns": 69395.0855411865,
        "q3_ns": 754172.5651817278
      },
      "futex_op_counts": {
        "128": 337
      },
      "first_seen_ts_ns": 1711570906047,
      "last_seen_ts_ns": 1711666623592
    },
    {
      "tgid": 31305,
      "comm": "runc:[2:INIT]",
      "cgroup_id": 5006,
      "wait_duration_stats_ns": {
        "count": 29.0,
        "sum": 688044321.9999999,
        "mean": 23725666.275862064,
        "median": 12953621.200866012,
        "min": 2120,
        "max": 109951660,
        "variance_ns2": 692157423490757.2,
        "iqr_ns": 17143920.414879814,
        "q1_ns": 8409639.839663437,
        "q3_ns": 25553560.25454325
      },
      "futex_op_counts": {
        "128": 29
      },
      "first_seen_ts_ns": 1691690093636,
      "last_seen_ts_ns": 1691860132271
    },
    {
      "tgid": 31330,
      "comm": "runc:[2:INIT]",
      "cgroup_id": 5006,
      "wait_duration_stats_ns": {
        "count": 22.0,
        "sum": 645217291.0,
        "mean": 29328058.681818184,
        "median": 9315152.365334362,
        "min": 20650,
        "max": 127964275,
        "variance_ns2": 2250718100765310.5,
        "iqr_ns": 9947978.387061153,
        "q1_ns": 1007819.7741666667,
        "q3_ns": 10955798.161227819
      },
      "futex_op_counts": {
        "128": 22
      },
      "first_seen_ts_ns": 1700902726602,
      "last_seen_ts_ns": 1701070181846
    },
    {
      "tgid": 31220,
      "comm": "runc:[2:INIT]",
      "cgroup_id": 5006,
      "wait_duration_stats_ns": {
        "count": 20.0,
        "sum": 570813529.0,
        "mean": 28540676.45,
        "median": 9742396.542066757,
        "min": 127861,
        "max": 129621174,
        "variance_ns2": 1718196770635964.0,
        "iqr_ns": 34373811.648563795,
        "q1_ns": 4516359.600713335,
        "q3_ns": 38890171.24927713
      },
      "futex_op_counts": {
        "128": 20
      },
      "first_seen_ts_ns": 1681060119056,
      "last_seen_ts_ns": 1681200080392
    },
    {
      "tgid": 31283,
      "comm": "runc:[2:INIT]",
      "cgroup_id": 5006,
      "wait_duration_stats_ns": {
        "count": 22.0,
        "sum": 543130607.0000001,
        "mean": 24687754.863636367,
        "median": 11091617.18175926,
        "min": 39951,
        "max": 101003626,
        "variance_ns2": 724140817146437.0,
        "iqr_ns": 9451331.797029257,
        "q1_ns": 12511911.031776622,
        "q3_ns": 21963242.82880588
      },
      "futex_op_counts": {
        "128": 22
      },
      "first_seen_ts_ns": 1691050154541,
      "last_seen_ts_ns": 1691190092023
    },
    {
      "tgid": 31055,
      "comm": "runc:[2:INIT]",
      "cgroup_id": 5006,
      "wait_duration_stats_ns": {
        "count": 23.0,
        "sum": 530860585.0,
        "mean": 23080895.0,
        "median": 19630465.752354782,
        "min": 208972,
        "max": 73116798,
        "variance_ns2": 498070012163823.44,
        "iqr_ns": 29521206.103860244,
        "q1_ns": 7474534.223268509,
        "q3_ns": 36995740.32712875
      },
      "futex_op_counts": {
        "128": 23
      },
      "first_seen_ts_ns": 1650900080407,
      "last_seen_ts_ns": 1651010058876
    },
    {
      "tgid": 31170,
      "comm": "runc:[2:INIT]",
      "cgroup_id": 5006,
      "wait_duration_stats_ns": {
        "count": 21.0,
        "sum": 507280820.00000006,
        "mean": 24156229.523809526,
        "median": 17074485.042081643,
        "min": 2170,
        "max": 55321270,
        "variance_ns2": 443231875577970.25,
        "iqr_ns": 37035219.33458962,
        "q1_ns": 6903852.34924864,
        "q3_ns": 43939071.68383826
      },
      "futex_op_counts": {
        "128": 21
      },
      "first_seen_ts_ns": 1670881229967,
      "last_seen_ts_ns": 1670990171904
    },
    {
      "tgid": 31581,
      "comm": "runc:[2:INIT]",
      "cgroup_id": 5006,
      "wait_duration_stats_ns": {
        "count": 25.0,
        "sum": 325662880.0,
        "mean": 13026515.2,
        "median": 1912747.5905850402,
        "min": 2310,
        "max": 64605610,
        "variance_ns2": 623405204079855.8,
        "iqr_ns": 10952742.389347196,
        "q1_ns": 386670.5858270244,
        "q3_ns": 11339412.97517422
      },
      "futex_op_counts": {
        "128": 25
      },
      "first_seen_ts_ns": 1710841627282,
      "last_seen_ts_ns": 1710909067205
    },
    {
      "tgid": 31610,
      "comm": "runc:[2:INIT]",
      "cgroup_id": 5006,
      "wait_duration_stats_ns": {
        "count": 26.0,
        "sum": 318256421.0,
        "mean": 12240631.576923076,
        "median": 926290.6278147311,
        "min": 63861,
        "max": 64413058,
        "variance_ns2": 596371627381391.6,
        "iqr_ns": 11837449.533667099,
        "q1_ns": 142901.17270923522,
        "q3_ns": 11980350.706376335
      },
      "futex_op_counts": {
        "128": 26
      },
      "first_seen_ts_ns": 1711600823262,
      "last_seen_ts_ns": 1711666282869
    },
    {
      "tgid": 31193,
      "comm": "grpc-health-pro",
      "cgroup_id": 5006,
      "wait_duration_stats_ns": {
        "count": 16.0,
        "sum": 258594692.0,
        "mean": 16162168.25,
        "median": 12408094.51047619,
        "min": 148791,
        "max": 47600459,
        "variance_ns2": 157889089314958.6,
        "iqr_ns": 8768985.173763089,
        "q1_ns": 9856879.888888888,
        "q3_ns": 18625865.062651977
      },
      "futex_op_counts": {
        "128": 16
      },
      "first_seen_ts_ns": 1671890128346,
      "last_seen_ts_ns": 1671950260385
    },
    {
      "tgid": 31170,
      "comm": "grpc-health-pro",
      "cgroup_id": 5006,
      "wait_duration_stats_ns": {
        "count": 14.0,
        "sum": 141110244.0,
        "mean": 10079303.142857142,
        "median": 8259776.341666666,
        "min": 3140,
        "max": 22440289,
        "variance_ns2": 48647806646921.516,
        "iqr_ns": 8364782.680555555,
        "q1_ns": 5282160.638888889,
        "q3_ns": 13646943.319444444
      },
      "futex_op_counts": {
        "128": 14
      },
      "first_seen_ts_ns": 1671020059862,
      "last_seen_ts_ns": 1671050073941
    },
    {
      "tgid": 31104,
      "comm": "grpc-health-pro",
      "cgroup_id": 5006,
      "wait_duration_stats_ns": {
        "count": 11.0,
        "sum": 112269884.00000001,
        "mean": 10206353.090909092,
        "median": 10694130.89,
        "min": 23470,
        "max": 19912769,
        "variance_ns2": 59020577574244.086,
        "iqr_ns": 13586168.430555556,
        "q1_ns": 2929712.125,
        "q3_ns": 16515880.555555556
      },
      "futex_op_counts": {
        "128": 11
      },
      "first_seen_ts_ns": 1661220075141,
      "last_seen_ts_ns": 1661240129241
    },
    {
      "tgid": 31305,
      "comm": "grpc-health-pro",
      "cgroup_id": 5006,
      "wait_duration_stats_ns": {
        "count": 12.0,
        "sum": 108379328.0,
        "mean": 9031610.666666666,
        "median": 9251443.201388888,
        "min": 226792,
        "max": 19742230,
        "variance_ns2": 40231624899932.06,
        "iqr_ns": 10899943.788541667,
        "q1_ns": 2648911.0,
        "q3_ns": 13548854.788541667
      },
      "futex_op_counts": {
        "128": 12
      },
      "first_seen_ts_ns": 1691890073613,
      "last_seen_ts_ns": 1691907317223
    },
    {
      "tgid": 31330,
      "comm": "grpc-health-pro",
      "cgroup_id": 5006,
      "wait_duration_stats_ns": {
        "count": 11.0,
        "sum": 95414240.0,
        "mean": 8674021.818181818,
        "median": 8567880.455555554,
        "min": 68880,
        "max": 16711795,
        "variance_ns2": 34259459823303.164,
        "iqr_ns": 10047979.758518519,
        "q1_ns": 2374419.0,
        "q3_ns": 12422398.758518519
      },
      "futex_op_counts": {
        "128": 11
      },
      "first_seen_ts_ns": 1701090077197,
      "last_seen_ts_ns": 1701110661253
    },
    {
      "tgid": 31130,
      "comm": "grpc-health-pro",
      "cgroup_id": 5006,
      "wait_duration_stats_ns": {
        "count": 12.0,
        "sum": 73309065.0,
        "mean": 6109088.75,
        "median": 3985697.7611111104,
        "min": 23250,
        "max": 16001238,
        "variance_ns2": 31181254834646.566,
        "iqr_ns": 8625498.307000784,
        "q1_ns": 282458.6666666667,
        "q3_ns": 8907956.97366745
      },
      "futex_op_counts": {
        "128": 12
      },
      "first_seen_ts_ns": 1662030117462,
      "last_seen_ts_ns": 1662050067111
    },
    {
      "tgid": 31079,
      "comm": "grpc-health-pro",
      "cgroup_id": 5006,
      "wait_duration_stats_ns": {
        "count": 16.0,
        "sum": 72897166.0,
        "mean": 4556072.875,
        "median": 2278238.868214286,
        "min": 37711,
        "max": 16008087,
        "variance_ns2": 28651381024761.312,
        "iqr_ns": 7539528.671021948,
        "q1_ns": 268666.75,
        "q3_ns": 7808195.421021948
      },
      "futex_op_counts": {
        "128": 16
      },
      "first_seen_ts_ns": 1651930087489,
      "last_seen_ts_ns": 1651950108747
    },
    {
      "tgid": 31220,
      "comm": "grpc-health-pro",
      "cgroup_id": 5006,
      "wait_duration_stats_ns": {
        "count": 11.0,
        "sum": 69491194.0,
        "mean": 6317381.2727272725,
        "median": 7391980.25,
        "min": 22450,
        "max": 12967453,
        "variance_ns2": 21374084927354.02,
        "iqr_ns": 7262655.006944445,
        "q1_ns": 652495.666666667,
        "q3_ns": 7915150.673611112
      },
      "futex_op_counts": {
        "128": 11
      },
      "first_seen_ts_ns": 1681223783601,
      "last_seen_ts_ns": 1681244075802
    },
    {
      "tgid": 31353,
      "comm": "grpc-health-pro",
      "cgroup_id": 5006,
      "wait_duration_stats_ns": {
        "count": 9.0,
        "sum": 58982987.0,
        "mean": 6553665.222222222,
        "median": 5945908.0,
        "min": 22460,
        "max": 17100038,
        "variance_ns2": 36616576257617.695,
        "iqr_ns": 8129627.919444444,
        "q1_ns": 1959643.1250000002,
        "q3_ns": 10089271.044444444
      },
      "futex_op_counts": {
        "128": 9
      },
      "first_seen_ts_ns": 1702090252905,
      "last_seen_ts_ns": 1702110046775
    },
    {
      "tgid": 31610,
      "comm": "grpc-health-pro",
      "cgroup_id": 5006,
      "wait_duration_stats_ns": {
        "count": 24.0,
        "sum": 38498307.0,
        "mean": 1604096.125,
        "median": 333282.52720966766,
        "min": 35370,
        "max": 6375993,
        "variance_ns2": 4730402018785.939,
        "iqr_ns": 2422714.5952165783,
        "q1_ns": 123483.14434413578,
        "q3_ns": 2546197.739560714
      },
      "futex_op_counts": {
        "128": 24
      },
      "first_seen_ts_ns": 1711671587603,
      "last_seen_ts_ns": 1711681120341
    },
    {
      "tgid": 31581,
      "comm": "grpc-health-pro",
      "cgroup_id": 5006,
      "wait_duration_stats_ns": {
        "count": 28.0,
        "sum": 31700231.000000004,
        "mean": 1132151.1071428573,
        "median": 346503.8656521831,
        "min": 3130,
        "max": 5546706,
        "variance_ns2": 2632222967278.3213,
        "iqr_ns": 1227090.0795003367,
        "q1_ns": 65869.71175761658,
        "q3_ns": 1292959.7912579533
      },
      "futex_op_counts": {
        "128": 28
      },
      "first_seen_ts_ns": 1710912753745,
      "last_seen_ts_ns": 1710920755891
    },
    {
      "tgid": 31055,
      "comm": "grpc-health-pro",
      "cgroup_id": 5006,
      "wait_duration_stats_ns": {
        "count": 22.0,
        "sum": 30298681.000000004,
        "mean": 1377212.772727273,
        "median": 754167.6482716093,
        "min": 62560,
        "max": 7122236,
        "variance_ns2": 2706597441262.374,
        "iqr_ns": 1671969.754525204,
        "q1_ns": 156807.36027405754,
        "q3_ns": 1828777.1147992616
      },
      "futex_op_counts": {
        "128": 22
      },
      "first_seen_ts_ns": 1651016006043,
      "last_seen_ts_ns": 1651025395387
    },
    {
      "tgid": 31283,
      "comm": "grpc-health-pro",
      "cgroup_id": 5006,
      "wait_duration_stats_ns": {
        "count": 9.0,
        "sum": 28858082.0,
        "mean": 3206453.5555555555,
        "median": 3411513.555555556,
        "min": 33370,
        "max": 6677524,
        "variance_ns2": 4455231625730.027,
        "iqr_ns": 733880.2592592593,
        "q1_ns": 2985754.0,
        "q3_ns": 3719634.2592592593
      },
      "futex_op_counts": {
        "128": 9
      },
      "first_seen_ts_ns": 1691200077483,
      "last_seen_ts_ns": 1691210104835
    },
    {
      "tgid": 31243,
      "comm": "grpc-health-pro",
      "cgroup_id": 5006,
      "wait_duration_stats_ns": {
        "count": 14.0,
        "sum": 22149778.0,
        "mean": 1582127.0,
        "median": 572426.9388888889,
        "min": 22430,
        "max": 5901837,
        "variance_ns2": 5178556563058.154,
        "iqr_ns": 1774983.362345679,
        "q1_ns": 121129.8,
        "q3_ns": 1896113.162345679
      },
      "futex_op_counts": {
        "128": 14
      },
      "first_seen_ts_ns": 1681790451126,
      "last_seen_ts_ns": 1681798630101
    },
    {
      "tgid": 30837,
      "comm": "flux-broker-0",
      "cgroup_id": 14156,
      "wait_duration_stats_ns": {
        "count": 160.0,
        "sum": 2291525.9999999995,
        "mean": 14322.037499999997,
        "median": 3230.8335671490686,
        "min": 1400,
        "max": 385173,
        "variance_ns2": 1831327965.7847486,
        "iqr_ns": 6565.810272281655,
        "q1_ns": 2328.7487782329677,
        "q3_ns": 8894.559050514623
      },
      "futex_op_counts": {
        "128": 160
      },
      "first_seen_ts_ns": 1645489974855,
      "last_seen_ts_ns": 1717393831532
    }
  ]
}
[00:05:37] Cleanup complete.
