ln: failed to create symbolic link '/mnt/flux/view/lib/python': File exists
ln: failed to create symbolic link '/mnt/flux/view/lib/python3': File exists
unlimited
PROGRAM: futex
Looking for /opt/programs/futex/ebpf-collect.c
[19:00:26] Starting eBPF (Tracepoints for futex syscalls).
[19:00:27] BPF program loaded and tracepoints automatically attached.
[19:00:27] Start Indicator file defined '/mnt/flux/start_ebpf_collection'. Waiting.
[19:00:31] Start indicator found. Proceeding.
[19:00:31] Ring buffers opened. Polling for events...
[19:01:42] 
Indicator file '/mnt/flux/stop_ebpf_collection' found. Stopping.
[19:01:42] Cleaning up BPF resources...
{
  "final_aggregated_futex_summary_river": [
    {
      "tgid": 6208,
      "comm": "containerd",
      "cgroup_id": 4085,
      "wait_duration_stats_ns": {
        "count": 7097.0,
        "sum": 2582888706872.9956,
        "mean": 363940919.66647816,
        "median": 6878506.91629752,
        "min": 740,
        "max": 70225639368,
        "variance_ns2": 1.0629559809420378e+19,
        "iqr_ns": 100669562.19647416,
        "q1_ns": 74824.52878423888,
        "q3_ns": 100744386.72525841
      },
      "futex_op_counts": {
        "128": 7097
      },
      "first_seen_ts_ns": 11908507841697,
      "last_seen_ts_ns": 11983909287505
    },
    {
      "tgid": 6252,
      "comm": "kubelet",
      "cgroup_id": 4138,
      "wait_duration_stats_ns": {
        "count": 7476.0,
        "sum": 608174391365.9998,
        "mean": 81350239.61556979,
        "median": 13581412.41779093,
        "min": 800,
        "max": 26329278106,
        "variance_ns2": 5.045312354774608e+17,
        "iqr_ns": 34652060.097253785,
        "q1_ns": 1439586.6300511325,
        "q3_ns": 36091646.72730492
      },
      "futex_op_counts": {
        "128": 7476
      },
      "first_seen_ts_ns": 11908465031076,
      "last_seen_ts_ns": 11983916113606
    },
    {
      "tgid": 6353,
      "comm": "containerd-shim",
      "cgroup_id": 4085,
      "wait_duration_stats_ns": {
        "count": 892.0,
        "sum": 468621578653.9992,
        "mean": 525360514.18609774,
        "median": 1097317.0617789535,
        "min": 850,
        "max": 19145467285,
        "variance_ns2": 3.5057798384999537e+18,
        "iqr_ns": 84146962.6853535,
        "q1_ns": 196073.98025559948,
        "q3_ns": 84343036.6656091
      },
      "futex_op_counts": {
        "128": 892
      },
      "first_seen_ts_ns": 11908958709286,
      "last_seen_ts_ns": 11983905032074
    },
    {
      "tgid": 8090,
      "comm": "metrics-server",
      "cgroup_id": 5501,
      "wait_duration_stats_ns": {
        "count": 1575.0,
        "sum": 432253967354.0004,
        "mean": 274446963.39936537,
        "median": 84418763.17169367,
        "min": 1130,
        "max": 43977308429,
        "variance_ns2": 3.140929971687317e+18,
        "iqr_ns": 186909801.65418294,
        "q1_ns": 28404620.90066277,
        "q3_ns": 215314422.55484572
      },
      "futex_op_counts": {
        "128": 1575
      },
      "first_seen_ts_ns": 11908595229850,
      "last_seen_ts_ns": 11983847601998
    },
    {
      "tgid": 8039,
      "comm": "metrics-server",
      "cgroup_id": 5431,
      "wait_duration_stats_ns": {
        "count": 1447.0,
        "sum": 390193334590.0003,
        "mean": 269656761.9834142,
        "median": 123093856.41129278,
        "min": 1060,
        "max": 44031924851,
        "variance_ns2": 2.622744179279828e+18,
        "iqr_ns": 114278533.31838052,
        "q1_ns": 70676326.01659794,
        "q3_ns": 184954859.33497846
      },
      "futex_op_counts": {
        "128": 1447
      },
      "first_seen_ts_ns": 11908491279185,
      "last_seen_ts_ns": 11983829744089
    },
    {
      "tgid": 9423,
      "comm": "coredns",
      "cgroup_id": 5921,
      "wait_duration_stats_ns": {
        "count": 670.0,
        "sum": 356115642899.9997,
        "mean": 531515884.92537266,
        "median": 254349301.56327075,
        "min": 960,
        "max": 25995132146,
        "variance_ns2": 1.590839184421999e+18,
        "iqr_ns": 967981008.1511761,
        "q1_ns": 370062.0563997458,
        "q3_ns": 968351070.2075758
      },
      "futex_op_counts": {
        "128": 670
      },
      "first_seen_ts_ns": 11909288329498,
      "last_seen_ts_ns": 11983890267321
    },
    {
      "tgid": 9312,
      "comm": "coredns",
      "cgroup_id": 5781,
      "wait_duration_stats_ns": {
        "count": 668.0,
        "sum": 347462991858.99976,
        "mean": 520154179.42964035,
        "median": 91337874.02280064,
        "min": 1400,
        "max": 23008442685,
        "variance_ns2": 1.616534112411225e+18,
        "iqr_ns": 921626060.52897,
        "q1_ns": 70101.48289944197,
        "q3_ns": 921696162.0118694
      },
      "futex_op_counts": {
        "128": 668
      },
      "first_seen_ts_ns": 11909019047837,
      "last_seen_ts_ns": 11983890247620
    },
    {
      "tgid": 291437,
      "comm": "containerd-shim",
      "cgroup_id": 4085,
      "wait_duration_stats_ns": {
        "count": 337.0,
        "sum": 347328355666.99976,
        "mean": 1030647939.6646878,
        "median": 6314401.943097579,
        "min": 880,
        "max": 30004333649,
        "variance_ns2": 1.305531943487366e+19,
        "iqr_ns": 30686019.093417287,
        "q1_ns": 1497941.0299199882,
        "q3_ns": 32183960.123337276
      },
      "futex_op_counts": {
        "128": 337
      },
      "first_seen_ts_ns": 11908954572129,
      "last_seen_ts_ns": 11983922903875
    },
    {
      "tgid": 10620,
      "comm": "containerd-shim",
      "cgroup_id": 4085,
      "wait_duration_stats_ns": {
        "count": 126.0,
        "sum": 344707364687.9999,
        "mean": 2735772735.6190467,
        "median": 230292165.48817003,
        "min": 2060,
        "max": 30003554224,
        "variance_ns2": 3.3181885866180903e+19,
        "iqr_ns": 3425905664.0206413,
        "q1_ns": 1743145.7260894768,
        "q3_ns": 3427648809.746731
      },
      "futex_op_counts": {
        "128": 126
      },
      "first_seen_ts_ns": 11908957066436,
      "last_seen_ts_ns": 11983903410274
    },
    {
      "tgid": 9360,
      "comm": "containerd-shim",
      "cgroup_id": 4085,
      "wait_duration_stats_ns": {
        "count": 89.0,
        "sum": 341890762068.0,
        "mean": 3841469236.719101,
        "median": 376399358.0777225,
        "min": 970,
        "max": 60004614530,
        "variance_ns2": 7.226919050329092e+19,
        "iqr_ns": 2456813361.732546,
        "q1_ns": 42022459.22484036,
        "q3_ns": 2498835820.957386
      },
      "futex_op_counts": {
        "128": 89
      },
      "first_seen_ts_ns": 11909301681980,
      "last_seen_ts_ns": 11983906236662
    },
    {
      "tgid": 290974,
      "comm": "containerd-shim",
      "cgroup_id": 4085,
      "wait_duration_stats_ns": {
        "count": 72.0,
        "sum": 339573625613.99994,
        "mean": 4716300355.749999,
        "median": 1382116007.5835164,
        "min": 52062,
        "max": 29997036126,
        "variance_ns2": 5.307381456818724e+19,
        "iqr_ns": 5575655384.483449,
        "q1_ns": 158132929.86720622,
        "q3_ns": 5733788314.350656
      },
      "futex_op_counts": {
        "128": 72
      },
      "first_seen_ts_ns": 11909295846550,
      "last_seen_ts_ns": 11983907927943
    },
    {
      "tgid": 8562,
      "comm": "containerd-shim",
      "cgroup_id": 4085,
      "wait_duration_stats_ns": {
        "count": 76.0,
        "sum": 314800443320.99994,
        "mean": 4142111096.3289466,
        "median": 515823424.30099887,
        "min": 1821,
        "max": 30003200496,
        "variance_ns2": 5.1471491958504686e+19,
        "iqr_ns": 5660822585.742053,
        "q1_ns": 30167791.80968336,
        "q3_ns": 5690990377.551737
      },
      "futex_op_counts": {
        "128": 76
      },
      "first_seen_ts_ns": 11909200133549,
      "last_seen_ts_ns": 11983907366646
    },
    {
      "tgid": 7986,
      "comm": "containerd-shim",
      "cgroup_id": 4085,
      "wait_duration_stats_ns": {
        "count": 70.0,
        "sum": 284751496331.00006,
        "mean": 4067878519.0142865,
        "median": 783282798.7512167,
        "min": 47772,
        "max": 29994476047,
        "variance_ns2": 3.702703946118575e+19,
        "iqr_ns": 5460403849.027483,
        "q1_ns": 147343466.6557625,
        "q3_ns": 5607747315.683246
      },
      "futex_op_counts": {
        "128": 70
      },
      "first_seen_ts_ns": 11908959622395,
      "last_seen_ts_ns": 11983905585671
    },
    {
      "tgid": 10805,
      "comm": "manager",
      "cgroup_id": 6249,
      "wait_duration_stats_ns": {
        "count": 658.0,
        "sum": 283967976340.00006,
        "mean": 431562274.07294846,
        "median": 248561101.98950547,
        "min": 34361,
        "max": 30006718349,
        "variance_ns2": 2.5290151070855916e+18,
        "iqr_ns": 486714097.7270849,
        "q1_ns": 11988223.536309242,
        "q3_ns": 498702321.2633941
      },
      "futex_op_counts": {
        "128": 658
      },
      "first_seen_ts_ns": 11908565447022,
      "last_seen_ts_ns": 11983506495686
    },
    {
      "tgid": 6820,
      "comm": "aws-k8s-agent",
      "cgroup_id": 5011,
      "wait_duration_stats_ns": {
        "count": 329.0,
        "sum": 273584732283.99982,
        "mean": 831564535.8176286,
        "median": 76747088.71642448,
        "min": 1220,
        "max": 21698934939,
        "variance_ns2": 4.990618010933367e+18,
        "iqr_ns": 1012684000.5848826,
        "q1_ns": 4765247.557706309,
        "q3_ns": 1017449248.142589
      },
      "futex_op_counts": {
        "128": 329
      },
      "first_seen_ts_ns": 11914580070493,
      "last_seen_ts_ns": 11982345942557
    },
    {
      "tgid": 10681,
      "comm": "kube-rbac-proxy",
      "cgroup_id": 6179,
      "wait_duration_stats_ns": {
        "count": 45.0,
        "sum": 264868928398.0,
        "mean": 5885976186.622222,
        "median": 5008472104.099199,
        "min": 4977147371,
        "max": 20004249778,
        "variance_ns2": 7.157140899982414e+18,
        "iqr_ns": 101059378.32166576,
        "q1_ns": 4993318564.915954,
        "q3_ns": 5094377943.237619
      },
      "futex_op_counts": {
        "128": 45
      },
      "first_seen_ts_ns": 11916060054175,
      "last_seen_ts_ns": 11981055798360
    },
    {
      "tgid": 6524,
      "comm": "kube-proxy",
      "cgroup_id": 4871,
      "wait_duration_stats_ns": {
        "count": 58.0,
        "sum": 259792536566.99988,
        "mean": 4479181664.948274,
        "median": 4310243695.79213,
        "min": 560057,
        "max": 29999857740,
        "variance_ns2": 3.787897500026997e+19,
        "iqr_ns": 4834473962.709763,
        "q1_ns": 255423593.37273532,
        "q3_ns": 5089897556.082498
      },
      "futex_op_counts": {
        "128": 58
      },
      "first_seen_ts_ns": 11908801983945,
      "last_seen_ts_ns": 11983557990349
    },
    {
      "tgid": 6360,
      "comm": "containerd-shim",
      "cgroup_id": 4085,
      "wait_duration_stats_ns": {
        "count": 72.0,
        "sum": 254826376108.99997,
        "mean": 3539255223.7361107,
        "median": 540105415.0485653,
        "min": 1070,
        "max": 30005878023,
        "variance_ns2": 3.07494079554906e+19,
        "iqr_ns": 4843767260.638642,
        "q1_ns": 110691847.5938558,
        "q3_ns": 4954459108.232498
      },
      "futex_op_counts": {
        "128": 72
      },
      "first_seen_ts_ns": 11909295058065,
      "last_seen_ts_ns": 11983908957135
    },
    {
      "tgid": 7477,
      "comm": "containerd-shim",
      "cgroup_id": 4085,
      "wait_duration_stats_ns": {
        "count": 67.0,
        "sum": 254795181824.99997,
        "mean": 3802913161.567164,
        "median": 1024748700.3244246,
        "min": 10860,
        "max": 30004280056,
        "variance_ns2": 2.945888064238862e+19,
        "iqr_ns": 5289069137.021891,
        "q1_ns": 140599796.2088414,
        "q3_ns": 5429668933.230732
      },
      "futex_op_counts": {
        "128": 67
      },
      "first_seen_ts_ns": 11908956459027,
      "last_seen_ts_ns": 11983902316121
    },
    {
      "tgid": 6106,
      "comm": "amazon-ssm-agen",
      "cgroup_id": 3429,
      "wait_duration_stats_ns": {
        "count": 44.0,
        "sum": 246077326918.0,
        "mean": 5592666520.863636,
        "median": 32268562.192297217,
        "min": 1230,
        "max": 60033458009,
        "variance_ns2": 3.0319074275118966e+20,
        "iqr_ns": 3363428977.5247455,
        "q1_ns": 15381414.31372996,
        "q3_ns": 3378810391.838475
      },
      "futex_op_counts": {
        "128": 44
      },
      "first_seen_ts_ns": 11917873597298,
      "last_seen_ts_ns": 11979930686272
    },
    {
      "tgid": 6233,
      "comm": "ssm-agent-worke",
      "cgroup_id": 3429,
      "wait_duration_stats_ns": {
        "count": 189.0,
        "sum": 212249192881.99997,
        "mean": 1123011602.5502644,
        "median": 748136424.9537134,
        "min": 6901,
        "max": 16555852774,
        "variance_ns2": 2.950393034073242e+18,
        "iqr_ns": 1692788975.63072,
        "q1_ns": 149646527.72127512,
        "q3_ns": 1842435503.351995
      },
      "futex_op_counts": {
        "128": 189
      },
      "first_seen_ts_ns": 11912888310866,
      "last_seen_ts_ns": 11983277350047
    },
    {
      "tgid": 6961,
      "comm": "controller",
      "cgroup_id": 5081,
      "wait_duration_stats_ns": {
        "count": 318.0,
        "sum": 202287738280.99994,
        "mean": 636124963.1477985,
        "median": 491668330.442335,
        "min": 7320,
        "max": 10008582323,
        "variance_ns2": 1.5203481456763512e+18,
        "iqr_ns": 7094874.535713017,
        "q1_ns": 489544912.49220604,
        "q3_ns": 496639787.02791905
      },
      "futex_op_counts": {
        "128": 318
      },
      "first_seen_ts_ns": 11909084138583,
      "last_seen_ts_ns": 11983585068692
    },
    {
      "tgid": 292118,
      "comm": "xhpcg",
      "cgroup_id": 98938,
      "wait_duration_stats_ns": {
        "count": 1621.0,
        "sum": 8160161388.000008,
        "mean": 5034029.233806297,
        "median": 3007655.5606373553,
        "min": 10860,
        "max": 40313633,
        "variance_ns2": 37692393517787.0,
        "iqr_ns": 2501316.8452017657,
        "q1_ns": 2480690.6545053,
        "q3_ns": 4982007.4997070655
      },
      "futex_op_counts": {
        "128": 1621
      },
      "first_seen_ts_ns": 11913419264585,
      "last_seen_ts_ns": 11938330271884
    },
    {
      "tgid": 292119,
      "comm": "xhpcg",
      "cgroup_id": 98938,
      "wait_duration_stats_ns": {
        "count": 1549.0,
        "sum": 8094726290.0000105,
        "mean": 5225775.526145907,
        "median": 2994937.0466530197,
        "min": 91663,
        "max": 44700319,
        "variance_ns2": 42495629510738.38,
        "iqr_ns": 5537759.15232778,
        "q1_ns": 2651442.4187499224,
        "q3_ns": 8189201.571077702
      },
      "futex_op_counts": {
        "128": 1549
      },
      "first_seen_ts_ns": 11913419582195,
      "last_seen_ts_ns": 11938331660777
    },
    {
      "tgid": 292142,
      "comm": "xhpcg",
      "cgroup_id": 98938,
      "wait_duration_stats_ns": {
        "count": 1565.0,
        "sum": 8058349209.999988,
        "mean": 5149104.926517564,
        "median": 2991948.895804344,
        "min": 2740,
        "max": 43012647,
        "variance_ns2": 42776725379909.516,
        "iqr_ns": 1277172.2087571518,
        "q1_ns": 2492503.4556133565,
        "q3_ns": 3769675.6643705084
      },
      "futex_op_counts": {
        "128": 1565
      },
      "first_seen_ts_ns": 11913420439781,
      "last_seen_ts_ns": 11938330481841
    },
    {
      "tgid": 292129,
      "comm": "xhpcg",
      "cgroup_id": 98938,
      "wait_duration_stats_ns": {
        "count": 1572.0,
        "sum": 8028956012.000009,
        "mean": 5107478.3791348655,
        "median": 2905732.8058442385,
        "min": 36061,
        "max": 40504629,
        "variance_ns2": 43239015850667.97,
        "iqr_ns": 8417401.186030166,
        "q1_ns": 2424146.724045088,
        "q3_ns": 10841547.910075255
      },
      "futex_op_counts": {
        "128": 1572
      },
      "first_seen_ts_ns": 11913419977947,
      "last_seen_ts_ns": 11938331795601
    },
    {
      "tgid": 292133,
      "comm": "xhpcg",
      "cgroup_id": 98938,
      "wait_duration_stats_ns": {
        "count": 1575.0,
        "sum": 8020922661.999999,
        "mean": 5092649.309206349,
        "median": 3021178.5089587625,
        "min": 39821,
        "max": 42765629,
        "variance_ns2": 38632906684206.05,
        "iqr_ns": 5892502.077576518,
        "q1_ns": 2664373.481970778,
        "q3_ns": 8556875.559547296
      },
      "futex_op_counts": {
        "128": 1575
      },
      "first_seen_ts_ns": 11913419437110,
      "last_seen_ts_ns": 11938330257934
    },
    {
      "tgid": 292138,
      "comm": "xhpcg",
      "cgroup_id": 98938,
      "wait_duration_stats_ns": {
        "count": 1603.0,
        "sum": 8016997988.000007,
        "mean": 5001246.405489711,
        "median": 3159483.069068076,
        "min": 4050,
        "max": 42588793,
        "variance_ns2": 35076552547799.008,
        "iqr_ns": 5870716.524039544,
        "q1_ns": 2512005.032131783,
        "q3_ns": 8382721.556171327
      },
      "futex_op_counts": {
        "128": 1603
      },
      "first_seen_ts_ns": 11913420947957,
      "last_seen_ts_ns": 11938330810601
    },
    {
      "tgid": 292140,
      "comm": "xhpcg",
      "cgroup_id": 98938,
      "wait_duration_stats_ns": {
        "count": 1586.0,
        "sum": 8010146429.000006,
        "mean": 5050533.687894077,
        "median": 3036836.5892727147,
        "min": 83282,
        "max": 45028899,
        "variance_ns2": 36694428503006.02,
        "iqr_ns": 6654065.974149386,
        "q1_ns": 2602048.7362536835,
        "q3_ns": 9256114.71040307
      },
      "futex_op_counts": {
        "128": 1586
      },
      "first_seen_ts_ns": 11913419370038,
      "last_seen_ts_ns": 11938330586454
    },
    {
      "tgid": 292120,
      "comm": "xhpcg",
      "cgroup_id": 98938,
      "wait_duration_stats_ns": {
        "count": 1569.0,
        "sum": 8007245481.999994,
        "mean": 5103406.935627785,
        "median": 3007047.2405892634,
        "min": 63752,
        "max": 41175330,
        "variance_ns2": 38132030716387.36,
        "iqr_ns": 6746757.212082059,
        "q1_ns": 2616699.277831516,
        "q3_ns": 9363456.489913575
      },
      "futex_op_counts": {
        "128": 1569
      },
      "first_seen_ts_ns": 11913419894224,
      "last_seen_ts_ns": 11938329847571
    },
    {
      "tgid": 292121,
      "comm": "xhpcg",
      "cgroup_id": 98938,
      "wait_duration_stats_ns": {
        "count": 1576.0,
        "sum": 8001065761.999993,
        "mean": 5076818.376903549,
        "median": 3059036.7517928616,
        "min": 40461,
        "max": 42740219,
        "variance_ns2": 37824392855789.11,
        "iqr_ns": 5922887.691622284,
        "q1_ns": 2620024.381385616,
        "q3_ns": 8542912.0730079
      },
      "futex_op_counts": {
        "128": 1576
      },
      "first_seen_ts_ns": 11913419965477,
      "last_seen_ts_ns": 11938330180062
    },
    {
      "tgid": 292135,
      "comm": "xhpcg",
      "cgroup_id": 98938,
      "wait_duration_stats_ns": {
        "count": 1629.0,
        "sum": 7996741947.999983,
        "mean": 4908988.304481266,
        "median": 3124587.610576821,
        "min": 32721,
        "max": 40675455,
        "variance_ns2": 33120239173238.51,
        "iqr_ns": 5183644.145026067,
        "q1_ns": 2609945.5043462203,
        "q3_ns": 7793589.649372287
      },
      "futex_op_counts": {
        "128": 1629
      },
      "first_seen_ts_ns": 11913410756113,
      "last_seen_ts_ns": 11938331130651
    },
    {
      "tgid": 292127,
      "comm": "xhpcg",
      "cgroup_id": 98938,
      "wait_duration_stats_ns": {
        "count": 1589.0,
        "sum": 7994193375.999987,
        "mean": 5030958.701069847,
        "median": 2994652.82340583,
        "min": 24901,
        "max": 40595483,
        "variance_ns2": 40448162669987.43,
        "iqr_ns": 10025093.139048433,
        "q1_ns": 2403392.4022727446,
        "q3_ns": 12428485.541321177
      },
      "futex_op_counts": {
        "128": 1589
      },
      "first_seen_ts_ns": 11913420549615,
      "last_seen_ts_ns": 11938329579233
    },
    {
      "tgid": 292131,
      "comm": "xhpcg",
      "cgroup_id": 98938,
      "wait_duration_stats_ns": {
        "count": 1595.0,
        "sum": 7987105582.0000105,
        "mean": 5007589.706583079,
        "median": 3025154.0583022214,
        "min": 43451,
        "max": 42782420,
        "variance_ns2": 37818593907347.555,
        "iqr_ns": 1659908.4393003364,
        "q1_ns": 2585013.876834556,
        "q3_ns": 4244922.316134892
      },
      "futex_op_counts": {
        "128": 1595
      },
      "first_seen_ts_ns": 11913419298916,
      "last_seen_ts_ns": 11938330223103
    },
    {
      "tgid": 292123,
      "comm": "xhpcg",
      "cgroup_id": 98938,
      "wait_duration_stats_ns": {
        "count": 1573.0,
        "sum": 7925006054.000008,
        "mean": 5038147.523204073,
        "median": 3016319.476781614,
        "min": 2480,
        "max": 41471759,
        "variance_ns2": 37756122209319.93,
        "iqr_ns": 6381490.637205159,
        "q1_ns": 2514680.3896480207,
        "q3_ns": 8896171.02685318
      },
      "futex_op_counts": {
        "128": 1573
      },
      "first_seen_ts_ns": 11913419931645,
      "last_seen_ts_ns": 11938330429979
    },
    {
      "tgid": 292122,
      "comm": "xhpcg",
      "cgroup_id": 98938,
      "wait_duration_stats_ns": {
        "count": 1578.0,
        "sum": 7921798706.00001,
        "mean": 5020151.271229411,
        "median": 3201663.9059371063,
        "min": 18871,
        "max": 44986488,
        "variance_ns2": 36895160773063.79,
        "iqr_ns": 6112686.02165454,
        "q1_ns": 2513355.0038773147,
        "q3_ns": 8626041.025531854
      },
      "futex_op_counts": {
        "128": 1578
      },
      "first_seen_ts_ns": 11913420095181,
      "last_seen_ts_ns": 11938329605014
    },
    {
      "tgid": 292144,
      "comm": "xhpcg",
      "cgroup_id": 98938,
      "wait_duration_stats_ns": {
        "count": 1538.0,
        "sum": 7896621249.000009,
        "mean": 5134344.115084531,
        "median": 2996309.651201065,
        "min": 2480,
        "max": 43198223,
        "variance_ns2": 41536326802753.55,
        "iqr_ns": 10123517.414761607,
        "q1_ns": 2480436.7278993423,
        "q3_ns": 12603954.14266095
      },
      "futex_op_counts": {
        "128": 1538
      },
      "first_seen_ts_ns": 11913419362768,
      "last_seen_ts_ns": 11938330305495
    },
    {
      "tgid": 292146,
      "comm": "xhpcg",
      "cgroup_id": 98938,
      "wait_duration_stats_ns": {
        "count": 1647.0,
        "sum": 7571865498.00001,
        "mean": 4597368.244080151,
        "median": 3126692.369784413,
        "min": 9570,
        "max": 43371118,
        "variance_ns2": 36747884617717.56,
        "iqr_ns": 2261768.8530478044,
        "q1_ns": 1633534.2537693959,
        "q3_ns": 3895303.1068172003
      },
      "futex_op_counts": {
        "128": 1647
      },
      "first_seen_ts_ns": 11913420336298,
      "last_seen_ts_ns": 11938331049488
    },
    {
      "tgid": 292151,
      "comm": "xhpcg",
      "cgroup_id": 98938,
      "wait_duration_stats_ns": {
        "count": 1646.0,
        "sum": 7553886964.999995,
        "mean": 4589238.739368162,
        "median": 3122596.0988669493,
        "min": 12990,
        "max": 42423219,
        "variance_ns2": 36021901045877.39,
        "iqr_ns": 6037605.202239634,
        "q1_ns": 1610863.5752713482,
        "q3_ns": 7648468.777510982
      },
      "futex_op_counts": {
        "128": 1646
      },
      "first_seen_ts_ns": 11913420187973,
      "last_seen_ts_ns": 11938330466190
    },
    {
      "tgid": 292147,
      "comm": "xhpcg",
      "cgroup_id": 98938,
      "wait_duration_stats_ns": {
        "count": 1604.0,
        "sum": 7552552793.999991,
        "mean": 4708574.061097251,
        "median": 3040904.7325667567,
        "min": 64282,
        "max": 41632474,
        "variance_ns2": 38906064836188.7,
        "iqr_ns": 6338582.122485722,
        "q1_ns": 1734004.058762492,
        "q3_ns": 8072586.181248214
      },
      "futex_op_counts": {
        "128": 1604
      },
      "first_seen_ts_ns": 11913419758700,
      "last_seen_ts_ns": 11938329245803
    },
    {
      "tgid": 292153,
      "comm": "xhpcg",
      "cgroup_id": 98938,
      "wait_duration_stats_ns": {
        "count": 1617.0,
        "sum": 7528204213.999977,
        "mean": 4655661.233147791,
        "median": 3051320.358740071,
        "min": 69172,
        "max": 41867431,
        "variance_ns2": 37967602163380.125,
        "iqr_ns": 6661336.510152998,
        "q1_ns": 1733966.3255821231,
        "q3_ns": 8395302.835735122
      },
      "futex_op_counts": {
        "128": 1617
      },
      "first_seen_ts_ns": 11913420596466,
      "last_seen_ts_ns": 11938330680627
    },
    {
      "tgid": 292157,
      "comm": "xhpcg",
      "cgroup_id": 98938,
      "wait_duration_stats_ns": {
        "count": 1585.0,
        "sum": 7506028319.000005,
        "mean": 4735664.554574136,
        "median": 3032717.4250833546,
        "min": 32091,
        "max": 41244433,
        "variance_ns2": 41132103974451.78,
        "iqr_ns": 2560298.1877171397,
        "q1_ns": 1681364.9643048092,
        "q3_ns": 4241663.152021949
      },
      "futex_op_counts": {
        "128": 1585
      },
      "first_seen_ts_ns": 11913419946796,
      "last_seen_ts_ns": 11938329246833
    },
    {
      "tgid": 292158,
      "comm": "xhpcg",
      "cgroup_id": 98938,
      "wait_duration_stats_ns": {
        "count": 1557.0,
        "sum": 7494539856.000019,
        "mean": 4813448.847784213,
        "median": 2906431.0329956454,
        "min": 14161,
        "max": 42867733,
        "variance_ns2": 47446142957636.77,
        "iqr_ns": 1815341.9500583415,
        "q1_ns": 1474633.643042061,
        "q3_ns": 3289975.5931004025
      },
      "futex_op_counts": {
        "128": 1557
      },
      "first_seen_ts_ns": 11913421084931,
      "last_seen_ts_ns": 11938331350947
    },
    {
      "tgid": 292137,
      "comm": "xhpcg",
      "cgroup_id": 98938,
      "wait_duration_stats_ns": {
        "count": 1495.0,
        "sum": 7461999406.000004,
        "mean": 4991303.950501675,
        "median": 3063349.002612503,
        "min": 48272,
        "max": 42513892,
        "variance_ns2": 37321867095959.28,
        "iqr_ns": 5779683.471190197,
        "q1_ns": 2668167.326678002,
        "q3_ns": 8447850.7978682
      },
      "futex_op_counts": {
        "128": 1495
      },
      "first_seen_ts_ns": 11913419464291,
      "last_seen_ts_ns": 11938331400599
    },
    {
      "tgid": 292154,
      "comm": "xhpcg",
      "cgroup_id": 98938,
      "wait_duration_stats_ns": {
        "count": 1561.0,
        "sum": 7278297518.000007,
        "mean": 4662586.494554777,
        "median": 2991988.0538760037,
        "min": 36811,
        "max": 41065767,
        "variance_ns2": 41249417092911.91,
        "iqr_ns": 3938888.515518821,
        "q1_ns": 1519982.7093772963,
        "q3_ns": 5458871.224896117
      },
      "futex_op_counts": {
        "128": 1561
      },
      "first_seen_ts_ns": 11913419607806,
      "last_seen_ts_ns": 11938331126731
    },
    {
      "tgid": 292160,
      "comm": "xhpcg",
      "cgroup_id": 98938,
      "wait_duration_stats_ns": {
        "count": 1417.0,
        "sum": 7038293992.000001,
        "mean": 4967038.808750883,
        "median": 2941956.653705085,
        "min": 11170,
        "max": 46446453,
        "variance_ns2": 50100996516555.99,
        "iqr_ns": 12445131.158961607,
        "q1_ns": 1517418.9992370529,
        "q3_ns": 13962550.15819866
      },
      "futex_op_counts": {
        "128": 1417
      },
      "first_seen_ts_ns": 11913420191624,
      "last_seen_ts_ns": 11938339572770
    },
    {
      "tgid": 292630,
      "comm": "xhpcg",
      "cgroup_id": 98938,
      "wait_duration_stats_ns": {
        "count": 1425.0,
        "sum": 5168357652.999999,
        "mean": 3626917.65122807,
        "median": 2970652.8569305604,
        "min": 61322,
        "max": 45402668,
        "variance_ns2": 13619507028014.531,
        "iqr_ns": 588377.792308874,
        "q1_ns": 2702423.438296762,
        "q3_ns": 3290801.230605636
      },
      "futex_op_counts": {
        "128": 1425
      },
      "first_seen_ts_ns": 11956463543768,
      "last_seen_ts_ns": 11977209900329
    },
    {
      "tgid": 292632,
      "comm": "xhpcg",
      "cgroup_id": 98938,
      "wait_duration_stats_ns": {
        "count": 1429.0,
        "sum": 5160921893.000006,
        "mean": 3611561.8565430413,
        "median": 2935201.6539112283,
        "min": 40931,
        "max": 38637620,
        "variance_ns2": 13734264826055.42,
        "iqr_ns": 615726.4227438541,
        "q1_ns": 2632466.039138094,
        "q3_ns": 3248192.461881948
      },
      "futex_op_counts": {
        "128": 1429
      },
      "first_seen_ts_ns": 11956463117795,
      "last_seen_ts_ns": 11977211830938
    },
    {
      "tgid": 292615,
      "comm": "xhpcg",
      "cgroup_id": 98938,
      "wait_duration_stats_ns": {
        "count": 1419.0,
        "sum": 5127685553.000004,
        "mean": 3613590.946441158,
        "median": 2882967.796047584,
        "min": 3380,
        "max": 38788215,
        "variance_ns2": 15488744498343.574,
        "iqr_ns": 880459.1865545819,
        "q1_ns": 2624175.797329902,
        "q3_ns": 3504634.983884484
      },
      "futex_op_counts": {
        "128": 1419
      },
      "first_seen_ts_ns": 11956463054613,
      "last_seen_ts_ns": 11977209802296
    },
    {
      "tgid": 292616,
      "comm": "xhpcg",
      "cgroup_id": 98938,
      "wait_duration_stats_ns": {
        "count": 1407.0,
        "sum": 5088963989.999999,
        "mean": 3616889.8294243063,
        "median": 2811403.4077617987,
        "min": 48481,
        "max": 39212498,
        "variance_ns2": 15924042729879.818,
        "iqr_ns": 748969.9173354493,
        "q1_ns": 2540207.176595894,
        "q3_ns": 3289177.0939313434
      },
      "futex_op_counts": {
        "128": 1407
      },
      "first_seen_ts_ns": 11956463267360,
      "last_seen_ts_ns": 11977210079734
    },
    {
      "tgid": 292617,
      "comm": "xhpcg",
      "cgroup_id": 98938,
      "wait_duration_stats_ns": {
        "count": 1404.0,
        "sum": 5087214760.999999,
        "mean": 3623372.336894586,
        "median": 2838296.662826024,
        "min": 121064,
        "max": 38802055,
        "variance_ns2": 15778082023958.19,
        "iqr_ns": 706804.1183473105,
        "q1_ns": 2565124.8417200567,
        "q3_ns": 3271928.960067367
      },
      "futex_op_counts": {
        "128": 1404
      },
      "first_seen_ts_ns": 11956463557459,
      "last_seen_ts_ns": 11977209715933
    },
    {
      "tgid": 292641,
      "comm": "xhpcg",
      "cgroup_id": 98938,
      "wait_duration_stats_ns": {
        "count": 1416.0,
        "sum": 5062999247.999996,
        "mean": 3575564.440677963,
        "median": 2786373.0753441406,
        "min": 33221,
        "max": 40632142,
        "variance_ns2": 16773233422597.883,
        "iqr_ns": 642400.3097549397,
        "q1_ns": 2494620.2391742654,
        "q3_ns": 3137020.548929205
      },
      "futex_op_counts": {
        "128": 1416
      },
      "first_seen_ts_ns": 11956464484897,
      "last_seen_ts_ns": 11977209883408
    },
    {
      "tgid": 292637,
      "comm": "xhpcg",
      "cgroup_id": 98938,
      "wait_duration_stats_ns": {
        "count": 1411.0,
        "sum": 5054385538.999991,
        "mean": 3582130.077250171,
        "median": 2877714.0458413363,
        "min": 120174,
        "max": 40642993,
        "variance_ns2": 14607841079730.738,
        "iqr_ns": 678240.2461773306,
        "q1_ns": 2575256.1094459235,
        "q3_ns": 3253496.355623254
      },
      "futex_op_counts": {
        "128": 1411
      },
      "first_seen_ts_ns": 11956463122916,
      "last_seen_ts_ns": 11977211856249
    },
    {
      "tgid": 292621,
      "comm": "xhpcg",
      "cgroup_id": 98938,
      "wait_duration_stats_ns": {
        "count": 1422.0,
        "sum": 5053678011.000001,
        "mean": 3553922.6518987347,
        "median": 2834166.6806725133,
        "min": 35621,
        "max": 39694072,
        "variance_ns2": 14782912392335.59,
        "iqr_ns": 697598.1476819031,
        "q1_ns": 2531135.389914993,
        "q3_ns": 3228733.5375968963
      },
      "futex_op_counts": {
        "128": 1422
      },
      "first_seen_ts_ns": 11956463263600,
      "last_seen_ts_ns": 11977209585639
    },
    {
      "tgid": 292633,
      "comm": "xhpcg",
      "cgroup_id": 98938,
      "wait_duration_stats_ns": {
        "count": 1405.0,
        "sum": 5049332176.999998,
        "mean": 3593830.7309608525,
        "median": 2909124.3668512926,
        "min": 147745,
        "max": 40511138,
        "variance_ns2": 14422214228349.578,
        "iqr_ns": 626121.6935465764,
        "q1_ns": 2618010.1642189375,
        "q3_ns": 3244131.857765514
      },
      "futex_op_counts": {
        "128": 1405
      },
      "first_seen_ts_ns": 11956463139696,
      "last_seen_ts_ns": 11977211831578
    },
    {
      "tgid": 292627,
      "comm": "xhpcg",
      "cgroup_id": 98938,
      "wait_duration_stats_ns": {
        "count": 1418.0,
        "sum": 5026099308.99999,
        "mean": 3544498.8074753108,
        "median": 2891865.3339004703,
        "min": 47352,
        "max": 40611521,
        "variance_ns2": 14839895049071.08,
        "iqr_ns": 711899.3498759423,
        "q1_ns": 2488974.224139623,
        "q3_ns": 3200873.574015565
      },
      "futex_op_counts": {
        "128": 1418
      },
      "first_seen_ts_ns": 11956463280050,
      "last_seen_ts_ns": 11977211899450
    },
    {
      "tgid": 292639,
      "comm": "xhpcg",
      "cgroup_id": 98938,
      "wait_duration_stats_ns": {
        "count": 1417.0,
        "sum": 5016086409.999998,
        "mean": 3539933.95201129,
        "median": 2802727.514060594,
        "min": 42721,
        "max": 40539089,
        "variance_ns2": 16436718773615.082,
        "iqr_ns": 805832.9247211558,
        "q1_ns": 2447989.871158829,
        "q3_ns": 3253822.7958799847
      },
      "futex_op_counts": {
        "128": 1417
      },
      "first_seen_ts_ns": 11956464081825,
      "last_seen_ts_ns": 11977209263289
    },
    {
      "tgid": 292635,
      "comm": "xhpcg",
      "cgroup_id": 98938,
      "wait_duration_stats_ns": {
        "count": 1399.0,
        "sum": 4996365677.000004,
        "mean": 3571383.614724806,
        "median": 2884268.523962348,
        "min": 90723,
        "max": 40608821,
        "variance_ns2": 14971447658919.76,
        "iqr_ns": 744511.6320664836,
        "q1_ns": 2499856.6231823317,
        "q3_ns": 3244368.2552488153
      },
      "futex_op_counts": {
        "128": 1399
      },
      "first_seen_ts_ns": 11956463858678,
      "last_seen_ts_ns": 11977209703083
    },
    {
      "tgid": 292614,
      "comm": "xhpcg",
      "cgroup_id": 98938,
      "wait_duration_stats_ns": {
        "count": 1411.0,
        "sum": 4969751366.999995,
        "mean": 3522148.3819985795,
        "median": 2808293.712318662,
        "min": 61822,
        "max": 38787815,
        "variance_ns2": 16890386910883.322,
        "iqr_ns": 714464.0790873878,
        "q1_ns": 2410272.2919454654,
        "q3_ns": 3124736.371032853
      },
      "futex_op_counts": {
        "128": 1411
      },
      "first_seen_ts_ns": 11956463072654,
      "last_seen_ts_ns": 11977211353574
    },
    {
      "tgid": 292619,
      "comm": "xhpcg",
      "cgroup_id": 98938,
      "wait_duration_stats_ns": {
        "count": 1402.0,
        "sum": 4929990910.999996,
        "mean": 3516398.6526390845,
        "median": 2848934.321154803,
        "min": 94453,
        "max": 39689672,
        "variance_ns2": 15989918991833.885,
        "iqr_ns": 806414.2587828184,
        "q1_ns": 2362296.2149716844,
        "q3_ns": 3168710.473754503
      },
      "futex_op_counts": {
        "128": 1402
      },
      "first_seen_ts_ns": 11956464176978,
      "last_seen_ts_ns": 11977211159628
    },
    {
      "tgid": 292625,
      "comm": "xhpcg",
      "cgroup_id": 98938,
      "wait_duration_stats_ns": {
        "count": 1406.0,
        "sum": 4898385359.000004,
        "mean": 3483915.618065437,
        "median": 2728015.877594241,
        "min": 143815,
        "max": 41911720,
        "variance_ns2": 17670316339903.188,
        "iqr_ns": 596908.280009185,
        "q1_ns": 2431909.1228386257,
        "q3_ns": 3028817.4028478106
      },
      "futex_op_counts": {
        "128": 1406
      },
      "first_seen_ts_ns": 11956463345862,
      "last_seen_ts_ns": 11977209591549
    },
    {
      "tgid": 292623,
      "comm": "xhpcg",
      "cgroup_id": 98938,
      "wait_duration_stats_ns": {
        "count": 1402.0,
        "sum": 4866896925.000006,
        "mean": 3471395.8095577788,
        "median": 2736276.9252402335,
        "min": 169606,
        "max": 39884997,
        "variance_ns2": 17522056630920.693,
        "iqr_ns": 718666.8151858165,
        "q1_ns": 2353019.1315667136,
        "q3_ns": 3071685.94675253
      },
      "futex_op_counts": {
        "128": 1402
      },
      "first_seen_ts_ns": 11956463539828,
      "last_seen_ts_ns": 11977209948340
    },
    {
      "tgid": 292649,
      "comm": "xhpcg",
      "cgroup_id": 98938,
      "wait_duration_stats_ns": {
        "count": 1450.0,
        "sum": 4634077055.999999,
        "mean": 3195915.211034482,
        "median": 2924040.70850778,
        "min": 52522,
        "max": 39866837,
        "variance_ns2": 13033745269943.125,
        "iqr_ns": 1583749.9078606619,
        "q1_ns": 1704939.751639394,
        "q3_ns": 3288689.659500056
      },
      "futex_op_counts": {
        "128": 1450
      },
      "first_seen_ts_ns": 11956463184457,
      "last_seen_ts_ns": 11977209548648
    },
    {
      "tgid": 292645,
      "comm": "xhpcg",
      "cgroup_id": 98938,
      "wait_duration_stats_ns": {
        "count": 1428.0,
        "sum": 4611658867.000005,
        "mean": 3229452.9880952416,
        "median": 2890131.887156931,
        "min": 19570,
        "max": 38688822,
        "variance_ns2": 15973896649883.975,
        "iqr_ns": 1470814.9725763528,
        "q1_ns": 1750957.1848140531,
        "q3_ns": 3221772.157390406
      },
      "futex_op_counts": {
        "128": 1428
      },
      "first_seen_ts_ns": 11956463102755,
      "last_seen_ts_ns": 11977209317161
    },
    {
      "tgid": 292647,
      "comm": "xhpcg",
      "cgroup_id": 98938,
      "wait_duration_stats_ns": {
        "count": 1438.0,
        "sum": 4594731781.0,
        "mean": 3195223.7698191935,
        "median": 2994831.700244829,
        "min": 88313,
        "max": 39826856,
        "variance_ns2": 14307265661539.947,
        "iqr_ns": 1697431.4089833403,
        "q1_ns": 1607317.8649526176,
        "q3_ns": 3304749.273935958
      },
      "futex_op_counts": {
        "128": 1438
      },
      "first_seen_ts_ns": 11956463519308,
      "last_seen_ts_ns": 11977215963936
    },
    {
      "tgid": 292653,
      "comm": "xhpcg",
      "cgroup_id": 98938,
      "wait_duration_stats_ns": {
        "count": 1420.0,
        "sum": 4530650629.999999,
        "mean": 3190599.035211267,
        "median": 2825810.2945882403,
        "min": 141364,
        "max": 40626912,
        "variance_ns2": 15634169746946.193,
        "iqr_ns": 1565523.3964922933,
        "q1_ns": 1676337.314307168,
        "q3_ns": 3241860.710799461
      },
      "futex_op_counts": {
        "128": 1420
      },
      "first_seen_ts_ns": 11956464164008,
      "last_seen_ts_ns": 11977216087119
    },
    {
      "tgid": 292657,
      "comm": "xhpcg",
      "cgroup_id": 98938,
      "wait_duration_stats_ns": {
        "count": 1434.0,
        "sum": 4446412491.000004,
        "mean": 3100706.060669459,
        "median": 2782293.0929097394,
        "min": 46801,
        "max": 39913029,
        "variance_ns2": 15531269749080.168,
        "iqr_ns": 1953513.3349120624,
        "q1_ns": 1470306.6804346677,
        "q3_ns": 3423820.01534673
      },
      "futex_op_counts": {
        "128": 1434
      },
      "first_seen_ts_ns": 11956463756045,
      "last_seen_ts_ns": 11977209197337
    },
    {
      "tgid": 292643,
      "comm": "xhpcg",
      "cgroup_id": 98938,
      "wait_duration_stats_ns": {
        "count": 1431.0,
        "sum": 4432190725.999999,
        "mean": 3097268.1523410194,
        "median": 2888336.8897916107,
        "min": 20351,
        "max": 38652401,
        "variance_ns2": 16537486586240.064,
        "iqr_ns": 1745644.2517549424,
        "q1_ns": 1416543.3232834619,
        "q3_ns": 3162187.575038404
      },
      "futex_op_counts": {
        "128": 1431
      },
      "first_seen_ts_ns": 11956463505937,
      "last_seen_ts_ns": 11977216008077
    },
    {
      "tgid": 292439,
      "comm": "xhpcg",
      "cgroup_id": 98938,
      "wait_duration_stats_ns": {
        "count": 1138.0,
        "sum": 4415763225.000005,
        "mean": 3880284.0289982464,
        "median": 3010932.5636849077,
        "min": 76342,
        "max": 38790893,
        "variance_ns2": 19003467000356.38,
        "iqr_ns": 825682.8904338367,
        "q1_ns": 2648800.480437731,
        "q3_ns": 3474483.3708715676
      },
      "futex_op_counts": {
        "128": 1138
      },
      "first_seen_ts_ns": 11939104773288,
      "last_seen_ts_ns": 11955691606098
    },
    {
      "tgid": 292453,
      "comm": "xhpcg",
      "cgroup_id": 98938,
      "wait_duration_stats_ns": {
        "count": 1128.0,
        "sum": 4411850647.999999,
        "mean": 3911215.1134751765,
        "median": 3049910.9679014683,
        "min": 1810,
        "max": 46581092,
        "variance_ns2": 19753269769994.215,
        "iqr_ns": 641662.7618502206,
        "q1_ns": 2700406.520004308,
        "q3_ns": 3342069.2818545285
      },
      "futex_op_counts": {
        "128": 1128
      },
      "first_seen_ts_ns": 11939105313665,
      "last_seen_ts_ns": 11955690279307
    },
    {
      "tgid": 292465,
      "comm": "xhpcg",
      "cgroup_id": 98938,
      "wait_duration_stats_ns": {
        "count": 1117.0,
        "sum": 4406863190.000001,
        "mean": 3945266.9561324986,
        "median": 2884478.7742773513,
        "min": 62782,
        "max": 38697201,
        "variance_ns2": 23177712266517.926,
        "iqr_ns": 675906.2590052327,
        "q1_ns": 2540199.5000783233,
        "q3_ns": 3216105.759083556
      },
      "futex_op_counts": {
        "128": 1117
      },
      "first_seen_ts_ns": 11939105407838,
      "last_seen_ts_ns": 11955691028230
    },
    {
      "tgid": 292441,
      "comm": "xhpcg",
      "cgroup_id": 98938,
      "wait_duration_stats_ns": {
        "count": 1133.0,
        "sum": 4399501025.000004,
        "mean": 3883054.744042369,
        "median": 3041834.622674749,
        "min": 95473,
        "max": 46569132,
        "variance_ns2": 19825531748360.094,
        "iqr_ns": 733962.8606116292,
        "q1_ns": 2585190.8980284357,
        "q3_ns": 3319153.758640065
      },
      "futex_op_counts": {
        "128": 1133
      },
      "first_seen_ts_ns": 11939105254463,
      "last_seen_ts_ns": 11955690854895
    },
    {
      "tgid": 292440,
      "comm": "xhpcg",
      "cgroup_id": 98938,
      "wait_duration_stats_ns": {
        "count": 1126.0,
        "sum": 4391907996.999994,
        "mean": 3900451.1518650036,
        "median": 3071184.621084926,
        "min": 70453,
        "max": 46764329,
        "variance_ns2": 20214109312971.043,
        "iqr_ns": 900626.6379019818,
        "q1_ns": 2563459.4546550233,
        "q3_ns": 3464086.092557005
      },
      "futex_op_counts": {
        "128": 1126
      },
      "first_seen_ts_ns": 11939105274584,
      "last_seen_ts_ns": 11955690446572
    },
    {
      "tgid": 292455,
      "comm": "xhpcg",
      "cgroup_id": 98938,
      "wait_duration_stats_ns": {
        "count": 1114.0,
        "sum": 4387578804.000002,
        "mean": 3938580.614003592,
        "median": 3027588.6798735913,
        "min": 119473,
        "max": 46665365,
        "variance_ns2": 20402365990281.996,
        "iqr_ns": 682929.6580416253,
        "q1_ns": 2621359.4902082128,
        "q3_ns": 3304289.148249838
      },
      "futex_op_counts": {
        "128": 1114
      },
      "first_seen_ts_ns": 11939105607984,
      "last_seen_ts_ns": 11955691848435
    },
    {
      "tgid": 292445,
      "comm": "xhpcg",
      "cgroup_id": 98938,
      "wait_duration_stats_ns": {
        "count": 1124.0,
        "sum": 4361926694.000002,
        "mean": 3880717.6992882583,
        "median": 2987481.272424178,
        "min": 74192,
        "max": 38691100,
        "variance_ns2": 20186056705663.492,
        "iqr_ns": 798051.2039178596,
        "q1_ns": 2553878.4927789527,
        "q3_ns": 3351929.6966968123
      },
      "futex_op_counts": {
        "128": 1124
      },
      "first_seen_ts_ns": 11939104347055,
      "last_seen_ts_ns": 11955691607918
    },
    {
      "tgid": 292650,
      "comm": "xhpcg",
      "cgroup_id": 98938,
      "wait_duration_stats_ns": {
        "count": 1407.0,
        "sum": 4355668182.999999,
        "mean": 3095712.994314143,
        "median": 2768422.7052012477,
        "min": 44902,
        "max": 39618150,
        "variance_ns2": 15902878686200.312,
        "iqr_ns": 1725575.2408404155,
        "q1_ns": 1500317.9581286008,
        "q3_ns": 3225893.1989690163
      },
      "futex_op_counts": {
        "128": 1407
      },
      "first_seen_ts_ns": 11956464109136,
      "last_seen_ts_ns": 11977216164832
    },
    {
      "tgid": 292655,
      "comm": "xhpcg",
      "cgroup_id": 98938,
      "wait_duration_stats_ns": {
        "count": 1405.0,
        "sum": 4349920709.000005,
        "mean": 3096028.9743772275,
        "median": 2789118.6421522843,
        "min": 5770,
        "max": 39896688,
        "variance_ns2": 17867023408223.3,
        "iqr_ns": 1691810.7164509937,
        "q1_ns": 1427720.2476510687,
        "q3_ns": 3119530.9641020624
      },
      "futex_op_counts": {
        "128": 1405
      },
      "first_seen_ts_ns": 11956463688843,
      "last_seen_ts_ns": 11977216127671
    },
    {
      "tgid": 292463,
      "comm": "xhpcg",
      "cgroup_id": 98938,
      "wait_duration_stats_ns": {
        "count": 1104.0,
        "sum": 4348554576.999999,
        "mean": 3938908.1313405787,
        "median": 2894425.8967294083,
        "min": 47001,
        "max": 41050664,
        "variance_ns2": 23990851459229.574,
        "iqr_ns": 691777.5769648775,
        "q1_ns": 2485584.767893476,
        "q3_ns": 3177362.3448583535
      },
      "futex_op_counts": {
        "128": 1104
      },
      "first_seen_ts_ns": 11939104666695,
      "last_seen_ts_ns": 11955691156904
    },
    {
      "tgid": 292457,
      "comm": "xhpcg",
      "cgroup_id": 98938,
      "wait_duration_stats_ns": {
        "count": 1111.0,
        "sum": 4326875019.000003,
        "mean": 3894576.974797482,
        "median": 2993665.2566048102,
        "min": 185766,
        "max": 46605984,
        "variance_ns2": 20449788870992.332,
        "iqr_ns": 645232.0757614891,
        "q1_ns": 2641981.036898983,
        "q3_ns": 3287213.1126604723
      },
      "futex_op_counts": {
        "128": 1111
      },
      "first_seen_ts_ns": 11939106783790,
      "last_seen_ts_ns": 11955691616108
    },
    {
      "tgid": 292461,
      "comm": "xhpcg",
      "cgroup_id": 98938,
      "wait_duration_stats_ns": {
        "count": 1116.0,
        "sum": 4314317894.000003,
        "mean": 3865876.249103945,
        "median": 2870440.6260440364,
        "min": 111923,
        "max": 38695921,
        "variance_ns2": 19692225876593.855,
        "iqr_ns": 759581.2986193215,
        "q1_ns": 2555345.7496489477,
        "q3_ns": 3314927.0482682693
      },
      "futex_op_counts": {
        "128": 1116
      },
      "first_seen_ts_ns": 11939104949024,
      "last_seen_ts_ns": 11955690600207
    },
    {
      "tgid": 292449,
      "comm": "xhpcg",
      "cgroup_id": 98938,
      "wait_duration_stats_ns": {
        "count": 1105.0,
        "sum": 4293535374.9999976,
        "mean": 3885552.3755656085,
        "median": 2844727.951611691,
        "min": 75922,
        "max": 38663889,
        "variance_ns2": 23687964989144.24,
        "iqr_ns": 710162.6399604757,
        "q1_ns": 2468998.836834739,
        "q3_ns": 3179161.4767952147
      },
      "futex_op_counts": {
        "128": 1105
      },
      "first_seen_ts_ns": 11939104790689,
      "last_seen_ts_ns": 11955691932078
    },
    {
      "tgid": 292459,
      "comm": "xhpcg",
      "cgroup_id": 98938,
      "wait_duration_stats_ns": {
        "count": 1122.0,
        "sum": 4292327959.0000005,
        "mean": 3825604.241532977,
        "median": 2979823.1924166996,
        "min": 104113,
        "max": 38987570,
        "variance_ns2": 18736895624646.15,
        "iqr_ns": 829118.8382189116,
        "q1_ns": 2474027.807777382,
        "q3_ns": 3303146.6459962935
      },
      "futex_op_counts": {
        "128": 1122
      },
      "first_seen_ts_ns": 11939106206703,
      "last_seen_ts_ns": 11955691835855
    },
    {
      "tgid": 292443,
      "comm": "xhpcg",
      "cgroup_id": 98938,
      "wait_duration_stats_ns": {
        "count": 1104.0,
        "sum": 4283274929.999994,
        "mean": 3879778.016304342,
        "median": 2917751.1298627895,
        "min": 114114,
        "max": 38714921,
        "variance_ns2": 21991396538166.867,
        "iqr_ns": 848982.0903396737,
        "q1_ns": 2406035.0363737047,
        "q3_ns": 3255017.1267133784
      },
      "futex_op_counts": {
        "128": 1104
      },
      "first_seen_ts_ns": 11939105324425,
      "last_seen_ts_ns": 11955691945938
    },
    {
      "tgid": 292438,
      "comm": "xhpcg",
      "cgroup_id": 98938,
      "wait_duration_stats_ns": {
        "count": 1131.0,
        "sum": 4275596996.9999995,
        "mean": 3780368.6976127317,
        "median": 2936532.9110188168,
        "min": 54822,
        "max": 38866696,
        "variance_ns2": 19353805750447.81,
        "iqr_ns": 1162167.8855597307,
        "q1_ns": 2432401.032472147,
        "q3_ns": 3594568.918031878
      },
      "futex_op_counts": {
        "128": 1131
      },
      "first_seen_ts_ns": 11939104540251,
      "last_seen_ts_ns": 11955690987459
    },
    {
      "tgid": 292451,
      "comm": "xhpcg",
      "cgroup_id": 98938,
      "wait_duration_stats_ns": {
        "count": 1117.0,
        "sum": 4271387725.000004,
        "mean": 3823981.8487018836,
        "median": 2986177.4665108356,
        "min": 85202,
        "max": 46585143,
        "variance_ns2": 20415762921480.758,
        "iqr_ns": 862698.7342052264,
        "q1_ns": 2472153.1354863895,
        "q3_ns": 3334851.869691616
      },
      "futex_op_counts": {
        "128": 1117
      },
      "first_seen_ts_ns": 11939105074608,
      "last_seen_ts_ns": 11955690603647
    },
    {
      "tgid": 292447,
      "comm": "xhpcg",
      "cgroup_id": 98938,
      "wait_duration_stats_ns": {
        "count": 1115.0,
        "sum": 4266558360.000004,
        "mean": 3826509.739910317,
        "median": 2840174.2563136956,
        "min": 43341,
        "max": 38656800,
        "variance_ns2": 22440050678559.406,
        "iqr_ns": 831482.984197332,
        "q1_ns": 2391317.2755433163,
        "q3_ns": 3222800.2597406483
      },
      "futex_op_counts": {
        "128": 1115
      },
      "first_seen_ts_ns": 11939105284864,
      "last_seen_ts_ns": 11955690445722
    },
    {
      "tgid": 292469,
      "comm": "xhpcg",
      "cgroup_id": 98938,
      "wait_duration_stats_ns": {
        "count": 1119.0,
        "sum": 4018877070.9999967,
        "mean": 3591489.7864164403,
        "median": 2940581.1979729407,
        "min": 75562,
        "max": 47221082,
        "variance_ns2": 23141647689384.02,
        "iqr_ns": 1382356.957691308,
        "q1_ns": 1803033.9364925837,
        "q3_ns": 3185390.894183892
      },
      "futex_op_counts": {
        "128": 1119
      },
      "first_seen_ts_ns": 11939105377867,
      "last_seen_ts_ns": 11955692202196
    },
    {
      "tgid": 292473,
      "comm": "xhpcg",
      "cgroup_id": 98938,
      "wait_duration_stats_ns": {
        "count": 1125.0,
        "sum": 3999318213.000002,
        "mean": 3554949.5226666685,
        "median": 3020502.1869643023,
        "min": 57412,
        "max": 38825535,
        "variance_ns2": 20546271949602.312,
        "iqr_ns": 1739964.0764772433,
        "q1_ns": 1725169.5642084342,
        "q3_ns": 3465133.6406856775
      },
      "futex_op_counts": {
        "128": 1125
      },
      "first_seen_ts_ns": 11939104893482,
      "last_seen_ts_ns": 11955691347750
    },
    {
      "tgid": 292477,
      "comm": "xhpcg",
      "cgroup_id": 98938,
      "wait_duration_stats_ns": {
        "count": 1122.0,
        "sum": 3938217425.000002,
        "mean": 3509997.704991089,
        "median": 2938779.6239963043,
        "min": 140904,
        "max": 38724451,
        "variance_ns2": 21668617839000.17,
        "iqr_ns": 1664427.6334193659,
        "q1_ns": 1626669.8175063094,
        "q3_ns": 3291097.450925675
      },
      "futex_op_counts": {
        "128": 1122
      },
      "first_seen_ts_ns": 11939105798380,
      "last_seen_ts_ns": 11955692199226
    },
    {
      "tgid": 292471,
      "comm": "xhpcg",
      "cgroup_id": 98938,
      "wait_duration_stats_ns": {
        "count": 1108.0,
        "sum": 3916842278.999996,
        "mean": 3535056.208483751,
        "median": 2926535.2947289534,
        "min": 143045,
        "max": 38736742,
        "variance_ns2": 22209708791211.43,
        "iqr_ns": 1587460.6144429415,
        "q1_ns": 1681995.2371561138,
        "q3_ns": 3269455.8515990553
      },
      "futex_op_counts": {
        "128": 1108
      },
      "first_seen_ts_ns": 11939105363197,
      "last_seen_ts_ns": 11955692187196
    },
    {
      "tgid": 292474,
      "comm": "xhpcg",
      "cgroup_id": 98938,
      "wait_duration_stats_ns": {
        "count": 1124.0,
        "sum": 3908813831.9999976,
        "mean": 3477592.377224197,
        "median": 2856434.837712744,
        "min": 94443,
        "max": 38773403,
        "variance_ns2": 21651132316671.06,
        "iqr_ns": 1740108.0859786714,
        "q1_ns": 1555913.4517500969,
        "q3_ns": 3296021.5377287683
      },
      "futex_op_counts": {
        "128": 1124
      },
      "first_seen_ts_ns": 11939105772879,
      "last_seen_ts_ns": 11955698285872
    },
    {
      "tgid": 292481,
      "comm": "xhpcg",
      "cgroup_id": 98938,
      "wait_duration_stats_ns": {
        "count": 1113.0,
        "sum": 3888266796.999999,
        "mean": 3493501.165318957,
        "median": 2818685.510907877,
        "min": 10621,
        "max": 38674131,
        "variance_ns2": 24346908898841.45,
        "iqr_ns": 1669942.404156079,
        "q1_ns": 1543713.1638307301,
        "q3_ns": 3213655.567986809
      },
      "futex_op_counts": {
        "128": 1113
      },
      "first_seen_ts_ns": 11939105578603,
      "last_seen_ts_ns": 11955690858955
    },
    {
      "tgid": 292467,
      "comm": "xhpcg",
      "cgroup_id": 98938,
      "wait_duration_stats_ns": {
        "count": 1118.0,
        "sum": 3881472959.9999967,
        "mean": 3471800.5008944515,
        "median": 2947472.5005377787,
        "min": 54392,
        "max": 47201512,
        "variance_ns2": 23804484130443.16,
        "iqr_ns": 1755435.5496899802,
        "q1_ns": 1499449.9084940255,
        "q3_ns": 3254885.4581840057
      },
      "futex_op_counts": {
        "128": 1118
      },
      "first_seen_ts_ns": 11939104962654,
      "last_seen_ts_ns": 11955691622078
    },
    {
      "tgid": 292479,
      "comm": "xhpcg",
      "cgroup_id": 98938,
      "wait_duration_stats_ns": {
        "count": 1103.0,
        "sum": 3856420633.9999957,
        "mean": 3496301.572076152,
        "median": 2813547.8846486085,
        "min": 181035,
        "max": 37952238,
        "variance_ns2": 24622021735851.117,
        "iqr_ns": 1718638.166203895,
        "q1_ns": 1504091.6687353814,
        "q3_ns": 3222729.8349392763
      },
      "futex_op_counts": {
        "128": 1103
      },
      "first_seen_ts_ns": 11939105948045,
      "last_seen_ts_ns": 11955691246037
    },
    {
      "tgid": 292688,
      "comm": "runc",
      "cgroup_id": 4085,
      "wait_duration_stats_ns": {
        "count": 339.0,
        "sum": 2360072113.0,
        "mean": 6961864.6401179945,
        "median": 553046.3013579062,
        "min": 990,
        "max": 332742203,
        "variance_ns2": 1123224589225591.9,
        "iqr_ns": 2657007.0190386344,
        "q1_ns": 98147.51736113738,
        "q3_ns": 2755154.536399772
      },
      "futex_op_counts": {
        "128": 339
      },
      "first_seen_ts_ns": 11964641905401,
      "last_seen_ts_ns": 11964983175398
    },
    {
      "tgid": 292190,
      "comm": "runc",
      "cgroup_id": 4085,
      "wait_duration_stats_ns": {
        "count": 264.0,
        "sum": 2325614261.0,
        "mean": 8809144.928030303,
        "median": 569141.4464844074,
        "min": 5350,
        "max": 177323029,
        "variance_ns2": 1059688186227278.9,
        "iqr_ns": 4321641.3157715555,
        "q1_ns": 72115.90291734747,
        "q3_ns": 4393757.218688903
      },
      "futex_op_counts": {
        "128": 264
      },
      "first_seen_ts_ns": 11914634819511,
      "last_seen_ts_ns": 11914874602348
    },
    {
      "tgid": 292381,
      "comm": "runc",
      "cgroup_id": 4085,
      "wait_duration_stats_ns": {
        "count": 341.0,
        "sum": 2261069044.0,
        "mean": 6630701.008797654,
        "median": 549275.3204975225,
        "min": 9400,
        "max": 320240636,
        "variance_ns2": 997056607299773.9,
        "iqr_ns": 8017983.917628114,
        "q1_ns": 99190.01696323814,
        "q3_ns": 8117173.934591352
      },
      "futex_op_counts": {
        "128": 341
      },
      "first_seen_ts_ns": 11934639254384,
      "last_seen_ts_ns": 11934980181735
    },
    {
      "tgid": 292736,
      "comm": "runc",
      "cgroup_id": 4085,
      "wait_duration_stats_ns": {
        "count": 336.0,
        "sum": 1988739389.9999995,
        "mean": 5918867.232142855,
        "median": 357424.5057813227,
        "min": 2500,
        "max": 281476367,
        "variance_ns2": 782104662848169.4,
        "iqr_ns": 2773918.4740935788,
        "q1_ns": 62861.59703184498,
        "q3_ns": 2836780.0711254235
      },
      "futex_op_counts": {
        "128": 336
      },
      "first_seen_ts_ns": 11974638975846,
      "last_seen_ts_ns": 11974932281028
    },
    {
      "tgid": 292759,
      "comm": "runc",
      "cgroup_id": 4085,
      "wait_duration_stats_ns": {
        "count": 357.0,
        "sum": 1983787476.0000005,
        "mean": 5556827.663865548,
        "median": 458892.47973855224,
        "min": 920,
        "max": 292016324,
        "variance_ns2": 714422122375078.9,
        "iqr_ns": 2519195.75409743,
        "q1_ns": 87729.5502988411,
        "q3_ns": 2606925.3043962712
      },
      "futex_op_counts": {
        "128": 357
      },
      "first_seen_ts_ns": 11975504311434,
      "last_seen_ts_ns": 11975800458225
    },
    {
      "tgid": 292510,
      "comm": "runc",
      "cgroup_id": 4085,
      "wait_duration_stats_ns": {
        "count": 346.0,
        "sum": 1960180626.9999995,
        "mean": 5665261.927745664,
        "median": 660973.8006516193,
        "min": 8870,
        "max": 272595347,
        "variance_ns2": 601588465412641.9,
        "iqr_ns": 3695551.8504516636,
        "q1_ns": 126415.77843841615,
        "q3_ns": 3821967.62889008
      },
      "futex_op_counts": {
        "128": 346
      },
      "first_seen_ts_ns": 11944636360322,
      "last_seen_ts_ns": 11944926295013
    },
    {
      "tgid": 292534,
      "comm": "runc",
      "cgroup_id": 4085,
      "wait_duration_stats_ns": {
        "count": 369.0,
        "sum": 1924930957.0000005,
        "mean": 5216615.059620597,
        "median": 412529.9861680633,
        "min": 13431,
        "max": 296457511,
        "variance_ns2": 623617017725400.9,
        "iqr_ns": 3154773.739303211,
        "q1_ns": 94660.53562884837,
        "q3_ns": 3249434.2749320595
      },
      "futex_op_counts": {
        "128": 369
      },
      "first_seen_ts_ns": 11945500509440,
      "last_seen_ts_ns": 11945826824080
    },
    {
      "tgid": 292406,
      "comm": "runc",
      "cgroup_id": 4085,
      "wait_duration_stats_ns": {
        "count": 246.0,
        "sum": 1807623619.0,
        "mean": 7348063.491869919,
        "median": 364338.6581019234,
        "min": 9810,
        "max": 251512960,
        "variance_ns2": 1205650520941386.5,
        "iqr_ns": 2631162.378051319,
        "q1_ns": 73201.43795631826,
        "q3_ns": 2704363.8160076374
      },
      "futex_op_counts": {
        "128": 246
      },
      "first_seen_ts_ns": 11935500050724,
      "last_seen_ts_ns": 11935751902795
    },
    {
      "tgid": 292563,
      "comm": "runc",
      "cgroup_id": 4085,
      "wait_duration_stats_ns": {
        "count": 323.0,
        "sum": 1479922678.0,
        "mean": 4581803.956656347,
        "median": 227456.03765825677,
        "min": 3800,
        "max": 177086659,
        "variance_ns2": 520504231544935.75,
        "iqr_ns": 1078372.8753733647,
        "q1_ns": 40184.37411267343,
        "q3_ns": 1118557.249486038
      },
      "futex_op_counts": {
        "128": 323
      },
      "first_seen_ts_ns": 11954643546471,
      "last_seen_ts_ns": 11954838507939
    },
    {
      "tgid": 292587,
      "comm": "runc",
      "cgroup_id": 4085,
      "wait_duration_stats_ns": {
        "count": 263.0,
        "sum": 1261594604.0,
        "mean": 4796937.657794677,
        "median": 228180.22954720713,
        "min": 3380,
        "max": 174584022,
        "variance_ns2": 525953612129273.9,
        "iqr_ns": 5134414.648897461,
        "q1_ns": 55106.47774789207,
        "q3_ns": 5189521.126645353
      },
      "futex_op_counts": {
        "128": 263
      },
      "first_seen_ts_ns": 11955501135837,
      "last_seen_ts_ns": 11955695425945
    },
    {
      "tgid": 292217,
      "comm": "runc",
      "cgroup_id": 4085,
      "wait_duration_stats_ns": {
        "count": 285.0,
        "sum": 1136359387.9999998,
        "mean": 3987225.922807017,
        "median": 317075.91063198406,
        "min": 2190,
        "max": 147173630,
        "variance_ns2": 334795729957227.1,
        "iqr_ns": 2665257.9675743333,
        "q1_ns": 58527.566900921454,
        "q3_ns": 2723785.534475255
      },
      "futex_op_counts": {
        "128": 285
      },
      "first_seen_ts_ns": 11915492833969,
      "last_seen_ts_ns": 11915650177912
    },
    {
      "tgid": 292392,
      "comm": "runc:[2:INIT]",
      "cgroup_id": 5011,
      "wait_duration_stats_ns": {
        "count": 29.0,
        "sum": 964246633.0,
        "mean": 33249883.896551725,
        "median": 1931453.318074881,
        "min": 258648,
        "max": 188574615,
        "variance_ns2": 4164904125757190.5,
        "iqr_ns": 7266819.407151381,
        "q1_ns": 777372.96952592,
        "q3_ns": 8044192.376677301
      },
      "futex_op_counts": {
        "128": 29
      },
      "first_seen_ts_ns": 11934773124393,
      "last_seen_ts_ns": 11934970893499
    },
    {
      "tgid": 292699,
      "comm": "runc:[2:INIT]",
      "cgroup_id": 5011,
      "wait_duration_stats_ns": {
        "count": 29.0,
        "sum": 948537467.9999998,
        "mean": 32708188.55172413,
        "median": 5915302.099148514,
        "min": 20951,
        "max": 177488625,
        "variance_ns2": 3923173522414451.0,
        "iqr_ns": 26596451.036697865,
        "q1_ns": 597388.8664859519,
        "q3_ns": 27193839.903183818
      },
      "futex_op_counts": {
        "128": 29
      },
      "first_seen_ts_ns": 11964802437263,
      "last_seen_ts_ns": 11964999037326
    },
    {
      "tgid": 292712,
      "comm": "runc",
      "cgroup_id": 4085,
      "wait_duration_stats_ns": {
        "count": 185.0,
        "sum": 944667884.9999999,
        "mean": 5106312.891891891,
        "median": 412016.56009575725,
        "min": 4620,
        "max": 147259704,
        "variance_ns2": 392227303869211.4,
        "iqr_ns": 2702414.0010920838,
        "q1_ns": 45384.412504327556,
        "q3_ns": 2747798.4135964112
      },
      "futex_op_counts": {
        "128": 185
      },
      "first_seen_ts_ns": 11965501320400,
      "last_seen_ts_ns": 11965662451110
    },
    {
      "tgid": 292770,
      "comm": "runc:[2:INIT]",
      "cgroup_id": 5011,
      "wait_duration_stats_ns": {
        "count": 73.0,
        "sum": 907534218.0,
        "mean": 12431975.589041095,
        "median": 2264913.444724944,
        "min": 5110,
        "max": 163012465,
        "variance_ns2": 1525160834549916.0,
        "iqr_ns": 9551332.152440023,
        "q1_ns": 419993.5202253357,
        "q3_ns": 9971325.672665358
      },
      "futex_op_counts": {
        "128": 73
      },
      "first_seen_ts_ns": 11975625383599,
      "last_seen_ts_ns": 11975813178205
    },
    {
      "tgid": 292417,
      "comm": "runc:[2:INIT]",
      "cgroup_id": 5011,
      "wait_duration_stats_ns": {
        "count": 22.0,
        "sum": 889237265.0000001,
        "mean": 40419875.68181819,
        "median": 2079064.6638080317,
        "min": 29211,
        "max": 175885524,
        "variance_ns2": 5033925382221109.0,
        "iqr_ns": 47628537.448575586,
        "q1_ns": 934807.5634563131,
        "q3_ns": 48563345.0120319
      },
      "futex_op_counts": {
        "128": 22
      },
      "first_seen_ts_ns": 11935573764753,
      "last_seen_ts_ns": 11935760309123
    },
    {
      "tgid": 292545,
      "comm": "runc:[2:INIT]",
      "cgroup_id": 5011,
      "wait_duration_stats_ns": {
        "count": 46.0,
        "sum": 795942736.9999999,
        "mean": 17303102.978260867,
        "median": 1023496.3677011002,
        "min": 142975,
        "max": 155469383,
        "variance_ns2": 1978223692939464.2,
        "iqr_ns": 541476.6394500302,
        "q1_ns": 611056.5419008036,
        "q3_ns": 1152533.1813508337
      },
      "futex_op_counts": {
        "128": 46
      },
      "first_seen_ts_ns": 11945663224947,
      "last_seen_ts_ns": 11945825972564
    },
    {
      "tgid": 292327,
      "comm": "runc",
      "cgroup_id": 4085,
      "wait_duration_stats_ns": {
        "count": 378.0,
        "sum": 727637426.0,
        "mean": 1924966.7354497355,
        "median": 108683.72081387602,
        "min": 960,
        "max": 127149302,
        "variance_ns2": 188656326990586.9,
        "iqr_ns": 525503.2945085235,
        "q1_ns": 34464.82049617056,
        "q3_ns": 559968.1150046941
      },
      "futex_op_counts": {
        "128": 378
      },
      "first_seen_ts_ns": 11924626774393,
      "last_seen_ts_ns": 11924754261825
    },
    {
      "tgid": 292521,
      "comm": "runc:[2:INIT]",
      "cgroup_id": 5011,
      "wait_duration_stats_ns": {
        "count": 29.0,
        "sum": 719747404.0000001,
        "mean": 24818876.000000004,
        "median": 2971256.299979188,
        "min": 67432,
        "max": 132133455,
        "variance_ns2": 1850458984698107.8,
        "iqr_ns": 4830868.559545575,
        "q1_ns": 3773796.493454222,
        "q3_ns": 8604665.052999796
      },
      "futex_op_counts": {
        "128": 29
      },
      "first_seen_ts_ns": 11944778384923,
      "last_seen_ts_ns": 11944925225669
    },
    {
      "tgid": 292353,
      "comm": "runc",
      "cgroup_id": 4085,
      "wait_duration_stats_ns": {
        "count": 412.0,
        "sum": 719055739.0,
        "mean": 1745280.9199029126,
        "median": 84312.56599484484,
        "min": 990,
        "max": 120450474,
        "variance_ns2": 182237242475936.03,
        "iqr_ns": 326579.17431691906,
        "q1_ns": 26156.62236589697,
        "q3_ns": 352735.79668281606
      },
      "futex_op_counts": {
        "128": 412
      },
      "first_seen_ts_ns": 11925489384931,
      "last_seen_ts_ns": 11925613329303
    },
    {
      "tgid": 292747,
      "comm": "runc:[2:INIT]",
      "cgroup_id": 5011,
      "wait_duration_stats_ns": {
        "count": 24.0,
        "sum": 608848456.9999999,
        "mean": 25368685.70833333,
        "median": 3462538.492913452,
        "min": 11920,
        "max": 144096792,
        "variance_ns2": 2330373694756461.0,
        "iqr_ns": 16569205.875113444,
        "q1_ns": 480092.5520724938,
        "q3_ns": 17049298.427185938
      },
      "futex_op_counts": {
        "128": 24
      },
      "first_seen_ts_ns": 11974784817693,
      "last_seen_ts_ns": 11974945116194
    },
    {
      "tgid": 292337,
      "comm": "runc:[2:INIT]",
      "cgroup_id": 5011,
      "wait_duration_stats_ns": {
        "count": 31.0,
        "sum": 600648949.0,
        "mean": 19375772.548387095,
        "median": 1003220.9855439548,
        "min": 18950,
        "max": 104333748,
        "variance_ns2": 1330441284110972.2,
        "iqr_ns": 24631115.302554004,
        "q1_ns": 298278.84997122636,
        "q3_ns": 24929394.15252523
      },
      "futex_op_counts": {
        "128": 31
      },
      "first_seen_ts_ns": 11924647823442,
      "last_seen_ts_ns": 11924754265855
    },
    {
      "tgid": 292363,
      "comm": "runc:[2:INIT]",
      "cgroup_id": 5011,
      "wait_duration_stats_ns": {
        "count": 24.0,
        "sum": 562660229.9999999,
        "mean": 23444176.249999996,
        "median": 3219561.1064639087,
        "min": 27680,
        "max": 112929812,
        "variance_ns2": 2127429450548989.5,
        "iqr_ns": 44404513.75742404,
        "q1_ns": 259161.58965820313,
        "q3_ns": 44663675.34708224
      },
      "futex_op_counts": {
        "128": 24
      },
      "first_seen_ts_ns": 11925499755221,
      "last_seen_ts_ns": 11925613163778
    },
    {
      "tgid": 292205,
      "comm": "runc:[2:INIT]",
      "cgroup_id": 5011,
      "wait_duration_stats_ns": {
        "count": 25.0,
        "sum": 541475271.9999999,
        "mean": 21659010.879999995,
        "median": 2428877.804066159,
        "min": 28881,
        "max": 126799521,
        "variance_ns2": 1627111060310527.0,
        "iqr_ns": 25714005.828215424,
        "q1_ns": 360526.3567073801,
        "q3_ns": 26074532.184922803
      },
      "futex_op_counts": {
        "128": 25
      },
      "first_seen_ts_ns": 11914743058320,
      "last_seen_ts_ns": 11914884986098
    },
    {
      "tgid": 292575,
      "comm": "runc:[2:INIT]",
      "cgroup_id": 5011,
      "wait_duration_stats_ns": {
        "count": 25.0,
        "sum": 469993392.00000006,
        "mean": 18799735.680000003,
        "median": 1453795.5832563913,
        "min": 101603,
        "max": 113089079,
        "variance_ns2": 1432541500847081.2,
        "iqr_ns": 2959760.263000738,
        "q1_ns": 174258.7997920717,
        "q3_ns": 3134019.0627928097
      },
      "futex_op_counts": {
        "128": 25
      },
      "first_seen_ts_ns": 11954722586153,
      "last_seen_ts_ns": 11954838225741
    },
    {
      "tgid": 292722,
      "comm": "runc:[2:INIT]",
      "cgroup_id": 5011,
      "wait_duration_stats_ns": {
        "count": 24.0,
        "sum": 460313795.00000006,
        "mean": 19179741.458333336,
        "median": 7920214.832870247,
        "min": 246298,
        "max": 84212934,
        "variance_ns2": 689171847438961.6,
        "iqr_ns": 11036296.106487703,
        "q1_ns": 958756.3574067848,
        "q3_ns": 11995052.463894486
      },
      "futex_op_counts": {
        "128": 24
      },
      "first_seen_ts_ns": 11965560755388,
      "last_seen_ts_ns": 11965660259713
    },
    {
      "tgid": 292598,
      "comm": "runc:[2:INIT]",
      "cgroup_id": 5011,
      "wait_duration_stats_ns": {
        "count": 23.0,
        "sum": 442478602.00000006,
        "mean": 19238200.086956523,
        "median": 1473733.3043173118,
        "min": 23130,
        "max": 110534841,
        "variance_ns2": 1493352052124800.8,
        "iqr_ns": 18705264.47250122,
        "q1_ns": 475473.7766114245,
        "q3_ns": 19180738.249112643
      },
      "futex_op_counts": {
        "128": 23
      },
      "first_seen_ts_ns": 11955580900651,
      "last_seen_ts_ns": 11955695415655
    },
    {
      "tgid": 292229,
      "comm": "runc:[2:INIT]",
      "cgroup_id": 5011,
      "wait_duration_stats_ns": {
        "count": 64.0,
        "sum": 285228189.0,
        "mean": 4456690.453125,
        "median": 1093118.5711008017,
        "min": 18741,
        "max": 72002922,
        "variance_ns2": 168880646409129.4,
        "iqr_ns": 3960258.196830333,
        "q1_ns": 418279.74550524453,
        "q3_ns": 4378537.942335578
      },
      "futex_op_counts": {
        "128": 64
      },
      "first_seen_ts_ns": 11915568128621,
      "last_seen_ts_ns": 11915644603130
    },
    {
      "tgid": 292575,
      "comm": "grpc-health-pro",
      "cgroup_id": 5011,
      "wait_duration_stats_ns": {
        "count": 26.0,
        "sum": 232919097.0,
        "mean": 8958426.807692308,
        "median": 4153767.341066533,
        "min": 8510,
        "max": 37335209,
        "variance_ns2": 129261611295083.05,
        "iqr_ns": 9893348.528231181,
        "q1_ns": 1473324.3334669387,
        "q3_ns": 11366672.86169812
      },
      "futex_op_counts": {
        "128": 26
      },
      "first_seen_ts_ns": 11954841772210,
      "last_seen_ts_ns": 11954896511644
    },
    {
      "tgid": 292545,
      "comm": "grpc-health-pro",
      "cgroup_id": 5011,
      "wait_duration_stats_ns": {
        "count": 25.0,
        "sum": 219241091.0,
        "mean": 8769643.64,
        "median": 4517829.088189876,
        "min": 13711,
        "max": 37842755,
        "variance_ns2": 134654169271569.75,
        "iqr_ns": 12950074.409779932,
        "q1_ns": 689556.0284621373,
        "q3_ns": 13639630.43824207
      },
      "futex_op_counts": {
        "128": 25
      },
      "first_seen_ts_ns": 11945840020036,
      "last_seen_ts_ns": 11945880659127
    },
    {
      "tgid": 292747,
      "comm": "grpc-health-pro",
      "cgroup_id": 5011,
      "wait_duration_stats_ns": {
        "count": 24.0,
        "sum": 208205536.0,
        "mean": 8675230.666666666,
        "median": 4172102.7495857007,
        "min": 12320,
        "max": 36259086,
        "variance_ns2": 123298373465733.38,
        "iqr_ns": 12981229.258341655,
        "q1_ns": 912916.5879664451,
        "q3_ns": 13894145.846308101
      },
      "futex_op_counts": {
        "128": 24
      },
      "first_seen_ts_ns": 11974960511766,
      "last_seen_ts_ns": 11975000461416
    },
    {
      "tgid": 292699,
      "comm": "grpc-health-pro",
      "cgroup_id": 5011,
      "wait_duration_stats_ns": {
        "count": 28.0,
        "sum": 185315399.99999997,
        "mean": 6618407.142857142,
        "median": 2085692.7284896867,
        "min": 4510,
        "max": 32529162,
        "variance_ns2": 86788689356983.14,
        "iqr_ns": 10793360.363737663,
        "q1_ns": 196564.08640766446,
        "q3_ns": 10989924.450145328
      },
      "futex_op_counts": {
        "128": 28
      },
      "first_seen_ts_ns": 11965014334796,
      "last_seen_ts_ns": 11965050213132
    },
    {
      "tgid": 292392,
      "comm": "grpc-health-pro",
      "cgroup_id": 5011,
      "wait_duration_stats_ns": {
        "count": 21.0,
        "sum": 149488900.0,
        "mean": 7118519.047619048,
        "median": 5684459.506860865,
        "min": 38181,
        "max": 23112181,
        "variance_ns2": 55746492238999.05,
        "iqr_ns": 10778378.04858402,
        "q1_ns": 698751.2604098038,
        "q3_ns": 11477129.308993824
      },
      "futex_op_counts": {
        "128": 21
      },
      "first_seen_ts_ns": 11934998259272,
      "last_seen_ts_ns": 11935030191175
    },
    {
      "tgid": 292261,
      "comm": "aws-cni",
      "cgroup_id": 4085,
      "wait_duration_stats_ns": {
        "count": 261.0,
        "sum": 131477744.00000004,
        "mean": 503746.1455938699,
        "median": 86050.6814223425,
        "min": 990,
        "max": 10309817,
        "variance_ns2": 3379292363980.672,
        "iqr_ns": 302732.3419565776,
        "q1_ns": 28633.632639884596,
        "q3_ns": 331365.9745964622
      },
      "futex_op_counts": {
        "128": 261
      },
      "first_seen_ts_ns": 11922620893058,
      "last_seen_ts_ns": 11922639133670
    },
    {
      "tgid": 292417,
      "comm": "grpc-health-pro",
      "cgroup_id": 5011,
      "wait_duration_stats_ns": {
        "count": 24.0,
        "sum": 130054240.0,
        "mean": 5418926.666666667,
        "median": 2021436.9941264417,
        "min": 35141,
        "max": 25445422,
        "variance_ns2": 46593381777586.484,
        "iqr_ns": 9111932.7799818,
        "q1_ns": 131698.91666666666,
        "q3_ns": 9243631.696648465
      },
      "futex_op_counts": {
        "128": 24
      },
      "first_seen_ts_ns": 11935773675845,
      "last_seen_ts_ns": 11935810172028
    },
    {
      "tgid": 292205,
      "comm": "grpc-health-pro",
      "cgroup_id": 5011,
      "wait_duration_stats_ns": {
        "count": 20.0,
        "sum": 120514898.0,
        "mean": 6025744.9,
        "median": 3000230.169216427,
        "min": 115374,
        "max": 16568450,
        "variance_ns2": 36563167067563.26,
        "iqr_ns": 8508855.166236687,
        "q1_ns": 764560.25,
        "q3_ns": 9273415.416236687
      },
      "futex_op_counts": {
        "128": 20
      },
      "first_seen_ts_ns": 11914890157797,
      "last_seen_ts_ns": 11914917470260
    },
    {
      "tgid": 292229,
      "comm": "grpc-health-pro",
      "cgroup_id": 5011,
      "wait_duration_stats_ns": {
        "count": 25.0,
        "sum": 118727563.99999999,
        "mean": 4749102.56,
        "median": 1302886.1982724792,
        "min": 53262,
        "max": 19898413,
        "variance_ns2": 34848009026671.676,
        "iqr_ns": 6991587.322455617,
        "q1_ns": 165279.65218315797,
        "q3_ns": 7156866.974638775
      },
      "futex_op_counts": {
        "128": 25
      },
      "first_seen_ts_ns": 11915670471448,
      "last_seen_ts_ns": 11915700070791
    },
    {
      "tgid": 292521,
      "comm": "grpc-health-pro",
      "cgroup_id": 5011,
      "wait_duration_stats_ns": {
        "count": 31.0,
        "sum": 109017650.99999999,
        "mean": 3516698.4193548383,
        "median": 679637.0878012697,
        "min": 13491,
        "max": 18489658,
        "variance_ns2": 33100614118003.582,
        "iqr_ns": 3631344.704560846,
        "q1_ns": 150714.28631638995,
        "q3_ns": 3782058.9908772362
      },
      "futex_op_counts": {
        "128": 31
      },
      "first_seen_ts_ns": 11944940552632,
      "last_seen_ts_ns": 11944968695787
    },
    {
      "tgid": 292290,
      "comm": "aws-cni",
      "cgroup_id": 4085,
      "wait_duration_stats_ns": {
        "count": 244.0,
        "sum": 108342884.0,
        "mean": 444028.2131147541,
        "median": 69946.39322880856,
        "min": 920,
        "max": 8176723,
        "variance_ns2": 2404347689856.6543,
        "iqr_ns": 212163.47524394176,
        "q1_ns": 23400.411572897152,
        "q3_ns": 235563.88681683893
      },
      "futex_op_counts": {
        "128": 244
      },
      "first_seen_ts_ns": 11922697603134,
      "last_seen_ts_ns": 11922713899867
    },
    {
      "tgid": 292722,
      "comm": "grpc-health-pro",
      "cgroup_id": 5011,
      "wait_duration_stats_ns": {
        "count": 24.0,
        "sum": 107412190.0,
        "mean": 4475507.916666667,
        "median": 3554835.744317608,
        "min": 23350,
        "max": 18092328,
        "variance_ns2": 25490395544601.64,
        "iqr_ns": 5001628.175114557,
        "q1_ns": 817127.5194543079,
        "q3_ns": 5818755.694568865
      },
      "futex_op_counts": {
        "128": 24
      },
      "first_seen_ts_ns": 11965673889421,
      "last_seen_ts_ns": 11965697224251
    },
    {
      "tgid": 292363,
      "comm": "grpc-health-pro",
      "cgroup_id": 5011,
      "wait_duration_stats_ns": {
        "count": 23.0,
        "sum": 72391332.0,
        "mean": 3147449.217391304,
        "median": 1055913.64086383,
        "min": 9000,
        "max": 13084752,
        "variance_ns2": 19784907581817.543,
        "iqr_ns": 3648961.335558578,
        "q1_ns": 211659.03452419193,
        "q3_ns": 3860620.37008277
      },
      "futex_op_counts": {
        "128": 23
      },
      "first_seen_ts_ns": 11925615975375,
      "last_seen_ts_ns": 11925630499731
    },
    {
      "tgid": 292770,
      "comm": "grpc-health-pro",
      "cgroup_id": 5011,
      "wait_duration_stats_ns": {
        "count": 15.0,
        "sum": 51331830.0,
        "mean": 3422122.0,
        "median": 1848344.0277777778,
        "min": 32452,
        "max": 10878265,
        "variance_ns2": 13522400734774.86,
        "iqr_ns": 4753703.0003926745,
        "q1_ns": 412862.56895833346,
        "q3_ns": 5166565.569351008
      },
      "futex_op_counts": {
        "128": 15
      },
      "first_seen_ts_ns": 11975821853903,
      "last_seen_ts_ns": 11975840985380
    },
    {
      "tgid": 292337,
      "comm": "grpc-health-pro",
      "cgroup_id": 5011,
      "wait_duration_stats_ns": {
        "count": 26.0,
        "sum": 48833204.0,
        "mean": 1878200.1538461538,
        "median": 661571.2959259254,
        "min": 24291,
        "max": 7831752,
        "variance_ns2": 7086308115975.255,
        "iqr_ns": 2396134.3376248493,
        "q1_ns": 96054.81705100478,
        "q3_ns": 2492189.154675854
      },
      "futex_op_counts": {
        "128": 26
      },
      "first_seen_ts_ns": 11924760858179,
      "last_seen_ts_ns": 11924770300051
    },
    {
      "tgid": 292255,
      "comm": "egress-cni",
      "cgroup_id": 4085,
      "wait_duration_stats_ns": {
        "count": 12.0,
        "sum": 32023949.000000007,
        "mean": 2668662.4166666674,
        "median": 1356701.4444444445,
        "min": 31031,
        "max": 10118172,
        "variance_ns2": 18963441050244.082,
        "iqr_ns": 3348751.333333333,
        "q1_ns": 205117.83333333334,
        "q3_ns": 3553869.1666666665
      },
      "futex_op_counts": {
        "128": 12
      },
      "first_seen_ts_ns": 11922605997268,
      "last_seen_ts_ns": 11922616581055
    },
    {
      "tgid": 292284,
      "comm": "egress-cni",
      "cgroup_id": 4085,
      "wait_duration_stats_ns": {
        "count": 11.0,
        "sum": 18009306.0,
        "mean": 1637209.6363636362,
        "median": 699508.0481481481,
        "min": 1550,
        "max": 4537070,
        "variance_ns2": 4333542833267.0547,
        "iqr_ns": 2527818.5231481483,
        "q1_ns": 19776.0,
        "q3_ns": 2547594.5231481483
      },
      "futex_op_counts": {
        "128": 11
      },
      "first_seen_ts_ns": 11922689212465,
      "last_seen_ts_ns": 11922693765206
    },
    {
      "tgid": 292598,
      "comm": "grpc-health-pro",
      "cgroup_id": 5011,
      "wait_duration_stats_ns": {
        "count": 42.0,
        "sum": 11480305.000000002,
        "mean": 273340.59523809527,
        "median": 85959.4419169695,
        "min": 11380,
        "max": 1659961,
        "variance_ns2": 202894025691.5151,
        "iqr_ns": 247192.30392955392,
        "q1_ns": 35243.9147860141,
        "q3_ns": 282436.218715568
      },
      "futex_op_counts": {
        "128": 42
      },
      "first_seen_ts_ns": 11955702599965,
      "last_seen_ts_ns": 11955705761482
    },
    {
      "tgid": 292274,
      "comm": "loopback",
      "cgroup_id": 4085,
      "wait_duration_stats_ns": {
        "count": 9.0,
        "sum": 11008790.0,
        "mean": 1223198.888888889,
        "median": 654166.938271605,
        "min": 29211,
        "max": 2943581,
        "variance_ns2": 1687382796886.361,
        "iqr_ns": 1378171.9050068585,
        "q1_ns": 157445.0,
        "q3_ns": 1535616.9050068585
      },
      "futex_op_counts": {
        "128": 9
      },
      "first_seen_ts_ns": 11922654993039,
      "last_seen_ts_ns": 11922657956081
    },
    {
      "tgid": 292279,
      "comm": "portmap",
      "cgroup_id": 4085,
      "wait_duration_stats_ns": {
        "count": 4.0,
        "sum": 8416569.0,
        "mean": 2104142.25,
        "median": 1678202.0,
        "min": 111703,
        "max": 5030245,
        "variance_ns2": 4323699821219.5835,
        "iqr_ns": 3433826.0,
        "q1_ns": 1596419.0,
        "q3_ns": 5030245.0
      },
      "futex_op_counts": {
        "128": 4
      },
      "first_seen_ts_ns": 11922681164577,
      "last_seen_ts_ns": 11922681846718
    },
    {
      "tgid": 292250,
      "comm": "portmap",
      "cgroup_id": 4085,
      "wait_duration_stats_ns": {
        "count": 6.0,
        "sum": 2027833.0,
        "mean": 337972.1666666667,
        "median": 300729.0,
        "min": 58512,
        "max": 683851,
        "variance_ns2": 46021064769.36667,
        "iqr_ns": 0.0,
        "q1_ns": 300729.0,
        "q3_ns": 300729.0
      },
      "futex_op_counts": {
        "128": 6
      },
      "first_seen_ts_ns": 11922602248202,
      "last_seen_ts_ns": 11922603007856
    },
    {
      "tgid": 292245,
      "comm": "loopback",
      "cgroup_id": 4085,
      "wait_duration_stats_ns": {
        "count": 8.0,
        "sum": 1093844.0,
        "mean": 136730.5,
        "median": 82478.05555555556,
        "min": 1060,
        "max": 396312,
        "variance_ns2": 15861836908.0,
        "iqr_ns": 78760.67283950618,
        "q1_ns": 54242.0,
        "q3_ns": 133002.67283950618
      },
      "futex_op_counts": {
        "128": 8
      },
      "first_seen_ts_ns": 11922600216370,
      "last_seen_ts_ns": 11922600651123
    },
    {
      "tgid": 291935,
      "comm": "flux-broker-0",
      "cgroup_id": 98938,
      "wait_duration_stats_ns": {
        "count": 318.0,
        "sum": 738878.0000000005,
        "mean": 2323.515723270442,
        "median": 1271.588040866753,
        "min": 760,
        "max": 41921,
        "variance_ns2": 17528758.93192865,
        "iqr_ns": 958.5580058469102,
        "q1_ns": 1029.6065571865881,
        "q3_ns": 1988.1645630334983
      },
      "futex_op_counts": {
        "128": 318
      },
      "first_seen_ts_ns": 11912886532022,
      "last_seen_ts_ns": 11983801261223
    }
  ]
}
[19:01:43] Cleanup complete.
