ln: failed to create symbolic link '/mnt/flux/view/lib/python': File exists
ln: failed to create symbolic link '/mnt/flux/view/lib/python3': File exists
unlimited
PROGRAM: futex
Looking for /opt/programs/futex/ebpf-collect.c
[16:28:03] Starting eBPF (Tracepoints for futex syscalls).
[16:28:04] BPF program loaded and tracepoints automatically attached.
[16:28:04] Start Indicator file defined '/mnt/flux/start_ebpf_collection'. Waiting.
[16:28:09] Start indicator found. Proceeding.
[16:28:09] Ring buffers opened. Polling for events...
[16:29:23] 
Indicator file '/mnt/flux/stop_ebpf_collection' found. Stopping.
[16:29:23] Cleaning up BPF resources...
{
  "final_aggregated_futex_summary_river": [
    {
      "tgid": 6208,
      "comm": "containerd",
      "cgroup_id": 4085,
      "wait_duration_stats_ns": {
        "count": 7300.0,
        "sum": 1677746354184.0017,
        "mean": 229828267.69643858,
        "median": 2939500.6718103085,
        "min": 910,
        "max": 39984022305,
        "variance_ns2": 1.8387128234417398e+18,
        "iqr_ns": 78312163.03126217,
        "q1_ns": 74570.32374420908,
        "q3_ns": 78386733.35500638
      },
      "futex_op_counts": {
        "128": 7300
      },
      "first_seen_ts_ns": 2765563608123,
      "last_seen_ts_ns": 2844154018923
    },
    {
      "tgid": 6252,
      "comm": "kubelet",
      "cgroup_id": 4138,
      "wait_duration_stats_ns": {
        "count": 8313.0,
        "sum": 1559054879386.9976,
        "mean": 187544193.3582338,
        "median": 12297954.678565336,
        "min": 790,
        "max": 65192528921,
        "variance_ns2": 6.783832732669723e+18,
        "iqr_ns": 43743927.85391303,
        "q1_ns": 825980.161815782,
        "q3_ns": 44569908.01572882
      },
      "futex_op_counts": {
        "128": 8313
      },
      "first_seen_ts_ns": 2765554009038,
      "last_seen_ts_ns": 2844247011021
    },
    {
      "tgid": 6353,
      "comm": "containerd-shim",
      "cgroup_id": 4085,
      "wait_duration_stats_ns": {
        "count": 942.0,
        "sum": 512009183226.9997,
        "mean": 543534164.7845007,
        "median": 801447.1052497432,
        "min": 860,
        "max": 21175374100,
        "variance_ns2": 3.4525162564705526e+18,
        "iqr_ns": 78332267.77149996,
        "q1_ns": 384825.3757439764,
        "q3_ns": 78717093.14724393
      },
      "futex_op_counts": {
        "128": 942
      },
      "first_seen_ts_ns": 2765563406847,
      "last_seen_ts_ns": 2842900937697
    },
    {
      "tgid": 9423,
      "comm": "coredns",
      "cgroup_id": 5921,
      "wait_duration_stats_ns": {
        "count": 689.0,
        "sum": 376351247630.9998,
        "mean": 546228225.8795353,
        "median": 160152801.12987715,
        "min": 1111,
        "max": 17987885309,
        "variance_ns2": 1.5777483948948692e+18,
        "iqr_ns": 919873607.0875887,
        "q1_ns": 238255.4750559661,
        "q3_ns": 920111862.5626446
      },
      "futex_op_counts": {
        "128": 689
      },
      "first_seen_ts_ns": 2766395732604,
      "last_seen_ts_ns": 2844232199641
    },
    {
      "tgid": 9312,
      "comm": "coredns",
      "cgroup_id": 5781,
      "wait_duration_stats_ns": {
        "count": 735.0,
        "sum": 358955218515.0,
        "mean": 488374446.95918363,
        "median": 63395944.53433609,
        "min": 1070,
        "max": 16000468129,
        "variance_ns2": 9.638463343507109e+17,
        "iqr_ns": 971215243.3008915,
        "q1_ns": 189498.47125749697,
        "q3_ns": 971404741.772149
      },
      "futex_op_counts": {
        "128": 735
      },
      "first_seen_ts_ns": 2766279458850,
      "last_seen_ts_ns": 2844231992275
    },
    {
      "tgid": 8039,
      "comm": "metrics-server",
      "cgroup_id": 5431,
      "wait_duration_stats_ns": {
        "count": 1363.0,
        "sum": 354529669797.9996,
        "mean": 260109809.0961112,
        "median": 123222378.81376275,
        "min": 1090,
        "max": 30004038336,
        "variance_ns2": 1.840625585778631e+18,
        "iqr_ns": 98707323.13863653,
        "q1_ns": 58380546.63946941,
        "q3_ns": 157087869.77810594
      },
      "futex_op_counts": {
        "128": 1363
      },
      "first_seen_ts_ns": 2765829110360,
      "last_seen_ts_ns": 2844172416143
    },
    {
      "tgid": 8090,
      "comm": "metrics-server",
      "cgroup_id": 5501,
      "wait_duration_stats_ns": {
        "count": 1538.0,
        "sum": 350048473281.99927,
        "mean": 227599787.5695704,
        "median": 115043493.16982031,
        "min": 1970,
        "max": 21098375232,
        "variance_ns2": 8.859886619979241e+17,
        "iqr_ns": 154574027.80387247,
        "q1_ns": 52473767.01079094,
        "q3_ns": 207047794.8146634
      },
      "futex_op_counts": {
        "128": 1538
      },
      "first_seen_ts_ns": 2765794383554,
      "last_seen_ts_ns": 2844173703002
    },
    {
      "tgid": 73513,
      "comm": "containerd-shim",
      "cgroup_id": 4085,
      "wait_duration_stats_ns": {
        "count": 81.0,
        "sum": 339692992455.9998,
        "mean": 4193740647.604936,
        "median": 2180745687.971482,
        "min": 6240,
        "max": 30003522030,
        "variance_ns2": 4.280645952499355e+19,
        "iqr_ns": 6243101422.728555,
        "q1_ns": 81536532.59580266,
        "q3_ns": 6324637955.324357
      },
      "futex_op_counts": {
        "128": 81
      },
      "first_seen_ts_ns": 2772556572328,
      "last_seen_ts_ns": 2842899057190
    },
    {
      "tgid": 6524,
      "comm": "kube-proxy",
      "cgroup_id": 4871,
      "wait_duration_stats_ns": {
        "count": 81.0,
        "sum": 329750616852.99994,
        "mean": 4070995269.7901225,
        "median": 3037322585.8421416,
        "min": 50762,
        "max": 30008465656,
        "variance_ns2": 4.0615379723198595e+19,
        "iqr_ns": 4449536796.994016,
        "q1_ns": 90820061.71641813,
        "q3_ns": 4540356858.710434
      },
      "futex_op_counts": {
        "128": 81
      },
      "first_seen_ts_ns": 2772490100435,
      "last_seen_ts_ns": 2843557979787
    },
    {
      "tgid": 6360,
      "comm": "containerd-shim",
      "cgroup_id": 4085,
      "wait_duration_stats_ns": {
        "count": 92.0,
        "sum": 329576625482.0,
        "mean": 3582354624.804348,
        "median": 401606983.0344608,
        "min": 1070,
        "max": 30003743678,
        "variance_ns2": 4.344292333098912e+19,
        "iqr_ns": 4243461178.6044807,
        "q1_ns": 6356234.945484113,
        "q3_ns": 4249817413.549965
      },
      "futex_op_counts": {
        "128": 92
      },
      "first_seen_ts_ns": 2773949074802,
      "last_seen_ts_ns": 2842905916648
    },
    {
      "tgid": 73974,
      "comm": "containerd-shim",
      "cgroup_id": 4085,
      "wait_duration_stats_ns": {
        "count": 322.0,
        "sum": 324029312095.0003,
        "mean": 1006302211.4751563,
        "median": 7526630.257072978,
        "min": 880,
        "max": 25372637312,
        "variance_ns2": 8.632401945690534e+18,
        "iqr_ns": 211371182.8542991,
        "q1_ns": 338602.0563011929,
        "q3_ns": 211709784.9106003
      },
      "futex_op_counts": {
        "128": 322
      },
      "first_seen_ts_ns": 2770326842973,
      "last_seen_ts_ns": 2844265497913
    },
    {
      "tgid": 10620,
      "comm": "containerd-shim",
      "cgroup_id": 4085,
      "wait_duration_stats_ns": {
        "count": 149.0,
        "sum": 317546650029.9999,
        "mean": 2131185570.67114,
        "median": 80383535.52069975,
        "min": 860,
        "max": 30005171290,
        "variance_ns2": 2.3170405173308244e+19,
        "iqr_ns": 2443986951.8148017,
        "q1_ns": 2591599.791777737,
        "q3_ns": 2446578551.6065793
      },
      "futex_op_counts": {
        "128": 149
      },
      "first_seen_ts_ns": 2767030109020,
      "last_seen_ts_ns": 2842902595467
    },
    {
      "tgid": 6820,
      "comm": "aws-k8s-agent",
      "cgroup_id": 5011,
      "wait_duration_stats_ns": {
        "count": 377.0,
        "sum": 302185149694.00006,
        "mean": 801552121.2042443,
        "median": 80983163.47705482,
        "min": 2470,
        "max": 19099349004,
        "variance_ns2": 4.911397697782471e+18,
        "iqr_ns": 967415914.3734745,
        "q1_ns": 1280093.9870974452,
        "q3_ns": 968696008.360572
      },
      "futex_op_counts": {
        "128": 377
      },
      "first_seen_ts_ns": 2765567154592,
      "last_seen_ts_ns": 2844140114361
    },
    {
      "tgid": 10805,
      "comm": "manager",
      "cgroup_id": 6249,
      "wait_duration_stats_ns": {
        "count": 693.0,
        "sum": 282451372446.9999,
        "mean": 407577738.01875883,
        "median": 239652599.98460737,
        "min": 22551,
        "max": 18690547206,
        "variance_ns2": 1.1867053921486464e+18,
        "iqr_ns": 488911330.2856851,
        "q1_ns": 9956807.500718638,
        "q3_ns": 498868137.7864038
      },
      "futex_op_counts": {
        "128": 693
      },
      "first_seen_ts_ns": 2766440248592,
      "last_seen_ts_ns": 2843940892982
    },
    {
      "tgid": 9360,
      "comm": "containerd-shim",
      "cgroup_id": 4085,
      "wait_duration_stats_ns": {
        "count": 73.0,
        "sum": 269591130723.99994,
        "mean": 3693029187.999999,
        "median": 1327480457.7541392,
        "min": 8800,
        "max": 29997545941,
        "variance_ns2": 3.3216240483210224e+19,
        "iqr_ns": 6597720656.791938,
        "q1_ns": 216618833.5022872,
        "q3_ns": 6814339490.294225
      },
      "futex_op_counts": {
        "128": 73
      },
      "first_seen_ts_ns": 2773964088833,
      "last_seen_ts_ns": 2842905377691
    },
    {
      "tgid": 10681,
      "comm": "kube-rbac-proxy",
      "cgroup_id": 6179,
      "wait_duration_stats_ns": {
        "count": 59.0,
        "sum": 259934183435.99994,
        "mean": 4405664126.033897,
        "median": 5004391494.4532795,
        "min": 129175,
        "max": 9999440375,
        "variance_ns2": 5.242899188266863e+18,
        "iqr_ns": 187949048.2431116,
        "q1_ns": 4849883109.295188,
        "q3_ns": 5037832157.5383
      },
      "futex_op_counts": {
        "128": 59
      },
      "first_seen_ts_ns": 2771055603930,
      "last_seen_ts_ns": 2841055753045
    },
    {
      "tgid": 7986,
      "comm": "containerd-shim",
      "cgroup_id": 4085,
      "wait_duration_stats_ns": {
        "count": 71.0,
        "sum": 241009824729.0001,
        "mean": 3394504573.6478887,
        "median": 892563806.7263786,
        "min": 5781,
        "max": 30005641737,
        "variance_ns2": 2.608467794615617e+19,
        "iqr_ns": 5081276437.3944435,
        "q1_ns": 71111991.10406467,
        "q3_ns": 5152388428.498508
      },
      "futex_op_counts": {
        "128": 71
      },
      "first_seen_ts_ns": 2773962837715,
      "last_seen_ts_ns": 2842903810754
    },
    {
      "tgid": 8562,
      "comm": "containerd-shim",
      "cgroup_id": 4085,
      "wait_duration_stats_ns": {
        "count": 75.0,
        "sum": 241005410022.0,
        "mean": 3213405466.96,
        "median": 697525957.1656383,
        "min": 960,
        "max": 29999339060,
        "variance_ns2": 2.479795544847548e+19,
        "iqr_ns": 5611037996.098575,
        "q1_ns": 70426442.78875217,
        "q3_ns": 5681464438.887327
      },
      "futex_op_counts": {
        "128": 75
      },
      "first_seen_ts_ns": 2773963513105,
      "last_seen_ts_ns": 2842904854746
    },
    {
      "tgid": 7477,
      "comm": "containerd-shim",
      "cgroup_id": 4085,
      "wait_duration_stats_ns": {
        "count": 66.0,
        "sum": 239243537824.99997,
        "mean": 3624902088.2575755,
        "median": 1070672292.9122329,
        "min": 1490,
        "max": 29999534936,
        "variance_ns2": 2.5953332515876876e+19,
        "iqr_ns": 4533565659.59191,
        "q1_ns": 169566422.44731995,
        "q3_ns": 4703132082.03923
      },
      "futex_op_counts": {
        "128": 66
      },
      "first_seen_ts_ns": 2773954458317,
      "last_seen_ts_ns": 2842901570336
    },
    {
      "tgid": 6961,
      "comm": "controller",
      "cgroup_id": 5081,
      "wait_duration_stats_ns": {
        "count": 326.0,
        "sum": 219160614539.0,
        "mean": 672271823.7392638,
        "median": 492613162.52969885,
        "min": 28481,
        "max": 10011170529,
        "variance_ns2": 1.8690204833991555e+18,
        "iqr_ns": 13700159.732753098,
        "q1_ns": 487039421.7548393,
        "q3_ns": 500739581.4875924
      },
      "futex_op_counts": {
        "128": 326
      },
      "first_seen_ts_ns": 2766084153338,
      "last_seen_ts_ns": 2844085190200
    },
    {
      "tgid": 6233,
      "comm": "ssm-agent-worke",
      "cgroup_id": 3429,
      "wait_duration_stats_ns": {
        "count": 127.0,
        "sum": 214536577831.99994,
        "mean": 1689264392.3779523,
        "median": 1309208954.7650144,
        "min": 1730,
        "max": 20458507804,
        "variance_ns2": 5.119043581563037e+18,
        "iqr_ns": 1278129692.63589,
        "q1_ns": 767530448.0583649,
        "q3_ns": 2045660140.6942549
      },
      "futex_op_counts": {
        "128": 127
      },
      "first_seen_ts_ns": 2766776661711,
      "last_seen_ts_ns": 2843649833851
    },
    {
      "tgid": 74707,
      "comm": "xhpcg",
      "cgroup_id": 25487,
      "wait_duration_stats_ns": {
        "count": 1637.0,
        "sum": 8710751555.000004,
        "mean": 5321167.718387296,
        "median": 2977180.8905615536,
        "min": 2130,
        "max": 41821546,
        "variance_ns2": 40172446018072.305,
        "iqr_ns": 2181691.2565373764,
        "q1_ns": 2592239.6175065567,
        "q3_ns": 4773930.874043933
      },
      "futex_op_counts": {
        "128": 1637
      },
      "first_seen_ts_ns": 2771083442226,
      "last_seen_ts_ns": 2795885171927
    },
    {
      "tgid": 74729,
      "comm": "xhpcg",
      "cgroup_id": 25487,
      "wait_duration_stats_ns": {
        "count": 1613.0,
        "sum": 8696187759.00001,
        "mean": 5391312.931804097,
        "median": 2920469.8743424006,
        "min": 37431,
        "max": 40453836,
        "variance_ns2": 45127009728376.78,
        "iqr_ns": 2241610.110507463,
        "q1_ns": 2479589.426214751,
        "q3_ns": 4721199.536722214
      },
      "futex_op_counts": {
        "128": 1613
      },
      "first_seen_ts_ns": 2771084137537,
      "last_seen_ts_ns": 2795884900328
    },
    {
      "tgid": 74705,
      "comm": "xhpcg",
      "cgroup_id": 25487,
      "wait_duration_stats_ns": {
        "count": 1550.0,
        "sum": 8625323046.99998,
        "mean": 5564724.546451601,
        "median": 2854810.316552679,
        "min": 36681,
        "max": 39343501,
        "variance_ns2": 49619953505746.08,
        "iqr_ns": 1883897.8854756877,
        "q1_ns": 2580679.407711765,
        "q3_ns": 4464577.2931874525
      },
      "futex_op_counts": {
        "128": 1550
      },
      "first_seen_ts_ns": 2771083548999,
      "last_seen_ts_ns": 2795885179327
    },
    {
      "tgid": 74704,
      "comm": "xhpcg",
      "cgroup_id": 25487,
      "wait_duration_stats_ns": {
        "count": 1562.0,
        "sum": 8596163610.999992,
        "mean": 5503305.768886038,
        "median": 2854123.3549917373,
        "min": 42531,
        "max": 38764032,
        "variance_ns2": 49075117880370.97,
        "iqr_ns": 1892521.3856787463,
        "q1_ns": 2499364.0617912128,
        "q3_ns": 4391885.447469959
      },
      "futex_op_counts": {
        "128": 1562
      },
      "first_seen_ts_ns": 2771083784727,
      "last_seen_ts_ns": 2795885202238
    },
    {
      "tgid": 74719,
      "comm": "xhpcg",
      "cgroup_id": 25487,
      "wait_duration_stats_ns": {
        "count": 1561.0,
        "sum": 8594276750.999985,
        "mean": 5505622.518257517,
        "median": 2915173.3557403,
        "min": 9211,
        "max": 41821915,
        "variance_ns2": 47488035797138.3,
        "iqr_ns": 1945738.8827837212,
        "q1_ns": 2620423.3866284927,
        "q3_ns": 4566162.269412214
      },
      "futex_op_counts": {
        "128": 1561
      },
      "first_seen_ts_ns": 2771083512998,
      "last_seen_ts_ns": 2795885954681
    },
    {
      "tgid": 74717,
      "comm": "xhpcg",
      "cgroup_id": 25487,
      "wait_duration_stats_ns": {
        "count": 1605.0,
        "sum": 8592555663.999977,
        "mean": 5353617.236137058,
        "median": 3092018.4415396564,
        "min": 36701,
        "max": 39126343,
        "variance_ns2": 43999689058568.28,
        "iqr_ns": 832503.880023249,
        "q1_ns": 2536433.1782096764,
        "q3_ns": 3368937.0582329254
      },
      "futex_op_counts": {
        "128": 1605
      },
      "first_seen_ts_ns": 2771084334443,
      "last_seen_ts_ns": 2795884761484
    },
    {
      "tgid": 74715,
      "comm": "xhpcg",
      "cgroup_id": 25487,
      "wait_duration_stats_ns": {
        "count": 1580.0,
        "sum": 8587446396.999999,
        "mean": 5435092.656329113,
        "median": 2793511.817183169,
        "min": 45241,
        "max": 39106155,
        "variance_ns2": 48668554861112.734,
        "iqr_ns": 2496130.6855884814,
        "q1_ns": 2411484.835772917,
        "q3_ns": 4907615.5213613985
      },
      "futex_op_counts": {
        "128": 1580
      },
      "first_seen_ts_ns": 2771083965612,
      "last_seen_ts_ns": 2795885261490
    },
    {
      "tgid": 74708,
      "comm": "xhpcg",
      "cgroup_id": 25487,
      "wait_duration_stats_ns": {
        "count": 1610.0,
        "sum": 8553600263.000006,
        "mean": 5312795.194409941,
        "median": 2965839.5118001704,
        "min": 40061,
        "max": 43477176,
        "variance_ns2": 42989076808778.92,
        "iqr_ns": 2732093.4646541523,
        "q1_ns": 2401488.864929322,
        "q3_ns": 5133582.329583474
      },
      "futex_op_counts": {
        "128": 1610
      },
      "first_seen_ts_ns": 2771083891730,
      "last_seen_ts_ns": 2795884975981
    },
    {
      "tgid": 74713,
      "comm": "xhpcg",
      "cgroup_id": 25487,
      "wait_duration_stats_ns": {
        "count": 1579.0,
        "sum": 8549244347.000021,
        "mean": 5414340.941735289,
        "median": 2787743.875342653,
        "min": 82462,
        "max": 39099503,
        "variance_ns2": 49009254068093.22,
        "iqr_ns": 2301791.2039199956,
        "q1_ns": 2381972.0573446983,
        "q3_ns": 4683763.261264694
      },
      "futex_op_counts": {
        "128": 1579
      },
      "first_seen_ts_ns": 2771084521759,
      "last_seen_ts_ns": 2795885565349
    },
    {
      "tgid": 74706,
      "comm": "xhpcg",
      "cgroup_id": 25487,
      "wait_duration_stats_ns": {
        "count": 1589.0,
        "sum": 8539029393.000007,
        "mean": 5373838.510383894,
        "median": 2967996.3290973203,
        "min": 71533,
        "max": 41642401,
        "variance_ns2": 43691408764971.1,
        "iqr_ns": 2696910.4596985485,
        "q1_ns": 2474868.5997736836,
        "q3_ns": 5171779.059472232
      },
      "futex_op_counts": {
        "128": 1589
      },
      "first_seen_ts_ns": 2771083128557,
      "last_seen_ts_ns": 2795885155326
    },
    {
      "tgid": 74731,
      "comm": "xhpcg",
      "cgroup_id": 25487,
      "wait_duration_stats_ns": {
        "count": 1570.0,
        "sum": 8500704657.999992,
        "mean": 5414461.565605091,
        "median": 2870960.7016090984,
        "min": 24871,
        "max": 39292941,
        "variance_ns2": 46181218004086.62,
        "iqr_ns": 1979303.844813955,
        "q1_ns": 2458052.4665948944,
        "q3_ns": 4437356.311408849
      },
      "futex_op_counts": {
        "128": 1570
      },
      "first_seen_ts_ns": 2771084650073,
      "last_seen_ts_ns": 2795884853637
    },
    {
      "tgid": 74711,
      "comm": "xhpcg",
      "cgroup_id": 25487,
      "wait_duration_stats_ns": {
        "count": 1563.0,
        "sum": 8468138887.999997,
        "mean": 5417875.168266153,
        "median": 2923851.721988541,
        "min": 4680,
        "max": 43970661,
        "variance_ns2": 46035015299455.086,
        "iqr_ns": 3442508.7823203,
        "q1_ns": 2523531.6212784657,
        "q3_ns": 5966040.403598766
      },
      "futex_op_counts": {
        "128": 1563
      },
      "first_seen_ts_ns": 2771084021014,
      "last_seen_ts_ns": 2795885869338
    },
    {
      "tgid": 74727,
      "comm": "xhpcg",
      "cgroup_id": 25487,
      "wait_duration_stats_ns": {
        "count": 1591.0,
        "sum": 8448620454.0000105,
        "mean": 5310257.984915154,
        "median": 2934873.9644874465,
        "min": 46321,
        "max": 39272630,
        "variance_ns2": 41112752505489.17,
        "iqr_ns": 1959786.6329079405,
        "q1_ns": 2565736.6153666046,
        "q3_ns": 4525523.248274545
      },
      "futex_op_counts": {
        "128": 1591
      },
      "first_seen_ts_ns": 2771083347743,
      "last_seen_ts_ns": 2795885694093
    },
    {
      "tgid": 74721,
      "comm": "xhpcg",
      "cgroup_id": 25487,
      "wait_duration_stats_ns": {
        "count": 1589.0,
        "sum": 8368185034.00001,
        "mean": 5266321.607300195,
        "median": 2943017.66070185,
        "min": 39761,
        "max": 39102462,
        "variance_ns2": 41703869895615.38,
        "iqr_ns": 875225.7970671025,
        "q1_ns": 2544663.2567019244,
        "q3_ns": 3419889.053769027
      },
      "futex_op_counts": {
        "128": 1589
      },
      "first_seen_ts_ns": 2771083700454,
      "last_seen_ts_ns": 2795885555319
    },
    {
      "tgid": 74735,
      "comm": "xhpcg",
      "cgroup_id": 25487,
      "wait_duration_stats_ns": {
        "count": 1583.0,
        "sum": 8325927748.00001,
        "mean": 5259587.964624138,
        "median": 2928764.1545415972,
        "min": 41231,
        "max": 39074942,
        "variance_ns2": 51264967272229.37,
        "iqr_ns": 1628962.847484138,
        "q1_ns": 1701644.9569702528,
        "q3_ns": 3330607.804454391
      },
      "futex_op_counts": {
        "128": 1583
      },
      "first_seen_ts_ns": 2771084190989,
      "last_seen_ts_ns": 2795892846773
    },
    {
      "tgid": 74725,
      "comm": "xhpcg",
      "cgroup_id": 25487,
      "wait_duration_stats_ns": {
        "count": 1559.0,
        "sum": 8272470184.000013,
        "mean": 5306266.955740868,
        "median": 2969026.165039203,
        "min": 3210,
        "max": 39750163,
        "variance_ns2": 42688378838998.28,
        "iqr_ns": 2460628.202002258,
        "q1_ns": 2433793.9916679394,
        "q3_ns": 4894422.193670197
      },
      "futex_op_counts": {
        "128": 1559
      },
      "first_seen_ts_ns": 2771084966953,
      "last_seen_ts_ns": 2795885867018
    },
    {
      "tgid": 74739,
      "comm": "xhpcg",
      "cgroup_id": 25487,
      "wait_duration_stats_ns": {
        "count": 1611.0,
        "sum": 8196689894.000016,
        "mean": 5087951.517070153,
        "median": 2956520.2565975,
        "min": 1810,
        "max": 39086902,
        "variance_ns2": 44623387312290.95,
        "iqr_ns": 1673185.9626402264,
        "q1_ns": 1695343.011532553,
        "q3_ns": 3368528.9741727794
      },
      "futex_op_counts": {
        "128": 1611
      },
      "first_seen_ts_ns": 2771083765056,
      "last_seen_ts_ns": 2795885289410
    },
    {
      "tgid": 74733,
      "comm": "xhpcg",
      "cgroup_id": 25487,
      "wait_duration_stats_ns": {
        "count": 1561.0,
        "sum": 8156410279.999994,
        "mean": 5225118.693145416,
        "median": 2865316.4722679844,
        "min": 25730,
        "max": 39402463,
        "variance_ns2": 52726187658310.875,
        "iqr_ns": 3047289.5845591044,
        "q1_ns": 1510421.2219060957,
        "q3_ns": 4557710.8064652
      },
      "futex_op_counts": {
        "128": 1561
      },
      "first_seen_ts_ns": 2771084165928,
      "last_seen_ts_ns": 2795885656472
    },
    {
      "tgid": 74743,
      "comm": "xhpcg",
      "cgroup_id": 25487,
      "wait_duration_stats_ns": {
        "count": 1603.0,
        "sum": 8152551496.999994,
        "mean": 5085808.7941359915,
        "median": 2934957.0184806255,
        "min": 29761,
        "max": 39887817,
        "variance_ns2": 45070029439669.555,
        "iqr_ns": 2445707.447291487,
        "q1_ns": 1646934.6011476081,
        "q3_ns": 4092642.048439095
      },
      "futex_op_counts": {
        "128": 1603
      },
      "first_seen_ts_ns": 2771083350203,
      "last_seen_ts_ns": 2795892851313
    },
    {
      "tgid": 74745,
      "comm": "xhpcg",
      "cgroup_id": 25487,
      "wait_duration_stats_ns": {
        "count": 1563.0,
        "sum": 8126697664.999992,
        "mean": 5199422.690339087,
        "median": 2851206.646500844,
        "min": 17681,
        "max": 42043824,
        "variance_ns2": 52577585457700.375,
        "iqr_ns": 2819716.880785631,
        "q1_ns": 1545254.6620657332,
        "q3_ns": 4364971.542851364
      },
      "futex_op_counts": {
        "128": 1563
      },
      "first_seen_ts_ns": 2771083956582,
      "last_seen_ts_ns": 2795885797986
    },
    {
      "tgid": 74723,
      "comm": "xhpcg",
      "cgroup_id": 25487,
      "wait_duration_stats_ns": {
        "count": 1510.0,
        "sum": 8112625603.999989,
        "mean": 5372599.737748337,
        "median": 2972575.89340317,
        "min": 63082,
        "max": 39103372,
        "variance_ns2": 43273741616688.19,
        "iqr_ns": 3133309.407253338,
        "q1_ns": 2652012.081752343,
        "q3_ns": 5785321.489005681
      },
      "futex_op_counts": {
        "128": 1510
      },
      "first_seen_ts_ns": 2771083390205,
      "last_seen_ts_ns": 2795885127585
    },
    {
      "tgid": 74736,
      "comm": "xhpcg",
      "cgroup_id": 25487,
      "wait_duration_stats_ns": {
        "count": 1590.0,
        "sum": 8045838569.000015,
        "mean": 5060275.829559758,
        "median": 2947967.011471069,
        "min": 66002,
        "max": 43412205,
        "variance_ns2": 46555353450903.586,
        "iqr_ns": 2575325.143785339,
        "q1_ns": 1564954.5872655124,
        "q3_ns": 4140279.7310508513
      },
      "futex_op_counts": {
        "128": 1590
      },
      "first_seen_ts_ns": 2771084580861,
      "last_seen_ts_ns": 2795885200308
    },
    {
      "tgid": 74740,
      "comm": "xhpcg",
      "cgroup_id": 25487,
      "wait_duration_stats_ns": {
        "count": 1583.0,
        "sum": 8008576929.999978,
        "mean": 5059113.663929234,
        "median": 2914110.64651459,
        "min": 29191,
        "max": 39323759,
        "variance_ns2": 46294618388482.984,
        "iqr_ns": 2658089.7348259874,
        "q1_ns": 1521454.3759155304,
        "q3_ns": 4179544.1107415175
      },
      "futex_op_counts": {
        "128": 1583
      },
      "first_seen_ts_ns": 2771084361904,
      "last_seen_ts_ns": 2795893245615
    },
    {
      "tgid": 74747,
      "comm": "xhpcg",
      "cgroup_id": 25487,
      "wait_duration_stats_ns": {
        "count": 1438.0,
        "sum": 7683859738.000003,
        "mean": 5343435.144645343,
        "median": 2834465.759365871,
        "min": 1569,
        "max": 41164247,
        "variance_ns2": 55073409679154.195,
        "iqr_ns": 4109396.2018435295,
        "q1_ns": 1518768.9525163402,
        "q3_ns": 5628165.15435987
      },
      "futex_op_counts": {
        "128": 1438
      },
      "first_seen_ts_ns": 2771084104527,
      "last_seen_ts_ns": 2795885144166
    },
    {
      "tgid": 75187,
      "comm": "xhpcg",
      "cgroup_id": 25487,
      "wait_duration_stats_ns": {
        "count": 1436.0,
        "sum": 5182296407.999991,
        "mean": 3608841.5097492975,
        "median": 2918031.421437483,
        "min": 44901,
        "max": 39818908,
        "variance_ns2": 14849487312118.727,
        "iqr_ns": 445240.02520240843,
        "q1_ns": 2656846.3865361824,
        "q3_ns": 3102086.411738591
      },
      "futex_op_counts": {
        "128": 1436
      },
      "first_seen_ts_ns": 2818088360096,
      "last_seen_ts_ns": 2838855371388
    },
    {
      "tgid": 75025,
      "comm": "xhpcg",
      "cgroup_id": 25487,
      "wait_duration_stats_ns": {
        "count": 1411.0,
        "sum": 5164026664.0,
        "mean": 3659834.6307583274,
        "median": 2894126.0571856927,
        "min": 96313,
        "max": 38542262,
        "variance_ns2": 15779027344478.174,
        "iqr_ns": 593588.8317310154,
        "q1_ns": 2657443.825100805,
        "q3_ns": 3251032.6568318205
      },
      "futex_op_counts": {
        "128": 1411
      },
      "first_seen_ts_ns": 2796659729305,
      "last_seen_ts_ns": 2817318777263
    },
    {
      "tgid": 75027,
      "comm": "xhpcg",
      "cgroup_id": 25487,
      "wait_duration_stats_ns": {
        "count": 1422.0,
        "sum": 5122640309.999997,
        "mean": 3602419.345991559,
        "median": 2877680.7643429153,
        "min": 104703,
        "max": 46832205,
        "variance_ns2": 15162280734872.094,
        "iqr_ns": 642045.8088756436,
        "q1_ns": 2602741.4038428394,
        "q3_ns": 3244787.212718483
      },
      "futex_op_counts": {
        "128": 1422
      },
      "first_seen_ts_ns": 2796660780598,
      "last_seen_ts_ns": 2817318694611
    },
    {
      "tgid": 75201,
      "comm": "xhpcg",
      "cgroup_id": 25487,
      "wait_duration_stats_ns": {
        "count": 1435.0,
        "sum": 5109277237.999993,
        "mean": 3560471.942857138,
        "median": 2926482.029863075,
        "min": 82702,
        "max": 38669713,
        "variance_ns2": 14036845214209.783,
        "iqr_ns": 550920.5953606013,
        "q1_ns": 2590531.2383784535,
        "q3_ns": 3141451.833739055
      },
      "futex_op_counts": {
        "128": 1435
      },
      "first_seen_ts_ns": 2818087684245,
      "last_seen_ts_ns": 2838854659237
    },
    {
      "tgid": 75013,
      "comm": "xhpcg",
      "cgroup_id": 25487,
      "wait_duration_stats_ns": {
        "count": 1402.0,
        "sum": 5089199059.999991,
        "mean": 3629956.5335235316,
        "median": 2878105.1754977657,
        "min": 70202,
        "max": 38665385,
        "variance_ns2": 15961121591364.383,
        "iqr_ns": 696461.9149779133,
        "q1_ns": 2581168.904424486,
        "q3_ns": 3277630.8194023995
      },
      "futex_op_counts": {
        "128": 1402
      },
      "first_seen_ts_ns": 2796659901131,
      "last_seen_ts_ns": 2817317025240
    },
    {
      "tgid": 75011,
      "comm": "xhpcg",
      "cgroup_id": 25487,
      "wait_duration_stats_ns": {
        "count": 1409.0,
        "sum": 5075912588.000012,
        "mean": 3602492.9652235713,
        "median": 2887496.0017695455,
        "min": 58782,
        "max": 41151312,
        "variance_ns2": 15600763267940.914,
        "iqr_ns": 592331.7894223607,
        "q1_ns": 2628253.585225932,
        "q3_ns": 3220585.3746482925
      },
      "futex_op_counts": {
        "128": 1409
      },
      "first_seen_ts_ns": 2796659334013,
      "last_seen_ts_ns": 2817316941117
    },
    {
      "tgid": 75012,
      "comm": "xhpcg",
      "cgroup_id": 25487,
      "wait_duration_stats_ns": {
        "count": 1407.0,
        "sum": 5071829398.999996,
        "mean": 3604711.7263681563,
        "median": 2895185.203756513,
        "min": 82392,
        "max": 41145132,
        "variance_ns2": 16029511642942.686,
        "iqr_ns": 723018.8240699093,
        "q1_ns": 2549106.894043792,
        "q3_ns": 3272125.7181137013
      },
      "futex_op_counts": {
        "128": 1407
      },
      "first_seen_ts_ns": 2796660656194,
      "last_seen_ts_ns": 2817318343500
    },
    {
      "tgid": 75029,
      "comm": "xhpcg",
      "cgroup_id": 25487,
      "wait_duration_stats_ns": {
        "count": 1403.0,
        "sum": 5062172528.000001,
        "mean": 3608105.8645759095,
        "median": 2902757.044657525,
        "min": 113964,
        "max": 38568453,
        "variance_ns2": 15619288644735.943,
        "iqr_ns": 631320.7062800247,
        "q1_ns": 2621702.026405399,
        "q3_ns": 3253022.732685424
      },
      "futex_op_counts": {
        "128": 1403
      },
      "first_seen_ts_ns": 2796659963813,
      "last_seen_ts_ns": 2817317340389
    },
    {
      "tgid": 75205,
      "comm": "xhpcg",
      "cgroup_id": 25487,
      "wait_duration_stats_ns": {
        "count": 1421.0,
        "sum": 5055618691.999998,
        "mean": 3557789.3680506675,
        "median": 2940067.1249555857,
        "min": 54101,
        "max": 38608931,
        "variance_ns2": 14078230790344.043,
        "iqr_ns": 543499.6366117033,
        "q1_ns": 2590946.5866357805,
        "q3_ns": 3134446.223247484
      },
      "futex_op_counts": {
        "128": 1421
      },
      "first_seen_ts_ns": 2818087335074,
      "last_seen_ts_ns": 2838854980147
    },
    {
      "tgid": 75191,
      "comm": "xhpcg",
      "cgroup_id": 25487,
      "wait_duration_stats_ns": {
        "count": 1443.0,
        "sum": 5052453445.0,
        "mean": 3501353.738738739,
        "median": 2858014.8078411217,
        "min": 70462,
        "max": 39499508,
        "variance_ns2": 13882103160082.39,
        "iqr_ns": 635347.1119060908,
        "q1_ns": 2434055.176205396,
        "q3_ns": 3069402.288111487
      },
      "futex_op_counts": {
        "128": 1443
      },
      "first_seen_ts_ns": 2818087764087,
      "last_seen_ts_ns": 2838854628246
    },
    {
      "tgid": 75193,
      "comm": "xhpcg",
      "cgroup_id": 25487,
      "wait_duration_stats_ns": {
        "count": 1448.0,
        "sum": 5042642586.999998,
        "mean": 3482487.9744475125,
        "median": 2903879.868738055,
        "min": 47641,
        "max": 39571690,
        "variance_ns2": 12931129312774.135,
        "iqr_ns": 863593.0300949607,
        "q1_ns": 2498703.0467437077,
        "q3_ns": 3362296.0768386684
      },
      "futex_op_counts": {
        "128": 1448
      },
      "first_seen_ts_ns": 2818087339694,
      "last_seen_ts_ns": 2838855390999
    },
    {
      "tgid": 75186,
      "comm": "xhpcg",
      "cgroup_id": 25487,
      "wait_duration_stats_ns": {
        "count": 1461.0,
        "sum": 5042067791.000006,
        "mean": 3451107.3175906953,
        "median": 2863033.419992901,
        "min": 29590,
        "max": 38607511,
        "variance_ns2": 13461804140833.756,
        "iqr_ns": 1676547.2456464013,
        "q1_ns": 2424445.935463684,
        "q3_ns": 4100993.1811100855
      },
      "futex_op_counts": {
        "128": 1461
      },
      "first_seen_ts_ns": 2818087567721,
      "last_seen_ts_ns": 2838853580444
    },
    {
      "tgid": 75203,
      "comm": "xhpcg",
      "cgroup_id": 25487,
      "wait_duration_stats_ns": {
        "count": 1428.0,
        "sum": 5035113218.999994,
        "mean": 3525989.6491596596,
        "median": 2923272.56169535,
        "min": 60322,
        "max": 38600221,
        "variance_ns2": 13128597932361.031,
        "iqr_ns": 603609.9554169592,
        "q1_ns": 2540707.0457390007,
        "q3_ns": 3144317.00115596
      },
      "futex_op_counts": {
        "128": 1428
      },
      "first_seen_ts_ns": 2818087717296,
      "last_seen_ts_ns": 2838855033638
    },
    {
      "tgid": 75209,
      "comm": "xhpcg",
      "cgroup_id": 25487,
      "wait_duration_stats_ns": {
        "count": 1424.0,
        "sum": 5029950966.999998,
        "mean": 3532268.9374999986,
        "median": 2857273.8112135376,
        "min": 88863,
        "max": 39398625,
        "variance_ns2": 14652716574649.39,
        "iqr_ns": 566298.5498541035,
        "q1_ns": 2529011.327759007,
        "q3_ns": 3095309.8776131105
      },
      "futex_op_counts": {
        "128": 1424
      },
      "first_seen_ts_ns": 2818087758547,
      "last_seen_ts_ns": 2838854995037
    },
    {
      "tgid": 75023,
      "comm": "xhpcg",
      "cgroup_id": 25487,
      "wait_duration_stats_ns": {
        "count": 1430.0,
        "sum": 5027115568.0,
        "mean": 3515465.4321678323,
        "median": 2847694.0498320935,
        "min": 31501,
        "max": 45227818,
        "variance_ns2": 15119181198313.254,
        "iqr_ns": 758531.1277453201,
        "q1_ns": 2488633.7380621256,
        "q3_ns": 3247164.8658074457
      },
      "futex_op_counts": {
        "128": 1430
      },
      "first_seen_ts_ns": 2796660563371,
      "last_seen_ts_ns": 2817317345509
    },
    {
      "tgid": 75037,
      "comm": "xhpcg",
      "cgroup_id": 25487,
      "wait_duration_stats_ns": {
        "count": 1404.0,
        "sum": 5018719131.000007,
        "mean": 3574586.27564103,
        "median": 2775876.7770297853,
        "min": 98713,
        "max": 38615734,
        "variance_ns2": 17869582753368.973,
        "iqr_ns": 653240.2710404568,
        "q1_ns": 2496710.594658829,
        "q3_ns": 3149950.8656992856
      },
      "futex_op_counts": {
        "128": 1404
      },
      "first_seen_ts_ns": 2796660116637,
      "last_seen_ts_ns": 2817318640579
    },
    {
      "tgid": 75189,
      "comm": "xhpcg",
      "cgroup_id": 25487,
      "wait_duration_stats_ns": {
        "count": 1428.0,
        "sum": 5018494046.000002,
        "mean": 3514351.572829133,
        "median": 2871287.0613783547,
        "min": 71102,
        "max": 38639262,
        "variance_ns2": 14187924587775.207,
        "iqr_ns": 522558.51405791286,
        "q1_ns": 2573031.8701674333,
        "q3_ns": 3095590.384225346
      },
      "futex_op_counts": {
        "128": 1428
      },
      "first_seen_ts_ns": 2818087751857,
      "last_seen_ts_ns": 2838855370659
    },
    {
      "tgid": 75017,
      "comm": "xhpcg",
      "cgroup_id": 25487,
      "wait_duration_stats_ns": {
        "count": 1408.0,
        "sum": 5017429845.999998,
        "mean": 3563515.5156249986,
        "median": 2728285.2856889972,
        "min": 107663,
        "max": 41103891,
        "variance_ns2": 17650586608543.74,
        "iqr_ns": 650885.0928359753,
        "q1_ns": 2514321.729093392,
        "q3_ns": 3165206.8219293673
      },
      "futex_op_counts": {
        "128": 1408
      },
      "first_seen_ts_ns": 2796660094027,
      "last_seen_ts_ns": 2817316821653
    },
    {
      "tgid": 75188,
      "comm": "xhpcg",
      "cgroup_id": 25487,
      "wait_duration_stats_ns": {
        "count": 1421.0,
        "sum": 5008521122.999999,
        "mean": 3524645.406755805,
        "median": 2890748.9662085953,
        "min": 47412,
        "max": 38602791,
        "variance_ns2": 13495941889137.453,
        "iqr_ns": 484074.9873664081,
        "q1_ns": 2568524.7834795993,
        "q3_ns": 3052599.7708460074
      },
      "futex_op_counts": {
        "128": 1421
      },
      "first_seen_ts_ns": 2818087818329,
      "last_seen_ts_ns": 2838853580994
    },
    {
      "tgid": 75033,
      "comm": "xhpcg",
      "cgroup_id": 25487,
      "wait_duration_stats_ns": {
        "count": 1407.0,
        "sum": 4993701817.0,
        "mean": 3549183.949538024,
        "median": 2868003.5201443573,
        "min": 47992,
        "max": 38664976,
        "variance_ns2": 14254649426578.936,
        "iqr_ns": 664339.5986577077,
        "q1_ns": 2553761.9822038277,
        "q3_ns": 3218101.5808615354
      },
      "futex_op_counts": {
        "128": 1407
      },
      "first_seen_ts_ns": 2796660101687,
      "last_seen_ts_ns": 2817318594477
    },
    {
      "tgid": 75213,
      "comm": "xhpcg",
      "cgroup_id": 25487,
      "wait_duration_stats_ns": {
        "count": 1406.0,
        "sum": 4981802840.000002,
        "mean": 3543245.2631578958,
        "median": 2797265.5744527546,
        "min": 42302,
        "max": 39567310,
        "variance_ns2": 16894273933755.143,
        "iqr_ns": 483179.80811930867,
        "q1_ns": 2493314.100253618,
        "q3_ns": 2976493.9083729265
      },
      "futex_op_counts": {
        "128": 1406
      },
      "first_seen_ts_ns": 2818089486920,
      "last_seen_ts_ns": 2838854641557
    },
    {
      "tgid": 75035,
      "comm": "xhpcg",
      "cgroup_id": 25487,
      "wait_duration_stats_ns": {
        "count": 1404.0,
        "sum": 4974304075.999992,
        "mean": 3542951.6210826156,
        "median": 2755491.1399879176,
        "min": 140745,
        "max": 41211434,
        "variance_ns2": 18071318279435.56,
        "iqr_ns": 671728.7355358726,
        "q1_ns": 2451200.5882129217,
        "q3_ns": 3122929.3237487944
      },
      "futex_op_counts": {
        "128": 1404
      },
      "first_seen_ts_ns": 2796661123538,
      "last_seen_ts_ns": 2817318667560
    },
    {
      "tgid": 75211,
      "comm": "xhpcg",
      "cgroup_id": 25487,
      "wait_duration_stats_ns": {
        "count": 1436.0,
        "sum": 4968980244.000002,
        "mean": 3460292.649025071,
        "median": 2822183.458064647,
        "min": 57702,
        "max": 38583411,
        "variance_ns2": 15395293539809.31,
        "iqr_ns": 573010.8649728308,
        "q1_ns": 2411867.8678874043,
        "q3_ns": 2984878.732860235
      },
      "futex_op_counts": {
        "128": 1436
      },
      "first_seen_ts_ns": 2818088089397,
      "last_seen_ts_ns": 2838854382118
    },
    {
      "tgid": 75195,
      "comm": "xhpcg",
      "cgroup_id": 25487,
      "wait_duration_stats_ns": {
        "count": 1434.0,
        "sum": 4968286278.999998,
        "mean": 3464634.783124127,
        "median": 2794155.7342545856,
        "min": 56101,
        "max": 39634692,
        "variance_ns2": 16544071325634.465,
        "iqr_ns": 562145.9073113524,
        "q1_ns": 2417681.65695884,
        "q3_ns": 2979827.5642701923
      },
      "futex_op_counts": {
        "128": 1434
      },
      "first_seen_ts_ns": 2818087771507,
      "last_seen_ts_ns": 2838854941495
    },
    {
      "tgid": 75031,
      "comm": "xhpcg",
      "cgroup_id": 25487,
      "wait_duration_stats_ns": {
        "count": 1396.0,
        "sum": 4958340383.999997,
        "mean": 3551819.7593123186,
        "median": 2832798.7604758446,
        "min": 67132,
        "max": 41153022,
        "variance_ns2": 15558712838190.193,
        "iqr_ns": 720364.3810617924,
        "q1_ns": 2493669.2658880837,
        "q3_ns": 3214033.646949876
      },
      "futex_op_counts": {
        "128": 1396
      },
      "first_seen_ts_ns": 2796660959703,
      "last_seen_ts_ns": 2817317359630
    },
    {
      "tgid": 75019,
      "comm": "xhpcg",
      "cgroup_id": 25487,
      "wait_duration_stats_ns": {
        "count": 1421.0,
        "sum": 4957205624.0,
        "mean": 3488533.1625615763,
        "median": 2743470.3958771504,
        "min": 34821,
        "max": 38066488,
        "variance_ns2": 18558116400215.98,
        "iqr_ns": 762951.6407400747,
        "q1_ns": 2352163.993820275,
        "q3_ns": 3115115.63456035
      },
      "futex_op_counts": {
        "128": 1421
      },
      "first_seen_ts_ns": 2796660787918,
      "last_seen_ts_ns": 2817318344350
    },
    {
      "tgid": 75015,
      "comm": "xhpcg",
      "cgroup_id": 25487,
      "wait_duration_stats_ns": {
        "count": 1399.0,
        "sum": 4948493107.000001,
        "mean": 3537164.4796283063,
        "median": 2788478.371950677,
        "min": 57362,
        "max": 38634494,
        "variance_ns2": 17941308378746.89,
        "iqr_ns": 762103.2758533256,
        "q1_ns": 2374801.322518725,
        "q3_ns": 3136904.5983720506
      },
      "futex_op_counts": {
        "128": 1399
      },
      "first_seen_ts_ns": 2796661294044,
      "last_seen_ts_ns": 2817316799173
    },
    {
      "tgid": 75197,
      "comm": "xhpcg",
      "cgroup_id": 25487,
      "wait_duration_stats_ns": {
        "count": 1421.0,
        "sum": 4934318945.000004,
        "mean": 3472427.1252639014,
        "median": 2761648.3972747074,
        "min": 18501,
        "max": 39599851,
        "variance_ns2": 17041130680329.0,
        "iqr_ns": 569981.1458202074,
        "q1_ns": 2394221.962226858,
        "q3_ns": 2964203.1080470653
      },
      "futex_op_counts": {
        "128": 1421
      },
      "first_seen_ts_ns": 2818088049226,
      "last_seen_ts_ns": 2838854962486
    },
    {
      "tgid": 75021,
      "comm": "xhpcg",
      "cgroup_id": 25487,
      "wait_duration_stats_ns": {
        "count": 1402.0,
        "sum": 4933538599.999999,
        "mean": 3518929.1012838795,
        "median": 2747259.000965896,
        "min": 89773,
        "max": 39296905,
        "variance_ns2": 19533636908533.746,
        "iqr_ns": 699051.1002924717,
        "q1_ns": 2402716.5391451865,
        "q3_ns": 3101767.6394376582
      },
      "futex_op_counts": {
        "128": 1402
      },
      "first_seen_ts_ns": 2796660536220,
      "last_seen_ts_ns": 2817317360920
    },
    {
      "tgid": 75206,
      "comm": "xhpcg",
      "cgroup_id": 25487,
      "wait_duration_stats_ns": {
        "count": 1416.0,
        "sum": 4932543007.999987,
        "mean": 3483434.327683606,
        "median": 2874520.6716295225,
        "min": 95522,
        "max": 39534869,
        "variance_ns2": 14939408826033.365,
        "iqr_ns": 661505.1753602005,
        "q1_ns": 2418928.8571471698,
        "q3_ns": 3080434.03250737
      },
      "futex_op_counts": {
        "128": 1416
      },
      "first_seen_ts_ns": 2818087990374,
      "last_seen_ts_ns": 2838854645126
    },
    {
      "tgid": 75199,
      "comm": "xhpcg",
      "cgroup_id": 25487,
      "wait_duration_stats_ns": {
        "count": 1419.0,
        "sum": 4911222471.999998,
        "mean": 3461044.730091613,
        "median": 2892908.7953078724,
        "min": 51661,
        "max": 38611551,
        "variance_ns2": 14512494040354.412,
        "iqr_ns": 676566.7763195708,
        "q1_ns": 2399031.869561649,
        "q3_ns": 3075598.6458812198
      },
      "futex_op_counts": {
        "128": 1419
      },
      "first_seen_ts_ns": 2818088570572,
      "last_seen_ts_ns": 2838854683138
    },
    {
      "tgid": 75010,
      "comm": "xhpcg",
      "cgroup_id": 25487,
      "wait_duration_stats_ns": {
        "count": 1405.0,
        "sum": 4884611915.999996,
        "mean": 3476592.1110320254,
        "median": 2797770.6551027424,
        "min": 34901,
        "max": 38486960,
        "variance_ns2": 16413545439476.92,
        "iqr_ns": 689945.2447750559,
        "q1_ns": 2417805.8303040247,
        "q3_ns": 3107751.0750790806
      },
      "futex_op_counts": {
        "128": 1405
      },
      "first_seen_ts_ns": 2796660281022,
      "last_seen_ts_ns": 2817317451602
    },
    {
      "tgid": 75217,
      "comm": "xhpcg",
      "cgroup_id": 25487,
      "wait_duration_stats_ns": {
        "count": 1439.0,
        "sum": 4621725864.000004,
        "mean": 3211762.2404447556,
        "median": 2905207.4866609275,
        "min": 107553,
        "max": 38851039,
        "variance_ns2": 16534145653298.557,
        "iqr_ns": 1407547.6830204676,
        "q1_ns": 1716507.5465059623,
        "q3_ns": 3124055.22952643
      },
      "futex_op_counts": {
        "128": 1439
      },
      "first_seen_ts_ns": 2818087606042,
      "last_seen_ts_ns": 2838855265515
    },
    {
      "tgid": 75045,
      "comm": "xhpcg",
      "cgroup_id": 25487,
      "wait_duration_stats_ns": {
        "count": 1421.0,
        "sum": 4577179689.999998,
        "mean": 3221097.6002814905,
        "median": 2842290.589876249,
        "min": 53042,
        "max": 38522421,
        "variance_ns2": 16853420170774.828,
        "iqr_ns": 1544270.717281925,
        "q1_ns": 1705264.7928200443,
        "q3_ns": 3249535.5101019694
      },
      "futex_op_counts": {
        "128": 1421
      },
      "first_seen_ts_ns": 2796659803018,
      "last_seen_ts_ns": 2817316520994
    },
    {
      "tgid": 75221,
      "comm": "xhpcg",
      "cgroup_id": 25487,
      "wait_duration_stats_ns": {
        "count": 1432.0,
        "sum": 4566962999.000001,
        "mean": 3189219.9713687156,
        "median": 2900475.4613406183,
        "min": 139764,
        "max": 39509288,
        "variance_ns2": 15674704850596.934,
        "iqr_ns": 1447531.0610029898,
        "q1_ns": 1692514.1030220627,
        "q3_ns": 3140045.1640250525
      },
      "futex_op_counts": {
        "128": 1432
      },
      "first_seen_ts_ns": 2818087881201,
      "last_seen_ts_ns": 2838855088070
    },
    {
      "tgid": 75041,
      "comm": "xhpcg",
      "cgroup_id": 25487,
      "wait_duration_stats_ns": {
        "count": 1414.0,
        "sum": 4549162966.00001,
        "mean": 3217229.8203677577,
        "median": 2824660.9303429867,
        "min": 21751,
        "max": 39171211,
        "variance_ns2": 17751390922675.05,
        "iqr_ns": 1492333.2178502064,
        "q1_ns": 1714451.6488371924,
        "q3_ns": 3206784.866687399
      },
      "futex_op_counts": {
        "128": 1414
      },
      "first_seen_ts_ns": 2796660475659,
      "last_seen_ts_ns": 2817317889046
    },
    {
      "tgid": 75043,
      "comm": "xhpcg",
      "cgroup_id": 25487,
      "wait_duration_stats_ns": {
        "count": 1418.0,
        "sum": 4496103168.999993,
        "mean": 3170735.6622002777,
        "median": 2792864.5628771745,
        "min": 21391,
        "max": 41161582,
        "variance_ns2": 17400550779315.475,
        "iqr_ns": 1593457.925842796,
        "q1_ns": 1627648.2938411809,
        "q3_ns": 3221106.219683977
      },
      "futex_op_counts": {
        "128": 1418
      },
      "first_seen_ts_ns": 2796660374635,
      "last_seen_ts_ns": 2817318384961
    },
    {
      "tgid": 75219,
      "comm": "xhpcg",
      "cgroup_id": 25487,
      "wait_duration_stats_ns": {
        "count": 1435.0,
        "sum": 4478392314.000004,
        "mean": 3120830.8808362396,
        "median": 2908411.353514035,
        "min": 35271,
        "max": 39468857,
        "variance_ns2": 15508112928867.64,
        "iqr_ns": 1534009.4681975439,
        "q1_ns": 1589873.720589108,
        "q3_ns": 3123883.188786652
      },
      "futex_op_counts": {
        "128": 1435
      },
      "first_seen_ts_ns": 2818088235642,
      "last_seen_ts_ns": 2838853903064
    },
    {
      "tgid": 75225,
      "comm": "xhpcg",
      "cgroup_id": 25487,
      "wait_duration_stats_ns": {
        "count": 1431.0,
        "sum": 4477720654.999997,
        "mean": 3129085.013976238,
        "median": 2756766.453802568,
        "min": 246647,
        "max": 39531129,
        "variance_ns2": 16543311341801.826,
        "iqr_ns": 1385008.471045211,
        "q1_ns": 1647270.200795147,
        "q3_ns": 3032278.671840358
      },
      "futex_op_counts": {
        "128": 1431
      },
      "first_seen_ts_ns": 2818087199470,
      "last_seen_ts_ns": 2838853582534
    },
    {
      "tgid": 75049,
      "comm": "xhpcg",
      "cgroup_id": 25487,
      "wait_duration_stats_ns": {
        "count": 1414.0,
        "sum": 4466519444.999995,
        "mean": 3158783.200141439,
        "median": 2736166.385665543,
        "min": 10010,
        "max": 38643534,
        "variance_ns2": 17160362754480.17,
        "iqr_ns": 1559848.1401846576,
        "q1_ns": 1647816.3352932334,
        "q3_ns": 3207664.475477891
      },
      "futex_op_counts": {
        "128": 1414
      },
      "first_seen_ts_ns": 2796659974393,
      "last_seen_ts_ns": 2817316380270
    },
    {
      "tgid": 75215,
      "comm": "xhpcg",
      "cgroup_id": 25487,
      "wait_duration_stats_ns": {
        "count": 1447.0,
        "sum": 4431009773.000001,
        "mean": 3062204.4042847278,
        "median": 2801217.588887547,
        "min": 29461,
        "max": 38850809,
        "variance_ns2": 16798680457809.068,
        "iqr_ns": 1676474.9434938487,
        "q1_ns": 1391431.1334032267,
        "q3_ns": 3067906.0768970754
      },
      "futex_op_counts": {
        "128": 1447
      },
      "first_seen_ts_ns": 2818087788628,
      "last_seen_ts_ns": 2838853706978
    },
    {
      "tgid": 75227,
      "comm": "xhpcg",
      "cgroup_id": 25487,
      "wait_duration_stats_ns": {
        "count": 1432.0,
        "sum": 4415574046.000003,
        "mean": 3083501.4287709515,
        "median": 2684886.671831097,
        "min": 12680,
        "max": 39602951,
        "variance_ns2": 17646764254141.645,
        "iqr_ns": 1584132.5414598386,
        "q1_ns": 1401387.6306974527,
        "q3_ns": 2985520.1721572913
      },
      "futex_op_counts": {
        "128": 1432
      },
      "first_seen_ts_ns": 2818088926663,
      "last_seen_ts_ns": 2838853423249
    },
    {
      "tgid": 75053,
      "comm": "xhpcg",
      "cgroup_id": 25487,
      "wait_duration_stats_ns": {
        "count": 1409.0,
        "sum": 4413285245.0,
        "mean": 3132210.961674947,
        "median": 2788484.517595468,
        "min": 51701,
        "max": 38648475,
        "variance_ns2": 18960072860254.94,
        "iqr_ns": 2653698.0257583978,
        "q1_ns": 1452110.3866375077,
        "q3_ns": 4105808.4123959052
      },
      "futex_op_counts": {
        "128": 1409
      },
      "first_seen_ts_ns": 2796660297113,
      "last_seen_ts_ns": 2817318436353
    },
    {
      "tgid": 75051,
      "comm": "xhpcg",
      "cgroup_id": 25487,
      "wait_duration_stats_ns": {
        "count": 1422.0,
        "sum": 4398871071.999998,
        "mean": 3093439.5724331914,
        "median": 2707518.9677570225,
        "min": 6420,
        "max": 40975987,
        "variance_ns2": 18409573055665.535,
        "iqr_ns": 1743530.046164214,
        "q1_ns": 1400044.9387825842,
        "q3_ns": 3143574.984946798
      },
      "futex_op_counts": {
        "128": 1422
      },
      "first_seen_ts_ns": 2796660985164,
      "last_seen_ts_ns": 2817317529555
    },
    {
      "tgid": 75047,
      "comm": "xhpcg",
      "cgroup_id": 25487,
      "wait_duration_stats_ns": {
        "count": 1425.0,
        "sum": 4395321976.000007,
        "mean": 3084436.47438597,
        "median": 2744338.463899561,
        "min": 83533,
        "max": 41115241,
        "variance_ns2": 16459460575446.436,
        "iqr_ns": 1739651.3572689923,
        "q1_ns": 1462609.5747164148,
        "q3_ns": 3202260.931985407
      },
      "futex_op_counts": {
        "128": 1425
      },
      "first_seen_ts_ns": 2796660473348,
      "last_seen_ts_ns": 2817316431121
    },
    {
      "tgid": 75229,
      "comm": "xhpcg",
      "cgroup_id": 25487,
      "wait_duration_stats_ns": {
        "count": 1413.0,
        "sum": 4334673615.000003,
        "mean": 3067709.5647558407,
        "median": 2617852.89731814,
        "min": 14131,
        "max": 39662383,
        "variance_ns2": 18989975276575.746,
        "iqr_ns": 1620554.6616641234,
        "q1_ns": 1373943.5443106072,
        "q3_ns": 2994498.2059747307
      },
      "futex_op_counts": {
        "128": 1413
      },
      "first_seen_ts_ns": 2818094056740,
      "last_seen_ts_ns": 2838853686648
    },
    {
      "tgid": 75039,
      "comm": "xhpcg",
      "cgroup_id": 25487,
      "wait_duration_stats_ns": {
        "count": 1410.0,
        "sum": 4330690993.000005,
        "mean": 3071412.051773053,
        "median": 2786066.5366204847,
        "min": 12650,
        "max": 41176072,
        "variance_ns2": 18431074618471.973,
        "iqr_ns": 1783483.5836138236,
        "q1_ns": 1387289.2193161864,
        "q3_ns": 3170772.80293001
      },
      "futex_op_counts": {
        "128": 1410
      },
      "first_seen_ts_ns": 2796659678564,
      "last_seen_ts_ns": 2817318384621
    },
    {
      "tgid": 75222,
      "comm": "xhpcg",
      "cgroup_id": 25487,
      "wait_duration_stats_ns": {
        "count": 1419.0,
        "sum": 4319553573.999992,
        "mean": 3044082.856941503,
        "median": 2746242.201966934,
        "min": 59042,
        "max": 39547159,
        "variance_ns2": 16909028075702.096,
        "iqr_ns": 1650787.1407079566,
        "q1_ns": 1384477.9762041694,
        "q3_ns": 3035265.116912126
      },
      "futex_op_counts": {
        "128": 1419
      },
      "first_seen_ts_ns": 2818088658425,
      "last_seen_ts_ns": 2838853309226
    },
    {
      "tgid": 6106,
      "comm": "amazon-ssm-agen",
      "cgroup_id": 3429,
      "wait_duration_stats_ns": {
        "count": 28.0,
        "sum": 4014515506.999999,
        "mean": 143375553.82142854,
        "median": 8317145.832761587,
        "min": 32281,
        "max": 997684492,
        "variance_ns2": 1.2575120958993986e+17,
        "iqr_ns": 62535479.88886699,
        "q1_ns": 2725071.5127574136,
        "q3_ns": 65260551.401624404
      },
      "futex_op_counts": {
        "128": 28
      },
      "first_seen_ts_ns": 2820285357685,
      "last_seen_ts_ns": 2821321525765
    },
    {
      "tgid": 75259,
      "comm": "runc",
      "cgroup_id": 4085,
      "wait_duration_stats_ns": {
        "count": 346.0,
        "sum": 2600039962.0,
        "mean": 7514566.364161849,
        "median": 708452.2344354927,
        "min": 2380,
        "max": 298012554,
        "variance_ns2": 944556431498686.9,
        "iqr_ns": 4584320.805675339,
        "q1_ns": 109250.73071023123,
        "q3_ns": 4693571.536385571
      },
      "futex_op_counts": {
        "128": 346
      },
      "first_seen_ts_ns": 2824640784548,
      "last_seen_ts_ns": 2824989550393
    },
    {
      "tgid": 75157,
      "comm": "runc",
      "cgroup_id": 4085,
      "wait_duration_stats_ns": {
        "count": 317.0,
        "sum": 2137628074.0000002,
        "mean": 6743306.227129338,
        "median": 760146.4189513419,
        "min": 1230,
        "max": 199648363,
        "variance_ns2": 624253712671512.9,
        "iqr_ns": 4646121.919986798,
        "q1_ns": 124630.58912839986,
        "q3_ns": 4770752.509115199
      },
      "futex_op_counts": {
        "128": 317
      },
      "first_seen_ts_ns": 2815500449300,
      "last_seen_ts_ns": 2815786583155
    },
    {
      "tgid": 74956,
      "comm": "runc",
      "cgroup_id": 4085,
      "wait_duration_stats_ns": {
        "count": 349.0,
        "sum": 2029619045.0000005,
        "mean": 5815527.349570202,
        "median": 537319.6561355791,
        "min": 11680,
        "max": 212202895,
        "variance_ns2": 609083796582698.2,
        "iqr_ns": 2979319.7178677474,
        "q1_ns": 85150.9622665843,
        "q3_ns": 3064470.680134332
      },
      "futex_op_counts": {
        "128": 349
      },
      "first_seen_ts_ns": 2794640943715,
      "last_seen_ts_ns": 2794909240226
    },
    {
      "tgid": 75283,
      "comm": "runc",
      "cgroup_id": 4085,
      "wait_duration_stats_ns": {
        "count": 306.0,
        "sum": 1929626522.0,
        "mean": 6305969.026143791,
        "median": 471945.2672320075,
        "min": 1200,
        "max": 271168592,
        "variance_ns2": 841882958970311.4,
        "iqr_ns": 3118299.5527394684,
        "q1_ns": 68921.0785714405,
        "q3_ns": 3187220.631310909
      },
      "futex_op_counts": {
        "128": 306
      },
      "first_seen_ts_ns": 2825501957634,
      "last_seen_ts_ns": 2825788817907
    },
    {
      "tgid": 74933,
      "comm": "runc",
      "cgroup_id": 4085,
      "wait_duration_stats_ns": {
        "count": 344.0,
        "sum": 1785759538.0,
        "mean": 5191161.447674419,
        "median": 442702.73633822537,
        "min": 1189,
        "max": 203760399,
        "variance_ns2": 399834423331208.4,
        "iqr_ns": 3084830.386499341,
        "q1_ns": 79892.3060130581,
        "q3_ns": 3164722.692512399
      },
      "futex_op_counts": {
        "128": 344
      },
      "first_seen_ts_ns": 2785500279595,
      "last_seen_ts_ns": 2785764898024
    },
    {
      "tgid": 74910,
      "comm": "runc",
      "cgroup_id": 4085,
      "wait_duration_stats_ns": {
        "count": 335.0,
        "sum": 1757401564.9999998,
        "mean": 5245974.820895522,
        "median": 466345.75079528167,
        "min": 890,
        "max": 246430930,
        "variance_ns2": 517550649816768.5,
        "iqr_ns": 3182109.8069752017,
        "q1_ns": 97680.36236323365,
        "q3_ns": 3279790.1693384354
      },
      "futex_op_counts": {
        "128": 335
      },
      "first_seen_ts_ns": 2784639448415,
      "last_seen_ts_ns": 2784905433487
    },
    {
      "tgid": 75309,
      "comm": "runc",
      "cgroup_id": 4085,
      "wait_duration_stats_ns": {
        "count": 353.0,
        "sum": 1750807385.0,
        "mean": 4959794.291784703,
        "median": 347917.610291148,
        "min": 1150,
        "max": 237286415,
        "variance_ns2": 536804712416090.25,
        "iqr_ns": 1655063.9926280095,
        "q1_ns": 77673.45073770976,
        "q3_ns": 1732737.4433657194
      },
      "futex_op_counts": {
        "128": 353
      },
      "first_seen_ts_ns": 2834637353915,
      "last_seen_ts_ns": 2834893078772
    },
    {
      "tgid": 74982,
      "comm": "runc",
      "cgroup_id": 4085,
      "wait_duration_stats_ns": {
        "count": 292.0,
        "sum": 1695992198.9999995,
        "mean": 5808192.462328766,
        "median": 488081.0569393591,
        "min": 3960,
        "max": 245847760,
        "variance_ns2": 707472322242272.8,
        "iqr_ns": 3378913.140283336,
        "q1_ns": 64664.32946781698,
        "q3_ns": 3443577.469751153
      },
      "futex_op_counts": {
        "128": 292
      },
      "first_seen_ts_ns": 2795503650808,
      "last_seen_ts_ns": 2795762390065
    },
    {
      "tgid": 75082,
      "comm": "runc",
      "cgroup_id": 4085,
      "wait_duration_stats_ns": {
        "count": 278.0,
        "sum": 1609588617.0000005,
        "mean": 5789887.111510793,
        "median": 292923.28501291637,
        "min": 950,
        "max": 214593582,
        "variance_ns2": 693585739516120.5,
        "iqr_ns": 4732115.479600832,
        "q1_ns": 59935.53550440086,
        "q3_ns": 4792051.015105233
      },
      "futex_op_counts": {
        "128": 278
      },
      "first_seen_ts_ns": 2804641894304,
      "last_seen_ts_ns": 2804895747050
    },
    {
      "tgid": 75333,
      "comm": "runc",
      "cgroup_id": 4085,
      "wait_duration_stats_ns": {
        "count": 283.0,
        "sum": 1489991680.9999998,
        "mean": 5264988.272084805,
        "median": 308670.5672824739,
        "min": 8170,
        "max": 204992264,
        "variance_ns2": 616454029619222.8,
        "iqr_ns": 1618323.7129191859,
        "q1_ns": 46553.18984596299,
        "q3_ns": 1664876.9027651488
      },
      "futex_op_counts": {
        "128": 283
      },
      "first_seen_ts_ns": 2835501709202,
      "last_seen_ts_ns": 2835726762896
    },
    {
      "tgid": 75106,
      "comm": "runc",
      "cgroup_id": 4085,
      "wait_duration_stats_ns": {
        "count": 296.0,
        "sum": 1447790996.0000002,
        "mean": 4891185.797297298,
        "median": 314290.3461674757,
        "min": 2580,
        "max": 213932220,
        "variance_ns2": 505219607451891.94,
        "iqr_ns": 1577944.0275213374,
        "q1_ns": 38772.09649581792,
        "q3_ns": 1616716.1240171553
      },
      "futex_op_counts": {
        "128": 296
      },
      "first_seen_ts_ns": 2805502496117,
      "last_seen_ts_ns": 2805724874116
    },
    {
      "tgid": 75134,
      "comm": "runc",
      "cgroup_id": 4085,
      "wait_duration_stats_ns": {
        "count": 271.0,
        "sum": 1401508071.9999998,
        "mean": 5171616.501845018,
        "median": 276364.48294449423,
        "min": 870,
        "max": 233064518,
        "variance_ns2": 768053516479426.1,
        "iqr_ns": 1398204.8520571508,
        "q1_ns": 31795.612326964332,
        "q3_ns": 1430000.464384115
      },
      "futex_op_counts": {
        "128": 271
      },
      "first_seen_ts_ns": 2814644931393,
      "last_seen_ts_ns": 2814894111585
    },
    {
      "tgid": 74778,
      "comm": "runc",
      "cgroup_id": 4085,
      "wait_duration_stats_ns": {
        "count": 246.0,
        "sum": 1354387836.0,
        "mean": 5505641.609756097,
        "median": 269093.4458264563,
        "min": 10440,
        "max": 208625458,
        "variance_ns2": 711541914487131.8,
        "iqr_ns": 6104211.17295491,
        "q1_ns": 38321.16489891594,
        "q3_ns": 6142532.337853827
      },
      "futex_op_counts": {
        "128": 246
      },
      "first_seen_ts_ns": 2774638332303,
      "last_seen_ts_ns": 2774880047709
    },
    {
      "tgid": 74804,
      "comm": "runc",
      "cgroup_id": 4085,
      "wait_duration_stats_ns": {
        "count": 358.0,
        "sum": 981203789.9999999,
        "mean": 2740792.7094972064,
        "median": 123748.01548185069,
        "min": 929,
        "max": 126129540,
        "variance_ns2": 273539255299860.94,
        "iqr_ns": 844656.8452811635,
        "q1_ns": 34607.483327371294,
        "q3_ns": 879264.3286085348
      },
      "futex_op_counts": {
        "128": 358
      },
      "first_seen_ts_ns": 2775490449154,
      "last_seen_ts_ns": 2775623123785
    },
    {
      "tgid": 75294,
      "comm": "runc:[2:INIT]",
      "cgroup_id": 5011,
      "wait_duration_stats_ns": {
        "count": 30.0,
        "sum": 975228299.0,
        "mean": 32507609.96666667,
        "median": 3221502.3866955927,
        "min": 18711,
        "max": 178632013,
        "variance_ns2": 3933336374773706.0,
        "iqr_ns": 33788572.18957977,
        "q1_ns": 754913.0834138701,
        "q3_ns": 34543485.27299364
      },
      "futex_op_counts": {
        "128": 30
      },
      "first_seen_ts_ns": 2825595077042,
      "last_seen_ts_ns": 2825800143663
    },
    {
      "tgid": 74788,
      "comm": "runc:[2:INIT]",
      "cgroup_id": 5011,
      "wait_duration_stats_ns": {
        "count": 30.0,
        "sum": 865853562.0,
        "mean": 28861785.4,
        "median": 8814832.215353023,
        "min": 4849,
        "max": 153624566,
        "variance_ns2": 2758591284883254.0,
        "iqr_ns": 15651160.302641835,
        "q1_ns": 1342072.5761904763,
        "q3_ns": 16993232.87883231
      },
      "futex_op_counts": {
        "128": 30
      },
      "first_seen_ts_ns": 2774706210341,
      "last_seen_ts_ns": 2774891487660
    },
    {
      "tgid": 75144,
      "comm": "runc:[2:INIT]",
      "cgroup_id": 5011,
      "wait_duration_stats_ns": {
        "count": 26.0,
        "sum": 805638042.9999999,
        "mean": 30986078.576923072,
        "median": 4913295.083058417,
        "min": 150474,
        "max": 150600408,
        "variance_ns2": 2865568800199774.0,
        "iqr_ns": 31147057.355685815,
        "q1_ns": 812557.519717035,
        "q3_ns": 31959614.87540285
      },
      "futex_op_counts": {
        "128": 26
      },
      "first_seen_ts_ns": 2814738668409,
      "last_seen_ts_ns": 2814904154493
    },
    {
      "tgid": 75271,
      "comm": "runc:[2:INIT]",
      "cgroup_id": 5011,
      "wait_duration_stats_ns": {
        "count": 29.0,
        "sum": 777742824.9999999,
        "mean": 26818718.10344827,
        "median": 9304762.928685088,
        "min": 142514,
        "max": 132612346,
        "variance_ns2": 1987627033023845.8,
        "iqr_ns": 4454548.604433568,
        "q1_ns": 2272274.0976906805,
        "q3_ns": 6726822.702124249
      },
      "futex_op_counts": {
        "128": 29
      },
      "first_seen_ts_ns": 2824830191690,
      "last_seen_ts_ns": 2824990550744
    },
    {
      "tgid": 75344,
      "comm": "runc:[2:INIT]",
      "cgroup_id": 5011,
      "wait_duration_stats_ns": {
        "count": 27.0,
        "sum": 777012627.0000002,
        "mean": 28778245.44444445,
        "median": 7808606.77092669,
        "min": 84643,
        "max": 148268328,
        "variance_ns2": 2449472946960814.5,
        "iqr_ns": 23394754.823233824,
        "q1_ns": 1384227.3587274102,
        "q3_ns": 24778982.181961235
      },
      "futex_op_counts": {
        "128": 27
      },
      "first_seen_ts_ns": 2835577047272,
      "last_seen_ts_ns": 2835735788900
    },
    {
      "tgid": 75093,
      "comm": "runc:[2:INIT]",
      "cgroup_id": 5011,
      "wait_duration_stats_ns": {
        "count": 29.0,
        "sum": 742954426.9999999,
        "mean": 25619118.17241379,
        "median": 6927078.250753662,
        "min": 7091,
        "max": 139945562,
        "variance_ns2": 2551662187166446.5,
        "iqr_ns": 35590506.503604405,
        "q1_ns": 619940.6685143686,
        "q3_ns": 36210447.172118776
      },
      "futex_op_counts": {
        "128": 29
      },
      "first_seen_ts_ns": 2804750025081,
      "last_seen_ts_ns": 2804906350825
    },
    {
      "tgid": 75169,
      "comm": "runc:[2:INIT]",
      "cgroup_id": 5011,
      "wait_duration_stats_ns": {
        "count": 27.0,
        "sum": 738260079.0000001,
        "mean": 27342965.88888889,
        "median": 9162689.513106743,
        "min": 23261,
        "max": 139550729,
        "variance_ns2": 2435580810837732.5,
        "iqr_ns": 21905968.963087842,
        "q1_ns": 833546.5853856103,
        "q3_ns": 22739515.54847345
      },
      "futex_op_counts": {
        "128": 27
      },
      "first_seen_ts_ns": 2815641451904,
      "last_seen_ts_ns": 2815797939403
    },
    {
      "tgid": 74993,
      "comm": "runc:[2:INIT]",
      "cgroup_id": 5011,
      "wait_duration_stats_ns": {
        "count": 24.0,
        "sum": 708440375.0,
        "mean": 29518348.958333332,
        "median": 4653057.103984767,
        "min": 228667,
        "max": 139604018,
        "variance_ns2": 2592179153794793.5,
        "iqr_ns": 20090523.808934458,
        "q1_ns": 1891847.4328630064,
        "q3_ns": 21982371.241797462
      },
      "futex_op_counts": {
        "128": 24
      },
      "first_seen_ts_ns": 2795617003070,
      "last_seen_ts_ns": 2795758785304
    },
    {
      "tgid": 74816,
      "comm": "runc:[2:INIT]",
      "cgroup_id": 5011,
      "wait_duration_stats_ns": {
        "count": 27.0,
        "sum": 646803238.0,
        "mean": 23955675.48148148,
        "median": 8206610.3339647595,
        "min": 9441,
        "max": 111848300,
        "variance_ns2": 1688916307358774.5,
        "iqr_ns": 20653682.452524304,
        "q1_ns": 663323.4607690206,
        "q3_ns": 21317005.913293324
      },
      "futex_op_counts": {
        "128": 27
      },
      "first_seen_ts_ns": 2775502691151,
      "last_seen_ts_ns": 2775633519834
    },
    {
      "tgid": 75117,
      "comm": "runc:[2:INIT]",
      "cgroup_id": 5011,
      "wait_duration_stats_ns": {
        "count": 26.0,
        "sum": 590407300.9999998,
        "mean": 22707973.11538461,
        "median": 2542190.9184192377,
        "min": 15220,
        "max": 110579490,
        "variance_ns2": 1505950800563194.0,
        "iqr_ns": 30333876.037705522,
        "q1_ns": 1317641.0003625464,
        "q3_ns": 31651517.038068067
      },
      "futex_op_counts": {
        "128": 26
      },
      "first_seen_ts_ns": 2805609883111,
      "last_seen_ts_ns": 2805737786033
    },
    {
      "tgid": 74968,
      "comm": "runc:[2:INIT]",
      "cgroup_id": 5011,
      "wait_duration_stats_ns": {
        "count": 26.0,
        "sum": 583957281.0000001,
        "mean": 22459895.423076928,
        "median": 4266025.952815581,
        "min": 14011,
        "max": 110312166,
        "variance_ns2": 1689976819267827.8,
        "iqr_ns": 34479804.71342761,
        "q1_ns": 584629.4544483612,
        "q3_ns": 35064434.167875975
      },
      "futex_op_counts": {
        "128": 26
      },
      "first_seen_ts_ns": 2794789591182,
      "last_seen_ts_ns": 2794905812680
    },
    {
      "tgid": 75320,
      "comm": "runc:[2:INIT]",
      "cgroup_id": 5011,
      "wait_duration_stats_ns": {
        "count": 29.0,
        "sum": 560013929.0,
        "mean": 19310825.137931034,
        "median": 4301753.754261635,
        "min": 27021,
        "max": 99600448,
        "variance_ns2": 1148841201548415.8,
        "iqr_ns": 9828392.842430966,
        "q1_ns": 778405.0790796985,
        "q3_ns": 10606797.921510665
      },
      "futex_op_counts": {
        "128": 29
      },
      "first_seen_ts_ns": 2834789260825,
      "last_seen_ts_ns": 2834904120458
    },
    {
      "tgid": 74921,
      "comm": "runc:[2:INIT]",
      "cgroup_id": 5011,
      "wait_duration_stats_ns": {
        "count": 27.0,
        "sum": 482760047.00000006,
        "mean": 17880001.740740743,
        "median": 6011033.5509566,
        "min": 6060,
        "max": 111064066,
        "variance_ns2": 1020531596980475.1,
        "iqr_ns": 7472161.671433045,
        "q1_ns": 419147.6922747579,
        "q3_ns": 7891309.363707802
      },
      "futex_op_counts": {
        "128": 27
      },
      "first_seen_ts_ns": 2784788418697,
      "last_seen_ts_ns": 2784915124666
    },
    {
      "tgid": 74873,
      "comm": "aws-cni",
      "cgroup_id": 4085,
      "wait_duration_stats_ns": {
        "count": 200.0,
        "sum": 463773481.99999994,
        "mean": 2318867.4099999997,
        "median": 380899.84015410196,
        "min": 3090,
        "max": 33726008,
        "variance_ns2": 41728279401453.74,
        "iqr_ns": 2047005.528901538,
        "q1_ns": 57186.320309993986,
        "q3_ns": 2104191.849211532
      },
      "futex_op_counts": {
        "128": 200
      },
      "first_seen_ts_ns": 2778190046234,
      "last_seen_ts_ns": 2778245484528
    },
    {
      "tgid": 74944,
      "comm": "runc:[2:INIT]",
      "cgroup_id": 5011,
      "wait_duration_stats_ns": {
        "count": 23.0,
        "sum": 438923200.99999994,
        "mean": 19083617.434782606,
        "median": 4231856.280713126,
        "min": 15891,
        "max": 98775989,
        "variance_ns2": 1159367608491019.8,
        "iqr_ns": 16762625.032878088,
        "q1_ns": 615613.097040845,
        "q3_ns": 17378238.129918933
      },
      "futex_op_counts": {
        "128": 23
      },
      "first_seen_ts_ns": 2785658516812,
      "last_seen_ts_ns": 2785770069923
    },
    {
      "tgid": 75169,
      "comm": "grpc-health-pro",
      "cgroup_id": 5011,
      "wait_duration_stats_ns": {
        "count": 30.0,
        "sum": 218396837.0,
        "mean": 7279894.566666666,
        "median": 2712397.4671027795,
        "min": 29931,
        "max": 35506998,
        "variance_ns2": 97622120961726.72,
        "iqr_ns": 8414243.537433933,
        "q1_ns": 515898.3280676218,
        "q3_ns": 8930141.865501555
      },
      "futex_op_counts": {
        "128": 30
      },
      "first_seen_ts_ns": 2815813479700,
      "last_seen_ts_ns": 2815856252751
    },
    {
      "tgid": 75144,
      "comm": "grpc-health-pro",
      "cgroup_id": 5011,
      "wait_duration_stats_ns": {
        "count": 21.0,
        "sum": 213713799.99999997,
        "mean": 10176847.619047618,
        "median": 10580336.460226689,
        "min": 79932,
        "max": 26341028,
        "variance_ns2": 68308859373603.86,
        "iqr_ns": 8576913.610336373,
        "q1_ns": 4168535.1271901317,
        "q3_ns": 12745448.737526504
      },
      "futex_op_counts": {
        "128": 21
      },
      "first_seen_ts_ns": 2814919184964,
      "last_seen_ts_ns": 2814960960675
    },
    {
      "tgid": 75117,
      "comm": "grpc-health-pro",
      "cgroup_id": 5011,
      "wait_duration_stats_ns": {
        "count": 23.0,
        "sum": 199225878.0,
        "mean": 8661994.695652174,
        "median": 4893462.234258385,
        "min": 50362,
        "max": 40075289,
        "variance_ns2": 107990867172196.23,
        "iqr_ns": 13015131.853657136,
        "q1_ns": 819497.5,
        "q3_ns": 13834629.353657136
      },
      "futex_op_counts": {
        "128": 23
      },
      "first_seen_ts_ns": 2805757677593,
      "last_seen_ts_ns": 2805810248185
    },
    {
      "tgid": 75294,
      "comm": "grpc-health-pro",
      "cgroup_id": 5011,
      "wait_duration_stats_ns": {
        "count": 22.0,
        "sum": 197336918.99999997,
        "mean": 8969859.954545453,
        "median": 6905730.22439847,
        "min": 36232,
        "max": 28823832,
        "variance_ns2": 91950043341877.67,
        "iqr_ns": 12117973.715137377,
        "q1_ns": 693265.6840136257,
        "q3_ns": 12811239.399151003
      },
      "futex_op_counts": {
        "128": 22
      },
      "first_seen_ts_ns": 2825816622468,
      "last_seen_ts_ns": 2825858954343
    },
    {
      "tgid": 75093,
      "comm": "grpc-health-pro",
      "cgroup_id": 5011,
      "wait_duration_stats_ns": {
        "count": 22.0,
        "sum": 196010871.99999997,
        "mean": 8909585.09090909,
        "median": 3073616.5963406055,
        "min": 32281,
        "max": 35942732,
        "variance_ns2": 139396936485869.33,
        "iqr_ns": 11712790.979665402,
        "q1_ns": 1095814.684259625,
        "q3_ns": 12808605.663925027
      },
      "futex_op_counts": {
        "128": 22
      },
      "first_seen_ts_ns": 2804910723879,
      "last_seen_ts_ns": 2804961136034
    },
    {
      "tgid": 75344,
      "comm": "grpc-health-pro",
      "cgroup_id": 5011,
      "wait_duration_stats_ns": {
        "count": 28.0,
        "sum": 192633753.0,
        "mean": 6879776.892857143,
        "median": 2164137.213342081,
        "min": 31381,
        "max": 31602840,
        "variance_ns2": 92834183929809.5,
        "iqr_ns": 9277656.062862478,
        "q1_ns": 320382.83255006286,
        "q3_ns": 9598038.895412542
      },
      "futex_op_counts": {
        "128": 28
      },
      "first_seen_ts_ns": 2835751385705,
      "last_seen_ts_ns": 2835797882988
    },
    {
      "tgid": 74816,
      "comm": "grpc-health-pro",
      "cgroup_id": 5011,
      "wait_duration_stats_ns": {
        "count": 18.0,
        "sum": 158032880.0,
        "mean": 8779604.444444444,
        "median": 7634966.429260319,
        "min": 29241,
        "max": 26371571,
        "variance_ns2": 69013938994672.85,
        "iqr_ns": 7574624.828509814,
        "q1_ns": 2829187.530184417,
        "q3_ns": 10403812.358694231
      },
      "futex_op_counts": {
        "128": 18
      },
      "first_seen_ts_ns": 2775638059225,
      "last_seen_ts_ns": 2775680100648
    },
    {
      "tgid": 75320,
      "comm": "grpc-health-pro",
      "cgroup_id": 5011,
      "wait_duration_stats_ns": {
        "count": 16.0,
        "sum": 154045785.00000003,
        "mean": 9627861.562500002,
        "median": 9202534.183333332,
        "min": 41611,
        "max": 23520986,
        "variance_ns2": 45623334495080.93,
        "iqr_ns": 9310277.50484182,
        "q1_ns": 4541493.155555556,
        "q3_ns": 13851770.660397375
      },
      "futex_op_counts": {
        "128": 16
      },
      "first_seen_ts_ns": 2834918961320,
      "last_seen_ts_ns": 2834950099766
    },
    {
      "tgid": 74968,
      "comm": "grpc-health-pro",
      "cgroup_id": 5011,
      "wait_duration_stats_ns": {
        "count": 22.0,
        "sum": 148585615.0,
        "mean": 6753891.590909091,
        "median": 6709959.579270174,
        "min": 29211,
        "max": 18331594,
        "variance_ns2": 35892717021764.15,
        "iqr_ns": 9994649.464673067,
        "q1_ns": 1836445.4652931227,
        "q3_ns": 11831094.929966189
      },
      "futex_op_counts": {
        "128": 22
      },
      "first_seen_ts_ns": 2794911973650,
      "last_seen_ts_ns": 2794948645699
    },
    {
      "tgid": 74847,
      "comm": "aws-cni",
      "cgroup_id": 4085,
      "wait_duration_stats_ns": {
        "count": 219.0,
        "sum": 142266443.99999997,
        "mean": 649618.4657534246,
        "median": 109182.28596119363,
        "min": 1160,
        "max": 17655683,
        "variance_ns2": 4603338875021.864,
        "iqr_ns": 322405.9721952783,
        "q1_ns": 38185.04114814894,
        "q3_ns": 360591.0133434272
      },
      "futex_op_counts": {
        "128": 219
      },
      "first_seen_ts_ns": 2778130556094,
      "last_seen_ts_ns": 2778159802454
    },
    {
      "tgid": 74993,
      "comm": "grpc-health-pro",
      "cgroup_id": 5011,
      "wait_duration_stats_ns": {
        "count": 21.0,
        "sum": 129357169.0,
        "mean": 6159865.19047619,
        "median": 2371316.7971735355,
        "min": 32721,
        "max": 21497513,
        "variance_ns2": 54956480652946.164,
        "iqr_ns": 9603129.142084114,
        "q1_ns": 933478.0902077365,
        "q3_ns": 10536607.232291851
      },
      "futex_op_counts": {
        "128": 21
      },
      "first_seen_ts_ns": 2795765100168,
      "last_seen_ts_ns": 2795800195650
    },
    {
      "tgid": 74921,
      "comm": "grpc-health-pro",
      "cgroup_id": 5011,
      "wait_duration_stats_ns": {
        "count": 23.0,
        "sum": 126159893.00000001,
        "mean": 5485212.7391304355,
        "median": 1596503.2013115645,
        "min": 14341,
        "max": 27872868,
        "variance_ns2": 55869579090846.83,
        "iqr_ns": 7766622.139511655,
        "q1_ns": 410133.64971139975,
        "q3_ns": 8176755.789223054
      },
      "futex_op_counts": {
        "128": 23
      },
      "first_seen_ts_ns": 2784919818860,
      "last_seen_ts_ns": 2784959530241
    },
    {
      "tgid": 74944,
      "comm": "grpc-health-pro",
      "cgroup_id": 5011,
      "wait_duration_stats_ns": {
        "count": 17.0,
        "sum": 112068356.0,
        "mean": 6592256.235294118,
        "median": 3476702.3502338436,
        "min": 14160,
        "max": 23211354,
        "variance_ns2": 54910151879334.2,
        "iqr_ns": 10528946.983954756,
        "q1_ns": 671271.7943877551,
        "q3_ns": 11200218.778342512
      },
      "futex_op_counts": {
        "128": 17
      },
      "first_seen_ts_ns": 2785793293747,
      "last_seen_ts_ns": 2785820204995
    },
    {
      "tgid": 75271,
      "comm": "grpc-health-pro",
      "cgroup_id": 5011,
      "wait_duration_stats_ns": {
        "count": 17.0,
        "sum": 103300861.0,
        "mean": 6076521.235294118,
        "median": 5647442.223614528,
        "min": 57082,
        "max": 13802962,
        "variance_ns2": 26320624948228.062,
        "iqr_ns": 8547758.289197825,
        "q1_ns": 1164820.098397172,
        "q3_ns": 9712578.387594998
      },
      "futex_op_counts": {
        "128": 17
      },
      "first_seen_ts_ns": 2825005312565,
      "last_seen_ts_ns": 2825035090056
    },
    {
      "tgid": 74788,
      "comm": "grpc-health-pro",
      "cgroup_id": 5011,
      "wait_duration_stats_ns": {
        "count": 16.0,
        "sum": 92406353.0,
        "mean": 5775397.0625,
        "median": 1716963.3004814817,
        "min": 32552,
        "max": 19090527,
        "variance_ns2": 46650420367716.2,
        "iqr_ns": 9118845.462409979,
        "q1_ns": 174629.1,
        "q3_ns": 9293474.562409978
      },
      "futex_op_counts": {
        "128": 16
      },
      "first_seen_ts_ns": 2774899384944,
      "last_seen_ts_ns": 2774921292727
    },
    {
      "tgid": 74836,
      "comm": "portmap",
      "cgroup_id": 4085,
      "wait_duration_stats_ns": {
        "count": 4.0,
        "sum": 34340717.0,
        "mean": 8585179.25,
        "median": 11888716.0,
        "min": 76792,
        "max": 11949298,
        "variance_ns2": 32670532331374.25,
        "iqr_ns": 1523387.0,
        "q1_ns": 10425911.0,
        "q3_ns": 11949298.0
      },
      "futex_op_counts": {
        "128": 4
      },
      "first_seen_ts_ns": 2778088164579,
      "last_seen_ts_ns": 2778100100257
    },
    {
      "tgid": 74867,
      "comm": "egress-cni",
      "cgroup_id": 4085,
      "wait_duration_stats_ns": {
        "count": 7.0,
        "sum": 26905788.0,
        "mean": 3843684.0,
        "median": 200556.0,
        "min": 40341,
        "max": 10346919,
        "variance_ns2": 23241949754925.332,
        "iqr_ns": 1212703.3333333333,
        "q1_ns": 200556.0,
        "q3_ns": 1413259.3333333333
      },
      "futex_op_counts": {
        "128": 7
      },
      "first_seen_ts_ns": 2778169576863,
      "last_seen_ts_ns": 2778179955123
    },
    {
      "tgid": 74841,
      "comm": "egress-cni",
      "cgroup_id": 4085,
      "wait_duration_stats_ns": {
        "count": 9.0,
        "sum": 20156383.0,
        "mean": 2239598.111111111,
        "median": 457984.0,
        "min": 44002,
        "max": 5989195,
        "variance_ns2": 5692033835754.361,
        "iqr_ns": 2852503.170138889,
        "q1_ns": 313625.0,
        "q3_ns": 3166128.170138889
      },
      "futex_op_counts": {
        "128": 9
      },
      "first_seen_ts_ns": 2778115689746,
      "last_seen_ts_ns": 2778120431582
    },
    {
      "tgid": 74626,
      "comm": "grpc-health-pro",
      "cgroup_id": 5011,
      "wait_duration_stats_ns": {
        "count": 35.0,
        "sum": 13543317.000000002,
        "mean": 386951.91428571433,
        "median": 162211.7528593354,
        "min": 18371,
        "max": 1717352,
        "variance_ns2": 278572836875.5513,
        "iqr_ns": 417830.2890067038,
        "q1_ns": 41776.42954966994,
        "q3_ns": 459606.7185563738
      },
      "futex_op_counts": {
        "128": 35
      },
      "first_seen_ts_ns": 2765565131580,
      "last_seen_ts_ns": 2765568070070
    },
    {
      "tgid": 74616,
      "comm": "runc",
      "cgroup_id": 4085,
      "wait_duration_stats_ns": {
        "count": 7.0,
        "sum": 7373237.0,
        "mean": 1053319.5714285714,
        "median": 844012.6666666666,
        "min": 24801,
        "max": 2422795,
        "variance_ns2": 1510302638203.286,
        "iqr_ns": 748859.6666666666,
        "q1_ns": 95153.0,
        "q3_ns": 844012.6666666666
      },
      "futex_op_counts": {
        "128": 7
      },
      "first_seen_ts_ns": 2765560297132,
      "last_seen_ts_ns": 2765562708346
    },
    {
      "tgid": 74626,
      "comm": "runc:[2:INIT]",
      "cgroup_id": 5011,
      "wait_duration_stats_ns": {
        "count": 11.0,
        "sum": 2940399.9999999995,
        "mean": 267309.0909090909,
        "median": 144794.0625,
        "min": 31921,
        "max": 1409343,
        "variance_ns2": 158896624634.0909,
        "iqr_ns": 253039.037345679,
        "q1_ns": 54676.375,
        "q3_ns": 307715.412345679
      },
      "futex_op_counts": {
        "128": 11
      },
      "first_seen_ts_ns": 2765562334614,
      "last_seen_ts_ns": 2765562741607
    },
    {
      "tgid": 74831,
      "comm": "loopback",
      "cgroup_id": 4085,
      "wait_duration_stats_ns": {
        "count": 6.0,
        "sum": 2173678.0,
        "mean": 362279.6666666666,
        "median": 395713.0,
        "min": 58112,
        "max": 628769,
        "variance_ns2": 39916148029.46666,
        "iqr_ns": 0.0,
        "q1_ns": 395713.0,
        "q3_ns": 395713.0
      },
      "futex_op_counts": {
        "128": 6
      },
      "first_seen_ts_ns": 2778072539849,
      "last_seen_ts_ns": 2778073413196
    },
    {
      "tgid": 74862,
      "comm": "portmap",
      "cgroup_id": 4085,
      "wait_duration_stats_ns": {
        "count": 6.0,
        "sum": 1628911.0,
        "mean": 271485.1666666667,
        "median": 258198.0,
        "min": 38451,
        "max": 584518,
        "variance_ns2": 35627324948.96666,
        "iqr_ns": 0.0,
        "q1_ns": 258198.0,
        "q3_ns": 258198.0
      },
      "futex_op_counts": {
        "128": 6
      },
      "first_seen_ts_ns": 2778165942052,
      "last_seen_ts_ns": 2778166522960
    },
    {
      "tgid": 74857,
      "comm": "loopback",
      "cgroup_id": 4085,
      "wait_duration_stats_ns": {
        "count": 6.0,
        "sum": 1203348.0,
        "mean": 200558.0,
        "median": 165485.0,
        "min": 44982,
        "max": 440214,
        "variance_ns2": 18104334692.4,
        "iqr_ns": 38744.333333333314,
        "q1_ns": 165485.0,
        "q3_ns": 204229.3333333333
      },
      "futex_op_counts": {
        "128": 6
      },
      "first_seen_ts_ns": 2778163773516,
      "last_seen_ts_ns": 2778164208089
    },
    {
      "tgid": 74473,
      "comm": "flux-broker-0",
      "cgroup_id": 25487,
      "wait_duration_stats_ns": {
        "count": 292.0,
        "sum": 905814.0000000002,
        "mean": 3102.102739726028,
        "median": 1484.2312150741395,
        "min": 730,
        "max": 74112,
        "variance_ns2": 38462615.72823992,
        "iqr_ns": 1309.0679853257418,
        "q1_ns": 1070.2148754477219,
        "q3_ns": 2379.2828607734637
      },
      "futex_op_counts": {
        "128": 292
      },
      "first_seen_ts_ns": 2770548556293,
      "last_seen_ts_ns": 2844209179411
    }
  ]
}
[16:29:23] Cleanup complete.
