ln: failed to create symbolic link '/mnt/flux/view/lib/python': File exists
ln: failed to create symbolic link '/mnt/flux/view/lib/python3': File exists
unlimited
PROGRAM: futex
Looking for /opt/programs/futex/ebpf-collect.c
[19:04:37] Starting eBPF (Tracepoints for futex syscalls).
[19:04:38] BPF program loaded and tracepoints automatically attached.
[19:04:38] Start Indicator file defined '/mnt/flux/start_ebpf_collection'. Waiting.
[19:04:38] Start indicator found. Proceeding.
[19:04:38] Ring buffers opened. Polling for events...
[19:05:38] 
Indicator file '/mnt/flux/stop_ebpf_collection' found. Stopping.
[19:05:38] Cleaning up BPF resources...
{
  "final_aggregated_futex_summary_river": [
    {
      "tgid": 7360,
      "comm": "containerd",
      "cgroup_id": 4085,
      "wait_duration_stats_ns": {
        "count": 4390.0,
        "sum": 1125585586532.9973,
        "mean": 256397627.9118445,
        "median": 4319078.7876601005,
        "min": 383,
        "max": 50023221437,
        "variance_ns2": 2.8927864173985275e+18,
        "iqr_ns": 67156262.41958967,
        "q1_ns": 196919.21930387386,
        "q3_ns": 67353181.63889354
      },
      "futex_op_counts": {
        "128": 4390
      },
      "first_seen_ts_ns": 8259026817279,
      "last_seen_ts_ns": 8319546010532
    },
    {
      "tgid": 7391,
      "comm": "kubelet",
      "cgroup_id": 4138,
      "wait_duration_stats_ns": {
        "count": 5137.0,
        "sum": 397707012691.0004,
        "mean": 77420092.01693603,
        "median": 14145685.763640769,
        "min": 456,
        "max": 12327461809,
        "variance_ns2": 3.502715144155507e+17,
        "iqr_ns": 62969392.13961812,
        "q1_ns": 2006453.3124214124,
        "q3_ns": 64975845.45203953
      },
      "futex_op_counts": {
        "128": 5137
      },
      "first_seen_ts_ns": 8259025634844,
      "last_seen_ts_ns": 8319687732123
    },
    {
      "tgid": 7486,
      "comm": "containerd-shim",
      "cgroup_id": 4085,
      "wait_duration_stats_ns": {
        "count": 672.0,
        "sum": 388215846944.00006,
        "mean": 577702153.1904763,
        "median": 636865.2827036704,
        "min": 495,
        "max": 20167688004,
        "variance_ns2": 2.907522704854152e+18,
        "iqr_ns": 32734356.29353001,
        "q1_ns": 68225.47416621566,
        "q3_ns": 32802581.767696224
      },
      "futex_op_counts": {
        "128": 672
      },
      "first_seen_ts_ns": 8259078019291,
      "last_seen_ts_ns": 8319057508061
    },
    {
      "tgid": 197223,
      "comm": "containerd-shim",
      "cgroup_id": 4085,
      "wait_duration_stats_ns": {
        "count": 220.0,
        "sum": 241768944761.99982,
        "mean": 1098949748.918181,
        "median": 5835333.176524472,
        "min": 11429,
        "max": 28891066558,
        "variance_ns2": 1.1750760908785836e+19,
        "iqr_ns": 22759056.53178088,
        "q1_ns": 2288710.8002217235,
        "q3_ns": 25047767.332002603
      },
      "futex_op_counts": {
        "128": 220
      },
      "first_seen_ts_ns": 8259406613310,
      "last_seen_ts_ns": 8319707976833
    },
    {
      "tgid": 8848,
      "comm": "coredns",
      "cgroup_id": 5501,
      "wait_duration_stats_ns": {
        "count": 369.0,
        "sum": 239290603747.00024,
        "mean": 648484020.9945806,
        "median": 559022390.3975412,
        "min": 8231,
        "max": 16013127817,
        "variance_ns2": 1.566261411930577e+18,
        "iqr_ns": 821758937.9779401,
        "q1_ns": 150103632.444724,
        "q3_ns": 971862570.422664
      },
      "futex_op_counts": {
        "128": 369
      },
      "first_seen_ts_ns": 8259175239654,
      "last_seen_ts_ns": 8319676961583
    },
    {
      "tgid": 8685,
      "comm": "containerd-shim",
      "cgroup_id": 4085,
      "wait_duration_stats_ns": {
        "count": 61.0,
        "sum": 230217554173.00003,
        "mean": 3774058265.131148,
        "median": 477487873.07079566,
        "min": 371,
        "max": 29995047279,
        "variance_ns2": 5.062985079875032e+19,
        "iqr_ns": 4530164945.9283,
        "q1_ns": 36263331.46334013,
        "q3_ns": 4566428277.39164
      },
      "futex_op_counts": {
        "128": 61
      },
      "first_seen_ts_ns": 8267921583904,
      "last_seen_ts_ns": 8313383237088
    },
    {
      "tgid": 8846,
      "comm": "coredns",
      "cgroup_id": 5431,
      "wait_duration_stats_ns": {
        "count": 410.0,
        "sum": 227537691192.9999,
        "mean": 554969978.5195119,
        "median": 439085288.47802556,
        "min": 5894,
        "max": 18007831685,
        "variance_ns2": 1.1832283597608676e+18,
        "iqr_ns": 795212508.296063,
        "q1_ns": 84263757.4792953,
        "q3_ns": 879476265.7753582
      },
      "futex_op_counts": {
        "128": 410
      },
      "first_seen_ts_ns": 8259173270819,
      "last_seen_ts_ns": 8319174297083
    },
    {
      "tgid": 9853,
      "comm": "metrics-server",
      "cgroup_id": 5921,
      "wait_duration_stats_ns": {
        "count": 967.0,
        "sum": 220488973945.99973,
        "mean": 228013416.69700074,
        "median": 119564507.77087043,
        "min": 482,
        "max": 36349941821,
        "variance_ns2": 1.6332804635019684e+18,
        "iqr_ns": 95896510.47030737,
        "q1_ns": 88046183.77667312,
        "q3_ns": 183942694.2469805
      },
      "futex_op_counts": {
        "128": 967
      },
      "first_seen_ts_ns": 8259284245778,
      "last_seen_ts_ns": 8319565795830
    },
    {
      "tgid": 10525,
      "comm": "kube-rbac-proxy",
      "cgroup_id": 6179,
      "wait_duration_stats_ns": {
        "count": 39.0,
        "sum": 214694718431.00003,
        "mean": 5504992780.282052,
        "median": 4974610928.459787,
        "min": 9969773,
        "max": 25010011672,
        "variance_ns2": 1.159078972142152e+19,
        "iqr_ns": 317582103.77318,
        "q1_ns": 4927569240.065624,
        "q3_ns": 5245151343.838804
      },
      "futex_op_counts": {
        "128": 39
      },
      "first_seen_ts_ns": 8268760034847,
      "last_seen_ts_ns": 8318757145172
    },
    {
      "tgid": 7488,
      "comm": "containerd-shim",
      "cgroup_id": 4085,
      "wait_duration_stats_ns": {
        "count": 50.0,
        "sum": 210491501512.0,
        "mean": 4209830030.2400002,
        "median": 332815916.3537303,
        "min": 11659,
        "max": 29996427869,
        "variance_ns2": 4.960402621322396e+19,
        "iqr_ns": 5421777240.684372,
        "q1_ns": 114592561.30948626,
        "q3_ns": 5536369801.993858
      },
      "futex_op_counts": {
        "128": 50
      },
      "first_seen_ts_ns": 8263250030675,
      "last_seen_ts_ns": 8313400034577
    },
    {
      "tgid": 196895,
      "comm": "containerd-shim",
      "cgroup_id": 4085,
      "wait_duration_stats_ns": {
        "count": 51.0,
        "sum": 209521275999.00003,
        "mean": 4108260313.705883,
        "median": 385876201.74304074,
        "min": 6960,
        "max": 29998065762,
        "variance_ns2": 4.666433779175536e+19,
        "iqr_ns": 6462307444.501777,
        "q1_ns": 157903898.0457806,
        "q3_ns": 6620211342.547557
      },
      "futex_op_counts": {
        "128": 51
      },
      "first_seen_ts_ns": 8264231410387,
      "last_seen_ts_ns": 8313391811681
    },
    {
      "tgid": 9851,
      "comm": "metrics-server",
      "cgroup_id": 5851,
      "wait_duration_stats_ns": {
        "count": 983.0,
        "sum": 205057388540.00015,
        "mean": 208603650.6002036,
        "median": 117161249.13358067,
        "min": 1036,
        "max": 22953437791,
        "variance_ns2": 9.655542106725537e+17,
        "iqr_ns": 87728924.15688066,
        "q1_ns": 81947228.53238364,
        "q3_ns": 169676152.6892643
      },
      "futex_op_counts": {
        "128": 983
      },
      "first_seen_ts_ns": 8259089009685,
      "last_seen_ts_ns": 8319589576225
    },
    {
      "tgid": 9778,
      "comm": "containerd-shim",
      "cgroup_id": 4085,
      "wait_duration_stats_ns": {
        "count": 59.0,
        "sum": 204437499790.00003,
        "mean": 3465042369.3220344,
        "median": 388740687.94547397,
        "min": 486,
        "max": 29992270178,
        "variance_ns2": 4.873607913842051e+19,
        "iqr_ns": 3704901357.6873875,
        "q1_ns": 13362576.650988689,
        "q3_ns": 3718263934.338376
      },
      "futex_op_counts": {
        "128": 59
      },
      "first_seen_ts_ns": 8267910441701,
      "last_seen_ts_ns": 8313390088810
    },
    {
      "tgid": 8683,
      "comm": "containerd-shim",
      "cgroup_id": 4085,
      "wait_duration_stats_ns": {
        "count": 48.0,
        "sum": 200787943568.0,
        "mean": 4183082157.666667,
        "median": 1351980296.7469501,
        "min": 12436,
        "max": 29996776486,
        "variance_ns2": 4.944792033040803e+19,
        "iqr_ns": 5820024992.346088,
        "q1_ns": 79083074.35707793,
        "q3_ns": 5899108066.703166
      },
      "futex_op_counts": {
        "128": 48
      },
      "first_seen_ts_ns": 8267911733083,
      "last_seen_ts_ns": 8313423821423
    },
    {
      "tgid": 7635,
      "comm": "kube-proxy",
      "cgroup_id": 4871,
      "wait_duration_stats_ns": {
        "count": 46.0,
        "sum": 199526259223.99997,
        "mean": 4337527374.434782,
        "median": 2969307116.347723,
        "min": 9984859,
        "max": 29989895837,
        "variance_ns2": 5.047923540921493e+19,
        "iqr_ns": 4761273766.851605,
        "q1_ns": 514406019.2348392,
        "q3_ns": 5275679786.086445
      },
      "futex_op_counts": {
        "128": 46
      },
      "first_seen_ts_ns": 8264614987907,
      "last_seen_ts_ns": 8315066203238
    },
    {
      "tgid": 10589,
      "comm": "manager",
      "cgroup_id": 6249,
      "wait_duration_stats_ns": {
        "count": 465.0,
        "sum": 195343611056.0001,
        "mean": 420093787.2172045,
        "median": 341965583.5955225,
        "min": 8709,
        "max": 16197281957,
        "variance_ns2": 9.429393981051497e+17,
        "iqr_ns": 468240841.43673736,
        "q1_ns": 31602353.553533457,
        "q3_ns": 499843194.9902708
      },
      "futex_op_counts": {
        "128": 465
      },
      "first_seen_ts_ns": 8259768998808,
      "last_seen_ts_ns": 8319269670854
    },
    {
      "tgid": 9397,
      "comm": "containerd-shim",
      "cgroup_id": 4085,
      "wait_duration_stats_ns": {
        "count": 59.0,
        "sum": 192854717788.99994,
        "mean": 3268724030.322033,
        "median": 1211268045.5217087,
        "min": 510,
        "max": 29999971834,
        "variance_ns2": 3.877917471362998e+19,
        "iqr_ns": 4174015632.849267,
        "q1_ns": 27508657.754648514,
        "q3_ns": 4201524290.6039157
      },
      "futex_op_counts": {
        "128": 59
      },
      "first_seen_ts_ns": 8267921443855,
      "last_seen_ts_ns": 8313424750990
    },
    {
      "tgid": 10440,
      "comm": "containerd-shim",
      "cgroup_id": 4085,
      "wait_duration_stats_ns": {
        "count": 81.0,
        "sum": 184272571714.0,
        "mean": 2274970021.160494,
        "median": 78259669.29081936,
        "min": 434,
        "max": 29991750190,
        "variance_ns2": 2.4976045141414224e+19,
        "iqr_ns": 1885985104.7265956,
        "q1_ns": 7212636.50303035,
        "q3_ns": 1893197741.229626
      },
      "futex_op_counts": {
        "128": 81
      },
      "first_seen_ts_ns": 8263187367594,
      "last_seen_ts_ns": 8314632321392
    },
    {
      "tgid": 7921,
      "comm": "aws-k8s-agent",
      "cgroup_id": 5011,
      "wait_duration_stats_ns": {
        "count": 213.0,
        "sum": 169859351101.99997,
        "mean": 797461742.2629107,
        "median": 181840551.9174933,
        "min": 4976,
        "max": 14512667630,
        "variance_ns2": 2.6047026800236063e+18,
        "iqr_ns": 1370599939.6489923,
        "q1_ns": 4596403.622025445,
        "q3_ns": 1375196343.2710178
      },
      "futex_op_counts": {
        "128": 213
      },
      "first_seen_ts_ns": 8261450037713,
      "last_seen_ts_ns": 8319471605795
    },
    {
      "tgid": 8052,
      "comm": "controller",
      "cgroup_id": 5081,
      "wait_duration_stats_ns": {
        "count": 258.0,
        "sum": 168950607682.0,
        "mean": 654847316.5968993,
        "median": 490885972.43133706,
        "min": 15946,
        "max": 10020083149,
        "variance_ns2": 1.7409284795739535e+18,
        "iqr_ns": 19951536.916148126,
        "q1_ns": 479751072.50693643,
        "q3_ns": 499702609.42308456
      },
      "futex_op_counts": {
        "128": 258
      },
      "first_seen_ts_ns": 8259455396748,
      "last_seen_ts_ns": 8319456091779
    },
    {
      "tgid": 7394,
      "comm": "ssm-agent-worke",
      "cgroup_id": 3429,
      "wait_duration_stats_ns": {
        "count": 125.0,
        "sum": 153701200274.99994,
        "mean": 1229609602.1999996,
        "median": 803061049.083505,
        "min": 14776,
        "max": 27686242159,
        "variance_ns2": 7.04636465257135e+18,
        "iqr_ns": 1777177064.8450537,
        "q1_ns": 172001335.15339702,
        "q3_ns": 1949178399.9984508
      },
      "futex_op_counts": {
        "128": 125
      },
      "first_seen_ts_ns": 8261329751618,
      "last_seen_ts_ns": 8319350805923
    },
    {
      "tgid": 7277,
      "comm": "amazon-ssm-agen",
      "cgroup_id": 3429,
      "wait_duration_stats_ns": {
        "count": 23.0,
        "sum": 3990852401.0,
        "mean": 173515321.7826087,
        "median": 17764761.184520744,
        "min": 911,
        "max": 1000198089,
        "variance_ns2": 1.494509570874941e+17,
        "iqr_ns": 120744284.25439319,
        "q1_ns": 2956043.477231592,
        "q3_ns": 123700327.73162478
      },
      "futex_op_counts": {
        "128": 23
      },
      "first_seen_ts_ns": 8310655480047,
      "last_seen_ts_ns": 8311656279207
    },
    {
      "tgid": 198093,
      "comm": "runc",
      "cgroup_id": 4085,
      "wait_duration_stats_ns": {
        "count": 257.0,
        "sum": 3296982448.0,
        "mean": 12828725.478599222,
        "median": 446683.0024931061,
        "min": 742,
        "max": 464475880,
        "variance_ns2": 2030824684550067.8,
        "iqr_ns": 19702689.291860428,
        "q1_ns": 67042.74942387863,
        "q3_ns": 19769732.041284308
      },
      "futex_op_counts": {
        "128": 257
      },
      "first_seen_ts_ns": 8283215710359,
      "last_seen_ts_ns": 8283680565821
    },
    {
      "tgid": 198117,
      "comm": "runc",
      "cgroup_id": 4085,
      "wait_duration_stats_ns": {
        "count": 249.0,
        "sum": 2662800076.0,
        "mean": 10693976.208835341,
        "median": 2389289.8842905085,
        "min": 1112,
        "max": 420309754,
        "variance_ns2": 1633489343677943.8,
        "iqr_ns": 6556353.175109282,
        "q1_ns": 92583.64084731511,
        "q3_ns": 6648936.815956597
      },
      "futex_op_counts": {
        "128": 249
      },
      "first_seen_ts_ns": 8288020072423,
      "last_seen_ts_ns": 8288490568652
    },
    {
      "tgid": 198142,
      "comm": "runc",
      "cgroup_id": 4085,
      "wait_duration_stats_ns": {
        "count": 331.0,
        "sum": 2495945422.0,
        "mean": 7540620.610271904,
        "median": 150300.39156618438,
        "min": 508,
        "max": 344273802,
        "variance_ns2": 2182702869682192.0,
        "iqr_ns": 1220674.9808782504,
        "q1_ns": 18520.856394625433,
        "q3_ns": 1239195.837272876
      },
      "futex_op_counts": {
        "128": 331
      },
      "first_seen_ts_ns": 8293236842203,
      "last_seen_ts_ns": 8293600605770
    },
    {
      "tgid": 198220,
      "comm": "runc",
      "cgroup_id": 4085,
      "wait_duration_stats_ns": {
        "count": 226.0,
        "sum": 2217591985.0,
        "mean": 9812353.915929204,
        "median": 444722.8110795027,
        "min": 4059,
        "max": 328334489,
        "variance_ns2": 2505775737288178.0,
        "iqr_ns": 3491343.2636830076,
        "q1_ns": 50879.530753410916,
        "q3_ns": 3542222.7944364185
      },
      "futex_op_counts": {
        "128": 226
      },
      "first_seen_ts_ns": 8298030036374,
      "last_seen_ts_ns": 8298450589278
    },
    {
      "tgid": 198266,
      "comm": "runc",
      "cgroup_id": 4085,
      "wait_duration_stats_ns": {
        "count": 234.0,
        "sum": 1990070098.0,
        "mean": 8504573.068376068,
        "median": 351911.7570571096,
        "min": 4042,
        "max": 288199812,
        "variance_ns2": 1560806509115328.8,
        "iqr_ns": 4095684.4243086996,
        "q1_ns": 48805.9084598167,
        "q3_ns": 4144490.332768516
      },
      "futex_op_counts": {
        "128": 234
      },
      "first_seen_ts_ns": 8308010041951,
      "last_seen_ts_ns": 8308300605781
    },
    {
      "tgid": 198243,
      "comm": "runc",
      "cgroup_id": 4085,
      "wait_duration_stats_ns": {
        "count": 227.0,
        "sum": 1679754704.0,
        "mean": 7399800.45814978,
        "median": 556445.7196967923,
        "min": 1751,
        "max": 270394266,
        "variance_ns2": 1230029660114412.2,
        "iqr_ns": 2308881.4391084407,
        "q1_ns": 22623.74520594636,
        "q3_ns": 2331505.184314387
      },
      "futex_op_counts": {
        "128": 227
      },
      "first_seen_ts_ns": 8303204387619,
      "last_seen_ts_ns": 8303510586395
    },
    {
      "tgid": 197970,
      "comm": "runc",
      "cgroup_id": 4085,
      "wait_duration_stats_ns": {
        "count": 228.0,
        "sum": 1577800993.0,
        "mean": 6920179.793859649,
        "median": 352927.10650269437,
        "min": 3796,
        "max": 210496067,
        "variance_ns2": 856550344132190.1,
        "iqr_ns": 2645083.4950329014,
        "q1_ns": 27592.193607232963,
        "q3_ns": 2672675.6886401344
      },
      "futex_op_counts": {
        "128": 228
      },
      "first_seen_ts_ns": 8267991174758,
      "last_seen_ts_ns": 8268250662180
    },
    {
      "tgid": 198290,
      "comm": "runc",
      "cgroup_id": 4085,
      "wait_duration_stats_ns": {
        "count": 236.0,
        "sum": 1558179065.0,
        "mean": 6602453.665254237,
        "median": 228264.7714827083,
        "min": 3839,
        "max": 224018972,
        "variance_ns2": 947138225032325.1,
        "iqr_ns": 3146997.506178326,
        "q1_ns": 29738.077216503647,
        "q3_ns": 3176735.5833948296
      },
      "futex_op_counts": {
        "128": 236
      },
      "first_seen_ts_ns": 8313250039183,
      "last_seen_ts_ns": 8313500643843
    },
    {
      "tgid": 198016,
      "comm": "runc",
      "cgroup_id": 4085,
      "wait_duration_stats_ns": {
        "count": 236.0,
        "sum": 1533420014.000001,
        "mean": 6497542.432203393,
        "median": 2464104.1785450797,
        "min": 4510,
        "max": 202694316,
        "variance_ns2": 504138607837669.5,
        "iqr_ns": 15080934.316407502,
        "q1_ns": 35703.43655881918,
        "q3_ns": 15116637.75296632
      },
      "futex_op_counts": {
        "128": 236
      },
      "first_seen_ts_ns": 8277990081096,
      "last_seen_ts_ns": 8278282803980
    },
    {
      "tgid": 198230,
      "comm": "runc:[2:INIT]",
      "cgroup_id": 5011,
      "wait_duration_stats_ns": {
        "count": 24.0,
        "sum": 1465180224.0000005,
        "mean": 61049176.000000015,
        "median": 36143701.72311108,
        "min": 8606033,
        "max": 249815231,
        "variance_ns2": 6928033196687172.0,
        "iqr_ns": 81568771.98448545,
        "q1_ns": 15494081.161316874,
        "q3_ns": 97062853.14580232
      },
      "futex_op_counts": {
        "128": 24
      },
      "first_seen_ts_ns": 8298170033234,
      "last_seen_ts_ns": 8298470033953
    },
    {
      "tgid": 198104,
      "comm": "runc:[2:INIT]",
      "cgroup_id": 5011,
      "wait_duration_stats_ns": {
        "count": 27.0,
        "sum": 1436803936.0,
        "mean": 53214960.59259259,
        "median": 22159637.37734526,
        "min": 10547,
        "max": 215742811,
        "variance_ns2": 5638601284487340.0,
        "iqr_ns": 18607115.932824362,
        "q1_ns": 15274451.28189766,
        "q3_ns": 33881567.21472202
      },
      "futex_op_counts": {
        "128": 27
      },
      "first_seen_ts_ns": 8283394282761,
      "last_seen_ts_ns": 8283682639280
    },
    {
      "tgid": 198153,
      "comm": "runc:[2:INIT]",
      "cgroup_id": 5011,
      "wait_duration_stats_ns": {
        "count": 26.0,
        "sum": 1232307507.0000002,
        "mean": 47396442.57692309,
        "median": 24214357.393926565,
        "min": 6186,
        "max": 230061371,
        "variance_ns2": 3977017430106236.0,
        "iqr_ns": 33851201.058406316,
        "q1_ns": 18061947.362819515,
        "q3_ns": 51913148.42122583
      },
      "futex_op_counts": {
        "128": 26
      },
      "first_seen_ts_ns": 8293290236578,
      "last_seen_ts_ns": 8293620038894
    },
    {
      "tgid": 198278,
      "comm": "runc:[2:INIT]",
      "cgroup_id": 5011,
      "wait_duration_stats_ns": {
        "count": 25.0,
        "sum": 1184466472.0,
        "mean": 47378658.879999995,
        "median": 24235081.168481357,
        "min": 636,
        "max": 209720531,
        "variance_ns2": 3606529317990622.5,
        "iqr_ns": 15872024.662127092,
        "q1_ns": 17664114.08152808,
        "q3_ns": 33536138.74365517
      },
      "futex_op_counts": {
        "128": 25
      },
      "first_seen_ts_ns": 8308070036883,
      "last_seen_ts_ns": 8308320034674
    },
    {
      "tgid": 198128,
      "comm": "runc:[2:INIT]",
      "cgroup_id": 5011,
      "wait_duration_stats_ns": {
        "count": 28.0,
        "sum": 1074615173.0,
        "mean": 38379113.321428575,
        "median": 24308175.709439553,
        "min": 8795356,
        "max": 139860996,
        "variance_ns2": 1145101925559296.8,
        "iqr_ns": 26785808.955959667,
        "q1_ns": 18823176.797257613,
        "q3_ns": 45608985.75321728
      },
      "futex_op_counts": {
        "128": 28
      },
      "first_seen_ts_ns": 8288280034416,
      "last_seen_ts_ns": 8288510031519
    },
    {
      "tgid": 197946,
      "comm": "runc",
      "cgroup_id": 4085,
      "wait_duration_stats_ns": {
        "count": 178.0,
        "sum": 1038699612.0,
        "mean": 5835391.078651685,
        "median": 222313.93475580192,
        "min": 2376,
        "max": 168269233,
        "variance_ns2": 636492994331701.2,
        "iqr_ns": 2346487.1426816583,
        "q1_ns": 29592.21473686151,
        "q3_ns": 2376079.35741852
      },
      "futex_op_counts": {
        "128": 178
      },
      "first_seen_ts_ns": 8263220029178,
      "last_seen_ts_ns": 8263400590716
    },
    {
      "tgid": 197993,
      "comm": "runc",
      "cgroup_id": 4085,
      "wait_duration_stats_ns": {
        "count": 174.0,
        "sum": 934308043.0,
        "mean": 5369586.454022989,
        "median": 123644.22480899497,
        "min": 3054,
        "max": 197245676,
        "variance_ns2": 773881171940603.8,
        "iqr_ns": 1118570.700741156,
        "q1_ns": 16144.0025710566,
        "q3_ns": 1134714.7033122126
      },
      "futex_op_counts": {
        "128": 174
      },
      "first_seen_ts_ns": 8273210593705,
      "last_seen_ts_ns": 8273410599206
    },
    {
      "tgid": 198056,
      "comm": "xhpcg",
      "cgroup_id": 66767,
      "wait_duration_stats_ns": {
        "count": 130.0,
        "sum": 917224486.0,
        "mean": 7055572.969230769,
        "median": 4831845.117722581,
        "min": 33397,
        "max": 23666799,
        "variance_ns2": 36486572086291.61,
        "iqr_ns": 6740210.236606755,
        "q1_ns": 3909308.651418398,
        "q3_ns": 10649518.888025153
      },
      "futex_op_counts": {
        "128": 130
      },
      "first_seen_ts_ns": 8279036608650,
      "last_seen_ts_ns": 8296468560631
    },
    {
      "tgid": 198253,
      "comm": "runc:[2:INIT]",
      "cgroup_id": 5011,
      "wait_duration_stats_ns": {
        "count": 28.0,
        "sum": 906519652.0,
        "mean": 32375701.85714286,
        "median": 19826026.482066195,
        "min": 6706,
        "max": 145659438,
        "variance_ns2": 1906843626912623.0,
        "iqr_ns": 37203614.4513049,
        "q1_ns": 10623008.583378967,
        "q3_ns": 47826623.03468387
      },
      "futex_op_counts": {
        "128": 28
      },
      "first_seen_ts_ns": 8303334363928,
      "last_seen_ts_ns": 8303520037103
    },
    {
      "tgid": 198049,
      "comm": "xhpcg",
      "cgroup_id": 66767,
      "wait_duration_stats_ns": {
        "count": 120.0,
        "sum": 886796743.0000001,
        "mean": 7389972.858333334,
        "median": 4982641.230790883,
        "min": 14442,
        "max": 24928086,
        "variance_ns2": 38842585472866.89,
        "iqr_ns": 10019693.703395396,
        "q1_ns": 2861351.6321408814,
        "q3_ns": 12881045.335536279
      },
      "futex_op_counts": {
        "128": 120
      },
      "first_seen_ts_ns": 8279036620600,
      "last_seen_ts_ns": 8296467842226
    },
    {
      "tgid": 198061,
      "comm": "xhpcg",
      "cgroup_id": 66767,
      "wait_duration_stats_ns": {
        "count": 132.0,
        "sum": 882021109.0,
        "mean": 6681978.098484849,
        "median": 4256237.187637252,
        "min": 19412,
        "max": 28146665,
        "variance_ns2": 33128163022357.53,
        "iqr_ns": 7595203.097895551,
        "q1_ns": 3653412.408597269,
        "q3_ns": 11248615.50649282
      },
      "futex_op_counts": {
        "128": 132
      },
      "first_seen_ts_ns": 8279036614107,
      "last_seen_ts_ns": 8296467951071
    },
    {
      "tgid": 198045,
      "comm": "xhpcg",
      "cgroup_id": 66767,
      "wait_duration_stats_ns": {
        "count": 108.0,
        "sum": 879946466.9999996,
        "mean": 8147652.472222219,
        "median": 7823969.488089753,
        "min": 51219,
        "max": 24178489,
        "variance_ns2": 39372306087030.11,
        "iqr_ns": 9389233.638321824,
        "q1_ns": 3477897.480283205,
        "q3_ns": 12867131.118605029
      },
      "futex_op_counts": {
        "128": 108
      },
      "first_seen_ts_ns": 8279036869520,
      "last_seen_ts_ns": 8296467818565
    },
    {
      "tgid": 198058,
      "comm": "xhpcg",
      "cgroup_id": 66767,
      "wait_duration_stats_ns": {
        "count": 113.0,
        "sum": 870549792.9999996,
        "mean": 7703980.469026545,
        "median": 6066773.914852383,
        "min": 23554,
        "max": 24976027,
        "variance_ns2": 39950734772376.01,
        "iqr_ns": 9713944.294262562,
        "q1_ns": 3293233.037467168,
        "q3_ns": 13007177.33172973
      },
      "futex_op_counts": {
        "128": 113
      },
      "first_seen_ts_ns": 8279036668358,
      "last_seen_ts_ns": 8296469044722
    },
    {
      "tgid": 198065,
      "comm": "xhpcg",
      "cgroup_id": 66767,
      "wait_duration_stats_ns": {
        "count": 112.0,
        "sum": 859591058.0000001,
        "mean": 7674920.160714286,
        "median": 5138665.566896378,
        "min": 15775,
        "max": 25101665,
        "variance_ns2": 44283654129614.78,
        "iqr_ns": 10061527.273132063,
        "q1_ns": 3143787.2324246215,
        "q3_ns": 13205314.505556684
      },
      "futex_op_counts": {
        "128": 112
      },
      "first_seen_ts_ns": 8279036563110,
      "last_seen_ts_ns": 8296468883283
    },
    {
      "tgid": 198071,
      "comm": "xhpcg",
      "cgroup_id": 66767,
      "wait_duration_stats_ns": {
        "count": 112.0,
        "sum": 857730319.0000001,
        "mean": 7658306.419642858,
        "median": 5582045.103529329,
        "min": 23028,
        "max": 24387941,
        "variance_ns2": 40066616251421.88,
        "iqr_ns": 9540240.539537136,
        "q1_ns": 3407361.6089104647,
        "q3_ns": 12947602.148447601
      },
      "futex_op_counts": {
        "128": 112
      },
      "first_seen_ts_ns": 8279036806295,
      "last_seen_ts_ns": 8296467921003
    },
    {
      "tgid": 198063,
      "comm": "xhpcg",
      "cgroup_id": 66767,
      "wait_duration_stats_ns": {
        "count": 100.0,
        "sum": 855021323.9999996,
        "mean": 8550213.239999996,
        "median": 8417277.839986712,
        "min": 80263,
        "max": 25556189,
        "variance_ns2": 51352547163001.375,
        "iqr_ns": 10458866.307092028,
        "q1_ns": 2538837.477463015,
        "q3_ns": 12997703.784555042
      },
      "futex_op_counts": {
        "128": 100
      },
      "first_seen_ts_ns": 8279036577218,
      "last_seen_ts_ns": 8296468641417
    },
    {
      "tgid": 198067,
      "comm": "xhpcg",
      "cgroup_id": 66767,
      "wait_duration_stats_ns": {
        "count": 116.0,
        "sum": 854944817.0000001,
        "mean": 7370213.939655174,
        "median": 4635511.986184137,
        "min": 27749,
        "max": 24955412,
        "variance_ns2": 36749916505615.07,
        "iqr_ns": 9665154.941365233,
        "q1_ns": 3382589.8633375037,
        "q3_ns": 13047744.804702736
      },
      "futex_op_counts": {
        "128": 116
      },
      "first_seen_ts_ns": 8279036569901,
      "last_seen_ts_ns": 8296468678534
    },
    {
      "tgid": 198053,
      "comm": "xhpcg",
      "cgroup_id": 66767,
      "wait_duration_stats_ns": {
        "count": 113.0,
        "sum": 847825903.9999998,
        "mean": 7502884.106194688,
        "median": 5729829.418241236,
        "min": 44396,
        "max": 25442832,
        "variance_ns2": 38958292431414.61,
        "iqr_ns": 9717768.73401583,
        "q1_ns": 3188149.793333985,
        "q3_ns": 12905918.527349815
      },
      "futex_op_counts": {
        "128": 113
      },
      "first_seen_ts_ns": 8279036558375,
      "last_seen_ts_ns": 8296468452991
    },
    {
      "tgid": 198048,
      "comm": "xhpcg",
      "cgroup_id": 66767,
      "wait_duration_stats_ns": {
        "count": 95.0,
        "sum": 847476700.0000001,
        "mean": 8920807.368421054,
        "median": 9714339.646984017,
        "min": 8160,
        "max": 24927366,
        "variance_ns2": 49858335428410.27,
        "iqr_ns": 10302752.31308076,
        "q1_ns": 2987214.140823398,
        "q3_ns": 13289966.453904158
      },
      "futex_op_counts": {
        "128": 95
      },
      "first_seen_ts_ns": 8279036711466,
      "last_seen_ts_ns": 8296468704288
    },
    {
      "tgid": 198046,
      "comm": "xhpcg",
      "cgroup_id": 66767,
      "wait_duration_stats_ns": {
        "count": 113.0,
        "sum": 840972965.0000002,
        "mean": 7442238.628318586,
        "median": 4914457.152651481,
        "min": 27287,
        "max": 24962438,
        "variance_ns2": 36626855371600.58,
        "iqr_ns": 9467955.818545004,
        "q1_ns": 3486619.0318069975,
        "q3_ns": 12954574.850352002
      },
      "futex_op_counts": {
        "128": 113
      },
      "first_seen_ts_ns": 8279036712644,
      "last_seen_ts_ns": 8296468349163
    },
    {
      "tgid": 198069,
      "comm": "xhpcg",
      "cgroup_id": 66767,
      "wait_duration_stats_ns": {
        "count": 119.0,
        "sum": 839509269.0,
        "mean": 7054699.739495798,
        "median": 4427320.682124341,
        "min": 16772,
        "max": 24957362,
        "variance_ns2": 35185453708838.56,
        "iqr_ns": 8501755.591352494,
        "q1_ns": 3186959.994257,
        "q3_ns": 11688715.585609494
      },
      "futex_op_counts": {
        "128": 119
      },
      "first_seen_ts_ns": 8279036820653,
      "last_seen_ts_ns": 8296468790234
    },
    {
      "tgid": 198051,
      "comm": "xhpcg",
      "cgroup_id": 66767,
      "wait_duration_stats_ns": {
        "count": 116.0,
        "sum": 839327823.9999998,
        "mean": 7235584.68965517,
        "median": 4626057.487374793,
        "min": 34665,
        "max": 25089588,
        "variance_ns2": 36839504004568.74,
        "iqr_ns": 9246581.867532106,
        "q1_ns": 3606551.464404022,
        "q3_ns": 12853133.331936128
      },
      "futex_op_counts": {
        "128": 116
      },
      "first_seen_ts_ns": 8279036616138,
      "last_seen_ts_ns": 8296468704911
    },
    {
      "tgid": 198047,
      "comm": "xhpcg",
      "cgroup_id": 66767,
      "wait_duration_stats_ns": {
        "count": 109.0,
        "sum": 828137397.9999998,
        "mean": 7597590.807339448,
        "median": 5578591.863266098,
        "min": 34667,
        "max": 25063386,
        "variance_ns2": 38605857737022.18,
        "iqr_ns": 9448601.892978355,
        "q1_ns": 3304229.850065042,
        "q3_ns": 12752831.743043397
      },
      "futex_op_counts": {
        "128": 109
      },
      "first_seen_ts_ns": 8279036612928,
      "last_seen_ts_ns": 8296468734715
    },
    {
      "tgid": 198060,
      "comm": "xhpcg",
      "cgroup_id": 66767,
      "wait_duration_stats_ns": {
        "count": 107.0,
        "sum": 818953570.0000004,
        "mean": 7653771.682242994,
        "median": 4965509.169528837,
        "min": 28587,
        "max": 24954734,
        "variance_ns2": 39208505149870.47,
        "iqr_ns": 10082829.864795208,
        "q1_ns": 3100366.968971624,
        "q3_ns": 13183196.833766831
      },
      "futex_op_counts": {
        "128": 107
      },
      "first_seen_ts_ns": 8279036649025,
      "last_seen_ts_ns": 8296468153715
    },
    {
      "tgid": 198002,
      "comm": "runc:[2:INIT]",
      "cgroup_id": 5011,
      "wait_duration_stats_ns": {
        "count": 30.0,
        "sum": 808344699.0,
        "mean": 26944823.3,
        "median": 22166441.945359264,
        "min": 17220,
        "max": 99959426,
        "variance_ns2": 791595363150903.0,
        "iqr_ns": 28580903.8281166,
        "q1_ns": 7034073.44826093,
        "q3_ns": 35614977.27637753
      },
      "futex_op_counts": {
        "128": 30
      },
      "first_seen_ts_ns": 8273270035686,
      "last_seen_ts_ns": 8273430035980
    },
    {
      "tgid": 198193,
      "comm": "xhpcg",
      "cgroup_id": 66767,
      "wait_duration_stats_ns": {
        "count": 122.0,
        "sum": 756947066.0,
        "mean": 6204484.147540984,
        "median": 4742098.730521743,
        "min": 26447,
        "max": 24040573,
        "variance_ns2": 28275695705990.39,
        "iqr_ns": 2822679.9513248536,
        "q1_ns": 3796676.9039054248,
        "q3_ns": 6619356.855230278
      },
      "futex_op_counts": {
        "128": 122
      },
      "first_seen_ts_ns": 8297277575539,
      "last_seen_ts_ns": 8313640977328
    },
    {
      "tgid": 198182,
      "comm": "xhpcg",
      "cgroup_id": 66767,
      "wait_duration_stats_ns": {
        "count": 101.0,
        "sum": 736456886.9999994,
        "mean": 7291652.346534648,
        "median": 4028465.090228426,
        "min": 15213,
        "max": 24568908,
        "variance_ns2": 42866332692814.875,
        "iqr_ns": 6406070.445780303,
        "q1_ns": 3312649.527780714,
        "q3_ns": 9718719.973561017
      },
      "futex_op_counts": {
        "128": 101
      },
      "first_seen_ts_ns": 8297277554721,
      "last_seen_ts_ns": 8313641187587
    },
    {
      "tgid": 198175,
      "comm": "xhpcg",
      "cgroup_id": 66767,
      "wait_duration_stats_ns": {
        "count": 96.0,
        "sum": 702786254.0,
        "mean": 7320690.145833333,
        "median": 4442068.075760683,
        "min": 30727,
        "max": 24709888,
        "variance_ns2": 41720224930116.51,
        "iqr_ns": 9561990.548379181,
        "q1_ns": 2269893.732136237,
        "q3_ns": 11831884.280515417
      },
      "futex_op_counts": {
        "128": 96
      },
      "first_seen_ts_ns": 8297277660543,
      "last_seen_ts_ns": 8313641180363
    },
    {
      "tgid": 198199,
      "comm": "xhpcg",
      "cgroup_id": 66767,
      "wait_duration_stats_ns": {
        "count": 91.0,
        "sum": 695989696.0000002,
        "mean": 7648238.41758242,
        "median": 5539957.854052647,
        "min": 16124,
        "max": 24623464,
        "variance_ns2": 40691472082580.07,
        "iqr_ns": 7897697.715461917,
        "q1_ns": 3541628.9720620285,
        "q3_ns": 11439326.687523946
      },
      "futex_op_counts": {
        "128": 91
      },
      "first_seen_ts_ns": 8297277821158,
      "last_seen_ts_ns": 8313641159242
    },
    {
      "tgid": 198190,
      "comm": "xhpcg",
      "cgroup_id": 66767,
      "wait_duration_stats_ns": {
        "count": 83.0,
        "sum": 690224004.0,
        "mean": 8315951.855421687,
        "median": 5965960.5826276075,
        "min": 119516,
        "max": 24568585,
        "variance_ns2": 47129089333464.375,
        "iqr_ns": 9025980.67996731,
        "q1_ns": 3114271.124629146,
        "q3_ns": 12140251.804596456
      },
      "futex_op_counts": {
        "128": 83
      },
      "first_seen_ts_ns": 8297277585031,
      "last_seen_ts_ns": 8313640967818
    },
    {
      "tgid": 198195,
      "comm": "xhpcg",
      "cgroup_id": 66767,
      "wait_duration_stats_ns": {
        "count": 110.0,
        "sum": 690173542.9999999,
        "mean": 6274304.936363636,
        "median": 3798452.7610298814,
        "min": 43659,
        "max": 24706381,
        "variance_ns2": 29050501344915.875,
        "iqr_ns": 6163597.21479371,
        "q1_ns": 3205645.202275233,
        "q3_ns": 9369242.417068943
      },
      "futex_op_counts": {
        "128": 110
      },
      "first_seen_ts_ns": 8297277626884,
      "last_seen_ts_ns": 8313641253532
    },
    {
      "tgid": 197925,
      "comm": "xhpcg",
      "cgroup_id": 66767,
      "wait_duration_stats_ns": {
        "count": 110.0,
        "sum": 684106747.0,
        "mean": 6219152.245454545,
        "median": 4049881.9977983925,
        "min": 80450,
        "max": 43409000,
        "variance_ns2": 42832647819701.375,
        "iqr_ns": 7451966.537375918,
        "q1_ns": 2707474.108386745,
        "q3_ns": 10159440.645762663
      },
      "futex_op_counts": {
        "128": 110
      },
      "first_seen_ts_ns": 8260265497859,
      "last_seen_ts_ns": 8278223873157
    },
    {
      "tgid": 198178,
      "comm": "xhpcg",
      "cgroup_id": 66767,
      "wait_duration_stats_ns": {
        "count": 102.0,
        "sum": 682276804.9999996,
        "mean": 6688988.2843137225,
        "median": 3806297.383739118,
        "min": 27047,
        "max": 24613161,
        "variance_ns2": 36206056152256.52,
        "iqr_ns": 6812120.109300277,
        "q1_ns": 2805123.1323481286,
        "q3_ns": 9617243.241648406
      },
      "futex_op_counts": {
        "128": 102
      },
      "first_seen_ts_ns": 8297277655726,
      "last_seen_ts_ns": 8313640970409
    },
    {
      "tgid": 198197,
      "comm": "xhpcg",
      "cgroup_id": 66767,
      "wait_duration_stats_ns": {
        "count": 100.0,
        "sum": 679373185.9999998,
        "mean": 6793731.859999998,
        "median": 3810509.242304441,
        "min": 54247,
        "max": 24639557,
        "variance_ns2": 36502537822863.34,
        "iqr_ns": 8476145.253006557,
        "q1_ns": 2868825.738981688,
        "q3_ns": 11344970.991988245
      },
      "futex_op_counts": {
        "128": 100
      },
      "first_seen_ts_ns": 8297277676759,
      "last_seen_ts_ns": 8313641250721
    },
    {
      "tgid": 197899,
      "comm": "xhpcg",
      "cgroup_id": 66767,
      "wait_duration_stats_ns": {
        "count": 93.0,
        "sum": 679242274.9999998,
        "mean": 7303680.376344083,
        "median": 4298346.055713105,
        "min": 105605,
        "max": 39538548,
        "variance_ns2": 65705074252911.48,
        "iqr_ns": 5099459.852548491,
        "q1_ns": 2166596.728556065,
        "q3_ns": 7266056.581104556
      },
      "futex_op_counts": {
        "128": 93
      },
      "first_seen_ts_ns": 8260265375524,
      "last_seen_ts_ns": 8278224562784
    },
    {
      "tgid": 198176,
      "comm": "xhpcg",
      "cgroup_id": 66767,
      "wait_duration_stats_ns": {
        "count": 86.0,
        "sum": 678377206.0000001,
        "mean": 7888107.046511629,
        "median": 6362550.658095029,
        "min": 90566,
        "max": 24702278,
        "variance_ns2": 43326588107898.15,
        "iqr_ns": 8107514.248787811,
        "q1_ns": 3359510.440032678,
        "q3_ns": 11467024.688820489
      },
      "futex_op_counts": {
        "128": 86
      },
      "first_seen_ts_ns": 8297277692603,
      "last_seen_ts_ns": 8313641192132
    },
    {
      "tgid": 198184,
      "comm": "xhpcg",
      "cgroup_id": 66767,
      "wait_duration_stats_ns": {
        "count": 84.0,
        "sum": 676777105.9999999,
        "mean": 8056870.309523809,
        "median": 7636134.262342628,
        "min": 29908,
        "max": 24662270,
        "variance_ns2": 45796227155238.305,
        "iqr_ns": 10083056.888381157,
        "q1_ns": 2431399.859945669,
        "q3_ns": 12514456.748326827
      },
      "futex_op_counts": {
        "128": 84
      },
      "first_seen_ts_ns": 8297277602314,
      "last_seen_ts_ns": 8313641244286
    },
    {
      "tgid": 198172,
      "comm": "xhpcg",
      "cgroup_id": 66767,
      "wait_duration_stats_ns": {
        "count": 80.0,
        "sum": 674340758.9999996,
        "mean": 8429259.487499995,
        "median": 8137978.319585012,
        "min": 24717,
        "max": 24616961,
        "variance_ns2": 45628426335175.4,
        "iqr_ns": 9292944.0012943,
        "q1_ns": 3396768.314573161,
        "q3_ns": 12689712.315867461
      },
      "futex_op_counts": {
        "128": 80
      },
      "first_seen_ts_ns": 8297277688441,
      "last_seen_ts_ns": 8313640946744
    },
    {
      "tgid": 197923,
      "comm": "xhpcg",
      "cgroup_id": 66767,
      "wait_duration_stats_ns": {
        "count": 100.0,
        "sum": 671067103.0000005,
        "mean": 6710671.030000005,
        "median": 3822799.856819925,
        "min": 17997,
        "max": 39200328,
        "variance_ns2": 66654869781726.555,
        "iqr_ns": 8603609.711993832,
        "q1_ns": 1527881.36110909,
        "q3_ns": 10131491.073102921
      },
      "futex_op_counts": {
        "128": 100
      },
      "first_seen_ts_ns": 8260265662935,
      "last_seen_ts_ns": 8278224290463
    },
    {
      "tgid": 198186,
      "comm": "xhpcg",
      "cgroup_id": 66767,
      "wait_duration_stats_ns": {
        "count": 108.0,
        "sum": 670663464.9999999,
        "mean": 6209846.898148147,
        "median": 3907792.317806344,
        "min": 15732,
        "max": 24637365,
        "variance_ns2": 29166293648931.332,
        "iqr_ns": 6359676.29190009,
        "q1_ns": 3122884.503590989,
        "q3_ns": 9482560.795491079
      },
      "futex_op_counts": {
        "128": 108
      },
      "first_seen_ts_ns": 8297277557790,
      "last_seen_ts_ns": 8313641246933
    },
    {
      "tgid": 197919,
      "comm": "xhpcg",
      "cgroup_id": 66767,
      "wait_duration_stats_ns": {
        "count": 88.0,
        "sum": 669229147.9999998,
        "mean": 7604876.68181818,
        "median": 4225947.400680856,
        "min": 50422,
        "max": 39319251,
        "variance_ns2": 74197865771497.16,
        "iqr_ns": 10032188.050281567,
        "q1_ns": 1853955.1544485078,
        "q3_ns": 11886143.204730075
      },
      "futex_op_counts": {
        "128": 88
      },
      "first_seen_ts_ns": 8260265400362,
      "last_seen_ts_ns": 8278225180049
    },
    {
      "tgid": 197904,
      "comm": "xhpcg",
      "cgroup_id": 66767,
      "wait_duration_stats_ns": {
        "count": 97.0,
        "sum": 666728265.0000001,
        "mean": 6873487.268041238,
        "median": 4343802.767884967,
        "min": 23490,
        "max": 39517842,
        "variance_ns2": 64753396709047.77,
        "iqr_ns": 7136863.755104581,
        "q1_ns": 1658136.9888063075,
        "q3_ns": 8795000.743910888
      },
      "futex_op_counts": {
        "128": 97
      },
      "first_seen_ts_ns": 8260265313620,
      "last_seen_ts_ns": 8278223952399
    },
    {
      "tgid": 198189,
      "comm": "xhpcg",
      "cgroup_id": 66767,
      "wait_duration_stats_ns": {
        "count": 93.0,
        "sum": 665372386.0,
        "mean": 7154541.784946237,
        "median": 4655546.688267082,
        "min": 37031,
        "max": 24621459,
        "variance_ns2": 37274596187034.83,
        "iqr_ns": 9709929.987152506,
        "q1_ns": 2765986.471827563,
        "q3_ns": 12475916.458980069
      },
      "futex_op_counts": {
        "128": 93
      },
      "first_seen_ts_ns": 8297277950975,
      "last_seen_ts_ns": 8313641214743
    },
    {
      "tgid": 198173,
      "comm": "xhpcg",
      "cgroup_id": 66767,
      "wait_duration_stats_ns": {
        "count": 88.0,
        "sum": 664283741.0000001,
        "mean": 7548678.875000001,
        "median": 6608612.32904045,
        "min": 51473,
        "max": 24089723,
        "variance_ns2": 42982410970678.93,
        "iqr_ns": 9843045.98965413,
        "q1_ns": 2707424.223911807,
        "q3_ns": 12550470.213565936
      },
      "futex_op_counts": {
        "128": 88
      },
      "first_seen_ts_ns": 8297277609870,
      "last_seen_ts_ns": 8313641170359
    },
    {
      "tgid": 198180,
      "comm": "xhpcg",
      "cgroup_id": 66767,
      "wait_duration_stats_ns": {
        "count": 89.0,
        "sum": 659767528.0000002,
        "mean": 7413118.2921348335,
        "median": 5116276.498711134,
        "min": 56789,
        "max": 24628078,
        "variance_ns2": 36604863561345.336,
        "iqr_ns": 9510577.769687258,
        "q1_ns": 3091397.9522534073,
        "q3_ns": 12601975.721940665
      },
      "futex_op_counts": {
        "128": 89
      },
      "first_seen_ts_ns": 8297277678486,
      "last_seen_ts_ns": 8313641244257
    },
    {
      "tgid": 197901,
      "comm": "xhpcg",
      "cgroup_id": 66767,
      "wait_duration_stats_ns": {
        "count": 84.0,
        "sum": 657828626.0000002,
        "mean": 7831293.166666669,
        "median": 4443360.61305684,
        "min": 1818,
        "max": 39326635,
        "variance_ns2": 79934644771112.95,
        "iqr_ns": 11869063.19444714,
        "q1_ns": 1455348.520857843,
        "q3_ns": 13324411.715304982
      },
      "futex_op_counts": {
        "128": 84
      },
      "first_seen_ts_ns": 8260265536155,
      "last_seen_ts_ns": 8278223871727
    },
    {
      "tgid": 198174,
      "comm": "xhpcg",
      "cgroup_id": 66767,
      "wait_duration_stats_ns": {
        "count": 88.0,
        "sum": 657792734.0000001,
        "mean": 7474917.431818183,
        "median": 5745158.920938337,
        "min": 54808,
        "max": 24623547,
        "variance_ns2": 36627340729918.15,
        "iqr_ns": 9410061.330292646,
        "q1_ns": 3023353.108727616,
        "q3_ns": 12433414.439020261
      },
      "futex_op_counts": {
        "128": 88
      },
      "first_seen_ts_ns": 8297277694385,
      "last_seen_ts_ns": 8313641203065
    },
    {
      "tgid": 197920,
      "comm": "xhpcg",
      "cgroup_id": 66767,
      "wait_duration_stats_ns": {
        "count": 102.0,
        "sum": 656103696.0000001,
        "mean": 6432389.176470589,
        "median": 4214141.291256575,
        "min": 12178,
        "max": 39111594,
        "variance_ns2": 42953378018685.49,
        "iqr_ns": 7145088.092884643,
        "q1_ns": 2460909.8399061146,
        "q3_ns": 9605997.932790758
      },
      "futex_op_counts": {
        "128": 102
      },
      "first_seen_ts_ns": 8260262090845,
      "last_seen_ts_ns": 8278224765919
    },
    {
      "tgid": 197898,
      "comm": "xhpcg",
      "cgroup_id": 66767,
      "wait_duration_stats_ns": {
        "count": 76.0,
        "sum": 651293241.9999996,
        "mean": 8569647.921052627,
        "median": 5312709.5076514,
        "min": 29834,
        "max": 39273939,
        "variance_ns2": 79545865124649.14,
        "iqr_ns": 12617492.685402583,
        "q1_ns": 2254065.771863263,
        "q3_ns": 14871558.457265846
      },
      "futex_op_counts": {
        "128": 76
      },
      "first_seen_ts_ns": 8260265494229,
      "last_seen_ts_ns": 8278224279183
    },
    {
      "tgid": 197911,
      "comm": "xhpcg",
      "cgroup_id": 66767,
      "wait_duration_stats_ns": {
        "count": 79.0,
        "sum": 650003408.9999999,
        "mean": 8227891.253164556,
        "median": 4390372.358234414,
        "min": 17649,
        "max": 39387985,
        "variance_ns2": 80542477344230.77,
        "iqr_ns": 10989217.375544034,
        "q1_ns": 2054980.5484717311,
        "q3_ns": 13044197.924015764
      },
      "futex_op_counts": {
        "128": 79
      },
      "first_seen_ts_ns": 8260265530510,
      "last_seen_ts_ns": 8278225300323
    },
    {
      "tgid": 197909,
      "comm": "xhpcg",
      "cgroup_id": 66767,
      "wait_duration_stats_ns": {
        "count": 91.0,
        "sum": 648745237.9999998,
        "mean": 7129068.549450547,
        "median": 3036187.494728356,
        "min": 24585,
        "max": 39310274,
        "variance_ns2": 74067043032984.9,
        "iqr_ns": 9556649.95760099,
        "q1_ns": 1362833.3505462497,
        "q3_ns": 10919483.30814724
      },
      "futex_op_counts": {
        "128": 91
      },
      "first_seen_ts_ns": 8260265419192,
      "last_seen_ts_ns": 8278224676747
    },
    {
      "tgid": 197917,
      "comm": "xhpcg",
      "cgroup_id": 66767,
      "wait_duration_stats_ns": {
        "count": 82.0,
        "sum": 648715794.9999998,
        "mean": 7911168.231707314,
        "median": 4453030.749695629,
        "min": 52757,
        "max": 39319069,
        "variance_ns2": 78694604597389.5,
        "iqr_ns": 8972990.30030935,
        "q1_ns": 1446357.3399549457,
        "q3_ns": 10419347.640264297
      },
      "futex_op_counts": {
        "128": 82
      },
      "first_seen_ts_ns": 8260265445997,
      "last_seen_ts_ns": 8278224220745
    },
    {
      "tgid": 197912,
      "comm": "xhpcg",
      "cgroup_id": 66767,
      "wait_duration_stats_ns": {
        "count": 86.0,
        "sum": 643593880.0000002,
        "mean": 7483649.767441863,
        "median": 3911230.3272287985,
        "min": 22368,
        "max": 39322965,
        "variance_ns2": 74987580480487.12,
        "iqr_ns": 8364645.573689986,
        "q1_ns": 1101842.3118270768,
        "q3_ns": 9466487.885517063
      },
      "futex_op_counts": {
        "128": 86
      },
      "first_seen_ts_ns": 8260265352018,
      "last_seen_ts_ns": 8278224457985
    },
    {
      "tgid": 197902,
      "comm": "xhpcg",
      "cgroup_id": 66767,
      "wait_duration_stats_ns": {
        "count": 78.0,
        "sum": 642596286.0,
        "mean": 8238413.923076923,
        "median": 4371141.347830374,
        "min": 33302,
        "max": 39303616,
        "variance_ns2": 81476677666137.28,
        "iqr_ns": 12894674.244391296,
        "q1_ns": 1584120.0592987088,
        "q3_ns": 14478794.303690005
      },
      "futex_op_counts": {
        "128": 78
      },
      "first_seen_ts_ns": 8260265454083,
      "last_seen_ts_ns": 8278224226889
    },
    {
      "tgid": 197915,
      "comm": "xhpcg",
      "cgroup_id": 66767,
      "wait_duration_stats_ns": {
        "count": 85.0,
        "sum": 642370729.0,
        "mean": 7557302.694117648,
        "median": 4394926.625998053,
        "min": 24092,
        "max": 41217909,
        "variance_ns2": 76329215832347.3,
        "iqr_ns": 10337648.122779928,
        "q1_ns": 1598861.3063983044,
        "q3_ns": 11936509.429178232
      },
      "futex_op_counts": {
        "128": 85
      },
      "first_seen_ts_ns": 8260265341580,
      "last_seen_ts_ns": 8278223872418
    },
    {
      "tgid": 197907,
      "comm": "xhpcg",
      "cgroup_id": 66767,
      "wait_duration_stats_ns": {
        "count": 88.0,
        "sum": 638780133.0000002,
        "mean": 7258865.147727275,
        "median": 4156542.9101485866,
        "min": 17670,
        "max": 39291845,
        "variance_ns2": 74137375776709.83,
        "iqr_ns": 8450809.011490125,
        "q1_ns": 1242387.5450855726,
        "q3_ns": 9693196.556575697
      },
      "futex_op_counts": {
        "128": 88
      },
      "first_seen_ts_ns": 8260265370874,
      "last_seen_ts_ns": 8278224916226
    },
    {
      "tgid": 197956,
      "comm": "runc:[2:INIT]",
      "cgroup_id": 5011,
      "wait_duration_stats_ns": {
        "count": 24.0,
        "sum": 637429802.0,
        "mean": 26559575.083333332,
        "median": 15527454.566926776,
        "min": 21667,
        "max": 119849296,
        "variance_ns2": 1541128862194235.0,
        "iqr_ns": 18100754.817199823,
        "q1_ns": 1726759.51517163,
        "q3_ns": 19827514.33237145
      },
      "futex_op_counts": {
        "128": 24
      },
      "first_seen_ts_ns": 8263250185760,
      "last_seen_ts_ns": 8263410035285
    },
    {
      "tgid": 197900,
      "comm": "xhpcg",
      "cgroup_id": 66767,
      "wait_duration_stats_ns": {
        "count": 86.0,
        "sum": 636620503.9999999,
        "mean": 7402563.999999998,
        "median": 4117703.691285762,
        "min": 68295,
        "max": 39241924,
        "variance_ns2": 74671598605817.47,
        "iqr_ns": 7946888.495405401,
        "q1_ns": 1373640.676477787,
        "q3_ns": 9320529.171883188
      },
      "futex_op_counts": {
        "128": 86
      },
      "first_seen_ts_ns": 8260265462449,
      "last_seen_ts_ns": 8278224213105
    },
    {
      "tgid": 198301,
      "comm": "runc:[2:INIT]",
      "cgroup_id": 5011,
      "wait_duration_stats_ns": {
        "count": 19.0,
        "sum": 627830462.0000001,
        "mean": 33043708.526315797,
        "median": 13798999.663085684,
        "min": 264706,
        "max": 113694936,
        "variance_ns2": 1401750284312957.5,
        "iqr_ns": 39059963.535643876,
        "q1_ns": 8265011.314730765,
        "q3_ns": 47324974.85037464
      },
      "futex_op_counts": {
        "128": 19
      },
      "first_seen_ts_ns": 8313356146252,
      "last_seen_ts_ns": 8313520035936
    },
    {
      "tgid": 197981,
      "comm": "runc:[2:INIT]",
      "cgroup_id": 5011,
      "wait_duration_stats_ns": {
        "count": 23.0,
        "sum": 621899018.0000001,
        "mean": 27039087.73913044,
        "median": 17848559.8625,
        "min": 15185,
        "max": 120456191,
        "variance_ns2": 1283072071638010.0,
        "iqr_ns": 1985491.5504117757,
        "q1_ns": 13819168.999166861,
        "q3_ns": 15804660.549578637
      },
      "futex_op_counts": {
        "128": 23
      },
      "first_seen_ts_ns": 8268090040461,
      "last_seen_ts_ns": 8268252115533
    },
    {
      "tgid": 198522,
      "comm": "runc",
      "cgroup_id": 4085,
      "wait_duration_stats_ns": {
        "count": 333.0,
        "sum": 425024920.00000006,
        "mean": 1276351.1111111112,
        "median": 113001.773165489,
        "min": 422,
        "max": 62432399,
        "variance_ns2": 60585547723744.82,
        "iqr_ns": 449201.5011244803,
        "q1_ns": 20877.17232074409,
        "q3_ns": 470078.67344522435
      },
      "futex_op_counts": {
        "128": 333
      },
      "first_seen_ts_ns": 8317988956784,
      "last_seen_ts_ns": 8318053454041
    },
    {
      "tgid": 198026,
      "comm": "runc:[2:INIT]",
      "cgroup_id": 5011,
      "wait_duration_stats_ns": {
        "count": 28.0,
        "sum": 363963152.9999999,
        "mean": 12998684.035714282,
        "median": 1446477.6178571428,
        "min": 397,
        "max": 67541119,
        "variance_ns2": 590321594343750.5,
        "iqr_ns": 24826079.321565226,
        "q1_ns": 171892.01391205017,
        "q3_ns": 24997971.335477278
      },
      "futex_op_counts": {
        "128": 28
      },
      "first_seen_ts_ns": 8278210038247,
      "last_seen_ts_ns": 8278282763031
    },
    {
      "tgid": 198128,
      "comm": "grpc-health-pro",
      "cgroup_id": 5011,
      "wait_duration_stats_ns": {
        "count": 16.0,
        "sum": 356850017.0,
        "mean": 22303126.0625,
        "median": 22115185.388888888,
        "min": 23191,
        "max": 59986199,
        "variance_ns2": 259151480784486.53,
        "iqr_ns": 11324592.745010287,
        "q1_ns": 14078303.4375,
        "q3_ns": 25402896.182510287
      },
      "futex_op_counts": {
        "128": 16
      },
      "first_seen_ts_ns": 8288540037549,
      "last_seen_ts_ns": 8288610030030
    },
    {
      "tgid": 198153,
      "comm": "grpc-health-pro",
      "cgroup_id": 5011,
      "wait_duration_stats_ns": {
        "count": 18.0,
        "sum": 330821550.0,
        "mean": 18378975.0,
        "median": 4938624.165455783,
        "min": 5310,
        "max": 57017311,
        "variance_ns2": 520437759725167.06,
        "iqr_ns": 28181241.95638315,
        "q1_ns": 492833.27105064236,
        "q3_ns": 28674075.227433793
      },
      "futex_op_counts": {
        "128": 18
      },
      "first_seen_ts_ns": 8293631895947,
      "last_seen_ts_ns": 8293690071734
    },
    {
      "tgid": 198104,
      "comm": "grpc-health-pro",
      "cgroup_id": 5011,
      "wait_duration_stats_ns": {
        "count": 13.0,
        "sum": 293696661.99999994,
        "mean": 22592050.92307692,
        "median": 21272483.9675,
        "min": 9964059,
        "max": 39955125,
        "variance_ns2": 110797939965767.75,
        "iqr_ns": 11063037.39900926,
        "q1_ns": 16282191.359555556,
        "q3_ns": 27345228.758564815
      },
      "futex_op_counts": {
        "128": 13
      },
      "first_seen_ts_ns": 8283700036546,
      "last_seen_ts_ns": 8283760036207
    },
    {
      "tgid": 197981,
      "comm": "grpc-health-pro",
      "cgroup_id": 5011,
      "wait_duration_stats_ns": {
        "count": 18.0,
        "sum": 288529352.0,
        "mean": 16029408.444444444,
        "median": 9039535.741690192,
        "min": 5989,
        "max": 49163606,
        "variance_ns2": 290520647764787.0,
        "iqr_ns": 25018605.448113058,
        "q1_ns": 947700.100824851,
        "q3_ns": 25966305.54893791
      },
      "futex_op_counts": {
        "128": 18
      },
      "first_seen_ts_ns": 8268259524961,
      "last_seen_ts_ns": 8268310031116
    },
    {
      "tgid": 198535,
      "comm": "runc:[2:INIT]",
      "cgroup_id": 5011,
      "wait_duration_stats_ns": {
        "count": 27.0,
        "sum": 271063791.00000006,
        "mean": 10039399.666666668,
        "median": 725237.6211042115,
        "min": 14006,
        "max": 54292158,
        "variance_ns2": 439270257793612.7,
        "iqr_ns": 10323115.206499677,
        "q1_ns": 206264.03909313632,
        "q3_ns": 10529379.245592814
      },
      "futex_op_counts": {
        "128": 27
      },
      "first_seen_ts_ns": 8317998443971,
      "last_seen_ts_ns": 8318053235747
    },
    {
      "tgid": 198230,
      "comm": "grpc-health-pro",
      "cgroup_id": 5011,
      "wait_duration_stats_ns": {
        "count": 14.0,
        "sum": 257364113.0,
        "mean": 18383150.92857143,
        "median": 13290726.683356483,
        "min": 6262,
        "max": 38750851,
        "variance_ns2": 217608161365284.53,
        "iqr_ns": 25040988.431391604,
        "q1_ns": 2524923.1100000003,
        "q3_ns": 27565911.541391604
      },
      "futex_op_counts": {
        "128": 14
      },
      "first_seen_ts_ns": 8298500035145,
      "last_seen_ts_ns": 8298540067627
    },
    {
      "tgid": 198002,
      "comm": "grpc-health-pro",
      "cgroup_id": 5011,
      "wait_duration_stats_ns": {
        "count": 10.0,
        "sum": 229288830.99999997,
        "mean": 22928883.099999998,
        "median": 19747826.722222224,
        "min": 9979825,
        "max": 32855241,
        "variance_ns2": 53573639673759.22,
        "iqr_ns": 5661345.000385802,
        "q1_ns": 18908385.0,
        "q3_ns": 24569730.000385802
      },
      "futex_op_counts": {
        "128": 10
      },
      "first_seen_ts_ns": 8273470031094,
      "last_seen_ts_ns": 8273520035186
    },
    {
      "tgid": 198301,
      "comm": "grpc-health-pro",
      "cgroup_id": 5011,
      "wait_duration_stats_ns": {
        "count": 11.0,
        "sum": 197441452.0,
        "mean": 17949222.90909091,
        "median": 18447657.633333333,
        "min": 9957747,
        "max": 29996578,
        "variance_ns2": 53643607956231.484,
        "iqr_ns": 5405360.633333333,
        "q1_ns": 15161947.7,
        "q3_ns": 20567308.333333332
      },
      "futex_op_counts": {
        "128": 11
      },
      "first_seen_ts_ns": 8313560070581,
      "last_seen_ts_ns": 8313600038856
    },
    {
      "tgid": 198278,
      "comm": "grpc-health-pro",
      "cgroup_id": 5011,
      "wait_duration_stats_ns": {
        "count": 9.0,
        "sum": 165890382.00000006,
        "mean": 18432264.66666667,
        "median": 19770354.194444444,
        "min": 9939860,
        "max": 29942116,
        "variance_ns2": 35699541451483.25,
        "iqr_ns": 4378831.92638889,
        "q1_ns": 17013616.444444444,
        "q3_ns": 21392448.370833334
      },
      "futex_op_counts": {
        "128": 9
      },
      "first_seen_ts_ns": 8308350033819,
      "last_seen_ts_ns": 8308390039783
    },
    {
      "tgid": 197956,
      "comm": "grpc-health-pro",
      "cgroup_id": 5011,
      "wait_duration_stats_ns": {
        "count": 9.0,
        "sum": 140860884.0,
        "mean": 15651209.333333334,
        "median": 16993032.833333332,
        "min": 2167612,
        "max": 29949477,
        "variance_ns2": 63462899091581.75,
        "iqr_ns": 8370268.618055556,
        "q1_ns": 11315674.048611112,
        "q3_ns": 19685942.666666668
      },
      "futex_op_counts": {
        "128": 9
      },
      "first_seen_ts_ns": 8263430033658,
      "last_seen_ts_ns": 8263460032372
    },
    {
      "tgid": 198253,
      "comm": "grpc-health-pro",
      "cgroup_id": 5011,
      "wait_duration_stats_ns": {
        "count": 30.0,
        "sum": 57746345.99999999,
        "mean": 1924878.1999999997,
        "median": 75215.23653556017,
        "min": 9503,
        "max": 16590406,
        "variance_ns2": 20386276692160.51,
        "iqr_ns": 998649.5275547378,
        "q1_ns": 26141.96415753139,
        "q3_ns": 1024791.4917122691
      },
      "futex_op_counts": {
        "128": 30
      },
      "first_seen_ts_ns": 8303532172331,
      "last_seen_ts_ns": 8303550071167
    },
    {
      "tgid": 198535,
      "comm": "grpc-health-pro",
      "cgroup_id": 5011,
      "wait_duration_stats_ns": {
        "count": 25.0,
        "sum": 9319654.999999998,
        "mean": 372786.19999999995,
        "median": 213723.7631343112,
        "min": 4694,
        "max": 1432155,
        "variance_ns2": 203946110507.16666,
        "iqr_ns": 457884.5143265771,
        "q1_ns": 51488.06428677031,
        "q3_ns": 509372.5786133474
      },
      "futex_op_counts": {
        "128": 25
      },
      "first_seen_ts_ns": 8318054824806,
      "last_seen_ts_ns": 8318057117498
    },
    {
      "tgid": 198026,
      "comm": "grpc-health-pro",
      "cgroup_id": 5011,
      "wait_duration_stats_ns": {
        "count": 24.0,
        "sum": 8073338.0,
        "mean": 336389.0833333333,
        "median": 150207.0536426183,
        "min": 8710,
        "max": 1384372,
        "variance_ns2": 181320926590.25366,
        "iqr_ns": 370800.6430950095,
        "q1_ns": 40854.7119151044,
        "q3_ns": 411655.3550101139
      },
      "futex_op_counts": {
        "128": 24
      },
      "first_seen_ts_ns": 8278284364852,
      "last_seen_ts_ns": 8278286672935
    },
    {
      "tgid": 197745,
      "comm": "flux-broker-0",
      "cgroup_id": 66767,
      "wait_duration_stats_ns": {
        "count": 168.0,
        "sum": 273990.00000000006,
        "mean": 1630.8928571428573,
        "median": 685.8596685467319,
        "min": 254,
        "max": 27272,
        "variance_ns2": 8775572.599230109,
        "iqr_ns": 983.6926294131115,
        "q1_ns": 381.0930796582161,
        "q3_ns": 1364.7857090713276
      },
      "futex_op_counts": {
        "128": 168
      },
      "first_seen_ts_ns": 8259626085917,
      "last_seen_ts_ns": 8319667501188
    }
  ]
}
[19:05:39] Cleanup complete.
