ln: failed to create symbolic link '/mnt/flux/view/lib/python': File exists
ln: failed to create symbolic link '/mnt/flux/view/lib/python3': File exists
unlimited
PROGRAM: futex
Looking for /opt/programs/futex/ebpf-collect.c
[04:27:49] Starting eBPF (Tracepoints for futex syscalls).
[04:27:50] BPF program loaded and tracepoints automatically attached.
[04:27:50] Start Indicator file defined '/mnt/flux/start_ebpf_collection'. Waiting.
[04:27:55] Start indicator found. Proceeding.
[04:27:55] Ring buffers opened. Polling for events...
[04:29:01] 
Indicator file '/mnt/flux/stop_ebpf_collection' found. Stopping.
[04:29:01] Cleaning up BPF resources...
{
  "final_aggregated_futex_summary_river": [
    {
      "tgid": 2300,
      "comm": "containerd",
      "cgroup_id": 4085,
      "wait_duration_stats_ns": {
        "count": 5281.0,
        "sum": 593170968122.9999,
        "mean": 112321713.33516377,
        "median": 497041.2826567307,
        "min": 488,
        "max": 9778710461,
        "variance_ns2": 4.090321763614095e+17,
        "iqr_ns": 71373103.3623437,
        "q1_ns": 71857.52598263211,
        "q3_ns": 71444960.88832633
      },
      "futex_op_counts": {
        "128": 5281
      },
      "first_seen_ts_ns": 2481035540363,
      "last_seen_ts_ns": 2551721215712
    },
    {
      "tgid": 2333,
      "comm": "kubelet",
      "cgroup_id": 4138,
      "wait_duration_stats_ns": {
        "count": 6594.0,
        "sum": 428595808666.9989,
        "mean": 64997847.84152243,
        "median": 9665958.223048214,
        "min": 556,
        "max": 21998207638,
        "variance_ns2": 3.263141893830655e+17,
        "iqr_ns": 35721548.07670382,
        "q1_ns": 1455707.967815926,
        "q3_ns": 37177256.044519745
      },
      "futex_op_counts": {
        "128": 6594
      },
      "first_seen_ts_ns": 2481092064484,
      "last_seen_ts_ns": 2551673899359
    },
    {
      "tgid": 2420,
      "comm": "containerd-shim",
      "cgroup_id": 4085,
      "wait_duration_stats_ns": {
        "count": 796.0,
        "sum": 427164461447.0005,
        "mean": 536638770.6620609,
        "median": 269058.19908136,
        "min": 814,
        "max": 9083247501,
        "variance_ns2": 3.228576255738715e+18,
        "iqr_ns": 17242055.161734257,
        "q1_ns": 104302.50625113145,
        "q3_ns": 17346357.667985387
      },
      "futex_op_counts": {
        "128": 796
      },
      "first_seen_ts_ns": 2487228942050,
      "last_seen_ts_ns": 2547384283183
    },
    {
      "tgid": 3642,
      "comm": "coredns",
      "cgroup_id": 5786,
      "wait_duration_stats_ns": {
        "count": 669.0,
        "sum": 349370425419.9999,
        "mean": 522227840.6875932,
        "median": 235689193.92450193,
        "min": 1359,
        "max": 24001014113,
        "variance_ns2": 1.5560560762579203e+18,
        "iqr_ns": 940126753.5628306,
        "q1_ns": 387411.80325245764,
        "q3_ns": 940514165.366083
      },
      "futex_op_counts": {
        "128": 669
      },
      "first_seen_ts_ns": 2481280259764,
      "last_seen_ts_ns": 2551627799602
    },
    {
      "tgid": 3803,
      "comm": "metrics-server",
      "cgroup_id": 5856,
      "wait_duration_stats_ns": {
        "count": 1494.0,
        "sum": 332543045670.99994,
        "mean": 222585706.607095,
        "median": 91624589.32162647,
        "min": 926,
        "max": 62020611510,
        "variance_ns2": 2.9267748341568333e+18,
        "iqr_ns": 197318664.73948622,
        "q1_ns": 14681873.057074353,
        "q3_ns": 212000537.7965606
      },
      "futex_op_counts": {
        "128": 1494
      },
      "first_seen_ts_ns": 2481043023326,
      "last_seen_ts_ns": 2551684037058
    },
    {
      "tgid": 45290,
      "comm": "containerd-shim",
      "cgroup_id": 4085,
      "wait_duration_stats_ns": {
        "count": 286.0,
        "sum": 322768973256.00006,
        "mean": 1128562843.5524478,
        "median": 12474217.652983982,
        "min": 494,
        "max": 23042704045,
        "variance_ns2": 9.221987439590456e+18,
        "iqr_ns": 420254233.02296937,
        "q1_ns": 1268874.3393472927,
        "q3_ns": 421523107.36231667
      },
      "futex_op_counts": {
        "128": 286
      },
      "first_seen_ts_ns": 2486256170367,
      "last_seen_ts_ns": 2551749593516
    },
    {
      "tgid": 3811,
      "comm": "metrics-server",
      "cgroup_id": 5926,
      "wait_duration_stats_ns": {
        "count": 1270.0,
        "sum": 320186707154.99963,
        "mean": 252115517.4448816,
        "median": 117031924.59305598,
        "min": 825,
        "max": 20595658469,
        "variance_ns2": 1.2564870098627384e+18,
        "iqr_ns": 115164173.05955563,
        "q1_ns": 50228347.72260548,
        "q3_ns": 165392520.78216112
      },
      "futex_op_counts": {
        "128": 1270
      },
      "first_seen_ts_ns": 2481217238942,
      "last_seen_ts_ns": 2551710362907
    },
    {
      "tgid": 3605,
      "comm": "coredns",
      "cgroup_id": 5716,
      "wait_duration_stats_ns": {
        "count": 601.0,
        "sum": 317862871146.99963,
        "mean": 528889968.630615,
        "median": 287971360.8975865,
        "min": 614,
        "max": 20000645101,
        "variance_ns2": 1.2788437012882742e+18,
        "iqr_ns": 917571267.9438633,
        "q1_ns": 136105.21899054555,
        "q3_ns": 917707373.1628538
      },
      "futex_op_counts": {
        "128": 601
      },
      "first_seen_ts_ns": 2481846296186,
      "last_seen_ts_ns": 2550847227092
    },
    {
      "tgid": 4733,
      "comm": "containerd-shim",
      "cgroup_id": 4085,
      "wait_duration_stats_ns": {
        "count": 115.0,
        "sum": 311158635432.0001,
        "mean": 2705727264.626088,
        "median": 162476909.23751757,
        "min": 604,
        "max": 30000809129,
        "variance_ns2": 3.4953541462130147e+19,
        "iqr_ns": 4070352303.609406,
        "q1_ns": 3977477.1647170326,
        "q3_ns": 4074329780.774123
      },
      "futex_op_counts": {
        "128": 115
      },
      "first_seen_ts_ns": 2487230729538,
      "last_seen_ts_ns": 2547385725544
    },
    {
      "tgid": 3458,
      "comm": "containerd-shim",
      "cgroup_id": 4085,
      "wait_duration_stats_ns": {
        "count": 66.0,
        "sum": 308480660259.00006,
        "mean": 4673949397.863637,
        "median": 2506092749.0341177,
        "min": 2160,
        "max": 29999380771,
        "variance_ns2": 5.713100922758034e+19,
        "iqr_ns": 5498510341.630685,
        "q1_ns": 29449329.86887814,
        "q3_ns": 5527959671.499563
      },
      "futex_op_counts": {
        "128": 66
      },
      "first_seen_ts_ns": 2491497586269,
      "last_seen_ts_ns": 2551501097379
    },
    {
      "tgid": 45156,
      "comm": "containerd-shim",
      "cgroup_id": 4085,
      "wait_duration_stats_ns": {
        "count": 69.0,
        "sum": 304960390117.9998,
        "mean": 4419715798.811591,
        "median": 762529955.6670444,
        "min": 505,
        "max": 30001876905,
        "variance_ns2": 5.647388247807879e+19,
        "iqr_ns": 5461875065.808155,
        "q1_ns": 39820578.07086513,
        "q3_ns": 5501695643.87902
      },
      "futex_op_counts": {
        "128": 69
      },
      "first_seen_ts_ns": 2487227792822,
      "last_seen_ts_ns": 2547381129388
    },
    {
      "tgid": 3130,
      "comm": "containerd-shim",
      "cgroup_id": 4085,
      "wait_duration_stats_ns": {
        "count": 85.0,
        "sum": 279552207831.0,
        "mean": 3288849503.8941174,
        "median": 729861363.4082931,
        "min": 1287,
        "max": 30000376503,
        "variance_ns2": 4.234163466541677e+19,
        "iqr_ns": 3079612589.317329,
        "q1_ns": 3024951.83802374,
        "q3_ns": 3082637541.1553526
      },
      "futex_op_counts": {
        "128": 85
      },
      "first_seen_ts_ns": 2490423805520,
      "last_seen_ts_ns": 2550424624254
    },
    {
      "tgid": 2837,
      "comm": "aws-k8s-agent",
      "cgroup_id": 5016,
      "wait_duration_stats_ns": {
        "count": 333.0,
        "sum": 256129598806.99997,
        "mean": 769157954.3753753,
        "median": 17600380.404440276,
        "min": 901,
        "max": 16094396045,
        "variance_ns2": 3.8796504673604424e+18,
        "iqr_ns": 910050731.8811684,
        "q1_ns": 1022905.7515657864,
        "q3_ns": 911073637.6327342
      },
      "futex_op_counts": {
        "128": 333
      },
      "first_seen_ts_ns": 2488135417806,
      "last_seen_ts_ns": 2550707305112
    },
    {
      "tgid": 3455,
      "comm": "containerd-shim",
      "cgroup_id": 4085,
      "wait_duration_stats_ns": {
        "count": 75.0,
        "sum": 252763579565.99988,
        "mean": 3370181060.879998,
        "median": 1540663560.85047,
        "min": 2269,
        "max": 29999093603,
        "variance_ns2": 3.1623176417184567e+19,
        "iqr_ns": 4309253040.244005,
        "q1_ns": 20843367.9841692,
        "q3_ns": 4330096408.228174
      },
      "futex_op_counts": {
        "128": 75
      },
      "first_seen_ts_ns": 2491497590508,
      "last_seen_ts_ns": 2551501178815
    },
    {
      "tgid": 3533,
      "comm": "containerd-shim",
      "cgroup_id": 4085,
      "wait_duration_stats_ns": {
        "count": 71.0,
        "sum": 248709662911.00003,
        "mean": 3502952998.7464795,
        "median": 1701158664.7696238,
        "min": 1058,
        "max": 30005300747,
        "variance_ns2": 3.3401317301837525e+19,
        "iqr_ns": 4262726654.9799404,
        "q1_ns": 21345456.096747324,
        "q3_ns": 4284072111.076688
      },
      "futex_op_counts": {
        "128": 71
      },
      "first_seen_ts_ns": 2491582950240,
      "last_seen_ts_ns": 2551589361413
    },
    {
      "tgid": 2421,
      "comm": "containerd-shim",
      "cgroup_id": 4085,
      "wait_duration_stats_ns": {
        "count": 59.0,
        "sum": 240433000786.0,
        "mean": 4075135606.5423727,
        "median": 1813384593.2157855,
        "min": 1749,
        "max": 29996717579,
        "variance_ns2": 3.9914098951010296e+19,
        "iqr_ns": 6810547650.433283,
        "q1_ns": 79646344.86165223,
        "q3_ns": 6890193995.294935
      },
      "futex_op_counts": {
        "128": 59
      },
      "first_seen_ts_ns": 2494003012414,
      "last_seen_ts_ns": 2547383015757
    },
    {
      "tgid": 4878,
      "comm": "manager",
      "cgroup_id": 6254,
      "wait_duration_stats_ns": {
        "count": 622.0,
        "sum": 219367853190.0,
        "mean": 352681435.99678457,
        "median": 252260494.92854825,
        "min": 14260,
        "max": 10686772525,
        "variance_ns2": 4.8750069755373536e+17,
        "iqr_ns": 493510882.4899832,
        "q1_ns": 7092649.251908347,
        "q3_ns": 500603531.74189156
      },
      "futex_op_counts": {
        "128": 622
      },
      "first_seen_ts_ns": 2481310061111,
      "last_seen_ts_ns": 2551626965911
    },
    {
      "tgid": 2966,
      "comm": "controller",
      "cgroup_id": 5086,
      "wait_duration_stats_ns": {
        "count": 296.0,
        "sum": 198422272595.0001,
        "mean": 670345515.523649,
        "median": 490217097.3224384,
        "min": 1911,
        "max": 10003833975,
        "variance_ns2": 1.852123617705558e+18,
        "iqr_ns": 24741840.12874472,
        "q1_ns": 474490891.0229569,
        "q3_ns": 499232731.1517016
      },
      "futex_op_counts": {
        "128": 296
      },
      "first_seen_ts_ns": 2481915279466,
      "last_seen_ts_ns": 2551415950301
    },
    {
      "tgid": 4819,
      "comm": "kube-rbac-proxy",
      "cgroup_id": 6184,
      "wait_duration_stats_ns": {
        "count": 39.0,
        "sum": 194994732198.99994,
        "mean": 4999864928.179485,
        "median": 4999935220.385376,
        "min": 4996078703,
        "max": 5001675310,
        "variance_ns2": 1094296415259.4149,
        "iqr_ns": 307061.46068286896,
        "q1_ns": 4999774840.77718,
        "q3_ns": 5000081902.237863
      },
      "futex_op_counts": {
        "128": 39
      },
      "first_seen_ts_ns": 2487758350390,
      "last_seen_ts_ns": 2547758530479
    },
    {
      "tgid": 2559,
      "comm": "kube-proxy",
      "cgroup_id": 4876,
      "wait_duration_stats_ns": {
        "count": 53.0,
        "sum": 189920719248.99997,
        "mean": 3583409797.150943,
        "median": 2703378077.634225,
        "min": 8172,
        "max": 29994498228,
        "variance_ns2": 3.1852731381698523e+19,
        "iqr_ns": 4405678706.004669,
        "q1_ns": 626739098.7731473,
        "q3_ns": 5032417804.777817
      },
      "futex_op_counts": {
        "128": 53
      },
      "first_seen_ts_ns": 2487253368179,
      "last_seen_ts_ns": 2547256827631
    },
    {
      "tgid": 2321,
      "comm": "ssm-agent-worke",
      "cgroup_id": 3429,
      "wait_duration_stats_ns": {
        "count": 103.0,
        "sum": 188590744155.0,
        "mean": 1830978098.592233,
        "median": 1615849414.123541,
        "min": 2043163,
        "max": 24557292785,
        "variance_ns2": 7.925419361193259e+18,
        "iqr_ns": 1459041654.77922,
        "q1_ns": 633662778.7333164,
        "q3_ns": 2092704433.5125365
      },
      "futex_op_counts": {
        "128": 103
      },
      "first_seen_ts_ns": 2487069959401,
      "last_seen_ts_ns": 2550724657829
    },
    {
      "tgid": 2820,
      "comm": "aws-vpc-cni",
      "cgroup_id": 5016,
      "wait_duration_stats_ns": {
        "count": 1.0,
        "sum": 60000090254.0,
        "mean": 60000090254.0,
        "median": 60000090254.0,
        "min": 60000090254,
        "max": 60000090254,
        "variance_ns2": null,
        "iqr_ns": 0.0,
        "q1_ns": 60000090254.0,
        "q3_ns": 60000090254.0
      },
      "futex_op_counts": {
        "128": 1
      },
      "first_seen_ts_ns": 2543357838051,
      "last_seen_ts_ns": 2543357838051
    },
    {
      "tgid": 46081,
      "comm": "xhpcg",
      "cgroup_id": 19833,
      "wait_duration_stats_ns": {
        "count": 3703.0,
        "sum": 6445215864.000012,
        "mean": 1740538.985687284,
        "median": 1542419.757757557,
        "min": 18919,
        "max": 55564034,
        "variance_ns2": 2483858826418.5337,
        "iqr_ns": 556173.4345426855,
        "q1_ns": 1341632.7695220464,
        "q3_ns": 1897806.204064732
      },
      "futex_op_counts": {
        "128": 3703
      },
      "first_seen_ts_ns": 2505320090080,
      "last_seen_ts_ns": 2524044031681
    },
    {
      "tgid": 46082,
      "comm": "xhpcg",
      "cgroup_id": 19833,
      "wait_duration_stats_ns": {
        "count": 3604.0,
        "sum": 6439441660.000006,
        "mean": 1786748.5183129872,
        "median": 1572217.8203375482,
        "min": 2097,
        "max": 65845622,
        "variance_ns2": 3214373040334.044,
        "iqr_ns": 736356.2482433557,
        "q1_ns": 1357673.4128438751,
        "q3_ns": 2094029.6610872308
      },
      "futex_op_counts": {
        "128": 3604
      },
      "first_seen_ts_ns": 2505319917543,
      "last_seen_ts_ns": 2524043989111
    },
    {
      "tgid": 46080,
      "comm": "xhpcg",
      "cgroup_id": 19833,
      "wait_duration_stats_ns": {
        "count": 3571.0,
        "sum": 6397447058.000005,
        "mean": 1791500.1562587523,
        "median": 1557468.2960178445,
        "min": 2531,
        "max": 79402283,
        "variance_ns2": 3667584719317.9175,
        "iqr_ns": 717208.4773035457,
        "q1_ns": 1352417.0011316726,
        "q3_ns": 2069625.4784352183
      },
      "futex_op_counts": {
        "128": 3571
      },
      "first_seen_ts_ns": 2505320205447,
      "last_seen_ts_ns": 2524043989130
    },
    {
      "tgid": 46083,
      "comm": "xhpcg",
      "cgroup_id": 19833,
      "wait_duration_stats_ns": {
        "count": 3547.0,
        "sum": 6353640186.999988,
        "mean": 1791271.5497603575,
        "median": 1534616.6428807098,
        "min": 23665,
        "max": 53109095,
        "variance_ns2": 3355585160233.034,
        "iqr_ns": 682782.8692987724,
        "q1_ns": 1338862.024093473,
        "q3_ns": 2021644.8933922455
      },
      "futex_op_counts": {
        "128": 3547
      },
      "first_seen_ts_ns": 2505320021593,
      "last_seen_ts_ns": 2524044207377
    },
    {
      "tgid": 46175,
      "comm": "xhpcg",
      "cgroup_id": 19833,
      "wait_duration_stats_ns": {
        "count": 3581.0,
        "sum": 6316977863.000001,
        "mean": 1764026.2113934658,
        "median": 1607845.5130242428,
        "min": 18906,
        "max": 52107810,
        "variance_ns2": 2333100253173.283,
        "iqr_ns": 680314.8482429562,
        "q1_ns": 1387192.024065938,
        "q3_ns": 2067506.8723088943
      },
      "futex_op_counts": {
        "128": 3581
      },
      "first_seen_ts_ns": 2524644295605,
      "last_seen_ts_ns": 2542704245360
    },
    {
      "tgid": 46174,
      "comm": "xhpcg",
      "cgroup_id": 19833,
      "wait_duration_stats_ns": {
        "count": 3468.0,
        "sum": 6185365389.99999,
        "mean": 1783554.0340253722,
        "median": 1566614.1342498956,
        "min": 20074,
        "max": 62352858,
        "variance_ns2": 2816158443421.306,
        "iqr_ns": 672454.186771292,
        "q1_ns": 1363192.993491945,
        "q3_ns": 2035647.180263237
      },
      "futex_op_counts": {
        "128": 3468
      },
      "first_seen_ts_ns": 2524644351246,
      "last_seen_ts_ns": 2542704237410
    },
    {
      "tgid": 45971,
      "comm": "xhpcg",
      "cgroup_id": 19833,
      "wait_duration_stats_ns": {
        "count": 3335.0,
        "sum": 6180450129.9999895,
        "mean": 1853208.4347826056,
        "median": 1627510.1012137933,
        "min": 2088,
        "max": 56328576,
        "variance_ns2": 2712631592239.7534,
        "iqr_ns": 454038.8849162464,
        "q1_ns": 1400375.933772294,
        "q3_ns": 1854414.8186885405
      },
      "futex_op_counts": {
        "128": 3335
      },
      "first_seen_ts_ns": 2486536252546,
      "last_seen_ts_ns": 2504733935558
    },
    {
      "tgid": 46177,
      "comm": "xhpcg",
      "cgroup_id": 19833,
      "wait_duration_stats_ns": {
        "count": 3462.0,
        "sum": 6178163721.000007,
        "mean": 1784564.9107452359,
        "median": 1594650.1034207013,
        "min": 2620,
        "max": 61136830,
        "variance_ns2": 2753961038339.045,
        "iqr_ns": 681004.1257497559,
        "q1_ns": 1377689.9684239668,
        "q3_ns": 2058694.0941737227
      },
      "futex_op_counts": {
        "128": 3462
      },
      "first_seen_ts_ns": 2524644201706,
      "last_seen_ts_ns": 2542704282099
    },
    {
      "tgid": 45969,
      "comm": "xhpcg",
      "cgroup_id": 19833,
      "wait_duration_stats_ns": {
        "count": 3328.0,
        "sum": 6172389115.000005,
        "mean": 1854684.2292668284,
        "median": 1653314.4593947614,
        "min": 2848,
        "max": 55034990,
        "variance_ns2": 2655961028773.0854,
        "iqr_ns": 996219.4935026462,
        "q1_ns": 1409755.6455690209,
        "q3_ns": 2405975.139071667
      },
      "futex_op_counts": {
        "128": 3328
      },
      "first_seen_ts_ns": 2486536341323,
      "last_seen_ts_ns": 2504733343338
    },
    {
      "tgid": 46176,
      "comm": "xhpcg",
      "cgroup_id": 19833,
      "wait_duration_stats_ns": {
        "count": 3336.0,
        "sum": 6099714794.999993,
        "mean": 1828451.6771582714,
        "median": 1537626.2245303956,
        "min": 42638,
        "max": 52549066,
        "variance_ns2": 2960471340328.951,
        "iqr_ns": 723221.9045729937,
        "q1_ns": 1385038.10909988,
        "q3_ns": 2108260.013672874
      },
      "futex_op_counts": {
        "128": 3336
      },
      "first_seen_ts_ns": 2524644909255,
      "last_seen_ts_ns": 2542704247163
    },
    {
      "tgid": 45972,
      "comm": "xhpcg",
      "cgroup_id": 19833,
      "wait_duration_stats_ns": {
        "count": 3346.0,
        "sum": 6077893896.999994,
        "mean": 1816465.5998206798,
        "median": 1671115.9238783128,
        "min": 19069,
        "max": 58128045,
        "variance_ns2": 2535111206838.3457,
        "iqr_ns": 805533.717661053,
        "q1_ns": 1389219.7092143316,
        "q3_ns": 2194753.4268753845
      },
      "futex_op_counts": {
        "128": 3346
      },
      "first_seen_ts_ns": 2486537076373,
      "last_seen_ts_ns": 2504733729041
    },
    {
      "tgid": 45970,
      "comm": "xhpcg",
      "cgroup_id": 19833,
      "wait_duration_stats_ns": {
        "count": 3166.0,
        "sum": 5857443794.999998,
        "mean": 1850108.5897030947,
        "median": 1546212.7901563356,
        "min": 33030,
        "max": 57426732,
        "variance_ns2": 3322401353253.753,
        "iqr_ns": 953522.137347088,
        "q1_ns": 1355519.0185338173,
        "q3_ns": 2309041.155880905
      },
      "futex_op_counts": {
        "128": 3166
      },
      "first_seen_ts_ns": 2486537097890,
      "last_seen_ts_ns": 2504733547087
    },
    {
      "tgid": 2213,
      "comm": "amazon-ssm-agen",
      "cgroup_id": 3429,
      "wait_duration_stats_ns": {
        "count": 4.0,
        "sum": 3000989929.0,
        "mean": 750247482.25,
        "median": 1000936207.0,
        "min": 196175,
        "max": 1001417647,
        "variance_ns2": 2.500359093711159e+17,
        "iqr_ns": 2977747.0,
        "q1_ns": 998439900.0,
        "q3_ns": 1001417647.0
      },
      "futex_op_counts": {
        "128": 4
      },
      "first_seen_ts_ns": 2512800409502,
      "last_seen_ts_ns": 2513801618160
    },
    {
      "tgid": 46121,
      "comm": "runc",
      "cgroup_id": 4085,
      "wait_duration_stats_ns": {
        "count": 332.0,
        "sum": 974036992.0,
        "mean": 2933846.361445783,
        "median": 100162.18986330213,
        "min": 612,
        "max": 139409669,
        "variance_ns2": 313983638883431.5,
        "iqr_ns": 2133393.0116340746,
        "q1_ns": 30053.719877653133,
        "q3_ns": 2163446.731511728
      },
      "futex_op_counts": {
        "128": 332
      },
      "first_seen_ts_ns": 2514540383049,
      "last_seen_ts_ns": 2514685158051
    },
    {
      "tgid": 46028,
      "comm": "runc",
      "cgroup_id": 4085,
      "wait_duration_stats_ns": {
        "count": 246.0,
        "sum": 878231818.0,
        "mean": 3570048.0406504064,
        "median": 268720.3672532463,
        "min": 7158,
        "max": 122453291,
        "variance_ns2": 332858296821975.06,
        "iqr_ns": 2134465.1523513114,
        "q1_ns": 32016.462104536942,
        "q3_ns": 2166481.6144558485
      },
      "futex_op_counts": {
        "128": 246
      },
      "first_seen_ts_ns": 2503494170291,
      "last_seen_ts_ns": 2503627485020
    },
    {
      "tgid": 46094,
      "comm": "runc",
      "cgroup_id": 4085,
      "wait_duration_stats_ns": {
        "count": 230.0,
        "sum": 768503998.0,
        "mean": 3341321.730434783,
        "median": 193632.90836767986,
        "min": 9044,
        "max": 95097978,
        "variance_ns2": 259424654513231.88,
        "iqr_ns": 1121886.4878447198,
        "q1_ns": 44564.36325340075,
        "q3_ns": 1166450.8510981204
      },
      "futex_op_counts": {
        "128": 230
      },
      "first_seen_ts_ns": 2513493587574,
      "last_seen_ts_ns": 2513597291542
    },
    {
      "tgid": 46212,
      "comm": "runc",
      "cgroup_id": 4085,
      "wait_duration_stats_ns": {
        "count": 304.0,
        "sum": 747912323.0000001,
        "mean": 2460237.9046052634,
        "median": 145859.4610161732,
        "min": 603,
        "max": 106783917,
        "variance_ns2": 192024942867915.75,
        "iqr_ns": 757741.973733338,
        "q1_ns": 29303.520737001985,
        "q3_ns": 787045.49447034
      },
      "futex_op_counts": {
        "128": 304
      },
      "first_seen_ts_ns": 2533496549357,
      "last_seen_ts_ns": 2533607860693
    },
    {
      "tgid": 45982,
      "comm": "runc",
      "cgroup_id": 4085,
      "wait_duration_stats_ns": {
        "count": 354.0,
        "sum": 730752760.0,
        "mean": 2064273.3333333333,
        "median": 111905.48918749156,
        "min": 665,
        "max": 102704832,
        "variance_ns2": 127874843417589.55,
        "iqr_ns": 631672.1898602466,
        "q1_ns": 28519.414027871157,
        "q3_ns": 660191.6038881177
      },
      "futex_op_counts": {
        "128": 354
      },
      "first_seen_ts_ns": 2493496054358,
      "last_seen_ts_ns": 2493610457729
    },
    {
      "tgid": 46237,
      "comm": "runc",
      "cgroup_id": 4085,
      "wait_duration_stats_ns": {
        "count": 310.0,
        "sum": 685502560.9999999,
        "mean": 2211298.5838709674,
        "median": 104573.7243368556,
        "min": 8837,
        "max": 83969256,
        "variance_ns2": 128531051676113.47,
        "iqr_ns": 582046.357769208,
        "q1_ns": 25804.96571527627,
        "q3_ns": 607851.3234844843
      },
      "futex_op_counts": {
        "128": 310
      },
      "first_seen_ts_ns": 2534539731073,
      "last_seen_ts_ns": 2534639380350
    },
    {
      "tgid": 46052,
      "comm": "runc",
      "cgroup_id": 4085,
      "wait_duration_stats_ns": {
        "count": 246.0,
        "sum": 628246608.0,
        "mean": 2553848.0,
        "median": 160085.29856356655,
        "min": 1106,
        "max": 91033217,
        "variance_ns2": 179202278756171.78,
        "iqr_ns": 764449.6194473447,
        "q1_ns": 32781.08866279018,
        "q3_ns": 797230.7081101348
      },
      "futex_op_counts": {
        "128": 246
      },
      "first_seen_ts_ns": 2504542457488,
      "last_seen_ts_ns": 2504638331395
    },
    {
      "tgid": 46145,
      "comm": "runc",
      "cgroup_id": 4085,
      "wait_duration_stats_ns": {
        "count": 301.0,
        "sum": 611524206.0,
        "mean": 2031641.8803986711,
        "median": 137738.37452261552,
        "min": 693,
        "max": 72898367,
        "variance_ns2": 106622273689857.1,
        "iqr_ns": 733832.2903864322,
        "q1_ns": 33522.64351427846,
        "q3_ns": 767354.9339007107
      },
      "futex_op_counts": {
        "128": 301
      },
      "first_seen_ts_ns": 2523493711165,
      "last_seen_ts_ns": 2523577652619
    },
    {
      "tgid": 46132,
      "comm": "runc:[2:INIT]",
      "cgroup_id": 5016,
      "wait_duration_stats_ns": {
        "count": 23.0,
        "sum": 576132238.0,
        "mean": 25049227.739130434,
        "median": 3641442.1847148724,
        "min": 1609,
        "max": 112919334,
        "variance_ns2": 2064786469635020.8,
        "iqr_ns": 47378555.732890844,
        "q1_ns": 1161509.9097222222,
        "q3_ns": 48540065.64261307
      },
      "futex_op_counts": {
        "128": 23
      },
      "first_seen_ts_ns": 2514570457554,
      "last_seen_ts_ns": 2514687080067
    },
    {
      "tgid": 46489,
      "comm": "runc",
      "cgroup_id": 4085,
      "wait_duration_stats_ns": {
        "count": 394.0,
        "sum": 562052085.0,
        "mean": 1426528.1345177665,
        "median": 78517.92123048482,
        "min": 6466,
        "max": 97236491,
        "variance_ns2": 111031968098087.22,
        "iqr_ns": 311102.40440384566,
        "q1_ns": 24555.311365295172,
        "q3_ns": 335657.7157691408
      },
      "futex_op_counts": {
        "128": 394
      },
      "first_seen_ts_ns": 2544535859476,
      "last_seen_ts_ns": 2544633392354
    },
    {
      "tgid": 46005,
      "comm": "runc",
      "cgroup_id": 4085,
      "wait_duration_stats_ns": {
        "count": 265.0,
        "sum": 556980297.0,
        "mean": 2101812.441509434,
        "median": 158870.04282002093,
        "min": 869,
        "max": 95536257,
        "variance_ns2": 152080752852714.53,
        "iqr_ns": 1440357.6447819564,
        "q1_ns": 29549.936235033743,
        "q3_ns": 1469907.5810169901
      },
      "futex_op_counts": {
        "128": 265
      },
      "first_seen_ts_ns": 2494547123211,
      "last_seen_ts_ns": 2494647730521
    },
    {
      "tgid": 46039,
      "comm": "runc:[2:INIT]",
      "cgroup_id": 5016,
      "wait_duration_stats_ns": {
        "count": 26.0,
        "sum": 527928455.00000006,
        "mean": 20304940.57692308,
        "median": 1897189.405465162,
        "min": 17405,
        "max": 104896315,
        "variance_ns2": 1549930739843108.8,
        "iqr_ns": 20986766.13109282,
        "q1_ns": 178033.7657864121,
        "q3_ns": 21164799.896879233
      },
      "futex_op_counts": {
        "128": 26
      },
      "first_seen_ts_ns": 2503521086989,
      "last_seen_ts_ns": 2503627901990
    },
    {
      "tgid": 46465,
      "comm": "runc",
      "cgroup_id": 4085,
      "wait_duration_stats_ns": {
        "count": 403.0,
        "sum": 464569675.0,
        "mean": 1152778.3498759305,
        "median": 65398.6495281264,
        "min": 680,
        "max": 67843952,
        "variance_ns2": 63248475542096.29,
        "iqr_ns": 275961.94253610994,
        "q1_ns": 23986.19798833192,
        "q3_ns": 299948.14052444184
      },
      "futex_op_counts": {
        "128": 403
      },
      "first_seen_ts_ns": 2543492208294,
      "last_seen_ts_ns": 2543563092393
    },
    {
      "tgid": 46106,
      "comm": "runc:[2:INIT]",
      "cgroup_id": 5016,
      "wait_duration_stats_ns": {
        "count": 25.0,
        "sum": 435991647.0,
        "mean": 17439665.88,
        "median": 542992.0723674083,
        "min": 2496,
        "max": 83734225,
        "variance_ns2": 1054672790172284.6,
        "iqr_ns": 24088665.35097895,
        "q1_ns": 810147.584967366,
        "q3_ns": 24898812.935946316
      },
      "futex_op_counts": {
        "128": 25
      },
      "first_seen_ts_ns": 2513509760619,
      "last_seen_ts_ns": 2513597409104
    },
    {
      "tgid": 46223,
      "comm": "runc:[2:INIT]",
      "cgroup_id": 5016,
      "wait_duration_stats_ns": {
        "count": 24.0,
        "sum": 429671151.0,
        "mean": 17902964.625,
        "median": 2482763.5755437976,
        "min": 11148,
        "max": 86184890,
        "variance_ns2": 1065302581926714.8,
        "iqr_ns": 28687035.146590993,
        "q1_ns": 235720.14513140835,
        "q3_ns": 28922755.291722402
      },
      "futex_op_counts": {
        "128": 24
      },
      "first_seen_ts_ns": 2533520478318,
      "last_seen_ts_ns": 2533607811850
    },
    {
      "tgid": 46499,
      "comm": "runc:[2:INIT]",
      "cgroup_id": 5016,
      "wait_duration_stats_ns": {
        "count": 26.0,
        "sum": 419642535.99999994,
        "mean": 16140097.538461536,
        "median": 1114383.733310218,
        "min": 1065,
        "max": 84360468,
        "variance_ns2": 1096815982070621.6,
        "iqr_ns": 16593153.68575584,
        "q1_ns": 64465.45125000002,
        "q3_ns": 16657619.13700584
      },
      "futex_op_counts": {
        "128": 26
      },
      "first_seen_ts_ns": 2544548495810,
      "last_seen_ts_ns": 2544633387085
    },
    {
      "tgid": 46182,
      "comm": "runc",
      "cgroup_id": 4085,
      "wait_duration_stats_ns": {
        "count": 399.0,
        "sum": 383196228.0,
        "mean": 960391.5488721804,
        "median": 58980.525674773424,
        "min": 671,
        "max": 63898431,
        "variance_ns2": 43095497953386.234,
        "iqr_ns": 245410.47552410042,
        "q1_ns": 22515.24674646858,
        "q3_ns": 267925.722270569
      },
      "futex_op_counts": {
        "128": 399
      },
      "first_seen_ts_ns": 2524536088300,
      "last_seen_ts_ns": 2524603117298
    },
    {
      "tgid": 46063,
      "comm": "runc:[2:INIT]",
      "cgroup_id": 5016,
      "wait_duration_stats_ns": {
        "count": 27.0,
        "sum": 380797621.0000001,
        "mean": 14103615.592592597,
        "median": 625399.0987322491,
        "min": 7480,
        "max": 73289398,
        "variance_ns2": 716987603339970.9,
        "iqr_ns": 14137857.530711133,
        "q1_ns": 136518.00199615196,
        "q3_ns": 14274375.532707285
      },
      "futex_op_counts": {
        "128": 27
      },
      "first_seen_ts_ns": 2504560565948,
      "last_seen_ts_ns": 2504638373530
    },
    {
      "tgid": 46015,
      "comm": "runc:[2:INIT]",
      "cgroup_id": 5016,
      "wait_duration_stats_ns": {
        "count": 25.0,
        "sum": 377267751.0,
        "mean": 15090710.04,
        "median": 2491755.5070408266,
        "min": 58497,
        "max": 71192874,
        "variance_ns2": 724415500416204.1,
        "iqr_ns": 14347360.650407305,
        "q1_ns": 1244794.764959683,
        "q3_ns": 15592155.415366989
      },
      "futex_op_counts": {
        "128": 25
      },
      "first_seen_ts_ns": 2494572480849,
      "last_seen_ts_ns": 2494647838823
    },
    {
      "tgid": 46249,
      "comm": "runc:[2:INIT]",
      "cgroup_id": 5016,
      "wait_duration_stats_ns": {
        "count": 25.0,
        "sum": 323590049.0,
        "mean": 12943601.96,
        "median": 1146990.1822754864,
        "min": 724,
        "max": 64933933,
        "variance_ns2": 556519208285107.56,
        "iqr_ns": 8590209.93014338,
        "q1_ns": 366894.4005563326,
        "q3_ns": 8957104.330699714
      },
      "futex_op_counts": {
        "128": 25
      },
      "first_seen_ts_ns": 2534573171063,
      "last_seen_ts_ns": 2534639389191
    },
    {
      "tgid": 45993,
      "comm": "runc:[2:INIT]",
      "cgroup_id": 5016,
      "wait_duration_stats_ns": {
        "count": 21.0,
        "sum": 303582489.0,
        "mean": 14456309.0,
        "median": 1809928.3854710737,
        "min": 79421,
        "max": 73035651,
        "variance_ns2": 682526049703981.9,
        "iqr_ns": 8265818.628789796,
        "q1_ns": 815372.5160385254,
        "q3_ns": 9081191.144828321
      },
      "futex_op_counts": {
        "128": 21
      },
      "first_seen_ts_ns": 2493531525200,
      "last_seen_ts_ns": 2493610443743
    },
    {
      "tgid": 46157,
      "comm": "runc:[2:INIT]",
      "cgroup_id": 5016,
      "wait_duration_stats_ns": {
        "count": 24.0,
        "sum": 294762958.00000006,
        "mean": 12281789.91666667,
        "median": 1304478.5740983572,
        "min": 14868,
        "max": 55940823,
        "variance_ns2": 447729237260997.8,
        "iqr_ns": 16973044.721911047,
        "q1_ns": 398496.23201284953,
        "q3_ns": 17371540.953923896
      },
      "futex_op_counts": {
        "128": 24
      },
      "first_seen_ts_ns": 2523517445214,
      "last_seen_ts_ns": 2523577679992
    },
    {
      "tgid": 46476,
      "comm": "runc:[2:INIT]",
      "cgroup_id": 5016,
      "wait_duration_stats_ns": {
        "count": 24.0,
        "sum": 280684300.0,
        "mean": 11695179.166666666,
        "median": 892449.4185115772,
        "min": 587,
        "max": 56495405,
        "variance_ns2": 516354761289039.75,
        "iqr_ns": 19328986.25585248,
        "q1_ns": 161566.71845486114,
        "q3_ns": 19490552.97430734
      },
      "futex_op_counts": {
        "128": 24
      },
      "first_seen_ts_ns": 2543506043322,
      "last_seen_ts_ns": 2543563085102
    },
    {
      "tgid": 46192,
      "comm": "runc:[2:INIT]",
      "cgroup_id": 5016,
      "wait_duration_stats_ns": {
        "count": 24.0,
        "sum": 260998237.00000003,
        "mean": 10874926.541666668,
        "median": 1443201.5418381344,
        "min": 1924,
        "max": 52587696,
        "variance_ns2": 443697079960559.3,
        "iqr_ns": 18331656.05443805,
        "q1_ns": 210271.60947446473,
        "q3_ns": 18541927.663912516
      },
      "futex_op_counts": {
        "128": 24
      },
      "first_seen_ts_ns": 2524550041598,
      "last_seen_ts_ns": 2524603114794
    },
    {
      "tgid": 46106,
      "comm": "grpc-health-pro",
      "cgroup_id": 5016,
      "wait_duration_stats_ns": {
        "count": 35.0,
        "sum": 72434893.0,
        "mean": 2069568.3714285716,
        "median": 521146.46842949593,
        "min": 16181,
        "max": 10396224,
        "variance_ns2": 8130143604800.182,
        "iqr_ns": 3742152.325398876,
        "q1_ns": 94228.10137994925,
        "q3_ns": 3836380.426778825
      },
      "futex_op_counts": {
        "128": 35
      },
      "first_seen_ts_ns": 2513600419239,
      "last_seen_ts_ns": 2513616655687
    },
    {
      "tgid": 46223,
      "comm": "grpc-health-pro",
      "cgroup_id": 5016,
      "wait_duration_stats_ns": {
        "count": 32.0,
        "sum": 62964575.0,
        "mean": 1967642.96875,
        "median": 425009.2545686115,
        "min": 12414,
        "max": 10594080,
        "variance_ns2": 8567672782518.87,
        "iqr_ns": 3355368.5426510624,
        "q1_ns": 118255.26508789064,
        "q3_ns": 3473623.807738953
      },
      "futex_op_counts": {
        "128": 32
      },
      "first_seen_ts_ns": 2533614194144,
      "last_seen_ts_ns": 2533630104422
    },
    {
      "tgid": 46063,
      "comm": "grpc-health-pro",
      "cgroup_id": 5016,
      "wait_duration_stats_ns": {
        "count": 26.0,
        "sum": 58396515.00000001,
        "mean": 2246019.807692308,
        "median": 1201487.2007129765,
        "min": 2514,
        "max": 7961602,
        "variance_ns2": 5594819794060.481,
        "iqr_ns": 3659122.441636176,
        "q1_ns": 213262.81086387474,
        "q3_ns": 3872385.2525000507
      },
      "futex_op_counts": {
        "128": 26
      },
      "first_seen_ts_ns": 2504645421467,
      "last_seen_ts_ns": 2504658037109
    },
    {
      "tgid": 46249,
      "comm": "grpc-health-pro",
      "cgroup_id": 5016,
      "wait_duration_stats_ns": {
        "count": 31.0,
        "sum": 40636051.00000001,
        "mean": 1310840.3548387098,
        "median": 653705.0944369179,
        "min": 43343,
        "max": 5771689,
        "variance_ns2": 2821398331985.1025,
        "iqr_ns": 2194523.500005732,
        "q1_ns": 91853.31575135121,
        "q3_ns": 2286376.8157570832
      },
      "futex_op_counts": {
        "128": 31
      },
      "first_seen_ts_ns": 2534646517062,
      "last_seen_ts_ns": 2534654861235
    },
    {
      "tgid": 46039,
      "comm": "grpc-health-pro",
      "cgroup_id": 5016,
      "wait_duration_stats_ns": {
        "count": 20.0,
        "sum": 40127018.0,
        "mean": 2006350.9,
        "median": 979777.0909510582,
        "min": 21033,
        "max": 6232995,
        "variance_ns2": 5046439974059.568,
        "iqr_ns": 3315847.5706679896,
        "q1_ns": 171692.0,
        "q3_ns": 3487539.5706679896
      },
      "futex_op_counts": {
        "128": 20
      },
      "first_seen_ts_ns": 2503634078072,
      "last_seen_ts_ns": 2503645617550
    },
    {
      "tgid": 46157,
      "comm": "grpc-health-pro",
      "cgroup_id": 5016,
      "wait_duration_stats_ns": {
        "count": 26.0,
        "sum": 38293350.0,
        "mean": 1472821.153846154,
        "median": 712675.1514197382,
        "min": 19763,
        "max": 5433129,
        "variance_ns2": 3332686744865.576,
        "iqr_ns": 2578654.0612181644,
        "q1_ns": 115532.63676472046,
        "q3_ns": 2694186.697982885
      },
      "futex_op_counts": {
        "128": 26
      },
      "first_seen_ts_ns": 2523584060389,
      "last_seen_ts_ns": 2523595977041
    },
    {
      "tgid": 45993,
      "comm": "grpc-health-pro",
      "cgroup_id": 5016,
      "wait_duration_stats_ns": {
        "count": 20.0,
        "sum": 31439603.0,
        "mean": 1571980.15,
        "median": 587393.7367346939,
        "min": 53505,
        "max": 5408515,
        "variance_ns2": 3498348090449.292,
        "iqr_ns": 2156171.4153358988,
        "q1_ns": 199943.18059964725,
        "q3_ns": 2356114.595935546
      },
      "futex_op_counts": {
        "128": 20
      },
      "first_seen_ts_ns": 2493614331945,
      "last_seen_ts_ns": 2493621503102
    },
    {
      "tgid": 46015,
      "comm": "grpc-health-pro",
      "cgroup_id": 5016,
      "wait_duration_stats_ns": {
        "count": 23.0,
        "sum": 23608655.000000004,
        "mean": 1026463.2608695653,
        "median": 478653.8503394087,
        "min": 2252,
        "max": 3494202,
        "variance_ns2": 1288156007593.838,
        "iqr_ns": 788454.4981332974,
        "q1_ns": 235012.1307355096,
        "q3_ns": 1023466.628868807
      },
      "futex_op_counts": {
        "128": 23
      },
      "first_seen_ts_ns": 2494651950574,
      "last_seen_ts_ns": 2494658871279
    },
    {
      "tgid": 46132,
      "comm": "grpc-health-pro",
      "cgroup_id": 5016,
      "wait_duration_stats_ns": {
        "count": 29.0,
        "sum": 14701216.0,
        "mean": 506938.4827586207,
        "median": 145025.21085588832,
        "min": 17350,
        "max": 2316577,
        "variance_ns2": 478230684956.6157,
        "iqr_ns": 499059.88668567553,
        "q1_ns": 33829.927940039815,
        "q3_ns": 532889.8146257154
      },
      "futex_op_counts": {
        "128": 29
      },
      "first_seen_ts_ns": 2514689823749,
      "last_seen_ts_ns": 2514693889576
    },
    {
      "tgid": 46192,
      "comm": "grpc-health-pro",
      "cgroup_id": 5016,
      "wait_duration_stats_ns": {
        "count": 33.0,
        "sum": 13148233.000000002,
        "mean": 398431.3030303031,
        "median": 143949.37168664456,
        "min": 10164,
        "max": 1925240,
        "variance_ns2": 324746624915.9677,
        "iqr_ns": 361611.53527408204,
        "q1_ns": 84516.77804425806,
        "q3_ns": 446128.3133183401
      },
      "futex_op_counts": {
        "128": 33
      },
      "first_seen_ts_ns": 2524605687375,
      "last_seen_ts_ns": 2524608923204
    },
    {
      "tgid": 46476,
      "comm": "grpc-health-pro",
      "cgroup_id": 5016,
      "wait_duration_stats_ns": {
        "count": 34.0,
        "sum": 11919192.0,
        "mean": 350564.4705882353,
        "median": 102976.03779555691,
        "min": 15339,
        "max": 1831485,
        "variance_ns2": 294781905973.5294,
        "iqr_ns": 224881.0878926271,
        "q1_ns": 35711.65714285714,
        "q3_ns": 260592.74503548426
      },
      "futex_op_counts": {
        "128": 34
      },
      "first_seen_ts_ns": 2543565324847,
      "last_seen_ts_ns": 2543568476383
    },
    {
      "tgid": 46499,
      "comm": "grpc-health-pro",
      "cgroup_id": 5016,
      "wait_duration_stats_ns": {
        "count": 36.0,
        "sum": 11270448.000000002,
        "mean": 313068.00000000006,
        "median": 59198.58950720545,
        "min": 7606,
        "max": 1617805,
        "variance_ns2": 259577100609.7143,
        "iqr_ns": 264205.50396046514,
        "q1_ns": 28709.482065915065,
        "q3_ns": 292914.9860263802
      },
      "futex_op_counts": {
        "128": 36
      },
      "first_seen_ts_ns": 2544635644148,
      "last_seen_ts_ns": 2544638679606
    },
    {
      "tgid": 45813,
      "comm": "flux-broker-0",
      "cgroup_id": 19833,
      "wait_duration_stats_ns": {
        "count": 215.0,
        "sum": 891793.9999999997,
        "mean": 4147.87906976744,
        "median": 1749.1338030399002,
        "min": 455,
        "max": 103664,
        "variance_ns2": 78515249.15353185,
        "iqr_ns": 3690.164804180092,
        "q1_ns": 1041.8299868936813,
        "q3_ns": 4731.994791073773
      },
      "futex_op_counts": {
        "128": 215
      },
      "first_seen_ts_ns": 2486236867723,
      "last_seen_ts_ns": 2551744050357
    }
  ]
}
[04:29:01] Cleanup complete.
