

32 32 32
15
chmod: cannot access './wait-fs': No such file or directory
mv: cannot stat './wait-fs': No such file or directory
ln: failed to create symbolic link '/mnt/flux/view/lib/python': File exists
ln: failed to create symbolic link '/mnt/flux/view/lib/python3': File exists
#!/bin/bash
set -euo pipefail
flux resource list
echo "The parent process ID is: $PPID"          
echo "The execution parent process ID is: $$"         
CGROUP_PATH_LINE=$(cat "/proc/$$/cgroup")
echo 
CGROUP_V2_PATH=${CGROUP_PATH_LINE:3}
ACTUAL_CGROUP_DIR="/sys/fs/cgroup${CGROUP_V2_PATH}"
TARGET_CGROUP_ID=$(stat -c '%i' $ACTUAL_CGROUP_DIR)
echo "The cgroup id is $TARGET_CGROUP_ID"
echo -n $TARGET_CGROUP_ID > /mnt/flux/cgroup-id.txt
sleep 5
flux exec -r all touch /mnt/flux/start_ebpf_collection
for i in {1..3}
do
  echo "FLUX-RUN START hpcg-iter-$i"
  flux run --setattr=user.study_id=hpcg-iter-$i -N1 -n 48 -o cpu-affinity=per-task -o gpu-affinity=off     /opt/hpcg/xhpcg
  
   echo "FLUX-RUN END hpcg-iter-$i"
done

  echo "FLUX-RESULTS START"
  cat hpcg*.txt
  echo "HPCG-BENCHMARKS"
  cat HPCG-Benchmark*.txt
  echo "FLUX-RESULTS END"

output=./results/${app}
(apt-get update > /dev/null 2>&1 && apt-get install -y jq > /dev/null 2>&1) || (yum update -y > /dev/null 2>&1 && yum install -y jq > /dev/null 2>&1)
mkdir -p $output
for jobid in $(flux jobs -a --json | jq -r .jobs[].id); do
    echo
    study_id=$(flux job info $jobid jobspec | jq -r ".attributes.user.study_id")
    echo "FLUX-JOB START ${jobid} ${study_id}"
    echo "FLUX-JOB-JOBSPEC START"
    flux job info $jobid jobspec
    echo "FLUX-JOB-JOBSPEC END" 
    
    echo "FLUX-JOB-RESOURCES START"
    flux job info ${jobid} R
    echo "FLUX-JOB-RESOURCES END"
    echo "FLUX-JOB-EVENTLOG START" 
    flux job info $jobid guest.exec.eventlog
    echo "FLUX-JOB-EVENTLOG END" 
    echo "FLUX-JOB END ${jobid} ${study_id}"
done
echo "FLUX JOB STATS"
flux job stats 

     STATE NNODES   NCORES    NGPUS NODELIST
      free      1       48        0 hpcg-0
 allocated      0        0        0 
      down      0        0        0 
The parent process ID is: 119
The execution parent process ID is: 293

The cgroup id is 25527
FLUX-RUN START hpcg-iter-1
FLUX-RUN END hpcg-iter-1
FLUX-RUN START hpcg-iter-2
FLUX-RUN END hpcg-iter-2
FLUX-RUN START hpcg-iter-3
FLUX-RUN END hpcg-iter-3
FLUX-RESULTS START
WARNING: PERFORMING UNPRECONDITIONED ITERATIONS
Call [0] Number of Iterations [11] Scaled Residual [1.0216e-13]
WARNING: PERFORMING UNPRECONDITIONED ITERATIONS
Call [1] Number of Iterations [11] Scaled Residual [1.0216e-13]
Call [0] Number of Iterations [2] Scaled Residual [6.44586e-17]
Call [1] Number of Iterations [2] Scaled Residual [6.44586e-17]
Departure from symmetry (scaled) for SpMV abs(x'*A*y - y'*A*x) = 2.23656e-08
Departure from symmetry (scaled) for MG abs(x'*Minv*y - y'*Minv*x) = 1.49104e-09
SpMV call [0] Residual [0]
SpMV call [1] Residual [0]
Call [0] Scaled Residual [3.9761e-07]
Call [1] Scaled Residual [3.9761e-07]
Call [2] Scaled Residual [3.9761e-07]
Call [3] Scaled Residual [3.9761e-07]
Call [4] Scaled Residual [3.9761e-07]
Call [5] Scaled Residual [3.9761e-07]
Call [6] Scaled Residual [3.9761e-07]
Call [7] Scaled Residual [3.9761e-07]
Call [8] Scaled Residual [3.9761e-07]
Call [9] Scaled Residual [3.9761e-07]
Call [10] Scaled Residual [3.9761e-07]
Call [11] Scaled Residual [3.9761e-07]
Call [12] Scaled Residual [3.9761e-07]
Call [13] Scaled Residual [3.9761e-07]
Call [14] Scaled Residual [3.9761e-07]
WARNING: PERFORMING UNPRECONDITIONED ITERATIONS
Call [0] Number of Iterations [11] Scaled Residual [1.0216e-13]
WARNING: PERFORMING UNPRECONDITIONED ITERATIONS
Call [1] Number of Iterations [11] Scaled Residual [1.0216e-13]
Call [0] Number of Iterations [2] Scaled Residual [6.44586e-17]
Call [1] Number of Iterations [2] Scaled Residual [6.44586e-17]
Departure from symmetry (scaled) for SpMV abs(x'*A*y - y'*A*x) = 2.23656e-08
Departure from symmetry (scaled) for MG abs(x'*Minv*y - y'*Minv*x) = 1.49104e-09
SpMV call [0] Residual [0]
SpMV call [1] Residual [0]
Call [0] Scaled Residual [3.9761e-07]
Call [1] Scaled Residual [3.9761e-07]
Call [2] Scaled Residual [3.9761e-07]
Call [3] Scaled Residual [3.9761e-07]
Call [4] Scaled Residual [3.9761e-07]
Call [5] Scaled Residual [3.9761e-07]
Call [6] Scaled Residual [3.9761e-07]
Call [7] Scaled Residual [3.9761e-07]
Call [8] Scaled Residual [3.9761e-07]
Call [9] Scaled Residual [3.9761e-07]
Call [10] Scaled Residual [3.9761e-07]
Call [11] Scaled Residual [3.9761e-07]
Call [12] Scaled Residual [3.9761e-07]
Call [13] Scaled Residual [3.9761e-07]
Call [14] Scaled Residual [3.9761e-07]
Call [15] Scaled Residual [3.9761e-07]
Call [16] Scaled Residual [3.9761e-07]
WARNING: PERFORMING UNPRECONDITIONED ITERATIONS
Call [0] Number of Iterations [11] Scaled Residual [1.0216e-13]
WARNING: PERFORMING UNPRECONDITIONED ITERATIONS
Call [1] Number of Iterations [11] Scaled Residual [1.0216e-13]
Call [0] Number of Iterations [2] Scaled Residual [6.44586e-17]
Call [1] Number of Iterations [2] Scaled Residual [6.44586e-17]
Departure from symmetry (scaled) for SpMV abs(x'*A*y - y'*A*x) = 2.23656e-08
Departure from symmetry (scaled) for MG abs(x'*Minv*y - y'*Minv*x) = 1.49104e-09
SpMV call [0] Residual [0]
SpMV call [1] Residual [0]
Call [0] Scaled Residual [3.9761e-07]
Call [1] Scaled Residual [3.9761e-07]
Call [2] Scaled Residual [3.9761e-07]
Call [3] Scaled Residual [3.9761e-07]
Call [4] Scaled Residual [3.9761e-07]
Call [5] Scaled Residual [3.9761e-07]
Call [6] Scaled Residual [3.9761e-07]
Call [7] Scaled Residual [3.9761e-07]
Call [8] Scaled Residual [3.9761e-07]
Call [9] Scaled Residual [3.9761e-07]
Call [10] Scaled Residual [3.9761e-07]
Call [11] Scaled Residual [3.9761e-07]
Call [12] Scaled Residual [3.9761e-07]
Call [13] Scaled Residual [3.9761e-07]
Call [14] Scaled Residual [3.9761e-07]
Call [15] Scaled Residual [3.9761e-07]
Call [16] Scaled Residual [3.9761e-07]
Call [17] Scaled Residual [3.9761e-07]
HPCG-BENCHMARKS
HPCG-Benchmark
version=3.1
Release date=March 28, 2019
Machine Summary=
Machine Summary::Distributed Processes=48
Machine Summary::Threads per processes=1
Global Problem Dimensions=
Global Problem Dimensions::Global nx=128
Global Problem Dimensions::Global ny=128
Global Problem Dimensions::Global nz=96
Processor Dimensions=
Processor Dimensions::npx=4
Processor Dimensions::npy=4
Processor Dimensions::npz=3
Local Domain Dimensions=
Local Domain Dimensions::nx=32
Local Domain Dimensions::ny=32
Local Domain Dimensions::Lower ipz=0
Local Domain Dimensions::Upper ipz=2
Local Domain Dimensions::nz=32
########## Problem Summary  ##########=
Setup Information=
Setup Information::Setup Time=0.0949674
Linear System Information=
Linear System Information::Number of Equations=1572864
Linear System Information::Number of Nonzero Terms=41734264
Multigrid Information=
Multigrid Information::Number of coarse grid levels=3
Multigrid Information::Coarse Grids=
Multigrid Information::Coarse Grids::Grid Level=1
Multigrid Information::Coarse Grids::Number of Equations=196608
Multigrid Information::Coarse Grids::Number of Nonzero Terms=5126200
Multigrid Information::Coarse Grids::Number of Presmoother Steps=1
Multigrid Information::Coarse Grids::Number of Postsmoother Steps=1
Multigrid Information::Coarse Grids::Grid Level=2
Multigrid Information::Coarse Grids::Number of Equations=24576
Multigrid Information::Coarse Grids::Number of Nonzero Terms=618520
Multigrid Information::Coarse Grids::Number of Presmoother Steps=1
Multigrid Information::Coarse Grids::Number of Postsmoother Steps=1
Multigrid Information::Coarse Grids::Grid Level=3
Multigrid Information::Coarse Grids::Number of Equations=3072
Multigrid Information::Coarse Grids::Number of Nonzero Terms=71944
Multigrid Information::Coarse Grids::Number of Presmoother Steps=1
Multigrid Information::Coarse Grids::Number of Postsmoother Steps=1
########## Memory Use Summary  ##########=
Memory Use Information=
Memory Use Information::Total memory used for data (Gbytes)=1.1274
Memory Use Information::Memory used for OptimizeProblem data (Gbytes)=0
Memory Use Information::Bytes per equation (Total memory / Number of Equations)=716.781
Memory Use Information::Memory used for linear system and CG (Gbytes)=0.991765
Memory Use Information::Coarse Grids=
Memory Use Information::Coarse Grids::Grid Level=1
Memory Use Information::Coarse Grids::Memory used=0.118799
Memory Use Information::Coarse Grids::Grid Level=2
Memory Use Information::Coarse Grids::Memory used=0.01494
Memory Use Information::Coarse Grids::Grid Level=3
Memory Use Information::Coarse Grids::Memory used=0.00189441
########## V&V Testing Summary  ##########=
Spectral Convergence Tests=
Spectral Convergence Tests::Result=PASSED
Spectral Convergence Tests::Unpreconditioned=
Spectral Convergence Tests::Unpreconditioned::Maximum iteration count=11
Spectral Convergence Tests::Unpreconditioned::Expected iteration count=12
Spectral Convergence Tests::Preconditioned=
Spectral Convergence Tests::Preconditioned::Maximum iteration count=2
Spectral Convergence Tests::Preconditioned::Expected iteration count=2
Departure from Symmetry |x'Ay-y'Ax|/(2*||x||*||A||*||y||)/epsilon=
Departure from Symmetry |x'Ay-y'Ax|/(2*||x||*||A||*||y||)/epsilon::Result=PASSED
Departure from Symmetry |x'Ay-y'Ax|/(2*||x||*||A||*||y||)/epsilon::Departure for SpMV=2.23656e-08
Departure from Symmetry |x'Ay-y'Ax|/(2*||x||*||A||*||y||)/epsilon::Departure for MG=1.49104e-09
########## Iterations Summary  ##########=
Iteration Count Information=
Iteration Count Information::Result=PASSED
Iteration Count Information::Reference CG iterations per set=50
Iteration Count Information::Optimized CG iterations per set=50
Iteration Count Information::Total number of reference iterations=750
Iteration Count Information::Total number of optimized iterations=750
########## Reproducibility Summary  ##########=
Reproducibility Information=
Reproducibility Information::Result=PASSED
Reproducibility Information::Scaled residual mean=3.9761e-07
Reproducibility Information::Scaled residual variance=0
########## Performance Summary (times in sec) ##########=
Benchmark Time Summary=
Benchmark Time Summary::Optimization phase=2e-07
Benchmark Time Summary::DDOT=2.52386
Benchmark Time Summary::WAXPBY=0.131944
Benchmark Time Summary::SpMV=1.7373
Benchmark Time Summary::MG=11.7452
Benchmark Time Summary::Total=16.1416
Floating Point Operations Summary=
Floating Point Operations Summary::Raw DDOT=7.12507e+09
Floating Point Operations Summary::Raw WAXPBY=7.12507e+09
Floating Point Operations Summary::Raw SpMV=6.38534e+10
Floating Point Operations Summary::Raw MG=3.56308e+11
Floating Point Operations Summary::Total=4.34412e+11
Floating Point Operations Summary::Total with convergence overhead=4.34412e+11
GB/s Summary=
GB/s Summary::Raw Read B/W=165.839
GB/s Summary::Raw Write B/W=38.3269
GB/s Summary::Raw Total B/W=204.166
GB/s Summary::Total with convergence and optimization phase overhead=202.38
GFLOP/s Summary=
GFLOP/s Summary::Raw DDOT=2.82309
GFLOP/s Summary::Raw WAXPBY=54.0008
GFLOP/s Summary::Raw SpMV=36.7543
GFLOP/s Summary::Raw MG=30.3366
GFLOP/s Summary::Raw Total=26.9126
GFLOP/s Summary::Total with convergence overhead=26.9126
GFLOP/s Summary::Total with convergence and optimization phase overhead=26.6771
User Optimization Overheads=
User Optimization Overheads::Optimization phase time (sec)=2e-07
User Optimization Overheads::Optimization phase time vs reference SpMV+MG time=1.04061e-05
DDOT Timing Variations=
DDOT Timing Variations::Min DDOT MPI_Allreduce time=1.57741
DDOT Timing Variations::Max DDOT MPI_Allreduce time=2.35022
DDOT Timing Variations::Avg DDOT MPI_Allreduce time=1.958
Final Summary=
Final Summary::HPCG result is VALID with a GFLOP/s rating of=26.6771
Final Summary::HPCG 2.4 rating for historical reasons is=26.9126
Final Summary::Reference version of ComputeDotProduct used=Performance results are most likely suboptimal
Final Summary::Reference version of ComputeSPMV used=Performance results are most likely suboptimal
Final Summary::Reference version of ComputeMG used=Performance results are most likely suboptimal
Final Summary::Reference version of ComputeWAXPBY used=Performance results are most likely suboptimal
Final Summary::Results are valid but execution time (sec) is=16.1416
Final Summary::Official results execution time (sec) must be at least=1800
HPCG-Benchmark
version=3.1
Release date=March 28, 2019
Machine Summary=
Machine Summary::Distributed Processes=48
Machine Summary::Threads per processes=1
Global Problem Dimensions=
Global Problem Dimensions::Global nx=128
Global Problem Dimensions::Global ny=128
Global Problem Dimensions::Global nz=96
Processor Dimensions=
Processor Dimensions::npx=4
Processor Dimensions::npy=4
Processor Dimensions::npz=3
Local Domain Dimensions=
Local Domain Dimensions::nx=32
Local Domain Dimensions::ny=32
Local Domain Dimensions::Lower ipz=0
Local Domain Dimensions::Upper ipz=2
Local Domain Dimensions::nz=32
########## Problem Summary  ##########=
Setup Information=
Setup Information::Setup Time=0.0777754
Linear System Information=
Linear System Information::Number of Equations=1572864
Linear System Information::Number of Nonzero Terms=41734264
Multigrid Information=
Multigrid Information::Number of coarse grid levels=3
Multigrid Information::Coarse Grids=
Multigrid Information::Coarse Grids::Grid Level=1
Multigrid Information::Coarse Grids::Number of Equations=196608
Multigrid Information::Coarse Grids::Number of Nonzero Terms=5126200
Multigrid Information::Coarse Grids::Number of Presmoother Steps=1
Multigrid Information::Coarse Grids::Number of Postsmoother Steps=1
Multigrid Information::Coarse Grids::Grid Level=2
Multigrid Information::Coarse Grids::Number of Equations=24576
Multigrid Information::Coarse Grids::Number of Nonzero Terms=618520
Multigrid Information::Coarse Grids::Number of Presmoother Steps=1
Multigrid Information::Coarse Grids::Number of Postsmoother Steps=1
Multigrid Information::Coarse Grids::Grid Level=3
Multigrid Information::Coarse Grids::Number of Equations=3072
Multigrid Information::Coarse Grids::Number of Nonzero Terms=71944
Multigrid Information::Coarse Grids::Number of Presmoother Steps=1
Multigrid Information::Coarse Grids::Number of Postsmoother Steps=1
########## Memory Use Summary  ##########=
Memory Use Information=
Memory Use Information::Total memory used for data (Gbytes)=1.1274
Memory Use Information::Memory used for OptimizeProblem data (Gbytes)=0
Memory Use Information::Bytes per equation (Total memory / Number of Equations)=716.781
Memory Use Information::Memory used for linear system and CG (Gbytes)=0.991766
Memory Use Information::Coarse Grids=
Memory Use Information::Coarse Grids::Grid Level=1
Memory Use Information::Coarse Grids::Memory used=0.118799
Memory Use Information::Coarse Grids::Grid Level=2
Memory Use Information::Coarse Grids::Memory used=0.01494
Memory Use Information::Coarse Grids::Grid Level=3
Memory Use Information::Coarse Grids::Memory used=0.00189441
########## V&V Testing Summary  ##########=
Spectral Convergence Tests=
Spectral Convergence Tests::Result=PASSED
Spectral Convergence Tests::Unpreconditioned=
Spectral Convergence Tests::Unpreconditioned::Maximum iteration count=11
Spectral Convergence Tests::Unpreconditioned::Expected iteration count=12
Spectral Convergence Tests::Preconditioned=
Spectral Convergence Tests::Preconditioned::Maximum iteration count=2
Spectral Convergence Tests::Preconditioned::Expected iteration count=2
Departure from Symmetry |x'Ay-y'Ax|/(2*||x||*||A||*||y||)/epsilon=
Departure from Symmetry |x'Ay-y'Ax|/(2*||x||*||A||*||y||)/epsilon::Result=PASSED
Departure from Symmetry |x'Ay-y'Ax|/(2*||x||*||A||*||y||)/epsilon::Departure for SpMV=2.23656e-08
Departure from Symmetry |x'Ay-y'Ax|/(2*||x||*||A||*||y||)/epsilon::Departure for MG=1.49104e-09
########## Iterations Summary  ##########=
Iteration Count Information=
Iteration Count Information::Result=PASSED
Iteration Count Information::Reference CG iterations per set=50
Iteration Count Information::Optimized CG iterations per set=50
Iteration Count Information::Total number of reference iterations=850
Iteration Count Information::Total number of optimized iterations=850
########## Reproducibility Summary  ##########=
Reproducibility Information=
Reproducibility Information::Result=PASSED
Reproducibility Information::Scaled residual mean=3.9761e-07
Reproducibility Information::Scaled residual variance=0
########## Performance Summary (times in sec) ##########=
Benchmark Time Summary=
Benchmark Time Summary::Optimization phase=2.1e-07
Benchmark Time Summary::DDOT=2.30633
Benchmark Time Summary::WAXPBY=0.145466
Benchmark Time Summary::SpMV=1.90602
Benchmark Time Summary::MG=12.1107
Benchmark Time Summary::Total=16.4724
Floating Point Operations Summary=
Floating Point Operations Summary::Raw DDOT=8.07508e+09
Floating Point Operations Summary::Raw WAXPBY=8.07508e+09
Floating Point Operations Summary::Raw SpMV=7.23672e+10
Floating Point Operations Summary::Raw MG=4.03816e+11
Floating Point Operations Summary::Total=4.92333e+11
Floating Point Operations Summary::Total with convergence overhead=4.92333e+11
GB/s Summary=
GB/s Summary::Raw Read B/W=184.177
GB/s Summary::Raw Write B/W=42.5649
GB/s Summary::Raw Total B/W=226.742
GB/s Summary::Total with convergence and optimization phase overhead=224.936
GFLOP/s Summary=
GFLOP/s Summary::Raw DDOT=3.50128
GFLOP/s Summary::Raw WAXPBY=55.5119
GFLOP/s Summary::Raw SpMV=37.9677
GFLOP/s Summary::Raw MG=33.3436
GFLOP/s Summary::Raw Total=29.8884
GFLOP/s Summary::Total with convergence overhead=29.8884
GFLOP/s Summary::Total with convergence and optimization phase overhead=29.6504
User Optimization Overheads=
User Optimization Overheads::Optimization phase time (sec)=2.1e-07
User Optimization Overheads::Optimization phase time vs reference SpMV+MG time=1.18995e-05
DDOT Timing Variations=
DDOT Timing Variations::Min DDOT MPI_Allreduce time=1.1632
DDOT Timing Variations::Max DDOT MPI_Allreduce time=2.11397
DDOT Timing Variations::Avg DDOT MPI_Allreduce time=1.60978
Final Summary=
Final Summary::HPCG result is VALID with a GFLOP/s rating of=29.6504
Final Summary::HPCG 2.4 rating for historical reasons is=29.8884
Final Summary::Reference version of ComputeDotProduct used=Performance results are most likely suboptimal
Final Summary::Reference version of ComputeSPMV used=Performance results are most likely suboptimal
Final Summary::Reference version of ComputeMG used=Performance results are most likely suboptimal
Final Summary::Reference version of ComputeWAXPBY used=Performance results are most likely suboptimal
Final Summary::Results are valid but execution time (sec) is=16.4724
Final Summary::Official results execution time (sec) must be at least=1800
HPCG-Benchmark
version=3.1
Release date=March 28, 2019
Machine Summary=
Machine Summary::Distributed Processes=48
Machine Summary::Threads per processes=1
Global Problem Dimensions=
Global Problem Dimensions::Global nx=128
Global Problem Dimensions::Global ny=128
Global Problem Dimensions::Global nz=96
Processor Dimensions=
Processor Dimensions::npx=4
Processor Dimensions::npy=4
Processor Dimensions::npz=3
Local Domain Dimensions=
Local Domain Dimensions::nx=32
Local Domain Dimensions::ny=32
Local Domain Dimensions::Lower ipz=0
Local Domain Dimensions::Upper ipz=2
Local Domain Dimensions::nz=32
########## Problem Summary  ##########=
Setup Information=
Setup Information::Setup Time=0.0787677
Linear System Information=
Linear System Information::Number of Equations=1572864
Linear System Information::Number of Nonzero Terms=41734264
Multigrid Information=
Multigrid Information::Number of coarse grid levels=3
Multigrid Information::Coarse Grids=
Multigrid Information::Coarse Grids::Grid Level=1
Multigrid Information::Coarse Grids::Number of Equations=196608
Multigrid Information::Coarse Grids::Number of Nonzero Terms=5126200
Multigrid Information::Coarse Grids::Number of Presmoother Steps=1
Multigrid Information::Coarse Grids::Number of Postsmoother Steps=1
Multigrid Information::Coarse Grids::Grid Level=2
Multigrid Information::Coarse Grids::Number of Equations=24576
Multigrid Information::Coarse Grids::Number of Nonzero Terms=618520
Multigrid Information::Coarse Grids::Number of Presmoother Steps=1
Multigrid Information::Coarse Grids::Number of Postsmoother Steps=1
Multigrid Information::Coarse Grids::Grid Level=3
Multigrid Information::Coarse Grids::Number of Equations=3072
Multigrid Information::Coarse Grids::Number of Nonzero Terms=71944
Multigrid Information::Coarse Grids::Number of Presmoother Steps=1
Multigrid Information::Coarse Grids::Number of Postsmoother Steps=1
########## Memory Use Summary  ##########=
Memory Use Information=
Memory Use Information::Total memory used for data (Gbytes)=1.1274
Memory Use Information::Memory used for OptimizeProblem data (Gbytes)=0
Memory Use Information::Bytes per equation (Total memory / Number of Equations)=716.781
Memory Use Information::Memory used for linear system and CG (Gbytes)=0.991766
Memory Use Information::Coarse Grids=
Memory Use Information::Coarse Grids::Grid Level=1
Memory Use Information::Coarse Grids::Memory used=0.118799
Memory Use Information::Coarse Grids::Grid Level=2
Memory Use Information::Coarse Grids::Memory used=0.01494
Memory Use Information::Coarse Grids::Grid Level=3
Memory Use Information::Coarse Grids::Memory used=0.00189441
########## V&V Testing Summary  ##########=
Spectral Convergence Tests=
Spectral Convergence Tests::Result=PASSED
Spectral Convergence Tests::Unpreconditioned=
Spectral Convergence Tests::Unpreconditioned::Maximum iteration count=11
Spectral Convergence Tests::Unpreconditioned::Expected iteration count=12
Spectral Convergence Tests::Preconditioned=
Spectral Convergence Tests::Preconditioned::Maximum iteration count=2
Spectral Convergence Tests::Preconditioned::Expected iteration count=2
Departure from Symmetry |x'Ay-y'Ax|/(2*||x||*||A||*||y||)/epsilon=
Departure from Symmetry |x'Ay-y'Ax|/(2*||x||*||A||*||y||)/epsilon::Result=PASSED
Departure from Symmetry |x'Ay-y'Ax|/(2*||x||*||A||*||y||)/epsilon::Departure for SpMV=2.23656e-08
Departure from Symmetry |x'Ay-y'Ax|/(2*||x||*||A||*||y||)/epsilon::Departure for MG=1.49104e-09
########## Iterations Summary  ##########=
Iteration Count Information=
Iteration Count Information::Result=PASSED
Iteration Count Information::Reference CG iterations per set=50
Iteration Count Information::Optimized CG iterations per set=50
Iteration Count Information::Total number of reference iterations=900
Iteration Count Information::Total number of optimized iterations=900
########## Reproducibility Summary  ##########=
Reproducibility Information=
Reproducibility Information::Result=PASSED
Reproducibility Information::Scaled residual mean=3.9761e-07
Reproducibility Information::Scaled residual variance=0
########## Performance Summary (times in sec) ##########=
Benchmark Time Summary=
Benchmark Time Summary::Optimization phase=6e-08
Benchmark Time Summary::DDOT=2.24288
Benchmark Time Summary::WAXPBY=0.152544
Benchmark Time Summary::SpMV=2.05922
Benchmark Time Summary::MG=13.0985
Benchmark Time Summary::Total=17.5571
Floating Point Operations Summary=
Floating Point Operations Summary::Raw DDOT=8.55009e+09
Floating Point Operations Summary::Raw WAXPBY=8.55009e+09
Floating Point Operations Summary::Raw SpMV=7.66241e+10
Floating Point Operations Summary::Raw MG=4.2757e+11
Floating Point Operations Summary::Total=5.21294e+11
Floating Point Operations Summary::Total with convergence overhead=5.21294e+11
GB/s Summary=
GB/s Summary::Raw Read B/W=182.962
GB/s Summary::Raw Write B/W=42.2841
GB/s Summary::Raw Total B/W=225.246
GB/s Summary::Total with convergence and optimization phase overhead=223.442
GFLOP/s Summary=
GFLOP/s Summary::Raw DDOT=3.8121
GFLOP/s Summary::Raw WAXPBY=56.0502
GFLOP/s Summary::Raw SpMV=37.2103
GFLOP/s Summary::Raw MG=32.6427
GFLOP/s Summary::Raw Total=29.6913
GFLOP/s Summary::Total with convergence overhead=29.6913
GFLOP/s Summary::Total with convergence and optimization phase overhead=29.4534
User Optimization Overheads=
User Optimization Overheads::Optimization phase time (sec)=6e-08
User Optimization Overheads::Optimization phase time vs reference SpMV+MG time=3.37251e-06
DDOT Timing Variations=
DDOT Timing Variations::Min DDOT MPI_Allreduce time=1.15694
DDOT Timing Variations::Max DDOT MPI_Allreduce time=2.03913
DDOT Timing Variations::Avg DDOT MPI_Allreduce time=1.59531
Final Summary=
Final Summary::HPCG result is VALID with a GFLOP/s rating of=29.4534
Final Summary::HPCG 2.4 rating for historical reasons is=29.6913
Final Summary::Reference version of ComputeDotProduct used=Performance results are most likely suboptimal
Final Summary::Reference version of ComputeSPMV used=Performance results are most likely suboptimal
Final Summary::Reference version of ComputeMG used=Performance results are most likely suboptimal
Final Summary::Reference version of ComputeWAXPBY used=Performance results are most likely suboptimal
Final Summary::Results are valid but execution time (sec) is=17.5571
Final Summary::Official results execution time (sec) must be at least=1800
FLUX-RESULTS END

FLUX-JOB START 788747255808 hpcg-iter-3
FLUX-JOB-JOBSPEC START
{"resources": [{"type": "node", "count": 1, "with": [{"type": "slot", "count": 48, "with": [{"type": "core", "count": 1}], "label": "task"}]}], "tasks": [{"command": ["/opt/hpcg/xhpcg"], "slot": "task", "count": {"per_slot": 1}}], "attributes": {"system": {"duration": 0, "cwd": "/opt/hpcg", "shell": {"options": {"rlimit": {"cpu": -1, "fsize": -1, "data": -1, "stack": 10485760, "core": -1, "nofile": 1048576, "as": -1, "rss": -1, "nproc": -1}, "cpu-affinity": "per-task", "gpu-affinity": "off"}}}, "user": {"study_id": "hpcg-iter-3"}}, "version": 1}
FLUX-JOB-JOBSPEC END
FLUX-JOB-RESOURCES START
{"version": 1, "execution": {"R_lite": [{"rank": "0", "children": {"core": "0-47"}}], "starttime": 1749876807.6938815, "expiration": 0.0, "nodelist": ["hpcg-0"]}}
FLUX-JOB-RESOURCES END
FLUX-JOB-EVENTLOG START
{"timestamp":1749876807.6947293,"name":"init"}
{"timestamp":1749876807.7047186,"name":"shell.init","context":{"service":"0-shell-fMihtrcP","leader-rank":0,"size":1}}
{"timestamp":1749876807.6951571,"name":"starting"}
{"timestamp":1749876807.7873013,"name":"shell.start","context":{"taskmap":{"version":1,"map":[[0,1,48,1]]}}}
{"timestamp":1749876829.2314324,"name":"shell.task-exit","context":{"localid":0,"rank":0,"state":"Exited","pid":504,"wait_status":0,"signaled":0,"exitcode":0}}
{"timestamp":1749876829.2858665,"name":"complete","context":{"status":0}}
{"timestamp":1749876829.2858956,"name":"done"}

FLUX-JOB-EVENTLOG END
FLUX-JOB END 788747255808 hpcg-iter-3

FLUX-JOB START 444260679680 hpcg-iter-2
FLUX-JOB-JOBSPEC START
{"resources": [{"type": "node", "count": 1, "with": [{"type": "slot", "count": 48, "with": [{"type": "core", "count": 1}], "label": "task"}]}], "tasks": [{"command": ["/opt/hpcg/xhpcg"], "slot": "task", "count": {"per_slot": 1}}], "attributes": {"system": {"duration": 0, "cwd": "/opt/hpcg", "shell": {"options": {"rlimit": {"cpu": -1, "fsize": -1, "data": -1, "stack": 10485760, "core": -1, "nofile": 1048576, "as": -1, "rss": -1, "nproc": -1}, "cpu-affinity": "per-task", "gpu-affinity": "off"}}}, "user": {"study_id": "hpcg-iter-2"}}, "version": 1}
FLUX-JOB-JOBSPEC END
FLUX-JOB-RESOURCES START
{"version": 1, "execution": {"R_lite": [{"rank": "0", "children": {"core": "0-47"}}], "starttime": 1749876787.1603241, "expiration": 0.0, "nodelist": ["hpcg-0"]}}
FLUX-JOB-RESOURCES END
FLUX-JOB-EVENTLOG START
{"timestamp":1749876787.1611567,"name":"init"}
{"timestamp":1749876787.1708772,"name":"shell.init","context":{"service":"0-shell-fCfro7G3","leader-rank":0,"size":1}}
{"timestamp":1749876787.1615858,"name":"starting"}
{"timestamp":1749876787.2508667,"name":"shell.start","context":{"taskmap":{"version":1,"map":[[0,1,48,1]]}}}
{"timestamp":1749876807.4437463,"name":"shell.task-exit","context":{"localid":28,"rank":28,"state":"Exited","pid":456,"wait_status":0,"signaled":0,"exitcode":0}}
{"timestamp":1749876807.4851387,"name":"complete","context":{"status":0}}
{"timestamp":1749876807.4851677,"name":"done"}

FLUX-JOB-EVENTLOG END
FLUX-JOB END 444260679680 hpcg-iter-2

FLUX-JOB START 98767470592 hpcg-iter-1
FLUX-JOB-JOBSPEC START
{"resources": [{"type": "node", "count": 1, "with": [{"type": "slot", "count": 48, "with": [{"type": "core", "count": 1}], "label": "task"}]}], "tasks": [{"command": ["/opt/hpcg/xhpcg"], "slot": "task", "count": {"per_slot": 1}}], "attributes": {"system": {"duration": 0, "cwd": "/opt/hpcg", "shell": {"options": {"rlimit": {"cpu": -1, "fsize": -1, "data": -1, "stack": 10485760, "core": -1, "nofile": 1048576, "as": -1, "rss": -1, "nproc": -1}, "cpu-affinity": "per-task", "gpu-affinity": "off"}}}, "user": {"study_id": "hpcg-iter-1"}}, "version": 1}
FLUX-JOB-JOBSPEC END
FLUX-JOB-RESOURCES START
{"version": 1, "execution": {"R_lite": [{"rank": "0", "children": {"core": "0-47"}}], "starttime": 1749876766.5673778, "expiration": 0.0, "nodelist": ["hpcg-0"]}}
FLUX-JOB-RESOURCES END
FLUX-JOB-EVENTLOG START
{"timestamp":1749876766.568198,"name":"init"}
{"timestamp":1749876766.577481,"name":"shell.init","context":{"service":"0-shell-f3bUk711","leader-rank":0,"size":1}}
{"timestamp":1749876766.5685763,"name":"starting"}
{"timestamp":1749876766.6578326,"name":"shell.start","context":{"taskmap":{"version":1,"map":[[0,1,48,1]]}}}
{"timestamp":1749876786.905535,"name":"shell.task-exit","context":{"localid":14,"rank":14,"state":"Exited","pid":329,"wait_status":0,"signaled":0,"exitcode":0}}
{"timestamp":1749876786.9520371,"name":"complete","context":{"status":0}}
{"timestamp":1749876786.9520655,"name":"done"}

FLUX-JOB-EVENTLOG END
FLUX-JOB END 98767470592 hpcg-iter-1
FLUX JOB STATS
{"job_states":{"depend":0,"priority":0,"sched":0,"run":0,"cleanup":0,"inactive":3,"total":3},"successful":3,"failed":0,"canceled":0,"timeout":0,"inactive_purged":0,"queues":[]}
