unlimited
PROGRAM: cpu
Looking for /opt/programs/cpu/ebpf-collect.c
[02:12:01] Waiting for start indicator file: '/mnt/flux/start_ebpf_collection'.
[02:12:02] Start indicator found. Proceeding with monitoring.
[02:12:02] Initializing eBPF for CPU Scheduling monitoring...
[02:12:02] BPF C code compiled and loaded.
[02:12:02] Attached tracepoints.
[02:12:02] Monitoring CPU scheduling events (polling aggregated map)... Press Ctrl+C to stop.
[02:13:07] Stop indicator file '/mnt/flux/stop_ebpf_collection' found. Stopping.
[02:13:07] Initiating cleanup sequence...
{
  "final_aggregated_summary_river": [
    {
      "tgid": 202,
      "comm": "python3",
      "cgroup_id": 59077,
      "on_cpu_stats_ns": {
        "count": 309.0,
        "sum_ns": 8404498.606666667,
        "mean_ns": 27199.02461704423,
        "median_ns": 17834.545492998033,
        "min_ns": 3563.9166666666665,
        "max_ns": 332575.0,
        "variance_ns2": 1419763704.1274395,
        "iqr_ns": 12335.239905895414,
        "q1_ns": 11615.02513523581,
        "q3_ns": 23950.265041131224
      },
      "runq_latency_stats_ns": {
        "count": 309.0,
        "sum_ns": 6572861.253333328,
        "mean_ns": 21271.39564185543,
        "median_ns": 11810.546820501982,
        "min_ns": 549.0,
        "max_ns": 3335432.0,
        "variance_ns2": 35843322149.77556,
        "iqr_ns": 11872.057821526845,
        "q1_ns": 3829.8999966375927,
        "q3_ns": 15701.957818164437
      },
      "first_seen_ts_ns": 1749867122766418177,
      "last_seen_ts_ns": 1749867187574574124,
      "duration_active_s": 64.808155947
    },
    {
      "tgid": 143,
      "comm": "flux-broker-0",
      "cgroup_id": 59217,
      "on_cpu_stats_ns": {
        "count": 158.0,
        "sum_ns": 4322499.907820511,
        "mean_ns": 27357.59435329437,
        "median_ns": 15786.34378540904,
        "min_ns": 3380.0,
        "max_ns": 623153.0,
        "variance_ns2": 3371033733.8540244,
        "iqr_ns": 12956.11093199559,
        "q1_ns": 9202.214409738648,
        "q3_ns": 22158.32534173424
      },
      "runq_latency_stats_ns": {
        "count": 158.0,
        "sum_ns": 1545858.7257692302,
        "mean_ns": 9783.915985881204,
        "median_ns": 10386.962986327282,
        "min_ns": 650.0,
        "max_ns": 40874.0,
        "variance_ns2": 52705501.916099474,
        "iqr_ns": 11987.1874094068,
        "q1_ns": 3539.8024783890514,
        "q3_ns": 15526.989887795851
      },
      "first_seen_ts_ns": 1749867122766418177,
      "last_seen_ts_ns": 1749867186952027830,
      "duration_active_s": 64.185609653
    },
    {
      "tgid": 250,
      "comm": "python3",
      "cgroup_id": 59147,
      "on_cpu_stats_ns": {
        "count": 47.0,
        "sum_ns": 2886819.5833333335,
        "mean_ns": 61421.693262411354,
        "median_ns": 13577.901653970799,
        "min_ns": 3878.0,
        "max_ns": 956123.0,
        "variance_ns2": 22149235672.75003,
        "iqr_ns": 20125.771051746167,
        "q1_ns": 11865.854227160791,
        "q3_ns": 31991.62527890696
      },
      "runq_latency_stats_ns": {
        "count": 47.0,
        "sum_ns": 5424993.242753623,
        "mean_ns": 115425.3881436941,
        "median_ns": 6015.694070869718,
        "min_ns": 959.0,
        "max_ns": 4989585.5,
        "variance_ns2": 527758253391.1129,
        "iqr_ns": 13650.161486417144,
        "q1_ns": 4905.418301903521,
        "q3_ns": 18555.579788320665
      },
      "first_seen_ts_ns": 1749867122766418177,
      "last_seen_ts_ns": 1749867187574574124,
      "duration_active_s": 64.808155947
    },
    {
      "tgid": 31,
      "comm": "bash",
      "cgroup_id": 59077,
      "on_cpu_stats_ns": {
        "count": 10.0,
        "sum_ns": 683463.0,
        "mean_ns": 68346.3,
        "median_ns": 59237.916666666664,
        "min_ns": 4873.0,
        "max_ns": 160164.5,
        "variance_ns2": 2727771934.288889,
        "iqr_ns": 55694.01504629629,
        "q1_ns": 30493.88888888889,
        "q3_ns": 86187.90393518518
      },
      "runq_latency_stats_ns": {
        "count": 10.0,
        "sum_ns": 35748.0,
        "mean_ns": 3574.8,
        "median_ns": 3280.0,
        "min_ns": 691.0,
        "max_ns": 10000.0,
        "variance_ns2": 8356842.566666667,
        "iqr_ns": 3064.2625,
        "q1_ns": 1678.4375,
        "q3_ns": 4742.7
      },
      "first_seen_ts_ns": 1749867122879728785,
      "last_seen_ts_ns": 1749867163273823931,
      "duration_active_s": 40.394095146
    },
    {
      "tgid": 322,
      "comm": "xhpcg",
      "cgroup_id": 59217,
      "on_cpu_stats_ns": {
        "count": 57.0,
        "sum_ns": 589858.8845238095,
        "mean_ns": 10348.401482873851,
        "median_ns": 10026.458725110282,
        "min_ns": 3283.375,
        "max_ns": 29578.0,
        "variance_ns2": 20998832.832251757,
        "iqr_ns": 7066.0863120616,
        "q1_ns": 7140.327817482958,
        "q3_ns": 14206.414129544559
      },
      "runq_latency_stats_ns": {
        "count": 57.0,
        "sum_ns": 269446.12142857147,
        "mean_ns": 4727.124937343359,
        "median_ns": 4830.883697376929,
        "min_ns": 1428.25,
        "max_ns": 10011.714285714286,
        "variance_ns2": 4292528.569195286,
        "iqr_ns": 2842.884799103901,
        "q1_ns": 3668.7046958446927,
        "q3_ns": 6511.589494948594
      },
      "first_seen_ts_ns": 1749867125123807198,
      "last_seen_ts_ns": 1749867138433808070,
      "duration_active_s": 13.310000872
    },
    {
      "tgid": 41,
      "comm": "bash",
      "cgroup_id": 59147,
      "on_cpu_stats_ns": {
        "count": 16.0,
        "sum_ns": 585446.0,
        "mean_ns": 36590.375,
        "median_ns": 18377.126666666663,
        "min_ns": 6647.0,
        "max_ns": 217082.0,
        "variance_ns2": 2828307315.983333,
        "iqr_ns": 44047.67391424162,
        "q1_ns": 10876.377011684304,
        "q3_ns": 54924.05092592593
      },
      "runq_latency_stats_ns": {
        "count": 16.0,
        "sum_ns": 1026049.0,
        "mean_ns": 64128.0625,
        "median_ns": 9345.879166666668,
        "min_ns": 745.0,
        "max_ns": 699651.0,
        "variance_ns2": 30442333160.4625,
        "iqr_ns": 45570.523148148146,
        "q1_ns": 3234.9333333333334,
        "q3_ns": 48805.45648148148
      },
      "first_seen_ts_ns": 1749867122985422836,
      "last_seen_ts_ns": 1749867186544967384,
      "duration_active_s": 63.559544548
    },
    {
      "tgid": 309,
      "comm": "xhpcg",
      "cgroup_id": 59217,
      "on_cpu_stats_ns": {
        "count": 41.0,
        "sum_ns": 584353.0000000001,
        "mean_ns": 14252.512195121953,
        "median_ns": 13644.560442631326,
        "min_ns": 6436.0,
        "max_ns": 29290.0,
        "variance_ns2": 21004638.15609756,
        "iqr_ns": 5572.659934681387,
        "q1_ns": 11075.047606589475,
        "q3_ns": 16647.707541270862
      },
      "runq_latency_stats_ns": {
        "count": 41.0,
        "sum_ns": 646056.9999999999,
        "mean_ns": 15757.487804878045,
        "median_ns": 6323.05925217599,
        "min_ns": 1123.0,
        "max_ns": 408588.0,
        "variance_ns2": 3970033315.606097,
        "iqr_ns": 3444.2276382245627,
        "q1_ns": 3781.3406128126926,
        "q3_ns": 7225.568251037255
      },
      "first_seen_ts_ns": 1749867122985422836,
      "last_seen_ts_ns": 1749867143956202517,
      "duration_active_s": 20.970779681
    },
    {
      "tgid": 1,
      "comm": "pause",
      "cgroup_id": 58937,
      "on_cpu_stats_ns": {
        "count": 2.0,
        "sum_ns": 373479.44444444444,
        "mean_ns": 186739.72222222222,
        "median_ns": 188463.0,
        "min_ns": 185016.44444444444,
        "max_ns": 188463.0,
        "variance_ns2": 5939372.598765454,
        "iqr_ns": 3446.555555555562,
        "q1_ns": 185016.44444444444,
        "q3_ns": 188463.0
      },
      "runq_latency_stats_ns": {
        "count": 2.0,
        "sum_ns": 11990.888888888889,
        "mean_ns": 5995.444444444444,
        "median_ns": 6702.0,
        "min_ns": 5288.888888888889,
        "max_ns": 6702.0,
        "variance_ns2": 998441.5061728398,
        "iqr_ns": 1413.1111111111113,
        "q1_ns": 5288.888888888889,
        "q3_ns": 6702.0
      },
      "first_seen_ts_ns": 1749867156013813055,
      "last_seen_ts_ns": 1749867187574574124,
      "duration_active_s": 31.560761069
    },
    {
      "tgid": 65,
      "comm": "bash",
      "cgroup_id": 59217,
      "on_cpu_stats_ns": {
        "count": 20.0,
        "sum_ns": 258453.15,
        "mean_ns": 12922.6575,
        "median_ns": 14115.585856254724,
        "min_ns": 3805.75,
        "max_ns": 21761.0,
        "variance_ns2": 35116892.78823027,
        "iqr_ns": 8155.59187102515,
        "q1_ns": 10100.716037701786,
        "q3_ns": 18256.307908726936
      },
      "runq_latency_stats_ns": {
        "count": 20.0,
        "sum_ns": 228354.18769230772,
        "mean_ns": 11417.709384615386,
        "median_ns": 12889.599435286935,
        "min_ns": 1091.3076923076924,
        "max_ns": 20997.0,
        "variance_ns2": 35135767.034895025,
        "iqr_ns": 5916.295015797696,
        "q1_ns": 9616.930136827457,
        "q3_ns": 15533.225152625153
      },
      "first_seen_ts_ns": 1749867122879728785,
      "last_seen_ts_ns": 1749867187368773961,
      "duration_active_s": 64.489045176
    }
  ]
}
[02:13:07] Cleanup complete. Exiting.
