ln: failed to create symbolic link '/mnt/flux/view/lib/python': File exists
ln: failed to create symbolic link '/mnt/flux/view/lib/python3': File exists
unlimited
PROGRAM: futex
Looking for /opt/programs/futex/ebpf-collect.c
[18:08:33] Starting eBPF (Tracepoints for futex syscalls).
[18:08:33] BPF program loaded and tracepoints automatically attached.
[18:08:33] Start Indicator file defined '/mnt/flux/start_ebpf_collection'. Waiting.
[18:08:39] Start indicator found. Proceeding.
[18:08:39] Ring buffers opened. Polling for events...
[18:09:48] 
Indicator file '/mnt/flux/stop_ebpf_collection' found. Stopping.
[18:09:48] Cleaning up BPF resources...
{
  "final_aggregated_futex_summary_river": [
    {
      "tgid": 5801,
      "comm": "containerd",
      "cgroup_id": 4085,
      "wait_duration_stats_ns": {
        "count": 6243.0,
        "sum": 2073780627536.9966,
        "mean": 332176938.57712585,
        "median": 9885285.158060774,
        "min": 498,
        "max": 10115236982,
        "variance_ns2": 2.2755967166759142e+18,
        "iqr_ns": 85687721.74430203,
        "q1_ns": 145087.39483154094,
        "q3_ns": 85832809.13913357
      },
      "futex_op_counts": {
        "128": 6243
      },
      "first_seen_ts_ns": 7468615197941,
      "last_seen_ts_ns": 7543136115108
    },
    {
      "tgid": 5831,
      "comm": "kubelet",
      "cgroup_id": 4138,
      "wait_duration_stats_ns": {
        "count": 6304.0,
        "sum": 1034193556678.002,
        "mean": 164053546.42734802,
        "median": 15235509.250624772,
        "min": 405,
        "max": 25688832961,
        "variance_ns2": 2.3913143259128663e+18,
        "iqr_ns": 48820171.311511695,
        "q1_ns": 2078110.4479641626,
        "q3_ns": 50898281.75947586
      },
      "futex_op_counts": {
        "128": 6304
      },
      "first_seen_ts_ns": 7468626733992,
      "last_seen_ts_ns": 7543175523536
    },
    {
      "tgid": 5924,
      "comm": "containerd-shim",
      "cgroup_id": 4085,
      "wait_duration_stats_ns": {
        "count": 941.0,
        "sum": 478514720987.9996,
        "mean": 508517238.0318805,
        "median": 459928.7685807838,
        "min": 826,
        "max": 10001386965,
        "variance_ns2": 1.9226584315831255e+18,
        "iqr_ns": 20120961.647454444,
        "q1_ns": 226035.16981921648,
        "q3_ns": 20346996.81727366
      },
      "futex_op_counts": {
        "128": 941
      },
      "first_seen_ts_ns": 7470344275032,
      "last_seen_ts_ns": 7541418766917
    },
    {
      "tgid": 8278,
      "comm": "coredns",
      "cgroup_id": 5484,
      "wait_duration_stats_ns": {
        "count": 570.0,
        "sum": 390054583553.9997,
        "mean": 684306286.9368416,
        "median": 435766941.32750046,
        "min": 1763,
        "max": 39252992453,
        "variance_ns2": 4.728031928443704e+18,
        "iqr_ns": 695982280.8293009,
        "q1_ns": 19226127.826861016,
        "q3_ns": 715208408.6561619
      },
      "futex_op_counts": {
        "128": 570
      },
      "first_seen_ts_ns": 7469549081104,
      "last_seen_ts_ns": 7542550671437
    },
    {
      "tgid": 9100,
      "comm": "metrics-server",
      "cgroup_id": 5851,
      "wait_duration_stats_ns": {
        "count": 1287.0,
        "sum": 376122372573.9998,
        "mean": 292247375.7373736,
        "median": 124392736.11180738,
        "min": 1875,
        "max": 17307737632,
        "variance_ns2": 1.4506709996640845e+18,
        "iqr_ns": 204364436.34861457,
        "q1_ns": 13600444.159194255,
        "q3_ns": 217964880.50780883
      },
      "futex_op_counts": {
        "128": 1287
      },
      "first_seen_ts_ns": 7468915954193,
      "last_seen_ts_ns": 7542930051364
    },
    {
      "tgid": 197744,
      "comm": "containerd-shim",
      "cgroup_id": 4085,
      "wait_duration_stats_ns": {
        "count": 271.0,
        "sum": 342632327576.99963,
        "mean": 1264325932.0184488,
        "median": 12928593.728408266,
        "min": 4250,
        "max": 59996962751,
        "variance_ns2": 1.975523574494988e+19,
        "iqr_ns": 93151825.2089564,
        "q1_ns": 4922412.764854054,
        "q3_ns": 98074237.97381046
      },
      "futex_op_counts": {
        "128": 271
      },
      "first_seen_ts_ns": 7468615011979,
      "last_seen_ts_ns": 7543190561387
    },
    {
      "tgid": 8385,
      "comm": "coredns",
      "cgroup_id": 5641,
      "wait_duration_stats_ns": {
        "count": 664.0,
        "sum": 336236525545.00006,
        "mean": 506380309.555723,
        "median": 284371839.0033103,
        "min": 634,
        "max": 11002762252,
        "variance_ns2": 7.424286115750408e+17,
        "iqr_ns": 806411654.6095161,
        "q1_ns": 3108280.8667023387,
        "q3_ns": 809519935.4762185
      },
      "futex_op_counts": {
        "128": 664
      },
      "first_seen_ts_ns": 7469605961387,
      "last_seen_ts_ns": 7542811872084
    },
    {
      "tgid": 9106,
      "comm": "metrics-server",
      "cgroup_id": 5921,
      "wait_duration_stats_ns": {
        "count": 1421.0,
        "sum": 332196938138.99994,
        "mean": 233776874.13018996,
        "median": 123708625.56541063,
        "min": 8493,
        "max": 27163774219,
        "variance_ns2": 1.6300009923374915e+18,
        "iqr_ns": 116762024.38994384,
        "q1_ns": 75672420.0148189,
        "q3_ns": 192434444.40476274
      },
      "futex_op_counts": {
        "128": 1421
      },
      "first_seen_ts_ns": 7468743995670,
      "last_seen_ts_ns": 7543125137089
    },
    {
      "tgid": 8983,
      "comm": "containerd-shim",
      "cgroup_id": 4085,
      "wait_duration_stats_ns": {
        "count": 68.0,
        "sum": 317197865473.0001,
        "mean": 4664674492.250002,
        "median": 1346917751.0442708,
        "min": 544,
        "max": 30002634515,
        "variance_ns2": 5.630638571508075e+19,
        "iqr_ns": 9184033177.765879,
        "q1_ns": 37034080.16934745,
        "q3_ns": 9221067257.935226
      },
      "futex_op_counts": {
        "128": 68
      },
      "first_seen_ts_ns": 7478523044853,
      "last_seen_ts_ns": 7538671858079
    },
    {
      "tgid": 8239,
      "comm": "containerd-shim",
      "cgroup_id": 4085,
      "wait_duration_stats_ns": {
        "count": 80.0,
        "sum": 311496738910.00006,
        "mean": 3893709236.375001,
        "median": 337449049.6295655,
        "min": 635,
        "max": 30008478115,
        "variance_ns2": 5.060555525504059e+19,
        "iqr_ns": 7973276336.353228,
        "q1_ns": 28141862.73067453,
        "q3_ns": 8001418199.083902
      },
      "futex_op_counts": {
        "128": 80
      },
      "first_seen_ts_ns": 7478522333639,
      "last_seen_ts_ns": 7538674301028
    },
    {
      "tgid": 8336,
      "comm": "containerd-shim",
      "cgroup_id": 4085,
      "wait_duration_stats_ns": {
        "count": 64.0,
        "sum": 311309670908.0,
        "mean": 4864213607.9375,
        "median": 1041503775.2748201,
        "min": 628,
        "max": 30009780660,
        "variance_ns2": 6.5008880691914555e+19,
        "iqr_ns": 6396865605.771559,
        "q1_ns": 22126190.447096333,
        "q3_ns": 6418991796.218655
      },
      "futex_op_counts": {
        "128": 64
      },
      "first_seen_ts_ns": 7478526302908,
      "last_seen_ts_ns": 7538669511102
    },
    {
      "tgid": 12540,
      "comm": "containerd-shim",
      "cgroup_id": 4085,
      "wait_duration_stats_ns": {
        "count": 114.0,
        "sum": 287836750647.0001,
        "mean": 2524883777.605264,
        "median": 39987235.49195954,
        "min": 407,
        "max": 30000438120,
        "variance_ns2": 3.3693104751742603e+19,
        "iqr_ns": 3781985873.9492116,
        "q1_ns": 722729.8522835468,
        "q3_ns": 3782708603.801495
      },
      "futex_op_counts": {
        "128": 114
      },
      "first_seen_ts_ns": 7478519663520,
      "last_seen_ts_ns": 7538884746571
    },
    {
      "tgid": 7116,
      "comm": "containerd-shim",
      "cgroup_id": 4085,
      "wait_duration_stats_ns": {
        "count": 75.0,
        "sum": 287210072363.00006,
        "mean": 3829467631.506667,
        "median": 408037652.8904327,
        "min": 575,
        "max": 30000142762,
        "variance_ns2": 4.245547751359627e+19,
        "iqr_ns": 5553612064.706479,
        "q1_ns": 60815615.36844431,
        "q3_ns": 5614427680.0749235
      },
      "futex_op_counts": {
        "128": 75
      },
      "first_seen_ts_ns": 7469334741765,
      "last_seen_ts_ns": 7538675483952
    },
    {
      "tgid": 197144,
      "comm": "containerd-shim",
      "cgroup_id": 4085,
      "wait_duration_stats_ns": {
        "count": 69.0,
        "sum": 287196309458.00006,
        "mean": 4162265354.463769,
        "median": 845126049.0150584,
        "min": 9266,
        "max": 29999080328,
        "variance_ns2": 5.3446963988593844e+19,
        "iqr_ns": 3613208006.4425654,
        "q1_ns": 11183434.489826588,
        "q3_ns": 3624391440.932392
      },
      "futex_op_counts": {
        "128": 69
      },
      "first_seen_ts_ns": 7477794702418,
      "last_seen_ts_ns": 7538670034771
    },
    {
      "tgid": 5848,
      "comm": "ssm-agent-worke",
      "cgroup_id": 3429,
      "wait_duration_stats_ns": {
        "count": 141.0,
        "sum": 280939391798.0001,
        "mean": 1992477956.0141852,
        "median": 1182419705.14666,
        "min": 1797,
        "max": 29992279287,
        "variance_ns2": 2.4890543322620117e+19,
        "iqr_ns": 1886337078.6069188,
        "q1_ns": 120284632.56367123,
        "q3_ns": 2006621711.1705902
      },
      "futex_op_counts": {
        "128": 141
      },
      "first_seen_ts_ns": 7470265322004,
      "last_seen_ts_ns": 7542558702465
    },
    {
      "tgid": 6352,
      "comm": "aws-k8s-agent",
      "cgroup_id": 5011,
      "wait_duration_stats_ns": {
        "count": 463.0,
        "sum": 270657856547.99985,
        "mean": 584574204.2073431,
        "median": 47366040.72260592,
        "min": 5046,
        "max": 15314610030,
        "variance_ns2": 1.850699821899801e+18,
        "iqr_ns": 737710890.3621815,
        "q1_ns": 805473.3427287623,
        "q3_ns": 738516363.7049103
      },
      "futex_op_counts": {
        "128": 463
      },
      "first_seen_ts_ns": 7474790048390,
      "last_seen_ts_ns": 7542400271193
    },
    {
      "tgid": 12715,
      "comm": "manager",
      "cgroup_id": 6249,
      "wait_duration_stats_ns": {
        "count": 661.0,
        "sum": 265111522878.99985,
        "mean": 401076434.00756407,
        "median": 235508003.69134936,
        "min": 10732,
        "max": 19164624707,
        "variance_ns2": 1.0707022901612686e+18,
        "iqr_ns": 485631348.39146584,
        "q1_ns": 11766738.737292651,
        "q3_ns": 497398087.1287585
      },
      "futex_op_counts": {
        "128": 661
      },
      "first_seen_ts_ns": 7468653127246,
      "last_seen_ts_ns": 7543141463637
    },
    {
      "tgid": 5925,
      "comm": "containerd-shim",
      "cgroup_id": 4085,
      "wait_duration_stats_ns": {
        "count": 64.0,
        "sum": 257192284836.00003,
        "mean": 4018629450.5625005,
        "median": 1733973932.5886595,
        "min": 8206,
        "max": 29993433194,
        "variance_ns2": 3.967869402804281e+19,
        "iqr_ns": 5506357950.44688,
        "q1_ns": 133471546.75434527,
        "q3_ns": 5639829497.201225
      },
      "futex_op_counts": {
        "128": 64
      },
      "first_seen_ts_ns": 7478527757151,
      "last_seen_ts_ns": 7538669003760
    },
    {
      "tgid": 12629,
      "comm": "kube-rbac-proxy",
      "cgroup_id": 6179,
      "wait_duration_stats_ns": {
        "count": 58.0,
        "sum": 244981944012.0,
        "mean": 4223826620.8965516,
        "median": 5135566929.661672,
        "min": 1696,
        "max": 35002713820,
        "variance_ns2": 2.2635162143682093e+19,
        "iqr_ns": 4078366999.276748,
        "q1_ns": 1132945097.196548,
        "q3_ns": 5211312096.473296
      },
      "futex_op_counts": {
        "128": 58
      },
      "first_seen_ts_ns": 7478201200189,
      "last_seen_ts_ns": 7538201480995
    },
    {
      "tgid": 6071,
      "comm": "kube-proxy",
      "cgroup_id": 4871,
      "wait_duration_stats_ns": {
        "count": 59.0,
        "sum": 232331420554.00003,
        "mean": 3937820687.3559327,
        "median": 3433533523.293215,
        "min": 24836,
        "max": 30002925835,
        "variance_ns2": 3.410031567346598e+19,
        "iqr_ns": 4445556457.140089,
        "q1_ns": 549003311.4354273,
        "q3_ns": 4994559768.575517
      },
      "futex_op_counts": {
        "128": 59
      },
      "first_seen_ts_ns": 7468996506831,
      "last_seen_ts_ns": 7538357673659
    },
    {
      "tgid": 6479,
      "comm": "controller",
      "cgroup_id": 5081,
      "wait_duration_stats_ns": {
        "count": 310.0,
        "sum": 199354630611.00006,
        "mean": 643079453.5838711,
        "median": 494758230.63706285,
        "min": 5011,
        "max": 10006176931,
        "variance_ns2": 1.6017551507738038e+18,
        "iqr_ns": 10262851.675816953,
        "q1_ns": 489080273.40415025,
        "q3_ns": 499343125.0799672
      },
      "futex_op_counts": {
        "128": 310
      },
      "first_seen_ts_ns": 7469201763021,
      "last_seen_ts_ns": 7542702638628
    },
    {
      "tgid": 198504,
      "comm": "xhpcg",
      "cgroup_id": 54722,
      "wait_duration_stats_ns": {
        "count": 1524.0,
        "sum": 4395706996.999998,
        "mean": 2884322.176509185,
        "median": 2176473.9496385334,
        "min": 200305,
        "max": 46175437,
        "variance_ns2": 10934118256773.719,
        "iqr_ns": 312425.3471621468,
        "q1_ns": 2011644.7092688882,
        "q3_ns": 2324070.056431035
      },
      "futex_op_counts": {
        "128": 1524
      },
      "first_seen_ts_ns": 7474514491758,
      "last_seen_ts_ns": 7495300302557
    },
    {
      "tgid": 198491,
      "comm": "xhpcg",
      "cgroup_id": 54722,
      "wait_duration_stats_ns": {
        "count": 1536.0,
        "sum": 4354403364.999998,
        "mean": 2834898.0240885406,
        "median": 2173755.581700682,
        "min": 16556,
        "max": 46277459,
        "variance_ns2": 10057083376223.004,
        "iqr_ns": 356468.3508564546,
        "q1_ns": 2004333.2748034778,
        "q3_ns": 2360801.6256599324
      },
      "futex_op_counts": {
        "128": 1536
      },
      "first_seen_ts_ns": 7474514513260,
      "last_seen_ts_ns": 7495301026915
    },
    {
      "tgid": 198465,
      "comm": "xhpcg",
      "cgroup_id": 54722,
      "wait_duration_stats_ns": {
        "count": 1520.0,
        "sum": 4343383738.999996,
        "mean": 2857489.3019736814,
        "median": 2161603.2015138017,
        "min": 89355,
        "max": 53801985,
        "variance_ns2": 10883060612115.049,
        "iqr_ns": 319396.0363132502,
        "q1_ns": 1984674.172076277,
        "q3_ns": 2304070.208389527
      },
      "futex_op_counts": {
        "128": 1520
      },
      "first_seen_ts_ns": 7474514540687,
      "last_seen_ts_ns": 7495301223148
    },
    {
      "tgid": 198505,
      "comm": "xhpcg",
      "cgroup_id": 54722,
      "wait_duration_stats_ns": {
        "count": 1520.0,
        "sum": 4310921509.000004,
        "mean": 2836132.571710529,
        "median": 2168715.7677050643,
        "min": 37873,
        "max": 46085286,
        "variance_ns2": 11498071848635.11,
        "iqr_ns": 353818.86221906263,
        "q1_ns": 1945126.2188069192,
        "q3_ns": 2298945.081025982
      },
      "futex_op_counts": {
        "128": 1520
      },
      "first_seen_ts_ns": 7474514634185,
      "last_seen_ts_ns": 7495299601259
    },
    {
      "tgid": 198498,
      "comm": "xhpcg",
      "cgroup_id": 54722,
      "wait_duration_stats_ns": {
        "count": 1523.0,
        "sum": 4309149246.000005,
        "mean": 2829382.3020354593,
        "median": 2167859.0917313662,
        "min": 16115,
        "max": 54931096,
        "variance_ns2": 10775015597364.057,
        "iqr_ns": 393485.6180371293,
        "q1_ns": 1964426.8664183118,
        "q3_ns": 2357912.484455441
      },
      "futex_op_counts": {
        "128": 1523
      },
      "first_seen_ts_ns": 7474514620593,
      "last_seen_ts_ns": 7495300168564
    },
    {
      "tgid": 198473,
      "comm": "xhpcg",
      "cgroup_id": 54722,
      "wait_duration_stats_ns": {
        "count": 1522.0,
        "sum": 4308250270.999999,
        "mean": 2830650.637976346,
        "median": 2146543.814691969,
        "min": 17353,
        "max": 45432455,
        "variance_ns2": 11836134344125.238,
        "iqr_ns": 283518.79712154437,
        "q1_ns": 1946396.0712821987,
        "q3_ns": 2229914.868403743
      },
      "futex_op_counts": {
        "128": 1522
      },
      "first_seen_ts_ns": 7474514640182,
      "last_seen_ts_ns": 7495300790930
    },
    {
      "tgid": 198495,
      "comm": "xhpcg",
      "cgroup_id": 54722,
      "wait_duration_stats_ns": {
        "count": 1518.0,
        "sum": 4306354980.999998,
        "mean": 2836860.988801053,
        "median": 2160068.5338690756,
        "min": 13690,
        "max": 55168771,
        "variance_ns2": 11372872283794.127,
        "iqr_ns": 345389.8136759936,
        "q1_ns": 1968499.2346956152,
        "q3_ns": 2313889.048371609
      },
      "futex_op_counts": {
        "128": 1518
      },
      "first_seen_ts_ns": 7474514523090,
      "last_seen_ts_ns": 7495301101586
    },
    {
      "tgid": 198489,
      "comm": "xhpcg",
      "cgroup_id": 54722,
      "wait_duration_stats_ns": {
        "count": 1522.0,
        "sum": 4305821644.000001,
        "mean": 2829054.956636006,
        "median": 2163224.7336325618,
        "min": 13687,
        "max": 55427925,
        "variance_ns2": 10979893531466.205,
        "iqr_ns": 332046.09098060033,
        "q1_ns": 1975076.0083351403,
        "q3_ns": 2307122.0993157406
      },
      "futex_op_counts": {
        "128": 1522
      },
      "first_seen_ts_ns": 7474514465176,
      "last_seen_ts_ns": 7495300650157
    },
    {
      "tgid": 198455,
      "comm": "xhpcg",
      "cgroup_id": 54722,
      "wait_duration_stats_ns": {
        "count": 1533.0,
        "sum": 4293755542.0000033,
        "mean": 2800884.241356819,
        "median": 2129014.0982649964,
        "min": 319353,
        "max": 54180043,
        "variance_ns2": 11249851031847.465,
        "iqr_ns": 377721.2033269033,
        "q1_ns": 1975561.5250477344,
        "q3_ns": 2353282.7283746377
      },
      "futex_op_counts": {
        "128": 1533
      },
      "first_seen_ts_ns": 7474514299673,
      "last_seen_ts_ns": 7495301449731
    },
    {
      "tgid": 198468,
      "comm": "xhpcg",
      "cgroup_id": 54722,
      "wait_duration_stats_ns": {
        "count": 1517.0,
        "sum": 4288216139.000005,
        "mean": 2826773.9874752834,
        "median": 2143229.694933809,
        "min": 17774,
        "max": 45309961,
        "variance_ns2": 11522002721305.803,
        "iqr_ns": 254936.62892816495,
        "q1_ns": 1974461.0060044057,
        "q3_ns": 2229397.6349325706
      },
      "futex_op_counts": {
        "128": 1517
      },
      "first_seen_ts_ns": 7474515015270,
      "last_seen_ts_ns": 7495299908931
    },
    {
      "tgid": 198500,
      "comm": "xhpcg",
      "cgroup_id": 54722,
      "wait_duration_stats_ns": {
        "count": 1519.0,
        "sum": 4283522388.000001,
        "mean": 2819962.072416064,
        "median": 2160437.2196380226,
        "min": 52654,
        "max": 46215532,
        "variance_ns2": 11210844763302.045,
        "iqr_ns": 366991.6472629884,
        "q1_ns": 1926281.7233091139,
        "q3_ns": 2293273.3705721023
      },
      "futex_op_counts": {
        "128": 1519
      },
      "first_seen_ts_ns": 7474514509366,
      "last_seen_ts_ns": 7495301634816
    },
    {
      "tgid": 198488,
      "comm": "xhpcg",
      "cgroup_id": 54722,
      "wait_duration_stats_ns": {
        "count": 1532.0,
        "sum": 4263654618.9999986,
        "mean": 2783064.372715404,
        "median": 2137501.928078362,
        "min": 30140,
        "max": 55465508,
        "variance_ns2": 10484067341639.086,
        "iqr_ns": 328294.4001862174,
        "q1_ns": 1945607.5753736505,
        "q3_ns": 2273901.975559868
      },
      "futex_op_counts": {
        "128": 1532
      },
      "first_seen_ts_ns": 7474514552669,
      "last_seen_ts_ns": 7495299707343
    },
    {
      "tgid": 198482,
      "comm": "xhpcg",
      "cgroup_id": 54722,
      "wait_duration_stats_ns": {
        "count": 1519.0,
        "sum": 4261891110.9999967,
        "mean": 2805721.6003949945,
        "median": 2145177.369545645,
        "min": 25008,
        "max": 45863195,
        "variance_ns2": 10867378663603.322,
        "iqr_ns": 265232.0151374603,
        "q1_ns": 1962410.6733556644,
        "q3_ns": 2227642.6884931247
      },
      "futex_op_counts": {
        "128": 1519
      },
      "first_seen_ts_ns": 7474514603289,
      "last_seen_ts_ns": 7495301129756
    },
    {
      "tgid": 198494,
      "comm": "xhpcg",
      "cgroup_id": 54722,
      "wait_duration_stats_ns": {
        "count": 1520.0,
        "sum": 4260650263.999995,
        "mean": 2803059.384210523,
        "median": 2145212.988002924,
        "min": 19857,
        "max": 45925367,
        "variance_ns2": 11242944022092.615,
        "iqr_ns": 295530.0031242219,
        "q1_ns": 1943812.0443905296,
        "q3_ns": 2239342.0475147516
      },
      "futex_op_counts": {
        "128": 1520
      },
      "first_seen_ts_ns": 7474514360905,
      "last_seen_ts_ns": 7495301143531
    },
    {
      "tgid": 198457,
      "comm": "xhpcg",
      "cgroup_id": 54722,
      "wait_duration_stats_ns": {
        "count": 1540.0,
        "sum": 4257609998.0000014,
        "mean": 2764681.816883118,
        "median": 2127339.610751412,
        "min": 16663,
        "max": 54295353,
        "variance_ns2": 10594955815353.137,
        "iqr_ns": 262406.0857739439,
        "q1_ns": 1959080.0860586907,
        "q3_ns": 2221486.1718326346
      },
      "futex_op_counts": {
        "128": 1540
      },
      "first_seen_ts_ns": 7474514213986,
      "last_seen_ts_ns": 7495300039407
    },
    {
      "tgid": 198471,
      "comm": "xhpcg",
      "cgroup_id": 54722,
      "wait_duration_stats_ns": {
        "count": 1519.0,
        "sum": 4257186820.9999986,
        "mean": 2802624.6352863717,
        "median": 2137475.316569955,
        "min": 36627,
        "max": 45657957,
        "variance_ns2": 11937146213303.746,
        "iqr_ns": 301779.536480648,
        "q1_ns": 1922492.1685765544,
        "q3_ns": 2224271.7050572024
      },
      "futex_op_counts": {
        "128": 1519
      },
      "first_seen_ts_ns": 7474514375213,
      "last_seen_ts_ns": 7495299114455
    },
    {
      "tgid": 198453,
      "comm": "xhpcg",
      "cgroup_id": 54722,
      "wait_duration_stats_ns": {
        "count": 1516.0,
        "sum": 4248609161.0000052,
        "mean": 2802512.6391820614,
        "median": 2118445.8825845616,
        "min": 23992,
        "max": 40963072,
        "variance_ns2": 11478144408470.62,
        "iqr_ns": 213469.831173799,
        "q1_ns": 1979007.9471058068,
        "q3_ns": 2192477.778279606
      },
      "futex_op_counts": {
        "128": 1516
      },
      "first_seen_ts_ns": 7474514713073,
      "last_seen_ts_ns": 7495301196068
    },
    {
      "tgid": 198502,
      "comm": "xhpcg",
      "cgroup_id": 54722,
      "wait_duration_stats_ns": {
        "count": 1519.0,
        "sum": 4237427706.0000057,
        "mean": 2789616.659644507,
        "median": 2135311.232491819,
        "min": 38026,
        "max": 37913890,
        "variance_ns2": 11675310423961.018,
        "iqr_ns": 341005.1751110221,
        "q1_ns": 1878082.3066350182,
        "q3_ns": 2219087.4817460403
      },
      "futex_op_counts": {
        "128": 1519
      },
      "first_seen_ts_ns": 7474514600827,
      "last_seen_ts_ns": 7495300326711
    },
    {
      "tgid": 198450,
      "comm": "xhpcg",
      "cgroup_id": 54722,
      "wait_duration_stats_ns": {
        "count": 1529.0,
        "sum": 4237070004.000003,
        "mean": 2771138.0013080463,
        "median": 2098294.5169959934,
        "min": 74174,
        "max": 45248063,
        "variance_ns2": 11319141651058.36,
        "iqr_ns": 403727.9871925891,
        "q1_ns": 1915399.9030536565,
        "q3_ns": 2319127.8902462455
      },
      "futex_op_counts": {
        "128": 1529
      },
      "first_seen_ts_ns": 7474514322349,
      "last_seen_ts_ns": 7495301324095
    },
    {
      "tgid": 198486,
      "comm": "xhpcg",
      "cgroup_id": 54722,
      "wait_duration_stats_ns": {
        "count": 1518.0,
        "sum": 4230166041.999999,
        "mean": 2786670.6469038203,
        "median": 2118348.7905084593,
        "min": 25469,
        "max": 45466037,
        "variance_ns2": 11612281768474.8,
        "iqr_ns": 269110.505518859,
        "q1_ns": 1937987.5955178651,
        "q3_ns": 2207098.101036724
      },
      "futex_op_counts": {
        "128": 1518
      },
      "first_seen_ts_ns": 7474514486511,
      "last_seen_ts_ns": 7495300090354
    },
    {
      "tgid": 198480,
      "comm": "xhpcg",
      "cgroup_id": 54722,
      "wait_duration_stats_ns": {
        "count": 1529.0,
        "sum": 4226094097.9999957,
        "mean": 2763959.5147154974,
        "median": 2125126.4609552505,
        "min": 49933,
        "max": 46071134,
        "variance_ns2": 10745306310729.332,
        "iqr_ns": 271575.61073111277,
        "q1_ns": 1941109.8052696316,
        "q3_ns": 2212685.4160007443
      },
      "futex_op_counts": {
        "128": 1529
      },
      "first_seen_ts_ns": 7474514340282,
      "last_seen_ts_ns": 7495300107110
    },
    {
      "tgid": 198484,
      "comm": "xhpcg",
      "cgroup_id": 54722,
      "wait_duration_stats_ns": {
        "count": 1523.0,
        "sum": 4220599826.0000033,
        "mean": 2771240.8575180587,
        "median": 2126527.6375795184,
        "min": 20828,
        "max": 37768998,
        "variance_ns2": 11392056169929.412,
        "iqr_ns": 331095.5764719383,
        "q1_ns": 1896008.6018714132,
        "q3_ns": 2227104.1783433515
      },
      "futex_op_counts": {
        "128": 1523
      },
      "first_seen_ts_ns": 7474514565329,
      "last_seen_ts_ns": 7495299924130
    },
    {
      "tgid": 198477,
      "comm": "xhpcg",
      "cgroup_id": 54722,
      "wait_duration_stats_ns": {
        "count": 1533.0,
        "sum": 4214289206.0000043,
        "mean": 2749047.1011089394,
        "median": 2123212.0924671963,
        "min": 109360,
        "max": 37742329,
        "variance_ns2": 11088189150524.201,
        "iqr_ns": 320789.59999884083,
        "q1_ns": 1886358.640397024,
        "q3_ns": 2207148.240395865
      },
      "futex_op_counts": {
        "128": 1533
      },
      "first_seen_ts_ns": 7474514355053,
      "last_seen_ts_ns": 7495299541169
    },
    {
      "tgid": 198449,
      "comm": "xhpcg",
      "cgroup_id": 54722,
      "wait_duration_stats_ns": {
        "count": 1523.0,
        "sum": 4214220710.0,
        "mean": 2767052.3374917926,
        "median": 2082674.7868175586,
        "min": 50833,
        "max": 37263898,
        "variance_ns2": 11943421395019.354,
        "iqr_ns": 250584.45217683935,
        "q1_ns": 1905030.7894903382,
        "q3_ns": 2155615.2416671775
      },
      "futex_op_counts": {
        "128": 1523
      },
      "first_seen_ts_ns": 7474514455882,
      "last_seen_ts_ns": 7495299415261
    },
    {
      "tgid": 198469,
      "comm": "xhpcg",
      "cgroup_id": 54722,
      "wait_duration_stats_ns": {
        "count": 1518.0,
        "sum": 4211268370.999998,
        "mean": 2774221.5882740435,
        "median": 2116546.7885853895,
        "min": 52642,
        "max": 37383578,
        "variance_ns2": 12301486578808.85,
        "iqr_ns": 317585.8941270774,
        "q1_ns": 1872223.5391491987,
        "q3_ns": 2189809.433276276
      },
      "futex_op_counts": {
        "128": 1518
      },
      "first_seen_ts_ns": 7474514513991,
      "last_seen_ts_ns": 7495300142266
    },
    {
      "tgid": 198461,
      "comm": "xhpcg",
      "cgroup_id": 54722,
      "wait_duration_stats_ns": {
        "count": 1527.0,
        "sum": 4205839669.9999986,
        "mean": 2754315.4354944327,
        "median": 2117088.441975873,
        "min": 7326,
        "max": 45512335,
        "variance_ns2": 11091692860780.807,
        "iqr_ns": 312181.6834619916,
        "q1_ns": 1935943.7093458786,
        "q3_ns": 2248125.39280787
      },
      "futex_op_counts": {
        "128": 1527
      },
      "first_seen_ts_ns": 7474514464380,
      "last_seen_ts_ns": 7495301320772
    },
    {
      "tgid": 198463,
      "comm": "xhpcg",
      "cgroup_id": 54722,
      "wait_duration_stats_ns": {
        "count": 1533.0,
        "sum": 4191074482.0000052,
        "mean": 2733903.771689501,
        "median": 2101069.335982341,
        "min": 16560,
        "max": 54094530,
        "variance_ns2": 10426462897235.959,
        "iqr_ns": 287627.468302496,
        "q1_ns": 1924937.32330868,
        "q3_ns": 2212564.791611176
      },
      "futex_op_counts": {
        "128": 1533
      },
      "first_seen_ts_ns": 7474514490796,
      "last_seen_ts_ns": 7495300187878
    },
    {
      "tgid": 198451,
      "comm": "xhpcg",
      "cgroup_id": 54722,
      "wait_duration_stats_ns": {
        "count": 1526.0,
        "sum": 4184566139.9999948,
        "mean": 2742179.6461336794,
        "median": 2109736.093622623,
        "min": 84477,
        "max": 45224961,
        "variance_ns2": 10911195966578.066,
        "iqr_ns": 285639.4300673632,
        "q1_ns": 1923265.894527521,
        "q3_ns": 2208905.324594884
      },
      "futex_op_counts": {
        "128": 1526
      },
      "first_seen_ts_ns": 7474514466691,
      "last_seen_ts_ns": 7495298802221
    },
    {
      "tgid": 198452,
      "comm": "xhpcg",
      "cgroup_id": 54722,
      "wait_duration_stats_ns": {
        "count": 1540.0,
        "sum": 4178944438.0,
        "mean": 2713600.2844155845,
        "median": 2081191.2469972805,
        "min": 15780,
        "max": 37185741,
        "variance_ns2": 10527549061280.463,
        "iqr_ns": 275639.4591908457,
        "q1_ns": 1896230.6368644906,
        "q3_ns": 2171870.0960553363
      },
      "futex_op_counts": {
        "128": 1540
      },
      "first_seen_ts_ns": 7474514556222,
      "last_seen_ts_ns": 7495300270418
    },
    {
      "tgid": 198459,
      "comm": "xhpcg",
      "cgroup_id": 54722,
      "wait_duration_stats_ns": {
        "count": 1519.0,
        "sum": 4140627387.0000057,
        "mean": 2725890.314022387,
        "median": 2115944.982264481,
        "min": 71564,
        "max": 45300851,
        "variance_ns2": 11124041238567.549,
        "iqr_ns": 306082.44862300716,
        "q1_ns": 1908137.8033593,
        "q3_ns": 2214220.251982307
      },
      "futex_op_counts": {
        "128": 1519
      },
      "first_seen_ts_ns": 7474514655201,
      "last_seen_ts_ns": 7495299945465
    },
    {
      "tgid": 198879,
      "comm": "xhpcg",
      "cgroup_id": 54722,
      "wait_duration_stats_ns": {
        "count": 1501.0,
        "sum": 4060197559.000003,
        "mean": 2704995.042638243,
        "median": 2177874.3449671743,
        "min": 64698,
        "max": 53200375,
        "variance_ns2": 10137570511408.164,
        "iqr_ns": 234535.41360305925,
        "q1_ns": 2018046.6332358916,
        "q3_ns": 2252582.046838951
      },
      "futex_op_counts": {
        "128": 1501
      },
      "first_seen_ts_ns": 7516814477311,
      "last_seen_ts_ns": 7536765612459
    },
    {
      "tgid": 198927,
      "comm": "xhpcg",
      "cgroup_id": 54722,
      "wait_duration_stats_ns": {
        "count": 1492.0,
        "sum": 4053992079.9999957,
        "mean": 2717152.868632705,
        "median": 2178020.5456733806,
        "min": 93302,
        "max": 45028689,
        "variance_ns2": 10042760759177.979,
        "iqr_ns": 265590.84410421085,
        "q1_ns": 2011666.8303026548,
        "q3_ns": 2277257.6744068656
      },
      "futex_op_counts": {
        "128": 1492
      },
      "first_seen_ts_ns": 7516814666123,
      "last_seen_ts_ns": 7536765967822
    },
    {
      "tgid": 198721,
      "comm": "xhpcg",
      "cgroup_id": 54722,
      "wait_duration_stats_ns": {
        "count": 1503.0,
        "sum": 4053526012.9999976,
        "mean": 2696956.7618097123,
        "median": 2162651.0190024762,
        "min": 9621,
        "max": 42233386,
        "variance_ns2": 10758573580293.422,
        "iqr_ns": 256182.6802971305,
        "q1_ns": 1977364.6980492135,
        "q3_ns": 2233547.378346344
      },
      "futex_op_counts": {
        "128": 1503
      },
      "first_seen_ts_ns": 7496115742727,
      "last_seen_ts_ns": 7516004677024
    },
    {
      "tgid": 198695,
      "comm": "xhpcg",
      "cgroup_id": 54722,
      "wait_duration_stats_ns": {
        "count": 1522.0,
        "sum": 4031124874.999998,
        "mean": 2648570.877135347,
        "median": 2150136.8400434265,
        "min": 26424,
        "max": 51190517,
        "variance_ns2": 8713514083496.308,
        "iqr_ns": 336703.2882213243,
        "q1_ns": 1958759.4002077114,
        "q3_ns": 2295462.6884290357
      },
      "futex_op_counts": {
        "128": 1522
      },
      "first_seen_ts_ns": 7496116667520,
      "last_seen_ts_ns": 7515998354473
    },
    {
      "tgid": 198919,
      "comm": "xhpcg",
      "cgroup_id": 54722,
      "wait_duration_stats_ns": {
        "count": 1506.0,
        "sum": 4030708530.0000057,
        "mean": 2676433.2868525935,
        "median": 2169251.301764569,
        "min": 19826,
        "max": 54682403,
        "variance_ns2": 10199545127109.408,
        "iqr_ns": 293494.8028291832,
        "q1_ns": 1980708.958781288,
        "q3_ns": 2274203.761610471
      },
      "futex_op_counts": {
        "128": 1506
      },
      "first_seen_ts_ns": 7516814478326,
      "last_seen_ts_ns": 7536765572242
    },
    {
      "tgid": 198902,
      "comm": "xhpcg",
      "cgroup_id": 54722,
      "wait_duration_stats_ns": {
        "count": 1502.0,
        "sum": 4029126597.00001,
        "mean": 2682507.721038622,
        "median": 2161113.5716579887,
        "min": 23090,
        "max": 45118048,
        "variance_ns2": 10507471321172.77,
        "iqr_ns": 292009.2973928368,
        "q1_ns": 1947384.4483036278,
        "q3_ns": 2239393.7456964646
      },
      "futex_op_counts": {
        "128": 1502
      },
      "first_seen_ts_ns": 7516814619685,
      "last_seen_ts_ns": 7536764383813
    },
    {
      "tgid": 198872,
      "comm": "xhpcg",
      "cgroup_id": 54722,
      "wait_duration_stats_ns": {
        "count": 1483.0,
        "sum": 4028627202.000003,
        "mean": 2716538.9089683094,
        "median": 2100767.922196543,
        "min": 110345,
        "max": 36246909,
        "variance_ns2": 11392936078715.709,
        "iqr_ns": 244364.00456060166,
        "q1_ns": 1906960.7294933668,
        "q3_ns": 2151324.7340539685
      },
      "futex_op_counts": {
        "128": 1483
      },
      "first_seen_ts_ns": 7516814854258,
      "last_seen_ts_ns": 7536765754555
    },
    {
      "tgid": 198884,
      "comm": "xhpcg",
      "cgroup_id": 54722,
      "wait_duration_stats_ns": {
        "count": 1511.0,
        "sum": 4015699154.0000014,
        "mean": 2657643.384513568,
        "median": 2132589.663144288,
        "min": 58471,
        "max": 44538699,
        "variance_ns2": 10315224606977.857,
        "iqr_ns": 348819.78500136547,
        "q1_ns": 1930305.0464081364,
        "q3_ns": 2279124.831409502
      },
      "futex_op_counts": {
        "128": 1511
      },
      "first_seen_ts_ns": 7516814547040,
      "last_seen_ts_ns": 7536765932350
    },
    {
      "tgid": 198706,
      "comm": "xhpcg",
      "cgroup_id": 54722,
      "wait_duration_stats_ns": {
        "count": 1497.0,
        "sum": 4014598144.999999,
        "mean": 2681762.287909151,
        "median": 2153231.2093048464,
        "min": 171867,
        "max": 50973635,
        "variance_ns2": 9917136312988.324,
        "iqr_ns": 243170.5272588809,
        "q1_ns": 2002933.5390473139,
        "q3_ns": 2246104.0663061948
      },
      "futex_op_counts": {
        "128": 1497
      },
      "first_seen_ts_ns": 7496116132269,
      "last_seen_ts_ns": 7515998105619
    },
    {
      "tgid": 198904,
      "comm": "xhpcg",
      "cgroup_id": 54722,
      "wait_duration_stats_ns": {
        "count": 1501.0,
        "sum": 4012746587.9999976,
        "mean": 2673382.137241837,
        "median": 2149171.109588037,
        "min": 2067,
        "max": 45274828,
        "variance_ns2": 10143942437683.396,
        "iqr_ns": 279330.507379174,
        "q1_ns": 1948137.672861634,
        "q3_ns": 2227468.180240808
      },
      "futex_op_counts": {
        "128": 1501
      },
      "first_seen_ts_ns": 7516814563394,
      "last_seen_ts_ns": 7536765670175
    },
    {
      "tgid": 198888,
      "comm": "xhpcg",
      "cgroup_id": 54722,
      "wait_duration_stats_ns": {
        "count": 1495.0,
        "sum": 4011518367.000006,
        "mean": 2683289.8775919774,
        "median": 2151515.802177028,
        "min": 45495,
        "max": 53460780,
        "variance_ns2": 10926645692943.756,
        "iqr_ns": 250984.0014452939,
        "q1_ns": 1988521.5916159283,
        "q3_ns": 2239505.593061222
      },
      "futex_op_counts": {
        "128": 1495
      },
      "first_seen_ts_ns": 7516814337876,
      "last_seen_ts_ns": 7536765547413
    },
    {
      "tgid": 198915,
      "comm": "xhpcg",
      "cgroup_id": 54722,
      "wait_duration_stats_ns": {
        "count": 1498.0,
        "sum": 4010431809.0000014,
        "mean": 2677190.7937249676,
        "median": 2143614.5039711813,
        "min": 29868,
        "max": 45628146,
        "variance_ns2": 11224628351488.473,
        "iqr_ns": 303201.16816172865,
        "q1_ns": 1922220.024068074,
        "q3_ns": 2225421.1922298027
      },
      "futex_op_counts": {
        "128": 1498
      },
      "first_seen_ts_ns": 7516814353749,
      "last_seen_ts_ns": 7536765597420
    },
    {
      "tgid": 198921,
      "comm": "xhpcg",
      "cgroup_id": 54722,
      "wait_duration_stats_ns": {
        "count": 1497.0,
        "sum": 4003567349.9999976,
        "mean": 2674393.687374748,
        "median": 2156121.9294781145,
        "min": 27504,
        "max": 54177430,
        "variance_ns2": 10618521267965.852,
        "iqr_ns": 317059.0120572713,
        "q1_ns": 1956655.0020433497,
        "q3_ns": 2273714.014100621
      },
      "futex_op_counts": {
        "128": 1497
      },
      "first_seen_ts_ns": 7516814515583,
      "last_seen_ts_ns": 7536765546088
    },
    {
      "tgid": 198911,
      "comm": "xhpcg",
      "cgroup_id": 54722,
      "wait_duration_stats_ns": {
        "count": 1496.0,
        "sum": 3997962270.9999967,
        "mean": 2672434.67312834,
        "median": 2156571.794569381,
        "min": 41048,
        "max": 54508830,
        "variance_ns2": 10328480561901.83,
        "iqr_ns": 263762.99901809776,
        "q1_ns": 1971903.5206190702,
        "q3_ns": 2235666.519637168
      },
      "futex_op_counts": {
        "128": 1496
      },
      "first_seen_ts_ns": 7516814451930,
      "last_seen_ts_ns": 7536765337646
    },
    {
      "tgid": 198917,
      "comm": "xhpcg",
      "cgroup_id": 54722,
      "wait_duration_stats_ns": {
        "count": 1507.0,
        "sum": 3997200519.000004,
        "mean": 2652422.3749170564,
        "median": 2157195.2115572207,
        "min": 27473,
        "max": 45181073,
        "variance_ns2": 9785455312804.09,
        "iqr_ns": 288506.8216390547,
        "q1_ns": 1939346.253563075,
        "q3_ns": 2227853.07520213
      },
      "futex_op_counts": {
        "128": 1507
      },
      "first_seen_ts_ns": 7516814679865,
      "last_seen_ts_ns": 7536765490827
    },
    {
      "tgid": 198703,
      "comm": "xhpcg",
      "cgroup_id": 54722,
      "wait_duration_stats_ns": {
        "count": 1505.0,
        "sum": 3994237377.0000005,
        "mean": 2653978.32358804,
        "median": 2149399.596904125,
        "min": 39108,
        "max": 41555047,
        "variance_ns2": 10287043010900.47,
        "iqr_ns": 296433.47109759576,
        "q1_ns": 1943298.134911223,
        "q3_ns": 2239731.606008819
      },
      "futex_op_counts": {
        "128": 1505
      },
      "first_seen_ts_ns": 7496115819281,
      "last_seen_ts_ns": 7515996195546
    },
    {
      "tgid": 198890,
      "comm": "xhpcg",
      "cgroup_id": 54722,
      "wait_duration_stats_ns": {
        "count": 1487.0,
        "sum": 3992761688.999998,
        "mean": 2685112.0975117674,
        "median": 2144503.4596488327,
        "min": 21190,
        "max": 44933618,
        "variance_ns2": 11367719370645.994,
        "iqr_ns": 284502.4531446975,
        "q1_ns": 1943947.5141980322,
        "q3_ns": 2228449.9673427297
      },
      "futex_op_counts": {
        "128": 1487
      },
      "first_seen_ts_ns": 7516814320359,
      "last_seen_ts_ns": 7536765078882
    },
    {
      "tgid": 198718,
      "comm": "xhpcg",
      "cgroup_id": 54722,
      "wait_duration_stats_ns": {
        "count": 1495.0,
        "sum": 3991414934.999998,
        "mean": 2669842.7658862863,
        "median": 2154880.3696636194,
        "min": 40571,
        "max": 41733754,
        "variance_ns2": 11011852821030.992,
        "iqr_ns": 304257.2325268013,
        "q1_ns": 1926256.9214989922,
        "q3_ns": 2230514.1540257935
      },
      "futex_op_counts": {
        "128": 1495
      },
      "first_seen_ts_ns": 7496116102820,
      "last_seen_ts_ns": 7515995178362
    },
    {
      "tgid": 198665,
      "comm": "xhpcg",
      "cgroup_id": 54722,
      "wait_duration_stats_ns": {
        "count": 1496.0,
        "sum": 3986691888.0000014,
        "mean": 2664900.9946524072,
        "median": 2148545.1428652685,
        "min": 446969,
        "max": 50293707,
        "variance_ns2": 10299986943157.684,
        "iqr_ns": 211505.21203812817,
        "q1_ns": 1998748.7814242435,
        "q3_ns": 2210253.9934623716
      },
      "futex_op_counts": {
        "128": 1496
      },
      "first_seen_ts_ns": 7496115658403,
      "last_seen_ts_ns": 7515996410831
    },
    {
      "tgid": 198690,
      "comm": "xhpcg",
      "cgroup_id": 54722,
      "wait_duration_stats_ns": {
        "count": 1496.0,
        "sum": 3985694545.9999967,
        "mean": 2664234.322192511,
        "median": 2136185.920719611,
        "min": 998,
        "max": 41812524,
        "variance_ns2": 10199385325928.775,
        "iqr_ns": 300607.35543620423,
        "q1_ns": 1940656.4397887734,
        "q3_ns": 2241263.7952249777
      },
      "futex_op_counts": {
        "128": 1496
      },
      "first_seen_ts_ns": 7496115702091,
      "last_seen_ts_ns": 7515996388075
    },
    {
      "tgid": 198882,
      "comm": "xhpcg",
      "cgroup_id": 54722,
      "wait_duration_stats_ns": {
        "count": 1497.0,
        "sum": 3984598881.999994,
        "mean": 2661722.700066796,
        "median": 2122369.214277291,
        "min": 39483,
        "max": 44864189,
        "variance_ns2": 11215370291688.805,
        "iqr_ns": 302330.09333074465,
        "q1_ns": 1911625.3928725338,
        "q3_ns": 2213955.4862032784
      },
      "futex_op_counts": {
        "128": 1497
      },
      "first_seen_ts_ns": 7516814433632,
      "last_seen_ts_ns": 7536765667268
    },
    {
      "tgid": 198679,
      "comm": "xhpcg",
      "cgroup_id": 54722,
      "wait_duration_stats_ns": {
        "count": 1507.0,
        "sum": 3983247950.999998,
        "mean": 2643163.8692767075,
        "median": 2130892.679410393,
        "min": 23182,
        "max": 41874154,
        "variance_ns2": 9244742331238.361,
        "iqr_ns": 286495.5639539587,
        "q1_ns": 1946268.3595844323,
        "q3_ns": 2232763.923538391
      },
      "futex_op_counts": {
        "128": 1507
      },
      "first_seen_ts_ns": 7496116118675,
      "last_seen_ts_ns": 7515997468504
    },
    {
      "tgid": 198724,
      "comm": "xhpcg",
      "cgroup_id": 54722,
      "wait_duration_stats_ns": {
        "count": 1507.0,
        "sum": 3981377470.000002,
        "mean": 2641922.674187128,
        "median": 2127182.986876481,
        "min": 22266,
        "max": 42113703,
        "variance_ns2": 10786917852773.604,
        "iqr_ns": 287895.1351648944,
        "q1_ns": 1908621.7758598367,
        "q3_ns": 2196516.911024731
      },
      "futex_op_counts": {
        "128": 1507
      },
      "first_seen_ts_ns": 7496116074943,
      "last_seen_ts_ns": 7515997840272
    },
    {
      "tgid": 198925,
      "comm": "xhpcg",
      "cgroup_id": 54722,
      "wait_duration_stats_ns": {
        "count": 1506.0,
        "sum": 3979209671.9999976,
        "mean": 2642237.4980079667,
        "median": 2150249.688468978,
        "min": 46565,
        "max": 37052029,
        "variance_ns2": 9766266837061.455,
        "iqr_ns": 369798.7067369765,
        "q1_ns": 1873406.1761126837,
        "q3_ns": 2243204.8828496602
      },
      "futex_op_counts": {
        "128": 1506
      },
      "first_seen_ts_ns": 7516814625822,
      "last_seen_ts_ns": 7536764158612
    },
    {
      "tgid": 198699,
      "comm": "xhpcg",
      "cgroup_id": 54722,
      "wait_duration_stats_ns": {
        "count": 1516.0,
        "sum": 3978939604.000005,
        "mean": 2624630.345646441,
        "median": 2140752.896447302,
        "min": 33047,
        "max": 42109943,
        "variance_ns2": 9064895862616.625,
        "iqr_ns": 288639.29898146726,
        "q1_ns": 1938299.9161314028,
        "q3_ns": 2226939.21511287
      },
      "futex_op_counts": {
        "128": 1516
      },
      "first_seen_ts_ns": 7496115931421,
      "last_seen_ts_ns": 7515997383292
    },
    {
      "tgid": 198913,
      "comm": "xhpcg",
      "cgroup_id": 54722,
      "wait_duration_stats_ns": {
        "count": 1492.0,
        "sum": 3978610755.999992,
        "mean": 2666629.193029485,
        "median": 2140140.7784239817,
        "min": 74991,
        "max": 54544263,
        "variance_ns2": 10980250429398.02,
        "iqr_ns": 286519.95861719316,
        "q1_ns": 1954912.6268328568,
        "q3_ns": 2241432.58545005
      },
      "futex_op_counts": {
        "128": 1492
      },
      "first_seen_ts_ns": 7516814358998,
      "last_seen_ts_ns": 7536765857628
    },
    {
      "tgid": 198880,
      "comm": "xhpcg",
      "cgroup_id": 54722,
      "wait_duration_stats_ns": {
        "count": 1493.0,
        "sum": 3978104616.000004,
        "mean": 2664504.096450103,
        "median": 2142621.5987917474,
        "min": 45538,
        "max": 53149352,
        "variance_ns2": 10856734093699.053,
        "iqr_ns": 286159.69957394316,
        "q1_ns": 1943970.0580680275,
        "q3_ns": 2230129.7576419706
      },
      "futex_op_counts": {
        "128": 1493
      },
      "first_seen_ts_ns": 7516814412184,
      "last_seen_ts_ns": 7536765799926
    },
    {
      "tgid": 198874,
      "comm": "xhpcg",
      "cgroup_id": 54722,
      "wait_duration_stats_ns": {
        "count": 1500.0,
        "sum": 3976496816.999995,
        "mean": 2650997.8779999968,
        "median": 2130197.870853433,
        "min": 22873,
        "max": 44172995,
        "variance_ns2": 10286631340096.912,
        "iqr_ns": 284552.8820359814,
        "q1_ns": 1914409.4017834784,
        "q3_ns": 2198962.28381946
      },
      "futex_op_counts": {
        "128": 1500
      },
      "first_seen_ts_ns": 7516814504305,
      "last_seen_ts_ns": 7536765963752
    },
    {
      "tgid": 198681,
      "comm": "xhpcg",
      "cgroup_id": 54722,
      "wait_duration_stats_ns": {
        "count": 1492.0,
        "sum": 3972437730.0,
        "mean": 2662491.77613941,
        "median": 2139314.793420875,
        "min": 39717,
        "max": 42151219,
        "variance_ns2": 9726647941534.209,
        "iqr_ns": 282879.1014094085,
        "q1_ns": 1944346.9862449577,
        "q3_ns": 2227226.087654366
      },
      "futex_op_counts": {
        "128": 1492
      },
      "first_seen_ts_ns": 7496115815392,
      "last_seen_ts_ns": 7515997923408
    },
    {
      "tgid": 198715,
      "comm": "xhpcg",
      "cgroup_id": 54722,
      "wait_duration_stats_ns": {
        "count": 1498.0,
        "sum": 3972418101.9999976,
        "mean": 2651814.4873164203,
        "median": 2141136.559613182,
        "min": 28442,
        "max": 42157396,
        "variance_ns2": 9694945518870.97,
        "iqr_ns": 336915.03574881144,
        "q1_ns": 1915460.6378896683,
        "q3_ns": 2252375.67363848
      },
      "futex_op_counts": {
        "128": 1498
      },
      "first_seen_ts_ns": 7496116417060,
      "last_seen_ts_ns": 7515997814289
    },
    {
      "tgid": 198923,
      "comm": "xhpcg",
      "cgroup_id": 54722,
      "wait_duration_stats_ns": {
        "count": 1494.0,
        "sum": 3970020394.999995,
        "mean": 2657309.501338685,
        "median": 2134750.0196622615,
        "min": 28879,
        "max": 45375211,
        "variance_ns2": 10855313078205.8,
        "iqr_ns": 303770.9076232305,
        "q1_ns": 1925198.7897496736,
        "q3_ns": 2228969.697372904
      },
      "futex_op_counts": {
        "128": 1494
      },
      "first_seen_ts_ns": 7516814604120,
      "last_seen_ts_ns": 7536765352633
    },
    {
      "tgid": 198930,
      "comm": "xhpcg",
      "cgroup_id": 54722,
      "wait_duration_stats_ns": {
        "count": 1487.0,
        "sum": 3967958679.000003,
        "mean": 2668432.198386014,
        "median": 2120111.295252131,
        "min": 55825,
        "max": 37556366,
        "variance_ns2": 11278775124975.314,
        "iqr_ns": 346793.206306736,
        "q1_ns": 1917327.997116968,
        "q3_ns": 2264121.203423704
      },
      "futex_op_counts": {
        "128": 1487
      },
      "first_seen_ts_ns": 7516814437710,
      "last_seen_ts_ns": 7536764604701
    },
    {
      "tgid": 198713,
      "comm": "xhpcg",
      "cgroup_id": 54722,
      "wait_duration_stats_ns": {
        "count": 1503.0,
        "sum": 3966708608.0000024,
        "mean": 2639194.0172987375,
        "median": 2131554.462467746,
        "min": 35813,
        "max": 51620235,
        "variance_ns2": 9577134961827.932,
        "iqr_ns": 288601.302259153,
        "q1_ns": 1943434.530631413,
        "q3_ns": 2232035.832890566
      },
      "futex_op_counts": {
        "128": 1503
      },
      "first_seen_ts_ns": 7496115756434,
      "last_seen_ts_ns": 7515997773303
    },
    {
      "tgid": 198899,
      "comm": "xhpcg",
      "cgroup_id": 54722,
      "wait_duration_stats_ns": {
        "count": 1489.0,
        "sum": 3965385555.9999895,
        "mean": 2663119.9167226255,
        "median": 2113965.9402177623,
        "min": 41517,
        "max": 36602429,
        "variance_ns2": 11132993593602.582,
        "iqr_ns": 297892.38760835305,
        "q1_ns": 1919274.4055436682,
        "q3_ns": 2217166.7931520212
      },
      "futex_op_counts": {
        "128": 1489
      },
      "first_seen_ts_ns": 7516814612022,
      "last_seen_ts_ns": 7536765638750
    },
    {
      "tgid": 198875,
      "comm": "xhpcg",
      "cgroup_id": 54722,
      "wait_duration_stats_ns": {
        "count": 1489.0,
        "sum": 3964878755.9999967,
        "mean": 2662779.5540631274,
        "median": 2084350.8980158893,
        "min": 93666,
        "max": 36842418,
        "variance_ns2": 11133848085517.408,
        "iqr_ns": 323028.86850369023,
        "q1_ns": 1889230.9327644343,
        "q3_ns": 2212259.8012681245
      },
      "futex_op_counts": {
        "128": 1489
      },
      "first_seen_ts_ns": 7516814325787,
      "last_seen_ts_ns": 7536765688082
    },
    {
      "tgid": 198663,
      "comm": "xhpcg",
      "cgroup_id": 54722,
      "wait_duration_stats_ns": {
        "count": 1495.0,
        "sum": 3963992197.9999905,
        "mean": 2651499.7979933047,
        "median": 2134386.7827520296,
        "min": 43707,
        "max": 50082947,
        "variance_ns2": 10444573488122.738,
        "iqr_ns": 270724.9624627216,
        "q1_ns": 1952231.2046847579,
        "q3_ns": 2222956.1671474795
      },
      "futex_op_counts": {
        "128": 1495
      },
      "first_seen_ts_ns": 7496115900829,
      "last_seen_ts_ns": 7515999084737
    },
    {
      "tgid": 198929,
      "comm": "xhpcg",
      "cgroup_id": 54722,
      "wait_duration_stats_ns": {
        "count": 1497.0,
        "sum": 3959707545.999995,
        "mean": 2645095.2211088813,
        "median": 2147992.7016960657,
        "min": 13615,
        "max": 45572393,
        "variance_ns2": 10601196784981.611,
        "iqr_ns": 314213.3949448473,
        "q1_ns": 1923121.2340638277,
        "q3_ns": 2237334.629008675
      },
      "futex_op_counts": {
        "128": 1497
      },
      "first_seen_ts_ns": 7516814393084,
      "last_seen_ts_ns": 7536765605310
    },
    {
      "tgid": 198672,
      "comm": "xhpcg",
      "cgroup_id": 54722,
      "wait_duration_stats_ns": {
        "count": 1494.0,
        "sum": 3958908460.999996,
        "mean": 2649871.7945113764,
        "median": 2138886.8615148496,
        "min": 59254,
        "max": 41356773,
        "variance_ns2": 11342985878493.418,
        "iqr_ns": 306775.615310136,
        "q1_ns": 1917299.5374966657,
        "q3_ns": 2224075.1528068017
      },
      "futex_op_counts": {
        "128": 1494
      },
      "first_seen_ts_ns": 7496116407357,
      "last_seen_ts_ns": 7516004795583
    },
    {
      "tgid": 198670,
      "comm": "xhpcg",
      "cgroup_id": 54722,
      "wait_duration_stats_ns": {
        "count": 1501.0,
        "sum": 3957860797.0000067,
        "mean": 2636815.9873417765,
        "median": 2130884.6750364844,
        "min": 20040,
        "max": 41776752,
        "variance_ns2": 11128266724877.488,
        "iqr_ns": 292139.739767079,
        "q1_ns": 1912005.447161902,
        "q3_ns": 2204145.186928981
      },
      "futex_op_counts": {
        "128": 1501
      },
      "first_seen_ts_ns": 7496115919565,
      "last_seen_ts_ns": 7515997914466
    },
    {
      "tgid": 198909,
      "comm": "xhpcg",
      "cgroup_id": 54722,
      "wait_duration_stats_ns": {
        "count": 1493.0,
        "sum": 3956320373.999996,
        "mean": 2649913.177494974,
        "median": 2139089.0821564156,
        "min": 71949,
        "max": 44718121,
        "variance_ns2": 10549353653032.146,
        "iqr_ns": 296660.2983733113,
        "q1_ns": 1923956.1506285006,
        "q3_ns": 2220616.449001812
      },
      "futex_op_counts": {
        "128": 1493
      },
      "first_seen_ts_ns": 7516814401427,
      "last_seen_ts_ns": 7536765619055
    },
    {
      "tgid": 198896,
      "comm": "xhpcg",
      "cgroup_id": 54722,
      "wait_duration_stats_ns": {
        "count": 1504.0,
        "sum": 3955972647.0000076,
        "mean": 2630300.962101069,
        "median": 2130525.5683044395,
        "min": 16244,
        "max": 41218707,
        "variance_ns2": 9787218512148.068,
        "iqr_ns": 311922.8199494786,
        "q1_ns": 1906218.2597532931,
        "q3_ns": 2218141.0797027717
      },
      "futex_op_counts": {
        "128": 1504
      },
      "first_seen_ts_ns": 7516820061967,
      "last_seen_ts_ns": 7536763837357
    },
    {
      "tgid": 198873,
      "comm": "xhpcg",
      "cgroup_id": 54722,
      "wait_duration_stats_ns": {
        "count": 1499.0,
        "sum": 3955723241.999997,
        "mean": 2638908.1000667093,
        "median": 2107214.6252201865,
        "min": 20637,
        "max": 44592975,
        "variance_ns2": 10721251712889.16,
        "iqr_ns": 273160.310093984,
        "q1_ns": 1903558.8350779219,
        "q3_ns": 2176719.145171906
      },
      "futex_op_counts": {
        "128": 1499
      },
      "first_seen_ts_ns": 7516814356074,
      "last_seen_ts_ns": 7536765552304
    },
    {
      "tgid": 198652,
      "comm": "xhpcg",
      "cgroup_id": 54722,
      "wait_duration_stats_ns": {
        "count": 1496.0,
        "sum": 3949867297.999999,
        "mean": 2640285.627005347,
        "median": 2109780.2029756093,
        "min": 20883,
        "max": 41550259,
        "variance_ns2": 10352316787128.531,
        "iqr_ns": 222990.18033654825,
        "q1_ns": 1963999.689576451,
        "q3_ns": 2186989.869912999
      },
      "futex_op_counts": {
        "128": 1496
      },
      "first_seen_ts_ns": 7496115832616,
      "last_seen_ts_ns": 7515997469050
    },
    {
      "tgid": 198661,
      "comm": "xhpcg",
      "cgroup_id": 54722,
      "wait_duration_stats_ns": {
        "count": 1491.0,
        "sum": 3948879216.0,
        "mean": 2648477.0060362173,
        "median": 2112167.6571578877,
        "min": 1675,
        "max": 41647414,
        "variance_ns2": 11112824439756.494,
        "iqr_ns": 263977.8005443774,
        "q1_ns": 1925091.4085768745,
        "q3_ns": 2189069.209121252
      },
      "futex_op_counts": {
        "128": 1491
      },
      "first_seen_ts_ns": 7496115818921,
      "last_seen_ts_ns": 7516001850239
    },
    {
      "tgid": 198656,
      "comm": "xhpcg",
      "cgroup_id": 54722,
      "wait_duration_stats_ns": {
        "count": 1497.0,
        "sum": 3948176325.999995,
        "mean": 2637392.335337338,
        "median": 2128160.3467033166,
        "min": 118374,
        "max": 49938240,
        "variance_ns2": 10204849477333.035,
        "iqr_ns": 254914.22496039397,
        "q1_ns": 1959410.0753138347,
        "q3_ns": 2214324.3002742287
      },
      "futex_op_counts": {
        "128": 1497
      },
      "first_seen_ts_ns": 7496116006390,
      "last_seen_ts_ns": 7515997361523
    },
    {
      "tgid": 198886,
      "comm": "xhpcg",
      "cgroup_id": 54722,
      "wait_duration_stats_ns": {
        "count": 1497.0,
        "sum": 3946828458.000005,
        "mean": 2636491.955911827,
        "median": 2130330.8018358815,
        "min": 98042,
        "max": 53566760,
        "variance_ns2": 10362804614949.73,
        "iqr_ns": 263330.0307609206,
        "q1_ns": 1948952.7522253138,
        "q3_ns": 2212282.7829862344
      },
      "futex_op_counts": {
        "128": 1497
      },
      "first_seen_ts_ns": 7516814169078,
      "last_seen_ts_ns": 7536765540866
    },
    {
      "tgid": 198897,
      "comm": "xhpcg",
      "cgroup_id": 54722,
      "wait_duration_stats_ns": {
        "count": 1498.0,
        "sum": 3945704327.9999933,
        "mean": 2633981.527369822,
        "median": 2128394.1799272257,
        "min": 45381,
        "max": 44580782,
        "variance_ns2": 10610654516257.67,
        "iqr_ns": 318827.9673210429,
        "q1_ns": 1907506.028323588,
        "q3_ns": 2226333.995644631
      },
      "futex_op_counts": {
        "128": 1498
      },
      "first_seen_ts_ns": 7516814487614,
      "last_seen_ts_ns": 7536764787956
    },
    {
      "tgid": 198877,
      "comm": "xhpcg",
      "cgroup_id": 54722,
      "wait_duration_stats_ns": {
        "count": 1501.0,
        "sum": 3945362443.9999948,
        "mean": 2628489.3031312423,
        "median": 2111296.813267469,
        "min": 176366,
        "max": 44793578,
        "variance_ns2": 10005462433497.611,
        "iqr_ns": 249625.21732573607,
        "q1_ns": 1941552.2596392392,
        "q3_ns": 2191177.4769649752
      },
      "futex_op_counts": {
        "128": 1501
      },
      "first_seen_ts_ns": 7516814372985,
      "last_seen_ts_ns": 7536765019532
    },
    {
      "tgid": 198900,
      "comm": "xhpcg",
      "cgroup_id": 54722,
      "wait_duration_stats_ns": {
        "count": 1486.0,
        "sum": 3941368054.000003,
        "mean": 2652333.818304174,
        "median": 2126602.804444075,
        "min": 90012,
        "max": 36828480,
        "variance_ns2": 11483450617998.809,
        "iqr_ns": 323943.20836275513,
        "q1_ns": 1883078.322864751,
        "q3_ns": 2207021.531227506
      },
      "futex_op_counts": {
        "128": 1486
      },
      "first_seen_ts_ns": 7516814453234,
      "last_seen_ts_ns": 7536765491003
    },
    {
      "tgid": 198654,
      "comm": "xhpcg",
      "cgroup_id": 54722,
      "wait_duration_stats_ns": {
        "count": 1497.0,
        "sum": 3939432243.9999933,
        "mean": 2631551.2651970563,
        "median": 2124001.5846462133,
        "min": 34201,
        "max": 50068331,
        "variance_ns2": 9829325478727.316,
        "iqr_ns": 233680.1817803115,
        "q1_ns": 1971038.7687203016,
        "q3_ns": 2204718.950500613
      },
      "futex_op_counts": {
        "128": 1497
      },
      "first_seen_ts_ns": 7496115986414,
      "last_seen_ts_ns": 7515996376011
    },
    {
      "tgid": 198650,
      "comm": "xhpcg",
      "cgroup_id": 54722,
      "wait_duration_stats_ns": {
        "count": 1510.0,
        "sum": 3938485263.000002,
        "mean": 2608268.3860927164,
        "median": 2112054.951476209,
        "min": 60651,
        "max": 41479921,
        "variance_ns2": 9263587314615.215,
        "iqr_ns": 265032.87376892706,
        "q1_ns": 1928874.107954559,
        "q3_ns": 2193906.981723486
      },
      "futex_op_counts": {
        "128": 1510
      },
      "first_seen_ts_ns": 7496115640587,
      "last_seen_ts_ns": 7515997736599
    },
    {
      "tgid": 198717,
      "comm": "xhpcg",
      "cgroup_id": 54722,
      "wait_duration_stats_ns": {
        "count": 1498.0,
        "sum": 3937550375.000006,
        "mean": 2628538.301068095,
        "median": 2141536.3177890484,
        "min": 1043,
        "max": 33519901,
        "variance_ns2": 10564511745238.123,
        "iqr_ns": 352383.6977127595,
        "q1_ns": 1863579.3740272308,
        "q3_ns": 2215963.0717399903
      },
      "futex_op_counts": {
        "128": 1498
      },
      "first_seen_ts_ns": 7496116058305,
      "last_seen_ts_ns": 7515997604478
    },
    {
      "tgid": 198648,
      "comm": "xhpcg",
      "cgroup_id": 54722,
      "wait_duration_stats_ns": {
        "count": 1494.0,
        "sum": 3933593871.9999914,
        "mean": 2632927.6251673303,
        "median": 2084281.9821985918,
        "min": 125600,
        "max": 33486710,
        "variance_ns2": 10772756607880.86,
        "iqr_ns": 279490.77185813733,
        "q1_ns": 1904934.5440797356,
        "q3_ns": 2184425.315937873
      },
      "futex_op_counts": {
        "128": 1494
      },
      "first_seen_ts_ns": 7496116088078,
      "last_seen_ts_ns": 7515998301593
    },
    {
      "tgid": 198907,
      "comm": "xhpcg",
      "cgroup_id": 54722,
      "wait_duration_stats_ns": {
        "count": 1487.0,
        "sum": 3933415777.9999995,
        "mean": 2645202.271687962,
        "median": 2119950.553672528,
        "min": 52210,
        "max": 37383995,
        "variance_ns2": 11209579932074.412,
        "iqr_ns": 326015.4771376627,
        "q1_ns": 1882017.523592286,
        "q3_ns": 2208033.0007299487
      },
      "futex_op_counts": {
        "128": 1487
      },
      "first_seen_ts_ns": 7516814350573,
      "last_seen_ts_ns": 7536765487364
    },
    {
      "tgid": 198658,
      "comm": "xhpcg",
      "cgroup_id": 54722,
      "wait_duration_stats_ns": {
        "count": 1507.0,
        "sum": 3932905416.000003,
        "mean": 2609758.0729927025,
        "median": 2121582.473575356,
        "min": 26578,
        "max": 41455870,
        "variance_ns2": 9615052599775.432,
        "iqr_ns": 263871.5815411487,
        "q1_ns": 1910301.1723699064,
        "q3_ns": 2174172.753911055
      },
      "futex_op_counts": {
        "128": 1507
      },
      "first_seen_ts_ns": 7496116027870,
      "last_seen_ts_ns": 7516004241527
    },
    {
      "tgid": 198667,
      "comm": "xhpcg",
      "cgroup_id": 54722,
      "wait_duration_stats_ns": {
        "count": 1501.0,
        "sum": 3928990757.999998,
        "mean": 2617582.117255162,
        "median": 2125542.1370091825,
        "min": 15531,
        "max": 41275723,
        "variance_ns2": 10082520608529.822,
        "iqr_ns": 242561.96694172337,
        "q1_ns": 1955725.792949491,
        "q3_ns": 2198287.7598912143
      },
      "futex_op_counts": {
        "128": 1501
      },
      "first_seen_ts_ns": 7496116166554,
      "last_seen_ts_ns": 7515997658201
    },
    {
      "tgid": 198893,
      "comm": "xhpcg",
      "cgroup_id": 54722,
      "wait_duration_stats_ns": {
        "count": 1494.0,
        "sum": 3928443036.0000033,
        "mean": 2629479.9437751025,
        "median": 2133738.2631949056,
        "min": 225279,
        "max": 36995969,
        "variance_ns2": 10265324482542.203,
        "iqr_ns": 331040.41383326147,
        "q1_ns": 1883633.0709049609,
        "q3_ns": 2214673.4847382223
      },
      "futex_op_counts": {
        "128": 1494
      },
      "first_seen_ts_ns": 7516814120896,
      "last_seen_ts_ns": 7536765709093
    },
    {
      "tgid": 198649,
      "comm": "xhpcg",
      "cgroup_id": 54722,
      "wait_duration_stats_ns": {
        "count": 1501.0,
        "sum": 3924208598.0000067,
        "mean": 2614396.134576953,
        "median": 2090786.1862123427,
        "min": 46296,
        "max": 41508040,
        "variance_ns2": 10075565956951.41,
        "iqr_ns": 250380.4571061898,
        "q1_ns": 1930738.53120342,
        "q3_ns": 2181118.9883096097
      },
      "futex_op_counts": {
        "128": 1501
      },
      "first_seen_ts_ns": 7496115905926,
      "last_seen_ts_ns": 7515996241762
    },
    {
      "tgid": 198674,
      "comm": "xhpcg",
      "cgroup_id": 54722,
      "wait_duration_stats_ns": {
        "count": 1498.0,
        "sum": 3919380090.0000033,
        "mean": 2616408.6048064106,
        "median": 2112496.816697744,
        "min": 26398,
        "max": 34786479,
        "variance_ns2": 11012120276061.77,
        "iqr_ns": 296780.13333164854,
        "q1_ns": 1896889.9668025174,
        "q3_ns": 2193670.100134166
      },
      "futex_op_counts": {
        "128": 1498
      },
      "first_seen_ts_ns": 7496116554216,
      "last_seen_ts_ns": 7516000093882
    },
    {
      "tgid": 198668,
      "comm": "xhpcg",
      "cgroup_id": 54722,
      "wait_duration_stats_ns": {
        "count": 1489.0,
        "sum": 3913325342.000005,
        "mean": 2628156.7105439925,
        "median": 2111723.946884177,
        "min": 21433,
        "max": 33794640,
        "variance_ns2": 11383577715829.17,
        "iqr_ns": 323692.0837000848,
        "q1_ns": 1878527.249340677,
        "q3_ns": 2202219.3330407618
      },
      "futex_op_counts": {
        "128": 1489
      },
      "first_seen_ts_ns": 7496115758092,
      "last_seen_ts_ns": 7515996254685
    },
    {
      "tgid": 198684,
      "comm": "xhpcg",
      "cgroup_id": 54722,
      "wait_duration_stats_ns": {
        "count": 1494.0,
        "sum": 3911479509.999993,
        "mean": 2618125.508701468,
        "median": 2117418.362425126,
        "min": 16889,
        "max": 34712823,
        "variance_ns2": 9790841970240.863,
        "iqr_ns": 295458.1803606034,
        "q1_ns": 1903641.7011928584,
        "q3_ns": 2199099.881553462
      },
      "futex_op_counts": {
        "128": 1494
      },
      "first_seen_ts_ns": 7496115977249,
      "last_seen_ts_ns": 7515996198325
    },
    {
      "tgid": 198475,
      "comm": "xhpcg",
      "cgroup_id": 54722,
      "wait_duration_stats_ns": {
        "count": 1512.0,
        "sum": 3903259993.000008,
        "mean": 2581521.1593915396,
        "median": 1989279.3531190224,
        "min": 84000,
        "max": 37277223,
        "variance_ns2": 11232621740480.912,
        "iqr_ns": 476752.32347579487,
        "q1_ns": 1705913.3581447052,
        "q3_ns": 2182665.6816205
      },
      "futex_op_counts": {
        "128": 1512
      },
      "first_seen_ts_ns": 7474514591082,
      "last_seen_ts_ns": 7495299059741
    },
    {
      "tgid": 198677,
      "comm": "xhpcg",
      "cgroup_id": 54722,
      "wait_duration_stats_ns": {
        "count": 1499.0,
        "sum": 3901641997.0000043,
        "mean": 2602829.8845897294,
        "median": 2070057.2858253985,
        "min": 40582,
        "max": 33618348,
        "variance_ns2": 10452423294068.25,
        "iqr_ns": 298452.1362793024,
        "q1_ns": 1875174.3761982003,
        "q3_ns": 2173626.5124775027
      },
      "futex_op_counts": {
        "128": 1499
      },
      "first_seen_ts_ns": 7496115659219,
      "last_seen_ts_ns": 7515996249462
    },
    {
      "tgid": 198651,
      "comm": "xhpcg",
      "cgroup_id": 54722,
      "wait_duration_stats_ns": {
        "count": 1506.0,
        "sum": 3886150223.000003,
        "mean": 2580445.035192565,
        "median": 2083423.5491216122,
        "min": 73501,
        "max": 37493385,
        "variance_ns2": 9902572458204.303,
        "iqr_ns": 275686.1115808082,
        "q1_ns": 1880677.1795904832,
        "q3_ns": 2156363.2911712914
      },
      "futex_op_counts": {
        "128": 1506
      },
      "first_seen_ts_ns": 7496115861208,
      "last_seen_ts_ns": 7516003859403
    },
    {
      "tgid": 198692,
      "comm": "xhpcg",
      "cgroup_id": 54722,
      "wait_duration_stats_ns": {
        "count": 1493.0,
        "sum": 3816626853.000005,
        "mean": 2556347.523777632,
        "median": 2044721.257970011,
        "min": 28672,
        "max": 51434132,
        "variance_ns2": 9910359325894.49,
        "iqr_ns": 272112.1827655935,
        "q1_ns": 1872052.8301777442,
        "q3_ns": 2144165.0129433377
      },
      "futex_op_counts": {
        "128": 1493
      },
      "first_seen_ts_ns": 7496115816639,
      "last_seen_ts_ns": 7515999643078
    },
    {
      "tgid": 198508,
      "comm": "xhpcg",
      "cgroup_id": 54722,
      "wait_duration_stats_ns": {
        "count": 1501.0,
        "sum": 3806426702.9999924,
        "mean": 2535927.18387741,
        "median": 1953322.8577581763,
        "min": 19919,
        "max": 38004800,
        "variance_ns2": 12000877134072.295,
        "iqr_ns": 639832.3045036322,
        "q1_ns": 1584016.0505597237,
        "q3_ns": 2223848.355063356
      },
      "futex_op_counts": {
        "128": 1501
      },
      "first_seen_ts_ns": 7474514747116,
      "last_seen_ts_ns": 7495300929413
    },
    {
      "tgid": 5713,
      "comm": "amazon-ssm-agen",
      "cgroup_id": 3429,
      "wait_duration_stats_ns": {
        "count": 11.0,
        "sum": 2009740407.9999998,
        "mean": 182703673.45454544,
        "median": 67907131.53333335,
        "min": 138713,
        "max": 1001200618,
        "variance_ns2": 1.6276893430717994e+17,
        "iqr_ns": 331762441.1666666,
        "q1_ns": 1377220.5,
        "q3_ns": 333139661.6666666
      },
      "futex_op_counts": {
        "128": 11
      },
      "first_seen_ts_ns": 7520170462789,
      "last_seen_ts_ns": 7521193031513
    },
    {
      "tgid": 198841,
      "comm": "runc",
      "cgroup_id": 4085,
      "wait_duration_stats_ns": {
        "count": 375.0,
        "sum": 1736550547.0,
        "mean": 4630801.458666666,
        "median": 188563.23715869,
        "min": 680,
        "max": 219250728,
        "variance_ns2": 766888680455593.1,
        "iqr_ns": 1186209.8004991333,
        "q1_ns": 24465.674512451922,
        "q3_ns": 1210675.4750115853
      },
      "futex_op_counts": {
        "128": 375
      },
      "first_seen_ts_ns": 7515568912453,
      "last_seen_ts_ns": 7515803116462
    },
    {
      "tgid": 198682,
      "comm": "runc",
      "cgroup_id": 4085,
      "wait_duration_stats_ns": {
        "count": 326.0,
        "sum": 1292319725.0000002,
        "mean": 3964170.9355828227,
        "median": 77518.3158560902,
        "min": 754,
        "max": 216825045,
        "variance_ns2": 794086103039190.6,
        "iqr_ns": 890615.2658261677,
        "q1_ns": 21502.290331655367,
        "q3_ns": 912117.5561578231
      },
      "futex_op_counts": {
        "128": 326
      },
      "first_seen_ts_ns": 7495557761946,
      "last_seen_ts_ns": 7495777006256
    },
    {
      "tgid": 198816,
      "comm": "runc",
      "cgroup_id": 4085,
      "wait_duration_stats_ns": {
        "count": 368.0,
        "sum": 1282586746.0000002,
        "mean": 3485290.0706521743,
        "median": 101671.15359191204,
        "min": 607,
        "max": 189505352,
        "variance_ns2": 485123219198229.6,
        "iqr_ns": 809085.2807446385,
        "q1_ns": 21805.655276776954,
        "q3_ns": 830890.9360214155
      },
      "futex_op_counts": {
        "128": 368
      },
      "first_seen_ts_ns": 7510350067164,
      "last_seen_ts_ns": 7510539995260
    },
    {
      "tgid": 199019,
      "comm": "runc",
      "cgroup_id": 4085,
      "wait_duration_stats_ns": {
        "count": 370.0,
        "sum": 1217992143.0,
        "mean": 3291870.656756757,
        "median": 95848.3555535392,
        "min": 5081,
        "max": 168016601,
        "variance_ns2": 409994907329360.1,
        "iqr_ns": 804647.290276399,
        "q1_ns": 22273.394053511744,
        "q3_ns": 826920.6843299108
      },
      "futex_op_counts": {
        "128": 370
      },
      "first_seen_ts_ns": 7530360221800,
      "last_seen_ts_ns": 7530543185815
    },
    {
      "tgid": 198620,
      "comm": "runc",
      "cgroup_id": 4085,
      "wait_duration_stats_ns": {
        "count": 383.0,
        "sum": 1145713743.0000002,
        "mean": 2991419.6945169717,
        "median": 111774.41572542171,
        "min": 925,
        "max": 182150435,
        "variance_ns2": 420796907649488.44,
        "iqr_ns": 590025.7943765903,
        "q1_ns": 17465.1073548821,
        "q3_ns": 607490.9017314723
      },
      "futex_op_counts": {
        "128": 383
      },
      "first_seen_ts_ns": 7490353558449,
      "last_seen_ts_ns": 7490551378811
    },
    {
      "tgid": 199045,
      "comm": "runc",
      "cgroup_id": 4085,
      "wait_duration_stats_ns": {
        "count": 364.0,
        "sum": 1112327445.0,
        "mean": 3055844.6291208793,
        "median": 89961.60774197598,
        "min": 3480,
        "max": 160312757,
        "variance_ns2": 365233877392842.25,
        "iqr_ns": 742969.691170663,
        "q1_ns": 16080.17393279236,
        "q3_ns": 759049.8651034554
      },
      "futex_op_counts": {
        "128": 364
      },
      "first_seen_ts_ns": 7535559585995,
      "last_seen_ts_ns": 7535730566245
    },
    {
      "tgid": 198705,
      "comm": "runc:[2:INIT]",
      "cgroup_id": 5011,
      "wait_duration_stats_ns": {
        "count": 28.0,
        "sum": 1052649178.0000002,
        "mean": 37594613.50000001,
        "median": 2048115.5800934373,
        "min": 2967,
        "max": 210773314,
        "variance_ns2": 6670653472528984.0,
        "iqr_ns": 17530149.91258966,
        "q1_ns": 30550.42222222222,
        "q3_ns": 17560700.334811885
      },
      "futex_op_counts": {
        "128": 28
      },
      "first_seen_ts_ns": 7495565607827,
      "last_seen_ts_ns": 7495776810078
    },
    {
      "tgid": 198995,
      "comm": "runc",
      "cgroup_id": 4085,
      "wait_duration_stats_ns": {
        "count": 357.0,
        "sum": 1017441973.0000001,
        "mean": 2849977.515406163,
        "median": 126281.49873336517,
        "min": 643,
        "max": 161582359,
        "variance_ns2": 370209773386221.6,
        "iqr_ns": 637097.489270995,
        "q1_ns": 23365.458835641686,
        "q3_ns": 660462.9481066368
      },
      "futex_op_counts": {
        "128": 357
      },
      "first_seen_ts_ns": 7525567748746,
      "last_seen_ts_ns": 7525744380876
    },
    {
      "tgid": 198571,
      "comm": "runc",
      "cgroup_id": 4085,
      "wait_duration_stats_ns": {
        "count": 382.0,
        "sum": 1002605777.0,
        "mean": 2624622.452879581,
        "median": 86907.96461276786,
        "min": 745,
        "max": 140463226,
        "variance_ns2": 278805206638745.75,
        "iqr_ns": 971340.9013677322,
        "q1_ns": 17956.04224175388,
        "q3_ns": 989296.9436094861
      },
      "futex_op_counts": {
        "128": 382
      },
      "first_seen_ts_ns": 7480360045209,
      "last_seen_ts_ns": 7480513924117
    },
    {
      "tgid": 198794,
      "comm": "runc",
      "cgroup_id": 4085,
      "wait_duration_stats_ns": {
        "count": 359.0,
        "sum": 986576976.0,
        "mean": 2748125.2813370475,
        "median": 114836.43552311222,
        "min": 588,
        "max": 171316797,
        "variance_ns2": 356033076121457.3,
        "iqr_ns": 1415703.9290646503,
        "q1_ns": 16617.653209288266,
        "q3_ns": 1432321.5822739387
      },
      "futex_op_counts": {
        "128": 359
      },
      "first_seen_ts_ns": 7505568713912,
      "last_seen_ts_ns": 7505740324708
    },
    {
      "tgid": 198769,
      "comm": "runc",
      "cgroup_id": 4085,
      "wait_duration_stats_ns": {
        "count": 383.0,
        "sum": 973685779.9999999,
        "mean": 2542260.522193211,
        "median": 111740.96544760081,
        "min": 640,
        "max": 149323838,
        "variance_ns2": 272210713858465.94,
        "iqr_ns": 553960.7131741253,
        "q1_ns": 18746.808350522988,
        "q3_ns": 572707.5215246483
      },
      "futex_op_counts": {
        "128": 383
      },
      "first_seen_ts_ns": 7500356570559,
      "last_seen_ts_ns": 7500506381977
    },
    {
      "tgid": 198852,
      "comm": "runc:[2:INIT]",
      "cgroup_id": 5011,
      "wait_duration_stats_ns": {
        "count": 26.0,
        "sum": 937018833.0,
        "mean": 36039185.884615384,
        "median": 2191953.478051551,
        "min": 2140,
        "max": 187886320,
        "variance_ns2": 5010642050099143.0,
        "iqr_ns": 35435737.22041519,
        "q1_ns": 468810.6370838906,
        "q3_ns": 35904547.85749908
      },
      "futex_op_counts": {
        "128": 26
      },
      "first_seen_ts_ns": 7515612119731,
      "last_seen_ts_ns": 7515803137110
    },
    {
      "tgid": 198545,
      "comm": "runc",
      "cgroup_id": 4085,
      "wait_duration_stats_ns": {
        "count": 372.0,
        "sum": 882183319.0000001,
        "mean": 2371460.5349462368,
        "median": 102731.25184026729,
        "min": 554,
        "max": 149416227,
        "variance_ns2": 255140543632638.88,
        "iqr_ns": 819297.6656862079,
        "q1_ns": 17468.448966868662,
        "q3_ns": 836766.1146530766
      },
      "futex_op_counts": {
        "128": 372
      },
      "first_seen_ts_ns": 7475560243770,
      "last_seen_ts_ns": 7475721268722
    },
    {
      "tgid": 198970,
      "comm": "runc",
      "cgroup_id": 4085,
      "wait_duration_stats_ns": {
        "count": 357.0,
        "sum": 851035568.0,
        "mean": 2383853.131652661,
        "median": 99652.53646365361,
        "min": 570,
        "max": 137505924,
        "variance_ns2": 244297619862864.7,
        "iqr_ns": 474432.23736835306,
        "q1_ns": 19175.474045784656,
        "q3_ns": 493607.71141413774
      },
      "futex_op_counts": {
        "128": 357
      },
      "first_seen_ts_ns": 7520360896934,
      "last_seen_ts_ns": 7520511723509
    },
    {
      "tgid": 198595,
      "comm": "runc",
      "cgroup_id": 4085,
      "wait_duration_stats_ns": {
        "count": 363.0,
        "sum": 788082994.9999999,
        "mean": 2171027.5344352615,
        "median": 56740.652435156815,
        "min": 4888,
        "max": 122780928,
        "variance_ns2": 210484144625250.66,
        "iqr_ns": 4824286.787225558,
        "q1_ns": 13636.452394446987,
        "q3_ns": 4837923.239620006
      },
      "futex_op_counts": {
        "128": 363
      },
      "first_seen_ts_ns": 7485561757343,
      "last_seen_ts_ns": 7485704445570
    },
    {
      "tgid": 198630,
      "comm": "runc:[2:INIT]",
      "cgroup_id": 5011,
      "wait_duration_stats_ns": {
        "count": 23.0,
        "sum": 784308243.0000001,
        "mean": 34100358.39130435,
        "median": 6247477.489371976,
        "min": 25085,
        "max": 154767426,
        "variance_ns2": 3916488660624699.5,
        "iqr_ns": 63682640.4160924,
        "q1_ns": 214146.9213136338,
        "q3_ns": 63896787.33740604
      },
      "futex_op_counts": {
        "128": 23
      },
      "first_seen_ts_ns": 7490395227734,
      "last_seen_ts_ns": 7490551131150
    },
    {
      "tgid": 198827,
      "comm": "runc:[2:INIT]",
      "cgroup_id": 5011,
      "wait_duration_stats_ns": {
        "count": 24.0,
        "sum": 761513649.0000001,
        "mean": 31729735.375000004,
        "median": 601981.3312324798,
        "min": 26182,
        "max": 154555705,
        "variance_ns2": 3274926946283168.0,
        "iqr_ns": 16736949.606503,
        "q1_ns": 89754.14155276306,
        "q3_ns": 16826703.748055764
      },
      "futex_op_counts": {
        "128": 24
      },
      "first_seen_ts_ns": 7510384185680,
      "last_seen_ts_ns": 7510539831642
    },
    {
      "tgid": 199055,
      "comm": "runc:[2:INIT]",
      "cgroup_id": 5011,
      "wait_duration_stats_ns": {
        "count": 31.0,
        "sum": 696409438.0000001,
        "mean": 22464820.580645166,
        "median": 1906240.9870877434,
        "min": 18104,
        "max": 137405456,
        "variance_ns2": 2255080284024935.0,
        "iqr_ns": 8288850.189626633,
        "q1_ns": 339745.149227682,
        "q3_ns": 8628595.338854315
      },
      "futex_op_counts": {
        "128": 31
      },
      "first_seen_ts_ns": 7535591592431,
      "last_seen_ts_ns": 7535735934050
    },
    {
      "tgid": 199030,
      "comm": "runc:[2:INIT]",
      "cgroup_id": 5011,
      "wait_duration_stats_ns": {
        "count": 27.0,
        "sum": 684245975.0000001,
        "mean": 25342443.518518522,
        "median": 262311.7380104875,
        "min": 13696,
        "max": 138887031,
        "variance_ns2": 2533182266456883.0,
        "iqr_ns": 23206304.741692428,
        "q1_ns": 411306.34871238424,
        "q3_ns": 23617611.090404812
      },
      "futex_op_counts": {
        "128": 27
      },
      "first_seen_ts_ns": 7530403501809,
      "last_seen_ts_ns": 7530543774025
    },
    {
      "tgid": 198804,
      "comm": "runc:[2:INIT]",
      "cgroup_id": 5011,
      "wait_duration_stats_ns": {
        "count": 26.0,
        "sum": 670980445.0000001,
        "mean": 25806940.192307696,
        "median": 4137807.2795059383,
        "min": 21070,
        "max": 130592122,
        "variance_ns2": 2442085795304373.0,
        "iqr_ns": 27014444.866585646,
        "q1_ns": 49046.59375,
        "q3_ns": 27063491.460335646
      },
      "futex_op_counts": {
        "128": 26
      },
      "first_seen_ts_ns": 7505609198167,
      "last_seen_ts_ns": 7505752699368
    },
    {
      "tgid": 198555,
      "comm": "runc:[2:INIT]",
      "cgroup_id": 5011,
      "wait_duration_stats_ns": {
        "count": 24.0,
        "sum": 658899090.0000001,
        "mean": 27454128.750000004,
        "median": 2581716.669170079,
        "min": 19708,
        "max": 125233898,
        "variance_ns2": 2360663253324038.5,
        "iqr_ns": 19363254.64958526,
        "q1_ns": 171602.28580246912,
        "q3_ns": 19534856.935387727
      },
      "futex_op_counts": {
        "128": 24
      },
      "first_seen_ts_ns": 7475595146499,
      "last_seen_ts_ns": 7475732134407
    },
    {
      "tgid": 198981,
      "comm": "runc:[2:INIT]",
      "cgroup_id": 5011,
      "wait_duration_stats_ns": {
        "count": 24.0,
        "sum": 605257850.0000001,
        "mean": 25219077.08333334,
        "median": 2419806.2898287037,
        "min": 611,
        "max": 110761557,
        "variance_ns2": 1913670236673043.5,
        "iqr_ns": 18167831.07760582,
        "q1_ns": 99015.92592592597,
        "q3_ns": 18266847.003531747
      },
      "futex_op_counts": {
        "128": 24
      },
      "first_seen_ts_ns": 7520400773819,
      "last_seen_ts_ns": 7520523266741
    },
    {
      "tgid": 198581,
      "comm": "runc:[2:INIT]",
      "cgroup_id": 5011,
      "wait_duration_stats_ns": {
        "count": 29.0,
        "sum": 562043978.9999999,
        "mean": 19380826.862068962,
        "median": 353104.85946413566,
        "min": 1345,
        "max": 119884569,
        "variance_ns2": 1405678401107068.8,
        "iqr_ns": 8075318.648151608,
        "q1_ns": 129398.28430787474,
        "q3_ns": 8204716.932459483
      },
      "futex_op_counts": {
        "128": 29
      },
      "first_seen_ts_ns": 7480393433828,
      "last_seen_ts_ns": 7480513725455
    },
    {
      "tgid": 199006,
      "comm": "runc:[2:INIT]",
      "cgroup_id": 5011,
      "wait_duration_stats_ns": {
        "count": 25.0,
        "sum": 561779211.9999999,
        "mean": 22471168.479999997,
        "median": 1322356.8289360977,
        "min": 630,
        "max": 141364948,
        "variance_ns2": 2509678949614424.5,
        "iqr_ns": 12520606.862894958,
        "q1_ns": 97088.72295476182,
        "q3_ns": 12617695.58584972
      },
      "futex_op_counts": {
        "128": 25
      },
      "first_seen_ts_ns": 7525602376018,
      "last_seen_ts_ns": 7525744378621
    },
    {
      "tgid": 198780,
      "comm": "runc:[2:INIT]",
      "cgroup_id": 5011,
      "wait_duration_stats_ns": {
        "count": 24.0,
        "sum": 553702005.0,
        "mean": 23070916.875,
        "median": 3139845.6123670563,
        "min": 573,
        "max": 109898481,
        "variance_ns2": 1978792384323314.0,
        "iqr_ns": 40184286.53682753,
        "q1_ns": 141091.03110243045,
        "q3_ns": 40325377.56792996
      },
      "futex_op_counts": {
        "128": 24
      },
      "first_seen_ts_ns": 7500395392605,
      "last_seen_ts_ns": 7500506369720
    },
    {
      "tgid": 198605,
      "comm": "runc:[2:INIT]",
      "cgroup_id": 5011,
      "wait_duration_stats_ns": {
        "count": 24.0,
        "sum": 527343317.00000006,
        "mean": 21972638.208333336,
        "median": 457583.5209655238,
        "min": 19161,
        "max": 107142890,
        "variance_ns2": 1766749144016602.0,
        "iqr_ns": 35031264.9674724,
        "q1_ns": 84445.02784456674,
        "q3_ns": 35115709.99531696
      },
      "futex_op_counts": {
        "128": 24
      },
      "first_seen_ts_ns": 7485596343593,
      "last_seen_ts_ns": 7485704612537
    },
    {
      "tgid": 199276,
      "comm": "runc",
      "cgroup_id": 4085,
      "wait_duration_stats_ns": {
        "count": 370.0,
        "sum": 373791286.0,
        "mean": 1010246.7189189189,
        "median": 38722.29306739148,
        "min": 1764,
        "max": 64344202,
        "variance_ns2": 54121058173461.87,
        "iqr_ns": 241829.379817038,
        "q1_ns": 9485.999208664845,
        "q3_ns": 251315.37902570283
      },
      "futex_op_counts": {
        "128": 370
      },
      "first_seen_ts_ns": 7540347087934,
      "last_seen_ts_ns": 7540413675248
    },
    {
      "tgid": 199287,
      "comm": "runc:[2:INIT]",
      "cgroup_id": 5011,
      "wait_duration_stats_ns": {
        "count": 27.0,
        "sum": 296834985.00000006,
        "mean": 10993888.333333336,
        "median": 780090.2668214797,
        "min": 10154,
        "max": 59759740,
        "variance_ns2": 528047435533314.3,
        "iqr_ns": 11731710.031017032,
        "q1_ns": 27982.483823142822,
        "q3_ns": 11759692.514840174
      },
      "futex_op_counts": {
        "128": 27
      },
      "first_seen_ts_ns": 7540353497573,
      "last_seen_ts_ns": 7540413393762
    },
    {
      "tgid": 198581,
      "comm": "grpc-health-pro",
      "cgroup_id": 5011,
      "wait_duration_stats_ns": {
        "count": 35.0,
        "sum": 109987032.99999999,
        "mean": 3142486.6571428566,
        "median": 319338.64106338576,
        "min": 10250,
        "max": 17336388,
        "variance_ns2": 31335402740896.824,
        "iqr_ns": 2770770.353441069,
        "q1_ns": 71033.5146933375,
        "q3_ns": 2841803.8681344064
      },
      "futex_op_counts": {
        "128": 35
      },
      "first_seen_ts_ns": 7480527970482,
      "last_seen_ts_ns": 7480547336284
    },
    {
      "tgid": 198981,
      "comm": "grpc-health-pro",
      "cgroup_id": 5011,
      "wait_duration_stats_ns": {
        "count": 34.0,
        "sum": 101658702.0,
        "mean": 2989961.8235294116,
        "median": 466082.1187727085,
        "min": 6391,
        "max": 13851217,
        "variance_ns2": 23492766703174.03,
        "iqr_ns": 4615966.1083739465,
        "q1_ns": 102774.30431540323,
        "q3_ns": 4718740.41268935
      },
      "futex_op_counts": {
        "128": 34
      },
      "first_seen_ts_ns": 7520535726959,
      "last_seen_ts_ns": 7520551615193
    },
    {
      "tgid": 198555,
      "comm": "grpc-health-pro",
      "cgroup_id": 5011,
      "wait_duration_stats_ns": {
        "count": 38.0,
        "sum": 101423083.00000003,
        "mean": 2669028.500000001,
        "median": 257885.8599271715,
        "min": 6850,
        "max": 13299793,
        "variance_ns2": 21252652359168.477,
        "iqr_ns": 2939590.8634002265,
        "q1_ns": 64517.68381189996,
        "q3_ns": 3004108.547212126
      },
      "futex_op_counts": {
        "128": 38
      },
      "first_seen_ts_ns": 7475745034770,
      "last_seen_ts_ns": 7475760410294
    },
    {
      "tgid": 199055,
      "comm": "grpc-health-pro",
      "cgroup_id": 5011,
      "wait_duration_stats_ns": {
        "count": 36.0,
        "sum": 100286107.99999997,
        "mean": 2785725.2222222215,
        "median": 681216.327585493,
        "min": 2183,
        "max": 13697272,
        "variance_ns2": 19920299660156.008,
        "iqr_ns": 4180050.271284245,
        "q1_ns": 60492.5418494045,
        "q3_ns": 4240542.8131336495
      },
      "futex_op_counts": {
        "128": 36
      },
      "first_seen_ts_ns": 7535739856387,
      "last_seen_ts_ns": 7535764030343
    },
    {
      "tgid": 198630,
      "comm": "grpc-health-pro",
      "cgroup_id": 5011,
      "wait_duration_stats_ns": {
        "count": 26.0,
        "sum": 90429503.0,
        "mean": 3478057.807692308,
        "median": 400403.29944716446,
        "min": 1098,
        "max": 13444818,
        "variance_ns2": 24569542140066.48,
        "iqr_ns": 5961330.990940349,
        "q1_ns": 63472.34773308586,
        "q3_ns": 6024803.338673435
      },
      "futex_op_counts": {
        "128": 26
      },
      "first_seen_ts_ns": 7490563430593,
      "last_seen_ts_ns": 7490578989877
    },
    {
      "tgid": 199006,
      "comm": "grpc-health-pro",
      "cgroup_id": 5011,
      "wait_duration_stats_ns": {
        "count": 25.0,
        "sum": 87141675.0,
        "mean": 3485667.0,
        "median": 673225.8037288529,
        "min": 2355,
        "max": 13225454,
        "variance_ns2": 26092536693774.332,
        "iqr_ns": 5775549.251881913,
        "q1_ns": 202824.50480155865,
        "q3_ns": 5978373.756683472
      },
      "futex_op_counts": {
        "128": 25
      },
      "first_seen_ts_ns": 7525756604159,
      "last_seen_ts_ns": 7525771916822
    },
    {
      "tgid": 198605,
      "comm": "grpc-health-pro",
      "cgroup_id": 5011,
      "wait_duration_stats_ns": {
        "count": 34.0,
        "sum": 83544023.00000001,
        "mean": 2457177.147058824,
        "median": 217168.91468225035,
        "min": 19839,
        "max": 19896974,
        "variance_ns2": 18275447450089.883,
        "iqr_ns": 6088128.244776021,
        "q1_ns": 124937.96634908856,
        "q3_ns": 6213066.211125109
      },
      "futex_op_counts": {
        "128": 34
      },
      "first_seen_ts_ns": 7485711870383,
      "last_seen_ts_ns": 7485733874949
    },
    {
      "tgid": 198852,
      "comm": "grpc-health-pro",
      "cgroup_id": 5011,
      "wait_duration_stats_ns": {
        "count": 40.0,
        "sum": 73095630.00000001,
        "mean": 1827390.7500000002,
        "median": 177014.4014838956,
        "min": 15615,
        "max": 18925336,
        "variance_ns2": 16060230174501.426,
        "iqr_ns": 1239487.690248427,
        "q1_ns": 32317.462019786908,
        "q3_ns": 1271805.152268214
      },
      "futex_op_counts": {
        "128": 40
      },
      "first_seen_ts_ns": 7515817452286,
      "last_seen_ts_ns": 7515831582119
    },
    {
      "tgid": 198804,
      "comm": "grpc-health-pro",
      "cgroup_id": 5011,
      "wait_duration_stats_ns": {
        "count": 15.0,
        "sum": 64659379.0,
        "mean": 4310625.266666667,
        "median": 2234726.333333333,
        "min": 18581,
        "max": 12739311,
        "variance_ns2": 26815513858174.07,
        "iqr_ns": 6912803.466878858,
        "q1_ns": 206990.93489583337,
        "q3_ns": 7119794.401774691
      },
      "futex_op_counts": {
        "128": 15
      },
      "first_seen_ts_ns": 7505765222794,
      "last_seen_ts_ns": 7505780046414
    },
    {
      "tgid": 198827,
      "comm": "grpc-health-pro",
      "cgroup_id": 5011,
      "wait_duration_stats_ns": {
        "count": 18.0,
        "sum": 62142112.0,
        "mean": 3452339.5555555555,
        "median": 2807490.6913441448,
        "min": 40936,
        "max": 11274778,
        "variance_ns2": 12823889641890.496,
        "iqr_ns": 4524845.658457935,
        "q1_ns": 372812.0751463367,
        "q3_ns": 4897657.733604272
      },
      "futex_op_counts": {
        "128": 18
      },
      "first_seen_ts_ns": 7510550040996,
      "last_seen_ts_ns": 7510567761363
    },
    {
      "tgid": 199030,
      "comm": "grpc-health-pro",
      "cgroup_id": 5011,
      "wait_duration_stats_ns": {
        "count": 34.0,
        "sum": 22356622.0,
        "mean": 657547.7058823529,
        "median": 144730.32496847713,
        "min": 13534,
        "max": 4874270,
        "variance_ns2": 1468375012979.1836,
        "iqr_ns": 911708.7910290888,
        "q1_ns": 42545.815694338526,
        "q3_ns": 954254.6067234273
      },
      "futex_op_counts": {
        "128": 34
      },
      "first_seen_ts_ns": 7530552898716,
      "last_seen_ts_ns": 7530556040307
    },
    {
      "tgid": 198705,
      "comm": "grpc-health-pro",
      "cgroup_id": 5011,
      "wait_duration_stats_ns": {
        "count": 18.0,
        "sum": 13811143.0,
        "mean": 767285.7222222222,
        "median": 420523.1979115646,
        "min": 83256,
        "max": 1823481,
        "variance_ns2": 301413098950.80066,
        "iqr_ns": 731096.6963598572,
        "q1_ns": 377553.5836876417,
        "q3_ns": 1108650.2800474989
      },
      "futex_op_counts": {
        "128": 18
      },
      "first_seen_ts_ns": 7495842427526,
      "last_seen_ts_ns": 7495845380953
    },
    {
      "tgid": 198780,
      "comm": "grpc-health-pro",
      "cgroup_id": 5011,
      "wait_duration_stats_ns": {
        "count": 31.0,
        "sum": 13129083.999999998,
        "mean": 423518.83870967734,
        "median": 142726.43786874652,
        "min": 14829,
        "max": 1746913,
        "variance_ns2": 314713304469.8731,
        "iqr_ns": 298374.62139447447,
        "q1_ns": 67758.42384067156,
        "q3_ns": 366133.045235146
      },
      "futex_op_counts": {
        "128": 31
      },
      "first_seen_ts_ns": 7500513438141,
      "last_seen_ts_ns": 7500516648926
    },
    {
      "tgid": 199287,
      "comm": "grpc-health-pro",
      "cgroup_id": 5011,
      "wait_duration_stats_ns": {
        "count": 16.0,
        "sum": 10273655.0,
        "mean": 642103.4375,
        "median": 509003.7222222222,
        "min": 74722,
        "max": 1575694,
        "variance_ns2": 198432497460.39584,
        "iqr_ns": 691356.9564802183,
        "q1_ns": 271956.8666666667,
        "q3_ns": 963313.823146885
      },
      "futex_op_counts": {
        "128": 16
      },
      "first_seen_ts_ns": 7540415710232,
      "last_seen_ts_ns": 7540418272358
    },
    {
      "tgid": 198351,
      "comm": "runc",
      "cgroup_id": 4085,
      "wait_duration_stats_ns": {
        "count": 140.0,
        "sum": 10269448.999999994,
        "mean": 73353.2071428571,
        "median": 11595.846956932435,
        "min": 426,
        "max": 2148651,
        "variance_ns2": 96918054199.79128,
        "iqr_ns": 9312.521924017066,
        "q1_ns": 6159.743312139417,
        "q3_ns": 15472.265236156483
      },
      "futex_op_counts": {
        "128": 140
      },
      "first_seen_ts_ns": 7470347541801,
      "last_seen_ts_ns": 7470350278451
    },
    {
      "tgid": 198216,
      "comm": "flux-broker-0",
      "cgroup_id": 54722,
      "wait_duration_stats_ns": {
        "count": 243.0,
        "sum": 467907.0000000002,
        "mean": 1925.5432098765439,
        "median": 562.3663857394189,
        "min": 299,
        "max": 134906,
        "variance_ns2": 78464005.60453023,
        "iqr_ns": 1037.852021493496,
        "q1_ns": 400.62287547965434,
        "q3_ns": 1438.4748969731504
      },
      "futex_op_counts": {
        "128": 243
      },
      "first_seen_ts_ns": 7473909299110,
      "last_seen_ts_ns": 7543187185727
    }
  ]
}
[18:09:49] Cleanup complete.
