ln: failed to create symbolic link '/mnt/flux/view/lib/python': File exists
ln: failed to create symbolic link '/mnt/flux/view/lib/python3': File exists
unlimited
PROGRAM: futex
Looking for /opt/programs/futex/ebpf-collect.c
[03:54:58] Starting eBPF (Tracepoints for futex syscalls).
[03:54:59] BPF program loaded and tracepoints automatically attached.
[03:54:59] Start Indicator file defined '/mnt/flux/start_ebpf_collection'. Waiting.
[03:55:04] Start indicator found. Proceeding.
[03:55:04] Ring buffers opened. Polling for events...
[03:56:03] 
Indicator file '/mnt/flux/stop_ebpf_collection' found. Stopping.
[03:56:03] Cleaning up BPF resources...
{
  "final_aggregated_futex_summary_river": [
    {
      "tgid": 2937,
      "comm": "containerd",
      "cgroup_id": 4085,
      "wait_duration_stats_ns": {
        "count": 5416.0,
        "sum": 997843842067.0001,
        "mean": 184240000.381647,
        "median": 3015088.8873596922,
        "min": 334,
        "max": 59514498514,
        "variance_ns2": 5.53060353367306e+18,
        "iqr_ns": 71062195.19407275,
        "q1_ns": 91242.04123543254,
        "q3_ns": 71153437.23530819
      },
      "futex_op_counts": {
        "128": 5416
      },
      "first_seen_ts_ns": 1414742354953,
      "last_seen_ts_ns": 1478716259060
    },
    {
      "tgid": 2973,
      "comm": "kubelet",
      "cgroup_id": 4138,
      "wait_duration_stats_ns": {
        "count": 5511.0,
        "sum": 394954806148.0004,
        "mean": 71666631.4911995,
        "median": 10186001.595366077,
        "min": 382,
        "max": 30019807678,
        "variance_ns2": 5.5417166100573357e+17,
        "iqr_ns": 39874313.289102376,
        "q1_ns": 2179660.616277316,
        "q3_ns": 42053973.90537969
      },
      "futex_op_counts": {
        "128": 5511
      },
      "first_seen_ts_ns": 1414779095324,
      "last_seen_ts_ns": 1478704349994
    },
    {
      "tgid": 3083,
      "comm": "containerd-shim",
      "cgroup_id": 4085,
      "wait_duration_stats_ns": {
        "count": 595.0,
        "sum": 389767638295.9997,
        "mean": 655071661.0016801,
        "median": 768038.3652356666,
        "min": 466,
        "max": 16582967199,
        "variance_ns2": 3.720525531400173e+18,
        "iqr_ns": 38901322.72898759,
        "q1_ns": 87841.94563260935,
        "q3_ns": 38989164.674620196
      },
      "futex_op_counts": {
        "128": 595
      },
      "first_seen_ts_ns": 1421186484043,
      "last_seen_ts_ns": 1478666430532
    },
    {
      "tgid": 4167,
      "comm": "coredns",
      "cgroup_id": 5865,
      "wait_duration_stats_ns": {
        "count": 398.0,
        "sum": 296473298658.0,
        "mean": 744907785.5728643,
        "median": 423346573.7465471,
        "min": 1332,
        "max": 48064612537,
        "variance_ns2": 7.270858203274928e+18,
        "iqr_ns": 893526954.2549736,
        "q1_ns": 57854670.82195085,
        "q3_ns": 951381625.0769244
      },
      "futex_op_counts": {
        "128": 398
      },
      "first_seen_ts_ns": 1414945355265,
      "last_seen_ts_ns": 1477962188710
    },
    {
      "tgid": 4160,
      "comm": "coredns",
      "cgroup_id": 5781,
      "wait_duration_stats_ns": {
        "count": 396.0,
        "sum": 294242557106.0003,
        "mean": 743036760.3686876,
        "median": 460778517.02166075,
        "min": 410,
        "max": 36999471803,
        "variance_ns2": 6.725392782717575e+18,
        "iqr_ns": 891250812.7151428,
        "q1_ns": 50235251.89957309,
        "q3_ns": 941486064.6147159
      },
      "futex_op_counts": {
        "128": 396
      },
      "first_seen_ts_ns": 1414944299264,
      "last_seen_ts_ns": 1477945099074
    },
    {
      "tgid": 31491,
      "comm": "containerd-shim",
      "cgroup_id": 4085,
      "wait_duration_stats_ns": {
        "count": 171.0,
        "sum": 264004752837.9999,
        "mean": 1543887443.4970756,
        "median": 20698908.363189984,
        "min": 3749,
        "max": 30007579946,
        "variance_ns2": 1.5856803072464601e+19,
        "iqr_ns": 1577797703.3960266,
        "q1_ns": 261291.2259125487,
        "q3_ns": 1578058994.6219392
      },
      "futex_op_counts": {
        "128": 171
      },
      "first_seen_ts_ns": 1414742321428,
      "last_seen_ts_ns": 1478777396617
    },
    {
      "tgid": 3504,
      "comm": "aws-k8s-agent",
      "cgroup_id": 5277,
      "wait_duration_stats_ns": {
        "count": 190.0,
        "sum": 254401828622.9998,
        "mean": 1338956992.7526305,
        "median": 317748177.6690956,
        "min": 6290,
        "max": 39859083743,
        "variance_ns2": 1.7848930719862764e+19,
        "iqr_ns": 1357700355.126295,
        "q1_ns": 1291581.9114378723,
        "q3_ns": 1358991937.037733
      },
      "futex_op_counts": {
        "128": 190
      },
      "first_seen_ts_ns": 1421370038682,
      "last_seen_ts_ns": 1478665908752
    },
    {
      "tgid": 6120,
      "comm": "manager",
      "cgroup_id": 6753,
      "wait_duration_stats_ns": {
        "count": 479.0,
        "sum": 236470893821.99997,
        "mean": 493676187.5198329,
        "median": 310519668.09991014,
        "min": 5466,
        "max": 57143897605,
        "variance_ns2": 7.27546566335454e+18,
        "iqr_ns": 470517188.17196757,
        "q1_ns": 24783802.81252649,
        "q3_ns": 495300990.98449403
      },
      "futex_op_counts": {
        "128": 479
      },
      "first_seen_ts_ns": 1415244095349,
      "last_seen_ts_ns": 1478744292794
    },
    {
      "tgid": 4734,
      "comm": "metrics-server",
      "cgroup_id": 6285,
      "wait_duration_stats_ns": {
        "count": 1129.0,
        "sum": 229651454979.9999,
        "mean": 203411386.16474748,
        "median": 126629381.5874423,
        "min": 935,
        "max": 35943618952,
        "variance_ns2": 1.3528842773412767e+18,
        "iqr_ns": 101763834.7706589,
        "q1_ns": 79004467.64319019,
        "q3_ns": 180768302.4138491
      },
      "futex_op_counts": {
        "128": 1129
      },
      "first_seen_ts_ns": 1414896488697,
      "last_seen_ts_ns": 1478582898842
    },
    {
      "tgid": 4738,
      "comm": "metrics-server",
      "cgroup_id": 6369,
      "wait_duration_stats_ns": {
        "count": 1097.0,
        "sum": 229564761073.00037,
        "mean": 209265962.6918873,
        "median": 115774914.42430724,
        "min": 420,
        "max": 28689099911,
        "variance_ns2": 1.150306349023431e+18,
        "iqr_ns": 136791488.12381342,
        "q1_ns": 85932378.07796982,
        "q3_ns": 222723866.20178324
      },
      "futex_op_counts": {
        "128": 1097
      },
      "first_seen_ts_ns": 1414810305250,
      "last_seen_ts_ns": 1478635380286
    },
    {
      "tgid": 6005,
      "comm": "kube-rbac-proxy",
      "cgroup_id": 6669,
      "wait_duration_stats_ns": {
        "count": 50.0,
        "sum": 219697884071.00006,
        "mean": 4393957681.420001,
        "median": 4921784588.67099,
        "min": 1755,
        "max": 15004683535,
        "variance_ns2": 7.776031729198732e+18,
        "iqr_ns": 1164293187.251606,
        "q1_ns": 3790181994.11158,
        "q3_ns": 4954475181.363186
      },
      "futex_op_counts": {
        "128": 50
      },
      "first_seen_ts_ns": 1421930035502,
      "last_seen_ts_ns": 1476928423828
    },
    {
      "tgid": 3223,
      "comm": "kube-proxy",
      "cgroup_id": 5109,
      "wait_duration_stats_ns": {
        "count": 42.0,
        "sum": 212994782968.99997,
        "mean": 5071304356.404761,
        "median": 4457318115.893848,
        "min": 1395245,
        "max": 29999938900,
        "variance_ns2": 5.269538379489617e+19,
        "iqr_ns": 4284972718.831838,
        "q1_ns": 652659367.6827598,
        "q3_ns": 4937632086.514598
      },
      "futex_op_counts": {
        "128": 42
      },
      "first_seen_ts_ns": 1421450034218,
      "last_seen_ts_ns": 1478350049248
    },
    {
      "tgid": 5945,
      "comm": "containerd-shim",
      "cgroup_id": 4085,
      "wait_duration_stats_ns": {
        "count": 82.0,
        "sum": 207485595819.00003,
        "mean": 2530312144.1341467,
        "median": 341667239.20756733,
        "min": 10406,
        "max": 29991883982,
        "variance_ns2": 3.154506794024126e+19,
        "iqr_ns": 2611741878.7567472,
        "q1_ns": 1700703.5160076655,
        "q3_ns": 2613442582.272755
      },
      "futex_op_counts": {
        "128": 82
      },
      "first_seen_ts_ns": 1421202051826,
      "last_seen_ts_ns": 1471278926787
    },
    {
      "tgid": 4653,
      "comm": "containerd-shim",
      "cgroup_id": 4085,
      "wait_duration_stats_ns": {
        "count": 55.0,
        "sum": 207441893891.00003,
        "mean": 3771670798.0181823,
        "median": 1135098110.9215045,
        "min": 5800,
        "max": 29991151402,
        "variance_ns2": 5.086783653601326e+19,
        "iqr_ns": 4224543863.9355335,
        "q1_ns": 44996106.7000478,
        "q3_ns": 4269539970.6355815
      },
      "futex_op_counts": {
        "128": 55
      },
      "first_seen_ts_ns": 1421203901169,
      "last_seen_ts_ns": 1471279956798
    },
    {
      "tgid": 4400,
      "comm": "containerd-shim",
      "cgroup_id": 4085,
      "wait_duration_stats_ns": {
        "count": 48.0,
        "sum": 205544311908.00003,
        "mean": 4282173164.7500005,
        "median": 772069999.6427691,
        "min": 9401,
        "max": 30008799520,
        "variance_ns2": 5.741071236827068e+19,
        "iqr_ns": 5834194096.535614,
        "q1_ns": 30558149.240120675,
        "q3_ns": 5864752245.775735
      },
      "futex_op_counts": {
        "128": 48
      },
      "first_seen_ts_ns": 1421201195168,
      "last_seen_ts_ns": 1471276168050
    },
    {
      "tgid": 4045,
      "comm": "containerd-shim",
      "cgroup_id": 4085,
      "wait_duration_stats_ns": {
        "count": 51.0,
        "sum": 204827755541.0001,
        "mean": 4016230500.803923,
        "median": 1666586092.9536994,
        "min": 1205,
        "max": 29992440189,
        "variance_ns2": 4.452641779650449e+19,
        "iqr_ns": 5255324645.397374,
        "q1_ns": 61876236.86003423,
        "q3_ns": 5317200882.257408
      },
      "futex_op_counts": {
        "128": 51
      },
      "first_seen_ts_ns": 1421200716231,
      "last_seen_ts_ns": 1471275585873
    },
    {
      "tgid": 4047,
      "comm": "containerd-shim",
      "cgroup_id": 4085,
      "wait_duration_stats_ns": {
        "count": 47.0,
        "sum": 204808261970.00003,
        "mean": 4357622595.106383,
        "median": 1095111884.3767478,
        "min": 4438,
        "max": 29992484231,
        "variance_ns2": 5.574242517452262e+19,
        "iqr_ns": 4768814279.060832,
        "q1_ns": 526546945.22258407,
        "q3_ns": 5295361224.283416
      },
      "futex_op_counts": {
        "128": 47
      },
      "first_seen_ts_ns": 1421191024242,
      "last_seen_ts_ns": 1471281362133
    },
    {
      "tgid": 31286,
      "comm": "containerd-shim",
      "cgroup_id": 4085,
      "wait_duration_stats_ns": {
        "count": 50.0,
        "sum": 196225397326.0,
        "mean": 3924507946.52,
        "median": 993591191.3880206,
        "min": 403,
        "max": 30004118608,
        "variance_ns2": 5.269365533830156e+19,
        "iqr_ns": 3982459447.4921947,
        "q1_ns": 111833494.28888333,
        "q3_ns": 4094292941.781078
      },
      "futex_op_counts": {
        "128": 50
      },
      "first_seen_ts_ns": 1421203447722,
      "last_seen_ts_ns": 1471279451526
    },
    {
      "tgid": 3075,
      "comm": "containerd-shim",
      "cgroup_id": 4085,
      "wait_duration_stats_ns": {
        "count": 44.0,
        "sum": 194822943216.0,
        "mean": 4427794164.0,
        "median": 1179733991.254931,
        "min": 13846,
        "max": 30011752532,
        "variance_ns2": 5.999673839343393e+19,
        "iqr_ns": 4764856253.775177,
        "q1_ns": 102370820.90772021,
        "q3_ns": 4867227074.682898
      },
      "futex_op_counts": {
        "128": 44
      },
      "first_seen_ts_ns": 1421184947862,
      "last_seen_ts_ns": 1471280888421
    },
    {
      "tgid": 3640,
      "comm": "controller",
      "cgroup_id": 5361,
      "wait_duration_stats_ns": {
        "count": 270.0,
        "sum": 178617968048.00006,
        "mean": 661548029.8074076,
        "median": 488703442.24323076,
        "min": 2149,
        "max": 10019813279,
        "variance_ns2": 1.4859917000284756e+18,
        "iqr_ns": 28209280.221718192,
        "q1_ns": 471444626.69253343,
        "q3_ns": 499653906.9142516
      },
      "futex_op_counts": {
        "128": 270
      },
      "first_seen_ts_ns": 1415361991705,
      "last_seen_ts_ns": 1478362420084
    },
    {
      "tgid": 2999,
      "comm": "ssm-agent-worke",
      "cgroup_id": 3429,
      "wait_duration_stats_ns": {
        "count": 102.0,
        "sum": 175870043698.00003,
        "mean": 1724216114.6862748,
        "median": 1008003262.4805197,
        "min": 5527,
        "max": 56106588376,
        "variance_ns2": 3.048935760476053e+19,
        "iqr_ns": 1812024958.5659397,
        "q1_ns": 257050830.16114113,
        "q3_ns": 2069075788.7270808
      },
      "futex_op_counts": {
        "128": 102
      },
      "first_seen_ts_ns": 1415740761009,
      "last_seen_ts_ns": 1478423420988
    },
    {
      "tgid": 32306,
      "comm": "runc",
      "cgroup_id": 4085,
      "wait_duration_stats_ns": {
        "count": 260.0,
        "sum": 8410318434.999998,
        "mean": 32347378.59615384,
        "median": 12157851.880636109,
        "min": 1769,
        "max": 398298152,
        "variance_ns2": 7008113513240428.0,
        "iqr_ns": 28046792.94902547,
        "q1_ns": 406433.57054534066,
        "q3_ns": 28453226.519570813
      },
      "futex_op_counts": {
        "128": 260
      },
      "first_seen_ts_ns": 1438890035283,
      "last_seen_ts_ns": 1439620668481
    },
    {
      "tgid": 32188,
      "comm": "runc",
      "cgroup_id": 4085,
      "wait_duration_stats_ns": {
        "count": 259.0,
        "sum": 6497214097.0,
        "mean": 25085768.714285713,
        "median": 8864902.273331692,
        "min": 896,
        "max": 407463372,
        "variance_ns2": 3434916493433564.0,
        "iqr_ns": 25285195.41406693,
        "q1_ns": 217740.9412986269,
        "q3_ns": 25502936.355365556
      },
      "futex_op_counts": {
        "128": 259
      },
      "first_seen_ts_ns": 1427570227642,
      "last_seen_ts_ns": 1428240020985
    },
    {
      "tgid": 32444,
      "comm": "runc",
      "cgroup_id": 4085,
      "wait_duration_stats_ns": {
        "count": 280.0,
        "sum": 5982650724.999999,
        "mean": 21366609.732142854,
        "median": 10521486.773580661,
        "min": 411,
        "max": 537755742,
        "variance_ns2": 4176513483958488.5,
        "iqr_ns": 24646748.01388579,
        "q1_ns": 685193.7965508219,
        "q3_ns": 25331941.81043661
      },
      "futex_op_counts": {
        "128": 280
      },
      "first_seen_ts_ns": 1458840148700,
      "last_seen_ts_ns": 1459660559504
    },
    {
      "tgid": 32215,
      "comm": "runc",
      "cgroup_id": 4085,
      "wait_duration_stats_ns": {
        "count": 243.0,
        "sum": 4885618125.0,
        "mean": 20105424.38271605,
        "median": 3525647.975463917,
        "min": 570,
        "max": 329669507,
        "variance_ns2": 4137259027424326.0,
        "iqr_ns": 20535160.612949487,
        "q1_ns": 138779.38210556676,
        "q3_ns": 20673939.995055053
      },
      "futex_op_counts": {
        "128": 243
      },
      "first_seen_ts_ns": 1428810012137,
      "last_seen_ts_ns": 1429300027267
    },
    {
      "tgid": 32421,
      "comm": "runc",
      "cgroup_id": 4085,
      "wait_duration_stats_ns": {
        "count": 249.0,
        "sum": 4194300498.000001,
        "mean": 16844580.313253015,
        "median": 6423713.831395992,
        "min": 1184,
        "max": 540436481,
        "variance_ns2": 3805628340893650.5,
        "iqr_ns": 23101214.879154347,
        "q1_ns": 141260.99078610234,
        "q3_ns": 23242475.86994045
      },
      "futex_op_counts": {
        "128": 249
      },
      "first_seen_ts_ns": 1457570104998,
      "last_seen_ts_ns": 1458220025023
    },
    {
      "tgid": 2838,
      "comm": "amazon-ssm-agen",
      "cgroup_id": 3429,
      "wait_duration_stats_ns": {
        "count": 16.0,
        "sum": 4000633098.9999995,
        "mean": 250039568.68749997,
        "median": 34648284.186607145,
        "min": 25142,
        "max": 998650654,
        "variance_ns2": 1.9803704040152685e+17,
        "iqr_ns": 180559500.94726852,
        "q1_ns": 5130316.650416667,
        "q3_ns": 185689817.5976852
      },
      "futex_op_counts": {
        "128": 16
      },
      "first_seen_ts_ns": 1472360596013,
      "last_seen_ts_ns": 1473366816893
    },
    {
      "tgid": 32469,
      "comm": "runc",
      "cgroup_id": 4085,
      "wait_duration_stats_ns": {
        "count": 241.0,
        "sum": 3349892121.000001,
        "mean": 13899967.307053946,
        "median": 4102188.8425506046,
        "min": 1718,
        "max": 480177928,
        "variance_ns2": 2944203541272768.5,
        "iqr_ns": 19985487.61678457,
        "q1_ns": 96639.66617503534,
        "q3_ns": 20082127.282959603
      },
      "futex_op_counts": {
        "128": 241
      },
      "first_seen_ts_ns": 1467560032251,
      "last_seen_ts_ns": 1468080428324
    },
    {
      "tgid": 32491,
      "comm": "runc",
      "cgroup_id": 4085,
      "wait_duration_stats_ns": {
        "count": 237.0,
        "sum": 3307116995.0000005,
        "mean": 13954080.147679327,
        "median": 4998954.143133491,
        "min": 4217,
        "max": 510169312,
        "variance_ns2": 3040227389559168.0,
        "iqr_ns": 12909867.800242655,
        "q1_ns": 88206.97992029847,
        "q3_ns": 12998074.780162953
      },
      "futex_op_counts": {
        "128": 237
      },
      "first_seen_ts_ns": 1468830023825,
      "last_seen_ts_ns": 1469410522423
    },
    {
      "tgid": 32335,
      "comm": "runc",
      "cgroup_id": 4085,
      "wait_duration_stats_ns": {
        "count": 230.0,
        "sum": 2364643594.0,
        "mean": 10281059.104347825,
        "median": 673828.2911761826,
        "min": 4201,
        "max": 325017789,
        "variance_ns2": 2327935625700731.0,
        "iqr_ns": 9234194.513987279,
        "q1_ns": 37356.58105850131,
        "q3_ns": 9271551.09504578
      },
      "futex_op_counts": {
        "128": 230
      },
      "first_seen_ts_ns": 1447580037257,
      "last_seen_ts_ns": 1447945167128
    },
    {
      "tgid": 32360,
      "comm": "runc",
      "cgroup_id": 4085,
      "wait_duration_stats_ns": {
        "count": 223.0,
        "sum": 1855900139.0,
        "mean": 8322422.147982063,
        "median": 310213.56922049157,
        "min": 4122,
        "max": 319325829,
        "variance_ns2": 1667690294781771.2,
        "iqr_ns": 2375769.903433522,
        "q1_ns": 28182.94680961108,
        "q3_ns": 2403952.8502431335
      },
      "futex_op_counts": {
        "128": 223
      },
      "first_seen_ts_ns": 1448920185082,
      "last_seen_ts_ns": 1449260069446
    },
    {
      "tgid": 32323,
      "comm": "runc:[2:INIT]",
      "cgroup_id": 5277,
      "wait_duration_stats_ns": {
        "count": 29.0,
        "sum": 1521483100.0000005,
        "mean": 52464934.48275864,
        "median": 21497111.332327463,
        "min": 2402,
        "max": 259803788,
        "variance_ns2": 6153229000031797.0,
        "iqr_ns": 28389149.714741692,
        "q1_ns": 12673248.280101439,
        "q3_ns": 41062397.99484313
      },
      "futex_op_counts": {
        "128": 29
      },
      "first_seen_ts_ns": 1439320042295,
      "last_seen_ts_ns": 1439640077000
    },
    {
      "tgid": 32244,
      "comm": "runc",
      "cgroup_id": 4085,
      "wait_duration_stats_ns": {
        "count": 325.0,
        "sum": 1423369380.9999998,
        "mean": 4379598.095384615,
        "median": 1082210.7870753903,
        "min": 398,
        "max": 173974851,
        "variance_ns2": 418933652801308.4,
        "iqr_ns": 5365850.5869414145,
        "q1_ns": 20625.688904221803,
        "q3_ns": 5386476.275845637
      },
      "futex_op_counts": {
        "128": 325
      },
      "first_seen_ts_ns": 1437560036829,
      "last_seen_ts_ns": 1437802264325
    },
    {
      "tgid": 32480,
      "comm": "runc:[2:INIT]",
      "cgroup_id": 5277,
      "wait_duration_stats_ns": {
        "count": 27.0,
        "sum": 1404122343.0000005,
        "mean": 52004531.22222224,
        "median": 28343332.450923845,
        "min": 84928,
        "max": 229820380,
        "variance_ns2": 4722928160402711.0,
        "iqr_ns": 27372939.20704433,
        "q1_ns": 17306313.890910346,
        "q3_ns": 44679253.097954676
      },
      "futex_op_counts": {
        "128": 27
      },
      "first_seen_ts_ns": 1467800041320,
      "last_seen_ts_ns": 1468100025861
    },
    {
      "tgid": 32432,
      "comm": "runc:[2:INIT]",
      "cgroup_id": 5277,
      "wait_duration_stats_ns": {
        "count": 26.0,
        "sum": 1234295415.0000002,
        "mean": 47472900.57692309,
        "median": 9560738.66339524,
        "min": 4928,
        "max": 209917898,
        "variance_ns2": 4874214691944370.0,
        "iqr_ns": 41445801.1885787,
        "q1_ns": 8742256.182349274,
        "q3_ns": 50188057.370927975
      },
      "futex_op_counts": {
        "128": 26
      },
      "first_seen_ts_ns": 1457970032904,
      "last_seen_ts_ns": 1458220067134
    },
    {
      "tgid": 32346,
      "comm": "runc:[2:INIT]",
      "cgroup_id": 5277,
      "wait_duration_stats_ns": {
        "count": 25.0,
        "sum": 1162576348.0,
        "mean": 46503053.92,
        "median": 13756091.665893752,
        "min": 1516555,
        "max": 189960755,
        "variance_ns2": 3660880254555507.5,
        "iqr_ns": 32780206.366397947,
        "q1_ns": 11596352.170689033,
        "q3_ns": 44376558.53708698
      },
      "futex_op_counts": {
        "128": 25
      },
      "first_seen_ts_ns": 1447711958879,
      "last_seen_ts_ns": 1447950035037
    },
    {
      "tgid": 32501,
      "comm": "runc:[2:INIT]",
      "cgroup_id": 5277,
      "wait_duration_stats_ns": {
        "count": 26.0,
        "sum": 1136071097.0,
        "mean": 43695042.192307696,
        "median": 22582899.233641293,
        "min": 2656,
        "max": 201716118,
        "variance_ns2": 3080061469414493.0,
        "iqr_ns": 41372089.07197827,
        "q1_ns": 14812902.52907819,
        "q3_ns": 56184991.60105646
      },
      "futex_op_counts": {
        "128": 26
      },
      "first_seen_ts_ns": 1469170050081,
      "last_seen_ts_ns": 1469420039451
    },
    {
      "tgid": 32370,
      "comm": "runc:[2:INIT]",
      "cgroup_id": 5277,
      "wait_duration_stats_ns": {
        "count": 23.0,
        "sum": 943855993.0,
        "mean": 41037217.08695652,
        "median": 24928452.006186783,
        "min": 18449,
        "max": 159863406,
        "variance_ns2": 1789086663667436.8,
        "iqr_ns": 38207575.03885662,
        "q1_ns": 16345028.987354068,
        "q3_ns": 54552604.02621069
      },
      "futex_op_counts": {
        "128": 23
      },
      "first_seen_ts_ns": 1449050034565,
      "last_seen_ts_ns": 1449260547174
    },
    {
      "tgid": 32456,
      "comm": "runc:[2:INIT]",
      "cgroup_id": 5277,
      "wait_duration_stats_ns": {
        "count": 27.0,
        "sum": 894803086.0,
        "mean": 33140855.037037037,
        "median": 25261310.48852841,
        "min": 8917667,
        "max": 139877216,
        "variance_ns2": 1057278089887940.6,
        "iqr_ns": 35462950.625240706,
        "q1_ns": 11576623.512569696,
        "q3_ns": 47039574.1378104
      },
      "futex_op_counts": {
        "128": 27
      },
      "first_seen_ts_ns": 1459480081961,
      "last_seen_ts_ns": 1459680036182
    },
    {
      "tgid": 32203,
      "comm": "runc:[2:INIT]",
      "cgroup_id": 5277,
      "wait_duration_stats_ns": {
        "count": 26.0,
        "sum": 886598202.9999998,
        "mean": 34099930.88461538,
        "median": 17119261.901702344,
        "min": 724,
        "max": 129871233,
        "variance_ns2": 1200127987625683.0,
        "iqr_ns": 21553304.716220446,
        "q1_ns": 10417711.500137085,
        "q3_ns": 31971016.21635753
      },
      "futex_op_counts": {
        "128": 26
      },
      "first_seen_ts_ns": 1428050029160,
      "last_seen_ts_ns": 1428240033314
    },
    {
      "tgid": 32232,
      "comm": "runc:[2:INIT]",
      "cgroup_id": 5277,
      "wait_duration_stats_ns": {
        "count": 35.0,
        "sum": 801296850.0,
        "mean": 22894195.714285713,
        "median": 11787763.190721886,
        "min": 13658,
        "max": 151059909,
        "variance_ns2": 1612235665203242.5,
        "iqr_ns": 21226571.93731969,
        "q1_ns": 2292678.962688558,
        "q3_ns": 23519250.900008246
      },
      "futex_op_counts": {
        "128": 35
      },
      "first_seen_ts_ns": 1429091077077,
      "last_seen_ts_ns": 1429310029463
    },
    {
      "tgid": 32722,
      "comm": "runc",
      "cgroup_id": 4085,
      "wait_duration_stats_ns": {
        "count": 411.0,
        "sum": 686404845.9999999,
        "mean": 1670084.7834549877,
        "median": 50648.09790682305,
        "min": 4338,
        "max": 116782080,
        "variance_ns2": 177271341791203.88,
        "iqr_ns": 210436.12213908564,
        "q1_ns": 11875.714044922115,
        "q3_ns": 222311.83618400776
      },
      "futex_op_counts": {
        "128": 411
      },
      "first_seen_ts_ns": 1477542940089,
      "last_seen_ts_ns": 1477661929490
    },
    {
      "tgid": 32257,
      "comm": "runc:[2:INIT]",
      "cgroup_id": 5277,
      "wait_duration_stats_ns": {
        "count": 22.0,
        "sum": 646035464.0,
        "mean": 29365248.363636363,
        "median": 3535466.9483000003,
        "min": 15958,
        "max": 129559743,
        "variance_ns2": 3021155224582861.5,
        "iqr_ns": 54788426.1105236,
        "q1_ns": 69876.8024691358,
        "q3_ns": 54858302.91299273
      },
      "futex_op_counts": {
        "128": 22
      },
      "first_seen_ts_ns": 1437672304186,
      "last_seen_ts_ns": 1437802257747
    },
    {
      "tgid": 32732,
      "comm": "runc:[2:INIT]",
      "cgroup_id": 5277,
      "wait_duration_stats_ns": {
        "count": 23.0,
        "sum": 561365400.0000001,
        "mean": 24407191.30434783,
        "median": 400197.4076200107,
        "min": 492,
        "max": 112595516,
        "variance_ns2": 2205374938288710.5,
        "iqr_ns": 44642917.453368925,
        "q1_ns": 167418.9108915926,
        "q3_ns": 44810336.36426052
      },
      "futex_op_counts": {
        "128": 23
      },
      "first_seen_ts_ns": 1477549052304,
      "last_seen_ts_ns": 1477661937591
    },
    {
      "tgid": 32501,
      "comm": "grpc-health-pro",
      "cgroup_id": 5277,
      "wait_duration_stats_ns": {
        "count": 15.0,
        "sum": 332324221.0,
        "mean": 22154948.066666666,
        "median": 19717778.388888888,
        "min": 170749,
        "max": 49980419,
        "variance_ns2": 223028383126450.94,
        "iqr_ns": 10582457.249914266,
        "q1_ns": 14983527.0,
        "q3_ns": 25565984.249914266
      },
      "futex_op_counts": {
        "128": 15
      },
      "first_seen_ts_ns": 1469450036069,
      "last_seen_ts_ns": 1469520036996
    },
    {
      "tgid": 32370,
      "comm": "grpc-health-pro",
      "cgroup_id": 5277,
      "wait_duration_stats_ns": {
        "count": 14.0,
        "sum": 238856142.0,
        "mean": 17061153.0,
        "median": 15058495.289259259,
        "min": 8630,
        "max": 38763310,
        "variance_ns2": 182135399701340.62,
        "iqr_ns": 15620120.28260194,
        "q1_ns": 8173802.24375,
        "q3_ns": 23793922.52635194
      },
      "futex_op_counts": {
        "128": 14
      },
      "first_seen_ts_ns": 1449280033615,
      "last_seen_ts_ns": 1449330137434
    },
    {
      "tgid": 32432,
      "comm": "grpc-health-pro",
      "cgroup_id": 5277,
      "wait_duration_stats_ns": {
        "count": 12.0,
        "sum": 188715730.0,
        "mean": 15726310.833333334,
        "median": 16712553.733333334,
        "min": 135126,
        "max": 29867687,
        "variance_ns2": 74701028607489.23,
        "iqr_ns": 15609338.789999995,
        "q1_ns": 6881677.555555556,
        "q3_ns": 22491016.34555555
      },
      "futex_op_counts": {
        "128": 12
      },
      "first_seen_ts_ns": 1458250018729,
      "last_seen_ts_ns": 1458290046172
    },
    {
      "tgid": 32323,
      "comm": "grpc-health-pro",
      "cgroup_id": 5277,
      "wait_duration_stats_ns": {
        "count": 11.0,
        "sum": 169355039.00000003,
        "mean": 15395912.636363639,
        "median": 15661609.666666666,
        "min": 15676,
        "max": 31828815,
        "variance_ns2": 87064208851946.64,
        "iqr_ns": 10533830.527291669,
        "q1_ns": 8266159.333333334,
        "q3_ns": 18799989.860625003
      },
      "futex_op_counts": {
        "128": 11
      },
      "first_seen_ts_ns": 1439670036270,
      "last_seen_ts_ns": 1439710036009
    },
    {
      "tgid": 32480,
      "comm": "grpc-health-pro",
      "cgroup_id": 5277,
      "wait_duration_stats_ns": {
        "count": 11.0,
        "sum": 168898901.0,
        "mean": 15354445.545454547,
        "median": 14130492.333333332,
        "min": 12859,
        "max": 29962813,
        "variance_ns2": 64063389635822.86,
        "iqr_ns": 7495130.466927081,
        "q1_ns": 9953118.0,
        "q3_ns": 17448248.46692708
      },
      "futex_op_counts": {
        "128": 11
      },
      "first_seen_ts_ns": 1468130018684,
      "last_seen_ts_ns": 1468170023478
    },
    {
      "tgid": 32456,
      "comm": "grpc-health-pro",
      "cgroup_id": 5277,
      "wait_duration_stats_ns": {
        "count": 14.0,
        "sum": 146234121.99999997,
        "mean": 10445294.428571427,
        "median": 9939195.774074074,
        "min": 7427,
        "max": 19882953,
        "variance_ns2": 44478375249324.734,
        "iqr_ns": 2133992.565624999,
        "q1_ns": 9177116.789930556,
        "q3_ns": 11311109.355555555
      },
      "futex_op_counts": {
        "128": 14
      },
      "first_seen_ts_ns": 1459710036252,
      "last_seen_ts_ns": 1459740079026
    },
    {
      "tgid": 32232,
      "comm": "grpc-health-pro",
      "cgroup_id": 5277,
      "wait_duration_stats_ns": {
        "count": 11.0,
        "sum": 118370437.0,
        "mean": 10760948.818181818,
        "median": 11151878.724444445,
        "min": 151763,
        "max": 19932741,
        "variance_ns2": 57255279388001.56,
        "iqr_ns": 9716356.0,
        "q1_ns": 3308539.666666667,
        "q3_ns": 13024895.666666666
      },
      "futex_op_counts": {
        "128": 11
      },
      "first_seen_ts_ns": 1429340032096,
      "last_seen_ts_ns": 1429370040018
    },
    {
      "tgid": 32346,
      "comm": "grpc-health-pro",
      "cgroup_id": 5277,
      "wait_duration_stats_ns": {
        "count": 11.0,
        "sum": 84541765.00000001,
        "mean": 7685615.000000001,
        "median": 6365644.855131172,
        "min": 4400,
        "max": 19839462,
        "variance_ns2": 42362315558354.6,
        "iqr_ns": 10033340.832355969,
        "q1_ns": 78077.0,
        "q3_ns": 10111417.832355969
      },
      "futex_op_counts": {
        "128": 11
      },
      "first_seen_ts_ns": 1447970044658,
      "last_seen_ts_ns": 1447990048677
    },
    {
      "tgid": 32203,
      "comm": "grpc-health-pro",
      "cgroup_id": 5277,
      "wait_duration_stats_ns": {
        "count": 8.0,
        "sum": 36911559.0,
        "mean": 4613944.875,
        "median": 934947.5555555556,
        "min": 7442,
        "max": 9983192,
        "variance_ns2": 22451418681578.125,
        "iqr_ns": 3278195.185185185,
        "q1_ns": 195980.0,
        "q3_ns": 3474175.185185185
      },
      "futex_op_counts": {
        "128": 8
      },
      "first_seen_ts_ns": 1428260020920,
      "last_seen_ts_ns": 1428270127995
    },
    {
      "tgid": 32257,
      "comm": "grpc-health-pro",
      "cgroup_id": 5277,
      "wait_duration_stats_ns": {
        "count": 34.0,
        "sum": 8808330.0,
        "mean": 259068.52941176473,
        "median": 64501.71637642573,
        "min": 5485,
        "max": 1393164,
        "variance_ns2": 169103174073.22638,
        "iqr_ns": 198087.4948941099,
        "q1_ns": 17212.7133756891,
        "q3_ns": 215300.208269799
      },
      "futex_op_counts": {
        "128": 34
      },
      "first_seen_ts_ns": 1437803904032,
      "last_seen_ts_ns": 1437806228206
    },
    {
      "tgid": 32732,
      "comm": "grpc-health-pro",
      "cgroup_id": 5277,
      "wait_duration_stats_ns": {
        "count": 35.0,
        "sum": 8186224.0,
        "mean": 233892.11428571428,
        "median": 64657.93099274913,
        "min": 9357,
        "max": 1274337,
        "variance_ns2": 140215168274.45715,
        "iqr_ns": 166105.06439384507,
        "q1_ns": 17912.661687242795,
        "q3_ns": 184017.72608108787
      },
      "futex_op_counts": {
        "128": 35
      },
      "first_seen_ts_ns": 1477663639679,
      "last_seen_ts_ns": 1477665861242
    },
    {
      "tgid": 32038,
      "comm": "flux-broker-0",
      "cgroup_id": 16059,
      "wait_duration_stats_ns": {
        "count": 16.0,
        "sum": 137845.0,
        "mean": 8615.3125,
        "median": 2373.4533420138887,
        "min": 1541,
        "max": 69929,
        "variance_ns2": 294828583.4291666,
        "iqr_ns": 3961.363194444448,
        "q1_ns": 1935.28125,
        "q3_ns": 5896.644444444448
      },
      "futex_op_counts": {
        "128": 16
      },
      "first_seen_ts_ns": 1437678082747,
      "last_seen_ts_ns": 1478774403526
    },
    {
      "tgid": 32292,
      "comm": "xhpcg",
      "cgroup_id": 16059,
      "wait_duration_stats_ns": {
        "count": 1.0,
        "sum": 9268.0,
        "mean": 9268.0,
        "median": 9268.0,
        "min": 9268,
        "max": 9268,
        "variance_ns2": null,
        "iqr_ns": 0.0,
        "q1_ns": 9268.0,
        "q3_ns": 9268.0
      },
      "futex_op_counts": {
        "128": 1
      },
      "first_seen_ts_ns": 1455684787127,
      "last_seen_ts_ns": 1455684787127
    },
    {
      "tgid": 32274,
      "comm": "xhpcg",
      "cgroup_id": 16059,
      "wait_duration_stats_ns": {
        "count": 1.0,
        "sum": 8945.0,
        "mean": 8945.0,
        "median": 8945.0,
        "min": 8945,
        "max": 8945,
        "variance_ns2": null,
        "iqr_ns": 0.0,
        "q1_ns": 8945.0,
        "q3_ns": 8945.0
      },
      "futex_op_counts": {
        "128": 1
      },
      "first_seen_ts_ns": 1455685814410,
      "last_seen_ts_ns": 1455685814410
    },
    {
      "tgid": 32286,
      "comm": "xhpcg",
      "cgroup_id": 16059,
      "wait_duration_stats_ns": {
        "count": 1.0,
        "sum": 8603.0,
        "mean": 8603.0,
        "median": 8603.0,
        "min": 8603,
        "max": 8603,
        "variance_ns2": null,
        "iqr_ns": 0.0,
        "q1_ns": 8603.0,
        "q3_ns": 8603.0
      },
      "futex_op_counts": {
        "128": 1
      },
      "first_seen_ts_ns": 1455684787168,
      "last_seen_ts_ns": 1455684787168
    },
    {
      "tgid": 32156,
      "comm": "xhpcg",
      "cgroup_id": 16059,
      "wait_duration_stats_ns": {
        "count": 1.0,
        "sum": 7903.0,
        "mean": 7903.0,
        "median": 7903.0,
        "min": 7903,
        "max": 7903,
        "variance_ns2": null,
        "iqr_ns": 0.0,
        "q1_ns": 7903.0,
        "q3_ns": 7903.0
      },
      "futex_op_counts": {
        "128": 1
      },
      "first_seen_ts_ns": 1437661942384,
      "last_seen_ts_ns": 1437661942384
    },
    {
      "tgid": 32393,
      "comm": "xhpcg",
      "cgroup_id": 16059,
      "wait_duration_stats_ns": {
        "count": 1.0,
        "sum": 7771.0,
        "mean": 7771.0,
        "median": 7771.0,
        "min": 7771,
        "max": 7771,
        "variance_ns2": null,
        "iqr_ns": 0.0,
        "q1_ns": 7771.0,
        "q3_ns": 7771.0
      },
      "futex_op_counts": {
        "128": 1
      },
      "first_seen_ts_ns": 1473946860747,
      "last_seen_ts_ns": 1473946860747
    },
    {
      "tgid": 32284,
      "comm": "xhpcg",
      "cgroup_id": 16059,
      "wait_duration_stats_ns": {
        "count": 1.0,
        "sum": 7388.0,
        "mean": 7388.0,
        "median": 7388.0,
        "min": 7388,
        "max": 7388,
        "variance_ns2": null,
        "iqr_ns": 0.0,
        "q1_ns": 7388.0,
        "q3_ns": 7388.0
      },
      "futex_op_counts": {
        "128": 1
      },
      "first_seen_ts_ns": 1455685805061,
      "last_seen_ts_ns": 1455685805061
    },
    {
      "tgid": 32295,
      "comm": "xhpcg",
      "cgroup_id": 16059,
      "wait_duration_stats_ns": {
        "count": 1.0,
        "sum": 7295.0,
        "mean": 7295.0,
        "median": 7295.0,
        "min": 7295,
        "max": 7295,
        "variance_ns2": null,
        "iqr_ns": 0.0,
        "q1_ns": 7295.0,
        "q3_ns": 7295.0
      },
      "futex_op_counts": {
        "128": 1
      },
      "first_seen_ts_ns": 1455684787866,
      "last_seen_ts_ns": 1455684787866
    },
    {
      "tgid": 32301,
      "comm": "xhpcg",
      "cgroup_id": 16059,
      "wait_duration_stats_ns": {
        "count": 1.0,
        "sum": 7198.0,
        "mean": 7198.0,
        "median": 7198.0,
        "min": 7198,
        "max": 7198,
        "variance_ns2": null,
        "iqr_ns": 0.0,
        "q1_ns": 7198.0,
        "q3_ns": 7198.0
      },
      "futex_op_counts": {
        "128": 1
      },
      "first_seen_ts_ns": 1455685087159,
      "last_seen_ts_ns": 1455685087159
    },
    {
      "tgid": 32416,
      "comm": "xhpcg",
      "cgroup_id": 16059,
      "wait_duration_stats_ns": {
        "count": 1.0,
        "sum": 7190.0,
        "mean": 7190.0,
        "median": 7190.0,
        "min": 7190,
        "max": 7190,
        "variance_ns2": null,
        "iqr_ns": 0.0,
        "q1_ns": 7190.0,
        "q3_ns": 7190.0
      },
      "futex_op_counts": {
        "128": 1
      },
      "first_seen_ts_ns": 1473946863908,
      "last_seen_ts_ns": 1473946863908
    },
    {
      "tgid": 32153,
      "comm": "xhpcg",
      "cgroup_id": 16059,
      "wait_duration_stats_ns": {
        "count": 1.0,
        "sum": 7172.0,
        "mean": 7172.0,
        "median": 7172.0,
        "min": 7172,
        "max": 7172,
        "variance_ns2": null,
        "iqr_ns": 0.0,
        "q1_ns": 7172.0,
        "q3_ns": 7172.0
      },
      "futex_op_counts": {
        "128": 1
      },
      "first_seen_ts_ns": 1437662763182,
      "last_seen_ts_ns": 1437662763182
    },
    {
      "tgid": 32281,
      "comm": "xhpcg",
      "cgroup_id": 16059,
      "wait_duration_stats_ns": {
        "count": 1.0,
        "sum": 7161.0,
        "mean": 7161.0,
        "median": 7161.0,
        "min": 7161,
        "max": 7161,
        "variance_ns2": null,
        "iqr_ns": 0.0,
        "q1_ns": 7161.0,
        "q3_ns": 7161.0
      },
      "futex_op_counts": {
        "128": 1
      },
      "first_seen_ts_ns": 1455685086266,
      "last_seen_ts_ns": 1455685086266
    },
    {
      "tgid": 32176,
      "comm": "xhpcg",
      "cgroup_id": 16059,
      "wait_duration_stats_ns": {
        "count": 1.0,
        "sum": 7159.0,
        "mean": 7159.0,
        "median": 7159.0,
        "min": 7159,
        "max": 7159,
        "variance_ns2": null,
        "iqr_ns": 0.0,
        "q1_ns": 7159.0,
        "q3_ns": 7159.0
      },
      "futex_op_counts": {
        "128": 1
      },
      "first_seen_ts_ns": 1437662758890,
      "last_seen_ts_ns": 1437662758890
    },
    {
      "tgid": 32178,
      "comm": "xhpcg",
      "cgroup_id": 16059,
      "wait_duration_stats_ns": {
        "count": 1.0,
        "sum": 7077.0,
        "mean": 7077.0,
        "median": 7077.0,
        "min": 7077,
        "max": 7077,
        "variance_ns2": null,
        "iqr_ns": 0.0,
        "q1_ns": 7077.0,
        "q3_ns": 7077.0
      },
      "futex_op_counts": {
        "128": 1
      },
      "first_seen_ts_ns": 1437662763228,
      "last_seen_ts_ns": 1437662763228
    },
    {
      "tgid": 32158,
      "comm": "xhpcg",
      "cgroup_id": 16059,
      "wait_duration_stats_ns": {
        "count": 1.0,
        "sum": 7064.0,
        "mean": 7064.0,
        "median": 7064.0,
        "min": 7064,
        "max": 7064,
        "variance_ns2": null,
        "iqr_ns": 0.0,
        "q1_ns": 7064.0,
        "q3_ns": 7064.0
      },
      "futex_op_counts": {
        "128": 1
      },
      "first_seen_ts_ns": 1437662323458,
      "last_seen_ts_ns": 1437662323458
    },
    {
      "tgid": 32283,
      "comm": "xhpcg",
      "cgroup_id": 16059,
      "wait_duration_stats_ns": {
        "count": 1.0,
        "sum": 6992.0,
        "mean": 6992.0,
        "median": 6992.0,
        "min": 6992,
        "max": 6992,
        "variance_ns2": null,
        "iqr_ns": 0.0,
        "q1_ns": 6992.0,
        "q3_ns": 6992.0
      },
      "futex_op_counts": {
        "128": 1
      },
      "first_seen_ts_ns": 1455685388153,
      "last_seen_ts_ns": 1455685388153
    },
    {
      "tgid": 32290,
      "comm": "xhpcg",
      "cgroup_id": 16059,
      "wait_duration_stats_ns": {
        "count": 1.0,
        "sum": 6986.0,
        "mean": 6986.0,
        "median": 6986.0,
        "min": 6986,
        "max": 6986,
        "variance_ns2": null,
        "iqr_ns": 0.0,
        "q1_ns": 6986.0,
        "q3_ns": 6986.0
      },
      "futex_op_counts": {
        "128": 1
      },
      "first_seen_ts_ns": 1455685803254,
      "last_seen_ts_ns": 1455685803254
    },
    {
      "tgid": 32279,
      "comm": "xhpcg",
      "cgroup_id": 16059,
      "wait_duration_stats_ns": {
        "count": 1.0,
        "sum": 6964.0,
        "mean": 6964.0,
        "median": 6964.0,
        "min": 6964,
        "max": 6964,
        "variance_ns2": null,
        "iqr_ns": 0.0,
        "q1_ns": 6964.0,
        "q3_ns": 6964.0
      },
      "futex_op_counts": {
        "128": 1
      },
      "first_seen_ts_ns": 1455685810539,
      "last_seen_ts_ns": 1455685810539
    },
    {
      "tgid": 32170,
      "comm": "xhpcg",
      "cgroup_id": 16059,
      "wait_duration_stats_ns": {
        "count": 1.0,
        "sum": 6963.0,
        "mean": 6963.0,
        "median": 6963.0,
        "min": 6963,
        "max": 6963,
        "variance_ns2": null,
        "iqr_ns": 0.0,
        "q1_ns": 6963.0,
        "q3_ns": 6963.0
      },
      "futex_op_counts": {
        "128": 1
      },
      "first_seen_ts_ns": 1437662766612,
      "last_seen_ts_ns": 1437662766612
    },
    {
      "tgid": 32391,
      "comm": "xhpcg",
      "cgroup_id": 16059,
      "wait_duration_stats_ns": {
        "count": 1.0,
        "sum": 6910.0,
        "mean": 6910.0,
        "median": 6910.0,
        "min": 6910,
        "max": 6910,
        "variance_ns2": null,
        "iqr_ns": 0.0,
        "q1_ns": 6910.0,
        "q3_ns": 6910.0
      },
      "futex_op_counts": {
        "128": 1
      },
      "first_seen_ts_ns": 1473946857418,
      "last_seen_ts_ns": 1473946857418
    },
    {
      "tgid": 32299,
      "comm": "xhpcg",
      "cgroup_id": 16059,
      "wait_duration_stats_ns": {
        "count": 1.0,
        "sum": 6861.0,
        "mean": 6861.0,
        "median": 6861.0,
        "min": 6861,
        "max": 6861,
        "variance_ns2": null,
        "iqr_ns": 0.0,
        "q1_ns": 6861.0,
        "q3_ns": 6861.0
      },
      "futex_op_counts": {
        "128": 1
      },
      "first_seen_ts_ns": 1455685806911,
      "last_seen_ts_ns": 1455685806911
    },
    {
      "tgid": 32405,
      "comm": "xhpcg",
      "cgroup_id": 16059,
      "wait_duration_stats_ns": {
        "count": 1.0,
        "sum": 6852.0,
        "mean": 6852.0,
        "median": 6852.0,
        "min": 6852,
        "max": 6852,
        "variance_ns2": null,
        "iqr_ns": 0.0,
        "q1_ns": 6852.0,
        "q3_ns": 6852.0
      },
      "futex_op_counts": {
        "128": 1
      },
      "first_seen_ts_ns": 1473946847668,
      "last_seen_ts_ns": 1473946847668
    },
    {
      "tgid": 32411,
      "comm": "xhpcg",
      "cgroup_id": 16059,
      "wait_duration_stats_ns": {
        "count": 1.0,
        "sum": 6797.0,
        "mean": 6797.0,
        "median": 6797.0,
        "min": 6797,
        "max": 6797,
        "variance_ns2": null,
        "iqr_ns": 0.0,
        "q1_ns": 6797.0,
        "q3_ns": 6797.0
      },
      "futex_op_counts": {
        "128": 1
      },
      "first_seen_ts_ns": 1473946870687,
      "last_seen_ts_ns": 1473946870687
    },
    {
      "tgid": 32288,
      "comm": "xhpcg",
      "cgroup_id": 16059,
      "wait_duration_stats_ns": {
        "count": 1.0,
        "sum": 6793.0,
        "mean": 6793.0,
        "median": 6793.0,
        "min": 6793,
        "max": 6793,
        "variance_ns2": null,
        "iqr_ns": 0.0,
        "q1_ns": 6793.0,
        "q3_ns": 6793.0
      },
      "futex_op_counts": {
        "128": 1
      },
      "first_seen_ts_ns": 1455685803111,
      "last_seen_ts_ns": 1455685803111
    },
    {
      "tgid": 32155,
      "comm": "xhpcg",
      "cgroup_id": 16059,
      "wait_duration_stats_ns": {
        "count": 1.0,
        "sum": 6772.0,
        "mean": 6772.0,
        "median": 6772.0,
        "min": 6772,
        "max": 6772,
        "variance_ns2": null,
        "iqr_ns": 0.0,
        "q1_ns": 6772.0,
        "q3_ns": 6772.0
      },
      "futex_op_counts": {
        "128": 1
      },
      "first_seen_ts_ns": 1437662759122,
      "last_seen_ts_ns": 1437662759122
    },
    {
      "tgid": 32277,
      "comm": "xhpcg",
      "cgroup_id": 16059,
      "wait_duration_stats_ns": {
        "count": 1.0,
        "sum": 6743.0,
        "mean": 6743.0,
        "median": 6743.0,
        "min": 6743,
        "max": 6743,
        "variance_ns2": null,
        "iqr_ns": 0.0,
        "q1_ns": 6743.0,
        "q3_ns": 6743.0
      },
      "futex_op_counts": {
        "128": 1
      },
      "first_seen_ts_ns": 1455685808833,
      "last_seen_ts_ns": 1455685808833
    },
    {
      "tgid": 32413,
      "comm": "xhpcg",
      "cgroup_id": 16059,
      "wait_duration_stats_ns": {
        "count": 1.0,
        "sum": 6725.0,
        "mean": 6725.0,
        "median": 6725.0,
        "min": 6725,
        "max": 6725,
        "variance_ns2": null,
        "iqr_ns": 0.0,
        "q1_ns": 6725.0,
        "q3_ns": 6725.0
      },
      "futex_op_counts": {
        "128": 1
      },
      "first_seen_ts_ns": 1473946894446,
      "last_seen_ts_ns": 1473946894446
    },
    {
      "tgid": 32389,
      "comm": "xhpcg",
      "cgroup_id": 16059,
      "wait_duration_stats_ns": {
        "count": 1.0,
        "sum": 6684.0,
        "mean": 6684.0,
        "median": 6684.0,
        "min": 6684,
        "max": 6684,
        "variance_ns2": null,
        "iqr_ns": 0.0,
        "q1_ns": 6684.0,
        "q3_ns": 6684.0
      },
      "futex_op_counts": {
        "128": 1
      },
      "first_seen_ts_ns": 1473946860654,
      "last_seen_ts_ns": 1473946860654
    },
    {
      "tgid": 32407,
      "comm": "xhpcg",
      "cgroup_id": 16059,
      "wait_duration_stats_ns": {
        "count": 1.0,
        "sum": 6638.0,
        "mean": 6638.0,
        "median": 6638.0,
        "min": 6638,
        "max": 6638,
        "variance_ns2": null,
        "iqr_ns": 0.0,
        "q1_ns": 6638.0,
        "q3_ns": 6638.0
      },
      "futex_op_counts": {
        "128": 1
      },
      "first_seen_ts_ns": 1473946849669,
      "last_seen_ts_ns": 1473946849669
    },
    {
      "tgid": 32276,
      "comm": "xhpcg",
      "cgroup_id": 16059,
      "wait_duration_stats_ns": {
        "count": 1.0,
        "sum": 6599.0,
        "mean": 6599.0,
        "median": 6599.0,
        "min": 6599,
        "max": 6599,
        "variance_ns2": null,
        "iqr_ns": 0.0,
        "q1_ns": 6599.0,
        "q3_ns": 6599.0
      },
      "futex_op_counts": {
        "128": 1
      },
      "first_seen_ts_ns": 1455685805844,
      "last_seen_ts_ns": 1455685805844
    },
    {
      "tgid": 32297,
      "comm": "xhpcg",
      "cgroup_id": 16059,
      "wait_duration_stats_ns": {
        "count": 1.0,
        "sum": 6559.0,
        "mean": 6559.0,
        "median": 6559.0,
        "min": 6559,
        "max": 6559,
        "variance_ns2": null,
        "iqr_ns": 0.0,
        "q1_ns": 6559.0,
        "q3_ns": 6559.0
      },
      "futex_op_counts": {
        "128": 1
      },
      "first_seen_ts_ns": 1455685810632,
      "last_seen_ts_ns": 1455685810632
    },
    {
      "tgid": 32180,
      "comm": "xhpcg",
      "cgroup_id": 16059,
      "wait_duration_stats_ns": {
        "count": 1.0,
        "sum": 6525.0,
        "mean": 6525.0,
        "median": 6525.0,
        "min": 6525,
        "max": 6525,
        "variance_ns2": null,
        "iqr_ns": 0.0,
        "q1_ns": 6525.0,
        "q3_ns": 6525.0
      },
      "futex_op_counts": {
        "128": 1
      },
      "first_seen_ts_ns": 1437662758079,
      "last_seen_ts_ns": 1437662758079
    },
    {
      "tgid": 32174,
      "comm": "xhpcg",
      "cgroup_id": 16059,
      "wait_duration_stats_ns": {
        "count": 1.0,
        "sum": 6496.0,
        "mean": 6496.0,
        "median": 6496.0,
        "min": 6496,
        "max": 6496,
        "variance_ns2": null,
        "iqr_ns": 0.0,
        "q1_ns": 6496.0,
        "q3_ns": 6496.0
      },
      "futex_op_counts": {
        "128": 1
      },
      "first_seen_ts_ns": 1437662771490,
      "last_seen_ts_ns": 1437662771490
    },
    {
      "tgid": 32166,
      "comm": "xhpcg",
      "cgroup_id": 16059,
      "wait_duration_stats_ns": {
        "count": 1.0,
        "sum": 6465.0,
        "mean": 6465.0,
        "median": 6465.0,
        "min": 6465,
        "max": 6465,
        "variance_ns2": null,
        "iqr_ns": 0.0,
        "q1_ns": 6465.0,
        "q3_ns": 6465.0
      },
      "futex_op_counts": {
        "128": 1
      },
      "first_seen_ts_ns": 1437662759343,
      "last_seen_ts_ns": 1437662759343
    },
    {
      "tgid": 32395,
      "comm": "xhpcg",
      "cgroup_id": 16059,
      "wait_duration_stats_ns": {
        "count": 1.0,
        "sum": 6459.0,
        "mean": 6459.0,
        "median": 6459.0,
        "min": 6459,
        "max": 6459,
        "variance_ns2": null,
        "iqr_ns": 0.0,
        "q1_ns": 6459.0,
        "q3_ns": 6459.0
      },
      "futex_op_counts": {
        "128": 1
      },
      "first_seen_ts_ns": 1473946856785,
      "last_seen_ts_ns": 1473946856785
    },
    {
      "tgid": 32161,
      "comm": "xhpcg",
      "cgroup_id": 16059,
      "wait_duration_stats_ns": {
        "count": 1.0,
        "sum": 6433.0,
        "mean": 6433.0,
        "median": 6433.0,
        "min": 6433,
        "max": 6433,
        "variance_ns2": null,
        "iqr_ns": 0.0,
        "q1_ns": 6433.0,
        "q3_ns": 6433.0
      },
      "futex_op_counts": {
        "128": 1
      },
      "first_seen_ts_ns": 1437662324428,
      "last_seen_ts_ns": 1437662324428
    },
    {
      "tgid": 32397,
      "comm": "xhpcg",
      "cgroup_id": 16059,
      "wait_duration_stats_ns": {
        "count": 1.0,
        "sum": 6397.0,
        "mean": 6397.0,
        "median": 6397.0,
        "min": 6397,
        "max": 6397,
        "variance_ns2": null,
        "iqr_ns": 0.0,
        "q1_ns": 6397.0,
        "q3_ns": 6397.0
      },
      "futex_op_counts": {
        "128": 1
      },
      "first_seen_ts_ns": 1473946847359,
      "last_seen_ts_ns": 1473946847359
    },
    {
      "tgid": 32157,
      "comm": "xhpcg",
      "cgroup_id": 16059,
      "wait_duration_stats_ns": {
        "count": 1.0,
        "sum": 6302.0,
        "mean": 6302.0,
        "median": 6302.0,
        "min": 6302,
        "max": 6302,
        "variance_ns2": null,
        "iqr_ns": 0.0,
        "q1_ns": 6302.0,
        "q3_ns": 6302.0
      },
      "futex_op_counts": {
        "128": 1
      },
      "first_seen_ts_ns": 1437662770711,
      "last_seen_ts_ns": 1437662770711
    },
    {
      "tgid": 32399,
      "comm": "xhpcg",
      "cgroup_id": 16059,
      "wait_duration_stats_ns": {
        "count": 1.0,
        "sum": 6216.0,
        "mean": 6216.0,
        "median": 6216.0,
        "min": 6216,
        "max": 6216,
        "variance_ns2": null,
        "iqr_ns": 0.0,
        "q1_ns": 6216.0,
        "q3_ns": 6216.0
      },
      "futex_op_counts": {
        "128": 1
      },
      "first_seen_ts_ns": 1473946852606,
      "last_seen_ts_ns": 1473946852606
    },
    {
      "tgid": 32275,
      "comm": "xhpcg",
      "cgroup_id": 16059,
      "wait_duration_stats_ns": {
        "count": 1.0,
        "sum": 6211.0,
        "mean": 6211.0,
        "median": 6211.0,
        "min": 6211,
        "max": 6211,
        "variance_ns2": null,
        "iqr_ns": 0.0,
        "q1_ns": 6211.0,
        "q3_ns": 6211.0
      },
      "futex_op_counts": {
        "128": 1
      },
      "first_seen_ts_ns": 1455685813771,
      "last_seen_ts_ns": 1455685813771
    },
    {
      "tgid": 32172,
      "comm": "xhpcg",
      "cgroup_id": 16059,
      "wait_duration_stats_ns": {
        "count": 1.0,
        "sum": 5962.0,
        "mean": 5962.0,
        "median": 5962.0,
        "min": 5962,
        "max": 5962,
        "variance_ns2": null,
        "iqr_ns": 0.0,
        "q1_ns": 5962.0,
        "q3_ns": 5962.0
      },
      "futex_op_counts": {
        "128": 1
      },
      "first_seen_ts_ns": 1437662769916,
      "last_seen_ts_ns": 1437662769916
    },
    {
      "tgid": 32163,
      "comm": "xhpcg",
      "cgroup_id": 16059,
      "wait_duration_stats_ns": {
        "count": 1.0,
        "sum": 5936.0,
        "mean": 5936.0,
        "median": 5936.0,
        "min": 5936,
        "max": 5936,
        "variance_ns2": null,
        "iqr_ns": 0.0,
        "q1_ns": 5936.0,
        "q3_ns": 5936.0
      },
      "futex_op_counts": {
        "128": 1
      },
      "first_seen_ts_ns": 1437662758582,
      "last_seen_ts_ns": 1437662758582
    },
    {
      "tgid": 32401,
      "comm": "xhpcg",
      "cgroup_id": 16059,
      "wait_duration_stats_ns": {
        "count": 1.0,
        "sum": 5930.0,
        "mean": 5930.0,
        "median": 5930.0,
        "min": 5930,
        "max": 5930,
        "variance_ns2": null,
        "iqr_ns": 0.0,
        "q1_ns": 5930.0,
        "q3_ns": 5930.0
      },
      "futex_op_counts": {
        "128": 1
      },
      "first_seen_ts_ns": 1473946845550,
      "last_seen_ts_ns": 1473946845550
    },
    {
      "tgid": 32154,
      "comm": "xhpcg",
      "cgroup_id": 16059,
      "wait_duration_stats_ns": {
        "count": 1.0,
        "sum": 5839.0,
        "mean": 5839.0,
        "median": 5839.0,
        "min": 5839,
        "max": 5839,
        "variance_ns2": null,
        "iqr_ns": 0.0,
        "q1_ns": 5839.0,
        "q3_ns": 5839.0
      },
      "futex_op_counts": {
        "128": 1
      },
      "first_seen_ts_ns": 1437662765121,
      "last_seen_ts_ns": 1437662765121
    },
    {
      "tgid": 32390,
      "comm": "xhpcg",
      "cgroup_id": 16059,
      "wait_duration_stats_ns": {
        "count": 1.0,
        "sum": 5811.0,
        "mean": 5811.0,
        "median": 5811.0,
        "min": 5811,
        "max": 5811,
        "variance_ns2": null,
        "iqr_ns": 0.0,
        "q1_ns": 5811.0,
        "q3_ns": 5811.0
      },
      "futex_op_counts": {
        "128": 1
      },
      "first_seen_ts_ns": 1473946895276,
      "last_seen_ts_ns": 1473946895276
    },
    {
      "tgid": 32410,
      "comm": "xhpcg",
      "cgroup_id": 16059,
      "wait_duration_stats_ns": {
        "count": 1.0,
        "sum": 5770.0,
        "mean": 5770.0,
        "median": 5770.0,
        "min": 5770,
        "max": 5770,
        "variance_ns2": null,
        "iqr_ns": 0.0,
        "q1_ns": 5770.0,
        "q3_ns": 5770.0
      },
      "futex_op_counts": {
        "128": 1
      },
      "first_seen_ts_ns": 1473946885130,
      "last_seen_ts_ns": 1473946885130
    },
    {
      "tgid": 32392,
      "comm": "xhpcg",
      "cgroup_id": 16059,
      "wait_duration_stats_ns": {
        "count": 1.0,
        "sum": 5741.0,
        "mean": 5741.0,
        "median": 5741.0,
        "min": 5741,
        "max": 5741,
        "variance_ns2": null,
        "iqr_ns": 0.0,
        "q1_ns": 5741.0,
        "q3_ns": 5741.0
      },
      "futex_op_counts": {
        "128": 1
      },
      "first_seen_ts_ns": 1473946904419,
      "last_seen_ts_ns": 1473946904419
    },
    {
      "tgid": 32403,
      "comm": "xhpcg",
      "cgroup_id": 16059,
      "wait_duration_stats_ns": {
        "count": 1.0,
        "sum": 5655.0,
        "mean": 5655.0,
        "median": 5655.0,
        "min": 5655,
        "max": 5655,
        "variance_ns2": null,
        "iqr_ns": 0.0,
        "q1_ns": 5655.0,
        "q3_ns": 5655.0
      },
      "futex_op_counts": {
        "128": 1
      },
      "first_seen_ts_ns": 1473946872857,
      "last_seen_ts_ns": 1473946872857
    },
    {
      "tgid": 32168,
      "comm": "xhpcg",
      "cgroup_id": 16059,
      "wait_duration_stats_ns": {
        "count": 1.0,
        "sum": 5457.0,
        "mean": 5457.0,
        "median": 5457.0,
        "min": 5457,
        "max": 5457,
        "variance_ns2": null,
        "iqr_ns": 0.0,
        "q1_ns": 5457.0,
        "q3_ns": 5457.0
      },
      "futex_op_counts": {
        "128": 1
      },
      "first_seen_ts_ns": 1437662754276,
      "last_seen_ts_ns": 1437662754276
    }
  ]
}
[03:56:03] Cleanup complete.
