ln: failed to create symbolic link '/mnt/flux/view/lib/python': File exists
ln: failed to create symbolic link '/mnt/flux/view/lib/python3': File exists
unlimited
PROGRAM: futex
Looking for /opt/programs/futex/ebpf-collect.c
[14:26:49] Starting eBPF (Tracepoints for futex syscalls).
[14:26:51] BPF program loaded and tracepoints automatically attached.
[14:26:51] Start Indicator file defined '/mnt/flux/start_ebpf_collection'. Waiting.
[14:26:55] Start indicator found. Proceeding.
[14:26:55] Ring buffers opened. Polling for events...
[14:27:57] 
Indicator file '/mnt/flux/stop_ebpf_collection' found. Stopping.
[14:27:57] Cleaning up BPF resources...
{
  "final_aggregated_futex_summary_river": [
    {
      "tgid": 2220,
      "comm": "containerd",
      "cgroup_id": 4085,
      "wait_duration_stats_ns": {
        "count": 6545.0,
        "sum": 508891127384.00214,
        "mean": 77752655.06249078,
        "median": 1247190.226077849,
        "min": 443,
        "max": 21289165162,
        "variance_ns2": 4.52374419071815e+17,
        "iqr_ns": 73206269.01656953,
        "q1_ns": 129208.09535496842,
        "q3_ns": 73335477.1119245
      },
      "futex_op_counts": {
        "128": 6545
      },
      "first_seen_ts_ns": 5203889127240,
      "last_seen_ts_ns": 5269714319155
    },
    {
      "tgid": 2242,
      "comm": "kubelet",
      "cgroup_id": 4138,
      "wait_duration_stats_ns": {
        "count": 5780.0,
        "sum": 434376533948.9985,
        "mean": 75151649.47214507,
        "median": 17266762.613193255,
        "min": 468,
        "max": 33996152491,
        "variance_ns2": 6.802050709624006e+17,
        "iqr_ns": 33187871.74302149,
        "q1_ns": 2670206.0702347686,
        "q3_ns": 35858077.81325626
      },
      "futex_op_counts": {
        "128": 5780
      },
      "first_seen_ts_ns": 5203777921308,
      "last_seen_ts_ns": 5269790090894
    },
    {
      "tgid": 2338,
      "comm": "containerd-shim",
      "cgroup_id": 4085,
      "wait_duration_stats_ns": {
        "count": 623.0,
        "sum": 395081728580.9997,
        "mean": 634160077.9791328,
        "median": 323331.768064542,
        "min": 451,
        "max": 18030748779,
        "variance_ns2": 2.784627199420264e+18,
        "iqr_ns": 97047039.2482829,
        "q1_ns": 102725.8773416854,
        "q3_ns": 97149765.12562458
      },
      "futex_op_counts": {
        "128": 623
      },
      "first_seen_ts_ns": 5208244096943,
      "last_seen_ts_ns": 5268259344740
    },
    {
      "tgid": 3404,
      "comm": "coredns",
      "cgroup_id": 6033,
      "wait_duration_stats_ns": {
        "count": 413.0,
        "sum": 306482623161.99976,
        "mean": 742088675.9370455,
        "median": 416628896.473316,
        "min": 7056,
        "max": 54999716026,
        "variance_ns2": 9.879735892723393e+18,
        "iqr_ns": 896826272.1536136,
        "q1_ns": 77510657.17756937,
        "q3_ns": 974336929.331183
      },
      "futex_op_counts": {
        "128": 413
      },
      "first_seen_ts_ns": 5203835548683,
      "last_seen_ts_ns": 5268836490188
    },
    {
      "tgid": 94438,
      "comm": "containerd-shim",
      "cgroup_id": 4085,
      "wait_duration_stats_ns": {
        "count": 436.0,
        "sum": 305571183793.9997,
        "mean": 700851338.9770635,
        "median": 3286488.599083635,
        "min": 403,
        "max": 30058245562,
        "variance_ns2": 8.253390100009748e+18,
        "iqr_ns": 196803580.7669912,
        "q1_ns": 223436.87013875408,
        "q3_ns": 197027017.63712996
      },
      "futex_op_counts": {
        "128": 436
      },
      "first_seen_ts_ns": 5208164302727,
      "last_seen_ts_ns": 5269795379964
    },
    {
      "tgid": 2505,
      "comm": "kube-proxy",
      "cgroup_id": 5193,
      "wait_duration_stats_ns": {
        "count": 62.0,
        "sum": 300205347628.0,
        "mean": 4842021735.935484,
        "median": 1678734273.1369257,
        "min": 6342,
        "max": 59999723916,
        "variance_ns2": 1.0219066982271469e+20,
        "iqr_ns": 4574499589.101256,
        "q1_ns": 303449799.2389728,
        "q3_ns": 4877949388.340229
      },
      "futex_op_counts": {
        "128": 62
      },
      "first_seen_ts_ns": 5205233370118,
      "last_seen_ts_ns": 5265268429376
    },
    {
      "tgid": 3679,
      "comm": "metrics-server",
      "cgroup_id": 6285,
      "wait_duration_stats_ns": {
        "count": 1106.0,
        "sum": 284040211725.00024,
        "mean": 256817551.288427,
        "median": 88453489.70876126,
        "min": 2224,
        "max": 43329664065,
        "variance_ns2": 2.313730078455692e+18,
        "iqr_ns": 97423722.72474879,
        "q1_ns": 62898580.60879328,
        "q3_ns": 160322303.33354208
      },
      "futex_op_counts": {
        "128": 1106
      },
      "first_seen_ts_ns": 5204019524766,
      "last_seen_ts_ns": 5269643923155
    },
    {
      "tgid": 94302,
      "comm": "containerd-shim",
      "cgroup_id": 4085,
      "wait_duration_stats_ns": {
        "count": 64.0,
        "sum": 269769057765.0,
        "mean": 4215141527.578125,
        "median": 209887104.44301146,
        "min": 1010,
        "max": 29979971258,
        "variance_ns2": 6.0800131109757575e+19,
        "iqr_ns": 6661093651.399293,
        "q1_ns": 3010503.453820605,
        "q3_ns": 6664104154.853113
      },
      "futex_op_counts": {
        "128": 64
      },
      "first_seen_ts_ns": 5209060039624,
      "last_seen_ts_ns": 5269051573910
    },
    {
      "tgid": 3683,
      "comm": "metrics-server",
      "cgroup_id": 6369,
      "wait_duration_stats_ns": {
        "count": 1191.0,
        "sum": 262296443267.00012,
        "mean": 220232110.21578515,
        "median": 140586731.2008395,
        "min": 6736,
        "max": 19059622009,
        "variance_ns2": 7.179583192428637e+17,
        "iqr_ns": 128188849.6656377,
        "q1_ns": 78401569.06730998,
        "q3_ns": 206590418.73294768
      },
      "futex_op_counts": {
        "128": 1191
      },
      "first_seen_ts_ns": 5204018991059,
      "last_seen_ts_ns": 5269701422460
    },
    {
      "tgid": 3401,
      "comm": "coredns",
      "cgroup_id": 5949,
      "wait_duration_stats_ns": {
        "count": 406.0,
        "sum": 250803222016.9997,
        "mean": 617741926.1502455,
        "median": 390529437.42918265,
        "min": 7844,
        "max": 21639829298,
        "variance_ns2": 2.637631037259883e+18,
        "iqr_ns": 820154450.9713202,
        "q1_ns": 137386551.06266034,
        "q3_ns": 957541002.0339805
      },
      "futex_op_counts": {
        "128": 406
      },
      "first_seen_ts_ns": 5203832228687,
      "last_seen_ts_ns": 5268831991624
    },
    {
      "tgid": 6299,
      "comm": "kube-rbac-proxy",
      "cgroup_id": 6669,
      "wait_duration_stats_ns": {
        "count": 88.0,
        "sum": 249892045534.0001,
        "mean": 2839682335.6136374,
        "median": 3159171429.05514,
        "min": 73180,
        "max": 20001698608,
        "variance_ns2": 1.5376705480292563e+19,
        "iqr_ns": 4837425506.610915,
        "q1_ns": 205873725.8660249,
        "q3_ns": 5043299232.47694
      },
      "futex_op_counts": {
        "128": 88
      },
      "first_seen_ts_ns": 5211195558682,
      "last_seen_ts_ns": 5266195350031
    },
    {
      "tgid": 2763,
      "comm": "aws-k8s-agent",
      "cgroup_id": 5277,
      "wait_duration_stats_ns": {
        "count": 476.0,
        "sum": 247414091657.00015,
        "mean": 519777503.48109275,
        "median": 1364348.385844998,
        "min": 591,
        "max": 43622937914,
        "variance_ns2": 6.894215499260536e+18,
        "iqr_ns": 543730597.9278966,
        "q1_ns": 156615.57761577098,
        "q3_ns": 543887213.5055124
      },
      "futex_op_counts": {
        "128": 476
      },
      "first_seen_ts_ns": 5203903903633,
      "last_seen_ts_ns": 5269137591118
    },
    {
      "tgid": 2340,
      "comm": "containerd-shim",
      "cgroup_id": 4085,
      "wait_duration_stats_ns": {
        "count": 57.0,
        "sum": 214671364321.00006,
        "mean": 3766164286.3333344,
        "median": 624423727.7805429,
        "min": 517,
        "max": 29998547890,
        "variance_ns2": 5.202266128765017e+19,
        "iqr_ns": 5146046235.145951,
        "q1_ns": 13354110.855170155,
        "q3_ns": 5159400346.0011215
      },
      "futex_op_counts": {
        "128": 57
      },
      "first_seen_ts_ns": 5211298227203,
      "last_seen_ts_ns": 5262890340338
    },
    {
      "tgid": 3153,
      "comm": "containerd-shim",
      "cgroup_id": 4085,
      "wait_duration_stats_ns": {
        "count": 52.0,
        "sum": 210010452278.0,
        "mean": 4038662543.807692,
        "median": 280016910.2810566,
        "min": 6588,
        "max": 29990999209,
        "variance_ns2": 5.865962504755097e+19,
        "iqr_ns": 5723639047.150736,
        "q1_ns": 82437914.0668,
        "q3_ns": 5806076961.217536
      },
      "futex_op_counts": {
        "128": 52
      },
      "first_seen_ts_ns": 5211649578369,
      "last_seen_ts_ns": 5261443018897
    },
    {
      "tgid": 3332,
      "comm": "containerd-shim",
      "cgroup_id": 4085,
      "wait_duration_stats_ns": {
        "count": 52.0,
        "sum": 209142153126.0,
        "mean": 4021964483.192308,
        "median": 496970271.9766549,
        "min": 14473,
        "max": 29998807759,
        "variance_ns2": 5.2125486945878704e+19,
        "iqr_ns": 4525662537.329286,
        "q1_ns": 97942154.94507864,
        "q3_ns": 4623604692.274364
      },
      "futex_op_counts": {
        "128": 52
      },
      "first_seen_ts_ns": 5212557165414,
      "last_seen_ts_ns": 5261439378605
    },
    {
      "tgid": 6236,
      "comm": "containerd-shim",
      "cgroup_id": 4085,
      "wait_duration_stats_ns": {
        "count": 85.0,
        "sum": 203302970976.00003,
        "mean": 2391799658.541177,
        "median": 12684596.897381697,
        "min": 13357,
        "max": 30010724517,
        "variance_ns2": 3.577248476628891e+19,
        "iqr_ns": 783477001.6512953,
        "q1_ns": 2812563.49411737,
        "q3_ns": 786289565.1454127
      },
      "futex_op_counts": {
        "128": 85
      },
      "first_seen_ts_ns": 5211302101427,
      "last_seen_ts_ns": 5261870067712
    },
    {
      "tgid": 3600,
      "comm": "containerd-shim",
      "cgroup_id": 4085,
      "wait_duration_stats_ns": {
        "count": 51.0,
        "sum": 198069228085.0,
        "mean": 3883710354.607843,
        "median": 685360786.5513436,
        "min": 13735,
        "max": 29989008768,
        "variance_ns2": 4.672312937993302e+19,
        "iqr_ns": 5648979899.34142,
        "q1_ns": 146975045.45254606,
        "q3_ns": 5795954944.793966
      },
      "futex_op_counts": {
        "128": 51
      },
      "first_seen_ts_ns": 5213557621843,
      "last_seen_ts_ns": 5261440087644
    },
    {
      "tgid": 3150,
      "comm": "containerd-shim",
      "cgroup_id": 4085,
      "wait_duration_stats_ns": {
        "count": 47.0,
        "sum": 190211335007.0,
        "mean": 4047049681.0,
        "median": 346256884.96657276,
        "min": 14457,
        "max": 29999985489,
        "variance_ns2": 4.9727140157505e+19,
        "iqr_ns": 6702051270.785726,
        "q1_ns": 115391386.6928384,
        "q3_ns": 6817442657.478564
      },
      "futex_op_counts": {
        "128": 47
      },
      "first_seen_ts_ns": 5211648296280,
      "last_seen_ts_ns": 5261436780924
    },
    {
      "tgid": 6385,
      "comm": "manager",
      "cgroup_id": 6753,
      "wait_duration_stats_ns": {
        "count": 472.0,
        "sum": 187213367203.00018,
        "mean": 396638489.83686477,
        "median": 366734713.15808076,
        "min": 114353,
        "max": 6242002209,
        "variance_ns2": 4.626456566444614e+17,
        "iqr_ns": 455340650.9923934,
        "q1_ns": 40090222.63809612,
        "q3_ns": 495430873.63048947
      },
      "futex_op_counts": {
        "128": 472
      },
      "first_seen_ts_ns": 5204278216872,
      "last_seen_ts_ns": 5269778312411
    },
    {
      "tgid": 2288,
      "comm": "ssm-agent-worke",
      "cgroup_id": 3429,
      "wait_duration_stats_ns": {
        "count": 98.0,
        "sum": 186345728768.0,
        "mean": 1901487028.244898,
        "median": 982871148.7971596,
        "min": 2798,
        "max": 63508080418,
        "variance_ns2": 4.04518002651054e+19,
        "iqr_ns": 1859746147.7168608,
        "q1_ns": 306722693.5864801,
        "q3_ns": 2166468841.303341
      },
      "futex_op_counts": {
        "128": 98
      },
      "first_seen_ts_ns": 5204901215855,
      "last_seen_ts_ns": 5268620728145
    },
    {
      "tgid": 2890,
      "comm": "controller",
      "cgroup_id": 5361,
      "wait_duration_stats_ns": {
        "count": 263.0,
        "sum": 173932291650.0001,
        "mean": 661339511.9771867,
        "median": 489954245.8724294,
        "min": 19841320,
        "max": 10020107574,
        "variance_ns2": 1.7025248881047933e+18,
        "iqr_ns": 14981296.948027372,
        "q1_ns": 481820237.49928087,
        "q3_ns": 496801534.44730824
      },
      "futex_op_counts": {
        "128": 263
      },
      "first_seen_ts_ns": 5204478180186,
      "last_seen_ts_ns": 5269478560309
    },
    {
      "tgid": 2129,
      "comm": "amazon-ssm-agen",
      "cgroup_id": 3429,
      "wait_duration_stats_ns": {
        "count": 16.0,
        "sum": 4001479480.9999995,
        "mean": 250092467.56249997,
        "median": 79950027.07161458,
        "min": 6605,
        "max": 1000252035,
        "variance_ns2": 1.9968858486584045e+17,
        "iqr_ns": 191239478.19291922,
        "q1_ns": 65410.32875,
        "q3_ns": 191304888.52166924
      },
      "futex_op_counts": {
        "128": 16
      },
      "first_seen_ts_ns": 5257688745869,
      "last_seen_ts_ns": 5258702536497
    },
    {
      "tgid": 95227,
      "comm": "runc",
      "cgroup_id": 4085,
      "wait_duration_stats_ns": {
        "count": 322.0,
        "sum": 3371981742.0,
        "mean": 10471992.98757764,
        "median": 2931594.880624416,
        "min": 3651,
        "max": 417631296,
        "variance_ns2": 1478216171028680.2,
        "iqr_ns": 13801357.152174871,
        "q1_ns": 48580.63738798548,
        "q3_ns": 13849937.789562857
      },
      "futex_op_counts": {
        "128": 322
      },
      "first_seen_ts_ns": 5237182752638,
      "last_seen_ts_ns": 5237643339023
    },
    {
      "tgid": 95341,
      "comm": "runc",
      "cgroup_id": 4085,
      "wait_duration_stats_ns": {
        "count": 329.0,
        "sum": 2574378330.0000005,
        "mean": 7824858.145896657,
        "median": 1673212.1172514234,
        "min": 1691,
        "max": 370481825,
        "variance_ns2": 1341451661452241.2,
        "iqr_ns": 12051231.314140081,
        "q1_ns": 38808.99684337533,
        "q3_ns": 12090040.310983457
      },
      "futex_op_counts": {
        "128": 329
      },
      "first_seen_ts_ns": 5257190210592,
      "last_seen_ts_ns": 5257610803720
    },
    {
      "tgid": 95202,
      "comm": "runc",
      "cgroup_id": 4085,
      "wait_duration_stats_ns": {
        "count": 242.0,
        "sum": 2366363598.0,
        "mean": 9778361.975206612,
        "median": 390450.7805820763,
        "min": 5218,
        "max": 310508602,
        "variance_ns2": 1935300483888616.8,
        "iqr_ns": 19180071.685471658,
        "q1_ns": 30848.33748407118,
        "q3_ns": 19210920.02295573
      },
      "futex_op_counts": {
        "128": 242
      },
      "first_seen_ts_ns": 5230520039800,
      "last_seen_ts_ns": 5230910783869
    },
    {
      "tgid": 95317,
      "comm": "runc",
      "cgroup_id": 4085,
      "wait_duration_stats_ns": {
        "count": 227.0,
        "sum": 2307674545.9999995,
        "mean": 10165967.162995594,
        "median": 436360.5581529803,
        "min": 5128,
        "max": 300502298,
        "variance_ns2": 2010577621813054.5,
        "iqr_ns": 3658780.5631744224,
        "q1_ns": 49060.21593633818,
        "q3_ns": 3707840.7791107604
      },
      "futex_op_counts": {
        "128": 227
      },
      "first_seen_ts_ns": 5250500037937,
      "last_seen_ts_ns": 5250830789926
    },
    {
      "tgid": 95365,
      "comm": "runc",
      "cgroup_id": 4085,
      "wait_duration_stats_ns": {
        "count": 228.0,
        "sum": 2223761589.9999995,
        "mean": 9753340.307017542,
        "median": 1136718.2236842709,
        "min": 4332,
        "max": 347429189,
        "variance_ns2": 1692902807000493.5,
        "iqr_ns": 14219248.109677548,
        "q1_ns": 39957.91461502368,
        "q3_ns": 14259206.024292571
      },
      "futex_op_counts": {
        "128": 228
      },
      "first_seen_ts_ns": 5260500217503,
      "last_seen_ts_ns": 5260877710623
    },
    {
      "tgid": 95295,
      "comm": "runc",
      "cgroup_id": 4085,
      "wait_duration_stats_ns": {
        "count": 232.0,
        "sum": 1962885387.0,
        "mean": 8460712.875,
        "median": 1808153.9480539996,
        "min": 5136,
        "max": 250329163,
        "variance_ns2": 1031774435380675.1,
        "iqr_ns": 5226919.047272835,
        "q1_ns": 59914.131259418114,
        "q3_ns": 5286833.178532253
      },
      "futex_op_counts": {
        "128": 232
      },
      "first_seen_ts_ns": 5247190043032,
      "last_seen_ts_ns": 5247500701424
    },
    {
      "tgid": 95088,
      "comm": "runc",
      "cgroup_id": 4085,
      "wait_duration_stats_ns": {
        "count": 231.0,
        "sum": 1577908869.0,
        "mean": 6830774.324675324,
        "median": 181245.7387994741,
        "min": 6097,
        "max": 210389014,
        "variance_ns2": 716822120242350.9,
        "iqr_ns": 2604070.5217028153,
        "q1_ns": 49079.08675389514,
        "q3_ns": 2653149.6084567104
      },
      "futex_op_counts": {
        "128": 231
      },
      "first_seen_ts_ns": 5210480053897,
      "last_seen_ts_ns": 5210720597243
    },
    {
      "tgid": 95177,
      "comm": "runc",
      "cgroup_id": 4085,
      "wait_duration_stats_ns": {
        "count": 183.0,
        "sum": 1566792470.9999998,
        "mean": 8561707.491803277,
        "median": 1258805.8191274337,
        "min": 3914,
        "max": 270472582,
        "variance_ns2": 1188323742220831.8,
        "iqr_ns": 14347176.888149375,
        "q1_ns": 121894.84864609971,
        "q3_ns": 14469071.736795476
      },
      "futex_op_counts": {
        "128": 183
      },
      "first_seen_ts_ns": 5227190045272,
      "last_seen_ts_ns": 5227493350728
    },
    {
      "tgid": 95251,
      "comm": "runc",
      "cgroup_id": 4085,
      "wait_duration_stats_ns": {
        "count": 229.0,
        "sum": 1534217817.0000002,
        "mean": 6699641.122270743,
        "median": 1367925.2183630834,
        "min": 5145,
        "max": 206788183,
        "variance_ns2": 612806502711545.6,
        "iqr_ns": 9321480.147954697,
        "q1_ns": 50410.93310383046,
        "q3_ns": 9371891.081058526
      },
      "futex_op_counts": {
        "128": 229
      },
      "first_seen_ts_ns": 5240510043994,
      "last_seen_ts_ns": 5240770043993
    },
    {
      "tgid": 95110,
      "comm": "runc",
      "cgroup_id": 4085,
      "wait_duration_stats_ns": {
        "count": 225.0,
        "sum": 1287995583.0,
        "mean": 5724424.8133333335,
        "median": 251154.45565188918,
        "min": 5128,
        "max": 180513093,
        "variance_ns2": 705318637369259.9,
        "iqr_ns": 1571183.9772976714,
        "q1_ns": 34519.09242013529,
        "q3_ns": 1605703.0697178068
      },
      "futex_op_counts": {
        "128": 225
      },
      "first_seen_ts_ns": 5217180036847,
      "last_seen_ts_ns": 5217380806889
    },
    {
      "tgid": 95186,
      "comm": "runc:[2:INIT]",
      "cgroup_id": 5277,
      "wait_duration_stats_ns": {
        "count": 23.0,
        "sum": 1086856542.0,
        "mean": 47254632.26086957,
        "median": 20629474.014203545,
        "min": 21046,
        "max": 188543760,
        "variance_ns2": 4424331105041715.5,
        "iqr_ns": 49005748.0227454,
        "q1_ns": 5085234.183069444,
        "q3_ns": 54090982.205814846
      },
      "futex_op_counts": {
        "128": 23
      },
      "first_seen_ts_ns": 5227270036567,
      "last_seen_ts_ns": 5227510106181
    },
    {
      "tgid": 95133,
      "comm": "runc",
      "cgroup_id": 4085,
      "wait_duration_stats_ns": {
        "count": 236.0,
        "sum": 983978967.0,
        "mean": 4169402.4025423727,
        "median": 250450.80802947958,
        "min": 5325,
        "max": 137285052,
        "variance_ns2": 264948897388587.28,
        "iqr_ns": 2509371.1450533927,
        "q1_ns": 35617.69174844557,
        "q3_ns": 2544988.836801838
      },
      "futex_op_counts": {
        "128": 236
      },
      "first_seen_ts_ns": 5220476561905,
      "last_seen_ts_ns": 5220627494020
    },
    {
      "tgid": 95213,
      "comm": "runc:[2:INIT]",
      "cgroup_id": 5277,
      "wait_duration_stats_ns": {
        "count": 26.0,
        "sum": 932930687.0,
        "mean": 35881949.5,
        "median": 18713447.54064431,
        "min": 8474192,
        "max": 159870856,
        "variance_ns2": 1955014834541409.5,
        "iqr_ns": 17510432.769734673,
        "q1_ns": 15733582.869430864,
        "q3_ns": 33244015.63916554
      },
      "futex_op_counts": {
        "128": 26
      },
      "first_seen_ts_ns": 5230720051084,
      "last_seen_ts_ns": 5230920032551
    },
    {
      "tgid": 95329,
      "comm": "runc:[2:INIT]",
      "cgroup_id": 5277,
      "wait_duration_stats_ns": {
        "count": 19.0,
        "sum": 880949608.9999999,
        "mean": 46365768.894736834,
        "median": 15926348.679488648,
        "min": 8788696,
        "max": 148718886,
        "variance_ns2": 2845179492096959.5,
        "iqr_ns": 58229525.09265065,
        "q1_ns": 11837639.05941358,
        "q3_ns": 70067164.15206423
      },
      "futex_op_counts": {
        "128": 19
      },
      "first_seen_ts_ns": 5250640075283,
      "last_seen_ts_ns": 5250832524511
    },
    {
      "tgid": 95239,
      "comm": "runc:[2:INIT]",
      "cgroup_id": 5277,
      "wait_duration_stats_ns": {
        "count": 24.0,
        "sum": 790916690.0,
        "mean": 32954862.083333332,
        "median": 11944890.849360751,
        "min": 27298,
        "max": 140082564,
        "variance_ns2": 1823099148787558.2,
        "iqr_ns": 40549310.03833533,
        "q1_ns": 6097875.806581726,
        "q3_ns": 46647185.84491706
      },
      "futex_op_counts": {
        "128": 24
      },
      "first_seen_ts_ns": 5237500038894,
      "last_seen_ts_ns": 5237660033924
    },
    {
      "tgid": 95352,
      "comm": "runc:[2:INIT]",
      "cgroup_id": 5277,
      "wait_duration_stats_ns": {
        "count": 25.0,
        "sum": 785684198.0,
        "mean": 31427367.92,
        "median": 21949168.17117323,
        "min": 2248,
        "max": 120060710,
        "variance_ns2": 717447181489519.9,
        "iqr_ns": 20031229.073840037,
        "q1_ns": 16134009.327605402,
        "q3_ns": 36165238.40144544
      },
      "futex_op_counts": {
        "128": 25
      },
      "first_seen_ts_ns": 5257420039445,
      "last_seen_ts_ns": 5257630023285
    },
    {
      "tgid": 95375,
      "comm": "runc:[2:INIT]",
      "cgroup_id": 5277,
      "wait_duration_stats_ns": {
        "count": 24.0,
        "sum": 780173607.0000002,
        "mean": 32507233.625000007,
        "median": 18909970.890500266,
        "min": 16286,
        "max": 161865524,
        "variance_ns2": 2047090375590228.8,
        "iqr_ns": 24962402.586309776,
        "q1_ns": 10156035.502666667,
        "q3_ns": 35118438.08897644
      },
      "futex_op_counts": {
        "128": 24
      },
      "first_seen_ts_ns": 5260685738593,
      "last_seen_ts_ns": 5260890079838
    },
    {
      "tgid": 95306,
      "comm": "runc:[2:INIT]",
      "cgroup_id": 5277,
      "wait_duration_stats_ns": {
        "count": 20.0,
        "sum": 690659351.0000001,
        "mean": 34532967.550000004,
        "median": 14450938.635384686,
        "min": 16377,
        "max": 148486439,
        "variance_ns2": 2086028631318433.2,
        "iqr_ns": 54231816.797153614,
        "q1_ns": 1627649.2642726875,
        "q3_ns": 55859466.061426304
      },
      "futex_op_counts": {
        "128": 20
      },
      "first_seen_ts_ns": 5247330041003,
      "last_seen_ts_ns": 5247520037721
    },
    {
      "tgid": 95099,
      "comm": "runc:[2:INIT]",
      "cgroup_id": 5277,
      "wait_duration_stats_ns": {
        "count": 22.0,
        "sum": 687697234.0,
        "mean": 31258965.181818184,
        "median": 23387399.63380099,
        "min": 63654,
        "max": 102046840,
        "variance_ns2": 820245444747938.5,
        "iqr_ns": 24609529.467760395,
        "q1_ns": 22523455.509463187,
        "q3_ns": 47132984.97722358
      },
      "futex_op_counts": {
        "128": 22
      },
      "first_seen_ts_ns": 5210581631594,
      "last_seen_ts_ns": 5210740079833
    },
    {
      "tgid": 95121,
      "comm": "runc:[2:INIT]",
      "cgroup_id": 5277,
      "wait_duration_stats_ns": {
        "count": 21.0,
        "sum": 651276739.0000001,
        "mean": 31013178.047619052,
        "median": 12384524.121475045,
        "min": 25878,
        "max": 112718590,
        "variance_ns2": 1645964229904157.2,
        "iqr_ns": 20132828.30095946,
        "q1_ns": 8759504.122511968,
        "q3_ns": 28892332.42347143
      },
      "futex_op_counts": {
        "128": 21
      },
      "first_seen_ts_ns": 5217260051653,
      "last_seen_ts_ns": 5217400037383
    },
    {
      "tgid": 95261,
      "comm": "runc:[2:INIT]",
      "cgroup_id": 5277,
      "wait_duration_stats_ns": {
        "count": 23.0,
        "sum": 579663671.0,
        "mean": 25202768.304347824,
        "median": 20646417.18917843,
        "min": 16959,
        "max": 91239510,
        "variance_ns2": 437897893384392.6,
        "iqr_ns": 17756361.873863243,
        "q1_ns": 16694242.88683107,
        "q3_ns": 34450604.76069431
      },
      "futex_op_counts": {
        "128": 23
      },
      "first_seen_ts_ns": 5240615837871,
      "last_seen_ts_ns": 5240780033821
    },
    {
      "tgid": 95144,
      "comm": "runc:[2:INIT]",
      "cgroup_id": 5277,
      "wait_duration_stats_ns": {
        "count": 23.0,
        "sum": 485045975.99999994,
        "mean": 21088955.478260867,
        "median": 10467731.784233738,
        "min": 60422,
        "max": 97298731,
        "variance_ns2": 875970840511472.0,
        "iqr_ns": 22665417.718279243,
        "q1_ns": 3656004.631569416,
        "q3_ns": 26321422.349848658
      },
      "futex_op_counts": {
        "128": 23
      },
      "first_seen_ts_ns": 5220523262635,
      "last_seen_ts_ns": 5220630177951
    },
    {
      "tgid": 95595,
      "comm": "runc",
      "cgroup_id": 4085,
      "wait_duration_stats_ns": {
        "count": 408.0,
        "sum": 475671500.0000001,
        "mean": 1165861.5196078434,
        "median": 73141.21069017934,
        "min": 2158,
        "max": 80268103,
        "variance_ns2": 75847708083781.34,
        "iqr_ns": 270772.98532434605,
        "q1_ns": 25353.154498466753,
        "q3_ns": 296126.1398228128
      },
      "futex_op_counts": {
        "128": 408
      },
      "first_seen_ts_ns": 5267170244466,
      "last_seen_ts_ns": 5267253581411
    },
    {
      "tgid": 95605,
      "comm": "runc:[2:INIT]",
      "cgroup_id": 5277,
      "wait_duration_stats_ns": {
        "count": 22.0,
        "sum": 364677770.0,
        "mean": 16576262.272727273,
        "median": 1720109.248711111,
        "min": 23491,
        "max": 73322067,
        "variance_ns2": 939784280642552.8,
        "iqr_ns": 29903133.655183762,
        "q1_ns": 100657.5,
        "q3_ns": 30003791.155183762
      },
      "futex_op_counts": {
        "128": 22
      },
      "first_seen_ts_ns": 5267179708020,
      "last_seen_ts_ns": 5267253504309
    },
    {
      "tgid": 95239,
      "comm": "grpc-health-pro",
      "cgroup_id": 5277,
      "wait_duration_stats_ns": {
        "count": 15.0,
        "sum": 300922688.0,
        "mean": 20061512.53333333,
        "median": 13696514.091666665,
        "min": 15532,
        "max": 52868365,
        "variance_ns2": 313444475428142.56,
        "iqr_ns": 12791835.662882373,
        "q1_ns": 10835149.251358025,
        "q3_ns": 23626984.914240398
      },
      "futex_op_counts": {
        "128": 15
      },
      "first_seen_ts_ns": 5237690052252,
      "last_seen_ts_ns": 5237750126585
    },
    {
      "tgid": 95099,
      "comm": "grpc-health-pro",
      "cgroup_id": 5277,
      "wait_duration_stats_ns": {
        "count": 14.0,
        "sum": 226140936.0,
        "mean": 16152924.0,
        "median": 13190532.593619792,
        "min": 1519673,
        "max": 39993820,
        "variance_ns2": 158079805167807.56,
        "iqr_ns": 7687410.29795729,
        "q1_ns": 11245499.766666666,
        "q3_ns": 18932910.064623956
      },
      "futex_op_counts": {
        "128": 14
      },
      "first_seen_ts_ns": 5210760035226,
      "last_seen_ts_ns": 5210810038336
    },
    {
      "tgid": 95144,
      "comm": "grpc-health-pro",
      "cgroup_id": 5277,
      "wait_duration_stats_ns": {
        "count": 16.0,
        "sum": 214702664.0,
        "mean": 13418916.5,
        "median": 9899576.623148147,
        "min": 373309,
        "max": 30620701,
        "variance_ns2": 87145960449408.0,
        "iqr_ns": 14980528.078325614,
        "q1_ns": 5201604.2525,
        "q3_ns": 20182132.330825616
      },
      "futex_op_counts": {
        "128": 16
      },
      "first_seen_ts_ns": 5220660195588,
      "last_seen_ts_ns": 5220720046399
    },
    {
      "tgid": 95329,
      "comm": "grpc-health-pro",
      "cgroup_id": 5277,
      "wait_duration_stats_ns": {
        "count": 13.0,
        "sum": 211024792.0,
        "mean": 16232676.307692308,
        "median": 14149626.03375,
        "min": 960751,
        "max": 39786712,
        "variance_ns2": 151340044749391.1,
        "iqr_ns": 9770059.346388888,
        "q1_ns": 7822755.099444444,
        "q3_ns": 17592814.445833333
      },
      "futex_op_counts": {
        "128": 13
      },
      "first_seen_ts_ns": 5250836294975,
      "last_seen_ts_ns": 5250890036601
    },
    {
      "tgid": 95186,
      "comm": "grpc-health-pro",
      "cgroup_id": 5277,
      "wait_duration_stats_ns": {
        "count": 13.0,
        "sum": 156410229.0,
        "mean": 12031556.076923076,
        "median": 10187849.6215873,
        "min": 1274788,
        "max": 19930287,
        "variance_ns2": 27997198646652.574,
        "iqr_ns": 1890211.8615618255,
        "q1_ns": 9151402.840819128,
        "q3_ns": 11041614.702380953
      },
      "futex_op_counts": {
        "128": 13
      },
      "first_seen_ts_ns": 5227540041409,
      "last_seen_ts_ns": 5227580052060
    },
    {
      "tgid": 95352,
      "comm": "grpc-health-pro",
      "cgroup_id": 5277,
      "wait_duration_stats_ns": {
        "count": 12.0,
        "sum": 153252289.00000003,
        "mean": 12771024.083333336,
        "median": 10930900.822222222,
        "min": 216193,
        "max": 19979903,
        "variance_ns2": 39641375554971.9,
        "iqr_ns": 4464878.618055556,
        "q1_ns": 8777927.0,
        "q3_ns": 13242805.618055556
      },
      "futex_op_counts": {
        "128": 12
      },
      "first_seen_ts_ns": 5257650054001,
      "last_seen_ts_ns": 5257690054740
    },
    {
      "tgid": 95306,
      "comm": "grpc-health-pro",
      "cgroup_id": 5277,
      "wait_duration_stats_ns": {
        "count": 11.0,
        "sum": 116012229.0,
        "mean": 10546566.272727273,
        "median": 10957818.450000001,
        "min": 3594,
        "max": 19943587,
        "variance_ns2": 47005560035054.2,
        "iqr_ns": 7358140.09375,
        "q1_ns": 5762239.71875,
        "q3_ns": 13120379.8125
      },
      "futex_op_counts": {
        "128": 11
      },
      "first_seen_ts_ns": 5247550045014,
      "last_seen_ts_ns": 5247580094816
    },
    {
      "tgid": 95121,
      "comm": "grpc-health-pro",
      "cgroup_id": 5277,
      "wait_duration_stats_ns": {
        "count": 14.0,
        "sum": 101828733.0,
        "mean": 7273480.928571428,
        "median": 9815781.561904762,
        "min": 645681,
        "max": 11182573,
        "variance_ns2": 13948966374040.377,
        "iqr_ns": 3858655.682086518,
        "q1_ns": 5762761.74314129,
        "q3_ns": 9621417.425227808
      },
      "futex_op_counts": {
        "128": 14
      },
      "first_seen_ts_ns": 5217420039872,
      "last_seen_ts_ns": 5217442561020
    },
    {
      "tgid": 95261,
      "comm": "grpc-health-pro",
      "cgroup_id": 5277,
      "wait_duration_stats_ns": {
        "count": 13.0,
        "sum": 95582600.0,
        "mean": 7352507.692307692,
        "median": 5036683.607447916,
        "min": 10248,
        "max": 18377639,
        "variance_ns2": 44627328485223.06,
        "iqr_ns": 11074526.262798926,
        "q1_ns": 766607.2672222223,
        "q3_ns": 11841133.530021148
      },
      "futex_op_counts": {
        "128": 13
      },
      "first_seen_ts_ns": 5240800036369,
      "last_seen_ts_ns": 5240820076496
    },
    {
      "tgid": 95375,
      "comm": "grpc-health-pro",
      "cgroup_id": 5277,
      "wait_duration_stats_ns": {
        "count": 10.0,
        "sum": 82686958.0,
        "mean": 8268695.8,
        "median": 7434636.583333334,
        "min": 334943,
        "max": 19916847,
        "variance_ns2": 43967646206382.625,
        "iqr_ns": 9889758.934722222,
        "q1_ns": 2980422.277777778,
        "q3_ns": 12870181.2125
      },
      "futex_op_counts": {
        "128": 10
      },
      "first_seen_ts_ns": 5260920044489,
      "last_seen_ts_ns": 5260940029239
    },
    {
      "tgid": 95213,
      "comm": "grpc-health-pro",
      "cgroup_id": 5277,
      "wait_duration_stats_ns": {
        "count": 10.0,
        "sum": 31790976.999999996,
        "mean": 3179097.6999999997,
        "median": 4745032.055555556,
        "min": 8271,
        "max": 5913360,
        "variance_ns2": 3484596018746.0107,
        "iqr_ns": 1899372.527777778,
        "q1_ns": 2989730.0,
        "q3_ns": 4889102.527777778
      },
      "futex_op_counts": {
        "128": 10
      },
      "first_seen_ts_ns": 5230925699394,
      "last_seen_ts_ns": 5230935046700
    },
    {
      "tgid": 95605,
      "comm": "grpc-health-pro",
      "cgroup_id": 5277,
      "wait_duration_stats_ns": {
        "count": 33.0,
        "sum": 11993732.0,
        "mean": 363446.42424242425,
        "median": 139891.02460262435,
        "min": 1231,
        "max": 1821582,
        "variance_ns2": 295503150537.87695,
        "iqr_ns": 274892.21190792066,
        "q1_ns": 65073.71698351721,
        "q3_ns": 339965.9288914379
      },
      "futex_op_counts": {
        "128": 33
      },
      "first_seen_ts_ns": 5267255506688,
      "last_seen_ts_ns": 5267258648316
    },
    {
      "tgid": 94944,
      "comm": "flux-broker-0",
      "cgroup_id": 49232,
      "wait_duration_stats_ns": {
        "count": 18.0,
        "sum": 193946.00000000003,
        "mean": 10774.77777777778,
        "median": 3693.4281250000004,
        "min": 1928,
        "max": 66378,
        "variance_ns2": 261097818.7712418,
        "iqr_ns": 14058.887862413196,
        "q1_ns": 2396.0121375868057,
        "q3_ns": 16454.9
      },
      "futex_op_counts": {
        "128": 18
      },
      "first_seen_ts_ns": 5208714372334,
      "last_seen_ts_ns": 5269790781111
    },
    {
      "tgid": 95075,
      "comm": "xhpcg",
      "cgroup_id": 49232,
      "wait_duration_stats_ns": {
        "count": 1.0,
        "sum": 11848.0,
        "mean": 11848.0,
        "median": 11848.0,
        "min": 11848,
        "max": 11848,
        "variance_ns2": null,
        "iqr_ns": 0.0,
        "q1_ns": 11848.0,
        "q3_ns": 11848.0
      },
      "futex_op_counts": {
        "128": 1
      },
      "first_seen_ts_ns": 5225832645176,
      "last_seen_ts_ns": 5225832645176
    },
    {
      "tgid": 95078,
      "comm": "xhpcg",
      "cgroup_id": 49232,
      "wait_duration_stats_ns": {
        "count": 1.0,
        "sum": 11774.0,
        "mean": 11774.0,
        "median": 11774.0,
        "min": 11774,
        "max": 11774,
        "variance_ns2": null,
        "iqr_ns": 0.0,
        "q1_ns": 11774.0,
        "q3_ns": 11774.0
      },
      "futex_op_counts": {
        "128": 1
      },
      "first_seen_ts_ns": 5225832642936,
      "last_seen_ts_ns": 5225832642936
    },
    {
      "tgid": 95167,
      "comm": "xhpcg",
      "cgroup_id": 49232,
      "wait_duration_stats_ns": {
        "count": 1.0,
        "sum": 10092.0,
        "mean": 10092.0,
        "median": 10092.0,
        "min": 10092,
        "max": 10092,
        "variance_ns2": null,
        "iqr_ns": 0.0,
        "q1_ns": 10092.0,
        "q3_ns": 10092.0
      },
      "futex_op_counts": {
        "128": 1
      },
      "first_seen_ts_ns": 5244215920838,
      "last_seen_ts_ns": 5244215920838
    },
    {
      "tgid": 95079,
      "comm": "xhpcg",
      "cgroup_id": 49232,
      "wait_duration_stats_ns": {
        "count": 1.0,
        "sum": 9977.0,
        "mean": 9977.0,
        "median": 9977.0,
        "min": 9977,
        "max": 9977,
        "variance_ns2": null,
        "iqr_ns": 0.0,
        "q1_ns": 9977.0,
        "q3_ns": 9977.0
      },
      "futex_op_counts": {
        "128": 1
      },
      "first_seen_ts_ns": 5225831586917,
      "last_seen_ts_ns": 5225831586917
    },
    {
      "tgid": 95281,
      "comm": "xhpcg",
      "cgroup_id": 49232,
      "wait_duration_stats_ns": {
        "count": 1.0,
        "sum": 9928.0,
        "mean": 9928.0,
        "median": 9928.0,
        "min": 9928,
        "max": 9928,
        "variance_ns2": null,
        "iqr_ns": 0.0,
        "q1_ns": 9928.0,
        "q3_ns": 9928.0
      },
      "futex_op_counts": {
        "128": 1
      },
      "first_seen_ts_ns": 5263020408537,
      "last_seen_ts_ns": 5263020408537
    },
    {
      "tgid": 95162,
      "comm": "xhpcg",
      "cgroup_id": 49232,
      "wait_duration_stats_ns": {
        "count": 1.0,
        "sum": 9870.0,
        "mean": 9870.0,
        "median": 9870.0,
        "min": 9870,
        "max": 9870,
        "variance_ns2": null,
        "iqr_ns": 0.0,
        "q1_ns": 9870.0,
        "q3_ns": 9870.0
      },
      "futex_op_counts": {
        "128": 1
      },
      "first_seen_ts_ns": 5244216313929,
      "last_seen_ts_ns": 5244216313929
    },
    {
      "tgid": 95172,
      "comm": "xhpcg",
      "cgroup_id": 49232,
      "wait_duration_stats_ns": {
        "count": 1.0,
        "sum": 9583.0,
        "mean": 9583.0,
        "median": 9583.0,
        "min": 9583,
        "max": 9583,
        "variance_ns2": null,
        "iqr_ns": 0.0,
        "q1_ns": 9583.0,
        "q3_ns": 9583.0
      },
      "futex_op_counts": {
        "128": 1
      },
      "first_seen_ts_ns": 5244216312928,
      "last_seen_ts_ns": 5244216312928
    },
    {
      "tgid": 95074,
      "comm": "xhpcg",
      "cgroup_id": 49232,
      "wait_duration_stats_ns": {
        "count": 1.0,
        "sum": 9386.0,
        "mean": 9386.0,
        "median": 9386.0,
        "min": 9386,
        "max": 9386,
        "variance_ns2": null,
        "iqr_ns": 0.0,
        "q1_ns": 9386.0,
        "q3_ns": 9386.0
      },
      "futex_op_counts": {
        "128": 1
      },
      "first_seen_ts_ns": 5225832079830,
      "last_seen_ts_ns": 5225832079830
    },
    {
      "tgid": 95164,
      "comm": "xhpcg",
      "cgroup_id": 49232,
      "wait_duration_stats_ns": {
        "count": 1.0,
        "sum": 9288.0,
        "mean": 9288.0,
        "median": 9288.0,
        "min": 9288,
        "max": 9288,
        "variance_ns2": null,
        "iqr_ns": 0.0,
        "q1_ns": 9288.0,
        "q3_ns": 9288.0
      },
      "futex_op_counts": {
        "128": 1
      },
      "first_seen_ts_ns": 5244215944534,
      "last_seen_ts_ns": 5244215944534
    },
    {
      "tgid": 95071,
      "comm": "xhpcg",
      "cgroup_id": 49232,
      "wait_duration_stats_ns": {
        "count": 1.0,
        "sum": 9239.0,
        "mean": 9239.0,
        "median": 9239.0,
        "min": 9239,
        "max": 9239,
        "variance_ns2": null,
        "iqr_ns": 0.0,
        "q1_ns": 9239.0,
        "q3_ns": 9239.0
      },
      "futex_op_counts": {
        "128": 1
      },
      "first_seen_ts_ns": 5225832085032,
      "last_seen_ts_ns": 5225832085032
    },
    {
      "tgid": 95165,
      "comm": "xhpcg",
      "cgroup_id": 49232,
      "wait_duration_stats_ns": {
        "count": 1.0,
        "sum": 8894.0,
        "mean": 8894.0,
        "median": 8894.0,
        "min": 8894,
        "max": 8894,
        "variance_ns2": null,
        "iqr_ns": 0.0,
        "q1_ns": 8894.0,
        "q3_ns": 8894.0
      },
      "futex_op_counts": {
        "128": 1
      },
      "first_seen_ts_ns": 5244216307300,
      "last_seen_ts_ns": 5244216307300
    },
    {
      "tgid": 95163,
      "comm": "xhpcg",
      "cgroup_id": 49232,
      "wait_duration_stats_ns": {
        "count": 1.0,
        "sum": 8779.0,
        "mean": 8779.0,
        "median": 8779.0,
        "min": 8779,
        "max": 8779,
        "variance_ns2": null,
        "iqr_ns": 0.0,
        "q1_ns": 8779.0,
        "q3_ns": 8779.0
      },
      "futex_op_counts": {
        "128": 1
      },
      "first_seen_ts_ns": 5244215943287,
      "last_seen_ts_ns": 5244215943287
    },
    {
      "tgid": 95161,
      "comm": "xhpcg",
      "cgroup_id": 49232,
      "wait_duration_stats_ns": {
        "count": 1.0,
        "sum": 8755.0,
        "mean": 8755.0,
        "median": 8755.0,
        "min": 8755,
        "max": 8755,
        "variance_ns2": null,
        "iqr_ns": 0.0,
        "q1_ns": 8755.0,
        "q3_ns": 8755.0
      },
      "futex_op_counts": {
        "128": 1
      },
      "first_seen_ts_ns": 5244215934122,
      "last_seen_ts_ns": 5244215934122
    },
    {
      "tgid": 95084,
      "comm": "xhpcg",
      "cgroup_id": 49232,
      "wait_duration_stats_ns": {
        "count": 1.0,
        "sum": 8738.0,
        "mean": 8738.0,
        "median": 8738.0,
        "min": 8738,
        "max": 8738,
        "variance_ns2": null,
        "iqr_ns": 0.0,
        "q1_ns": 8738.0,
        "q3_ns": 8738.0
      },
      "futex_op_counts": {
        "128": 1
      },
      "first_seen_ts_ns": 5225832092876,
      "last_seen_ts_ns": 5225832092876
    },
    {
      "tgid": 95072,
      "comm": "xhpcg",
      "cgroup_id": 49232,
      "wait_duration_stats_ns": {
        "count": 1.0,
        "sum": 8574.0,
        "mean": 8574.0,
        "median": 8574.0,
        "min": 8574,
        "max": 8574,
        "variance_ns2": null,
        "iqr_ns": 0.0,
        "q1_ns": 8574.0,
        "q3_ns": 8574.0
      },
      "futex_op_counts": {
        "128": 1
      },
      "first_seen_ts_ns": 5225832073906,
      "last_seen_ts_ns": 5225832073906
    },
    {
      "tgid": 95279,
      "comm": "xhpcg",
      "cgroup_id": 49232,
      "wait_duration_stats_ns": {
        "count": 1.0,
        "sum": 8500.0,
        "mean": 8500.0,
        "median": 8500.0,
        "min": 8500,
        "max": 8500,
        "variance_ns2": null,
        "iqr_ns": 0.0,
        "q1_ns": 8500.0,
        "q3_ns": 8500.0
      },
      "futex_op_counts": {
        "128": 1
      },
      "first_seen_ts_ns": 5263020410842,
      "last_seen_ts_ns": 5263020410842
    },
    {
      "tgid": 95170,
      "comm": "xhpcg",
      "cgroup_id": 49232,
      "wait_duration_stats_ns": {
        "count": 1.0,
        "sum": 8385.0,
        "mean": 8385.0,
        "median": 8385.0,
        "min": 8385,
        "max": 8385,
        "variance_ns2": null,
        "iqr_ns": 0.0,
        "q1_ns": 8385.0,
        "q3_ns": 8385.0
      },
      "futex_op_counts": {
        "128": 1
      },
      "first_seen_ts_ns": 5244216316448,
      "last_seen_ts_ns": 5244216316448
    },
    {
      "tgid": 95283,
      "comm": "xhpcg",
      "cgroup_id": 49232,
      "wait_duration_stats_ns": {
        "count": 1.0,
        "sum": 8336.0,
        "mean": 8336.0,
        "median": 8336.0,
        "min": 8336,
        "max": 8336,
        "variance_ns2": null,
        "iqr_ns": 0.0,
        "q1_ns": 8336.0,
        "q3_ns": 8336.0
      },
      "futex_op_counts": {
        "128": 1
      },
      "first_seen_ts_ns": 5263020410719,
      "last_seen_ts_ns": 5263020410719
    },
    {
      "tgid": 95290,
      "comm": "xhpcg",
      "cgroup_id": 49232,
      "wait_duration_stats_ns": {
        "count": 1.0,
        "sum": 8057.0,
        "mean": 8057.0,
        "median": 8057.0,
        "min": 8057,
        "max": 8057,
        "variance_ns2": null,
        "iqr_ns": 0.0,
        "q1_ns": 8057.0,
        "q3_ns": 8057.0
      },
      "futex_op_counts": {
        "128": 1
      },
      "first_seen_ts_ns": 5263020410539,
      "last_seen_ts_ns": 5263020410539
    },
    {
      "tgid": 95287,
      "comm": "xhpcg",
      "cgroup_id": 49232,
      "wait_duration_stats_ns": {
        "count": 1.0,
        "sum": 8016.0,
        "mean": 8016.0,
        "median": 8016.0,
        "min": 8016,
        "max": 8016,
        "variance_ns2": null,
        "iqr_ns": 0.0,
        "q1_ns": 8016.0,
        "q3_ns": 8016.0
      },
      "futex_op_counts": {
        "128": 1
      },
      "first_seen_ts_ns": 5263020421320,
      "last_seen_ts_ns": 5263020421320
    },
    {
      "tgid": 95285,
      "comm": "xhpcg",
      "cgroup_id": 49232,
      "wait_duration_stats_ns": {
        "count": 1.0,
        "sum": 8016.0,
        "mean": 8016.0,
        "median": 8016.0,
        "min": 8016,
        "max": 8016,
        "variance_ns2": null,
        "iqr_ns": 0.0,
        "q1_ns": 8016.0,
        "q3_ns": 8016.0
      },
      "futex_op_counts": {
        "128": 1
      },
      "first_seen_ts_ns": 5263020436647,
      "last_seen_ts_ns": 5263020436647
    },
    {
      "tgid": 95280,
      "comm": "xhpcg",
      "cgroup_id": 49232,
      "wait_duration_stats_ns": {
        "count": 1.0,
        "sum": 7885.0,
        "mean": 7885.0,
        "median": 7885.0,
        "min": 7885,
        "max": 7885,
        "variance_ns2": null,
        "iqr_ns": 0.0,
        "q1_ns": 7885.0,
        "q3_ns": 7885.0
      },
      "futex_op_counts": {
        "128": 1
      },
      "first_seen_ts_ns": 5263020442965,
      "last_seen_ts_ns": 5263020442965
    },
    {
      "tgid": 95080,
      "comm": "xhpcg",
      "cgroup_id": 49232,
      "wait_duration_stats_ns": {
        "count": 1.0,
        "sum": 7712.0,
        "mean": 7712.0,
        "median": 7712.0,
        "min": 7712,
        "max": 7712,
        "variance_ns2": null,
        "iqr_ns": 0.0,
        "q1_ns": 7712.0,
        "q3_ns": 7712.0
      },
      "futex_op_counts": {
        "128": 1
      },
      "first_seen_ts_ns": 5225832100178,
      "last_seen_ts_ns": 5225832100178
    },
    {
      "tgid": 95282,
      "comm": "xhpcg",
      "cgroup_id": 49232,
      "wait_duration_stats_ns": {
        "count": 1.0,
        "sum": 7516.0,
        "mean": 7516.0,
        "median": 7516.0,
        "min": 7516,
        "max": 7516,
        "variance_ns2": null,
        "iqr_ns": 0.0,
        "q1_ns": 7516.0,
        "q3_ns": 7516.0
      },
      "futex_op_counts": {
        "128": 1
      },
      "first_seen_ts_ns": 5263020454353,
      "last_seen_ts_ns": 5263020454353
    },
    {
      "tgid": 1959,
      "comm": "auditd",
      "cgroup_id": 2439,
      "wait_duration_stats_ns": {
        "count": 1.0,
        "sum": 6023.0,
        "mean": 6023.0,
        "median": 6023.0,
        "min": 6023,
        "max": 6023,
        "variance_ns2": null,
        "iqr_ns": 0.0,
        "q1_ns": 6023.0,
        "q3_ns": 6023.0
      },
      "futex_op_counts": {
        "128": 1
      },
      "first_seen_ts_ns": 5208971337297,
      "last_seen_ts_ns": 5208971337297
    },
    {
      "tgid": 94944,
      "comm": "ZMQbg/Reaper",
      "cgroup_id": 49232,
      "wait_duration_stats_ns": {
        "count": 2.0,
        "sum": 5144.0,
        "mean": 2572.0,
        "median": 2781.0,
        "min": 2363,
        "max": 2781,
        "variance_ns2": 87362.0,
        "iqr_ns": 418.0,
        "q1_ns": 2363.0,
        "q3_ns": 2781.0
      },
      "futex_op_counts": {
        "128": 2
      },
      "first_seen_ts_ns": 5269644048256,
      "last_seen_ts_ns": 5269656848280
    }
  ]
}
[14:27:57] Cleanup complete.
