unlimited
PROGRAM: cpu
Looking for /opt/programs/cpu/ebpf-collect.c
[01:36:22] Waiting for start indicator file: '/mnt/flux/start_ebpf_collection'.
[01:36:23] Start indicator found. Proceeding with monitoring.
[01:36:23] Initializing eBPF for CPU Scheduling monitoring...
[01:36:23] BPF C code compiled and loaded.
[01:36:23] Attached tracepoints.
[01:36:23] Monitoring CPU scheduling events (polling aggregated map)... Press Ctrl+C to stop.
[01:37:18] Stop indicator file '/mnt/flux/stop_ebpf_collection' found. Stopping.
[01:37:18] Initiating cleanup sequence...
{
  "final_aggregated_summary_river": [
    {
      "tgid": 250,
      "comm": "python3",
      "cgroup_id": 44487,
      "on_cpu_stats_ns": {
        "count": 174.0,
        "sum_ns": 23171010.399463583,
        "mean_ns": 133166.72643369876,
        "median_ns": 53946.67596689408,
        "min_ns": 3960.6521739130435,
        "max_ns": 1218477.3333333333,
        "variance_ns2": 41874921393.012566,
        "iqr_ns": 168754.45316781374,
        "q1_ns": 13698.72609198152,
        "q3_ns": 182453.17925979526
      },
      "runq_latency_stats_ns": {
        "count": 175.0,
        "sum_ns": 8097146.540596652,
        "mean_ns": 46269.40880340944,
        "median_ns": 8779.302855327456,
        "min_ns": 383.23636363636365,
        "max_ns": 1138789.6666666667,
        "variance_ns2": 15359286007.848015,
        "iqr_ns": 36468.64583656754,
        "q1_ns": 4032.5840893402665,
        "q3_ns": 40501.229925907806
      },
      "first_seen_ts_ns": 1749864983683097623,
      "last_seen_ts_ns": 1749865038288467928,
      "duration_active_s": 54.605370305
    },
    {
      "tgid": 202,
      "comm": "python3",
      "cgroup_id": 44417,
      "on_cpu_stats_ns": {
        "count": 238.0,
        "sum_ns": 7842720.953333336,
        "mean_ns": 32952.60904761906,
        "median_ns": 19929.485007093717,
        "min_ns": 3695.1666666666665,
        "max_ns": 393137.0,
        "variance_ns2": 2794768457.1537056,
        "iqr_ns": 12434.228732687083,
        "q1_ns": 14084.597255857901,
        "q3_ns": 26518.825988544984
      },
      "runq_latency_stats_ns": {
        "count": 238.0,
        "sum_ns": 2727142.635,
        "mean_ns": 11458.582499999999,
        "median_ns": 11633.07244329826,
        "min_ns": 766.0,
        "max_ns": 98727.0,
        "variance_ns2": 106527658.9269317,
        "iqr_ns": 15241.011364341182,
        "q1_ns": 3365.6692980467483,
        "q3_ns": 18606.68066238793
      },
      "first_seen_ts_ns": 1749864983683097623,
      "last_seen_ts_ns": 1749865038288467928,
      "duration_active_s": 54.605370305
    },
    {
      "tgid": 143,
      "comm": "flux-broker-0",
      "cgroup_id": 44557,
      "on_cpu_stats_ns": {
        "count": 121.0,
        "sum_ns": 2927418.606666665,
        "mean_ns": 24193.542203856738,
        "median_ns": 18180.090334291977,
        "min_ns": 3323.7083333333335,
        "max_ns": 164765.0,
        "variance_ns2": 716009462.8680322,
        "iqr_ns": 12177.88439166578,
        "q1_ns": 13396.666384308663,
        "q3_ns": 25574.550775974443
      },
      "runq_latency_stats_ns": {
        "count": 121.0,
        "sum_ns": 2119801.45,
        "mean_ns": 17519.020247933888,
        "median_ns": 12061.517604984054,
        "min_ns": 836.0,
        "max_ns": 812683.0,
        "variance_ns2": 5384323281.11304,
        "iqr_ns": 16337.764587198462,
        "q1_ns": 3391.139652818119,
        "q3_ns": 19728.90424001658
      },
      "first_seen_ts_ns": 1749864983683097623,
      "last_seen_ts_ns": 1749865035073801712,
      "duration_active_s": 51.390704089
    },
    {
      "tgid": 322,
      "comm": "xhpcg",
      "cgroup_id": 44557,
      "on_cpu_stats_ns": {
        "count": 53.0,
        "sum_ns": 664822.7634920634,
        "mean_ns": 12543.825726265346,
        "median_ns": 12263.888487082471,
        "min_ns": 4906.0,
        "max_ns": 29558.0,
        "variance_ns2": 19144620.15393123,
        "iqr_ns": 3757.2472893616978,
        "q1_ns": 9645.232469465349,
        "q3_ns": 13402.479758827047
      },
      "runq_latency_stats_ns": {
        "count": 53.0,
        "sum_ns": 290861.0442460317,
        "mean_ns": 5487.944231057202,
        "median_ns": 5309.519509313751,
        "min_ns": 1701.1666666666667,
        "max_ns": 18706.733333333334,
        "variance_ns2": 6343015.549514221,
        "iqr_ns": 2542.2599014879297,
        "q1_ns": 4190.2238865739055,
        "q3_ns": 6732.483788061835
      },
      "first_seen_ts_ns": 1749864985503806654,
      "last_seen_ts_ns": 1749864998718733108,
      "duration_active_s": 13.214926454
    },
    {
      "tgid": 309,
      "comm": "xhpcg",
      "cgroup_id": 44557,
      "on_cpu_stats_ns": {
        "count": 34.0,
        "sum_ns": 543689.0,
        "mean_ns": 15990.85294117647,
        "median_ns": 14482.293114748309,
        "min_ns": 6516.0,
        "max_ns": 33839.0,
        "variance_ns2": 31683602.55347593,
        "iqr_ns": 4660.219158920019,
        "q1_ns": 12984.856908102454,
        "q3_ns": 17645.076067022474
      },
      "runq_latency_stats_ns": {
        "count": 34.0,
        "sum_ns": 282728.99999999994,
        "mean_ns": 8315.55882352941,
        "median_ns": 5077.292230222325,
        "min_ns": 1506.0,
        "max_ns": 84942.0,
        "variance_ns2": 209364536.61764702,
        "iqr_ns": 1296.1719287255514,
        "q1_ns": 4044.95100611061,
        "q3_ns": 5341.122934836161
      },
      "first_seen_ts_ns": 1749864984092585782,
      "last_seen_ts_ns": 1749865001451308910,
      "duration_active_s": 17.358723128
    },
    {
      "tgid": 31,
      "comm": "bash",
      "cgroup_id": 44417,
      "on_cpu_stats_ns": {
        "count": 11.0,
        "sum_ns": 465849.99999999994,
        "mean_ns": 42349.99999999999,
        "median_ns": 27076.166666666664,
        "min_ns": 8543.0,
        "max_ns": 125786.0,
        "variance_ns2": 1572980228.15,
        "iqr_ns": 66787.99716049382,
        "q1_ns": 12882.6425,
        "q3_ns": 79670.63966049382
      },
      "runq_latency_stats_ns": {
        "count": 11.0,
        "sum_ns": 156690.0,
        "mean_ns": 14244.545454545454,
        "median_ns": 9075.5,
        "min_ns": 644.0,
        "max_ns": 36934.0,
        "variance_ns2": 195875408.62272727,
        "iqr_ns": 15406.333333333332,
        "q1_ns": 3622.0,
        "q3_ns": 19028.333333333332
      },
      "first_seen_ts_ns": 1749864988433826985,
      "last_seen_ts_ns": 1749865035556713781,
      "duration_active_s": 47.122886796
    },
    {
      "tgid": 1,
      "comm": "pause",
      "cgroup_id": 44207,
      "on_cpu_stats_ns": {
        "count": 2.0,
        "sum_ns": 395191.1111111111,
        "mean_ns": 197595.55555555556,
        "median_ns": 207096.0,
        "min_ns": 188095.11111111112,
        "max_ns": 207096.0,
        "variance_ns2": 180516889.28395036,
        "iqr_ns": 19000.888888888876,
        "q1_ns": 188095.11111111112,
        "q3_ns": 207096.0
      },
      "runq_latency_stats_ns": {
        "count": 2.0,
        "sum_ns": 10535.777777777777,
        "mean_ns": 5267.888888888889,
        "median_ns": 5608.0,
        "min_ns": 4927.777777777777,
        "max_ns": 5608.0,
        "variance_ns2": 231351.13580246942,
        "iqr_ns": 680.2222222222226,
        "q1_ns": 4927.777777777777,
        "q3_ns": 5608.0
      },
      "first_seen_ts_ns": 1749864995863805923,
      "last_seen_ts_ns": 1749865038288467928,
      "duration_active_s": 42.424662005
    },
    {
      "tgid": 65,
      "comm": "bash",
      "cgroup_id": 44557,
      "on_cpu_stats_ns": {
        "count": 18.0,
        "sum_ns": 251103.8676923077,
        "mean_ns": 13950.214871794871,
        "median_ns": 15473.07740842491,
        "min_ns": 4544.0,
        "max_ns": 21722.0,
        "variance_ns2": 32465523.58889328,
        "iqr_ns": 8832.673662796227,
        "q1_ns": 10388.854421768709,
        "q3_ns": 19221.528084564936
      },
      "runq_latency_stats_ns": {
        "count": 18.0,
        "sum_ns": 186075.63846153842,
        "mean_ns": 10337.535470085468,
        "median_ns": 13401.722222222223,
        "min_ns": 1105.48,
        "max_ns": 18409.0,
        "variance_ns2": 38586850.27306438,
        "iqr_ns": 11102.908740740739,
        "q1_ns": 4201.702370370371,
        "q3_ns": 15304.61111111111
      },
      "first_seen_ts_ns": 1749864983683097623,
      "last_seen_ts_ns": 1749865035376079443,
      "duration_active_s": 51.69298182
    }
  ]
}
[01:37:18] Cleanup complete. Exiting.
