ln: failed to create symbolic link '/mnt/flux/view/lib/python': File exists
ln: failed to create symbolic link '/mnt/flux/view/lib/python3': File exists
unlimited
PROGRAM: futex
Looking for /opt/programs/futex/ebpf-collect.c
[05:20:25] Starting eBPF (Tracepoints for futex syscalls).
[05:20:26] BPF program loaded and tracepoints automatically attached.
[05:20:26] Start Indicator file defined '/mnt/flux/start_ebpf_collection'. Waiting.
[05:20:30] Start indicator found. Proceeding.
[05:20:30] Ring buffers opened. Polling for events...
[05:21:26] 
Indicator file '/mnt/flux/stop_ebpf_collection' found. Stopping.
[05:21:26] Cleaning up BPF resources...
{
  "final_aggregated_futex_summary_river": [
    {
      "tgid": 9200,
      "comm": "containerd",
      "cgroup_id": 4085,
      "wait_duration_stats_ns": {
        "count": 5863.0,
        "sum": 1537318266327.999,
        "mean": 262206765.5343679,
        "median": 5148546.631376836,
        "min": 770,
        "max": 10114451769,
        "variance_ns2": 1.7832764431975158e+18,
        "iqr_ns": 90920540.41881274,
        "q1_ns": 63237.26426057872,
        "q3_ns": 90983777.68307331
      },
      "futex_op_counts": {
        "128": 5863
      },
      "first_seen_ts_ns": 3697596702204,
      "last_seen_ts_ns": 3757639645242
    },
    {
      "tgid": 9248,
      "comm": "kubelet",
      "cgroup_id": 4138,
      "wait_duration_stats_ns": {
        "count": 6154.0,
        "sum": 1507202393901.0024,
        "mean": 244914266.15225908,
        "median": 13629322.348108683,
        "min": 830,
        "max": 47465556577,
        "variance_ns2": 3.8662810828707405e+18,
        "iqr_ns": 34916566.40463673,
        "q1_ns": 777342.2510765076,
        "q3_ns": 35693908.65571324
      },
      "futex_op_counts": {
        "128": 6154
      },
      "first_seen_ts_ns": 3697594909245,
      "last_seen_ts_ns": 3757824260603
    },
    {
      "tgid": 9357,
      "comm": "containerd-shim",
      "cgroup_id": 4085,
      "wait_duration_stats_ns": {
        "count": 908.0,
        "sum": 365254737857.99994,
        "mean": 402262927.15638757,
        "median": 422538.52539167413,
        "min": 870,
        "max": 8685528799,
        "variance_ns2": 2.16935731865171e+18,
        "iqr_ns": 7761783.127847149,
        "q1_ns": 42501.12960515087,
        "q3_ns": 7804284.2574523
      },
      "futex_op_counts": {
        "128": 908
      },
      "first_seen_ts_ns": 3703958558702,
      "last_seen_ts_ns": 3756779172878
    },
    {
      "tgid": 11055,
      "comm": "metrics-server",
      "cgroup_id": 5426,
      "wait_duration_stats_ns": {
        "count": 1216.0,
        "sum": 293414106421.0,
        "mean": 241294495.4120066,
        "median": 124155897.42567128,
        "min": 869,
        "max": 33810061352,
        "variance_ns2": 1.7197808264963272e+18,
        "iqr_ns": 161426987.0812787,
        "q1_ns": 47254177.84642913,
        "q3_ns": 208681164.92770785
      },
      "futex_op_counts": {
        "128": 1216
      },
      "first_seen_ts_ns": 3697752816009,
      "last_seen_ts_ns": 3757813301123
    },
    {
      "tgid": 12421,
      "comm": "coredns",
      "cgroup_id": 5916,
      "wait_duration_stats_ns": {
        "count": 561.0,
        "sum": 282590695847.0001,
        "mean": 503726730.5650626,
        "median": 212589001.0165892,
        "min": 1180,
        "max": 9988647082,
        "variance_ns2": 7.678132613793299e+17,
        "iqr_ns": 983506431.6355438,
        "q1_ns": 400379.3234735665,
        "q3_ns": 983906810.9590174
      },
      "futex_op_counts": {
        "128": 561
      },
      "first_seen_ts_ns": 3697652254506,
      "last_seen_ts_ns": 3757652711121
    },
    {
      "tgid": 12354,
      "comm": "coredns",
      "cgroup_id": 5776,
      "wait_duration_stats_ns": {
        "count": 575.0,
        "sum": 281501252735.0001,
        "mean": 489567396.06086975,
        "median": 266781980.67598435,
        "min": 920,
        "max": 11010923845,
        "variance_ns2": 7.241333609504477e+17,
        "iqr_ns": 862665403.1417536,
        "q1_ns": 84810.7978947846,
        "q3_ns": 862750213.9396484
      },
      "futex_op_counts": {
        "128": 575
      },
      "first_seen_ts_ns": 3697585208835,
      "last_seen_ts_ns": 3757585147869
    },
    {
      "tgid": 100982,
      "comm": "containerd-shim",
      "cgroup_id": 4085,
      "wait_duration_stats_ns": {
        "count": 201.0,
        "sum": 242175582353.00018,
        "mean": 1204853643.5472646,
        "median": 15063583.950956661,
        "min": 670,
        "max": 23641628751,
        "variance_ns2": 1.163198893710846e+19,
        "iqr_ns": 228907913.70947853,
        "q1_ns": 2501396.248346756,
        "q3_ns": 231409309.95782527
      },
      "futex_op_counts": {
        "128": 201
      },
      "first_seen_ts_ns": 3702304723181,
      "last_seen_ts_ns": 3757834371660
    },
    {
      "tgid": 11063,
      "comm": "metrics-server",
      "cgroup_id": 5496,
      "wait_duration_stats_ns": {
        "count": 1220.0,
        "sum": 225962513691.0001,
        "mean": 185215175.15655744,
        "median": 132913904.09400281,
        "min": 1040,
        "max": 9950367219,
        "variance_ns2": 2.3580698363682838e+17,
        "iqr_ns": 129278700.93190691,
        "q1_ns": 54964181.34615057,
        "q3_ns": 184242882.2780575
      },
      "futex_op_counts": {
        "128": 1220
      },
      "first_seen_ts_ns": 3697810088968,
      "last_seen_ts_ns": 3757810765783
    },
    {
      "tgid": 9823,
      "comm": "aws-k8s-agent",
      "cgroup_id": 5006,
      "wait_duration_stats_ns": {
        "count": 356.0,
        "sum": 222878570512.00003,
        "mean": 626063400.3146068,
        "median": 966039.0831518285,
        "min": 1090,
        "max": 20855459043,
        "variance_ns2": 3.077386140113473e+18,
        "iqr_ns": 833095630.8339411,
        "q1_ns": 84055.65984155894,
        "q3_ns": 833179686.4937826
      },
      "futex_op_counts": {
        "128": 356
      },
      "first_seen_ts_ns": 3702254317075,
      "last_seen_ts_ns": 3757423037726
    },
    {
      "tgid": 13699,
      "comm": "manager",
      "cgroup_id": 6244,
      "wait_duration_stats_ns": {
        "count": 556.0,
        "sum": 203486008436.00006,
        "mean": 365982029.5611512,
        "median": 194426868.11790094,
        "min": 2889,
        "max": 18431188328,
        "variance_ns2": 9.363035180233988e+17,
        "iqr_ns": 493584463.6545614,
        "q1_ns": 6249942.941490176,
        "q3_ns": 499834406.5960516
      },
      "futex_op_counts": {
        "128": 556
      },
      "first_seen_ts_ns": 3697858551990,
      "last_seen_ts_ns": 3757816616593
    },
    {
      "tgid": 9526,
      "comm": "kube-proxy",
      "cgroup_id": 4866,
      "wait_duration_stats_ns": {
        "count": 61.0,
        "sum": 202751220047.00003,
        "mean": 3323790492.573771,
        "median": 1813169206.7751703,
        "min": 245876,
        "max": 29983356247,
        "variance_ns2": 4.106874131700274e+19,
        "iqr_ns": 3830682816.7566457,
        "q1_ns": 109308109.03160661,
        "q3_ns": 3939990925.7882524
      },
      "futex_op_counts": {
        "128": 61
      },
      "first_seen_ts_ns": 3704325271277,
      "last_seen_ts_ns": 3754326222305
    },
    {
      "tgid": 10895,
      "comm": "containerd-shim",
      "cgroup_id": 4085,
      "wait_duration_stats_ns": {
        "count": 61.0,
        "sum": 194869491368.00006,
        "mean": 3194581825.704919,
        "median": 2079226483.7007575,
        "min": 1211,
        "max": 30001880458,
        "variance_ns2": 3.3157155617262186e+19,
        "iqr_ns": 4105542939.2929006,
        "q1_ns": 35045821.06980328,
        "q3_ns": 4140588760.362704
      },
      "futex_op_counts": {
        "128": 61
      },
      "first_seen_ts_ns": 3708822235323,
      "last_seen_ts_ns": 3756010145074
    },
    {
      "tgid": 100525,
      "comm": "containerd-shim",
      "cgroup_id": 4085,
      "wait_duration_stats_ns": {
        "count": 95.0,
        "sum": 191362819673.99997,
        "mean": 2014345470.2526312,
        "median": 318681433.7387869,
        "min": 800,
        "max": 26451839731,
        "variance_ns2": 1.4780714654220208e+19,
        "iqr_ns": 3104708713.4138327,
        "q1_ns": 25051728.297729995,
        "q3_ns": 3129760441.7115626
      },
      "futex_op_counts": {
        "128": 95
      },
      "first_seen_ts_ns": 3702208340450,
      "last_seen_ts_ns": 3756005545520
    },
    {
      "tgid": 10899,
      "comm": "containerd-shim",
      "cgroup_id": 4085,
      "wait_duration_stats_ns": {
        "count": 66.0,
        "sum": 180735068654.00003,
        "mean": 2738410131.1212125,
        "median": 1586090691.8717566,
        "min": 980,
        "max": 29997987263,
        "variance_ns2": 2.2568152283397374e+19,
        "iqr_ns": 4478045014.673632,
        "q1_ns": 29509032.49510803,
        "q3_ns": 4507554047.168739
      },
      "futex_op_counts": {
        "128": 66
      },
      "first_seen_ts_ns": 3708816771607,
      "last_seen_ts_ns": 3756004771800
    },
    {
      "tgid": 12333,
      "comm": "containerd-shim",
      "cgroup_id": 4085,
      "wait_duration_stats_ns": {
        "count": 75.0,
        "sum": 180485370086.0,
        "mean": 2406471601.1466665,
        "median": 683115525.7519892,
        "min": 710,
        "max": 29580276572,
        "variance_ns2": 2.156613878920108e+19,
        "iqr_ns": 4499912119.151589,
        "q1_ns": 2086045.8186737127,
        "q3_ns": 4501998164.9702635
      },
      "futex_op_counts": {
        "128": 75
      },
      "first_seen_ts_ns": 3708812621056,
      "last_seen_ts_ns": 3756004122662
    },
    {
      "tgid": 9359,
      "comm": "containerd-shim",
      "cgroup_id": 4085,
      "wait_duration_stats_ns": {
        "count": 71.0,
        "sum": 179481216813.99994,
        "mean": 2527904462.169013,
        "median": 395430400.8218545,
        "min": 731,
        "max": 29995470063,
        "variance_ns2": 2.3425595433819873e+19,
        "iqr_ns": 2745590401.3936315,
        "q1_ns": 17372889.398873806,
        "q3_ns": 2762963290.7925053
      },
      "futex_op_counts": {
        "128": 71
      },
      "first_seen_ts_ns": 3707012930711,
      "last_seen_ts_ns": 3756007418851
    },
    {
      "tgid": 11568,
      "comm": "containerd-shim",
      "cgroup_id": 4085,
      "wait_duration_stats_ns": {
        "count": 65.0,
        "sum": 177579722466.99997,
        "mean": 2731995730.261538,
        "median": 707573614.68315,
        "min": 1440,
        "max": 29999474767,
        "variance_ns2": 2.4383485131027902e+19,
        "iqr_ns": 3960045672.296392,
        "q1_ns": 10647356.686500456,
        "q3_ns": 3970693028.9828925
      },
      "futex_op_counts": {
        "128": 65
      },
      "first_seen_ts_ns": 3708821690479,
      "last_seen_ts_ns": 3756010765321
    },
    {
      "tgid": 13515,
      "comm": "containerd-shim",
      "cgroup_id": 4085,
      "wait_duration_stats_ns": {
        "count": 116.0,
        "sum": 176670053351.9999,
        "mean": 1523017701.310344,
        "median": 48054385.10145106,
        "min": 3550,
        "max": 29993092674,
        "variance_ns2": 1.384909525450472e+19,
        "iqr_ns": 1612347258.9688933,
        "q1_ns": 509897.3634979195,
        "q3_ns": 1612857156.3323913
      },
      "futex_op_counts": {
        "128": 116
      },
      "first_seen_ts_ns": 3708820658341,
      "last_seen_ts_ns": 3756009586529
    },
    {
      "tgid": 9961,
      "comm": "controller",
      "cgroup_id": 5076,
      "wait_duration_stats_ns": {
        "count": 246.0,
        "sum": 165055295913.00003,
        "mean": 670956487.4512197,
        "median": 499622224.1778064,
        "min": 472213,
        "max": 10000596614,
        "variance_ns2": 1.6271833538721078e+18,
        "iqr_ns": 9967379.686576903,
        "q1_ns": 489776817.2147711,
        "q3_ns": 499744196.901348
      },
      "futex_op_counts": {
        "128": 246
      },
      "first_seen_ts_ns": 3698205946556,
      "last_seen_ts_ns": 3757706310520
    },
    {
      "tgid": 13578,
      "comm": "kube-rbac-proxy",
      "cgroup_id": 6174,
      "wait_duration_stats_ns": {
        "count": 32.0,
        "sum": 164993569724.0,
        "mean": 5156049053.875,
        "median": 4999897444.9742565,
        "min": 4989624687,
        "max": 9999176817,
        "variance_ns2": 7.810612526545947e+17,
        "iqr_ns": 1245536.3998451233,
        "q1_ns": 4999421678.528317,
        "q3_ns": 5000667214.928163
      },
      "futex_op_counts": {
        "128": 32
      },
      "first_seen_ts_ns": 3703904996073,
      "last_seen_ts_ns": 3753905178631
    },
    {
      "tgid": 9236,
      "comm": "ssm-agent-worke",
      "cgroup_id": 3429,
      "wait_duration_stats_ns": {
        "count": 99.0,
        "sum": 152654362262.00006,
        "mean": 1541963255.171718,
        "median": 1182876193.4355435,
        "min": 7960,
        "max": 21337100021,
        "variance_ns2": 7.531779116686988e+18,
        "iqr_ns": 1634817435.760962,
        "q1_ns": 355760372.9219295,
        "q3_ns": 1990577808.6828914
      },
      "futex_op_counts": {
        "128": 99
      },
      "first_seen_ts_ns": 3699027239195,
      "last_seen_ts_ns": 3756540585794
    },
    {
      "tgid": 101727,
      "comm": "xhpcg",
      "cgroup_id": 34353,
      "wait_duration_stats_ns": {
        "count": 1332.0,
        "sum": 39328911386.00001,
        "mean": 29526209.749249253,
        "median": 2655736.424610214,
        "min": 43282,
        "max": 34702625343,
        "variance_ns2": 9.039376480842682e+17,
        "iqr_ns": 630607.1173799657,
        "q1_ns": 2454526.2734358134,
        "q3_ns": 3085133.390815779
      },
      "futex_op_counts": {
        "128": 1332
      },
      "first_seen_ts_ns": 3702901430685,
      "last_seen_ts_ns": 3757177000759
    },
    {
      "tgid": 101740,
      "comm": "xhpcg",
      "cgroup_id": 34353,
      "wait_duration_stats_ns": {
        "count": 1316.0,
        "sum": 39311291329.99999,
        "mean": 29871801.922492396,
        "median": 2698584.089157111,
        "min": 75852,
        "max": 34703012333,
        "variance_ns2": 9.14948105311211e+17,
        "iqr_ns": 8539892.811123544,
        "q1_ns": 2510866.744610582,
        "q3_ns": 11050759.555734126
      },
      "futex_op_counts": {
        "128": 1316
      },
      "first_seen_ts_ns": 3702901421095,
      "last_seen_ts_ns": 3757177408190
    },
    {
      "tgid": 101742,
      "comm": "xhpcg",
      "cgroup_id": 34353,
      "wait_duration_stats_ns": {
        "count": 1316.0,
        "sum": 39286968565.00001,
        "mean": 29853319.57826748,
        "median": 2670756.63065177,
        "min": 91392,
        "max": 34702976273,
        "variance_ns2": 9.149463186954952e+17,
        "iqr_ns": 8675482.810509795,
        "q1_ns": 2465394.514718451,
        "q3_ns": 11140877.325228246
      },
      "futex_op_counts": {
        "128": 1316
      },
      "first_seen_ts_ns": 3702902026341,
      "last_seen_ts_ns": 3757177364839
    },
    {
      "tgid": 101747,
      "comm": "xhpcg",
      "cgroup_id": 34353,
      "wait_duration_stats_ns": {
        "count": 1303.0,
        "sum": 39256955126.00001,
        "mean": 30128131.332310062,
        "median": 2872128.648459365,
        "min": 3480,
        "max": 34702954461,
        "variance_ns2": 9.240729353258632e+17,
        "iqr_ns": 7834966.283881907,
        "q1_ns": 2476898.695207239,
        "q3_ns": 10311864.979089146
      },
      "futex_op_counts": {
        "128": 1303
      },
      "first_seen_ts_ns": 3702902532354,
      "last_seen_ts_ns": 3757177624195
    },
    {
      "tgid": 101732,
      "comm": "xhpcg",
      "cgroup_id": 34353,
      "wait_duration_stats_ns": {
        "count": 1294.0,
        "sum": 39238526908.99999,
        "mean": 30323436.5602782,
        "median": 2637359.5763266776,
        "min": 74582,
        "max": 34702375646,
        "variance_ns2": 9.304690123685254e+17,
        "iqr_ns": 8546050.696782304,
        "q1_ns": 2450051.903774367,
        "q3_ns": 10996102.600556672
      },
      "futex_op_counts": {
        "128": 1294
      },
      "first_seen_ts_ns": 3702901835466,
      "last_seen_ts_ns": 3757177072471
    },
    {
      "tgid": 101738,
      "comm": "xhpcg",
      "cgroup_id": 34353,
      "wait_duration_stats_ns": {
        "count": 1312.0,
        "sum": 39210911388.0,
        "mean": 29886365.38719512,
        "median": 2598561.8014232777,
        "min": 15850,
        "max": 34702865290,
        "variance_ns2": 9.17733181905767e+17,
        "iqr_ns": 7205895.657367842,
        "q1_ns": 2317220.2322161924,
        "q3_ns": 9523115.889584035
      },
      "futex_op_counts": {
        "128": 1312
      },
      "first_seen_ts_ns": 3702901667301,
      "last_seen_ts_ns": 3757177250216
    },
    {
      "tgid": 101752,
      "comm": "xhpcg",
      "cgroup_id": 34353,
      "wait_duration_stats_ns": {
        "count": 1299.0,
        "sum": 39201625314.999985,
        "mean": 30178310.48113933,
        "median": 2653483.791967712,
        "min": 69741,
        "max": 34703211339,
        "variance_ns2": 9.26936247370513e+17,
        "iqr_ns": 7180063.970487453,
        "q1_ns": 2322901.502588304,
        "q3_ns": 9502965.473075757
      },
      "futex_op_counts": {
        "128": 1299
      },
      "first_seen_ts_ns": 3702901847266,
      "last_seen_ts_ns": 3757177592215
    },
    {
      "tgid": 101750,
      "comm": "xhpcg",
      "cgroup_id": 34353,
      "wait_duration_stats_ns": {
        "count": 1286.0,
        "sum": 39162147947.999985,
        "mean": 30452681.141524095,
        "median": 2644897.3812178983,
        "min": 3991,
        "max": 34703237459,
        "variance_ns2": 9.363076319522784e+17,
        "iqr_ns": 8167800.301888801,
        "q1_ns": 2313571.1672654734,
        "q3_ns": 10481371.469154274
      },
      "futex_op_counts": {
        "128": 1286
      },
      "first_seen_ts_ns": 3702902830722,
      "last_seen_ts_ns": 3757177622835
    },
    {
      "tgid": 101728,
      "comm": "xhpcg",
      "cgroup_id": 34353,
      "wait_duration_stats_ns": {
        "count": 1271.0,
        "sum": 39141829099.99999,
        "mean": 30796088.985051133,
        "median": 2672647.751224957,
        "min": 46711,
        "max": 34702607553,
        "variance_ns2": 9.473203675896319e+17,
        "iqr_ns": 8532337.872875977,
        "q1_ns": 2483705.924186336,
        "q3_ns": 11016043.797062313
      },
      "futex_op_counts": {
        "128": 1271
      },
      "first_seen_ts_ns": 3702901427345,
      "last_seen_ts_ns": 3757176989989
    },
    {
      "tgid": 101736,
      "comm": "xhpcg",
      "cgroup_id": 34353,
      "wait_duration_stats_ns": {
        "count": 1294.0,
        "sum": 39138744845.0,
        "mean": 30246325.22797527,
        "median": 2585632.3363732654,
        "min": 90372,
        "max": 34702740866,
        "variance_ns2": 9.30493454793348e+17,
        "iqr_ns": 6867712.611878494,
        "q1_ns": 2315978.7294506175,
        "q3_ns": 9183691.34132911
      },
      "futex_op_counts": {
        "128": 1294
      },
      "first_seen_ts_ns": 3702902235106,
      "last_seen_ts_ns": 3757177107002
    },
    {
      "tgid": 101726,
      "comm": "xhpcg",
      "cgroup_id": 34353,
      "wait_duration_stats_ns": {
        "count": 1269.0,
        "sum": 39136010316.00001,
        "mean": 30840039.65011821,
        "median": 2694356.7924858765,
        "min": 78502,
        "max": 34702618883,
        "variance_ns2": 9.488141606762323e+17,
        "iqr_ns": 8172243.028999848,
        "q1_ns": 2520256.105477441,
        "q3_ns": 10692499.13447729
      },
      "futex_op_counts": {
        "128": 1269
      },
      "first_seen_ts_ns": 3702901194709,
      "last_seen_ts_ns": 3757176996259
    },
    {
      "tgid": 101729,
      "comm": "xhpcg",
      "cgroup_id": 34353,
      "wait_duration_stats_ns": {
        "count": 1306.0,
        "sum": 39122899638.0,
        "mean": 29956278.436447166,
        "median": 2556841.1637667785,
        "min": 27731,
        "max": 34702614143,
        "variance_ns2": 9.219389291544221e+17,
        "iqr_ns": 8976765.980637493,
        "q1_ns": 2286683.838341936,
        "q3_ns": 11263449.81897943
      },
      "futex_op_counts": {
        "128": 1306
      },
      "first_seen_ts_ns": 3702902575046,
      "last_seen_ts_ns": 3757176990389
    },
    {
      "tgid": 101734,
      "comm": "xhpcg",
      "cgroup_id": 34353,
      "wait_duration_stats_ns": {
        "count": 1293.0,
        "sum": 39119086808.00001,
        "mean": 30254514.159319416,
        "median": 2643883.8140839045,
        "min": 57922,
        "max": 34702733445,
        "variance_ns2": 9.312148369125179e+17,
        "iqr_ns": 8206911.2876552995,
        "q1_ns": 2309037.793570861,
        "q3_ns": 10515949.08122616
      },
      "futex_op_counts": {
        "128": 1293
      },
      "first_seen_ts_ns": 3702901608540,
      "last_seen_ts_ns": 3757177094151
    },
    {
      "tgid": 101745,
      "comm": "xhpcg",
      "cgroup_id": 34353,
      "wait_duration_stats_ns": {
        "count": 1266.0,
        "sum": 39043128373.00001,
        "mean": 30839753.849131126,
        "median": 2633920.021834392,
        "min": 85272,
        "max": 34703024703,
        "variance_ns2": 9.510878661149856e+17,
        "iqr_ns": 8311392.252829447,
        "q1_ns": 2331625.419210465,
        "q3_ns": 10643017.672039913
      },
      "futex_op_counts": {
        "128": 1266
      },
      "first_seen_ts_ns": 3702902652318,
      "last_seen_ts_ns": 3757177417020
    },
    {
      "tgid": 101756,
      "comm": "xhpcg",
      "cgroup_id": 34353,
      "wait_duration_stats_ns": {
        "count": 1321.0,
        "sum": 38911826122.0,
        "mean": 29456340.74337623,
        "median": 2557821.4583538175,
        "min": 72182,
        "max": 34703403774,
        "variance_ns2": 9.115235572458625e+17,
        "iqr_ns": 7750508.23883299,
        "q1_ns": 1661224.8981574331,
        "q3_ns": 9411733.136990422
      },
      "futex_op_counts": {
        "128": 1321
      },
      "first_seen_ts_ns": 3702901682771,
      "last_seen_ts_ns": 3757177752739
    },
    {
      "tgid": 101763,
      "comm": "xhpcg",
      "cgroup_id": 34353,
      "wait_duration_stats_ns": {
        "count": 1314.0,
        "sum": 38838527573.00001,
        "mean": 29557479.12709285,
        "median": 2561221.2933962494,
        "min": 5890,
        "max": 34703388744,
        "variance_ns2": 9.163811295429324e+17,
        "iqr_ns": 7931834.4176736735,
        "q1_ns": 1514797.9357535564,
        "q3_ns": 9446632.35342723
      },
      "futex_op_counts": {
        "128": 1314
      },
      "first_seen_ts_ns": 3702900286764,
      "last_seen_ts_ns": 3757177730569
    },
    {
      "tgid": 101760,
      "comm": "xhpcg",
      "cgroup_id": 34353,
      "wait_duration_stats_ns": {
        "count": 1313.0,
        "sum": 38816711620.00001,
        "mean": 29563375.18659559,
        "median": 2511459.01887647,
        "min": 36251,
        "max": 34703419954,
        "variance_ns2": 9.170810061690844e+17,
        "iqr_ns": 9106222.268686932,
        "q1_ns": 1563417.9023783698,
        "q3_ns": 10669640.1710653
      },
      "futex_op_counts": {
        "128": 1313
      },
      "first_seen_ts_ns": 3702900491710,
      "last_seen_ts_ns": 3757177785250
    },
    {
      "tgid": 101743,
      "comm": "xhpcg",
      "cgroup_id": 34353,
      "wait_duration_stats_ns": {
        "count": 1211.0,
        "sum": 38759707468.00001,
        "mean": 32006364.548307188,
        "median": 2611883.8498169766,
        "min": 36661,
        "max": 34703014533,
        "variance_ns2": 9.942868423290802e+17,
        "iqr_ns": 8371258.203752825,
        "q1_ns": 2410907.5213491824,
        "q3_ns": 10782165.725102007
      },
      "futex_op_counts": {
        "128": 1211
      },
      "first_seen_ts_ns": 3702902140274,
      "last_seen_ts_ns": 3757177427590
    },
    {
      "tgid": 101766,
      "comm": "xhpcg",
      "cgroup_id": 34353,
      "wait_duration_stats_ns": {
        "count": 1316.0,
        "sum": 38756253614.99999,
        "mean": 29450040.740881454,
        "median": 2510708.294315331,
        "min": 83202,
        "max": 34703444955,
        "variance_ns2": 9.149960630520023e+17,
        "iqr_ns": 8520551.385976022,
        "q1_ns": 1400940.5374831413,
        "q3_ns": 9921491.923459163
      },
      "futex_op_counts": {
        "128": 1316
      },
      "first_seen_ts_ns": 3702900952842,
      "last_seen_ts_ns": 3757177783610
    },
    {
      "tgid": 101758,
      "comm": "xhpcg",
      "cgroup_id": 34353,
      "wait_duration_stats_ns": {
        "count": 1306.0,
        "sum": 38734718938.0,
        "mean": 29659049.722817764,
        "median": 2553531.030995086,
        "min": 32021,
        "max": 34703254680,
        "variance_ns2": 9.219890326538228e+17,
        "iqr_ns": 8913134.170887602,
        "q1_ns": 1492842.050044188,
        "q3_ns": 10405976.22093179
      },
      "futex_op_counts": {
        "128": 1306
      },
      "first_seen_ts_ns": 3702901598149,
      "last_seen_ts_ns": 3757177593445
    },
    {
      "tgid": 101761,
      "comm": "xhpcg",
      "cgroup_id": 34353,
      "wait_duration_stats_ns": {
        "count": 1298.0,
        "sum": 38606452980.0,
        "mean": 29743030.03081664,
        "median": 2507451.304659364,
        "min": 25460,
        "max": 34703460495,
        "variance_ns2": 9.276879728296603e+17,
        "iqr_ns": 5730765.772576966,
        "q1_ns": 1340814.5137230952,
        "q3_ns": 7071580.286300061
      },
      "futex_op_counts": {
        "128": 1298
      },
      "first_seen_ts_ns": 3702901279661,
      "last_seen_ts_ns": 3757177785680
    },
    {
      "tgid": 101754,
      "comm": "xhpcg",
      "cgroup_id": 34353,
      "wait_duration_stats_ns": {
        "count": 1283.0,
        "sum": 38604590951.99999,
        "mean": 30089314.849571314,
        "median": 2399922.411613233,
        "min": 36171,
        "max": 34703143957,
        "variance_ns2": 9.385159203223704e+17,
        "iqr_ns": 8566771.790059678,
        "q1_ns": 1358140.091174273,
        "q3_ns": 9924911.881233951
      },
      "futex_op_counts": {
        "128": 1283
      },
      "first_seen_ts_ns": 3702901463126,
      "last_seen_ts_ns": 3757177481562
    },
    {
      "tgid": 101768,
      "comm": "xhpcg",
      "cgroup_id": 34353,
      "wait_duration_stats_ns": {
        "count": 1015.0,
        "sum": 37929282381.0,
        "mean": 37368751.114285715,
        "median": 2460850.7937962906,
        "min": 9080,
        "max": 34703511367,
        "variance_ns2": 1.1863366310670802e+18,
        "iqr_ns": 7390909.251608942,
        "q1_ns": 1399042.4683714104,
        "q3_ns": 8789951.719980352
      },
      "futex_op_counts": {
        "128": 1015
      },
      "first_seen_ts_ns": 3702901439895,
      "last_seen_ts_ns": 3757177864392
    },
    {
      "tgid": 101725,
      "comm": "xhpcg",
      "cgroup_id": 34353,
      "wait_duration_stats_ns": {
        "count": 1284.0,
        "sum": 4416912126.000005,
        "mean": 3439962.7149532745,
        "median": 2614873.5577967702,
        "min": 102393,
        "max": 37866776,
        "variance_ns2": 12993742337407.662,
        "iqr_ns": 8041680.552815681,
        "q1_ns": 2339089.6354076243,
        "q3_ns": 10380770.188223306
      },
      "futex_op_counts": {
        "128": 1284
      },
      "first_seen_ts_ns": 3702901367273,
      "last_seen_ts_ns": 3722463651008
    },
    {
      "tgid": 9099,
      "comm": "amazon-ssm-agen",
      "cgroup_id": 3429,
      "wait_duration_stats_ns": {
        "count": 8.0,
        "sum": 3000884686.0,
        "mean": 375110585.75,
        "median": 825544305.8333334,
        "min": 153354,
        "max": 1000985694,
        "variance_ns2": 2.6642570576618845e+17,
        "iqr_ns": 827865447.7057291,
        "q1_ns": 166307392.29427087,
        "q3_ns": 994172840.0
      },
      "futex_op_counts": {
        "128": 8
      },
      "first_seen_ts_ns": 3736667606178,
      "last_seen_ts_ns": 3737693176151
    },
    {
      "tgid": 101887,
      "comm": "runc",
      "cgroup_id": 4085,
      "wait_duration_stats_ns": {
        "count": 360.0,
        "sum": 1576476760.9999995,
        "mean": 4379102.113888888,
        "median": 320799.6997765434,
        "min": 940,
        "max": 213058368,
        "variance_ns2": 341603224979679.75,
        "iqr_ns": 4085515.620756256,
        "q1_ns": 58651.897633536726,
        "q3_ns": 4144167.5183897926
      },
      "futex_op_counts": {
        "128": 360
      },
      "first_seen_ts_ns": 3715729136484,
      "last_seen_ts_ns": 3715965076296
    },
    {
      "tgid": 101862,
      "comm": "runc",
      "cgroup_id": 4085,
      "wait_duration_stats_ns": {
        "count": 384.0,
        "sum": 1196195065.0,
        "mean": 3115091.3151041665,
        "median": 182322.95016490997,
        "min": 1010,
        "max": 192134658,
        "variance_ns2": 434431395474851.7,
        "iqr_ns": 1413084.3653063292,
        "q1_ns": 36095.39549873401,
        "q3_ns": 1449179.7608050632
      },
      "futex_op_counts": {
        "128": 384
      },
      "first_seen_ts_ns": 3713980917757,
      "last_seen_ts_ns": 3714181246514
    },
    {
      "tgid": 101797,
      "comm": "runc",
      "cgroup_id": 4085,
      "wait_duration_stats_ns": {
        "count": 313.0,
        "sum": 1020484087.9999999,
        "mean": 3260332.5495207664,
        "median": 205488.54276190497,
        "min": 921,
        "max": 174335045,
        "variance_ns2": 362182648672993.7,
        "iqr_ns": 1005310.2146445832,
        "q1_ns": 32901.22131363424,
        "q3_ns": 1038211.4359582174
      },
      "futex_op_counts": {
        "128": 313
      },
      "first_seen_ts_ns": 3703962255481,
      "last_seen_ts_ns": 3704136932536
    },
    {
      "tgid": 101821,
      "comm": "runc",
      "cgroup_id": 4085,
      "wait_duration_stats_ns": {
        "count": 232.0,
        "sum": 964482683.9999999,
        "mean": 4157252.948275862,
        "median": 230848.7373133402,
        "min": 9850,
        "max": 137465163,
        "variance_ns2": 381121384070599.75,
        "iqr_ns": 1542625.1107939368,
        "q1_ns": 33285.06878567921,
        "q3_ns": 1575910.179579616
      },
      "futex_op_counts": {
        "128": 232
      },
      "first_seen_ts_ns": 3705718958560,
      "last_seen_ts_ns": 3705867212793
    },
    {
      "tgid": 101872,
      "comm": "runc:[2:INIT]",
      "cgroup_id": 5006,
      "wait_duration_stats_ns": {
        "count": 25.0,
        "sum": 952906907.0,
        "mean": 38116276.28,
        "median": 8278118.299214691,
        "min": 118843,
        "max": 177527285,
        "variance_ns2": 4670848534220789.0,
        "iqr_ns": 27169532.712227494,
        "q1_ns": 1681480.8914149008,
        "q3_ns": 28851013.603642393
      },
      "futex_op_counts": {
        "128": 25
      },
      "first_seen_ts_ns": 3713992669112,
      "last_seen_ts_ns": 3714189982118
    },
    {
      "tgid": 101807,
      "comm": "runc:[2:INIT]",
      "cgroup_id": 5006,
      "wait_duration_stats_ns": {
        "count": 30.0,
        "sum": 679676328.0,
        "mean": 22655877.6,
        "median": 2177907.916080061,
        "min": 17991,
        "max": 135628484,
        "variance_ns2": 1799873669794170.5,
        "iqr_ns": 13321505.07838634,
        "q1_ns": 1007852.6471534859,
        "q3_ns": 14329357.725539826
      },
      "futex_op_counts": {
        "128": 30
      },
      "first_seen_ts_ns": 3703994148550,
      "last_seen_ts_ns": 3704137001198
    },
    {
      "tgid": 101968,
      "comm": "runc",
      "cgroup_id": 4085,
      "wait_duration_stats_ns": {
        "count": 386.0,
        "sum": 608995948.0,
        "mean": 1577709.7098445597,
        "median": 88232.17400191945,
        "min": 800,
        "max": 90799124,
        "variance_ns2": 119115022400722.78,
        "iqr_ns": 400278.3102957335,
        "q1_ns": 26146.190312560982,
        "q3_ns": 426424.5006082945
      },
      "futex_op_counts": {
        "128": 386
      },
      "first_seen_ts_ns": 3733961766965,
      "last_seen_ts_ns": 3734053131834
    },
    {
      "tgid": 102043,
      "comm": "runc",
      "cgroup_id": 4085,
      "wait_duration_stats_ns": {
        "count": 347.0,
        "sum": 566892041.9999999,
        "mean": 1633694.645533141,
        "median": 87115.39574453242,
        "min": 780,
        "max": 82877615,
        "variance_ns2": 114571292623300.06,
        "iqr_ns": 407339.7512017857,
        "q1_ns": 27606.869677070918,
        "q3_ns": 434946.62087885663
      },
      "futex_op_counts": {
        "128": 347
      },
      "first_seen_ts_ns": 3745717281062,
      "last_seen_ts_ns": 3745802664304
    },
    {
      "tgid": 102019,
      "comm": "runc",
      "cgroup_id": 4085,
      "wait_duration_stats_ns": {
        "count": 394.0,
        "sum": 522631959.0,
        "mean": 1326477.0532994925,
        "median": 86110.1524841674,
        "min": 960,
        "max": 88534077,
        "variance_ns2": 97579614258868.9,
        "iqr_ns": 287679.4904093894,
        "q1_ns": 27671.106167319766,
        "q3_ns": 315350.5965767091
      },
      "futex_op_counts": {
        "128": 394
      },
      "first_seen_ts_ns": 3743961792084,
      "last_seen_ts_ns": 3744053008033
    },
    {
      "tgid": 101913,
      "comm": "runc",
      "cgroup_id": 4085,
      "wait_duration_stats_ns": {
        "count": 382.0,
        "sum": 456000016.99999994,
        "mean": 1193717.3219895286,
        "median": 62570.41079367079,
        "min": 780,
        "max": 77709305,
        "variance_ns2": 76674990772242.86,
        "iqr_ns": 218628.4233985668,
        "q1_ns": 21982.174117422586,
        "q3_ns": 240610.5975159894
      },
      "futex_op_counts": {
        "128": 382
      },
      "first_seen_ts_ns": 3723962675168,
      "last_seen_ts_ns": 3724042947001
    },
    {
      "tgid": 101898,
      "comm": "runc:[2:INIT]",
      "cgroup_id": 5006,
      "wait_duration_stats_ns": {
        "count": 25.0,
        "sum": 455926526.0,
        "mean": 18237061.04,
        "median": 6837456.1574960975,
        "min": 206606,
        "max": 89526103,
        "variance_ns2": 776751198521996.0,
        "iqr_ns": 22248794.153649382,
        "q1_ns": 1003867.7507311914,
        "q3_ns": 23252661.904380575
      },
      "futex_op_counts": {
        "128": 25
      },
      "first_seen_ts_ns": 3715880076594,
      "last_seen_ts_ns": 3715974552191
    },
    {
      "tgid": 101979,
      "comm": "runc:[2:INIT]",
      "cgroup_id": 5006,
      "wait_duration_stats_ns": {
        "count": 25.0,
        "sum": 405391658.0000001,
        "mean": 16215666.320000004,
        "median": 212064.43248312222,
        "min": 11411,
        "max": 81539086,
        "variance_ns2": 1056403363071779.4,
        "iqr_ns": 14980652.97470555,
        "q1_ns": 380029.639770931,
        "q3_ns": 15360682.614476481
      },
      "futex_op_counts": {
        "128": 25
      },
      "first_seen_ts_ns": 3733971073394,
      "last_seen_ts_ns": 3734053170485
    },
    {
      "tgid": 101832,
      "comm": "runc:[2:INIT]",
      "cgroup_id": 5006,
      "wait_duration_stats_ns": {
        "count": 25.0,
        "sum": 404786935.99999994,
        "mean": 16191477.439999998,
        "median": 1902571.851917147,
        "min": 42142,
        "max": 79164767,
        "variance_ns2": 827981498446707.4,
        "iqr_ns": 19533430.135208406,
        "q1_ns": 363405.9310213862,
        "q3_ns": 19896836.06622979
      },
      "futex_op_counts": {
        "128": 25
      },
      "first_seen_ts_ns": 3705786716540,
      "last_seen_ts_ns": 3705867215683
    },
    {
      "tgid": 102029,
      "comm": "runc:[2:INIT]",
      "cgroup_id": 5006,
      "wait_duration_stats_ns": {
        "count": 24.0,
        "sum": 403841031.0,
        "mean": 16826709.625,
        "median": 528521.2960481461,
        "min": 951,
        "max": 80992135,
        "variance_ns2": 1085246285656316.0,
        "iqr_ns": 8636757.60361562,
        "q1_ns": 79392.63580246913,
        "q3_ns": 8716150.239418088
      },
      "futex_op_counts": {
        "128": 24
      },
      "first_seen_ts_ns": 3743971406833,
      "last_seen_ts_ns": 3744052972943
    },
    {
      "tgid": 102054,
      "comm": "runc:[2:INIT]",
      "cgroup_id": 5006,
      "wait_duration_stats_ns": {
        "count": 27.0,
        "sum": 382113419.99999994,
        "mean": 14152348.888888886,
        "median": 993463.5577823989,
        "min": 1010,
        "max": 76635607,
        "variance_ns2": 885355916286509.1,
        "iqr_ns": 15013650.204748409,
        "q1_ns": 201016.91382539686,
        "q3_ns": 15214667.118573805
      },
      "futex_op_counts": {
        "128": 27
      },
      "first_seen_ts_ns": 3745725567324,
      "last_seen_ts_ns": 3745802728796
    },
    {
      "tgid": 101937,
      "comm": "runc",
      "cgroup_id": 4085,
      "wait_duration_stats_ns": {
        "count": 366.0,
        "sum": 371414669.9999999,
        "mean": 1014794.1803278686,
        "median": 69805.41492970327,
        "min": 810,
        "max": 63553334,
        "variance_ns2": 51250924162174.85,
        "iqr_ns": 260370.35860423144,
        "q1_ns": 22968.926503177787,
        "q3_ns": 283339.28510740923
      },
      "futex_op_counts": {
        "128": 366
      },
      "first_seen_ts_ns": 3725716839939,
      "last_seen_ts_ns": 3725782982882
    },
    {
      "tgid": 101992,
      "comm": "runc",
      "cgroup_id": 4085,
      "wait_duration_stats_ns": {
        "count": 381.0,
        "sum": 364710217.0,
        "mean": 957244.6640419947,
        "median": 65062.89082645961,
        "min": 860,
        "max": 53770633,
        "variance_ns2": 40506168073119.164,
        "iqr_ns": 240988.61152918308,
        "q1_ns": 23796.929110435216,
        "q3_ns": 264785.5406396183
      },
      "futex_op_counts": {
        "128": 381
      },
      "first_seen_ts_ns": 3735716614984,
      "last_seen_ts_ns": 3735772940855
    },
    {
      "tgid": 101923,
      "comm": "runc:[2:INIT]",
      "cgroup_id": 5006,
      "wait_duration_stats_ns": {
        "count": 24.0,
        "sum": 355023068.9999999,
        "mean": 14792627.874999994,
        "median": 123439.02964364784,
        "min": 6630,
        "max": 71335395,
        "variance_ns2": 837499127828029.0,
        "iqr_ns": 24820779.635037906,
        "q1_ns": 157496.52296296298,
        "q3_ns": 24978276.158000868
      },
      "futex_op_counts": {
        "128": 24
      },
      "first_seen_ts_ns": 3723971246877,
      "last_seen_ts_ns": 3724042995013
    },
    {
      "tgid": 102090,
      "comm": "runc",
      "cgroup_id": 4085,
      "wait_duration_stats_ns": {
        "count": 380.0,
        "sum": 304664426.0,
        "mean": 801748.4894736842,
        "median": 68687.46047026254,
        "min": 850,
        "max": 54745100,
        "variance_ns2": 32173907769993.703,
        "iqr_ns": 217649.7374191642,
        "q1_ns": 24927.625539007342,
        "q3_ns": 242577.36295817152
      },
      "futex_op_counts": {
        "128": 380
      },
      "first_seen_ts_ns": 3755717763234,
      "last_seen_ts_ns": 3755772906344
    },
    {
      "tgid": 101947,
      "comm": "runc:[2:INIT]",
      "cgroup_id": 5006,
      "wait_duration_stats_ns": {
        "count": 21.0,
        "sum": 283984942.00000006,
        "mean": 13523092.47619048,
        "median": 1071076.2871199334,
        "min": 53841,
        "max": 57043969,
        "variance_ns2": 585456273931517.1,
        "iqr_ns": 5113950.878259368,
        "q1_ns": 111249.82623877417,
        "q3_ns": 5225200.704498142
      },
      "futex_op_counts": {
        "128": 21
      },
      "first_seen_ts_ns": 3725725474640,
      "last_seen_ts_ns": 3725783056034
    },
    {
      "tgid": 101872,
      "comm": "grpc-health-pro",
      "cgroup_id": 5006,
      "wait_duration_stats_ns": {
        "count": 26.0,
        "sum": 260341258.0,
        "mean": 10013125.307692308,
        "median": 3877284.780332333,
        "min": 14380,
        "max": 43467616,
        "variance_ns2": 178759619859316.38,
        "iqr_ns": 12180425.890364375,
        "q1_ns": 687508.4375006466,
        "q3_ns": 12867934.327865021
      },
      "futex_op_counts": {
        "128": 26
      },
      "first_seen_ts_ns": 3714200592042,
      "last_seen_ts_ns": 3714252193167
    },
    {
      "tgid": 102003,
      "comm": "runc:[2:INIT]",
      "cgroup_id": 5006,
      "wait_duration_stats_ns": {
        "count": 26.0,
        "sum": 232015814.0,
        "mean": 8923685.153846154,
        "median": 809371.0680314361,
        "min": 870,
        "max": 46536358,
        "variance_ns2": 329030374015999.6,
        "iqr_ns": 9369531.006993212,
        "q1_ns": 160330.79629629626,
        "q3_ns": 9529861.803289508
      },
      "futex_op_counts": {
        "128": 26
      },
      "first_seen_ts_ns": 3735725850202,
      "last_seen_ts_ns": 3735773057238
    },
    {
      "tgid": 102100,
      "comm": "runc:[2:INIT]",
      "cgroup_id": 5006,
      "wait_duration_stats_ns": {
        "count": 23.0,
        "sum": 225075862.00000006,
        "mean": 9785907.043478264,
        "median": 1668750.2044192846,
        "min": 19500,
        "max": 45364749,
        "variance_ns2": 341746572884401.7,
        "iqr_ns": 15860633.838288233,
        "q1_ns": 78212.84945354666,
        "q3_ns": 15938846.687741779
      },
      "futex_op_counts": {
        "128": 23
      },
      "first_seen_ts_ns": 3755727141886,
      "last_seen_ts_ns": 3755772935795
    },
    {
      "tgid": 102067,
      "comm": "runc",
      "cgroup_id": 4085,
      "wait_duration_stats_ns": {
        "count": 336.0,
        "sum": 218871237.99999997,
        "mean": 651402.4940476189,
        "median": 45931.15421292365,
        "min": 790,
        "max": 38631058,
        "variance_ns2": 18017234189260.36,
        "iqr_ns": 163250.49583127868,
        "q1_ns": 23249.234609199782,
        "q3_ns": 186499.73044047845
      },
      "futex_op_counts": {
        "128": 336
      },
      "first_seen_ts_ns": 3753961559905,
      "last_seen_ts_ns": 3754002773402
    },
    {
      "tgid": 102077,
      "comm": "runc:[2:INIT]",
      "cgroup_id": 5006,
      "wait_duration_stats_ns": {
        "count": 25.0,
        "sum": 158835936.0,
        "mean": 6353437.4399999995,
        "median": 667271.7245130963,
        "min": 2120,
        "max": 32057831,
        "variance_ns2": 156157049732850.16,
        "iqr_ns": 5834898.569650291,
        "q1_ns": 127546.6470219476,
        "q3_ns": 5962445.216672239
      },
      "futex_op_counts": {
        "128": 25
      },
      "first_seen_ts_ns": 3753970261368,
      "last_seen_ts_ns": 3754002807953
    },
    {
      "tgid": 101807,
      "comm": "grpc-health-pro",
      "cgroup_id": 5006,
      "wait_duration_stats_ns": {
        "count": 24.0,
        "sum": 158436757.0,
        "mean": 6601531.541666666,
        "median": 2907317.607143631,
        "min": 26411,
        "max": 26009349,
        "variance_ns2": 66310736741916.26,
        "iqr_ns": 11827950.774854196,
        "q1_ns": 495492.70623092866,
        "q3_ns": 12323443.481085125
      },
      "futex_op_counts": {
        "128": 24
      },
      "first_seen_ts_ns": 3704142990999,
      "last_seen_ts_ns": 3704180223909
    },
    {
      "tgid": 101832,
      "comm": "grpc-health-pro",
      "cgroup_id": 5006,
      "wait_duration_stats_ns": {
        "count": 22.0,
        "sum": 131360084.0,
        "mean": 5970912.909090909,
        "median": 3927039.682204861,
        "min": 9030,
        "max": 15790456,
        "variance_ns2": 37009114141039.32,
        "iqr_ns": 10911558.34876897,
        "q1_ns": 485518.0,
        "q3_ns": 11397076.34876897
      },
      "futex_op_counts": {
        "128": 22
      },
      "first_seen_ts_ns": 3705870105980,
      "last_seen_ts_ns": 3705906031077
    },
    {
      "tgid": 101898,
      "comm": "grpc-health-pro",
      "cgroup_id": 5006,
      "wait_duration_stats_ns": {
        "count": 12.0,
        "sum": 43152588.0,
        "mean": 3596049.0,
        "median": 2101865.958333333,
        "min": 13300,
        "max": 14178581,
        "variance_ns2": 19905967117056.547,
        "iqr_ns": 3787484.892063492,
        "q1_ns": 466322.0000000001,
        "q3_ns": 4253806.892063492
      },
      "futex_op_counts": {
        "128": 12
      },
      "first_seen_ts_ns": 3715988969247,
      "last_seen_ts_ns": 3716005499151
    },
    {
      "tgid": 102077,
      "comm": "grpc-health-pro",
      "cgroup_id": 5006,
      "wait_duration_stats_ns": {
        "count": 38.0,
        "sum": 13980497.0,
        "mean": 367907.8157894737,
        "median": 128533.24194535313,
        "min": 1680,
        "max": 2222610,
        "variance_ns2": 337751861098.2624,
        "iqr_ns": 224008.63645544922,
        "q1_ns": 47781.41169091723,
        "q3_ns": 271790.04814636643
      },
      "futex_op_counts": {
        "128": 38
      },
      "first_seen_ts_ns": 3754005074243,
      "last_seen_ts_ns": 3754008715061
    },
    {
      "tgid": 101979,
      "comm": "grpc-health-pro",
      "cgroup_id": 5006,
      "wait_duration_stats_ns": {
        "count": 31.0,
        "sum": 11429547.000000002,
        "mean": 368695.0645161291,
        "median": 96074.09590856894,
        "min": 1350,
        "max": 1986594,
        "variance_ns2": 338137817984.3957,
        "iqr_ns": 293259.06368844793,
        "q1_ns": 34307.095621319466,
        "q3_ns": 327566.1593097674
      },
      "futex_op_counts": {
        "128": 31
      },
      "first_seen_ts_ns": 3734055494137,
      "last_seen_ts_ns": 3734058656582
    },
    {
      "tgid": 101923,
      "comm": "grpc-health-pro",
      "cgroup_id": 5006,
      "wait_duration_stats_ns": {
        "count": 33.0,
        "sum": 11417526.999999998,
        "mean": 345985.6666666666,
        "median": 98077.05599745366,
        "min": 14090,
        "max": 1785738,
        "variance_ns2": 270069903590.2292,
        "iqr_ns": 288272.984142252,
        "q1_ns": 30156.776611182227,
        "q3_ns": 318429.7607534342
      },
      "futex_op_counts": {
        "128": 33
      },
      "first_seen_ts_ns": 3724045573692,
      "last_seen_ts_ns": 3724048496331
    },
    {
      "tgid": 102100,
      "comm": "grpc-health-pro",
      "cgroup_id": 5006,
      "wait_duration_stats_ns": {
        "count": 31.0,
        "sum": 11400297.000000002,
        "mean": 367751.5161290323,
        "median": 147734.30860120928,
        "min": 15591,
        "max": 1795608,
        "variance_ns2": 274363411847.05807,
        "iqr_ns": 324609.39059438056,
        "q1_ns": 44994.55934732885,
        "q3_ns": 369603.9499417094
      },
      "futex_op_counts": {
        "128": 31
      },
      "first_seen_ts_ns": 3755775321219,
      "last_seen_ts_ns": 3755778278498
    },
    {
      "tgid": 102029,
      "comm": "grpc-health-pro",
      "cgroup_id": 5006,
      "wait_duration_stats_ns": {
        "count": 34.0,
        "sum": 11101069.0,
        "mean": 326502.0294117647,
        "median": 66785.35719483522,
        "min": 14191,
        "max": 1709546,
        "variance_ns2": 261565407589.90817,
        "iqr_ns": 373569.0538412898,
        "q1_ns": 28403.59569378352,
        "q3_ns": 401972.6495350733
      },
      "futex_op_counts": {
        "128": 34
      },
      "first_seen_ts_ns": 3744055389548,
      "last_seen_ts_ns": 3744058305606
    },
    {
      "tgid": 102003,
      "comm": "grpc-health-pro",
      "cgroup_id": 5006,
      "wait_duration_stats_ns": {
        "count": 27.0,
        "sum": 10346193.0,
        "mean": 383192.3333333333,
        "median": 166085.51445815165,
        "min": 2110,
        "max": 1567512,
        "variance_ns2": 264114698833.0,
        "iqr_ns": 502375.4658308138,
        "q1_ns": 39743.88906021224,
        "q3_ns": 542119.354891026
      },
      "futex_op_counts": {
        "128": 27
      },
      "first_seen_ts_ns": 3735775482443,
      "last_seen_ts_ns": 3735778206776
    },
    {
      "tgid": 101947,
      "comm": "grpc-health-pro",
      "cgroup_id": 5006,
      "wait_duration_stats_ns": {
        "count": 30.0,
        "sum": 10084413.0,
        "mean": 336147.1,
        "median": 100575.65936564261,
        "min": 15960,
        "max": 1630734,
        "variance_ns2": 246354014147.74826,
        "iqr_ns": 314262.2864642701,
        "q1_ns": 48707.87685185185,
        "q3_ns": 362970.16331612197
      },
      "futex_op_counts": {
        "128": 30
      },
      "first_seen_ts_ns": 3725785742196,
      "last_seen_ts_ns": 3725788476570
    },
    {
      "tgid": 102054,
      "comm": "grpc-health-pro",
      "cgroup_id": 5006,
      "wait_duration_stats_ns": {
        "count": 29.0,
        "sum": 9492748.0,
        "mean": 327336.1379310345,
        "median": 100241.07678354679,
        "min": 13671,
        "max": 1462699,
        "variance_ns2": 202831121455.33746,
        "iqr_ns": 452316.8572478377,
        "q1_ns": 43699.76138632674,
        "q3_ns": 496016.61863416445
      },
      "futex_op_counts": {
        "128": 29
      },
      "first_seen_ts_ns": 3745805772018,
      "last_seen_ts_ns": 3745808534102
    },
    {
      "tgid": 101535,
      "comm": "flux-broker-0",
      "cgroup_id": 34353,
      "wait_duration_stats_ns": {
        "count": 84.0,
        "sum": 291769.0000000002,
        "mean": 3473.440476190478,
        "median": 1590.3777387266684,
        "min": 900,
        "max": 32271,
        "variance_ns2": 30521945.068703387,
        "iqr_ns": 1531.2793724404687,
        "q1_ns": 1195.0376043118918,
        "q3_ns": 2726.3169767523605
      },
      "futex_op_counts": {
        "128": 84
      },
      "first_seen_ts_ns": 3702369526932,
      "last_seen_ts_ns": 3757827207324
    }
  ]
}
[05:21:27] Cleanup complete.
