ln: failed to create symbolic link '/mnt/flux/view/lib/python': File exists
ln: failed to create symbolic link '/mnt/flux/view/lib/python3': File exists
unlimited
PROGRAM: futex
Looking for /opt/programs/futex/ebpf-collect.c
[06:43:49] Starting eBPF (Tracepoints for futex syscalls).
[06:43:50] BPF program loaded and tracepoints automatically attached.
[06:43:50] Start Indicator file defined '/mnt/flux/start_ebpf_collection'. Waiting.
[06:43:55] Start indicator found. Proceeding.
[06:43:55] Ring buffers opened. Polling for events...
[06:44:01] 
Indicator file '/mnt/flux/stop_ebpf_collection' found. Stopping.
[06:44:01] Cleaning up BPF resources...
{
  "final_aggregated_futex_summary_river": [
    {
      "tgid": 9200,
      "comm": "containerd",
      "cgroup_id": 4085,
      "wait_duration_stats_ns": {
        "count": 683.0,
        "sum": 292086010661.99976,
        "mean": 427651552.9458269,
        "median": 14789852.139521327,
        "min": 760,
        "max": 8641472583,
        "variance_ns2": 3.0840314724204493e+18,
        "iqr_ns": 17934448.79295422,
        "q1_ns": 591599.0675823832,
        "q3_ns": 18526047.860536605
      },
      "futex_op_counts": {
        "128": 683
      },
      "first_seen_ts_ns": 8701871426433,
      "last_seen_ts_ns": 8713160159865
    },
    {
      "tgid": 12421,
      "comm": "coredns",
      "cgroup_id": 5916,
      "wait_duration_stats_ns": {
        "count": 59.0,
        "sum": 33399680191.999996,
        "mean": 566096274.4406779,
        "median": 253839666.76516116,
        "min": 16150,
        "max": 9431307726,
        "variance_ns2": 1.550560089747024e+18,
        "iqr_ns": 854273420.5292833,
        "q1_ns": 1120975.2388502432,
        "q3_ns": 855394395.7681335
      },
      "futex_op_counts": {
        "128": 59
      },
      "first_seen_ts_ns": 8702652838509,
      "last_seen_ts_ns": 8712652501313
    },
    {
      "tgid": 9248,
      "comm": "kubelet",
      "cgroup_id": 4138,
      "wait_duration_stats_ns": {
        "count": 880.0,
        "sum": 31094373245.000034,
        "mean": 35334515.051136404,
        "median": 12145608.818557085,
        "min": 1070,
        "max": 3985488641,
        "variance_ns2": 3.3997845102564628e+16,
        "iqr_ns": 30204629.328579046,
        "q1_ns": 1119105.6921312194,
        "q3_ns": 31323735.020710267
      },
      "futex_op_counts": {
        "128": 880
      },
      "first_seen_ts_ns": 8701871690010,
      "last_seen_ts_ns": 8713160407582
    },
    {
      "tgid": 11055,
      "comm": "metrics-server",
      "cgroup_id": 5426,
      "wait_duration_stats_ns": {
        "count": 155.0,
        "sum": 28166734362.000004,
        "mean": 181720866.85161293,
        "median": 121543941.08902165,
        "min": 1191,
        "max": 6609853755,
        "variance_ns2": 2.8705871697870982e+17,
        "iqr_ns": 172820541.7093898,
        "q1_ns": 39210569.29781239,
        "q3_ns": 212031111.0072022
      },
      "futex_op_counts": {
        "128": 155
      },
      "first_seen_ts_ns": 8702160650201,
      "last_seen_ts_ns": 8713161419799
    },
    {
      "tgid": 12354,
      "comm": "coredns",
      "cgroup_id": 5776,
      "wait_duration_stats_ns": {
        "count": 67.0,
        "sum": 27987863252.0,
        "mean": 417729302.26865673,
        "median": 86365122.35744855,
        "min": 13461,
        "max": 4000386728,
        "variance_ns2": 3.84610717724514e+17,
        "iqr_ns": 751057139.9041729,
        "q1_ns": 811596.2112122651,
        "q3_ns": 751868736.1153852
      },
      "futex_op_counts": {
        "128": 67
      },
      "first_seen_ts_ns": 8702585597600,
      "last_seen_ts_ns": 8712585168353
    },
    {
      "tgid": 11063,
      "comm": "metrics-server",
      "cgroup_id": 5496,
      "wait_duration_stats_ns": {
        "count": 152.0,
        "sum": 27821918981.999996,
        "mean": 183038940.6710526,
        "median": 132701188.54652265,
        "min": 1171,
        "max": 6606056613,
        "variance_ns2": 2.900944375675181e+17,
        "iqr_ns": 136452989.44919834,
        "q1_ns": 50950190.28527963,
        "q3_ns": 187403179.73447797
      },
      "futex_op_counts": {
        "128": 152
      },
      "first_seen_ts_ns": 8702190645404,
      "last_seen_ts_ns": 8713151130953
    },
    {
      "tgid": 9357,
      "comm": "containerd-shim",
      "cgroup_id": 4085,
      "wait_duration_stats_ns": {
        "count": 17.0,
        "sum": 27335993567.0,
        "mean": 1607999621.5882354,
        "median": 1376908739.0408733,
        "min": 1300,
        "max": 5672480676,
        "variance_ns2": 6.642804991655569e+18,
        "iqr_ns": 4393057004.047123,
        "q1_ns": 14955898.509516466,
        "q3_ns": 4408012902.55664
      },
      "futex_op_counts": {
        "128": 17
      },
      "first_seen_ts_ns": 8711515552297,
      "last_seen_ts_ns": 8711517032916
    },
    {
      "tgid": 10895,
      "comm": "containerd-shim",
      "cgroup_id": 4085,
      "wait_duration_stats_ns": {
        "count": 3.0,
        "sum": 23091394118.0,
        "mean": 7697131372.666667,
        "median": 7697018476.0,
        "min": 7696930014,
        "max": 7697445628,
        "variance_ns2": 76023692257.2584,
        "iqr_ns": 515614.0,
        "q1_ns": 7696930014.0,
        "q3_ns": 7697445628.0
      },
      "futex_op_counts": {
        "128": 3
      },
      "first_seen_ts_ns": 8711513254266,
      "last_seen_ts_ns": 8711513706608
    },
    {
      "tgid": 13515,
      "comm": "containerd-shim",
      "cgroup_id": 4085,
      "wait_duration_stats_ns": {
        "count": 5.0,
        "sum": 23089952318.0,
        "mean": 4617990463.6,
        "median": 7696261376.0,
        "min": 80202,
        "max": 7696774999,
        "variance_ns2": 1.776919446659496e+19,
        "iqr_ns": 7695782313.0,
        "q1_ns": 526714.0,
        "q3_ns": 7696309027.0
      },
      "futex_op_counts": {
        "128": 5
      },
      "first_seen_ts_ns": 8711514430807,
      "last_seen_ts_ns": 8711515430224
    },
    {
      "tgid": 9359,
      "comm": "containerd-shim",
      "cgroup_id": 4085,
      "wait_duration_stats_ns": {
        "count": 3.0,
        "sum": 23068924785.0,
        "mean": 7689641595.0,
        "median": 7689523235.0,
        "min": 7689420582,
        "max": 7689980968,
        "variance_ns2": 89014934449.0,
        "iqr_ns": 560386.0,
        "q1_ns": 7689420582.0,
        "q3_ns": 7689980968.0
      },
      "futex_op_counts": {
        "128": 3
      },
      "first_seen_ts_ns": 8711511492748,
      "last_seen_ts_ns": 8711511985672
    },
    {
      "tgid": 10899,
      "comm": "containerd-shim",
      "cgroup_id": 4085,
      "wait_duration_stats_ns": {
        "count": 3.0,
        "sum": 23068853934.0,
        "mean": 7689617978.0,
        "median": 7689477344.0,
        "min": 7689409693,
        "max": 7689966897,
        "variance_ns2": 92452515871.0,
        "iqr_ns": 557204.0,
        "q1_ns": 7689409693.0,
        "q3_ns": 7689966897.0
      },
      "futex_op_counts": {
        "128": 3
      },
      "first_seen_ts_ns": 8711512094385,
      "last_seen_ts_ns": 8711512604838
    },
    {
      "tgid": 11568,
      "comm": "containerd-shim",
      "cgroup_id": 4085,
      "wait_duration_stats_ns": {
        "count": 3.0,
        "sum": 21343456616.0,
        "mean": 7114485538.666667,
        "median": 7114363595.0,
        "min": 7114272973,
        "max": 7114820048,
        "variance_ns2": 85975457286.25359,
        "iqr_ns": 547075.0,
        "q1_ns": 7114272973.0,
        "q3_ns": 7114820048.0
      },
      "futex_op_counts": {
        "128": 3
      },
      "first_seen_ts_ns": 8711513844901,
      "last_seen_ts_ns": 8711514319584
    },
    {
      "tgid": 13699,
      "comm": "manager",
      "cgroup_id": 6244,
      "wait_duration_stats_ns": {
        "count": 87.0,
        "sum": 19250522798.999992,
        "mean": 221270376.9999999,
        "median": 87349447.41407657,
        "min": 31231,
        "max": 2000581285,
        "variance_ns2": 1.1577456249202718e+17,
        "iqr_ns": 330995608.5345334,
        "q1_ns": 6011682.5191561,
        "q3_ns": 337007291.0536895
      },
      "futex_op_counts": {
        "128": 87
      },
      "first_seen_ts_ns": 8702095664412,
      "last_seen_ts_ns": 8712923299633
    },
    {
      "tgid": 12333,
      "comm": "containerd-shim",
      "cgroup_id": 4085,
      "wait_duration_stats_ns": {
        "count": 3.0,
        "sum": 17963651264.0,
        "mean": 5987883754.666667,
        "median": 5987735601.0,
        "min": 5987674789,
        "max": 5988240874,
        "variance_ns2": 96575188516.24818,
        "iqr_ns": 566085.0,
        "q1_ns": 5987674789.0,
        "q3_ns": 5988240874.0
      },
      "futex_op_counts": {
        "128": 3
      },
      "first_seen_ts_ns": 8711516994926,
      "last_seen_ts_ns": 8711517489029
    },
    {
      "tgid": 9526,
      "comm": "kube-proxy",
      "cgroup_id": 4866,
      "wait_duration_stats_ns": {
        "count": 5.0,
        "sum": 16620958850.0,
        "mean": 3324191770.0,
        "median": 3318592040.0,
        "min": 985409373,
        "max": 5000118145,
        "variance_ns2": 3.01818693280084e+18,
        "iqr_ns": 2672327642.0,
        "q1_ns": 2322255825.0,
        "q3_ns": 4994583467.0
      },
      "futex_op_counts": {
        "128": 5
      },
      "first_seen_ts_ns": 8709324971974,
      "last_seen_ts_ns": 8712648014553
    },
    {
      "tgid": 219082,
      "comm": "containerd-shim",
      "cgroup_id": 4085,
      "wait_duration_stats_ns": {
        "count": 34.0,
        "sum": 15872888729.0,
        "mean": 466849668.5,
        "median": 51526666.77123073,
        "min": 66492,
        "max": 4089876520,
        "variance_ns2": 1.3619113741761894e+18,
        "iqr_ns": 361936345.9943637,
        "q1_ns": 2710261.8535629846,
        "q3_ns": 364646607.84792674
      },
      "futex_op_counts": {
        "128": 34
      },
      "first_seen_ts_ns": 8701871301730,
      "last_seen_ts_ns": 8712326997871
    },
    {
      "tgid": 218622,
      "comm": "containerd-shim",
      "cgroup_id": 4085,
      "wait_duration_stats_ns": {
        "count": 3.0,
        "sum": 15720515026.0,
        "mean": 5240171675.333333,
        "median": 5240059766.0,
        "min": 5239938112,
        "max": 5240517148,
        "variance_ns2": 93213446489.4157,
        "iqr_ns": 579036.0,
        "q1_ns": 5239938112.0,
        "q3_ns": 5240517148.0
      },
      "futex_op_counts": {
        "128": 3
      },
      "first_seen_ts_ns": 8711517587931,
      "last_seen_ts_ns": 8711518090535
    },
    {
      "tgid": 13578,
      "comm": "kube-rbac-proxy",
      "cgroup_id": 6174,
      "wait_duration_stats_ns": {
        "count": 3.0,
        "sum": 14999735547.0,
        "mean": 4999911849.0,
        "median": 4999924759.0,
        "min": 4999765335,
        "max": 5000045453,
        "variance_ns2": 19741524556.0,
        "iqr_ns": 280118.0,
        "q1_ns": 4999765335.0,
        "q3_ns": 5000045453.0
      },
      "futex_op_counts": {
        "128": 3
      },
      "first_seen_ts_ns": 8708905007996,
      "last_seen_ts_ns": 8708905146020
    },
    {
      "tgid": 9961,
      "comm": "controller",
      "cgroup_id": 5076,
      "wait_duration_stats_ns": {
        "count": 30.0,
        "sum": 13656899853.0,
        "mean": 455229995.1,
        "median": 487428458.639308,
        "min": 467222,
        "max": 500704116,
        "variance_ns2": 1.5961681306152176e+16,
        "iqr_ns": 22436886.936986864,
        "q1_ns": 476226816.15516675,
        "q3_ns": 498663703.0921536
      },
      "futex_op_counts": {
        "128": 30
      },
      "first_seen_ts_ns": 8702705948511,
      "last_seen_ts_ns": 8713105233417
    },
    {
      "tgid": 9236,
      "comm": "ssm-agent-worke",
      "cgroup_id": 3429,
      "wait_duration_stats_ns": {
        "count": 9.0,
        "sum": 12389453928.0,
        "mean": 1376605992.0,
        "median": 1799601549.75,
        "min": 132157473,
        "max": 2388397213,
        "variance_ns2": 7.497750541096998e+17,
        "iqr_ns": 764014567.5555556,
        "q1_ns": 1139604210.6666667,
        "q3_ns": 1903618778.2222223
      },
      "futex_op_counts": {
        "128": 9
      },
      "first_seen_ts_ns": 8708304036120,
      "last_seen_ts_ns": 8712883046896
    },
    {
      "tgid": 9823,
      "comm": "aws-k8s-agent",
      "cgroup_id": 5006,
      "wait_duration_stats_ns": {
        "count": 5.0,
        "sum": 8678684674.0,
        "mean": 1735736934.8,
        "median": 2340447706.0,
        "min": 100679540,
        "max": 2500634762,
        "variance_ns2": 1.0549056120210499e+18,
        "iqr_ns": 1058522016.0,
        "q1_ns": 1339200325.0,
        "q3_ns": 2397722341.0
      },
      "futex_op_counts": {
        "128": 5
      },
      "first_seen_ts_ns": 8708188157892,
      "last_seen_ts_ns": 8710689970775
    },
    {
      "tgid": 219784,
      "comm": "xhpcg",
      "cgroup_id": 76311,
      "wait_duration_stats_ns": {
        "count": 2.0,
        "sum": 18815972.0,
        "mean": 9407986.0,
        "median": 9914344.0,
        "min": 8901628,
        "max": 9914344,
        "variance_ns2": 512796848328.0,
        "iqr_ns": 1012716.0,
        "q1_ns": 8901628.0,
        "q3_ns": 9914344.0
      },
      "futex_op_counts": {
        "128": 2
      },
      "first_seen_ts_ns": 8707740085450,
      "last_seen_ts_ns": 8707766065235
    },
    {
      "tgid": 219804,
      "comm": "xhpcg",
      "cgroup_id": 76311,
      "wait_duration_stats_ns": {
        "count": 2.0,
        "sum": 18551895.0,
        "mean": 9275947.5,
        "median": 10345316.0,
        "min": 8206579,
        "max": 10345316,
        "variance_ns2": 2287097977584.5,
        "iqr_ns": 2138737.0,
        "q1_ns": 8206579.0,
        "q3_ns": 10345316.0
      },
      "futex_op_counts": {
        "128": 2
      },
      "first_seen_ts_ns": 8707739139315,
      "last_seen_ts_ns": 8707766080556
    },
    {
      "tgid": 219802,
      "comm": "xhpcg",
      "cgroup_id": 76311,
      "wait_duration_stats_ns": {
        "count": 2.0,
        "sum": 18359191.0,
        "mean": 9179595.5,
        "median": 10140571.0,
        "min": 8218620,
        "max": 10140571,
        "variance_ns2": 1846947823200.5,
        "iqr_ns": 1921951.0,
        "q1_ns": 8218620.0,
        "q3_ns": 10140571.0
      },
      "futex_op_counts": {
        "128": 2
      },
      "first_seen_ts_ns": 8707739213187,
      "last_seen_ts_ns": 8707766035045
    },
    {
      "tgid": 219805,
      "comm": "xhpcg",
      "cgroup_id": 76311,
      "wait_duration_stats_ns": {
        "count": 2.0,
        "sum": 18242137.0,
        "mean": 9121068.5,
        "median": 10029318.0,
        "min": 8212819,
        "max": 10029318,
        "variance_ns2": 1649834308500.5,
        "iqr_ns": 1816499.0,
        "q1_ns": 8212819.0,
        "q3_ns": 10029318.0
      },
      "futex_op_counts": {
        "128": 2
      },
      "first_seen_ts_ns": 8707739030102,
      "last_seen_ts_ns": 8707766112497
    },
    {
      "tgid": 219791,
      "comm": "xhpcg",
      "cgroup_id": 76311,
      "wait_duration_stats_ns": {
        "count": 2.0,
        "sum": 17931909.0,
        "mean": 8965954.5,
        "median": 9138184.0,
        "min": 8793725,
        "max": 9138184,
        "variance_ns2": 59326001340.5,
        "iqr_ns": 344459.0,
        "q1_ns": 8793725.0,
        "q3_ns": 9138184.0
      },
      "futex_op_counts": {
        "128": 2
      },
      "first_seen_ts_ns": 8707739859864,
      "last_seen_ts_ns": 8707767037061
    },
    {
      "tgid": 219808,
      "comm": "xhpcg",
      "cgroup_id": 76311,
      "wait_duration_stats_ns": {
        "count": 2.0,
        "sum": 17799525.0,
        "mean": 8899762.5,
        "median": 9709389.0,
        "min": 8090136,
        "max": 9709389,
        "variance_ns2": 1310990139004.5,
        "iqr_ns": 1619253.0,
        "q1_ns": 8090136.0,
        "q3_ns": 9709389.0
      },
      "futex_op_counts": {
        "128": 2
      },
      "first_seen_ts_ns": 8707738860407,
      "last_seen_ts_ns": 8707766191139
    },
    {
      "tgid": 219809,
      "comm": "xhpcg",
      "cgroup_id": 76311,
      "wait_duration_stats_ns": {
        "count": 2.0,
        "sum": 17721104.0,
        "mean": 8860552.0,
        "median": 9247987.0,
        "min": 8473117,
        "max": 9247987,
        "variance_ns2": 300211758450.0,
        "iqr_ns": 774870.0,
        "q1_ns": 8473117.0,
        "q3_ns": 9247987.0
      },
      "futex_op_counts": {
        "128": 2
      },
      "first_seen_ts_ns": 8707739400172,
      "last_seen_ts_ns": 8707765255384
    },
    {
      "tgid": 219789,
      "comm": "xhpcg",
      "cgroup_id": 76311,
      "wait_duration_stats_ns": {
        "count": 2.0,
        "sum": 17710753.0,
        "mean": 8855376.5,
        "median": 9089983.0,
        "min": 8620770,
        "max": 9089983,
        "variance_ns2": 110080419684.5,
        "iqr_ns": 469213.0,
        "q1_ns": 8620770.0,
        "q3_ns": 9089983.0
      },
      "futex_op_counts": {
        "128": 2
      },
      "first_seen_ts_ns": 8707739522445,
      "last_seen_ts_ns": 8707766826786
    },
    {
      "tgid": 219786,
      "comm": "xhpcg",
      "cgroup_id": 76311,
      "wait_duration_stats_ns": {
        "count": 2.0,
        "sum": 17404564.0,
        "mean": 8702282.0,
        "median": 8945488.0,
        "min": 8459076,
        "max": 8945488,
        "variance_ns2": 118298316872.0,
        "iqr_ns": 486412.0,
        "q1_ns": 8459076.0,
        "q3_ns": 8945488.0
      },
      "futex_op_counts": {
        "128": 2
      },
      "first_seen_ts_ns": 8707740139981,
      "last_seen_ts_ns": 8707766787235
    },
    {
      "tgid": 219800,
      "comm": "xhpcg",
      "cgroup_id": 76311,
      "wait_duration_stats_ns": {
        "count": 2.0,
        "sum": 17314863.0,
        "mean": 8657431.5,
        "median": 9656148.0,
        "min": 7658715,
        "max": 9656148,
        "variance_ns2": 1994869294744.5,
        "iqr_ns": 1997433.0,
        "q1_ns": 7658715.0,
        "q3_ns": 9656148.0
      },
      "futex_op_counts": {
        "128": 2
      },
      "first_seen_ts_ns": 8707738427166,
      "last_seen_ts_ns": 8707765338386
    },
    {
      "tgid": 219776,
      "comm": "xhpcg",
      "cgroup_id": 76311,
      "wait_duration_stats_ns": {
        "count": 2.0,
        "sum": 17276082.0,
        "mean": 8638041.0,
        "median": 9762531.0,
        "min": 7513551,
        "max": 9762531,
        "variance_ns2": 2528955520200.0,
        "iqr_ns": 2248980.0,
        "q1_ns": 7513551.0,
        "q3_ns": 9762531.0
      },
      "futex_op_counts": {
        "128": 2
      },
      "first_seen_ts_ns": 8707740797629,
      "last_seen_ts_ns": 8707765995584
    },
    {
      "tgid": 219794,
      "comm": "xhpcg",
      "cgroup_id": 76311,
      "wait_duration_stats_ns": {
        "count": 2.0,
        "sum": 17197719.0,
        "mean": 8598859.5,
        "median": 9913945.0,
        "min": 7283774,
        "max": 9913945,
        "variance_ns2": 3458899744620.5,
        "iqr_ns": 2630171.0,
        "q1_ns": 7283774.0,
        "q3_ns": 9913945.0
      },
      "futex_op_counts": {
        "128": 2
      },
      "first_seen_ts_ns": 8707741401166,
      "last_seen_ts_ns": 8707766124147
    },
    {
      "tgid": 219782,
      "comm": "xhpcg",
      "cgroup_id": 76311,
      "wait_duration_stats_ns": {
        "count": 2.0,
        "sum": 17072056.0,
        "mean": 8536028.0,
        "median": 8746044.0,
        "min": 8326012,
        "max": 8746044,
        "variance_ns2": 88213440512.0,
        "iqr_ns": 420032.0,
        "q1_ns": 8326012.0,
        "q3_ns": 8746044.0
      },
      "futex_op_counts": {
        "128": 2
      },
      "first_seen_ts_ns": 8707739935366,
      "last_seen_ts_ns": 8707766049375
    },
    {
      "tgid": 219771,
      "comm": "xhpcg",
      "cgroup_id": 76311,
      "wait_duration_stats_ns": {
        "count": 2.0,
        "sum": 17006674.0,
        "mean": 8503337.0,
        "median": 9438432.0,
        "min": 7568242,
        "max": 9438432,
        "variance_ns2": 1748805318050.0,
        "iqr_ns": 1870190.0,
        "q1_ns": 7568242.0,
        "q3_ns": 9438432.0
      },
      "futex_op_counts": {
        "128": 2
      },
      "first_seen_ts_ns": 8707738939209,
      "last_seen_ts_ns": 8707765821729
    },
    {
      "tgid": 219796,
      "comm": "xhpcg",
      "cgroup_id": 76311,
      "wait_duration_stats_ns": {
        "count": 2.0,
        "sum": 16968293.0,
        "mean": 8484146.5,
        "median": 9176165.0,
        "min": 7792128,
        "max": 9176165,
        "variance_ns2": 957779208684.5,
        "iqr_ns": 1384037.0,
        "q1_ns": 7792128.0,
        "q3_ns": 9176165.0
      },
      "futex_op_counts": {
        "128": 2
      },
      "first_seen_ts_ns": 8707740426759,
      "last_seen_ts_ns": 8707766070026
    },
    {
      "tgid": 219788,
      "comm": "xhpcg",
      "cgroup_id": 76311,
      "wait_duration_stats_ns": {
        "count": 2.0,
        "sum": 16960272.0,
        "mean": 8480136.0,
        "median": 8492656.0,
        "min": 8467616,
        "max": 8492656,
        "variance_ns2": 313500800.0,
        "iqr_ns": 25040.0,
        "q1_ns": 8467616.0,
        "q3_ns": 8492656.0
      },
      "futex_op_counts": {
        "128": 2
      },
      "first_seen_ts_ns": 8707739683949,
      "last_seen_ts_ns": 8707767056102
    },
    {
      "tgid": 219773,
      "comm": "xhpcg",
      "cgroup_id": 76311,
      "wait_duration_stats_ns": {
        "count": 2.0,
        "sum": 16759717.0,
        "mean": 8379858.5,
        "median": 9148984.0,
        "min": 7610733,
        "max": 9148984,
        "variance_ns2": 1183108069500.5,
        "iqr_ns": 1538251.0,
        "q1_ns": 7610733.0,
        "q3_ns": 9148984.0
      },
      "futex_op_counts": {
        "128": 2
      },
      "first_seen_ts_ns": 8707740492881,
      "last_seen_ts_ns": 8707766045995
    },
    {
      "tgid": 219798,
      "comm": "xhpcg",
      "cgroup_id": 76311,
      "wait_duration_stats_ns": {
        "count": 2.0,
        "sum": 16751388.0,
        "mean": 8375694.0,
        "median": 8565359.0,
        "min": 8186029,
        "max": 8565359,
        "variance_ns2": 71945624450.0,
        "iqr_ns": 379330.0,
        "q1_ns": 8186029.0,
        "q3_ns": 8565359.0
      },
      "futex_op_counts": {
        "128": 2
      },
      "first_seen_ts_ns": 8707739748641,
      "last_seen_ts_ns": 8707765300485
    },
    {
      "tgid": 219772,
      "comm": "xhpcg",
      "cgroup_id": 76311,
      "wait_duration_stats_ns": {
        "count": 2.0,
        "sum": 16639415.0,
        "mean": 8319707.5,
        "median": 8536328.0,
        "min": 8103087,
        "max": 8536328,
        "variance_ns2": 93848882040.5,
        "iqr_ns": 433241.0,
        "q1_ns": 8103087.0,
        "q3_ns": 8536328.0
      },
      "futex_op_counts": {
        "128": 2
      },
      "first_seen_ts_ns": 8707739394372,
      "last_seen_ts_ns": 8707766174718
    },
    {
      "tgid": 219778,
      "comm": "xhpcg",
      "cgroup_id": 76311,
      "wait_duration_stats_ns": {
        "count": 2.0,
        "sum": 16561992.0,
        "mean": 8280996.0,
        "median": 8554228.0,
        "min": 8007764,
        "max": 8554228,
        "variance_ns2": 149311451648.0,
        "iqr_ns": 546464.0,
        "q1_ns": 8007764.0,
        "q3_ns": 8554228.0
      },
      "futex_op_counts": {
        "128": 2
      },
      "first_seen_ts_ns": 8707739938906,
      "last_seen_ts_ns": 8707765214293
    },
    {
      "tgid": 219780,
      "comm": "xhpcg",
      "cgroup_id": 76311,
      "wait_duration_stats_ns": {
        "count": 2.0,
        "sum": 16404348.0,
        "mean": 8202174.0,
        "median": 9373460.0,
        "min": 7030888,
        "max": 9373460,
        "variance_ns2": 2743821787592.0,
        "iqr_ns": 2342572.0,
        "q1_ns": 7030888.0,
        "q3_ns": 9373460.0
      },
      "futex_op_counts": {
        "128": 2
      },
      "first_seen_ts_ns": 8707740794499,
      "last_seen_ts_ns": 8707765222433
    },
    {
      "tgid": 219769,
      "comm": "xhpcg",
      "cgroup_id": 76311,
      "wait_duration_stats_ns": {
        "count": 2.0,
        "sum": 16080330.0,
        "mean": 8040165.0,
        "median": 9190035.0,
        "min": 6890295,
        "max": 9190035,
        "variance_ns2": 2644402033800.0,
        "iqr_ns": 2299740.0,
        "q1_ns": 6890295.0,
        "q3_ns": 9190035.0
      },
      "futex_op_counts": {
        "128": 2
      },
      "first_seen_ts_ns": 8707740576993,
      "last_seen_ts_ns": 8707765205623
    },
    {
      "tgid": 219812,
      "comm": "xhpcg",
      "cgroup_id": 76311,
      "wait_duration_stats_ns": {
        "count": 2.0,
        "sum": 15842302.0,
        "mean": 7921151.0,
        "median": 9076832.0,
        "min": 6765470,
        "max": 9076832,
        "variance_ns2": 2671197147522.0,
        "iqr_ns": 2311362.0,
        "q1_ns": 6765470.0,
        "q3_ns": 9076832.0
      },
      "futex_op_counts": {
        "128": 2
      },
      "first_seen_ts_ns": 8707739055772,
      "last_seen_ts_ns": 8707765348296
    },
    {
      "tgid": 219770,
      "comm": "xhpcg",
      "cgroup_id": 76311,
      "wait_duration_stats_ns": {
        "count": 2.0,
        "sum": 15679398.0,
        "mean": 7839699.0,
        "median": 8714983.0,
        "min": 6964415,
        "max": 8714983,
        "variance_ns2": 1532244161312.0,
        "iqr_ns": 1750568.0,
        "q1_ns": 6964415.0,
        "q3_ns": 8714983.0
      },
      "futex_op_counts": {
        "128": 2
      },
      "first_seen_ts_ns": 8707739998408,
      "last_seen_ts_ns": 8707765200432
    },
    {
      "tgid": 219547,
      "comm": "flux-broker-0",
      "cgroup_id": 76311,
      "wait_duration_stats_ns": {
        "count": 108.0,
        "sum": 330656.0,
        "mean": 3061.6296296296296,
        "median": 1418.461409902152,
        "min": 789,
        "max": 25911,
        "variance_ns2": 21792479.93631015,
        "iqr_ns": 1446.2889611167511,
        "q1_ns": 1070.6444745571553,
        "q3_ns": 2516.9334356739064
      },
      "futex_op_counts": {
        "128": 108
      },
      "first_seen_ts_ns": 8707188375788,
      "last_seen_ts_ns": 8713005035208
    },
    {
      "tgid": 1,
      "comm": "systemd",
      "cgroup_id": 23,
      "wait_duration_stats_ns": {
        "count": 1.0,
        "sum": 2600.0,
        "mean": 2600.0,
        "median": 2600.0,
        "min": 2600,
        "max": 2600,
        "variance_ns2": null,
        "iqr_ns": 0.0,
        "q1_ns": 2600.0,
        "q3_ns": 2600.0
      },
      "futex_op_counts": {
        "128": 1
      },
      "first_seen_ts_ns": 8712990600002,
      "last_seen_ts_ns": 8712990600002
    }
  ]
}
[06:44:02] Cleanup complete.
