ln: failed to create symbolic link '/mnt/flux/view/lib/python': File exists
ln: failed to create symbolic link '/mnt/flux/view/lib/python3': File exists
unlimited
PROGRAM: futex
Looking for /opt/programs/futex/ebpf-collect.c
[03:49:39] Starting eBPF (Tracepoints for futex syscalls).
[03:49:40] BPF program loaded and tracepoints automatically attached.
[03:49:40] Start Indicator file defined '/mnt/flux/start_ebpf_collection'. Waiting.
[03:49:45] Start indicator found. Proceeding.
[03:49:45] Ring buffers opened. Polling for events...
[03:50:47] 
Indicator file '/mnt/flux/stop_ebpf_collection' found. Stopping.
[03:50:47] Cleaning up BPF resources...
{
  "final_aggregated_futex_summary_river": [
    {
      "tgid": 4405,
      "comm": "containerd",
      "cgroup_id": 4085,
      "wait_duration_stats_ns": {
        "count": 5486.0,
        "sum": 1015192015966.0013,
        "mean": 185051406.483048,
        "median": 3453645.579175822,
        "min": 406,
        "max": 59190958666,
        "variance_ns2": 3.6893462417889e+18,
        "iqr_ns": 75089621.43553059,
        "q1_ns": 75483.89614813095,
        "q3_ns": 75165105.33167872
      },
      "futex_op_counts": {
        "128": 5486
      },
      "first_seen_ts_ns": 9441668811215,
      "last_seen_ts_ns": 9508632145573
    },
    {
      "tgid": 4465,
      "comm": "kubelet",
      "cgroup_id": 4138,
      "wait_duration_stats_ns": {
        "count": 6615.0,
        "sum": 494024090847.0007,
        "mean": 74682402.24444455,
        "median": 11766270.74196753,
        "min": 478,
        "max": 29485546964,
        "variance_ns2": 7.960446836062986e+17,
        "iqr_ns": 32360645.45060426,
        "q1_ns": 1303226.3920675274,
        "q3_ns": 33663871.84267179
      },
      "futex_op_counts": {
        "128": 6615
      },
      "first_seen_ts_ns": 9441602765719,
      "last_seen_ts_ns": 9508639452754
    },
    {
      "tgid": 4548,
      "comm": "containerd-shim",
      "cgroup_id": 4085,
      "wait_duration_stats_ns": {
        "count": 787.0,
        "sum": 429294964867.0001,
        "mean": 545482801.6099112,
        "median": 1472359.2606941648,
        "min": 501,
        "max": 9824382399,
        "variance_ns2": 2.1131349958587894e+18,
        "iqr_ns": 41093118.13398742,
        "q1_ns": 105958.05816661585,
        "q3_ns": 41199076.192154035
      },
      "futex_op_counts": {
        "128": 787
      },
      "first_seen_ts_ns": 9442020883494,
      "last_seen_ts_ns": 9507343041094
    },
    {
      "tgid": 185409,
      "comm": "containerd-shim",
      "cgroup_id": 4085,
      "wait_duration_stats_ns": {
        "count": 88.0,
        "sum": 315984985213.0,
        "mean": 3590738468.3295455,
        "median": 70218177.65842329,
        "min": 772,
        "max": 59996038924,
        "variance_ns2": 6.8810843312578265e+19,
        "iqr_ns": 4188744726.7667613,
        "q1_ns": 252295.29890499738,
        "q3_ns": 4188997022.065666
      },
      "futex_op_counts": {
        "128": 88
      },
      "first_seen_ts_ns": 9446955930562,
      "last_seen_ts_ns": 9507358860316
    },
    {
      "tgid": 6092,
      "comm": "coredns",
      "cgroup_id": 5711,
      "wait_duration_stats_ns": {
        "count": 511.0,
        "sum": 310859407353.00006,
        "mean": 608335435.1330725,
        "median": 304526441.7992619,
        "min": 708,
        "max": 29898239414,
        "variance_ns2": 3.407082303350093e+18,
        "iqr_ns": 912148362.9997625,
        "q1_ns": 841296.4260070729,
        "q3_ns": 912989659.4257696
      },
      "futex_op_counts": {
        "128": 511
      },
      "first_seen_ts_ns": 9441813483168,
      "last_seen_ts_ns": 9507814265110
    },
    {
      "tgid": 5724,
      "comm": "containerd-shim",
      "cgroup_id": 4085,
      "wait_duration_stats_ns": {
        "count": 76.0,
        "sum": 308538695883.99994,
        "mean": 4059719682.68421,
        "median": 451311494.116024,
        "min": 888,
        "max": 59999676035,
        "variance_ns2": 7.58291163251402e+19,
        "iqr_ns": 3841395279.539191,
        "q1_ns": 554875.4851223403,
        "q3_ns": 3841950155.024313
      },
      "futex_op_counts": {
        "128": 76
      },
      "first_seen_ts_ns": 9446957970515,
      "last_seen_ts_ns": 9507342026133
    },
    {
      "tgid": 5961,
      "comm": "containerd-shim",
      "cgroup_id": 4085,
      "wait_duration_stats_ns": {
        "count": 80.0,
        "sum": 308192617897.0,
        "mean": 3852407723.7125,
        "median": 367816683.94238997,
        "min": 464,
        "max": 30001010917,
        "variance_ns2": 5.021457525030166e+19,
        "iqr_ns": 4606681372.91245,
        "q1_ns": 5234664.710212517,
        "q3_ns": 4611916037.622663
      },
      "futex_op_counts": {
        "128": 80
      },
      "first_seen_ts_ns": 9446957465815,
      "last_seen_ts_ns": 9507341336775
    },
    {
      "tgid": 185660,
      "comm": "containerd-shim",
      "cgroup_id": 4085,
      "wait_duration_stats_ns": {
        "count": 302.0,
        "sum": 307677217964.00006,
        "mean": 1018798734.9801326,
        "median": 13436679.38480309,
        "min": 706,
        "max": 27924036601,
        "variance_ns2": 1.255020275538873e+19,
        "iqr_ns": 28928473.211174965,
        "q1_ns": 552024.133855716,
        "q3_ns": 29480497.34503068
      },
      "futex_op_counts": {
        "128": 302
      },
      "first_seen_ts_ns": 9442015771643,
      "last_seen_ts_ns": 9508661069237
    },
    {
      "tgid": 6095,
      "comm": "coredns",
      "cgroup_id": 5781,
      "wait_duration_stats_ns": {
        "count": 439.0,
        "sum": 306875177339.00006,
        "mean": 699032294.621868,
        "median": 392149088.2869011,
        "min": 1661,
        "max": 36000053077,
        "variance_ns2": 4.800496272825567e+18,
        "iqr_ns": 930516109.8673161,
        "q1_ns": 17316649.86734862,
        "q3_ns": 947832759.7346648
      },
      "futex_op_counts": {
        "128": 439
      },
      "first_seen_ts_ns": 9441816557804,
      "last_seen_ts_ns": 9507817639041
    },
    {
      "tgid": 5642,
      "comm": "containerd-shim",
      "cgroup_id": 4085,
      "wait_duration_stats_ns": {
        "count": 79.0,
        "sum": 278999186773.0,
        "mean": 3531635275.607595,
        "median": 361526296.20468855,
        "min": 677,
        "max": 30001307104,
        "variance_ns2": 4.8426528833537204e+19,
        "iqr_ns": 3404846433.367059,
        "q1_ns": 9471176.408048397,
        "q3_ns": 3414317609.775108
      },
      "futex_op_counts": {
        "128": 79
      },
      "first_seen_ts_ns": 9446955431607,
      "last_seen_ts_ns": 9507338522578
    },
    {
      "tgid": 5720,
      "comm": "containerd-shim",
      "cgroup_id": 4085,
      "wait_duration_stats_ns": {
        "count": 69.0,
        "sum": 278535172357.9999,
        "mean": 4036741628.3768096,
        "median": 895884523.1022644,
        "min": 533,
        "max": 30003032513,
        "variance_ns2": 4.705624735118623e+19,
        "iqr_ns": 4630762827.017261,
        "q1_ns": 21023925.716356277,
        "q3_ns": 4651786752.733617
      },
      "futex_op_counts": {
        "128": 69
      },
      "first_seen_ts_ns": 9446954941269,
      "last_seen_ts_ns": 9507340736592
    },
    {
      "tgid": 4546,
      "comm": "containerd-shim",
      "cgroup_id": 4085,
      "wait_duration_stats_ns": {
        "count": 72.0,
        "sum": 255950358412.9999,
        "mean": 3554866089.069443,
        "median": 479615886.9373174,
        "min": 497,
        "max": 29998436728,
        "variance_ns2": 3.69350290041026e+19,
        "iqr_ns": 5581113433.1472645,
        "q1_ns": 46820291.71600326,
        "q3_ns": 5627933724.863268
      },
      "futex_op_counts": {
        "128": 72
      },
      "first_seen_ts_ns": 9446956957626,
      "last_seen_ts_ns": 9507342562816
    },
    {
      "tgid": 7070,
      "comm": "containerd-shim",
      "cgroup_id": 4085,
      "wait_duration_stats_ns": {
        "count": 135.0,
        "sum": 255949509977.00003,
        "mean": 1895922296.1259263,
        "median": 32757869.019994184,
        "min": 627,
        "max": 30004603952,
        "variance_ns2": 2.1003494132566938e+19,
        "iqr_ns": 791869839.3433816,
        "q1_ns": 3102671.3300234796,
        "q3_ns": 794972510.6734052
      },
      "futex_op_counts": {
        "128": 135
      },
      "first_seen_ts_ns": 9442021366000,
      "last_seen_ts_ns": 9507344570663
    },
    {
      "tgid": 7250,
      "comm": "manager",
      "cgroup_id": 6249,
      "wait_duration_stats_ns": {
        "count": 523.0,
        "sum": 250942866874.99988,
        "mean": 479814277.00764793,
        "median": 306882956.42976725,
        "min": 972,
        "max": 49706076625,
        "variance_ns2": 5.169251527769021e+18,
        "iqr_ns": 471554941.8645677,
        "q1_ns": 14173739.63294154,
        "q3_ns": 485728681.49750924
      },
      "futex_op_counts": {
        "128": 523
      },
      "first_seen_ts_ns": 9441935737777,
      "last_seen_ts_ns": 9508436714019
    },
    {
      "tgid": 6191,
      "comm": "metrics-server",
      "cgroup_id": 5921,
      "wait_duration_stats_ns": {
        "count": 1132.0,
        "sum": 246907467878.00003,
        "mean": 218116137.70141345,
        "median": 80727590.91782828,
        "min": 5193,
        "max": 16409014989,
        "variance_ns2": 8.714242430989475e+17,
        "iqr_ns": 124989637.7849375,
        "q1_ns": 28307034.885208614,
        "q3_ns": 153296672.6701461
      },
      "futex_op_counts": {
        "128": 1132
      },
      "first_seen_ts_ns": 9441835587200,
      "last_seen_ts_ns": 9508366845389
    },
    {
      "tgid": 6187,
      "comm": "metrics-server",
      "cgroup_id": 5851,
      "wait_duration_stats_ns": {
        "count": 1285.0,
        "sum": 244390067500.99997,
        "mean": 190186822.95797664,
        "median": 107850841.3602666,
        "min": 984,
        "max": 9998812937,
        "variance_ns2": 3.198075326900111e+17,
        "iqr_ns": 168657190.18263412,
        "q1_ns": 55681115.62924351,
        "q3_ns": 224338305.81187764
      },
      "futex_op_counts": {
        "128": 1285
      },
      "first_seen_ts_ns": 9441662299780,
      "last_seen_ts_ns": 9508534329927
    },
    {
      "tgid": 4983,
      "comm": "aws-k8s-agent",
      "cgroup_id": 5011,
      "wait_duration_stats_ns": {
        "count": 260.0,
        "sum": 240193503300.0001,
        "mean": 923821166.5384619,
        "median": 37819629.790260516,
        "min": 4851,
        "max": 21112001960,
        "variance_ns2": 7.322040299572656e+18,
        "iqr_ns": 863835554.6688784,
        "q1_ns": 302825.6792497844,
        "q3_ns": 864138380.3481282
      },
      "futex_op_counts": {
        "128": 260
      },
      "first_seen_ts_ns": 9448710052955,
      "last_seen_ts_ns": 9506603642797
    },
    {
      "tgid": 4697,
      "comm": "kube-proxy",
      "cgroup_id": 4871,
      "wait_duration_stats_ns": {
        "count": 51.0,
        "sum": 218522813986.0,
        "mean": 4284761058.5490193,
        "median": 4168304978.470909,
        "min": 7873,
        "max": 30008634516,
        "variance_ns2": 3.5137824633600344e+19,
        "iqr_ns": 3783743580.147543,
        "q1_ns": 1095540693.9113243,
        "q3_ns": 4879284274.058867
      },
      "futex_op_counts": {
        "128": 51
      },
      "first_seen_ts_ns": 9447430046733,
      "last_seen_ts_ns": 9507425597425
    },
    {
      "tgid": 7155,
      "comm": "kube-rbac-proxy",
      "cgroup_id": 6179,
      "wait_duration_stats_ns": {
        "count": 41.0,
        "sum": 199816131981.99997,
        "mean": 4873564194.682926,
        "median": 5132774646.06272,
        "min": 1280,
        "max": 29991547385,
        "variance_ns2": 2.685446399713626e+19,
        "iqr_ns": 3761025517.568814,
        "q1_ns": 1384597758.32966,
        "q3_ns": 5145623275.898474
      },
      "futex_op_counts": {
        "128": 41
      },
      "first_seen_ts_ns": 9442121620788,
      "last_seen_ts_ns": 9507121648877
    },
    {
      "tgid": 5119,
      "comm": "controller",
      "cgroup_id": 5081,
      "wait_duration_stats_ns": {
        "count": 264.0,
        "sum": 183298031010.99997,
        "mean": 694310723.526515,
        "median": 496682848.5913861,
        "min": 9997487,
        "max": 10002852595,
        "variance_ns2": 2.0272096112505533e+18,
        "iqr_ns": 23712307.806432962,
        "q1_ns": 487150887.72984755,
        "q3_ns": 510863195.5362805
      },
      "futex_op_counts": {
        "128": 264
      },
      "first_seen_ts_ns": 9442301976200,
      "last_seen_ts_ns": 9508302381439
    },
    {
      "tgid": 4427,
      "comm": "ssm-agent-worke",
      "cgroup_id": 3429,
      "wait_duration_stats_ns": {
        "count": 101.0,
        "sum": 172796677091.00006,
        "mean": 1710858189.0198026,
        "median": 1421740756.0267262,
        "min": 4944,
        "max": 25131594473,
        "variance_ns2": 1.0210455983668586e+19,
        "iqr_ns": 1534879838.130671,
        "q1_ns": 616051993.4397386,
        "q3_ns": 2150931831.57041
      },
      "futex_op_counts": {
        "128": 101
      },
      "first_seen_ts_ns": 9447689334661,
      "last_seen_ts_ns": 9507078448973
    },
    {
      "tgid": 4966,
      "comm": "aws-vpc-cni",
      "cgroup_id": 5011,
      "wait_duration_stats_ns": {
        "count": 1.0,
        "sum": 60000069186.0,
        "mean": 60000069186.0,
        "median": 60000069186.0,
        "min": 60000069186,
        "max": 60000069186,
        "variance_ns2": null,
        "iqr_ns": 0.0,
        "q1_ns": 60000069186.0,
        "q3_ns": 60000069186.0
      },
      "futex_op_counts": {
        "128": 1
      },
      "first_seen_ts_ns": 9505470517234,
      "last_seen_ts_ns": 9505470517234
    },
    {
      "tgid": 186606,
      "comm": "runc",
      "cgroup_id": 4085,
      "wait_duration_stats_ns": {
        "count": 342.0,
        "sum": 3845523267.000001,
        "mean": 11244220.07894737,
        "median": 357234.2513369601,
        "min": 1503,
        "max": 360172222,
        "variance_ns2": 1834527509137604.2,
        "iqr_ns": 18279976.067071613,
        "q1_ns": 68689.04012777495,
        "q3_ns": 18348665.10719939
      },
      "futex_op_counts": {
        "128": 342
      },
      "first_seen_ts_ns": 9500220047830,
      "last_seen_ts_ns": 9500710632822
    },
    {
      "tgid": 186577,
      "comm": "runc",
      "cgroup_id": 4085,
      "wait_duration_stats_ns": {
        "count": 270.0,
        "sum": 3798714322.0000005,
        "mean": 14069312.303703705,
        "median": 1431900.5281174844,
        "min": 696,
        "max": 347944728,
        "variance_ns2": 2172982367054938.5,
        "iqr_ns": 11634131.924594773,
        "q1_ns": 96213.99526520325,
        "q3_ns": 11730345.919859976
      },
      "futex_op_counts": {
        "128": 270
      },
      "first_seen_ts_ns": 9493770042714,
      "last_seen_ts_ns": 9494168589178
    },
    {
      "tgid": 186477,
      "comm": "runc",
      "cgroup_id": 4085,
      "wait_duration_stats_ns": {
        "count": 260.0,
        "sum": 3440944845.0,
        "mean": 13234403.25,
        "median": 5199043.980096746,
        "min": 8496,
        "max": 370397602,
        "variance_ns2": 2080965598206396.8,
        "iqr_ns": 20350498.948102605,
        "q1_ns": 142101.64208772607,
        "q3_ns": 20492600.590190332
      },
      "futex_op_counts": {
        "128": 260
      },
      "first_seen_ts_ns": 9480210047410,
      "last_seen_ts_ns": 9480690731918
    },
    {
      "tgid": 186377,
      "comm": "runc",
      "cgroup_id": 4085,
      "wait_duration_stats_ns": {
        "count": 279.0,
        "sum": 3033201065.0,
        "mean": 10871688.405017922,
        "median": 4823822.848682244,
        "min": 861,
        "max": 424970382,
        "variance_ns2": 1480379552398088.0,
        "iqr_ns": 18593956.847846396,
        "q1_ns": 48642.521676107885,
        "q3_ns": 18642599.369522505
      },
      "futex_op_counts": {
        "128": 279
      },
      "first_seen_ts_ns": 9463770042789,
      "last_seen_ts_ns": 9464225198949
    },
    {
      "tgid": 4303,
      "comm": "amazon-ssm-agen",
      "cgroup_id": 3429,
      "wait_duration_stats_ns": {
        "count": 7.0,
        "sum": 3001336208.0000005,
        "mean": 428762315.4285715,
        "median": 821439599.1666666,
        "min": 244976,
        "max": 1001248317,
        "variance_ns2": 2.832603271633558e+17,
        "iqr_ns": 622657385.375,
        "q1_ns": 368589961.62500006,
        "q3_ns": 991247347.0
      },
      "futex_op_counts": {
        "128": 7
      },
      "first_seen_ts_ns": 9471870453015,
      "last_seen_ts_ns": 9472888433390
    },
    {
      "tgid": 186553,
      "comm": "runc",
      "cgroup_id": 4085,
      "wait_duration_stats_ns": {
        "count": 376.0,
        "sum": 2189706884.0,
        "mean": 5823688.521276596,
        "median": 206202.90169280762,
        "min": 2232,
        "max": 349936216,
        "variance_ns2": 1059412100980596.2,
        "iqr_ns": 5997993.89604855,
        "q1_ns": 37070.42892522338,
        "q3_ns": 6035064.324973773
      },
      "futex_op_counts": {
        "128": 376
      },
      "first_seen_ts_ns": 9490210045440,
      "last_seen_ts_ns": 9490583749557
    },
    {
      "tgid": 186455,
      "comm": "runc",
      "cgroup_id": 4085,
      "wait_duration_stats_ns": {
        "count": 223.0,
        "sum": 2115135839.0,
        "mean": 9484914.076233184,
        "median": 1185885.4111476282,
        "min": 8331,
        "max": 340532405,
        "variance_ns2": 2115143077880718.8,
        "iqr_ns": 3398701.991872684,
        "q1_ns": 30354.06162765638,
        "q3_ns": 3429056.0535003403
      },
      "futex_op_counts": {
        "128": 223
      },
      "first_seen_ts_ns": 9473770035675,
      "last_seen_ts_ns": 9474150689172
    },
    {
      "tgid": 186235,
      "comm": "runc",
      "cgroup_id": 4085,
      "wait_duration_stats_ns": {
        "count": 373.0,
        "sum": 1773732177.0000002,
        "mean": 4755314.147453084,
        "median": 290943.177253491,
        "min": 6435,
        "max": 277208057,
        "variance_ns2": 711867993933943.2,
        "iqr_ns": 1865762.6339617402,
        "q1_ns": 44297.36977653096,
        "q3_ns": 1910060.003738271
      },
      "futex_op_counts": {
        "128": 373
      },
      "first_seen_ts_ns": 9450210031772,
      "last_seen_ts_ns": 9450520757401
    },
    {
      "tgid": 186213,
      "comm": "xhpcg",
      "cgroup_id": 69099,
      "wait_duration_stats_ns": {
        "count": 219.0,
        "sum": 1662625449.9999995,
        "mean": 7591897.031963468,
        "median": 5876059.218590449,
        "min": 21941,
        "max": 49245828,
        "variance_ns2": 57807273674765.59,
        "iqr_ns": 7360973.636441547,
        "q1_ns": 3125001.9440048714,
        "q3_ns": 10485975.580446418
      },
      "futex_op_counts": {
        "128": 219
      },
      "first_seen_ts_ns": 9446994760635,
      "last_seen_ts_ns": 9465064498855
    },
    {
      "tgid": 186217,
      "comm": "xhpcg",
      "cgroup_id": 69099,
      "wait_duration_stats_ns": {
        "count": 244.0,
        "sum": 1660127436.9999993,
        "mean": 6803800.971311472,
        "median": 5639361.100436634,
        "min": 2784,
        "max": 48864478,
        "variance_ns2": 50093960675755.266,
        "iqr_ns": 6182899.866480667,
        "q1_ns": 2503450.423830845,
        "q3_ns": 8686350.290311512
      },
      "futex_op_counts": {
        "128": 244
      },
      "first_seen_ts_ns": 9446994967830,
      "last_seen_ts_ns": 9465064144318
    },
    {
      "tgid": 186210,
      "comm": "xhpcg",
      "cgroup_id": 69099,
      "wait_duration_stats_ns": {
        "count": 223.0,
        "sum": 1650764263.0000007,
        "mean": 7402530.3273542635,
        "median": 5375421.869854111,
        "min": 26173,
        "max": 49088399,
        "variance_ns2": 53027245644448.47,
        "iqr_ns": 7638089.164313475,
        "q1_ns": 2567915.2745235884,
        "q3_ns": 10206004.438837063
      },
      "futex_op_counts": {
        "128": 223
      },
      "first_seen_ts_ns": 9446994891538,
      "last_seen_ts_ns": 9465064577271
    },
    {
      "tgid": 186354,
      "comm": "runc",
      "cgroup_id": 4085,
      "wait_duration_stats_ns": {
        "count": 238.0,
        "sum": 1645809818.9999995,
        "mean": 6915167.306722688,
        "median": 3185797.9914289294,
        "min": 1865,
        "max": 246067984,
        "variance_ns2": 664560439976296.8,
        "iqr_ns": 10465910.234071555,
        "q1_ns": 42896.215066124336,
        "q3_ns": 10508806.449137678
      },
      "futex_op_counts": {
        "128": 238
      },
      "first_seen_ts_ns": 9460210037587,
      "last_seen_ts_ns": 9460516798732
    },
    {
      "tgid": 186500,
      "comm": "runc",
      "cgroup_id": 4085,
      "wait_duration_stats_ns": {
        "count": 243.0,
        "sum": 1640220711.9999998,
        "mean": 6749879.473251028,
        "median": 312691.86001340137,
        "min": 797,
        "max": 121235503,
        "variance_ns2": 429617592632380.06,
        "iqr_ns": 6305141.564840089,
        "q1_ns": 51248.72363771423,
        "q3_ns": 6356390.288477803
      },
      "futex_op_counts": {
        "128": 243
      },
      "first_seen_ts_ns": 9483780033633,
      "last_seen_ts_ns": 9484004317969
    },
    {
      "tgid": 186215,
      "comm": "xhpcg",
      "cgroup_id": 69099,
      "wait_duration_stats_ns": {
        "count": 224.0,
        "sum": 1629945356.0,
        "mean": 7276541.767857143,
        "median": 5444827.0607600035,
        "min": 25956,
        "max": 49103601,
        "variance_ns2": 52252616962241.99,
        "iqr_ns": 7003662.806327456,
        "q1_ns": 2296497.8847707296,
        "q3_ns": 9300160.691098185
      },
      "futex_op_counts": {
        "128": 224
      },
      "first_seen_ts_ns": 9446994755962,
      "last_seen_ts_ns": 9465064147896
    },
    {
      "tgid": 186214,
      "comm": "xhpcg",
      "cgroup_id": 69099,
      "wait_duration_stats_ns": {
        "count": 209.0,
        "sum": 1614534081.0000002,
        "mean": 7725043.449760767,
        "median": 5758027.026931823,
        "min": 25174,
        "max": 48711011,
        "variance_ns2": 59337436218123.266,
        "iqr_ns": 7753591.900743974,
        "q1_ns": 2882469.6095354576,
        "q3_ns": 10636061.510279432
      },
      "futex_op_counts": {
        "128": 209
      },
      "first_seen_ts_ns": 9446994966687,
      "last_seen_ts_ns": 9465064170476
    },
    {
      "tgid": 186220,
      "comm": "xhpcg",
      "cgroup_id": 69099,
      "wait_duration_stats_ns": {
        "count": 226.0,
        "sum": 1602146393.9999993,
        "mean": 7089143.336283183,
        "median": 5415531.229738342,
        "min": 2481,
        "max": 49225045,
        "variance_ns2": 55217898768378.695,
        "iqr_ns": 5940119.9454499185,
        "q1_ns": 2517309.720133659,
        "q3_ns": 8457429.665583577
      },
      "futex_op_counts": {
        "128": 226
      },
      "first_seen_ts_ns": 9446994781864,
      "last_seen_ts_ns": 9465064511316
    },
    {
      "tgid": 186211,
      "comm": "xhpcg",
      "cgroup_id": 69099,
      "wait_duration_stats_ns": {
        "count": 197.0,
        "sum": 1578319749.0,
        "mean": 8011775.3756345175,
        "median": 6015225.871314812,
        "min": 2864,
        "max": 49092165,
        "variance_ns2": 63788243891859.08,
        "iqr_ns": 10249212.799061697,
        "q1_ns": 2121773.569266268,
        "q3_ns": 12370986.368327966
      },
      "futex_op_counts": {
        "128": 197
      },
      "first_seen_ts_ns": 9446994773167,
      "last_seen_ts_ns": 9465064549481
    },
    {
      "tgid": 186212,
      "comm": "xhpcg",
      "cgroup_id": 69099,
      "wait_duration_stats_ns": {
        "count": 202.0,
        "sum": 1568494999.999999,
        "mean": 7764826.732673263,
        "median": 5773352.752433237,
        "min": 2558,
        "max": 49070207,
        "variance_ns2": 58621324294785.75,
        "iqr_ns": 7965152.832351326,
        "q1_ns": 2048723.3826139595,
        "q3_ns": 10013876.214965286
      },
      "futex_op_counts": {
        "128": 202
      },
      "first_seen_ts_ns": 9446995071572,
      "last_seen_ts_ns": 9465064143823
    },
    {
      "tgid": 186431,
      "comm": "runc",
      "cgroup_id": 4085,
      "wait_duration_stats_ns": {
        "count": 371.0,
        "sum": 1518690287.0000002,
        "mean": 4093504.8167115906,
        "median": 630397.0018803326,
        "min": 646,
        "max": 250484826,
        "variance_ns2": 395271537661370.3,
        "iqr_ns": 1807266.316339555,
        "q1_ns": 36617.40619587059,
        "q3_ns": 1843883.7225354256
      },
      "futex_op_counts": {
        "128": 371
      },
      "first_seen_ts_ns": 9470220050568,
      "last_seen_ts_ns": 9470480631673
    },
    {
      "tgid": 186407,
      "comm": "xhpcg",
      "cgroup_id": 69099,
      "wait_duration_stats_ns": {
        "count": 168.0,
        "sum": 1324805862.0,
        "mean": 7885749.178571429,
        "median": 5858231.887954281,
        "min": 33615,
        "max": 48823916,
        "variance_ns2": 56124660195437.87,
        "iqr_ns": 7819427.7071703505,
        "q1_ns": 3184083.073398461,
        "q3_ns": 11003510.780568812
      },
      "futex_op_counts": {
        "128": 168
      },
      "first_seen_ts_ns": 9465690334591,
      "last_seen_ts_ns": 9483998631171
    },
    {
      "tgid": 186410,
      "comm": "xhpcg",
      "cgroup_id": 69099,
      "wait_duration_stats_ns": {
        "count": 167.0,
        "sum": 1320768777.9999998,
        "mean": 7908795.077844311,
        "median": 5349754.164460395,
        "min": 77843,
        "max": 49078355,
        "variance_ns2": 55703342795344.36,
        "iqr_ns": 7232854.609437848,
        "q1_ns": 4003413.6019895924,
        "q3_ns": 11236268.21142744
      },
      "futex_op_counts": {
        "128": 167
      },
      "first_seen_ts_ns": 9465690338157,
      "last_seen_ts_ns": 9483998592205
    },
    {
      "tgid": 186413,
      "comm": "xhpcg",
      "cgroup_id": 69099,
      "wait_duration_stats_ns": {
        "count": 155.0,
        "sum": 1295898802.9999995,
        "mean": 8360637.438709674,
        "median": 5636647.301451687,
        "min": 69543,
        "max": 48905552,
        "variance_ns2": 65893667113265.63,
        "iqr_ns": 8965602.704728657,
        "q1_ns": 3550921.1147194398,
        "q3_ns": 12516523.819448097
      },
      "futex_op_counts": {
        "128": 155
      },
      "first_seen_ts_ns": 9465690354523,
      "last_seen_ts_ns": 9483998606908
    },
    {
      "tgid": 186405,
      "comm": "xhpcg",
      "cgroup_id": 69099,
      "wait_duration_stats_ns": {
        "count": 154.0,
        "sum": 1294082128.0000007,
        "mean": 8403130.701298706,
        "median": 6010358.747283225,
        "min": 20026,
        "max": 48653895,
        "variance_ns2": 61666180217117.1,
        "iqr_ns": 8131130.124209851,
        "q1_ns": 4110145.8384277043,
        "q3_ns": 12241275.962637555
      },
      "futex_op_counts": {
        "128": 154
      },
      "first_seen_ts_ns": 9465690419476,
      "last_seen_ts_ns": 9483998636905
    },
    {
      "tgid": 186409,
      "comm": "xhpcg",
      "cgroup_id": 69099,
      "wait_duration_stats_ns": {
        "count": 151.0,
        "sum": 1281720722.9999995,
        "mean": 8488216.708609268,
        "median": 6040067.503003997,
        "min": 52974,
        "max": 49625220,
        "variance_ns2": 62987408259849.2,
        "iqr_ns": 9936293.555526894,
        "q1_ns": 3953754.6590468106,
        "q3_ns": 13890048.214573704
      },
      "futex_op_counts": {
        "128": 151
      },
      "first_seen_ts_ns": 9465690249037,
      "last_seen_ts_ns": 9483998613989
    },
    {
      "tgid": 186331,
      "comm": "runc",
      "cgroup_id": 4085,
      "wait_duration_stats_ns": {
        "count": 228.0,
        "sum": 1272820591.0,
        "mean": 5582546.451754386,
        "median": 222349.92938749774,
        "min": 5996,
        "max": 198352315,
        "variance_ns2": 868687632322853.8,
        "iqr_ns": 2315847.922850928,
        "q1_ns": 34036.33933914053,
        "q3_ns": 2349884.262190068
      },
      "futex_op_counts": {
        "128": 228
      },
      "first_seen_ts_ns": 9453760035752,
      "last_seen_ts_ns": 9453985769560
    },
    {
      "tgid": 186406,
      "comm": "xhpcg",
      "cgroup_id": 69099,
      "wait_duration_stats_ns": {
        "count": 152.0,
        "sum": 1271908293.0000007,
        "mean": 8367817.717105268,
        "median": 6142155.976268522,
        "min": 41748,
        "max": 49061241,
        "variance_ns2": 63229558055425.37,
        "iqr_ns": 7681169.205278246,
        "q1_ns": 4117481.5350044766,
        "q3_ns": 11798650.740282722
      },
      "futex_op_counts": {
        "128": 152
      },
      "first_seen_ts_ns": 9465690301132,
      "last_seen_ts_ns": 9483998613560
    },
    {
      "tgid": 186415,
      "comm": "xhpcg",
      "cgroup_id": 69099,
      "wait_duration_stats_ns": {
        "count": 141.0,
        "sum": 1268477061.0000005,
        "mean": 8996291.21276596,
        "median": 6521165.789905215,
        "min": 25331,
        "max": 49056099,
        "variance_ns2": 67937221972991.69,
        "iqr_ns": 10607970.148876866,
        "q1_ns": 4261206.542937145,
        "q3_ns": 14869176.691814011
      },
      "futex_op_counts": {
        "128": 141
      },
      "first_seen_ts_ns": 9465690330255,
      "last_seen_ts_ns": 9483998604576
    },
    {
      "tgid": 186408,
      "comm": "xhpcg",
      "cgroup_id": 69099,
      "wait_duration_stats_ns": {
        "count": 142.0,
        "sum": 1265178698.9999995,
        "mean": 8909709.147887321,
        "median": 5576007.810763849,
        "min": 27963,
        "max": 48893308,
        "variance_ns2": 71412330869621.1,
        "iqr_ns": 12087070.711137585,
        "q1_ns": 3262535.5311824614,
        "q3_ns": 15349606.242320046
      },
      "futex_op_counts": {
        "128": 142
      },
      "first_seen_ts_ns": 9465690635112,
      "last_seen_ts_ns": 9483998594638
    },
    {
      "tgid": 186532,
      "comm": "xhpcg",
      "cgroup_id": 69099,
      "wait_duration_stats_ns": {
        "count": 158.0,
        "sum": 1095821866.0,
        "mean": 6935581.4303797465,
        "median": 5468138.083801051,
        "min": 13162,
        "max": 49207732,
        "variance_ns2": 55557249092136.94,
        "iqr_ns": 4785210.128642976,
        "q1_ns": 2633196.1844190047,
        "q3_ns": 7418406.3130619805
      },
      "futex_op_counts": {
        "128": 158
      },
      "first_seen_ts_ns": 9484632089494,
      "last_seen_ts_ns": 9502673018969
    },
    {
      "tgid": 186533,
      "comm": "xhpcg",
      "cgroup_id": 69099,
      "wait_duration_stats_ns": {
        "count": 143.0,
        "sum": 1080483730.0000007,
        "mean": 7555830.279720284,
        "median": 5463692.01269689,
        "min": 42826,
        "max": 48878203,
        "variance_ns2": 61440112038222.32,
        "iqr_ns": 3920625.422409566,
        "q1_ns": 3518789.1502576917,
        "q3_ns": 7439414.572667258
      },
      "futex_op_counts": {
        "128": 143
      },
      "first_seen_ts_ns": 9484632601917,
      "last_seen_ts_ns": 9502671684607
    },
    {
      "tgid": 186539,
      "comm": "xhpcg",
      "cgroup_id": 69099,
      "wait_duration_stats_ns": {
        "count": 143.0,
        "sum": 1078569221.0000007,
        "mean": 7542442.104895109,
        "median": 5736886.931667267,
        "min": 29904,
        "max": 49254095,
        "variance_ns2": 63261349595533.46,
        "iqr_ns": 5001059.339866023,
        "q1_ns": 2871329.9198291646,
        "q3_ns": 7872389.259695187
      },
      "futex_op_counts": {
        "128": 143
      },
      "first_seen_ts_ns": 9484632180268,
      "last_seen_ts_ns": 9502671724549
    },
    {
      "tgid": 186530,
      "comm": "xhpcg",
      "cgroup_id": 69099,
      "wait_duration_stats_ns": {
        "count": 139.0,
        "sum": 1058994728.9999998,
        "mean": 7618667.115107912,
        "median": 5306056.493593548,
        "min": 22816,
        "max": 48679639,
        "variance_ns2": 63073455984877.18,
        "iqr_ns": 8918802.759764828,
        "q1_ns": 2894995.6031340314,
        "q3_ns": 11813798.362898858
      },
      "futex_op_counts": {
        "128": 139
      },
      "first_seen_ts_ns": 9484632621928,
      "last_seen_ts_ns": 9502671635793
    },
    {
      "tgid": 186536,
      "comm": "xhpcg",
      "cgroup_id": 69099,
      "wait_duration_stats_ns": {
        "count": 131.0,
        "sum": 1042618884.0000002,
        "mean": 7958922.778625956,
        "median": 5936258.822387328,
        "min": 33309,
        "max": 49087447,
        "variance_ns2": 73379325272166.53,
        "iqr_ns": 7852748.771474434,
        "q1_ns": 1878174.8549663832,
        "q3_ns": 9730923.626440817
      },
      "futex_op_counts": {
        "128": 131
      },
      "first_seen_ts_ns": 9484632377975,
      "last_seen_ts_ns": 9502673042543
    },
    {
      "tgid": 186529,
      "comm": "xhpcg",
      "cgroup_id": 69099,
      "wait_duration_stats_ns": {
        "count": 135.0,
        "sum": 1042046910.0000004,
        "mean": 7718866.000000003,
        "median": 5463602.763457061,
        "min": 35004,
        "max": 49077604,
        "variance_ns2": 65360922118335.734,
        "iqr_ns": 5972833.596937051,
        "q1_ns": 2487350.925371329,
        "q3_ns": 8460184.52230838
      },
      "futex_op_counts": {
        "128": 135
      },
      "first_seen_ts_ns": 9484632213553,
      "last_seen_ts_ns": 9502671700927
    },
    {
      "tgid": 186531,
      "comm": "xhpcg",
      "cgroup_id": 69099,
      "wait_duration_stats_ns": {
        "count": 128.0,
        "sum": 1041626783.0000001,
        "mean": 8137709.242187501,
        "median": 5817854.80484395,
        "min": 29837,
        "max": 49248196,
        "variance_ns2": 67996502404486.92,
        "iqr_ns": 8535022.157374427,
        "q1_ns": 2786577.083794752,
        "q3_ns": 11321599.241169179
      },
      "futex_op_counts": {
        "128": 128
      },
      "first_seen_ts_ns": 9484632113018,
      "last_seen_ts_ns": 9502671637454
    },
    {
      "tgid": 186534,
      "comm": "xhpcg",
      "cgroup_id": 69099,
      "wait_duration_stats_ns": {
        "count": 120.0,
        "sum": 1006803052.0000002,
        "mean": 8390025.433333335,
        "median": 5287152.138910049,
        "min": 28294,
        "max": 49349224,
        "variance_ns2": 82348236569355.78,
        "iqr_ns": 12531579.582423225,
        "q1_ns": 1630261.9355883948,
        "q3_ns": 14161841.51801162
      },
      "futex_op_counts": {
        "128": 120
      },
      "first_seen_ts_ns": 9484632096079,
      "last_seen_ts_ns": 9502671658520
    },
    {
      "tgid": 186465,
      "comm": "runc:[2:INIT]",
      "cgroup_id": 5011,
      "wait_duration_stats_ns": {
        "count": 22.0,
        "sum": 931510717.0,
        "mean": 42341396.22727273,
        "median": 17127166.93016267,
        "min": 911,
        "max": 192557695,
        "variance_ns2": 3983956533317840.0,
        "iqr_ns": 38361092.90628157,
        "q1_ns": 9933016.0,
        "q3_ns": 48294108.90628157
      },
      "futex_op_counts": {
        "128": 22
      },
      "first_seen_ts_ns": 9473920102785,
      "last_seen_ts_ns": 9474152627203
    },
    {
      "tgid": 186618,
      "comm": "runc:[2:INIT]",
      "cgroup_id": 5011,
      "wait_duration_stats_ns": {
        "count": 26.0,
        "sum": 929857877.0,
        "mean": 35763764.5,
        "median": 19584134.69961845,
        "min": 2738,
        "max": 159809088,
        "variance_ns2": 2509229002439061.0,
        "iqr_ns": 19376201.758930974,
        "q1_ns": 6672084.7759054,
        "q3_ns": 26048286.534836374
      },
      "futex_op_counts": {
        "128": 26
      },
      "first_seen_ts_ns": 9500520053870,
      "last_seen_ts_ns": 9500720072560
    },
    {
      "tgid": 186563,
      "comm": "runc:[2:INIT]",
      "cgroup_id": 5011,
      "wait_duration_stats_ns": {
        "count": 23.0,
        "sum": 899433681.0000002,
        "mean": 39105812.21739131,
        "median": 15776985.883605292,
        "min": 33318,
        "max": 181709944,
        "variance_ns2": 3630721149950410.0,
        "iqr_ns": 64913391.227028206,
        "q1_ns": 3118731.3488234696,
        "q3_ns": 68032122.57585168
      },
      "futex_op_counts": {
        "128": 23
      },
      "first_seen_ts_ns": 9490400048846,
      "last_seen_ts_ns": 9490600113665
    },
    {
      "tgid": 186489,
      "comm": "runc:[2:INIT]",
      "cgroup_id": 5011,
      "wait_duration_stats_ns": {
        "count": 23.0,
        "sum": 877829245.0000001,
        "mean": 38166488.913043484,
        "median": 25676073.44525744,
        "min": 2105957,
        "max": 129938531,
        "variance_ns2": 1480368533601836.2,
        "iqr_ns": 34560524.9050024,
        "q1_ns": 10564749.226108942,
        "q3_ns": 45125274.13111134
      },
      "futex_op_counts": {
        "128": 23
      },
      "first_seen_ts_ns": 9480530033646,
      "last_seen_ts_ns": 9480710044569
    },
    {
      "tgid": 186245,
      "comm": "runc:[2:INIT]",
      "cgroup_id": 5011,
      "wait_duration_stats_ns": {
        "count": 25.0,
        "sum": 863458892.9999998,
        "mean": 34538355.71999999,
        "median": 23468740.65012207,
        "min": 728,
        "max": 180295123,
        "variance_ns2": 2104454020506544.0,
        "iqr_ns": 22546423.532351255,
        "q1_ns": 12219397.74875,
        "q3_ns": 34765821.28110126
      },
      "futex_op_counts": {
        "128": 25
      },
      "first_seen_ts_ns": 9450300033619,
      "last_seen_ts_ns": 9450540037197
    },
    {
      "tgid": 186341,
      "comm": "runc:[2:INIT]",
      "cgroup_id": 5011,
      "wait_duration_stats_ns": {
        "count": 20.0,
        "sum": 850509383.0,
        "mean": 42525469.15,
        "median": 9603490.244296424,
        "min": 62769,
        "max": 164963695,
        "variance_ns2": 4603783660951352.0,
        "iqr_ns": 91099061.27299047,
        "q1_ns": 1259744.7709324844,
        "q3_ns": 92358806.04392295
      },
      "futex_op_counts": {
        "128": 20
      },
      "first_seen_ts_ns": 9453810036046,
      "last_seen_ts_ns": 9453990164684
    },
    {
      "tgid": 186441,
      "comm": "runc:[2:INIT]",
      "cgroup_id": 5011,
      "wait_duration_stats_ns": {
        "count": 25.0,
        "sum": 820265302.0,
        "mean": 32810612.080000002,
        "median": 11385853.590017611,
        "min": 64089,
        "max": 134584404,
        "variance_ns2": 2157927905993049.8,
        "iqr_ns": 37296442.278639674,
        "q1_ns": 2012862.6541389497,
        "q3_ns": 39309304.93277863
      },
      "futex_op_counts": {
        "128": 25
      },
      "first_seen_ts_ns": 9470324965226,
      "last_seen_ts_ns": 9470490214476
    },
    {
      "tgid": 186591,
      "comm": "runc:[2:INIT]",
      "cgroup_id": 5011,
      "wait_duration_stats_ns": {
        "count": 20.0,
        "sum": 815844226.9999999,
        "mean": 40792211.349999994,
        "median": 1129064.3055428073,
        "min": 26715,
        "max": 215777977,
        "variance_ns2": 5248907975826688.0,
        "iqr_ns": 56849398.45667823,
        "q1_ns": 528571.0092757943,
        "q3_ns": 57377969.46595402
      },
      "futex_op_counts": {
        "128": 20
      },
      "first_seen_ts_ns": 9493950242459,
      "last_seen_ts_ns": 9494168831533
    },
    {
      "tgid": 186388,
      "comm": "runc:[2:INIT]",
      "cgroup_id": 5011,
      "wait_duration_stats_ns": {
        "count": 22.0,
        "sum": 724196071.0000001,
        "mean": 32918003.22727273,
        "median": 10552008.954287264,
        "min": 16269,
        "max": 119945180,
        "variance_ns2": 1571407348343428.8,
        "iqr_ns": 39060832.65202884,
        "q1_ns": 11113328.312608236,
        "q3_ns": 50174160.96463707
      },
      "futex_op_counts": {
        "128": 22
      },
      "first_seen_ts_ns": 9464080052480,
      "last_seen_ts_ns": 9464230038662
    },
    {
      "tgid": 186364,
      "comm": "runc:[2:INIT]",
      "cgroup_id": 5011,
      "wait_duration_stats_ns": {
        "count": 29.0,
        "sum": 593284322.0,
        "mean": 20458080.068965517,
        "median": 1662096.3365076398,
        "min": 1267,
        "max": 126882691,
        "variance_ns2": 1460581923949440.2,
        "iqr_ns": 36358799.090284295,
        "q1_ns": 580120.7174744916,
        "q3_ns": 36938919.807758786
      },
      "futex_op_counts": {
        "128": 29
      },
      "first_seen_ts_ns": 9460389016176,
      "last_seen_ts_ns": 9460516768291
    },
    {
      "tgid": 186830,
      "comm": "runc",
      "cgroup_id": 4085,
      "wait_duration_stats_ns": {
        "count": 427.0,
        "sum": 469066697.0000001,
        "mean": 1098516.854800937,
        "median": 59994.24756142583,
        "min": 7532,
        "max": 79510761,
        "variance_ns2": 74431289948239.78,
        "iqr_ns": 254274.79297553905,
        "q1_ns": 15954.16676490747,
        "q3_ns": 270228.95974044653
      },
      "futex_op_counts": {
        "128": 427
      },
      "first_seen_ts_ns": 9503750024666,
      "last_seen_ts_ns": 9503832246016
    },
    {
      "tgid": 186840,
      "comm": "runc:[2:INIT]",
      "cgroup_id": 5011,
      "wait_duration_stats_ns": {
        "count": 27.0,
        "sum": 368799206.0,
        "mean": 13659229.851851853,
        "median": 1368245.9997602408,
        "min": 452,
        "max": 74131983,
        "variance_ns2": 827821610410975.4,
        "iqr_ns": 14049464.564627353,
        "q1_ns": 17582.25,
        "q3_ns": 14067046.814627353
      },
      "futex_op_counts": {
        "128": 27
      },
      "first_seen_ts_ns": 9503757730571,
      "last_seen_ts_ns": 9503832173908
    },
    {
      "tgid": 186441,
      "comm": "grpc-health-pro",
      "cgroup_id": 5011,
      "wait_duration_stats_ns": {
        "count": 14.0,
        "sum": 361538327.0,
        "mean": 25824166.214285716,
        "median": 18845019.1828125,
        "min": 9965562,
        "max": 49952646,
        "variance_ns2": 189689732692867.38,
        "iqr_ns": 13453403.42952675,
        "q1_ns": 16141864.0,
        "q3_ns": 29595267.42952675
      },
      "futex_op_counts": {
        "128": 14
      },
      "first_seen_ts_ns": 9470530044927,
      "last_seen_ts_ns": 9470600065716
    },
    {
      "tgid": 186364,
      "comm": "grpc-health-pro",
      "cgroup_id": 5011,
      "wait_duration_stats_ns": {
        "count": 13.0,
        "sum": 303607178.0,
        "mean": 23354398.307692308,
        "median": 14285226.5425,
        "min": 1296733,
        "max": 55295050,
        "variance_ns2": 412040309516214.25,
        "iqr_ns": 12809008.414842004,
        "q1_ns": 10491419.912083333,
        "q3_ns": 23300428.326925337
      },
      "futex_op_counts": {
        "128": 13
      },
      "first_seen_ts_ns": 9460521272833,
      "last_seen_ts_ns": 9460585351795
    },
    {
      "tgid": 186512,
      "comm": "runc:[2:INIT]",
      "cgroup_id": 5011,
      "wait_duration_stats_ns": {
        "count": 26.0,
        "sum": 289040517.0,
        "mean": 11116942.961538462,
        "median": 6447516.526361805,
        "min": 11951,
        "max": 63335709,
        "variance_ns2": 334966524901493.9,
        "iqr_ns": 17723464.92309089,
        "q1_ns": 182268.2136072968,
        "q3_ns": 17905733.136698186
      },
      "futex_op_counts": {
        "128": 26
      },
      "first_seen_ts_ns": 9483940050006,
      "last_seen_ts_ns": 9484004157681
    },
    {
      "tgid": 186563,
      "comm": "grpc-health-pro",
      "cgroup_id": 5011,
      "wait_duration_stats_ns": {
        "count": 14.0,
        "sum": 284067223.0,
        "mean": 20290515.92857143,
        "median": 16925507.611111112,
        "min": 16304,
        "max": 57770562,
        "variance_ns2": 275711956183855.94,
        "iqr_ns": 21876641.693434924,
        "q1_ns": 4318210.125,
        "q3_ns": 26194851.818434924
      },
      "futex_op_counts": {
        "128": 14
      },
      "first_seen_ts_ns": 9490630036059,
      "last_seen_ts_ns": 9490690047825
    },
    {
      "tgid": 186245,
      "comm": "grpc-health-pro",
      "cgroup_id": 5011,
      "wait_duration_stats_ns": {
        "count": 15.0,
        "sum": 232789472.0,
        "mean": 15519298.133333333,
        "median": 12845380.71021412,
        "min": 9978,
        "max": 38481471,
        "variance_ns2": 175284700100492.56,
        "iqr_ns": 23538154.61681799,
        "q1_ns": 2028647.1962500003,
        "q3_ns": 25566801.813067988
      },
      "futex_op_counts": {
        "128": 15
      },
      "first_seen_ts_ns": 9450560030859,
      "last_seen_ts_ns": 9450600112600
    },
    {
      "tgid": 186618,
      "comm": "grpc-health-pro",
      "cgroup_id": 5011,
      "wait_duration_stats_ns": {
        "count": 12.0,
        "sum": 198033136.0,
        "mean": 16502761.333333334,
        "median": 17500569.86,
        "min": 940584,
        "max": 29955378,
        "variance_ns2": 74157727895936.98,
        "iqr_ns": 9641224.975925926,
        "q1_ns": 10069761.690740742,
        "q3_ns": 19710986.666666668
      },
      "futex_op_counts": {
        "128": 12
      },
      "first_seen_ts_ns": 9500750046255,
      "last_seen_ts_ns": 9500790044642
    },
    {
      "tgid": 186297,
      "comm": "aws-cni",
      "cgroup_id": 4085,
      "wait_duration_stats_ns": {
        "count": 113.0,
        "sum": 109694946.99999997,
        "mean": 970751.7433628317,
        "median": 91762.88526226906,
        "min": 6377,
        "max": 21759560,
        "variance_ns2": 9677053758307.191,
        "iqr_ns": 365712.6297369163,
        "q1_ns": 35332.427255358496,
        "q3_ns": 401045.05699227477
      },
      "futex_op_counts": {
        "128": 113
      },
      "first_seen_ts_ns": 9451984132353,
      "last_seen_ts_ns": 9452008639794
    },
    {
      "tgid": 186388,
      "comm": "grpc-health-pro",
      "cgroup_id": 5011,
      "wait_duration_stats_ns": {
        "count": 10.0,
        "sum": 107021517.0,
        "mean": 10702151.7,
        "median": 11726371.481481481,
        "min": 10460,
        "max": 19941027,
        "variance_ns2": 77459593016976.69,
        "iqr_ns": 13545029.779050928,
        "q1_ns": 1512726.0,
        "q3_ns": 15057755.779050928
      },
      "futex_op_counts": {
        "128": 10
      },
      "first_seen_ts_ns": 9464260051078,
      "last_seen_ts_ns": 9464280084220
    },
    {
      "tgid": 186274,
      "comm": "aws-cni",
      "cgroup_id": 4085,
      "wait_duration_stats_ns": {
        "count": 117.0,
        "sum": 68180702.00000003,
        "mean": 582741.042735043,
        "median": 60953.81784998999,
        "min": 825,
        "max": 8949677,
        "variance_ns2": 2821350939372.023,
        "iqr_ns": 424786.78033091314,
        "q1_ns": 21016.113429617773,
        "q3_ns": 445802.8937605309
      },
      "futex_op_counts": {
        "128": 117
      },
      "first_seen_ts_ns": 9451930500892,
      "last_seen_ts_ns": 9451947033925
    },
    {
      "tgid": 186341,
      "comm": "grpc-health-pro",
      "cgroup_id": 5011,
      "wait_duration_stats_ns": {
        "count": 12.0,
        "sum": 66045490.99999999,
        "mean": 5503790.916666666,
        "median": 2096405.9375,
        "min": 9979,
        "max": 19271156,
        "variance_ns2": 48760867980744.82,
        "iqr_ns": 5897751.309895833,
        "q1_ns": 78219.0,
        "q3_ns": 5975970.309895833
      },
      "futex_op_counts": {
        "128": 12
      },
      "first_seen_ts_ns": 9454015820138,
      "last_seen_ts_ns": 9454040056880
    },
    {
      "tgid": 186465,
      "comm": "grpc-health-pro",
      "cgroup_id": 5011,
      "wait_duration_stats_ns": {
        "count": 13.0,
        "sum": 49795063.0,
        "mean": 3830389.4615384615,
        "median": 3290504.540625,
        "min": 35726,
        "max": 12860691,
        "variance_ns2": 15406565122943.104,
        "iqr_ns": 3576167.2562500006,
        "q1_ns": 1401287.5187499998,
        "q3_ns": 4977454.775
      },
      "futex_op_counts": {
        "128": 13
      },
      "first_seen_ts_ns": 9474160201098,
      "last_seen_ts_ns": 9474180051413
    },
    {
      "tgid": 186291,
      "comm": "egress-cni",
      "cgroup_id": 4085,
      "wait_duration_stats_ns": {
        "count": 8.0,
        "sum": 33196186.0,
        "mean": 4149523.25,
        "median": 1671757.8333333333,
        "min": 546537,
        "max": 9131556,
        "variance_ns2": 14533189688157.645,
        "iqr_ns": 2946777.24691358,
        "q1_ns": 785967.0,
        "q3_ns": 3732744.24691358
      },
      "futex_op_counts": {
        "128": 8
      },
      "first_seen_ts_ns": 9451970021208,
      "last_seen_ts_ns": 9451980020968
    },
    {
      "tgid": 186591,
      "comm": "grpc-health-pro",
      "cgroup_id": 5011,
      "wait_duration_stats_ns": {
        "count": 9.0,
        "sum": 30171715.0,
        "mean": 3352412.777777778,
        "median": 2658639.25,
        "min": 108189,
        "max": 9922042,
        "variance_ns2": 9113847424993.695,
        "iqr_ns": 2124815.9094650205,
        "q1_ns": 1615580.0,
        "q3_ns": 3740395.9094650205
      },
      "futex_op_counts": {
        "128": 9
      },
      "first_seen_ts_ns": 9494175753662,
      "last_seen_ts_ns": 9494190042442
    },
    {
      "tgid": 186489,
      "comm": "grpc-health-pro",
      "cgroup_id": 5011,
      "wait_duration_stats_ns": {
        "count": 16.0,
        "sum": 23386754.0,
        "mean": 1461672.125,
        "median": 189204.94444444444,
        "min": 10776,
        "max": 12866252,
        "variance_ns2": 10069358319935.85,
        "iqr_ns": 1248414.3445470952,
        "q1_ns": 70024.0,
        "q3_ns": 1318438.3445470952
      },
      "futex_op_counts": {
        "128": 16
      },
      "first_seen_ts_ns": 9480725255028,
      "last_seen_ts_ns": 9480740061814
    },
    {
      "tgid": 186268,
      "comm": "egress-cni",
      "cgroup_id": 4085,
      "wait_duration_stats_ns": {
        "count": 9.0,
        "sum": 18513825.0,
        "mean": 2057091.6666666665,
        "median": 1070592.351851852,
        "min": 10889,
        "max": 6134958,
        "variance_ns2": 8745875169944.75,
        "iqr_ns": 1947238.1872427985,
        "q1_ns": 15818.0,
        "q3_ns": 1963056.1872427985
      },
      "futex_op_counts": {
        "128": 9
      },
      "first_seen_ts_ns": 9451919644640,
      "last_seen_ts_ns": 9451925919859
    },
    {
      "tgid": 186512,
      "comm": "grpc-health-pro",
      "cgroup_id": 5011,
      "wait_duration_stats_ns": {
        "count": 38.0,
        "sum": 10453743.999999998,
        "mean": 275098.52631578944,
        "median": 86841.3657066355,
        "min": 1162,
        "max": 1611336,
        "variance_ns2": 221028925615.98578,
        "iqr_ns": 182492.7727789213,
        "q1_ns": 17877.765308332222,
        "q3_ns": 200370.53808725352
      },
      "futex_op_counts": {
        "128": 38
      },
      "first_seen_ts_ns": 9484006688145,
      "last_seen_ts_ns": 9484009556136
    },
    {
      "tgid": 186840,
      "comm": "grpc-health-pro",
      "cgroup_id": 5011,
      "wait_duration_stats_ns": {
        "count": 35.0,
        "sum": 9262613.999999998,
        "mean": 264646.1142857142,
        "median": 50889.49056243774,
        "min": 9272,
        "max": 1408795,
        "variance_ns2": 187192023901.92773,
        "iqr_ns": 233844.14376015947,
        "q1_ns": 20930.19869251195,
        "q3_ns": 254774.3424526714
      },
      "futex_op_counts": {
        "128": 35
      },
      "first_seen_ts_ns": 9503834135016,
      "last_seen_ts_ns": 9503836699036
    },
    {
      "tgid": 186258,
      "comm": "loopback",
      "cgroup_id": 4085,
      "wait_duration_stats_ns": {
        "count": 9.0,
        "sum": 5020586.0,
        "mean": 557842.8888888889,
        "median": 714629.1666666666,
        "min": 38678,
        "max": 1447170,
        "variance_ns2": 226484869741.1111,
        "iqr_ns": 728535.5442708333,
        "q1_ns": 260483.2265625,
        "q3_ns": 989018.7708333333
      },
      "futex_op_counts": {
        "128": 9
      },
      "first_seen_ts_ns": 9451913809658,
      "last_seen_ts_ns": 9451914406442
    },
    {
      "tgid": 186286,
      "comm": "portmap",
      "cgroup_id": 4085,
      "wait_duration_stats_ns": {
        "count": 8.0,
        "sum": 2271708.0,
        "mean": 283963.5,
        "median": 161120.6111111111,
        "min": 18172,
        "max": 746848,
        "variance_ns2": 69906669894.57143,
        "iqr_ns": 209112.08641975306,
        "q1_ns": 38649.0,
        "q3_ns": 247761.08641975306
      },
      "futex_op_counts": {
        "128": 8
      },
      "first_seen_ts_ns": 9451962641524,
      "last_seen_ts_ns": 9451963544835
    },
    {
      "tgid": 186263,
      "comm": "portmap",
      "cgroup_id": 4085,
      "wait_duration_stats_ns": {
        "count": 8.0,
        "sum": 1877667.0,
        "mean": 234708.375,
        "median": 111426.88888888888,
        "min": 14448,
        "max": 679855,
        "variance_ns2": 54916651670.26786,
        "iqr_ns": 163384.7037037037,
        "q1_ns": 46513.0,
        "q3_ns": 209897.7037037037
      },
      "futex_op_counts": {
        "128": 8
      },
      "first_seen_ts_ns": 9451916106614,
      "last_seen_ts_ns": 9451916809186
    },
    {
      "tgid": 186281,
      "comm": "loopback",
      "cgroup_id": 4085,
      "wait_duration_stats_ns": {
        "count": 5.0,
        "sum": 1134422.0,
        "mean": 226884.40000000002,
        "median": 56309.0,
        "min": 11560,
        "max": 531443,
        "variance_ns2": 74396485881.29999,
        "iqr_ns": 502118.0,
        "q1_ns": 16496.0,
        "q3_ns": 518614.0
      },
      "futex_op_counts": {
        "128": 5
      },
      "first_seen_ts_ns": 9451959953253,
      "last_seen_ts_ns": 9451960576622
    },
    {
      "tgid": 186041,
      "comm": "flux-broker-0",
      "cgroup_id": 69099,
      "wait_duration_stats_ns": {
        "count": 267.0,
        "sum": 611704.9999999999,
        "mean": 2291.029962546816,
        "median": 1018.9649828517842,
        "min": 398,
        "max": 19579,
        "variance_ns2": 8618906.901354518,
        "iqr_ns": 1137.906648772881,
        "q1_ns": 680.2253910726503,
        "q3_ns": 1818.1320398455314
      },
      "futex_op_counts": {
        "128": 267
      },
      "first_seen_ts_ns": 9446622574732,
      "last_seen_ts_ns": 9508647173630
    }
  ]
}
[03:50:48] Cleanup complete.
