ln: failed to create symbolic link '/mnt/flux/view/lib/python': File exists
ln: failed to create symbolic link '/mnt/flux/view/lib/python3': File exists
unlimited
PROGRAM: futex
Looking for /opt/programs/futex/ebpf-collect.c
[05:53:32] Starting eBPF (Tracepoints for futex syscalls).
[05:53:32] BPF program loaded and tracepoints automatically attached.
[05:53:32] Start Indicator file defined '/mnt/flux/start_ebpf_collection'. Waiting.
[05:53:38] Start indicator found. Proceeding.
[05:53:38] Ring buffers opened. Polling for events...
[05:54:42] 
Indicator file '/mnt/flux/stop_ebpf_collection' found. Stopping.
[05:54:42] Cleaning up BPF resources...
{
  "final_aggregated_futex_summary_river": [
    {
      "tgid": 9200,
      "comm": "containerd",
      "cgroup_id": 4085,
      "wait_duration_stats_ns": {
        "count": 5589.0,
        "sum": 2179897674236.0005,
        "mean": 390033579.21560216,
        "median": 2061698.4520483508,
        "min": 820,
        "max": 64507869651,
        "variance_ns2": 8.522084485047533e+18,
        "iqr_ns": 103006989.26114729,
        "q1_ns": 67856.00594642523,
        "q3_ns": 103074845.26709372
      },
      "futex_op_counts": {
        "128": 5589
      },
      "first_seen_ts_ns": 5684100870916,
      "last_seen_ts_ns": 5753588161955
    },
    {
      "tgid": 9248,
      "comm": "kubelet",
      "cgroup_id": 4138,
      "wait_duration_stats_ns": {
        "count": 6846.0,
        "sum": 1116904599297.0024,
        "mean": 163147034.66213882,
        "median": 14902460.30703467,
        "min": 880,
        "max": 29614895177,
        "variance_ns2": 2.2016446969126723e+18,
        "iqr_ns": 35308807.094291344,
        "q1_ns": 1381849.0496109263,
        "q3_ns": 36690656.14390227
      },
      "futex_op_counts": {
        "128": 6846
      },
      "first_seen_ts_ns": 5684103164907,
      "last_seen_ts_ns": 5753572566616
    },
    {
      "tgid": 9357,
      "comm": "containerd-shim",
      "cgroup_id": 4085,
      "wait_duration_stats_ns": {
        "count": 792.0,
        "sum": 425702237331.00006,
        "mean": 537502824.9128789,
        "median": 1961628.9335274254,
        "min": 920,
        "max": 19888505007,
        "variance_ns2": 2.8635656224143606e+18,
        "iqr_ns": 70668311.3233191,
        "q1_ns": 269416.539098374,
        "q3_ns": 70937727.86241747
      },
      "futex_op_counts": {
        "128": 792
      },
      "first_seen_ts_ns": 5684103793754,
      "last_seen_ts_ns": 5751540944843
    },
    {
      "tgid": 11055,
      "comm": "metrics-server",
      "cgroup_id": 5426,
      "wait_duration_stats_ns": {
        "count": 1305.0,
        "sum": 344776080074.9998,
        "mean": 264196229.9425286,
        "median": 119992666.26871535,
        "min": 1231,
        "max": 33660091434,
        "variance_ns2": 1.9277223026481754e+18,
        "iqr_ns": 157456673.83684862,
        "q1_ns": 57972268.618258215,
        "q3_ns": 215428942.45510682
      },
      "futex_op_counts": {
        "128": 1305
      },
      "first_seen_ts_ns": 5684279459320,
      "last_seen_ts_ns": 5753438531608
    },
    {
      "tgid": 9526,
      "comm": "kube-proxy",
      "cgroup_id": 4866,
      "wait_duration_stats_ns": {
        "count": 78.0,
        "sum": 340299433188.00006,
        "mean": 4362813246.000001,
        "median": 1705778373.4940393,
        "min": 980,
        "max": 30011426981,
        "variance_ns2": 6.233174000143924e+19,
        "iqr_ns": 3732530945.394214,
        "q1_ns": 138061849.62347516,
        "q3_ns": 3870592795.017689
      },
      "futex_op_counts": {
        "128": 78
      },
      "first_seen_ts_ns": 5689324999282,
      "last_seen_ts_ns": 5749804292268
    },
    {
      "tgid": 12354,
      "comm": "coredns",
      "cgroup_id": 5776,
      "wait_duration_stats_ns": {
        "count": 645.0,
        "sum": 326557517776.9999,
        "mean": 506290725.23565876,
        "median": 172230664.06530395,
        "min": 1000,
        "max": 18007179724,
        "variance_ns2": 1.443134978886468e+18,
        "iqr_ns": 815705137.2093148,
        "q1_ns": 223698.09551806512,
        "q3_ns": 815928835.3048329
      },
      "futex_op_counts": {
        "128": 645
      },
      "first_seen_ts_ns": 5684251885491,
      "last_seen_ts_ns": 5753585025871
    },
    {
      "tgid": 12421,
      "comm": "coredns",
      "cgroup_id": 5916,
      "wait_duration_stats_ns": {
        "count": 672.0,
        "sum": 320844847316.99994,
        "mean": 477447689.45982134,
        "median": 215167944.03377253,
        "min": 1020,
        "max": 28006222348,
        "variance_ns2": 1.688251117601076e+18,
        "iqr_ns": 868232611.4819051,
        "q1_ns": 210897.79908580746,
        "q3_ns": 868443509.280991
      },
      "futex_op_counts": {
        "128": 672
      },
      "first_seen_ts_ns": 5684652130794,
      "last_seen_ts_ns": 5753578686641
    },
    {
      "tgid": 151094,
      "comm": "containerd-shim",
      "cgroup_id": 4085,
      "wait_duration_stats_ns": {
        "count": 267.0,
        "sum": 314898303833.00037,
        "mean": 1179394396.3782785,
        "median": 7558283.512579156,
        "min": 1060,
        "max": 29999793162,
        "variance_ns2": 1.509991623963785e+19,
        "iqr_ns": 8776406.091380838,
        "q1_ns": 194713.05503294524,
        "q3_ns": 8971119.146413784
      },
      "futex_op_counts": {
        "128": 267
      },
      "first_seen_ts_ns": 5684100771603,
      "last_seen_ts_ns": 5752962113791
    },
    {
      "tgid": 150607,
      "comm": "containerd-shim",
      "cgroup_id": 4085,
      "wait_duration_stats_ns": {
        "count": 65.0,
        "sum": 308130405916.99994,
        "mean": 4740467783.338461,
        "median": 1167486606.9741273,
        "min": 820,
        "max": 60000172502,
        "variance_ns2": 8.64920915260445e+19,
        "iqr_ns": 5511845601.99308,
        "q1_ns": 19676934.04096262,
        "q3_ns": 5531522536.034042
      },
      "futex_op_counts": {
        "128": 65
      },
      "first_seen_ts_ns": 5691294022431,
      "last_seen_ts_ns": 5751545020632
    },
    {
      "tgid": 9359,
      "comm": "containerd-shim",
      "cgroup_id": 4085,
      "wait_duration_stats_ns": {
        "count": 62.0,
        "sum": 308123125077.00006,
        "mean": 4969727823.822581,
        "median": 2753114008.7526884,
        "min": 31701,
        "max": 30004239858,
        "variance_ns2": 5.6895400329498345e+19,
        "iqr_ns": 6762031476.882454,
        "q1_ns": 488022589.9826363,
        "q3_ns": 7250054066.86509
      },
      "futex_op_counts": {
        "128": 62
      },
      "first_seen_ts_ns": 5691283626742,
      "last_seen_ts_ns": 5751543342057
    },
    {
      "tgid": 13515,
      "comm": "containerd-shim",
      "cgroup_id": 4085,
      "wait_duration_stats_ns": {
        "count": 139.0,
        "sum": 308100196400.0,
        "mean": 2216548175.5395684,
        "median": 25015010.382787403,
        "min": 920,
        "max": 30003954549,
        "variance_ns2": 3.10766190655642e+19,
        "iqr_ns": 2046889056.9937809,
        "q1_ns": 825633.5484344345,
        "q3_ns": 2047714690.5422153
      },
      "futex_op_counts": {
        "128": 139
      },
      "first_seen_ts_ns": 5689619172323,
      "last_seen_ts_ns": 5751546670227
    },
    {
      "tgid": 11063,
      "comm": "metrics-server",
      "cgroup_id": 5496,
      "wait_duration_stats_ns": {
        "count": 1295.0,
        "sum": 276881667960.99963,
        "mean": 213808237.8077217,
        "median": 126869618.66279131,
        "min": 12170,
        "max": 16589987817,
        "variance_ns2": 6.296671082233883e+17,
        "iqr_ns": 116928339.23427503,
        "q1_ns": 70943244.63534264,
        "q3_ns": 187871583.86961767
      },
      "futex_op_counts": {
        "128": 1295
      },
      "first_seen_ts_ns": 5684190620659,
      "last_seen_ts_ns": 5753494990780
    },
    {
      "tgid": 9236,
      "comm": "ssm-agent-worke",
      "cgroup_id": 3429,
      "wait_duration_stats_ns": {
        "count": 125.0,
        "sum": 248807710006.0001,
        "mean": 1990461680.0480008,
        "median": 1250065237.6486447,
        "min": 8840,
        "max": 48104625166,
        "variance_ns2": 2.192238614134475e+19,
        "iqr_ns": 1429887615.3391871,
        "q1_ns": 555889945.0604862,
        "q3_ns": 1985777560.3996732
      },
      "futex_op_counts": {
        "128": 125
      },
      "first_seen_ts_ns": 5684605237627,
      "last_seen_ts_ns": 5752587362285
    },
    {
      "tgid": 10895,
      "comm": "containerd-shim",
      "cgroup_id": 4085,
      "wait_duration_stats_ns": {
        "count": 61.0,
        "sum": 248163961248.00006,
        "mean": 4068261659.80328,
        "median": 2642587858.942837,
        "min": 7170,
        "max": 30006496611,
        "variance_ns2": 4.009308001098554e+19,
        "iqr_ns": 6233402797.869553,
        "q1_ns": 66585354.181324214,
        "q3_ns": 6299988152.050877
      },
      "futex_op_counts": {
        "128": 61
      },
      "first_seen_ts_ns": 5691295269254,
      "last_seen_ts_ns": 5751545558957
    },
    {
      "tgid": 11568,
      "comm": "containerd-shim",
      "cgroup_id": 4085,
      "wait_duration_stats_ns": {
        "count": 61.0,
        "sum": 248149577024.99997,
        "mean": 4068025852.868852,
        "median": 1185595577.6945038,
        "min": 10160,
        "max": 29996348816,
        "variance_ns2": 4.1341589485921034e+19,
        "iqr_ns": 4695600410.023264,
        "q1_ns": 40831766.78769038,
        "q3_ns": 4736432176.810954
      },
      "futex_op_counts": {
        "128": 61
      },
      "first_seen_ts_ns": 5691295459589,
      "last_seen_ts_ns": 5751546086201
    },
    {
      "tgid": 9099,
      "comm": "amazon-ssm-agen",
      "cgroup_id": 3429,
      "wait_duration_stats_ns": {
        "count": 41.0,
        "sum": 246094574799.00003,
        "mean": 6002306702.414635,
        "median": 11845689.81547974,
        "min": 2980,
        "max": 60037066361,
        "variance_ns2": 3.23426040401122e+20,
        "iqr_ns": 172584624.24353066,
        "q1_ns": 3400652.4314854974,
        "q3_ns": 175985276.67501616
      },
      "futex_op_counts": {
        "128": 41
      },
      "first_seen_ts_ns": 5690438267756,
      "last_seen_ts_ns": 5752500126209
    },
    {
      "tgid": 9823,
      "comm": "aws-k8s-agent",
      "cgroup_id": 5006,
      "wait_duration_stats_ns": {
        "count": 390.0,
        "sum": 245226810444.99997,
        "mean": 628786693.4487178,
        "median": 436899.5945274239,
        "min": 980,
        "max": 20019795775,
        "variance_ns2": 3.5055525608673106e+18,
        "iqr_ns": 665405001.5710168,
        "q1_ns": 238186.4997453312,
        "q3_ns": 665643188.0707622
      },
      "futex_op_counts": {
        "128": 390
      },
      "first_seen_ts_ns": 5684107809051,
      "last_seen_ts_ns": 5751326669746
    },
    {
      "tgid": 13699,
      "comm": "manager",
      "cgroup_id": 6244,
      "wait_duration_stats_ns": {
        "count": 575.0,
        "sum": 240658730101.00012,
        "mean": 418536921.9147828,
        "median": 271288088.4306658,
        "min": 33271,
        "max": 22518272772,
        "variance_ns2": 1.4589803624452516e+18,
        "iqr_ns": 490789873.3204238,
        "q1_ns": 9780633.748466888,
        "q3_ns": 500570507.0688907
      },
      "futex_op_counts": {
        "128": 575
      },
      "first_seen_ts_ns": 5684923289778,
      "last_seen_ts_ns": 5753424025880
    },
    {
      "tgid": 10899,
      "comm": "containerd-shim",
      "cgroup_id": 4085,
      "wait_duration_stats_ns": {
        "count": 62.0,
        "sum": 218166362473.00006,
        "mean": 3518812297.951614,
        "median": 705800150.7144166,
        "min": 13631,
        "max": 30001974671,
        "variance_ns2": 3.5378249644164256e+19,
        "iqr_ns": 4321346591.186564,
        "q1_ns": 50199315.90560591,
        "q3_ns": 4371545907.092171
      },
      "futex_op_counts": {
        "128": 62
      },
      "first_seen_ts_ns": 5691280082097,
      "last_seen_ts_ns": 5751543915413
    },
    {
      "tgid": 12333,
      "comm": "containerd-shim",
      "cgroup_id": 4085,
      "wait_duration_stats_ns": {
        "count": 70.0,
        "sum": 218122932995.99997,
        "mean": 3116041899.942857,
        "median": 1118546670.4147167,
        "min": 2260,
        "max": 30002885377,
        "variance_ns2": 2.4199605232418476e+19,
        "iqr_ns": 3423517866.076434,
        "q1_ns": 79820386.19616342,
        "q3_ns": 3503338252.272598
      },
      "futex_op_counts": {
        "128": 70
      },
      "first_seen_ts_ns": 5691271417376,
      "last_seen_ts_ns": 5751541508478
    },
    {
      "tgid": 13578,
      "comm": "kube-rbac-proxy",
      "cgroup_id": 6174,
      "wait_duration_stats_ns": {
        "count": 37.0,
        "sum": 199989159400.99997,
        "mean": 5405112416.243242,
        "median": 5012229419.046121,
        "min": 4994129060,
        "max": 10000219008,
        "variance_ns2": 1.9145748680325837e+18,
        "iqr_ns": 10907808.704769135,
        "q1_ns": 4996676299.232387,
        "q3_ns": 5007584107.937156
      },
      "futex_op_counts": {
        "128": 37
      },
      "first_seen_ts_ns": 5693904986197,
      "last_seen_ts_ns": 5748905149701
    },
    {
      "tgid": 9961,
      "comm": "controller",
      "cgroup_id": 5076,
      "wait_duration_stats_ns": {
        "count": 274.0,
        "sum": 185883920158.9999,
        "mean": 678408467.7335763,
        "median": 492608461.0898828,
        "min": 424381,
        "max": 10006745151,
        "variance_ns2": 1.6816781913173542e+18,
        "iqr_ns": 122213753.36922032,
        "q1_ns": 379050464.2551208,
        "q3_ns": 501264217.62434113
      },
      "futex_op_counts": {
        "128": 274
      },
      "first_seen_ts_ns": 5684705953996,
      "last_seen_ts_ns": 5753206895465
    },
    {
      "tgid": 151968,
      "comm": "xhpcg",
      "cgroup_id": 57179,
      "wait_duration_stats_ns": {
        "count": 1425.0,
        "sum": 5265447612.000006,
        "mean": 3695050.9557894776,
        "median": 2810822.12327904,
        "min": 52431,
        "max": 38538983,
        "variance_ns2": 19836452749022.945,
        "iqr_ns": 528350.2604729654,
        "q1_ns": 2597030.191998923,
        "q3_ns": 3125380.4524718886
      },
      "futex_op_counts": {
        "128": 1425
      },
      "first_seen_ts_ns": 5706076146111,
      "last_seen_ts_ns": 5726855009156
    },
    {
      "tgid": 151982,
      "comm": "xhpcg",
      "cgroup_id": 57179,
      "wait_duration_stats_ns": {
        "count": 1442.0,
        "sum": 5251895062.999995,
        "mean": 3642090.8897364736,
        "median": 2853528.119458928,
        "min": 23041,
        "max": 38405129,
        "variance_ns2": 16631402113100.791,
        "iqr_ns": 540334.6997516407,
        "q1_ns": 2618372.9566318505,
        "q3_ns": 3158707.656383491
      },
      "futex_op_counts": {
        "128": 1442
      },
      "first_seen_ts_ns": 5706076223033,
      "last_seen_ts_ns": 5726854700328
    },
    {
      "tgid": 151969,
      "comm": "xhpcg",
      "cgroup_id": 57179,
      "wait_duration_stats_ns": {
        "count": 1434.0,
        "sum": 5227964514.000006,
        "mean": 3645721.418410046,
        "median": 2804978.931217656,
        "min": 5960,
        "max": 39312423,
        "variance_ns2": 18030247943995.137,
        "iqr_ns": 694277.7962061078,
        "q1_ns": 2500113.007949509,
        "q3_ns": 3194390.804155617
      },
      "futex_op_counts": {
        "128": 1434
      },
      "first_seen_ts_ns": 5706076049038,
      "last_seen_ts_ns": 5726855004906
    },
    {
      "tgid": 151970,
      "comm": "xhpcg",
      "cgroup_id": 57179,
      "wait_duration_stats_ns": {
        "count": 1440.0,
        "sum": 5223635931.000004,
        "mean": 3627524.9520833357,
        "median": 2815284.6044336213,
        "min": 35541,
        "max": 38553493,
        "variance_ns2": 18624894068514.945,
        "iqr_ns": 654593.4701153142,
        "q1_ns": 2508627.449890533,
        "q3_ns": 3163220.9200058472
      },
      "futex_op_counts": {
        "128": 1440
      },
      "first_seen_ts_ns": 5706076124720,
      "last_seen_ts_ns": 5726854994936
    },
    {
      "tgid": 151984,
      "comm": "xhpcg",
      "cgroup_id": 57179,
      "wait_duration_stats_ns": {
        "count": 1414.0,
        "sum": 5218977544.999999,
        "mean": 3690931.785714285,
        "median": 2857248.3163805,
        "min": 119904,
        "max": 38902272,
        "variance_ns2": 18053747658352.94,
        "iqr_ns": 576233.4590356019,
        "q1_ns": 2589610.8378630076,
        "q3_ns": 3165844.2968986095
      },
      "futex_op_counts": {
        "128": 1414
      },
      "first_seen_ts_ns": 5706077036754,
      "last_seen_ts_ns": 5726854982225
    },
    {
      "tgid": 151986,
      "comm": "xhpcg",
      "cgroup_id": 57179,
      "wait_duration_stats_ns": {
        "count": 1427.0,
        "sum": 5196008684.0,
        "mean": 3641211.4113524877,
        "median": 2812340.8969505266,
        "min": 52892,
        "max": 44052540,
        "variance_ns2": 18181436586042.004,
        "iqr_ns": 579619.9805118707,
        "q1_ns": 2565628.057186408,
        "q3_ns": 3145248.0376982787
      },
      "futex_op_counts": {
        "128": 1427
      },
      "first_seen_ts_ns": 5706076622273,
      "last_seen_ts_ns": 5726855380686
    },
    {
      "tgid": 151974,
      "comm": "xhpcg",
      "cgroup_id": 57179,
      "wait_duration_stats_ns": {
        "count": 1446.0,
        "sum": 5191279250.999995,
        "mean": 3590096.3008298725,
        "median": 2765749.284195189,
        "min": 46321,
        "max": 43990139,
        "variance_ns2": 17438503773057.87,
        "iqr_ns": 646805.7176275444,
        "q1_ns": 2478401.2410547566,
        "q3_ns": 3125206.958682301
      },
      "futex_op_counts": {
        "128": 1446
      },
      "first_seen_ts_ns": 5706076251663,
      "last_seen_ts_ns": 5726854977025
    },
    {
      "tgid": 151989,
      "comm": "xhpcg",
      "cgroup_id": 57179,
      "wait_duration_stats_ns": {
        "count": 1435.0,
        "sum": 5186228617.000007,
        "mean": 3614096.5972125484,
        "median": 2795808.308788361,
        "min": 99093,
        "max": 39408455,
        "variance_ns2": 18092214673772.824,
        "iqr_ns": 617605.1599100963,
        "q1_ns": 2512959.6298161927,
        "q3_ns": 3130564.789726289
      },
      "futex_op_counts": {
        "128": 1435
      },
      "first_seen_ts_ns": 5706076685875,
      "last_seen_ts_ns": 5726854234345
    },
    {
      "tgid": 151994,
      "comm": "xhpcg",
      "cgroup_id": 57179,
      "wait_duration_stats_ns": {
        "count": 1433.0,
        "sum": 5184163828.000008,
        "mean": 3617699.810188421,
        "median": 2786386.004520415,
        "min": 292228,
        "max": 42810087,
        "variance_ns2": 18248458843855.2,
        "iqr_ns": 687235.1867949083,
        "q1_ns": 2439791.860291242,
        "q3_ns": 3127027.0470861504
      },
      "futex_op_counts": {
        "128": 1433
      },
      "first_seen_ts_ns": 5706080137907,
      "last_seen_ts_ns": 5726854573624
    },
    {
      "tgid": 151992,
      "comm": "xhpcg",
      "cgroup_id": 57179,
      "wait_duration_stats_ns": {
        "count": 1439.0,
        "sum": 5117179415.000001,
        "mean": 3556066.306462822,
        "median": 2718378.7701738765,
        "min": 82852,
        "max": 39283362,
        "variance_ns2": 17921185074381.688,
        "iqr_ns": 726799.3606568188,
        "q1_ns": 2358746.0046354975,
        "q3_ns": 3085545.3652923163
      },
      "futex_op_counts": {
        "128": 1439
      },
      "first_seen_ts_ns": 5706077166308,
      "last_seen_ts_ns": 5726854879842
    },
    {
      "tgid": 151987,
      "comm": "xhpcg",
      "cgroup_id": 57179,
      "wait_duration_stats_ns": {
        "count": 1424.0,
        "sum": 5094854050.999999,
        "mean": 3577846.9459269657,
        "median": 2815335.3779501324,
        "min": 64182,
        "max": 44010689,
        "variance_ns2": 18542086532449.355,
        "iqr_ns": 775895.9909180682,
        "q1_ns": 2374881.3336510137,
        "q3_ns": 3150777.324569082
      },
      "futex_op_counts": {
        "128": 1424
      },
      "first_seen_ts_ns": 5706076790448,
      "last_seen_ts_ns": 5726854753389
    },
    {
      "tgid": 151980,
      "comm": "xhpcg",
      "cgroup_id": 57179,
      "wait_duration_stats_ns": {
        "count": 1430.0,
        "sum": 5086503871.999997,
        "mean": 3556995.714685313,
        "median": 2742040.5461591287,
        "min": 31131,
        "max": 38413309,
        "variance_ns2": 18777259475389.25,
        "iqr_ns": 730792.82686926,
        "q1_ns": 2363644.780136796,
        "q3_ns": 3094437.6070060562
      },
      "futex_op_counts": {
        "128": 1430
      },
      "first_seen_ts_ns": 5706075862653,
      "last_seen_ts_ns": 5726854838181
    },
    {
      "tgid": 152189,
      "comm": "xhpcg",
      "cgroup_id": 57179,
      "wait_duration_stats_ns": {
        "count": 1430.0,
        "sum": 5081327822.000004,
        "mean": 3553376.099300702,
        "median": 2925395.4057012117,
        "min": 52302,
        "max": 38408767,
        "variance_ns2": 12439485640738.34,
        "iqr_ns": 611387.562243721,
        "q1_ns": 2572573.250782441,
        "q3_ns": 3183960.813026162
      },
      "futex_op_counts": {
        "128": 1430
      },
      "first_seen_ts_ns": 5727629307688,
      "last_seen_ts_ns": 5748159484602
    },
    {
      "tgid": 152175,
      "comm": "xhpcg",
      "cgroup_id": 57179,
      "wait_duration_stats_ns": {
        "count": 1424.0,
        "sum": 5065742072.999999,
        "mean": 3557403.141151685,
        "median": 2878267.634671534,
        "min": 111393,
        "max": 38329926,
        "variance_ns2": 13210291023360.232,
        "iqr_ns": 668365.122968772,
        "q1_ns": 2517589.441736971,
        "q3_ns": 3185954.564705743
      },
      "futex_op_counts": {
        "128": 1424
      },
      "first_seen_ts_ns": 5727628872826,
      "last_seen_ts_ns": 5748159775080
    },
    {
      "tgid": 152187,
      "comm": "xhpcg",
      "cgroup_id": 57179,
      "wait_duration_stats_ns": {
        "count": 1414.0,
        "sum": 5058432442.000009,
        "mean": 3577392.1089108973,
        "median": 2869604.650283883,
        "min": 60752,
        "max": 38330536,
        "variance_ns2": 12557429378722.205,
        "iqr_ns": 544267.2201973884,
        "q1_ns": 2619457.327647081,
        "q3_ns": 3163724.5478444695
      },
      "futex_op_counts": {
        "128": 1414
      },
      "first_seen_ts_ns": 5727629126293,
      "last_seen_ts_ns": 5748159580004
    },
    {
      "tgid": 151972,
      "comm": "xhpcg",
      "cgroup_id": 57179,
      "wait_duration_stats_ns": {
        "count": 1421.0,
        "sum": 5057593692.000002,
        "mean": 3559179.234342014,
        "median": 2781530.497650693,
        "min": 47742,
        "max": 39324613,
        "variance_ns2": 18184959750108.05,
        "iqr_ns": 848295.7278559771,
        "q1_ns": 2316975.5340986983,
        "q3_ns": 3165271.2619546754
      },
      "futex_op_counts": {
        "128": 1421
      },
      "first_seen_ts_ns": 5706077205879,
      "last_seen_ts_ns": 5726854779720
    },
    {
      "tgid": 151967,
      "comm": "xhpcg",
      "cgroup_id": 57179,
      "wait_duration_stats_ns": {
        "count": 1415.0,
        "sum": 5020854628.999995,
        "mean": 3548307.158303884,
        "median": 2703979.0773608717,
        "min": 64172,
        "max": 38457381,
        "variance_ns2": 20373278438932.793,
        "iqr_ns": 731014.2823777008,
        "q1_ns": 2322611.6275568996,
        "q3_ns": 3053625.9099346003
      },
      "futex_op_counts": {
        "128": 1415
      },
      "first_seen_ts_ns": 5706075814562,
      "last_seen_ts_ns": 5726854592355
    },
    {
      "tgid": 152191,
      "comm": "xhpcg",
      "cgroup_id": 57179,
      "wait_duration_stats_ns": {
        "count": 1422.0,
        "sum": 5017757751.999997,
        "mean": 3528662.272855132,
        "median": 2856988.5824351707,
        "min": 85802,
        "max": 38379318,
        "variance_ns2": 11998388216568.965,
        "iqr_ns": 618131.1318146242,
        "q1_ns": 2576425.885087827,
        "q3_ns": 3194557.0169024514
      },
      "futex_op_counts": {
        "128": 1422
      },
      "first_seen_ts_ns": 5727629839562,
      "last_seen_ts_ns": 5748159399619
    },
    {
      "tgid": 152174,
      "comm": "xhpcg",
      "cgroup_id": 57179,
      "wait_duration_stats_ns": {
        "count": 1413.0,
        "sum": 5010604150.99999,
        "mean": 3546075.124557672,
        "median": 2835139.5726907896,
        "min": 54201,
        "max": 38313445,
        "variance_ns2": 13633259108157.0,
        "iqr_ns": 723973.9738290459,
        "q1_ns": 2479213.95870672,
        "q3_ns": 3203187.9325357657
      },
      "futex_op_counts": {
        "128": 1413
      },
      "first_seen_ts_ns": 5727629777021,
      "last_seen_ts_ns": 5748159611475
    },
    {
      "tgid": 152173,
      "comm": "xhpcg",
      "cgroup_id": 57179,
      "wait_duration_stats_ns": {
        "count": 1392.0,
        "sum": 5008190337.000003,
        "mean": 3597837.885775864,
        "median": 2831977.0626691245,
        "min": 247627,
        "max": 38290085,
        "variance_ns2": 15610934942304.803,
        "iqr_ns": 525495.1426789532,
        "q1_ns": 2576740.673448469,
        "q3_ns": 3102235.8161274223
      },
      "futex_op_counts": {
        "128": 1392
      },
      "first_seen_ts_ns": 5727629262307,
      "last_seen_ts_ns": 5748160637423
    },
    {
      "tgid": 151978,
      "comm": "xhpcg",
      "cgroup_id": 57179,
      "wait_duration_stats_ns": {
        "count": 1432.0,
        "sum": 4993929676.99999,
        "mean": 3487381.0593575356,
        "median": 2639890.524840744,
        "min": 168344,
        "max": 39546129,
        "variance_ns2": 18690061691674.773,
        "iqr_ns": 702433.3268198818,
        "q1_ns": 2288123.367613741,
        "q3_ns": 2990556.694433623
      },
      "futex_op_counts": {
        "128": 1432
      },
      "first_seen_ts_ns": 5706076802028,
      "last_seen_ts_ns": 5726855061197
    },
    {
      "tgid": 152195,
      "comm": "xhpcg",
      "cgroup_id": 57179,
      "wait_duration_stats_ns": {
        "count": 1420.0,
        "sum": 4982338964.000006,
        "mean": 3508689.41126761,
        "median": 2870497.120161845,
        "min": 74373,
        "max": 39154958,
        "variance_ns2": 12532003022506.344,
        "iqr_ns": 585585.5439604409,
        "q1_ns": 2526987.792050548,
        "q3_ns": 3112573.336010989
      },
      "futex_op_counts": {
        "128": 1420
      },
      "first_seen_ts_ns": 5727630221433,
      "last_seen_ts_ns": 5748158654390
    },
    {
      "tgid": 152179,
      "comm": "xhpcg",
      "cgroup_id": 57179,
      "wait_duration_stats_ns": {
        "count": 1437.0,
        "sum": 4967894714.999995,
        "mean": 3457129.2379958215,
        "median": 2817922.2201177515,
        "min": 3430,
        "max": 38766158,
        "variance_ns2": 12655521640130.041,
        "iqr_ns": 779887.8084855657,
        "q1_ns": 2482045.2398432614,
        "q3_ns": 3261933.048328827
      },
      "futex_op_counts": {
        "128": 1437
      },
      "first_seen_ts_ns": 5727629993067,
      "last_seen_ts_ns": 5748159781850
    },
    {
      "tgid": 152185,
      "comm": "xhpcg",
      "cgroup_id": 57179,
      "wait_duration_stats_ns": {
        "count": 1415.0,
        "sum": 4944023314.000002,
        "mean": 3494009.4091872806,
        "median": 2830186.6659179167,
        "min": 153115,
        "max": 38332076,
        "variance_ns2": 13918733337024.818,
        "iqr_ns": 687224.1061392906,
        "q1_ns": 2411030.0622159746,
        "q3_ns": 3098254.168355265
      },
      "futex_op_counts": {
        "128": 1415
      },
      "first_seen_ts_ns": 5727630094789,
      "last_seen_ts_ns": 5748158700631
    },
    {
      "tgid": 151976,
      "comm": "xhpcg",
      "cgroup_id": 57179,
      "wait_duration_stats_ns": {
        "count": 1421.0,
        "sum": 4913620431.000005,
        "mean": 3457860.964813515,
        "median": 2609200.9973529647,
        "min": 126943,
        "max": 39498868,
        "variance_ns2": 19949104668095.38,
        "iqr_ns": 739296.1438274132,
        "q1_ns": 2236708.315437964,
        "q3_ns": 2976004.4592653774
      },
      "futex_op_counts": {
        "128": 1421
      },
      "first_seen_ts_ns": 5706076320585,
      "last_seen_ts_ns": 5726854737638
    },
    {
      "tgid": 152177,
      "comm": "xhpcg",
      "cgroup_id": 57179,
      "wait_duration_stats_ns": {
        "count": 1417.0,
        "sum": 4897649015.000001,
        "mean": 3456350.7515878626,
        "median": 2799239.1859440096,
        "min": 107553,
        "max": 38759157,
        "variance_ns2": 13939509328972.96,
        "iqr_ns": 735900.4504729453,
        "q1_ns": 2358299.494488364,
        "q3_ns": 3094199.9449613094
      },
      "futex_op_counts": {
        "128": 1417
      },
      "first_seen_ts_ns": 5727630246943,
      "last_seen_ts_ns": 5748159801220
    },
    {
      "tgid": 152183,
      "comm": "xhpcg",
      "cgroup_id": 57179,
      "wait_duration_stats_ns": {
        "count": 1410.0,
        "sum": 4884494889.000002,
        "mean": 3464180.772340427,
        "median": 2682321.413618438,
        "min": 1530,
        "max": 38938653,
        "variance_ns2": 16156559322186.03,
        "iqr_ns": 570244.767184128,
        "q1_ns": 2388896.57188887,
        "q3_ns": 2959141.339072998
      },
      "futex_op_counts": {
        "128": 1410
      },
      "first_seen_ts_ns": 5727629046151,
      "last_seen_ts_ns": 5748159789860
    },
    {
      "tgid": 152197,
      "comm": "xhpcg",
      "cgroup_id": 57179,
      "wait_duration_stats_ns": {
        "count": 1409.0,
        "sum": 4872057127.9999895,
        "mean": 3457812.014194457,
        "median": 2737296.007583639,
        "min": 8311,
        "max": 39177289,
        "variance_ns2": 15059566142734.838,
        "iqr_ns": 678201.6407100647,
        "q1_ns": 2374112.8477493552,
        "q3_ns": 3052314.48845942
      },
      "futex_op_counts": {
        "128": 1409
      },
      "first_seen_ts_ns": 5727635069843,
      "last_seen_ts_ns": 5748158780223
    },
    {
      "tgid": 152172,
      "comm": "xhpcg",
      "cgroup_id": 57179,
      "wait_duration_stats_ns": {
        "count": 1418.0,
        "sum": 4869346767.000004,
        "mean": 3433953.99647391,
        "median": 2744932.6175913666,
        "min": 140384,
        "max": 38165231,
        "variance_ns2": 14539412086039.72,
        "iqr_ns": 702597.4132069713,
        "q1_ns": 2359797.1877645245,
        "q3_ns": 3062394.6009714957
      },
      "futex_op_counts": {
        "128": 1418
      },
      "first_seen_ts_ns": 5727629529794,
      "last_seen_ts_ns": 5748159756979
    },
    {
      "tgid": 152193,
      "comm": "xhpcg",
      "cgroup_id": 57179,
      "wait_duration_stats_ns": {
        "count": 1417.0,
        "sum": 4859049585.000005,
        "mean": 3429110.5045871595,
        "median": 2858957.546510299,
        "min": 30621,
        "max": 39155228,
        "variance_ns2": 11829303948008.63,
        "iqr_ns": 709102.585938198,
        "q1_ns": 2402506.730840835,
        "q3_ns": 3111609.316779033
      },
      "futex_op_counts": {
        "128": 1417
      },
      "first_seen_ts_ns": 5727629087382,
      "last_seen_ts_ns": 5748159626405
    },
    {
      "tgid": 152199,
      "comm": "xhpcg",
      "cgroup_id": 57179,
      "wait_duration_stats_ns": {
        "count": 1415.0,
        "sum": 4854472240.999993,
        "mean": 3430722.4318021154,
        "median": 2772685.689577322,
        "min": 70411,
        "max": 39287671,
        "variance_ns2": 15055560365261.648,
        "iqr_ns": 659068.1575228074,
        "q1_ns": 2389632.3819798697,
        "q3_ns": 3048700.539502677
      },
      "futex_op_counts": {
        "128": 1415
      },
      "first_seen_ts_ns": 5727628631640,
      "last_seen_ts_ns": 5748158655110
    },
    {
      "tgid": 151998,
      "comm": "xhpcg",
      "cgroup_id": 57179,
      "wait_duration_stats_ns": {
        "count": 1464.0,
        "sum": 4804190664.999993,
        "mean": 3281551.0006830553,
        "median": 2837258.476936934,
        "min": 38411,
        "max": 38455090,
        "variance_ns2": 18256882830346.453,
        "iqr_ns": 1508271.136913969,
        "q1_ns": 1663918.4021978674,
        "q3_ns": 3172189.5391118363
      },
      "futex_op_counts": {
        "128": 1464
      },
      "first_seen_ts_ns": 5706075467242,
      "last_seen_ts_ns": 5726855372286
    },
    {
      "tgid": 152181,
      "comm": "xhpcg",
      "cgroup_id": 57179,
      "wait_duration_stats_ns": {
        "count": 1404.0,
        "sum": 4750045568.0,
        "mean": 3383223.3390313387,
        "median": 2658883.0019303276,
        "min": 6270,
        "max": 38916702,
        "variance_ns2": 16478434054800.963,
        "iqr_ns": 656839.9249878242,
        "q1_ns": 2275642.189263883,
        "q3_ns": 2932482.114251707
      },
      "futex_op_counts": {
        "128": 1404
      },
      "first_seen_ts_ns": 5727628891927,
      "last_seen_ts_ns": 5748161632449
    },
    {
      "tgid": 152002,
      "comm": "xhpcg",
      "cgroup_id": 57179,
      "wait_duration_stats_ns": {
        "count": 1430.0,
        "sum": 4684862098.999998,
        "mean": 3276127.341958041,
        "median": 2815093.1814044304,
        "min": 60432,
        "max": 39194770,
        "variance_ns2": 19119726800280.39,
        "iqr_ns": 1517340.5373602852,
        "q1_ns": 1638479.4924943822,
        "q3_ns": 3155820.0298546674
      },
      "futex_op_counts": {
        "128": 1430
      },
      "first_seen_ts_ns": 5706075753100,
      "last_seen_ts_ns": 5726853990478
    },
    {
      "tgid": 152006,
      "comm": "xhpcg",
      "cgroup_id": 57179,
      "wait_duration_stats_ns": {
        "count": 1432.0,
        "sum": 4621810944.0,
        "mean": 3227521.608938548,
        "median": 2731373.6797646447,
        "min": 46261,
        "max": 39441256,
        "variance_ns2": 18962740331866.914,
        "iqr_ns": 1543179.073040145,
        "q1_ns": 1598023.6529801576,
        "q3_ns": 3141202.7260203026
      },
      "futex_op_counts": {
        "128": 1432
      },
      "first_seen_ts_ns": 5706075270037,
      "last_seen_ts_ns": 5726853961858
    },
    {
      "tgid": 152000,
      "comm": "xhpcg",
      "cgroup_id": 57179,
      "wait_duration_stats_ns": {
        "count": 1435.0,
        "sum": 4613881597.000002,
        "mean": 3215248.499651569,
        "median": 2823638.3983892305,
        "min": 38411,
        "max": 39367435,
        "variance_ns2": 19245995056593.844,
        "iqr_ns": 1625672.3405965294,
        "q1_ns": 1551031.1972744658,
        "q3_ns": 3176703.5378709952
      },
      "futex_op_counts": {
        "128": 1435
      },
      "first_seen_ts_ns": 5706076542431,
      "last_seen_ts_ns": 5726854923374
    },
    {
      "tgid": 151996,
      "comm": "xhpcg",
      "cgroup_id": 57179,
      "wait_duration_stats_ns": {
        "count": 1438.0,
        "sum": 4558372415.999993,
        "mean": 3169939.0931849745,
        "median": 2778741.961648038,
        "min": 105282,
        "max": 38400729,
        "variance_ns2": 19877079877993.832,
        "iqr_ns": 1740062.020470645,
        "q1_ns": 1385435.588007347,
        "q3_ns": 3125497.608477992
      },
      "futex_op_counts": {
        "128": 1438
      },
      "first_seen_ts_ns": 5706075427251,
      "last_seen_ts_ns": 5726854738318
    },
    {
      "tgid": 152207,
      "comm": "xhpcg",
      "cgroup_id": 57179,
      "wait_duration_stats_ns": {
        "count": 1431.0,
        "sum": 4539462061.000005,
        "mean": 3172230.6505939933,
        "median": 2845267.022849952,
        "min": 184365,
        "max": 38981444,
        "variance_ns2": 14126446590725.145,
        "iqr_ns": 1506274.1922481838,
        "q1_ns": 1650904.6518260422,
        "q3_ns": 3157178.844074226
      },
      "futex_op_counts": {
        "128": 1431
      },
      "first_seen_ts_ns": 5727629822712,
      "last_seen_ts_ns": 5748158821574
    },
    {
      "tgid": 152004,
      "comm": "xhpcg",
      "cgroup_id": 57179,
      "wait_duration_stats_ns": {
        "count": 1455.0,
        "sum": 4532334167.000002,
        "mean": 3115006.300343644,
        "median": 2756393.81053019,
        "min": 104563,
        "max": 39464567,
        "variance_ns2": 17765483965594.867,
        "iqr_ns": 2060240.1057636323,
        "q1_ns": 1400032.364922644,
        "q3_ns": 3460272.4706862764
      },
      "futex_op_counts": {
        "128": 1455
      },
      "first_seen_ts_ns": 5706076205722,
      "last_seen_ts_ns": 5726854977555
    },
    {
      "tgid": 152008,
      "comm": "xhpcg",
      "cgroup_id": 57179,
      "wait_duration_stats_ns": {
        "count": 1436.0,
        "sum": 4529343536.000002,
        "mean": 3154138.952646241,
        "median": 2646651.1719545554,
        "min": 12091,
        "max": 39987511,
        "variance_ns2": 19351813024527.15,
        "iqr_ns": 1777499.233935326,
        "q1_ns": 1376423.072928225,
        "q3_ns": 3153922.306863551
      },
      "futex_op_counts": {
        "128": 1436
      },
      "first_seen_ts_ns": 5706075909834,
      "last_seen_ts_ns": 5726854007489
    },
    {
      "tgid": 152010,
      "comm": "xhpcg",
      "cgroup_id": 57179,
      "wait_duration_stats_ns": {
        "count": 1422.0,
        "sum": 4504938199.999996,
        "mean": 3168029.676511952,
        "median": 2580633.9843951273,
        "min": 21200,
        "max": 44040400,
        "variance_ns2": 21199324026078.785,
        "iqr_ns": 1698589.4065261378,
        "q1_ns": 1367486.8076329653,
        "q3_ns": 3066076.214159103
      },
      "futex_op_counts": {
        "128": 1422
      },
      "first_seen_ts_ns": 5706076029827,
      "last_seen_ts_ns": 5726853965768
    },
    {
      "tgid": 152203,
      "comm": "xhpcg",
      "cgroup_id": 57179,
      "wait_duration_stats_ns": {
        "count": 1404.0,
        "sum": 4458850231.999996,
        "mean": 3175819.253561251,
        "median": 2697968.0617348505,
        "min": 37951,
        "max": 38397489,
        "variance_ns2": 15929094942596.695,
        "iqr_ns": 1421909.3302303876,
        "q1_ns": 1703047.5196820248,
        "q3_ns": 3124956.8499124125
      },
      "futex_op_counts": {
        "128": 1404
      },
      "first_seen_ts_ns": 5727628467906,
      "last_seen_ts_ns": 5748158828194
    },
    {
      "tgid": 152205,
      "comm": "xhpcg",
      "cgroup_id": 57179,
      "wait_duration_stats_ns": {
        "count": 1436.0,
        "sum": 4458328844.999993,
        "mean": 3104685.825208909,
        "median": 2815064.016490886,
        "min": 89783,
        "max": 44411530,
        "variance_ns2": 13900642734972.771,
        "iqr_ns": 1600013.0404209548,
        "q1_ns": 1574197.9690797192,
        "q3_ns": 3174211.009500674
      },
      "futex_op_counts": {
        "128": 1436
      },
      "first_seen_ts_ns": 5727628511897,
      "last_seen_ts_ns": 5748160197551
    },
    {
      "tgid": 152211,
      "comm": "xhpcg",
      "cgroup_id": 57179,
      "wait_duration_stats_ns": {
        "count": 1423.0,
        "sum": 4441798379.999999,
        "mean": 3121432.4525650027,
        "median": 2778903.4058233965,
        "min": 67322,
        "max": 39008974,
        "variance_ns2": 14471166445995.553,
        "iqr_ns": 1495569.9218670123,
        "q1_ns": 1603772.8778121013,
        "q3_ns": 3099342.7996791136
      },
      "futex_op_counts": {
        "128": 1423
      },
      "first_seen_ts_ns": 5727629226076,
      "last_seen_ts_ns": 5748158823494
    },
    {
      "tgid": 152215,
      "comm": "xhpcg",
      "cgroup_id": 57179,
      "wait_duration_stats_ns": {
        "count": 1436.0,
        "sum": 4347214936.999999,
        "mean": 3027308.45194986,
        "median": 2717612.9780498613,
        "min": 53161,
        "max": 39006694,
        "variance_ns2": 14625792762950.066,
        "iqr_ns": 1776555.1316957022,
        "q1_ns": 1424753.5263231709,
        "q3_ns": 3201308.658018873
      },
      "futex_op_counts": {
        "128": 1436
      },
      "first_seen_ts_ns": 5727628443155,
      "last_seen_ts_ns": 5748158826094
    },
    {
      "tgid": 152208,
      "comm": "xhpcg",
      "cgroup_id": 57179,
      "wait_duration_stats_ns": {
        "count": 1429.0,
        "sum": 4333590817.999998,
        "mean": 3032603.79146256,
        "median": 2754521.520293982,
        "min": 137363,
        "max": 39240550,
        "variance_ns2": 14575111118713.344,
        "iqr_ns": 1645509.4533625674,
        "q1_ns": 1461987.6801544563,
        "q3_ns": 3107497.1335170236
      },
      "futex_op_counts": {
        "128": 1429
      },
      "first_seen_ts_ns": 5727629821492,
      "last_seen_ts_ns": 5748158821024
    },
    {
      "tgid": 152213,
      "comm": "xhpcg",
      "cgroup_id": 57179,
      "wait_duration_stats_ns": {
        "count": 1437.0,
        "sum": 4302576439.999995,
        "mean": 2994138.093249823,
        "median": 2711509.0798383667,
        "min": 5591,
        "max": 38398619,
        "variance_ns2": 13832569913663.39,
        "iqr_ns": 1650978.9025441988,
        "q1_ns": 1400987.8914720158,
        "q3_ns": 3051966.7940162146
      },
      "futex_op_counts": {
        "128": 1437
      },
      "first_seen_ts_ns": 5727629341309,
      "last_seen_ts_ns": 5748158831054
    },
    {
      "tgid": 152201,
      "comm": "xhpcg",
      "cgroup_id": 57179,
      "wait_duration_stats_ns": {
        "count": 1375.0,
        "sum": 4236167016.0000057,
        "mean": 3080848.738909095,
        "median": 2636483.428097371,
        "min": 17621,
        "max": 38406949,
        "variance_ns2": 16831632887414.45,
        "iqr_ns": 1691901.1841706804,
        "q1_ns": 1385594.4201431696,
        "q3_ns": 3077495.60431385
      },
      "futex_op_counts": {
        "128": 1375
      },
      "first_seen_ts_ns": 5727628368153,
      "last_seen_ts_ns": 5748159634006
    },
    {
      "tgid": 151826,
      "comm": "xhpcg",
      "cgroup_id": 57179,
      "wait_duration_stats_ns": {
        "count": 1010.0,
        "sum": 3955424961.9999957,
        "mean": 3916262.338613857,
        "median": 2863368.014467406,
        "min": 3051,
        "max": 38063150,
        "variance_ns2": 20856295875240.906,
        "iqr_ns": 915816.2078062389,
        "q1_ns": 2591737.0227260315,
        "q3_ns": 3507553.2305322704
      },
      "futex_op_counts": {
        "128": 1010
      },
      "first_seen_ts_ns": 5689957615779,
      "last_seen_ts_ns": 5705306200009
    },
    {
      "tgid": 151828,
      "comm": "xhpcg",
      "cgroup_id": 57179,
      "wait_duration_stats_ns": {
        "count": 1014.0,
        "sum": 3885104598.000004,
        "mean": 3831464.1005917196,
        "median": 2922670.0681167427,
        "min": 147324,
        "max": 39076347,
        "variance_ns2": 19195812734316.438,
        "iqr_ns": 728943.7730925423,
        "q1_ns": 2534730.8123674993,
        "q3_ns": 3263674.5854600416
      },
      "futex_op_counts": {
        "128": 1014
      },
      "first_seen_ts_ns": 5689958062371,
      "last_seen_ts_ns": 5705305338995
    },
    {
      "tgid": 151833,
      "comm": "xhpcg",
      "cgroup_id": 57179,
      "wait_duration_stats_ns": {
        "count": 1004.0,
        "sum": 3878975917.9999986,
        "mean": 3863521.8306772895,
        "median": 2917573.882370957,
        "min": 196545,
        "max": 39161439,
        "variance_ns2": 19193918020973.77,
        "iqr_ns": 834295.0092245308,
        "q1_ns": 2521555.542422005,
        "q3_ns": 3355850.5516465358
      },
      "futex_op_counts": {
        "128": 1004
      },
      "first_seen_ts_ns": 5689957198648,
      "last_seen_ts_ns": 5705306046145
    },
    {
      "tgid": 151813,
      "comm": "xhpcg",
      "cgroup_id": 57179,
      "wait_duration_stats_ns": {
        "count": 999.0,
        "sum": 3868717955.0,
        "mean": 3872590.5455455454,
        "median": 2825000.8868795442,
        "min": 65671,
        "max": 38348548,
        "variance_ns2": 20589980757102.64,
        "iqr_ns": 772785.1082091006,
        "q1_ns": 2498566.3438246665,
        "q3_ns": 3271351.452033767
      },
      "futex_op_counts": {
        "128": 999
      },
      "first_seen_ts_ns": 5689957830765,
      "last_seen_ts_ns": 5705305492630
    },
    {
      "tgid": 151812,
      "comm": "xhpcg",
      "cgroup_id": 57179,
      "wait_duration_stats_ns": {
        "count": 995.0,
        "sum": 3827800050.999999,
        "mean": 3847035.2271356774,
        "median": 2764422.518894356,
        "min": 44251,
        "max": 38006448,
        "variance_ns2": 21143996804874.22,
        "iqr_ns": 566396.845080812,
        "q1_ns": 2571947.1400469895,
        "q3_ns": 3138343.9851278015
      },
      "futex_op_counts": {
        "128": 995
      },
      "first_seen_ts_ns": 5689957525917,
      "last_seen_ts_ns": 5705306039284
    },
    {
      "tgid": 151824,
      "comm": "xhpcg",
      "cgroup_id": 57179,
      "wait_duration_stats_ns": {
        "count": 1010.0,
        "sum": 3805847578.000005,
        "mean": 3768165.918811886,
        "median": 2783624.891029873,
        "min": 65592,
        "max": 38070360,
        "variance_ns2": 20944770301468.71,
        "iqr_ns": 1496163.553247048,
        "q1_ns": 2330321.400592301,
        "q3_ns": 3826484.953839349
      },
      "futex_op_counts": {
        "128": 1010
      },
      "first_seen_ts_ns": 5689958450381,
      "last_seen_ts_ns": 5705305396107
    },
    {
      "tgid": 151814,
      "comm": "xhpcg",
      "cgroup_id": 57179,
      "wait_duration_stats_ns": {
        "count": 989.0,
        "sum": 3792225692.000002,
        "mean": 3834404.137512641,
        "median": 2821991.152679484,
        "min": 3040,
        "max": 38031248,
        "variance_ns2": 19568712191341.266,
        "iqr_ns": 743279.3593507637,
        "q1_ns": 2513297.1092933873,
        "q3_ns": 3256576.468644151
      },
      "futex_op_counts": {
        "128": 989
      },
      "first_seen_ts_ns": 5689957487806,
      "last_seen_ts_ns": 5705305880180
    },
    {
      "tgid": 151831,
      "comm": "xhpcg",
      "cgroup_id": 57179,
      "wait_duration_stats_ns": {
        "count": 994.0,
        "sum": 3779426065.000002,
        "mean": 3802239.5020120745,
        "median": 2884510.1301910067,
        "min": 61632,
        "max": 40784953,
        "variance_ns2": 19618719378604.75,
        "iqr_ns": 866120.323473664,
        "q1_ns": 2420814.0739767845,
        "q3_ns": 3286934.3974504485
      },
      "futex_op_counts": {
        "128": 994
      },
      "first_seen_ts_ns": 5689957483255,
      "last_seen_ts_ns": 5705305652914
    },
    {
      "tgid": 151822,
      "comm": "xhpcg",
      "cgroup_id": 57179,
      "wait_duration_stats_ns": {
        "count": 1005.0,
        "sum": 3774796398.999999,
        "mean": 3756016.3174129343,
        "median": 2622500.2267110324,
        "min": 132133,
        "max": 39079357,
        "variance_ns2": 21899062943104.89,
        "iqr_ns": 996584.9340947741,
        "q1_ns": 2328343.185737432,
        "q3_ns": 3324928.119832206
      },
      "futex_op_counts": {
        "128": 1005
      },
      "first_seen_ts_ns": 5689958326178,
      "last_seen_ts_ns": 5705306025004
    },
    {
      "tgid": 151838,
      "comm": "xhpcg",
      "cgroup_id": 57179,
      "wait_duration_stats_ns": {
        "count": 995.0,
        "sum": 3747160509.0000014,
        "mean": 3765990.4613065342,
        "median": 2818940.9021996814,
        "min": 4000,
        "max": 39194549,
        "variance_ns2": 19252809136197.16,
        "iqr_ns": 993524.4591569877,
        "q1_ns": 2385903.406452488,
        "q3_ns": 3379427.865609476
      },
      "futex_op_counts": {
        "128": 995
      },
      "first_seen_ts_ns": 5689958488222,
      "last_seen_ts_ns": 5705305370066
    },
    {
      "tgid": 151811,
      "comm": "xhpcg",
      "cgroup_id": 57179,
      "wait_duration_stats_ns": {
        "count": 999.0,
        "sum": 3738067685.000005,
        "mean": 3741809.494494499,
        "median": 2690221.7396637225,
        "min": 59771,
        "max": 38006489,
        "variance_ns2": 21375421151624.453,
        "iqr_ns": 694180.9749145862,
        "q1_ns": 2376991.0932555646,
        "q3_ns": 3071172.0681701507
      },
      "futex_op_counts": {
        "128": 999
      },
      "first_seen_ts_ns": 5689957538347,
      "last_seen_ts_ns": 5705306106816
    },
    {
      "tgid": 151835,
      "comm": "xhpcg",
      "cgroup_id": 57179,
      "wait_duration_stats_ns": {
        "count": 976.0,
        "sum": 3710850446.999997,
        "mean": 3802100.8678278658,
        "median": 2779875.3516700426,
        "min": 142234,
        "max": 39182179,
        "variance_ns2": 21023725075335.836,
        "iqr_ns": 758863.8869335521,
        "q1_ns": 2391869.1034835307,
        "q3_ns": 3150732.990417083
      },
      "futex_op_counts": {
        "128": 976
      },
      "first_seen_ts_ns": 5689957744153,
      "last_seen_ts_ns": 5705305404457
    },
    {
      "tgid": 151818,
      "comm": "xhpcg",
      "cgroup_id": 57179,
      "wait_duration_stats_ns": {
        "count": 952.0,
        "sum": 3681522876.999997,
        "mean": 3867145.8792016776,
        "median": 2797053.6205726825,
        "min": 5910,
        "max": 40125445,
        "variance_ns2": 21402149456060.78,
        "iqr_ns": 808688.3058563527,
        "q1_ns": 2479831.0801154966,
        "q3_ns": 3288519.3859718493
      },
      "futex_op_counts": {
        "128": 952
      },
      "first_seen_ts_ns": 5689956951021,
      "last_seen_ts_ns": 5705306053695
    },
    {
      "tgid": 151815,
      "comm": "xhpcg",
      "cgroup_id": 57179,
      "wait_duration_stats_ns": {
        "count": 946.0,
        "sum": 3614289711.0,
        "mean": 3820602.2315010573,
        "median": 2770202.323198353,
        "min": 8270,
        "max": 39109518,
        "variance_ns2": 21734938973946.766,
        "iqr_ns": 891067.7858600933,
        "q1_ns": 2331812.4382879217,
        "q3_ns": 3222880.224148015
      },
      "futex_op_counts": {
        "128": 946
      },
      "first_seen_ts_ns": 5689957873256,
      "last_seen_ts_ns": 5705305863750
    },
    {
      "tgid": 151820,
      "comm": "xhpcg",
      "cgroup_id": 57179,
      "wait_duration_stats_ns": {
        "count": 932.0,
        "sum": 3600100023.0000005,
        "mean": 3862768.2650214597,
        "median": 2675399.3783052997,
        "min": 4300,
        "max": 39178679,
        "variance_ns2": 25682743188585.113,
        "iqr_ns": 698608.7620658362,
        "q1_ns": 2335084.592635454,
        "q3_ns": 3033693.3547012904
      },
      "futex_op_counts": {
        "128": 932
      },
      "first_seen_ts_ns": 5689957517727,
      "last_seen_ts_ns": 5705305487430
    },
    {
      "tgid": 151830,
      "comm": "xhpcg",
      "cgroup_id": 57179,
      "wait_duration_stats_ns": {
        "count": 965.0,
        "sum": 3516160485.9999976,
        "mean": 3643689.622797925,
        "median": 2868082.6732040197,
        "min": 33071,
        "max": 39134919,
        "variance_ns2": 16929046716817.174,
        "iqr_ns": 1199988.0359556829,
        "q1_ns": 2496434.2856864226,
        "q3_ns": 3696422.3216421055
      },
      "futex_op_counts": {
        "128": 965
      },
      "first_seen_ts_ns": 5689958212455,
      "last_seen_ts_ns": 5705306199639
    },
    {
      "tgid": 151848,
      "comm": "xhpcg",
      "cgroup_id": 57179,
      "wait_duration_stats_ns": {
        "count": 1028.0,
        "sum": 3484055732.999999,
        "mean": 3389159.2733463026,
        "median": 2756267.6859336733,
        "min": 80922,
        "max": 39571951,
        "variance_ns2": 19935501270837.113,
        "iqr_ns": 2554355.9495092435,
        "q1_ns": 1427294.6721876545,
        "q3_ns": 3981650.6216968982
      },
      "futex_op_counts": {
        "128": 1028
      },
      "first_seen_ts_ns": 5689957490076,
      "last_seen_ts_ns": 5705305950012
    },
    {
      "tgid": 151846,
      "comm": "xhpcg",
      "cgroup_id": 57179,
      "wait_duration_stats_ns": {
        "count": 1008.0,
        "sum": 3483794649.000001,
        "mean": 3456145.4851190485,
        "median": 2713417.0732932687,
        "min": 57241,
        "max": 41982496,
        "variance_ns2": 21124487615186.836,
        "iqr_ns": 1667872.3983930803,
        "q1_ns": 1656730.4437888556,
        "q3_ns": 3324602.842181936
      },
      "futex_op_counts": {
        "128": 1008
      },
      "first_seen_ts_ns": 5689956893530,
      "last_seen_ts_ns": 5705304554234
    },
    {
      "tgid": 151844,
      "comm": "xhpcg",
      "cgroup_id": 57179,
      "wait_duration_stats_ns": {
        "count": 1019.0,
        "sum": 3464341135.999998,
        "mean": 3399745.962708536,
        "median": 2788009.3563153017,
        "min": 43811,
        "max": 39075257,
        "variance_ns2": 20393115948039.85,
        "iqr_ns": 2062784.0271706504,
        "q1_ns": 1509184.949454929,
        "q3_ns": 3571968.9766255794
      },
      "futex_op_counts": {
        "128": 1019
      },
      "first_seen_ts_ns": 5689957192918,
      "last_seen_ts_ns": 5705305821488
    },
    {
      "tgid": 151842,
      "comm": "xhpcg",
      "cgroup_id": 57179,
      "wait_duration_stats_ns": {
        "count": 995.0,
        "sum": 3434609553.999997,
        "mean": 3451868.8984924597,
        "median": 2571587.141210466,
        "min": 4460,
        "max": 40927596,
        "variance_ns2": 23027068156078.234,
        "iqr_ns": 1532134.115987333,
        "q1_ns": 1643112.6837303145,
        "q3_ns": 3175246.7997176475
      },
      "futex_op_counts": {
        "128": 995
      },
      "first_seen_ts_ns": 5689956727505,
      "last_seen_ts_ns": 5705306188808
    },
    {
      "tgid": 151850,
      "comm": "xhpcg",
      "cgroup_id": 57179,
      "wait_duration_stats_ns": {
        "count": 999.0,
        "sum": 3409517407.999996,
        "mean": 3412930.3383383346,
        "median": 2697083.271279016,
        "min": 63591,
        "max": 39160189,
        "variance_ns2": 20045775559352.227,
        "iqr_ns": 1771484.7458039918,
        "q1_ns": 1574189.359273457,
        "q3_ns": 3345674.1050774488
      },
      "futex_op_counts": {
        "128": 999
      },
      "first_seen_ts_ns": 5689956806028,
      "last_seen_ts_ns": 5705305738456
    },
    {
      "tgid": 151851,
      "comm": "xhpcg",
      "cgroup_id": 57179,
      "wait_duration_stats_ns": {
        "count": 1005.0,
        "sum": 3398921397.9999967,
        "mean": 3382011.341293529,
        "median": 2643797.7705311496,
        "min": 17840,
        "max": 43113086,
        "variance_ns2": 23084216614028.562,
        "iqr_ns": 1768449.959617837,
        "q1_ns": 1379505.581596121,
        "q3_ns": 3147955.541213958
      },
      "futex_op_counts": {
        "128": 1005
      },
      "first_seen_ts_ns": 5689957596838,
      "last_seen_ts_ns": 5705305894110
    },
    {
      "tgid": 151840,
      "comm": "xhpcg",
      "cgroup_id": 57179,
      "wait_duration_stats_ns": {
        "count": 999.0,
        "sum": 3389021953.000003,
        "mean": 3392414.36736737,
        "median": 2699592.2551561925,
        "min": 13230,
        "max": 39885598,
        "variance_ns2": 23310895759051.42,
        "iqr_ns": 1805632.7141042007,
        "q1_ns": 1379103.3907311037,
        "q3_ns": 3184736.1048353044
      },
      "futex_op_counts": {
        "128": 999
      },
      "first_seen_ts_ns": 5689956152090,
      "last_seen_ts_ns": 5705304660077
    },
    {
      "tgid": 151854,
      "comm": "xhpcg",
      "cgroup_id": 57179,
      "wait_duration_stats_ns": {
        "count": 721.0,
        "sum": 2489418904.9999995,
        "mean": 3452730.7975034667,
        "median": 2394782.2570513166,
        "min": 3910,
        "max": 39117508,
        "variance_ns2": 26947895921957.25,
        "iqr_ns": 2390779.7787163397,
        "q1_ns": 1263598.9490013348,
        "q3_ns": 3654378.7277176743
      },
      "futex_op_counts": {
        "128": 721
      },
      "first_seen_ts_ns": 5689956567891,
      "last_seen_ts_ns": 5705304508893
    },
    {
      "tgid": 152119,
      "comm": "runc",
      "cgroup_id": 4085,
      "wait_duration_stats_ns": {
        "count": 308.0,
        "sum": 2429201679.0,
        "mean": 7887018.438311689,
        "median": 458322.86451228335,
        "min": 990,
        "max": 214281513,
        "variance_ns2": 1061894519376135.8,
        "iqr_ns": 6514152.525953634,
        "q1_ns": 65765.16049372016,
        "q3_ns": 6579917.686447354
      },
      "futex_op_counts": {
        "128": 308
      },
      "first_seen_ts_ns": 5723981547933,
      "last_seen_ts_ns": 5724271899185
    },
    {
      "tgid": 151939,
      "comm": "runc",
      "cgroup_id": 4085,
      "wait_duration_stats_ns": {
        "count": 304.0,
        "sum": 2135986226.0000002,
        "mean": 7026270.480263159,
        "median": 380538.6894252796,
        "min": 941,
        "max": 313929169,
        "variance_ns2": 1038425337088196.0,
        "iqr_ns": 2646266.024019065,
        "q1_ns": 67690.78878906574,
        "q3_ns": 2713956.8128081304
      },
      "futex_op_counts": {
        "128": 304
      },
      "first_seen_ts_ns": 5703991117866,
      "last_seen_ts_ns": 5704306078282
    },
    {
      "tgid": 152316,
      "comm": "runc",
      "cgroup_id": 4085,
      "wait_duration_stats_ns": {
        "count": 320.0,
        "sum": 1822954998.0000007,
        "mean": 5696734.368750002,
        "median": 359039.5716599377,
        "min": 1300,
        "max": 253132320,
        "variance_ns2": 679327754661898.1,
        "iqr_ns": 1731481.8757210202,
        "q1_ns": 74145.04036657554,
        "q3_ns": 1805626.9160875957
      },
      "futex_op_counts": {
        "128": 320
      },
      "first_seen_ts_ns": 5745730310432,
      "last_seen_ts_ns": 5745991141148
    },
    {
      "tgid": 152092,
      "comm": "runc",
      "cgroup_id": 4085,
      "wait_duration_stats_ns": {
        "count": 256.0,
        "sum": 1808635343.0,
        "mean": 7064981.80859375,
        "median": 432052.7723046409,
        "min": 3280,
        "max": 242845318,
        "variance_ns2": 917469369939418.0,
        "iqr_ns": 6730433.077068563,
        "q1_ns": 62312.69089964153,
        "q3_ns": 6792745.767968204
      },
      "futex_op_counts": {
        "128": 256
      },
      "first_seen_ts_ns": 5715734379028,
      "last_seen_ts_ns": 5715991425617
    },
    {
      "tgid": 152291,
      "comm": "runc",
      "cgroup_id": 4085,
      "wait_duration_stats_ns": {
        "count": 329.0,
        "sum": 1644677995.9999998,
        "mean": 4999021.264437689,
        "median": 416538.66131530015,
        "min": 3280,
        "max": 233510424,
        "variance_ns2": 464303157935011.3,
        "iqr_ns": 3089080.9689252083,
        "q1_ns": 97836.38134717973,
        "q3_ns": 3186917.350272388
      },
      "futex_op_counts": {
        "128": 329
      },
      "first_seen_ts_ns": 5743980651539,
      "last_seen_ts_ns": 5744225849915
    },
    {
      "tgid": 152143,
      "comm": "runc",
      "cgroup_id": 4085,
      "wait_duration_stats_ns": {
        "count": 240.0,
        "sum": 1517379732.0,
        "mean": 6322415.55,
        "median": 502475.14945024205,
        "min": 9550,
        "max": 223774697,
        "variance_ns2": 986770698142672.4,
        "iqr_ns": 3376325.860881749,
        "q1_ns": 68395.544597,
        "q3_ns": 3444721.405478749
      },
      "futex_op_counts": {
        "128": 240
      },
      "first_seen_ts_ns": 5725738299226,
      "last_seen_ts_ns": 5725970243292
    },
    {
      "tgid": 151912,
      "comm": "runc",
      "cgroup_id": 4085,
      "wait_duration_stats_ns": {
        "count": 273.0,
        "sum": 1403348759.9999998,
        "mean": 5140471.648351648,
        "median": 221651.68084766885,
        "min": 4710,
        "max": 195754733,
        "variance_ns2": 622564013058183.8,
        "iqr_ns": 3186109.0950624663,
        "q1_ns": 37364.8961677895,
        "q3_ns": 3223473.991230256
      },
      "futex_op_counts": {
        "128": 273
      },
      "first_seen_ts_ns": 5695730984134,
      "last_seen_ts_ns": 5695937100986
    },
    {
      "tgid": 151886,
      "comm": "runc",
      "cgroup_id": 4085,
      "wait_duration_stats_ns": {
        "count": 394.0,
        "sum": 1345124726.0,
        "mean": 3414022.147208122,
        "median": 243023.18495416717,
        "min": 930,
        "max": 201796116,
        "variance_ns2": 310525122557506.44,
        "iqr_ns": 1786855.8033833967,
        "q1_ns": 43139.22513642821,
        "q3_ns": 1829995.0285198248
      },
      "futex_op_counts": {
        "128": 394
      },
      "first_seen_ts_ns": 5693972727352,
      "last_seen_ts_ns": 5694186475318
    },
    {
      "tgid": 152268,
      "comm": "runc",
      "cgroup_id": 4085,
      "wait_duration_stats_ns": {
        "count": 275.0,
        "sum": 1317096633.0,
        "mean": 4789442.301818182,
        "median": 296617.9557901961,
        "min": 1411,
        "max": 202352519,
        "variance_ns2": 560240145917398.3,
        "iqr_ns": 1919302.4235702322,
        "q1_ns": 33603.704849357084,
        "q3_ns": 1952906.1284195893
      },
      "futex_op_counts": {
        "128": 275
      },
      "first_seen_ts_ns": 5735734809946,
      "last_seen_ts_ns": 5735966025108
    },
    {
      "tgid": 152244,
      "comm": "runc",
      "cgroup_id": 4085,
      "wait_duration_stats_ns": {
        "count": 375.0,
        "sum": 1313848682.0000002,
        "mean": 3503596.4853333337,
        "median": 136143.55150695267,
        "min": 760,
        "max": 199920343,
        "variance_ns2": 513409954943593.1,
        "iqr_ns": 797433.593245614,
        "q1_ns": 28074.887739744896,
        "q3_ns": 825508.4809853588
      },
      "futex_op_counts": {
        "128": 375
      },
      "first_seen_ts_ns": 5733962720812,
      "last_seen_ts_ns": 5734166118339
    },
    {
      "tgid": 152153,
      "comm": "runc:[2:INIT]",
      "cgroup_id": 5006,
      "wait_duration_stats_ns": {
        "count": 27.0,
        "sum": 962371653.9999999,
        "mean": 35643394.59259259,
        "median": 14912506.60303042,
        "min": 85843,
        "max": 173472429,
        "variance_ns2": 3966561606438901.5,
        "iqr_ns": 34192084.155830204,
        "q1_ns": 3933959.536024276,
        "q3_ns": 38126043.691854484
      },
      "futex_op_counts": {
        "128": 27
      },
      "first_seen_ts_ns": 5725775291978,
      "last_seen_ts_ns": 5725981093274
    },
    {
      "tgid": 152254,
      "comm": "runc:[2:INIT]",
      "cgroup_id": 5006,
      "wait_duration_stats_ns": {
        "count": 34.0,
        "sum": 887996436.0,
        "mean": 26117542.23529412,
        "median": 3867519.3809310766,
        "min": 27981,
        "max": 155632398,
        "variance_ns2": 2476455457622013.0,
        "iqr_ns": 18814804.337042727,
        "q1_ns": 1187179.9977892027,
        "q3_ns": 20001984.33483193
      },
      "futex_op_counts": {
        "128": 34
      },
      "first_seen_ts_ns": 5733992347706,
      "last_seen_ts_ns": 5734178046278
    },
    {
      "tgid": 151950,
      "comm": "runc:[2:INIT]",
      "cgroup_id": 5006,
      "wait_duration_stats_ns": {
        "count": 29.0,
        "sum": 887265708.0000002,
        "mean": 30595369.24137932,
        "median": 10342897.043377278,
        "min": 11581,
        "max": 165146794,
        "variance_ns2": 3440313283978646.5,
        "iqr_ns": 12715281.082998011,
        "q1_ns": 1300392.3943119058,
        "q3_ns": 14015673.477309916
      },
      "futex_op_counts": {
        "128": 29
      },
      "first_seen_ts_ns": 5704134034054,
      "last_seen_ts_ns": 5704310918521
    },
    {
      "tgid": 152103,
      "comm": "runc:[2:INIT]",
      "cgroup_id": 5006,
      "wait_duration_stats_ns": {
        "count": 29.0,
        "sum": 884230069.0000002,
        "mean": 30490692.034482766,
        "median": 5161615.18987093,
        "min": 11620,
        "max": 166751629,
        "variance_ns2": 3325126190637184.5,
        "iqr_ns": 7337204.746008838,
        "q1_ns": 799868.1681857468,
        "q3_ns": 8137072.914194584
      },
      "futex_op_counts": {
        "128": 29
      },
      "first_seen_ts_ns": 5715821634976,
      "last_seen_ts_ns": 5716002400802
    },
    {
      "tgid": 152068,
      "comm": "runc",
      "cgroup_id": 4085,
      "wait_duration_stats_ns": {
        "count": 395.0,
        "sum": 827814490.9999999,
        "mean": 2095732.8886075947,
        "median": 108860.52235457228,
        "min": 940,
        "max": 139815374,
        "variance_ns2": 234524955611288.28,
        "iqr_ns": 503723.9630101154,
        "q1_ns": 26023.28835216182,
        "q3_ns": 529747.2513622772
      },
      "futex_op_counts": {
        "128": 395
      },
      "first_seen_ts_ns": 5713961712742,
      "last_seen_ts_ns": 5714104713982
    },
    {
      "tgid": 152015,
      "comm": "runc",
      "cgroup_id": 4085,
      "wait_duration_stats_ns": {
        "count": 388.0,
        "sum": 816837646.0000002,
        "mean": 2105251.664948454,
        "median": 98712.0216046737,
        "min": 800,
        "max": 112841372,
        "variance_ns2": 162847363204332.38,
        "iqr_ns": 551512.3055254334,
        "q1_ns": 28719.35398068003,
        "q3_ns": 580231.6595061134
      },
      "futex_op_counts": {
        "128": 388
      },
      "first_seen_ts_ns": 5705716485388,
      "last_seen_ts_ns": 5705832232867
    },
    {
      "tgid": 152278,
      "comm": "runc:[2:INIT]",
      "cgroup_id": 5006,
      "wait_duration_stats_ns": {
        "count": 28.0,
        "sum": 721691175.9999999,
        "mean": 25774684.857142854,
        "median": 1295550.9252334512,
        "min": 6870,
        "max": 136564247,
        "variance_ns2": 2144212803917866.8,
        "iqr_ns": 15801510.119335148,
        "q1_ns": 373309.53641025646,
        "q3_ns": 16174819.655745406
      },
      "futex_op_counts": {
        "128": 28
      },
      "first_seen_ts_ns": 5735822812033,
      "last_seen_ts_ns": 5735975329297
    },
    {
      "tgid": 152327,
      "comm": "runc:[2:INIT]",
      "cgroup_id": 5006,
      "wait_duration_stats_ns": {
        "count": 25.0,
        "sum": 687825078.9999999,
        "mean": 27513003.159999996,
        "median": 15155212.733803932,
        "min": 485163,
        "max": 117620379,
        "variance_ns2": 1794282565555902.0,
        "iqr_ns": 34658458.56171504,
        "q1_ns": 2118506.5057942593,
        "q3_ns": 36776965.06750929
      },
      "futex_op_counts": {
        "128": 25
      },
      "first_seen_ts_ns": 5745861378953,
      "last_seen_ts_ns": 5746002945293
    },
    {
      "tgid": 152078,
      "comm": "runc:[2:INIT]",
      "cgroup_id": 5006,
      "wait_duration_stats_ns": {
        "count": 26.0,
        "sum": 663642063.0000001,
        "mean": 25524694.730769236,
        "median": 1909394.331563242,
        "min": 29371,
        "max": 132837298,
        "variance_ns2": 2800499636082677.0,
        "iqr_ns": 29226013.740705177,
        "q1_ns": 366132.58051860105,
        "q3_ns": 29592146.321223777
      },
      "futex_op_counts": {
        "128": 26
      },
      "first_seen_ts_ns": 5713971174026,
      "last_seen_ts_ns": 5714104574618
    },
    {
      "tgid": 151923,
      "comm": "runc:[2:INIT]",
      "cgroup_id": 5006,
      "wait_duration_stats_ns": {
        "count": 24.0,
        "sum": 627114518.9999998,
        "mean": 26129771.624999993,
        "median": 2090036.3926668,
        "min": 91823,
        "max": 124104234,
        "variance_ns2": 2270371737636933.0,
        "iqr_ns": 54370677.37052857,
        "q1_ns": 624338.4678145761,
        "q3_ns": 54995015.83834315
      },
      "futex_op_counts": {
        "128": 24
      },
      "first_seen_ts_ns": 5695812039657,
      "last_seen_ts_ns": 5695937035265
    },
    {
      "tgid": 152133,
      "comm": "runc:[2:INIT]",
      "cgroup_id": 5006,
      "wait_duration_stats_ns": {
        "count": 24.0,
        "sum": 615314009.0,
        "mean": 25638083.708333336,
        "median": 9454431.58273856,
        "min": 161804,
        "max": 139658844,
        "variance_ns2": 2119021226285125.2,
        "iqr_ns": 15983568.361509841,
        "q1_ns": 674313.9108710394,
        "q3_ns": 16657882.272380881
      },
      "futex_op_counts": {
        "128": 24
      },
      "first_seen_ts_ns": 5724125897411,
      "last_seen_ts_ns": 5724283564967
    },
    {
      "tgid": 151897,
      "comm": "runc:[2:INIT]",
      "cgroup_id": 5006,
      "wait_duration_stats_ns": {
        "count": 29.0,
        "sum": 523115055.0,
        "mean": 18038450.172413792,
        "median": 3145836.245877771,
        "min": 98572,
        "max": 115040042,
        "variance_ns2": 1139889605049730.8,
        "iqr_ns": 16856479.552853927,
        "q1_ns": 847439.2338730693,
        "q3_ns": 17703918.786726996
      },
      "futex_op_counts": {
        "128": 29
      },
      "first_seen_ts_ns": 5694064810409,
      "last_seen_ts_ns": 5694199627981
    },
    {
      "tgid": 152303,
      "comm": "runc:[2:INIT]",
      "cgroup_id": 5006,
      "wait_duration_stats_ns": {
        "count": 24.0,
        "sum": 429870701.0,
        "mean": 17911279.208333332,
        "median": 6439692.757388136,
        "min": 236266,
        "max": 96057893,
        "variance_ns2": 849044408265831.9,
        "iqr_ns": 17161341.411047723,
        "q1_ns": 501209.9987866717,
        "q3_ns": 17662551.409834396
      },
      "futex_op_counts": {
        "128": 24
      },
      "first_seen_ts_ns": 5744122114157,
      "last_seen_ts_ns": 5744236232933
    },
    {
      "tgid": 152027,
      "comm": "runc:[2:INIT]",
      "cgroup_id": 5006,
      "wait_duration_stats_ns": {
        "count": 25.0,
        "sum": 266743421.0,
        "mean": 10669736.84,
        "median": 1217303.7911355312,
        "min": 14131,
        "max": 53660576,
        "variance_ns2": 453173656783742.5,
        "iqr_ns": 10524561.366200568,
        "q1_ns": 76615.58045709495,
        "q3_ns": 10601176.946657663
      },
      "futex_op_counts": {
        "128": 25
      },
      "first_seen_ts_ns": 5705778210381,
      "last_seen_ts_ns": 5705832290689
    },
    {
      "tgid": 151950,
      "comm": "grpc-health-pro",
      "cgroup_id": 5006,
      "wait_duration_stats_ns": {
        "count": 22.0,
        "sum": 188988627.0,
        "mean": 8590392.136363637,
        "median": 5217730.334419295,
        "min": 21911,
        "max": 29081510,
        "variance_ns2": 81717897908884.88,
        "iqr_ns": 11023685.215684855,
        "q1_ns": 1208041.0554280602,
        "q3_ns": 12231726.271112915
      },
      "futex_op_counts": {
        "128": 22
      },
      "first_seen_ts_ns": 5704334376420,
      "last_seen_ts_ns": 5704370171949
    },
    {
      "tgid": 152153,
      "comm": "grpc-health-pro",
      "cgroup_id": 5006,
      "wait_duration_stats_ns": {
        "count": 18.0,
        "sum": 167662666.99999997,
        "mean": 9314592.61111111,
        "median": 4612485.586258504,
        "min": 67162,
        "max": 33656893,
        "variance_ns2": 128110261939369.78,
        "iqr_ns": 11089684.967555981,
        "q1_ns": 1643246.6798894557,
        "q3_ns": 12732931.647445437
      },
      "futex_op_counts": {
        "128": 18
      },
      "first_seen_ts_ns": 5725992740355,
      "last_seen_ts_ns": 5726028747021
    },
    {
      "tgid": 152254,
      "comm": "grpc-health-pro",
      "cgroup_id": 5006,
      "wait_duration_stats_ns": {
        "count": 26.0,
        "sum": 161018069.0,
        "mean": 6193002.653846154,
        "median": 2737725.29117327,
        "min": 37071,
        "max": 27335631,
        "variance_ns2": 66397506264137.35,
        "iqr_ns": 8842087.19501284,
        "q1_ns": 190911.84259892686,
        "q3_ns": 9032999.037611766
      },
      "futex_op_counts": {
        "128": 26
      },
      "first_seen_ts_ns": 5734186749332,
      "last_seen_ts_ns": 5734224894652
    },
    {
      "tgid": 152103,
      "comm": "grpc-health-pro",
      "cgroup_id": 5006,
      "wait_duration_stats_ns": {
        "count": 20.0,
        "sum": 131961517.0,
        "mean": 6598075.85,
        "median": 3364512.2258928567,
        "min": 33132,
        "max": 25766941,
        "variance_ns2": 69458130341067.6,
        "iqr_ns": 12006009.707526486,
        "q1_ns": 447316.5740740741,
        "q3_ns": 12453326.281600561
      },
      "futex_op_counts": {
        "128": 20
      },
      "first_seen_ts_ns": 5716011220249,
      "last_seen_ts_ns": 5716048051695
    },
    {
      "tgid": 151923,
      "comm": "grpc-health-pro",
      "cgroup_id": 5006,
      "wait_duration_stats_ns": {
        "count": 24.0,
        "sum": 129463566.0,
        "mean": 5394315.25,
        "median": 1923168.206686302,
        "min": 35211,
        "max": 23375976,
        "variance_ns2": 43552771437734.72,
        "iqr_ns": 6569134.785813666,
        "q1_ns": 265427.19083722273,
        "q3_ns": 6834561.976650889
      },
      "futex_op_counts": {
        "128": 24
      },
      "first_seen_ts_ns": 5695944367561,
      "last_seen_ts_ns": 5695979098701
    },
    {
      "tgid": 152327,
      "comm": "grpc-health-pro",
      "cgroup_id": 5006,
      "wait_duration_stats_ns": {
        "count": 17.0,
        "sum": 128005169.0,
        "mean": 7529715.823529412,
        "median": 5382354.75510204,
        "min": 13471,
        "max": 25464412,
        "variance_ns2": 73376601053614.8,
        "iqr_ns": 12875037.27270914,
        "q1_ns": 1065906.8151927437,
        "q3_ns": 13940944.087901885
      },
      "futex_op_counts": {
        "128": 17
      },
      "first_seen_ts_ns": 5746019730343,
      "last_seen_ts_ns": 5746047744163
    },
    {
      "tgid": 152303,
      "comm": "grpc-health-pro",
      "cgroup_id": 5006,
      "wait_duration_stats_ns": {
        "count": 15.0,
        "sum": 121240032.0,
        "mean": 8082668.8,
        "median": 5898812.174999999,
        "min": 13200,
        "max": 24162817,
        "variance_ns2": 69265392744899.61,
        "iqr_ns": 10455187.461342081,
        "q1_ns": 1803908.35,
        "q3_ns": 12259095.811342081
      },
      "futex_op_counts": {
        "128": 15
      },
      "first_seen_ts_ns": 5744264829829,
      "last_seen_ts_ns": 5744294430082
    },
    {
      "tgid": 152278,
      "comm": "grpc-health-pro",
      "cgroup_id": 5006,
      "wait_duration_stats_ns": {
        "count": 13.0,
        "sum": 52965598.0,
        "mean": 4074276.769230769,
        "median": 2635419.17,
        "min": 12121,
        "max": 10796958,
        "variance_ns2": 15540180768574.03,
        "iqr_ns": 4024418.3794246027,
        "q1_ns": 773343.6904166667,
        "q3_ns": 4797762.069841269
      },
      "futex_op_counts": {
        "128": 13
      },
      "first_seen_ts_ns": 5735990477183,
      "last_seen_ts_ns": 5736007163410
    },
    {
      "tgid": 152133,
      "comm": "grpc-health-pro",
      "cgroup_id": 5006,
      "wait_duration_stats_ns": {
        "count": 13.0,
        "sum": 26360917.0,
        "mean": 2027762.846153846,
        "median": 1022555.5916666667,
        "min": 23861,
        "max": 9372611,
        "variance_ns2": 9325965883135.475,
        "iqr_ns": 1710159.384259259,
        "q1_ns": 238507.19907407413,
        "q3_ns": 1948666.5833333333
      },
      "futex_op_counts": {
        "128": 13
      },
      "first_seen_ts_ns": 5724300243725,
      "last_seen_ts_ns": 5724310117159
    },
    {
      "tgid": 151897,
      "comm": "grpc-health-pro",
      "cgroup_id": 5006,
      "wait_duration_stats_ns": {
        "count": 32.0,
        "sum": 17100798.0,
        "mean": 534399.9375,
        "median": 238805.8911748384,
        "min": 18470,
        "max": 2205509,
        "variance_ns2": 473498237852.383,
        "iqr_ns": 560964.3923027723,
        "q1_ns": 53447.27198220075,
        "q3_ns": 614411.664284973
      },
      "futex_op_counts": {
        "128": 32
      },
      "first_seen_ts_ns": 5694212418083,
      "last_seen_ts_ns": 5694216180184
    },
    {
      "tgid": 152078,
      "comm": "grpc-health-pro",
      "cgroup_id": 5006,
      "wait_duration_stats_ns": {
        "count": 33.0,
        "sum": 12054215.0,
        "mean": 365279.24242424243,
        "median": 124500.75623832818,
        "min": 1690,
        "max": 1750207,
        "variance_ns2": 302042380931.8769,
        "iqr_ns": 416107.7285316979,
        "q1_ns": 39265.45394896109,
        "q3_ns": 455373.182480659
      },
      "futex_op_counts": {
        "128": 33
      },
      "first_seen_ts_ns": 5714107607459,
      "last_seen_ts_ns": 5714110893037
    },
    {
      "tgid": 151716,
      "comm": "grpc-health-pro",
      "cgroup_id": 5006,
      "wait_duration_stats_ns": {
        "count": 37.0,
        "sum": 11516427.0,
        "mean": 311254.7837837838,
        "median": 87653.78483444653,
        "min": 9510,
        "max": 1788898,
        "variance_ns2": 253612232671.50748,
        "iqr_ns": 223604.38649697494,
        "q1_ns": 41770.39529810902,
        "q3_ns": 265374.78179508395
      },
      "futex_op_counts": {
        "128": 37
      },
      "first_seen_ts_ns": 5684105418467,
      "last_seen_ts_ns": 5684108440068
    },
    {
      "tgid": 152027,
      "comm": "grpc-health-pro",
      "cgroup_id": 5006,
      "wait_duration_stats_ns": {
        "count": 28.0,
        "sum": 11342232.0,
        "mean": 405079.71428571426,
        "median": 109783.79504801099,
        "min": 17850,
        "max": 1741127,
        "variance_ns2": 296834535976.7302,
        "iqr_ns": 444816.8719705922,
        "q1_ns": 46173.15666975881,
        "q3_ns": 490990.028640351
      },
      "futex_op_counts": {
        "128": 28
      },
      "first_seen_ts_ns": 5705834976541,
      "last_seen_ts_ns": 5705837897210
    },
    {
      "tgid": 151705,
      "comm": "runc",
      "cgroup_id": 4085,
      "wait_duration_stats_ns": {
        "count": 7.0,
        "sum": 7944412.0,
        "mean": 1134916.0,
        "median": 912414.0,
        "min": 24691,
        "max": 2599669,
        "variance_ns2": 1710133694349.6667,
        "iqr_ns": 788141.0,
        "q1_ns": 124273.0,
        "q3_ns": 912414.0
      },
      "futex_op_counts": {
        "128": 7
      },
      "first_seen_ts_ns": 5684100320031,
      "last_seen_ts_ns": 5684102910240
    },
    {
      "tgid": 151716,
      "comm": "runc:[2:INIT]",
      "cgroup_id": 5006,
      "wait_duration_stats_ns": {
        "count": 12.0,
        "sum": 3380238.0,
        "mean": 281686.5,
        "median": 77809.90625,
        "min": 47641,
        "max": 1426909,
        "variance_ns2": 152305753657.36365,
        "iqr_ns": 276020.76011353615,
        "q1_ns": 61955.442708333336,
        "q3_ns": 337976.20282186946
      },
      "futex_op_counts": {
        "128": 12
      },
      "first_seen_ts_ns": 5684101075081,
      "last_seen_ts_ns": 5684102951381
    },
    {
      "tgid": 151589,
      "comm": "flux-broker-0",
      "cgroup_id": 57179,
      "wait_duration_stats_ns": {
        "count": 299.0,
        "sum": 1015286.0000000001,
        "mean": 3395.605351170569,
        "median": 1374.665879270723,
        "min": 740,
        "max": 50362,
        "variance_ns2": 41037822.05849476,
        "iqr_ns": 952.5097545712971,
        "q1_ns": 1019.0233656198908,
        "q3_ns": 1971.533120191188
      },
      "futex_op_counts": {
        "128": 299
      },
      "first_seen_ts_ns": 5689406771783,
      "last_seen_ts_ns": 5753582491523
    }
  ]
}
[05:54:42] Cleanup complete.
