unlimited
PROGRAM: cpu
Looking for /opt/programs/cpu/ebpf-collect.c
[18:59:27] Waiting for start indicator file: '/mnt/flux/start_ebpf_collection'.
[18:59:28] Start indicator found. Proceeding with monitoring.
[18:59:28] Initializing eBPF for CPU Scheduling monitoring...
[18:59:28] BPF C code compiled and loaded.
[18:59:28] Attached tracepoints.
[18:59:28] Monitoring CPU scheduling events (polling aggregated map)... Press Ctrl+C to stop.
[19:00:35] Stop indicator file '/mnt/flux/stop_ebpf_collection' found. Stopping.
[19:00:35] Initiating cleanup sequence...
{
  "final_aggregated_summary_river": [
    {
      "tgid": 141,
      "comm": "flux-broker-0",
      "cgroup_id": 74512,
      "on_cpu_stats_ns": {
        "count": 84.0,
        "sum_ns": 47643400.711632416,
        "mean_ns": 567183.3418051478,
        "median_ns": 44188.302413451514,
        "min_ns": 5466.212121212121,
        "max_ns": 42050781.0,
        "variance_ns2": 20987638749789.77,
        "iqr_ns": 78056.17664768448,
        "q1_ns": 17798.679216887253,
        "q3_ns": 95854.85586457173
      },
      "runq_latency_stats_ns": {
        "count": 83.0,
        "sum_ns": 915296.6016617792,
        "mean_ns": 11027.669899539509,
        "median_ns": 6097.154732041287,
        "min_ns": 977.0909090909091,
        "max_ns": 133434.0,
        "variance_ns2": 272173336.4225866,
        "iqr_ns": 9322.56110337142,
        "q1_ns": 3890.476324392865,
        "q3_ns": 13213.037427764284
      },
      "first_seen_ts_ns": 1749754768675785956,
      "last_seen_ts_ns": 1749754835055502611,
      "duration_active_s": 66.379716655
    },
    {
      "tgid": 200,
      "comm": "python3",
      "cgroup_id": 74372,
      "on_cpu_stats_ns": {
        "count": 386.0,
        "sum_ns": 15760059.275690377,
        "mean_ns": 40829.16910800616,
        "median_ns": 21934.993420696206,
        "min_ns": 3598.59375,
        "max_ns": 1396487.0,
        "variance_ns2": 9073754173.187794,
        "iqr_ns": 24917.606695134433,
        "q1_ns": 11450.570595971001,
        "q3_ns": 36368.177291105436
      },
      "runq_latency_stats_ns": {
        "count": 386.0,
        "sum_ns": 4187544.0406891503,
        "mean_ns": 10848.559690904534,
        "median_ns": 7180.861883875316,
        "min_ns": 799.0,
        "max_ns": 139546.0,
        "variance_ns2": 153415775.91030496,
        "iqr_ns": 14032.116831030693,
        "q1_ns": 3534.8728892609697,
        "q3_ns": 17566.98972029166
      },
      "first_seen_ts_ns": 1749754768675785956,
      "last_seen_ts_ns": 1749754835461450199,
      "duration_active_s": 66.785664243
    },
    {
      "tgid": 264,
      "comm": "python3",
      "cgroup_id": 74442,
      "on_cpu_stats_ns": {
        "count": 367.0,
        "sum_ns": 13127675.713979717,
        "mean_ns": 35770.23355307825,
        "median_ns": 22220.577332991987,
        "min_ns": 2916.625,
        "max_ns": 877928.0,
        "variance_ns2": 3918641955.6257143,
        "iqr_ns": 19543.156156900677,
        "q1_ns": 11473.860215733137,
        "q3_ns": 31017.016372633814
      },
      "runq_latency_stats_ns": {
        "count": 367.0,
        "sum_ns": 7364398.939740954,
        "mean_ns": 20066.482124634753,
        "median_ns": 7722.2574810281285,
        "min_ns": 862.875,
        "max_ns": 3898236.0,
        "variance_ns2": 41324260250.99596,
        "iqr_ns": 8106.675274831615,
        "q1_ns": 4055.205241828332,
        "q3_ns": 12161.880516659947
      },
      "first_seen_ts_ns": 1749754768675785956,
      "last_seen_ts_ns": 1749754835461450199,
      "duration_active_s": 66.785664243
    },
    {
      "tgid": 365,
      "comm": "xhpcg",
      "cgroup_id": 74512,
      "on_cpu_stats_ns": {
        "count": 40.0,
        "sum_ns": 785125.0,
        "mean_ns": 19628.125,
        "median_ns": 18627.367872902392,
        "min_ns": 5381.0,
        "max_ns": 41156.0,
        "variance_ns2": 36902472.11217949,
        "iqr_ns": 5423.759611100875,
        "q1_ns": 16751.238870249148,
        "q3_ns": 22174.998481350023
      },
      "runq_latency_stats_ns": {
        "count": 40.0,
        "sum_ns": 312399.99999999994,
        "mean_ns": 7809.999999999998,
        "median_ns": 7039.561972734688,
        "min_ns": 838.0,
        "max_ns": 13945.0,
        "variance_ns2": 9009055.846153844,
        "iqr_ns": 3887.417938711381,
        "q1_ns": 5725.889589688827,
        "q3_ns": 9613.307528400208
      },
      "first_seen_ts_ns": 1749754769022360450,
      "last_seen_ts_ns": 1749754790573528797,
      "duration_active_s": 21.551168347
    },
    {
      "tgid": 381,
      "comm": "xhpcg",
      "cgroup_id": 74512,
      "on_cpu_stats_ns": {
        "count": 37.0,
        "sum_ns": 590810.1595238096,
        "mean_ns": 15967.842149292152,
        "median_ns": 14346.879418254855,
        "min_ns": 4235.142857142857,
        "max_ns": 49238.0,
        "variance_ns2": 87347276.38160664,
        "iqr_ns": 8959.980936743612,
        "q1_ns": 10210.090983308071,
        "q3_ns": 19170.071920051683
      },
      "runq_latency_stats_ns": {
        "count": 37.0,
        "sum_ns": 196188.79880952384,
        "mean_ns": 5302.399967824968,
        "median_ns": 4582.40864491461,
        "min_ns": 1265.75,
        "max_ns": 16213.5,
        "variance_ns2": 8123079.4888483025,
        "iqr_ns": 3268.6839591801354,
        "q1_ns": 3534.914443972215,
        "q3_ns": 6803.59840315235
      },
      "first_seen_ts_ns": 1749754771283420054,
      "last_seen_ts_ns": 1749754784367096002,
      "duration_active_s": 13.083675948
    },
    {
      "tgid": 331,
      "comm": "python3",
      "cgroup_id": 74512,
      "on_cpu_stats_ns": {
        "count": 5.0,
        "sum_ns": 452209.0,
        "mean_ns": 90441.8,
        "median_ns": 51898.0,
        "min_ns": 15825.0,
        "max_ns": 294778.0,
        "variance_ns2": 13518633990.200003,
        "iqr_ns": 47148.0,
        "q1_ns": 21280.0,
        "q3_ns": 68428.0
      },
      "runq_latency_stats_ns": {
        "count": 5.0,
        "sum_ns": 50854.0,
        "mean_ns": 10170.8,
        "median_ns": 10027.0,
        "min_ns": 1984.0,
        "max_ns": 21934.0,
        "variance_ns2": 73061495.7,
        "iqr_ns": 12723.0,
        "q1_ns": 2093.0,
        "q3_ns": 14816.0
      },
      "first_seen_ts_ns": 1749754768675785956,
      "last_seen_ts_ns": 1749754771833520239,
      "duration_active_s": 3.157734283
    },
    {
      "tgid": 1,
      "comm": "pause",
      "cgroup_id": 74232,
      "on_cpu_stats_ns": {
        "count": 2.0,
        "sum_ns": 380640.8888888889,
        "mean_ns": 190320.44444444444,
        "median_ns": 201640.88888888888,
        "min_ns": 179000.0,
        "max_ns": 201640.88888888888,
        "variance_ns2": 256304924.83950588,
        "iqr_ns": 22640.888888888876,
        "q1_ns": 179000.0,
        "q3_ns": 201640.88888888888
      },
      "runq_latency_stats_ns": {
        "count": 2.0,
        "sum_ns": 9259.222222222223,
        "mean_ns": 4629.611111111111,
        "median_ns": 7408.222222222223,
        "min_ns": 1851.0,
        "max_ns": 7408.222222222223,
        "variance_ns2": 15441359.41358025,
        "iqr_ns": 5557.222222222223,
        "q1_ns": 1851.0,
        "q3_ns": 7408.222222222223
      },
      "first_seen_ts_ns": 1749754819191511905,
      "last_seen_ts_ns": 1749754835461450199,
      "duration_active_s": 16.269938294
    },
    {
      "tgid": 30,
      "comm": "bash",
      "cgroup_id": 74372,
      "on_cpu_stats_ns": {
        "count": 20.0,
        "sum_ns": 322664.867913001,
        "mean_ns": 16133.24339565005,
        "median_ns": 13854.492019489247,
        "min_ns": 4173.258064516129,
        "max_ns": 39023.0,
        "variance_ns2": 83140674.97897145,
        "iqr_ns": 8914.1341634309,
        "q1_ns": 10270.377744175628,
        "q3_ns": 19184.511907606528
      },
      "runq_latency_stats_ns": {
        "count": 20.0,
        "sum_ns": 200867.75983626588,
        "mean_ns": 10043.387991813293,
        "median_ns": 10866.44794546851,
        "min_ns": 1038.1935483870968,
        "max_ns": 20010.0,
        "variance_ns2": 42193379.988299,
        "iqr_ns": 8428.618607555327,
        "q1_ns": 6781.324399783811,
        "q3_ns": 15209.943007339138
      },
      "first_seen_ts_ns": 1749754768675785956,
      "last_seen_ts_ns": 1749754833525983978,
      "duration_active_s": 64.850198022
    },
    {
      "tgid": 195,
      "comm": "bash",
      "cgroup_id": 74512,
      "on_cpu_stats_ns": {
        "count": 21.0,
        "sum_ns": 311313.4407613852,
        "mean_ns": 14824.449560065963,
        "median_ns": 16432.068039673057,
        "min_ns": 5539.5161290322585,
        "max_ns": 25604.0,
        "variance_ns2": 43708347.58101035,
        "iqr_ns": 10384.160002339213,
        "q1_ns": 10296.913588623785,
        "q3_ns": 20681.073590963
      },
      "runq_latency_stats_ns": {
        "count": 21.0,
        "sum_ns": 233864.0645161291,
        "mean_ns": 11136.384024577575,
        "median_ns": 13326.935953524071,
        "min_ns": 980.5,
        "max_ns": 22807.0,
        "variance_ns2": 59325720.82197241,
        "iqr_ns": 11046.739518430488,
        "q1_ns": 7203.717624426656,
        "q3_ns": 18250.457142857143
      },
      "first_seen_ts_ns": 1749754768675785956,
      "last_seen_ts_ns": 1749754833525983978,
      "duration_active_s": 64.850198022
    },
    {
      "tgid": 330,
      "comm": "flux-job",
      "cgroup_id": 74512,
      "on_cpu_stats_ns": {
        "count": 5.0,
        "sum_ns": 84600.5625,
        "mean_ns": 16920.1125,
        "median_ns": 16161.0,
        "min_ns": 5542.5625,
        "max_ns": 29492.0,
        "variance_ns2": 72239241.50078125,
        "iqr_ns": 1253.0,
        "q1_ns": 16076.0,
        "q3_ns": 17329.0
      },
      "runq_latency_stats_ns": {
        "count": 5.0,
        "sum_ns": 38357.625,
        "mean_ns": 7671.525,
        "median_ns": 4640.0,
        "min_ns": 937.625,
        "max_ns": 17236.0,
        "variance_ns2": 51699803.37812501,
        "iqr_ns": 11024.0,
        "q1_ns": 2260.0,
        "q3_ns": 13284.0
      },
      "first_seen_ts_ns": 1749754768675785956,
      "last_seen_ts_ns": 1749754785560766362,
      "duration_active_s": 16.884980406
    },
    {
      "tgid": 347,
      "comm": "xhpcg",
      "cgroup_id": 74512,
      "on_cpu_stats_ns": {
        "count": 1.0,
        "sum_ns": 23084.0,
        "mean_ns": 23084.0,
        "median_ns": 23084.0,
        "min_ns": 23084.0,
        "max_ns": 23084.0,
        "variance_ns2": null,
        "iqr_ns": 0.0,
        "q1_ns": 23084.0,
        "q3_ns": 23084.0
      },
      "runq_latency_stats_ns": {
        "count": 1.0,
        "sum_ns": 918.0,
        "mean_ns": 918.0,
        "median_ns": 918.0,
        "min_ns": 918.0,
        "max_ns": 918.0,
        "variance_ns2": null,
        "iqr_ns": 0.0,
        "q1_ns": 918.0,
        "q3_ns": 918.0
      },
      "first_seen_ts_ns": 1749754781832087354,
      "last_seen_ts_ns": 1749754781832087354,
      "duration_active_s": 0
    }
  ]
}
[19:00:35] Cleanup complete. Exiting.
