unlimited
PROGRAM: cpu
Looking for /opt/programs/cpu/ebpf-collect.c
[19:15:52] Waiting for start indicator file: '/mnt/flux/start_ebpf_collection'.
[19:15:58] Start indicator found. Proceeding with monitoring.
[19:15:58] Initializing eBPF for CPU Scheduling monitoring...
[19:15:58] BPF C code compiled and loaded.
[19:15:58] Attached tracepoints.
[19:15:58] Monitoring CPU scheduling events (polling aggregated map)... Press Ctrl+C to stop.
[19:17:06] Stop indicator file '/mnt/flux/stop_ebpf_collection' found. Stopping.
[19:17:06] Initiating cleanup sequence...
{
  "final_aggregated_summary_river": [
    {
      "tgid": 261,
      "comm": "python3",
      "cgroup_id": 80792,
      "on_cpu_stats_ns": {
        "count": 369.0,
        "sum_ns": 11188417.997159101,
        "mean_ns": 30320.915981460977,
        "median_ns": 19692.550679947144,
        "min_ns": 3671.3636363636365,
        "max_ns": 462880.0,
        "variance_ns2": 1893038977.2990103,
        "iqr_ns": 12214.181291591973,
        "q1_ns": 12718.822363973602,
        "q3_ns": 24933.003655565575
      },
      "runq_latency_stats_ns": {
        "count": 369.0,
        "sum_ns": 4298285.820075758,
        "mean_ns": 11648.471057115876,
        "median_ns": 7668.553433736443,
        "min_ns": 858.0,
        "max_ns": 893424.0,
        "variance_ns2": 2165444250.90966,
        "iqr_ns": 13137.322029340565,
        "q1_ns": 3465.94467934627,
        "q3_ns": 16603.266708686835
      },
      "first_seen_ts_ns": 1749755758579212488,
      "last_seen_ts_ns": 1749755826224013018,
      "duration_active_s": 67.64480053
    },
    {
      "tgid": 156,
      "comm": "python3",
      "cgroup_id": 80722,
      "on_cpu_stats_ns": {
        "count": 365.0,
        "sum_ns": 10194977.052473253,
        "mean_ns": 27931.443979378775,
        "median_ns": 19604.897542534403,
        "min_ns": 3617.909090909091,
        "max_ns": 311699.0,
        "variance_ns2": 1209843548.5211344,
        "iqr_ns": 10241.033228590539,
        "q1_ns": 12528.795150475347,
        "q3_ns": 22769.828379065886
      },
      "runq_latency_stats_ns": {
        "count": 365.0,
        "sum_ns": 7968072.041388154,
        "mean_ns": 21830.334359967546,
        "median_ns": 9050.82553330954,
        "min_ns": 870.2352941176471,
        "max_ns": 4432125.0,
        "variance_ns2": 53772588954.72957,
        "iqr_ns": 6189.72323003657,
        "q1_ns": 4551.956990920322,
        "q3_ns": 10741.680220956892
      },
      "first_seen_ts_ns": 1749755758579212488,
      "last_seen_ts_ns": 1749755826224013018,
      "duration_active_s": 67.64480053
    },
    {
      "tgid": 112,
      "comm": "flux-broker-0",
      "cgroup_id": 80862,
      "on_cpu_stats_ns": {
        "count": 59.0,
        "sum_ns": 2049990.8939393938,
        "mean_ns": 34745.608371854134,
        "median_ns": 18121.619265134403,
        "min_ns": 4223.757575757576,
        "max_ns": 172615.5,
        "variance_ns2": 1851348770.8445334,
        "iqr_ns": 7004.732021616575,
        "q1_ns": 11973.403866153756,
        "q3_ns": 18978.13588777033
      },
      "runq_latency_stats_ns": {
        "count": 59.0,
        "sum_ns": 502096.54545454547,
        "mean_ns": 8510.11093990755,
        "median_ns": 8065.5877073027505,
        "min_ns": 1088.1515151515152,
        "max_ns": 26276.0,
        "variance_ns2": 37341555.128340155,
        "iqr_ns": 9526.79758716025,
        "q1_ns": 2887.3975278144617,
        "q3_ns": 12414.195114974713
      },
      "first_seen_ts_ns": 1749755758696565317,
      "last_seen_ts_ns": 1749755825482451702,
      "duration_active_s": 66.785886385
    },
    {
      "tgid": 31,
      "comm": "bash",
      "cgroup_id": 80722,
      "on_cpu_stats_ns": {
        "count": 21.0,
        "sum_ns": 1328157.0000000002,
        "mean_ns": 63245.571428571435,
        "median_ns": 42240.65215973879,
        "min_ns": 7336.0,
        "max_ns": 179649.0,
        "variance_ns2": 3389280308.0321436,
        "iqr_ns": 66220.21197204223,
        "q1_ns": 23826.52644913706,
        "q3_ns": 90046.7384211793
      },
      "runq_latency_stats_ns": {
        "count": 21.0,
        "sum_ns": 137087.0,
        "mean_ns": 6527.952380952381,
        "median_ns": 3077.247032243734,
        "min_ns": 972.0,
        "max_ns": 39411.0,
        "variance_ns2": 76728937.12261906,
        "iqr_ns": 4778.576328464874,
        "q1_ns": 1603.7570048684593,
        "q3_ns": 6382.333333333333
      },
      "first_seen_ts_ns": 1749755758696565317,
      "last_seen_ts_ns": 1749755825482451702,
      "duration_active_s": 66.785886385
    },
    {
      "tgid": 1,
      "comm": "pause",
      "cgroup_id": 80512,
      "on_cpu_stats_ns": {
        "count": 2.0,
        "sum_ns": 376573.1111111111,
        "mean_ns": 188286.55555555556,
        "median_ns": 191574.11111111112,
        "min_ns": 184999.0,
        "max_ns": 191574.11111111112,
        "variance_ns2": 21616043.06172848,
        "iqr_ns": 6575.111111111124,
        "q1_ns": 184999.0,
        "q3_ns": 191574.11111111112
      },
      "runq_latency_stats_ns": {
        "count": 2.0,
        "sum_ns": 2765.222222222222,
        "mean_ns": 1382.611111111111,
        "median_ns": 2117.0,
        "min_ns": 648.2222222222222,
        "max_ns": 2117.0,
        "variance_ns2": 1078654.0802469137,
        "iqr_ns": 1468.7777777777778,
        "q1_ns": 648.2222222222222,
        "q3_ns": 2117.0
      },
      "first_seen_ts_ns": 1749755779209251903,
      "last_seen_ts_ns": 1749755826224013018,
      "duration_active_s": 47.014761115
    },
    {
      "tgid": 339,
      "comm": "xhpcg",
      "cgroup_id": 80862,
      "on_cpu_stats_ns": {
        "count": 33.0,
        "sum_ns": 363940.0226190476,
        "mean_ns": 11028.485533910534,
        "median_ns": 10337.348980987985,
        "min_ns": 6204.285714285715,
        "max_ns": 17452.0,
        "variance_ns2": 7869705.75610997,
        "iqr_ns": 4171.776036100508,
        "q1_ns": 8321.155758426446,
        "q3_ns": 12492.931794526954
      },
      "runq_latency_stats_ns": {
        "count": 33.0,
        "sum_ns": 150250.55952380956,
        "mean_ns": 4553.047258297259,
        "median_ns": 4461.342309138421,
        "min_ns": 2225.25,
        "max_ns": 9422.142857142857,
        "variance_ns2": 2013737.1347322746,
        "iqr_ns": 2004.1573817074336,
        "q1_ns": 3320.282724812931,
        "q3_ns": 5324.440106520365
      },
      "first_seen_ts_ns": 1749755761093498103,
      "last_seen_ts_ns": 1749755773553508841,
      "duration_active_s": 12.460010738
    },
    {
      "tgid": 349,
      "comm": "xhpcg",
      "cgroup_id": 80862,
      "on_cpu_stats_ns": {
        "count": 19.0,
        "sum_ns": 350508.9999999999,
        "mean_ns": 18447.842105263153,
        "median_ns": 17769.666666666668,
        "min_ns": 8760.0,
        "max_ns": 29575.0,
        "variance_ns2": 25485612.69590643,
        "iqr_ns": 6051.960462198704,
        "q1_ns": 16298.967960023516,
        "q3_ns": 22350.92842222222
      },
      "runq_latency_stats_ns": {
        "count": 19.0,
        "sum_ns": 826665.0,
        "mean_ns": 43508.68421052631,
        "median_ns": 6499.66815138754,
        "min_ns": 897.0,
        "max_ns": 705970.0,
        "variance_ns2": 25746525697.67252,
        "iqr_ns": 3932.2602347883594,
        "q1_ns": 5076.611193783069,
        "q3_ns": 9008.871428571429
      },
      "first_seen_ts_ns": 1749755769061397508,
      "last_seen_ts_ns": 1749755778784614512,
      "duration_active_s": 9.723217004
    },
    {
      "tgid": 325,
      "comm": "bash",
      "cgroup_id": 80862,
      "on_cpu_stats_ns": {
        "count": 19.0,
        "sum_ns": 276297.1875,
        "mean_ns": 14541.957236842105,
        "median_ns": 17144.90116764298,
        "min_ns": 4313.5,
        "max_ns": 23034.0,
        "variance_ns2": 39726324.09984924,
        "iqr_ns": 11455.862038722404,
        "q1_ns": 9145.737801021187,
        "q3_ns": 20601.59983974359
      },
      "runq_latency_stats_ns": {
        "count": 19.0,
        "sum_ns": 201093.40625000003,
        "mean_ns": 10583.863486842107,
        "median_ns": 9792.976316292574,
        "min_ns": 1312.03125,
        "max_ns": 19035.0,
        "variance_ns2": 40612101.81339089,
        "iqr_ns": 12033.322030164929,
        "q1_ns": 4085.9710030691967,
        "q3_ns": 16119.293033234126
      },
      "first_seen_ts_ns": 1749755758696565317,
      "last_seen_ts_ns": 1749755825589030731,
      "duration_active_s": 66.892465414
    },
    {
      "tgid": 65,
      "comm": "bash",
      "cgroup_id": 80862,
      "on_cpu_stats_ns": {
        "count": 19.0,
        "sum_ns": 263252.2727272727,
        "mean_ns": 13855.382775119617,
        "median_ns": 11864.000340646044,
        "min_ns": 5076.272727272727,
        "max_ns": 28925.0,
        "variance_ns2": 46997779.757291146,
        "iqr_ns": 8496.554778087993,
        "q1_ns": 9951.897411616163,
        "q3_ns": 18448.452189704156
      },
      "runq_latency_stats_ns": {
        "count": 19.0,
        "sum_ns": 186479.78787878787,
        "mean_ns": 9814.72567783094,
        "median_ns": 10693.156672077921,
        "min_ns": 918.2727272727273,
        "max_ns": 18952.0,
        "variance_ns2": 34573567.47499986,
        "iqr_ns": 12182.228330151147,
        "q1_ns": 2984.6027304549148,
        "q3_ns": 15166.831060606062
      },
      "first_seen_ts_ns": 1749755758696565317,
      "last_seen_ts_ns": 1749755825482451702,
      "duration_active_s": 66.785886385
    }
  ]
}
[19:17:06] Cleanup complete. Exiting.
