ln: failed to create symbolic link '/mnt/flux/view/lib/python': File exists
ln: failed to create symbolic link '/mnt/flux/view/lib/python3': File exists
unlimited
PROGRAM: futex
Looking for /opt/programs/futex/ebpf-collect.c
[01:08:30] Starting eBPF (Tracepoints for futex syscalls).
[01:08:32] BPF program loaded and tracepoints automatically attached.
[01:08:32] Start Indicator file defined '/mnt/flux/start_ebpf_collection'. Waiting.
[01:08:36] Start indicator found. Proceeding.
[01:08:36] Ring buffers opened. Polling for events...
[01:09:53] 
Indicator file '/mnt/flux/stop_ebpf_collection' found. Stopping.
[01:09:53] Cleaning up BPF resources...
{
  "final_aggregated_futex_summary_river": [
    {
      "tgid": 2312,
      "comm": "containerd",
      "cgroup_id": 4085,
      "wait_duration_stats_ns": {
        "count": 6004.0,
        "sum": 631731182708.0015,
        "mean": 105218384.86142597,
        "median": 2541187.192609921,
        "min": 1510,
        "max": 30555474164,
        "variance_ns2": 4.8917524239244915e+17,
        "iqr_ns": 51566634.755982146,
        "q1_ns": 306872.32774944336,
        "q3_ns": 51873507.08373159
      },
      "futex_op_counts": {
        "128": 6004
      },
      "first_seen_ts_ns": 5492979648670,
      "last_seen_ts_ns": 5573551521532
    },
    {
      "tgid": 2418,
      "comm": "containerd-shim",
      "cgroup_id": 4085,
      "wait_duration_stats_ns": {
        "count": 940.0,
        "sum": 514195268650.00037,
        "mean": 547016243.2446812,
        "median": 1048510.2941297102,
        "min": 1680,
        "max": 19893002411,
        "variance_ns2": 3.387460364540243e+18,
        "iqr_ns": 75118495.88468225,
        "q1_ns": 180871.2894589236,
        "q3_ns": 75299367.17414118
      },
      "futex_op_counts": {
        "128": 940
      },
      "first_seen_ts_ns": 5498532413626,
      "last_seen_ts_ns": 5573538294602
    },
    {
      "tgid": 2336,
      "comm": "kubelet",
      "cgroup_id": 4138,
      "wait_duration_stats_ns": {
        "count": 7141.0,
        "sum": 446619977361.9994,
        "mean": 62543058.02576661,
        "median": 19462832.256949924,
        "min": 1510,
        "max": 22856963945,
        "variance_ns2": 2.3699145888584854e+17,
        "iqr_ns": 38415628.7149212,
        "q1_ns": 3058762.0850954894,
        "q3_ns": 41474390.80001669
      },
      "futex_op_counts": {
        "128": 7141
      },
      "first_seen_ts_ns": 5492990578890,
      "last_seen_ts_ns": 5573553164495
    },
    {
      "tgid": 3757,
      "comm": "coredns",
      "cgroup_id": 5916,
      "wait_duration_stats_ns": {
        "count": 541.0,
        "sum": 373522510733.99976,
        "mean": 690429779.545286,
        "median": 390619961.9650681,
        "min": 2280,
        "max": 48000053131,
        "variance_ns2": 5.739442720869556e+18,
        "iqr_ns": 867490183.0581506,
        "q1_ns": 87929596.0407054,
        "q3_ns": 955419779.0988561
      },
      "futex_op_counts": {
        "128": 541
      },
      "first_seen_ts_ns": 5494188633060,
      "last_seen_ts_ns": 5573189953336
    },
    {
      "tgid": 3620,
      "comm": "metrics-server",
      "cgroup_id": 5706,
      "wait_duration_stats_ns": {
        "count": 1669.0,
        "sum": 373015463007.00006,
        "mean": 223496382.8681846,
        "median": 128660208.56861757,
        "min": 2140,
        "max": 38733977840,
        "variance_ns2": 1.7733765405202516e+18,
        "iqr_ns": 134258972.4273841,
        "q1_ns": 46826686.91758906,
        "q3_ns": 181085659.34497318
      },
      "futex_op_counts": {
        "128": 1669
      },
      "first_seen_ts_ns": 5492976363533,
      "last_seen_ts_ns": 5573476024295
    },
    {
      "tgid": 3751,
      "comm": "coredns",
      "cgroup_id": 5846,
      "wait_duration_stats_ns": {
        "count": 577.0,
        "sum": 370323661426.9999,
        "mean": 641808771.9705371,
        "median": 405986557.4983118,
        "min": 1790,
        "max": 37000444762,
        "variance_ns2": 3.8319414537958666e+18,
        "iqr_ns": 915416982.5794632,
        "q1_ns": 24151152.876862112,
        "q3_ns": 939568135.4563254
      },
      "futex_op_counts": {
        "128": 577
      },
      "first_seen_ts_ns": 5493130606008,
      "last_seen_ts_ns": 5573135911397
    },
    {
      "tgid": 3117,
      "comm": "containerd-shim",
      "cgroup_id": 4085,
      "wait_duration_stats_ns": {
        "count": 77.0,
        "sum": 358557866519.00006,
        "mean": 4656595669.077923,
        "median": 1134511949.5379462,
        "min": 2600,
        "max": 30003924287,
        "variance_ns2": 5.763438805372283e+19,
        "iqr_ns": 5144048791.565135,
        "q1_ns": 143055869.9858905,
        "q3_ns": 5287104661.551025
      },
      "futex_op_counts": {
        "128": 77
      },
      "first_seen_ts_ns": 5494005162912,
      "last_seen_ts_ns": 5573541080156
    },
    {
      "tgid": 3637,
      "comm": "containerd-shim",
      "cgroup_id": 4085,
      "wait_duration_stats_ns": {
        "count": 82.0,
        "sum": 349444838746.0,
        "mean": 4261522423.7317076,
        "median": 1097886052.0726433,
        "min": 3600,
        "max": 30013087946,
        "variance_ns2": 5.449825419925064e+19,
        "iqr_ns": 5171170784.088944,
        "q1_ns": 155768145.4043286,
        "q3_ns": 5326938929.493273
      },
      "futex_op_counts": {
        "128": 82
      },
      "first_seen_ts_ns": 5497045764200,
      "last_seen_ts_ns": 5573550662524
    },
    {
      "tgid": 3605,
      "comm": "metrics-server",
      "cgroup_id": 5636,
      "wait_duration_stats_ns": {
        "count": 1448.0,
        "sum": 348004681231.9999,
        "mean": 240334724.60773474,
        "median": 123319570.82672489,
        "min": 1800,
        "max": 31843523456,
        "variance_ns2": 1.327080929651661e+18,
        "iqr_ns": 244384963.74464536,
        "q1_ns": 26811410.368319526,
        "q3_ns": 271196374.11296487
      },
      "futex_op_counts": {
        "128": 1448
      },
      "first_seen_ts_ns": 5493046165450,
      "last_seen_ts_ns": 5573553681020
    },
    {
      "tgid": 4750,
      "comm": "containerd-shim",
      "cgroup_id": 4085,
      "wait_duration_stats_ns": {
        "count": 116.0,
        "sum": 345356518413.99994,
        "mean": 2977211365.6379304,
        "median": 128827510.707172,
        "min": 4500,
        "max": 30001021340,
        "variance_ns2": 4.131745030361771e+19,
        "iqr_ns": 3032740481.8500247,
        "q1_ns": 4516622.469105458,
        "q3_ns": 3037257104.31913
      },
      "futex_op_counts": {
        "128": 116
      },
      "first_seen_ts_ns": 5498069922471,
      "last_seen_ts_ns": 5573546623081
    },
    {
      "tgid": 94097,
      "comm": "containerd-shim",
      "cgroup_id": 4085,
      "wait_duration_stats_ns": {
        "count": 285.0,
        "sum": 336026660351.0002,
        "mean": 1179040913.5122814,
        "median": 5220747.593689101,
        "min": 3310,
        "max": 25973975005,
        "variance_ns2": 1.286987764089266e+19,
        "iqr_ns": 25223502.81673457,
        "q1_ns": 3184290.819911582,
        "q3_ns": 28407793.63664615
      },
      "futex_op_counts": {
        "128": 285
      },
      "first_seen_ts_ns": 5497092176373,
      "last_seen_ts_ns": 5573566433376
    },
    {
      "tgid": 2419,
      "comm": "containerd-shim",
      "cgroup_id": 4085,
      "wait_duration_stats_ns": {
        "count": 87.0,
        "sum": 334606341473.0,
        "mean": 3846049901.988506,
        "median": 1435235962.5708895,
        "min": 14461,
        "max": 59988144257,
        "variance_ns2": 6.599650140901703e+19,
        "iqr_ns": 3647052982.794294,
        "q1_ns": 17602566.246645655,
        "q3_ns": 3664655549.0409393
      },
      "futex_op_counts": {
        "128": 87
      },
      "first_seen_ts_ns": 5498607631468,
      "last_seen_ts_ns": 5573549492995
    },
    {
      "tgid": 3267,
      "comm": "containerd-shim",
      "cgroup_id": 4085,
      "wait_duration_stats_ns": {
        "count": 70.0,
        "sum": 328860296317.0001,
        "mean": 4698004233.100001,
        "median": 2172781838.1762342,
        "min": 25160,
        "max": 29994763094,
        "variance_ns2": 4.7350135195252515e+19,
        "iqr_ns": 5861971055.677155,
        "q1_ns": 213969818.74071032,
        "q3_ns": 6075940874.417865
      },
      "futex_op_counts": {
        "128": 70
      },
      "first_seen_ts_ns": 5498544359305,
      "last_seen_ts_ns": 5573544066250
    },
    {
      "tgid": 3442,
      "comm": "containerd-shim",
      "cgroup_id": 4085,
      "wait_duration_stats_ns": {
        "count": 68.0,
        "sum": 322320640468.9999,
        "mean": 4740009418.661763,
        "median": 2679426868.0726504,
        "min": 24631,
        "max": 30016808834,
        "variance_ns2": 5.297497883112392e+19,
        "iqr_ns": 6044022056.155474,
        "q1_ns": 193342408.48987985,
        "q3_ns": 6237364464.645353
      },
      "futex_op_counts": {
        "128": 68
      },
      "first_seen_ts_ns": 5498535892755,
      "last_seen_ts_ns": 5573529654710
    },
    {
      "tgid": 2558,
      "comm": "kube-proxy",
      "cgroup_id": 4866,
      "wait_duration_stats_ns": {
        "count": 82.0,
        "sum": 278573146673.00006,
        "mean": 3397233496.012196,
        "median": 1718897665.89374,
        "min": 15390,
        "max": 29956230810,
        "variance_ns2": 2.931480663883845e+19,
        "iqr_ns": 4770124936.141428,
        "q1_ns": 159258176.38349813,
        "q3_ns": 4929383112.524926
      },
      "futex_op_counts": {
        "128": 82
      },
      "first_seen_ts_ns": 5497590851338,
      "last_seen_ts_ns": 5573063343284
    },
    {
      "tgid": 93963,
      "comm": "containerd-shim",
      "cgroup_id": 4085,
      "wait_duration_stats_ns": {
        "count": 63.0,
        "sum": 269791980203.00003,
        "mean": 4282412384.1746035,
        "median": 3103451233.7085886,
        "min": 24621,
        "max": 29990033836,
        "variance_ns2": 3.997108439693303e+19,
        "iqr_ns": 6720650842.835911,
        "q1_ns": 194223294.15684348,
        "q3_ns": 6914874136.992754
      },
      "futex_op_counts": {
        "128": 63
      },
      "first_seen_ts_ns": 5498610184389,
      "last_seen_ts_ns": 5573531458165
    },
    {
      "tgid": 2215,
      "comm": "amazon-ssm-agen",
      "cgroup_id": 3429,
      "wait_duration_stats_ns": {
        "count": 33.0,
        "sum": 248113598897.00003,
        "mean": 7518593905.969698,
        "median": 273604814.84417963,
        "min": 13060,
        "max": 61044083024,
        "variance_ns2": 3.9984067200197755e+20,
        "iqr_ns": 2186507552.720257,
        "q1_ns": 2723712.2363209873,
        "q3_ns": 2189231264.956578
      },
      "futex_op_counts": {
        "128": 33
      },
      "first_seen_ts_ns": 5508158119354,
      "last_seen_ts_ns": 5570227086587
    },
    {
      "tgid": 2831,
      "comm": "aws-k8s-agent",
      "cgroup_id": 5006,
      "wait_duration_stats_ns": {
        "count": 272.0,
        "sum": 241735807629.99994,
        "mean": 888734586.8749998,
        "median": 75536499.51646861,
        "min": 28270,
        "max": 28489859327,
        "variance_ns2": 6.851713579034063e+18,
        "iqr_ns": 1261498407.0351574,
        "q1_ns": 1265334.9585435707,
        "q3_ns": 1262763741.993701
      },
      "futex_op_counts": {
        "128": 272
      },
      "first_seen_ts_ns": 5498858407093,
      "last_seen_ts_ns": 5571704149535
    },
    {
      "tgid": 4921,
      "comm": "manager",
      "cgroup_id": 6244,
      "wait_duration_stats_ns": {
        "count": 634.0,
        "sum": 231679851086.99985,
        "mean": 365425632.6293373,
        "median": 276077922.62190676,
        "min": 10930,
        "max": 6109493957,
        "variance_ns2": 3.8863001748702086e+17,
        "iqr_ns": 478711491.52035654,
        "q1_ns": 16822879.5739102,
        "q3_ns": 495534371.0942667
      },
      "futex_op_counts": {
        "128": 634
      },
      "first_seen_ts_ns": 5493456896508,
      "last_seen_ts_ns": 5573128054382
    },
    {
      "tgid": 2967,
      "comm": "controller",
      "cgroup_id": 5076,
      "wait_duration_stats_ns": {
        "count": 339.0,
        "sum": 225350373109.0,
        "mean": 664750363.1533923,
        "median": 494679087.13122493,
        "min": 40650,
        "max": 10009973808,
        "variance_ns2": 1.7256599769592384e+18,
        "iqr_ns": 16668283.429044425,
        "q1_ns": 482943237.31227326,
        "q3_ns": 499611520.7413177
      },
      "futex_op_counts": {
        "128": 339
      },
      "first_seen_ts_ns": 5493703637458,
      "last_seen_ts_ns": 5573204520108
    },
    {
      "tgid": 4861,
      "comm": "kube-rbac-proxy",
      "cgroup_id": 6174,
      "wait_duration_stats_ns": {
        "count": 42.0,
        "sum": 224856741899.0,
        "mean": 5353731949.976191,
        "median": 4787750472.359151,
        "min": 45251,
        "max": 30000055988,
        "variance_ns2": 2.974674947776396e+19,
        "iqr_ns": 657255161.8129759,
        "q1_ns": 4332669947.546443,
        "q3_ns": 4989925109.359419
      },
      "futex_op_counts": {
        "128": 42
      },
      "first_seen_ts_ns": 5502760066886,
      "last_seen_ts_ns": 5572755048101
    },
    {
      "tgid": 2280,
      "comm": "ssm-agent-worke",
      "cgroup_id": 3429,
      "wait_duration_stats_ns": {
        "count": 111.0,
        "sum": 182602902800.00006,
        "mean": 1645071196.3963969,
        "median": 1687107369.6159246,
        "min": 4017233,
        "max": 29024833965,
        "variance_ns2": 7.493958702297402e+18,
        "iqr_ns": 1377878439.1558056,
        "q1_ns": 675404680.4730109,
        "q3_ns": 2053283119.6288164
      },
      "futex_op_counts": {
        "128": 111
      },
      "first_seen_ts_ns": 5497293854592,
      "last_seen_ts_ns": 5573115912871
    },
    {
      "tgid": 95117,
      "comm": "runc",
      "cgroup_id": 4085,
      "wait_duration_stats_ns": {
        "count": 303.0,
        "sum": 3657208309.9999986,
        "mean": 12069994.422442239,
        "median": 5046288.376274362,
        "min": 1590,
        "max": 291167646,
        "variance_ns2": 1018461233855616.0,
        "iqr_ns": 19859366.408891328,
        "q1_ns": 164727.12765206676,
        "q3_ns": 20024093.536543395
      },
      "futex_op_counts": {
        "128": 303
      },
      "first_seen_ts_ns": 5551580081476,
      "last_seen_ts_ns": 5552051099800
    },
    {
      "tgid": 95035,
      "comm": "xhpcg",
      "cgroup_id": 42416,
      "wait_duration_stats_ns": {
        "count": 225.0,
        "sum": 2704473608.9999995,
        "mean": 12019882.706666665,
        "median": 9484411.781126074,
        "min": 59380,
        "max": 62106506,
        "variance_ns2": 98360848046726.4,
        "iqr_ns": 7771330.018523869,
        "q1_ns": 7696325.239180953,
        "q3_ns": 15467655.257704822
      },
      "futex_op_counts": {
        "128": 225
      },
      "first_seen_ts_ns": 5539636496995,
      "last_seen_ts_ns": 5562535453233
    },
    {
      "tgid": 94870,
      "comm": "runc",
      "cgroup_id": 4085,
      "wait_duration_stats_ns": {
        "count": 338.0,
        "sum": 2583913754.999998,
        "mean": 7644715.251479285,
        "median": 1738603.1754006878,
        "min": 1690,
        "max": 215268684,
        "variance_ns2": 815435541612908.5,
        "iqr_ns": 4635908.360860648,
        "q1_ns": 113837.64443040686,
        "q3_ns": 4749746.005291054
      },
      "futex_op_counts": {
        "128": 338
      },
      "first_seen_ts_ns": 5510810067828,
      "last_seen_ts_ns": 5511106023061
    },
    {
      "tgid": 94927,
      "comm": "xhpcg",
      "cgroup_id": 42416,
      "wait_duration_stats_ns": {
        "count": 224.0,
        "sum": 2539957038.0,
        "mean": 11339093.919642856,
        "median": 9708239.355959134,
        "min": 36011,
        "max": 70274912,
        "variance_ns2": 85792866191339.78,
        "iqr_ns": 3520266.7629440594,
        "q1_ns": 7902688.359942019,
        "q3_ns": 11422955.122886078
      },
      "futex_op_counts": {
        "128": 224
      },
      "first_seen_ts_ns": 5515600814139,
      "last_seen_ts_ns": 5538769652702
    },
    {
      "tgid": 95034,
      "comm": "xhpcg",
      "cgroup_id": 42416,
      "wait_duration_stats_ns": {
        "count": 205.0,
        "sum": 2480797141.0000014,
        "mean": 12101449.468292689,
        "median": 9560977.124183474,
        "min": 54141,
        "max": 66221382,
        "variance_ns2": 114338000358513.8,
        "iqr_ns": 8301059.280268004,
        "q1_ns": 5964728.220280983,
        "q3_ns": 14265787.500548987
      },
      "futex_op_counts": {
        "128": 205
      },
      "first_seen_ts_ns": 5539626220929,
      "last_seen_ts_ns": 5562536232540
    },
    {
      "tgid": 95067,
      "comm": "runc",
      "cgroup_id": 4085,
      "wait_duration_stats_ns": {
        "count": 240.0,
        "sum": 2347836361.999999,
        "mean": 9782651.50833333,
        "median": 2967039.418972198,
        "min": 17380,
        "max": 241026358,
        "variance_ns2": 1034113738422533.8,
        "iqr_ns": 12809498.911358679,
        "q1_ns": 108027.7578782317,
        "q3_ns": 12917526.66923691
      },
      "futex_op_counts": {
        "128": 240
      },
      "first_seen_ts_ns": 5541580080859,
      "last_seen_ts_ns": 5541911368920
    },
    {
      "tgid": 94929,
      "comm": "xhpcg",
      "cgroup_id": 42416,
      "wait_duration_stats_ns": {
        "count": 191.0,
        "sum": 2340383717.000001,
        "mean": 12253317.890052361,
        "median": 9468788.370314527,
        "min": 82690,
        "max": 79980053,
        "variance_ns2": 138943369507528.23,
        "iqr_ns": 11120929.465840641,
        "q1_ns": 5370178.1927722655,
        "q3_ns": 16491107.658612907
      },
      "futex_op_counts": {
        "128": 191
      },
      "first_seen_ts_ns": 5515597116598,
      "last_seen_ts_ns": 5538767582324
    },
    {
      "tgid": 95036,
      "comm": "xhpcg",
      "cgroup_id": 42416,
      "wait_duration_stats_ns": {
        "count": 182.0,
        "sum": 2264594186.0000005,
        "mean": 12442825.1978022,
        "median": 9931952.060078382,
        "min": 101851,
        "max": 63003464,
        "variance_ns2": 125049320176141.45,
        "iqr_ns": 7872228.342727981,
        "q1_ns": 5419984.846681274,
        "q3_ns": 13292213.189409254
      },
      "futex_op_counts": {
        "128": 182
      },
      "first_seen_ts_ns": 5539630896528,
      "last_seen_ts_ns": 5562536297030
    },
    {
      "tgid": 95033,
      "comm": "xhpcg",
      "cgroup_id": 42416,
      "wait_duration_stats_ns": {
        "count": 176.0,
        "sum": 2215639575.0,
        "mean": 12588861.221590908,
        "median": 10128307.72767856,
        "min": 68881,
        "max": 65035943,
        "variance_ns2": 149589248615740.84,
        "iqr_ns": 8846176.687843163,
        "q1_ns": 4815357.987220556,
        "q3_ns": 13661534.675063718
      },
      "futex_op_counts": {
        "128": 176
      },
      "first_seen_ts_ns": 5539631911027,
      "last_seen_ts_ns": 5562535806526
    },
    {
      "tgid": 94930,
      "comm": "xhpcg",
      "cgroup_id": 42416,
      "wait_duration_stats_ns": {
        "count": 187.0,
        "sum": 2192143421.9999995,
        "mean": 11722692.09625668,
        "median": 9262859.695997998,
        "min": 74730,
        "max": 71400722,
        "variance_ns2": 113822583760393.27,
        "iqr_ns": 8601046.166806858,
        "q1_ns": 5627182.667911249,
        "q3_ns": 14228228.834718106
      },
      "futex_op_counts": {
        "128": 187
      },
      "first_seen_ts_ns": 5515599329076,
      "last_seen_ts_ns": 5538767603534
    },
    {
      "tgid": 94928,
      "comm": "xhpcg",
      "cgroup_id": 42416,
      "wait_duration_stats_ns": {
        "count": 170.0,
        "sum": 2186043150.0000005,
        "mean": 12859077.35294118,
        "median": 9073122.746018028,
        "min": 63911,
        "max": 74307955,
        "variance_ns2": 166291853899118.16,
        "iqr_ns": 14188513.043945022,
        "q1_ns": 4787122.404255466,
        "q3_ns": 18975635.448200487
      },
      "futex_op_counts": {
        "128": 170
      },
      "first_seen_ts_ns": 5515594783669,
      "last_seen_ts_ns": 5538767442783
    },
    {
      "tgid": 95045,
      "comm": "runc",
      "cgroup_id": 4085,
      "wait_duration_stats_ns": {
        "count": 377.0,
        "sum": 2148927348.999999,
        "mean": 5700072.543766576,
        "median": 1806648.0253594557,
        "min": 1530,
        "max": 280841260,
        "variance_ns2": 630446862607468.4,
        "iqr_ns": 12596011.5452489,
        "q1_ns": 72797.06978252364,
        "q3_ns": 12668808.615031423
      },
      "futex_op_counts": {
        "128": 377
      },
      "first_seen_ts_ns": 5540820083297,
      "last_seen_ts_ns": 5541141187874
    },
    {
      "tgid": 95142,
      "comm": "runc",
      "cgroup_id": 4085,
      "wait_duration_stats_ns": {
        "count": 232.0,
        "sum": 1975641796.0000005,
        "mean": 8515697.396551726,
        "median": 1174951.4922076096,
        "min": 2630,
        "max": 220498557,
        "variance_ns2": 1045335988008452.8,
        "iqr_ns": 15025428.990776705,
        "q1_ns": 57039.51415962849,
        "q3_ns": 15082468.504936334
      },
      "futex_op_counts": {
        "128": 232
      },
      "first_seen_ts_ns": 5560830066433,
      "last_seen_ts_ns": 5561110867342
    },
    {
      "tgid": 94896,
      "comm": "runc",
      "cgroup_id": 4085,
      "wait_duration_stats_ns": {
        "count": 236.0,
        "sum": 1932744581.0,
        "mean": 8189595.68220339,
        "median": 969480.5563791391,
        "min": 18030,
        "max": 150732209,
        "variance_ns2": 624061486108605.0,
        "iqr_ns": 6323822.373191816,
        "q1_ns": 93884.66677403804,
        "q3_ns": 6417707.039965854
      },
      "futex_op_counts": {
        "128": 236
      },
      "first_seen_ts_ns": 5511600134623,
      "last_seen_ts_ns": 5511851456735
    },
    {
      "tgid": 94840,
      "comm": "runc",
      "cgroup_id": 4085,
      "wait_duration_stats_ns": {
        "count": 242.0,
        "sum": 1922429223.9999998,
        "mean": 7943922.41322314,
        "median": 581462.882578762,
        "min": 14590,
        "max": 143954800,
        "variance_ns2": 705370896649347.0,
        "iqr_ns": 5853680.655400099,
        "q1_ns": 76693.28661255124,
        "q3_ns": 5930373.942012651
      },
      "futex_op_counts": {
        "128": 242
      },
      "first_seen_ts_ns": 5501580265487,
      "last_seen_ts_ns": 5501771439159
    },
    {
      "tgid": 94983,
      "comm": "runc",
      "cgroup_id": 4085,
      "wait_duration_stats_ns": {
        "count": 261.0,
        "sum": 1637870656.9999998,
        "mean": 6275366.501915708,
        "median": 1751346.5869457645,
        "min": 18920,
        "max": 264345631,
        "variance_ns2": 571220700008231.1,
        "iqr_ns": 5978546.816856332,
        "q1_ns": 71114.85479668314,
        "q3_ns": 6049661.671653016
      },
      "futex_op_counts": {
        "128": 261
      },
      "first_seen_ts_ns": 5530810104644,
      "last_seen_ts_ns": 5531100915785
    },
    {
      "tgid": 94806,
      "comm": "xhpcg",
      "cgroup_id": 42416,
      "wait_duration_stats_ns": {
        "count": 131.0,
        "sum": 1476829053.0000002,
        "mean": 11273504.221374048,
        "median": 9539797.548777008,
        "min": 56101,
        "max": 73279417,
        "variance_ns2": 125723344174154.83,
        "iqr_ns": 8453199.995122954,
        "q1_ns": 5245692.599633173,
        "q3_ns": 13698892.594756128
      },
      "futex_op_counts": {
        "128": 131
      },
      "first_seen_ts_ns": 5498160181107,
      "last_seen_ts_ns": 5514677449861
    },
    {
      "tgid": 94803,
      "comm": "xhpcg",
      "cgroup_id": 42416,
      "wait_duration_stats_ns": {
        "count": 130.0,
        "sum": 1384777961.9999995,
        "mean": 10652138.169230765,
        "median": 9591075.841411224,
        "min": 85930,
        "max": 53493573,
        "variance_ns2": 89822810497124.73,
        "iqr_ns": 8311290.933460216,
        "q1_ns": 4884768.358531945,
        "q3_ns": 13196059.291992161
      },
      "futex_op_counts": {
        "128": 130
      },
      "first_seen_ts_ns": 5498168430106,
      "last_seen_ts_ns": 5514677449901
    },
    {
      "tgid": 94815,
      "comm": "runc",
      "cgroup_id": 4085,
      "wait_duration_stats_ns": {
        "count": 233.0,
        "sum": 1325995394.9999998,
        "mean": 5690967.360515021,
        "median": 305602.1271195193,
        "min": 1660,
        "max": 175648234,
        "variance_ns2": 642982124543598.6,
        "iqr_ns": 1661744.8722289829,
        "q1_ns": 58632.922155161155,
        "q3_ns": 1720377.794384144
      },
      "futex_op_counts": {
        "128": 233
      },
      "first_seen_ts_ns": 5500810082896,
      "last_seen_ts_ns": 5500986472846
    },
    {
      "tgid": 94804,
      "comm": "xhpcg",
      "cgroup_id": 42416,
      "wait_duration_stats_ns": {
        "count": 95.0,
        "sum": 1257928031.0000002,
        "mean": 13241347.694736844,
        "median": 9532373.364239998,
        "min": 40200,
        "max": 71439682,
        "variance_ns2": 209592447223687.4,
        "iqr_ns": 13574505.683282636,
        "q1_ns": 2918009.364289729,
        "q3_ns": 16492515.047572365
      },
      "futex_op_counts": {
        "128": 95
      },
      "first_seen_ts_ns": 5498175380624,
      "last_seen_ts_ns": 5514677384360
    },
    {
      "tgid": 94805,
      "comm": "xhpcg",
      "cgroup_id": 42416,
      "wait_duration_stats_ns": {
        "count": 103.0,
        "sum": 1237946727.9999998,
        "mean": 12018900.271844657,
        "median": 8711979.109001439,
        "min": 85331,
        "max": 71525133,
        "variance_ns2": 171332026981577.38,
        "iqr_ns": 13436985.964846313,
        "q1_ns": 3093741.010925986,
        "q3_ns": 16530726.975772299
      },
      "futex_op_counts": {
        "128": 103
      },
      "first_seen_ts_ns": 5498195763212,
      "last_seen_ts_ns": 5514677384340
    },
    {
      "tgid": 95166,
      "comm": "runc",
      "cgroup_id": 4085,
      "wait_duration_stats_ns": {
        "count": 235.0,
        "sum": 1194858041.0000002,
        "mean": 5084502.30212766,
        "median": 344823.2651156568,
        "min": 13380,
        "max": 180790446,
        "variance_ns2": 455313452654245.3,
        "iqr_ns": 1949491.939434765,
        "q1_ns": 35020.23188712258,
        "q3_ns": 1984512.1713218875
      },
      "futex_op_counts": {
        "128": 235
      },
      "first_seen_ts_ns": 5561600094420,
      "last_seen_ts_ns": 5561811185698
    },
    {
      "tgid": 95004,
      "comm": "runc",
      "cgroup_id": 4085,
      "wait_duration_stats_ns": {
        "count": 179.0,
        "sum": 1110470548.0000002,
        "mean": 6203746.078212292,
        "median": 387819.8060290422,
        "min": 16480,
        "max": 180206550,
        "variance_ns2": 845552885848493.5,
        "iqr_ns": 1621912.4106159278,
        "q1_ns": 93491.41462875207,
        "q3_ns": 1715403.8252446798
      },
      "futex_op_counts": {
        "128": 179
      },
      "first_seen_ts_ns": 5531575710837,
      "last_seen_ts_ns": 5531770907932
    },
    {
      "tgid": 95094,
      "comm": "runc",
      "cgroup_id": 4085,
      "wait_duration_stats_ns": {
        "count": 178.0,
        "sum": 1055030454.0,
        "mean": 5927137.382022472,
        "median": 383792.3794361877,
        "min": 13120,
        "max": 176263367,
        "variance_ns2": 543707891610118.06,
        "iqr_ns": 4469325.348155668,
        "q1_ns": 59183.199990384135,
        "q3_ns": 4528508.548146052
      },
      "futex_op_counts": {
        "128": 178
      },
      "first_seen_ts_ns": 5550810503893,
      "last_seen_ts_ns": 5550997033227
    },
    {
      "tgid": 95014,
      "comm": "runc:[2:INIT]",
      "cgroup_id": 5006,
      "wait_duration_stats_ns": {
        "count": 54.0,
        "sum": 865952983.9999999,
        "mean": 16036166.370370368,
        "median": 6422408.154521172,
        "min": 35100,
        "max": 140110857,
        "variance_ns2": 1112471216402638.0,
        "iqr_ns": 20830024.067196503,
        "q1_ns": 809240.9785073013,
        "q3_ns": 21639265.045703806
      },
      "futex_op_counts": {
        "128": 54
      },
      "first_seen_ts_ns": 5531599906898,
      "last_seen_ts_ns": 5531790154553
    },
    {
      "tgid": 95154,
      "comm": "runc:[2:INIT]",
      "cgroup_id": 5006,
      "wait_duration_stats_ns": {
        "count": 22.0,
        "sum": 728226024.0,
        "mean": 33101182.90909091,
        "median": 19836155.622500334,
        "min": 37360,
        "max": 119055692,
        "variance_ns2": 1657565850573787.8,
        "iqr_ns": 34189143.19578228,
        "q1_ns": 11238949.178832091,
        "q3_ns": 45428092.37461437
      },
      "futex_op_counts": {
        "128": 22
      },
      "first_seen_ts_ns": 5560970072349,
      "last_seen_ts_ns": 5561120139330
    },
    {
      "tgid": 94961,
      "comm": "runc",
      "cgroup_id": 4085,
      "wait_duration_stats_ns": {
        "count": 225.0,
        "sum": 715167536.9999999,
        "mean": 3178522.3866666663,
        "median": 323927.0872458685,
        "min": 17120,
        "max": 120420703,
        "variance_ns2": 200989053085916.47,
        "iqr_ns": 3992890.3501796555,
        "q1_ns": 45942.86245521733,
        "q3_ns": 4038833.2126348726
      },
      "futex_op_counts": {
        "128": 225
      },
      "first_seen_ts_ns": 5521580062049,
      "last_seen_ts_ns": 5521721955050
    },
    {
      "tgid": 95056,
      "comm": "runc:[2:INIT]",
      "cgroup_id": 5006,
      "wait_duration_stats_ns": {
        "count": 21.0,
        "sum": 655031310.0,
        "mean": 31191967.142857146,
        "median": 14988197.958209798,
        "min": 5481616,
        "max": 129958583,
        "variance_ns2": 1562212858608282.0,
        "iqr_ns": 11218384.80802401,
        "q1_ns": 10506881.869375,
        "q3_ns": 21725266.67739901
      },
      "futex_op_counts": {
        "128": 21
      },
      "first_seen_ts_ns": 5540980650995,
      "last_seen_ts_ns": 5541160089700
    },
    {
      "tgid": 95079,
      "comm": "runc:[2:INIT]",
      "cgroup_id": 5006,
      "wait_duration_stats_ns": {
        "count": 20.0,
        "sum": 647478476.0000001,
        "mean": 32373923.800000004,
        "median": 22433630.335789874,
        "min": 125161,
        "max": 99839212,
        "variance_ns2": 934859835608045.0,
        "iqr_ns": 40792398.136077695,
        "q1_ns": 10865987.035099888,
        "q3_ns": 51658385.17117758
      },
      "futex_op_counts": {
        "128": 20
      },
      "first_seen_ts_ns": 5541790070410,
      "last_seen_ts_ns": 5541920114653
    },
    {
      "tgid": 94909,
      "comm": "runc:[2:INIT]",
      "cgroup_id": 5006,
      "wait_duration_stats_ns": {
        "count": 23.0,
        "sum": 647046015.0000001,
        "mean": 28132435.434782613,
        "median": 19865275.301643677,
        "min": 7749594,
        "max": 91816530,
        "variance_ns2": 566488018699831.9,
        "iqr_ns": 20713483.982869945,
        "q1_ns": 10998220.662057025,
        "q3_ns": 31711704.644926973
      },
      "futex_op_counts": {
        "128": 23
      },
      "first_seen_ts_ns": 5511730085630,
      "last_seen_ts_ns": 5511870089519
    },
    {
      "tgid": 95400,
      "comm": "runc",
      "cgroup_id": 4085,
      "wait_duration_stats_ns": {
        "count": 363.0,
        "sum": 578406345.0000001,
        "mean": 1593405.9090909094,
        "median": 240113.35414396707,
        "min": 1750,
        "max": 82273474,
        "variance_ns2": 75063294812169.94,
        "iqr_ns": 481791.8632501074,
        "q1_ns": 102193.27508686748,
        "q3_ns": 583985.1383369749
      },
      "futex_op_counts": {
        "128": 363
      },
      "first_seen_ts_ns": 5570791947092,
      "last_seen_ts_ns": 5570879183117
    },
    {
      "tgid": 95467,
      "comm": "runc",
      "cgroup_id": 4085,
      "wait_duration_stats_ns": {
        "count": 362.0,
        "sum": 552561680.0,
        "mean": 1526413.4806629834,
        "median": 168497.65424955127,
        "min": 15140,
        "max": 85608412,
        "variance_ns2": 69792706398049.29,
        "iqr_ns": 515168.3142468232,
        "q1_ns": 74658.94013540228,
        "q3_ns": 589827.2543822255
      },
      "futex_op_counts": {
        "128": 362
      },
      "first_seen_ts_ns": 5571569706187,
      "last_seen_ts_ns": 5571656059985
    },
    {
      "tgid": 94939,
      "comm": "runc",
      "cgroup_id": 4085,
      "wait_duration_stats_ns": {
        "count": 221.0,
        "sum": 544522745.0000001,
        "mean": 2463903.823529412,
        "median": 119920.2868685681,
        "min": 2880,
        "max": 89834568,
        "variance_ns2": 177514837409548.38,
        "iqr_ns": 683757.5639530818,
        "q1_ns": 50739.81072779092,
        "q3_ns": 734497.3746808728
      },
      "futex_op_counts": {
        "128": 221
      },
      "first_seen_ts_ns": 5520800089826,
      "last_seen_ts_ns": 5520897550317
    },
    {
      "tgid": 94827,
      "comm": "runc:[2:INIT]",
      "cgroup_id": 5006,
      "wait_duration_stats_ns": {
        "count": 28.0,
        "sum": 537564001.0,
        "mean": 19198714.32142857,
        "median": 2037950.588956321,
        "min": 14671,
        "max": 104918808,
        "variance_ns2": 1529683712345893.0,
        "iqr_ns": 19657772.626554847,
        "q1_ns": 184521.6666666667,
        "q3_ns": 19842294.293221515
      },
      "futex_op_counts": {
        "128": 28
      },
      "first_seen_ts_ns": 5500879293049,
      "last_seen_ts_ns": 5500988867266
    },
    {
      "tgid": 95104,
      "comm": "runc:[2:INIT]",
      "cgroup_id": 5006,
      "wait_duration_stats_ns": {
        "count": 23.0,
        "sum": 535296677.99999994,
        "mean": 23273768.60869565,
        "median": 20075566.73873287,
        "min": 7889056,
        "max": 69932433,
        "variance_ns2": 179644601720838.97,
        "iqr_ns": 6400794.205319773,
        "q1_ns": 17328168.18967014,
        "q3_ns": 23728962.394989915
      },
      "futex_op_counts": {
        "128": 23
      },
      "first_seen_ts_ns": 5550880095742,
      "last_seen_ts_ns": 5551010082676
    },
    {
      "tgid": 95176,
      "comm": "runc:[2:INIT]",
      "cgroup_id": 5006,
      "wait_duration_stats_ns": {
        "count": 22.0,
        "sum": 533965305.99999994,
        "mean": 24271150.27272727,
        "median": 11229135.890978709,
        "min": 19451,
        "max": 103201379,
        "variance_ns2": 924863375940277.0,
        "iqr_ns": 32070210.846668657,
        "q1_ns": 2380646.010793651,
        "q3_ns": 34450856.85746231
      },
      "futex_op_counts": {
        "128": 22
      },
      "first_seen_ts_ns": 5561681847190,
      "last_seen_ts_ns": 5561830178726
    },
    {
      "tgid": 94884,
      "comm": "runc:[2:INIT]",
      "cgroup_id": 5006,
      "wait_duration_stats_ns": {
        "count": 26.0,
        "sum": 521720909.99999994,
        "mean": 20066188.846153844,
        "median": 18286306.600057423,
        "min": 63541,
        "max": 69749607,
        "variance_ns2": 300014595331304.0,
        "iqr_ns": 15116410.48463488,
        "q1_ns": 8532875.029912993,
        "q3_ns": 23649285.514547873
      },
      "futex_op_counts": {
        "128": 26
      },
      "first_seen_ts_ns": 5510990067089,
      "last_seen_ts_ns": 5511110076534
    },
    {
      "tgid": 94856,
      "comm": "runc:[2:INIT]",
      "cgroup_id": 5006,
      "wait_duration_stats_ns": {
        "count": 23.0,
        "sum": 505443707.00000006,
        "mean": 21975813.34782609,
        "median": 13403669.296103578,
        "min": 30770,
        "max": 81490364,
        "variance_ns2": 556327157398860.2,
        "iqr_ns": 28400130.583533302,
        "q1_ns": 3994234.836764352,
        "q3_ns": 32394365.420297652
      },
      "futex_op_counts": {
        "128": 23
      },
      "first_seen_ts_ns": 5501680081903,
      "last_seen_ts_ns": 5501787450231
    },
    {
      "tgid": 94971,
      "comm": "runc:[2:INIT]",
      "cgroup_id": 5006,
      "wait_duration_stats_ns": {
        "count": 22.0,
        "sum": 463787420.0,
        "mean": 21081246.363636363,
        "median": 10555296.24196994,
        "min": 31280,
        "max": 73532152,
        "variance_ns2": 659127603058509.1,
        "iqr_ns": 27366922.60703323,
        "q1_ns": 1381122.9286847622,
        "q3_ns": 28748045.535717994
      },
      "futex_op_counts": {
        "128": 22
      },
      "first_seen_ts_ns": 5521640096798,
      "last_seen_ts_ns": 5521740089771
    },
    {
      "tgid": 94993,
      "comm": "runc:[2:INIT]",
      "cgroup_id": 5006,
      "wait_duration_stats_ns": {
        "count": 20.0,
        "sum": 455300821.0,
        "mean": 22765041.05,
        "median": 15677371.009340828,
        "min": 59580,
        "max": 79327270,
        "variance_ns2": 715823871903844.4,
        "iqr_ns": 29443246.281098306,
        "q1_ns": 4622852.82364461,
        "q3_ns": 34066099.104742914
      },
      "futex_op_counts": {
        "128": 20
      },
      "first_seen_ts_ns": 5530990363174,
      "last_seen_ts_ns": 5531110087581
    },
    {
      "tgid": 95130,
      "comm": "runc:[2:INIT]",
      "cgroup_id": 5006,
      "wait_duration_stats_ns": {
        "count": 25.0,
        "sum": 450312941.0,
        "mean": 18012517.64,
        "median": 17447609.23283604,
        "min": 2460,
        "max": 70071965,
        "variance_ns2": 311600491130731.2,
        "iqr_ns": 17382516.79317908,
        "q1_ns": 4309477.419615399,
        "q3_ns": 21691994.21279448
      },
      "futex_op_counts": {
        "128": 25
      },
      "first_seen_ts_ns": 5551940519279,
      "last_seen_ts_ns": 5552060080415
    },
    {
      "tgid": 95104,
      "comm": "grpc-health-pro",
      "cgroup_id": 5006,
      "wait_duration_stats_ns": {
        "count": 14.0,
        "sum": 340393990.99999994,
        "mean": 24313856.499999996,
        "median": 22491581.933333334,
        "min": 66250,
        "max": 58403725,
        "variance_ns2": 382708725336380.56,
        "iqr_ns": 15884543.651157405,
        "q1_ns": 14300167.811805557,
        "q3_ns": 30184711.462962963
      },
      "futex_op_counts": {
        "128": 14
      },
      "first_seen_ts_ns": 5551015424420,
      "last_seen_ts_ns": 5551100263677
    },
    {
      "tgid": 94949,
      "comm": "runc:[2:INIT]",
      "cgroup_id": 5006,
      "wait_duration_stats_ns": {
        "count": 20.0,
        "sum": 314237975.0,
        "mean": 15711898.75,
        "median": 5506823.801036154,
        "min": 18261,
        "max": 69354247,
        "variance_ns2": 672832130160093.9,
        "iqr_ns": 18810807.39964038,
        "q1_ns": 611427.4047619047,
        "q3_ns": 19422234.804402284
      },
      "futex_op_counts": {
        "128": 20
      },
      "first_seen_ts_ns": 5520817398860,
      "last_seen_ts_ns": 5520900478582
    },
    {
      "tgid": 95411,
      "comm": "runc:[2:INIT]",
      "cgroup_id": 5006,
      "wait_duration_stats_ns": {
        "count": 25.0,
        "sum": 262239969.0,
        "mean": 10489598.76,
        "median": 402010.2635671301,
        "min": 1960,
        "max": 53295083,
        "variance_ns2": 407748817593598.25,
        "iqr_ns": 7901323.619983325,
        "q1_ns": 340501.8522663652,
        "q3_ns": 8241825.47224969
      },
      "futex_op_counts": {
        "128": 25
      },
      "first_seen_ts_ns": 5570823311463,
      "last_seen_ts_ns": 5570878243940
    },
    {
      "tgid": 95478,
      "comm": "runc:[2:INIT]",
      "cgroup_id": 5006,
      "wait_duration_stats_ns": {
        "count": 26.0,
        "sum": 255050252.00000003,
        "mean": 9809625.076923078,
        "median": 913936.9795720378,
        "min": 63261,
        "max": 51245906,
        "variance_ns2": 374518977413959.5,
        "iqr_ns": 9237204.685911784,
        "q1_ns": 189009.97187274531,
        "q3_ns": 9426214.657784529
      },
      "futex_op_counts": {
        "128": 26
      },
      "first_seen_ts_ns": 5571603560419,
      "last_seen_ts_ns": 5571655980795
    },
    {
      "tgid": 95154,
      "comm": "grpc-health-pro",
      "cgroup_id": 5006,
      "wait_duration_stats_ns": {
        "count": 14.0,
        "sum": 182613392.00000003,
        "mean": 13043813.714285716,
        "median": 11821715.553333335,
        "min": 158902,
        "max": 30732266,
        "variance_ns2": 116811792169094.66,
        "iqr_ns": 17513193.941646088,
        "q1_ns": 2222556.282222222,
        "q3_ns": 19735750.22386831
      },
      "futex_op_counts": {
        "128": 14
      },
      "first_seen_ts_ns": 5561150080530,
      "last_seen_ts_ns": 5561190095523
    },
    {
      "tgid": 95130,
      "comm": "grpc-health-pro",
      "cgroup_id": 5006,
      "wait_duration_stats_ns": {
        "count": 17.0,
        "sum": 151798080.0,
        "mean": 8929298.823529411,
        "median": 6115981.995100268,
        "min": 28600,
        "max": 26300709,
        "variance_ns2": 93053962823450.4,
        "iqr_ns": 12311080.88051878,
        "q1_ns": 1560806.8042984975,
        "q3_ns": 13871887.684817277
      },
      "futex_op_counts": {
        "128": 17
      },
      "first_seen_ts_ns": 5552098189042,
      "last_seen_ts_ns": 5552130832875
    },
    {
      "tgid": 95014,
      "comm": "grpc-health-pro",
      "cgroup_id": 5006,
      "wait_duration_stats_ns": {
        "count": 11.0,
        "sum": 119447470.00000001,
        "mean": 10858860.90909091,
        "median": 10386927.0,
        "min": 24200,
        "max": 19929407,
        "variance_ns2": 58611529650972.89,
        "iqr_ns": 15128789.305555556,
        "q1_ns": 2320923.625,
        "q3_ns": 17449712.930555556
      },
      "futex_op_counts": {
        "128": 11
      },
      "first_seen_ts_ns": 5531820077311,
      "last_seen_ts_ns": 5531840129509
    },
    {
      "tgid": 95056,
      "comm": "grpc-health-pro",
      "cgroup_id": 5006,
      "wait_duration_stats_ns": {
        "count": 11.0,
        "sum": 104911963.99999999,
        "mean": 9537451.272727272,
        "median": 6989537.666666667,
        "min": 24190,
        "max": 19863485,
        "variance_ns2": 61901027793284.02,
        "iqr_ns": 11019753.866666665,
        "q1_ns": 2074247.5,
        "q3_ns": 13094001.366666665
      },
      "futex_op_counts": {
        "128": 11
      },
      "first_seen_ts_ns": 5541190083031,
      "last_seen_ts_ns": 5541210117517
    },
    {
      "tgid": 95176,
      "comm": "grpc-health-pro",
      "cgroup_id": 5006,
      "wait_duration_stats_ns": {
        "count": 9.0,
        "sum": 86440130.99999999,
        "mean": 9604458.999999998,
        "median": 9101361.719999999,
        "min": 5700,
        "max": 19801695,
        "variance_ns2": 39952574009067.76,
        "iqr_ns": 9039695.8125,
        "q1_ns": 6097020.854166667,
        "q3_ns": 15136716.666666666
      },
      "futex_op_counts": {
        "128": 9
      },
      "first_seen_ts_ns": 5561860080296,
      "last_seen_ts_ns": 5561880069882
    },
    {
      "tgid": 94909,
      "comm": "grpc-health-pro",
      "cgroup_id": 5006,
      "wait_duration_stats_ns": {
        "count": 10.0,
        "sum": 78255607.0,
        "mean": 7825560.699999999,
        "median": 8351079.211111112,
        "min": 44650,
        "max": 22175483,
        "variance_ns2": 55535915534789.125,
        "iqr_ns": 7905683.622222221,
        "q1_ns": 4107394.1555555565,
        "q3_ns": 12013077.777777778
      },
      "futex_op_counts": {
        "128": 10
      },
      "first_seen_ts_ns": 5511900074027,
      "last_seen_ts_ns": 5511915302383
    },
    {
      "tgid": 95079,
      "comm": "grpc-health-pro",
      "cgroup_id": 5006,
      "wait_duration_stats_ns": {
        "count": 9.0,
        "sum": 59529938.0,
        "mean": 6614437.555555556,
        "median": 6176732.0,
        "min": 3150,
        "max": 12337133,
        "variance_ns2": 22707216854208.277,
        "iqr_ns": 8801038.315972222,
        "q1_ns": 2977545.3333333335,
        "q3_ns": 11778583.649305556
      },
      "futex_op_counts": {
        "128": 9
      },
      "first_seen_ts_ns": 5541940090860,
      "last_seen_ts_ns": 5541954395240
    },
    {
      "tgid": 94993,
      "comm": "grpc-health-pro",
      "cgroup_id": 5006,
      "wait_duration_stats_ns": {
        "count": 9.0,
        "sum": 56660561.0,
        "mean": 6295617.888888889,
        "median": 7455733.777777778,
        "min": 65411,
        "max": 14490370,
        "variance_ns2": 31530294869141.363,
        "iqr_ns": 9283661.080555556,
        "q1_ns": 2341139.5069444445,
        "q3_ns": 11624800.5875
      },
      "futex_op_counts": {
        "128": 9
      },
      "first_seen_ts_ns": 5531130051708,
      "last_seen_ts_ns": 5531144836630
    },
    {
      "tgid": 94971,
      "comm": "grpc-health-pro",
      "cgroup_id": 5006,
      "wait_duration_stats_ns": {
        "count": 9.0,
        "sum": 47252942.0,
        "mean": 5250326.888888889,
        "median": 6277485.0,
        "min": 24780,
        "max": 10119713,
        "variance_ns2": 11348456416548.111,
        "iqr_ns": 2609940.7777777785,
        "q1_ns": 4039427.3333333335,
        "q3_ns": 6649368.111111112
      },
      "futex_op_counts": {
        "128": 9
      },
      "first_seen_ts_ns": 5521760080608,
      "last_seen_ts_ns": 5521770240171
    },
    {
      "tgid": 95411,
      "comm": "grpc-health-pro",
      "cgroup_id": 5006,
      "wait_duration_stats_ns": {
        "count": 34.0,
        "sum": 37063740.99999999,
        "mean": 1090110.0294117646,
        "median": 367314.9813354985,
        "min": 2310,
        "max": 5618227,
        "variance_ns2": 2536786840809.363,
        "iqr_ns": 1138395.1606808756,
        "q1_ns": 163825.99964299676,
        "q3_ns": 1302221.1603238725
      },
      "futex_op_counts": {
        "128": 34
      },
      "first_seen_ts_ns": 5570883017289,
      "last_seen_ts_ns": 5570891673012
    },
    {
      "tgid": 94856,
      "comm": "grpc-health-pro",
      "cgroup_id": 5006,
      "wait_duration_stats_ns": {
        "count": 25.0,
        "sum": 27523846.999999996,
        "mean": 1100953.88,
        "median": 482598.0241486292,
        "min": 17250,
        "max": 4970780,
        "variance_ns2": 2280668425359.694,
        "iqr_ns": 1160275.3065397418,
        "q1_ns": 168181.56400848768,
        "q3_ns": 1328456.8705482294
      },
      "futex_op_counts": {
        "128": 25
      },
      "first_seen_ts_ns": 5501791741567,
      "last_seen_ts_ns": 5501798976656
    },
    {
      "tgid": 94884,
      "comm": "grpc-health-pro",
      "cgroup_id": 5006,
      "wait_duration_stats_ns": {
        "count": 8.0,
        "sum": 25854986.0,
        "mean": 3231873.25,
        "median": 3183746.0,
        "min": 87211,
        "max": 6570175,
        "variance_ns2": 7785112217131.929,
        "iqr_ns": 1741218.5,
        "q1_ns": 2110157.0,
        "q3_ns": 3851375.5
      },
      "futex_op_counts": {
        "128": 8
      },
      "first_seen_ts_ns": 5511130112019,
      "last_seen_ts_ns": 5511140216314
    },
    {
      "tgid": 95478,
      "comm": "grpc-health-pro",
      "cgroup_id": 5006,
      "wait_duration_stats_ns": {
        "count": 26.0,
        "sum": 22609424.999999996,
        "mean": 869593.2692307691,
        "median": 359114.8837548601,
        "min": 42490,
        "max": 3018805,
        "variance_ns2": 940075194271.4845,
        "iqr_ns": 883155.2085555012,
        "q1_ns": 228707.7988969626,
        "q3_ns": 1111863.0074524637
      },
      "futex_op_counts": {
        "128": 26
      },
      "first_seen_ts_ns": 5571661416970,
      "last_seen_ts_ns": 5571666780895
    },
    {
      "tgid": 94827,
      "comm": "grpc-health-pro",
      "cgroup_id": 5006,
      "wait_duration_stats_ns": {
        "count": 19.0,
        "sum": 17133840.000000004,
        "mean": 901781.0526315791,
        "median": 417084.1535185185,
        "min": 74651,
        "max": 2971034,
        "variance_ns2": 1040830883680.7194,
        "iqr_ns": 831350.9439975565,
        "q1_ns": 135802.3824652778,
        "q3_ns": 967153.3264628343
      },
      "futex_op_counts": {
        "128": 19
      },
      "first_seen_ts_ns": 5500993178151,
      "last_seen_ts_ns": 5500998307734
    },
    {
      "tgid": 94949,
      "comm": "grpc-health-pro",
      "cgroup_id": 5006,
      "wait_duration_stats_ns": {
        "count": 10.0,
        "sum": 14346460.999999998,
        "mean": 1434646.0999999999,
        "median": 737421.3981481481,
        "min": 23420,
        "max": 2953745,
        "variance_ns2": 1431616411065.6555,
        "iqr_ns": 1874813.0742669753,
        "q1_ns": 47181.0,
        "q3_ns": 1921994.0742669753
      },
      "futex_op_counts": {
        "128": 10
      },
      "first_seen_ts_ns": 5520914382887,
      "last_seen_ts_ns": 5520920278546
    },
    {
      "tgid": 94639,
      "comm": "flux-broker-0",
      "cgroup_id": 42416,
      "wait_duration_stats_ns": {
        "count": 139.0,
        "sum": 2309843.999999999,
        "mean": 16617.582733812942,
        "median": 2786.159192491855,
        "min": 1450,
        "max": 531724,
        "variance_ns2": 3640499298.592743,
        "iqr_ns": 1074.254557883336,
        "q1_ns": 2315.5803315386675,
        "q3_ns": 3389.8348894220035
      },
      "futex_op_counts": {
        "128": 139
      },
      "first_seen_ts_ns": 5497762036934,
      "last_seen_ts_ns": 5573556582374
    }
  ]
}
[01:09:53] Cleanup complete.
