unlimited
PROGRAM: cpu
Looking for /opt/programs/cpu/ebpf-collect.c
[19:43:20] Waiting for start indicator file: '/mnt/flux/start_ebpf_collection'.
[19:43:26] Start indicator found. Proceeding with monitoring.
[19:43:26] Initializing eBPF for CPU Scheduling monitoring...
[19:43:26] BPF C code compiled and loaded.
[19:43:26] Attached tracepoints.
[19:43:26] Monitoring CPU scheduling events (polling aggregated map)... Press Ctrl+C to stop.
[19:44:28] Stop indicator file '/mnt/flux/stop_ebpf_collection' found. Stopping.
[19:44:28] Initiating cleanup sequence...
{
  "final_aggregated_summary_river": [
    {
      "tgid": 216,
      "comm": "python3",
      "cgroup_id": 22103,
      "on_cpu_stats_ns": {
        "count": 563.0,
        "sum_ns": 31496382.238095243,
        "mean_ns": 55943.84056500043,
        "median_ns": 33604.455992532436,
        "min_ns": 3927.0,
        "max_ns": 664744.0,
        "variance_ns2": 5186815028.546647,
        "iqr_ns": 56053.18286491822,
        "q1_ns": 18570.81639123035,
        "q3_ns": 74623.99925614857
      },
      "runq_latency_stats_ns": {
        "count": 563.0,
        "sum_ns": 13237969.226190485,
        "mean_ns": 23513.26683159944,
        "median_ns": 15985.182558953187,
        "min_ns": 590.0,
        "max_ns": 645996.0,
        "variance_ns2": 1563217189.5094962,
        "iqr_ns": 27188.579306138065,
        "q1_ns": 5371.837848831052,
        "q3_ns": 32560.417154969116
      },
      "first_seen_ts_ns": 1749843806612052592,
      "last_seen_ts_ns": 1749843868599288767,
      "duration_active_s": 61.987236175
    },
    {
      "tgid": 95,
      "comm": "python3",
      "cgroup_id": 22019,
      "on_cpu_stats_ns": {
        "count": 488.0,
        "sum_ns": 28629216.333333313,
        "mean_ns": 58666.42691256826,
        "median_ns": 40244.998399541,
        "min_ns": 3593.0,
        "max_ns": 2281941.0,
        "variance_ns2": 15082063159.742205,
        "iqr_ns": 67743.36593921541,
        "q1_ns": 15890.888290697862,
        "q3_ns": 83634.25422991326
      },
      "runq_latency_stats_ns": {
        "count": 488.0,
        "sum_ns": 19451452.833333354,
        "mean_ns": 39859.53449453556,
        "median_ns": 15649.530546470574,
        "min_ns": 767.0,
        "max_ns": 4988917.5,
        "variance_ns2": 53302914249.7086,
        "iqr_ns": 30534.73088000356,
        "q1_ns": 8093.4883304253735,
        "q3_ns": 38628.219210428935
      },
      "first_seen_ts_ns": 1749843806612052592,
      "last_seen_ts_ns": 1749843868599288767,
      "duration_active_s": 61.987236175
    },
    {
      "tgid": 371,
      "comm": "xhpcg",
      "cgroup_id": 22187,
      "on_cpu_stats_ns": {
        "count": 125.0,
        "sum_ns": 15621707.954829792,
        "mean_ns": 124973.66363863833,
        "median_ns": 107667.96736816043,
        "min_ns": 6824.0,
        "max_ns": 890471.0,
        "variance_ns2": 8819852249.568396,
        "iqr_ns": 68474.2694704772,
        "q1_ns": 74377.18026813415,
        "q3_ns": 142851.44973861135
      },
      "runq_latency_stats_ns": {
        "count": 125.0,
        "sum_ns": 12940558.540794108,
        "mean_ns": 103524.46832635287,
        "median_ns": 85132.30781919388,
        "min_ns": 788.1149425287356,
        "max_ns": 2142172.0,
        "variance_ns2": 39408994589.386856,
        "iqr_ns": 63967.463158552615,
        "q1_ns": 50111.98744207317,
        "q3_ns": 114079.45060062579
      },
      "first_seen_ts_ns": 1749843806612052592,
      "last_seen_ts_ns": 1749843821821278784,
      "duration_active_s": 15.209226192
    },
    {
      "tgid": 183,
      "comm": "flux-broker-0",
      "cgroup_id": 22187,
      "on_cpu_stats_ns": {
        "count": 127.0,
        "sum_ns": 9625512.333333334,
        "mean_ns": 75791.43569553806,
        "median_ns": 55967.02601994996,
        "min_ns": 3723.0,
        "max_ns": 549018.0,
        "variance_ns2": 7900506989.559106,
        "iqr_ns": 77869.23200114374,
        "q1_ns": 21623.26720109797,
        "q3_ns": 99492.49920224171
      },
      "runq_latency_stats_ns": {
        "count": 127.0,
        "sum_ns": 11919398.500000002,
        "mean_ns": 93853.531496063,
        "median_ns": 16416.568183359916,
        "min_ns": 717.0,
        "max_ns": 8920792.0,
        "variance_ns2": 624121116758.0006,
        "iqr_ns": 25582.798265670564,
        "q1_ns": 4632.867496047273,
        "q3_ns": 30215.665761717835
      },
      "first_seen_ts_ns": 1749843806612052592,
      "last_seen_ts_ns": 1749843868393092472,
      "duration_active_s": 61.78103988
    },
    {
      "tgid": 183,
      "comm": "ZMQbg/IO/0",
      "cgroup_id": 22187,
      "on_cpu_stats_ns": {
        "count": 16.0,
        "sum_ns": 1377442.4999999998,
        "mean_ns": 86090.15624999999,
        "median_ns": 71854.82291666667,
        "min_ns": 3760.0,
        "max_ns": 313002.0,
        "variance_ns2": 6312556076.723959,
        "iqr_ns": 121760.00960648147,
        "q1_ns": 33667.56354166666,
        "q3_ns": 155427.57314814813
      },
      "runq_latency_stats_ns": {
        "count": 16.0,
        "sum_ns": 368416.0,
        "mean_ns": 23026.0,
        "median_ns": 13486.146577380954,
        "min_ns": 1008.0,
        "max_ns": 108204.0,
        "variance_ns2": 755706291.2000002,
        "iqr_ns": 16319.280355581282,
        "q1_ns": 7875.390755529835,
        "q3_ns": 24194.671111111118
      },
      "first_seen_ts_ns": 1749843806771287210,
      "last_seen_ts_ns": 1749843863710763375,
      "duration_active_s": 56.939476165
    },
    {
      "tgid": 337,
      "comm": "xhpcg",
      "cgroup_id": 22187,
      "on_cpu_stats_ns": {
        "count": 30.0,
        "sum_ns": 695981.0,
        "mean_ns": 23199.366666666665,
        "median_ns": 25817.943442476928,
        "min_ns": 6285.0,
        "max_ns": 35844.0,
        "variance_ns2": 70272514.17126435,
        "iqr_ns": 12015.41883331072,
        "q1_ns": 17687.425244833357,
        "q3_ns": 29702.844078144077
      },
      "runq_latency_stats_ns": {
        "count": 30.0,
        "sum_ns": 257400.00000000006,
        "mean_ns": 8580.000000000002,
        "median_ns": 6770.1113272924995,
        "min_ns": 1994.0,
        "max_ns": 37968.0,
        "variance_ns2": 40830183.03448277,
        "iqr_ns": 1144.67419888935,
        "q1_ns": 6110.109486390223,
        "q3_ns": 7254.783685279573
      },
      "first_seen_ts_ns": 1749843806901207221,
      "last_seen_ts_ns": 1749843822814482028,
      "duration_active_s": 15.913274807
    },
    {
      "tgid": 349,
      "comm": "xhpcg",
      "cgroup_id": 22187,
      "on_cpu_stats_ns": {
        "count": 54.0,
        "sum_ns": 616686.961904762,
        "mean_ns": 11420.128924162258,
        "median_ns": 10728.957324635965,
        "min_ns": 4368.4,
        "max_ns": 22848.8,
        "variance_ns2": 13234065.826102322,
        "iqr_ns": 3979.266903695625,
        "q1_ns": 9229.423861677436,
        "q3_ns": 13208.690765373061
      },
      "runq_latency_stats_ns": {
        "count": 54.0,
        "sum_ns": 295650.5702380952,
        "mean_ns": 5475.010559964726,
        "median_ns": 5436.629472199143,
        "min_ns": 1694.0,
        "max_ns": 11741.333333333334,
        "variance_ns2": 4087773.1486911206,
        "iqr_ns": 2256.198813472225,
        "q1_ns": 4430.054078531692,
        "q3_ns": 6686.252892003917
      },
      "first_seen_ts_ns": 1749843808401270258,
      "last_seen_ts_ns": 1749843822261242640,
      "duration_active_s": 13.859972382
    },
    {
      "tgid": 1,
      "comm": "pause",
      "cgroup_id": 21767,
      "on_cpu_stats_ns": {
        "count": 2.0,
        "sum_ns": 549974.8888888889,
        "mean_ns": 274987.44444444444,
        "median_ns": 339050.0,
        "min_ns": 210924.88888888888,
        "max_ns": 339050.0,
        "variance_ns2": 8208022048.617286,
        "iqr_ns": 128125.11111111112,
        "q1_ns": 210924.88888888888,
        "q3_ns": 339050.0
      },
      "runq_latency_stats_ns": {
        "count": 2.0,
        "sum_ns": 7249.174603174603,
        "mean_ns": 3624.5873015873017,
        "median_ns": 6397.888888888889,
        "min_ns": 851.2857142857143,
        "max_ns": 6397.888888888889,
        "variance_ns2": 15382403.388259007,
        "iqr_ns": 5546.603174603174,
        "q1_ns": 851.2857142857143,
        "q3_ns": 6397.888888888889
      },
      "first_seen_ts_ns": 1749843850401282275,
      "last_seen_ts_ns": 1749843868599288767,
      "duration_active_s": 18.198006492
    },
    {
      "tgid": 324,
      "comm": "xhpcg",
      "cgroup_id": 22187,
      "on_cpu_stats_ns": {
        "count": 10.0,
        "sum_ns": 508947.6666666667,
        "mean_ns": 50894.76666666667,
        "median_ns": 40999.77777777778,
        "min_ns": 6660.0,
        "max_ns": 124503.0,
        "variance_ns2": 1847852964.8901236,
        "iqr_ns": 47829.11944444444,
        "q1_ns": 24684.26388888889,
        "q3_ns": 72513.38333333333
      },
      "runq_latency_stats_ns": {
        "count": 10.0,
        "sum_ns": 399631.66666666674,
        "mean_ns": 39963.16666666667,
        "median_ns": 24501.722222222226,
        "min_ns": 970.0,
        "max_ns": 147776.0,
        "variance_ns2": 2427249269.216049,
        "iqr_ns": 68765.26527777778,
        "q1_ns": 7514.708333333334,
        "q3_ns": 76279.97361111111
      },
      "first_seen_ts_ns": 1749843806612052592,
      "last_seen_ts_ns": 1749843819511213300,
      "duration_active_s": 12.899160708
    },
    {
      "tgid": 319,
      "comm": "python3",
      "cgroup_id": 22187,
      "on_cpu_stats_ns": {
        "count": 8.0,
        "sum_ns": 471179.6666666666,
        "mean_ns": 58897.45833333333,
        "median_ns": 42281.44444444444,
        "min_ns": 15822.0,
        "max_ns": 168513.0,
        "variance_ns2": 2897418519.204365,
        "iqr_ns": 53348.33333333333,
        "q1_ns": 21704.0,
        "q3_ns": 75052.33333333333
      },
      "runq_latency_stats_ns": {
        "count": 8.0,
        "sum_ns": 297902.3333333333,
        "mean_ns": 37237.791666666664,
        "median_ns": 39162.46296296296,
        "min_ns": 2396.3333333333335,
        "max_ns": 86726.0,
        "variance_ns2": 823072489.9662699,
        "iqr_ns": 36971.89920910494,
        "q1_ns": 15476.100790895061,
        "q3_ns": 52448.0
      },
      "first_seen_ts_ns": 1749843806612052592,
      "last_seen_ts_ns": 1749843811481241739,
      "duration_active_s": 4.869189147
    },
    {
      "tgid": 183,
      "comm": "ZMQbg/Reaper",
      "cgroup_id": 22187,
      "on_cpu_stats_ns": {
        "count": 18.0,
        "sum_ns": 349191.0,
        "mean_ns": 19399.5,
        "median_ns": 19522.863756613762,
        "min_ns": 4270.0,
        "max_ns": 33911.0,
        "variance_ns2": 78097251.44117649,
        "iqr_ns": 9468.930192646858,
        "q1_ns": 13245.937037037038,
        "q3_ns": 22714.867229683896
      },
      "runq_latency_stats_ns": {
        "count": 18.0,
        "sum_ns": 211402.49999999997,
        "mean_ns": 11744.583333333332,
        "median_ns": 15112.642827932097,
        "min_ns": 1827.0,
        "max_ns": 24608.0,
        "variance_ns2": 59368996.5367647,
        "iqr_ns": 14886.942274502393,
        "q1_ns": 5072.270833333334,
        "q3_ns": 19959.213107835727
      },
      "first_seen_ts_ns": 1749843806612052592,
      "last_seen_ts_ns": 1749843867468858077,
      "duration_active_s": 60.856805485
    },
    {
      "tgid": 325,
      "comm": "xhpcg",
      "cgroup_id": 22187,
      "on_cpu_stats_ns": {
        "count": 5.0,
        "sum_ns": 314103.0,
        "mean_ns": 62820.6,
        "median_ns": 73198.0,
        "min_ns": 13148.0,
        "max_ns": 87156.0,
        "variance_ns2": 836597283.8,
        "iqr_ns": 11595.0,
        "q1_ns": 64503.0,
        "q3_ns": 76098.0
      },
      "runq_latency_stats_ns": {
        "count": 5.0,
        "sum_ns": 116777.0,
        "mean_ns": 23355.4,
        "median_ns": 27661.0,
        "min_ns": 3157.0,
        "max_ns": 36034.0,
        "variance_ns2": 157578626.3,
        "iqr_ns": 8705.0,
        "q1_ns": 20610.0,
        "q3_ns": 29315.0
      },
      "first_seen_ts_ns": 1749843806771287210,
      "last_seen_ts_ns": 1749843807631250379,
      "duration_active_s": 0.859963169
    },
    {
      "tgid": 44,
      "comm": "bash",
      "cgroup_id": 22103,
      "on_cpu_stats_ns": {
        "count": 16.0,
        "sum_ns": 216103.0,
        "mean_ns": 13506.4375,
        "median_ns": 14135.50849206349,
        "min_ns": 5424.0,
        "max_ns": 20369.0,
        "variance_ns2": 27706746.2625,
        "iqr_ns": 9356.290515873015,
        "q1_ns": 8606.529484126984,
        "q3_ns": 17962.82
      },
      "runq_latency_stats_ns": {
        "count": 16.0,
        "sum_ns": 228441.00000000003,
        "mean_ns": 14277.562500000002,
        "median_ns": 15508.237023809523,
        "min_ns": 1976.0,
        "max_ns": 57656.0,
        "variance_ns2": 176382267.59583333,
        "iqr_ns": 8692.798499657069,
        "q1_ns": 6725.988194444444,
        "q3_ns": 15418.786694101513
      },
      "first_seen_ts_ns": 1749843811481241739,
      "last_seen_ts_ns": 1749843867468858077,
      "duration_active_s": 55.987616338
    },
    {
      "tgid": 329,
      "comm": "xhpcg",
      "cgroup_id": 22187,
      "on_cpu_stats_ns": {
        "count": 5.0,
        "sum_ns": 104285.0,
        "mean_ns": 20857.0,
        "median_ns": 22973.0,
        "min_ns": 8527.0,
        "max_ns": 31978.0,
        "variance_ns2": 77712685.5,
        "iqr_ns": 7779.0,
        "q1_ns": 16514.0,
        "q3_ns": 24293.0
      },
      "runq_latency_stats_ns": {
        "count": 5.0,
        "sum_ns": 42697.0,
        "mean_ns": 8539.4,
        "median_ns": 5205.0,
        "min_ns": 2864.0,
        "max_ns": 15105.0,
        "variance_ns2": 33267093.3,
        "iqr_ns": 9343.0,
        "q1_ns": 5090.0,
        "q3_ns": 14433.0
      },
      "first_seen_ts_ns": 1749843806612052592,
      "last_seen_ts_ns": 1749843819511213300,
      "duration_active_s": 12.899160708
    },
    {
      "tgid": 339,
      "comm": "xhpcg",
      "cgroup_id": 22187,
      "on_cpu_stats_ns": {
        "count": 1.0,
        "sum_ns": 25089.0,
        "mean_ns": 25089.0,
        "median_ns": 25089.0,
        "min_ns": 25089.0,
        "max_ns": 25089.0,
        "variance_ns2": null,
        "iqr_ns": 0.0,
        "q1_ns": 25089.0,
        "q3_ns": 25089.0
      },
      "runq_latency_stats_ns": {
        "count": 1.0,
        "sum_ns": 579755.0,
        "mean_ns": 579755.0,
        "median_ns": 579755.0,
        "min_ns": 579755.0,
        "max_ns": 579755.0,
        "variance_ns2": null,
        "iqr_ns": 0.0,
        "q1_ns": 579755.0,
        "q3_ns": 579755.0
      },
      "first_seen_ts_ns": 1749843808071391263,
      "last_seen_ts_ns": 1749843808071391263,
      "duration_active_s": 0
    }
  ]
}
[19:44:28] Cleanup complete. Exiting.
