unlimited
PROGRAM: cpu
Looking for /opt/programs/cpu/ebpf-collect.c
[21:29:09] Waiting for start indicator file: '/mnt/flux/start_ebpf_collection'.
[21:29:11] Start indicator found. Proceeding with monitoring.
[21:29:11] Initializing eBPF for CPU Scheduling monitoring...
[21:29:11] BPF C code compiled and loaded.
[21:29:11] Attached tracepoints.
[21:29:11] Monitoring CPU scheduling events (polling aggregated map)... Press Ctrl+C to stop.
[21:30:05] Stop indicator file '/mnt/flux/stop_ebpf_collection' found. Stopping.
[21:30:05] Initiating cleanup sequence...
{
  "final_aggregated_summary_river": [
    {
      "tgid": 250,
      "comm": "python3",
      "cgroup_id": 50247,
      "on_cpu_stats_ns": {
        "count": 450.0,
        "sum_ns": 71211669.15298784,
        "mean_ns": 158248.1536733063,
        "median_ns": 86556.02155987982,
        "min_ns": 2927.0,
        "max_ns": 13352245.0,
        "variance_ns2": 416323538008.4069,
        "iqr_ns": 216480.2574309172,
        "q1_ns": 48511.11804082626,
        "q3_ns": 264991.37547174346
      },
      "runq_latency_stats_ns": {
        "count": 452.0,
        "sum_ns": 27497878.956040118,
        "mean_ns": 60836.015389469285,
        "median_ns": 24953.59096214298,
        "min_ns": 365.3918918918919,
        "max_ns": 13332620.0,
        "variance_ns2": 393190557501.9602,
        "iqr_ns": 46934.80817453124,
        "q1_ns": 6357.282016080046,
        "q3_ns": 53292.090190611285
      },
      "first_seen_ts_ns": 1749677352066698166,
      "last_seen_ts_ns": 1749677405799233853,
      "duration_active_s": 53.732535687
    },
    {
      "tgid": 202,
      "comm": "python3",
      "cgroup_id": 50177,
      "on_cpu_stats_ns": {
        "count": 268.0,
        "sum_ns": 7279550.620897437,
        "mean_ns": 27162.502316781483,
        "median_ns": 16712.277656268743,
        "min_ns": 3068.4166666666665,
        "max_ns": 286729.0,
        "variance_ns2": 1429796712.8631337,
        "iqr_ns": 12343.67150977327,
        "q1_ns": 11529.672747700548,
        "q3_ns": 23873.34425747382
      },
      "runq_latency_stats_ns": {
        "count": 268.0,
        "sum_ns": 3161502.6894871816,
        "mean_ns": 11796.651826444708,
        "median_ns": 8652.717297203804,
        "min_ns": 709.0,
        "max_ns": 602460.0,
        "variance_ns2": 1375974228.521542,
        "iqr_ns": 12738.497130363427,
        "q1_ns": 3045.140357406163,
        "q3_ns": 15783.637487769589
      },
      "first_seen_ts_ns": 1749677352066698166,
      "last_seen_ts_ns": 1749677405799233853,
      "duration_active_s": 53.732535687
    },
    {
      "tgid": 143,
      "comm": "flux-broker-0",
      "cgroup_id": 50317,
      "on_cpu_stats_ns": {
        "count": 126.0,
        "sum_ns": 3684008.0526190465,
        "mean_ns": 29238.15914777021,
        "median_ns": 16376.526873775803,
        "min_ns": 3322.3333333333335,
        "max_ns": 343954.0,
        "variance_ns2": 1867495343.676108,
        "iqr_ns": 4095.391770079721,
        "q1_ns": 12999.717406462682,
        "q3_ns": 17095.109176542403
      },
      "runq_latency_stats_ns": {
        "count": 127.0,
        "sum_ns": 1255428.999863945,
        "mean_ns": 9885.267715464133,
        "median_ns": 9393.139704170564,
        "min_ns": 662.3265306122449,
        "max_ns": 42289.0,
        "variance_ns2": 58198170.86871017,
        "iqr_ns": 11856.071722466391,
        "q1_ns": 3399.916012929975,
        "q3_ns": 15255.987735396366
      },
      "first_seen_ts_ns": 1749677352066698166,
      "last_seen_ts_ns": 1749677404378774455,
      "duration_active_s": 52.312076289
    },
    {
      "tgid": 31,
      "comm": "bash",
      "cgroup_id": 50177,
      "on_cpu_stats_ns": {
        "count": 10.0,
        "sum_ns": 813105.5,
        "mean_ns": 81310.55,
        "median_ns": 61282.52777777778,
        "min_ns": 23559.0,
        "max_ns": 223244.0,
        "variance_ns2": 3694090490.0249996,
        "iqr_ns": 33699.192361111105,
        "q1_ns": 42677.833333333336,
        "q3_ns": 76377.02569444444
      },
      "runq_latency_stats_ns": {
        "count": 10.0,
        "sum_ns": 513296.5,
        "mean_ns": 51329.65,
        "median_ns": 15168.083333333334,
        "min_ns": 1355.0,
        "max_ns": 459281.0,
        "variance_ns2": 20577808521.113888,
        "iqr_ns": 80180.51358024692,
        "q1_ns": 2098.0,
        "q3_ns": 82278.51358024692
      },
      "first_seen_ts_ns": 1749677371083037708,
      "last_seen_ts_ns": 1749677393476708306,
      "duration_active_s": 22.393670598
    },
    {
      "tgid": 91,
      "comm": "bash",
      "cgroup_id": 50317,
      "on_cpu_stats_ns": {
        "count": 9.0,
        "sum_ns": 630242.0,
        "mean_ns": 70026.88888888889,
        "median_ns": 48391.63333333333,
        "min_ns": 16727.0,
        "max_ns": 243791.0,
        "variance_ns2": 5592287320.611111,
        "iqr_ns": 60062.04444444443,
        "q1_ns": 24989.622222222228,
        "q3_ns": 85051.66666666666
      },
      "runq_latency_stats_ns": {
        "count": 9.0,
        "sum_ns": 88916.0,
        "mean_ns": 9879.555555555555,
        "median_ns": 2805.45,
        "min_ns": 1486.0,
        "max_ns": 40553.0,
        "variance_ns2": 194842001.0277778,
        "iqr_ns": 6505.861111111111,
        "q1_ns": 2664.0,
        "q3_ns": 9169.861111111111
      },
      "first_seen_ts_ns": 1749677352066698166,
      "last_seen_ts_ns": 1749677383556709890,
      "duration_active_s": 31.490011724
    },
    {
      "tgid": 305,
      "comm": "xhpcg",
      "cgroup_id": 50317,
      "on_cpu_stats_ns": {
        "count": 36.0,
        "sum_ns": 617715.0,
        "mean_ns": 17158.75,
        "median_ns": 17610.126664123338,
        "min_ns": 4927.0,
        "max_ns": 29542.0,
        "variance_ns2": 26883790.707142856,
        "iqr_ns": 4005.830666970418,
        "q1_ns": 16509.225232464123,
        "q3_ns": 20515.05589943454
      },
      "runq_latency_stats_ns": {
        "count": 36.0,
        "sum_ns": 199398.00000000006,
        "mean_ns": 5538.833333333335,
        "median_ns": 5423.478998792925,
        "min_ns": 1885.0,
        "max_ns": 10221.0,
        "variance_ns2": 3492644.771428573,
        "iqr_ns": 2351.0274833094563,
        "q1_ns": 4228.796821019614,
        "q3_ns": 6579.82430432907
      },
      "first_seen_ts_ns": 1749677352418556435,
      "last_seen_ts_ns": 1749677370286714608,
      "duration_active_s": 17.868158173
    },
    {
      "tgid": 324,
      "comm": "xhpcg",
      "cgroup_id": 50317,
      "on_cpu_stats_ns": {
        "count": 62.0,
        "sum_ns": 557148.5687229437,
        "mean_ns": 8986.267237466833,
        "median_ns": 8755.914998558337,
        "min_ns": 3406.125,
        "max_ns": 17385.875,
        "variance_ns2": 7210158.730622597,
        "iqr_ns": 3889.180891784499,
        "q1_ns": 6784.044202603574,
        "q3_ns": 10673.225094388074
      },
      "runq_latency_stats_ns": {
        "count": 62.0,
        "sum_ns": 280665.2310606061,
        "mean_ns": 4526.858565493646,
        "median_ns": 4272.865260995903,
        "min_ns": 1433.875,
        "max_ns": 9509.375,
        "variance_ns2": 2434561.004369789,
        "iqr_ns": 1320.8687588531452,
        "q1_ns": 3592.103124933003,
        "q3_ns": 4912.971883786148
      },
      "first_seen_ts_ns": 1749677352856004404,
      "last_seen_ts_ns": 1749677365476718807,
      "duration_active_s": 12.620714403
    },
    {
      "tgid": 1,
      "comm": "pause",
      "cgroup_id": 49967,
      "on_cpu_stats_ns": {
        "count": 2.0,
        "sum_ns": 539995.7777777778,
        "mean_ns": 269997.8888888889,
        "median_ns": 360849.77777777775,
        "min_ns": 179146.0,
        "max_ns": 360849.77777777775,
        "variance_ns2": 16508131429.35802,
        "iqr_ns": 181703.77777777775,
        "q1_ns": 179146.0,
        "q3_ns": 360849.77777777775
      },
      "runq_latency_stats_ns": {
        "count": 2.0,
        "sum_ns": 6038.222222222223,
        "mean_ns": 3019.1111111111113,
        "median_ns": 4155.222222222223,
        "min_ns": 1883.0,
        "max_ns": 4155.222222222223,
        "variance_ns2": 2581496.9135802477,
        "iqr_ns": 2272.2222222222226,
        "q1_ns": 1883.0,
        "q3_ns": 4155.222222222223
      },
      "first_seen_ts_ns": 1749677394176708343,
      "last_seen_ts_ns": 1749677405799233853,
      "duration_active_s": 11.62252551
    }
  ]
}
[21:30:05] Cleanup complete. Exiting.
