

32 32 32
15
chmod: cannot access './wait-fs': No such file or directory
mv: cannot stat './wait-fs': No such file or directory
ln: failed to create symbolic link '/mnt/flux/view/lib/python': File exists
ln: failed to create symbolic link '/mnt/flux/view/lib/python3': File exists
#!/bin/bash
set -euo pipefail
flux resource list
echo "The parent process ID is: $PPID"          
echo "The execution parent process ID is: $$"         
CGROUP_PATH_LINE=$(cat "/proc/$$/cgroup")
echo 
CGROUP_V2_PATH=${CGROUP_PATH_LINE:3}
ACTUAL_CGROUP_DIR="/sys/fs/cgroup${CGROUP_V2_PATH}"
TARGET_CGROUP_ID=$(stat -c '%i' $ACTUAL_CGROUP_DIR)
echo "The cgroup id is $TARGET_CGROUP_ID"
echo -n $TARGET_CGROUP_ID > /mnt/flux/cgroup-id.txt
sleep 5
flux exec -r all touch /mnt/flux/start_ebpf_collection
for i in {1..3}
do
  echo "FLUX-RUN START hpcg-iter-$i"
  flux run --setattr=user.study_id=hpcg-iter-$i -N1 -n 16 -o cpu-affinity=per-task -o gpu-affinity=off     /opt/hpcg/xhpcg
  
   echo "FLUX-RUN END hpcg-iter-$i"
done

  echo "FLUX-RESULTS START"
  cat hpcg*.txt
  echo "HPCG-BENCHMARKS"
  cat HPCG-Benchmark*.txt
  echo "FLUX-RESULTS END"

output=./results/${app}
(apt-get update > /dev/null 2>&1 && apt-get install -y jq > /dev/null 2>&1) || (yum update -y > /dev/null 2>&1 && yum install -y jq > /dev/null 2>&1)
mkdir -p $output
for jobid in $(flux jobs -a --json | jq -r .jobs[].id); do
    echo
    study_id=$(flux job info $jobid jobspec | jq -r ".attributes.user.study_id")
    echo "FLUX-JOB START ${jobid} ${study_id}"
    echo "FLUX-JOB-JOBSPEC START"
    flux job info $jobid jobspec
    echo "FLUX-JOB-JOBSPEC END" 
    
    echo "FLUX-JOB-RESOURCES START"
    flux job info ${jobid} R
    echo "FLUX-JOB-RESOURCES END"
    echo "FLUX-JOB-EVENTLOG START" 
    flux job info $jobid guest.exec.eventlog
    echo "FLUX-JOB-EVENTLOG END" 
    echo "FLUX-JOB END ${jobid} ${study_id}"
done
echo "FLUX JOB STATS"
flux job stats 

     STATE NNODES   NCORES    NGPUS NODELIST
      free      1       16        0 hpcg-0
 allocated      0        0        0 
      down      0        0        0 
The parent process ID is: 112
The execution parent process ID is: 261

The cgroup id is 70637
FLUX-RUN START hpcg-iter-1
FLUX-RUN END hpcg-iter-1
FLUX-RUN START hpcg-iter-2
FLUX-RUN END hpcg-iter-2
FLUX-RUN START hpcg-iter-3
FLUX-RUN END hpcg-iter-3
FLUX-RESULTS START
WARNING: PERFORMING UNPRECONDITIONED ITERATIONS
Call [0] Number of Iterations [11] Scaled Residual [3.68426e-14]
WARNING: PERFORMING UNPRECONDITIONED ITERATIONS
Call [1] Number of Iterations [11] Scaled Residual [3.68426e-14]
Call [0] Number of Iterations [2] Scaled Residual [5.60853e-17]
Call [1] Number of Iterations [2] Scaled Residual [5.60853e-17]
Departure from symmetry (scaled) for SpMV abs(x'*A*y - y'*A*x) = 2.34806e-08
Departure from symmetry (scaled) for MG abs(x'*Minv*y - y'*Minv*x) = 1.34175e-08
SpMV call [0] Residual [0]
SpMV call [1] Residual [0]
Call [0] Scaled Residual [5.29579e-09]
Call [1] Scaled Residual [5.29579e-09]
Call [2] Scaled Residual [5.29579e-09]
Call [3] Scaled Residual [5.29579e-09]
Call [4] Scaled Residual [5.29579e-09]
Call [5] Scaled Residual [5.29579e-09]
Call [6] Scaled Residual [5.29579e-09]
Call [7] Scaled Residual [5.29579e-09]
Call [8] Scaled Residual [5.29579e-09]
Call [9] Scaled Residual [5.29579e-09]
Call [10] Scaled Residual [5.29579e-09]
Call [11] Scaled Residual [5.29579e-09]
Call [12] Scaled Residual [5.29579e-09]
Call [13] Scaled Residual [5.29579e-09]
Call [14] Scaled Residual [5.29579e-09]
Call [15] Scaled Residual [5.29579e-09]
Call [16] Scaled Residual [5.29579e-09]
Call [17] Scaled Residual [5.29579e-09]
Call [18] Scaled Residual [5.29579e-09]
Call [19] Scaled Residual [5.29579e-09]
Call [20] Scaled Residual [5.29579e-09]
Call [21] Scaled Residual [5.29579e-09]
Call [22] Scaled Residual [5.29579e-09]
Call [23] Scaled Residual [5.29579e-09]
Call [24] Scaled Residual [5.29579e-09]
Call [25] Scaled Residual [5.29579e-09]
Call [26] Scaled Residual [5.29579e-09]
WARNING: PERFORMING UNPRECONDITIONED ITERATIONS
Call [0] Number of Iterations [11] Scaled Residual [3.68426e-14]
WARNING: PERFORMING UNPRECONDITIONED ITERATIONS
Call [1] Number of Iterations [11] Scaled Residual [3.68426e-14]
Call [0] Number of Iterations [2] Scaled Residual [5.60853e-17]
Call [1] Number of Iterations [2] Scaled Residual [5.60853e-17]
Departure from symmetry (scaled) for SpMV abs(x'*A*y - y'*A*x) = 2.34806e-08
Departure from symmetry (scaled) for MG abs(x'*Minv*y - y'*Minv*x) = 1.34175e-08
SpMV call [0] Residual [0]
SpMV call [1] Residual [0]
Call [0] Scaled Residual [5.29579e-09]
Call [1] Scaled Residual [5.29579e-09]
Call [2] Scaled Residual [5.29579e-09]
Call [3] Scaled Residual [5.29579e-09]
Call [4] Scaled Residual [5.29579e-09]
Call [5] Scaled Residual [5.29579e-09]
Call [6] Scaled Residual [5.29579e-09]
Call [7] Scaled Residual [5.29579e-09]
Call [8] Scaled Residual [5.29579e-09]
Call [9] Scaled Residual [5.29579e-09]
Call [10] Scaled Residual [5.29579e-09]
Call [11] Scaled Residual [5.29579e-09]
Call [12] Scaled Residual [5.29579e-09]
Call [13] Scaled Residual [5.29579e-09]
Call [14] Scaled Residual [5.29579e-09]
Call [15] Scaled Residual [5.29579e-09]
Call [16] Scaled Residual [5.29579e-09]
Call [17] Scaled Residual [5.29579e-09]
Call [18] Scaled Residual [5.29579e-09]
Call [19] Scaled Residual [5.29579e-09]
Call [20] Scaled Residual [5.29579e-09]
Call [21] Scaled Residual [5.29579e-09]
Call [22] Scaled Residual [5.29579e-09]
Call [23] Scaled Residual [5.29579e-09]
Call [24] Scaled Residual [5.29579e-09]
Call [25] Scaled Residual [5.29579e-09]
Call [26] Scaled Residual [5.29579e-09]
WARNING: PERFORMING UNPRECONDITIONED ITERATIONS
Call [0] Number of Iterations [11] Scaled Residual [3.68426e-14]
WARNING: PERFORMING UNPRECONDITIONED ITERATIONS
Call [1] Number of Iterations [11] Scaled Residual [3.68426e-14]
Call [0] Number of Iterations [2] Scaled Residual [5.60853e-17]
Call [1] Number of Iterations [2] Scaled Residual [5.60853e-17]
Departure from symmetry (scaled) for SpMV abs(x'*A*y - y'*A*x) = 2.34806e-08
Departure from symmetry (scaled) for MG abs(x'*Minv*y - y'*Minv*x) = 1.34175e-08
SpMV call [0] Residual [0]
SpMV call [1] Residual [0]
Call [0] Scaled Residual [5.29579e-09]
Call [1] Scaled Residual [5.29579e-09]
Call [2] Scaled Residual [5.29579e-09]
Call [3] Scaled Residual [5.29579e-09]
Call [4] Scaled Residual [5.29579e-09]
Call [5] Scaled Residual [5.29579e-09]
Call [6] Scaled Residual [5.29579e-09]
Call [7] Scaled Residual [5.29579e-09]
Call [8] Scaled Residual [5.29579e-09]
Call [9] Scaled Residual [5.29579e-09]
Call [10] Scaled Residual [5.29579e-09]
Call [11] Scaled Residual [5.29579e-09]
Call [12] Scaled Residual [5.29579e-09]
Call [13] Scaled Residual [5.29579e-09]
Call [14] Scaled Residual [5.29579e-09]
Call [15] Scaled Residual [5.29579e-09]
Call [16] Scaled Residual [5.29579e-09]
Call [17] Scaled Residual [5.29579e-09]
Call [18] Scaled Residual [5.29579e-09]
Call [19] Scaled Residual [5.29579e-09]
Call [20] Scaled Residual [5.29579e-09]
Call [21] Scaled Residual [5.29579e-09]
Call [22] Scaled Residual [5.29579e-09]
Call [23] Scaled Residual [5.29579e-09]
Call [24] Scaled Residual [5.29579e-09]
Call [25] Scaled Residual [5.29579e-09]
Call [26] Scaled Residual [5.29579e-09]
HPCG-BENCHMARKS
HPCG-Benchmark
version=3.1
Release date=March 28, 2019
Machine Summary=
Machine Summary::Distributed Processes=16
Machine Summary::Threads per processes=2
Global Problem Dimensions=
Global Problem Dimensions::Global nx=128
Global Problem Dimensions::Global ny=64
Global Problem Dimensions::Global nz=64
Processor Dimensions=
Processor Dimensions::npx=4
Processor Dimensions::npy=2
Processor Dimensions::npz=2
Local Domain Dimensions=
Local Domain Dimensions::nx=32
Local Domain Dimensions::ny=32
Local Domain Dimensions::Lower ipz=0
Local Domain Dimensions::Upper ipz=1
Local Domain Dimensions::nz=32
########## Problem Summary  ##########=
Setup Information=
Setup Information::Setup Time=0.0626736
Linear System Information=
Linear System Information::Number of Equations=524288
Linear System Information::Number of Nonzero Terms=13790200
Multigrid Information=
Multigrid Information::Number of coarse grid levels=3
Multigrid Information::Coarse Grids=
Multigrid Information::Coarse Grids::Grid Level=1
Multigrid Information::Coarse Grids::Number of Equations=65536
Multigrid Information::Coarse Grids::Number of Nonzero Terms=1678840
Multigrid Information::Coarse Grids::Number of Presmoother Steps=1
Multigrid Information::Coarse Grids::Number of Postsmoother Steps=1
Multigrid Information::Coarse Grids::Grid Level=2
Multigrid Information::Coarse Grids::Number of Equations=8192
Multigrid Information::Coarse Grids::Number of Nonzero Terms=198904
Multigrid Information::Coarse Grids::Number of Presmoother Steps=1
Multigrid Information::Coarse Grids::Number of Postsmoother Steps=1
Multigrid Information::Coarse Grids::Grid Level=3
Multigrid Information::Coarse Grids::Number of Equations=1024
Multigrid Information::Coarse Grids::Number of Nonzero Terms=22264
Multigrid Information::Coarse Grids::Number of Presmoother Steps=1
Multigrid Information::Coarse Grids::Number of Postsmoother Steps=1
########## Memory Use Summary  ##########=
Memory Use Information=
Memory Use Information::Total memory used for data (Gbytes)=0.37581
Memory Use Information::Memory used for OptimizeProblem data (Gbytes)=0
Memory Use Information::Bytes per equation (Total memory / Number of Equations)=716.8
Memory Use Information::Memory used for linear system and CG (Gbytes)=0.330589
Memory Use Information::Coarse Grids=
Memory Use Information::Coarse Grids::Grid Level=1
Memory Use Information::Coarse Grids::Memory used=0.0396067
Memory Use Information::Coarse Grids::Grid Level=2
Memory Use Information::Coarse Grids::Memory used=0.00498211
Memory Use Information::Coarse Grids::Grid Level=3
Memory Use Information::Coarse Grids::Memory used=0.000632332
########## V&V Testing Summary  ##########=
Spectral Convergence Tests=
Spectral Convergence Tests::Result=PASSED
Spectral Convergence Tests::Unpreconditioned=
Spectral Convergence Tests::Unpreconditioned::Maximum iteration count=11
Spectral Convergence Tests::Unpreconditioned::Expected iteration count=12
Spectral Convergence Tests::Preconditioned=
Spectral Convergence Tests::Preconditioned::Maximum iteration count=2
Spectral Convergence Tests::Preconditioned::Expected iteration count=2
Departure from Symmetry |x'Ay-y'Ax|/(2*||x||*||A||*||y||)/epsilon=
Departure from Symmetry |x'Ay-y'Ax|/(2*||x||*||A||*||y||)/epsilon::Result=PASSED
Departure from Symmetry |x'Ay-y'Ax|/(2*||x||*||A||*||y||)/epsilon::Departure for SpMV=2.34806e-08
Departure from Symmetry |x'Ay-y'Ax|/(2*||x||*||A||*||y||)/epsilon::Departure for MG=1.34175e-08
########## Iterations Summary  ##########=
Iteration Count Information=
Iteration Count Information::Result=PASSED
Iteration Count Information::Reference CG iterations per set=50
Iteration Count Information::Optimized CG iterations per set=50
Iteration Count Information::Total number of reference iterations=1350
Iteration Count Information::Total number of optimized iterations=1350
########## Reproducibility Summary  ##########=
Reproducibility Information=
Reproducibility Information::Result=PASSED
Reproducibility Information::Scaled residual mean=5.29579e-09
Reproducibility Information::Scaled residual variance=0
########## Performance Summary (times in sec) ##########=
Benchmark Time Summary=
Benchmark Time Summary::Optimization phase=8.3e-08
Benchmark Time Summary::DDOT=1.62378
Benchmark Time Summary::WAXPBY=0.158717
Benchmark Time Summary::SpMV=1.94105
Benchmark Time Summary::MG=13.8969
Benchmark Time Summary::Total=17.6231
Floating Point Operations Summary=
Floating Point Operations Summary::Raw DDOT=4.27504e+09
Floating Point Operations Summary::Raw WAXPBY=4.27504e+09
Floating Point Operations Summary::Raw SpMV=3.79782e+10
Floating Point Operations Summary::Raw MG=2.11637e+11
Floating Point Operations Summary::Total=2.58166e+11
Floating Point Operations Summary::Total with convergence overhead=2.58166e+11
GB/s Summary=
GB/s Summary::Raw Read B/W=90.2936
GB/s Summary::Raw Write B/W=20.8687
GB/s Summary::Raw Total B/W=111.162
GB/s Summary::Total with convergence and optimization phase overhead=110.105
GFLOP/s Summary=
GFLOP/s Summary::Raw DDOT=2.63278
GFLOP/s Summary::Raw WAXPBY=26.9351
GFLOP/s Summary::Raw SpMV=19.5658
GFLOP/s Summary::Raw MG=15.2292
GFLOP/s Summary::Raw Total=14.6492
GFLOP/s Summary::Total with convergence overhead=14.6492
GFLOP/s Summary::Total with convergence and optimization phase overhead=14.5099
User Optimization Overheads=
User Optimization Overheads::Optimization phase time (sec)=8.3e-08
User Optimization Overheads::Optimization phase time vs reference SpMV+MG time=7.35832e-06
DDOT Timing Variations=
DDOT Timing Variations::Min DDOT MPI_Allreduce time=1.1296
DDOT Timing Variations::Max DDOT MPI_Allreduce time=1.48082
DDOT Timing Variations::Avg DDOT MPI_Allreduce time=1.33039
Final Summary=
Final Summary::HPCG result is VALID with a GFLOP/s rating of=14.5099
Final Summary::HPCG 2.4 rating for historical reasons is=14.6492
Final Summary::Reference version of ComputeDotProduct used=Performance results are most likely suboptimal
Final Summary::Reference version of ComputeSPMV used=Performance results are most likely suboptimal
Final Summary::Reference version of ComputeMG used and number of threads greater than 1=Performance results are severely suboptimal
Final Summary::Reference version of ComputeWAXPBY used=Performance results are most likely suboptimal
Final Summary::Results are valid but execution time (sec) is=17.6231
Final Summary::Official results execution time (sec) must be at least=1800
HPCG-Benchmark
version=3.1
Release date=March 28, 2019
Machine Summary=
Machine Summary::Distributed Processes=16
Machine Summary::Threads per processes=2
Global Problem Dimensions=
Global Problem Dimensions::Global nx=128
Global Problem Dimensions::Global ny=64
Global Problem Dimensions::Global nz=64
Processor Dimensions=
Processor Dimensions::npx=4
Processor Dimensions::npy=2
Processor Dimensions::npz=2
Local Domain Dimensions=
Local Domain Dimensions::nx=32
Local Domain Dimensions::ny=32
Local Domain Dimensions::Lower ipz=0
Local Domain Dimensions::Upper ipz=1
Local Domain Dimensions::nz=32
########## Problem Summary  ##########=
Setup Information=
Setup Information::Setup Time=0.0638023
Linear System Information=
Linear System Information::Number of Equations=524288
Linear System Information::Number of Nonzero Terms=13790200
Multigrid Information=
Multigrid Information::Number of coarse grid levels=3
Multigrid Information::Coarse Grids=
Multigrid Information::Coarse Grids::Grid Level=1
Multigrid Information::Coarse Grids::Number of Equations=65536
Multigrid Information::Coarse Grids::Number of Nonzero Terms=1678840
Multigrid Information::Coarse Grids::Number of Presmoother Steps=1
Multigrid Information::Coarse Grids::Number of Postsmoother Steps=1
Multigrid Information::Coarse Grids::Grid Level=2
Multigrid Information::Coarse Grids::Number of Equations=8192
Multigrid Information::Coarse Grids::Number of Nonzero Terms=198904
Multigrid Information::Coarse Grids::Number of Presmoother Steps=1
Multigrid Information::Coarse Grids::Number of Postsmoother Steps=1
Multigrid Information::Coarse Grids::Grid Level=3
Multigrid Information::Coarse Grids::Number of Equations=1024
Multigrid Information::Coarse Grids::Number of Nonzero Terms=22264
Multigrid Information::Coarse Grids::Number of Presmoother Steps=1
Multigrid Information::Coarse Grids::Number of Postsmoother Steps=1
########## Memory Use Summary  ##########=
Memory Use Information=
Memory Use Information::Total memory used for data (Gbytes)=0.37581
Memory Use Information::Memory used for OptimizeProblem data (Gbytes)=0
Memory Use Information::Bytes per equation (Total memory / Number of Equations)=716.8
Memory Use Information::Memory used for linear system and CG (Gbytes)=0.330589
Memory Use Information::Coarse Grids=
Memory Use Information::Coarse Grids::Grid Level=1
Memory Use Information::Coarse Grids::Memory used=0.0396067
Memory Use Information::Coarse Grids::Grid Level=2
Memory Use Information::Coarse Grids::Memory used=0.00498211
Memory Use Information::Coarse Grids::Grid Level=3
Memory Use Information::Coarse Grids::Memory used=0.000632332
########## V&V Testing Summary  ##########=
Spectral Convergence Tests=
Spectral Convergence Tests::Result=PASSED
Spectral Convergence Tests::Unpreconditioned=
Spectral Convergence Tests::Unpreconditioned::Maximum iteration count=11
Spectral Convergence Tests::Unpreconditioned::Expected iteration count=12
Spectral Convergence Tests::Preconditioned=
Spectral Convergence Tests::Preconditioned::Maximum iteration count=2
Spectral Convergence Tests::Preconditioned::Expected iteration count=2
Departure from Symmetry |x'Ay-y'Ax|/(2*||x||*||A||*||y||)/epsilon=
Departure from Symmetry |x'Ay-y'Ax|/(2*||x||*||A||*||y||)/epsilon::Result=PASSED
Departure from Symmetry |x'Ay-y'Ax|/(2*||x||*||A||*||y||)/epsilon::Departure for SpMV=2.34806e-08
Departure from Symmetry |x'Ay-y'Ax|/(2*||x||*||A||*||y||)/epsilon::Departure for MG=1.34175e-08
########## Iterations Summary  ##########=
Iteration Count Information=
Iteration Count Information::Result=PASSED
Iteration Count Information::Reference CG iterations per set=50
Iteration Count Information::Optimized CG iterations per set=50
Iteration Count Information::Total number of reference iterations=1350
Iteration Count Information::Total number of optimized iterations=1350
########## Reproducibility Summary  ##########=
Reproducibility Information=
Reproducibility Information::Result=PASSED
Reproducibility Information::Scaled residual mean=5.29579e-09
Reproducibility Information::Scaled residual variance=0
########## Performance Summary (times in sec) ##########=
Benchmark Time Summary=
Benchmark Time Summary::Optimization phase=8.6e-08
Benchmark Time Summary::DDOT=0.99367
Benchmark Time Summary::WAXPBY=0.173727
Benchmark Time Summary::SpMV=1.90819
Benchmark Time Summary::MG=13.4487
Benchmark Time Summary::Total=16.5271
Floating Point Operations Summary=
Floating Point Operations Summary::Raw DDOT=4.27504e+09
Floating Point Operations Summary::Raw WAXPBY=4.27504e+09
Floating Point Operations Summary::Raw SpMV=3.79782e+10
Floating Point Operations Summary::Raw MG=2.11637e+11
Floating Point Operations Summary::Total=2.58166e+11
Floating Point Operations Summary::Total with convergence overhead=2.58166e+11
GB/s Summary=
GB/s Summary::Raw Read B/W=96.2817
GB/s Summary::Raw Write B/W=22.2527
GB/s Summary::Raw Total B/W=118.534
GB/s Summary::Total with convergence and optimization phase overhead=117.312
GFLOP/s Summary=
GFLOP/s Summary::Raw DDOT=4.30228
GFLOP/s Summary::Raw WAXPBY=24.6078
GFLOP/s Summary::Raw SpMV=19.9027
GFLOP/s Summary::Raw MG=15.7367
GFLOP/s Summary::Raw Total=15.6208
GFLOP/s Summary::Total with convergence overhead=15.6208
GFLOP/s Summary::Total with convergence and optimization phase overhead=15.4596
User Optimization Overheads=
User Optimization Overheads::Optimization phase time (sec)=8.6e-08
User Optimization Overheads::Optimization phase time vs reference SpMV+MG time=7.73277e-06
DDOT Timing Variations=
DDOT Timing Variations::Min DDOT MPI_Allreduce time=0.609075
DDOT Timing Variations::Max DDOT MPI_Allreduce time=0.849815
DDOT Timing Variations::Avg DDOT MPI_Allreduce time=0.744946
Final Summary=
Final Summary::HPCG result is VALID with a GFLOP/s rating of=15.4596
Final Summary::HPCG 2.4 rating for historical reasons is=15.6208
Final Summary::Reference version of ComputeDotProduct used=Performance results are most likely suboptimal
Final Summary::Reference version of ComputeSPMV used=Performance results are most likely suboptimal
Final Summary::Reference version of ComputeMG used and number of threads greater than 1=Performance results are severely suboptimal
Final Summary::Reference version of ComputeWAXPBY used=Performance results are most likely suboptimal
Final Summary::Results are valid but execution time (sec) is=16.5271
Final Summary::Official results execution time (sec) must be at least=1800
HPCG-Benchmark
version=3.1
Release date=March 28, 2019
Machine Summary=
Machine Summary::Distributed Processes=16
Machine Summary::Threads per processes=2
Global Problem Dimensions=
Global Problem Dimensions::Global nx=128
Global Problem Dimensions::Global ny=64
Global Problem Dimensions::Global nz=64
Processor Dimensions=
Processor Dimensions::npx=4
Processor Dimensions::npy=2
Processor Dimensions::npz=2
Local Domain Dimensions=
Local Domain Dimensions::nx=32
Local Domain Dimensions::ny=32
Local Domain Dimensions::Lower ipz=0
Local Domain Dimensions::Upper ipz=1
Local Domain Dimensions::nz=32
########## Problem Summary  ##########=
Setup Information=
Setup Information::Setup Time=0.0655334
Linear System Information=
Linear System Information::Number of Equations=524288
Linear System Information::Number of Nonzero Terms=13790200
Multigrid Information=
Multigrid Information::Number of coarse grid levels=3
Multigrid Information::Coarse Grids=
Multigrid Information::Coarse Grids::Grid Level=1
Multigrid Information::Coarse Grids::Number of Equations=65536
Multigrid Information::Coarse Grids::Number of Nonzero Terms=1678840
Multigrid Information::Coarse Grids::Number of Presmoother Steps=1
Multigrid Information::Coarse Grids::Number of Postsmoother Steps=1
Multigrid Information::Coarse Grids::Grid Level=2
Multigrid Information::Coarse Grids::Number of Equations=8192
Multigrid Information::Coarse Grids::Number of Nonzero Terms=198904
Multigrid Information::Coarse Grids::Number of Presmoother Steps=1
Multigrid Information::Coarse Grids::Number of Postsmoother Steps=1
Multigrid Information::Coarse Grids::Grid Level=3
Multigrid Information::Coarse Grids::Number of Equations=1024
Multigrid Information::Coarse Grids::Number of Nonzero Terms=22264
Multigrid Information::Coarse Grids::Number of Presmoother Steps=1
Multigrid Information::Coarse Grids::Number of Postsmoother Steps=1
########## Memory Use Summary  ##########=
Memory Use Information=
Memory Use Information::Total memory used for data (Gbytes)=0.37581
Memory Use Information::Memory used for OptimizeProblem data (Gbytes)=0
Memory Use Information::Bytes per equation (Total memory / Number of Equations)=716.8
Memory Use Information::Memory used for linear system and CG (Gbytes)=0.330589
Memory Use Information::Coarse Grids=
Memory Use Information::Coarse Grids::Grid Level=1
Memory Use Information::Coarse Grids::Memory used=0.0396067
Memory Use Information::Coarse Grids::Grid Level=2
Memory Use Information::Coarse Grids::Memory used=0.00498211
Memory Use Information::Coarse Grids::Grid Level=3
Memory Use Information::Coarse Grids::Memory used=0.000632332
########## V&V Testing Summary  ##########=
Spectral Convergence Tests=
Spectral Convergence Tests::Result=PASSED
Spectral Convergence Tests::Unpreconditioned=
Spectral Convergence Tests::Unpreconditioned::Maximum iteration count=11
Spectral Convergence Tests::Unpreconditioned::Expected iteration count=12
Spectral Convergence Tests::Preconditioned=
Spectral Convergence Tests::Preconditioned::Maximum iteration count=2
Spectral Convergence Tests::Preconditioned::Expected iteration count=2
Departure from Symmetry |x'Ay-y'Ax|/(2*||x||*||A||*||y||)/epsilon=
Departure from Symmetry |x'Ay-y'Ax|/(2*||x||*||A||*||y||)/epsilon::Result=PASSED
Departure from Symmetry |x'Ay-y'Ax|/(2*||x||*||A||*||y||)/epsilon::Departure for SpMV=2.34806e-08
Departure from Symmetry |x'Ay-y'Ax|/(2*||x||*||A||*||y||)/epsilon::Departure for MG=1.34175e-08
########## Iterations Summary  ##########=
Iteration Count Information=
Iteration Count Information::Result=PASSED
Iteration Count Information::Reference CG iterations per set=50
Iteration Count Information::Optimized CG iterations per set=50
Iteration Count Information::Total number of reference iterations=1350
Iteration Count Information::Total number of optimized iterations=1350
########## Reproducibility Summary  ##########=
Reproducibility Information=
Reproducibility Information::Result=PASSED
Reproducibility Information::Scaled residual mean=5.29579e-09
Reproducibility Information::Scaled residual variance=0
########## Performance Summary (times in sec) ##########=
Benchmark Time Summary=
Benchmark Time Summary::Optimization phase=1.63e-07
Benchmark Time Summary::DDOT=0.905322
Benchmark Time Summary::WAXPBY=0.188119
Benchmark Time Summary::SpMV=1.90495
Benchmark Time Summary::MG=13.4948
Benchmark Time Summary::Total=16.496
Floating Point Operations Summary=
Floating Point Operations Summary::Raw DDOT=4.27504e+09
Floating Point Operations Summary::Raw WAXPBY=4.27504e+09
Floating Point Operations Summary::Raw SpMV=3.79782e+10
Floating Point Operations Summary::Raw MG=2.11637e+11
Floating Point Operations Summary::Total=2.58166e+11
Floating Point Operations Summary::Total with convergence overhead=2.58166e+11
GB/s Summary=
GB/s Summary::Raw Read B/W=96.4635
GB/s Summary::Raw Write B/W=22.2947
GB/s Summary::Raw Total B/W=118.758
GB/s Summary::Total with convergence and optimization phase overhead=117.498
GFLOP/s Summary=
GFLOP/s Summary::Raw DDOT=4.72213
GFLOP/s Summary::Raw WAXPBY=22.7252
GFLOP/s Summary::Raw SpMV=19.9366
GFLOP/s Summary::Raw MG=15.6829
GFLOP/s Summary::Raw Total=15.6502
GFLOP/s Summary::Total with convergence overhead=15.6502
GFLOP/s Summary::Total with convergence and optimization phase overhead=15.4842
User Optimization Overheads=
User Optimization Overheads::Optimization phase time (sec)=1.63e-07
User Optimization Overheads::Optimization phase time vs reference SpMV+MG time=1.45543e-05
DDOT Timing Variations=
DDOT Timing Variations::Min DDOT MPI_Allreduce time=0.577621
DDOT Timing Variations::Max DDOT MPI_Allreduce time=0.843632
DDOT Timing Variations::Avg DDOT MPI_Allreduce time=0.727496
Final Summary=
Final Summary::HPCG result is VALID with a GFLOP/s rating of=15.4842
Final Summary::HPCG 2.4 rating for historical reasons is=15.6502
Final Summary::Reference version of ComputeDotProduct used=Performance results are most likely suboptimal
Final Summary::Reference version of ComputeSPMV used=Performance results are most likely suboptimal
Final Summary::Reference version of ComputeMG used and number of threads greater than 1=Performance results are severely suboptimal
Final Summary::Reference version of ComputeWAXPBY used=Performance results are most likely suboptimal
Final Summary::Results are valid but execution time (sec) is=16.496
Final Summary::Official results execution time (sec) must be at least=1800
FLUX-RESULTS END

FLUX-JOB START 740294656000 hpcg-iter-3
FLUX-JOB-JOBSPEC START
{"resources": [{"type": "node", "count": 1, "with": [{"type": "slot", "count": 16, "with": [{"type": "core", "count": 1}], "label": "task"}]}], "tasks": [{"command": ["/opt/hpcg/xhpcg"], "slot": "task", "count": {"per_slot": 1}}], "attributes": {"system": {"duration": 0, "cwd": "/opt/hpcg", "shell": {"options": {"rlimit": {"cpu": -1, "fsize": -1, "data": -1, "stack": 10485760, "core": -1, "nofile": 1048576, "as": -1, "rss": -1, "nproc": -1}, "cpu-affinity": "per-task", "gpu-affinity": "off"}}}, "user": {"study_id": "hpcg-iter-3"}}, "version": 1}
FLUX-JOB-JOBSPEC END
FLUX-JOB-RESOURCES START
{"version": 1, "execution": {"R_lite": [{"rank": "0", "children": {"core": "0-15"}}], "starttime": 1750028747.5731769, "expiration": 0.0, "nodelist": ["hpcg-0"]}}
FLUX-JOB-RESOURCES END
FLUX-JOB-EVENTLOG START
{"timestamp":1750028747.5739427,"name":"init"}
{"timestamp":1750028747.5808036,"name":"shell.init","context":{"service":"0-shell-fLStJckX","leader-rank":0,"size":1}}
{"timestamp":1750028747.5743139,"name":"starting"}
{"timestamp":1750028747.5947773,"name":"shell.start","context":{"taskmap":{"version":1,"map":[[0,1,16,1]]}}}
{"timestamp":1750028765.8713675,"name":"shell.task-exit","context":{"localid":4,"rank":4,"state":"Exited","pid":380,"wait_status":0,"signaled":0,"exitcode":0}}
{"timestamp":1750028765.8759093,"name":"complete","context":{"status":0}}
{"timestamp":1750028765.8759336,"name":"done"}

FLUX-JOB-EVENTLOG END
FLUX-JOB END 740294656000 hpcg-iter-3

FLUX-JOB START 429144408064 hpcg-iter-2
FLUX-JOB-JOBSPEC START
{"resources": [{"type": "node", "count": 1, "with": [{"type": "slot", "count": 16, "with": [{"type": "core", "count": 1}], "label": "task"}]}], "tasks": [{"command": ["/opt/hpcg/xhpcg"], "slot": "task", "count": {"per_slot": 1}}], "attributes": {"system": {"duration": 0, "cwd": "/opt/hpcg", "shell": {"options": {"rlimit": {"cpu": -1, "fsize": -1, "data": -1, "stack": 10485760, "core": -1, "nofile": 1048576, "as": -1, "rss": -1, "nproc": -1}, "cpu-affinity": "per-task", "gpu-affinity": "off"}}}, "user": {"study_id": "hpcg-iter-2"}}, "version": 1}
FLUX-JOB-JOBSPEC END
FLUX-JOB-RESOURCES START
{"version": 1, "execution": {"R_lite": [{"rank": "0", "children": {"core": "0-15"}}], "starttime": 1750028729.0267024, "expiration": 0.0, "nodelist": ["hpcg-0"]}}
FLUX-JOB-RESOURCES END
FLUX-JOB-EVENTLOG START
{"timestamp":1750028729.0274279,"name":"init"}
{"timestamp":1750028729.0343206,"name":"shell.init","context":{"service":"0-shell-fCGq2GMM","leader-rank":0,"size":1}}
{"timestamp":1750028729.0277922,"name":"starting"}
{"timestamp":1750028729.049458,"name":"shell.start","context":{"taskmap":{"version":1,"map":[[0,1,16,1]]}}}
{"timestamp":1750028747.3683436,"name":"shell.task-exit","context":{"localid":0,"rank":0,"state":"Exited","pid":324,"wait_status":0,"signaled":0,"exitcode":0}}
{"timestamp":1750028747.3717229,"name":"complete","context":{"status":0}}
{"timestamp":1750028747.3717439,"name":"done"}

FLUX-JOB-EVENTLOG END
FLUX-JOB END 429144408064 hpcg-iter-2

FLUX-JOB START 99589554176 hpcg-iter-1
FLUX-JOB-JOBSPEC START
{"resources": [{"type": "node", "count": 1, "with": [{"type": "slot", "count": 16, "with": [{"type": "core", "count": 1}], "label": "task"}]}], "tasks": [{"command": ["/opt/hpcg/xhpcg"], "slot": "task", "count": {"per_slot": 1}}], "attributes": {"system": {"duration": 0, "cwd": "/opt/hpcg", "shell": {"options": {"rlimit": {"cpu": -1, "fsize": -1, "data": -1, "stack": 10485760, "core": -1, "nofile": 1048576, "as": -1, "rss": -1, "nproc": -1}, "cpu-affinity": "per-task", "gpu-affinity": "off"}}}, "user": {"study_id": "hpcg-iter-1"}}, "version": 1}
FLUX-JOB-JOBSPEC END
FLUX-JOB-RESOURCES START
{"version": 1, "execution": {"R_lite": [{"rank": "0", "children": {"core": "0-15"}}], "starttime": 1750028709.3836029, "expiration": 0.0, "nodelist": ["hpcg-0"]}}
FLUX-JOB-RESOURCES END
FLUX-JOB-EVENTLOG START
{"timestamp":1750028709.3843398,"name":"init"}
{"timestamp":1750028709.3912768,"name":"shell.init","context":{"service":"0-shell-f3cjPVou","leader-rank":0,"size":1}}
{"timestamp":1750028709.3847182,"name":"starting"}
{"timestamp":1750028709.4066222,"name":"shell.start","context":{"taskmap":{"version":1,"map":[[0,1,16,1]]}}}
{"timestamp":1750028728.820394,"name":"shell.task-exit","context":{"localid":6,"rank":6,"state":"Exited","pid":280,"wait_status":0,"signaled":0,"exitcode":0}}
{"timestamp":1750028728.8242762,"name":"complete","context":{"status":0}}
{"timestamp":1750028728.8243003,"name":"done"}

FLUX-JOB-EVENTLOG END
FLUX-JOB END 99589554176 hpcg-iter-1
FLUX JOB STATS
{"job_states":{"depend":0,"priority":0,"sched":0,"run":0,"cleanup":0,"inactive":3,"total":3},"successful":3,"failed":0,"canceled":0,"timeout":0,"inactive_purged":0,"queues":[]}
