ln: failed to create symbolic link '/mnt/flux/view/lib/python': File exists
ln: failed to create symbolic link '/mnt/flux/view/lib/python3': File exists
unlimited
PROGRAM: futex
Looking for /opt/programs/futex/ebpf-collect.c
[05:29:25] Starting eBPF (Tracepoints for futex syscalls).
[05:29:26] BPF program loaded and tracepoints automatically attached.
[05:29:26] Start Indicator file defined '/mnt/flux/start_ebpf_collection'. Waiting.
[05:29:30] Start indicator found. Proceeding.
[05:29:30] Ring buffers opened. Polling for events...
[05:30:37] 
Indicator file '/mnt/flux/stop_ebpf_collection' found. Stopping.
[05:30:37] Cleaning up BPF resources...
{
  "final_aggregated_futex_summary_river": [
    {
      "tgid": 2937,
      "comm": "containerd",
      "cgroup_id": 4085,
      "wait_duration_stats_ns": {
        "count": 6513.0,
        "sum": 589053104098.0001,
        "mean": 90442669.13833873,
        "median": 1125867.1531800872,
        "min": 338,
        "max": 39078959163,
        "variance_ns2": 7.664943520200872e+17,
        "iqr_ns": 64652789.985708416,
        "q1_ns": 86478.99875471152,
        "q3_ns": 64739268.984463125
      },
      "futex_op_counts": {
        "128": 6513
      },
      "first_seen_ts_ns": 7081973464856,
      "last_seen_ts_ns": 7152840178816
    },
    {
      "tgid": 3083,
      "comm": "containerd-shim",
      "cgroup_id": 4085,
      "wait_duration_stats_ns": {
        "count": 838.0,
        "sum": 454238953799.9996,
        "mean": 542051257.5178993,
        "median": 80890.01361241721,
        "min": 494,
        "max": 18400703332,
        "variance_ns2": 2.93642191703301e+18,
        "iqr_ns": 28953597.389691163,
        "q1_ns": 73136.56409513309,
        "q3_ns": 29026733.953786295
      },
      "futex_op_counts": {
        "128": 838
      },
      "first_seen_ts_ns": 7082278510330,
      "last_seen_ts_ns": 7152395891001
    },
    {
      "tgid": 2973,
      "comm": "kubelet",
      "cgroup_id": 4138,
      "wait_duration_stats_ns": {
        "count": 6502.0,
        "sum": 393611974754.9997,
        "mean": 60537061.63565052,
        "median": 12800113.839653907,
        "min": 382,
        "max": 33171979059,
        "variance_ns2": 3.7253376611307136e+17,
        "iqr_ns": 31988369.478933066,
        "q1_ns": 1924851.7119303802,
        "q3_ns": 33913221.190863445
      },
      "futex_op_counts": {
        "128": 6502
      },
      "first_seen_ts_ns": 7081973011034,
      "last_seen_ts_ns": 7152903636168
    },
    {
      "tgid": 4160,
      "comm": "coredns",
      "cgroup_id": 5781,
      "wait_duration_stats_ns": {
        "count": 462.0,
        "sum": 339247892109.99994,
        "mean": 734302796.7748916,
        "median": 436720921.02778065,
        "min": 1273,
        "max": 40000870743,
        "variance_ns2": 7.033808560211865e+18,
        "iqr_ns": 923155575.2709986,
        "q1_ns": 37489194.95020552,
        "q3_ns": 960644770.2212042
      },
      "futex_op_counts": {
        "128": 462
      },
      "first_seen_ts_ns": 7081943911568,
      "last_seen_ts_ns": 7151985722647
    },
    {
      "tgid": 4167,
      "comm": "coredns",
      "cgroup_id": 5865,
      "wait_duration_stats_ns": {
        "count": 464.0,
        "sum": 338317596502.99976,
        "mean": 729132751.0840513,
        "median": 400349841.837058,
        "min": 1068,
        "max": 61757530027,
        "variance_ns2": 1.0167605417084008e+19,
        "iqr_ns": 871271600.5475885,
        "q1_ns": 44013384.33813908,
        "q3_ns": 915284984.8857275
      },
      "futex_op_counts": {
        "128": 464
      },
      "first_seen_ts_ns": 7081945097947,
      "last_seen_ts_ns": 7151959954605
    },
    {
      "tgid": 4738,
      "comm": "metrics-server",
      "cgroup_id": 6369,
      "wait_duration_stats_ns": {
        "count": 1263.0,
        "sum": 332066526519.00006,
        "mean": 262918865.0190024,
        "median": 117919080.1108496,
        "min": 705,
        "max": 37450491692,
        "variance_ns2": 2.3172105553694346e+18,
        "iqr_ns": 131979426.80676456,
        "q1_ns": 86500787.89302732,
        "q3_ns": 218480214.69979188
      },
      "futex_op_counts": {
        "128": 1263
      },
      "first_seen_ts_ns": 7082015508643,
      "last_seen_ts_ns": 7152896925856
    },
    {
      "tgid": 3075,
      "comm": "containerd-shim",
      "cgroup_id": 4085,
      "wait_duration_stats_ns": {
        "count": 87.0,
        "sum": 330331911612.0,
        "mean": 3796918524.275862,
        "median": 230876664.84937865,
        "min": 3930,
        "max": 30002542013,
        "variance_ns2": 5.411910188167325e+19,
        "iqr_ns": 4160559040.316243,
        "q1_ns": 1237045.35829677,
        "q3_ns": 4161796085.67454
      },
      "futex_op_counts": {
        "128": 87
      },
      "first_seen_ts_ns": 7088944447742,
      "last_seen_ts_ns": 7152393512168
    },
    {
      "tgid": 136657,
      "comm": "containerd-shim",
      "cgroup_id": 4085,
      "wait_duration_stats_ns": {
        "count": 94.0,
        "sum": 330152917420.00006,
        "mean": 3512265078.9361706,
        "median": 193066759.48002043,
        "min": 420,
        "max": 29998870339,
        "variance_ns2": 5.056852396505911e+19,
        "iqr_ns": 4616795702.129061,
        "q1_ns": 32970078.505535603,
        "q3_ns": 4649765780.634596
      },
      "futex_op_counts": {
        "128": 94
      },
      "first_seen_ts_ns": 7088941739397,
      "last_seen_ts_ns": 7152394551279
    },
    {
      "tgid": 136862,
      "comm": "containerd-shim",
      "cgroup_id": 4085,
      "wait_duration_stats_ns": {
        "count": 253.0,
        "sum": 326221352291.99994,
        "mean": 1289412459.6521738,
        "median": 11350364.03551415,
        "min": 449,
        "max": 29999729376,
        "variance_ns2": 1.6670578666503578e+19,
        "iqr_ns": 572621180.0088547,
        "q1_ns": 286870.99624495575,
        "q3_ns": 572908051.0050997
      },
      "futex_op_counts": {
        "128": 253
      },
      "first_seen_ts_ns": 7082274051972,
      "last_seen_ts_ns": 7152911260065
    },
    {
      "tgid": 4047,
      "comm": "containerd-shim",
      "cgroup_id": 4085,
      "wait_duration_stats_ns": {
        "count": 58.0,
        "sum": 270287961967.0,
        "mean": 4660137275.293103,
        "median": 1892918357.3226826,
        "min": 14375,
        "max": 30008036775,
        "variance_ns2": 4.920306621056622e+19,
        "iqr_ns": 6274352220.57576,
        "q1_ns": 495552520.1978481,
        "q3_ns": 6769904740.773608
      },
      "futex_op_counts": {
        "128": 58
      },
      "first_seen_ts_ns": 7088944893429,
      "last_seen_ts_ns": 7152393997041
    },
    {
      "tgid": 5945,
      "comm": "containerd-shim",
      "cgroup_id": 4085,
      "wait_duration_stats_ns": {
        "count": 100.0,
        "sum": 270287089380.9999,
        "mean": 2702870893.809999,
        "median": 204038170.64943826,
        "min": 4453,
        "max": 30000835267,
        "variance_ns2": 3.2865854502960906e+19,
        "iqr_ns": 2456706404.760487,
        "q1_ns": 3850429.5429479596,
        "q3_ns": 2460556834.303435
      },
      "futex_op_counts": {
        "128": 100
      },
      "first_seen_ts_ns": 7082278951334,
      "last_seen_ts_ns": 7152397290527
    },
    {
      "tgid": 4653,
      "comm": "containerd-shim",
      "cgroup_id": 4085,
      "wait_duration_stats_ns": {
        "count": 65.0,
        "sum": 270286984582.9999,
        "mean": 4158261301.2769217,
        "median": 1267838165.584269,
        "min": 4753,
        "max": 29991300172,
        "variance_ns2": 4.375338761715487e+19,
        "iqr_ns": 6144698692.729538,
        "q1_ns": 143883455.13495433,
        "q3_ns": 6288582147.864492
      },
      "futex_op_counts": {
        "128": 65
      },
      "first_seen_ts_ns": 7088943552805,
      "last_seen_ts_ns": 7152393018010
    },
    {
      "tgid": 4400,
      "comm": "containerd-shim",
      "cgroup_id": 4085,
      "wait_duration_stats_ns": {
        "count": 59.0,
        "sum": 270265080555.99994,
        "mean": 4580764077.220338,
        "median": 1784677812.0137966,
        "min": 12941,
        "max": 29991047410,
        "variance_ns2": 4.2121601199140315e+19,
        "iqr_ns": 6903637851.240829,
        "q1_ns": 669375985.576401,
        "q3_ns": 7573013836.81723
      },
      "futex_op_counts": {
        "128": 59
      },
      "first_seen_ts_ns": 7088940779668,
      "last_seen_ts_ns": 7152396819710
    },
    {
      "tgid": 4045,
      "comm": "containerd-shim",
      "cgroup_id": 4085,
      "wait_duration_stats_ns": {
        "count": 70.0,
        "sum": 270214075082.0,
        "mean": 3860201072.6,
        "median": 2240287375.187277,
        "min": 6254,
        "max": 29997822514,
        "variance_ns2": 3.154856527748731e+19,
        "iqr_ns": 6238146038.200968,
        "q1_ns": 334572293.920353,
        "q3_ns": 6572718332.121321
      },
      "futex_op_counts": {
        "128": 70
      },
      "first_seen_ts_ns": 7088940018026,
      "last_seen_ts_ns": 7152396344563
    },
    {
      "tgid": 6005,
      "comm": "kube-rbac-proxy",
      "cgroup_id": 6669,
      "wait_duration_stats_ns": {
        "count": 68.0,
        "sum": 269826962815.99997,
        "mean": 3968043570.823529,
        "median": 4382061590.367769,
        "min": 372,
        "max": 29988428945,
        "variance_ns2": 2.279114169505263e+19,
        "iqr_ns": 2431383281.0599003,
        "q1_ns": 2117726530.1357224,
        "q3_ns": 4549109811.195622
      },
      "futex_op_counts": {
        "128": 68
      },
      "first_seen_ts_ns": 7086928844622,
      "last_seen_ts_ns": 7151929185250
    },
    {
      "tgid": 3223,
      "comm": "kube-proxy",
      "cgroup_id": 5109,
      "wait_duration_stats_ns": {
        "count": 61.0,
        "sum": 265318371090.99994,
        "mean": 4349481493.295081,
        "median": 2482738491.6550817,
        "min": 2562,
        "max": 30016567191,
        "variance_ns2": 4.25324997429263e+19,
        "iqr_ns": 4030354711.2122335,
        "q1_ns": 702402448.8424337,
        "q3_ns": 4732757160.054667
      },
      "futex_op_counts": {
        "128": 61
      },
      "first_seen_ts_ns": 7083349514749,
      "last_seen_ts_ns": 7149350143482
    },
    {
      "tgid": 6120,
      "comm": "manager",
      "cgroup_id": 6753,
      "wait_duration_stats_ns": {
        "count": 526.0,
        "sum": 263865677160.00006,
        "mean": 501645774.06844115,
        "median": 300224172.3321704,
        "min": 5012,
        "max": 34606548651,
        "variance_ns2": 4.454973754554953e+18,
        "iqr_ns": 454464563.1668838,
        "q1_ns": 33670351.47248347,
        "q3_ns": 488134914.6393673
      },
      "futex_op_counts": {
        "128": 526
      },
      "first_seen_ts_ns": 7082744091163,
      "last_seen_ts_ns": 7152744416908
    },
    {
      "tgid": 4734,
      "comm": "metrics-server",
      "cgroup_id": 6285,
      "wait_duration_stats_ns": {
        "count": 1252.0,
        "sum": 261896297618.00003,
        "mean": 209182346.34025562,
        "median": 135076179.13054162,
        "min": 5937,
        "max": 28104931125,
        "variance_ns2": 1.0407873285593178e+18,
        "iqr_ns": 98504318.9509049,
        "q1_ns": 85838418.92156619,
        "q3_ns": 184342737.8724711
      },
      "futex_op_counts": {
        "128": 1252
      },
      "first_seen_ts_ns": 7082071803482,
      "last_seen_ts_ns": 7152896738499
    },
    {
      "tgid": 2838,
      "comm": "amazon-ssm-agen",
      "cgroup_id": 3429,
      "wait_duration_stats_ns": {
        "count": 21.0,
        "sum": 248172195675.0,
        "mean": 11817723603.571428,
        "median": 1162904070.947489,
        "min": 12372,
        "max": 61068401578,
        "variance_ns2": 5.8088194376666323e+20,
        "iqr_ns": 12075461549.101534,
        "q1_ns": 195604825.74815232,
        "q3_ns": 12271066374.849686
      },
      "futex_op_counts": {
        "128": 21
      },
      "first_seen_ts_ns": 7087621687755,
      "last_seen_ts_ns": 7149690651115
    },
    {
      "tgid": 2999,
      "comm": "ssm-agent-worke",
      "cgroup_id": 3429,
      "wait_duration_stats_ns": {
        "count": 107.0,
        "sum": 195330312628.99994,
        "mean": 1825516940.4579434,
        "median": 1197341209.5643945,
        "min": 5452,
        "max": 61064368510,
        "variance_ns2": 3.409540822759728e+19,
        "iqr_ns": 1500451593.9392796,
        "q1_ns": 624475666.5055864,
        "q3_ns": 2124927260.444866
      },
      "futex_op_counts": {
        "128": 107
      },
      "first_seen_ts_ns": 7083403942632,
      "last_seen_ts_ns": 7152418792633
    },
    {
      "tgid": 3504,
      "comm": "aws-k8s-agent",
      "cgroup_id": 5277,
      "wait_duration_stats_ns": {
        "count": 227.0,
        "sum": 193625383278.0,
        "mean": 852975256.7312776,
        "median": 34272391.97911367,
        "min": 715,
        "max": 29539842947,
        "variance_ns2": 5.37295860555495e+18,
        "iqr_ns": 1396309640.3940258,
        "q1_ns": 7436070.98967714,
        "q3_ns": 1403745711.383703
      },
      "futex_op_counts": {
        "128": 227
      },
      "first_seen_ts_ns": 7088348805550,
      "last_seen_ts_ns": 7151712727671
    },
    {
      "tgid": 3640,
      "comm": "controller",
      "cgroup_id": 5361,
      "wait_duration_stats_ns": {
        "count": 293.0,
        "sum": 193516826596.99997,
        "mean": 660466984.9726962,
        "median": 490724894.5229063,
        "min": 2465,
        "max": 10019960750,
        "variance_ns2": 1.68826604298685e+18,
        "iqr_ns": 17280925.290843368,
        "q1_ns": 480936386.6954073,
        "q3_ns": 498217311.98625064
      },
      "futex_op_counts": {
        "128": 293
      },
      "first_seen_ts_ns": 7082861994344,
      "last_seen_ts_ns": 7152862799458
    },
    {
      "tgid": 137777,
      "comm": "runc",
      "cgroup_id": 4085,
      "wait_duration_stats_ns": {
        "count": 332.0,
        "sum": 5587540170.999998,
        "mean": 16829940.27409638,
        "median": 7539552.122473448,
        "min": 354,
        "max": 610488830,
        "variance_ns2": 3422574012698470.0,
        "iqr_ns": 15645316.059631469,
        "q1_ns": 291690.41075857106,
        "q3_ns": 15937006.47039004
      },
      "futex_op_counts": {
        "128": 332
      },
      "first_seen_ts_ns": 7128850012445,
      "last_seen_ts_ns": 7129540625191
    },
    {
      "tgid": 137822,
      "comm": "runc",
      "cgroup_id": 4085,
      "wait_duration_stats_ns": {
        "count": 275.0,
        "sum": 5123145359.000001,
        "mean": 18629619.487272732,
        "median": 11684213.263104461,
        "min": 559,
        "max": 459854253,
        "variance_ns2": 2616820695620704.0,
        "iqr_ns": 27272123.516182583,
        "q1_ns": 437924.93145075766,
        "q3_ns": 27710048.44763334
      },
      "futex_op_counts": {
        "128": 275
      },
      "first_seen_ts_ns": 7138820052383,
      "last_seen_ts_ns": 7139520632116
    },
    {
      "tgid": 137490,
      "comm": "runc",
      "cgroup_id": 4085,
      "wait_duration_stats_ns": {
        "count": 255.0,
        "sum": 4493267731.0,
        "mean": 17620657.76862745,
        "median": 8630862.886290057,
        "min": 1544,
        "max": 649936857,
        "variance_ns2": 3518237195403941.5,
        "iqr_ns": 27680287.92235911,
        "q1_ns": 177224.25096995517,
        "q3_ns": 27857512.173329063
      },
      "futex_op_counts": {
        "128": 255
      },
      "first_seen_ts_ns": 7087580034167,
      "last_seen_ts_ns": 7088270028577
    },
    {
      "tgid": 137799,
      "comm": "runc",
      "cgroup_id": 4085,
      "wait_duration_stats_ns": {
        "count": 329.0,
        "sum": 4481120273.999999,
        "mean": 13620426.364741638,
        "median": 8018796.959051478,
        "min": 1131,
        "max": 619938447,
        "variance_ns2": 2465393820519750.0,
        "iqr_ns": 20844696.387089513,
        "q1_ns": 114044.9661308474,
        "q3_ns": 20958741.353220362
      },
      "futex_op_counts": {
        "128": 329
      },
      "first_seen_ts_ns": 7137570028852,
      "last_seen_ts_ns": 7138230130296
    },
    {
      "tgid": 137622,
      "comm": "runc",
      "cgroup_id": 4085,
      "wait_duration_stats_ns": {
        "count": 270.0,
        "sum": 4357941179.0,
        "mean": 16140522.885185186,
        "median": 7650860.73174283,
        "min": 1189,
        "max": 299967688,
        "variance_ns2": 2259821849702906.0,
        "iqr_ns": 15692956.903431127,
        "q1_ns": 125475.84365263394,
        "q3_ns": 15818432.74708376
      },
      "futex_op_counts": {
        "128": 270
      },
      "first_seen_ts_ns": 7107580028404,
      "last_seen_ts_ns": 7108180319120
    },
    {
      "tgid": 137754,
      "comm": "runc",
      "cgroup_id": 4085,
      "wait_duration_stats_ns": {
        "count": 244.0,
        "sum": 3387497611.000001,
        "mean": 13883186.930327874,
        "median": 3441749.0878766165,
        "min": 1859,
        "max": 440393842,
        "variance_ns2": 2796884031961360.0,
        "iqr_ns": 18882549.96654748,
        "q1_ns": 102049.99049525388,
        "q3_ns": 18984599.957042735
      },
      "futex_op_counts": {
        "128": 244
      },
      "first_seen_ts_ns": 7127580031566,
      "last_seen_ts_ns": 7128070522515
    },
    {
      "tgid": 137692,
      "comm": "runc",
      "cgroup_id": 4085,
      "wait_duration_stats_ns": {
        "count": 229.0,
        "sum": 2512133669.0,
        "mean": 10970016.02183406,
        "median": 754315.2426498495,
        "min": 4156,
        "max": 350524606,
        "variance_ns2": 2454118131311710.0,
        "iqr_ns": 10960313.29674741,
        "q1_ns": 97872.72140888272,
        "q3_ns": 11058186.018156294
      },
      "futex_op_counts": {
        "128": 229
      },
      "first_seen_ts_ns": 7118850013942,
      "last_seen_ts_ns": 7119280738345
    },
    {
      "tgid": 137647,
      "comm": "runc",
      "cgroup_id": 4085,
      "wait_duration_stats_ns": {
        "count": 241.0,
        "sum": 2502450673.0,
        "mean": 10383612.751037344,
        "median": 1728897.1276317053,
        "min": 2432,
        "max": 369981162,
        "variance_ns2": 1744261989899887.0,
        "iqr_ns": 6419157.419539233,
        "q1_ns": 59581.56717941698,
        "q3_ns": 6478738.98671865
      },
      "futex_op_counts": {
        "128": 241
      },
      "first_seen_ts_ns": 7108900018050,
      "last_seen_ts_ns": 7109310034834
    },
    {
      "tgid": 137669,
      "comm": "runc",
      "cgroup_id": 4085,
      "wait_duration_stats_ns": {
        "count": 236.0,
        "sum": 2020742763.0000005,
        "mean": 8562469.334745765,
        "median": 325733.31506431336,
        "min": 4101,
        "max": 327823973,
        "variance_ns2": 1196328436357226.8,
        "iqr_ns": 19712954.313711878,
        "q1_ns": 43571.809515155255,
        "q3_ns": 19756526.123227034
      },
      "futex_op_counts": {
        "128": 236
      },
      "first_seen_ts_ns": 7117545240772,
      "last_seen_ts_ns": 7117910552494
    },
    {
      "tgid": 137515,
      "comm": "runc",
      "cgroup_id": 4085,
      "wait_duration_stats_ns": {
        "count": 230.0,
        "sum": 1994671098.0,
        "mean": 8672483.034782609,
        "median": 372486.8092866873,
        "min": 4192,
        "max": 269906318,
        "variance_ns2": 1487989706172573.0,
        "iqr_ns": 3015333.5383842685,
        "q1_ns": 51686.076088916714,
        "q3_ns": 3067019.614473185
      },
      "futex_op_counts": {
        "128": 230
      },
      "first_seen_ts_ns": 7088870052256,
      "last_seen_ts_ns": 7089190011722
    },
    {
      "tgid": 137542,
      "comm": "runc",
      "cgroup_id": 4085,
      "wait_duration_stats_ns": {
        "count": 227.0,
        "sum": 1929876792.9999998,
        "mean": 8501659.881057268,
        "median": 304623.5465527491,
        "min": 4135,
        "max": 264217903,
        "variance_ns2": 1641586247960213.8,
        "iqr_ns": 3663225.9585335585,
        "q1_ns": 46040.72629855049,
        "q3_ns": 3709266.684832109
      },
      "futex_op_counts": {
        "128": 227
      },
      "first_seen_ts_ns": 7097574367667,
      "last_seen_ts_ns": 7097865373178
    },
    {
      "tgid": 137564,
      "comm": "runc",
      "cgroup_id": 4085,
      "wait_duration_stats_ns": {
        "count": 224.0,
        "sum": 1813053185.0000002,
        "mean": 8093987.4330357155,
        "median": 294148.4540604874,
        "min": 4129,
        "max": 300111854,
        "variance_ns2": 1845958415662912.2,
        "iqr_ns": 2587457.227284821,
        "q1_ns": 33632.909688992935,
        "q3_ns": 2621090.136973814
      },
      "futex_op_counts": {
        "128": 224
      },
      "first_seen_ts_ns": 7098820015182,
      "last_seen_ts_ns": 7099160024625
    },
    {
      "tgid": 137765,
      "comm": "runc:[2:INIT]",
      "cgroup_id": 5277,
      "wait_duration_stats_ns": {
        "count": 23.0,
        "sum": 1257093618.0,
        "mean": 54656244.26086956,
        "median": 26783951.17279407,
        "min": 665,
        "max": 200158914,
        "variance_ns2": 5012243381262791.0,
        "iqr_ns": 76215218.51829247,
        "q1_ns": 14747479.027777778,
        "q3_ns": 90962697.54607025
      },
      "futex_op_counts": {
        "128": 23
      },
      "first_seen_ts_ns": 7127830024737,
      "last_seen_ts_ns": 7128090041158
    },
    {
      "tgid": 137703,
      "comm": "runc:[2:INIT]",
      "cgroup_id": 5277,
      "wait_duration_stats_ns": {
        "count": 24.0,
        "sum": 1255615889.9999998,
        "mean": 52317328.74999999,
        "median": 24250582.70826771,
        "min": 2468,
        "max": 229941989,
        "variance_ns2": 5455343589441427.0,
        "iqr_ns": 60716002.58083982,
        "q1_ns": 10803287.23287537,
        "q3_ns": 71519289.81371519
      },
      "futex_op_counts": {
        "128": 24
      },
      "first_seen_ts_ns": 7119030052721,
      "last_seen_ts_ns": 7119300079358
    },
    {
      "tgid": 137574,
      "comm": "runc:[2:INIT]",
      "cgroup_id": 5277,
      "wait_duration_stats_ns": {
        "count": 24.0,
        "sum": 1108828478.0,
        "mean": 46201186.58333333,
        "median": 18621072.85278441,
        "min": 10362,
        "max": 179929491,
        "variance_ns2": 3379170169876000.0,
        "iqr_ns": 52477765.561027065,
        "q1_ns": 10864543.485462103,
        "q3_ns": 63342309.046489164
      },
      "futex_op_counts": {
        "128": 24
      },
      "first_seen_ts_ns": 7098930014150,
      "last_seen_ts_ns": 7099160024716
    },
    {
      "tgid": 137634,
      "comm": "runc:[2:INIT]",
      "cgroup_id": 5277,
      "wait_duration_stats_ns": {
        "count": 26.0,
        "sum": 1027014274.9999998,
        "mean": 39500549.03846153,
        "median": 19656784.945672795,
        "min": 8933296,
        "max": 169949017,
        "variance_ns2": 2014760547351534.5,
        "iqr_ns": 14692729.95696759,
        "q1_ns": 10806779.555833334,
        "q3_ns": 25499509.512800924
      },
      "futex_op_counts": {
        "128": 26
      },
      "first_seen_ts_ns": 7107960028050,
      "last_seen_ts_ns": 7108170056770
    },
    {
      "tgid": 137501,
      "comm": "runc:[2:INIT]",
      "cgroup_id": 5277,
      "wait_duration_stats_ns": {
        "count": 27.0,
        "sum": 1017827856.0,
        "mean": 37697328.0,
        "median": 25408469.667994022,
        "min": 2704,
        "max": 139887775,
        "variance_ns2": 1328658356804403.8,
        "iqr_ns": 37103510.97377361,
        "q1_ns": 11097277.106898772,
        "q3_ns": 48200788.08067238
      },
      "futex_op_counts": {
        "128": 27
      },
      "first_seen_ts_ns": 7088050048811,
      "last_seen_ts_ns": 7088271569724
    },
    {
      "tgid": 137810,
      "comm": "runc:[2:INIT]",
      "cgroup_id": 5277,
      "wait_duration_stats_ns": {
        "count": 23.0,
        "sum": 969152540.9999999,
        "mean": 42137066.99999999,
        "median": 16094071.144861057,
        "min": 9324,
        "max": 210119303,
        "variance_ns2": 5012176425274236.0,
        "iqr_ns": 21702025.27132879,
        "q1_ns": 337939.25297942397,
        "q3_ns": 22039964.524308212
      },
      "futex_op_counts": {
        "128": 23
      },
      "first_seen_ts_ns": 7137960155093,
      "last_seen_ts_ns": 7138220071526
    },
    {
      "tgid": 137526,
      "comm": "runc:[2:INIT]",
      "cgroup_id": 5277,
      "wait_duration_stats_ns": {
        "count": 25.0,
        "sum": 966443101.0,
        "mean": 38657724.04,
        "median": 20910813.19820139,
        "min": 17499,
        "max": 165750225,
        "variance_ns2": 2682373930996695.5,
        "iqr_ns": 23144749.274458654,
        "q1_ns": 13220307.62251646,
        "q3_ns": 36365056.896975115
      },
      "futex_op_counts": {
        "128": 25
      },
      "first_seen_ts_ns": 7088980016121,
      "last_seen_ts_ns": 7089180023978
    },
    {
      "tgid": 137789,
      "comm": "runc:[2:INIT]",
      "cgroup_id": 5277,
      "wait_duration_stats_ns": {
        "count": 21.0,
        "sum": 886550417.9999999,
        "mean": 42216686.57142857,
        "median": 22941896.53620225,
        "min": 762,
        "max": 185399669,
        "variance_ns2": 3209600787197223.0,
        "iqr_ns": 27823104.623373486,
        "q1_ns": 10439495.224640377,
        "q3_ns": 38262599.84801386
      },
      "futex_op_counts": {
        "128": 21
      },
      "first_seen_ts_ns": 7129330029471,
      "last_seen_ts_ns": 7129560035785
    },
    {
      "tgid": 137658,
      "comm": "runc:[2:INIT]",
      "cgroup_id": 5277,
      "wait_duration_stats_ns": {
        "count": 22.0,
        "sum": 843892750.0000001,
        "mean": 38358761.36363637,
        "median": 19503598.322101157,
        "min": 2340,
        "max": 179986091,
        "variance_ns2": 2716456027817847.0,
        "iqr_ns": 12348190.588308383,
        "q1_ns": 16606822.293333333,
        "q3_ns": 28955012.881641716
      },
      "futex_op_counts": {
        "128": 22
      },
      "first_seen_ts_ns": 7109070050511,
      "last_seen_ts_ns": 7109290083480
    },
    {
      "tgid": 137553,
      "comm": "runc:[2:INIT]",
      "cgroup_id": 5277,
      "wait_duration_stats_ns": {
        "count": 23.0,
        "sum": 817920625.0000002,
        "mean": 35561766.304347835,
        "median": 20890962.14858855,
        "min": 8077784,
        "max": 148163531,
        "variance_ns2": 1614318552043280.0,
        "iqr_ns": 11381423.714804634,
        "q1_ns": 14245912.67865125,
        "q3_ns": 25627336.393455885
      },
      "futex_op_counts": {
        "128": 23
      },
      "first_seen_ts_ns": 7097670029364,
      "last_seen_ts_ns": 7097880030525
    },
    {
      "tgid": 137834,
      "comm": "runc:[2:INIT]",
      "cgroup_id": 5277,
      "wait_duration_stats_ns": {
        "count": 29.0,
        "sum": 762290508.0000001,
        "mean": 26285879.5862069,
        "median": 16131590.700533867,
        "min": 12738,
        "max": 129950721,
        "variance_ns2": 1120797805572961.0,
        "iqr_ns": 12382102.37344934,
        "q1_ns": 10514821.67744388,
        "q3_ns": 22896924.05089322
      },
      "futex_op_counts": {
        "128": 29
      },
      "first_seen_ts_ns": 7139360033780,
      "last_seen_ts_ns": 7139530028467
    },
    {
      "tgid": 137937,
      "comm": "runc",
      "cgroup_id": 4085,
      "wait_duration_stats_ns": {
        "count": 395.0,
        "sum": 752454063.9999999,
        "mean": 1904946.9974683542,
        "median": 61660.39133729215,
        "min": 4720,
        "max": 127525731,
        "variance_ns2": 221659436532811.0,
        "iqr_ns": 353492.9311877896,
        "q1_ns": 13475.6490361526,
        "q3_ns": 366968.5802239422
      },
      "futex_op_counts": {
        "128": 395
      },
      "first_seen_ts_ns": 7147542280746,
      "last_seen_ts_ns": 7147672034188
    },
    {
      "tgid": 137679,
      "comm": "runc:[2:INIT]",
      "cgroup_id": 5277,
      "wait_duration_stats_ns": {
        "count": 30.0,
        "sum": 748537618.0000001,
        "mean": 24951253.933333337,
        "median": 18554600.820375677,
        "min": 3044,
        "max": 109951993,
        "variance_ns2": 813468900254150.2,
        "iqr_ns": 18572574.042731546,
        "q1_ns": 9291781.774833392,
        "q3_ns": 27864355.81756494
      },
      "futex_op_counts": {
        "128": 30
      },
      "first_seen_ts_ns": 7117777718568,
      "last_seen_ts_ns": 7117930033667
    },
    {
      "tgid": 137959,
      "comm": "runc:[2:INIT]",
      "cgroup_id": 5277,
      "wait_duration_stats_ns": {
        "count": 26.0,
        "sum": 616080144.9999999,
        "mean": 23695390.19230769,
        "median": 289474.8185915344,
        "min": 648,
        "max": 123540711,
        "variance_ns2": 2418496502030535.5,
        "iqr_ns": 23913725.55108996,
        "q1_ns": 200888.77319547193,
        "q3_ns": 24114614.324285433
      },
      "futex_op_counts": {
        "128": 26
      },
      "first_seen_ts_ns": 7147548205123,
      "last_seen_ts_ns": 7147672017439
    },
    {
      "tgid": 137634,
      "comm": "grpc-health-pro",
      "cgroup_id": 5277,
      "wait_duration_stats_ns": {
        "count": 17.0,
        "sum": 358324240.0,
        "mean": 21077896.470588237,
        "median": 16104683.93514623,
        "min": 7995,
        "max": 58863300,
        "variance_ns2": 430628249976905.5,
        "iqr_ns": 27160224.981897235,
        "q1_ns": 4061750.0666992636,
        "q3_ns": 31221975.048596498
      },
      "futex_op_counts": {
        "128": 17
      },
      "first_seen_ts_ns": 7108200034206,
      "last_seen_ts_ns": 7108260188660
    },
    {
      "tgid": 138072,
      "comm": "runc",
      "cgroup_id": 4085,
      "wait_duration_stats_ns": {
        "count": 415.0,
        "sum": 350407301.00000006,
        "mean": 844354.9421686748,
        "median": 37042.06232880446,
        "min": 3124,
        "max": 60763161,
        "variance_ns2": 43400971383128.07,
        "iqr_ns": 155478.1290866306,
        "q1_ns": 10374.241879563211,
        "q3_ns": 165852.3709661938
      },
      "futex_op_counts": {
        "128": 415
      },
      "first_seen_ts_ns": 7148798989067,
      "last_seen_ts_ns": 7148861962761
    },
    {
      "tgid": 137703,
      "comm": "grpc-health-pro",
      "cgroup_id": 5277,
      "wait_duration_stats_ns": {
        "count": 15.0,
        "sum": 311839011.00000006,
        "mean": 20789267.400000002,
        "median": 18421013.74074074,
        "min": 9961016,
        "max": 41559731,
        "variance_ns2": 139690822370306.23,
        "iqr_ns": 16553225.627121914,
        "q1_ns": 10918375.0,
        "q3_ns": 27471600.627121914
      },
      "futex_op_counts": {
        "128": 15
      },
      "first_seen_ts_ns": 7119330031081,
      "last_seen_ts_ns": 7119390234876
    },
    {
      "tgid": 138082,
      "comm": "runc:[2:INIT]",
      "cgroup_id": 5277,
      "wait_duration_stats_ns": {
        "count": 22.0,
        "sum": 281639279.0,
        "mean": 12801785.409090908,
        "median": 229606.32983539128,
        "min": 597,
        "max": 56625107,
        "variance_ns2": 565129039357298.5,
        "iqr_ns": 6166163.585476017,
        "q1_ns": 28929.05625,
        "q3_ns": 6195092.641726017
      },
      "futex_op_counts": {
        "128": 22
      },
      "first_seen_ts_ns": 7148805078565,
      "last_seen_ts_ns": 7148862012845
    },
    {
      "tgid": 137834,
      "comm": "grpc-health-pro",
      "cgroup_id": 5277,
      "wait_duration_stats_ns": {
        "count": 15.0,
        "sum": 239214221.0,
        "mean": 15947614.733333334,
        "median": 11306478.361101346,
        "min": 1278,
        "max": 39444857,
        "variance_ns2": 192675730905059.9,
        "iqr_ns": 22435192.691186704,
        "q1_ns": 849129.985,
        "q3_ns": 23284322.676186703
      },
      "futex_op_counts": {
        "128": 15
      },
      "first_seen_ts_ns": 7139560033881,
      "last_seen_ts_ns": 7139610033835
    },
    {
      "tgid": 137658,
      "comm": "grpc-health-pro",
      "cgroup_id": 5277,
      "wait_duration_stats_ns": {
        "count": 14.0,
        "sum": 237396375.0,
        "mean": 16956883.92857143,
        "median": 15922122.975625,
        "min": 8208,
        "max": 38781509,
        "variance_ns2": 162900514768531.75,
        "iqr_ns": 11032090.25944885,
        "q1_ns": 10866205.85388889,
        "q3_ns": 21898296.11333774
      },
      "futex_op_counts": {
        "128": 14
      },
      "first_seen_ts_ns": 7109312371158,
      "last_seen_ts_ns": 7109370064567
    },
    {
      "tgid": 137679,
      "comm": "grpc-health-pro",
      "cgroup_id": 5277,
      "wait_duration_stats_ns": {
        "count": 15.0,
        "sum": 203374231.0,
        "mean": 13558282.066666666,
        "median": 14113884.423996914,
        "min": 8783,
        "max": 28750530,
        "variance_ns2": 95905208010605.78,
        "iqr_ns": 11498156.123169431,
        "q1_ns": 8575758.636111112,
        "q3_ns": 20073914.759280544
      },
      "futex_op_counts": {
        "128": 15
      },
      "first_seen_ts_ns": 7117950029769,
      "last_seen_ts_ns": 7117990079656
    },
    {
      "tgid": 137765,
      "comm": "grpc-health-pro",
      "cgroup_id": 5277,
      "wait_duration_stats_ns": {
        "count": 11.0,
        "sum": 187012413.0,
        "mean": 17001128.454545453,
        "median": 18428339.320833333,
        "min": 9967299,
        "max": 39903274,
        "variance_ns2": 80158211616056.66,
        "iqr_ns": 6589916.442361111,
        "q1_ns": 13389259.55763889,
        "q3_ns": 19979176.0
      },
      "futex_op_counts": {
        "128": 11
      },
      "first_seen_ts_ns": 7128120010102,
      "last_seen_ts_ns": 7128160095452
    },
    {
      "tgid": 137810,
      "comm": "grpc-health-pro",
      "cgroup_id": 5277,
      "wait_duration_stats_ns": {
        "count": 12.0,
        "sum": 186025021.0,
        "mean": 15502085.083333332,
        "median": 15002089.557291664,
        "min": 1035,
        "max": 38728644,
        "variance_ns2": 151010069740764.8,
        "iqr_ns": 10838792.414737653,
        "q1_ns": 8231412.0,
        "q3_ns": 19070204.414737653
      },
      "futex_op_counts": {
        "128": 12
      },
      "first_seen_ts_ns": 7138240038701,
      "last_seen_ts_ns": 7138280104619
    },
    {
      "tgid": 137501,
      "comm": "grpc-health-pro",
      "cgroup_id": 5277,
      "wait_duration_stats_ns": {
        "count": 9.0,
        "sum": 185373089.0,
        "mean": 20597009.888888888,
        "median": 20791750.305555556,
        "min": 5112,
        "max": 39915452,
        "variance_ns2": 130613796725265.38,
        "iqr_ns": 9173480.152777776,
        "q1_ns": 10782460.847222224,
        "q3_ns": 19955941.0
      },
      "futex_op_counts": {
        "128": 9
      },
      "first_seen_ts_ns": 7088310058706,
      "last_seen_ts_ns": 7088350106931
    },
    {
      "tgid": 137574,
      "comm": "grpc-health-pro",
      "cgroup_id": 5277,
      "wait_duration_stats_ns": {
        "count": 10.0,
        "sum": 132492214.0,
        "mean": 13249221.4,
        "median": 16215046.68,
        "min": 1827799,
        "max": 19981953,
        "variance_ns2": 48783193244267.39,
        "iqr_ns": 11619571.46875,
        "q1_ns": 7390629.03125,
        "q3_ns": 19010200.5
      },
      "futex_op_counts": {
        "128": 10
      },
      "first_seen_ts_ns": 7099180851931,
      "last_seen_ts_ns": 7099220025896
    },
    {
      "tgid": 137553,
      "comm": "grpc-health-pro",
      "cgroup_id": 5277,
      "wait_duration_stats_ns": {
        "count": 14.0,
        "sum": 114221935.0,
        "mean": 8158709.642857143,
        "median": 10378304.854166666,
        "min": 28060,
        "max": 18781936,
        "variance_ns2": 33601526762575.79,
        "iqr_ns": 7128445.120535715,
        "q1_ns": 4620183.119047619,
        "q3_ns": 11748628.239583334
      },
      "futex_op_counts": {
        "128": 14
      },
      "first_seen_ts_ns": 7097900025589,
      "last_seen_ts_ns": 7097930027349
    },
    {
      "tgid": 137526,
      "comm": "grpc-health-pro",
      "cgroup_id": 5277,
      "wait_duration_stats_ns": {
        "count": 12.0,
        "sum": 104723878.0,
        "mean": 8726989.833333334,
        "median": 8110201.751851853,
        "min": 1552811,
        "max": 22746591,
        "variance_ns2": 37480899871757.055,
        "iqr_ns": 6779387.324652778,
        "q1_ns": 5439798.675347222,
        "q3_ns": 12219186.0
      },
      "futex_op_counts": {
        "128": 12
      },
      "first_seen_ts_ns": 7089197779151,
      "last_seen_ts_ns": 7089230012283
    },
    {
      "tgid": 137789,
      "comm": "grpc-health-pro",
      "cgroup_id": 5277,
      "wait_duration_stats_ns": {
        "count": 10.0,
        "sum": 75393404.99999999,
        "mean": 7539340.499999999,
        "median": 4392287.666666666,
        "min": 24503,
        "max": 18292315,
        "variance_ns2": 46805781263280.28,
        "iqr_ns": 11063873.185185185,
        "q1_ns": 1108537.0,
        "q3_ns": 12172410.185185185
      },
      "futex_op_counts": {
        "128": 10
      },
      "first_seen_ts_ns": 7129590025656,
      "last_seen_ts_ns": 7129610031572
    },
    {
      "tgid": 137959,
      "comm": "grpc-health-pro",
      "cgroup_id": 5277,
      "wait_duration_stats_ns": {
        "count": 35.0,
        "sum": 8919953.0,
        "mean": 254855.80000000002,
        "median": 71497.61585709204,
        "min": 529,
        "max": 1378471,
        "variance_ns2": 147847050184.81177,
        "iqr_ns": 226715.55386940428,
        "q1_ns": 37599.1018730893,
        "q3_ns": 264314.6557424936
      },
      "futex_op_counts": {
        "128": 35
      },
      "first_seen_ts_ns": 7147673715296,
      "last_seen_ts_ns": 7147676126917
    },
    {
      "tgid": 138082,
      "comm": "grpc-health-pro",
      "cgroup_id": 5277,
      "wait_duration_stats_ns": {
        "count": 35.0,
        "sum": 8159086.0,
        "mean": 233116.74285714285,
        "median": 73581.22657642173,
        "min": 539,
        "max": 1210326,
        "variance_ns2": 129090384357.31432,
        "iqr_ns": 164247.80108958387,
        "q1_ns": 21916.343507999034,
        "q3_ns": 186164.1445975829
      },
      "futex_op_counts": {
        "128": 35
      },
      "first_seen_ts_ns": 7148863666240,
      "last_seen_ts_ns": 7148865797062
    },
    {
      "tgid": 137334,
      "comm": "flux-broker-0",
      "cgroup_id": 60280,
      "wait_duration_stats_ns": {
        "count": 11.0,
        "sum": 39931.00000000001,
        "mean": 3630.09090909091,
        "median": 1696.8749999999998,
        "min": 521,
        "max": 10062,
        "variance_ns2": 11834702.890909094,
        "iqr_ns": 2981.833333333333,
        "q1_ns": 1475.6666666666667,
        "q3_ns": 4457.5
      },
      "futex_op_counts": {
        "128": 11
      },
      "first_seen_ts_ns": 7106725064879,
      "last_seen_ts_ns": 7152907474151
    },
    {
      "tgid": 137485,
      "comm": "xhpcg",
      "cgroup_id": 60280,
      "wait_duration_stats_ns": {
        "count": 1.0,
        "sum": 18723.0,
        "mean": 18723.0,
        "median": 18723.0,
        "min": 18723,
        "max": 18723,
        "variance_ns2": null,
        "iqr_ns": 0.0,
        "q1_ns": 18723.0,
        "q3_ns": 18723.0
      },
      "futex_op_counts": {
        "128": 1
      },
      "first_seen_ts_ns": 7106710015341,
      "last_seen_ts_ns": 7106710015341
    },
    {
      "tgid": 137479,
      "comm": "xhpcg",
      "cgroup_id": 60280,
      "wait_duration_stats_ns": {
        "count": 1.0,
        "sum": 9421.0,
        "mean": 9421.0,
        "median": 9421.0,
        "min": 9421,
        "max": 9421,
        "variance_ns2": null,
        "iqr_ns": 0.0,
        "q1_ns": 9421.0,
        "q3_ns": 9421.0
      },
      "futex_op_counts": {
        "128": 1
      },
      "first_seen_ts_ns": 7106709945552,
      "last_seen_ts_ns": 7106709945552
    },
    {
      "tgid": 137611,
      "comm": "xhpcg",
      "cgroup_id": 60280,
      "wait_duration_stats_ns": {
        "count": 1.0,
        "sum": 8532.0,
        "mean": 8532.0,
        "median": 8532.0,
        "min": 8532,
        "max": 8532,
        "variance_ns2": null,
        "iqr_ns": 0.0,
        "q1_ns": 8532.0,
        "q3_ns": 8532.0
      },
      "futex_op_counts": {
        "128": 1
      },
      "first_seen_ts_ns": 7126621979244,
      "last_seen_ts_ns": 7126621979244
    },
    {
      "tgid": 137458,
      "comm": "xhpcg",
      "cgroup_id": 60280,
      "wait_duration_stats_ns": {
        "count": 1.0,
        "sum": 8270.0,
        "mean": 8270.0,
        "median": 8270.0,
        "min": 8270,
        "max": 8270,
        "variance_ns2": null,
        "iqr_ns": 0.0,
        "q1_ns": 8270.0,
        "q3_ns": 8270.0
      },
      "futex_op_counts": {
        "128": 1
      },
      "first_seen_ts_ns": 7106712346576,
      "last_seen_ts_ns": 7106712346576
    },
    {
      "tgid": 137743,
      "comm": "xhpcg",
      "cgroup_id": 60280,
      "wait_duration_stats_ns": {
        "count": 1.0,
        "sum": 8227.0,
        "mean": 8227.0,
        "median": 8227.0,
        "min": 8227,
        "max": 8227,
        "variance_ns2": null,
        "iqr_ns": 0.0,
        "q1_ns": 8227.0,
        "q3_ns": 8227.0
      },
      "futex_op_counts": {
        "128": 1
      },
      "first_seen_ts_ns": 7146646609285,
      "last_seen_ts_ns": 7146646609285
    },
    {
      "tgid": 137463,
      "comm": "xhpcg",
      "cgroup_id": 60280,
      "wait_duration_stats_ns": {
        "count": 1.0,
        "sum": 7882.0,
        "mean": 7882.0,
        "median": 7882.0,
        "min": 7882,
        "max": 7882,
        "variance_ns2": null,
        "iqr_ns": 0.0,
        "q1_ns": 7882.0,
        "q3_ns": 7882.0
      },
      "futex_op_counts": {
        "128": 1
      },
      "first_seen_ts_ns": 7106710406331,
      "last_seen_ts_ns": 7106710406331
    },
    {
      "tgid": 137597,
      "comm": "xhpcg",
      "cgroup_id": 60280,
      "wait_duration_stats_ns": {
        "count": 1.0,
        "sum": 7838.0,
        "mean": 7838.0,
        "median": 7838.0,
        "min": 7838,
        "max": 7838,
        "variance_ns2": null,
        "iqr_ns": 0.0,
        "q1_ns": 7838.0,
        "q3_ns": 7838.0
      },
      "futex_op_counts": {
        "128": 1
      },
      "first_seen_ts_ns": 7126622196722,
      "last_seen_ts_ns": 7126622196722
    },
    {
      "tgid": 137594,
      "comm": "xhpcg",
      "cgroup_id": 60280,
      "wait_duration_stats_ns": {
        "count": 1.0,
        "sum": 7822.0,
        "mean": 7822.0,
        "median": 7822.0,
        "min": 7822,
        "max": 7822,
        "variance_ns2": null,
        "iqr_ns": 0.0,
        "q1_ns": 7822.0,
        "q3_ns": 7822.0
      },
      "futex_op_counts": {
        "128": 1
      },
      "first_seen_ts_ns": 7126622203641,
      "last_seen_ts_ns": 7126622203641
    },
    {
      "tgid": 137470,
      "comm": "xhpcg",
      "cgroup_id": 60280,
      "wait_duration_stats_ns": {
        "count": 1.0,
        "sum": 7715.0,
        "mean": 7715.0,
        "median": 7715.0,
        "min": 7715,
        "max": 7715,
        "variance_ns2": null,
        "iqr_ns": 0.0,
        "q1_ns": 7715.0,
        "q3_ns": 7715.0
      },
      "futex_op_counts": {
        "128": 1
      },
      "first_seen_ts_ns": 7106710545002,
      "last_seen_ts_ns": 7106710545002
    },
    {
      "tgid": 137460,
      "comm": "xhpcg",
      "cgroup_id": 60280,
      "wait_duration_stats_ns": {
        "count": 1.0,
        "sum": 7560.0,
        "mean": 7560.0,
        "median": 7560.0,
        "min": 7560,
        "max": 7560,
        "variance_ns2": null,
        "iqr_ns": 0.0,
        "q1_ns": 7560.0,
        "q3_ns": 7560.0
      },
      "futex_op_counts": {
        "128": 1
      },
      "first_seen_ts_ns": 7106710530855,
      "last_seen_ts_ns": 7106710530855
    },
    {
      "tgid": 137466,
      "comm": "xhpcg",
      "cgroup_id": 60280,
      "wait_duration_stats_ns": {
        "count": 1.0,
        "sum": 7518.0,
        "mean": 7518.0,
        "median": 7518.0,
        "min": 7518,
        "max": 7518,
        "variance_ns2": null,
        "iqr_ns": 0.0,
        "q1_ns": 7518.0,
        "q3_ns": 7518.0
      },
      "futex_op_counts": {
        "128": 1
      },
      "first_seen_ts_ns": 7106711459535,
      "last_seen_ts_ns": 7106711459535
    },
    {
      "tgid": 137724,
      "comm": "xhpcg",
      "cgroup_id": 60280,
      "wait_duration_stats_ns": {
        "count": 1.0,
        "sum": 7429.0,
        "mean": 7429.0,
        "median": 7429.0,
        "min": 7429,
        "max": 7429,
        "variance_ns2": null,
        "iqr_ns": 0.0,
        "q1_ns": 7429.0,
        "q3_ns": 7429.0
      },
      "futex_op_counts": {
        "128": 1
      },
      "first_seen_ts_ns": 7146660646454,
      "last_seen_ts_ns": 7146660646454
    },
    {
      "tgid": 137468,
      "comm": "xhpcg",
      "cgroup_id": 60280,
      "wait_duration_stats_ns": {
        "count": 1.0,
        "sum": 7426.0,
        "mean": 7426.0,
        "median": 7426.0,
        "min": 7426,
        "max": 7426,
        "variance_ns2": null,
        "iqr_ns": 0.0,
        "q1_ns": 7426.0,
        "q3_ns": 7426.0
      },
      "futex_op_counts": {
        "128": 1
      },
      "first_seen_ts_ns": 7106710022182,
      "last_seen_ts_ns": 7106710022182
    },
    {
      "tgid": 137730,
      "comm": "xhpcg",
      "cgroup_id": 60280,
      "wait_duration_stats_ns": {
        "count": 1.0,
        "sum": 7340.0,
        "mean": 7340.0,
        "median": 7340.0,
        "min": 7340,
        "max": 7340,
        "variance_ns2": null,
        "iqr_ns": 0.0,
        "q1_ns": 7340.0,
        "q3_ns": 7340.0
      },
      "futex_op_counts": {
        "128": 1
      },
      "first_seen_ts_ns": 7146660645965,
      "last_seen_ts_ns": 7146660645965
    },
    {
      "tgid": 137736,
      "comm": "xhpcg",
      "cgroup_id": 60280,
      "wait_duration_stats_ns": {
        "count": 1.0,
        "sum": 7292.0,
        "mean": 7292.0,
        "median": 7292.0,
        "min": 7292,
        "max": 7292,
        "variance_ns2": null,
        "iqr_ns": 0.0,
        "q1_ns": 7292.0,
        "q3_ns": 7292.0
      },
      "futex_op_counts": {
        "128": 1
      },
      "first_seen_ts_ns": 7146660645883,
      "last_seen_ts_ns": 7146660645883
    },
    {
      "tgid": 137459,
      "comm": "xhpcg",
      "cgroup_id": 60280,
      "wait_duration_stats_ns": {
        "count": 1.0,
        "sum": 7251.0,
        "mean": 7251.0,
        "median": 7251.0,
        "min": 7251,
        "max": 7251,
        "variance_ns2": null,
        "iqr_ns": 0.0,
        "q1_ns": 7251.0,
        "q3_ns": 7251.0
      },
      "futex_op_counts": {
        "128": 1
      },
      "first_seen_ts_ns": 7106711579068,
      "last_seen_ts_ns": 7106711579068
    },
    {
      "tgid": 137722,
      "comm": "xhpcg",
      "cgroup_id": 60280,
      "wait_duration_stats_ns": {
        "count": 1.0,
        "sum": 7241.0,
        "mean": 7241.0,
        "median": 7241.0,
        "min": 7241,
        "max": 7241,
        "variance_ns2": null,
        "iqr_ns": 0.0,
        "q1_ns": 7241.0,
        "q3_ns": 7241.0
      },
      "futex_op_counts": {
        "128": 1
      },
      "first_seen_ts_ns": 7146660655251,
      "last_seen_ts_ns": 7146660655251
    },
    {
      "tgid": 137591,
      "comm": "xhpcg",
      "cgroup_id": 60280,
      "wait_duration_stats_ns": {
        "count": 1.0,
        "sum": 7085.0,
        "mean": 7085.0,
        "median": 7085.0,
        "min": 7085,
        "max": 7085,
        "variance_ns2": null,
        "iqr_ns": 0.0,
        "q1_ns": 7085.0,
        "q3_ns": 7085.0
      },
      "futex_op_counts": {
        "128": 1
      },
      "first_seen_ts_ns": 7126622665236,
      "last_seen_ts_ns": 7126622665236
    },
    {
      "tgid": 137592,
      "comm": "xhpcg",
      "cgroup_id": 60280,
      "wait_duration_stats_ns": {
        "count": 1.0,
        "sum": 7083.0,
        "mean": 7083.0,
        "median": 7083.0,
        "min": 7083,
        "max": 7083,
        "variance_ns2": null,
        "iqr_ns": 0.0,
        "q1_ns": 7083.0,
        "q3_ns": 7083.0
      },
      "futex_op_counts": {
        "128": 1
      },
      "first_seen_ts_ns": 7126622658216,
      "last_seen_ts_ns": 7126622658216
    },
    {
      "tgid": 137747,
      "comm": "xhpcg",
      "cgroup_id": 60280,
      "wait_duration_stats_ns": {
        "count": 1.0,
        "sum": 7026.0,
        "mean": 7026.0,
        "median": 7026.0,
        "min": 7026,
        "max": 7026,
        "variance_ns2": null,
        "iqr_ns": 0.0,
        "q1_ns": 7026.0,
        "q3_ns": 7026.0
      },
      "futex_op_counts": {
        "128": 1
      },
      "first_seen_ts_ns": 7146660219618,
      "last_seen_ts_ns": 7146660219618
    },
    {
      "tgid": 137480,
      "comm": "xhpcg",
      "cgroup_id": 60280,
      "wait_duration_stats_ns": {
        "count": 1.0,
        "sum": 6983.0,
        "mean": 6983.0,
        "median": 6983.0,
        "min": 6983,
        "max": 6983,
        "variance_ns2": null,
        "iqr_ns": 0.0,
        "q1_ns": 6983.0,
        "q3_ns": 6983.0
      },
      "futex_op_counts": {
        "128": 1
      },
      "first_seen_ts_ns": 7106710374105,
      "last_seen_ts_ns": 7106710374105
    },
    {
      "tgid": 137477,
      "comm": "xhpcg",
      "cgroup_id": 60280,
      "wait_duration_stats_ns": {
        "count": 1.0,
        "sum": 6967.0,
        "mean": 6967.0,
        "median": 6967.0,
        "min": 6967,
        "max": 6967,
        "variance_ns2": null,
        "iqr_ns": 0.0,
        "q1_ns": 6967.0,
        "q3_ns": 6967.0
      },
      "futex_op_counts": {
        "128": 1
      },
      "first_seen_ts_ns": 7106711587319,
      "last_seen_ts_ns": 7106711587319
    },
    {
      "tgid": 137723,
      "comm": "xhpcg",
      "cgroup_id": 60280,
      "wait_duration_stats_ns": {
        "count": 1.0,
        "sum": 6941.0,
        "mean": 6941.0,
        "median": 6941.0,
        "min": 6941,
        "max": 6941,
        "variance_ns2": null,
        "iqr_ns": 0.0,
        "q1_ns": 6941.0,
        "q3_ns": 6941.0
      },
      "futex_op_counts": {
        "128": 1
      },
      "first_seen_ts_ns": 7146660650995,
      "last_seen_ts_ns": 7146660650995
    },
    {
      "tgid": 137461,
      "comm": "xhpcg",
      "cgroup_id": 60280,
      "wait_duration_stats_ns": {
        "count": 1.0,
        "sum": 6938.0,
        "mean": 6938.0,
        "median": 6938.0,
        "min": 6938,
        "max": 6938,
        "variance_ns2": null,
        "iqr_ns": 0.0,
        "q1_ns": 6938.0,
        "q3_ns": 6938.0
      },
      "futex_op_counts": {
        "128": 1
      },
      "first_seen_ts_ns": 7106710048918,
      "last_seen_ts_ns": 7106710048918
    },
    {
      "tgid": 137725,
      "comm": "xhpcg",
      "cgroup_id": 60280,
      "wait_duration_stats_ns": {
        "count": 1.0,
        "sum": 6924.0,
        "mean": 6924.0,
        "median": 6924.0,
        "min": 6924,
        "max": 6924,
        "variance_ns2": null,
        "iqr_ns": 0.0,
        "q1_ns": 6924.0,
        "q3_ns": 6924.0
      },
      "futex_op_counts": {
        "128": 1
      },
      "first_seen_ts_ns": 7146660646268,
      "last_seen_ts_ns": 7146660646268
    },
    {
      "tgid": 137598,
      "comm": "xhpcg",
      "cgroup_id": 60280,
      "wait_duration_stats_ns": {
        "count": 1.0,
        "sum": 6896.0,
        "mean": 6896.0,
        "median": 6896.0,
        "min": 6896,
        "max": 6896,
        "variance_ns2": null,
        "iqr_ns": 0.0,
        "q1_ns": 6896.0,
        "q3_ns": 6896.0
      },
      "futex_op_counts": {
        "128": 1
      },
      "first_seen_ts_ns": 7126622662662,
      "last_seen_ts_ns": 7126622662662
    },
    {
      "tgid": 137472,
      "comm": "xhpcg",
      "cgroup_id": 60280,
      "wait_duration_stats_ns": {
        "count": 1.0,
        "sum": 6888.0,
        "mean": 6888.0,
        "median": 6888.0,
        "min": 6888,
        "max": 6888,
        "variance_ns2": null,
        "iqr_ns": 0.0,
        "q1_ns": 6888.0,
        "q3_ns": 6888.0
      },
      "futex_op_counts": {
        "128": 1
      },
      "first_seen_ts_ns": 7106711586012,
      "last_seen_ts_ns": 7106711586012
    },
    {
      "tgid": 137602,
      "comm": "xhpcg",
      "cgroup_id": 60280,
      "wait_duration_stats_ns": {
        "count": 1.0,
        "sum": 6887.0,
        "mean": 6887.0,
        "median": 6887.0,
        "min": 6887,
        "max": 6887,
        "variance_ns2": null,
        "iqr_ns": 0.0,
        "q1_ns": 6887.0,
        "q3_ns": 6887.0
      },
      "futex_op_counts": {
        "128": 1
      },
      "first_seen_ts_ns": 7126622192166,
      "last_seen_ts_ns": 7126622192166
    },
    {
      "tgid": 137483,
      "comm": "xhpcg",
      "cgroup_id": 60280,
      "wait_duration_stats_ns": {
        "count": 1.0,
        "sum": 6880.0,
        "mean": 6880.0,
        "median": 6880.0,
        "min": 6880,
        "max": 6880,
        "variance_ns2": null,
        "iqr_ns": 0.0,
        "q1_ns": 6880.0,
        "q3_ns": 6880.0
      },
      "futex_op_counts": {
        "128": 1
      },
      "first_seen_ts_ns": 7106711590855,
      "last_seen_ts_ns": 7106711590855
    },
    {
      "tgid": 137738,
      "comm": "xhpcg",
      "cgroup_id": 60280,
      "wait_duration_stats_ns": {
        "count": 1.0,
        "sum": 6862.0,
        "mean": 6862.0,
        "median": 6862.0,
        "min": 6862,
        "max": 6862,
        "variance_ns2": null,
        "iqr_ns": 0.0,
        "q1_ns": 6862.0,
        "q3_ns": 6862.0
      },
      "futex_op_counts": {
        "128": 1
      },
      "first_seen_ts_ns": 7146660263820,
      "last_seen_ts_ns": 7146660263820
    },
    {
      "tgid": 137615,
      "comm": "xhpcg",
      "cgroup_id": 60280,
      "wait_duration_stats_ns": {
        "count": 1.0,
        "sum": 6845.0,
        "mean": 6845.0,
        "median": 6845.0,
        "min": 6845,
        "max": 6845,
        "variance_ns2": null,
        "iqr_ns": 0.0,
        "q1_ns": 6845.0,
        "q3_ns": 6845.0
      },
      "futex_op_counts": {
        "128": 1
      },
      "first_seen_ts_ns": 7126622657838,
      "last_seen_ts_ns": 7126622657838
    },
    {
      "tgid": 137740,
      "comm": "xhpcg",
      "cgroup_id": 60280,
      "wait_duration_stats_ns": {
        "count": 1.0,
        "sum": 6826.0,
        "mean": 6826.0,
        "median": 6826.0,
        "min": 6826,
        "max": 6826,
        "variance_ns2": null,
        "iqr_ns": 0.0,
        "q1_ns": 6826.0,
        "q3_ns": 6826.0
      },
      "futex_op_counts": {
        "128": 1
      },
      "first_seen_ts_ns": 7146660239089,
      "last_seen_ts_ns": 7146660239089
    },
    {
      "tgid": 137613,
      "comm": "xhpcg",
      "cgroup_id": 60280,
      "wait_duration_stats_ns": {
        "count": 1.0,
        "sum": 6815.0,
        "mean": 6815.0,
        "median": 6815.0,
        "min": 6815,
        "max": 6815,
        "variance_ns2": null,
        "iqr_ns": 0.0,
        "q1_ns": 6815.0,
        "q3_ns": 6815.0
      },
      "futex_op_counts": {
        "128": 1
      },
      "first_seen_ts_ns": 7126622358608,
      "last_seen_ts_ns": 7126622358608
    },
    {
      "tgid": 137590,
      "comm": "xhpcg",
      "cgroup_id": 60280,
      "wait_duration_stats_ns": {
        "count": 1.0,
        "sum": 6814.0,
        "mean": 6814.0,
        "median": 6814.0,
        "min": 6814,
        "max": 6814,
        "variance_ns2": null,
        "iqr_ns": 0.0,
        "q1_ns": 6814.0,
        "q3_ns": 6814.0
      },
      "futex_op_counts": {
        "128": 1
      },
      "first_seen_ts_ns": 7126622678927,
      "last_seen_ts_ns": 7126622678927
    },
    {
      "tgid": 137745,
      "comm": "xhpcg",
      "cgroup_id": 60280,
      "wait_duration_stats_ns": {
        "count": 1.0,
        "sum": 6812.0,
        "mean": 6812.0,
        "median": 6812.0,
        "min": 6812,
        "max": 6812,
        "variance_ns2": null,
        "iqr_ns": 0.0,
        "q1_ns": 6812.0,
        "q3_ns": 6812.0
      },
      "futex_op_counts": {
        "128": 1
      },
      "first_seen_ts_ns": 7146660645941,
      "last_seen_ts_ns": 7146660645941
    },
    {
      "tgid": 137734,
      "comm": "xhpcg",
      "cgroup_id": 60280,
      "wait_duration_stats_ns": {
        "count": 1.0,
        "sum": 6758.0,
        "mean": 6758.0,
        "median": 6758.0,
        "min": 6758,
        "max": 6758,
        "variance_ns2": null,
        "iqr_ns": 0.0,
        "q1_ns": 6758.0,
        "q3_ns": 6758.0
      },
      "futex_op_counts": {
        "128": 1
      },
      "first_seen_ts_ns": 7146660645458,
      "last_seen_ts_ns": 7146660645458
    },
    {
      "tgid": 137749,
      "comm": "xhpcg",
      "cgroup_id": 60280,
      "wait_duration_stats_ns": {
        "count": 1.0,
        "sum": 6748.0,
        "mean": 6748.0,
        "median": 6748.0,
        "min": 6748,
        "max": 6748,
        "variance_ns2": null,
        "iqr_ns": 0.0,
        "q1_ns": 6748.0,
        "q3_ns": 6748.0
      },
      "futex_op_counts": {
        "128": 1
      },
      "first_seen_ts_ns": 7146660644057,
      "last_seen_ts_ns": 7146660644057
    },
    {
      "tgid": 137475,
      "comm": "xhpcg",
      "cgroup_id": 60280,
      "wait_duration_stats_ns": {
        "count": 1.0,
        "sum": 6720.0,
        "mean": 6720.0,
        "median": 6720.0,
        "min": 6720,
        "max": 6720,
        "variance_ns2": null,
        "iqr_ns": 0.0,
        "q1_ns": 6720.0,
        "q3_ns": 6720.0
      },
      "futex_op_counts": {
        "128": 1
      },
      "first_seen_ts_ns": 7106711582675,
      "last_seen_ts_ns": 7106711582675
    },
    {
      "tgid": 137593,
      "comm": "xhpcg",
      "cgroup_id": 60280,
      "wait_duration_stats_ns": {
        "count": 1.0,
        "sum": 6720.0,
        "mean": 6720.0,
        "median": 6720.0,
        "min": 6720,
        "max": 6720,
        "variance_ns2": null,
        "iqr_ns": 0.0,
        "q1_ns": 6720.0,
        "q3_ns": 6720.0
      },
      "futex_op_counts": {
        "128": 1
      },
      "first_seen_ts_ns": 7126622664736,
      "last_seen_ts_ns": 7126622664736
    },
    {
      "tgid": 137617,
      "comm": "xhpcg",
      "cgroup_id": 60280,
      "wait_duration_stats_ns": {
        "count": 1.0,
        "sum": 6706.0,
        "mean": 6706.0,
        "median": 6706.0,
        "min": 6706,
        "max": 6706,
        "variance_ns2": null,
        "iqr_ns": 0.0,
        "q1_ns": 6706.0,
        "q3_ns": 6706.0
      },
      "futex_op_counts": {
        "128": 1
      },
      "first_seen_ts_ns": 7126622283916,
      "last_seen_ts_ns": 7126622283916
    },
    {
      "tgid": 137726,
      "comm": "xhpcg",
      "cgroup_id": 60280,
      "wait_duration_stats_ns": {
        "count": 1.0,
        "sum": 6691.0,
        "mean": 6691.0,
        "median": 6691.0,
        "min": 6691,
        "max": 6691,
        "variance_ns2": null,
        "iqr_ns": 0.0,
        "q1_ns": 6691.0,
        "q3_ns": 6691.0
      },
      "futex_op_counts": {
        "128": 1
      },
      "first_seen_ts_ns": 7146660381690,
      "last_seen_ts_ns": 7146660381690
    },
    {
      "tgid": 137608,
      "comm": "xhpcg",
      "cgroup_id": 60280,
      "wait_duration_stats_ns": {
        "count": 1.0,
        "sum": 6651.0,
        "mean": 6651.0,
        "median": 6651.0,
        "min": 6651,
        "max": 6651,
        "variance_ns2": null,
        "iqr_ns": 0.0,
        "q1_ns": 6651.0,
        "q3_ns": 6651.0
      },
      "futex_op_counts": {
        "128": 1
      },
      "first_seen_ts_ns": 7126622651240,
      "last_seen_ts_ns": 7126622651240
    },
    {
      "tgid": 137600,
      "comm": "xhpcg",
      "cgroup_id": 60280,
      "wait_duration_stats_ns": {
        "count": 1.0,
        "sum": 6610.0,
        "mean": 6610.0,
        "median": 6610.0,
        "min": 6610,
        "max": 6610,
        "variance_ns2": null,
        "iqr_ns": 0.0,
        "q1_ns": 6610.0,
        "q3_ns": 6610.0
      },
      "futex_op_counts": {
        "128": 1
      },
      "first_seen_ts_ns": 7126622653465,
      "last_seen_ts_ns": 7126622653465
    },
    {
      "tgid": 137462,
      "comm": "xhpcg",
      "cgroup_id": 60280,
      "wait_duration_stats_ns": {
        "count": 1.0,
        "sum": 6603.0,
        "mean": 6603.0,
        "median": 6603.0,
        "min": 6603,
        "max": 6603,
        "variance_ns2": null,
        "iqr_ns": 0.0,
        "q1_ns": 6603.0,
        "q3_ns": 6603.0
      },
      "futex_op_counts": {
        "128": 1
      },
      "first_seen_ts_ns": 7106711583138,
      "last_seen_ts_ns": 7106711583138
    },
    {
      "tgid": 137606,
      "comm": "xhpcg",
      "cgroup_id": 60280,
      "wait_duration_stats_ns": {
        "count": 1.0,
        "sum": 6542.0,
        "mean": 6542.0,
        "median": 6542.0,
        "min": 6542,
        "max": 6542,
        "variance_ns2": null,
        "iqr_ns": 0.0,
        "q1_ns": 6542.0,
        "q3_ns": 6542.0
      },
      "futex_op_counts": {
        "128": 1
      },
      "first_seen_ts_ns": 7126622344636,
      "last_seen_ts_ns": 7126622344636
    },
    {
      "tgid": 137604,
      "comm": "xhpcg",
      "cgroup_id": 60280,
      "wait_duration_stats_ns": {
        "count": 1.0,
        "sum": 6417.0,
        "mean": 6417.0,
        "median": 6417.0,
        "min": 6417,
        "max": 6417,
        "variance_ns2": null,
        "iqr_ns": 0.0,
        "q1_ns": 6417.0,
        "q3_ns": 6417.0
      },
      "futex_op_counts": {
        "128": 1
      },
      "first_seen_ts_ns": 7126622660165,
      "last_seen_ts_ns": 7126622660165
    },
    {
      "tgid": 137728,
      "comm": "xhpcg",
      "cgroup_id": 60280,
      "wait_duration_stats_ns": {
        "count": 1.0,
        "sum": 6387.0,
        "mean": 6387.0,
        "median": 6387.0,
        "min": 6387,
        "max": 6387,
        "variance_ns2": null,
        "iqr_ns": 0.0,
        "q1_ns": 6387.0,
        "q3_ns": 6387.0
      },
      "futex_op_counts": {
        "128": 1
      },
      "first_seen_ts_ns": 7146660654711,
      "last_seen_ts_ns": 7146660654711
    },
    {
      "tgid": 137732,
      "comm": "xhpcg",
      "cgroup_id": 60280,
      "wait_duration_stats_ns": {
        "count": 1.0,
        "sum": 6048.0,
        "mean": 6048.0,
        "median": 6048.0,
        "min": 6048,
        "max": 6048,
        "variance_ns2": null,
        "iqr_ns": 0.0,
        "q1_ns": 6048.0,
        "q3_ns": 6048.0
      },
      "futex_op_counts": {
        "128": 1
      },
      "first_seen_ts_ns": 7146660647711,
      "last_seen_ts_ns": 7146660647711
    }
  ]
}
[05:30:37] Cleanup complete.
