

32 32 32
15
chmod: cannot access './wait-fs': No such file or directory
mv: cannot stat './wait-fs': No such file or directory
ln: failed to create symbolic link '/mnt/flux/view/lib/python': File exists
ln: failed to create symbolic link '/mnt/flux/view/lib/python3': File exists
#!/bin/bash
set -euo pipefail
flux resource list
echo "The parent process ID is: $PPID"          
echo "The execution parent process ID is: $$"         
CGROUP_PATH_LINE=$(cat "/proc/$$/cgroup")
echo 
CGROUP_V2_PATH=${CGROUP_PATH_LINE:3}
ACTUAL_CGROUP_DIR="/sys/fs/cgroup${CGROUP_V2_PATH}"
TARGET_CGROUP_ID=$(stat -c '%i' $ACTUAL_CGROUP_DIR)
echo "The cgroup id is $TARGET_CGROUP_ID"
echo -n $TARGET_CGROUP_ID > /mnt/flux/cgroup-id.txt
sleep 5
flux exec -r all touch /mnt/flux/start_ebpf_collection
for i in {1..3}
do
  echo "FLUX-RUN START hpcg-iter-$i"
  flux run --setattr=user.study_id=hpcg-iter-$i -N1 -n 8 -o cpu-affinity=per-task -o gpu-affinity=off     /opt/hpcg/xhpcg
  
   echo "FLUX-RUN END hpcg-iter-$i"
done

  echo "FLUX-RESULTS START"
  cat hpcg*.txt
  echo "HPCG-BENCHMARKS"
  cat HPCG-Benchmark*.txt
  echo "FLUX-RESULTS END"

output=./results/${app}
(apt-get update > /dev/null 2>&1 && apt-get install -y jq > /dev/null 2>&1) || (yum update -y > /dev/null 2>&1 && yum install -y jq > /dev/null 2>&1)
mkdir -p $output
for jobid in $(flux jobs -a --json | jq -r .jobs[].id); do
    echo
    study_id=$(flux job info $jobid jobspec | jq -r ".attributes.user.study_id")
    echo "FLUX-JOB START ${jobid} ${study_id}"
    echo "FLUX-JOB-JOBSPEC START"
    flux job info $jobid jobspec
    echo "FLUX-JOB-JOBSPEC END" 
    
    echo "FLUX-JOB-RESOURCES START"
    flux job info ${jobid} R
    echo "FLUX-JOB-RESOURCES END"
    echo "FLUX-JOB-EVENTLOG START" 
    flux job info $jobid guest.exec.eventlog
    echo "FLUX-JOB-EVENTLOG END" 
    echo "FLUX-JOB END ${jobid} ${study_id}"
done
echo "FLUX JOB STATS"
flux job stats 

     STATE NNODES   NCORES    NGPUS NODELIST
      free      1        8        0 hpcg-0
 allocated      0        0        0 
      down      0        0        0 
The parent process ID is: 119
The execution parent process ID is: 213

The cgroup id is 44754
FLUX-RUN START hpcg-iter-1
FLUX-RUN END hpcg-iter-1
FLUX-RUN START hpcg-iter-2
FLUX-RUN END hpcg-iter-2
FLUX-RUN START hpcg-iter-3
FLUX-RUN END hpcg-iter-3
FLUX-RESULTS START
WARNING: PERFORMING UNPRECONDITIONED ITERATIONS
Call [0] Number of Iterations [11] Scaled Residual [3.03208e-14]
WARNING: PERFORMING UNPRECONDITIONED ITERATIONS
Call [1] Number of Iterations [11] Scaled Residual [3.03208e-14]
Call [0] Number of Iterations [2] Scaled Residual [4.96573e-17]
Call [1] Number of Iterations [2] Scaled Residual [4.96573e-17]
Departure from symmetry (scaled) for SpMV abs(x'*A*y - y'*A*x) = 6.70672e-08
Departure from symmetry (scaled) for MG abs(x'*Minv*y - y'*Minv*x) = 1.34134e-08
SpMV call [0] Residual [0]
SpMV call [1] Residual [0]
Call [0] Scaled Residual [1.81918e-10]
Call [1] Scaled Residual [1.81918e-10]
Call [2] Scaled Residual [1.81918e-10]
Call [3] Scaled Residual [1.81918e-10]
Call [4] Scaled Residual [1.81918e-10]
Call [5] Scaled Residual [1.81918e-10]
Call [6] Scaled Residual [1.81918e-10]
Call [7] Scaled Residual [1.81918e-10]
Call [8] Scaled Residual [1.81918e-10]
Call [9] Scaled Residual [1.81918e-10]
Call [10] Scaled Residual [1.81918e-10]
Call [11] Scaled Residual [1.81918e-10]
WARNING: PERFORMING UNPRECONDITIONED ITERATIONS
Call [0] Number of Iterations [11] Scaled Residual [3.03208e-14]
WARNING: PERFORMING UNPRECONDITIONED ITERATIONS
Call [1] Number of Iterations [11] Scaled Residual [3.03208e-14]
Call [0] Number of Iterations [2] Scaled Residual [4.96573e-17]
Call [1] Number of Iterations [2] Scaled Residual [4.96573e-17]
Departure from symmetry (scaled) for SpMV abs(x'*A*y - y'*A*x) = 6.70672e-08
Departure from symmetry (scaled) for MG abs(x'*Minv*y - y'*Minv*x) = 1.34134e-08
SpMV call [0] Residual [0]
SpMV call [1] Residual [0]
Call [0] Scaled Residual [1.81918e-10]
Call [1] Scaled Residual [1.81918e-10]
Call [2] Scaled Residual [1.81918e-10]
Call [3] Scaled Residual [1.81918e-10]
Call [4] Scaled Residual [1.81918e-10]
Call [5] Scaled Residual [1.81918e-10]
WARNING: PERFORMING UNPRECONDITIONED ITERATIONS
Call [0] Number of Iterations [11] Scaled Residual [3.03208e-14]
WARNING: PERFORMING UNPRECONDITIONED ITERATIONS
Call [1] Number of Iterations [11] Scaled Residual [3.03208e-14]
Call [0] Number of Iterations [2] Scaled Residual [4.96573e-17]
Call [1] Number of Iterations [2] Scaled Residual [4.96573e-17]
Departure from symmetry (scaled) for SpMV abs(x'*A*y - y'*A*x) = 6.70672e-08
Departure from symmetry (scaled) for MG abs(x'*Minv*y - y'*Minv*x) = 1.34134e-08
SpMV call [0] Residual [0]
SpMV call [1] Residual [0]
Call [0] Scaled Residual [1.81918e-10]
Call [1] Scaled Residual [1.81918e-10]
Call [2] Scaled Residual [1.81918e-10]
Call [3] Scaled Residual [1.81918e-10]
Call [4] Scaled Residual [1.81918e-10]
Call [5] Scaled Residual [1.81918e-10]
Call [6] Scaled Residual [1.81918e-10]
Call [7] Scaled Residual [1.81918e-10]
Call [8] Scaled Residual [1.81918e-10]
Call [9] Scaled Residual [1.81918e-10]
Call [10] Scaled Residual [1.81918e-10]
Call [11] Scaled Residual [1.81918e-10]
HPCG-BENCHMARKS
HPCG-Benchmark
version=3.1
Release date=March 28, 2019
Machine Summary=
Machine Summary::Distributed Processes=8
Machine Summary::Threads per processes=2
Global Problem Dimensions=
Global Problem Dimensions::Global nx=64
Global Problem Dimensions::Global ny=64
Global Problem Dimensions::Global nz=64
Processor Dimensions=
Processor Dimensions::npx=2
Processor Dimensions::npy=2
Processor Dimensions::npz=2
Local Domain Dimensions=
Local Domain Dimensions::nx=32
Local Domain Dimensions::ny=32
Local Domain Dimensions::Lower ipz=0
Local Domain Dimensions::Upper ipz=1
Local Domain Dimensions::nz=32
########## Problem Summary  ##########=
Setup Information=
Setup Information::Setup Time=0.278411
Linear System Information=
Linear System Information::Number of Equations=262144
Linear System Information::Number of Nonzero Terms=6859000
Multigrid Information=
Multigrid Information::Number of coarse grid levels=3
Multigrid Information::Coarse Grids=
Multigrid Information::Coarse Grids::Grid Level=1
Multigrid Information::Coarse Grids::Number of Equations=32768
Multigrid Information::Coarse Grids::Number of Nonzero Terms=830584
Multigrid Information::Coarse Grids::Number of Presmoother Steps=1
Multigrid Information::Coarse Grids::Number of Postsmoother Steps=1
Multigrid Information::Coarse Grids::Grid Level=2
Multigrid Information::Coarse Grids::Number of Equations=4096
Multigrid Information::Coarse Grids::Number of Nonzero Terms=97336
Multigrid Information::Coarse Grids::Number of Presmoother Steps=1
Multigrid Information::Coarse Grids::Number of Postsmoother Steps=1
Multigrid Information::Coarse Grids::Grid Level=3
Multigrid Information::Coarse Grids::Number of Equations=512
Multigrid Information::Coarse Grids::Number of Nonzero Terms=10648
Multigrid Information::Coarse Grids::Number of Presmoother Steps=1
Multigrid Information::Coarse Grids::Number of Postsmoother Steps=1
########## Memory Use Summary  ##########=
Memory Use Information=
Memory Use Information::Total memory used for data (Gbytes)=0.187912
Memory Use Information::Memory used for OptimizeProblem data (Gbytes)=0
Memory Use Information::Bytes per equation (Total memory / Number of Equations)=716.829
Memory Use Information::Memory used for linear system and CG (Gbytes)=0.165294
Memory Use Information::Coarse Grids=
Memory Use Information::Coarse Grids::Grid Level=1
Memory Use Information::Coarse Grids::Memory used=0.0198085
Memory Use Information::Coarse Grids::Grid Level=2
Memory Use Information::Coarse Grids::Memory used=0.00249264
Memory Use Information::Coarse Grids::Grid Level=3
Memory Use Information::Coarse Grids::Memory used=0.000316812
########## V&V Testing Summary  ##########=
Spectral Convergence Tests=
Spectral Convergence Tests::Result=PASSED
Spectral Convergence Tests::Unpreconditioned=
Spectral Convergence Tests::Unpreconditioned::Maximum iteration count=11
Spectral Convergence Tests::Unpreconditioned::Expected iteration count=12
Spectral Convergence Tests::Preconditioned=
Spectral Convergence Tests::Preconditioned::Maximum iteration count=2
Spectral Convergence Tests::Preconditioned::Expected iteration count=2
Departure from Symmetry |x'Ay-y'Ax|/(2*||x||*||A||*||y||)/epsilon=
Departure from Symmetry |x'Ay-y'Ax|/(2*||x||*||A||*||y||)/epsilon::Result=PASSED
Departure from Symmetry |x'Ay-y'Ax|/(2*||x||*||A||*||y||)/epsilon::Departure for SpMV=6.70672e-08
Departure from Symmetry |x'Ay-y'Ax|/(2*||x||*||A||*||y||)/epsilon::Departure for MG=1.34134e-08
########## Iterations Summary  ##########=
Iteration Count Information=
Iteration Count Information::Result=PASSED
Iteration Count Information::Reference CG iterations per set=50
Iteration Count Information::Optimized CG iterations per set=50
Iteration Count Information::Total number of reference iterations=600
Iteration Count Information::Total number of optimized iterations=600
########## Reproducibility Summary  ##########=
Reproducibility Information=
Reproducibility Information::Result=PASSED
Reproducibility Information::Scaled residual mean=1.81918e-10
Reproducibility Information::Scaled residual variance=0
########## Performance Summary (times in sec) ##########=
Benchmark Time Summary=
Benchmark Time Summary::Optimization phase=1.85e-07
Benchmark Time Summary::DDOT=1.61946
Benchmark Time Summary::WAXPBY=0.30577
Benchmark Time Summary::SpMV=1.75113
Benchmark Time Summary::MG=15.1168
Benchmark Time Summary::Total=18.795
Floating Point Operations Summary=
Floating Point Operations Summary::Raw DDOT=9.5001e+08
Floating Point Operations Summary::Raw WAXPBY=9.5001e+08
Floating Point Operations Summary::Raw SpMV=8.39542e+09
Floating Point Operations Summary::Raw MG=4.67471e+10
Floating Point Operations Summary::Total=5.70425e+10
Floating Point Operations Summary::Total with convergence overhead=5.70425e+10
GB/s Summary=
GB/s Summary::Raw Read B/W=18.7096
GB/s Summary::Raw Write B/W=4.32432
GB/s Summary::Raw Total B/W=23.0339
GB/s Summary::Total with convergence and optimization phase overhead=22.6316
GFLOP/s Summary=
GFLOP/s Summary::Raw DDOT=0.586621
GFLOP/s Summary::Raw WAXPBY=3.10694
GFLOP/s Summary::Raw SpMV=4.79429
GFLOP/s Summary::Raw MG=3.0924
GFLOP/s Summary::Raw Total=3.03498
GFLOP/s Summary::Total with convergence overhead=3.03498
GFLOP/s Summary::Total with convergence and optimization phase overhead=2.98198
User Optimization Overheads=
User Optimization Overheads::Optimization phase time (sec)=1.85e-07
User Optimization Overheads::Optimization phase time vs reference SpMV+MG time=7.52254e-06
DDOT Timing Variations=
DDOT Timing Variations::Min DDOT MPI_Allreduce time=1.30125
DDOT Timing Variations::Max DDOT MPI_Allreduce time=1.65871
DDOT Timing Variations::Avg DDOT MPI_Allreduce time=1.48302
Final Summary=
Final Summary::HPCG result is VALID with a GFLOP/s rating of=2.98198
Final Summary::HPCG 2.4 rating for historical reasons is=3.03498
Final Summary::Reference version of ComputeDotProduct used=Performance results are most likely suboptimal
Final Summary::Reference version of ComputeSPMV used=Performance results are most likely suboptimal
Final Summary::Reference version of ComputeMG used and number of threads greater than 1=Performance results are severely suboptimal
Final Summary::Reference version of ComputeWAXPBY used=Performance results are most likely suboptimal
Final Summary::Results are valid but execution time (sec) is=18.795
Final Summary::Official results execution time (sec) must be at least=1800
HPCG-Benchmark
version=3.1
Release date=March 28, 2019
Machine Summary=
Machine Summary::Distributed Processes=8
Machine Summary::Threads per processes=2
Global Problem Dimensions=
Global Problem Dimensions::Global nx=64
Global Problem Dimensions::Global ny=64
Global Problem Dimensions::Global nz=64
Processor Dimensions=
Processor Dimensions::npx=2
Processor Dimensions::npy=2
Processor Dimensions::npz=2
Local Domain Dimensions=
Local Domain Dimensions::nx=32
Local Domain Dimensions::ny=32
Local Domain Dimensions::Lower ipz=0
Local Domain Dimensions::Upper ipz=1
Local Domain Dimensions::nz=32
########## Problem Summary  ##########=
Setup Information=
Setup Information::Setup Time=0.280582
Linear System Information=
Linear System Information::Number of Equations=262144
Linear System Information::Number of Nonzero Terms=6859000
Multigrid Information=
Multigrid Information::Number of coarse grid levels=3
Multigrid Information::Coarse Grids=
Multigrid Information::Coarse Grids::Grid Level=1
Multigrid Information::Coarse Grids::Number of Equations=32768
Multigrid Information::Coarse Grids::Number of Nonzero Terms=830584
Multigrid Information::Coarse Grids::Number of Presmoother Steps=1
Multigrid Information::Coarse Grids::Number of Postsmoother Steps=1
Multigrid Information::Coarse Grids::Grid Level=2
Multigrid Information::Coarse Grids::Number of Equations=4096
Multigrid Information::Coarse Grids::Number of Nonzero Terms=97336
Multigrid Information::Coarse Grids::Number of Presmoother Steps=1
Multigrid Information::Coarse Grids::Number of Postsmoother Steps=1
Multigrid Information::Coarse Grids::Grid Level=3
Multigrid Information::Coarse Grids::Number of Equations=512
Multigrid Information::Coarse Grids::Number of Nonzero Terms=10648
Multigrid Information::Coarse Grids::Number of Presmoother Steps=1
Multigrid Information::Coarse Grids::Number of Postsmoother Steps=1
########## Memory Use Summary  ##########=
Memory Use Information=
Memory Use Information::Total memory used for data (Gbytes)=0.187912
Memory Use Information::Memory used for OptimizeProblem data (Gbytes)=0
Memory Use Information::Bytes per equation (Total memory / Number of Equations)=716.829
Memory Use Information::Memory used for linear system and CG (Gbytes)=0.165294
Memory Use Information::Coarse Grids=
Memory Use Information::Coarse Grids::Grid Level=1
Memory Use Information::Coarse Grids::Memory used=0.0198085
Memory Use Information::Coarse Grids::Grid Level=2
Memory Use Information::Coarse Grids::Memory used=0.00249264
Memory Use Information::Coarse Grids::Grid Level=3
Memory Use Information::Coarse Grids::Memory used=0.000316812
########## V&V Testing Summary  ##########=
Spectral Convergence Tests=
Spectral Convergence Tests::Result=PASSED
Spectral Convergence Tests::Unpreconditioned=
Spectral Convergence Tests::Unpreconditioned::Maximum iteration count=11
Spectral Convergence Tests::Unpreconditioned::Expected iteration count=12
Spectral Convergence Tests::Preconditioned=
Spectral Convergence Tests::Preconditioned::Maximum iteration count=2
Spectral Convergence Tests::Preconditioned::Expected iteration count=2
Departure from Symmetry |x'Ay-y'Ax|/(2*||x||*||A||*||y||)/epsilon=
Departure from Symmetry |x'Ay-y'Ax|/(2*||x||*||A||*||y||)/epsilon::Result=PASSED
Departure from Symmetry |x'Ay-y'Ax|/(2*||x||*||A||*||y||)/epsilon::Departure for SpMV=6.70672e-08
Departure from Symmetry |x'Ay-y'Ax|/(2*||x||*||A||*||y||)/epsilon::Departure for MG=1.34134e-08
########## Iterations Summary  ##########=
Iteration Count Information=
Iteration Count Information::Result=PASSED
Iteration Count Information::Reference CG iterations per set=50
Iteration Count Information::Optimized CG iterations per set=50
Iteration Count Information::Total number of reference iterations=300
Iteration Count Information::Total number of optimized iterations=300
########## Reproducibility Summary  ##########=
Reproducibility Information=
Reproducibility Information::Result=PASSED
Reproducibility Information::Scaled residual mean=1.81918e-10
Reproducibility Information::Scaled residual variance=0
########## Performance Summary (times in sec) ##########=
Benchmark Time Summary=
Benchmark Time Summary::Optimization phase=1.15e-07
Benchmark Time Summary::DDOT=0.39895
Benchmark Time Summary::WAXPBY=0.0742991
Benchmark Time Summary::SpMV=0.761646
Benchmark Time Summary::MG=7.13064
Benchmark Time Summary::Total=8.36651
Floating Point Operations Summary=
Floating Point Operations Summary::Raw DDOT=4.75005e+08
Floating Point Operations Summary::Raw WAXPBY=4.75005e+08
Floating Point Operations Summary::Raw SpMV=4.19771e+09
Floating Point Operations Summary::Raw MG=2.33735e+10
Floating Point Operations Summary::Total=2.85213e+10
Floating Point Operations Summary::Total with convergence overhead=2.85213e+10
GB/s Summary=
GB/s Summary::Raw Read B/W=21.0152
GB/s Summary::Raw Write B/W=4.8572
GB/s Summary::Raw Total B/W=25.8724
GB/s Summary::Total with convergence and optimization phase overhead=25.362
GFLOP/s Summary=
GFLOP/s Summary::Raw DDOT=1.19064
GFLOP/s Summary::Raw WAXPBY=6.39315
GFLOP/s Summary::Raw SpMV=5.51137
GFLOP/s Summary::Raw MG=3.2779
GFLOP/s Summary::Raw Total=3.40898
GFLOP/s Summary::Total with convergence overhead=3.40898
GFLOP/s Summary::Total with convergence and optimization phase overhead=3.34174
User Optimization Overheads=
User Optimization Overheads::Optimization phase time (sec)=1.15e-07
User Optimization Overheads::Optimization phase time vs reference SpMV+MG time=4.66878e-06
DDOT Timing Variations=
DDOT Timing Variations::Min DDOT MPI_Allreduce time=0.249564
DDOT Timing Variations::Max DDOT MPI_Allreduce time=0.345794
DDOT Timing Variations::Avg DDOT MPI_Allreduce time=0.306768
Final Summary=
Final Summary::HPCG result is VALID with a GFLOP/s rating of=3.34174
Final Summary::HPCG 2.4 rating for historical reasons is=3.40898
Final Summary::Reference version of ComputeDotProduct used=Performance results are most likely suboptimal
Final Summary::Reference version of ComputeSPMV used=Performance results are most likely suboptimal
Final Summary::Reference version of ComputeMG used and number of threads greater than 1=Performance results are severely suboptimal
Final Summary::Reference version of ComputeWAXPBY used=Performance results are most likely suboptimal
Final Summary::Results are valid but execution time (sec) is=8.36651
Final Summary::Official results execution time (sec) must be at least=1800
HPCG-Benchmark
version=3.1
Release date=March 28, 2019
Machine Summary=
Machine Summary::Distributed Processes=8
Machine Summary::Threads per processes=2
Global Problem Dimensions=
Global Problem Dimensions::Global nx=64
Global Problem Dimensions::Global ny=64
Global Problem Dimensions::Global nz=64
Processor Dimensions=
Processor Dimensions::npx=2
Processor Dimensions::npy=2
Processor Dimensions::npz=2
Local Domain Dimensions=
Local Domain Dimensions::nx=32
Local Domain Dimensions::ny=32
Local Domain Dimensions::Lower ipz=0
Local Domain Dimensions::Upper ipz=1
Local Domain Dimensions::nz=32
########## Problem Summary  ##########=
Setup Information=
Setup Information::Setup Time=0.280618
Linear System Information=
Linear System Information::Number of Equations=262144
Linear System Information::Number of Nonzero Terms=6859000
Multigrid Information=
Multigrid Information::Number of coarse grid levels=3
Multigrid Information::Coarse Grids=
Multigrid Information::Coarse Grids::Grid Level=1
Multigrid Information::Coarse Grids::Number of Equations=32768
Multigrid Information::Coarse Grids::Number of Nonzero Terms=830584
Multigrid Information::Coarse Grids::Number of Presmoother Steps=1
Multigrid Information::Coarse Grids::Number of Postsmoother Steps=1
Multigrid Information::Coarse Grids::Grid Level=2
Multigrid Information::Coarse Grids::Number of Equations=4096
Multigrid Information::Coarse Grids::Number of Nonzero Terms=97336
Multigrid Information::Coarse Grids::Number of Presmoother Steps=1
Multigrid Information::Coarse Grids::Number of Postsmoother Steps=1
Multigrid Information::Coarse Grids::Grid Level=3
Multigrid Information::Coarse Grids::Number of Equations=512
Multigrid Information::Coarse Grids::Number of Nonzero Terms=10648
Multigrid Information::Coarse Grids::Number of Presmoother Steps=1
Multigrid Information::Coarse Grids::Number of Postsmoother Steps=1
########## Memory Use Summary  ##########=
Memory Use Information=
Memory Use Information::Total memory used for data (Gbytes)=0.187912
Memory Use Information::Memory used for OptimizeProblem data (Gbytes)=0
Memory Use Information::Bytes per equation (Total memory / Number of Equations)=716.829
Memory Use Information::Memory used for linear system and CG (Gbytes)=0.165294
Memory Use Information::Coarse Grids=
Memory Use Information::Coarse Grids::Grid Level=1
Memory Use Information::Coarse Grids::Memory used=0.0198085
Memory Use Information::Coarse Grids::Grid Level=2
Memory Use Information::Coarse Grids::Memory used=0.00249264
Memory Use Information::Coarse Grids::Grid Level=3
Memory Use Information::Coarse Grids::Memory used=0.000316812
########## V&V Testing Summary  ##########=
Spectral Convergence Tests=
Spectral Convergence Tests::Result=PASSED
Spectral Convergence Tests::Unpreconditioned=
Spectral Convergence Tests::Unpreconditioned::Maximum iteration count=11
Spectral Convergence Tests::Unpreconditioned::Expected iteration count=12
Spectral Convergence Tests::Preconditioned=
Spectral Convergence Tests::Preconditioned::Maximum iteration count=2
Spectral Convergence Tests::Preconditioned::Expected iteration count=2
Departure from Symmetry |x'Ay-y'Ax|/(2*||x||*||A||*||y||)/epsilon=
Departure from Symmetry |x'Ay-y'Ax|/(2*||x||*||A||*||y||)/epsilon::Result=PASSED
Departure from Symmetry |x'Ay-y'Ax|/(2*||x||*||A||*||y||)/epsilon::Departure for SpMV=6.70672e-08
Departure from Symmetry |x'Ay-y'Ax|/(2*||x||*||A||*||y||)/epsilon::Departure for MG=1.34134e-08
########## Iterations Summary  ##########=
Iteration Count Information=
Iteration Count Information::Result=PASSED
Iteration Count Information::Reference CG iterations per set=50
Iteration Count Information::Optimized CG iterations per set=50
Iteration Count Information::Total number of reference iterations=600
Iteration Count Information::Total number of optimized iterations=600
########## Reproducibility Summary  ##########=
Reproducibility Information=
Reproducibility Information::Result=PASSED
Reproducibility Information::Scaled residual mean=1.81918e-10
Reproducibility Information::Scaled residual variance=0
########## Performance Summary (times in sec) ##########=
Benchmark Time Summary=
Benchmark Time Summary::Optimization phase=1.66e-07
Benchmark Time Summary::DDOT=0.981737
Benchmark Time Summary::WAXPBY=0.184759
Benchmark Time Summary::SpMV=1.58516
Benchmark Time Summary::MG=14.2446
Benchmark Time Summary::Total=16.9981
Floating Point Operations Summary=
Floating Point Operations Summary::Raw DDOT=9.5001e+08
Floating Point Operations Summary::Raw WAXPBY=9.5001e+08
Floating Point Operations Summary::Raw SpMV=8.39542e+09
Floating Point Operations Summary::Raw MG=4.67471e+10
Floating Point Operations Summary::Total=5.70425e+10
Floating Point Operations Summary::Total with convergence overhead=5.70425e+10
GB/s Summary=
GB/s Summary::Raw Read B/W=20.6874
GB/s Summary::Raw Write B/W=4.78146
GB/s Summary::Raw Total B/W=25.4689
GB/s Summary::Total with convergence and optimization phase overhead=24.9741
GFLOP/s Summary=
GFLOP/s Summary::Raw DDOT=0.967683
GFLOP/s Summary::Raw WAXPBY=5.14189
GFLOP/s Summary::Raw SpMV=5.29624
GFLOP/s Summary::Raw MG=3.28173
GFLOP/s Summary::Raw Total=3.35582
GFLOP/s Summary::Total with convergence overhead=3.35582
GFLOP/s Summary::Total with convergence and optimization phase overhead=3.29063
User Optimization Overheads=
User Optimization Overheads::Optimization phase time (sec)=1.66e-07
User Optimization Overheads::Optimization phase time vs reference SpMV+MG time=6.69954e-06
DDOT Timing Variations=
DDOT Timing Variations::Min DDOT MPI_Allreduce time=0.756635
DDOT Timing Variations::Max DDOT MPI_Allreduce time=0.872918
DDOT Timing Variations::Avg DDOT MPI_Allreduce time=0.805962
Final Summary=
Final Summary::HPCG result is VALID with a GFLOP/s rating of=3.29063
Final Summary::HPCG 2.4 rating for historical reasons is=3.35582
Final Summary::Reference version of ComputeDotProduct used=Performance results are most likely suboptimal
Final Summary::Reference version of ComputeSPMV used=Performance results are most likely suboptimal
Final Summary::Reference version of ComputeMG used and number of threads greater than 1=Performance results are severely suboptimal
Final Summary::Reference version of ComputeWAXPBY used=Performance results are most likely suboptimal
Final Summary::Results are valid but execution time (sec) is=16.9981
Final Summary::Official results execution time (sec) must be at least=1800
FLUX-RESULTS END

FLUX-JOB START 759001251840 hpcg-iter-3
FLUX-JOB-JOBSPEC START
{"resources": [{"type": "node", "count": 1, "with": [{"type": "slot", "count": 8, "with": [{"type": "core", "count": 1}], "label": "task"}]}], "tasks": [{"command": ["/opt/hpcg/xhpcg"], "slot": "task", "count": {"per_slot": 1}}], "attributes": {"system": {"duration": 0, "cwd": "/opt/hpcg", "shell": {"options": {"rlimit": {"cpu": -1, "fsize": -1, "data": -1, "stack": 10485760, "core": -1, "nofile": 1048576, "as": -1, "rss": -1, "nproc": -1}, "cpu-affinity": "per-task", "gpu-affinity": "off"}}}, "user": {"study_id": "hpcg-iter-3"}}, "version": 1}
FLUX-JOB-JOBSPEC END
FLUX-JOB-RESOURCES START
{"version": 1, "execution": {"R_lite": [{"rank": "0", "children": {"core": "0-7"}}], "starttime": 1749782875.9415193, "expiration": 0.0, "nodelist": ["hpcg-0"]}}
FLUX-JOB-RESOURCES END
FLUX-JOB-EVENTLOG START
{"timestamp":1749782875.9424949,"name":"init"}
{"timestamp":1749782875.9526048,"name":"shell.init","context":{"service":"0-shell-fLwPLoy1","leader-rank":0,"size":1}}
{"timestamp":1749782875.9430628,"name":"starting"}
{"timestamp":1749782875.9621735,"name":"shell.start","context":{"taskmap":{"version":1,"map":[[0,1,8,1]]}}}
{"timestamp":1749782896.6240268,"name":"shell.task-exit","context":{"localid":5,"rank":5,"state":"Exited","pid":301,"wait_status":0,"signaled":0,"exitcode":0}}
{"timestamp":1749782896.6273885,"name":"complete","context":{"status":0}}
{"timestamp":1749782896.6274126,"name":"done"}

FLUX-JOB-EVENTLOG END
FLUX-JOB END 759001251840 hpcg-iter-3

FLUX-JOB START 487545896960 hpcg-iter-2
FLUX-JOB-JOBSPEC START
{"resources": [{"type": "node", "count": 1, "with": [{"type": "slot", "count": 8, "with": [{"type": "core", "count": 1}], "label": "task"}]}], "tasks": [{"command": ["/opt/hpcg/xhpcg"], "slot": "task", "count": {"per_slot": 1}}], "attributes": {"system": {"duration": 0, "cwd": "/opt/hpcg", "shell": {"options": {"rlimit": {"cpu": -1, "fsize": -1, "data": -1, "stack": 10485760, "core": -1, "nofile": 1048576, "as": -1, "rss": -1, "nproc": -1}, "cpu-affinity": "per-task", "gpu-affinity": "off"}}}, "user": {"study_id": "hpcg-iter-2"}}, "version": 1}
FLUX-JOB-JOBSPEC END
FLUX-JOB-RESOURCES START
{"version": 1, "execution": {"R_lite": [{"rank": "0", "children": {"core": "0-7"}}], "starttime": 1749782859.7616603, "expiration": 0.0, "nodelist": ["hpcg-0"]}}
FLUX-JOB-RESOURCES END
FLUX-JOB-EVENTLOG START
{"timestamp":1749782859.7627461,"name":"init"}
{"timestamp":1749782859.7731586,"name":"shell.init","context":{"service":"0-shell-fDoomAKh","leader-rank":0,"size":1}}
{"timestamp":1749782859.7634752,"name":"starting"}
{"timestamp":1749782859.7824607,"name":"shell.start","context":{"taskmap":{"version":1,"map":[[0,1,8,1]]}}}
{"timestamp":1749782875.6781261,"name":"shell.task-exit","context":{"localid":7,"rank":7,"state":"Exited","pid":277,"wait_status":0,"signaled":0,"exitcode":0}}
{"timestamp":1749782875.6821201,"name":"complete","context":{"status":0}}
{"timestamp":1749782875.6821434,"name":"done"}

FLUX-JOB-EVENTLOG END
FLUX-JOB END 487545896960 hpcg-iter-2

FLUX-JOB START 103196655616 hpcg-iter-1
FLUX-JOB-JOBSPEC START
{"resources": [{"type": "node", "count": 1, "with": [{"type": "slot", "count": 8, "with": [{"type": "core", "count": 1}], "label": "task"}]}], "tasks": [{"command": ["/opt/hpcg/xhpcg"], "slot": "task", "count": {"per_slot": 1}}], "attributes": {"system": {"duration": 0, "cwd": "/opt/hpcg", "shell": {"options": {"rlimit": {"cpu": -1, "fsize": -1, "data": -1, "stack": 10485760, "core": -1, "nofile": 1048576, "as": -1, "rss": -1, "nproc": -1}, "cpu-affinity": "per-task", "gpu-affinity": "off"}}}, "user": {"study_id": "hpcg-iter-1"}}, "version": 1}
FLUX-JOB-JOBSPEC END
FLUX-JOB-RESOURCES START
{"version": 1, "execution": {"R_lite": [{"rank": "0", "children": {"core": "0-7"}}], "starttime": 1749782836.8523772, "expiration": 0.0, "nodelist": ["hpcg-0"]}}
FLUX-JOB-RESOURCES END
FLUX-JOB-EVENTLOG START
{"timestamp":1749782836.8534815,"name":"init"}
{"timestamp":1749782836.8637559,"name":"shell.init","context":{"service":"0-shell-f3iE8qQ3","leader-rank":0,"size":1}}
{"timestamp":1749782836.8540537,"name":"starting"}
{"timestamp":1749782836.8731236,"name":"shell.start","context":{"taskmap":{"version":1,"map":[[0,1,8,1]]}}}
{"timestamp":1749782859.4994771,"name":"shell.task-exit","context":{"localid":2,"rank":2,"state":"Exited","pid":242,"wait_status":0,"signaled":0,"exitcode":0}}
{"timestamp":1749782859.5026166,"name":"complete","context":{"status":0}}
{"timestamp":1749782859.5026398,"name":"done"}

FLUX-JOB-EVENTLOG END
FLUX-JOB END 103196655616 hpcg-iter-1
FLUX JOB STATS
{"job_states":{"depend":0,"priority":0,"sched":0,"run":0,"cleanup":0,"inactive":3,"total":3},"successful":3,"failed":0,"canceled":0,"timeout":0,"inactive_purged":0,"queues":[]}
