ln: failed to create symbolic link '/mnt/flux/view/lib/python': File exists
ln: failed to create symbolic link '/mnt/flux/view/lib/python3': File exists
unlimited
PROGRAM: futex
Looking for /opt/programs/futex/ebpf-collect.c
[02:31:45] Starting eBPF (Tracepoints for futex syscalls).
[02:31:46] BPF program loaded and tracepoints automatically attached.
[02:31:46] Start Indicator file defined '/mnt/flux/start_ebpf_collection'. Waiting.
[02:31:51] Start indicator found. Proceeding.
[02:31:51] Ring buffers opened. Polling for events...
[02:33:08] 
Indicator file '/mnt/flux/stop_ebpf_collection' found. Stopping.
[02:33:08] Cleaning up BPF resources...
{
  "final_aggregated_futex_summary_river": [
    {
      "tgid": 2312,
      "comm": "containerd",
      "cgroup_id": 4085,
      "wait_duration_stats_ns": {
        "count": 7033.0,
        "sum": 612660278892.9977,
        "mean": 87112225.0665431,
        "median": 1612143.5468666465,
        "min": 1500,
        "max": 49462861885,
        "variance_ns2": 5.627155058154755e+17,
        "iqr_ns": 38922969.776807494,
        "q1_ns": 278849.62332235783,
        "q3_ns": 39201819.400129855
      },
      "futex_op_counts": {
        "128": 7033
      },
      "first_seen_ts_ns": 10487449601438,
      "last_seen_ts_ns": 10568402749679
    },
    {
      "tgid": 2336,
      "comm": "kubelet",
      "cgroup_id": 4138,
      "wait_duration_stats_ns": {
        "count": 6950.0,
        "sum": 564066280874.9999,
        "mean": 81160615.95323738,
        "median": 15596982.019088605,
        "min": 1420,
        "max": 45452127333,
        "variance_ns2": 8.737743175141674e+17,
        "iqr_ns": 48662314.187089525,
        "q1_ns": 1826707.582573381,
        "q3_ns": 50489021.76966291
      },
      "futex_op_counts": {
        "128": 6950
      },
      "first_seen_ts_ns": 10487498048124,
      "last_seen_ts_ns": 10568497111778
    },
    {
      "tgid": 2418,
      "comm": "containerd-shim",
      "cgroup_id": 4085,
      "wait_duration_stats_ns": {
        "count": 841.0,
        "sum": 506177307095.0003,
        "mean": 601875513.7871585,
        "median": 1689981.2694532294,
        "min": 1780,
        "max": 10370031802,
        "variance_ns2": 3.1891066242293827e+18,
        "iqr_ns": 28271436.036617555,
        "q1_ns": 293276.26426258124,
        "q3_ns": 28564712.300880134
      },
      "futex_op_counts": {
        "128": 841
      },
      "first_seen_ts_ns": 10492672293513,
      "last_seen_ts_ns": 10567293990795
    },
    {
      "tgid": 3757,
      "comm": "coredns",
      "cgroup_id": 5916,
      "wait_duration_stats_ns": {
        "count": 571.0,
        "sum": 371822723309.0004,
        "mean": 651178149.4028028,
        "median": 365998568.20977545,
        "min": 1710,
        "max": 29941462467,
        "variance_ns2": 3.557269886700106e+18,
        "iqr_ns": 910859575.8981489,
        "q1_ns": 44903697.11181877,
        "q3_ns": 955763273.0099677
      },
      "futex_op_counts": {
        "128": 571
      },
      "first_seen_ts_ns": 10488144117562,
      "last_seen_ts_ns": 10568290572890
    },
    {
      "tgid": 3620,
      "comm": "metrics-server",
      "cgroup_id": 5706,
      "wait_duration_stats_ns": {
        "count": 1489.0,
        "sum": 369462102712.9995,
        "mean": 248127671.39892513,
        "median": 128710652.03353627,
        "min": 2690,
        "max": 49994941045,
        "variance_ns2": 2.257410428585312e+18,
        "iqr_ns": 112942328.90906446,
        "q1_ns": 71963346.06494923,
        "q3_ns": 184905674.9740137
      },
      "futex_op_counts": {
        "128": 1489
      },
      "first_seen_ts_ns": 10487572072066,
      "last_seen_ts_ns": 10568476220670
    },
    {
      "tgid": 3751,
      "comm": "coredns",
      "cgroup_id": 5846,
      "wait_duration_stats_ns": {
        "count": 551.0,
        "sum": 365664467215.00024,
        "mean": 663637871.5335758,
        "median": 367740777.42866343,
        "min": 1770,
        "max": 27000545119,
        "variance_ns2": 3.922890712808155e+18,
        "iqr_ns": 894335066.4092038,
        "q1_ns": 43690185.03454196,
        "q3_ns": 938025251.4437457
      },
      "futex_op_counts": {
        "128": 551
      },
      "first_seen_ts_ns": 10488129728991,
      "last_seen_ts_ns": 10568235306292
    },
    {
      "tgid": 2419,
      "comm": "containerd-shim",
      "cgroup_id": 4085,
      "wait_duration_stats_ns": {
        "count": 72.0,
        "sum": 355090105220.0001,
        "mean": 4931807016.944447,
        "median": 1309965551.6434436,
        "min": 2040,
        "max": 30003733299,
        "variance_ns2": 5.999516426976485e+19,
        "iqr_ns": 4707452718.080801,
        "q1_ns": 92007592.10090682,
        "q3_ns": 4799460310.181707
      },
      "futex_op_counts": {
        "128": 72
      },
      "first_seen_ts_ns": 10493550086297,
      "last_seen_ts_ns": 10567280888235
    },
    {
      "tgid": 3267,
      "comm": "containerd-shim",
      "cgroup_id": 4085,
      "wait_duration_stats_ns": {
        "count": 78.0,
        "sum": 343175274686.99994,
        "mean": 4399683008.807692,
        "median": 1439983676.9194834,
        "min": 1920,
        "max": 30001416979,
        "variance_ns2": 5.278117436134723e+19,
        "iqr_ns": 6952019962.936481,
        "q1_ns": 17385684.429944083,
        "q3_ns": 6969405647.3664255
      },
      "futex_op_counts": {
        "128": 78
      },
      "first_seen_ts_ns": 10493604501944,
      "last_seen_ts_ns": 10567256335666
    },
    {
      "tgid": 3117,
      "comm": "containerd-shim",
      "cgroup_id": 4085,
      "wait_duration_stats_ns": {
        "count": 87.0,
        "sum": 341226137505.99994,
        "mean": 3922139511.5632176,
        "median": 643278349.2216246,
        "min": 1440,
        "max": 29999995298,
        "variance_ns2": 5.043736817418318e+19,
        "iqr_ns": 4429066044.669965,
        "q1_ns": 14102407.505639097,
        "q3_ns": 4443168452.175604
      },
      "futex_op_counts": {
        "128": 87
      },
      "first_seen_ts_ns": 10493623764616,
      "last_seen_ts_ns": 10567292443082
    },
    {
      "tgid": 3442,
      "comm": "containerd-shim",
      "cgroup_id": 4085,
      "wait_duration_stats_ns": {
        "count": 72.0,
        "sum": 341162730639.00006,
        "mean": 4738371258.875001,
        "median": 1158379333.742732,
        "min": 39401,
        "max": 59991647653,
        "variance_ns2": 8.816789087313733e+19,
        "iqr_ns": 5436454119.874355,
        "q1_ns": 40331734.6108517,
        "q3_ns": 5476785854.485207
      },
      "futex_op_counts": {
        "128": 72
      },
      "first_seen_ts_ns": 10493619347099,
      "last_seen_ts_ns": 10567286765534
    },
    {
      "tgid": 169804,
      "comm": "containerd-shim",
      "cgroup_id": 4085,
      "wait_duration_stats_ns": {
        "count": 306.0,
        "sum": 336757856509.9999,
        "mean": 1100515870.947712,
        "median": 11036536.441241335,
        "min": 1380,
        "max": 26773448039,
        "variance_ns2": 1.1627696193715384e+19,
        "iqr_ns": 116472536.68682502,
        "q1_ns": 1534787.2235683696,
        "q3_ns": 118007323.91039339
      },
      "futex_op_counts": {
        "128": 306
      },
      "first_seen_ts_ns": 10492465345704,
      "last_seen_ts_ns": 10568514857257
    },
    {
      "tgid": 3605,
      "comm": "metrics-server",
      "cgroup_id": 5636,
      "wait_duration_stats_ns": {
        "count": 1381.0,
        "sum": 327519920674.99994,
        "mean": 237161419.750181,
        "median": 122064650.38681392,
        "min": 19540,
        "max": 26195882768,
        "variance_ns2": 9.663468759438529e+17,
        "iqr_ns": 219235599.57344693,
        "q1_ns": 39255060.33330624,
        "q3_ns": 258490659.90675315
      },
      "futex_op_counts": {
        "128": 1381
      },
      "first_seen_ts_ns": 10487546072698,
      "last_seen_ts_ns": 10568397629626
    },
    {
      "tgid": 3637,
      "comm": "containerd-shim",
      "cgroup_id": 4085,
      "wait_duration_stats_ns": {
        "count": 74.0,
        "sum": 311072861130.0,
        "mean": 4203687312.5675673,
        "median": 1054094748.2410637,
        "min": 24711,
        "max": 30001320613,
        "variance_ns2": 4.89680095464963e+19,
        "iqr_ns": 6601083405.245804,
        "q1_ns": 1084970.8825441403,
        "q3_ns": 6602168376.128348
      },
      "futex_op_counts": {
        "128": 74
      },
      "first_seen_ts_ns": 10493611889586,
      "last_seen_ts_ns": 10567282437218
    },
    {
      "tgid": 4750,
      "comm": "containerd-shim",
      "cgroup_id": 4085,
      "wait_duration_stats_ns": {
        "count": 111.0,
        "sum": 298155528717.0001,
        "mean": 2686085844.2972984,
        "median": 52131756.93000522,
        "min": 13200,
        "max": 30000700171,
        "variance_ns2": 2.9911163835017155e+19,
        "iqr_ns": 2707675792.820384,
        "q1_ns": 6264469.465435042,
        "q3_ns": 2713940262.285819
      },
      "futex_op_counts": {
        "128": 111
      },
      "first_seen_ts_ns": 10493538061286,
      "last_seen_ts_ns": 10567260746254
    },
    {
      "tgid": 2831,
      "comm": "aws-k8s-agent",
      "cgroup_id": 5006,
      "wait_duration_stats_ns": {
        "count": 429.0,
        "sum": 284154071323.00006,
        "mean": 662363802.6177157,
        "median": 1446155.832143642,
        "min": 2040,
        "max": 60097359043,
        "variance_ns2": 1.2334994982438439e+19,
        "iqr_ns": 520803257.93062055,
        "q1_ns": 171476.53875665137,
        "q3_ns": 520974734.4693772
      },
      "futex_op_counts": {
        "128": 429
      },
      "first_seen_ts_ns": 10492682209717,
      "last_seen_ts_ns": 10566497230381
    },
    {
      "tgid": 169643,
      "comm": "containerd-shim",
      "cgroup_id": 4085,
      "wait_duration_stats_ns": {
        "count": 62.0,
        "sum": 281156980094.99994,
        "mean": 4534790001.532257,
        "median": 1823347935.0371175,
        "min": 56911,
        "max": 30000089178,
        "variance_ns2": 3.864521478323648e+19,
        "iqr_ns": 6703444702.729696,
        "q1_ns": 203885195.6206529,
        "q3_ns": 6907329898.350349
      },
      "futex_op_counts": {
        "128": 62
      },
      "first_seen_ts_ns": 10493603054352,
      "last_seen_ts_ns": 10567271485255
    },
    {
      "tgid": 4921,
      "comm": "manager",
      "cgroup_id": 6244,
      "wait_duration_stats_ns": {
        "count": 596.0,
        "sum": 263215702106.9998,
        "mean": 441637084.0721473,
        "median": 329170710.781585,
        "min": 25790,
        "max": 37020847572,
        "variance_ns2": 2.906185889510127e+18,
        "iqr_ns": 481004549.78263426,
        "q1_ns": 19130063.41221034,
        "q3_ns": 500134613.1948446
      },
      "futex_op_counts": {
        "128": 596
      },
      "first_seen_ts_ns": 10487516075486,
      "last_seen_ts_ns": 10568128848741
    },
    {
      "tgid": 2558,
      "comm": "kube-proxy",
      "cgroup_id": 4866,
      "wait_duration_stats_ns": {
        "count": 75.0,
        "sum": 249675795903.00003,
        "mean": 3329010612.0400004,
        "median": 1942454576.4433131,
        "min": 3190,
        "max": 29979752333,
        "variance_ns2": 2.852198369670659e+19,
        "iqr_ns": 3897713592.2872763,
        "q1_ns": 260827215.29145527,
        "q3_ns": 4158540807.5787315
      },
      "futex_op_counts": {
        "128": 75
      },
      "first_seen_ts_ns": 10492590824299,
      "last_seen_ts_ns": 10567592170119
    },
    {
      "tgid": 4861,
      "comm": "kube-rbac-proxy",
      "cgroup_id": 6174,
      "wait_duration_stats_ns": {
        "count": 50.0,
        "sum": 244780256656.00003,
        "mean": 4895605133.120001,
        "median": 4740685957.490789,
        "min": 16870,
        "max": 50006628032,
        "variance_ns2": 4.74488276778697e+19,
        "iqr_ns": 1364207832.0004683,
        "q1_ns": 3532156682.535219,
        "q3_ns": 4896364514.535687
      },
      "futex_op_counts": {
        "128": 50
      },
      "first_seen_ts_ns": 10492752924801,
      "last_seen_ts_ns": 10567753182461
    },
    {
      "tgid": 2967,
      "comm": "controller",
      "cgroup_id": 5076,
      "wait_duration_stats_ns": {
        "count": 329.0,
        "sum": 221082173937.9998,
        "mean": 671982291.6048626,
        "median": 497959278.3310586,
        "min": 52070,
        "max": 10016716518,
        "variance_ns2": 1.5786803423328937e+18,
        "iqr_ns": 11038213.139841557,
        "q1_ns": 488669930.2599104,
        "q3_ns": 499708143.39975196
      },
      "futex_op_counts": {
        "128": 329
      },
      "first_seen_ts_ns": 10488203350679,
      "last_seen_ts_ns": 10568203690514
    },
    {
      "tgid": 2280,
      "comm": "ssm-agent-worke",
      "cgroup_id": 3429,
      "wait_duration_stats_ns": {
        "count": 125.0,
        "sum": 191690931207.9999,
        "mean": 1533527449.6639993,
        "median": 1180461987.084079,
        "min": 74691,
        "max": 35727921516,
        "variance_ns2": 1.0214817354896826e+19,
        "iqr_ns": 1657701365.4630044,
        "q1_ns": 431212086.5492342,
        "q3_ns": 2088913452.0122385
      },
      "futex_op_counts": {
        "128": 125
      },
      "first_seen_ts_ns": 10488443502097,
      "last_seen_ts_ns": 10568409669747
    },
    {
      "tgid": 2215,
      "comm": "amazon-ssm-agen",
      "cgroup_id": 3429,
      "wait_duration_stats_ns": {
        "count": 19.0,
        "sum": 4020147669.9999995,
        "mean": 211586719.4736842,
        "median": 16901992.233333338,
        "min": 29001,
        "max": 998037503,
        "variance_ns2": 1.7393675761262685e+17,
        "iqr_ns": 186938433.02404332,
        "q1_ns": 2768982.5611418537,
        "q3_ns": 189707415.58518517
      },
      "futex_op_counts": {
        "128": 19
      },
      "first_seen_ts_ns": 10515085266340,
      "last_seen_ts_ns": 10516126805670
    },
    {
      "tgid": 170730,
      "comm": "xhpcg",
      "cgroup_id": 69939,
      "wait_duration_stats_ns": {
        "count": 306.0,
        "sum": 3682932502.000004,
        "mean": 12035727.130718967,
        "median": 10546206.458360082,
        "min": 38910,
        "max": 54580240,
        "variance_ns2": 82909373363124.72,
        "iqr_ns": 4782832.2972124005,
        "q1_ns": 7868029.596380589,
        "q3_ns": 12650861.89359299
      },
      "futex_op_counts": {
        "128": 306
      },
      "first_seen_ts_ns": 10533965816751,
      "last_seen_ts_ns": 10557080691639
    },
    {
      "tgid": 170732,
      "comm": "xhpcg",
      "cgroup_id": 69939,
      "wait_duration_stats_ns": {
        "count": 271.0,
        "sum": 3384646667.999998,
        "mean": 12489471.09963099,
        "median": 9483245.750479119,
        "min": 56311,
        "max": 60608881,
        "variance_ns2": 97471003753276.77,
        "iqr_ns": 9144752.323463779,
        "q1_ns": 6973343.705335415,
        "q3_ns": 16118096.028799195
      },
      "futex_op_counts": {
        "128": 271
      },
      "first_seen_ts_ns": 10533969934385,
      "last_seen_ts_ns": 10557076702896
    },
    {
      "tgid": 170731,
      "comm": "xhpcg",
      "cgroup_id": 69939,
      "wait_duration_stats_ns": {
        "count": 259.0,
        "sum": 3263410040.0000005,
        "mean": 12600038.764478765,
        "median": 9710132.381762417,
        "min": 42920,
        "max": 53081367,
        "variance_ns2": 105292443281710.77,
        "iqr_ns": 11556558.193952478,
        "q1_ns": 6045672.533598214,
        "q3_ns": 17602230.727550693
      },
      "futex_op_counts": {
        "128": 259
      },
      "first_seen_ts_ns": 10533967576385,
      "last_seen_ts_ns": 10557076805896
    },
    {
      "tgid": 170734,
      "comm": "xhpcg",
      "cgroup_id": 69939,
      "wait_duration_stats_ns": {
        "count": 246.0,
        "sum": 3208765514.0000005,
        "mean": 13043762.252032522,
        "median": 10158072.016410122,
        "min": 4040,
        "max": 59790634,
        "variance_ns2": 102103432160485.39,
        "iqr_ns": 10014468.496039934,
        "q1_ns": 7518177.511427116,
        "q3_ns": 17532646.00746705
      },
      "futex_op_counts": {
        "128": 246
      },
      "first_seen_ts_ns": 10533973973959,
      "last_seen_ts_ns": 10557076828567
    },
    {
      "tgid": 170813,
      "comm": "runc",
      "cgroup_id": 4085,
      "wait_duration_stats_ns": {
        "count": 256.0,
        "sum": 2638011147.9999995,
        "mean": 10304731.046874998,
        "median": 1146723.858301674,
        "min": 17600,
        "max": 250424900,
        "variance_ns2": 1871728908465500.5,
        "iqr_ns": 5505053.51899595,
        "q1_ns": 81145.16091386312,
        "q3_ns": 5586198.679909813
      },
      "futex_op_counts": {
        "128": 256
      },
      "first_seen_ts_ns": 10551569644665,
      "last_seen_ts_ns": 10551920889404
    },
    {
      "tgid": 170569,
      "comm": "xhpcg",
      "cgroup_id": 69939,
      "wait_duration_stats_ns": {
        "count": 260.0,
        "sum": 2577735043.999999,
        "mean": 9914365.55384615,
        "median": 9502298.299462572,
        "min": 96601,
        "max": 48292028,
        "variance_ns2": 29684778856145.277,
        "iqr_ns": 695158.6064364966,
        "q1_ns": 9260309.738766564,
        "q3_ns": 9955468.34520306
      },
      "futex_op_counts": {
        "128": 260
      },
      "first_seen_ts_ns": 10510595796077,
      "last_seen_ts_ns": 10533050639792
    },
    {
      "tgid": 170787,
      "comm": "runc",
      "cgroup_id": 4085,
      "wait_duration_stats_ns": {
        "count": 312.0,
        "sum": 2576658025.0,
        "mean": 8258519.310897436,
        "median": 1891757.9946485222,
        "min": 18680,
        "max": 202924599,
        "variance_ns2": 879826533484728.1,
        "iqr_ns": 14235123.984921964,
        "q1_ns": 86133.4656371046,
        "q3_ns": 14321257.450559068
      },
      "futex_op_counts": {
        "128": 312
      },
      "first_seen_ts_ns": 10550810087237,
      "last_seen_ts_ns": 10551114450330
    },
    {
      "tgid": 170630,
      "comm": "runc",
      "cgroup_id": 4085,
      "wait_duration_stats_ns": {
        "count": 325.0,
        "sum": 2514385029.0,
        "mean": 7736569.319999999,
        "median": 2363905.797356113,
        "min": 1620,
        "max": 199984012,
        "variance_ns2": 680960498524811.2,
        "iqr_ns": 13768846.377677483,
        "q1_ns": 143332.37409809552,
        "q3_ns": 13912178.75177558
      },
      "futex_op_counts": {
        "128": 325
      },
      "first_seen_ts_ns": 10520830310231,
      "last_seen_ts_ns": 10521191135080
    },
    {
      "tgid": 170602,
      "comm": "runc",
      "cgroup_id": 4085,
      "wait_duration_stats_ns": {
        "count": 253.0,
        "sum": 2400918295.0000005,
        "mean": 9489795.632411068,
        "median": 394748.436891101,
        "min": 1690,
        "max": 227666805,
        "variance_ns2": 1224055491491698.2,
        "iqr_ns": 11048307.936454127,
        "q1_ns": 99751.62803601511,
        "q3_ns": 11148059.564490141
      },
      "futex_op_counts": {
        "128": 253
      },
      "first_seen_ts_ns": 10511580095286,
      "last_seen_ts_ns": 10511920799992
    },
    {
      "tgid": 170653,
      "comm": "runc",
      "cgroup_id": 4085,
      "wait_duration_stats_ns": {
        "count": 295.0,
        "sum": 2299693346.999999,
        "mean": 7795570.667796606,
        "median": 2956133.879034704,
        "min": 1470,
        "max": 171020353,
        "variance_ns2": 732317841583738.0,
        "iqr_ns": 8173967.796349384,
        "q1_ns": 73318.27213498429,
        "q3_ns": 8247286.068484368
      },
      "futex_op_counts": {
        "128": 295
      },
      "first_seen_ts_ns": 10521570360734,
      "last_seen_ts_ns": 10521891532874
    },
    {
      "tgid": 170507,
      "comm": "xhpcg",
      "cgroup_id": 69939,
      "wait_duration_stats_ns": {
        "count": 182.0,
        "sum": 1966687389.0000005,
        "mean": 10805974.664835168,
        "median": 9379768.47933474,
        "min": 68501,
        "max": 58514371,
        "variance_ns2": 63621960470608.64,
        "iqr_ns": 4535437.372150591,
        "q1_ns": 6371799.918265764,
        "q3_ns": 10907237.290416354
      },
      "futex_op_counts": {
        "128": 182
      },
      "first_seen_ts_ns": 10493600085488,
      "last_seen_ts_ns": 10509711583166
    },
    {
      "tgid": 170517,
      "comm": "runc",
      "cgroup_id": 4085,
      "wait_duration_stats_ns": {
        "count": 242.0,
        "sum": 1934343831.0000002,
        "mean": 7993156.326446282,
        "median": 1058800.1044867714,
        "min": 2230,
        "max": 270699535,
        "variance_ns2": 999357591090341.1,
        "iqr_ns": 4378478.8532138495,
        "q1_ns": 102499.92665414391,
        "q3_ns": 4480978.779867994
      },
      "futex_op_counts": {
        "128": 242
      },
      "first_seen_ts_ns": 10500810078836,
      "last_seen_ts_ns": 10501101129811
    },
    {
      "tgid": 170566,
      "comm": "xhpcg",
      "cgroup_id": 69939,
      "wait_duration_stats_ns": {
        "count": 163.0,
        "sum": 1869009957.0000007,
        "mean": 11466318.75460123,
        "median": 9248828.780543977,
        "min": 214632,
        "max": 56510500,
        "variance_ns2": 112794414104665.2,
        "iqr_ns": 7182518.262669427,
        "q1_ns": 5313683.861692157,
        "q3_ns": 12496202.124361584
      },
      "futex_op_counts": {
        "128": 163
      },
      "first_seen_ts_ns": 10510591972897,
      "last_seen_ts_ns": 10533045429489
    },
    {
      "tgid": 170578,
      "comm": "runc",
      "cgroup_id": 4085,
      "wait_duration_stats_ns": {
        "count": 300.0,
        "sum": 1849416640.9999998,
        "mean": 6164722.136666666,
        "median": 299308.37902403704,
        "min": 1670,
        "max": 267281643,
        "variance_ns2": 630866699351392.9,
        "iqr_ns": 6629331.253080287,
        "q1_ns": 52581.37202486273,
        "q3_ns": 6681912.62510515
      },
      "futex_op_counts": {
        "128": 300
      },
      "first_seen_ts_ns": 10510807142573,
      "last_seen_ts_ns": 10511080938847
    },
    {
      "tgid": 170742,
      "comm": "runc",
      "cgroup_id": 4085,
      "wait_duration_stats_ns": {
        "count": 237.0,
        "sum": 1818607469.0000002,
        "mean": 7673449.2362869205,
        "median": 635722.6172525953,
        "min": 17390,
        "max": 230189077,
        "variance_ns2": 919714293309877.5,
        "iqr_ns": 13429161.121336214,
        "q1_ns": 104361.27082614553,
        "q3_ns": 13533522.39216236
      },
      "futex_op_counts": {
        "128": 237
      },
      "first_seen_ts_ns": 10540820080319,
      "last_seen_ts_ns": 10541131037576
    },
    {
      "tgid": 170505,
      "comm": "xhpcg",
      "cgroup_id": 69939,
      "wait_duration_stats_ns": {
        "count": 147.0,
        "sum": 1796404177.9999995,
        "mean": 12220436.585034011,
        "median": 9738591.61702975,
        "min": 52451,
        "max": 74353604,
        "variance_ns2": 130746643282443.05,
        "iqr_ns": 11382763.030113302,
        "q1_ns": 4794116.9597805375,
        "q3_ns": 16176879.98989384
      },
      "futex_op_counts": {
        "128": 147
      },
      "first_seen_ts_ns": 10493600230119,
      "last_seen_ts_ns": 10509711835908
    },
    {
      "tgid": 170567,
      "comm": "xhpcg",
      "cgroup_id": 69939,
      "wait_duration_stats_ns": {
        "count": 150.0,
        "sum": 1739989559.0000002,
        "mean": 11599930.393333334,
        "median": 8126872.504753629,
        "min": 20000,
        "max": 50168191,
        "variance_ns2": 128042315534113.58,
        "iqr_ns": 12571455.070837462,
        "q1_ns": 4177914.5990275643,
        "q3_ns": 16749369.669865027
      },
      "futex_op_counts": {
        "128": 150
      },
      "first_seen_ts_ns": 10510594201544,
      "last_seen_ts_ns": 10533047548927
    },
    {
      "tgid": 170541,
      "comm": "runc",
      "cgroup_id": 4085,
      "wait_duration_stats_ns": {
        "count": 225.0,
        "sum": 1730573767.9999995,
        "mean": 7691438.968888887,
        "median": 425612.46312683035,
        "min": 5520,
        "max": 264442111,
        "variance_ns2": 1236650118841403.2,
        "iqr_ns": 7176474.187749741,
        "q1_ns": 62215.579304621206,
        "q3_ns": 7238689.767054362
      },
      "futex_op_counts": {
        "128": 225
      },
      "first_seen_ts_ns": 10501569686761,
      "last_seen_ts_ns": 10501865220054
    },
    {
      "tgid": 170506,
      "comm": "xhpcg",
      "cgroup_id": 69939,
      "wait_duration_stats_ns": {
        "count": 164.0,
        "sum": 1729363466.0000007,
        "mean": 10544899.182926834,
        "median": 9094018.449698932,
        "min": 17290,
        "max": 77587271,
        "variance_ns2": 109682859140730.94,
        "iqr_ns": 7701389.142798648,
        "q1_ns": 4873034.891635458,
        "q3_ns": 12574424.034434106
      },
      "futex_op_counts": {
        "128": 164
      },
      "first_seen_ts_ns": 10493618993196,
      "last_seen_ts_ns": 10509714212846
    },
    {
      "tgid": 170568,
      "comm": "xhpcg",
      "cgroup_id": 69939,
      "wait_duration_stats_ns": {
        "count": 149.0,
        "sum": 1695846157.0,
        "mean": 11381517.832214765,
        "median": 8826392.64837966,
        "min": 59010,
        "max": 49225919,
        "variance_ns2": 121339542843783.3,
        "iqr_ns": 12938296.117674863,
        "q1_ns": 3787553.5151725993,
        "q3_ns": 16725849.632847462
      },
      "futex_op_counts": {
        "128": 149
      },
      "first_seen_ts_ns": 10510611004414,
      "last_seen_ts_ns": 10533045331208
    },
    {
      "tgid": 170508,
      "comm": "xhpcg",
      "cgroup_id": 69939,
      "wait_duration_stats_ns": {
        "count": 140.0,
        "sum": 1555083404.0,
        "mean": 11107738.6,
        "median": 8173887.721109153,
        "min": 32161,
        "max": 61246795,
        "variance_ns2": 136624062146112.45,
        "iqr_ns": 13604917.093313918,
        "q1_ns": 3092075.019860019,
        "q3_ns": 16696992.113173937
      },
      "futex_op_counts": {
        "128": 140
      },
      "first_seen_ts_ns": 10493612549532,
      "last_seen_ts_ns": 10509711776507
    },
    {
      "tgid": 170764,
      "comm": "runc",
      "cgroup_id": 4085,
      "wait_duration_stats_ns": {
        "count": 229.0,
        "sum": 1469721268.0000002,
        "mean": 6417996.803493451,
        "median": 516305.6219547529,
        "min": 17420,
        "max": 240091101,
        "variance_ns2": 769213131172035.4,
        "iqr_ns": 4497317.933139972,
        "q1_ns": 78225.73639776662,
        "q3_ns": 4575543.669537739
      },
      "futex_op_counts": {
        "128": 229
      },
      "first_seen_ts_ns": 10541580072926,
      "last_seen_ts_ns": 10541850933695
    },
    {
      "tgid": 170703,
      "comm": "runc",
      "cgroup_id": 4085,
      "wait_duration_stats_ns": {
        "count": 326.0,
        "sum": 1378258443.0000002,
        "mean": 4227786.634969326,
        "median": 210516.1471491173,
        "min": 2920,
        "max": 190475574,
        "variance_ns2": 376155761396763.6,
        "iqr_ns": 8297980.239304674,
        "q1_ns": 56000.51984974836,
        "q3_ns": 8353980.759154422
      },
      "futex_op_counts": {
        "128": 326
      },
      "first_seen_ts_ns": 10531590070728,
      "last_seen_ts_ns": 10531801006941
    },
    {
      "tgid": 170679,
      "comm": "runc",
      "cgroup_id": 4085,
      "wait_duration_stats_ns": {
        "count": 142.0,
        "sum": 1337761829.0000002,
        "mean": 9420857.950704226,
        "median": 869320.2486881182,
        "min": 13020,
        "max": 198665961,
        "variance_ns2": 788323579686692.4,
        "iqr_ns": 7255041.0524530215,
        "q1_ns": 129513.72656291092,
        "q3_ns": 7384554.779015932
      },
      "futex_op_counts": {
        "128": 142
      },
      "first_seen_ts_ns": 10530800075409,
      "last_seen_ts_ns": 10531041437525
    },
    {
      "tgid": 170773,
      "comm": "runc:[2:INIT]",
      "cgroup_id": 5006,
      "wait_duration_stats_ns": {
        "count": 25.0,
        "sum": 1084037327.0,
        "mean": 43361493.08,
        "median": 26887111.83871976,
        "min": 4170,
        "max": 160061108,
        "variance_ns2": 2770353201844620.5,
        "iqr_ns": 36612142.545539245,
        "q1_ns": 12457258.635863815,
        "q3_ns": 49069401.181403056
      },
      "futex_op_counts": {
        "128": 25
      },
      "first_seen_ts_ns": 10541630175337,
      "last_seen_ts_ns": 10541860130153
    },
    {
      "tgid": 170826,
      "comm": "runc:[2:INIT]",
      "cgroup_id": 5006,
      "wait_duration_stats_ns": {
        "count": 29.0,
        "sum": 971564117.0,
        "mean": 33502210.931034483,
        "median": 21981355.631015398,
        "min": 289343,
        "max": 115026888,
        "variance_ns2": 1122306324796604.2,
        "iqr_ns": 25479314.59579702,
        "q1_ns": 12651092.016729716,
        "q3_ns": 38130406.61252674
      },
      "futex_op_counts": {
        "128": 29
      },
      "first_seen_ts_ns": 10551740064421,
      "last_seen_ts_ns": 10551940187946
    },
    {
      "tgid": 170614,
      "comm": "runc:[2:INIT]",
      "cgroup_id": 5006,
      "wait_duration_stats_ns": {
        "count": 24.0,
        "sum": 935610405.0,
        "mean": 38983766.875,
        "median": 24070691.7631092,
        "min": 152152,
        "max": 144664167,
        "variance_ns2": 1834038473739466.5,
        "iqr_ns": 48905505.59523264,
        "q1_ns": 17725433.193939395,
        "q3_ns": 66630938.78917204
      },
      "futex_op_counts": {
        "128": 24
      },
      "first_seen_ts_ns": 10511750074991,
      "last_seen_ts_ns": 10511940112372
    },
    {
      "tgid": 170688,
      "comm": "runc:[2:INIT]",
      "cgroup_id": 5006,
      "wait_duration_stats_ns": {
        "count": 23.0,
        "sum": 893188987.0,
        "mean": 38834303.782608695,
        "median": 21371129.089487813,
        "min": 3090,
        "max": 149751175,
        "variance_ns2": 2387118776009649.5,
        "iqr_ns": 24605559.81786414,
        "q1_ns": 7221928.390611132,
        "q3_ns": 31827488.20847527
      },
      "futex_op_counts": {
        "128": 23
      },
      "first_seen_ts_ns": 10530870339783,
      "last_seen_ts_ns": 10531060101701
    },
    {
      "tgid": 170528,
      "comm": "runc:[2:INIT]",
      "cgroup_id": 5006,
      "wait_duration_stats_ns": {
        "count": 26.0,
        "sum": 731137437.0000002,
        "mean": 28120670.653846163,
        "median": 15231477.313001473,
        "min": 103521,
        "max": 108464712,
        "variance_ns2": 1305135515929975.5,
        "iqr_ns": 18511162.7178336,
        "q1_ns": 3670545.546666667,
        "q3_ns": 22181708.264500268
      },
      "futex_op_counts": {
        "128": 26
      },
      "first_seen_ts_ns": 10500954098996,
      "last_seen_ts_ns": 10501120091161
    },
    {
      "tgid": 171068,
      "comm": "runc",
      "cgroup_id": 4085,
      "wait_duration_stats_ns": {
        "count": 395.0,
        "sum": 695126513.9999999,
        "mean": 1759813.9594936706,
        "median": 217755.40565907094,
        "min": 1600,
        "max": 98315628,
        "variance_ns2": 85556174242520.17,
        "iqr_ns": 993235.875092096,
        "q1_ns": 82057.81160629462,
        "q3_ns": 1075293.6866983906
      },
      "futex_op_counts": {
        "128": 395
      },
      "first_seen_ts_ns": 10561569670714,
      "last_seen_ts_ns": 10561680800639
    },
    {
      "tgid": 170589,
      "comm": "runc:[2:INIT]",
      "cgroup_id": 5006,
      "wait_duration_stats_ns": {
        "count": 31.0,
        "sum": 689118000.0000001,
        "mean": 22229612.90322581,
        "median": 14687877.67348794,
        "min": 2480,
        "max": 89520527,
        "variance_ns2": 693501999399332.1,
        "iqr_ns": 26928236.14296179,
        "q1_ns": 3389761.744862902,
        "q3_ns": 30317997.88782469
      },
      "futex_op_counts": {
        "128": 31
      },
      "first_seen_ts_ns": 10510950075117,
      "last_seen_ts_ns": 10511100068605
    },
    {
      "tgid": 170801,
      "comm": "runc:[2:INIT]",
      "cgroup_id": 5006,
      "wait_duration_stats_ns": {
        "count": 26.0,
        "sum": 667552394.9999999,
        "mean": 25675092.115384612,
        "median": 16332981.217061179,
        "min": 2140,
        "max": 92977603,
        "variance_ns2": 939811766323368.4,
        "iqr_ns": 19380299.579068758,
        "q1_ns": 3745713.0184693504,
        "q3_ns": 23126012.59753811
      },
      "futex_op_counts": {
        "128": 26
      },
      "first_seen_ts_ns": 10550986378731,
      "last_seen_ts_ns": 10551123419576
    },
    {
      "tgid": 170552,
      "comm": "runc:[2:INIT]",
      "cgroup_id": 5006,
      "wait_duration_stats_ns": {
        "count": 20.0,
        "sum": 649779204.0000002,
        "mean": 32488960.20000001,
        "median": 8845877.97424097,
        "min": 789676,
        "max": 139959181,
        "variance_ns2": 1961474479424744.8,
        "iqr_ns": 43973784.57983763,
        "q1_ns": 6525021.550734127,
        "q3_ns": 50498806.13057175
      },
      "futex_op_counts": {
        "128": 20
      },
      "first_seen_ts_ns": 10501699125330,
      "last_seen_ts_ns": 10501865132443
    },
    {
      "tgid": 170666,
      "comm": "runc:[2:INIT]",
      "cgroup_id": 5006,
      "wait_duration_stats_ns": {
        "count": 21.0,
        "sum": 570085749.0000001,
        "mean": 27146940.428571433,
        "median": 20224347.431040097,
        "min": 50261,
        "max": 105568739,
        "variance_ns2": 924992874782632.8,
        "iqr_ns": 41740770.95395333,
        "q1_ns": 4846645.292830689,
        "q3_ns": 46587416.246784024
      },
      "futex_op_counts": {
        "128": 21
      },
      "first_seen_ts_ns": 10521750097688,
      "last_seen_ts_ns": 10521910123088
    },
    {
      "tgid": 170753,
      "comm": "runc:[2:INIT]",
      "cgroup_id": 5006,
      "wait_duration_stats_ns": {
        "count": 25.0,
        "sum": 553190312.9999999,
        "mean": 22127612.519999996,
        "median": 21116134.733773045,
        "min": 24300,
        "max": 99449548,
        "variance_ns2": 735261481033814.5,
        "iqr_ns": 19765923.6785742,
        "q1_ns": 2311334.552777778,
        "q3_ns": 22077258.23135198
      },
      "futex_op_counts": {
        "128": 25
      },
      "first_seen_ts_ns": 10540991574023,
      "last_seen_ts_ns": 10541150585931
    },
    {
      "tgid": 170642,
      "comm": "runc:[2:INIT]",
      "cgroup_id": 5006,
      "wait_duration_stats_ns": {
        "count": 27.0,
        "sum": 534453503.99999994,
        "mean": 19794574.22222222,
        "median": 11819505.48344048,
        "min": 1700,
        "max": 82733329,
        "variance_ns2": 633137566857964.6,
        "iqr_ns": 36128713.20146315,
        "q1_ns": 1389951.128026262,
        "q3_ns": 37518664.32948941
      },
      "futex_op_counts": {
        "128": 27
      },
      "first_seen_ts_ns": 10521090070010,
      "last_seen_ts_ns": 10521200465598
    },
    {
      "tgid": 171044,
      "comm": "runc",
      "cgroup_id": 4085,
      "wait_duration_stats_ns": {
        "count": 343.0,
        "sum": 484490620.0,
        "mean": 1412509.0962099126,
        "median": 122801.35097892539,
        "min": 1760,
        "max": 67811772,
        "variance_ns2": 64896268306586.164,
        "iqr_ns": 329976.8938336158,
        "q1_ns": 64367.504823196614,
        "q3_ns": 394344.39865681244
      },
      "futex_op_counts": {
        "128": 343
      },
      "first_seen_ts_ns": 10560792181304,
      "last_seen_ts_ns": 10560866339509
    },
    {
      "tgid": 170714,
      "comm": "runc:[2:INIT]",
      "cgroup_id": 5006,
      "wait_duration_stats_ns": {
        "count": 31.0,
        "sum": 440175140.9999999,
        "mean": 14199198.09677419,
        "median": 8973985.657575881,
        "min": 4530,
        "max": 53830087,
        "variance_ns2": 211404203678522.78,
        "iqr_ns": 20657788.652762406,
        "q1_ns": 2416407.533394048,
        "q3_ns": 23074196.18615645
      },
      "futex_op_counts": {
        "128": 31
      },
      "first_seen_ts_ns": 10531710086405,
      "last_seen_ts_ns": 10531820152641
    },
    {
      "tgid": 171079,
      "comm": "runc:[2:INIT]",
      "cgroup_id": 5006,
      "wait_duration_stats_ns": {
        "count": 30.0,
        "sum": 357055037.0,
        "mean": 11901834.566666666,
        "median": 1181636.2969101025,
        "min": 5290,
        "max": 75576666,
        "variance_ns2": 599067045567399.1,
        "iqr_ns": 3364755.703569583,
        "q1_ns": 362185.57409509306,
        "q3_ns": 3726941.2776646763
      },
      "futex_op_counts": {
        "128": 30
      },
      "first_seen_ts_ns": 10561602806543,
      "last_seen_ts_ns": 10561680724649
    },
    {
      "tgid": 170826,
      "comm": "grpc-health-pro",
      "cgroup_id": 5006,
      "wait_duration_stats_ns": {
        "count": 13.0,
        "sum": 259939580.0,
        "mean": 19995352.307692308,
        "median": 20173491.7940625,
        "min": 22840,
        "max": 40144628,
        "variance_ns2": 237727492090680.4,
        "iqr_ns": 15804252.65806584,
        "q1_ns": 11193049.807777777,
        "q3_ns": 26997302.465843618
      },
      "futex_op_counts": {
        "128": 13
      },
      "first_seen_ts_ns": 10551970070197,
      "last_seen_ts_ns": 10552020241841
    },
    {
      "tgid": 170666,
      "comm": "grpc-health-pro",
      "cgroup_id": 5006,
      "wait_duration_stats_ns": {
        "count": 14.0,
        "sum": 252681982.0,
        "mean": 18048713.0,
        "median": 9184969.766111111,
        "min": 24171,
        "max": 46960361,
        "variance_ns2": 318569670337116.3,
        "iqr_ns": 24122995.202417698,
        "q1_ns": 1544187.5,
        "q3_ns": 25667182.702417698
      },
      "futex_op_counts": {
        "128": 14
      },
      "first_seen_ts_ns": 10521940083577,
      "last_seen_ts_ns": 10521990173495
    },
    {
      "tgid": 171055,
      "comm": "runc:[2:INIT]",
      "cgroup_id": 5006,
      "wait_duration_stats_ns": {
        "count": 33.0,
        "sum": 239292467.00000006,
        "mean": 7251286.878787881,
        "median": 1839149.2817111847,
        "min": 19190,
        "max": 45622584,
        "variance_ns2": 222895443511634.84,
        "iqr_ns": 1135996.1755017892,
        "q1_ns": 241962.72297929396,
        "q3_ns": 1377958.898481083
      },
      "futex_op_counts": {
        "128": 33
      },
      "first_seen_ts_ns": 10560817059553,
      "last_seen_ts_ns": 10560867338108
    },
    {
      "tgid": 170688,
      "comm": "grpc-health-pro",
      "cgroup_id": 5006,
      "wait_duration_stats_ns": {
        "count": 13.0,
        "sum": 221478879.99999997,
        "mean": 17036836.92307692,
        "median": 15982064.597333334,
        "min": 4294826,
        "max": 29994519,
        "variance_ns2": 59893390245570.25,
        "iqr_ns": 8836453.748359788,
        "q1_ns": 11540128.03259259,
        "q3_ns": 20376581.78095238
      },
      "futex_op_counts": {
        "128": 13
      },
      "first_seen_ts_ns": 10531090085530,
      "last_seen_ts_ns": 10531130093582
    },
    {
      "tgid": 170714,
      "comm": "grpc-health-pro",
      "cgroup_id": 5006,
      "wait_duration_stats_ns": {
        "count": 12.0,
        "sum": 186711872.99999997,
        "mean": 15559322.749999998,
        "median": 16472500.75,
        "min": 308683,
        "max": 29919809,
        "variance_ns2": 103142497192274.23,
        "iqr_ns": 10602891.455555556,
        "q1_ns": 9795354.1,
        "q3_ns": 20398245.555555556
      },
      "futex_op_counts": {
        "128": 12
      },
      "first_seen_ts_ns": 10531850085440,
      "last_seen_ts_ns": 10531890126012
    },
    {
      "tgid": 170773,
      "comm": "grpc-health-pro",
      "cgroup_id": 5006,
      "wait_duration_stats_ns": {
        "count": 12.0,
        "sum": 166447783.0,
        "mean": 13870648.583333334,
        "median": 8806764.019675925,
        "min": 24430,
        "max": 37538207,
        "variance_ns2": 209696248047041.53,
        "iqr_ns": 16879420.350920208,
        "q1_ns": 1425703.0,
        "q3_ns": 18305123.350920208
      },
      "futex_op_counts": {
        "128": 12
      },
      "first_seen_ts_ns": 10541880209763,
      "last_seen_ts_ns": 10541930099892
    },
    {
      "tgid": 170801,
      "comm": "grpc-health-pro",
      "cgroup_id": 5006,
      "wait_duration_stats_ns": {
        "count": 12.0,
        "sum": 120200740.0,
        "mean": 10016728.333333334,
        "median": 8541794.544444444,
        "min": 108551,
        "max": 24888870,
        "variance_ns2": 62625064362514.055,
        "iqr_ns": 9919385.83009259,
        "q1_ns": 2429230.0,
        "q3_ns": 12348615.83009259
      },
      "futex_op_counts": {
        "128": 12
      },
      "first_seen_ts_ns": 10551135224865,
      "last_seen_ts_ns": 10551170239730
    },
    {
      "tgid": 170528,
      "comm": "grpc-health-pro",
      "cgroup_id": 5006,
      "wait_duration_stats_ns": {
        "count": 13.0,
        "sum": 101251079.0,
        "mean": 7788544.538461538,
        "median": 5090287.0,
        "min": 25350,
        "max": 19750726,
        "variance_ns2": 48976122287215.27,
        "iqr_ns": 9413534.257716049,
        "q1_ns": 1334816.6172839515,
        "q3_ns": 10748350.875
      },
      "futex_op_counts": {
        "128": 13
      },
      "first_seen_ts_ns": 10501130065824,
      "last_seen_ts_ns": 10501160148207
    },
    {
      "tgid": 170642,
      "comm": "grpc-health-pro",
      "cgroup_id": 5006,
      "wait_duration_stats_ns": {
        "count": 8.0,
        "sum": 63783818.0,
        "mean": 7972977.25,
        "median": 7773874.0,
        "min": 2931174,
        "max": 14146038,
        "variance_ns2": 14296558163192.217,
        "iqr_ns": 4436482.944444444,
        "q1_ns": 5558069.0,
        "q3_ns": 9994551.944444444
      },
      "futex_op_counts": {
        "128": 8
      },
      "first_seen_ts_ns": 10521210396901,
      "last_seen_ts_ns": 10521230067194
    },
    {
      "tgid": 170589,
      "comm": "grpc-health-pro",
      "cgroup_id": 5006,
      "wait_duration_stats_ns": {
        "count": 12.0,
        "sum": 60605692.0,
        "mean": 5050474.333333333,
        "median": 3293866.0,
        "min": 2990,
        "max": 10544953,
        "variance_ns2": 16775298820808.244,
        "iqr_ns": 7055886.101352146,
        "q1_ns": 1286471.8333333335,
        "q3_ns": 8342357.934685479
      },
      "futex_op_counts": {
        "128": 12
      },
      "first_seen_ts_ns": 10511120048042,
      "last_seen_ts_ns": 10511140088197
    },
    {
      "tgid": 170753,
      "comm": "grpc-health-pro",
      "cgroup_id": 5006,
      "wait_duration_stats_ns": {
        "count": 8.0,
        "sum": 52873866.0,
        "mean": 6609233.25,
        "median": 4341953.166666667,
        "min": 24920,
        "max": 19291203,
        "variance_ns2": 54740768205682.79,
        "iqr_ns": 3210087.0,
        "q1_ns": 2135028.0,
        "q3_ns": 5345115.0
      },
      "futex_op_counts": {
        "128": 8
      },
      "first_seen_ts_ns": 10541180084100,
      "last_seen_ts_ns": 10541189495949
    },
    {
      "tgid": 171055,
      "comm": "grpc-health-pro",
      "cgroup_id": 5006,
      "wait_duration_stats_ns": {
        "count": 27.0,
        "sum": 24462507.999999996,
        "mean": 906018.8148148147,
        "median": 269563.9271571109,
        "min": 34230,
        "max": 4141155,
        "variance_ns2": 1641445005275.0796,
        "iqr_ns": 993833.3726122762,
        "q1_ns": 82973.79401072637,
        "q3_ns": 1076807.1666230026
      },
      "futex_op_counts": {
        "128": 27
      },
      "first_seen_ts_ns": 10560872573582,
      "last_seen_ts_ns": 10560878917165
    },
    {
      "tgid": 171079,
      "comm": "grpc-health-pro",
      "cgroup_id": 5006,
      "wait_duration_stats_ns": {
        "count": 21.0,
        "sum": 21776373.0,
        "mean": 1036970.1428571428,
        "median": 474131.31722549733,
        "min": 18100,
        "max": 3508330,
        "variance_ns2": 1233460221251.1284,
        "iqr_ns": 1277397.4091216002,
        "q1_ns": 278606.640846224,
        "q3_ns": 1556004.0499678242
      },
      "futex_op_counts": {
        "128": 21
      },
      "first_seen_ts_ns": 10561687506766,
      "last_seen_ts_ns": 10561693379506
    },
    {
      "tgid": 170614,
      "comm": "grpc-health-pro",
      "cgroup_id": 5006,
      "wait_duration_stats_ns": {
        "count": 7.0,
        "sum": 21590619.0,
        "mean": 3084374.1428571427,
        "median": 2549720.0,
        "min": 25400,
        "max": 7108446,
        "variance_ns2": 6535158390920.477,
        "iqr_ns": 1193796.0,
        "q1_ns": 2549720.0,
        "q3_ns": 3743516.0
      },
      "futex_op_counts": {
        "128": 7
      },
      "first_seen_ts_ns": 10511950396562,
      "last_seen_ts_ns": 10511960093048
    },
    {
      "tgid": 170552,
      "comm": "grpc-health-pro",
      "cgroup_id": 5006,
      "wait_duration_stats_ns": {
        "count": 6.0,
        "sum": 6973775.0,
        "mean": 1162295.8333333333,
        "median": 151492.0,
        "min": 22510,
        "max": 2563139,
        "variance_ns2": 1444295081537.3667,
        "iqr_ns": 0.0,
        "q1_ns": 151492.0,
        "q3_ns": 151492.0
      },
      "futex_op_counts": {
        "128": 6
      },
      "first_seen_ts_ns": 10501869513758,
      "last_seen_ts_ns": 10501874164353
    },
    {
      "tgid": 170353,
      "comm": "flux-broker-0",
      "cgroup_id": 69939,
      "wait_duration_stats_ns": {
        "count": 130.0,
        "sum": 2256056.0000000005,
        "mean": 17354.276923076926,
        "median": 3749.838688939664,
        "min": 1600,
        "max": 1183460,
        "variance_ns2": 11114129930.775433,
        "iqr_ns": 1868.3554030502332,
        "q1_ns": 2430.5992255066208,
        "q3_ns": 4298.954628556854
      },
      "futex_op_counts": {
        "128": 130
      },
      "first_seen_ts_ns": 10493190558097,
      "last_seen_ts_ns": 10568190105690
    }
  ]
}
[02:33:08] Cleanup complete.
