ln: failed to create symbolic link '/mnt/flux/view/lib/python': File exists
ln: failed to create symbolic link '/mnt/flux/view/lib/python3': File exists
unlimited
PROGRAM: futex
Looking for /opt/programs/futex/ebpf-collect.c
[19:47:14] Starting eBPF (Tracepoints for futex syscalls).
[19:47:14] BPF program loaded and tracepoints automatically attached.
[19:47:14] Start Indicator file defined '/mnt/flux/start_ebpf_collection'. Waiting.
[19:47:15] Start indicator found. Proceeding.
[19:47:15] Ring buffers opened. Polling for events...
[19:48:16] 
Indicator file '/mnt/flux/stop_ebpf_collection' found. Stopping.
[19:48:16] Cleaning up BPF resources...
{
  "final_aggregated_futex_summary_river": [
    {
      "tgid": 7360,
      "comm": "containerd",
      "cgroup_id": 4085,
      "wait_duration_stats_ns": {
        "count": 5531.0,
        "sum": 1087230004737.9998,
        "mean": 196570241.31947201,
        "median": 3245150.5816409327,
        "min": 456,
        "max": 39304156100,
        "variance_ns2": 1.7739830849168018e+18,
        "iqr_ns": 69684968.08601215,
        "q1_ns": 210225.64887499384,
        "q3_ns": 69895193.73488715
      },
      "futex_op_counts": {
        "128": 5531
      },
      "first_seen_ts_ns": 10815758865141,
      "last_seen_ts_ns": 10877499959664
    },
    {
      "tgid": 7391,
      "comm": "kubelet",
      "cgroup_id": 4138,
      "wait_duration_stats_ns": {
        "count": 5390.0,
        "sum": 747048969770.9993,
        "mean": 138599066.74786627,
        "median": 15622587.25913927,
        "min": 464,
        "max": 40750081605,
        "variance_ns2": 2.149693227507161e+18,
        "iqr_ns": 65119926.798612244,
        "q1_ns": 1103605.461142593,
        "q3_ns": 66223532.25975484
      },
      "futex_op_counts": {
        "128": 5390
      },
      "first_seen_ts_ns": 10815758837688,
      "last_seen_ts_ns": 10877679633576
    },
    {
      "tgid": 7486,
      "comm": "containerd-shim",
      "cgroup_id": 4085,
      "wait_duration_stats_ns": {
        "count": 685.0,
        "sum": 393300925508.9997,
        "mean": 574161935.0496346,
        "median": 298462.4541402465,
        "min": 483,
        "max": 9982283076,
        "variance_ns2": 2.171913219178738e+18,
        "iqr_ns": 63938934.731087625,
        "q1_ns": 148659.31558640688,
        "q3_ns": 64087594.046674035
      },
      "futex_op_counts": {
        "128": 685
      },
      "first_seen_ts_ns": 10817179658034,
      "last_seen_ts_ns": 10877276277086
    },
    {
      "tgid": 254580,
      "comm": "containerd-shim",
      "cgroup_id": 4085,
      "wait_duration_stats_ns": {
        "count": 255.0,
        "sum": 309970544352.99976,
        "mean": 1215570762.1686265,
        "median": 4753342.672426185,
        "min": 390,
        "max": 29998445193,
        "variance_ns2": 1.4345910345111474e+19,
        "iqr_ns": 173115499.2471678,
        "q1_ns": 1480320.048032563,
        "q3_ns": 174595819.29520035
      },
      "futex_op_counts": {
        "128": 255
      },
      "first_seen_ts_ns": 10816165086594,
      "last_seen_ts_ns": 10877274234056
    },
    {
      "tgid": 8848,
      "comm": "coredns",
      "cgroup_id": 5501,
      "wait_duration_stats_ns": {
        "count": 388.0,
        "sum": 299559003088.0,
        "mean": 772059286.3092784,
        "median": 485621585.5109163,
        "min": 1146,
        "max": 17999878271,
        "variance_ns2": 2.9054103912491156e+18,
        "iqr_ns": 877415957.7369373,
        "q1_ns": 116984227.32188557,
        "q3_ns": 994400185.0588229
      },
      "futex_op_counts": {
        "128": 388
      },
      "first_seen_ts_ns": 10816175125675,
      "last_seen_ts_ns": 10877175767877
    },
    {
      "tgid": 8846,
      "comm": "coredns",
      "cgroup_id": 5431,
      "wait_duration_stats_ns": {
        "count": 436.0,
        "sum": 294087363493.00006,
        "mean": 674512301.5894496,
        "median": 388580893.2779634,
        "min": 624,
        "max": 32622518041,
        "variance_ns2": 3.5664169649901706e+18,
        "iqr_ns": 874906558.7258524,
        "q1_ns": 55183565.08951676,
        "q3_ns": 930090123.8153691
      },
      "futex_op_counts": {
        "128": 436
      },
      "first_seen_ts_ns": 10816173167780,
      "last_seen_ts_ns": 10877173946539
    },
    {
      "tgid": 9778,
      "comm": "containerd-shim",
      "cgroup_id": 4085,
      "wait_duration_stats_ns": {
        "count": 56.0,
        "sum": 240226048852.0,
        "mean": 4289750872.357143,
        "median": 710861606.3007314,
        "min": 15413,
        "max": 29998853201,
        "variance_ns2": 5.272249118176059e+19,
        "iqr_ns": 5056232145.22617,
        "q1_ns": 91671748.2566063,
        "q3_ns": 5147903893.482776
      },
      "futex_op_counts": {
        "128": 56
      },
      "first_seen_ts_ns": 10817919516171,
      "last_seen_ts_ns": 10877274543172
    },
    {
      "tgid": 254252,
      "comm": "containerd-shim",
      "cgroup_id": 4085,
      "wait_duration_stats_ns": {
        "count": 582.0,
        "sum": 239517597830.99985,
        "mean": 411542264.31443274,
        "median": 8551795.611868665,
        "min": 446,
        "max": 30003285507,
        "variance_ns2": 5.177259135135379e+18,
        "iqr_ns": 368667556.1679277,
        "q1_ns": 755200.463350083,
        "q3_ns": 369422756.63127774
      },
      "futex_op_counts": {
        "128": 582
      },
      "first_seen_ts_ns": 10817916193808,
      "last_seen_ts_ns": 10877277043143
    },
    {
      "tgid": 7635,
      "comm": "kube-proxy",
      "cgroup_id": 4871,
      "wait_duration_stats_ns": {
        "count": 53.0,
        "sum": 237018002859.0,
        "mean": 4472037789.792453,
        "median": 2567887167.141609,
        "min": 365357,
        "max": 29959673991,
        "variance_ns2": 4.8249965764043194e+19,
        "iqr_ns": 4678088194.507022,
        "q1_ns": 416949972.4712364,
        "q3_ns": 5095038166.978258
      },
      "futex_op_counts": {
        "128": 53
      },
      "first_seen_ts_ns": 10815993342668,
      "last_seen_ts_ns": 10875382169631
    },
    {
      "tgid": 8685,
      "comm": "containerd-shim",
      "cgroup_id": 4085,
      "wait_duration_stats_ns": {
        "count": 53.0,
        "sum": 234350560063.00003,
        "mean": 4421708680.433963,
        "median": 1148533100.502574,
        "min": 12221,
        "max": 29999950249,
        "variance_ns2": 4.979925926491544e+19,
        "iqr_ns": 5896303077.836352,
        "q1_ns": 170159205.43323302,
        "q3_ns": 6066462283.269586
      },
      "futex_op_counts": {
        "128": 53
      },
      "first_seen_ts_ns": 10817917635221,
      "last_seen_ts_ns": 10877272759882
    },
    {
      "tgid": 7921,
      "comm": "aws-k8s-agent",
      "cgroup_id": 5011,
      "wait_duration_stats_ns": {
        "count": 293.0,
        "sum": 228136207667.00003,
        "mean": 778621869.1706486,
        "median": 84542667.39850153,
        "min": 5371,
        "max": 20235278319,
        "variance_ns2": 4.727958280968908e+18,
        "iqr_ns": 907612931.4646001,
        "q1_ns": 159432.5914349614,
        "q3_ns": 907772364.056035
      },
      "futex_op_counts": {
        "128": 293
      },
      "first_seen_ts_ns": 10818620038794,
      "last_seen_ts_ns": 10875416414710
    },
    {
      "tgid": 9851,
      "comm": "metrics-server",
      "cgroup_id": 5851,
      "wait_duration_stats_ns": {
        "count": 1020.0,
        "sum": 225938980938.00006,
        "mean": 221508804.84117654,
        "median": 118580327.82123357,
        "min": 705,
        "max": 21671873735,
        "variance_ns2": 8.768865483365425e+17,
        "iqr_ns": 90614177.18977943,
        "q1_ns": 81490817.310173,
        "q3_ns": 172104994.49995244
      },
      "futex_op_counts": {
        "128": 1020
      },
      "first_seen_ts_ns": 10815971199435,
      "last_seen_ts_ns": 10877589763149
    },
    {
      "tgid": 10525,
      "comm": "kube-rbac-proxy",
      "cgroup_id": 6179,
      "wait_duration_stats_ns": {
        "count": 42.0,
        "sum": 219826559877.99997,
        "mean": 5233965711.380952,
        "median": 5060608787.078663,
        "min": 6465,
        "max": 30007968803,
        "variance_ns2": 2.190495323195796e+19,
        "iqr_ns": 3234808769.1886215,
        "q1_ns": 1982388435.7655334,
        "q3_ns": 5217197204.954155
      },
      "futex_op_counts": {
        "128": 42
      },
      "first_seen_ts_ns": 10818760089873,
      "last_seen_ts_ns": 10873757116458
    },
    {
      "tgid": 8683,
      "comm": "containerd-shim",
      "cgroup_id": 4085,
      "wait_duration_stats_ns": {
        "count": 61.0,
        "sum": 210248604802.00003,
        "mean": 3446698439.3770494,
        "median": 764533506.9228439,
        "min": 3804,
        "max": 29995077686,
        "variance_ns2": 3.0857607176041443e+19,
        "iqr_ns": 4356804857.984837,
        "q1_ns": 116087562.15646972,
        "q3_ns": 4472892420.141306
      },
      "futex_op_counts": {
        "128": 61
      },
      "first_seen_ts_ns": 10817921304963,
      "last_seen_ts_ns": 10877275230192
    },
    {
      "tgid": 10440,
      "comm": "containerd-shim",
      "cgroup_id": 4085,
      "wait_duration_stats_ns": {
        "count": 84.0,
        "sum": 209484621451.0,
        "mean": 2493864541.0833335,
        "median": 121538780.76204377,
        "min": 12952,
        "max": 29995697597,
        "variance_ns2": 2.7488066670454227e+19,
        "iqr_ns": 2766096961.890967,
        "q1_ns": 731955.0033138506,
        "q3_ns": 2766828916.894281
      },
      "futex_op_counts": {
        "128": 84
      },
      "first_seen_ts_ns": 10817183180979,
      "last_seen_ts_ns": 10877274930123
    },
    {
      "tgid": 7488,
      "comm": "containerd-shim",
      "cgroup_id": 4085,
      "wait_duration_stats_ns": {
        "count": 57.0,
        "sum": 202614313144.00003,
        "mean": 3554637072.701755,
        "median": 650210260.0150905,
        "min": 896,
        "max": 29993865596,
        "variance_ns2": 3.369172319684063e+19,
        "iqr_ns": 4337161704.227185,
        "q1_ns": 76374405.12365842,
        "q3_ns": 4413536109.350843
      },
      "futex_op_counts": {
        "128": 57
      },
      "first_seen_ts_ns": 10815993614905,
      "last_seen_ts_ns": 10877275491574
    },
    {
      "tgid": 9853,
      "comm": "metrics-server",
      "cgroup_id": 5921,
      "wait_duration_stats_ns": {
        "count": 1017.0,
        "sum": 201360148337.99985,
        "mean": 197994246.15339217,
        "median": 113823638.50067216,
        "min": 1455,
        "max": 16461140089,
        "variance_ns2": 5.830700161081165e+17,
        "iqr_ns": 95156493.11574803,
        "q1_ns": 76123413.0958112,
        "q3_ns": 171279906.21155924
      },
      "futex_op_counts": {
        "128": 1017
      },
      "first_seen_ts_ns": 10815899128944,
      "last_seen_ts_ns": 10877565486266
    },
    {
      "tgid": 9397,
      "comm": "containerd-shim",
      "cgroup_id": 4085,
      "wait_duration_stats_ns": {
        "count": 57.0,
        "sum": 200241694407.00003,
        "mean": 3513012182.578948,
        "median": 562685450.6908969,
        "min": 4775,
        "max": 30006477094,
        "variance_ns2": 2.8625898418714616e+19,
        "iqr_ns": 4959341710.347094,
        "q1_ns": 38572248.14767054,
        "q3_ns": 4997913958.494764
      },
      "futex_op_counts": {
        "128": 57
      },
      "first_seen_ts_ns": 10817916151625,
      "last_seen_ts_ns": 10877276587918
    },
    {
      "tgid": 7394,
      "comm": "ssm-agent-worke",
      "cgroup_id": 3429,
      "wait_duration_stats_ns": {
        "count": 121.0,
        "sum": 193710542489.00003,
        "mean": 1600913574.2892566,
        "median": 1095800756.996664,
        "min": 1096,
        "max": 37196040907,
        "variance_ns2": 1.796268083843214e+19,
        "iqr_ns": 1576402489.2971342,
        "q1_ns": 170235411.0464618,
        "q3_ns": 1746637900.343596
      },
      "futex_op_counts": {
        "128": 121
      },
      "first_seen_ts_ns": 10817436134683,
      "last_seen_ts_ns": 10876914793374
    },
    {
      "tgid": 10589,
      "comm": "manager",
      "cgroup_id": 6249,
      "wait_duration_stats_ns": {
        "count": 458.0,
        "sum": 179454026021.99985,
        "mean": 391821017.5152835,
        "median": 347011965.08938235,
        "min": 19113,
        "max": 6089906668,
        "variance_ns2": 3.240584064371567e+17,
        "iqr_ns": 400517951.3235394,
        "q1_ns": 91946295.87332548,
        "q3_ns": 492464247.19686484
      },
      "futex_op_counts": {
        "128": 458
      },
      "first_seen_ts_ns": 10816268707056,
      "last_seen_ts_ns": 10877269751329
    },
    {
      "tgid": 8052,
      "comm": "controller",
      "cgroup_id": 5081,
      "wait_duration_stats_ns": {
        "count": 269.0,
        "sum": 170954086671.9999,
        "mean": 635517050.8252785,
        "median": 491857371.20023954,
        "min": 5948,
        "max": 10000037893,
        "variance_ns2": 1.514288770814434e+18,
        "iqr_ns": 16950428.134638548,
        "q1_ns": 483270661.48648584,
        "q3_ns": 500221089.6211244
      },
      "futex_op_counts": {
        "128": 269
      },
      "first_seen_ts_ns": 10816455371193,
      "last_seen_ts_ns": 10877456235171
    },
    {
      "tgid": 7277,
      "comm": "amazon-ssm-agen",
      "cgroup_id": 3429,
      "wait_duration_stats_ns": {
        "count": 23.0,
        "sum": 170037898787.99997,
        "mean": 7392952121.21739,
        "median": 876670382.2337259,
        "min": 837,
        "max": 55345158061,
        "variance_ns2": 3.6073290825745675e+20,
        "iqr_ns": 44025836411.65142,
        "q1_ns": 81679114.81607027,
        "q3_ns": 44107515526.46749
      },
      "futex_op_counts": {
        "128": 23
      },
      "first_seen_ts_ns": 10874341368934,
      "last_seen_ts_ns": 10875343478242
    },
    {
      "tgid": 255324,
      "comm": "runc",
      "cgroup_id": 4085,
      "wait_duration_stats_ns": {
        "count": 327.0,
        "sum": 3557737668.0000005,
        "mean": 10879931.70642202,
        "median": 2249564.8153742612,
        "min": 5466,
        "max": 500197869,
        "variance_ns2": 2209532075725858.5,
        "iqr_ns": 15667664.622561257,
        "q1_ns": 47530.12025739979,
        "q3_ns": 15715194.742818657
      },
      "futex_op_counts": {
        "128": 327
      },
      "first_seen_ts_ns": 10833203899506,
      "last_seen_ts_ns": 10833740573572
    },
    {
      "tgid": 255601,
      "comm": "runc",
      "cgroup_id": 4085,
      "wait_duration_stats_ns": {
        "count": 234.0,
        "sum": 2999267987.0000005,
        "mean": 12817384.559829062,
        "median": 2480993.150748553,
        "min": 4696,
        "max": 400331576,
        "variance_ns2": 2023506039738561.8,
        "iqr_ns": 24853810.75647262,
        "q1_ns": 85442.63122467691,
        "q3_ns": 24939253.387697298
      },
      "futex_op_counts": {
        "128": 234
      },
      "first_seen_ts_ns": 10858023947176,
      "last_seen_ts_ns": 10858490569308
    },
    {
      "tgid": 255300,
      "comm": "runc",
      "cgroup_id": 4085,
      "wait_duration_stats_ns": {
        "count": 232.0,
        "sum": 2901429905.0,
        "mean": 12506163.38362069,
        "median": 2541939.3220552076,
        "min": 3782,
        "max": 403010392,
        "variance_ns2": 2651791485374638.0,
        "iqr_ns": 12975742.433759717,
        "q1_ns": 24654.525332782418,
        "q3_ns": 13000396.9590925
      },
      "futex_op_counts": {
        "128": 232
      },
      "first_seen_ts_ns": 10828040039465,
      "last_seen_ts_ns": 10828470651562
    },
    {
      "tgid": 255647,
      "comm": "runc",
      "cgroup_id": 4085,
      "wait_duration_stats_ns": {
        "count": 310.0,
        "sum": 2838751899.0000005,
        "mean": 9157264.190322582,
        "median": 353386.9705180837,
        "min": 482,
        "max": 400070669,
        "variance_ns2": 1645303841760428.2,
        "iqr_ns": 5741049.6678704005,
        "q1_ns": 52873.89142680471,
        "q3_ns": 5793923.559297205
      },
      "futex_op_counts": {
        "128": 310
      },
      "first_seen_ts_ns": 10868030034342,
      "last_seen_ts_ns": 10868460554579
    },
    {
      "tgid": 255252,
      "comm": "runc",
      "cgroup_id": 4085,
      "wait_duration_stats_ns": {
        "count": 249.0,
        "sum": 2739267471.0,
        "mean": 11001074.180722892,
        "median": 628473.0279020517,
        "min": 1014,
        "max": 400283250,
        "variance_ns2": 3082515292472379.5,
        "iqr_ns": 10387076.536651189,
        "q1_ns": 52786.844540195154,
        "q3_ns": 10439863.381191384
      },
      "futex_op_counts": {
        "128": 249
      },
      "first_seen_ts_ns": 10818030038773,
      "last_seen_ts_ns": 10818530548991
    },
    {
      "tgid": 255624,
      "comm": "runc",
      "cgroup_id": 4085,
      "wait_duration_stats_ns": {
        "count": 239.0,
        "sum": 2669040541.0,
        "mean": 11167533.644351464,
        "median": 559651.8912823648,
        "min": 4500,
        "max": 370281968,
        "variance_ns2": 1529777973408245.2,
        "iqr_ns": 7668783.141438439,
        "q1_ns": 41251.07913942334,
        "q3_ns": 7710034.220577862
      },
      "futex_op_counts": {
        "128": 239
      },
      "first_seen_ts_ns": 10863240039245,
      "last_seen_ts_ns": 10863700640060
    },
    {
      "tgid": 255500,
      "comm": "runc",
      "cgroup_id": 4085,
      "wait_duration_stats_ns": {
        "count": 226.0,
        "sum": 2395224735.0,
        "mean": 10598339.53539823,
        "median": 425018.8147784327,
        "min": 3802,
        "max": 356657198,
        "variance_ns2": 2726266336854430.5,
        "iqr_ns": 3671430.9678281704,
        "q1_ns": 46630.27100968718,
        "q3_ns": 3718061.2388378577
      },
      "futex_op_counts": {
        "128": 226
      },
      "first_seen_ts_ns": 10847991528318,
      "last_seen_ts_ns": 10848360680763
    },
    {
      "tgid": 255525,
      "comm": "runc",
      "cgroup_id": 4085,
      "wait_duration_stats_ns": {
        "count": 251.0,
        "sum": 2381933499.9999995,
        "mean": 9489774.900398405,
        "median": 2664292.8084719097,
        "min": 3648,
        "max": 320309656,
        "variance_ns2": 1027206048091210.6,
        "iqr_ns": 7906216.452511177,
        "q1_ns": 59280.93573194821,
        "q3_ns": 7965497.388243126
      },
      "futex_op_counts": {
        "128": 251
      },
      "first_seen_ts_ns": 10853240039424,
      "last_seen_ts_ns": 10853600664801
    },
    {
      "tgid": 255373,
      "comm": "xhpcg",
      "cgroup_id": 84567,
      "wait_duration_stats_ns": {
        "count": 298.0,
        "sum": 2017169548.000001,
        "mean": 6769025.328859064,
        "median": 4495031.963983175,
        "min": 15089,
        "max": 24358660,
        "variance_ns2": 27308846482951.63,
        "iqr_ns": 5439096.544279683,
        "q1_ns": 4001326.56518361,
        "q3_ns": 9440423.109463293
      },
      "futex_op_counts": {
        "128": 298
      },
      "first_seen_ts_ns": 10836026608608,
      "last_seen_ts_ns": 10855011910419
    },
    {
      "tgid": 255371,
      "comm": "xhpcg",
      "cgroup_id": 84567,
      "wait_duration_stats_ns": {
        "count": 236.0,
        "sum": 2014600918.000001,
        "mean": 8536444.567796614,
        "median": 5775644.741545339,
        "min": 32297,
        "max": 24717408,
        "variance_ns2": 39998964585631.14,
        "iqr_ns": 7693372.941624694,
        "q1_ns": 4176089.905595541,
        "q3_ns": 11869462.847220235
      },
      "futex_op_counts": {
        "128": 236
      },
      "first_seen_ts_ns": 10836026830270,
      "last_seen_ts_ns": 10855011909404
    },
    {
      "tgid": 255365,
      "comm": "xhpcg",
      "cgroup_id": 84567,
      "wait_duration_stats_ns": {
        "count": 297.0,
        "sum": 2014006112.0000002,
        "mean": 6781165.360269361,
        "median": 4456700.52548737,
        "min": 21911,
        "max": 24369784,
        "variance_ns2": 28299121546856.848,
        "iqr_ns": 4854105.89813656,
        "q1_ns": 3996772.3638929594,
        "q3_ns": 8850878.26202952
      },
      "futex_op_counts": {
        "128": 297
      },
      "first_seen_ts_ns": 10836026642057,
      "last_seen_ts_ns": 10855012781306
    },
    {
      "tgid": 255355,
      "comm": "xhpcg",
      "cgroup_id": 84567,
      "wait_duration_stats_ns": {
        "count": 220.0,
        "sum": 1979285707.0000014,
        "mean": 8996753.21363637,
        "median": 7071067.461136064,
        "min": 98472,
        "max": 25145909,
        "variance_ns2": 42655716151799.55,
        "iqr_ns": 9145763.96684605,
        "q1_ns": 3763168.5659952876,
        "q3_ns": 12908932.532841338
      },
      "futex_op_counts": {
        "128": 220
      },
      "first_seen_ts_ns": 10836026652066,
      "last_seen_ts_ns": 10855011938644
    },
    {
      "tgid": 255378,
      "comm": "xhpcg",
      "cgroup_id": 84567,
      "wait_duration_stats_ns": {
        "count": 210.0,
        "sum": 1912041003.0000005,
        "mean": 9104957.157142859,
        "median": 6910861.502441386,
        "min": 35200,
        "max": 28809712,
        "variance_ns2": 45756092497222.24,
        "iqr_ns": 8821929.61893479,
        "q1_ns": 3470763.1677392833,
        "q3_ns": 12292692.786674073
      },
      "futex_op_counts": {
        "128": 210
      },
      "first_seen_ts_ns": 10836026842526,
      "last_seen_ts_ns": 10855011929901
    },
    {
      "tgid": 255354,
      "comm": "xhpcg",
      "cgroup_id": 84567,
      "wait_duration_stats_ns": {
        "count": 231.0,
        "sum": 1892609528.9999983,
        "mean": 8193114.844155837,
        "median": 6148773.068815101,
        "min": 134187,
        "max": 24689185,
        "variance_ns2": 32830872556576.77,
        "iqr_ns": 8410452.080548838,
        "q1_ns": 4030204.4179285895,
        "q3_ns": 12440656.498477427
      },
      "futex_op_counts": {
        "128": 231
      },
      "first_seen_ts_ns": 10836026602412,
      "last_seen_ts_ns": 10855011902203
    },
    {
      "tgid": 255362,
      "comm": "xhpcg",
      "cgroup_id": 84567,
      "wait_duration_stats_ns": {
        "count": 205.0,
        "sum": 1890523644.9999995,
        "mean": 9222066.560975607,
        "median": 7354527.394915762,
        "min": 16828,
        "max": 26783537,
        "variance_ns2": 46165873602410.85,
        "iqr_ns": 9110596.90750512,
        "q1_ns": 3549493.0720535903,
        "q3_ns": 12660089.97955871
      },
      "futex_op_counts": {
        "128": 205
      },
      "first_seen_ts_ns": 10836026619604,
      "last_seen_ts_ns": 10855012359712
    },
    {
      "tgid": 255360,
      "comm": "xhpcg",
      "cgroup_id": 84567,
      "wait_duration_stats_ns": {
        "count": 236.0,
        "sum": 1885827507.0000002,
        "mean": 7990794.521186442,
        "median": 6074538.753711874,
        "min": 101640,
        "max": 24700047,
        "variance_ns2": 33839914021113.03,
        "iqr_ns": 8262485.0216548145,
        "q1_ns": 3845859.662098907,
        "q3_ns": 12108344.683753721
      },
      "futex_op_counts": {
        "128": 236
      },
      "first_seen_ts_ns": 10836026752450,
      "last_seen_ts_ns": 10855012257133
    },
    {
      "tgid": 255356,
      "comm": "xhpcg",
      "cgroup_id": 84567,
      "wait_duration_stats_ns": {
        "count": 228.0,
        "sum": 1881569377.0000007,
        "mean": 8252497.267543863,
        "median": 5509660.824960721,
        "min": 40842,
        "max": 25424769,
        "variance_ns2": 37158333201568.19,
        "iqr_ns": 8354429.909542722,
        "q1_ns": 3981537.726467236,
        "q3_ns": 12335967.636009958
      },
      "futex_op_counts": {
        "128": 228
      },
      "first_seen_ts_ns": 10836026754895,
      "last_seen_ts_ns": 10855011980749
    },
    {
      "tgid": 255352,
      "comm": "xhpcg",
      "cgroup_id": 84567,
      "wait_duration_stats_ns": {
        "count": 217.0,
        "sum": 1862459115.0000021,
        "mean": 8582760.89861752,
        "median": 6920253.559361011,
        "min": 15703,
        "max": 24370288,
        "variance_ns2": 37914376274483.93,
        "iqr_ns": 8425000.890894603,
        "q1_ns": 3929326.6344872126,
        "q3_ns": 12354327.525381815
      },
      "futex_op_counts": {
        "128": 217
      },
      "first_seen_ts_ns": 10836026674267,
      "last_seen_ts_ns": 10855012787956
    },
    {
      "tgid": 255358,
      "comm": "xhpcg",
      "cgroup_id": 84567,
      "wait_duration_stats_ns": {
        "count": 241.0,
        "sum": 1847259617.9999993,
        "mean": 7664977.66804979,
        "median": 4558186.413235789,
        "min": 23378,
        "max": 24381052,
        "variance_ns2": 31840070648603.105,
        "iqr_ns": 8439832.646827787,
        "q1_ns": 3841888.528861564,
        "q3_ns": 12281721.17568935
      },
      "futex_op_counts": {
        "128": 241
      },
      "first_seen_ts_ns": 10836026737118,
      "last_seen_ts_ns": 10855012782171
    },
    {
      "tgid": 255369,
      "comm": "xhpcg",
      "cgroup_id": 84567,
      "wait_duration_stats_ns": {
        "count": 223.0,
        "sum": 1844298842.0000002,
        "mean": 8270398.394618835,
        "median": 6284881.673302623,
        "min": 73042,
        "max": 24853072,
        "variance_ns2": 35609670061181.37,
        "iqr_ns": 8546360.706461612,
        "q1_ns": 3834924.0262033804,
        "q3_ns": 12381284.732664993
      },
      "futex_op_counts": {
        "128": 223
      },
      "first_seen_ts_ns": 10836026738101,
      "last_seen_ts_ns": 10855012465404
    },
    {
      "tgid": 255376,
      "comm": "xhpcg",
      "cgroup_id": 84567,
      "wait_duration_stats_ns": {
        "count": 239.0,
        "sum": 1842358757.0000007,
        "mean": 7708614.046025108,
        "median": 4984450.704334471,
        "min": 29261,
        "max": 24718164,
        "variance_ns2": 36816773772762.96,
        "iqr_ns": 8353052.915777289,
        "q1_ns": 3598309.07973677,
        "q3_ns": 11951361.99551406
      },
      "futex_op_counts": {
        "128": 239
      },
      "first_seen_ts_ns": 10836026908627,
      "last_seen_ts_ns": 10855012838387
    },
    {
      "tgid": 255353,
      "comm": "xhpcg",
      "cgroup_id": 84567,
      "wait_duration_stats_ns": {
        "count": 230.0,
        "sum": 1813578209.9999993,
        "mean": 7885122.65217391,
        "median": 5371545.528810619,
        "min": 54619,
        "max": 24346148,
        "variance_ns2": 32725976884499.04,
        "iqr_ns": 8604677.622549342,
        "q1_ns": 3830256.8552997764,
        "q3_ns": 12434934.477849118
      },
      "futex_op_counts": {
        "128": 230
      },
      "first_seen_ts_ns": 10836026710338,
      "last_seen_ts_ns": 10855012181197
    },
    {
      "tgid": 255367,
      "comm": "xhpcg",
      "cgroup_id": 84567,
      "wait_duration_stats_ns": {
        "count": 232.0,
        "sum": 1812230320.0000005,
        "mean": 7811337.586206898,
        "median": 5256504.279528242,
        "min": 55746,
        "max": 24693509,
        "variance_ns2": 33203733037094.395,
        "iqr_ns": 8577042.96886198,
        "q1_ns": 3852505.6701625832,
        "q3_ns": 12429548.639024563
      },
      "futex_op_counts": {
        "128": 232
      },
      "first_seen_ts_ns": 10836026727596,
      "last_seen_ts_ns": 10855012036248
    },
    {
      "tgid": 255374,
      "comm": "xhpcg",
      "cgroup_id": 84567,
      "wait_duration_stats_ns": {
        "count": 227.0,
        "sum": 1776032028.0,
        "mean": 7823929.63876652,
        "median": 5741678.202296602,
        "min": 28118,
        "max": 24701546,
        "variance_ns2": 32512135715670.832,
        "iqr_ns": 8561851.527628366,
        "q1_ns": 3841781.09727467,
        "q3_ns": 12403632.624903036
      },
      "futex_op_counts": {
        "128": 227
      },
      "first_seen_ts_ns": 10836026759033,
      "last_seen_ts_ns": 10855012809902
    },
    {
      "tgid": 255262,
      "comm": "runc:[2:INIT]",
      "cgroup_id": 5011,
      "wait_duration_stats_ns": {
        "count": 32.0,
        "sum": 1729137442.9999998,
        "mean": 54035545.09374999,
        "median": 26162271.483388018,
        "min": 1215,
        "max": 269980766,
        "variance_ns2": 6472371635494840.0,
        "iqr_ns": 35014490.73825301,
        "q1_ns": 9754933.570902362,
        "q3_ns": 44769424.309155375
      },
      "futex_op_counts": {
        "128": 32
      },
      "first_seen_ts_ns": 10818180202310,
      "last_seen_ts_ns": 10818550033553
    },
    {
      "tgid": 255277,
      "comm": "runc",
      "cgroup_id": 4085,
      "wait_duration_stats_ns": {
        "count": 306.0,
        "sum": 1547204359.9999998,
        "mean": 5056223.39869281,
        "median": 301237.19255802326,
        "min": 485,
        "max": 224170878,
        "variance_ns2": 706197853241834.8,
        "iqr_ns": 6035402.469269956,
        "q1_ns": 20054.908473267624,
        "q3_ns": 6055457.377743224
      },
      "futex_op_counts": {
        "128": 306
      },
      "first_seen_ts_ns": 10823210031417,
      "last_seen_ts_ns": 10823438386532
    },
    {
      "tgid": 255473,
      "comm": "runc",
      "cgroup_id": 4085,
      "wait_duration_stats_ns": {
        "count": 338.0,
        "sum": 1395549915.9999995,
        "mean": 4128845.9053254426,
        "median": 164360.71338017134,
        "min": 477,
        "max": 194686554,
        "variance_ns2": 584441126185852.4,
        "iqr_ns": 1403307.3744161369,
        "q1_ns": 21487.79915432393,
        "q3_ns": 1424795.1735704609
      },
      "futex_op_counts": {
        "128": 338
      },
      "first_seen_ts_ns": 10843224532763,
      "last_seen_ts_ns": 10843424909421
    },
    {
      "tgid": 255658,
      "comm": "runc:[2:INIT]",
      "cgroup_id": 5011,
      "wait_duration_stats_ns": {
        "count": 25.0,
        "sum": 1355192153.0,
        "mean": 54207686.12,
        "median": 31651796.054561414,
        "min": 3727,
        "max": 199856889,
        "variance_ns2": 4203551832059372.5,
        "iqr_ns": 37907050.917052254,
        "q1_ns": 22158975.149906054,
        "q3_ns": 60066026.06695831
      },
      "futex_op_counts": {
        "128": 25
      },
      "first_seen_ts_ns": 10868200034886,
      "last_seen_ts_ns": 10868480036967
    },
    {
      "tgid": 255208,
      "comm": "xhpcg",
      "cgroup_id": 84567,
      "wait_duration_stats_ns": {
        "count": 208.0,
        "sum": 1331820776.999999,
        "mean": 6402984.504807688,
        "median": 4512025.644382326,
        "min": 27592,
        "max": 24134788,
        "variance_ns2": 32608450948409.24,
        "iqr_ns": 6513245.884664357,
        "q1_ns": 2165709.1019999576,
        "q3_ns": 8678954.986664314
      },
      "futex_op_counts": {
        "128": 208
      },
      "first_seen_ts_ns": 10817016585332,
      "last_seen_ts_ns": 10835214326195
    },
    {
      "tgid": 255207,
      "comm": "xhpcg",
      "cgroup_id": 84567,
      "wait_duration_stats_ns": {
        "count": 175.0,
        "sum": 1329179863.0000002,
        "mean": 7595313.502857144,
        "median": 4877535.785466436,
        "min": 23538,
        "max": 29277327,
        "variance_ns2": 45271176500237.09,
        "iqr_ns": 10320772.563744642,
        "q1_ns": 2596519.2549586697,
        "q3_ns": 12917291.81870331
      },
      "futex_op_counts": {
        "128": 175
      },
      "first_seen_ts_ns": 10817016545222,
      "last_seen_ts_ns": 10835214407020
    },
    {
      "tgid": 255206,
      "comm": "xhpcg",
      "cgroup_id": 84567,
      "wait_duration_stats_ns": {
        "count": 186.0,
        "sum": 1324731953.9999995,
        "mean": 7122214.80645161,
        "median": 4601044.34755778,
        "min": 13182,
        "max": 25914395,
        "variance_ns2": 43924991041014.25,
        "iqr_ns": 10069103.057095872,
        "q1_ns": 2088447.6154362976,
        "q3_ns": 12157550.67253217
      },
      "futex_op_counts": {
        "128": 186
      },
      "first_seen_ts_ns": 10817016498623,
      "last_seen_ts_ns": 10835214228259
    },
    {
      "tgid": 255203,
      "comm": "xhpcg",
      "cgroup_id": 84567,
      "wait_duration_stats_ns": {
        "count": 169.0,
        "sum": 1320526669.0000005,
        "mean": 7813767.272189352,
        "median": 5948271.225874396,
        "min": 1858,
        "max": 29390268,
        "variance_ns2": 47233412993276.79,
        "iqr_ns": 10230888.609919908,
        "q1_ns": 2409075.4378550816,
        "q3_ns": 12639964.04777499
      },
      "futex_op_counts": {
        "128": 169
      },
      "first_seen_ts_ns": 10817016638255,
      "last_seen_ts_ns": 10835214919434
    },
    {
      "tgid": 255227,
      "comm": "xhpcg",
      "cgroup_id": 84567,
      "wait_duration_stats_ns": {
        "count": 218.0,
        "sum": 1315778387.9999998,
        "mean": 6035680.678899081,
        "median": 4278779.492961617,
        "min": 24185,
        "max": 24328491,
        "variance_ns2": 32353634321736.82,
        "iqr_ns": 7908155.754280496,
        "q1_ns": 1664299.594615605,
        "q3_ns": 9572455.348896101
      },
      "futex_op_counts": {
        "128": 218
      },
      "first_seen_ts_ns": 10817016709813,
      "last_seen_ts_ns": 10835214272632
    },
    {
      "tgid": 255336,
      "comm": "runc:[2:INIT]",
      "cgroup_id": 5011,
      "wait_duration_stats_ns": {
        "count": 22.0,
        "sum": 1307011048.0,
        "mean": 59409593.09090909,
        "median": 27155606.911792174,
        "min": 49815,
        "max": 219860612,
        "variance_ns2": 5890757461001373.0,
        "iqr_ns": 52064142.20970775,
        "q1_ns": 26190027.9238704,
        "q3_ns": 78254170.13357815
      },
      "futex_op_counts": {
        "128": 22
      },
      "first_seen_ts_ns": 10833490036142,
      "last_seen_ts_ns": 10833760107007
    },
    {
      "tgid": 255215,
      "comm": "xhpcg",
      "cgroup_id": 84567,
      "wait_duration_stats_ns": {
        "count": 169.0,
        "sum": 1304203069.0,
        "mean": 7717177.923076923,
        "median": 5592935.974247513,
        "min": 34295,
        "max": 29432147,
        "variance_ns2": 49888885800009.79,
        "iqr_ns": 11140166.87294773,
        "q1_ns": 1728160.9054413436,
        "q3_ns": 12868327.778389074
      },
      "futex_op_counts": {
        "128": 169
      },
      "first_seen_ts_ns": 10817016692000,
      "last_seen_ts_ns": 10835214404010
    },
    {
      "tgid": 255204,
      "comm": "xhpcg",
      "cgroup_id": 84567,
      "wait_duration_stats_ns": {
        "count": 198.0,
        "sum": 1303024995.0000007,
        "mean": 6580934.318181822,
        "median": 4621212.742530927,
        "min": 28795,
        "max": 24318517,
        "variance_ns2": 36040595204717.86,
        "iqr_ns": 7312320.251286566,
        "q1_ns": 2068312.802567054,
        "q3_ns": 9380633.05385362
      },
      "futex_op_counts": {
        "128": 198
      },
      "first_seen_ts_ns": 10817016783124,
      "last_seen_ts_ns": 10835213769253
    },
    {
      "tgid": 255223,
      "comm": "xhpcg",
      "cgroup_id": 84567,
      "wait_duration_stats_ns": {
        "count": 164.0,
        "sum": 1296721913.9999995,
        "mean": 7906840.939024388,
        "median": 5820573.184100635,
        "min": 25418,
        "max": 29398409,
        "variance_ns2": 50032963421147.07,
        "iqr_ns": 11118811.379080236,
        "q1_ns": 1802651.6363159546,
        "q3_ns": 12921463.01539619
      },
      "futex_op_counts": {
        "128": 164
      },
      "first_seen_ts_ns": 10817016444873,
      "last_seen_ts_ns": 10835214877524
    },
    {
      "tgid": 255220,
      "comm": "xhpcg",
      "cgroup_id": 84567,
      "wait_duration_stats_ns": {
        "count": 208.0,
        "sum": 1294618468.9999998,
        "mean": 6224127.254807691,
        "median": 4012380.5151212146,
        "min": 18541,
        "max": 24295248,
        "variance_ns2": 34012235321254.04,
        "iqr_ns": 8811848.727941792,
        "q1_ns": 1714960.7965811193,
        "q3_ns": 10526809.524522912
      },
      "futex_op_counts": {
        "128": 208
      },
      "first_seen_ts_ns": 10817016702529,
      "last_seen_ts_ns": 10835213817970
    },
    {
      "tgid": 255221,
      "comm": "xhpcg",
      "cgroup_id": 84567,
      "wait_duration_stats_ns": {
        "count": 180.0,
        "sum": 1292336461.0,
        "mean": 7179647.005555556,
        "median": 4957836.673991673,
        "min": 33043,
        "max": 24331894,
        "variance_ns2": 43121584165533.914,
        "iqr_ns": 9603893.423092818,
        "q1_ns": 1875330.4577159937,
        "q3_ns": 11479223.880808812
      },
      "futex_op_counts": {
        "128": 180
      },
      "first_seen_ts_ns": 10817016908488,
      "last_seen_ts_ns": 10835214182178
    },
    {
      "tgid": 255225,
      "comm": "xhpcg",
      "cgroup_id": 84567,
      "wait_duration_stats_ns": {
        "count": 188.0,
        "sum": 1288963458.9999995,
        "mean": 6856188.6117021255,
        "median": 4574740.230190228,
        "min": 1410,
        "max": 24877206,
        "variance_ns2": 41185353634724.625,
        "iqr_ns": 10793737.38299526,
        "q1_ns": 1557537.6129477338,
        "q3_ns": 12351274.995942995
      },
      "futex_op_counts": {
        "128": 188
      },
      "first_seen_ts_ns": 10817016551133,
      "last_seen_ts_ns": 10835214180048
    },
    {
      "tgid": 255212,
      "comm": "xhpcg",
      "cgroup_id": 84567,
      "wait_duration_stats_ns": {
        "count": 197.0,
        "sum": 1287179489.0000002,
        "mean": 6533906.035532996,
        "median": 4307229.819290546,
        "min": 14542,
        "max": 24314008,
        "variance_ns2": 36541275712152.195,
        "iqr_ns": 10211460.008810673,
        "q1_ns": 1689256.7613783337,
        "q3_ns": 11900716.770189006
      },
      "futex_op_counts": {
        "128": 197
      },
      "first_seen_ts_ns": 10817016539507,
      "last_seen_ts_ns": 10835214205475
    },
    {
      "tgid": 255229,
      "comm": "xhpcg",
      "cgroup_id": 84567,
      "wait_duration_stats_ns": {
        "count": 180.0,
        "sum": 1286899008.0000005,
        "mean": 7149438.933333335,
        "median": 4754978.299341281,
        "min": 25516,
        "max": 24421491,
        "variance_ns2": 38348579579486.25,
        "iqr_ns": 8358562.101548227,
        "q1_ns": 2448358.076689033,
        "q3_ns": 10806920.17823726
      },
      "futex_op_counts": {
        "128": 180
      },
      "first_seen_ts_ns": 10817016613480,
      "last_seen_ts_ns": 10835214590144
    },
    {
      "tgid": 255205,
      "comm": "xhpcg",
      "cgroup_id": 84567,
      "wait_duration_stats_ns": {
        "count": 186.0,
        "sum": 1282279810.9999993,
        "mean": 6893977.47849462,
        "median": 4683964.562522248,
        "min": 16171,
        "max": 24106790,
        "variance_ns2": 39690258230154.84,
        "iqr_ns": 9818980.386605972,
        "q1_ns": 1839356.2218430357,
        "q3_ns": 11658336.608449008
      },
      "futex_op_counts": {
        "128": 186
      },
      "first_seen_ts_ns": 10817016589622,
      "last_seen_ts_ns": 10835214855003
    },
    {
      "tgid": 255214,
      "comm": "xhpcg",
      "cgroup_id": 84567,
      "wait_duration_stats_ns": {
        "count": 162.0,
        "sum": 1278027151.0,
        "mean": 7889056.487654321,
        "median": 5510212.6609473415,
        "min": 51991,
        "max": 24140398,
        "variance_ns2": 45003325795753.26,
        "iqr_ns": 9977253.586971797,
        "q1_ns": 2830899.6420538477,
        "q3_ns": 12808153.229025645
      },
      "futex_op_counts": {
        "128": 162
      },
      "first_seen_ts_ns": 10817016710326,
      "last_seen_ts_ns": 10835214835905
    },
    {
      "tgid": 255217,
      "comm": "xhpcg",
      "cgroup_id": 84567,
      "wait_duration_stats_ns": {
        "count": 192.0,
        "sum": 1275239265.9999995,
        "mean": 6641871.177083331,
        "median": 4553649.245218564,
        "min": 29838,
        "max": 24306459,
        "variance_ns2": 40001546992717.586,
        "iqr_ns": 10369152.481185336,
        "q1_ns": 1420516.026489128,
        "q3_ns": 11789668.507674463
      },
      "futex_op_counts": {
        "128": 192
      },
      "first_seen_ts_ns": 10817016511431,
      "last_seen_ts_ns": 10835214271337
    },
    {
      "tgid": 255311,
      "comm": "runc:[2:INIT]",
      "cgroup_id": 5011,
      "wait_duration_stats_ns": {
        "count": 25.0,
        "sum": 1223361454.0000002,
        "mean": 48934458.16000001,
        "median": 25604071.13198222,
        "min": 67329,
        "max": 217516377,
        "variance_ns2": 4311901022444950.5,
        "iqr_ns": 21962227.176175073,
        "q1_ns": 18713365.82528048,
        "q3_ns": 40675593.00145555
      },
      "futex_op_counts": {
        "128": 25
      },
      "first_seen_ts_ns": 10828220036860,
      "last_seen_ts_ns": 10828490067301
    },
    {
      "tgid": 255512,
      "comm": "runc:[2:INIT]",
      "cgroup_id": 5011,
      "wait_duration_stats_ns": {
        "count": 25.0,
        "sum": 1185149140.9999998,
        "mean": 47405965.63999999,
        "median": 13354182.73004165,
        "min": 611,
        "max": 193536337,
        "variance_ns2": 4751486861105451.0,
        "iqr_ns": 45495924.17076684,
        "q1_ns": 12939931.482685184,
        "q3_ns": 58435855.653452024
      },
      "futex_op_counts": {
        "128": 25
      },
      "first_seen_ts_ns": 10848133827202,
      "last_seen_ts_ns": 10848363295436
    },
    {
      "tgid": 255612,
      "comm": "runc:[2:INIT]",
      "cgroup_id": 5011,
      "wait_duration_stats_ns": {
        "count": 28.0,
        "sum": 985539523.0,
        "mean": 35197840.10714286,
        "median": 23295403.527235433,
        "min": 8850174,
        "max": 119882121,
        "variance_ns2": 770372693003430.2,
        "iqr_ns": 22124510.506659344,
        "q1_ns": 16923588.554864556,
        "q3_ns": 39048099.0615239
      },
      "futex_op_counts": {
        "128": 28
      },
      "first_seen_ts_ns": 10858300037137,
      "last_seen_ts_ns": 10858510038878
    },
    {
      "tgid": 255484,
      "comm": "runc:[2:INIT]",
      "cgroup_id": 5011,
      "wait_duration_stats_ns": {
        "count": 24.0,
        "sum": 932837607.0,
        "mean": 38868233.625,
        "median": 5622053.531147489,
        "min": 11415,
        "max": 185797550,
        "variance_ns2": 5588579716925384.0,
        "iqr_ns": 62842793.141207226,
        "q1_ns": 306237.5610514113,
        "q3_ns": 63149030.70225864
      },
      "futex_op_counts": {
        "128": 24
      },
      "first_seen_ts_ns": 10843238560829,
      "last_seen_ts_ns": 10843424831238
    },
    {
      "tgid": 255634,
      "comm": "runc:[2:INIT]",
      "cgroup_id": 5011,
      "wait_duration_stats_ns": {
        "count": 28.0,
        "sum": 928143067.0,
        "mean": 33147966.67857143,
        "median": 23656231.58988878,
        "min": 8817374,
        "max": 109889091,
        "variance_ns2": 631676982138300.5,
        "iqr_ns": 28755414.691541363,
        "q1_ns": 12896158.121291872,
        "q3_ns": 41651572.812833235
      },
      "futex_op_counts": {
        "128": 28
      },
      "first_seen_ts_ns": 10863520036835,
      "last_seen_ts_ns": 10863720036724
    },
    {
      "tgid": 255824,
      "comm": "runc",
      "cgroup_id": 4085,
      "wait_duration_stats_ns": {
        "count": 335.0,
        "sum": 851105939.0000002,
        "mean": 2540614.743283583,
        "median": 116433.04342074433,
        "min": 1810,
        "max": 110215776,
        "variance_ns2": 244607822566013.7,
        "iqr_ns": 681704.1148514899,
        "q1_ns": 20119.839466616846,
        "q3_ns": 701823.9543181068
      },
      "futex_op_counts": {
        "128": 335
      },
      "first_seen_ts_ns": 10873203359791,
      "last_seen_ts_ns": 10873313838019
    },
    {
      "tgid": 255288,
      "comm": "runc:[2:INIT]",
      "cgroup_id": 5011,
      "wait_duration_stats_ns": {
        "count": 25.0,
        "sum": 850783178.9999999,
        "mean": 34031327.16,
        "median": 18517420.82716044,
        "min": 10398,
        "max": 141515666,
        "variance_ns2": 2310820847837007.0,
        "iqr_ns": 42022208.4807229,
        "q1_ns": 3570467.9881276423,
        "q3_ns": 45592676.46885054
      },
      "futex_op_counts": {
        "128": 25
      },
      "first_seen_ts_ns": 10823270034441,
      "last_seen_ts_ns": 10823450034366
    },
    {
      "tgid": 255537,
      "comm": "runc:[2:INIT]",
      "cgroup_id": 5011,
      "wait_duration_stats_ns": {
        "count": 24.0,
        "sum": 714927162.0,
        "mean": 29788631.75,
        "median": 21577752.420622543,
        "min": 16973,
        "max": 99869312,
        "variance_ns2": 851012126418987.1,
        "iqr_ns": 23972133.45712969,
        "q1_ns": 9228184.721458334,
        "q3_ns": 33200318.178588025
      },
      "futex_op_counts": {
        "128": 24
      },
      "first_seen_ts_ns": 10853470034984,
      "last_seen_ts_ns": 10853620050362
    },
    {
      "tgid": 255571,
      "comm": "xhpcg",
      "cgroup_id": 84567,
      "wait_duration_stats_ns": {
        "count": 97.0,
        "sum": 696871459.0,
        "mean": 7184241.845360825,
        "median": 4640260.660338084,
        "min": 33051,
        "max": 25555004,
        "variance_ns2": 40309343888825.15,
        "iqr_ns": 4785771.108609006,
        "q1_ns": 3972709.2900468945,
        "q3_ns": 8758480.3986559
      },
      "futex_op_counts": {
        "128": 97
      },
      "first_seen_ts_ns": 10855827638396,
      "last_seen_ts_ns": 10872759074607
    },
    {
      "tgid": 255557,
      "comm": "xhpcg",
      "cgroup_id": 84567,
      "wait_duration_stats_ns": {
        "count": 112.0,
        "sum": 695960999.0,
        "mean": 6213937.491071429,
        "median": 4247833.845799698,
        "min": 19422,
        "max": 23993217,
        "variance_ns2": 31309656370956.684,
        "iqr_ns": 5193442.156207638,
        "q1_ns": 3533867.870259525,
        "q3_ns": 8727310.026467163
      },
      "futex_op_counts": {
        "128": 112
      },
      "first_seen_ts_ns": 10855827358212,
      "last_seen_ts_ns": 10872758793479
    },
    {
      "tgid": 255556,
      "comm": "xhpcg",
      "cgroup_id": 84567,
      "wait_duration_stats_ns": {
        "count": 87.0,
        "sum": 674727551.9999998,
        "mean": 7755489.103448274,
        "median": 4590269.93871368,
        "min": 24351,
        "max": 28696886,
        "variance_ns2": 44545701183490.875,
        "iqr_ns": 8534961.451027088,
        "q1_ns": 3725610.2521090014,
        "q3_ns": 12260571.703136088
      },
      "futex_op_counts": {
        "128": 87
      },
      "first_seen_ts_ns": 10855827449734,
      "last_seen_ts_ns": 10872758590436
    },
    {
      "tgid": 255575,
      "comm": "xhpcg",
      "cgroup_id": 84567,
      "wait_duration_stats_ns": {
        "count": 106.0,
        "sum": 663212735.0000002,
        "mean": 6256723.915094342,
        "median": 4131977.3318911535,
        "min": 14876,
        "max": 24102091,
        "variance_ns2": 29269084955948.125,
        "iqr_ns": 5792679.94109343,
        "q1_ns": 3538141.2919444847,
        "q3_ns": 9330821.233037915
      },
      "futex_op_counts": {
        "128": 106
      },
      "first_seen_ts_ns": 10855827594376,
      "last_seen_ts_ns": 10872758845725
    },
    {
      "tgid": 255555,
      "comm": "xhpcg",
      "cgroup_id": 84567,
      "wait_duration_stats_ns": {
        "count": 88.0,
        "sum": 662416864.9999999,
        "mean": 7527464.374999999,
        "median": 4334436.114681263,
        "min": 49802,
        "max": 24092557,
        "variance_ns2": 36756754166519.56,
        "iqr_ns": 8823137.854474919,
        "q1_ns": 3851299.787983552,
        "q3_ns": 12674437.64245847
      },
      "futex_op_counts": {
        "128": 88
      },
      "first_seen_ts_ns": 10855827229040,
      "last_seen_ts_ns": 10872759021808
    },
    {
      "tgid": 255573,
      "comm": "xhpcg",
      "cgroup_id": 84567,
      "wait_duration_stats_ns": {
        "count": 96.0,
        "sum": 654698382.0,
        "mean": 6819774.8125,
        "median": 4453140.017437547,
        "min": 1746,
        "max": 28743231,
        "variance_ns2": 39311812478596.11,
        "iqr_ns": 9837545.292625137,
        "q1_ns": 2794507.173537238,
        "q3_ns": 12632052.466162374
      },
      "futex_op_counts": {
        "128": 96
      },
      "first_seen_ts_ns": 10855827522669,
      "last_seen_ts_ns": 10872758874396
    },
    {
      "tgid": 255554,
      "comm": "xhpcg",
      "cgroup_id": 84567,
      "wait_duration_stats_ns": {
        "count": 95.0,
        "sum": 653868574.0,
        "mean": 6882827.0947368415,
        "median": 4207365.964833156,
        "min": 96232,
        "max": 24085892,
        "variance_ns2": 36281739196094.96,
        "iqr_ns": 9537011.23994266,
        "q1_ns": 2845403.254146127,
        "q3_ns": 12382414.494088788
      },
      "futex_op_counts": {
        "128": 95
      },
      "first_seen_ts_ns": 10855827405689,
      "last_seen_ts_ns": 10872758503168
    },
    {
      "tgid": 255568,
      "comm": "xhpcg",
      "cgroup_id": 84567,
      "wait_duration_stats_ns": {
        "count": 97.0,
        "sum": 653044195.9999999,
        "mean": 6732414.3917525755,
        "median": 4407012.815794661,
        "min": 68782,
        "max": 25517042,
        "variance_ns2": 36641506631308.875,
        "iqr_ns": 7538239.417884758,
        "q1_ns": 2391364.020269528,
        "q3_ns": 9929603.438154286
      },
      "futex_op_counts": {
        "128": 97
      },
      "first_seen_ts_ns": 10855827312205,
      "last_seen_ts_ns": 10872758770739
    },
    {
      "tgid": 255553,
      "comm": "xhpcg",
      "cgroup_id": 84567,
      "wait_duration_stats_ns": {
        "count": 86.0,
        "sum": 649358727.9999999,
        "mean": 7550682.883720929,
        "median": 4576929.393869168,
        "min": 131995,
        "max": 24045493,
        "variance_ns2": 44529461118619.61,
        "iqr_ns": 10166234.482878033,
        "q1_ns": 2703614.3009126754,
        "q3_ns": 12869848.78379071
      },
      "futex_op_counts": {
        "128": 86
      },
      "first_seen_ts_ns": 10855827421874,
      "last_seen_ts_ns": 10872758590956
    },
    {
      "tgid": 255563,
      "comm": "xhpcg",
      "cgroup_id": 84567,
      "wait_duration_stats_ns": {
        "count": 80.0,
        "sum": 647906606.0000001,
        "mean": 8098832.575000001,
        "median": 5083252.035866413,
        "min": 43929,
        "max": 25501086,
        "variance_ns2": 43808375533542.45,
        "iqr_ns": 8875612.964221101,
        "q1_ns": 4041323.8654267937,
        "q3_ns": 12916936.829647895
      },
      "futex_op_counts": {
        "128": 80
      },
      "first_seen_ts_ns": 10855827473103,
      "last_seen_ts_ns": 10872758837278
    },
    {
      "tgid": 255447,
      "comm": "runc",
      "cgroup_id": 4085,
      "wait_duration_stats_ns": {
        "count": 335.0,
        "sum": 645187812.9999999,
        "mean": 1925933.7701492533,
        "median": 77489.9614088047,
        "min": 541,
        "max": 95361819,
        "variance_ns2": 140046038697825.22,
        "iqr_ns": 485147.8329987767,
        "q1_ns": 12355.457034060128,
        "q3_ns": 497503.29003283684
      },
      "futex_op_counts": {
        "128": 335
      },
      "first_seen_ts_ns": 10837988813326,
      "last_seen_ts_ns": 10838086809256
    },
    {
      "tgid": 255561,
      "comm": "xhpcg",
      "cgroup_id": 84567,
      "wait_duration_stats_ns": {
        "count": 97.0,
        "sum": 642229724.9999999,
        "mean": 6620924.999999999,
        "median": 4457014.245814424,
        "min": 18539,
        "max": 24087033,
        "variance_ns2": 32413676579621.86,
        "iqr_ns": 8711706.96875692,
        "q1_ns": 3661430.0710664988,
        "q3_ns": 12373137.039823418
      },
      "futex_op_counts": {
        "128": 97
      },
      "first_seen_ts_ns": 10855827459056,
      "last_seen_ts_ns": 10872759064119
    },
    {
      "tgid": 255559,
      "comm": "xhpcg",
      "cgroup_id": 84567,
      "wait_duration_stats_ns": {
        "count": 94.0,
        "sum": 642006509.9999999,
        "mean": 6829856.489361701,
        "median": 4513079.735723843,
        "min": 140302,
        "max": 25505458,
        "variance_ns2": 34014799601715.195,
        "iqr_ns": 9069539.999562224,
        "q1_ns": 2667943.832696142,
        "q3_ns": 11737483.832258366
      },
      "futex_op_counts": {
        "128": 94
      },
      "first_seen_ts_ns": 10855827286898,
      "last_seen_ts_ns": 10872758787002
    },
    {
      "tgid": 255566,
      "comm": "xhpcg",
      "cgroup_id": 84567,
      "wait_duration_stats_ns": {
        "count": 85.0,
        "sum": 638231618.9999999,
        "mean": 7508607.282352939,
        "median": 4556465.5625283765,
        "min": 133888,
        "max": 25503355,
        "variance_ns2": 41352331937352.71,
        "iqr_ns": 9638347.050967027,
        "q1_ns": 2908868.0519159185,
        "q3_ns": 12547215.102882944
      },
      "futex_op_counts": {
        "128": 85
      },
      "first_seen_ts_ns": 10855827568114,
      "last_seen_ts_ns": 10872759057120
    },
    {
      "tgid": 255579,
      "comm": "xhpcg",
      "cgroup_id": 84567,
      "wait_duration_stats_ns": {
        "count": 84.0,
        "sum": 634742807.0,
        "mean": 7556461.988095239,
        "median": 4610857.084413755,
        "min": 26323,
        "max": 25378003,
        "variance_ns2": 44623170105314.61,
        "iqr_ns": 9768410.992331874,
        "q1_ns": 2625075.7850170406,
        "q3_ns": 12393486.777348915
      },
      "futex_op_counts": {
        "128": 84
      },
      "first_seen_ts_ns": 10855827896802,
      "last_seen_ts_ns": 10872758606238
    },
    {
      "tgid": 255570,
      "comm": "xhpcg",
      "cgroup_id": 84567,
      "wait_duration_stats_ns": {
        "count": 88.0,
        "sum": 627436060.0,
        "mean": 7129955.227272727,
        "median": 4319689.77707061,
        "min": 35879,
        "max": 25530920,
        "variance_ns2": 39730321899973.97,
        "iqr_ns": 9293175.375694025,
        "q1_ns": 2914182.8151713465,
        "q3_ns": 12207358.190865371
      },
      "futex_op_counts": {
        "128": 88
      },
      "first_seen_ts_ns": 10855827338538,
      "last_seen_ts_ns": 10872758857713
    },
    {
      "tgid": 255577,
      "comm": "xhpcg",
      "cgroup_id": 84567,
      "wait_duration_stats_ns": {
        "count": 94.0,
        "sum": 624933611.9999998,
        "mean": 6648229.914893615,
        "median": 4342498.8246270185,
        "min": 26619,
        "max": 24091638,
        "variance_ns2": 37207736715970.945,
        "iqr_ns": 9284859.277920699,
        "q1_ns": 2265931.033697212,
        "q3_ns": 11550790.31161791
      },
      "futex_op_counts": {
        "128": 94
      },
      "first_seen_ts_ns": 10855827605853,
      "last_seen_ts_ns": 10872758907069
    },
    {
      "tgid": 255416,
      "comm": "aws-cni",
      "cgroup_id": 4085,
      "wait_duration_stats_ns": {
        "count": 215.0,
        "sum": 517333986.0000001,
        "mean": 2406204.5860465122,
        "median": 326284.36534521484,
        "min": 3789,
        "max": 79981092,
        "variance_ns2": 61418896628485.53,
        "iqr_ns": 4918765.578126699,
        "q1_ns": 58328.55077289851,
        "q3_ns": 4977094.128899598
      },
      "futex_op_counts": {
        "128": 215
      },
      "first_seen_ts_ns": 10837643836991,
      "last_seen_ts_ns": 10837760142112
    },
    {
      "tgid": 255836,
      "comm": "runc:[2:INIT]",
      "cgroup_id": 5011,
      "wait_duration_stats_ns": {
        "count": 26.0,
        "sum": 513854736.0,
        "mean": 19763643.692307692,
        "median": 1529707.5359009185,
        "min": 10929,
        "max": 102626978,
        "variance_ns2": 1649168638865291.2,
        "iqr_ns": 11824665.734151019,
        "q1_ns": 376352.5278379029,
        "q3_ns": 12201018.261988921
      },
      "futex_op_counts": {
        "128": 26
      },
      "first_seen_ts_ns": 10873210461894,
      "last_seen_ts_ns": 10873313743643
    },
    {
      "tgid": 255458,
      "comm": "runc:[2:INIT]",
      "cgroup_id": 5011,
      "wait_duration_stats_ns": {
        "count": 22.0,
        "sum": 430959432.00000006,
        "mean": 19589065.090909094,
        "median": 818597.5427752596,
        "min": 450,
        "max": 86423347,
        "variance_ns2": 1201300629391029.5,
        "iqr_ns": 8395240.220635025,
        "q1_ns": 266450.4329626874,
        "q3_ns": 8661690.653597713
      },
      "futex_op_counts": {
        "128": 22
      },
      "first_seen_ts_ns": 10837999880902,
      "last_seen_ts_ns": 10838086785948
    },
    {
      "tgid": 255512,
      "comm": "grpc-health-pro",
      "cgroup_id": 5011,
      "wait_duration_stats_ns": {
        "count": 13.0,
        "sum": 362416784.0,
        "mean": 27878214.153846156,
        "median": 24473526.563194443,
        "min": 9962165,
        "max": 59993513,
        "variance_ns2": 276892255123182.4,
        "iqr_ns": 13529696.895410053,
        "q1_ns": 19347280.170833334,
        "q3_ns": 32876977.066243388
      },
      "futex_op_counts": {
        "128": 13
      },
      "first_seen_ts_ns": 10848380038090,
      "last_seen_ts_ns": 10848450040050
    },
    {
      "tgid": 255634,
      "comm": "grpc-health-pro",
      "cgroup_id": 5011,
      "wait_duration_stats_ns": {
        "count": 14.0,
        "sum": 355816208.0,
        "mean": 25415443.42857143,
        "median": 21297295.762166664,
        "min": 9952435,
        "max": 49969767,
        "variance_ns2": 167520192305165.2,
        "iqr_ns": 8047487.1137964055,
        "q1_ns": 19231025.243333332,
        "q3_ns": 27278512.357129738
      },
      "futex_op_counts": {
        "128": 14
      },
      "first_seen_ts_ns": 10863750039827,
      "last_seen_ts_ns": 10863820039204
    },
    {
      "tgid": 255262,
      "comm": "grpc-health-pro",
      "cgroup_id": 5011,
      "wait_duration_stats_ns": {
        "count": 18.0,
        "sum": 348096243.99999994,
        "mean": 19338680.22222222,
        "median": 16554592.353835978,
        "min": 2329,
        "max": 49964333,
        "variance_ns2": 234187046422533.25,
        "iqr_ns": 16264662.445902966,
        "q1_ns": 8450615.611670919,
        "q3_ns": 24715278.057573885
      },
      "futex_op_counts": {
        "128": 18
      },
      "first_seen_ts_ns": 10818573714382,
      "last_seen_ts_ns": 10818640037490
    },
    {
      "tgid": 255288,
      "comm": "grpc-health-pro",
      "cgroup_id": 5011,
      "wait_duration_stats_ns": {
        "count": 14.0,
        "sum": 307413492.00000006,
        "mean": 21958106.571428575,
        "median": 20920905.495,
        "min": 317636,
        "max": 39972876,
        "variance_ns2": 122062383845385.14,
        "iqr_ns": 6068348.351316139,
        "q1_ns": 17790344.37439815,
        "q3_ns": 23858692.72571429
      },
      "futex_op_counts": {
        "128": 14
      },
      "first_seen_ts_ns": 10823480052536,
      "last_seen_ts_ns": 10823540048188
    },
    {
      "tgid": 255658,
      "comm": "grpc-health-pro",
      "cgroup_id": 5011,
      "wait_duration_stats_ns": {
        "count": 13.0,
        "sum": 295282029.0,
        "mean": 22714002.230769232,
        "median": 19551174.121875,
        "min": 13282,
        "max": 49989017,
        "variance_ns2": 393890751120329.5,
        "iqr_ns": 20514409.879293688,
        "q1_ns": 9169054.537222223,
        "q3_ns": 29683464.416515913
      },
      "futex_op_counts": {
        "128": 13
      },
      "first_seen_ts_ns": 10868500104707,
      "last_seen_ts_ns": 10868560143472
    },
    {
      "tgid": 255311,
      "comm": "grpc-health-pro",
      "cgroup_id": 5011,
      "wait_duration_stats_ns": {
        "count": 18.0,
        "sum": 234142546.0,
        "mean": 13007919.222222222,
        "median": 4427359.69562925,
        "min": 5968,
        "max": 44934460,
        "variance_ns2": 264916472916805.25,
        "iqr_ns": 23930580.334266525,
        "q1_ns": 393552.24545540434,
        "q3_ns": 24324132.579721928
      },
      "futex_op_counts": {
        "128": 18
      },
      "first_seen_ts_ns": 10828503580684,
      "last_seen_ts_ns": 10828550033425
    },
    {
      "tgid": 255537,
      "comm": "grpc-health-pro",
      "cgroup_id": 5011,
      "wait_duration_stats_ns": {
        "count": 12.0,
        "sum": 215332392.0,
        "mean": 17944366.0,
        "median": 15888305.509259257,
        "min": 5512,
        "max": 38721278,
        "variance_ns2": 166033925760207.1,
        "iqr_ns": 11293248.699524175,
        "q1_ns": 9961304.0,
        "q3_ns": 21254552.699524175
      },
      "futex_op_counts": {
        "128": 12
      },
      "first_seen_ts_ns": 10853650039239,
      "last_seen_ts_ns": 10853690161003
    },
    {
      "tgid": 255612,
      "comm": "grpc-health-pro",
      "cgroup_id": 5011,
      "wait_duration_stats_ns": {
        "count": 15.0,
        "sum": 206204662.00000003,
        "mean": 13746977.466666669,
        "median": 15866722.50669643,
        "min": 57519,
        "max": 29930594,
        "variance_ns2": 74406956693095.4,
        "iqr_ns": 8860177.493923612,
        "q1_ns": 9296436.552777778,
        "q3_ns": 18156614.04670139
      },
      "futex_op_counts": {
        "128": 15
      },
      "first_seen_ts_ns": 10858540037311,
      "last_seen_ts_ns": 10858580050632
    },
    {
      "tgid": 255336,
      "comm": "grpc-health-pro",
      "cgroup_id": 5011,
      "wait_duration_stats_ns": {
        "count": 10.0,
        "sum": 139671320.00000003,
        "mean": 13967132.000000002,
        "median": 17019325.777777776,
        "min": 1695023,
        "max": 29941828,
        "variance_ns2": 78963706746118.25,
        "iqr_ns": 8908891.402777776,
        "q1_ns": 10514399.284722224,
        "q3_ns": 19423290.6875
      },
      "futex_op_counts": {
        "128": 10
      },
      "first_seen_ts_ns": 10833790037992,
      "last_seen_ts_ns": 10833820032756
    },
    {
      "tgid": 255400,
      "comm": "loopback",
      "cgroup_id": 4085,
      "wait_duration_stats_ns": {
        "count": 6.0,
        "sum": 79593735.0,
        "mean": 13265622.5,
        "median": 9991019.0,
        "min": 4864392,
        "max": 24814700,
        "variance_ns2": 56203162031384.3,
        "iqr_ns": 6308.0,
        "q1_ns": 9984711.0,
        "q3_ns": 9991019.0
      },
      "futex_op_counts": {
        "128": 6
      },
      "first_seen_ts_ns": 10837510034652,
      "last_seen_ts_ns": 10837530040031
    },
    {
      "tgid": 255424,
      "comm": "loopback",
      "cgroup_id": 4085,
      "wait_duration_stats_ns": {
        "count": 4.0,
        "sum": 69015285.0,
        "mean": 17253821.25,
        "median": 19868610.0,
        "min": 9977324,
        "max": 19965547,
        "variance_ns2": 23646807234964.92,
        "iqr_ns": 761743.0,
        "q1_ns": 19203804.0,
        "q3_ns": 19965547.0
      },
      "futex_op_counts": {
        "128": 4
      },
      "first_seen_ts_ns": 10837800034821,
      "last_seen_ts_ns": 10837810042256
    },
    {
      "tgid": 255410,
      "comm": "egress-cni",
      "cgroup_id": 4085,
      "wait_duration_stats_ns": {
        "count": 7.0,
        "sum": 61383989.99999999,
        "mean": 8769141.428571427,
        "median": 8543343.0,
        "min": 16316,
        "max": 19875942,
        "variance_ns2": 39531488162297.96,
        "iqr_ns": 3617063.833333334,
        "q1_ns": 8543343.0,
        "q3_ns": 12160406.833333334
      },
      "futex_op_counts": {
        "128": 7
      },
      "first_seen_ts_ns": 10837580081388,
      "last_seen_ts_ns": 10837600039903
    },
    {
      "tgid": 255440,
      "comm": "aws-cni",
      "cgroup_id": 4085,
      "wait_duration_stats_ns": {
        "count": 146.0,
        "sum": 38223144.999999985,
        "mean": 261802.36301369854,
        "median": 45122.029660905944,
        "min": 3799,
        "max": 6830452,
        "variance_ns2": 737716015420.8812,
        "iqr_ns": 164883.72008709153,
        "q1_ns": 17447.803933270938,
        "q3_ns": 182331.52402036247
      },
      "futex_op_counts": {
        "128": 146
      },
      "first_seen_ts_ns": 10837835013795,
      "last_seen_ts_ns": 10837845456914
    },
    {
      "tgid": 255405,
      "comm": "portmap",
      "cgroup_id": 4085,
      "wait_duration_stats_ns": {
        "count": 5.0,
        "sum": 17245673.0,
        "mean": 3449134.6,
        "median": 505418.0,
        "min": 6055,
        "max": 9879519,
        "variance_ns2": 21291931264696.3,
        "iqr_ns": 6825931.0,
        "q1_ns": 14375.0,
        "q3_ns": 6840306.0
      },
      "futex_op_counts": {
        "128": 5
      },
      "first_seen_ts_ns": 10837540087876,
      "last_seen_ts_ns": 10837550034690
    },
    {
      "tgid": 255484,
      "comm": "grpc-health-pro",
      "cgroup_id": 5011,
      "wait_duration_stats_ns": {
        "count": 32.0,
        "sum": 11485959.0,
        "mean": 358936.21875,
        "median": 164616.42875699827,
        "min": 10387,
        "max": 1654677,
        "variance_ns2": 238102636012.11188,
        "iqr_ns": 428117.1562174642,
        "q1_ns": 41869.34461844858,
        "q3_ns": 469986.50083591277
      },
      "futex_op_counts": {
        "128": 32
      },
      "first_seen_ts_ns": 10843427903817,
      "last_seen_ts_ns": 10843430474480
    },
    {
      "tgid": 255434,
      "comm": "egress-cni",
      "cgroup_id": 4085,
      "wait_duration_stats_ns": {
        "count": 11.0,
        "sum": 10316674.0,
        "mean": 937879.4545454545,
        "median": 187692.79814814823,
        "min": 6947,
        "max": 3381526,
        "variance_ns2": 2104855781787.6726,
        "iqr_ns": 996330.8810013719,
        "q1_ns": 10190.0,
        "q3_ns": 1006520.8810013719
      },
      "futex_op_counts": {
        "128": 11
      },
      "first_seen_ts_ns": 10837829221027,
      "last_seen_ts_ns": 10837832626452
    },
    {
      "tgid": 255458,
      "comm": "grpc-health-pro",
      "cgroup_id": 5011,
      "wait_duration_stats_ns": {
        "count": 39.0,
        "sum": 9947531.999999998,
        "mean": 255064.92307692303,
        "median": 75103.59759537823,
        "min": 605,
        "max": 1422877,
        "variance_ns2": 171703133258.86237,
        "iqr_ns": 266989.8491598259,
        "q1_ns": 21229.201305708593,
        "q3_ns": 288219.0504655345
      },
      "futex_op_counts": {
        "128": 39
      },
      "first_seen_ts_ns": 10838088842178,
      "last_seen_ts_ns": 10838091299854
    },
    {
      "tgid": 255836,
      "comm": "grpc-health-pro",
      "cgroup_id": 5011,
      "wait_duration_stats_ns": {
        "count": 33.0,
        "sum": 7222926.999999998,
        "mean": 218876.5757575757,
        "median": 75907.82219793135,
        "min": 1378,
        "max": 1116562,
        "variance_ns2": 116973042616.50189,
        "iqr_ns": 229284.42896785162,
        "q1_ns": 22084.97423308337,
        "q3_ns": 251369.403200935
      },
      "futex_op_counts": {
        "128": 33
      },
      "first_seen_ts_ns": 10873315275852,
      "last_seen_ts_ns": 10873317263357
    },
    {
      "tgid": 255429,
      "comm": "portmap",
      "cgroup_id": 4085,
      "wait_duration_stats_ns": {
        "count": 8.0,
        "sum": 1388456.0,
        "mean": 173557.0,
        "median": 99913.61111111111,
        "min": 10021,
        "max": 473048,
        "variance_ns2": 26341654336.000004,
        "iqr_ns": 127332.69135802469,
        "q1_ns": 28349.0,
        "q3_ns": 155681.6913580247
      },
      "futex_op_counts": {
        "128": 8
      },
      "first_seen_ts_ns": 10837826835134,
      "last_seen_ts_ns": 10837827321633
    },
    {
      "tgid": 255043,
      "comm": "flux-broker-0",
      "cgroup_id": 84567,
      "wait_duration_stats_ns": {
        "count": 175.0,
        "sum": 309256.99999999994,
        "mean": 1767.1828571428568,
        "median": 820.7684313180828,
        "min": 269,
        "max": 24618,
        "variance_ns2": 8963151.633037766,
        "iqr_ns": 1369.0332539846347,
        "q1_ns": 387.718694932506,
        "q3_ns": 1756.7519489171407
      },
      "futex_op_counts": {
        "128": 175
      },
      "first_seen_ts_ns": 10816384975132,
      "last_seen_ts_ns": 10877678128095
    }
  ]
}
[19:48:17] Cleanup complete.
