

32 32 32
15
chmod: cannot access './wait-fs': No such file or directory
mv: cannot stat './wait-fs': No such file or directory
ln: failed to create symbolic link '/mnt/flux/view/lib/python': File exists
ln: failed to create symbolic link '/mnt/flux/view/lib/python3': File exists
#!/bin/bash
set -euo pipefail
flux resource list
echo "The parent process ID is: $PPID"          
echo "The execution parent process ID is: $$"         
CGROUP_PATH_LINE=$(cat "/proc/$$/cgroup")
echo 
CGROUP_V2_PATH=${CGROUP_PATH_LINE:3}
ACTUAL_CGROUP_DIR="/sys/fs/cgroup${CGROUP_V2_PATH}"
TARGET_CGROUP_ID=$(stat -c '%i' $ACTUAL_CGROUP_DIR)
echo "The cgroup id is $TARGET_CGROUP_ID"
echo -n $TARGET_CGROUP_ID > /mnt/flux/cgroup-id.txt
sleep 5
flux exec -r all touch /mnt/flux/start_ebpf_collection
for i in {1..3}
do
  echo "FLUX-RUN START hpcg-iter-$i"
  flux run --setattr=user.study_id=hpcg-iter-$i -N1 -n 16 -o cpu-affinity=per-task -o gpu-affinity=off     /opt/hpcg/xhpcg
  
   echo "FLUX-RUN END hpcg-iter-$i"
done

  echo "FLUX-RESULTS START"
  cat hpcg*.txt
  echo "HPCG-BENCHMARKS"
  cat HPCG-Benchmark*.txt
  echo "FLUX-RESULTS END"

output=./results/${app}
(apt-get update > /dev/null 2>&1 && apt-get install -y jq > /dev/null 2>&1) || (yum update -y > /dev/null 2>&1 && yum install -y jq > /dev/null 2>&1)
mkdir -p $output
for jobid in $(flux jobs -a --json | jq -r .jobs[].id); do
    echo
    study_id=$(flux job info $jobid jobspec | jq -r ".attributes.user.study_id")
    echo "FLUX-JOB START ${jobid} ${study_id}"
    echo "FLUX-JOB-JOBSPEC START"
    flux job info $jobid jobspec
    echo "FLUX-JOB-JOBSPEC END" 
    
    echo "FLUX-JOB-RESOURCES START"
    flux job info ${jobid} R
    echo "FLUX-JOB-RESOURCES END"
    echo "FLUX-JOB-EVENTLOG START" 
    flux job info $jobid guest.exec.eventlog
    echo "FLUX-JOB-EVENTLOG END" 
    echo "FLUX-JOB END ${jobid} ${study_id}"
done
echo "FLUX JOB STATS"
flux job stats 

     STATE NNODES   NCORES    NGPUS NODELIST
      free      1       16        0 hpcg-0
 allocated      0        0        0 
      down      0        0        0 
The parent process ID is: 141
The execution parent process ID is: 195

The cgroup id is 25452
FLUX-RUN START hpcg-iter-1
FLUX-RUN END hpcg-iter-1
FLUX-RUN START hpcg-iter-2
FLUX-RUN END hpcg-iter-2
FLUX-RUN START hpcg-iter-3
FLUX-RUN END hpcg-iter-3
FLUX-RESULTS START
WARNING: PERFORMING UNPRECONDITIONED ITERATIONS
Call [0] Number of Iterations [11] Scaled Residual [3.68781e-14]
WARNING: PERFORMING UNPRECONDITIONED ITERATIONS
Call [1] Number of Iterations [11] Scaled Residual [3.68781e-14]
Call [0] Number of Iterations [2] Scaled Residual [5.60853e-17]
Call [1] Number of Iterations [2] Scaled Residual [5.60853e-17]
Departure from symmetry (scaled) for SpMV abs(x'*A*y - y'*A*x) = 1.67718e-08
Departure from symmetry (scaled) for MG abs(x'*Minv*y - y'*Minv*x) = 1.34175e-08
SpMV call [0] Residual [0]
SpMV call [1] Residual [0]
Call [0] Scaled Residual [5.29579e-09]
Call [1] Scaled Residual [5.29579e-09]
Call [2] Scaled Residual [5.29579e-09]
Call [3] Scaled Residual [5.29579e-09]
Call [4] Scaled Residual [5.29579e-09]
Call [5] Scaled Residual [5.29579e-09]
Call [6] Scaled Residual [5.29579e-09]
Call [7] Scaled Residual [5.29579e-09]
Call [8] Scaled Residual [5.29579e-09]
Call [9] Scaled Residual [5.29579e-09]
Call [10] Scaled Residual [5.29579e-09]
Call [11] Scaled Residual [5.29579e-09]
Call [12] Scaled Residual [5.29579e-09]
Call [13] Scaled Residual [5.29579e-09]
Call [14] Scaled Residual [5.29579e-09]
Call [15] Scaled Residual [5.29579e-09]
Call [16] Scaled Residual [5.29579e-09]
Call [17] Scaled Residual [5.29579e-09]
Call [18] Scaled Residual [5.29579e-09]
Call [19] Scaled Residual [5.29579e-09]
Call [20] Scaled Residual [5.29579e-09]
Call [21] Scaled Residual [5.29579e-09]
Call [22] Scaled Residual [5.29579e-09]
Call [23] Scaled Residual [5.29579e-09]
Call [24] Scaled Residual [5.29579e-09]
Call [25] Scaled Residual [5.29579e-09]
Call [26] Scaled Residual [5.29579e-09]
Call [27] Scaled Residual [5.29579e-09]
Call [28] Scaled Residual [5.29579e-09]
Call [29] Scaled Residual [5.29579e-09]
Call [30] Scaled Residual [5.29579e-09]
Call [31] Scaled Residual [5.29579e-09]
Call [32] Scaled Residual [5.29579e-09]
Call [33] Scaled Residual [5.29579e-09]
Call [34] Scaled Residual [5.29579e-09]
Call [35] Scaled Residual [5.29579e-09]
Call [36] Scaled Residual [5.29579e-09]
Call [37] Scaled Residual [5.29579e-09]
Call [38] Scaled Residual [5.29579e-09]
Call [39] Scaled Residual [5.29579e-09]
WARNING: PERFORMING UNPRECONDITIONED ITERATIONS
Call [0] Number of Iterations [11] Scaled Residual [3.68781e-14]
WARNING: PERFORMING UNPRECONDITIONED ITERATIONS
Call [1] Number of Iterations [11] Scaled Residual [3.68781e-14]
Call [0] Number of Iterations [2] Scaled Residual [5.60853e-17]
Call [1] Number of Iterations [2] Scaled Residual [5.60853e-17]
Departure from symmetry (scaled) for SpMV abs(x'*A*y - y'*A*x) = 1.67718e-08
Departure from symmetry (scaled) for MG abs(x'*Minv*y - y'*Minv*x) = 1.34175e-08
SpMV call [0] Residual [0]
SpMV call [1] Residual [0]
Call [0] Scaled Residual [5.29579e-09]
Call [1] Scaled Residual [5.29579e-09]
Call [2] Scaled Residual [5.29579e-09]
Call [3] Scaled Residual [5.29579e-09]
Call [4] Scaled Residual [5.29579e-09]
Call [5] Scaled Residual [5.29579e-09]
Call [6] Scaled Residual [5.29579e-09]
Call [7] Scaled Residual [5.29579e-09]
Call [8] Scaled Residual [5.29579e-09]
Call [9] Scaled Residual [5.29579e-09]
Call [10] Scaled Residual [5.29579e-09]
Call [11] Scaled Residual [5.29579e-09]
Call [12] Scaled Residual [5.29579e-09]
Call [13] Scaled Residual [5.29579e-09]
Call [14] Scaled Residual [5.29579e-09]
Call [15] Scaled Residual [5.29579e-09]
Call [16] Scaled Residual [5.29579e-09]
Call [17] Scaled Residual [5.29579e-09]
Call [18] Scaled Residual [5.29579e-09]
Call [19] Scaled Residual [5.29579e-09]
Call [20] Scaled Residual [5.29579e-09]
Call [21] Scaled Residual [5.29579e-09]
Call [22] Scaled Residual [5.29579e-09]
Call [23] Scaled Residual [5.29579e-09]
WARNING: PERFORMING UNPRECONDITIONED ITERATIONS
Call [0] Number of Iterations [11] Scaled Residual [3.68781e-14]
WARNING: PERFORMING UNPRECONDITIONED ITERATIONS
Call [1] Number of Iterations [11] Scaled Residual [3.68781e-14]
Call [0] Number of Iterations [2] Scaled Residual [5.60853e-17]
Call [1] Number of Iterations [2] Scaled Residual [5.60853e-17]
Departure from symmetry (scaled) for SpMV abs(x'*A*y - y'*A*x) = 1.67718e-08
Departure from symmetry (scaled) for MG abs(x'*Minv*y - y'*Minv*x) = 1.34175e-08
SpMV call [0] Residual [0]
SpMV call [1] Residual [0]
Call [0] Scaled Residual [5.29579e-09]
Call [1] Scaled Residual [5.29579e-09]
Call [2] Scaled Residual [5.29579e-09]
Call [3] Scaled Residual [5.29579e-09]
Call [4] Scaled Residual [5.29579e-09]
Call [5] Scaled Residual [5.29579e-09]
Call [6] Scaled Residual [5.29579e-09]
Call [7] Scaled Residual [5.29579e-09]
Call [8] Scaled Residual [5.29579e-09]
Call [9] Scaled Residual [5.29579e-09]
Call [10] Scaled Residual [5.29579e-09]
Call [11] Scaled Residual [5.29579e-09]
Call [12] Scaled Residual [5.29579e-09]
Call [13] Scaled Residual [5.29579e-09]
Call [14] Scaled Residual [5.29579e-09]
Call [15] Scaled Residual [5.29579e-09]
Call [16] Scaled Residual [5.29579e-09]
Call [17] Scaled Residual [5.29579e-09]
Call [18] Scaled Residual [5.29579e-09]
Call [19] Scaled Residual [5.29579e-09]
Call [20] Scaled Residual [5.29579e-09]
Call [21] Scaled Residual [5.29579e-09]
Call [22] Scaled Residual [5.29579e-09]
Call [23] Scaled Residual [5.29579e-09]
Call [24] Scaled Residual [5.29579e-09]
Call [25] Scaled Residual [5.29579e-09]
Call [26] Scaled Residual [5.29579e-09]
Call [27] Scaled Residual [5.29579e-09]
Call [28] Scaled Residual [5.29579e-09]
Call [29] Scaled Residual [5.29579e-09]
Call [30] Scaled Residual [5.29579e-09]
Call [31] Scaled Residual [5.29579e-09]
Call [32] Scaled Residual [5.29579e-09]
Call [33] Scaled Residual [5.29579e-09]
Call [34] Scaled Residual [5.29579e-09]
Call [35] Scaled Residual [5.29579e-09]
Call [36] Scaled Residual [5.29579e-09]
Call [37] Scaled Residual [5.29579e-09]
Call [38] Scaled Residual [5.29579e-09]
HPCG-BENCHMARKS
HPCG-Benchmark
version=3.1
Release date=March 28, 2019
Machine Summary=
Machine Summary::Distributed Processes=16
Machine Summary::Threads per processes=2
Global Problem Dimensions=
Global Problem Dimensions::Global nx=128
Global Problem Dimensions::Global ny=64
Global Problem Dimensions::Global nz=64
Processor Dimensions=
Processor Dimensions::npx=4
Processor Dimensions::npy=2
Processor Dimensions::npz=2
Local Domain Dimensions=
Local Domain Dimensions::nx=32
Local Domain Dimensions::ny=32
Local Domain Dimensions::Lower ipz=0
Local Domain Dimensions::Upper ipz=1
Local Domain Dimensions::nz=32
########## Problem Summary  ##########=
Setup Information=
Setup Information::Setup Time=0.0512614
Linear System Information=
Linear System Information::Number of Equations=524288
Linear System Information::Number of Nonzero Terms=13790200
Multigrid Information=
Multigrid Information::Number of coarse grid levels=3
Multigrid Information::Coarse Grids=
Multigrid Information::Coarse Grids::Grid Level=1
Multigrid Information::Coarse Grids::Number of Equations=65536
Multigrid Information::Coarse Grids::Number of Nonzero Terms=1678840
Multigrid Information::Coarse Grids::Number of Presmoother Steps=1
Multigrid Information::Coarse Grids::Number of Postsmoother Steps=1
Multigrid Information::Coarse Grids::Grid Level=2
Multigrid Information::Coarse Grids::Number of Equations=8192
Multigrid Information::Coarse Grids::Number of Nonzero Terms=198904
Multigrid Information::Coarse Grids::Number of Presmoother Steps=1
Multigrid Information::Coarse Grids::Number of Postsmoother Steps=1
Multigrid Information::Coarse Grids::Grid Level=3
Multigrid Information::Coarse Grids::Number of Equations=1024
Multigrid Information::Coarse Grids::Number of Nonzero Terms=22264
Multigrid Information::Coarse Grids::Number of Presmoother Steps=1
Multigrid Information::Coarse Grids::Number of Postsmoother Steps=1
########## Memory Use Summary  ##########=
Memory Use Information=
Memory Use Information::Total memory used for data (Gbytes)=0.37581
Memory Use Information::Memory used for OptimizeProblem data (Gbytes)=0
Memory Use Information::Bytes per equation (Total memory / Number of Equations)=716.801
Memory Use Information::Memory used for linear system and CG (Gbytes)=0.330589
Memory Use Information::Coarse Grids=
Memory Use Information::Coarse Grids::Grid Level=1
Memory Use Information::Coarse Grids::Memory used=0.0396067
Memory Use Information::Coarse Grids::Grid Level=2
Memory Use Information::Coarse Grids::Memory used=0.00498211
Memory Use Information::Coarse Grids::Grid Level=3
Memory Use Information::Coarse Grids::Memory used=0.000632332
########## V&V Testing Summary  ##########=
Spectral Convergence Tests=
Spectral Convergence Tests::Result=PASSED
Spectral Convergence Tests::Unpreconditioned=
Spectral Convergence Tests::Unpreconditioned::Maximum iteration count=11
Spectral Convergence Tests::Unpreconditioned::Expected iteration count=12
Spectral Convergence Tests::Preconditioned=
Spectral Convergence Tests::Preconditioned::Maximum iteration count=2
Spectral Convergence Tests::Preconditioned::Expected iteration count=2
Departure from Symmetry |x'Ay-y'Ax|/(2*||x||*||A||*||y||)/epsilon=
Departure from Symmetry |x'Ay-y'Ax|/(2*||x||*||A||*||y||)/epsilon::Result=PASSED
Departure from Symmetry |x'Ay-y'Ax|/(2*||x||*||A||*||y||)/epsilon::Departure for SpMV=1.67718e-08
Departure from Symmetry |x'Ay-y'Ax|/(2*||x||*||A||*||y||)/epsilon::Departure for MG=1.34175e-08
########## Iterations Summary  ##########=
Iteration Count Information=
Iteration Count Information::Result=PASSED
Iteration Count Information::Reference CG iterations per set=50
Iteration Count Information::Optimized CG iterations per set=50
Iteration Count Information::Total number of reference iterations=2000
Iteration Count Information::Total number of optimized iterations=2000
########## Reproducibility Summary  ##########=
Reproducibility Information=
Reproducibility Information::Result=PASSED
Reproducibility Information::Scaled residual mean=5.29579e-09
Reproducibility Information::Scaled residual variance=0
########## Performance Summary (times in sec) ##########=
Benchmark Time Summary=
Benchmark Time Summary::Optimization phase=2.48e-07
Benchmark Time Summary::DDOT=2.42618
Benchmark Time Summary::WAXPBY=0.201778
Benchmark Time Summary::SpMV=1.87714
Benchmark Time Summary::MG=14.918
Benchmark Time Summary::Total=19.4266
Floating Point Operations Summary=
Floating Point Operations Summary::Raw DDOT=6.3334e+09
Floating Point Operations Summary::Raw WAXPBY=6.3334e+09
Floating Point Operations Summary::Raw SpMV=5.6264e+10
Floating Point Operations Summary::Raw MG=3.13537e+11
Floating Point Operations Summary::Total=3.82468e+11
Floating Point Operations Summary::Total with convergence overhead=3.82468e+11
GB/s Summary=
GB/s Summary::Raw Read B/W=121.35
GB/s Summary::Raw Write B/W=28.0466
GB/s Summary::Raw Total B/W=149.397
GB/s Summary::Total with convergence and optimization phase overhead=147.836
GFLOP/s Summary=
GFLOP/s Summary::Raw DDOT=2.61044
GFLOP/s Summary::Raw WAXPBY=31.3879
GFLOP/s Summary::Raw SpMV=29.9732
GFLOP/s Summary::Raw MG=21.0173
GFLOP/s Summary::Raw Total=19.6879
GFLOP/s Summary::Total with convergence overhead=19.6879
GFLOP/s Summary::Total with convergence and optimization phase overhead=19.4823
User Optimization Overheads=
User Optimization Overheads::Optimization phase time (sec)=2.48e-07
User Optimization Overheads::Optimization phase time vs reference SpMV+MG time=3.29235e-05
DDOT Timing Variations=
DDOT Timing Variations::Min DDOT MPI_Allreduce time=1.7454
DDOT Timing Variations::Max DDOT MPI_Allreduce time=2.26555
DDOT Timing Variations::Avg DDOT MPI_Allreduce time=2.00965
Final Summary=
Final Summary::HPCG result is VALID with a GFLOP/s rating of=19.4823
Final Summary::HPCG 2.4 rating for historical reasons is=19.6879
Final Summary::Reference version of ComputeDotProduct used=Performance results are most likely suboptimal
Final Summary::Reference version of ComputeSPMV used=Performance results are most likely suboptimal
Final Summary::Reference version of ComputeMG used and number of threads greater than 1=Performance results are severely suboptimal
Final Summary::Reference version of ComputeWAXPBY used=Performance results are most likely suboptimal
Final Summary::Results are valid but execution time (sec) is=19.4266
Final Summary::Official results execution time (sec) must be at least=1800
HPCG-Benchmark
version=3.1
Release date=March 28, 2019
Machine Summary=
Machine Summary::Distributed Processes=16
Machine Summary::Threads per processes=2
Global Problem Dimensions=
Global Problem Dimensions::Global nx=128
Global Problem Dimensions::Global ny=64
Global Problem Dimensions::Global nz=64
Processor Dimensions=
Processor Dimensions::npx=4
Processor Dimensions::npy=2
Processor Dimensions::npz=2
Local Domain Dimensions=
Local Domain Dimensions::nx=32
Local Domain Dimensions::ny=32
Local Domain Dimensions::Lower ipz=0
Local Domain Dimensions::Upper ipz=1
Local Domain Dimensions::nz=32
########## Problem Summary  ##########=
Setup Information=
Setup Information::Setup Time=0.0516292
Linear System Information=
Linear System Information::Number of Equations=524288
Linear System Information::Number of Nonzero Terms=13790200
Multigrid Information=
Multigrid Information::Number of coarse grid levels=3
Multigrid Information::Coarse Grids=
Multigrid Information::Coarse Grids::Grid Level=1
Multigrid Information::Coarse Grids::Number of Equations=65536
Multigrid Information::Coarse Grids::Number of Nonzero Terms=1678840
Multigrid Information::Coarse Grids::Number of Presmoother Steps=1
Multigrid Information::Coarse Grids::Number of Postsmoother Steps=1
Multigrid Information::Coarse Grids::Grid Level=2
Multigrid Information::Coarse Grids::Number of Equations=8192
Multigrid Information::Coarse Grids::Number of Nonzero Terms=198904
Multigrid Information::Coarse Grids::Number of Presmoother Steps=1
Multigrid Information::Coarse Grids::Number of Postsmoother Steps=1
Multigrid Information::Coarse Grids::Grid Level=3
Multigrid Information::Coarse Grids::Number of Equations=1024
Multigrid Information::Coarse Grids::Number of Nonzero Terms=22264
Multigrid Information::Coarse Grids::Number of Presmoother Steps=1
Multigrid Information::Coarse Grids::Number of Postsmoother Steps=1
########## Memory Use Summary  ##########=
Memory Use Information=
Memory Use Information::Total memory used for data (Gbytes)=0.37581
Memory Use Information::Memory used for OptimizeProblem data (Gbytes)=0
Memory Use Information::Bytes per equation (Total memory / Number of Equations)=716.8
Memory Use Information::Memory used for linear system and CG (Gbytes)=0.330589
Memory Use Information::Coarse Grids=
Memory Use Information::Coarse Grids::Grid Level=1
Memory Use Information::Coarse Grids::Memory used=0.0396067
Memory Use Information::Coarse Grids::Grid Level=2
Memory Use Information::Coarse Grids::Memory used=0.00498211
Memory Use Information::Coarse Grids::Grid Level=3
Memory Use Information::Coarse Grids::Memory used=0.000632332
########## V&V Testing Summary  ##########=
Spectral Convergence Tests=
Spectral Convergence Tests::Result=PASSED
Spectral Convergence Tests::Unpreconditioned=
Spectral Convergence Tests::Unpreconditioned::Maximum iteration count=11
Spectral Convergence Tests::Unpreconditioned::Expected iteration count=12
Spectral Convergence Tests::Preconditioned=
Spectral Convergence Tests::Preconditioned::Maximum iteration count=2
Spectral Convergence Tests::Preconditioned::Expected iteration count=2
Departure from Symmetry |x'Ay-y'Ax|/(2*||x||*||A||*||y||)/epsilon=
Departure from Symmetry |x'Ay-y'Ax|/(2*||x||*||A||*||y||)/epsilon::Result=PASSED
Departure from Symmetry |x'Ay-y'Ax|/(2*||x||*||A||*||y||)/epsilon::Departure for SpMV=1.67718e-08
Departure from Symmetry |x'Ay-y'Ax|/(2*||x||*||A||*||y||)/epsilon::Departure for MG=1.34175e-08
########## Iterations Summary  ##########=
Iteration Count Information=
Iteration Count Information::Result=PASSED
Iteration Count Information::Reference CG iterations per set=50
Iteration Count Information::Optimized CG iterations per set=50
Iteration Count Information::Total number of reference iterations=1200
Iteration Count Information::Total number of optimized iterations=1200
########## Reproducibility Summary  ##########=
Reproducibility Information=
Reproducibility Information::Result=PASSED
Reproducibility Information::Scaled residual mean=5.29579e-09
Reproducibility Information::Scaled residual variance=0
########## Performance Summary (times in sec) ##########=
Benchmark Time Summary=
Benchmark Time Summary::Optimization phase=3.29e-07
Benchmark Time Summary::DDOT=0.631248
Benchmark Time Summary::WAXPBY=0.104203
Benchmark Time Summary::SpMV=1.08656
Benchmark Time Summary::MG=8.01666
Benchmark Time Summary::Total=9.84072
Floating Point Operations Summary=
Floating Point Operations Summary::Raw DDOT=3.80004e+09
Floating Point Operations Summary::Raw WAXPBY=3.80004e+09
Floating Point Operations Summary::Raw SpMV=3.37584e+10
Floating Point Operations Summary::Raw MG=1.88122e+11
Floating Point Operations Summary::Total=2.29481e+11
Floating Point Operations Summary::Total with convergence overhead=2.29481e+11
GB/s Summary=
GB/s Summary::Raw Read B/W=143.734
GB/s Summary::Raw Write B/W=33.2201
GB/s Summary::Raw Total B/W=176.955
GB/s Summary::Total with convergence and optimization phase overhead=174.754
GFLOP/s Summary=
GFLOP/s Summary::Raw DDOT=6.01988
GFLOP/s Summary::Raw WAXPBY=36.4676
GFLOP/s Summary::Raw SpMV=31.0691
GFLOP/s Summary::Raw MG=23.4664
GFLOP/s Summary::Raw Total=23.3195
GFLOP/s Summary::Total with convergence overhead=23.3195
GFLOP/s Summary::Total with convergence and optimization phase overhead=23.0295
User Optimization Overheads=
User Optimization Overheads::Optimization phase time (sec)=3.29e-07
User Optimization Overheads::Optimization phase time vs reference SpMV+MG time=4.34972e-05
DDOT Timing Variations=
DDOT Timing Variations::Min DDOT MPI_Allreduce time=0.360637
DDOT Timing Variations::Max DDOT MPI_Allreduce time=0.534772
DDOT Timing Variations::Avg DDOT MPI_Allreduce time=0.448998
Final Summary=
Final Summary::HPCG result is VALID with a GFLOP/s rating of=23.0295
Final Summary::HPCG 2.4 rating for historical reasons is=23.3195
Final Summary::Reference version of ComputeDotProduct used=Performance results are most likely suboptimal
Final Summary::Reference version of ComputeSPMV used=Performance results are most likely suboptimal
Final Summary::Reference version of ComputeMG used and number of threads greater than 1=Performance results are severely suboptimal
Final Summary::Reference version of ComputeWAXPBY used=Performance results are most likely suboptimal
Final Summary::Results are valid but execution time (sec) is=9.84072
Final Summary::Official results execution time (sec) must be at least=1800
HPCG-Benchmark
version=3.1
Release date=March 28, 2019
Machine Summary=
Machine Summary::Distributed Processes=16
Machine Summary::Threads per processes=2
Global Problem Dimensions=
Global Problem Dimensions::Global nx=128
Global Problem Dimensions::Global ny=64
Global Problem Dimensions::Global nz=64
Processor Dimensions=
Processor Dimensions::npx=4
Processor Dimensions::npy=2
Processor Dimensions::npz=2
Local Domain Dimensions=
Local Domain Dimensions::nx=32
Local Domain Dimensions::ny=32
Local Domain Dimensions::Lower ipz=0
Local Domain Dimensions::Upper ipz=1
Local Domain Dimensions::nz=32
########## Problem Summary  ##########=
Setup Information=
Setup Information::Setup Time=0.051443
Linear System Information=
Linear System Information::Number of Equations=524288
Linear System Information::Number of Nonzero Terms=13790200
Multigrid Information=
Multigrid Information::Number of coarse grid levels=3
Multigrid Information::Coarse Grids=
Multigrid Information::Coarse Grids::Grid Level=1
Multigrid Information::Coarse Grids::Number of Equations=65536
Multigrid Information::Coarse Grids::Number of Nonzero Terms=1678840
Multigrid Information::Coarse Grids::Number of Presmoother Steps=1
Multigrid Information::Coarse Grids::Number of Postsmoother Steps=1
Multigrid Information::Coarse Grids::Grid Level=2
Multigrid Information::Coarse Grids::Number of Equations=8192
Multigrid Information::Coarse Grids::Number of Nonzero Terms=198904
Multigrid Information::Coarse Grids::Number of Presmoother Steps=1
Multigrid Information::Coarse Grids::Number of Postsmoother Steps=1
Multigrid Information::Coarse Grids::Grid Level=3
Multigrid Information::Coarse Grids::Number of Equations=1024
Multigrid Information::Coarse Grids::Number of Nonzero Terms=22264
Multigrid Information::Coarse Grids::Number of Presmoother Steps=1
Multigrid Information::Coarse Grids::Number of Postsmoother Steps=1
########## Memory Use Summary  ##########=
Memory Use Information=
Memory Use Information::Total memory used for data (Gbytes)=0.37581
Memory Use Information::Memory used for OptimizeProblem data (Gbytes)=0
Memory Use Information::Bytes per equation (Total memory / Number of Equations)=716.801
Memory Use Information::Memory used for linear system and CG (Gbytes)=0.330589
Memory Use Information::Coarse Grids=
Memory Use Information::Coarse Grids::Grid Level=1
Memory Use Information::Coarse Grids::Memory used=0.0396067
Memory Use Information::Coarse Grids::Grid Level=2
Memory Use Information::Coarse Grids::Memory used=0.00498211
Memory Use Information::Coarse Grids::Grid Level=3
Memory Use Information::Coarse Grids::Memory used=0.000632332
########## V&V Testing Summary  ##########=
Spectral Convergence Tests=
Spectral Convergence Tests::Result=PASSED
Spectral Convergence Tests::Unpreconditioned=
Spectral Convergence Tests::Unpreconditioned::Maximum iteration count=11
Spectral Convergence Tests::Unpreconditioned::Expected iteration count=12
Spectral Convergence Tests::Preconditioned=
Spectral Convergence Tests::Preconditioned::Maximum iteration count=2
Spectral Convergence Tests::Preconditioned::Expected iteration count=2
Departure from Symmetry |x'Ay-y'Ax|/(2*||x||*||A||*||y||)/epsilon=
Departure from Symmetry |x'Ay-y'Ax|/(2*||x||*||A||*||y||)/epsilon::Result=PASSED
Departure from Symmetry |x'Ay-y'Ax|/(2*||x||*||A||*||y||)/epsilon::Departure for SpMV=1.67718e-08
Departure from Symmetry |x'Ay-y'Ax|/(2*||x||*||A||*||y||)/epsilon::Departure for MG=1.34175e-08
########## Iterations Summary  ##########=
Iteration Count Information=
Iteration Count Information::Result=PASSED
Iteration Count Information::Reference CG iterations per set=50
Iteration Count Information::Optimized CG iterations per set=50
Iteration Count Information::Total number of reference iterations=1950
Iteration Count Information::Total number of optimized iterations=1950
########## Reproducibility Summary  ##########=
Reproducibility Information=
Reproducibility Information::Result=PASSED
Reproducibility Information::Scaled residual mean=5.29579e-09
Reproducibility Information::Scaled residual variance=0
########## Performance Summary (times in sec) ##########=
Benchmark Time Summary=
Benchmark Time Summary::Optimization phase=2.48e-07
Benchmark Time Summary::DDOT=0.763234
Benchmark Time Summary::WAXPBY=0.15386
Benchmark Time Summary::SpMV=1.72964
Benchmark Time Summary::MG=12.9354
Benchmark Time Summary::Total=15.5855
Floating Point Operations Summary=
Floating Point Operations Summary::Raw DDOT=6.17506e+09
Floating Point Operations Summary::Raw WAXPBY=6.17506e+09
Floating Point Operations Summary::Raw SpMV=5.48574e+10
Floating Point Operations Summary::Raw MG=3.05699e+11
Floating Point Operations Summary::Total=3.72906e+11
Floating Point Operations Summary::Total with convergence overhead=3.72906e+11
GB/s Summary=
GB/s Summary::Raw Read B/W=147.475
GB/s Summary::Raw Write B/W=34.0846
GB/s Summary::Raw Total B/W=181.56
GB/s Summary::Total with convergence and optimization phase overhead=179.252
GFLOP/s Summary=
GFLOP/s Summary::Raw DDOT=8.09066
GFLOP/s Summary::Raw WAXPBY=40.1344
GFLOP/s Summary::Raw SpMV=31.7161
GFLOP/s Summary::Raw MG=23.6327
GFLOP/s Summary::Raw Total=23.9264
GFLOP/s Summary::Total with convergence overhead=23.9264
GFLOP/s Summary::Total with convergence and optimization phase overhead=23.6223
User Optimization Overheads=
User Optimization Overheads::Optimization phase time (sec)=2.48e-07
User Optimization Overheads::Optimization phase time vs reference SpMV+MG time=3.35259e-05
DDOT Timing Variations=
DDOT Timing Variations::Min DDOT MPI_Allreduce time=0.382356
DDOT Timing Variations::Max DDOT MPI_Allreduce time=0.64216
DDOT Timing Variations::Avg DDOT MPI_Allreduce time=0.493697
Final Summary=
Final Summary::HPCG result is VALID with a GFLOP/s rating of=23.6223
Final Summary::HPCG 2.4 rating for historical reasons is=23.9264
Final Summary::Reference version of ComputeDotProduct used=Performance results are most likely suboptimal
Final Summary::Reference version of ComputeSPMV used=Performance results are most likely suboptimal
Final Summary::Reference version of ComputeMG used and number of threads greater than 1=Performance results are severely suboptimal
Final Summary::Reference version of ComputeWAXPBY used=Performance results are most likely suboptimal
Final Summary::Results are valid but execution time (sec) is=15.5855
Final Summary::Official results execution time (sec) must be at least=1800
FLUX-RESULTS END

FLUX-JOB START 654915403776 hpcg-iter-3
FLUX-JOB-JOBSPEC START
{"resources": [{"type": "node", "count": 1, "with": [{"type": "slot", "count": 16, "with": [{"type": "core", "count": 1}], "label": "task"}]}], "tasks": [{"command": ["/opt/hpcg/xhpcg"], "slot": "task", "count": {"per_slot": 1}}], "attributes": {"system": {"duration": 0, "cwd": "/opt/hpcg", "shell": {"options": {"rlimit": {"cpu": -1, "fsize": -1, "data": -1, "stack": 10485760, "core": -1, "nofile": 1048576, "as": -1, "rss": -1, "nproc": -1}, "cpu-affinity": "per-task", "gpu-affinity": "off"}}}, "user": {"study_id": "hpcg-iter-3"}}, "version": 1}
FLUX-JOB-JOBSPEC END
FLUX-JOB-RESOURCES START
{"version": 1, "execution": {"R_lite": [{"rank": "0", "children": {"core": "0-15"}}], "starttime": 1750008390.1840332, "expiration": 0.0, "nodelist": ["hpcg-0"]}}
FLUX-JOB-RESOURCES END
FLUX-JOB-EVENTLOG START
{"timestamp":1750008390.1863611,"name":"init"}
{"timestamp":1750008390.1931498,"name":"shell.init","context":{"service":"0-shell-fJCodddh","leader-rank":0,"size":1}}
{"timestamp":1750008390.1875196,"name":"starting"}
{"timestamp":1750008390.2092111,"name":"shell.start","context":{"taskmap":{"version":1,"map":[[0,1,16,1]]}}}
{"timestamp":1750008407.4005623,"name":"shell.task-exit","context":{"localid":8,"rank":8,"state":"Exited","pid":386,"wait_status":0,"signaled":0,"exitcode":0}}
{"timestamp":1750008407.4058645,"name":"complete","context":{"status":0}}
{"timestamp":1750008407.4058847,"name":"done"}

FLUX-JOB-EVENTLOG END
FLUX-JOB END 654915403776 hpcg-iter-3

FLUX-JOB START 452313743360 hpcg-iter-2
FLUX-JOB-JOBSPEC START
{"resources": [{"type": "node", "count": 1, "with": [{"type": "slot", "count": 16, "with": [{"type": "core", "count": 1}], "label": "task"}]}], "tasks": [{"command": ["/opt/hpcg/xhpcg"], "slot": "task", "count": {"per_slot": 1}}], "attributes": {"system": {"duration": 0, "cwd": "/opt/hpcg", "shell": {"options": {"rlimit": {"cpu": -1, "fsize": -1, "data": -1, "stack": 10485760, "core": -1, "nofile": 1048576, "as": -1, "rss": -1, "nproc": -1}, "cpu-affinity": "per-task", "gpu-affinity": "off"}}}, "user": {"study_id": "hpcg-iter-2"}}, "version": 1}
FLUX-JOB-JOBSPEC END
FLUX-JOB-RESOURCES START
{"version": 1, "execution": {"R_lite": [{"rank": "0", "children": {"core": "0-15"}}], "starttime": 1750008378.109133, "expiration": 0.0, "nodelist": ["hpcg-0"]}}
FLUX-JOB-RESOURCES END
FLUX-JOB-EVENTLOG START
{"timestamp":1750008378.1113691,"name":"init"}
{"timestamp":1750008378.1198237,"name":"shell.init","context":{"service":"0-shell-fCt8RAXZ","leader-rank":0,"size":1}}
{"timestamp":1750008378.1123631,"name":"starting"}
{"timestamp":1750008378.1355124,"name":"shell.start","context":{"taskmap":{"version":1,"map":[[0,1,16,1]]}}}
{"timestamp":1750008390.005444,"name":"shell.task-exit","context":{"localid":12,"rank":12,"state":"Exited","pid":342,"wait_status":0,"signaled":0,"exitcode":0}}
{"timestamp":1750008390.0105033,"name":"complete","context":{"status":0}}
{"timestamp":1750008390.0105238,"name":"done"}

FLUX-JOB-EVENTLOG END
FLUX-JOB END 452313743360 hpcg-iter-2

FLUX-JOB START 96234110976 hpcg-iter-1
FLUX-JOB-JOBSPEC START
{"resources": [{"type": "node", "count": 1, "with": [{"type": "slot", "count": 16, "with": [{"type": "core", "count": 1}], "label": "task"}]}], "tasks": [{"command": ["/opt/hpcg/xhpcg"], "slot": "task", "count": {"per_slot": 1}}], "attributes": {"system": {"duration": 0, "cwd": "/opt/hpcg", "shell": {"options": {"rlimit": {"cpu": -1, "fsize": -1, "data": -1, "stack": 10485760, "core": -1, "nofile": 1048576, "as": -1, "rss": -1, "nproc": -1}, "cpu-affinity": "per-task", "gpu-affinity": "off"}}}, "user": {"study_id": "hpcg-iter-1"}}, "version": 1}
FLUX-JOB-JOBSPEC END
FLUX-JOB-RESOURCES START
{"version": 1, "execution": {"R_lite": [{"rank": "0", "children": {"core": "0-15"}}], "starttime": 1750008356.8845298, "expiration": 0.0, "nodelist": ["hpcg-0"]}}
FLUX-JOB-RESOURCES END
FLUX-JOB-EVENTLOG START
{"timestamp":1750008356.887013,"name":"init"}
{"timestamp":1750008356.8949332,"name":"shell.init","context":{"service":"0-shell-f3XcsySw","leader-rank":0,"size":1}}
{"timestamp":1750008356.8878667,"name":"starting"}
{"timestamp":1750008356.9101257,"name":"shell.start","context":{"taskmap":{"version":1,"map":[[0,1,16,1]]}}}
{"timestamp":1750008377.9293151,"name":"shell.task-exit","context":{"localid":14,"rank":14,"state":"Exited","pid":295,"wait_status":0,"signaled":0,"exitcode":0}}
{"timestamp":1750008377.9348874,"name":"complete","context":{"status":0}}
{"timestamp":1750008377.9349079,"name":"done"}

FLUX-JOB-EVENTLOG END
FLUX-JOB END 96234110976 hpcg-iter-1
FLUX JOB STATS
{"job_states":{"depend":0,"priority":0,"sched":0,"run":0,"cleanup":0,"inactive":3,"total":3},"successful":3,"failed":0,"canceled":0,"timeout":0,"inactive_purged":0,"queues":[]}
