unlimited
PROGRAM: cpu
Looking for /opt/programs/cpu/ebpf-collect.c
[22:25:03] Waiting for start indicator file: '/mnt/flux/start_ebpf_collection'.
[22:25:09] Start indicator found. Proceeding with monitoring.
[22:25:09] Initializing eBPF for CPU Scheduling monitoring...
[22:25:10] BPF C code compiled and loaded.
[22:25:10] Attached tracepoints.
[22:25:10] Monitoring CPU scheduling events (polling aggregated map)... Press Ctrl+C to stop.
[22:26:18] Stop indicator file '/mnt/flux/stop_ebpf_collection' found. Stopping.
[22:26:18] Initiating cleanup sequence...
{
  "final_aggregated_summary_river": [
    {
      "tgid": 151,
      "comm": "python3",
      "cgroup_id": 67826,
      "on_cpu_stats_ns": {
        "count": 356.0,
        "sum_ns": 22823295.25,
        "mean_ns": 64110.37991573034,
        "median_ns": 23730.759970082363,
        "min_ns": 4305.0,
        "max_ns": 5843393.75,
        "variance_ns2": 102654284512.20284,
        "iqr_ns": 49320.98776267612,
        "q1_ns": 15404.275805871797,
        "q3_ns": 64725.26356854792
      },
      "runq_latency_stats_ns": {
        "count": 356.0,
        "sum_ns": 16194502.583333325,
        "mean_ns": 45490.175795880124,
        "median_ns": 11680.958481531274,
        "min_ns": 667.0,
        "max_ns": 8397986.0,
        "variance_ns2": 205720039138.7089,
        "iqr_ns": 5099.086147596617,
        "q1_ns": 7758.919149688115,
        "q3_ns": 12858.005297284732
      },
      "first_seen_ts_ns": 1750112710122738251,
      "last_seen_ts_ns": 1750112778172074731,
      "duration_active_s": 68.04933648
    },
    {
      "tgid": 95,
      "comm": "python3",
      "cgroup_id": 67742,
      "on_cpu_stats_ns": {
        "count": 383.0,
        "sum_ns": 22628641.49999998,
        "mean_ns": 59082.61488250648,
        "median_ns": 30341.84966142105,
        "min_ns": 4085.0,
        "max_ns": 958148.0,
        "variance_ns2": 12021954419.00903,
        "iqr_ns": 47553.08891606149,
        "q1_ns": 14255.154863266773,
        "q3_ns": 61808.243779328266
      },
      "runq_latency_stats_ns": {
        "count": 383.0,
        "sum_ns": 39737419.49999999,
        "mean_ns": 103753.05352480416,
        "median_ns": 11474.15762566087,
        "min_ns": 616.0,
        "max_ns": 10211942.0,
        "variance_ns2": 794081889280.4097,
        "iqr_ns": 21032.79771147492,
        "q1_ns": 5445.525567795514,
        "q3_ns": 26478.323279270433
      },
      "first_seen_ts_ns": 1750112710122738251,
      "last_seen_ts_ns": 1750112778172074731,
      "duration_active_s": 68.04933648
    },
    {
      "tgid": 223,
      "comm": "flux-broker-0",
      "cgroup_id": 67910,
      "on_cpu_stats_ns": {
        "count": 59.0,
        "sum_ns": 2706968.6000000006,
        "mean_ns": 45880.82372881357,
        "median_ns": 29953.8587240625,
        "min_ns": 5835.0,
        "max_ns": 143075.0,
        "variance_ns2": 1644164143.028048,
        "iqr_ns": 61288.66718859772,
        "q1_ns": 13980.567047106371,
        "q3_ns": 75269.23423570409
      },
      "runq_latency_stats_ns": {
        "count": 60.0,
        "sum_ns": 1064926.9666666668,
        "mean_ns": 17748.78277777778,
        "median_ns": 11309.555175574998,
        "min_ns": 817.0,
        "max_ns": 93841.0,
        "variance_ns2": 464025395.506836,
        "iqr_ns": 9841.142076083866,
        "q1_ns": 5471.159977836563,
        "q3_ns": 15312.302053920428
      },
      "first_seen_ts_ns": 1750112710122738251,
      "last_seen_ts_ns": 1750112777559851908,
      "duration_active_s": 67.437113657
    },
    {
      "tgid": 223,
      "comm": "ZMQbg/IO/0",
      "cgroup_id": 67910,
      "on_cpu_stats_ns": {
        "count": 25.0,
        "sum_ns": 2352865.0,
        "mean_ns": 94114.59999999999,
        "median_ns": 63611.792693570715,
        "min_ns": 5183.0,
        "max_ns": 502082.0,
        "variance_ns2": 11263963367.854166,
        "iqr_ns": 82922.00854678047,
        "q1_ns": 33519.73558847084,
        "q3_ns": 116441.74413525131
      },
      "runq_latency_stats_ns": {
        "count": 25.0,
        "sum_ns": 609881.0,
        "mean_ns": 24395.239999999998,
        "median_ns": 4955.2229426055555,
        "min_ns": 734.0,
        "max_ns": 216255.0,
        "variance_ns2": 2507400306.710833,
        "iqr_ns": 5847.7998304165,
        "q1_ns": 3144.416666666667,
        "q3_ns": 8992.216497083167
      },
      "first_seen_ts_ns": 1750112710242886121,
      "last_seen_ts_ns": 1750112777663378597,
      "duration_active_s": 67.420492476
    },
    {
      "tgid": 40,
      "comm": "bash",
      "cgroup_id": 67826,
      "on_cpu_stats_ns": {
        "count": 20.0,
        "sum_ns": 1266348.5,
        "mean_ns": 63317.425,
        "median_ns": 28398.606016754857,
        "min_ns": 11296.0,
        "max_ns": 204532.0,
        "variance_ns2": 3399734893.4019737,
        "iqr_ns": 95280.35706277058,
        "q1_ns": 16559.523889610387,
        "q3_ns": 111839.88095238096
      },
      "runq_latency_stats_ns": {
        "count": 20.0,
        "sum_ns": 641703.4999999999,
        "mean_ns": 32085.174999999996,
        "median_ns": 11350.413872260013,
        "min_ns": 807.0,
        "max_ns": 420953.0,
        "variance_ns2": 8447670402.92829,
        "iqr_ns": 15286.93313011188,
        "q1_ns": 4422.075203221451,
        "q3_ns": 19709.00833333333
      },
      "first_seen_ts_ns": 1750112710242886121,
      "last_seen_ts_ns": 1750112776065748366,
      "duration_active_s": 65.822862245
    },
    {
      "tgid": 1,
      "comm": "pause",
      "cgroup_id": 67490,
      "on_cpu_stats_ns": {
        "count": 2.0,
        "sum_ns": 547974.8412698413,
        "mean_ns": 273987.42063492065,
        "median_ns": 350978.28571428574,
        "min_ns": 196996.55555555556,
        "max_ns": 350978.28571428574,
        "variance_ns2": 11855186611.337997,
        "iqr_ns": 153981.73015873018,
        "q1_ns": 196996.55555555556,
        "q3_ns": 350978.28571428574
      },
      "runq_latency_stats_ns": {
        "count": 2.0,
        "sum_ns": 7703.253968253968,
        "mean_ns": 3851.626984126984,
        "median_ns": 6635.111111111111,
        "min_ns": 1068.142857142857,
        "max_ns": 6635.111111111111,
        "variance_ns2": 15495567.770345178,
        "iqr_ns": 5566.968253968254,
        "q1_ns": 1068.142857142857,
        "q3_ns": 6635.111111111111
      },
      "first_seen_ts_ns": 1750112738612903218,
      "last_seen_ts_ns": 1750112778172074731,
      "duration_active_s": 39.559171513
    },
    {
      "tgid": 223,
      "comm": "ZMQbg/Reaper",
      "cgroup_id": 67910,
      "on_cpu_stats_ns": {
        "count": 18.0,
        "sum_ns": 322988.0,
        "mean_ns": 17943.777777777777,
        "median_ns": 16873.15420634921,
        "min_ns": 5458.0,
        "max_ns": 34812.0,
        "variance_ns2": 41388441.477124184,
        "iqr_ns": 7274.390064667843,
        "q1_ns": 13375.510416666666,
        "q3_ns": 20649.90048133451
      },
      "runq_latency_stats_ns": {
        "count": 18.0,
        "sum_ns": 208209.99999999997,
        "mean_ns": 11567.22222222222,
        "median_ns": 12092.185447530861,
        "min_ns": 1592.0,
        "max_ns": 22722.0,
        "variance_ns2": 27881479.47712418,
        "iqr_ns": 3466.811815404855,
        "q1_ns": 10798.368090230148,
        "q3_ns": 14265.179905635003
      },
      "first_seen_ts_ns": 1750112711512911669,
      "last_seen_ts_ns": 1750112775455221831,
      "duration_active_s": 63.942310162
    }
  ]
}
[22:26:18] Cleanup complete. Exiting.
