unlimited
PROGRAM: cpu
Looking for /opt/programs/cpu/ebpf-collect.c
[01:31:55] Waiting for start indicator file: '/mnt/flux/start_ebpf_collection'.
[01:32:02] Start indicator found. Proceeding with monitoring.
[01:32:02] Initializing eBPF for CPU Scheduling monitoring...
[01:32:02] BPF C code compiled and loaded.
[01:32:02] Attached tracepoints.
[01:32:02] Monitoring CPU scheduling events (polling aggregated map)... Press Ctrl+C to stop.
[01:33:15] Stop indicator file '/mnt/flux/stop_ebpf_collection' found. Stopping.
[01:33:15] Initiating cleanup sequence...
{
  "final_aggregated_summary_river": [
    {
      "tgid": 167,
      "comm": "python3",
      "cgroup_id": 15194,
      "on_cpu_stats_ns": {
        "count": 465.0,
        "sum_ns": 23353793.500000007,
        "mean_ns": 50223.211827957006,
        "median_ns": 19471.267501558475,
        "min_ns": 3981.0,
        "max_ns": 1376358.0,
        "variance_ns2": 7741666539.953416,
        "iqr_ns": 76055.65368979692,
        "q1_ns": 11939.274707766232,
        "q3_ns": 87994.92839756316
      },
      "runq_latency_stats_ns": {
        "count": 465.0,
        "sum_ns": 17031456.99999999,
        "mean_ns": 36626.789247311805,
        "median_ns": 10690.770973988034,
        "min_ns": 699.0,
        "max_ns": 3329497.0,
        "variance_ns2": 37927058439.99968,
        "iqr_ns": 23954.43726943846,
        "q1_ns": 5337.837948530036,
        "q3_ns": 29292.275217968494
      },
      "first_seen_ts_ns": 1749951122648124917,
      "last_seen_ts_ns": 1749951195298346903,
      "duration_active_s": 72.650221986
    },
    {
      "tgid": 95,
      "comm": "python3",
      "cgroup_id": 15110,
      "on_cpu_stats_ns": {
        "count": 491.0,
        "sum_ns": 20791703.333333317,
        "mean_ns": 42345.62797012895,
        "median_ns": 17235.83536535138,
        "min_ns": 3873.0,
        "max_ns": 332194.3333333333,
        "variance_ns2": 2967226613.3454385,
        "iqr_ns": 63505.50439190237,
        "q1_ns": 10461.040015902596,
        "q3_ns": 73966.54440780496
      },
      "runq_latency_stats_ns": {
        "count": 491.0,
        "sum_ns": 22454853.74999999,
        "mean_ns": 45732.89969450099,
        "median_ns": 10186.260469080396,
        "min_ns": 705.0,
        "max_ns": 10026177.0,
        "variance_ns2": 217383805040.62762,
        "iqr_ns": 4814.489060440351,
        "q1_ns": 4081.169426975278,
        "q3_ns": 8895.658487415629
      },
      "first_seen_ts_ns": 1749951122757154469,
      "last_seen_ts_ns": 1749951194887467938,
      "duration_active_s": 72.130313469
    },
    {
      "tgid": 333,
      "comm": "xhpcg",
      "cgroup_id": 15278,
      "on_cpu_stats_ns": {
        "count": 149.0,
        "sum_ns": 13583240.126245612,
        "mean_ns": 91162.68541104438,
        "median_ns": 76668.45818999753,
        "min_ns": 2992.0,
        "max_ns": 627317.0,
        "variance_ns2": 6144603823.855725,
        "iqr_ns": 45760.527861026945,
        "q1_ns": 56197.09255254365,
        "q3_ns": 101957.62041357059
      },
      "runq_latency_stats_ns": {
        "count": 149.0,
        "sum_ns": 9013416.02499322,
        "mean_ns": 60492.7249999545,
        "median_ns": 47694.61052849603,
        "min_ns": 504.0,
        "max_ns": 529500.0,
        "variance_ns2": 4798907937.0558195,
        "iqr_ns": 27759.748630423135,
        "q1_ns": 34228.2142673227,
        "q3_ns": 61987.962897745834
      },
      "first_seen_ts_ns": 1749951123821119825,
      "last_seen_ts_ns": 1749951144641149657,
      "duration_active_s": 20.820029832
    },
    {
      "tgid": 351,
      "comm": "xhpcg",
      "cgroup_id": 15278,
      "on_cpu_stats_ns": {
        "count": 142.0,
        "sum_ns": 13225074.73199741,
        "mean_ns": 93134.3290985733,
        "median_ns": 80121.73776312193,
        "min_ns": 10057.0,
        "max_ns": 682999.0,
        "variance_ns2": 5560493081.126393,
        "iqr_ns": 54266.72173491104,
        "q1_ns": 54311.529371706114,
        "q3_ns": 108578.25110661716
      },
      "runq_latency_stats_ns": {
        "count": 142.0,
        "sum_ns": 10974876.918473093,
        "mean_ns": 77287.86562304995,
        "median_ns": 49107.63520532862,
        "min_ns": 1393.0,
        "max_ns": 3937419.4,
        "variance_ns2": 108837490172.57278,
        "iqr_ns": 49612.20543229782,
        "q1_ns": 21470.062514464065,
        "q3_ns": 71082.26794676189
      },
      "first_seen_ts_ns": 1749951124591133084,
      "last_seen_ts_ns": 1749951143451135975,
      "duration_active_s": 18.860002891
    },
    {
      "tgid": 255,
      "comm": "flux-broker-0",
      "cgroup_id": 15278,
      "on_cpu_stats_ns": {
        "count": 173.0,
        "sum_ns": 8349085.499999997,
        "mean_ns": 48260.60982658958,
        "median_ns": 18043.495512574715,
        "min_ns": 4326.0,
        "max_ns": 327403.5,
        "variance_ns2": 2778902475.377402,
        "iqr_ns": 58825.818665226405,
        "q1_ns": 14432.044731990294,
        "q3_ns": 73257.8633972167
      },
      "runq_latency_stats_ns": {
        "count": 173.0,
        "sum_ns": 4994929.083333335,
        "mean_ns": 28872.422447013498,
        "median_ns": 10070.98673978353,
        "min_ns": 854.0,
        "max_ns": 1208968.0,
        "variance_ns2": 9293308659.10833,
        "iqr_ns": 14103.857770545186,
        "q1_ns": 5040.909611059337,
        "q3_ns": 19144.767381604524
      },
      "first_seen_ts_ns": 1749951122648124917,
      "last_seen_ts_ns": 1749951191429771652,
      "duration_active_s": 68.781646735
    },
    {
      "tgid": 325,
      "comm": "xhpcg",
      "cgroup_id": 15278,
      "on_cpu_stats_ns": {
        "count": 17.0,
        "sum_ns": 1430897.9999999998,
        "mean_ns": 84170.47058823529,
        "median_ns": 57521.270039682546,
        "min_ns": 10478.0,
        "max_ns": 284831.0,
        "variance_ns2": 6790905469.108457,
        "iqr_ns": 103290.34418312158,
        "q1_ns": 18382.90625,
        "q3_ns": 121673.25043312158
      },
      "runq_latency_stats_ns": {
        "count": 17.0,
        "sum_ns": 3957223.9999999995,
        "mean_ns": 232777.88235294115,
        "median_ns": 48703.27245370369,
        "min_ns": 2825.0,
        "max_ns": 3611584.5,
        "variance_ns2": 758625477478.2041,
        "iqr_ns": 229858.37059817754,
        "q1_ns": 5820.0115446796,
        "q3_ns": 235678.38214285715
      },
      "first_seen_ts_ns": 1749951122991187608,
      "last_seen_ts_ns": 1749951144641149657,
      "duration_active_s": 21.649962049
    },
    {
      "tgid": 337,
      "comm": "xhpcg",
      "cgroup_id": 15278,
      "on_cpu_stats_ns": {
        "count": 43.0,
        "sum_ns": 599970.0,
        "mean_ns": 13952.790697674418,
        "median_ns": 14176.027827341872,
        "min_ns": 5265.0,
        "max_ns": 28334.0,
        "variance_ns2": 22417933.217054266,
        "iqr_ns": 4513.886905716363,
        "q1_ns": 11403.760009399497,
        "q3_ns": 15917.64691511586
      },
      "runq_latency_stats_ns": {
        "count": 43.0,
        "sum_ns": 320936.0,
        "mean_ns": 7463.627906976744,
        "median_ns": 4063.342271432353,
        "min_ns": 675.0,
        "max_ns": 134056.0,
        "variance_ns2": 393517831.28682166,
        "iqr_ns": 799.8571617044299,
        "q1_ns": 4122.1976404605375,
        "q3_ns": 4922.054802164967
      },
      "first_seen_ts_ns": 1749951122757154469,
      "last_seen_ts_ns": 1749951144421104835,
      "duration_active_s": 21.663950366
    },
    {
      "tgid": 1,
      "comm": "pause",
      "cgroup_id": 14858,
      "on_cpu_stats_ns": {
        "count": 2.0,
        "sum_ns": 567258.6825396826,
        "mean_ns": 283629.3412698413,
        "median_ns": 356419.5714285714,
        "min_ns": 210839.11111111112,
        "max_ns": 356419.5714285714,
        "variance_ns2": 10596835213.12181,
        "iqr_ns": 145580.4603174603,
        "q1_ns": 210839.11111111112,
        "q3_ns": 356419.5714285714
      },
      "runq_latency_stats_ns": {
        "count": 2.0,
        "sum_ns": 6360.079365079366,
        "mean_ns": 3180.039682539683,
        "median_ns": 5393.222222222223,
        "min_ns": 966.8571428571429,
        "max_ns": 5393.222222222223,
        "variance_ns2": 9796353.907911314,
        "iqr_ns": 4426.3650793650795,
        "q1_ns": 966.8571428571429,
        "q3_ns": 5393.222222222223
      },
      "first_seen_ts_ns": 1749951160801200196,
      "last_seen_ts_ns": 1749951195298346903,
      "duration_active_s": 34.497146707
    },
    {
      "tgid": 330,
      "comm": "xhpcg",
      "cgroup_id": 15278,
      "on_cpu_stats_ns": {
        "count": 5.0,
        "sum_ns": 559820.0,
        "mean_ns": 111964.0,
        "median_ns": 113095.0,
        "min_ns": 34297.0,
        "max_ns": 164124.0,
        "variance_ns2": 2552314569.0,
        "iqr_ns": 48126.0,
        "q1_ns": 100089.0,
        "q3_ns": 148215.0
      },
      "runq_latency_stats_ns": {
        "count": 5.0,
        "sum_ns": 187596.0,
        "mean_ns": 37519.2,
        "median_ns": 45430.0,
        "min_ns": 3259.0,
        "max_ns": 68072.0,
        "variance_ns2": 706815519.7,
        "iqr_ns": 36017.0,
        "q1_ns": 17409.0,
        "q3_ns": 53426.0
      },
      "first_seen_ts_ns": 1749951122991187608,
      "last_seen_ts_ns": 1749951123821119825,
      "duration_active_s": 0.829932217
    },
    {
      "tgid": 349,
      "comm": "xhpcg",
      "cgroup_id": 15278,
      "on_cpu_stats_ns": {
        "count": 59.0,
        "sum_ns": 510201.5732142858,
        "mean_ns": 8647.484291767556,
        "median_ns": 7962.782451976083,
        "min_ns": 3738.6875,
        "max_ns": 29155.5,
        "variance_ns2": 17663292.486206166,
        "iqr_ns": 3875.9954868521554,
        "q1_ns": 6112.015790106169,
        "q3_ns": 9988.011276958325
      },
      "runq_latency_stats_ns": {
        "count": 59.0,
        "sum_ns": 226448.37500000003,
        "mean_ns": 3838.108050847458,
        "median_ns": 3714.1576566123376,
        "min_ns": 1476.0,
        "max_ns": 10048.0,
        "variance_ns2": 2800488.398272946,
        "iqr_ns": 2413.7163034092005,
        "q1_ns": 2342.678555577509,
        "q3_ns": 4756.39485898671
      },
      "first_seen_ts_ns": 1749951123821119825,
      "last_seen_ts_ns": 1749951139561135170,
      "duration_active_s": 15.740015345
    },
    {
      "tgid": 319,
      "comm": "python3",
      "cgroup_id": 15278,
      "on_cpu_stats_ns": {
        "count": 8.0,
        "sum_ns": 447220.0,
        "mean_ns": 55902.5,
        "median_ns": 24976.0,
        "min_ns": 15749.0,
        "max_ns": 140599.0,
        "variance_ns2": 2719451340.857143,
        "iqr_ns": 40319.5,
        "q1_ns": 21260.166666666664,
        "q3_ns": 61579.666666666664
      },
      "runq_latency_stats_ns": {
        "count": 8.0,
        "sum_ns": 85257.0,
        "mean_ns": 10657.125,
        "median_ns": 8231.0,
        "min_ns": 2481.0,
        "max_ns": 22364.0,
        "variance_ns2": 53122942.125,
        "iqr_ns": 8486.777777777777,
        "q1_ns": 4453.333333333334,
        "q3_ns": 12940.111111111111
      },
      "first_seen_ts_ns": 1749951122648124917,
      "last_seen_ts_ns": 1749951127451142182,
      "duration_active_s": 4.803017265
    },
    {
      "tgid": 439,
      "comm": "xhpcg",
      "cgroup_id": 15278,
      "on_cpu_stats_ns": {
        "count": 16.0,
        "sum_ns": 221847.5,
        "mean_ns": 13865.46875,
        "median_ns": 12836.051873897708,
        "min_ns": 5844.0,
        "max_ns": 28465.5,
        "variance_ns2": 30854298.515625,
        "iqr_ns": 4218.435416666665,
        "q1_ns": 11097.7,
        "q3_ns": 15316.135416666666
      },
      "runq_latency_stats_ns": {
        "count": 16.0,
        "sum_ns": 663413.4999999999,
        "mean_ns": 41463.34374999999,
        "median_ns": 4841.527777777777,
        "min_ns": 2612.0,
        "max_ns": 495953.5,
        "variance_ns2": 14934923580.62396,
        "iqr_ns": 21210.528986855155,
        "q1_ns": 4509.0,
        "q3_ns": 25719.528986855155
      },
      "first_seen_ts_ns": 1749951133531145720,
      "last_seen_ts_ns": 1749951145476583304,
      "duration_active_s": 11.945437584
    },
    {
      "tgid": 44,
      "comm": "bash",
      "cgroup_id": 15194,
      "on_cpu_stats_ns": {
        "count": 16.0,
        "sum_ns": 196031.0,
        "mean_ns": 12251.9375,
        "median_ns": 12273.873776455026,
        "min_ns": 4377.0,
        "max_ns": 21352.0,
        "variance_ns2": 19555560.195833333,
        "iqr_ns": 5938.020383230452,
        "q1_ns": 9845.715624999999,
        "q3_ns": 15783.736008230451
      },
      "runq_latency_stats_ns": {
        "count": 16.0,
        "sum_ns": 163962.99999999997,
        "mean_ns": 10247.687499999998,
        "median_ns": 10783.266037516198,
        "min_ns": 4039.0,
        "max_ns": 13901.0,
        "variance_ns2": 5788465.029166664,
        "iqr_ns": 2606.3076458333344,
        "q1_ns": 9468.159252314814,
        "q3_ns": 12074.466898148148
      },
      "first_seen_ts_ns": 1749951127451142182,
      "last_seen_ts_ns": 1749951191429771652,
      "duration_active_s": 63.97862947
    },
    {
      "tgid": 324,
      "comm": "xhpcg",
      "cgroup_id": 15278,
      "on_cpu_stats_ns": {
        "count": 8.0,
        "sum_ns": 140103.0,
        "mean_ns": 17512.875,
        "median_ns": 16186.0,
        "min_ns": 12579.0,
        "max_ns": 27052.0,
        "variance_ns2": 29626593.267857138,
        "iqr_ns": 4839.847222222221,
        "q1_ns": 13687.15277777778,
        "q3_ns": 18527.0
      },
      "runq_latency_stats_ns": {
        "count": 8.0,
        "sum_ns": 66904.5,
        "mean_ns": 8363.0625,
        "median_ns": 9576.0,
        "min_ns": 2508.5,
        "max_ns": 12662.0,
        "variance_ns2": 16817528.45982143,
        "iqr_ns": 4794.749999999999,
        "q1_ns": 6114.250000000001,
        "q3_ns": 10909.0
      },
      "first_seen_ts_ns": 1749951122648124917,
      "last_seen_ts_ns": 1749951143451135975,
      "duration_active_s": 20.803011058
    },
    {
      "tgid": 323,
      "comm": "xhpcg",
      "cgroup_id": 15278,
      "on_cpu_stats_ns": {
        "count": 8.0,
        "sum_ns": 126849.5,
        "mean_ns": 15856.1875,
        "median_ns": 14389.0,
        "min_ns": 12261.0,
        "max_ns": 22221.0,
        "variance_ns2": 12791597.566964285,
        "iqr_ns": 1242.4444444444453,
        "q1_ns": 13649.555555555555,
        "q3_ns": 14892.0
      },
      "runq_latency_stats_ns": {
        "count": 8.0,
        "sum_ns": 59277.333333333336,
        "mean_ns": 7409.666666666667,
        "median_ns": 9955.0,
        "min_ns": 2383.5,
        "max_ns": 11602.0,
        "variance_ns2": 17410878.81746032,
        "iqr_ns": 3357.3402777777783,
        "q1_ns": 7079.993055555556,
        "q3_ns": 10437.333333333334
      },
      "first_seen_ts_ns": 1749951122757154469,
      "last_seen_ts_ns": 1749951144308614068,
      "duration_active_s": 21.551459599
    }
  ]
}
[01:33:15] Cleanup complete. Exiting.
