ln: failed to create symbolic link '/mnt/flux/view/lib/python': File exists
ln: failed to create symbolic link '/mnt/flux/view/lib/python3': File exists
unlimited
PROGRAM: futex
Looking for /opt/programs/futex/ebpf-collect.c
[06:30:27] Starting eBPF (Tracepoints for futex syscalls).
[06:30:28] BPF program loaded and tracepoints automatically attached.
[06:30:28] Start Indicator file defined '/mnt/flux/start_ebpf_collection'. Waiting.
[06:30:33] Start indicator found. Proceeding.
[06:30:33] Ring buffers opened. Polling for events...
[06:31:43] 
Indicator file '/mnt/flux/stop_ebpf_collection' found. Stopping.
[06:31:43] Cleaning up BPF resources...
{
  "final_aggregated_futex_summary_river": [
    {
      "tgid": 2300,
      "comm": "containerd",
      "cgroup_id": 4085,
      "wait_duration_stats_ns": {
        "count": 6105.0,
        "sum": 604500069015.0035,
        "mean": 99017210.3218679,
        "median": 229492.08013261345,
        "min": 444,
        "max": 29147309920,
        "variance_ns2": 4.576120504769497e+17,
        "iqr_ns": 56892513.19529576,
        "q1_ns": 101696.99483998027,
        "q3_ns": 56994210.19013574
      },
      "futex_op_counts": {
        "128": 6105
      },
      "first_seen_ts_ns": 9839221880543,
      "last_seen_ts_ns": 9913943665142
    },
    {
      "tgid": 2333,
      "comm": "kubelet",
      "cgroup_id": 4138,
      "wait_duration_stats_ns": {
        "count": 7543.0,
        "sum": 602034772595.0007,
        "mean": 79813704.440541,
        "median": 14462348.016237723,
        "min": 526,
        "max": 55373814335,
        "variance_ns2": 1.0327179998093862e+18,
        "iqr_ns": 37747110.784739226,
        "q1_ns": 1242990.1481923626,
        "q3_ns": 38990100.93293159
      },
      "futex_op_counts": {
        "128": 7543
      },
      "first_seen_ts_ns": 9839135481840,
      "last_seen_ts_ns": 9914112382431
    },
    {
      "tgid": 2420,
      "comm": "containerd-shim",
      "cgroup_id": 4085,
      "wait_duration_stats_ns": {
        "count": 894.0,
        "sum": 489292263531.0005,
        "mean": 547306782.4731549,
        "median": 331233.53068897146,
        "min": 486,
        "max": 10011115903,
        "variance_ns2": 3.294758629036547e+18,
        "iqr_ns": 4412648.52032916,
        "q1_ns": 104480.07443797843,
        "q3_ns": 4517128.594767138
      },
      "futex_op_counts": {
        "128": 894
      },
      "first_seen_ts_ns": 9844009873755,
      "last_seen_ts_ns": 9913604152908
    },
    {
      "tgid": 3803,
      "comm": "metrics-server",
      "cgroup_id": 5856,
      "wait_duration_stats_ns": {
        "count": 1618.0,
        "sum": 354965903279.0002,
        "mean": 219385601.53213856,
        "median": 106933226.49145621,
        "min": 7645,
        "max": 69465722297,
        "variance_ns2": 3.2363875997966295e+18,
        "iqr_ns": 192360644.14112398,
        "q1_ns": 17849831.888640624,
        "q3_ns": 210210476.0297646
      },
      "futex_op_counts": {
        "128": 1618
      },
      "first_seen_ts_ns": 9839183179088,
      "last_seen_ts_ns": 9914042087744
    },
    {
      "tgid": 3642,
      "comm": "coredns",
      "cgroup_id": 5786,
      "wait_duration_stats_ns": {
        "count": 712.0,
        "sum": 354624955642.99963,
        "mean": 498068757.9255613,
        "median": 322086819.3886369,
        "min": 769,
        "max": 20000629972,
        "variance_ns2": 1.4173153244060252e+18,
        "iqr_ns": 937023234.7047673,
        "q1_ns": 178017.6294062428,
        "q3_ns": 937201252.3341736
      },
      "futex_op_counts": {
        "128": 712
      },
      "first_seen_ts_ns": 9839882137458,
      "last_seen_ts_ns": 9913882768580
    },
    {
      "tgid": 3605,
      "comm": "coredns",
      "cgroup_id": 5716,
      "wait_duration_stats_ns": {
        "count": 729.0,
        "sum": 352738967148.0001,
        "mean": 483866895.95061743,
        "median": 271257842.4130295,
        "min": 811,
        "max": 25003036836,
        "variance_ns2": 1.2881347806992036e+18,
        "iqr_ns": 880477254.7750965,
        "q1_ns": 286918.0925671073,
        "q3_ns": 880764172.8676636
      },
      "futex_op_counts": {
        "128": 729
      },
      "first_seen_ts_ns": 9839846516674,
      "last_seen_ts_ns": 9913847040395
    },
    {
      "tgid": 3811,
      "comm": "metrics-server",
      "cgroup_id": 5926,
      "wait_duration_stats_ns": {
        "count": 1344.0,
        "sum": 342294820617.0002,
        "mean": 254683646.29241085,
        "median": 124008655.99185139,
        "min": 2532,
        "max": 33919825190,
        "variance_ns2": 1.7395511398503452e+18,
        "iqr_ns": 124538891.3877873,
        "q1_ns": 44890330.74411689,
        "q3_ns": 169429222.13190418
      },
      "futex_op_counts": {
        "128": 1344
      },
      "first_seen_ts_ns": 9839375373707,
      "last_seen_ts_ns": 9913999823996
    },
    {
      "tgid": 172052,
      "comm": "containerd-shim",
      "cgroup_id": 4085,
      "wait_duration_stats_ns": {
        "count": 324.0,
        "sum": 337770470448.0002,
        "mean": 1042501452.0000005,
        "median": 10746241.352900214,
        "min": 454,
        "max": 30000650281,
        "variance_ns2": 1.2696272909078258e+19,
        "iqr_ns": 28264564.39913749,
        "q1_ns": 2190297.8425801033,
        "q3_ns": 30454862.241717592
      },
      "futex_op_counts": {
        "128": 324
      },
      "first_seen_ts_ns": 9844005771740,
      "last_seen_ts_ns": 9913300968482
    },
    {
      "tgid": 3130,
      "comm": "containerd-shim",
      "cgroup_id": 4085,
      "wait_duration_stats_ns": {
        "count": 91.0,
        "sum": 319761357054.0,
        "mean": 3513861066.5274725,
        "median": 740822037.8454762,
        "min": 692,
        "max": 30000991444,
        "variance_ns2": 4.431042064269242e+19,
        "iqr_ns": 3254141528.4271393,
        "q1_ns": 42291191.62476904,
        "q3_ns": 3296432720.0519085
      },
      "futex_op_counts": {
        "128": 91
      },
      "first_seen_ts_ns": 9840426793967,
      "last_seen_ts_ns": 9907023682199
    },
    {
      "tgid": 3458,
      "comm": "containerd-shim",
      "cgroup_id": 4085,
      "wait_duration_stats_ns": {
        "count": 70.0,
        "sum": 316555424160.0,
        "mean": 4522220345.142858,
        "median": 2234763052.3323507,
        "min": 22095,
        "max": 60011456550,
        "variance_ns2": 8.23899524814603e+19,
        "iqr_ns": 3211410711.613848,
        "q1_ns": 61577212.33301525,
        "q3_ns": 3272987923.9468637
      },
      "futex_op_counts": {
        "128": 70
      },
      "first_seen_ts_ns": 9844013206640,
      "last_seen_ts_ns": 9907025053466
    },
    {
      "tgid": 3455,
      "comm": "containerd-shim",
      "cgroup_id": 4085,
      "wait_duration_stats_ns": {
        "count": 72.0,
        "sum": 316544832024.0,
        "mean": 4396456000.333333,
        "median": 1877905148.9279895,
        "min": 2960,
        "max": 60011378512,
        "variance_ns2": 7.331265249716833e+19,
        "iqr_ns": 3499394237.4550138,
        "q1_ns": 214371594.76965564,
        "q3_ns": 3713765832.2246695
      },
      "futex_op_counts": {
        "128": 72
      },
      "first_seen_ts_ns": 9844015480382,
      "last_seen_ts_ns": 9907024260189
    },
    {
      "tgid": 3533,
      "comm": "containerd-shim",
      "cgroup_id": 4085,
      "wait_duration_stats_ns": {
        "count": 80.0,
        "sum": 316295039424.99994,
        "mean": 3953687992.8124995,
        "median": 1207102829.4407537,
        "min": 873,
        "max": 60000666460,
        "variance_ns2": 7.53823013718799e+19,
        "iqr_ns": 3090610914.4480624,
        "q1_ns": 25641599.795296196,
        "q3_ns": 3116252514.2433586
      },
      "futex_op_counts": {
        "128": 80
      },
      "first_seen_ts_ns": 9844006587531,
      "last_seen_ts_ns": 9907026312908
    },
    {
      "tgid": 171893,
      "comm": "containerd-shim",
      "cgroup_id": 4085,
      "wait_duration_stats_ns": {
        "count": 75.0,
        "sum": 310517965455.0001,
        "mean": 4140239539.4000015,
        "median": 502542919.2082627,
        "min": 1295,
        "max": 30002088985,
        "variance_ns2": 5.734289966841161e+19,
        "iqr_ns": 3410533765.871576,
        "q1_ns": 21829148.9338998,
        "q3_ns": 3432362914.8054757
      },
      "futex_op_counts": {
        "128": 75
      },
      "first_seen_ts_ns": 9844008558242,
      "last_seen_ts_ns": 9907019614017
    },
    {
      "tgid": 2837,
      "comm": "aws-k8s-agent",
      "cgroup_id": 5016,
      "wait_duration_stats_ns": {
        "count": 385.0,
        "sum": 279775910894.9997,
        "mean": 726690677.6493499,
        "median": 5601685.291197626,
        "min": 9698,
        "max": 20419183365,
        "variance_ns2": 3.752553634199611e+18,
        "iqr_ns": 672816062.7879153,
        "q1_ns": 215971.8850946563,
        "q3_ns": 673032034.67301
      },
      "futex_op_counts": {
        "128": 385
      },
      "first_seen_ts_ns": 9844676698640,
      "last_seen_ts_ns": 9913599619467
    },
    {
      "tgid": 4733,
      "comm": "containerd-shim",
      "cgroup_id": 4085,
      "wait_duration_stats_ns": {
        "count": 117.0,
        "sum": 249007369271.99994,
        "mean": 2128268113.4358969,
        "median": 72858257.55153956,
        "min": 1245,
        "max": 30000105365,
        "variance_ns2": 2.125161998081321e+19,
        "iqr_ns": 2660029701.9744897,
        "q1_ns": 4626931.6448616665,
        "q3_ns": 2664656633.6193514
      },
      "futex_op_counts": {
        "128": 117
      },
      "first_seen_ts_ns": 9844014023279,
      "last_seen_ts_ns": 9907023000100
    },
    {
      "tgid": 2421,
      "comm": "containerd-shim",
      "cgroup_id": 4085,
      "wait_duration_stats_ns": {
        "count": 60.0,
        "sum": 248988232631.0,
        "mean": 4149803877.1833334,
        "median": 2287073099.112812,
        "min": 19774,
        "max": 29997574924,
        "variance_ns2": 3.71774598145902e+19,
        "iqr_ns": 6166350460.445302,
        "q1_ns": 151333429.36831802,
        "q3_ns": 6317683889.81362
      },
      "futex_op_counts": {
        "128": 60
      },
      "first_seen_ts_ns": 9844170909339,
      "last_seen_ts_ns": 9907020244327
    },
    {
      "tgid": 4878,
      "comm": "manager",
      "cgroup_id": 6254,
      "wait_duration_stats_ns": {
        "count": 691.0,
        "sum": 225157339615.99994,
        "mean": 325842749.0824891,
        "median": 224638988.51176843,
        "min": 911,
        "max": 9997314651,
        "variance_ns2": 3.146430692877521e+17,
        "iqr_ns": 490732878.8914402,
        "q1_ns": 8749941.834042154,
        "q3_ns": 499482820.72548234
      },
      "futex_op_counts": {
        "128": 691
      },
      "first_seen_ts_ns": 9839313348880,
      "last_seen_ts_ns": 9914060961320
    },
    {
      "tgid": 2966,
      "comm": "controller",
      "cgroup_id": 5086,
      "wait_duration_stats_ns": {
        "count": 310.0,
        "sum": 212660944308.00003,
        "mean": 686003046.1548388,
        "median": 498203187.1300155,
        "min": 828,
        "max": 10004453665,
        "variance_ns2": 1.7351432972034332e+18,
        "iqr_ns": 10041864.843647063,
        "q1_ns": 489686795.33657223,
        "q3_ns": 499728660.1802193
      },
      "futex_op_counts": {
        "128": 310
      },
      "first_seen_ts_ns": 9839915249806,
      "last_seen_ts_ns": 9913915824513
    },
    {
      "tgid": 4819,
      "comm": "kube-rbac-proxy",
      "cgroup_id": 6184,
      "wait_duration_stats_ns": {
        "count": 41.0,
        "sum": 209990340266.0,
        "mean": 5121715616.243902,
        "median": 5007617348.855476,
        "min": 4996012548,
        "max": 9999439085,
        "variance_ns2": 6.096786910789592e+17,
        "iqr_ns": 1901857.9993944168,
        "q1_ns": 4998679862.176131,
        "q3_ns": 5000581720.175526
      },
      "futex_op_counts": {
        "128": 41
      },
      "first_seen_ts_ns": 9847758515519,
      "last_seen_ts_ns": 9912758549496
    },
    {
      "tgid": 2559,
      "comm": "kube-proxy",
      "cgroup_id": 4876,
      "wait_duration_stats_ns": {
        "count": 61.0,
        "sum": 200629930267.99997,
        "mean": 3289015250.2950816,
        "median": 2987398792.787604,
        "min": 1291,
        "max": 29996530919,
        "variance_ns2": 2.3377741121121972e+19,
        "iqr_ns": 4445428819.329243,
        "q1_ns": 337117506.16457385,
        "q3_ns": 4782546325.493816
      },
      "futex_op_counts": {
        "128": 61
      },
      "first_seen_ts_ns": 9847252296380,
      "last_seen_ts_ns": 9912253287886
    },
    {
      "tgid": 2321,
      "comm": "ssm-agent-worke",
      "cgroup_id": 3429,
      "wait_duration_stats_ns": {
        "count": 117.0,
        "sum": 190602539069.99988,
        "mean": 1629081530.5128195,
        "median": 1310842219.9666693,
        "min": 30660,
        "max": 13558222455,
        "variance_ns2": 4.1027132200002335e+18,
        "iqr_ns": 1532655992.4097261,
        "q1_ns": 573346093.6272458,
        "q3_ns": 2106002086.036972
      },
      "futex_op_counts": {
        "128": 117
      },
      "first_seen_ts_ns": 9840094407424,
      "last_seen_ts_ns": 9913893478303
    },
    {
      "tgid": 172844,
      "comm": "xhpcg",
      "cgroup_id": 66960,
      "wait_duration_stats_ns": {
        "count": 4460.0,
        "sum": 8790632866.000011,
        "mean": 1970993.9161435002,
        "median": 1677208.3258528432,
        "min": 976,
        "max": 57204891,
        "variance_ns2": 3287607125893.473,
        "iqr_ns": 1603095.030813026,
        "q1_ns": 1421825.8409568698,
        "q3_ns": 3024920.871769896
      },
      "futex_op_counts": {
        "128": 4460
      },
      "first_seen_ts_ns": 9864926205613,
      "last_seen_ts_ns": 9886418717335
    },
    {
      "tgid": 172845,
      "comm": "xhpcg",
      "cgroup_id": 66960,
      "wait_duration_stats_ns": {
        "count": 4301.0,
        "sum": 8781376626.999975,
        "mean": 2041705.7956289176,
        "median": 1697186.993791344,
        "min": 16974,
        "max": 56353805,
        "variance_ns2": 3873763150461.575,
        "iqr_ns": 2297400.1509450423,
        "q1_ns": 1441628.2819148668,
        "q3_ns": 3739028.432859909
      },
      "futex_op_counts": {
        "128": 4301
      },
      "first_seen_ts_ns": 9864925563619,
      "last_seen_ts_ns": 9886418715722
    },
    {
      "tgid": 172846,
      "comm": "xhpcg",
      "cgroup_id": 66960,
      "wait_duration_stats_ns": {
        "count": 4144.0,
        "sum": 8698449612.99996,
        "mean": 2099046.721283774,
        "median": 1726239.7974732928,
        "min": 16745,
        "max": 54847205,
        "variance_ns2": 4218325888395.472,
        "iqr_ns": 2670921.8727611396,
        "q1_ns": 1450525.2378251092,
        "q3_ns": 4121447.110586249
      },
      "futex_op_counts": {
        "128": 4144
      },
      "first_seen_ts_ns": 9864925554507,
      "last_seen_ts_ns": 9886418892230
    },
    {
      "tgid": 172843,
      "comm": "xhpcg",
      "cgroup_id": 66960,
      "wait_duration_stats_ns": {
        "count": 4275.0,
        "sum": 8673898547.00003,
        "mean": 2028982.1162573171,
        "median": 1594982.8827368326,
        "min": 3002,
        "max": 52141987,
        "variance_ns2": 3878288934617.394,
        "iqr_ns": 1716437.9292020984,
        "q1_ns": 1405151.759482516,
        "q3_ns": 3121589.6886846144
      },
      "futex_op_counts": {
        "128": 4275
      },
      "first_seen_ts_ns": 9864925427724,
      "last_seen_ts_ns": 9886418859963
    },
    {
      "tgid": 172700,
      "comm": "xhpcg",
      "cgroup_id": 66960,
      "wait_duration_stats_ns": {
        "count": 3866.0,
        "sum": 7933032358.000017,
        "mean": 2052000.0926021773,
        "median": 1840037.005379882,
        "min": 3267,
        "max": 56197512,
        "variance_ns2": 3576573035906.9194,
        "iqr_ns": 948497.6882063516,
        "q1_ns": 1449844.6840341592,
        "q3_ns": 2398342.372240511
      },
      "futex_op_counts": {
        "128": 3866
      },
      "first_seen_ts_ns": 9844469979102,
      "last_seen_ts_ns": 9864339043959
    },
    {
      "tgid": 172698,
      "comm": "xhpcg",
      "cgroup_id": 66960,
      "wait_duration_stats_ns": {
        "count": 3916.0,
        "sum": 7927029123.000003,
        "mean": 2024266.8853421865,
        "median": 1788604.5469376545,
        "min": 16811,
        "max": 52731314,
        "variance_ns2": 3416776191305.7207,
        "iqr_ns": 693596.4383876277,
        "q1_ns": 1446408.2877242016,
        "q3_ns": 2140004.7261118293
      },
      "futex_op_counts": {
        "128": 3916
      },
      "first_seen_ts_ns": 9844469881766,
      "last_seen_ts_ns": 9864339159045
    },
    {
      "tgid": 172701,
      "comm": "xhpcg",
      "cgroup_id": 66960,
      "wait_duration_stats_ns": {
        "count": 3582.0,
        "sum": 7615273726.99998,
        "mean": 2125983.7317141206,
        "median": 1654245.3075917028,
        "min": 20379,
        "max": 57131374,
        "variance_ns2": 4466979971944.235,
        "iqr_ns": 1495686.0097468453,
        "q1_ns": 1442751.4044489022,
        "q3_ns": 2938437.4141957476
      },
      "futex_op_counts": {
        "128": 3582
      },
      "first_seen_ts_ns": 9844469725381,
      "last_seen_ts_ns": 9864339159176
    },
    {
      "tgid": 172699,
      "comm": "xhpcg",
      "cgroup_id": 66960,
      "wait_duration_stats_ns": {
        "count": 3711.0,
        "sum": 7593256026.999996,
        "mean": 2046148.2153058464,
        "median": 1761153.3938519843,
        "min": 17737,
        "max": 55864276,
        "variance_ns2": 4025144462087.963,
        "iqr_ns": 1128069.7985091105,
        "q1_ns": 1398424.8002144678,
        "q3_ns": 2526494.5987235783
      },
      "futex_op_counts": {
        "128": 3711
      },
      "first_seen_ts_ns": 9844470846107,
      "last_seen_ts_ns": 9864339177673
    },
    {
      "tgid": 173007,
      "comm": "xhpcg",
      "cgroup_id": 66960,
      "wait_duration_stats_ns": {
        "count": 3717.0,
        "sum": 6757980786.999997,
        "mean": 1818127.7339252078,
        "median": 1642416.7926733259,
        "min": 17362,
        "max": 56747593,
        "variance_ns2": 2669961109254.921,
        "iqr_ns": 674450.6603206701,
        "q1_ns": 1424523.761506335,
        "q3_ns": 2098974.421827005
      },
      "futex_op_counts": {
        "128": 3717
      },
      "first_seen_ts_ns": 9887002578203,
      "last_seen_ts_ns": 9905609335937
    },
    {
      "tgid": 173008,
      "comm": "xhpcg",
      "cgroup_id": 66960,
      "wait_duration_stats_ns": {
        "count": 3728.0,
        "sum": 6686949720.999996,
        "mean": 1793709.6891094411,
        "median": 1546552.2231721338,
        "min": 14682,
        "max": 62791010,
        "variance_ns2": 2690911682602.656,
        "iqr_ns": 487661.4231124467,
        "q1_ns": 1403709.5622229385,
        "q3_ns": 1891370.9853353852
      },
      "futex_op_counts": {
        "128": 3728
      },
      "first_seen_ts_ns": 9887002357612,
      "last_seen_ts_ns": 9905609337529
    },
    {
      "tgid": 173006,
      "comm": "xhpcg",
      "cgroup_id": 66960,
      "wait_duration_stats_ns": {
        "count": 3632.0,
        "sum": 6662587199.9999895,
        "mean": 1834412.7753303936,
        "median": 1595391.471230718,
        "min": 15875,
        "max": 51802993,
        "variance_ns2": 3101591955761.9683,
        "iqr_ns": 642074.0242357794,
        "q1_ns": 1397295.2308297362,
        "q3_ns": 2039369.2550655156
      },
      "futex_op_counts": {
        "128": 3632
      },
      "first_seen_ts_ns": 9887002591872,
      "last_seen_ts_ns": 9905609345306
    },
    {
      "tgid": 173005,
      "comm": "xhpcg",
      "cgroup_id": 66960,
      "wait_duration_stats_ns": {
        "count": 3544.0,
        "sum": 6589465631.999992,
        "mean": 1859330.0316027065,
        "median": 1526879.6171912441,
        "min": 1863,
        "max": 52940014,
        "variance_ns2": 3342626395504.09,
        "iqr_ns": 1076860.1610002834,
        "q1_ns": 1396581.505656282,
        "q3_ns": 2473441.6666565654
      },
      "futex_op_counts": {
        "128": 3544
      },
      "first_seen_ts_ns": 9887002757624,
      "last_seen_ts_ns": 9905609335613
    },
    {
      "tgid": 2213,
      "comm": "amazon-ssm-agen",
      "cgroup_id": 3429,
      "wait_duration_stats_ns": {
        "count": 12.0,
        "sum": 3986584378.0,
        "mean": 332215364.8333333,
        "median": 55527212.72222222,
        "min": 31271,
        "max": 997884415,
        "variance_ns2": 2.4009103333448266e+17,
        "iqr_ns": 544727880.1851852,
        "q1_ns": 70533.16666666667,
        "q3_ns": 544798413.3518518
      },
      "futex_op_counts": {
        "128": 12
      },
      "first_seen_ts_ns": 9898535799037,
      "last_seen_ts_ns": 9899557069578
    },
    {
      "tgid": 172710,
      "comm": "runc",
      "cgroup_id": 4085,
      "wait_duration_stats_ns": {
        "count": 237.0,
        "sum": 998279228.0000001,
        "mean": 4212148.641350212,
        "median": 293999.2956642455,
        "min": 9050,
        "max": 125449733,
        "variance_ns2": 319289973494390.9,
        "iqr_ns": 2013016.2519263783,
        "q1_ns": 49472.974412924494,
        "q3_ns": 2062489.226339303
      },
      "futex_op_counts": {
        "128": 237
      },
      "first_seen_ts_ns": 9844536994297,
      "last_seen_ts_ns": 9844669530782
    },
    {
      "tgid": 172737,
      "comm": "runc",
      "cgroup_id": 4085,
      "wait_duration_stats_ns": {
        "count": 317.0,
        "sum": 987072636.0,
        "mean": 3113793.8044164036,
        "median": 199492.0549031114,
        "min": 917,
        "max": 109229635,
        "variance_ns2": 247406101092909.94,
        "iqr_ns": 1041838.6752780306,
        "q1_ns": 49634.89531278003,
        "q3_ns": 1091473.5705908106
      },
      "futex_op_counts": {
        "128": 317
      },
      "first_seen_ts_ns": 9853497043186,
      "last_seen_ts_ns": 9853629665300
    },
    {
      "tgid": 172905,
      "comm": "runc",
      "cgroup_id": 4085,
      "wait_duration_stats_ns": {
        "count": 322.0,
        "sum": 939821314.0000002,
        "mean": 2918699.7329192553,
        "median": 202744.6338508197,
        "min": 590,
        "max": 118520036,
        "variance_ns2": 231244368090875.9,
        "iqr_ns": 1167422.107717516,
        "q1_ns": 39950.93095056787,
        "q3_ns": 1207373.0386680837
      },
      "futex_op_counts": {
        "128": 322
      },
      "first_seen_ts_ns": 9873497003209,
      "last_seen_ts_ns": 9873620193941
    },
    {
      "tgid": 173044,
      "comm": "runc",
      "cgroup_id": 4085,
      "wait_duration_stats_ns": {
        "count": 275.0,
        "sum": 869392197.9999999,
        "mean": 3161426.1745454543,
        "median": 178331.2828926002,
        "min": 648,
        "max": 107252398,
        "variance_ns2": 274462051703367.3,
        "iqr_ns": 2176370.3489358225,
        "q1_ns": 39149.808655284534,
        "q3_ns": 2215520.157591107
      },
      "futex_op_counts": {
        "128": 275
      },
      "first_seen_ts_ns": 9894540933691,
      "last_seen_ts_ns": 9894656302747
    },
    {
      "tgid": 172977,
      "comm": "runc",
      "cgroup_id": 4085,
      "wait_duration_stats_ns": {
        "count": 234.0,
        "sum": 863538423.0,
        "mean": 3690335.141025641,
        "median": 308325.44290538295,
        "min": 8234,
        "max": 121791684,
        "variance_ns2": 370628983871012.0,
        "iqr_ns": 2090228.2921763265,
        "q1_ns": 31729.07766500782,
        "q3_ns": 2121957.3698413344
      },
      "futex_op_counts": {
        "128": 234
      },
      "first_seen_ts_ns": 9884541501461,
      "last_seen_ts_ns": 9884667886543
    },
    {
      "tgid": 172929,
      "comm": "runc",
      "cgroup_id": 4085,
      "wait_duration_stats_ns": {
        "count": 269.0,
        "sum": 696164468.0,
        "mean": 2587972.0,
        "median": 118751.31070517583,
        "min": 720,
        "max": 101183885,
        "variance_ns2": 197597896759033.06,
        "iqr_ns": 543135.9199072126,
        "q1_ns": 28497.873128242103,
        "q3_ns": 571633.7930354547
      },
      "futex_op_counts": {
        "128": 269
      },
      "first_seen_ts_ns": 9874539628513,
      "last_seen_ts_ns": 9874644054001
    },
    {
      "tgid": 173396,
      "comm": "runc",
      "cgroup_id": 4085,
      "wait_duration_stats_ns": {
        "count": 410.0,
        "sum": 676366980.0000001,
        "mean": 1649675.56097561,
        "median": 87600.32894196315,
        "min": 720,
        "max": 98126973,
        "variance_ns2": 136348250595284.34,
        "iqr_ns": 321253.5340320962,
        "q1_ns": 26272.398638722454,
        "q3_ns": 347525.93267081864
      },
      "futex_op_counts": {
        "128": 410
      },
      "first_seen_ts_ns": 9913492767492,
      "last_seen_ts_ns": 9913594106818
    },
    {
      "tgid": 172953,
      "comm": "runc",
      "cgroup_id": 4085,
      "wait_duration_stats_ns": {
        "count": 300.0,
        "sum": 663534916.0000001,
        "mean": 2211783.0533333337,
        "median": 96505.93373506881,
        "min": 6459,
        "max": 95989246,
        "variance_ns2": 140943727935920.28,
        "iqr_ns": 649999.802584457,
        "q1_ns": 28807.9516522196,
        "q3_ns": 678807.7542366766
      },
      "futex_op_counts": {
        "128": 300
      },
      "first_seen_ts_ns": 9883497417442,
      "last_seen_ts_ns": 9883597994449
    },
    {
      "tgid": 173070,
      "comm": "runc",
      "cgroup_id": 4085,
      "wait_duration_stats_ns": {
        "count": 213.0,
        "sum": 653467770.9999999,
        "mean": 3067923.8075117366,
        "median": 179417.3210482829,
        "min": 6006,
        "max": 92857043,
        "variance_ns2": 219593232190815.4,
        "iqr_ns": 1177970.9627736078,
        "q1_ns": 30781.2088935823,
        "q3_ns": 1208752.17166719
      },
      "futex_op_counts": {
        "128": 213
      },
      "first_seen_ts_ns": 9903496215800,
      "last_seen_ts_ns": 9903595198944
    },
    {
      "tgid": 172763,
      "comm": "runc",
      "cgroup_id": 4085,
      "wait_duration_stats_ns": {
        "count": 224.0,
        "sum": 647619248.0,
        "mean": 2891157.3571428573,
        "median": 208516.76353202466,
        "min": 2385,
        "max": 82533548,
        "variance_ns2": 195559842046913.03,
        "iqr_ns": 928360.4040163832,
        "q1_ns": 23557.173255166454,
        "q3_ns": 951917.5772715497
      },
      "futex_op_counts": {
        "128": 224
      },
      "first_seen_ts_ns": 9854538621346,
      "last_seen_ts_ns": 9854625723028
    },
    {
      "tgid": 172816,
      "comm": "runc",
      "cgroup_id": 4085,
      "wait_duration_stats_ns": {
        "count": 395.0,
        "sum": 560784289.9999999,
        "mean": 1419707.063291139,
        "median": 88523.32418786996,
        "min": 600,
        "max": 93913114,
        "variance_ns2": 104558336016610.73,
        "iqr_ns": 318128.93537288613,
        "q1_ns": 21960.3525659777,
        "q3_ns": 340089.28793886385
      },
      "futex_op_counts": {
        "128": 395
      },
      "first_seen_ts_ns": 9864536107931,
      "last_seen_ts_ns": 9864633151792
    },
    {
      "tgid": 173019,
      "comm": "runc",
      "cgroup_id": 4085,
      "wait_duration_stats_ns": {
        "count": 324.0,
        "sum": 551361205.0,
        "mean": 1701732.114197531,
        "median": 77800.0959673044,
        "min": 656,
        "max": 77228228,
        "variance_ns2": 90683101567814.02,
        "iqr_ns": 328505.4379554784,
        "q1_ns": 25754.028863464213,
        "q3_ns": 354259.4668189426
      },
      "futex_op_counts": {
        "128": 324
      },
      "first_seen_ts_ns": 9893496676090,
      "last_seen_ts_ns": 9893578418147
    },
    {
      "tgid": 173094,
      "comm": "runc",
      "cgroup_id": 4085,
      "wait_duration_stats_ns": {
        "count": 354.0,
        "sum": 548817717.9999999,
        "mean": 1550332.5367231634,
        "median": 77347.23185193412,
        "min": 9891,
        "max": 80104322,
        "variance_ns2": 88840784182340.52,
        "iqr_ns": 427966.1220242319,
        "q1_ns": 30486.097228285675,
        "q3_ns": 458452.21925251756
      },
      "futex_op_counts": {
        "128": 354
      },
      "first_seen_ts_ns": 9904543091617,
      "last_seen_ts_ns": 9904627579210
    },
    {
      "tgid": 172988,
      "comm": "runc:[2:INIT]",
      "cgroup_id": 5016,
      "wait_duration_stats_ns": {
        "count": 24.0,
        "sum": 535773972.0,
        "mean": 22323915.5,
        "median": 3001569.3139329804,
        "min": 2295,
        "max": 104979217,
        "variance_ns2": 1741291714915255.2,
        "iqr_ns": 36585678.48873647,
        "q1_ns": 468063.1198445343,
        "q3_ns": 37053741.60858101
      },
      "futex_op_counts": {
        "128": 24
      },
      "first_seen_ts_ns": 9884558990699,
      "last_seen_ts_ns": 9884667860840
    },
    {
      "tgid": 172789,
      "comm": "runc",
      "cgroup_id": 4085,
      "wait_duration_stats_ns": {
        "count": 312.0,
        "sum": 502952342.0000002,
        "mean": 1612026.7371794877,
        "median": 104966.05402001207,
        "min": 8667,
        "max": 70513138,
        "variance_ns2": 70839106715060.6,
        "iqr_ns": 574018.9993893453,
        "q1_ns": 29366.953419324298,
        "q3_ns": 603385.9528086695
      },
      "futex_op_counts": {
        "128": 312
      },
      "first_seen_ts_ns": 9863499190455,
      "last_seen_ts_ns": 9863577849383
    },
    {
      "tgid": 172749,
      "comm": "runc:[2:INIT]",
      "cgroup_id": 5016,
      "wait_duration_stats_ns": {
        "count": 27.0,
        "sum": 489781363.0000001,
        "mean": 18140050.481481485,
        "median": 1321546.6083692515,
        "min": 3840,
        "max": 99280553,
        "variance_ns2": 1309406776531340.2,
        "iqr_ns": 19551619.277516022,
        "q1_ns": 216443.67831101193,
        "q3_ns": 19768062.955827035
      },
      "futex_op_counts": {
        "128": 27
      },
      "first_seen_ts_ns": 9853529217270,
      "last_seen_ts_ns": 9853629617852
    },
    {
      "tgid": 173056,
      "comm": "runc:[2:INIT]",
      "cgroup_id": 5016,
      "wait_duration_stats_ns": {
        "count": 26.0,
        "sum": 473669977.9999999,
        "mean": 18218076.076923072,
        "median": 2049159.2683150177,
        "min": 26884,
        "max": 94567683,
        "variance_ns2": 1302892102761440.8,
        "iqr_ns": 17738564.30768473,
        "q1_ns": 321274.0550923295,
        "q3_ns": 18059838.36277706
      },
      "futex_op_counts": {
        "128": 26
      },
      "first_seen_ts_ns": 9894560202742,
      "last_seen_ts_ns": 9894656301792
    },
    {
      "tgid": 173407,
      "comm": "runc:[2:INIT]",
      "cgroup_id": 5016,
      "wait_duration_stats_ns": {
        "count": 24.0,
        "sum": 451198311.99999994,
        "mean": 18799929.666666664,
        "median": 1724029.0446943834,
        "min": 15944,
        "max": 90732153,
        "variance_ns2": 1340707862401904.8,
        "iqr_ns": 31516097.60524006,
        "q1_ns": 80939.7447702332,
        "q3_ns": 31597037.35001029
      },
      "futex_op_counts": {
        "128": 24
      },
      "first_seen_ts_ns": 9913502742839,
      "last_seen_ts_ns": 9913594061390
    },
    {
      "tgid": 172826,
      "comm": "runc:[2:INIT]",
      "cgroup_id": 5016,
      "wait_duration_stats_ns": {
        "count": 24.0,
        "sum": 410334473.0,
        "mean": 17097269.708333332,
        "median": 3088161.285661365,
        "min": 1058,
        "max": 82432456,
        "variance_ns2": 1117222885984016.1,
        "iqr_ns": 28847293.37788803,
        "q1_ns": 204019.43334979418,
        "q3_ns": 29051312.811237827
      },
      "futex_op_counts": {
        "128": 24
      },
      "first_seen_ts_ns": 9864550130815,
      "last_seen_ts_ns": 9864633046912
    },
    {
      "tgid": 172940,
      "comm": "runc:[2:INIT]",
      "cgroup_id": 5016,
      "wait_duration_stats_ns": {
        "count": 25.0,
        "sum": 395248459.00000006,
        "mean": 15809938.360000003,
        "median": 1245356.2118249773,
        "min": 25553,
        "max": 80774366,
        "variance_ns2": 1011338813514206.0,
        "iqr_ns": 14747297.604595771,
        "q1_ns": 200048.48371154585,
        "q3_ns": 14947346.088307317
      },
      "futex_op_counts": {
        "128": 25
      },
      "first_seen_ts_ns": 9874562494650,
      "last_seen_ts_ns": 9874644033390
    },
    {
      "tgid": 172722,
      "comm": "runc:[2:INIT]",
      "cgroup_id": 5016,
      "wait_duration_stats_ns": {
        "count": 28.0,
        "sum": 390263394.9999998,
        "mean": 13937978.392857136,
        "median": 2533554.8422279526,
        "min": 6729,
        "max": 77132445,
        "variance_ns2": 753009452078470.9,
        "iqr_ns": 5119922.627124263,
        "q1_ns": 397882.3960654887,
        "q3_ns": 5517805.023189751
      },
      "futex_op_counts": {
        "128": 28
      },
      "first_seen_ts_ns": 9844590870611,
      "last_seen_ts_ns": 9844669907136
    },
    {
      "tgid": 172964,
      "comm": "runc:[2:INIT]",
      "cgroup_id": 5016,
      "wait_duration_stats_ns": {
        "count": 26.0,
        "sum": 377591612.99999994,
        "mean": 14522754.346153844,
        "median": 1812418.5441954809,
        "min": 36696,
        "max": 75390389,
        "variance_ns2": 796689041934117.2,
        "iqr_ns": 15352345.067919599,
        "q1_ns": 172300.8007565173,
        "q3_ns": 15524645.868676117
      },
      "futex_op_counts": {
        "128": 26
      },
      "first_seen_ts_ns": 9883519072949,
      "last_seen_ts_ns": 9883597926021
    },
    {
      "tgid": 173081,
      "comm": "runc:[2:INIT]",
      "cgroup_id": 5016,
      "wait_duration_stats_ns": {
        "count": 29.0,
        "sum": 369866239.0,
        "mean": 12754008.241379311,
        "median": 1084553.7253341936,
        "min": 11176,
        "max": 73249503,
        "variance_ns2": 742925269434329.8,
        "iqr_ns": 9855095.40829412,
        "q1_ns": 163574.01182441076,
        "q3_ns": 10018669.420118531
      },
      "futex_op_counts": {
        "128": 29
      },
      "first_seen_ts_ns": 9903521028423,
      "last_seen_ts_ns": 9903595905025
    },
    {
      "tgid": 172917,
      "comm": "runc:[2:INIT]",
      "cgroup_id": 5016,
      "wait_duration_stats_ns": {
        "count": 23.0,
        "sum": 360312636.00000006,
        "mean": 15665766.782608697,
        "median": 906537.305408583,
        "min": 1059,
        "max": 88803402,
        "variance_ns2": 942470832818070.9,
        "iqr_ns": 12904756.95465204,
        "q1_ns": 508401.7794367283,
        "q3_ns": 13413158.734088767
      },
      "futex_op_counts": {
        "128": 23
      },
      "first_seen_ts_ns": 9873529719982,
      "last_seen_ts_ns": 9873620089854
    },
    {
      "tgid": 172775,
      "comm": "runc:[2:INIT]",
      "cgroup_id": 5016,
      "wait_duration_stats_ns": {
        "count": 21.0,
        "sum": 333447623.0,
        "mean": 15878458.238095237,
        "median": 923196.5244852548,
        "min": 57149,
        "max": 69356805,
        "variance_ns2": 789989629926135.9,
        "iqr_ns": 6499904.045962045,
        "q1_ns": 168371.05549529527,
        "q3_ns": 6668275.101457341
      },
      "futex_op_counts": {
        "128": 21
      },
      "first_seen_ts_ns": 9854555025382,
      "last_seen_ts_ns": 9854625843146
    },
    {
      "tgid": 173105,
      "comm": "runc:[2:INIT]",
      "cgroup_id": 5016,
      "wait_duration_stats_ns": {
        "count": 24.0,
        "sum": 322310115.0,
        "mean": 13429588.125,
        "median": 4192305.6459988207,
        "min": 29291,
        "max": 61252545,
        "variance_ns2": 554949920626347.1,
        "iqr_ns": 11422945.796776066,
        "q1_ns": 147317.38271604938,
        "q3_ns": 11570263.179492114
      },
      "futex_op_counts": {
        "128": 24
      },
      "first_seen_ts_ns": 9904562463652,
      "last_seen_ts_ns": 9904627542244
    },
    {
      "tgid": 172800,
      "comm": "runc:[2:INIT]",
      "cgroup_id": 5016,
      "wait_duration_stats_ns": {
        "count": 28.0,
        "sum": 263124335.0,
        "mean": 9397297.67857143,
        "median": 560626.1828446272,
        "min": 9262,
        "max": 49726194,
        "variance_ns2": 310961264828755.7,
        "iqr_ns": 9626251.806586014,
        "q1_ns": 208474.33413421403,
        "q3_ns": 9834726.140720228
      },
      "futex_op_counts": {
        "128": 28
      },
      "first_seen_ts_ns": 9863523789072,
      "last_seen_ts_ns": 9863577716484
    },
    {
      "tgid": 173030,
      "comm": "runc:[2:INIT]",
      "cgroup_id": 5016,
      "wait_duration_stats_ns": {
        "count": 28.0,
        "sum": 262832375.0,
        "mean": 9386870.535714285,
        "median": 1434476.7569166839,
        "min": 2456,
        "max": 53366297,
        "variance_ns2": 344594015816940.7,
        "iqr_ns": 9908509.924264159,
        "q1_ns": 292922.58620122884,
        "q3_ns": 10201432.510465387
      },
      "futex_op_counts": {
        "128": 28
      },
      "first_seen_ts_ns": 9893523939733,
      "last_seen_ts_ns": 9893578420268
    },
    {
      "tgid": 172871,
      "comm": "aws-cni",
      "cgroup_id": 4085,
      "wait_duration_stats_ns": {
        "count": 131.0,
        "sum": 108509036.99999997,
        "mean": 828313.2595419845,
        "median": 187665.15897245746,
        "min": 859,
        "max": 9798918,
        "variance_ns2": 3188230325519.1787,
        "iqr_ns": 752303.4936186426,
        "q1_ns": 52027.35377376784,
        "q3_ns": 804330.8473924104
      },
      "futex_op_counts": {
        "128": 131
      },
      "first_seen_ts_ns": 9868024180659,
      "last_seen_ts_ns": 9868046654695
    },
    {
      "tgid": 172895,
      "comm": "aws-cni",
      "cgroup_id": 4085,
      "wait_duration_stats_ns": {
        "count": 86.0,
        "sum": 68999715.99999999,
        "mean": 802322.2790697672,
        "median": 169144.6774518357,
        "min": 745,
        "max": 7519878,
        "variance_ns2": 2656392441657.944,
        "iqr_ns": 544216.0157570249,
        "q1_ns": 34632.06329621333,
        "q3_ns": 578848.0790532382
      },
      "futex_op_counts": {
        "128": 86
      },
      "first_seen_ts_ns": 9868071670162,
      "last_seen_ts_ns": 9868089763607
    },
    {
      "tgid": 173030,
      "comm": "grpc-health-pro",
      "cgroup_id": 5016,
      "wait_duration_stats_ns": {
        "count": 28.0,
        "sum": 61956813.0,
        "mean": 2212743.3214285714,
        "median": 459055.3836758191,
        "min": 42584,
        "max": 10469190,
        "variance_ns2": 8411973551493.114,
        "iqr_ns": 4193396.475321909,
        "q1_ns": 87893.14902263375,
        "q3_ns": 4281289.624344543
      },
      "futex_op_counts": {
        "128": 28
      },
      "first_seen_ts_ns": 9893581866115,
      "last_seen_ts_ns": 9893594857236
    },
    {
      "tgid": 172940,
      "comm": "grpc-health-pro",
      "cgroup_id": 5016,
      "wait_duration_stats_ns": {
        "count": 21.0,
        "sum": 52435401.0,
        "mean": 2496923.8571428573,
        "median": 1971807.9283523308,
        "min": 38331,
        "max": 10636017,
        "variance_ns2": 6916208772488.328,
        "iqr_ns": 4076817.3515831083,
        "q1_ns": 258915.72188392744,
        "q3_ns": 4335733.073467036
      },
      "futex_op_counts": {
        "128": 21
      },
      "first_seen_ts_ns": 9874650227499,
      "last_seen_ts_ns": 9874662819702
    },
    {
      "tgid": 172964,
      "comm": "grpc-health-pro",
      "cgroup_id": 5016,
      "wait_duration_stats_ns": {
        "count": 25.0,
        "sum": 43667414.0,
        "mean": 1746696.56,
        "median": 536469.7518593948,
        "min": 12040,
        "max": 9615598,
        "variance_ns2": 5894124287542.591,
        "iqr_ns": 2421031.6011816333,
        "q1_ns": 167674.76841139293,
        "q3_ns": 2588706.369593026
      },
      "futex_op_counts": {
        "128": 25
      },
      "first_seen_ts_ns": 9883604452449,
      "last_seen_ts_ns": 9883616462972
    },
    {
      "tgid": 172988,
      "comm": "grpc-health-pro",
      "cgroup_id": 5016,
      "wait_duration_stats_ns": {
        "count": 28.0,
        "sum": 40603651.0,
        "mean": 1450130.392857143,
        "median": 588963.5775604877,
        "min": 10129,
        "max": 5786444,
        "variance_ns2": 4008503197687.8774,
        "iqr_ns": 2339429.649342952,
        "q1_ns": 75611.84298514828,
        "q3_ns": 2415041.4923281
      },
      "futex_op_counts": {
        "128": 28
      },
      "first_seen_ts_ns": 9884671918272,
      "last_seen_ts_ns": 9884680063637
    },
    {
      "tgid": 173105,
      "comm": "grpc-health-pro",
      "cgroup_id": 5016,
      "wait_duration_stats_ns": {
        "count": 27.0,
        "sum": 40007922.00000001,
        "mean": 1481774.8888888892,
        "median": 364090.3437424843,
        "min": 1532,
        "max": 6046897,
        "variance_ns2": 4947772012158.948,
        "iqr_ns": 1984053.7835639378,
        "q1_ns": 104178.78127405005,
        "q3_ns": 2088232.5648379878
      },
      "futex_op_counts": {
        "128": 27
      },
      "first_seen_ts_ns": 9904633716482,
      "last_seen_ts_ns": 9904642157296
    },
    {
      "tgid": 173081,
      "comm": "grpc-health-pro",
      "cgroup_id": 5016,
      "wait_duration_stats_ns": {
        "count": 28.0,
        "sum": 39372385.0,
        "mean": 1406156.607142857,
        "median": 284519.5072387077,
        "min": 8107,
        "max": 8995513,
        "variance_ns2": 4679625444528.1,
        "iqr_ns": 1936220.896360501,
        "q1_ns": 63357.891764735534,
        "q3_ns": 1999578.7881252365
      },
      "futex_op_counts": {
        "128": 28
      },
      "first_seen_ts_ns": 9903598796113,
      "last_seen_ts_ns": 9903609801853
    },
    {
      "tgid": 172775,
      "comm": "grpc-health-pro",
      "cgroup_id": 5016,
      "wait_duration_stats_ns": {
        "count": 19.0,
        "sum": 31004032.0,
        "mean": 1631791.1578947369,
        "median": 878199.2899832589,
        "min": 7885,
        "max": 5524334,
        "variance_ns2": 3451121006955.473,
        "iqr_ns": 3040519.4070626097,
        "q1_ns": 97842.95833333334,
        "q3_ns": 3138362.365395943
      },
      "futex_op_counts": {
        "128": 19
      },
      "first_seen_ts_ns": 9854629040789,
      "last_seen_ts_ns": 9854638367438
    },
    {
      "tgid": 172889,
      "comm": "egress-cni",
      "cgroup_id": 4085,
      "wait_duration_stats_ns": {
        "count": 11.0,
        "sum": 24964735.0,
        "mean": 2269521.3636363638,
        "median": 756526.3333333333,
        "min": 17345,
        "max": 6925654,
        "variance_ns2": 7979848168299.255,
        "iqr_ns": 3407815.1064814813,
        "q1_ns": 62773.0,
        "q3_ns": 3470588.1064814813
      },
      "futex_op_counts": {
        "128": 11
      },
      "first_seen_ts_ns": 9868057565510,
      "last_seen_ts_ns": 9868066687715
    },
    {
      "tgid": 172917,
      "comm": "grpc-health-pro",
      "cgroup_id": 5016,
      "wait_duration_stats_ns": {
        "count": 19.0,
        "sum": 22151256.000000004,
        "mean": 1165855.5789473685,
        "median": 917647.7747929213,
        "min": 16485,
        "max": 3050684,
        "variance_ns2": 1148019355759.4795,
        "iqr_ns": 1704968.0159069898,
        "q1_ns": 209355.82991091115,
        "q3_ns": 1914323.845817901
      },
      "futex_op_counts": {
        "128": 19
      },
      "first_seen_ts_ns": 9873623718229,
      "last_seen_ts_ns": 9873629049963
    },
    {
      "tgid": 172749,
      "comm": "grpc-health-pro",
      "cgroup_id": 5016,
      "wait_duration_stats_ns": {
        "count": 31.0,
        "sum": 21597148.999999996,
        "mean": 696682.2258064515,
        "median": 210430.6402923017,
        "min": 15166,
        "max": 3903995,
        "variance_ns2": 991651137300.4473,
        "iqr_ns": 794052.1796775926,
        "q1_ns": 49223.71366910107,
        "q3_ns": 843275.8933466936
      },
      "futex_op_counts": {
        "128": 31
      },
      "first_seen_ts_ns": 9853633961794,
      "last_seen_ts_ns": 9853640033096
    },
    {
      "tgid": 172865,
      "comm": "egress-cni",
      "cgroup_id": 4085,
      "wait_duration_stats_ns": {
        "count": 7.0,
        "sum": 20192093.0,
        "mean": 2884584.714285714,
        "median": 472958.0,
        "min": 24494,
        "max": 6434156,
        "variance_ns2": 9860001177433.906,
        "iqr_ns": 745886.3333333333,
        "q1_ns": 472958.0,
        "q3_ns": 1218844.3333333333
      },
      "futex_op_counts": {
        "128": 7
      },
      "first_seen_ts_ns": 9868011535817,
      "last_seen_ts_ns": 9868019253111
    },
    {
      "tgid": 172800,
      "comm": "grpc-health-pro",
      "cgroup_id": 5016,
      "wait_duration_stats_ns": {
        "count": 19.0,
        "sum": 18145578.000000004,
        "mean": 955030.4210526317,
        "median": 580942.4786566356,
        "min": 9575,
        "max": 2926242,
        "variance_ns2": 1064351929716.813,
        "iqr_ns": 1257774.5922925237,
        "q1_ns": 99883.81488830099,
        "q3_ns": 1357658.4071808248
      },
      "futex_op_counts": {
        "128": 19
      },
      "first_seen_ts_ns": 9863581727784,
      "last_seen_ts_ns": 9863586675263
    },
    {
      "tgid": 172722,
      "comm": "grpc-health-pro",
      "cgroup_id": 5016,
      "wait_duration_stats_ns": {
        "count": 23.0,
        "sum": 16392797.999999996,
        "mean": 712730.3478260868,
        "median": 313124.92299998645,
        "min": 30288,
        "max": 2531391,
        "variance_ns2": 731401000334.5098,
        "iqr_ns": 852074.3175978295,
        "q1_ns": 114106.66071428571,
        "q3_ns": 966180.9783121152
      },
      "futex_op_counts": {
        "128": 23
      },
      "first_seen_ts_ns": 9844672872727,
      "last_seen_ts_ns": 9844678285632
    },
    {
      "tgid": 173056,
      "comm": "grpc-health-pro",
      "cgroup_id": 5016,
      "wait_duration_stats_ns": {
        "count": 28.0,
        "sum": 15354350.0,
        "mean": 548369.6428571428,
        "median": 170653.78583513858,
        "min": 7739,
        "max": 2282726,
        "variance_ns2": 612142229113.7196,
        "iqr_ns": 714077.9920784074,
        "q1_ns": 66824.2259883497,
        "q3_ns": 780902.2180667571
      },
      "futex_op_counts": {
        "128": 28
      },
      "first_seen_ts_ns": 9894659938058,
      "last_seen_ts_ns": 9894664389992
    },
    {
      "tgid": 173407,
      "comm": "grpc-health-pro",
      "cgroup_id": 5016,
      "wait_duration_stats_ns": {
        "count": 36.0,
        "sum": 13926781.999999998,
        "mean": 386855.0555555555,
        "median": 99496.38330681744,
        "min": 12562,
        "max": 1843313,
        "variance_ns2": 317840025456.33966,
        "iqr_ns": 404819.0357590423,
        "q1_ns": 36864.816290139024,
        "q3_ns": 441683.85204918135
      },
      "futex_op_counts": {
        "128": 36
      },
      "first_seen_ts_ns": 9913596339390,
      "last_seen_ts_ns": 9913599679252
    },
    {
      "tgid": 172826,
      "comm": "grpc-health-pro",
      "cgroup_id": 5016,
      "wait_duration_stats_ns": {
        "count": 32.0,
        "sum": 13141556.0,
        "mean": 410673.625,
        "median": 169280.39403859203,
        "min": 12491,
        "max": 1949455,
        "variance_ns2": 325867467511.7258,
        "iqr_ns": 548184.1773100983,
        "q1_ns": 61737.45258028054,
        "q3_ns": 609921.6298903788
      },
      "futex_op_counts": {
        "128": 32
      },
      "first_seen_ts_ns": 9864635249676,
      "last_seen_ts_ns": 9864638481217
    },
    {
      "tgid": 172859,
      "comm": "portmap",
      "cgroup_id": 4085,
      "wait_duration_stats_ns": {
        "count": 10.0,
        "sum": 3716686.0,
        "mean": 371668.6,
        "median": 282955.6666666667,
        "min": 12436,
        "max": 644277,
        "variance_ns2": 76075392989.15556,
        "iqr_ns": 379601.31666666665,
        "q1_ns": 81774.0,
        "q3_ns": 461375.31666666665
      },
      "futex_op_counts": {
        "128": 10
      },
      "first_seen_ts_ns": 9868006544517,
      "last_seen_ts_ns": 9868008004832
    },
    {
      "tgid": 172880,
      "comm": "loopback",
      "cgroup_id": 4085,
      "wait_duration_stats_ns": {
        "count": 4.0,
        "sum": 2715007.0,
        "mean": 678751.75,
        "median": 814647.0,
        "min": 357282,
        "max": 868671,
        "variance_ns2": 52632839170.25,
        "iqr_ns": 194264.0,
        "q1_ns": 674407.0,
        "q3_ns": 868671.0
      },
      "futex_op_counts": {
        "128": 4
      },
      "first_seen_ts_ns": 9868051211720,
      "last_seen_ts_ns": 9868052087308
    },
    {
      "tgid": 172855,
      "comm": "loopback",
      "cgroup_id": 4085,
      "wait_duration_stats_ns": {
        "count": 4.0,
        "sum": 2552029.0,
        "mean": 638007.25,
        "median": 559473.0,
        "min": 22785,
        "max": 1446739,
        "variance_ns2": 350644132296.25,
        "iqr_ns": 923707.0,
        "q1_ns": 523032.0,
        "q3_ns": 1446739.0
      },
      "futex_op_counts": {
        "128": 4
      },
      "first_seen_ts_ns": 9868003102333,
      "last_seen_ts_ns": 9868004584793
    },
    {
      "tgid": 172884,
      "comm": "portmap",
      "cgroup_id": 4085,
      "wait_duration_stats_ns": {
        "count": 6.0,
        "sum": 2118385.0,
        "mean": 353064.1666666666,
        "median": 268293.0,
        "min": 52053,
        "max": 761047,
        "variance_ns2": 65495304311.36668,
        "iqr_ns": 0.0,
        "q1_ns": 268293.0,
        "q3_ns": 268293.0
      },
      "futex_op_counts": {
        "128": 6
      },
      "first_seen_ts_ns": 9868053960371,
      "last_seen_ts_ns": 9868054711067
    },
    {
      "tgid": 172558,
      "comm": "flux-broker-0",
      "cgroup_id": 66960,
      "wait_duration_stats_ns": {
        "count": 231.0,
        "sum": 924979.9999999993,
        "mean": 4004.2424242424213,
        "median": 1709.88324056395,
        "min": 447,
        "max": 134730,
        "variance_ns2": 100399491.27140972,
        "iqr_ns": 2385.103733458299,
        "q1_ns": 1030.460685737489,
        "q3_ns": 3415.5644191957877
      },
      "futex_op_counts": {
        "128": 231
      },
      "first_seen_ts_ns": 9844169880445,
      "last_seen_ts_ns": 9914049271121
    }
  ]
}
[06:31:44] Cleanup complete.
