unlimited
PROGRAM: cpu
Looking for /opt/programs/cpu/ebpf-collect.c
[19:27:50] Waiting for start indicator file: '/mnt/flux/start_ebpf_collection'.
[19:27:56] Start indicator found. Proceeding with monitoring.
[19:27:56] Initializing eBPF for CPU Scheduling monitoring...
[19:27:57] BPF C code compiled and loaded.
[19:27:57] Attached tracepoints.
[19:27:57] Monitoring CPU scheduling events (polling aggregated map)... Press Ctrl+C to stop.
[19:29:08] Stop indicator file '/mnt/flux/stop_ebpf_collection' found. Stopping.
[19:29:08] Initiating cleanup sequence...
{
  "final_aggregated_summary_river": [
    {
      "tgid": 167,
      "comm": "python3",
      "cgroup_id": 15234,
      "on_cpu_stats_ns": {
        "count": 583.0,
        "sum_ns": 33998461.16666669,
        "mean_ns": 58316.3999428245,
        "median_ns": 22239.84555963811,
        "min_ns": 3767.0,
        "max_ns": 951179.0,
        "variance_ns2": 8991978038.292973,
        "iqr_ns": 58626.59976737993,
        "q1_ns": 14007.852433850743,
        "q3_ns": 72634.45220123067
      },
      "runq_latency_stats_ns": {
        "count": 583.0,
        "sum_ns": 14493992.916666668,
        "mean_ns": 24861.051315037166,
        "median_ns": 12282.15980804769,
        "min_ns": 679.0,
        "max_ns": 1013937.0,
        "variance_ns2": 6118155076.211107,
        "iqr_ns": 22785.61943491753,
        "q1_ns": 4414.659913462802,
        "q3_ns": 27200.279348380333
      },
      "first_seen_ts_ns": 1749842877279387557,
      "last_seen_ts_ns": 1749842948607903352,
      "duration_active_s": 71.328515795
    },
    {
      "tgid": 95,
      "comm": "python3",
      "cgroup_id": 15150,
      "on_cpu_stats_ns": {
        "count": 537.0,
        "sum_ns": 31090989.499999996,
        "mean_ns": 57897.55959031657,
        "median_ns": 30846.262911440048,
        "min_ns": 3838.0,
        "max_ns": 1529838.0,
        "variance_ns2": 10467659567.15522,
        "iqr_ns": 82351.67641667333,
        "q1_ns": 14475.272657354948,
        "q3_ns": 96826.94907402828
      },
      "runq_latency_stats_ns": {
        "count": 538.0,
        "sum_ns": 27094093.416666687,
        "mean_ns": 50360.76843246596,
        "median_ns": 10537.03832673522,
        "min_ns": 701.0,
        "max_ns": 9912606.0,
        "variance_ns2": 235295685309.74707,
        "iqr_ns": 14890.717497615522,
        "q1_ns": 4878.220086984599,
        "q3_ns": 19768.93758460012
      },
      "first_seen_ts_ns": 1749842877279387557,
      "last_seen_ts_ns": 1749842948607903352,
      "duration_active_s": 71.328515795
    },
    {
      "tgid": 255,
      "comm": "flux-broker-0",
      "cgroup_id": 15318,
      "on_cpu_stats_ns": {
        "count": 225.0,
        "sum_ns": 11901619.333333334,
        "mean_ns": 52896.08592592593,
        "median_ns": 21839.245647600652,
        "min_ns": 4077.0,
        "max_ns": 530836.0,
        "variance_ns2": 4155960106.0826144,
        "iqr_ns": 71124.30487050037,
        "q1_ns": 13578.863361506468,
        "q3_ns": 84703.16823200685
      },
      "runq_latency_stats_ns": {
        "count": 225.0,
        "sum_ns": 14166584.5,
        "mean_ns": 62962.59777777778,
        "median_ns": 5133.941663878884,
        "min_ns": 723.0,
        "max_ns": 9988250.0,
        "variance_ns2": 442252601038.5467,
        "iqr_ns": 23387.031764710475,
        "q1_ns": 4624.097604290902,
        "q3_ns": 28011.129369001377
      },
      "first_seen_ts_ns": 1749842877386353525,
      "last_seen_ts_ns": 1749842948607903352,
      "duration_active_s": 71.221549827
    },
    {
      "tgid": 371,
      "comm": "xhpcg",
      "cgroup_id": 15318,
      "on_cpu_stats_ns": {
        "count": 16.0,
        "sum_ns": 820214.5333333334,
        "mean_ns": 51263.40833333334,
        "median_ns": 13239.838095238096,
        "min_ns": 4979.0,
        "max_ns": 466237.0,
        "variance_ns2": 13303764322.457407,
        "iqr_ns": 15242.9914021164,
        "q1_ns": 9927.125,
        "q3_ns": 25170.1164021164
      },
      "runq_latency_stats_ns": {
        "count": 16.0,
        "sum_ns": 5105536.633333333,
        "mean_ns": 319096.0395833333,
        "median_ns": 39280.93749999999,
        "min_ns": 1622.0,
        "max_ns": 3453632.0,
        "variance_ns2": 855582769345.7554,
        "iqr_ns": 323045.85601851874,
        "q1_ns": 3252.3333333333335,
        "q3_ns": 326298.18935185205
      },
      "first_seen_ts_ns": 1749842882071253404,
      "last_seen_ts_ns": 1749842884061242846,
      "duration_active_s": 1.989989442
    },
    {
      "tgid": 330,
      "comm": "xhpcg",
      "cgroup_id": 15318,
      "on_cpu_stats_ns": {
        "count": 6.0,
        "sum_ns": 637027.0,
        "mean_ns": 106171.16666666667,
        "median_ns": 149346.0,
        "min_ns": 8348.0,
        "max_ns": 218344.0,
        "variance_ns2": 7513953888.566668,
        "iqr_ns": 44993.77777777777,
        "q1_ns": 104352.22222222223,
        "q3_ns": 149346.0
      },
      "runq_latency_stats_ns": {
        "count": 6.0,
        "sum_ns": 173225.0,
        "mean_ns": 28870.833333333336,
        "median_ns": 17793.0,
        "min_ns": 2725.0,
        "max_ns": 70647.0,
        "variance_ns2": 937906872.5666668,
        "iqr_ns": 4546.833333333332,
        "q1_ns": 13246.166666666668,
        "q3_ns": 17793.0
      },
      "first_seen_ts_ns": 1749842877511302704,
      "last_seen_ts_ns": 1749842878361215348,
      "duration_active_s": 0.849912644
    },
    {
      "tgid": 327,
      "comm": "xhpcg",
      "cgroup_id": 15318,
      "on_cpu_stats_ns": {
        "count": 32.0,
        "sum_ns": 578767.9999999999,
        "mean_ns": 18086.499999999996,
        "median_ns": 15074.822971306769,
        "min_ns": 7437.0,
        "max_ns": 124710.0,
        "variance_ns2": 405697043.435484,
        "iqr_ns": 4480.020747601518,
        "q1_ns": 12226.11497479263,
        "q3_ns": 16706.13572239415
      },
      "runq_latency_stats_ns": {
        "count": 32.0,
        "sum_ns": 883678.5,
        "mean_ns": 27614.953125,
        "median_ns": 4786.5231964928425,
        "min_ns": 1960.0,
        "max_ns": 589407.0,
        "variance_ns2": 10762339860.19934,
        "iqr_ns": 7387.06064708294,
        "q1_ns": 3647.126995293581,
        "q3_ns": 11034.18764237652
      },
      "first_seen_ts_ns": 1749842877279387557,
      "last_seen_ts_ns": 1749842899521302642,
      "duration_active_s": 22.241915085
    },
    {
      "tgid": 325,
      "comm": "xhpcg",
      "cgroup_id": 15318,
      "on_cpu_stats_ns": {
        "count": 6.0,
        "sum_ns": 573392.0,
        "mean_ns": 95565.33333333333,
        "median_ns": 143680.0,
        "min_ns": 17015.0,
        "max_ns": 162479.0,
        "variance_ns2": 4338391880.266666,
        "iqr_ns": 41072.888888888876,
        "q1_ns": 102607.11111111112,
        "q3_ns": 143680.0
      },
      "runq_latency_stats_ns": {
        "count": 6.0,
        "sum_ns": 285736.0,
        "mean_ns": 47622.66666666667,
        "median_ns": 66445.0,
        "min_ns": 3454.0,
        "max_ns": 105528.0,
        "variance_ns2": 2010366024.6666667,
        "iqr_ns": 25864.83333333333,
        "q1_ns": 40580.16666666667,
        "q3_ns": 66445.0
      },
      "first_seen_ts_ns": 1749842877511302704,
      "last_seen_ts_ns": 1749842878471222197,
      "duration_active_s": 0.959919493
    },
    {
      "tgid": 319,
      "comm": "python3",
      "cgroup_id": 15318,
      "on_cpu_stats_ns": {
        "count": 7.0,
        "sum_ns": 573371.0000000001,
        "mean_ns": 81910.14285714287,
        "median_ns": 100672.33333333334,
        "min_ns": 9268.0,
        "max_ns": 166005.0,
        "variance_ns2": 4965946625.809524,
        "iqr_ns": 76242.38888888889,
        "q1_ns": 60221.61111111111,
        "q3_ns": 136464.0
      },
      "runq_latency_stats_ns": {
        "count": 7.0,
        "sum_ns": 200942.00000000003,
        "mean_ns": 28706.000000000004,
        "median_ns": 14200.666666666666,
        "min_ns": 2535.0,
        "max_ns": 97597.0,
        "variance_ns2": 1312550791.6666667,
        "iqr_ns": 8403.333333333332,
        "q1_ns": 9503.666666666668,
        "q3_ns": 17907.0
      },
      "first_seen_ts_ns": 1749842877511302704,
      "last_seen_ts_ns": 1749842879434728367,
      "duration_active_s": 1.923425663
    },
    {
      "tgid": 337,
      "comm": "xhpcg",
      "cgroup_id": 15318,
      "on_cpu_stats_ns": {
        "count": 44.0,
        "sum_ns": 559264.0,
        "mean_ns": 12710.545454545456,
        "median_ns": 12478.297383566758,
        "min_ns": 5097.0,
        "max_ns": 24401.0,
        "variance_ns2": 24888324.672304444,
        "iqr_ns": 7290.002122385156,
        "q1_ns": 8277.616500883016,
        "q3_ns": 15567.618623268172
      },
      "runq_latency_stats_ns": {
        "count": 44.0,
        "sum_ns": 589135.0000000001,
        "mean_ns": 13389.43181818182,
        "median_ns": 6187.9437050023835,
        "min_ns": 838.0,
        "max_ns": 133575.0,
        "variance_ns2": 721294640.2045455,
        "iqr_ns": 11880.723017608672,
        "q1_ns": 3994.4411799992763,
        "q3_ns": 15875.164197607948
      },
      "first_seen_ts_ns": 1749842877621257308,
      "last_seen_ts_ns": 1749842900077288233,
      "duration_active_s": 22.456030925
    },
    {
      "tgid": 1,
      "comm": "pause",
      "cgroup_id": 14982,
      "on_cpu_stats_ns": {
        "count": 2.0,
        "sum_ns": 552073.6031746031,
        "mean_ns": 276036.80158730154,
        "median_ns": 344426.71428571426,
        "min_ns": 207646.88888888888,
        "max_ns": 344426.71428571426,
        "variance_ns2": 9354360317.793024,
        "iqr_ns": 136779.82539682538,
        "q1_ns": 207646.88888888888,
        "q3_ns": 344426.71428571426
      },
      "runq_latency_stats_ns": {
        "count": 2.0,
        "sum_ns": 5931.126984126984,
        "mean_ns": 2965.563492063492,
        "median_ns": 4461.555555555556,
        "min_ns": 1469.5714285714287,
        "max_ns": 4461.555555555556,
        "variance_ns2": 4475984.508062485,
        "iqr_ns": 2991.984126984127,
        "q1_ns": 1469.5714285714287,
        "q3_ns": 4461.555555555556
      },
      "first_seen_ts_ns": 1749842890141238699,
      "last_seen_ts_ns": 1749842948607903352,
      "duration_active_s": 58.466664653
    },
    {
      "tgid": 349,
      "comm": "xhpcg",
      "cgroup_id": 15318,
      "on_cpu_stats_ns": {
        "count": 53.0,
        "sum_ns": 406852.5178571427,
        "mean_ns": 7676.462601078165,
        "median_ns": 7782.051311237991,
        "min_ns": 3900.125,
        "max_ns": 19478.0,
        "variance_ns2": 8587837.271263106,
        "iqr_ns": 3130.801328735729,
        "q1_ns": 5422.141699326826,
        "q3_ns": 8552.943028062555
      },
      "runq_latency_stats_ns": {
        "count": 53.0,
        "sum_ns": 176840.4297619048,
        "mean_ns": 3336.61188230009,
        "median_ns": 2963.9566757683733,
        "min_ns": 1295.5,
        "max_ns": 8633.0,
        "variance_ns2": 2279333.180817499,
        "iqr_ns": 1416.5715035045773,
        "q1_ns": 2351.6224299130668,
        "q3_ns": 3768.193933417644
      },
      "first_seen_ts_ns": 1749842881961243593,
      "last_seen_ts_ns": 1749842891801237752,
      "duration_active_s": 9.839994159
    },
    {
      "tgid": 44,
      "comm": "bash",
      "cgroup_id": 15234,
      "on_cpu_stats_ns": {
        "count": 18.0,
        "sum_ns": 256930.0,
        "mean_ns": 14273.888888888889,
        "median_ns": 14566.641170634923,
        "min_ns": 4097.0,
        "max_ns": 24084.0,
        "variance_ns2": 32250276.575163394,
        "iqr_ns": 7175.046392746914,
        "q1_ns": 11254.875,
        "q3_ns": 18429.921392746914
      },
      "runq_latency_stats_ns": {
        "count": 18.0,
        "sum_ns": 172578.00000000003,
        "mean_ns": 9587.666666666668,
        "median_ns": 10974.589285714284,
        "min_ns": 1880.0,
        "max_ns": 13170.0,
        "variance_ns2": 13589658.23529412,
        "iqr_ns": 3004.2536207721005,
        "q1_ns": 8989.49140625,
        "q3_ns": 11993.7450270221
      },
      "first_seen_ts_ns": 1749842879434728367,
      "last_seen_ts_ns": 1749842947479550611,
      "duration_active_s": 68.044822244
    },
    {
      "tgid": 323,
      "comm": "xhpcg",
      "cgroup_id": 15318,
      "on_cpu_stats_ns": {
        "count": 5.0,
        "sum_ns": 76733.0,
        "mean_ns": 15346.6,
        "median_ns": 13694.0,
        "min_ns": 12753.0,
        "max_ns": 19130.0,
        "variance_ns2": 8797205.8,
        "iqr_ns": 4756.0,
        "q1_ns": 13200.0,
        "q3_ns": 17956.0
      },
      "runq_latency_stats_ns": {
        "count": 5.0,
        "sum_ns": 51314.0,
        "mean_ns": 10262.8,
        "median_ns": 9907.0,
        "min_ns": 8613.0,
        "max_ns": 12472.0,
        "variance_ns2": 2583815.7,
        "iqr_ns": 2274.0,
        "q1_ns": 9024.0,
        "q3_ns": 11298.0
      },
      "first_seen_ts_ns": 1749842879434728367,
      "last_seen_ts_ns": 1749842895471250263,
      "duration_active_s": 16.036521896
    },
    {
      "tgid": 324,
      "comm": "xhpcg",
      "cgroup_id": 15318,
      "on_cpu_stats_ns": {
        "count": 5.0,
        "sum_ns": 72362.0,
        "mean_ns": 14472.4,
        "median_ns": 16128.0,
        "min_ns": 8169.0,
        "max_ns": 19113.0,
        "variance_ns2": 21368352.3,
        "iqr_ns": 6552.0,
        "q1_ns": 11200.0,
        "q3_ns": 17752.0
      },
      "runq_latency_stats_ns": {
        "count": 5.0,
        "sum_ns": 51381.0,
        "mean_ns": 10276.2,
        "median_ns": 9673.0,
        "min_ns": 8461.0,
        "max_ns": 12349.0,
        "variance_ns2": 3345277.1999999993,
        "iqr_ns": 3276.0,
        "q1_ns": 8811.0,
        "q3_ns": 12087.0
      },
      "first_seen_ts_ns": 1749842879434728367,
      "last_seen_ts_ns": 1749842895471250263,
      "duration_active_s": 16.036521896
    },
    {
      "tgid": 701,
      "comm": "xhpcg",
      "cgroup_id": 15318,
      "on_cpu_stats_ns": {
        "count": 1.0,
        "sum_ns": 4912.0,
        "mean_ns": 4912.0,
        "median_ns": 4912.0,
        "min_ns": 4912.0,
        "max_ns": 4912.0,
        "variance_ns2": null,
        "iqr_ns": 0.0,
        "q1_ns": 4912.0,
        "q3_ns": 4912.0
      },
      "runq_latency_stats_ns": {
        "count": 1.0,
        "sum_ns": 2209.625,
        "mean_ns": 2209.625,
        "median_ns": 2209.625,
        "min_ns": 2209.625,
        "max_ns": 2209.625,
        "variance_ns2": null,
        "iqr_ns": 0.0,
        "q1_ns": 2209.625,
        "q3_ns": 2209.625
      },
      "first_seen_ts_ns": 1749842929331226477,
      "last_seen_ts_ns": 1749842929331226477,
      "duration_active_s": 0
    }
  ]
}
[19:29:08] Cleanup complete. Exiting.
