unlimited
PROGRAM: cpu
Looking for /opt/programs/cpu/ebpf-collect.c
[20:00:36] Waiting for start indicator file: '/mnt/flux/start_ebpf_collection'.
[20:00:42] Start indicator found. Proceeding with monitoring.
[20:00:42] Initializing eBPF for CPU Scheduling monitoring...
[20:00:43] BPF C code compiled and loaded.
[20:00:43] Attached tracepoints.
[20:00:43] Monitoring CPU scheduling events (polling aggregated map)... Press Ctrl+C to stop.
[20:01:52] Stop indicator file '/mnt/flux/stop_ebpf_collection' found. Stopping.
[20:01:52] Initiating cleanup sequence...
{
  "final_aggregated_summary_river": [
    {
      "tgid": 102,
      "comm": "python3",
      "cgroup_id": 65975,
      "on_cpu_stats_ns": {
        "count": 318.0,
        "sum_ns": 16463918.000000006,
        "mean_ns": 51773.32704402517,
        "median_ns": 16538.068766196513,
        "min_ns": 4505.0,
        "max_ns": 672089.0,
        "variance_ns2": 5771395554.252326,
        "iqr_ns": 42451.55254106906,
        "q1_ns": 15301.869452602139,
        "q3_ns": 57753.421993671196
      },
      "runq_latency_stats_ns": {
        "count": 318.0,
        "sum_ns": 4303502.499999999,
        "mean_ns": 13533.026729559744,
        "median_ns": 10439.288176194506,
        "min_ns": 771.0,
        "max_ns": 385582.0,
        "variance_ns2": 700654138.7257994,
        "iqr_ns": 9959.024573124749,
        "q1_ns": 3813.659951441042,
        "q3_ns": 13772.684524565791
      },
      "first_seen_ts_ns": 1749931243437911908,
      "last_seen_ts_ns": 1749931312643210821,
      "duration_active_s": 69.205298913
    },
    {
      "tgid": 231,
      "comm": "python3",
      "cgroup_id": 66059,
      "on_cpu_stats_ns": {
        "count": 362.0,
        "sum_ns": 15312427.240800861,
        "mean_ns": 42299.52276464326,
        "median_ns": 17341.26124450119,
        "min_ns": 4567.875,
        "max_ns": 2670603.0,
        "variance_ns2": 21922458049.446823,
        "iqr_ns": 34373.27772977378,
        "q1_ns": 13269.92154923978,
        "q3_ns": 47643.199279013555
      },
      "runq_latency_stats_ns": {
        "count": 362.0,
        "sum_ns": 20994900.936147153,
        "mean_ns": 57996.96391200871,
        "median_ns": 7150.766219694043,
        "min_ns": 755.0,
        "max_ns": 9985308.0,
        "variance_ns2": 316992910232.7979,
        "iqr_ns": 4823.866954524691,
        "q1_ns": 4380.520162199561,
        "q3_ns": 9204.387116724252
      },
      "first_seen_ts_ns": 1749931243437911908,
      "last_seen_ts_ns": 1749931312538500520,
      "duration_active_s": 69.100588612
    },
    {
      "tgid": 120,
      "comm": "flux-broker-0",
      "cgroup_id": 66143,
      "on_cpu_stats_ns": {
        "count": 160.0,
        "sum_ns": 6698284.999999998,
        "mean_ns": 41864.281249999985,
        "median_ns": 19688.61721459537,
        "min_ns": 4832.0,
        "max_ns": 190313.0,
        "variance_ns2": 1912702490.470715,
        "iqr_ns": 27485.233419991542,
        "q1_ns": 14016.179358960515,
        "q3_ns": 41501.41277895206
      },
      "runq_latency_stats_ns": {
        "count": 160.0,
        "sum_ns": 2095803.5,
        "mean_ns": 13098.771875,
        "median_ns": 10408.94439750717,
        "min_ns": 1066.5,
        "max_ns": 137859.0,
        "variance_ns2": 249067915.18505323,
        "iqr_ns": 9444.110525750551,
        "q1_ns": 4181.050868567391,
        "q3_ns": 13625.161394317944
      },
      "first_seen_ts_ns": 1749931243437911908,
      "last_seen_ts_ns": 1749931312643210821,
      "duration_active_s": 69.205298913
    },
    {
      "tgid": 1,
      "comm": "pause",
      "cgroup_id": 65723,
      "on_cpu_stats_ns": {
        "count": 2.0,
        "sum_ns": 747930.4126984128,
        "mean_ns": 373965.2063492064,
        "median_ns": 430821.85714285716,
        "min_ns": 317108.55555555556,
        "max_ns": 430821.85714285716,
        "variance_ns2": 6465357478.942301,
        "iqr_ns": 113713.3015873016,
        "q1_ns": 317108.55555555556,
        "q3_ns": 430821.85714285716
      },
      "runq_latency_stats_ns": {
        "count": 2.0,
        "sum_ns": 6498.460317460317,
        "mean_ns": 3249.2301587301586,
        "median_ns": 5364.888888888889,
        "min_ns": 1133.5714285714287,
        "max_ns": 5364.888888888889,
        "variance_ns2": 8952023.724993698,
        "iqr_ns": 4231.31746031746,
        "q1_ns": 1133.5714285714287,
        "q3_ns": 5364.888888888889
      },
      "first_seen_ts_ns": 1749931253403596532,
      "last_seen_ts_ns": 1749931312643210821,
      "duration_active_s": 59.239614289
    },
    {
      "tgid": 44,
      "comm": "bash",
      "cgroup_id": 66059,
      "on_cpu_stats_ns": {
        "count": 17.0,
        "sum_ns": 274343.0,
        "mean_ns": 16137.823529411766,
        "median_ns": 15810.683641975309,
        "min_ns": 5210.0,
        "max_ns": 26666.0,
        "variance_ns2": 45173299.654411756,
        "iqr_ns": 8317.58545855379,
        "q1_ns": 14020.317142857142,
        "q3_ns": 22337.902601410933
      },
      "runq_latency_stats_ns": {
        "count": 17.0,
        "sum_ns": 170183.5,
        "mean_ns": 10010.79411764706,
        "median_ns": 11415.047222222225,
        "min_ns": 1871.0,
        "max_ns": 14400.0,
        "variance_ns2": 18997702.970588237,
        "iqr_ns": 5314.544467592592,
        "q1_ns": 8050.294907407408,
        "q3_ns": 13364.839375
      },
      "first_seen_ts_ns": 1749931246477827493,
      "last_seen_ts_ns": 1749931310480835642,
      "duration_active_s": 64.003008149
    }
  ]
}
[20:01:52] Cleanup complete. Exiting.
