unlimited
PROGRAM: cpu
Looking for /opt/programs/cpu/ebpf-collect.c
[14:57:15] Waiting for start indicator file: '/mnt/flux/start_ebpf_collection'.
[14:57:21] Start indicator found. Proceeding with monitoring.
[14:57:21] Initializing eBPF for CPU Scheduling monitoring...
[14:57:21] BPF C code compiled and loaded.
[14:57:21] Attached tracepoints.
[14:57:21] Monitoring CPU scheduling events (polling aggregated map)... Press Ctrl+C to stop.
[14:58:30] Stop indicator file '/mnt/flux/stop_ebpf_collection' found. Stopping.
[14:58:30] Initiating cleanup sequence...
{
  "final_aggregated_summary_river": [
    {
      "tgid": 261,
      "comm": "python3",
      "cgroup_id": 84623,
      "on_cpu_stats_ns": {
        "count": 459.0,
        "sum_ns": 27341626.728219707,
        "mean_ns": 59567.81422270089,
        "median_ns": 25515.56274936465,
        "min_ns": 9065.15625,
        "max_ns": 804289.0,
        "variance_ns2": 9097090794.20041,
        "iqr_ns": 28740.179649189904,
        "q1_ns": 20124.24505330082,
        "q3_ns": 48864.42470249072
      },
      "runq_latency_stats_ns": {
        "count": 460.0,
        "sum_ns": 20896788.04071971,
        "mean_ns": 45427.80008852111,
        "median_ns": 12229.852343072838,
        "min_ns": 1601.0,
        "max_ns": 10003657.5,
        "variance_ns2": 232389510335.4691,
        "iqr_ns": 13109.715803595052,
        "q1_ns": 4556.911241449204,
        "q3_ns": 17666.627045044257
      },
      "first_seen_ts_ns": 1749740241745738057,
      "last_seen_ts_ns": 1749740310446978542,
      "duration_active_s": 68.701240485
    },
    {
      "tgid": 137,
      "comm": "python3",
      "cgroup_id": 84553,
      "on_cpu_stats_ns": {
        "count": 440.0,
        "sum_ns": 22182260.094418447,
        "mean_ns": 50414.22748731465,
        "median_ns": 22716.811352603552,
        "min_ns": 7993.25,
        "max_ns": 720064.0,
        "variance_ns2": 5440411629.409734,
        "iqr_ns": 28475.452373946682,
        "q1_ns": 18943.83978744039,
        "q3_ns": 47419.29216138707
      },
      "runq_latency_stats_ns": {
        "count": 439.0,
        "sum_ns": 32584891.976548575,
        "mean_ns": 74225.26646138627,
        "median_ns": 10743.156726795767,
        "min_ns": 1820.0,
        "max_ns": 20731240.0,
        "variance_ns2": 1004942475511.8151,
        "iqr_ns": 8078.845196727443,
        "q1_ns": 4758.486129711897,
        "q3_ns": 12837.33132643934
      },
      "first_seen_ts_ns": 1749740241745738057,
      "last_seen_ts_ns": 1749740310446978542,
      "duration_active_s": 68.701240485
    },
    {
      "tgid": 112,
      "comm": "flux-broker-0",
      "cgroup_id": 84693,
      "on_cpu_stats_ns": {
        "count": 164.0,
        "sum_ns": 7233705.604166665,
        "mean_ns": 44107.96100101625,
        "median_ns": 24582.374770821796,
        "min_ns": 9682.46875,
        "max_ns": 743335.0,
        "variance_ns2": 6031530080.508652,
        "iqr_ns": 10902.00397613343,
        "q1_ns": 18615.89384191177,
        "q3_ns": 29517.8978180452
      },
      "runq_latency_stats_ns": {
        "count": 164.0,
        "sum_ns": 2294329.8693181816,
        "mean_ns": 13989.816276330375,
        "median_ns": 10465.330087318296,
        "min_ns": 1741.0,
        "max_ns": 207903.0,
        "variance_ns2": 650900691.04609,
        "iqr_ns": 11240.002346091242,
        "q1_ns": 4117.739121002681,
        "q3_ns": 15357.741467093923
      },
      "first_seen_ts_ns": 1749740241745738057,
      "last_seen_ts_ns": 1749740309832733101,
      "duration_active_s": 68.086995044
    },
    {
      "tgid": 389,
      "comm": "xhpcg",
      "cgroup_id": 84693,
      "on_cpu_stats_ns": {
        "count": 41.0,
        "sum_ns": 1395016.0,
        "mean_ns": 34024.78048780488,
        "median_ns": 24191.16349177082,
        "min_ns": 11980.0,
        "max_ns": 105307.0,
        "variance_ns2": 493018623.32560956,
        "iqr_ns": 13096.776914011967,
        "q1_ns": 21765.36242948374,
        "q3_ns": 34862.139343495706
      },
      "runq_latency_stats_ns": {
        "count": 41.0,
        "sum_ns": 529001.0000000001,
        "mean_ns": 12902.46341463415,
        "median_ns": 9193.102351387874,
        "min_ns": 4611.0,
        "max_ns": 68834.0,
        "variance_ns2": 121465735.05487803,
        "iqr_ns": 8160.562341170836,
        "q1_ns": 6925.88782455879,
        "q3_ns": 15086.450165729626
      },
      "first_seen_ts_ns": 1749740242714266065,
      "last_seen_ts_ns": 1749740263653569090,
      "duration_active_s": 20.939303025
    },
    {
      "tgid": 1,
      "comm": "pause",
      "cgroup_id": 84343,
      "on_cpu_stats_ns": {
        "count": 2.0,
        "sum_ns": 834720.75,
        "mean_ns": 417360.375,
        "median_ns": 455838.0,
        "min_ns": 378882.75,
        "max_ns": 455838.0,
        "variance_ns2": 2961055251.28125,
        "iqr_ns": 76955.25,
        "q1_ns": 378882.75,
        "q3_ns": 455838.0
      },
      "runq_latency_stats_ns": {
        "count": 2.0,
        "sum_ns": 17267.0,
        "mean_ns": 8633.5,
        "median_ns": 13010.0,
        "min_ns": 4257.0,
        "max_ns": 13010.0,
        "variance_ns2": 38307504.5,
        "iqr_ns": 8753.0,
        "q1_ns": 4257.0,
        "q3_ns": 13010.0
      },
      "first_seen_ts_ns": 1749740287364275553,
      "last_seen_ts_ns": 1749740310446978542,
      "duration_active_s": 23.082702989
    },
    {
      "tgid": 372,
      "comm": "xhpcg",
      "cgroup_id": 84693,
      "on_cpu_stats_ns": {
        "count": 25.0,
        "sum_ns": 716153.0,
        "mean_ns": 28646.12,
        "median_ns": 26103.54958357514,
        "min_ns": 14631.0,
        "max_ns": 72144.0,
        "variance_ns2": 168374071.44333336,
        "iqr_ns": 6914.827566641943,
        "q1_ns": 24870.019785150333,
        "q3_ns": 31784.847351792276
      },
      "runq_latency_stats_ns": {
        "count": 25.0,
        "sum_ns": 283374.00000000006,
        "mean_ns": 11334.960000000003,
        "median_ns": 10536.972888888888,
        "min_ns": 3170.0,
        "max_ns": 20472.0,
        "variance_ns2": 22716453.373333335,
        "iqr_ns": 6886.4245833333325,
        "q1_ns": 7045.613611111111,
        "q3_ns": 13932.038194444443
      },
      "first_seen_ts_ns": 1749740251954260431,
      "last_seen_ts_ns": 1749740264305434632,
      "duration_active_s": 12.351174201
    },
    {
      "tgid": 31,
      "comm": "bash",
      "cgroup_id": 84553,
      "on_cpu_stats_ns": {
        "count": 21.0,
        "sum_ns": 472488.672348485,
        "mean_ns": 22499.460588023096,
        "median_ns": 22685.362301086258,
        "min_ns": 8476.939393939394,
        "max_ns": 47583.0,
        "variance_ns2": 98478259.42361455,
        "iqr_ns": 10395.605038942536,
        "q1_ns": 16343.361910774413,
        "q3_ns": 26738.96694971695
      },
      "runq_latency_stats_ns": {
        "count": 21.0,
        "sum_ns": 254412.47348484848,
        "mean_ns": 12114.879689754689,
        "median_ns": 12392.213448973866,
        "min_ns": 2142.848484848485,
        "max_ns": 22931.0,
        "variance_ns2": 37597797.9213899,
        "iqr_ns": 4689.706067867484,
        "q1_ns": 11975.431392045453,
        "q3_ns": 16665.137459912938
      },
      "first_seen_ts_ns": 1749740241965368486,
      "last_seen_ts_ns": 1749740309309311365,
      "duration_active_s": 67.343942879
    },
    {
      "tgid": 333,
      "comm": "python3",
      "cgroup_id": 84693,
      "on_cpu_stats_ns": {
        "count": 1.0,
        "sum_ns": 161355.0,
        "mean_ns": 161355.0,
        "median_ns": 161355.0,
        "min_ns": 161355.0,
        "max_ns": 161355.0,
        "variance_ns2": null,
        "iqr_ns": 0.0,
        "q1_ns": 161355.0,
        "q3_ns": 161355.0
      },
      "runq_latency_stats_ns": {
        "count": 1.0,
        "sum_ns": 5635.5,
        "mean_ns": 5635.5,
        "median_ns": 5635.5,
        "min_ns": 5635.5,
        "max_ns": 5635.5,
        "variance_ns2": null,
        "iqr_ns": 0.0,
        "q1_ns": 5635.5,
        "q3_ns": 5635.5
      },
      "first_seen_ts_ns": 1749740241965368486,
      "last_seen_ts_ns": 1749740241965368486,
      "duration_active_s": 0
    },
    {
      "tgid": 359,
      "comm": "xhpcg",
      "cgroup_id": 84693,
      "on_cpu_stats_ns": {
        "count": 9.0,
        "sum_ns": 141262.6547619048,
        "mean_ns": 15695.850529100531,
        "median_ns": 15392.68472222222,
        "min_ns": 10150.5,
        "max_ns": 22905.714285714286,
        "variance_ns2": 22620081.321078204,
        "iqr_ns": 8049.815265376985,
        "q1_ns": 11720.934734623015,
        "q3_ns": 19770.75
      },
      "runq_latency_stats_ns": {
        "count": 9.0,
        "sum_ns": 320271.51515151514,
        "mean_ns": 35585.723905723906,
        "median_ns": 8298.857142857143,
        "min_ns": 2868.6666666666665,
        "max_ns": 176069.14285714287,
        "variance_ns2": 3417982559.605815,
        "iqr_ns": 24430.834656084662,
        "q1_ns": 4289.832010582011,
        "q3_ns": 28720.66666666667
      },
      "first_seen_ts_ns": 1749740251954260431,
      "last_seen_ts_ns": 1749740254379200021,
      "duration_active_s": 2.42493959
    },
    {
      "tgid": 332,
      "comm": "flux-job",
      "cgroup_id": 84693,
      "on_cpu_stats_ns": {
        "count": 4.0,
        "sum_ns": 74777.41935483871,
        "mean_ns": 18694.354838709678,
        "median_ns": 21471.0,
        "min_ns": 9173.41935483871,
        "max_ns": 26422.0,
        "variance_ns2": 53013819.10579256,
        "iqr_ns": 8711.0,
        "q1_ns": 17711.0,
        "q3_ns": 26422.0
      },
      "runq_latency_stats_ns": {
        "count": 4.0,
        "sum_ns": 37415.06451612903,
        "mean_ns": 9353.766129032258,
        "median_ns": 11820.0,
        "min_ns": 2413.064516129032,
        "max_ns": 12401.0,
        "variance_ns2": 21859426.39082553,
        "iqr_ns": 1620.0,
        "q1_ns": 10781.0,
        "q3_ns": 12401.0
      },
      "first_seen_ts_ns": 1749740241965368486,
      "last_seen_ts_ns": 1749740261384276517,
      "duration_active_s": 19.418908031
    }
  ]
}
[14:58:30] Cleanup complete. Exiting.
