unlimited
PROGRAM: cpu
Looking for /opt/programs/cpu/ebpf-collect.c
[06:53:18] Waiting for start indicator file: '/mnt/flux/start_ebpf_collection'.
[06:53:24] Start indicator found. Proceeding with monitoring.
[06:53:24] Initializing eBPF for CPU Scheduling monitoring...
[06:53:24] BPF C code compiled and loaded.
[06:53:24] Attached tracepoints.
[06:53:24] Monitoring CPU scheduling events (polling aggregated map)... Press Ctrl+C to stop.
[06:54:28] Stop indicator file '/mnt/flux/stop_ebpf_collection' found. Stopping.
[06:54:28] Initiating cleanup sequence...
{
  "final_aggregated_summary_river": [
    {
      "tgid": 145,
      "comm": "python3",
      "cgroup_id": 68767,
      "on_cpu_stats_ns": {
        "count": 499.0,
        "sum_ns": 29874760.878247105,
        "mean_ns": 59869.260277048306,
        "median_ns": 24578.285777007957,
        "min_ns": 4637.325,
        "max_ns": 1324884.0,
        "variance_ns2": 11158338683.661478,
        "iqr_ns": 45397.924557518985,
        "q1_ns": 16521.31973292215,
        "q3_ns": 61919.24429044114
      },
      "runq_latency_stats_ns": {
        "count": 499.0,
        "sum_ns": 13737706.912739282,
        "mean_ns": 27530.474775028622,
        "median_ns": 15256.396916267966,
        "min_ns": 1020.0,
        "max_ns": 2509117.0,
        "variance_ns2": 20211813778.403854,
        "iqr_ns": 18620.67710987766,
        "q1_ns": 4585.486119277448,
        "q3_ns": 23206.163229155107
      },
      "first_seen_ts_ns": 1749884005080415789,
      "last_seen_ts_ns": 1749884067491217933,
      "duration_active_s": 62.410802144
    },
    {
      "tgid": 225,
      "comm": "python3",
      "cgroup_id": 68837,
      "on_cpu_stats_ns": {
        "count": 193.0,
        "sum_ns": 19289381.190911196,
        "mean_ns": 99944.98026378857,
        "median_ns": 88545.38768346958,
        "min_ns": 5217.136363636364,
        "max_ns": 481325.0,
        "variance_ns2": 7338350433.935043,
        "iqr_ns": 131535.22968014688,
        "q1_ns": 27677.420426028362,
        "q3_ns": 159212.65010617525
      },
      "runq_latency_stats_ns": {
        "count": 193.0,
        "sum_ns": 15272677.511494694,
        "mean_ns": 79133.04410100878,
        "median_ns": 67222.91096600016,
        "min_ns": 765.171875,
        "max_ns": 715833.0,
        "variance_ns2": 11018256176.875696,
        "iqr_ns": 121285.24455482724,
        "q1_ns": 17205.80801672336,
        "q3_ns": 138491.0525715506
      },
      "first_seen_ts_ns": 1749884005080415789,
      "last_seen_ts_ns": 1749884068201593567,
      "duration_active_s": 63.121177778
    },
    {
      "tgid": 119,
      "comm": "flux-broker-0",
      "cgroup_id": 68907,
      "on_cpu_stats_ns": {
        "count": 92.0,
        "sum_ns": 3064255.3226201264,
        "mean_ns": 33307.123071957896,
        "median_ns": 22188.530932131096,
        "min_ns": 6212.883720930233,
        "max_ns": 259413.0,
        "variance_ns2": 2342817010.482837,
        "iqr_ns": 8259.146613120734,
        "q1_ns": 15946.936346394767,
        "q3_ns": 24206.0829595155
      },
      "runq_latency_stats_ns": {
        "count": 92.0,
        "sum_ns": 1184926.7027944375,
        "mean_ns": 12879.638073852582,
        "median_ns": 9855.911403023507,
        "min_ns": 1770.0,
        "max_ns": 43970.0,
        "variance_ns2": 108825534.48852424,
        "iqr_ns": 19183.397166090333,
        "q1_ns": 2972.161379923379,
        "q3_ns": 22155.55854601371
      },
      "first_seen_ts_ns": 1749884005080415789,
      "last_seen_ts_ns": 1749884067286180296,
      "duration_active_s": 62.205764507
    },
    {
      "tgid": 305,
      "comm": "xhpcg",
      "cgroup_id": 68907,
      "on_cpu_stats_ns": {
        "count": 37.0,
        "sum_ns": 1706851.0,
        "mean_ns": 46131.10810810811,
        "median_ns": 49184.56502045957,
        "min_ns": 5641.0,
        "max_ns": 78731.0,
        "variance_ns2": 624446187.0990992,
        "iqr_ns": 50529.43478723575,
        "q1_ns": 17912.41258893586,
        "q3_ns": 68441.8473761716
      },
      "runq_latency_stats_ns": {
        "count": 37.0,
        "sum_ns": 962897.0,
        "mean_ns": 26024.243243243243,
        "median_ns": 29981.05188465335,
        "min_ns": 1840.0,
        "max_ns": 67820.0,
        "variance_ns2": 262726761.68918917,
        "iqr_ns": 18231.348209058215,
        "q1_ns": 14098.785912343028,
        "q3_ns": 32330.134121401243
      },
      "first_seen_ts_ns": 1749884005421568648,
      "last_seen_ts_ns": 1749884023814333729,
      "duration_active_s": 18.392765081
    },
    {
      "tgid": 31,
      "comm": "bash",
      "cgroup_id": 68767,
      "on_cpu_stats_ns": {
        "count": 16.0,
        "sum_ns": 1400374.0,
        "mean_ns": 87523.375,
        "median_ns": 91885.01445578231,
        "min_ns": 6460.0,
        "max_ns": 252842.0,
        "variance_ns2": 5372340063.983334,
        "iqr_ns": 135621.5888310185,
        "q1_ns": 25144.66116898148,
        "q3_ns": 160766.25
      },
      "runq_latency_stats_ns": {
        "count": 16.0,
        "sum_ns": 191232.00000000003,
        "mean_ns": 11952.000000000002,
        "median_ns": 10273.51201223545,
        "min_ns": 1520.0,
        "max_ns": 38780.0,
        "variance_ns2": 133045373.2,
        "iqr_ns": 12326.459395208702,
        "q1_ns": 3390.8579732510284,
        "q3_ns": 15717.31736845973
      },
      "first_seen_ts_ns": 1749884005080415789,
      "last_seen_ts_ns": 1749884057100550008,
      "duration_active_s": 52.020134219
    },
    {
      "tgid": 1,
      "comm": "pause",
      "cgroup_id": 68557,
      "on_cpu_stats_ns": {
        "count": 3.0,
        "sum_ns": 718953.7777777778,
        "mean_ns": 239651.25925925927,
        "median_ns": 245882.0,
        "min_ns": 177928.55555555556,
        "max_ns": 295143.22222222225,
        "variance_ns2": 3463936118.0781903,
        "iqr_ns": 117214.66666666669,
        "q1_ns": 177928.55555555556,
        "q3_ns": 295143.22222222225
      },
      "runq_latency_stats_ns": {
        "count": 3.0,
        "sum_ns": 8541.333333333334,
        "mean_ns": 2847.1111111111113,
        "median_ns": 1280.0,
        "min_ns": 1101.2222222222222,
        "max_ns": 6160.111111111111,
        "variance_ns2": 8239967.123456791,
        "iqr_ns": 5058.888888888889,
        "q1_ns": 1101.2222222222222,
        "q3_ns": 6160.111111111111
      },
      "first_seen_ts_ns": 1749884007300494729,
      "last_seen_ts_ns": 1749884068201593567,
      "duration_active_s": 60.901098838
    },
    {
      "tgid": 315,
      "comm": "xhpcg",
      "cgroup_id": 68907,
      "on_cpu_stats_ns": {
        "count": 35.0,
        "sum_ns": 557558.0059163059,
        "mean_ns": 15930.228740465884,
        "median_ns": 15767.41241095162,
        "min_ns": 3558.714285714286,
        "max_ns": 26673.666666666668,
        "variance_ns2": 60449829.319137186,
        "iqr_ns": 13935.258853745778,
        "q1_ns": 8310.973809672949,
        "q3_ns": 22246.232663418727
      },
      "runq_latency_stats_ns": {
        "count": 35.0,
        "sum_ns": 1399752.5734487737,
        "mean_ns": 39992.93066996496,
        "median_ns": 19541.632272646413,
        "min_ns": 764.2857142857143,
        "max_ns": 187982.0,
        "variance_ns2": 2400497058.858615,
        "iqr_ns": 9428.090319292303,
        "q1_ns": 17935.583784975846,
        "q3_ns": 27363.67410426815
      },
      "first_seen_ts_ns": 1749884005421568648,
      "last_seen_ts_ns": 1749884010390437366,
      "duration_active_s": 4.968868718
    },
    {
      "tgid": 65,
      "comm": "bash",
      "cgroup_id": 68907,
      "on_cpu_stats_ns": {
        "count": 27.0,
        "sum_ns": 555814.4496598641,
        "mean_ns": 20585.72035777274,
        "median_ns": 20980.077042999434,
        "min_ns": 8390.0,
        "max_ns": 47811.0,
        "variance_ns2": 69884787.51977612,
        "iqr_ns": 9143.198467041047,
        "q1_ns": 15277.988511640788,
        "q3_ns": 24421.186978681835
      },
      "runq_latency_stats_ns": {
        "count": 27.0,
        "sum_ns": 316133.1015306123,
        "mean_ns": 11708.633390022676,
        "median_ns": 8400.27146566967,
        "min_ns": 2090.0204081632655,
        "max_ns": 25391.0,
        "variance_ns2": 81350207.36301245,
        "iqr_ns": 16493.376435843165,
        "q1_ns": 2927.073949719853,
        "q3_ns": 19420.450385563017
      },
      "first_seen_ts_ns": 1749884005188817061,
      "last_seen_ts_ns": 1749884067181491080,
      "duration_active_s": 61.992674019
    }
  ]
}
[06:54:28] Cleanup complete. Exiting.
