ln: failed to create symbolic link '/mnt/flux/view/lib/python': File exists
ln: failed to create symbolic link '/mnt/flux/view/lib/python3': File exists
unlimited
PROGRAM: cpu
Looking for /opt/programs/cpu/ebpf-collect.c
[20:12:56] Waiting for start indicator file: '/mnt/flux/start_ebpf_collection'.
[20:13:02] Start indicator found. Proceeding with monitoring.
[20:13:02] Initializing eBPF for CPU Scheduling monitoring...
[20:13:02] BPF C code compiled and loaded.
[20:13:02] Attached tracepoints.
[20:13:02] Monitoring CPU scheduling events (polling aggregated map)... Press Ctrl+C to stop.
[20:14:14] Stop indicator file '/mnt/flux/stop_ebpf_collection' found. Stopping.
[20:14:14] Initiating cleanup sequence...
{
  "final_aggregated_summary_river": [
    {
      "tgid": 175,
      "comm": "python3",
      "cgroup_id": 71332,
      "on_cpu_stats_ns": {
        "count": 396.0,
        "sum_ns": 23022602.16666668,
        "mean_ns": 58137.88425925929,
        "median_ns": 27227.31333977906,
        "min_ns": 4833.0,
        "max_ns": 437183.0,
        "variance_ns2": 3890779772.515755,
        "iqr_ns": 66880.06838862105,
        "q1_ns": 19303.474089392523,
        "q3_ns": 86183.54247801357
      },
      "runq_latency_stats_ns": {
        "count": 396.0,
        "sum_ns": 21750794.5,
        "mean_ns": 54926.24873737374,
        "median_ns": 14266.149623121108,
        "min_ns": 845.0,
        "max_ns": 9990489.0,
        "variance_ns2": 262649636804.154,
        "iqr_ns": 8737.207584309914,
        "q1_ns": 5390.86343710111,
        "q3_ns": 14128.071021411024
      },
      "first_seen_ts_ns": 1749931983067807390,
      "last_seen_ts_ns": 1749932054776035245,
      "duration_active_s": 71.708227855
    },
    {
      "tgid": 184,
      "comm": "python3",
      "cgroup_id": 71416,
      "on_cpu_stats_ns": {
        "count": 383.0,
        "sum_ns": 19054500.870214757,
        "mean_ns": 49750.65501361555,
        "median_ns": 26334.76449095618,
        "min_ns": 3594.0,
        "max_ns": 2546563.0,
        "variance_ns2": 32329939231.213535,
        "iqr_ns": 30370.806611633074,
        "q1_ns": 15929.950721844027,
        "q3_ns": 46300.7573334771
      },
      "runq_latency_stats_ns": {
        "count": 383.0,
        "sum_ns": 5587145.029084965,
        "mean_ns": 14587.846028942467,
        "median_ns": 11815.192919424166,
        "min_ns": 886.0,
        "max_ns": 257782.0,
        "variance_ns2": 333541179.8163186,
        "iqr_ns": 11253.4844346868,
        "q1_ns": 6677.339443453167,
        "q3_ns": 17930.823878139967
      },
      "first_seen_ts_ns": 1749931983067807390,
      "last_seen_ts_ns": 1749932054673314279,
      "duration_active_s": 71.605506889
    },
    {
      "tgid": 97,
      "comm": "flux-broker-0",
      "cgroup_id": 71500,
      "on_cpu_stats_ns": {
        "count": 100.0,
        "sum_ns": 3102084.666666665,
        "mean_ns": 31020.84666666665,
        "median_ns": 23987.148625575748,
        "min_ns": 4414.0,
        "max_ns": 181230.0,
        "variance_ns2": 1010260238.4251851,
        "iqr_ns": 9858.45498071668,
        "q1_ns": 17157.59455490651,
        "q3_ns": 27016.04953562319
      },
      "runq_latency_stats_ns": {
        "count": 101.0,
        "sum_ns": 1525465.166666667,
        "mean_ns": 15103.615511551157,
        "median_ns": 15808.275686016974,
        "min_ns": 1256.0,
        "max_ns": 76978.0,
        "variance_ns2": 177111543.9959681,
        "iqr_ns": 13641.89554476156,
        "q1_ns": 5258.409646983715,
        "q3_ns": 18900.305191745276
      },
      "first_seen_ts_ns": 1749931983286139822,
      "last_seen_ts_ns": 1749932054465880790,
      "duration_active_s": 71.179740968
    },
    {
      "tgid": 1,
      "comm": "pause",
      "cgroup_id": 71080,
      "on_cpu_stats_ns": {
        "count": 2.0,
        "sum_ns": 1314518.0,
        "mean_ns": 657259.0,
        "median_ns": 791332.0,
        "min_ns": 523186.0,
        "max_ns": 791332.0,
        "variance_ns2": 35951138658.0,
        "iqr_ns": 268146.0,
        "q1_ns": 523186.0,
        "q3_ns": 791332.0
      },
      "runq_latency_stats_ns": {
        "count": 2.0,
        "sum_ns": 11305.111111111111,
        "mean_ns": 5652.555555555556,
        "median_ns": 10009.111111111111,
        "min_ns": 1296.0,
        "max_ns": 10009.111111111111,
        "variance_ns2": 37959152.617283955,
        "iqr_ns": 8713.111111111111,
        "q1_ns": 1296.0,
        "q3_ns": 10009.111111111111
      },
      "first_seen_ts_ns": 1749932033478015323,
      "last_seen_ts_ns": 1749932054776035245,
      "duration_active_s": 21.298019922
    },
    {
      "tgid": 40,
      "comm": "bash",
      "cgroup_id": 71416,
      "on_cpu_stats_ns": {
        "count": 14.0,
        "sum_ns": 1039527.0000000001,
        "mean_ns": 74251.92857142858,
        "median_ns": 33490.69666666666,
        "min_ns": 7442.0,
        "max_ns": 215830.0,
        "variance_ns2": 4929750780.994506,
        "iqr_ns": 56951.68061342592,
        "q1_ns": 23206.65271990741,
        "q3_ns": 80158.33333333333
      },
      "runq_latency_stats_ns": {
        "count": 14.0,
        "sum_ns": 168450.00000000003,
        "mean_ns": 12032.142857142859,
        "median_ns": 13189.988634920635,
        "min_ns": 1009.0,
        "max_ns": 48426.0,
        "variance_ns2": 161233140.43956044,
        "iqr_ns": 7130.8946428571435,
        "q1_ns": 4710.0,
        "q3_ns": 11840.894642857143
      },
      "first_seen_ts_ns": 1749931983286139822,
      "last_seen_ts_ns": 1749932054776035245,
      "duration_active_s": 71.489895423
    },
    {
      "tgid": 97,
      "comm": "ZMQbg/IO/0",
      "cgroup_id": 71500,
      "on_cpu_stats_ns": {
        "count": 18.0,
        "sum_ns": 392135.5,
        "mean_ns": 21785.305555555555,
        "median_ns": 21496.40502409297,
        "min_ns": 11044.0,
        "max_ns": 40721.0,
        "variance_ns2": 39453292.15114379,
        "iqr_ns": 5561.861708473865,
        "q1_ns": 18370.53512797094,
        "q3_ns": 23932.396836444805
      },
      "runq_latency_stats_ns": {
        "count": 18.0,
        "sum_ns": 304848.33333333326,
        "mean_ns": 16936.018518518515,
        "median_ns": 17120.824455782313,
        "min_ns": 1698.0,
        "max_ns": 62644.0,
        "variance_ns2": 182294049.104212,
        "iqr_ns": 6048.076567460317,
        "q1_ns": 12373.0,
        "q3_ns": 18421.076567460317
      },
      "first_seen_ts_ns": 1749931986487821833,
      "last_seen_ts_ns": 1749932054465880790,
      "duration_active_s": 67.978058957
    }
  ]
}
[20:14:14] Cleanup complete. Exiting.
