ln: failed to create symbolic link '/mnt/flux/view/lib/python': File exists
ln: failed to create symbolic link '/mnt/flux/view/lib/python3': File exists
unlimited
PROGRAM: futex
Looking for /opt/programs/futex/ebpf-collect.c
[17:08:15] Starting eBPF (Tracepoints for futex syscalls).
[17:08:15] BPF program loaded and tracepoints automatically attached.
[17:08:15] Start Indicator file defined '/mnt/flux/start_ebpf_collection'. Waiting.
[17:08:20] Start indicator found. Proceeding.
[17:08:20] Ring buffers opened. Polling for events...
[17:09:21] 
Indicator file '/mnt/flux/stop_ebpf_collection' found. Stopping.
[17:09:21] Cleaning up BPF resources...
{
  "final_aggregated_futex_summary_river": [
    {
      "tgid": 6252,
      "comm": "kubelet",
      "cgroup_id": 4138,
      "wait_duration_stats_ns": {
        "count": 6407.0,
        "sum": 1680881492074.9976,
        "mean": 262350786.96347708,
        "median": 13948549.0661374,
        "min": 790,
        "max": 59917662659,
        "variance_ns2": 7.824222765673542e+18,
        "iqr_ns": 38711540.22268059,
        "q1_ns": 1191031.259821259,
        "q3_ns": 39902571.48250185
      },
      "futex_op_counts": {
        "128": 6407
      },
      "first_seen_ts_ns": 5177018534341,
      "last_seen_ts_ns": 5242747919371
    },
    {
      "tgid": 6208,
      "comm": "containerd",
      "cgroup_id": 4085,
      "wait_duration_stats_ns": {
        "count": 5632.0,
        "sum": 1440558589977.998,
        "mean": 255780999.64097977,
        "median": 2591365.0141224233,
        "min": 889,
        "max": 39577618728,
        "variance_ns2": 2.1222797712076198e+18,
        "iqr_ns": 104686835.96122205,
        "q1_ns": 59475.67281182767,
        "q3_ns": 104746311.63403387
      },
      "futex_op_counts": {
        "128": 5632
      },
      "first_seen_ts_ns": 5177101100393,
      "last_seen_ts_ns": 5242761412415
    },
    {
      "tgid": 6353,
      "comm": "containerd-shim",
      "cgroup_id": 4085,
      "wait_duration_stats_ns": {
        "count": 821.0,
        "sum": 384869429139.0003,
        "mean": 468781277.8794157,
        "median": 732925.7467392089,
        "min": 980,
        "max": 19358741255,
        "variance_ns2": 2.771578454944417e+18,
        "iqr_ns": 41307590.41484582,
        "q1_ns": 161115.36722272608,
        "q3_ns": 41468705.78206854
      },
      "futex_op_counts": {
        "128": 821
      },
      "first_seen_ts_ns": 5184626385011,
      "last_seen_ts_ns": 5240581029366
    },
    {
      "tgid": 9423,
      "comm": "coredns",
      "cgroup_id": 5921,
      "wait_duration_stats_ns": {
        "count": 607.0,
        "sum": 334337687553.0005,
        "mean": 550803439.1317965,
        "median": 326684567.59262294,
        "min": 900,
        "max": 26988316329,
        "variance_ns2": 2.31991607514839e+18,
        "iqr_ns": 870281657.0857741,
        "q1_ns": 239248.63407402838,
        "q3_ns": 870520905.719848
      },
      "futex_op_counts": {
        "128": 607
      },
      "first_seen_ts_ns": 5177396252413,
      "last_seen_ts_ns": 5242397129095
    },
    {
      "tgid": 9312,
      "comm": "coredns",
      "cgroup_id": 5781,
      "wait_duration_stats_ns": {
        "count": 564.0,
        "sum": 316360981411.00006,
        "mean": 560923725.9060285,
        "median": 292031706.9752055,
        "min": 1080,
        "max": 13006215742,
        "variance_ns2": 1.3983018322291743e+18,
        "iqr_ns": 836776642.3268789,
        "q1_ns": 52419.791116985434,
        "q3_ns": 836829062.1179959
      },
      "futex_op_counts": {
        "128": 564
      },
      "first_seen_ts_ns": 5177279950951,
      "last_seen_ts_ns": 5242280890878
    },
    {
      "tgid": 139173,
      "comm": "containerd-shim",
      "cgroup_id": 4085,
      "wait_duration_stats_ns": {
        "count": 272.0,
        "sum": 304407264131.9997,
        "mean": 1119144353.4264696,
        "median": 10296143.905054826,
        "min": 710,
        "max": 30001026952,
        "variance_ns2": 1.3301647005172347e+19,
        "iqr_ns": 1091284068.2857754,
        "q1_ns": 1515079.7157639314,
        "q3_ns": 1092799148.0015395
      },
      "futex_op_counts": {
        "128": 272
      },
      "first_seen_ts_ns": 5181798644620,
      "last_seen_ts_ns": 5242772460336
    },
    {
      "tgid": 6524,
      "comm": "kube-proxy",
      "cgroup_id": 4871,
      "wait_duration_stats_ns": {
        "count": 70.0,
        "sum": 304245423335.99994,
        "mean": 4346363190.514285,
        "median": 1534334783.3728547,
        "min": 43282,
        "max": 30005538267,
        "variance_ns2": 5.6043477622183535e+19,
        "iqr_ns": 3422831349.023188,
        "q1_ns": 736511004.3810654,
        "q3_ns": 4159342353.4042535
      },
      "futex_op_counts": {
        "128": 70
      },
      "first_seen_ts_ns": 5179021250269,
      "last_seen_ts_ns": 5242547992989
    },
    {
      "tgid": 138713,
      "comm": "containerd-shim",
      "cgroup_id": 4085,
      "wait_duration_stats_ns": {
        "count": 69.0,
        "sum": 299958783250.0,
        "mean": 4347228742.753623,
        "median": 1043141514.3392032,
        "min": 800,
        "max": 60000353715,
        "variance_ns2": 8.603533137386902e+19,
        "iqr_ns": 5793234836.6337805,
        "q1_ns": 7684471.51231041,
        "q3_ns": 5800919308.1460905
      },
      "futex_op_counts": {
        "128": 69
      },
      "first_seen_ts_ns": 5188971343460,
      "last_seen_ts_ns": 5241595141174
    },
    {
      "tgid": 8090,
      "comm": "metrics-server",
      "cgroup_id": 5501,
      "wait_duration_stats_ns": {
        "count": 1295.0,
        "sum": 297617027811.00006,
        "mean": 229820098.69575295,
        "median": 118902791.4070162,
        "min": 1080,
        "max": 20068255811,
        "variance_ns2": 1.0538627237859718e+18,
        "iqr_ns": 145096810.44459838,
        "q1_ns": 51658838.13534083,
        "q3_ns": 196755648.57993922
      },
      "futex_op_counts": {
        "128": 1295
      },
      "first_seen_ts_ns": 5177294366275,
      "last_seen_ts_ns": 5242673894703
    },
    {
      "tgid": 8039,
      "comm": "metrics-server",
      "cgroup_id": 5431,
      "wait_duration_stats_ns": {
        "count": 1165.0,
        "sum": 262504835436.99994,
        "mean": 225326039.00171667,
        "median": 120424426.40249343,
        "min": 970,
        "max": 10014652971,
        "variance_ns2": 5.235487757478383e+17,
        "iqr_ns": 109269805.48513381,
        "q1_ns": 53505803.59032743,
        "q3_ns": 162775609.07546124
      },
      "futex_op_counts": {
        "128": 1165
      },
      "first_seen_ts_ns": 5177018824839,
      "last_seen_ts_ns": 5242671588962
    },
    {
      "tgid": 9360,
      "comm": "containerd-shim",
      "cgroup_id": 4085,
      "wait_duration_stats_ns": {
        "count": 63.0,
        "sum": 240748150287.00003,
        "mean": 3821399210.9047623,
        "median": 921063621.0754043,
        "min": 5221,
        "max": 30002691453,
        "variance_ns2": 4.1126920678520865e+19,
        "iqr_ns": 7711562068.647542,
        "q1_ns": 111042456.63391858,
        "q3_ns": 7822604525.281461
      },
      "futex_op_counts": {
        "128": 63
      },
      "first_seen_ts_ns": 5188969802852,
      "last_seen_ts_ns": 5240576399984
    },
    {
      "tgid": 6360,
      "comm": "containerd-shim",
      "cgroup_id": 4085,
      "wait_duration_stats_ns": {
        "count": 61.0,
        "sum": 240742123853.99994,
        "mean": 3946592194.327868,
        "median": 1328680507.2106133,
        "min": 1000,
        "max": 30002042336,
        "variance_ns2": 4.0950951582485e+19,
        "iqr_ns": 7020024162.296649,
        "q1_ns": 3355274.9419175982,
        "q3_ns": 7023379437.238566
      },
      "futex_op_counts": {
        "128": 61
      },
      "first_seen_ts_ns": 5188970585826,
      "last_seen_ts_ns": 5240578410515
    },
    {
      "tgid": 10620,
      "comm": "containerd-shim",
      "cgroup_id": 4085,
      "wait_duration_stats_ns": {
        "count": 89.0,
        "sum": 240737362814.9999,
        "mean": 2704914188.9325833,
        "median": 246779801.50021702,
        "min": 25541,
        "max": 29999218352,
        "variance_ns2": 3.0591157645753934e+19,
        "iqr_ns": 3562985501.215705,
        "q1_ns": 2231794.851400771,
        "q3_ns": 3565217296.067106
      },
      "futex_op_counts": {
        "128": 89
      },
      "first_seen_ts_ns": 5188965876161,
      "last_seen_ts_ns": 5240579448318
    },
    {
      "tgid": 7986,
      "comm": "containerd-shim",
      "cgroup_id": 4085,
      "wait_duration_stats_ns": {
        "count": 65.0,
        "sum": 240714411378.0,
        "mean": 3703298636.584615,
        "median": 1488133919.7285845,
        "min": 990,
        "max": 30006570489,
        "variance_ns2": 3.864318720008017e+19,
        "iqr_ns": 6145750735.024697,
        "q1_ns": 220147221.1803198,
        "q3_ns": 6365897956.205017
      },
      "futex_op_counts": {
        "128": 65
      },
      "first_seen_ts_ns": 5188245885391,
      "last_seen_ts_ns": 5240575301380
    },
    {
      "tgid": 10805,
      "comm": "manager",
      "cgroup_id": 6249,
      "wait_duration_stats_ns": {
        "count": 568.0,
        "sum": 238337710937.00012,
        "mean": 419608646.0158453,
        "median": 263489739.86950916,
        "min": 27160,
        "max": 20262797515,
        "variance_ns2": 1.693190655777561e+18,
        "iqr_ns": 490723530.2214256,
        "q1_ns": 7852733.942023595,
        "q3_ns": 498576264.16344917
      },
      "futex_op_counts": {
        "128": 568
      },
      "first_seen_ts_ns": 5177732933751,
      "last_seen_ts_ns": 5242495579145
    },
    {
      "tgid": 6820,
      "comm": "aws-k8s-agent",
      "cgroup_id": 5011,
      "wait_duration_stats_ns": {
        "count": 340.0,
        "sum": 230708060166.99982,
        "mean": 678553118.1382347,
        "median": 18902022.87442031,
        "min": 2530,
        "max": 16193480831,
        "variance_ns2": 2.918346602630374e+18,
        "iqr_ns": 1106364135.7534845,
        "q1_ns": 2279142.1982085253,
        "q3_ns": 1108643277.951693
      },
      "futex_op_counts": {
        "128": 340
      },
      "first_seen_ts_ns": 5182279094360,
      "last_seen_ts_ns": 5242500416784
    },
    {
      "tgid": 10681,
      "comm": "kube-rbac-proxy",
      "cgroup_id": 6179,
      "wait_duration_stats_ns": {
        "count": 40.0,
        "sum": 219957571876.0,
        "mean": 5498939296.9,
        "median": 5008364429.093513,
        "min": 4988609012,
        "max": 10006158247,
        "variance_ns2": 2.3083457518736486e+18,
        "iqr_ns": 12066035.659353256,
        "q1_ns": 4994978244.859638,
        "q3_ns": 5007044280.518991
      },
      "futex_op_counts": {
        "128": 40
      },
      "first_seen_ts_ns": 5186060072417,
      "last_seen_ts_ns": 5241055737035
    },
    {
      "tgid": 7477,
      "comm": "containerd-shim",
      "cgroup_id": 4085,
      "wait_duration_stats_ns": {
        "count": 58.0,
        "sum": 210756113892.0,
        "mean": 3633726101.586207,
        "median": 1456429666.459377,
        "min": 1530,
        "max": 28256142477,
        "variance_ns2": 3.0137795629374095e+19,
        "iqr_ns": 5890777524.289352,
        "q1_ns": 183998584.14913228,
        "q3_ns": 6074776108.438485
      },
      "futex_op_counts": {
        "128": 58
      },
      "first_seen_ts_ns": 5187217359127,
      "last_seen_ts_ns": 5240581648245
    },
    {
      "tgid": 8562,
      "comm": "containerd-shim",
      "cgroup_id": 4085,
      "wait_duration_stats_ns": {
        "count": 56.0,
        "sum": 210725700984.00006,
        "mean": 3762958946.142858,
        "median": 1660257534.8221936,
        "min": 10330,
        "max": 30002498841,
        "variance_ns2": 3.8959034624276726e+19,
        "iqr_ns": 7541087327.441301,
        "q1_ns": 169964841.15148583,
        "q3_ns": 7711052168.592787
      },
      "futex_op_counts": {
        "128": 56
      },
      "first_seen_ts_ns": 5188968913945,
      "last_seen_ts_ns": 5240575880798
    },
    {
      "tgid": 6961,
      "comm": "controller",
      "cgroup_id": 5081,
      "wait_duration_stats_ns": {
        "count": 277.0,
        "sum": 174541545575.00003,
        "mean": 630113882.9422383,
        "median": 497538115.6782048,
        "min": 1220,
        "max": 10005685156,
        "variance_ns2": 1.4315557966115302e+18,
        "iqr_ns": 9055700.919350922,
        "q1_ns": 490672681.8546427,
        "q3_ns": 499728382.7739936
      },
      "futex_op_counts": {
        "128": 277
      },
      "first_seen_ts_ns": 5177584139249,
      "last_seen_ts_ns": 5242584504652
    },
    {
      "tgid": 6233,
      "comm": "ssm-agent-worke",
      "cgroup_id": 3429,
      "wait_duration_stats_ns": {
        "count": 102.0,
        "sum": 158175418008.00003,
        "mean": 1550739392.2352943,
        "median": 1506113405.2127352,
        "min": 25091,
        "max": 11334949225,
        "variance_ns2": 2.455323836432768e+18,
        "iqr_ns": 1768694347.4284708,
        "q1_ns": 405703587.62705445,
        "q3_ns": 2174397935.0555253
      },
      "futex_op_counts": {
        "128": 102
      },
      "first_seen_ts_ns": 5178269707270,
      "last_seen_ts_ns": 5242675719359
    },
    {
      "tgid": 139872,
      "comm": "xhpcg",
      "cgroup_id": 54729,
      "wait_duration_stats_ns": {
        "count": 994.0,
        "sum": 5475222365.999998,
        "mean": 5508271.997987926,
        "median": 3379228.594504027,
        "min": 76142,
        "max": 47530425,
        "variance_ns2": 49498365646581.375,
        "iqr_ns": 3617276.232012103,
        "q1_ns": 2105236.105031271,
        "q3_ns": 5722512.337043374
      },
      "futex_op_counts": {
        "128": 994
      },
      "first_seen_ts_ns": 5182424817639,
      "last_seen_ts_ns": 5198420590701
    },
    {
      "tgid": 139849,
      "comm": "xhpcg",
      "cgroup_id": 54729,
      "wait_duration_stats_ns": {
        "count": 987.0,
        "sum": 5472775009.000007,
        "mean": 5544858.165146916,
        "median": 3180184.8412328134,
        "min": 129644,
        "max": 49911776,
        "variance_ns2": 49971934952162.2,
        "iqr_ns": 9689833.778334491,
        "q1_ns": 2094060.1751972912,
        "q3_ns": 11783893.953531781
      },
      "futex_op_counts": {
        "128": 987
      },
      "first_seen_ts_ns": 5182423845079,
      "last_seen_ts_ns": 5198422783619
    },
    {
      "tgid": 139857,
      "comm": "xhpcg",
      "cgroup_id": 54729,
      "wait_duration_stats_ns": {
        "count": 960.0,
        "sum": 5441747622.999993,
        "mean": 5668487.107291659,
        "median": 3616086.9847347355,
        "min": 52892,
        "max": 47862595,
        "variance_ns2": 54413901539635.33,
        "iqr_ns": 6482376.726178534,
        "q1_ns": 2118444.976545853,
        "q3_ns": 8600821.702724388
      },
      "futex_op_counts": {
        "128": 960
      },
      "first_seen_ts_ns": 5182424270852,
      "last_seen_ts_ns": 5198422800029
    },
    {
      "tgid": 139852,
      "comm": "xhpcg",
      "cgroup_id": 54729,
      "wait_duration_stats_ns": {
        "count": 1009.0,
        "sum": 5428905343.999998,
        "mean": 5380481.014866202,
        "median": 3747551.262035302,
        "min": 18721,
        "max": 47514924,
        "variance_ns2": 43143167451806.73,
        "iqr_ns": 8311292.798460443,
        "q1_ns": 2188850.723363249,
        "q3_ns": 10500143.521823691
      },
      "futex_op_counts": {
        "128": 1009
      },
      "first_seen_ts_ns": 5182424222881,
      "last_seen_ts_ns": 5198422831541
    },
    {
      "tgid": 139863,
      "comm": "xhpcg",
      "cgroup_id": 54729,
      "wait_duration_stats_ns": {
        "count": 986.0,
        "sum": 5421544543.999999,
        "mean": 5498523.878296145,
        "median": 3762907.1246600063,
        "min": 145364,
        "max": 49810083,
        "variance_ns2": 48675670005731.23,
        "iqr_ns": 10601617.478059527,
        "q1_ns": 2100045.6588944728,
        "q3_ns": 12701663.136954
      },
      "futex_op_counts": {
        "128": 986
      },
      "first_seen_ts_ns": 5182424303143,
      "last_seen_ts_ns": 5198419714264
    },
    {
      "tgid": 139855,
      "comm": "xhpcg",
      "cgroup_id": 54729,
      "wait_duration_stats_ns": {
        "count": 970.0,
        "sum": 5402373861.999999,
        "mean": 5569457.589690721,
        "median": 3385839.4432595293,
        "min": 11280,
        "max": 47479363,
        "variance_ns2": 50229420699479.016,
        "iqr_ns": 10580776.469012761,
        "q1_ns": 2184413.310998628,
        "q3_ns": 12765189.78001139
      },
      "futex_op_counts": {
        "128": 970
      },
      "first_seen_ts_ns": 5182423753766,
      "last_seen_ts_ns": 5198420774537
    },
    {
      "tgid": 139848,
      "comm": "xhpcg",
      "cgroup_id": 54729,
      "wait_duration_stats_ns": {
        "count": 953.0,
        "sum": 5396449268.000006,
        "mean": 5662591.047219314,
        "median": 2579976.991917896,
        "min": 177545,
        "max": 48613636,
        "variance_ns2": 54826852972269.74,
        "iqr_ns": 11423433.384164771,
        "q1_ns": 2071984.4427147496,
        "q3_ns": 13495417.82687952
      },
      "futex_op_counts": {
        "128": 953
      },
      "first_seen_ts_ns": 5182423500458,
      "last_seen_ts_ns": 5198422759658
    },
    {
      "tgid": 139850,
      "comm": "xhpcg",
      "cgroup_id": 54729,
      "wait_duration_stats_ns": {
        "count": 984.0,
        "sum": 5383736797.999999,
        "mean": 5471277.233739836,
        "median": 3254374.218334673,
        "min": 65162,
        "max": 47474263,
        "variance_ns2": 47502289637943.664,
        "iqr_ns": 9781606.910665967,
        "q1_ns": 2124478.165856072,
        "q3_ns": 11906085.07652204
      },
      "futex_op_counts": {
        "128": 984
      },
      "first_seen_ts_ns": 5182424548681,
      "last_seen_ts_ns": 5198420708315
    },
    {
      "tgid": 139874,
      "comm": "xhpcg",
      "cgroup_id": 54729,
      "wait_duration_stats_ns": {
        "count": 959.0,
        "sum": 5376021508.000007,
        "mean": 5605861.843587077,
        "median": 2801210.732707675,
        "min": 67582,
        "max": 47513074,
        "variance_ns2": 53257955195935.75,
        "iqr_ns": 6635065.904834777,
        "q1_ns": 2101935.9901033924,
        "q3_ns": 8737001.894938169
      },
      "futex_op_counts": {
        "128": 959
      },
      "first_seen_ts_ns": 5182424084436,
      "last_seen_ts_ns": 5198421879721
    },
    {
      "tgid": 139859,
      "comm": "xhpcg",
      "cgroup_id": 54729,
      "wait_duration_stats_ns": {
        "count": 952.0,
        "sum": 5363991390.000004,
        "mean": 5634444.737394962,
        "median": 2753342.1406772626,
        "min": 100283,
        "max": 46369249,
        "variance_ns2": 54520532656175.31,
        "iqr_ns": 6621533.296886014,
        "q1_ns": 2106195.921460278,
        "q3_ns": 8727729.218346292
      },
      "futex_op_counts": {
        "128": 952
      },
      "first_seen_ts_ns": 5182424116468,
      "last_seen_ts_ns": 5198422780639
    },
    {
      "tgid": 139861,
      "comm": "xhpcg",
      "cgroup_id": 54729,
      "wait_duration_stats_ns": {
        "count": 973.0,
        "sum": 5360392207.000008,
        "mean": 5509138.958890039,
        "median": 2508386.2764939023,
        "min": 105273,
        "max": 49811734,
        "variance_ns2": 50875351352334.06,
        "iqr_ns": 11381133.285131568,
        "q1_ns": 2074801.3835746925,
        "q3_ns": 13455934.66870626
      },
      "futex_op_counts": {
        "128": 973
      },
      "first_seen_ts_ns": 5182423596041,
      "last_seen_ts_ns": 5198420199369
    },
    {
      "tgid": 139865,
      "comm": "xhpcg",
      "cgroup_id": 54729,
      "wait_duration_stats_ns": {
        "count": 998.0,
        "sum": 5348872228.000005,
        "mean": 5359591.410821648,
        "median": 3308581.2068127086,
        "min": 29751,
        "max": 48248466,
        "variance_ns2": 45119059291972.97,
        "iqr_ns": 9880840.843726011,
        "q1_ns": 2143990.3084183168,
        "q3_ns": 12024831.152144328
      },
      "futex_op_counts": {
        "128": 998
      },
      "first_seen_ts_ns": 5182424244451,
      "last_seen_ts_ns": 5198421622813
    },
    {
      "tgid": 139870,
      "comm": "xhpcg",
      "cgroup_id": 54729,
      "wait_duration_stats_ns": {
        "count": 991.0,
        "sum": 5335575807.000004,
        "mean": 5384032.095862769,
        "median": 3290021.7146000443,
        "min": 78882,
        "max": 50725224,
        "variance_ns2": 45509247408117.21,
        "iqr_ns": 10466754.973160487,
        "q1_ns": 2141775.15817093,
        "q3_ns": 12608530.131331418
      },
      "futex_op_counts": {
        "128": 991
      },
      "first_seen_ts_ns": 5182423749966,
      "last_seen_ts_ns": 5198421640014
    },
    {
      "tgid": 139868,
      "comm": "xhpcg",
      "cgroup_id": 54729,
      "wait_duration_stats_ns": {
        "count": 991.0,
        "sum": 5333027960.999996,
        "mean": 5381461.110998987,
        "median": 3325847.497002824,
        "min": 86892,
        "max": 47921166,
        "variance_ns2": 45349111400405.54,
        "iqr_ns": 7597475.0441806,
        "q1_ns": 2163270.017944602,
        "q3_ns": 9760745.062125202
      },
      "futex_op_counts": {
        "128": 991
      },
      "first_seen_ts_ns": 5182424620693,
      "last_seen_ts_ns": 5198421738257
    },
    {
      "tgid": 139851,
      "comm": "xhpcg",
      "cgroup_id": 54729,
      "wait_duration_stats_ns": {
        "count": 962.0,
        "sum": 5332800925.000001,
        "mean": 5543452.104989606,
        "median": 3248272.782329536,
        "min": 38501,
        "max": 47459173,
        "variance_ns2": 49952167149510.45,
        "iqr_ns": 11216036.285497336,
        "q1_ns": 2135840.7898139968,
        "q3_ns": 13351877.075311333
      },
      "futex_op_counts": {
        "128": 962
      },
      "first_seen_ts_ns": 5182424277592,
      "last_seen_ts_ns": 5198420790818
    },
    {
      "tgid": 139889,
      "comm": "xhpcg",
      "cgroup_id": 54729,
      "wait_duration_stats_ns": {
        "count": 1009.0,
        "sum": 5298194288.999995,
        "mean": 5250935.8662041575,
        "median": 3133306.4355964777,
        "min": 44802,
        "max": 47894276,
        "variance_ns2": 50537252725163.68,
        "iqr_ns": 3816527.375934534,
        "q1_ns": 1492909.488677673,
        "q3_ns": 5309436.864612207
      },
      "futex_op_counts": {
        "128": 1009
      },
      "first_seen_ts_ns": 5182424017154,
      "last_seen_ts_ns": 5198419787127
    },
    {
      "tgid": 139879,
      "comm": "xhpcg",
      "cgroup_id": 54729,
      "wait_duration_stats_ns": {
        "count": 1002.0,
        "sum": 5290365973.000009,
        "mean": 5279806.360279449,
        "median": 2083933.8014855282,
        "min": 32131,
        "max": 39867637,
        "variance_ns2": 50421763743193.555,
        "iqr_ns": 6567584.581199057,
        "q1_ns": 1529580.7278570815,
        "q3_ns": 8097165.309056139
      },
      "futex_op_counts": {
        "128": 1002
      },
      "first_seen_ts_ns": 5182423580621,
      "last_seen_ts_ns": 5198422118428
    },
    {
      "tgid": 139881,
      "comm": "xhpcg",
      "cgroup_id": 54729,
      "wait_duration_stats_ns": {
        "count": 1000.0,
        "sum": 5238057015.000006,
        "mean": 5238057.015000006,
        "median": 3039517.024125912,
        "min": 62022,
        "max": 47448342,
        "variance_ns2": 48481835335497.29,
        "iqr_ns": 10240204.21437325,
        "q1_ns": 1541085.2410681809,
        "q3_ns": 11781289.45544143
      },
      "futex_op_counts": {
        "128": 1000
      },
      "first_seen_ts_ns": 5182423901341,
      "last_seen_ts_ns": 5198422125919
    },
    {
      "tgid": 139876,
      "comm": "xhpcg",
      "cgroup_id": 54729,
      "wait_duration_stats_ns": {
        "count": 963.0,
        "sum": 5231649738.999989,
        "mean": 5432658.088265824,
        "median": 3348447.8917563814,
        "min": 35231,
        "max": 47846884,
        "variance_ns2": 54923638550204.2,
        "iqr_ns": 11778637.417879468,
        "q1_ns": 1477666.9328849646,
        "q3_ns": 13256304.350764433
      },
      "futex_op_counts": {
        "128": 963
      },
      "first_seen_ts_ns": 5182423990753,
      "last_seen_ts_ns": 5198422110108
    },
    {
      "tgid": 139887,
      "comm": "xhpcg",
      "cgroup_id": 54729,
      "wait_duration_stats_ns": {
        "count": 1008.0,
        "sum": 5218482059.999999,
        "mean": 5177065.5357142845,
        "median": 3060932.977592453,
        "min": 70983,
        "max": 47490923,
        "variance_ns2": 47645462071585.164,
        "iqr_ns": 3364213.86074318,
        "q1_ns": 1498119.5206778462,
        "q3_ns": 4862333.381421026
      },
      "futex_op_counts": {
        "128": 1008
      },
      "first_seen_ts_ns": 5182423778047,
      "last_seen_ts_ns": 5198422146199
    },
    {
      "tgid": 139867,
      "comm": "xhpcg",
      "cgroup_id": 54729,
      "wait_duration_stats_ns": {
        "count": 967.0,
        "sum": 5145109008.999996,
        "mean": 5320691.8397104405,
        "median": 3001267.717518495,
        "min": 94043,
        "max": 48942768,
        "variance_ns2": 46231710701242.62,
        "iqr_ns": 10238607.21376699,
        "q1_ns": 2103199.3057666547,
        "q3_ns": 12341806.519533645
      },
      "futex_op_counts": {
        "128": 967
      },
      "first_seen_ts_ns": 5182424060976,
      "last_seen_ts_ns": 5198420409436
    },
    {
      "tgid": 139883,
      "comm": "xhpcg",
      "cgroup_id": 54729,
      "wait_duration_stats_ns": {
        "count": 978.0,
        "sum": 5123151692.999997,
        "mean": 5238396.414110427,
        "median": 2798930.3825893127,
        "min": 96283,
        "max": 47230046,
        "variance_ns2": 50079407082164.98,
        "iqr_ns": 10080777.628455129,
        "q1_ns": 1511912.58447959,
        "q3_ns": 11592690.212934718
      },
      "futex_op_counts": {
        "128": 978
      },
      "first_seen_ts_ns": 5182424399076,
      "last_seen_ts_ns": 5198422111028
    },
    {
      "tgid": 139885,
      "comm": "xhpcg",
      "cgroup_id": 54729,
      "wait_duration_stats_ns": {
        "count": 958.0,
        "sum": 5091208708.999995,
        "mean": 5314414.101252604,
        "median": 2752962.9293618537,
        "min": 81873,
        "max": 47033050,
        "variance_ns2": 52097103790205.23,
        "iqr_ns": 5678523.822503998,
        "q1_ns": 1482687.6872524002,
        "q3_ns": 7161211.509756398
      },
      "futex_op_counts": {
        "128": 958
      },
      "first_seen_ts_ns": 5182424134938,
      "last_seen_ts_ns": 5198422147059
    },
    {
      "tgid": 139891,
      "comm": "xhpcg",
      "cgroup_id": 54729,
      "wait_duration_stats_ns": {
        "count": 901.0,
        "sum": 4782929109.999998,
        "mean": 5308467.3806881225,
        "median": 2777214.902564011,
        "min": 32081,
        "max": 46087700,
        "variance_ns2": 57424676593812.75,
        "iqr_ns": 7963127.884589449,
        "q1_ns": 1368264.411361661,
        "q3_ns": 9331392.29595111
      },
      "futex_op_counts": {
        "128": 901
      },
      "first_seen_ts_ns": 5182423983163,
      "last_seen_ts_ns": 5198422120949
    },
    {
      "tgid": 140263,
      "comm": "xhpcg",
      "cgroup_id": 54729,
      "wait_duration_stats_ns": {
        "count": 1425.0,
        "sum": 4403042403.0,
        "mean": 3089854.317894737,
        "median": 2267754.1512413514,
        "min": 102933,
        "max": 38470485,
        "variance_ns2": 16519569026296.143,
        "iqr_ns": 235112.52233972866,
        "q1_ns": 2124224.5377312712,
        "q3_ns": 2359337.060071
      },
      "futex_op_counts": {
        "128": 1425
      },
      "first_seen_ts_ns": 5215399045535,
      "last_seen_ts_ns": 5236282546029
    },
    {
      "tgid": 140283,
      "comm": "xhpcg",
      "cgroup_id": 54729,
      "wait_duration_stats_ns": {
        "count": 1436.0,
        "sum": 4367173130.000009,
        "mean": 3041206.915041789,
        "median": 2174589.199826143,
        "min": 41641,
        "max": 39262809,
        "variance_ns2": 16114045867037.123,
        "iqr_ns": 308411.312649454,
        "q1_ns": 2086869.8662663181,
        "q3_ns": 2395281.178915772
      },
      "futex_op_counts": {
        "128": 1436
      },
      "first_seen_ts_ns": 5215399069116,
      "last_seen_ts_ns": 5236283285042
    },
    {
      "tgid": 140281,
      "comm": "xhpcg",
      "cgroup_id": 54729,
      "wait_duration_stats_ns": {
        "count": 1437.0,
        "sum": 4358407295.000002,
        "mean": 3032990.46276966,
        "median": 2160476.683180715,
        "min": 96623,
        "max": 39372502,
        "variance_ns2": 16881030806403.76,
        "iqr_ns": 382601.5478242766,
        "q1_ns": 2057695.6273000282,
        "q3_ns": 2440297.175124305
      },
      "futex_op_counts": {
        "128": 1437
      },
      "first_seen_ts_ns": 5215399199450,
      "last_seen_ts_ns": 5236283015064
    },
    {
      "tgid": 140278,
      "comm": "xhpcg",
      "cgroup_id": 54729,
      "wait_duration_stats_ns": {
        "count": 1421.0,
        "sum": 4352873343.999994,
        "mean": 3063246.5475017554,
        "median": 2219255.2299811337,
        "min": 128614,
        "max": 47791203,
        "variance_ns2": 16591730572515.488,
        "iqr_ns": 254782.34015055187,
        "q1_ns": 2123155.4636021606,
        "q3_ns": 2377937.8037527124
      },
      "futex_op_counts": {
        "128": 1421
      },
      "first_seen_ts_ns": 5215399129488,
      "last_seen_ts_ns": 5236284326704
    },
    {
      "tgid": 140261,
      "comm": "xhpcg",
      "cgroup_id": 54729,
      "wait_duration_stats_ns": {
        "count": 1416.0,
        "sum": 4346725000.000003,
        "mean": 3069721.045197742,
        "median": 2235045.511073305,
        "min": 32251,
        "max": 38870737,
        "variance_ns2": 16912970728811.62,
        "iqr_ns": 233320.73059961665,
        "q1_ns": 2106973.4121079496,
        "q3_ns": 2340294.1427075663
      },
      "futex_op_counts": {
        "128": 1416
      },
      "first_seen_ts_ns": 5215399688695,
      "last_seen_ts_ns": 5236284130568
    },
    {
      "tgid": 140265,
      "comm": "xhpcg",
      "cgroup_id": 54729,
      "wait_duration_stats_ns": {
        "count": 1424.0,
        "sum": 4330785205.99999,
        "mean": 3041281.74578651,
        "median": 2204198.882129503,
        "min": 34411,
        "max": 37899356,
        "variance_ns2": 16324501650625.621,
        "iqr_ns": 231623.5994630286,
        "q1_ns": 2069543.8540455832,
        "q3_ns": 2301167.453508612
      },
      "futex_op_counts": {
        "128": 1424
      },
      "first_seen_ts_ns": 5215399687765,
      "last_seen_ts_ns": 5236284565442
    },
    {
      "tgid": 140271,
      "comm": "xhpcg",
      "cgroup_id": 54729,
      "wait_duration_stats_ns": {
        "count": 1446.0,
        "sum": 4321903839.000006,
        "mean": 2988868.491701249,
        "median": 2133900.0689574513,
        "min": 33881,
        "max": 38798446,
        "variance_ns2": 15572493735109.479,
        "iqr_ns": 257259.2506211945,
        "q1_ns": 2030217.3250339152,
        "q3_ns": 2287476.5756551097
      },
      "futex_op_counts": {
        "128": 1446
      },
      "first_seen_ts_ns": 5215399233201,
      "last_seen_ts_ns": 5236284364095
    },
    {
      "tgid": 140275,
      "comm": "xhpcg",
      "cgroup_id": 54729,
      "wait_duration_stats_ns": {
        "count": 1418.0,
        "sum": 4315316137.000006,
        "mean": 3043241.2813822324,
        "median": 2199590.5231762156,
        "min": 81273,
        "max": 47101172,
        "variance_ns2": 17335406658563.309,
        "iqr_ns": 283135.17859582044,
        "q1_ns": 2071517.850768825,
        "q3_ns": 2354653.0293646455
      },
      "futex_op_counts": {
        "128": 1418
      },
      "first_seen_ts_ns": 5215398966783,
      "last_seen_ts_ns": 5236284363235
    },
    {
      "tgid": 140267,
      "comm": "xhpcg",
      "cgroup_id": 54729,
      "wait_duration_stats_ns": {
        "count": 1414.0,
        "sum": 4308829840.000006,
        "mean": 3047262.970297034,
        "median": 2200399.064034282,
        "min": 122523,
        "max": 38137924,
        "variance_ns2": 17423841514618.871,
        "iqr_ns": 224136.95306804054,
        "q1_ns": 2071070.985314838,
        "q3_ns": 2295207.9383828784
      },
      "futex_op_counts": {
        "128": 1414
      },
      "first_seen_ts_ns": 5215399270382,
      "last_seen_ts_ns": 5236282607561
    },
    {
      "tgid": 140276,
      "comm": "xhpcg",
      "cgroup_id": 54729,
      "wait_duration_stats_ns": {
        "count": 1416.0,
        "sum": 4308699777.000002,
        "mean": 3042867.0741525437,
        "median": 2186904.159782473,
        "min": 6240,
        "max": 45943786,
        "variance_ns2": 16705486057725.314,
        "iqr_ns": 279596.34196622577,
        "q1_ns": 2104988.1313600424,
        "q3_ns": 2384584.473326268
      },
      "futex_op_counts": {
        "128": 1416
      },
      "first_seen_ts_ns": 5215399505069,
      "last_seen_ts_ns": 5236286623265
    },
    {
      "tgid": 140259,
      "comm": "xhpcg",
      "cgroup_id": 54729,
      "wait_duration_stats_ns": {
        "count": 1418.0,
        "sum": 4305001483.000002,
        "mean": 3035967.195345558,
        "median": 2218159.073040507,
        "min": 32251,
        "max": 39094764,
        "variance_ns2": 17161146398521.941,
        "iqr_ns": 254273.75267381174,
        "q1_ns": 2036272.341464256,
        "q3_ns": 2290546.0941380677
      },
      "futex_op_counts": {
        "128": 1418
      },
      "first_seen_ts_ns": 5215398818118,
      "last_seen_ts_ns": 5236282490858
    },
    {
      "tgid": 140273,
      "comm": "xhpcg",
      "cgroup_id": 54729,
      "wait_duration_stats_ns": {
        "count": 1416.0,
        "sum": 4289030134.000005,
        "mean": 3028976.0833333367,
        "median": 2176309.8972530398,
        "min": 127654,
        "max": 46102781,
        "variance_ns2": 17302951475424.53,
        "iqr_ns": 235206.45096137025,
        "q1_ns": 2078742.14627319,
        "q3_ns": 2313948.59723456
      },
      "futex_op_counts": {
        "128": 1416
      },
      "first_seen_ts_ns": 5215399313193,
      "last_seen_ts_ns": 5236283424847
    },
    {
      "tgid": 140269,
      "comm": "xhpcg",
      "cgroup_id": 54729,
      "wait_duration_stats_ns": {
        "count": 1415.0,
        "sum": 4240953120.000001,
        "mean": 2997140.014134276,
        "median": 2125165.208548503,
        "min": 104963,
        "max": 38150826,
        "variance_ns2": 17944990924919.992,
        "iqr_ns": 245480.71616637474,
        "q1_ns": 2025329.5171811213,
        "q3_ns": 2270810.233347496
      },
      "futex_op_counts": {
        "128": 1415
      },
      "first_seen_ts_ns": 5215399106207,
      "last_seen_ts_ns": 5236283448537
    },
    {
      "tgid": 140258,
      "comm": "xhpcg",
      "cgroup_id": 54729,
      "wait_duration_stats_ns": {
        "count": 1411.0,
        "sum": 4213973656.0000005,
        "mean": 2986515.7023387672,
        "median": 2169225.9409677745,
        "min": 100103,
        "max": 38251218,
        "variance_ns2": 17650132224949.336,
        "iqr_ns": 283004.93454218353,
        "q1_ns": 2032689.850425047,
        "q3_ns": 2315694.7849672306
      },
      "futex_op_counts": {
        "128": 1411
      },
      "first_seen_ts_ns": 5215399400196,
      "last_seen_ts_ns": 5236282381844
    },
    {
      "tgid": 140257,
      "comm": "xhpcg",
      "cgroup_id": 54729,
      "wait_duration_stats_ns": {
        "count": 1414.0,
        "sum": 4199712878.9999995,
        "mean": 2970093.973833097,
        "median": 2150862.7699055523,
        "min": 157205,
        "max": 38193075,
        "variance_ns2": 18026131763276.977,
        "iqr_ns": 305953.8752270187,
        "q1_ns": 1974797.5495271725,
        "q3_ns": 2280751.424754191
      },
      "futex_op_counts": {
        "128": 1414
      },
      "first_seen_ts_ns": 5215399262421,
      "last_seen_ts_ns": 5236282443296
    },
    {
      "tgid": 140256,
      "comm": "xhpcg",
      "cgroup_id": 54729,
      "wait_duration_stats_ns": {
        "count": 1433.0,
        "sum": 4154118164.0000076,
        "mean": 2898896.136776,
        "median": 2101506.1881213845,
        "min": 61552,
        "max": 38088672,
        "variance_ns2": 15964325748849.72,
        "iqr_ns": 300564.3439914705,
        "q1_ns": 1946818.6820047311,
        "q3_ns": 2247383.0259962017
      },
      "futex_op_counts": {
        "128": 1433
      },
      "first_seen_ts_ns": 5215398981913,
      "last_seen_ts_ns": 5236284283483
    },
    {
      "tgid": 140298,
      "comm": "xhpcg",
      "cgroup_id": 54729,
      "wait_duration_stats_ns": {
        "count": 1424.0,
        "sum": 3946671293.9999948,
        "mean": 2771538.830056176,
        "median": 2001516.4671498253,
        "min": 74242,
        "max": 38076462,
        "variance_ns2": 17757766953795.223,
        "iqr_ns": 827681.1516828544,
        "q1_ns": 1390837.4839812552,
        "q3_ns": 2218518.6356641096
      },
      "futex_op_counts": {
        "128": 1424
      },
      "first_seen_ts_ns": 5215398930691,
      "last_seen_ts_ns": 5236285877102
    },
    {
      "tgid": 140300,
      "comm": "xhpcg",
      "cgroup_id": 54729,
      "wait_duration_stats_ns": {
        "count": 1415.0,
        "sum": 3894324040.0,
        "mean": 2752172.4664310953,
        "median": 1995827.4903772594,
        "min": 79083,
        "max": 38124313,
        "variance_ns2": 18426287549056.832,
        "iqr_ns": 960031.0481250954,
        "q1_ns": 1401451.4041460773,
        "q3_ns": 2361482.452271173
      },
      "futex_op_counts": {
        "128": 1415
      },
      "first_seen_ts_ns": 5215398491878,
      "last_seen_ts_ns": 5236285877302
    },
    {
      "tgid": 140295,
      "comm": "xhpcg",
      "cgroup_id": 54729,
      "wait_duration_stats_ns": {
        "count": 1421.0,
        "sum": 3877735344.0000024,
        "mean": 2728877.79310345,
        "median": 2012277.151104573,
        "min": 146894,
        "max": 39510468,
        "variance_ns2": 17051394381722.082,
        "iqr_ns": 799187.1126831649,
        "q1_ns": 1443104.2176196775,
        "q3_ns": 2242291.3303028424
      },
      "futex_op_counts": {
        "128": 1421
      },
      "first_seen_ts_ns": 5215398595581,
      "last_seen_ts_ns": 5236285900393
    },
    {
      "tgid": 140285,
      "comm": "xhpcg",
      "cgroup_id": 54729,
      "wait_duration_stats_ns": {
        "count": 1423.0,
        "sum": 3874686486.9999976,
        "mean": 2722899.8503162316,
        "median": 1959097.5015227217,
        "min": 247448,
        "max": 38147975,
        "variance_ns2": 17420573588392.752,
        "iqr_ns": 843453.1017533795,
        "q1_ns": 1388310.23994227,
        "q3_ns": 2231763.3416956495
      },
      "futex_op_counts": {
        "128": 1423
      },
      "first_seen_ts_ns": 5215398842449,
      "last_seen_ts_ns": 5236285844981
    },
    {
      "tgid": 140292,
      "comm": "xhpcg",
      "cgroup_id": 54729,
      "wait_duration_stats_ns": {
        "count": 1423.0,
        "sum": 3865019926.999997,
        "mean": 2716106.765284608,
        "median": 1952901.3196018338,
        "min": 56702,
        "max": 39074644,
        "variance_ns2": 16935498317477.885,
        "iqr_ns": 868199.0412774701,
        "q1_ns": 1427875.397846492,
        "q3_ns": 2296074.439123962
      },
      "futex_op_counts": {
        "128": 1423
      },
      "first_seen_ts_ns": 5215398933291,
      "last_seen_ts_ns": 5236285865462
    },
    {
      "tgid": 140287,
      "comm": "xhpcg",
      "cgroup_id": 54729,
      "wait_duration_stats_ns": {
        "count": 1432.0,
        "sum": 3859796648.0000005,
        "mean": 2695388.7206703913,
        "median": 1949043.8069607331,
        "min": 184185,
        "max": 38115602,
        "variance_ns2": 17331836733850.98,
        "iqr_ns": 767162.4864431305,
        "q1_ns": 1393106.8171593489,
        "q3_ns": 2160269.3036024794
      },
      "futex_op_counts": {
        "128": 1432
      },
      "first_seen_ts_ns": 5215398966803,
      "last_seen_ts_ns": 5236285844941
    },
    {
      "tgid": 140289,
      "comm": "xhpcg",
      "cgroup_id": 54729,
      "wait_duration_stats_ns": {
        "count": 1419.0,
        "sum": 3849827609.9999933,
        "mean": 2713056.807610989,
        "median": 1978959.6273067167,
        "min": 99073,
        "max": 39054723,
        "variance_ns2": 17286676956392.736,
        "iqr_ns": 767402.3215283058,
        "q1_ns": 1437976.115241473,
        "q3_ns": 2205378.436769779
      },
      "futex_op_counts": {
        "128": 1419
      },
      "first_seen_ts_ns": 5215398640462,
      "last_seen_ts_ns": 5236285844611
    },
    {
      "tgid": 140291,
      "comm": "xhpcg",
      "cgroup_id": 54729,
      "wait_duration_stats_ns": {
        "count": 1426.0,
        "sum": 3843037395.9999967,
        "mean": 2694977.1360448785,
        "median": 1970547.6443743787,
        "min": 25040,
        "max": 39394494,
        "variance_ns2": 17266315682728.438,
        "iqr_ns": 795953.3038039964,
        "q1_ns": 1427158.533757169,
        "q3_ns": 2223111.8375611654
      },
      "futex_op_counts": {
        "128": 1426
      },
      "first_seen_ts_ns": 5215399105897,
      "last_seen_ts_ns": 5236285892752
    },
    {
      "tgid": 140133,
      "comm": "xhpcg",
      "cgroup_id": 54729,
      "wait_duration_stats_ns": {
        "count": 1030.0,
        "sum": 3603185227.000004,
        "mean": 3498238.084466023,
        "median": 2258056.8823813726,
        "min": 125714,
        "max": 39151467,
        "variance_ns2": 25160741114058.25,
        "iqr_ns": 621516.5806777477,
        "q1_ns": 2141229.735009966,
        "q3_ns": 2762746.3156877137
      },
      "futex_op_counts": {
        "128": 1030
      },
      "first_seen_ts_ns": 5199207035376,
      "last_seen_ts_ns": 5214618930425
    },
    {
      "tgid": 140114,
      "comm": "xhpcg",
      "cgroup_id": 54729,
      "wait_duration_stats_ns": {
        "count": 1031.0,
        "sum": 3592536891.999999,
        "mean": 3484516.869059165,
        "median": 2329276.135408478,
        "min": 265369,
        "max": 38584600,
        "variance_ns2": 20115105353957.832,
        "iqr_ns": 1217432.067912967,
        "q1_ns": 2244172.80647619,
        "q3_ns": 3461604.874389157
      },
      "futex_op_counts": {
        "128": 1031
      },
      "first_seen_ts_ns": 5199206993385,
      "last_seen_ts_ns": 5214618980087
    },
    {
      "tgid": 140118,
      "comm": "xhpcg",
      "cgroup_id": 54729,
      "wait_duration_stats_ns": {
        "count": 1018.0,
        "sum": 3585781098.9999986,
        "mean": 3522378.2897838885,
        "median": 2287230.1511717374,
        "min": 154174,
        "max": 38257969,
        "variance_ns2": 24244285101299.785,
        "iqr_ns": 324539.09726142045,
        "q1_ns": 2188964.2112049246,
        "q3_ns": 2513503.308466345
      },
      "futex_op_counts": {
        "128": 1018
      },
      "first_seen_ts_ns": 5199207089858,
      "last_seen_ts_ns": 5214619784402
    },
    {
      "tgid": 140112,
      "comm": "xhpcg",
      "cgroup_id": 54729,
      "wait_duration_stats_ns": {
        "count": 1031.0,
        "sum": 3579335442.9999986,
        "mean": 3471712.3598448094,
        "median": 2276859.6762072053,
        "min": 401043,
        "max": 38552899,
        "variance_ns2": 20494913010354.66,
        "iqr_ns": 908426.8326645927,
        "q1_ns": 2189554.8673505187,
        "q3_ns": 3097981.7000151114
      },
      "futex_op_counts": {
        "128": 1031
      },
      "first_seen_ts_ns": 5199207146800,
      "last_seen_ts_ns": 5214619777131
    },
    {
      "tgid": 140116,
      "comm": "xhpcg",
      "cgroup_id": 54729,
      "wait_duration_stats_ns": {
        "count": 1027.0,
        "sum": 3571638878.999999,
        "mean": 3477739.9016553056,
        "median": 2256670.6572144325,
        "min": 40722,
        "max": 38323783,
        "variance_ns2": 22922770516641.83,
        "iqr_ns": 788106.8959634681,
        "q1_ns": 2178587.4255866697,
        "q3_ns": 2966694.321550138
      },
      "futex_op_counts": {
        "128": 1027
      },
      "first_seen_ts_ns": 5199207530191,
      "last_seen_ts_ns": 5214619784602
    },
    {
      "tgid": 140109,
      "comm": "xhpcg",
      "cgroup_id": 54729,
      "wait_duration_stats_ns": {
        "count": 1034.0,
        "sum": 3547374672.000002,
        "mean": 3430729.8568665395,
        "median": 2262891.8401009277,
        "min": 227317,
        "max": 38893808,
        "variance_ns2": 21579379420499.586,
        "iqr_ns": 555864.9944632384,
        "q1_ns": 2148893.3282977184,
        "q3_ns": 2704758.322760957
      },
      "futex_op_counts": {
        "128": 1034
      },
      "first_seen_ts_ns": 5199206890301,
      "last_seen_ts_ns": 5214619016208
    },
    {
      "tgid": 140110,
      "comm": "xhpcg",
      "cgroup_id": 54729,
      "wait_duration_stats_ns": {
        "count": 1024.0,
        "sum": 3542219787.9999967,
        "mean": 3459199.0117187467,
        "median": 2292317.2619857546,
        "min": 264168,
        "max": 38476514,
        "variance_ns2": 22067377430357.297,
        "iqr_ns": 304731.08676706254,
        "q1_ns": 2209708.9943544366,
        "q3_ns": 2514440.081121499
      },
      "futex_op_counts": {
        "128": 1024
      },
      "first_seen_ts_ns": 5199207261723,
      "last_seen_ts_ns": 5214619015548
    },
    {
      "tgid": 140124,
      "comm": "xhpcg",
      "cgroup_id": 54729,
      "wait_duration_stats_ns": {
        "count": 1034.0,
        "sum": 3542171140.999999,
        "mean": 3425697.428433268,
        "median": 2272224.1677188547,
        "min": 331241,
        "max": 46043629,
        "variance_ns2": 20680453613793.266,
        "iqr_ns": 620905.1996564134,
        "q1_ns": 2172213.703952034,
        "q3_ns": 2793118.9036084474
      },
      "futex_op_counts": {
        "128": 1034
      },
      "first_seen_ts_ns": 5199207140719,
      "last_seen_ts_ns": 5214620204495
    },
    {
      "tgid": 140128,
      "comm": "xhpcg",
      "cgroup_id": 54729,
      "wait_duration_stats_ns": {
        "count": 1025.0,
        "sum": 3538519949.000001,
        "mean": 3452214.584390245,
        "median": 2261153.4208657406,
        "min": 383142,
        "max": 45999197,
        "variance_ns2": 21270816993685.39,
        "iqr_ns": 405582.029015034,
        "q1_ns": 2189999.196818425,
        "q3_ns": 2595581.225833459
      },
      "futex_op_counts": {
        "128": 1025
      },
      "first_seen_ts_ns": 5199207686556,
      "last_seen_ts_ns": 5214620228295
    },
    {
      "tgid": 140126,
      "comm": "xhpcg",
      "cgroup_id": 54729,
      "wait_duration_stats_ns": {
        "count": 1031.0,
        "sum": 3537031407.9999986,
        "mean": 3430680.318137729,
        "median": 2299495.7414507186,
        "min": 309250,
        "max": 47056400,
        "variance_ns2": 20417607271561.406,
        "iqr_ns": 568305.8554906659,
        "q1_ns": 2195555.3925555837,
        "q3_ns": 2763861.2480462496
      },
      "futex_op_counts": {
        "128": 1031
      },
      "first_seen_ts_ns": 5199206884151,
      "last_seen_ts_ns": 5214619710500
    },
    {
      "tgid": 140108,
      "comm": "xhpcg",
      "cgroup_id": 54729,
      "wait_duration_stats_ns": {
        "count": 1042.0,
        "sum": 3530627407.999998,
        "mean": 3388318.049904029,
        "median": 2196950.143232239,
        "min": 110633,
        "max": 37597727,
        "variance_ns2": 20184710647692.746,
        "iqr_ns": 784623.463976597,
        "q1_ns": 2109315.864049089,
        "q3_ns": 2893939.328025686
      },
      "futex_op_counts": {
        "128": 1042
      },
      "first_seen_ts_ns": 5199206787548,
      "last_seen_ts_ns": 5214619027078
    },
    {
      "tgid": 140129,
      "comm": "xhpcg",
      "cgroup_id": 54729,
      "wait_duration_stats_ns": {
        "count": 1025.0,
        "sum": 3516697239.9999967,
        "mean": 3430924.1365853627,
        "median": 2269869.6647355035,
        "min": 217537,
        "max": 47783122,
        "variance_ns2": 21309743874787.39,
        "iqr_ns": 843069.9640003168,
        "q1_ns": 2187651.976248665,
        "q3_ns": 3030721.9402489816
      },
      "futex_op_counts": {
        "128": 1025
      },
      "first_seen_ts_ns": 5199206523910,
      "last_seen_ts_ns": 5214620204935
    },
    {
      "tgid": 140131,
      "comm": "xhpcg",
      "cgroup_id": 54729,
      "wait_duration_stats_ns": {
        "count": 1015.0,
        "sum": 3515170601.999998,
        "mean": 3463222.267980294,
        "median": 2242169.8379729833,
        "min": 363721,
        "max": 38865718,
        "variance_ns2": 25070640736734.723,
        "iqr_ns": 310744.39503709646,
        "q1_ns": 2128171.806312378,
        "q3_ns": 2438916.2013494745
      },
      "futex_op_counts": {
        "128": 1015
      },
      "first_seen_ts_ns": 5199207235962,
      "last_seen_ts_ns": 5214618031828
    },
    {
      "tgid": 140120,
      "comm": "xhpcg",
      "cgroup_id": 54729,
      "wait_duration_stats_ns": {
        "count": 1038.0,
        "sum": 3493500260.000003,
        "mean": 3365607.186897883,
        "median": 2203058.8204242904,
        "min": 43682,
        "max": 38442793,
        "variance_ns2": 21152172627624.77,
        "iqr_ns": 333218.45155833196,
        "q1_ns": 2114841.901328776,
        "q3_ns": 2448060.352887108
      },
      "futex_op_counts": {
        "128": 1038
      },
      "first_seen_ts_ns": 5199206680755,
      "last_seen_ts_ns": 5214620215405
    },
    {
      "tgid": 140122,
      "comm": "xhpcg",
      "cgroup_id": 54729,
      "wait_duration_stats_ns": {
        "count": 1026.0,
        "sum": 3476379574.0000033,
        "mean": 3388284.1851851884,
        "median": 2223744.6045891247,
        "min": 242347,
        "max": 39588009,
        "variance_ns2": 21699290484343.754,
        "iqr_ns": 341206.8163225851,
        "q1_ns": 2136929.633523959,
        "q3_ns": 2478136.4498465443
      },
      "futex_op_counts": {
        "128": 1026
      },
      "first_seen_ts_ns": 5199206799149,
      "last_seen_ts_ns": 5214619751281
    },
    {
      "tgid": 140107,
      "comm": "xhpcg",
      "cgroup_id": 54729,
      "wait_duration_stats_ns": {
        "count": 1022.0,
        "sum": 3468971703.0000043,
        "mean": 3394297.1653620396,
        "median": 2225256.270033228,
        "min": 253388,
        "max": 38386481,
        "variance_ns2": 23281340772473.543,
        "iqr_ns": 395527.549427846,
        "q1_ns": 2125112.4627967714,
        "q3_ns": 2520640.0122246174
      },
      "futex_op_counts": {
        "128": 1022
      },
      "first_seen_ts_ns": 5199206893232,
      "last_seen_ts_ns": 5214618939456
    },
    {
      "tgid": 140144,
      "comm": "xhpcg",
      "cgroup_id": 54729,
      "wait_duration_stats_ns": {
        "count": 1039.0,
        "sum": 3268879462.0,
        "mean": 3146178.500481232,
        "median": 2125980.462258822,
        "min": 50622,
        "max": 39154427,
        "variance_ns2": 22235829696893.285,
        "iqr_ns": 1055509.7162690058,
        "q1_ns": 1472315.7969423484,
        "q3_ns": 2527825.513211354
      },
      "futex_op_counts": {
        "128": 1039
      },
      "first_seen_ts_ns": 5199206572452,
      "last_seen_ts_ns": 5214618040368
    },
    {
      "tgid": 140138,
      "comm": "xhpcg",
      "cgroup_id": 54729,
      "wait_duration_stats_ns": {
        "count": 1036.0,
        "sum": 3267234337.999999,
        "mean": 3153701.0984555976,
        "median": 2092600.034023574,
        "min": 82262,
        "max": 38410572,
        "variance_ns2": 23306266603558.01,
        "iqr_ns": 1203351.3672171545,
        "q1_ns": 1445214.8802027365,
        "q3_ns": 2648566.247419891
      },
      "futex_op_counts": {
        "128": 1036
      },
      "first_seen_ts_ns": 5199206758537,
      "last_seen_ts_ns": 5214618530253
    },
    {
      "tgid": 140146,
      "comm": "xhpcg",
      "cgroup_id": 54729,
      "wait_duration_stats_ns": {
        "count": 1026.0,
        "sum": 3254475078.000003,
        "mean": 3172003.000000003,
        "median": 2129186.004824094,
        "min": 74592,
        "max": 40169417,
        "variance_ns2": 23825549962327.613,
        "iqr_ns": 1188421.2426697535,
        "q1_ns": 1460156.3982455346,
        "q3_ns": 2648577.640915288
      },
      "futex_op_counts": {
        "128": 1026
      },
      "first_seen_ts_ns": 5199206520040,
      "last_seen_ts_ns": 5214617818021
    },
    {
      "tgid": 140140,
      "comm": "xhpcg",
      "cgroup_id": 54729,
      "wait_duration_stats_ns": {
        "count": 1041.0,
        "sum": 3246998318.000004,
        "mean": 3119114.6186359306,
        "median": 2114511.6307634874,
        "min": 84512,
        "max": 38850847,
        "variance_ns2": 20332745853400.258,
        "iqr_ns": 1245946.2913930668,
        "q1_ns": 1440029.5495289061,
        "q3_ns": 2685975.840921973
      },
      "futex_op_counts": {
        "128": 1041
      },
      "first_seen_ts_ns": 5199206684135,
      "last_seen_ts_ns": 5214619862214
    },
    {
      "tgid": 140148,
      "comm": "xhpcg",
      "cgroup_id": 54729,
      "wait_duration_stats_ns": {
        "count": 1019.0,
        "sum": 3246905299.000001,
        "mean": 3186364.375858686,
        "median": 2087370.1465403761,
        "min": 69832,
        "max": 38524358,
        "variance_ns2": 25795374434420.617,
        "iqr_ns": 952880.5417162862,
        "q1_ns": 1416029.563602382,
        "q3_ns": 2368910.1053186683
      },
      "futex_op_counts": {
        "128": 1019
      },
      "first_seen_ts_ns": 5199207302174,
      "last_seen_ts_ns": 5214619988168
    },
    {
      "tgid": 140136,
      "comm": "xhpcg",
      "cgroup_id": 54729,
      "wait_duration_stats_ns": {
        "count": 1029.0,
        "sum": 3238429585.9999986,
        "mean": 3147161.891156461,
        "median": 2087911.4212664892,
        "min": 2830,
        "max": 38457623,
        "variance_ns2": 23276012586593.152,
        "iqr_ns": 1101870.443234165,
        "q1_ns": 1414836.9068257979,
        "q3_ns": 2516707.350059963
      },
      "futex_op_counts": {
        "128": 1029
      },
      "first_seen_ts_ns": 5199206890792,
      "last_seen_ts_ns": 5214617689927
    },
    {
      "tgid": 140150,
      "comm": "xhpcg",
      "cgroup_id": 54729,
      "wait_duration_stats_ns": {
        "count": 1011.0,
        "sum": 3235981914.000004,
        "mean": 3200773.4065281935,
        "median": 2102446.7211219524,
        "min": 72902,
        "max": 38766716,
        "variance_ns2": 25879168860906.02,
        "iqr_ns": 950012.8594024326,
        "q1_ns": 1418607.1406440837,
        "q3_ns": 2368620.0000465163
      },
      "futex_op_counts": {
        "128": 1011
      },
      "first_seen_ts_ns": 5199206889141,
      "last_seen_ts_ns": 5214618130931
    },
    {
      "tgid": 140141,
      "comm": "xhpcg",
      "cgroup_id": 54729,
      "wait_duration_stats_ns": {
        "count": 1037.0,
        "sum": 3216232761.999999,
        "mean": 3101478.073288331,
        "median": 2111418.749343735,
        "min": 86053,
        "max": 39421085,
        "variance_ns2": 20457046977937.72,
        "iqr_ns": 1224916.1914771143,
        "q1_ns": 1449756.119455391,
        "q3_ns": 2674672.3109325054
      },
      "futex_op_counts": {
        "128": 1037
      },
      "first_seen_ts_ns": 5199206369005,
      "last_seen_ts_ns": 5214618168052
    },
    {
      "tgid": 6106,
      "comm": "amazon-ssm-agen",
      "cgroup_id": 3429,
      "wait_duration_stats_ns": {
        "count": 13.0,
        "sum": 2021880361.0,
        "mean": 155529258.53846154,
        "median": 2445794.8571428573,
        "min": 154145,
        "max": 998373159,
        "variance_ns2": 1.3941639324508805e+17,
        "iqr_ns": 299459002.4138889,
        "q1_ns": 1456040.4861111112,
        "q3_ns": 300915042.9
      },
      "futex_op_counts": {
        "128": 13
      },
      "first_seen_ts_ns": 5201612929987,
      "last_seen_ts_ns": 5202648997687
    },
    {
      "tgid": 140078,
      "comm": "runc",
      "cgroup_id": 4085,
      "wait_duration_stats_ns": {
        "count": 355.0,
        "sum": 2020592616.9999998,
        "mean": 5691810.188732394,
        "median": 368922.23005901923,
        "min": 1170,
        "max": 251165593,
        "variance_ns2": 728959167183222.0,
        "iqr_ns": 7673749.79962995,
        "q1_ns": 54736.658266616905,
        "q3_ns": 7728486.457896567
      },
      "futex_op_counts": {
        "128": 355
      },
      "first_seen_ts_ns": 5195506505654,
      "last_seen_ts_ns": 5195774903958
    },
    {
      "tgid": 140054,
      "comm": "runc",
      "cgroup_id": 4085,
      "wait_duration_stats_ns": {
        "count": 379.0,
        "sum": 1655917135.0000002,
        "mean": 4369174.49868074,
        "median": 287857.01481759595,
        "min": 990,
        "max": 204725947,
        "variance_ns2": 483191723662227.06,
        "iqr_ns": 1924085.6710043973,
        "q1_ns": 55310.89955883031,
        "q3_ns": 1979396.5705632276
      },
      "futex_op_counts": {
        "128": 379
      },
      "first_seen_ts_ns": 5194635688114,
      "last_seen_ts_ns": 5194851103750
    },
    {
      "tgid": 140352,
      "comm": "runc",
      "cgroup_id": 4085,
      "wait_duration_stats_ns": {
        "count": 346.0,
        "sum": 1608477405.0000002,
        "mean": 4648778.627167631,
        "median": 286113.0305990175,
        "min": 1060,
        "max": 203225971,
        "variance_ns2": 541462529110890.3,
        "iqr_ns": 1438323.3203120409,
        "q1_ns": 71898.91791636377,
        "q3_ns": 1510222.2382284047
      },
      "futex_op_counts": {
        "128": 346
      },
      "first_seen_ts_ns": 5224635125186,
      "last_seen_ts_ns": 5224875600814
    },
    {
      "tgid": 140423,
      "comm": "runc",
      "cgroup_id": 4085,
      "wait_duration_stats_ns": {
        "count": 329.0,
        "sum": 1384909622.0000002,
        "mean": 4209451.738601824,
        "median": 203573.625936997,
        "min": 1131,
        "max": 189188462,
        "variance_ns2": 501015602852140.75,
        "iqr_ns": 885381.8853873104,
        "q1_ns": 42983.4363229265,
        "q3_ns": 928365.321710237
      },
      "futex_op_counts": {
        "128": 329
      },
      "first_seen_ts_ns": 5235506959250,
      "last_seen_ts_ns": 5235711801854
    },
    {
      "tgid": 140202,
      "comm": "runc",
      "cgroup_id": 4085,
      "wait_duration_stats_ns": {
        "count": 340.0,
        "sum": 1382222994.0,
        "mean": 4065361.7470588237,
        "median": 238953.95898438257,
        "min": 900,
        "max": 237838032,
        "variance_ns2": 498529671389267.44,
        "iqr_ns": 1283405.4497138995,
        "q1_ns": 46287.01569724354,
        "q3_ns": 1329692.4654111431
      },
      "futex_op_counts": {
        "128": 340
      },
      "first_seen_ts_ns": 5205499613618,
      "last_seen_ts_ns": 5205738633917
    },
    {
      "tgid": 140398,
      "comm": "runc",
      "cgroup_id": 4085,
      "wait_duration_stats_ns": {
        "count": 287.0,
        "sum": 1334746556.0000002,
        "mean": 4650684.864111499,
        "median": 249555.56107720017,
        "min": 1030,
        "max": 183288801,
        "variance_ns2": 571547579186906.5,
        "iqr_ns": 1399524.6255194095,
        "q1_ns": 31576.82000294727,
        "q3_ns": 1431101.4455223568
      },
      "futex_op_counts": {
        "128": 287
      },
      "first_seen_ts_ns": 5234635203472,
      "last_seen_ts_ns": 5234836315301
    },
    {
      "tgid": 140374,
      "comm": "runc",
      "cgroup_id": 4085,
      "wait_duration_stats_ns": {
        "count": 315.0,
        "sum": 1309726534.0000002,
        "mean": 4157862.0126984133,
        "median": 243577.92934266996,
        "min": 1210,
        "max": 214325663,
        "variance_ns2": 425569907278334.44,
        "iqr_ns": 1313831.424565727,
        "q1_ns": 43715.83209087597,
        "q3_ns": 1357547.256656603
      },
      "futex_op_counts": {
        "128": 315
      },
      "first_seen_ts_ns": 5225501298657,
      "last_seen_ts_ns": 5225724882245
    },
    {
      "tgid": 139923,
      "comm": "runc",
      "cgroup_id": 4085,
      "wait_duration_stats_ns": {
        "count": 255.0,
        "sum": 1300305742.0,
        "mean": 5099238.203921569,
        "median": 275429.2564993679,
        "min": 2860,
        "max": 196721450,
        "variance_ns2": 568757466201201.2,
        "iqr_ns": 1746708.0609493994,
        "q1_ns": 40722.09003244596,
        "q3_ns": 1787430.1509818453
      },
      "futex_op_counts": {
        "128": 255
      },
      "first_seen_ts_ns": 5184639492164,
      "last_seen_ts_ns": 5184840109365
    },
    {
      "tgid": 139947,
      "comm": "runc",
      "cgroup_id": 4085,
      "wait_duration_stats_ns": {
        "count": 274.0,
        "sum": 1298202189.9999998,
        "mean": 4737964.197080291,
        "median": 177045.12862860388,
        "min": 920,
        "max": 170577985,
        "variance_ns2": 496724668332907.06,
        "iqr_ns": 1236284.686411574,
        "q1_ns": 31384.807775282796,
        "q3_ns": 1267669.4941868568
      },
      "futex_op_counts": {
        "128": 274
      },
      "first_seen_ts_ns": 5185497850527,
      "last_seen_ts_ns": 5185705046930
    },
    {
      "tgid": 140180,
      "comm": "runc",
      "cgroup_id": 4085,
      "wait_duration_stats_ns": {
        "count": 372.0,
        "sum": 1088011918.0,
        "mean": 2924763.220430108,
        "median": 112118.83607022472,
        "min": 940,
        "max": 188863801,
        "variance_ns2": 441631377547015.94,
        "iqr_ns": 526925.7906691561,
        "q1_ns": 32688.910841881734,
        "q3_ns": 559614.7015110379
      },
      "futex_op_counts": {
        "128": 372
      },
      "first_seen_ts_ns": 5204630952258,
      "last_seen_ts_ns": 5204820270524
    },
    {
      "tgid": 140328,
      "comm": "runc",
      "cgroup_id": 4085,
      "wait_duration_stats_ns": {
        "count": 379.0,
        "sum": 963094384.0000001,
        "mean": 2541146.1319261217,
        "median": 91683.53732115636,
        "min": 931,
        "max": 133004788,
        "variance_ns2": 285655047938070.06,
        "iqr_ns": 530696.9853627759,
        "q1_ns": 26394.336894865974,
        "q3_ns": 557091.3222576418
      },
      "futex_op_counts": {
        "128": 379
      },
      "first_seen_ts_ns": 5215510104587,
      "last_seen_ts_ns": 5215657755224
    },
    {
      "tgid": 140090,
      "comm": "runc:[2:INIT]",
      "cgroup_id": 5011,
      "wait_duration_stats_ns": {
        "count": 25.0,
        "sum": 865094324.0000002,
        "mean": 34603772.96000001,
        "median": 5194397.302912695,
        "min": 72212,
        "max": 167988759,
        "variance_ns2": 4232881802927380.0,
        "iqr_ns": 60995528.18169778,
        "q1_ns": 588525.7608836258,
        "q3_ns": 61584053.94258141
      },
      "futex_op_counts": {
        "128": 25
      },
      "first_seen_ts_ns": 5195601966476,
      "last_seen_ts_ns": 5195775051942
    },
    {
      "tgid": 140212,
      "comm": "runc:[2:INIT]",
      "cgroup_id": 5011,
      "wait_duration_stats_ns": {
        "count": 31.0,
        "sum": 834531670.0000001,
        "mean": 26920376.45161291,
        "median": 3867019.7985065915,
        "min": 30341,
        "max": 153722840,
        "variance_ns2": 2687889676010360.5,
        "iqr_ns": 22072962.02059206,
        "q1_ns": 528645.0920697027,
        "q3_ns": 22601607.112661764
      },
      "futex_op_counts": {
        "128": 31
      },
      "first_seen_ts_ns": 5205575383933,
      "last_seen_ts_ns": 5205750130581
    },
    {
      "tgid": 140409,
      "comm": "runc:[2:INIT]",
      "cgroup_id": 5011,
      "wait_duration_stats_ns": {
        "count": 35.0,
        "sum": 806224175.0,
        "mean": 23034976.42857143,
        "median": 1710371.7355502073,
        "min": 52022,
        "max": 129246978,
        "variance_ns2": 2097164212515252.2,
        "iqr_ns": 14959430.01222327,
        "q1_ns": 1115826.2223895,
        "q3_ns": 16075256.23461277
      },
      "futex_op_counts": {
        "128": 35
      },
      "first_seen_ts_ns": 5234700549612,
      "last_seen_ts_ns": 5234836294511
    },
    {
      "tgid": 140227,
      "comm": "runc",
      "cgroup_id": 4085,
      "wait_duration_stats_ns": {
        "count": 355.0,
        "sum": 638930896.9999999,
        "mean": 1799805.3436619716,
        "median": 114940.26583334999,
        "min": 840,
        "max": 91778226,
        "variance_ns2": 140619699254093.62,
        "iqr_ns": 468391.1098225935,
        "q1_ns": 25448.08347857151,
        "q3_ns": 493839.193301165
      },
      "futex_op_counts": {
        "128": 355
      },
      "first_seen_ts_ns": 5214627332844,
      "last_seen_ts_ns": 5214723150375
    },
    {
      "tgid": 140384,
      "comm": "runc:[2:INIT]",
      "cgroup_id": 5011,
      "wait_duration_stats_ns": {
        "count": 24.0,
        "sum": 621890319.0,
        "mean": 25912096.625,
        "median": 1783073.8962091636,
        "min": 3680,
        "max": 126185337,
        "variance_ns2": 1996126201974009.5,
        "iqr_ns": 18868875.317942224,
        "q1_ns": 1097191.708300345,
        "q3_ns": 19966067.02624257
      },
      "futex_op_counts": {
        "128": 24
      },
      "first_seen_ts_ns": 5225605282930,
      "last_seen_ts_ns": 5225724620657
    },
    {
      "tgid": 140339,
      "comm": "runc:[2:INIT]",
      "cgroup_id": 5011,
      "wait_duration_stats_ns": {
        "count": 24.0,
        "sum": 620899790.0000001,
        "mean": 25870824.58333334,
        "median": 924570.9170853088,
        "min": 26541,
        "max": 123356220,
        "variance_ns2": 2544083083674257.5,
        "iqr_ns": 51936024.6058011,
        "q1_ns": 481082.4822544643,
        "q3_ns": 52417107.088055566
      },
      "futex_op_counts": {
        "128": 24
      },
      "first_seen_ts_ns": 5215532217707,
      "last_seen_ts_ns": 5215657519987
    },
    {
      "tgid": 139958,
      "comm": "runc:[2:INIT]",
      "cgroup_id": 5011,
      "wait_duration_stats_ns": {
        "count": 26.0,
        "sum": 594942496.9999999,
        "mean": 22882403.730769224,
        "median": 1592547.8494108776,
        "min": 59912,
        "max": 118340717,
        "variance_ns2": 1790998481781803.5,
        "iqr_ns": 17843504.393402122,
        "q1_ns": 975165.6340016029,
        "q3_ns": 18818670.027403723
      },
      "futex_op_counts": {
        "128": 26
      },
      "first_seen_ts_ns": 5185581635577,
      "last_seen_ts_ns": 5185704693889
    },
    {
      "tgid": 140190,
      "comm": "runc:[2:INIT]",
      "cgroup_id": 5011,
      "wait_duration_stats_ns": {
        "count": 20.0,
        "sum": 577176559.0,
        "mean": 28858827.950000003,
        "median": 5504343.558884234,
        "min": 18830,
        "max": 143100301,
        "variance_ns2": 2610027073255374.0,
        "iqr_ns": 37538194.08433813,
        "q1_ns": 801980.1315111108,
        "q3_ns": 38340174.215849236
      },
      "futex_op_counts": {
        "128": 20
      },
      "first_seen_ts_ns": 5204673749567,
      "last_seen_ts_ns": 5204820342506
    },
    {
      "tgid": 140066,
      "comm": "runc:[2:INIT]",
      "cgroup_id": 5011,
      "wait_duration_stats_ns": {
        "count": 27.0,
        "sum": 543019200.0,
        "mean": 20111822.22222222,
        "median": 2782252.5793904383,
        "min": 9940,
        "max": 100593199,
        "variance_ns2": 1232938147028793.5,
        "iqr_ns": 18025023.295054458,
        "q1_ns": 650072.7152579365,
        "q3_ns": 18675096.010312393
      },
      "futex_op_counts": {
        "128": 27
      },
      "first_seen_ts_ns": 5194739239443,
      "last_seen_ts_ns": 5194849307195
    },
    {
      "tgid": 140363,
      "comm": "runc:[2:INIT]",
      "cgroup_id": 5011,
      "wait_duration_stats_ns": {
        "count": 24.0,
        "sum": 536370738.99999994,
        "mean": 22348780.791666664,
        "median": 1824058.7939090773,
        "min": 1240,
        "max": 127212379,
        "variance_ns2": 1969876872550551.8,
        "iqr_ns": 19672706.920986194,
        "q1_ns": 228796.85524303856,
        "q3_ns": 19901503.776229233
      },
      "futex_op_counts": {
        "128": 24
      },
      "first_seen_ts_ns": 5224741175163,
      "last_seen_ts_ns": 5224876611015
    },
    {
      "tgid": 139934,
      "comm": "runc:[2:INIT]",
      "cgroup_id": 5011,
      "wait_duration_stats_ns": {
        "count": 26.0,
        "sum": 518414858.0000001,
        "mean": 19939033.000000004,
        "median": 1925798.0266772327,
        "min": 3130,
        "max": 119295306,
        "variance_ns2": 1601892677318066.2,
        "iqr_ns": 14385924.217396872,
        "q1_ns": 736384.659080002,
        "q3_ns": 15122308.876476875
      },
      "futex_op_counts": {
        "128": 26
      },
      "first_seen_ts_ns": 5184706238870,
      "last_seen_ts_ns": 5184840173827
    },
    {
      "tgid": 140434,
      "comm": "runc:[2:INIT]",
      "cgroup_id": 5011,
      "wait_duration_stats_ns": {
        "count": 26.0,
        "sum": 479457625.99999994,
        "mean": 18440677.92307692,
        "median": 744008.6324081084,
        "min": 6070,
        "max": 114138932,
        "variance_ns2": 1479057407745701.5,
        "iqr_ns": 4693994.674516369,
        "q1_ns": 192849.56389269003,
        "q3_ns": 4886844.238409059
      },
      "futex_op_counts": {
        "128": 26
      },
      "first_seen_ts_ns": 5235595205886,
      "last_seen_ts_ns": 5235711854606
    },
    {
      "tgid": 140238,
      "comm": "runc:[2:INIT]",
      "cgroup_id": 5011,
      "wait_duration_stats_ns": {
        "count": 24.0,
        "sum": 423221685.0,
        "mean": 17634236.875,
        "median": 2466733.2585973796,
        "min": 6230,
        "max": 84925285,
        "variance_ns2": 1196161654887231.0,
        "iqr_ns": 30504132.15958136,
        "q1_ns": 94393.6850649837,
        "q3_ns": 30598525.844646342
      },
      "futex_op_counts": {
        "128": 24
      },
      "first_seen_ts_ns": 5214637620021,
      "last_seen_ts_ns": 5214723034522
    },
    {
      "tgid": 140017,
      "comm": "aws-cni",
      "cgroup_id": 4085,
      "wait_duration_stats_ns": {
        "count": 222.0,
        "sum": 284820362.99999994,
        "mean": 1282974.608108108,
        "median": 176954.0250306643,
        "min": 1070,
        "max": 43741387,
        "variance_ns2": 18848396062119.32,
        "iqr_ns": 911808.1788538767,
        "q1_ns": 50851.72002888392,
        "q3_ns": 962659.8988827605
      },
      "futex_op_counts": {
        "128": 222
      },
      "first_seen_ts_ns": 5186231437985,
      "last_seen_ts_ns": 5186303027250
    },
    {
      "tgid": 139958,
      "comm": "grpc-health-pro",
      "cgroup_id": 5011,
      "wait_duration_stats_ns": {
        "count": 24.0,
        "sum": 183503804.0,
        "mean": 7645991.833333333,
        "median": 2711173.070393272,
        "min": 24491,
        "max": 29202370,
        "variance_ns2": 67691944106043.36,
        "iqr_ns": 13695009.837109158,
        "q1_ns": 220314.03305560758,
        "q3_ns": 13915323.870164765
      },
      "futex_op_counts": {
        "128": 24
      },
      "first_seen_ts_ns": 5185735177497,
      "last_seen_ts_ns": 5185769346920
    },
    {
      "tgid": 140066,
      "comm": "grpc-health-pro",
      "cgroup_id": 5011,
      "wait_duration_stats_ns": {
        "count": 14.0,
        "sum": 112971730.0,
        "mean": 8069409.285714285,
        "median": 10829699.136666667,
        "min": 438363,
        "max": 19336516,
        "variance_ns2": 38720226632624.23,
        "iqr_ns": 8968945.176153276,
        "q1_ns": 3499211.7405133927,
        "q3_ns": 12468156.916666668
      },
      "futex_op_counts": {
        "128": 14
      },
      "first_seen_ts_ns": 5194880072741,
      "last_seen_ts_ns": 5194899160479
    },
    {
      "tgid": 139987,
      "comm": "aws-cni",
      "cgroup_id": 4085,
      "wait_duration_stats_ns": {
        "count": 190.0,
        "sum": 111823511.99999994,
        "mean": 588544.7999999997,
        "median": 122892.48124375872,
        "min": 9430,
        "max": 16970343,
        "variance_ns2": 3882540469870.3843,
        "iqr_ns": 427017.4516832878,
        "q1_ns": 29856.181283226826,
        "q3_ns": 456873.6329665146
      },
      "futex_op_counts": {
        "128": 190
      },
      "first_seen_ts_ns": 5186109219410,
      "last_seen_ts_ns": 5186130995010
    },
    {
      "tgid": 140212,
      "comm": "grpc-health-pro",
      "cgroup_id": 5011,
      "wait_duration_stats_ns": {
        "count": 19.0,
        "sum": 108629766.0,
        "mean": 5717356.105263158,
        "median": 4044638.391372768,
        "min": 14700,
        "max": 17279452,
        "variance_ns2": 40319292691068.54,
        "iqr_ns": 7742289.46952019,
        "q1_ns": 504648.9172041968,
        "q3_ns": 8246938.386724386
      },
      "futex_op_counts": {
        "128": 19
      },
      "first_seen_ts_ns": 5205766584838,
      "last_seen_ts_ns": 5205790057422
    },
    {
      "tgid": 140409,
      "comm": "grpc-health-pro",
      "cgroup_id": 5011,
      "wait_duration_stats_ns": {
        "count": 23.0,
        "sum": 106728593.99999999,
        "mean": 4640373.652173912,
        "median": 1378308.6758699215,
        "min": 32681,
        "max": 18859461,
        "variance_ns2": 42529470871463.62,
        "iqr_ns": 5867434.280525598,
        "q1_ns": 168759.94873967444,
        "q3_ns": 6036194.229265273
      },
      "futex_op_counts": {
        "128": 23
      },
      "first_seen_ts_ns": 5234842153181,
      "last_seen_ts_ns": 5234872330209
    },
    {
      "tgid": 140363,
      "comm": "grpc-health-pro",
      "cgroup_id": 5011,
      "wait_duration_stats_ns": {
        "count": 20.0,
        "sum": 105753993.0,
        "mean": 5287699.65,
        "median": 1206547.274922619,
        "min": 4730,
        "max": 23835813,
        "variance_ns2": 54994808439781.19,
        "iqr_ns": 8141354.047194473,
        "q1_ns": 198720.9574074074,
        "q3_ns": 8340075.004601881
      },
      "futex_op_counts": {
        "128": 20
      },
      "first_seen_ts_ns": 5224890195864,
      "last_seen_ts_ns": 5224919578468
    },
    {
      "tgid": 140190,
      "comm": "grpc-health-pro",
      "cgroup_id": 5011,
      "wait_duration_stats_ns": {
        "count": 21.0,
        "sum": 88771480.0,
        "mean": 4227213.333333333,
        "median": 1250954.1625397122,
        "min": 31751,
        "max": 18770828,
        "variance_ns2": 40777423275066.63,
        "iqr_ns": 7139005.630787344,
        "q1_ns": 257151.74623686017,
        "q3_ns": 7396157.377024204
      },
      "futex_op_counts": {
        "128": 21
      },
      "first_seen_ts_ns": 5204826182247,
      "last_seen_ts_ns": 5204852395065
    },
    {
      "tgid": 140090,
      "comm": "grpc-health-pro",
      "cgroup_id": 5011,
      "wait_duration_stats_ns": {
        "count": 25.0,
        "sum": 83650668.0,
        "mean": 3346026.7199999997,
        "median": 681592.9412452983,
        "min": 57662,
        "max": 18640494,
        "variance_ns2": 30001842052281.625,
        "iqr_ns": 4039246.7204094045,
        "q1_ns": 251548.12390464367,
        "q3_ns": 4290794.844314048
      },
      "futex_op_counts": {
        "128": 25
      },
      "first_seen_ts_ns": 5195781424729,
      "last_seen_ts_ns": 5195810052261
    },
    {
      "tgid": 139934,
      "comm": "grpc-health-pro",
      "cgroup_id": 5011,
      "wait_duration_stats_ns": {
        "count": 21.0,
        "sum": 80332383.0,
        "mean": 3825351.5714285714,
        "median": 760201.3167962867,
        "min": 13260,
        "max": 20051508,
        "variance_ns2": 35844126403833.86,
        "iqr_ns": 3924609.809847165,
        "q1_ns": 255842.44758396677,
        "q3_ns": 4180452.257431132
      },
      "futex_op_counts": {
        "128": 21
      },
      "first_seen_ts_ns": 5184855910820,
      "last_seen_ts_ns": 5184873928536
    },
    {
      "tgid": 140384,
      "comm": "grpc-health-pro",
      "cgroup_id": 5011,
      "wait_duration_stats_ns": {
        "count": 12.0,
        "sum": 76172718.0,
        "mean": 6347726.5,
        "median": 3445574.9583333335,
        "min": 417363,
        "max": 12821735,
        "variance_ns2": 24583463200849.184,
        "iqr_ns": 6154376.202932099,
        "q1_ns": 1488073.388888889,
        "q3_ns": 7642449.591820988
      },
      "futex_op_counts": {
        "128": 12
      },
      "first_seen_ts_ns": 5225752998540,
      "last_seen_ts_ns": 5225770140988
    },
    {
      "tgid": 140434,
      "comm": "grpc-health-pro",
      "cgroup_id": 5011,
      "wait_duration_stats_ns": {
        "count": 19.0,
        "sum": 75854273.0,
        "mean": 3992330.157894737,
        "median": 2857997.414015579,
        "min": 21811,
        "max": 16072215,
        "variance_ns2": 21009580120567.473,
        "iqr_ns": 6174406.411738178,
        "q1_ns": 110143.18948236146,
        "q3_ns": 6284549.601220539
      },
      "futex_op_counts": {
        "128": 19
      },
      "first_seen_ts_ns": 5235726091023,
      "last_seen_ts_ns": 5235746671277
    },
    {
      "tgid": 140001,
      "comm": "loopback",
      "cgroup_id": 4085,
      "wait_duration_stats_ns": {
        "count": 4.0,
        "sum": 65566129.0,
        "mean": 16391532.25,
        "median": 19580953.0,
        "min": 10002198,
        "max": 19853612,
        "variance_ns2": 21016908072250.918,
        "iqr_ns": 3724246.0,
        "q1_ns": 16129366.0,
        "q3_ns": 19853612.0
      },
      "futex_op_counts": {
        "128": 4
      },
      "first_seen_ts_ns": 5186160042525,
      "last_seen_ts_ns": 5186170079475
    },
    {
      "tgid": 140339,
      "comm": "grpc-health-pro",
      "cgroup_id": 5011,
      "wait_duration_stats_ns": {
        "count": 21.0,
        "sum": 53055925.0,
        "mean": 2526472.619047619,
        "median": 1256718.4643035412,
        "min": 21611,
        "max": 10556805,
        "variance_ns2": 10886065570739.146,
        "iqr_ns": 4661383.606904986,
        "q1_ns": 244368.545397167,
        "q3_ns": 4905752.152302153
      },
      "futex_op_counts": {
        "128": 21
      },
      "first_seen_ts_ns": 5215663397828,
      "last_seen_ts_ns": 5215680837535
    },
    {
      "tgid": 139981,
      "comm": "egress-cni",
      "cgroup_id": 4085,
      "wait_duration_stats_ns": {
        "count": 8.0,
        "sum": 44898114.0,
        "mean": 5612264.25,
        "median": 799408.2777777778,
        "min": 1260,
        "max": 19588874,
        "variance_ns2": 50127547488472.79,
        "iqr_ns": 3048564.0246913573,
        "q1_ns": 181405.0,
        "q3_ns": 3229969.0246913573
      },
      "futex_op_counts": {
        "128": 8
      },
      "first_seen_ts_ns": 5186050104959,
      "last_seen_ts_ns": 5186070045684
    },
    {
      "tgid": 140006,
      "comm": "portmap",
      "cgroup_id": 4085,
      "wait_duration_stats_ns": {
        "count": 6.0,
        "sum": 30887933.0,
        "mean": 5147988.833333333,
        "median": 5908782.0,
        "min": 391812,
        "max": 9860444,
        "variance_ns2": 13144415216833.77,
        "iqr_ns": 0.0,
        "q1_ns": 5908782.0,
        "q3_ns": 5908782.0
      },
      "futex_op_counts": {
        "128": 6
      },
      "first_seen_ts_ns": 5186201102961,
      "last_seen_ts_ns": 5186207460007
    },
    {
      "tgid": 140011,
      "comm": "egress-cni",
      "cgroup_id": 4085,
      "wait_duration_stats_ns": {
        "count": 6.0,
        "sum": 19009895.0,
        "mean": 3168315.833333333,
        "median": 379002.0,
        "min": 56772,
        "max": 9373248,
        "variance_ns2": 13569008480757.766,
        "iqr_ns": 0.0,
        "q1_ns": 379002.0,
        "q3_ns": 379002.0
      },
      "futex_op_counts": {
        "128": 6
      },
      "first_seen_ts_ns": 5186210379287,
      "last_seen_ts_ns": 5186220111156
    },
    {
      "tgid": 140238,
      "comm": "grpc-health-pro",
      "cgroup_id": 5011,
      "wait_duration_stats_ns": {
        "count": 26.0,
        "sum": 10817949.0,
        "mean": 416074.96153846156,
        "median": 172234.9956845238,
        "min": 2860,
        "max": 1747204,
        "variance_ns2": 283238937902.59845,
        "iqr_ns": 354839.4361966623,
        "q1_ns": 63753.75724853103,
        "q3_ns": 418593.19344519335
      },
      "futex_op_counts": {
        "128": 26
      },
      "first_seen_ts_ns": 5214725518588,
      "last_seen_ts_ns": 5214728442758
    },
    {
      "tgid": 139976,
      "comm": "portmap",
      "cgroup_id": 4085,
      "wait_duration_stats_ns": {
        "count": 6.0,
        "sum": 1918908.0,
        "mean": 319818.0,
        "median": 289459.0,
        "min": 47592,
        "max": 635399,
        "variance_ns2": 41379160019.2,
        "iqr_ns": 0.0,
        "q1_ns": 289459.0,
        "q3_ns": 289459.0
      },
      "futex_op_counts": {
        "128": 6
      },
      "first_seen_ts_ns": 5186041396241,
      "last_seen_ts_ns": 5186042137394
    },
    {
      "tgid": 139971,
      "comm": "loopback",
      "cgroup_id": 4085,
      "wait_duration_stats_ns": {
        "count": 7.0,
        "sum": 1406013.0,
        "mean": 200859.0,
        "median": 252570.8333333333,
        "min": 2130,
        "max": 465674,
        "variance_ns2": 24942353602.666668,
        "iqr_ns": 96424.33333333331,
        "q1_ns": 167775.0,
        "q3_ns": 264199.3333333333
      },
      "futex_op_counts": {
        "128": 7
      },
      "first_seen_ts_ns": 5186039018008,
      "last_seen_ts_ns": 5186039638467
    },
    {
      "tgid": 139654,
      "comm": "flux-broker-0",
      "cgroup_id": 54729,
      "wait_duration_stats_ns": {
        "count": 321.0,
        "sum": 889564.0,
        "mean": 2771.227414330218,
        "median": 1408.5014496056303,
        "min": 710,
        "max": 70072,
        "variance_ns2": 33414168.7137461,
        "iqr_ns": 1114.8850442839766,
        "q1_ns": 1001.5249354060621,
        "q3_ns": 2116.4099796900387
      },
      "futex_op_counts": {
        "128": 321
      },
      "first_seen_ts_ns": 5181892255333,
      "last_seen_ts_ns": 5242719513156
    }
  ]
}
[17:09:22] Cleanup complete.
