ln: failed to create symbolic link '/mnt/flux/view/lib/python': File exists
ln: failed to create symbolic link '/mnt/flux/view/lib/python3': File exists
unlimited
PROGRAM: futex
Looking for /opt/programs/futex/ebpf-collect.c
[14:49:27] Starting eBPF (Tracepoints for futex syscalls).
[14:49:28] BPF program loaded and tracepoints automatically attached.
[14:49:28] Start Indicator file defined '/mnt/flux/start_ebpf_collection'. Waiting.
[14:49:33] Start indicator found. Proceeding.
[14:49:33] Ring buffers opened. Polling for events...
[14:50:34] 
Indicator file '/mnt/flux/stop_ebpf_collection' found. Stopping.
[14:50:34] Cleaning up BPF resources...
{
  "final_aggregated_futex_summary_river": [
    {
      "tgid": 6789,
      "comm": "kubelet",
      "cgroup_id": 4138,
      "wait_duration_stats_ns": {
        "count": 5735.0,
        "sum": 1964699810496.9988,
        "mean": 342580612.1180469,
        "median": 15283139.65419698,
        "min": 406,
        "max": 59655714196,
        "variance_ns2": 1.2620511699650714e+19,
        "iqr_ns": 47115383.108729854,
        "q1_ns": 1727834.4024399605,
        "q3_ns": 48843217.51116981
      },
      "futex_op_counts": {
        "128": 5735
      },
      "first_seen_ts_ns": 4420946773268,
      "last_seen_ts_ns": 4487127550149
    },
    {
      "tgid": 6729,
      "comm": "containerd",
      "cgroup_id": 4085,
      "wait_duration_stats_ns": {
        "count": 5025.0,
        "sum": 1282215019213.0059,
        "mean": 255167168.00258824,
        "median": 4958650.582229332,
        "min": 342,
        "max": 40101384727,
        "variance_ns2": 2.2465066924735388e+18,
        "iqr_ns": 76903953.83574247,
        "q1_ns": 66098.9243828754,
        "q3_ns": 76970052.76012535
      },
      "futex_op_counts": {
        "128": 5025
      },
      "first_seen_ts_ns": 4420901697569,
      "last_seen_ts_ns": 4487150530137
    },
    {
      "tgid": 6880,
      "comm": "containerd-shim",
      "cgroup_id": 4085,
      "wait_duration_stats_ns": {
        "count": 695.0,
        "sum": 418941487319.9997,
        "mean": 602793506.9352514,
        "median": 258748.87972877498,
        "min": 546,
        "max": 22207471772,
        "variance_ns2": 2.6506090645559654e+18,
        "iqr_ns": 11426089.090973442,
        "q1_ns": 55569.56057450204,
        "q3_ns": 11481658.651547944
      },
      "futex_op_counts": {
        "128": 695
      },
      "first_seen_ts_ns": 4421367212036,
      "last_seen_ts_ns": 4486355558465
    },
    {
      "tgid": 8233,
      "comm": "coredns",
      "cgroup_id": 5426,
      "wait_duration_stats_ns": {
        "count": 400.0,
        "sum": 304213803971.0,
        "mean": 760534509.9275,
        "median": 533092277.8798504,
        "min": 1191,
        "max": 25983683443,
        "variance_ns2": 3.9534254309619676e+18,
        "iqr_ns": 884425184.213807,
        "q1_ns": 70609726.72549225,
        "q3_ns": 955034910.9392992
      },
      "futex_op_counts": {
        "128": 400
      },
      "first_seen_ts_ns": 4425714180809,
      "last_seen_ts_ns": 4486613913029
    },
    {
      "tgid": 7051,
      "comm": "kube-proxy",
      "cgroup_id": 4866,
      "wait_duration_stats_ns": {
        "count": 62.0,
        "sum": 303404606901.99994,
        "mean": 4893622691.967741,
        "median": 1899938555.0279949,
        "min": 1235,
        "max": 59998864467,
        "variance_ns2": 9.811354521569298e+19,
        "iqr_ns": 4456384609.725429,
        "q1_ns": 586772483.2992461,
        "q3_ns": 5043157093.024674
      },
      "futex_op_counts": {
        "128": 62
      },
      "first_seen_ts_ns": 4425977895420,
      "last_seen_ts_ns": 4485980120995
    },
    {
      "tgid": 8289,
      "comm": "coredns",
      "cgroup_id": 5496,
      "wait_duration_stats_ns": {
        "count": 455.0,
        "sum": 298379168799.00006,
        "mean": 655778392.9648353,
        "median": 478996854.54330206,
        "min": 688,
        "max": 25999526566,
        "variance_ns2": 3.543388168056526e+18,
        "iqr_ns": 888595801.9364126,
        "q1_ns": 50424063.604966976,
        "q3_ns": 939019865.5413796
      },
      "futex_op_counts": {
        "128": 455
      },
      "first_seen_ts_ns": 4425742387376,
      "last_seen_ts_ns": 4486642331063
    },
    {
      "tgid": 9302,
      "comm": "metrics-server",
      "cgroup_id": 5916,
      "wait_duration_stats_ns": {
        "count": 1029.0,
        "sum": 297287990881.9998,
        "mean": 288909612.13022333,
        "median": 118734725.85736637,
        "min": 766,
        "max": 39999931530,
        "variance_ns2": 3.0640656929572823e+18,
        "iqr_ns": 69582884.75427099,
        "q1_ns": 78185794.3345852,
        "q3_ns": 147768679.0888562
      },
      "futex_op_counts": {
        "128": 1029
      },
      "first_seen_ts_ns": 4421014697558,
      "last_seen_ts_ns": 4487131115058
    },
    {
      "tgid": 109167,
      "comm": "containerd-shim",
      "cgroup_id": 4085,
      "wait_duration_stats_ns": {
        "count": 245.0,
        "sum": 278368939095.0002,
        "mean": 1136199751.408164,
        "median": 7656020.591607712,
        "min": 5268,
        "max": 29995378753,
        "variance_ns2": 1.2960326219690066e+19,
        "iqr_ns": 119811073.58730686,
        "q1_ns": 434639.7976034866,
        "q3_ns": 120245713.38491035
      },
      "futex_op_counts": {
        "128": 245
      },
      "first_seen_ts_ns": 4425828332259,
      "last_seen_ts_ns": 4487181049410
    },
    {
      "tgid": 6888,
      "comm": "containerd-shim",
      "cgroup_id": 4085,
      "wait_duration_stats_ns": {
        "count": 66.0,
        "sum": 269941884203.00003,
        "mean": 4090028548.5303035,
        "median": 2704652336.19498,
        "min": 876,
        "max": 30006499205,
        "variance_ns2": 4.7771996334566425e+19,
        "iqr_ns": 4874408636.494249,
        "q1_ns": 19334120.935368508,
        "q3_ns": 4893742757.429618
      },
      "futex_op_counts": {
        "128": 66
      },
      "first_seen_ts_ns": 4427553256676,
      "last_seen_ts_ns": 4483790581294
    },
    {
      "tgid": 9297,
      "comm": "metrics-server",
      "cgroup_id": 5846,
      "wait_duration_stats_ns": {
        "count": 1206.0,
        "sum": 246231191365.00012,
        "mean": 204171800.468491,
        "median": 126608706.23091164,
        "min": 11126,
        "max": 12107642048,
        "variance_ns2": 4.985972105574265e+17,
        "iqr_ns": 118905148.34684613,
        "q1_ns": 60282567.42373458,
        "q3_ns": 179187715.7705807
      },
      "futex_op_counts": {
        "128": 1206
      },
      "first_seen_ts_ns": 4421041042622,
      "last_seen_ts_ns": 4487041042279
    },
    {
      "tgid": 7339,
      "comm": "aws-k8s-agent",
      "cgroup_id": 5006,
      "wait_duration_stats_ns": {
        "count": 314.0,
        "sum": 241848741868.99994,
        "mean": 770218923.1496813,
        "median": 70282011.3208333,
        "min": 582,
        "max": 30124783816,
        "variance_ns2": 6.708895116041465e+18,
        "iqr_ns": 1109908344.583838,
        "q1_ns": 582942.4520252467,
        "q3_ns": 1110491287.0358632
      },
      "futex_op_counts": {
        "128": 314
      },
      "first_seen_ts_ns": 4426333333622,
      "last_seen_ts_ns": 4486561520051
    },
    {
      "tgid": 11077,
      "comm": "manager",
      "cgroup_id": 6244,
      "wait_duration_stats_ns": {
        "count": 487.0,
        "sum": 239692095775.99994,
        "mean": 492180894.81724834,
        "median": 341731589.5652505,
        "min": 23001,
        "max": 26475074374,
        "variance_ns2": 2.7693793160217303e+18,
        "iqr_ns": 472478827.96155286,
        "q1_ns": 24922978.26764773,
        "q3_ns": 497401806.2292006
      },
      "futex_op_counts": {
        "128": 487
      },
      "first_seen_ts_ns": 4421037869258,
      "last_seen_ts_ns": 4487093622169
    },
    {
      "tgid": 11005,
      "comm": "kube-rbac-proxy",
      "cgroup_id": 6174,
      "wait_duration_stats_ns": {
        "count": 42.0,
        "sum": 209818405795.0,
        "mean": 4995676328.452381,
        "median": 4991719663.458256,
        "min": 1712,
        "max": 10009988078,
        "variance_ns2": 1.2221205527741166e+18,
        "iqr_ns": -18158193.98042488,
        "q1_ns": 5015410255.254002,
        "q3_ns": 4997252061.273577
      },
      "futex_op_counts": {
        "128": 42
      },
      "first_seen_ts_ns": 4426500040376,
      "last_seen_ts_ns": 4486497013115
    },
    {
      "tgid": 10916,
      "comm": "containerd-shim",
      "cgroup_id": 4085,
      "wait_duration_stats_ns": {
        "count": 84.0,
        "sum": 208679327317.99994,
        "mean": 2484277706.166666,
        "median": 18237622.627125263,
        "min": 3908,
        "max": 29994275075,
        "variance_ns2": 3.0829476968575513e+19,
        "iqr_ns": 2242361117.9086213,
        "q1_ns": 4435316.891610367,
        "q3_ns": 2246796434.8002315
      },
      "futex_op_counts": {
        "128": 84
      },
      "first_seen_ts_ns": 4421026775039,
      "last_seen_ts_ns": 4478735793613
    },
    {
      "tgid": 8636,
      "comm": "containerd-shim",
      "cgroup_id": 4085,
      "wait_duration_stats_ns": {
        "count": 51.0,
        "sum": 205128139121.0,
        "mean": 4022120374.921569,
        "median": 1454367077.9163318,
        "min": 14645,
        "max": 30001291630,
        "variance_ns2": 4.591477234543177e+19,
        "iqr_ns": 4676208483.345738,
        "q1_ns": 51210122.91529813,
        "q3_ns": 4727418606.261037
      },
      "futex_op_counts": {
        "128": 51
      },
      "first_seen_ts_ns": 4427642783945,
      "last_seen_ts_ns": 4478732063002
    },
    {
      "tgid": 7847,
      "comm": "containerd-shim",
      "cgroup_id": 4085,
      "wait_duration_stats_ns": {
        "count": 52.0,
        "sum": 200511088834.00003,
        "mean": 3855982477.576924,
        "median": 1377328716.362998,
        "min": 2812,
        "max": 29999342304,
        "variance_ns2": 3.778508549804494e+19,
        "iqr_ns": 4294657382.024555,
        "q1_ns": 81003982.11369038,
        "q3_ns": 4375661364.138246
      },
      "futex_op_counts": {
        "128": 52
      },
      "first_seen_ts_ns": 4427649522708,
      "last_seen_ts_ns": 4478735013729
    },
    {
      "tgid": 7481,
      "comm": "controller",
      "cgroup_id": 5076,
      "wait_duration_stats_ns": {
        "count": 276.0,
        "sum": 171354871164.9999,
        "mean": 620850982.4818838,
        "median": 493387538.95205283,
        "min": 2053,
        "max": 10009932969,
        "variance_ns2": 1.2198155443127532e+18,
        "iqr_ns": 15801934.362704456,
        "q1_ns": 484220760.1299635,
        "q3_ns": 500022694.492668
      },
      "futex_op_counts": {
        "128": 276
      },
      "first_seen_ts_ns": 4425771598931,
      "last_seen_ts_ns": 4486772230394
    },
    {
      "tgid": 8186,
      "comm": "containerd-shim",
      "cgroup_id": 4085,
      "wait_duration_stats_ns": {
        "count": 51.0,
        "sum": 169555969295.99994,
        "mean": 3324626848.9411755,
        "median": 1282044498.825221,
        "min": 33173,
        "max": 30027287769,
        "variance_ns2": 2.880462630333474e+19,
        "iqr_ns": 4544599143.882672,
        "q1_ns": 70351464.08990115,
        "q3_ns": 4614950607.972573
      },
      "futex_op_counts": {
        "128": 51
      },
      "first_seen_ts_ns": 4427642579142,
      "last_seen_ts_ns": 4478736903377
    },
    {
      "tgid": 9214,
      "comm": "containerd-shim",
      "cgroup_id": 4085,
      "wait_duration_stats_ns": {
        "count": 51.0,
        "sum": 165172038045.0,
        "mean": 3238667412.647059,
        "median": 1141976665.8564637,
        "min": 7653,
        "max": 30022539991,
        "variance_ns2": 3.0497745960464364e+19,
        "iqr_ns": 3998232273.473763,
        "q1_ns": 40233750.90907171,
        "q3_ns": 4038466024.382835
      },
      "futex_op_counts": {
        "128": 51
      },
      "first_seen_ts_ns": 4427649993673,
      "last_seen_ts_ns": 4478735474560
    },
    {
      "tgid": 108837,
      "comm": "containerd-shim",
      "cgroup_id": 4085,
      "wait_duration_stats_ns": {
        "count": 46.0,
        "sum": 162340696591.0,
        "mean": 3529145578.0652175,
        "median": 642815170.0125424,
        "min": 7324,
        "max": 30000182909,
        "variance_ns2": 3.200012617824665e+19,
        "iqr_ns": 5559534556.875593,
        "q1_ns": 67665933.76147366,
        "q3_ns": 5627200490.637067
      },
      "futex_op_counts": {
        "128": 46
      },
      "first_seen_ts_ns": 4427645750501,
      "last_seen_ts_ns": 4478733579280
    },
    {
      "tgid": 6761,
      "comm": "ssm-agent-worke",
      "cgroup_id": 3429,
      "wait_duration_stats_ns": {
        "count": 86.0,
        "sum": 122561956791.00005,
        "mean": 1425139032.4534888,
        "median": 1390533054.166726,
        "min": 45091794,
        "max": 2486977333,
        "variance_ns2": 5.2265577341166534e+17,
        "iqr_ns": 1263443265.68543,
        "q1_ns": 816153384.3746806,
        "q3_ns": 2079596650.0601106
      },
      "futex_op_counts": {
        "128": 86
      },
      "first_seen_ts_ns": 4426078641938,
      "last_seen_ts_ns": 4486821106338
    },
    {
      "tgid": 110230,
      "comm": "runc",
      "cgroup_id": 4085,
      "wait_duration_stats_ns": {
        "count": 245.0,
        "sum": 4993856863.000001,
        "mean": 20383089.2367347,
        "median": 3681067.000926413,
        "min": 1760,
        "max": 470519285,
        "variance_ns2": 4566772210454724.0,
        "iqr_ns": 21835204.57885893,
        "q1_ns": 172134.1098084006,
        "q3_ns": 22007338.68866733
      },
      "futex_op_counts": {
        "128": 245
      },
      "first_seen_ts_ns": 4475300033884,
      "last_seen_ts_ns": 4475930783437
    },
    {
      "tgid": 110182,
      "comm": "runc",
      "cgroup_id": 4085,
      "wait_duration_stats_ns": {
        "count": 243.0,
        "sum": 2623840997.9999995,
        "mean": 10797699.580246912,
        "median": 568327.0626753862,
        "min": 4655,
        "max": 370770211,
        "variance_ns2": 1610260679044967.5,
        "iqr_ns": 22009354.570598133,
        "q1_ns": 27487.56323960528,
        "q3_ns": 22036842.133837737
      },
      "futex_op_counts": {
        "128": 243
      },
      "first_seen_ts_ns": 4465300036509,
      "last_seen_ts_ns": 4465710944570
    },
    {
      "tgid": 110033,
      "comm": "runc",
      "cgroup_id": 4085,
      "wait_duration_stats_ns": {
        "count": 275.0,
        "sum": 2582640693.0000005,
        "mean": 9391420.701818183,
        "median": 393931.62619389023,
        "min": 5097,
        "max": 341622394,
        "variance_ns2": 1953390046869703.2,
        "iqr_ns": 11633963.90760972,
        "q1_ns": 41043.54475795847,
        "q3_ns": 11675007.452367678
      },
      "futex_op_counts": {
        "128": 275
      },
      "first_seen_ts_ns": 4445310041019,
      "last_seen_ts_ns": 4445700751865
    },
    {
      "tgid": 6625,
      "comm": "amazon-ssm-agen",
      "cgroup_id": 3429,
      "wait_duration_stats_ns": {
        "count": 3.0,
        "sum": 1998449562.0,
        "mean": 666149854.0,
        "median": 997250910.0,
        "min": 313265,
        "max": 1000885387,
        "variance_ns2": 3.325070747941321e+17,
        "iqr_ns": 1000572122.0,
        "q1_ns": 313265.0,
        "q3_ns": 1000885387.0
      },
      "futex_op_counts": {
        "128": 3
      },
      "first_seen_ts_ns": 4465890505729,
      "last_seen_ts_ns": 4466891407561
    },
    {
      "tgid": 110082,
      "comm": "runc",
      "cgroup_id": 4085,
      "wait_duration_stats_ns": {
        "count": 237.0,
        "sum": 1681761566.9999998,
        "mean": 7096040.367088607,
        "median": 335107.944210395,
        "min": 1705,
        "max": 256360090,
        "variance_ns2": 1056019287402945.8,
        "iqr_ns": 2394659.8878660775,
        "q1_ns": 46001.71183954776,
        "q3_ns": 2440661.5997056253
      },
      "futex_op_counts": {
        "128": 237
      },
      "first_seen_ts_ns": 4455320032783,
      "last_seen_ts_ns": 4455610676245
    },
    {
      "tgid": 110243,
      "comm": "runc:[2:INIT]",
      "cgroup_id": 5006,
      "wait_duration_stats_ns": {
        "count": 24.0,
        "sum": 1616028255.0000005,
        "mean": 67334510.62500001,
        "median": 31304670.983494274,
        "min": 65357,
        "max": 239871590,
        "variance_ns2": 6850106980133009.0,
        "iqr_ns": 83154038.65713376,
        "q1_ns": 18442340.048118632,
        "q3_ns": 101596378.7052524
      },
      "futex_op_counts": {
        "128": 24
      },
      "first_seen_ts_ns": 4475620043015,
      "last_seen_ts_ns": 4475950054890
    },
    {
      "tgid": 110255,
      "comm": "runc",
      "cgroup_id": 4085,
      "wait_duration_stats_ns": {
        "count": 327.0,
        "sum": 1482706930.0,
        "mean": 4534271.957186544,
        "median": 175967.66052207592,
        "min": 6593,
        "max": 210175778,
        "variance_ns2": 824334210249287.2,
        "iqr_ns": 1118243.3069572975,
        "q1_ns": 24170.563898357446,
        "q3_ns": 1142413.870855655
      },
      "futex_op_counts": {
        "128": 327
      },
      "first_seen_ts_ns": 4481370810142,
      "last_seen_ts_ns": 4481589364697
    },
    {
      "tgid": 110206,
      "comm": "runc",
      "cgroup_id": 4085,
      "wait_duration_stats_ns": {
        "count": 428.0,
        "sum": 1467500282.0,
        "mean": 3428738.976635514,
        "median": 102370.53624354943,
        "min": 10840,
        "max": 236498604,
        "variance_ns2": 532795688442516.2,
        "iqr_ns": 724956.3432043697,
        "q1_ns": 26200.844706050022,
        "q3_ns": 751157.1879104197
      },
      "futex_op_counts": {
        "128": 428
      },
      "first_seen_ts_ns": 4471371338997,
      "last_seen_ts_ns": 4471610874066
    },
    {
      "tgid": 109958,
      "comm": "runc",
      "cgroup_id": 4085,
      "wait_duration_stats_ns": {
        "count": 360.0,
        "sum": 1322802295.0000002,
        "mean": 3674450.819444445,
        "median": 150780.19974682524,
        "min": 7881,
        "max": 179763919,
        "variance_ns2": 361569362200268.25,
        "iqr_ns": 993186.4943907437,
        "q1_ns": 27060.531689102667,
        "q3_ns": 1020247.0260798463
      },
      "futex_op_counts": {
        "128": 360
      },
      "first_seen_ts_ns": 4441372708998,
      "last_seen_ts_ns": 4441560631215
    },
    {
      "tgid": 110044,
      "comm": "runc:[2:INIT]",
      "cgroup_id": 5006,
      "wait_duration_stats_ns": {
        "count": 25.0,
        "sum": 1252172637.9999998,
        "mean": 50086905.51999999,
        "median": 27303986.668458037,
        "min": 140166,
        "max": 174425859,
        "variance_ns2": 3030906385326624.0,
        "iqr_ns": 43412729.21531515,
        "q1_ns": 22887995.18410391,
        "q3_ns": 66300724.399419054
      },
      "futex_op_counts": {
        "128": 25
      },
      "first_seen_ts_ns": 4445470038039,
      "last_seen_ts_ns": 4445720040393
    },
    {
      "tgid": 110193,
      "comm": "runc:[2:INIT]",
      "cgroup_id": 5006,
      "wait_duration_stats_ns": {
        "count": 22.0,
        "sum": 1227714301.9999998,
        "mean": 55805195.54545454,
        "median": 22198797.067059033,
        "min": 23963,
        "max": 214651499,
        "variance_ns2": 6602557557087462.0,
        "iqr_ns": 27175613.022258934,
        "q1_ns": 6217806.342494887,
        "q3_ns": 33393419.36475382
      },
      "futex_op_counts": {
        "128": 22
      },
      "first_seen_ts_ns": 4465475396149,
      "last_seen_ts_ns": 4465730040197
    },
    {
      "tgid": 110216,
      "comm": "runc:[2:INIT]",
      "cgroup_id": 5006,
      "wait_duration_stats_ns": {
        "count": 26.0,
        "sum": 1224301297.0,
        "mean": 47088511.42307692,
        "median": 20122982.605948865,
        "min": 62181,
        "max": 199331266,
        "variance_ns2": 5081144616978777.0,
        "iqr_ns": 23531437.523654435,
        "q1_ns": 8655263.15669784,
        "q3_ns": 32186700.680352274
      },
      "futex_op_counts": {
        "128": 26
      },
      "first_seen_ts_ns": 4471380714713,
      "last_seen_ts_ns": 4471630074494
    },
    {
      "tgid": 110107,
      "comm": "runc",
      "cgroup_id": 4085,
      "wait_duration_stats_ns": {
        "count": 429.0,
        "sum": 1066832836.0000001,
        "mean": 2486789.827505828,
        "median": 102014.8745909259,
        "min": 10528,
        "max": 178857051,
        "variance_ns2": 314209416866533.6,
        "iqr_ns": 474388.91658804717,
        "q1_ns": 26527.859637792597,
        "q3_ns": 500916.77622583974
      },
      "futex_op_counts": {
        "128": 429
      },
      "first_seen_ts_ns": 4461388732557,
      "last_seen_ts_ns": 4461570735117
    },
    {
      "tgid": 110002,
      "comm": "xhpcg",
      "cgroup_id": 38832,
      "wait_duration_stats_ns": {
        "count": 125.0,
        "sum": 1036328501.0,
        "mean": 8290628.008,
        "median": 5320503.885525229,
        "min": 6264,
        "max": 28961934,
        "variance_ns2": 54753728969649.21,
        "iqr_ns": 10411456.32145998,
        "q1_ns": 2694145.9753163587,
        "q3_ns": 13105602.29677634
      },
      "futex_op_counts": {
        "128": 125
      },
      "first_seen_ts_ns": 4444913851577,
      "last_seen_ts_ns": 4463375419914
    },
    {
      "tgid": 109985,
      "comm": "xhpcg",
      "cgroup_id": 38832,
      "wait_duration_stats_ns": {
        "count": 114.0,
        "sum": 1029259186.9999994,
        "mean": 9028589.359649118,
        "median": 6901334.932940814,
        "min": 31912,
        "max": 28390866,
        "variance_ns2": 43063651966479.17,
        "iqr_ns": 10006266.143825347,
        "q1_ns": 4632985.614524338,
        "q3_ns": 14639251.758349685
      },
      "futex_op_counts": {
        "128": 114
      },
      "first_seen_ts_ns": 4444913991633,
      "last_seen_ts_ns": 4463375397753
    },
    {
      "tgid": 109986,
      "comm": "xhpcg",
      "cgroup_id": 38832,
      "wait_duration_stats_ns": {
        "count": 137.0,
        "sum": 1021591894.0000005,
        "mean": 7456875.1386861345,
        "median": 5166386.140788368,
        "min": 64957,
        "max": 28369067,
        "variance_ns2": 38283451389697.64,
        "iqr_ns": 10015388.926201615,
        "q1_ns": 2776577.6754279253,
        "q3_ns": 12791966.60162954
      },
      "futex_op_counts": {
        "128": 137
      },
      "first_seen_ts_ns": 4444914223644,
      "last_seen_ts_ns": 4463375389929
    },
    {
      "tgid": 109909,
      "comm": "runc",
      "cgroup_id": 4085,
      "wait_duration_stats_ns": {
        "count": 422.0,
        "sum": 1020645778.0,
        "mean": 2418591.890995261,
        "median": 68792.76036627067,
        "min": 8730,
        "max": 169920739,
        "variance_ns2": 342850078315225.0,
        "iqr_ns": 361790.4515836823,
        "q1_ns": 20524.49681007064,
        "q3_ns": 382314.948393753
      },
      "futex_op_counts": {
        "128": 422
      },
      "first_seen_ts_ns": 4431387139812,
      "last_seen_ts_ns": 4431560621874
    },
    {
      "tgid": 109992,
      "comm": "xhpcg",
      "cgroup_id": 38832,
      "wait_duration_stats_ns": {
        "count": 137.0,
        "sum": 1018117391.9999996,
        "mean": 7431513.810218976,
        "median": 5152412.443538001,
        "min": 23098,
        "max": 28751285,
        "variance_ns2": 40147374288258.38,
        "iqr_ns": 10301097.787802415,
        "q1_ns": 3406163.864673044,
        "q3_ns": 13707261.65247546
      },
      "futex_op_counts": {
        "128": 137
      },
      "first_seen_ts_ns": 4444913867753,
      "last_seen_ts_ns": 4463375455666
    },
    {
      "tgid": 109988,
      "comm": "xhpcg",
      "cgroup_id": 38832,
      "wait_duration_stats_ns": {
        "count": 115.0,
        "sum": 1008903305.0000002,
        "mean": 8773072.217391307,
        "median": 5847343.844954286,
        "min": 2184,
        "max": 28755923,
        "variance_ns2": 53652955317087.945,
        "iqr_ns": 11823112.478444612,
        "q1_ns": 3172187.2528591417,
        "q3_ns": 14995299.731303753
      },
      "futex_op_counts": {
        "128": 115
      },
      "first_seen_ts_ns": 4444913880882,
      "last_seen_ts_ns": 4463375370226
    },
    {
      "tgid": 109996,
      "comm": "xhpcg",
      "cgroup_id": 38832,
      "wait_duration_stats_ns": {
        "count": 122.0,
        "sum": 998820188.0,
        "mean": 8187050.721311475,
        "median": 5136735.195466368,
        "min": 7612,
        "max": 28418851,
        "variance_ns2": 51127677888231.055,
        "iqr_ns": 11073768.114004306,
        "q1_ns": 2840529.0896968497,
        "q3_ns": 13914297.203701157
      },
      "futex_op_counts": {
        "128": 122
      },
      "first_seen_ts_ns": 4444913979751,
      "last_seen_ts_ns": 4463375661693
    },
    {
      "tgid": 110011,
      "comm": "xhpcg",
      "cgroup_id": 38832,
      "wait_duration_stats_ns": {
        "count": 115.0,
        "sum": 997542743.0000001,
        "mean": 8674284.721739132,
        "median": 5852795.004850749,
        "min": 54987,
        "max": 28735642,
        "variance_ns2": 59463424182864.67,
        "iqr_ns": 13090057.310264338,
        "q1_ns": 1918190.032887769,
        "q3_ns": 15008247.343152108
      },
      "futex_op_counts": {
        "128": 115
      },
      "first_seen_ts_ns": 4444913982533,
      "last_seen_ts_ns": 4463375453885
    },
    {
      "tgid": 110004,
      "comm": "xhpcg",
      "cgroup_id": 38832,
      "wait_duration_stats_ns": {
        "count": 115.0,
        "sum": 992558378.0000001,
        "mean": 8630942.417391306,
        "median": 5146197.590743403,
        "min": 101349,
        "max": 28413458,
        "variance_ns2": 51633046275446.91,
        "iqr_ns": 11388317.658671103,
        "q1_ns": 3184267.4843689203,
        "q3_ns": 14572585.143040024
      },
      "futex_op_counts": {
        "128": 115
      },
      "first_seen_ts_ns": 4444913952075,
      "last_seen_ts_ns": 4463375568499
    },
    {
      "tgid": 109989,
      "comm": "xhpcg",
      "cgroup_id": 38832,
      "wait_duration_stats_ns": {
        "count": 112.0,
        "sum": 988940738.0000002,
        "mean": 8829828.017857146,
        "median": 5273583.104049286,
        "min": 50893,
        "max": 28408663,
        "variance_ns2": 47928308148372.66,
        "iqr_ns": 9580935.830338873,
        "q1_ns": 4230127.275503038,
        "q3_ns": 13811063.10584191
      },
      "futex_op_counts": {
        "128": 112
      },
      "first_seen_ts_ns": 4444913902293,
      "last_seen_ts_ns": 4463375598322
    },
    {
      "tgid": 109995,
      "comm": "xhpcg",
      "cgroup_id": 38832,
      "wait_duration_stats_ns": {
        "count": 107.0,
        "sum": 978733900.9999996,
        "mean": 9147045.803738315,
        "median": 6114586.471908597,
        "min": 112303,
        "max": 28762868,
        "variance_ns2": 61171294862729.49,
        "iqr_ns": 13205947.841643356,
        "q1_ns": 1932901.6034590479,
        "q3_ns": 15138849.445102403
      },
      "futex_op_counts": {
        "128": 107
      },
      "first_seen_ts_ns": 4444913971658,
      "last_seen_ts_ns": 4463375568632
    },
    {
      "tgid": 110092,
      "comm": "runc:[2:INIT]",
      "cgroup_id": 5006,
      "wait_duration_stats_ns": {
        "count": 26.0,
        "sum": 973636419.0000001,
        "mean": 37447554.57692308,
        "median": 29577112.50672531,
        "min": 8054913,
        "max": 119874018,
        "variance_ns2": 728391818996732.6,
        "iqr_ns": 22462413.136106957,
        "q1_ns": 18422169.88995566,
        "q3_ns": 40884583.026062615
      },
      "futex_op_counts": {
        "128": 26
      },
      "first_seen_ts_ns": 4455420035273,
      "last_seen_ts_ns": 4455630073593
    },
    {
      "tgid": 110000,
      "comm": "xhpcg",
      "cgroup_id": 38832,
      "wait_duration_stats_ns": {
        "count": 126.0,
        "sum": 972354424.9999998,
        "mean": 7717098.611111109,
        "median": 5397105.990712988,
        "min": 1662,
        "max": 33974609,
        "variance_ns2": 44901372316800.33,
        "iqr_ns": 11771878.529158797,
        "q1_ns": 2332434.1454963526,
        "q3_ns": 14104312.674655149
      },
      "futex_op_counts": {
        "128": 126
      },
      "first_seen_ts_ns": 4444913829224,
      "last_seen_ts_ns": 4463375377425
    },
    {
      "tgid": 110008,
      "comm": "xhpcg",
      "cgroup_id": 38832,
      "wait_duration_stats_ns": {
        "count": 127.0,
        "sum": 972150142.9999999,
        "mean": 7654725.53543307,
        "median": 5074801.969354306,
        "min": 23438,
        "max": 28736668,
        "variance_ns2": 43988969992977.27,
        "iqr_ns": 11215931.722695116,
        "q1_ns": 2091555.3878882157,
        "q3_ns": 13307487.110583331
      },
      "futex_op_counts": {
        "128": 127
      },
      "first_seen_ts_ns": 4444913991324,
      "last_seen_ts_ns": 4463375586334
    },
    {
      "tgid": 109998,
      "comm": "xhpcg",
      "cgroup_id": 38832,
      "wait_duration_stats_ns": {
        "count": 124.0,
        "sum": 965278904.9999999,
        "mean": 7784507.298387096,
        "median": 5245467.155056545,
        "min": 22756,
        "max": 28491357,
        "variance_ns2": 45237424837722.29,
        "iqr_ns": 12250914.115237128,
        "q1_ns": 1953587.0744078807,
        "q3_ns": 14204501.18964501
      },
      "futex_op_counts": {
        "128": 124
      },
      "first_seen_ts_ns": 4444913874825,
      "last_seen_ts_ns": 4463375442033
    },
    {
      "tgid": 109990,
      "comm": "xhpcg",
      "cgroup_id": 38832,
      "wait_duration_stats_ns": {
        "count": 114.0,
        "sum": 957373962.9999998,
        "mean": 8398017.219298244,
        "median": 5537635.890335007,
        "min": 35342,
        "max": 28716095,
        "variance_ns2": 47150481763815.49,
        "iqr_ns": 12044875.863281783,
        "q1_ns": 2711788.244960272,
        "q3_ns": 14756664.108242055
      },
      "futex_op_counts": {
        "128": 114
      },
      "first_seen_ts_ns": 4444913759444,
      "last_seen_ts_ns": 4463375590876
    },
    {
      "tgid": 109987,
      "comm": "xhpcg",
      "cgroup_id": 38832,
      "wait_duration_stats_ns": {
        "count": 115.0,
        "sum": 952878236.9999999,
        "mean": 8285897.713043477,
        "median": 5640249.786675,
        "min": 34200,
        "max": 28726990,
        "variance_ns2": 46504602938219.516,
        "iqr_ns": 12468535.628696598,
        "q1_ns": 2461389.441445353,
        "q3_ns": 14929925.07014195
      },
      "futex_op_counts": {
        "128": 115
      },
      "first_seen_ts_ns": 4444914029005,
      "last_seen_ts_ns": 4463375338798
    },
    {
      "tgid": 110006,
      "comm": "xhpcg",
      "cgroup_id": 38832,
      "wait_duration_stats_ns": {
        "count": 118.0,
        "sum": 944560527.0000001,
        "mean": 8004750.228813561,
        "median": 5215527.509878736,
        "min": 35084,
        "max": 28744079,
        "variance_ns2": 44634578942749.04,
        "iqr_ns": 12384145.437145188,
        "q1_ns": 2237841.5987198604,
        "q3_ns": 14621987.035865048
      },
      "futex_op_counts": {
        "128": 118
      },
      "first_seen_ts_ns": 4444913979801,
      "last_seen_ts_ns": 4463375318008
    },
    {
      "tgid": 110117,
      "comm": "runc:[2:INIT]",
      "cgroup_id": 5006,
      "wait_duration_stats_ns": {
        "count": 23.0,
        "sum": 944419167.0000001,
        "mean": 41061702.913043484,
        "median": 23786431.80349434,
        "min": 1657,
        "max": 142363725,
        "variance_ns2": 3054297824972455.0,
        "iqr_ns": 59844431.63678158,
        "q1_ns": 1885444.4625926262,
        "q3_ns": 61729876.099374205
      },
      "futex_op_counts": {
        "128": 23
      },
      "first_seen_ts_ns": 4461397677718,
      "last_seen_ts_ns": 4461590043118
    },
    {
      "tgid": 109934,
      "comm": "runc",
      "cgroup_id": 4085,
      "wait_duration_stats_ns": {
        "count": 223.0,
        "sum": 936295400.0000002,
        "mean": 4198634.08071749,
        "median": 181514.30228231603,
        "min": 5184,
        "max": 189353333,
        "variance_ns2": 600306650996332.5,
        "iqr_ns": 1314515.397097139,
        "q1_ns": 21268.620055875028,
        "q3_ns": 1335784.017153014
      },
      "futex_op_counts": {
        "128": 223
      },
      "first_seen_ts_ns": 4435290729516,
      "last_seen_ts_ns": 4435502789915
    },
    {
      "tgid": 110266,
      "comm": "runc:[2:INIT]",
      "cgroup_id": 5006,
      "wait_duration_stats_ns": {
        "count": 27.0,
        "sum": 913460360.0,
        "mean": 33831865.18518519,
        "median": 19124663.467997044,
        "min": 55933,
        "max": 142180370,
        "variance_ns2": 2525476311293298.0,
        "iqr_ns": 20024426.919594135,
        "q1_ns": 3393467.320036174,
        "q3_ns": 23417894.239630308
      },
      "futex_op_counts": {
        "128": 27
      },
      "first_seen_ts_ns": 4481407870407,
      "last_seen_ts_ns": 4481592019788
    },
    {
      "tgid": 109861,
      "comm": "xhpcg",
      "cgroup_id": 38832,
      "wait_duration_stats_ns": {
        "count": 130.0,
        "sum": 874719872.9999998,
        "mean": 6728614.407692306,
        "median": 4613518.547953067,
        "min": 32862,
        "max": 28780292,
        "variance_ns2": 53362729458216.61,
        "iqr_ns": 8293799.769188325,
        "q1_ns": 908386.2043667802,
        "q3_ns": 9202185.973555105
      },
      "futex_op_counts": {
        "128": 130
      },
      "first_seen_ts_ns": 4426338171814,
      "last_seen_ts_ns": 4444317289263
    },
    {
      "tgid": 109878,
      "comm": "xhpcg",
      "cgroup_id": 38832,
      "wait_duration_stats_ns": {
        "count": 123.0,
        "sum": 873718307.0000002,
        "mean": 7103400.869918701,
        "median": 5027407.281313232,
        "min": 19477,
        "max": 28789151,
        "variance_ns2": 44138309749831.58,
        "iqr_ns": 6847085.183917701,
        "q1_ns": 2501428.5359228435,
        "q3_ns": 9348513.719840545
      },
      "futex_op_counts": {
        "128": 123
      },
      "first_seen_ts_ns": 4426337965628,
      "last_seen_ts_ns": 4444317176810
    },
    {
      "tgid": 109862,
      "comm": "xhpcg",
      "cgroup_id": 38832,
      "wait_duration_stats_ns": {
        "count": 123.0,
        "sum": 870216880.0000001,
        "mean": 7074933.983739838,
        "median": 4942757.656129463,
        "min": 39758,
        "max": 28441093,
        "variance_ns2": 41191803091913.4,
        "iqr_ns": 8353946.616944004,
        "q1_ns": 1862697.1300881242,
        "q3_ns": 10216643.747032128
      },
      "futex_op_counts": {
        "128": 123
      },
      "first_seen_ts_ns": 4426337981035,
      "last_seen_ts_ns": 4444317202988
    },
    {
      "tgid": 109919,
      "comm": "runc:[2:INIT]",
      "cgroup_id": 5006,
      "wait_duration_stats_ns": {
        "count": 27.0,
        "sum": 869178928.9999999,
        "mean": 32191812.18518518,
        "median": 22335535.219068594,
        "min": 8579,
        "max": 120709503,
        "variance_ns2": 1659898842928062.8,
        "iqr_ns": 27585357.070552785,
        "q1_ns": 4629851.720092435,
        "q3_ns": 32215208.79064522
      },
      "futex_op_counts": {
        "128": 27
      },
      "first_seen_ts_ns": 4431399307551,
      "last_seen_ts_ns": 4431580033376
    },
    {
      "tgid": 109873,
      "comm": "xhpcg",
      "cgroup_id": 38832,
      "wait_duration_stats_ns": {
        "count": 150.0,
        "sum": 866940664.9999999,
        "mean": 5779604.433333333,
        "median": 4390440.355293735,
        "min": 43306,
        "max": 28643554,
        "variance_ns2": 38652724004217.61,
        "iqr_ns": 6386971.06735409,
        "q1_ns": 1236774.9149303685,
        "q3_ns": 7623745.982284458
      },
      "futex_op_counts": {
        "128": 150
      },
      "first_seen_ts_ns": 4426337973806,
      "last_seen_ts_ns": 4444317144489
    },
    {
      "tgid": 109859,
      "comm": "xhpcg",
      "cgroup_id": 38832,
      "wait_duration_stats_ns": {
        "count": 125.0,
        "sum": 866277549.9999998,
        "mean": 6930220.3999999985,
        "median": 4843349.551700292,
        "min": 42827,
        "max": 28766812,
        "variance_ns2": 37129250658153.85,
        "iqr_ns": 9147995.178565346,
        "q1_ns": 2325754.0020315414,
        "q3_ns": 11473749.180596888
      },
      "futex_op_counts": {
        "128": 125
      },
      "first_seen_ts_ns": 4426338026413,
      "last_seen_ts_ns": 4444317348097
    },
    {
      "tgid": 109860,
      "comm": "xhpcg",
      "cgroup_id": 38832,
      "wait_duration_stats_ns": {
        "count": 139.0,
        "sum": 861754107.9999999,
        "mean": 6199669.841726618,
        "median": 4720080.231670485,
        "min": 29109,
        "max": 28800505,
        "variance_ns2": 45417558587570.65,
        "iqr_ns": 7981825.1477538645,
        "q1_ns": 1223385.5790158457,
        "q3_ns": 9205210.72676971
      },
      "futex_op_counts": {
        "128": 139
      },
      "first_seen_ts_ns": 4426338026727,
      "last_seen_ts_ns": 4444317187840
    },
    {
      "tgid": 109876,
      "comm": "xhpcg",
      "cgroup_id": 38832,
      "wait_duration_stats_ns": {
        "count": 127.0,
        "sum": 859239242.0000002,
        "mean": 6765663.322834647,
        "median": 4384919.939756802,
        "min": 14153,
        "max": 28792517,
        "variance_ns2": 55772288019910.1,
        "iqr_ns": 11209080.137573875,
        "q1_ns": 450053.53609231015,
        "q3_ns": 11659133.673666185
      },
      "futex_op_counts": {
        "128": 127
      },
      "first_seen_ts_ns": 4426338146072,
      "last_seen_ts_ns": 4444317144510
    },
    {
      "tgid": 110137,
      "comm": "xhpcg",
      "cgroup_id": 38832,
      "wait_duration_stats_ns": {
        "count": 102.0,
        "sum": 854131104.0,
        "mean": 8373834.352941177,
        "median": 5685498.080945843,
        "min": 67097,
        "max": 28517235,
        "variance_ns2": 54222689322176.234,
        "iqr_ns": 11072843.595587187,
        "q1_ns": 2738761.242908786,
        "q3_ns": 13811604.838495973
      },
      "futex_op_counts": {
        "128": 102
      },
      "first_seen_ts_ns": 4463969512413,
      "last_seen_ts_ns": 4481599122609
    },
    {
      "tgid": 109863,
      "comm": "xhpcg",
      "cgroup_id": 38832,
      "wait_duration_stats_ns": {
        "count": 119.0,
        "sum": 851709308.0000004,
        "mean": 7157221.075630255,
        "median": 4909736.891293651,
        "min": 64015,
        "max": 28819802,
        "variance_ns2": 41564154843543.7,
        "iqr_ns": 8241129.642893046,
        "q1_ns": 2744047.346083498,
        "q3_ns": 10985176.988976544
      },
      "futex_op_counts": {
        "128": 119
      },
      "first_seen_ts_ns": 4426337973710,
      "last_seen_ts_ns": 4444317337482
    },
    {
      "tgid": 109879,
      "comm": "xhpcg",
      "cgroup_id": 38832,
      "wait_duration_stats_ns": {
        "count": 134.0,
        "sum": 849993530.0,
        "mean": 6343235.298507462,
        "median": 4405245.219146013,
        "min": 24611,
        "max": 28704185,
        "variance_ns2": 40607922915697.34,
        "iqr_ns": 7902969.883689102,
        "q1_ns": 1743821.1454262382,
        "q3_ns": 9646791.02911534
      },
      "futex_op_counts": {
        "128": 134
      },
      "first_seen_ts_ns": 4426338377921,
      "last_seen_ts_ns": 4444317144297
    },
    {
      "tgid": 110143,
      "comm": "xhpcg",
      "cgroup_id": 38832,
      "wait_duration_stats_ns": {
        "count": 98.0,
        "sum": 849044765.0000002,
        "mean": 8663722.091836737,
        "median": 6516420.202352162,
        "min": 49741,
        "max": 28674470,
        "variance_ns2": 63111767382798.25,
        "iqr_ns": 11921085.348619148,
        "q1_ns": 2378497.353248182,
        "q3_ns": 14299582.70186733
      },
      "futex_op_counts": {
        "128": 98
      },
      "first_seen_ts_ns": 4463969255800,
      "last_seen_ts_ns": 4481599173428
    },
    {
      "tgid": 109868,
      "comm": "xhpcg",
      "cgroup_id": 38832,
      "wait_duration_stats_ns": {
        "count": 125.0,
        "sum": 841749067.0000001,
        "mean": 6733992.536000001,
        "median": 4237212.249177185,
        "min": 1064,
        "max": 28403715,
        "variance_ns2": 55297261946010.695,
        "iqr_ns": 12263459.70922427,
        "q1_ns": 749097.2287457638,
        "q3_ns": 13012556.937970035
      },
      "futex_op_counts": {
        "128": 125
      },
      "first_seen_ts_ns": 4426338126548,
      "last_seen_ts_ns": 4444317178279
    },
    {
      "tgid": 109858,
      "comm": "xhpcg",
      "cgroup_id": 38832,
      "wait_duration_stats_ns": {
        "count": 112.0,
        "sum": 841711805.9999999,
        "mean": 7515283.982142856,
        "median": 5023938.897009601,
        "min": 48606,
        "max": 28452468,
        "variance_ns2": 44525738650169.99,
        "iqr_ns": 11282270.73337332,
        "q1_ns": 2191045.021249689,
        "q3_ns": 13473315.754623009
      },
      "futex_op_counts": {
        "128": 112
      },
      "first_seen_ts_ns": 4426338110801,
      "last_seen_ts_ns": 4444317199424
    },
    {
      "tgid": 109871,
      "comm": "xhpcg",
      "cgroup_id": 38832,
      "wait_duration_stats_ns": {
        "count": 125.0,
        "sum": 839952355.9999996,
        "mean": 6719618.847999997,
        "median": 4561348.472705796,
        "min": 786,
        "max": 28815110,
        "variance_ns2": 45123319736198.914,
        "iqr_ns": 8760576.120061915,
        "q1_ns": 1363667.471431637,
        "q3_ns": 10124243.591493553
      },
      "futex_op_counts": {
        "128": 125
      },
      "first_seen_ts_ns": 4426338054329,
      "last_seen_ts_ns": 4444317211313
    },
    {
      "tgid": 110141,
      "comm": "xhpcg",
      "cgroup_id": 38832,
      "wait_duration_stats_ns": {
        "count": 124.0,
        "sum": 839102044.0000004,
        "mean": 6766951.967741938,
        "median": 5115027.352861521,
        "min": 21061,
        "max": 29104580,
        "variance_ns2": 36700387367692.97,
        "iqr_ns": 6561314.061634181,
        "q1_ns": 2448176.855472244,
        "q3_ns": 9009490.917106425
      },
      "futex_op_counts": {
        "128": 124
      },
      "first_seen_ts_ns": 4463969338077,
      "last_seen_ts_ns": 4481599458119
    },
    {
      "tgid": 109884,
      "comm": "xhpcg",
      "cgroup_id": 38832,
      "wait_duration_stats_ns": {
        "count": 126.0,
        "sum": 838751736.0000007,
        "mean": 6656759.809523815,
        "median": 4255589.617305508,
        "min": 48385,
        "max": 28629441,
        "variance_ns2": 52797299172966.48,
        "iqr_ns": 9190470.13702014,
        "q1_ns": 995773.7933652471,
        "q3_ns": 10186243.930385388
      },
      "futex_op_counts": {
        "128": 126
      },
      "first_seen_ts_ns": 4426338064074,
      "last_seen_ts_ns": 4444317340650
    },
    {
      "tgid": 109969,
      "comm": "runc:[2:INIT]",
      "cgroup_id": 5006,
      "wait_duration_stats_ns": {
        "count": 24.0,
        "sum": 837978315.0,
        "mean": 34915763.125,
        "median": 19741423.259280663,
        "min": 753,
        "max": 110805191,
        "variance_ns2": 1671576186815303.2,
        "iqr_ns": 45664008.78671909,
        "q1_ns": 3538978.785926871,
        "q3_ns": 49202987.57264596
      },
      "futex_op_counts": {
        "128": 24
      },
      "first_seen_ts_ns": 4441409234719,
      "last_seen_ts_ns": 4441580035754
    },
    {
      "tgid": 109864,
      "comm": "xhpcg",
      "cgroup_id": 38832,
      "wait_duration_stats_ns": {
        "count": 139.0,
        "sum": 837967909.0000002,
        "mean": 6028546.107913671,
        "median": 4579373.777552827,
        "min": 52356,
        "max": 28809543,
        "variance_ns2": 40356497455465.47,
        "iqr_ns": 8065448.142941461,
        "q1_ns": 1111477.992102505,
        "q3_ns": 9176926.135043966
      },
      "futex_op_counts": {
        "128": 139
      },
      "first_seen_ts_ns": 4426338094110,
      "last_seen_ts_ns": 4444317252651
    },
    {
      "tgid": 109869,
      "comm": "xhpcg",
      "cgroup_id": 38832,
      "wait_duration_stats_ns": {
        "count": 108.0,
        "sum": 834349448.9999999,
        "mean": 7725457.86111111,
        "median": 5611593.863375349,
        "min": 88725,
        "max": 28632034,
        "variance_ns2": 48338576683848.945,
        "iqr_ns": 11843946.076983862,
        "q1_ns": 2116399.7574498486,
        "q3_ns": 13960345.83443371
      },
      "futex_op_counts": {
        "128": 108
      },
      "first_seen_ts_ns": 4426338146516,
      "last_seen_ts_ns": 4444317156413
    },
    {
      "tgid": 110147,
      "comm": "xhpcg",
      "cgroup_id": 38832,
      "wait_duration_stats_ns": {
        "count": 124.0,
        "sum": 828051480.0,
        "mean": 6677834.516129033,
        "median": 5040734.892921788,
        "min": 40221,
        "max": 30741935,
        "variance_ns2": 37161110048651.336,
        "iqr_ns": 7924768.437898493,
        "q1_ns": 1871011.2956171902,
        "q3_ns": 9795779.733515684
      },
      "futex_op_counts": {
        "128": 124
      },
      "first_seen_ts_ns": 4463969409535,
      "last_seen_ts_ns": 4481599632716
    },
    {
      "tgid": 110146,
      "comm": "xhpcg",
      "cgroup_id": 38832,
      "wait_duration_stats_ns": {
        "count": 117.0,
        "sum": 825123095.0,
        "mean": 7052334.145299145,
        "median": 5424646.28370494,
        "min": 44091,
        "max": 30769891,
        "variance_ns2": 37660188177666.78,
        "iqr_ns": 7388969.719534665,
        "q1_ns": 2604785.9489286165,
        "q3_ns": 9993755.668463282
      },
      "futex_op_counts": {
        "128": 117
      },
      "first_seen_ts_ns": 4463969431211,
      "last_seen_ts_ns": 4481599423909
    },
    {
      "tgid": 109881,
      "comm": "xhpcg",
      "cgroup_id": 38832,
      "wait_duration_stats_ns": {
        "count": 136.0,
        "sum": 823254312.9999999,
        "mean": 6053340.536764705,
        "median": 3809923.2468819628,
        "min": 13784,
        "max": 28732619,
        "variance_ns2": 42035281751943.055,
        "iqr_ns": 9038948.455239458,
        "q1_ns": 994975.0219643478,
        "q3_ns": 10033923.477203805
      },
      "futex_op_counts": {
        "128": 136
      },
      "first_seen_ts_ns": 4426338116963,
      "last_seen_ts_ns": 4444317170395
    },
    {
      "tgid": 110134,
      "comm": "xhpcg",
      "cgroup_id": 38832,
      "wait_duration_stats_ns": {
        "count": 108.0,
        "sum": 818442622.0000001,
        "mean": 7578172.425925927,
        "median": 5181175.472660705,
        "min": 25700,
        "max": 30657627,
        "variance_ns2": 48254548020534.4,
        "iqr_ns": 11104262.508006494,
        "q1_ns": 1591318.4304052966,
        "q3_ns": 12695580.93841179
      },
      "futex_op_counts": {
        "128": 108
      },
      "first_seen_ts_ns": 4463969585280,
      "last_seen_ts_ns": 4481599628271
    },
    {
      "tgid": 110151,
      "comm": "xhpcg",
      "cgroup_id": 38832,
      "wait_duration_stats_ns": {
        "count": 97.0,
        "sum": 815865101.9999998,
        "mean": 8410980.432989689,
        "median": 5683572.900788945,
        "min": 68914,
        "max": 28721986,
        "variance_ns2": 61648926869062.63,
        "iqr_ns": 13181930.14705073,
        "q1_ns": 1626597.7578141997,
        "q3_ns": 14808527.90486493
      },
      "futex_op_counts": {
        "128": 97
      },
      "first_seen_ts_ns": 4463969374002,
      "last_seen_ts_ns": 4481599307224
    },
    {
      "tgid": 110139,
      "comm": "xhpcg",
      "cgroup_id": 38832,
      "wait_duration_stats_ns": {
        "count": 106.0,
        "sum": 805251199.0000001,
        "mean": 7596709.424528304,
        "median": 5364651.494547739,
        "min": 62095,
        "max": 30731951,
        "variance_ns2": 43469444109707.87,
        "iqr_ns": 10639355.38677277,
        "q1_ns": 1893849.892572118,
        "q3_ns": 12533205.279344888
      },
      "futex_op_counts": {
        "128": 106
      },
      "first_seen_ts_ns": 4463969282519,
      "last_seen_ts_ns": 4481599322080
    },
    {
      "tgid": 110159,
      "comm": "xhpcg",
      "cgroup_id": 38832,
      "wait_duration_stats_ns": {
        "count": 95.0,
        "sum": 798665507.0000001,
        "mean": 8407005.336842107,
        "median": 6151476.435708972,
        "min": 32698,
        "max": 28667419,
        "variance_ns2": 61715968197064.65,
        "iqr_ns": 13302277.956764072,
        "q1_ns": 1489581.6948536194,
        "q3_ns": 14791859.65161769
      },
      "futex_op_counts": {
        "128": 95
      },
      "first_seen_ts_ns": 4463969488944,
      "last_seen_ts_ns": 4481599307507
    },
    {
      "tgid": 110138,
      "comm": "xhpcg",
      "cgroup_id": 38832,
      "wait_duration_stats_ns": {
        "count": 95.0,
        "sum": 793834171.0000001,
        "mean": 8356149.168421053,
        "median": 6737293.459200534,
        "min": 81113,
        "max": 30631018,
        "variance_ns2": 55495285726799.38,
        "iqr_ns": 12130381.91273859,
        "q1_ns": 2159369.2398095005,
        "q3_ns": 14289751.15254809
      },
      "futex_op_counts": {
        "128": 95
      },
      "first_seen_ts_ns": 4463969425021,
      "last_seen_ts_ns": 4481599482755
    },
    {
      "tgid": 110135,
      "comm": "xhpcg",
      "cgroup_id": 38832,
      "wait_duration_stats_ns": {
        "count": 103.0,
        "sum": 792555341.0,
        "mean": 7694712.04854369,
        "median": 6191120.769014589,
        "min": 1506,
        "max": 30699173,
        "variance_ns2": 43307317962138.91,
        "iqr_ns": 10403201.29095146,
        "q1_ns": 2741028.2620638898,
        "q3_ns": 13144229.55301535
      },
      "futex_op_counts": {
        "128": 103
      },
      "first_seen_ts_ns": 4463969472560,
      "last_seen_ts_ns": 4481599316877
    },
    {
      "tgid": 110154,
      "comm": "xhpcg",
      "cgroup_id": 38832,
      "wait_duration_stats_ns": {
        "count": 97.0,
        "sum": 782313821.0,
        "mean": 8065090.93814433,
        "median": 6076122.450268609,
        "min": 34084,
        "max": 30760752,
        "variance_ns2": 49132956088427.91,
        "iqr_ns": 12105640.411136419,
        "q1_ns": 1740248.672428024,
        "q3_ns": 13845889.083564442
      },
      "futex_op_counts": {
        "128": 97
      },
      "first_seen_ts_ns": 4463969847562,
      "last_seen_ts_ns": 4481599318831
    },
    {
      "tgid": 110157,
      "comm": "xhpcg",
      "cgroup_id": 38832,
      "wait_duration_stats_ns": {
        "count": 105.0,
        "sum": 782235032.0000002,
        "mean": 7449857.44761905,
        "median": 5630222.090345622,
        "min": 27064,
        "max": 31017768,
        "variance_ns2": 47801821592969.13,
        "iqr_ns": 12399255.528172176,
        "q1_ns": 1348078.8588614715,
        "q3_ns": 13747334.387033649
      },
      "futex_op_counts": {
        "128": 105
      },
      "first_seen_ts_ns": 4463969347529,
      "last_seen_ts_ns": 4481599290041
    },
    {
      "tgid": 110136,
      "comm": "xhpcg",
      "cgroup_id": 38832,
      "wait_duration_stats_ns": {
        "count": 97.0,
        "sum": 779817722.0,
        "mean": 8039357.958762886,
        "median": 6096452.101782474,
        "min": 26604,
        "max": 28692294,
        "variance_ns2": 48998906319314.19,
        "iqr_ns": 12948525.852025595,
        "q1_ns": 1571064.0041164164,
        "q3_ns": 14519589.85614201
      },
      "futex_op_counts": {
        "128": 97
      },
      "first_seen_ts_ns": 4463969454357,
      "last_seen_ts_ns": 4481599325766
    },
    {
      "tgid": 110149,
      "comm": "xhpcg",
      "cgroup_id": 38832,
      "wait_duration_stats_ns": {
        "count": 100.0,
        "sum": 778977926.9999999,
        "mean": 7789779.269999999,
        "median": 5704674.389769143,
        "min": 30409,
        "max": 30741594,
        "variance_ns2": 49843028854304.07,
        "iqr_ns": 11837479.258561304,
        "q1_ns": 2075588.295628948,
        "q3_ns": 13913067.554190252
      },
      "futex_op_counts": {
        "128": 100
      },
      "first_seen_ts_ns": 4463969493457,
      "last_seen_ts_ns": 4481599438827
    },
    {
      "tgid": 110155,
      "comm": "xhpcg",
      "cgroup_id": 38832,
      "wait_duration_stats_ns": {
        "count": 99.0,
        "sum": 778789394.0,
        "mean": 7866559.535353535,
        "median": 6272500.2235148335,
        "min": 39682,
        "max": 30766704,
        "variance_ns2": 49937991290057.59,
        "iqr_ns": 11599710.5245871,
        "q1_ns": 1624748.2974441282,
        "q3_ns": 13224458.822031228
      },
      "futex_op_counts": {
        "128": 99
      },
      "first_seen_ts_ns": 4463969456328,
      "last_seen_ts_ns": 4481599442515
    },
    {
      "tgid": 109943,
      "comm": "runc:[2:INIT]",
      "cgroup_id": 5006,
      "wait_duration_stats_ns": {
        "count": 24.0,
        "sum": 764779901.9999998,
        "mean": 31865829.249999993,
        "median": 12141308.09800454,
        "min": 95476,
        "max": 129951823,
        "variance_ns2": 1881894619194756.5,
        "iqr_ns": 38573020.79544813,
        "q1_ns": 7294327.683642783,
        "q3_ns": 45867348.479090914
      },
      "futex_op_counts": {
        "128": 24
      },
      "first_seen_ts_ns": 4435360031357,
      "last_seen_ts_ns": 4435502661165
    },
    {
      "tgid": 110058,
      "comm": "runc",
      "cgroup_id": 4085,
      "wait_duration_stats_ns": {
        "count": 414.0,
        "sum": 510401851.00000006,
        "mean": 1232854.7125603866,
        "median": 63097.50946327904,
        "min": 1912,
        "max": 86478413,
        "variance_ns2": 90276571930725.6,
        "iqr_ns": 217371.52495028113,
        "q1_ns": 20682.736089613885,
        "q3_ns": 238054.26103989503
      },
      "futex_op_counts": {
        "128": 414
      },
      "first_seen_ts_ns": 4451373147050,
      "last_seen_ts_ns": 4451462713252
    },
    {
      "tgid": 110068,
      "comm": "runc:[2:INIT]",
      "cgroup_id": 5006,
      "wait_duration_stats_ns": {
        "count": 24.0,
        "sum": 400651732.0,
        "mean": 16693822.166666666,
        "median": 2164639.328390707,
        "min": 3112,
        "max": 80546873,
        "variance_ns2": 1072678122875422.1,
        "iqr_ns": 28689833.102336533,
        "q1_ns": 145931.93455334063,
        "q3_ns": 28835765.036889873
      },
      "futex_op_counts": {
        "128": 24
      },
      "first_seen_ts_ns": 4451381772239,
      "last_seen_ts_ns": 4451462731610
    },
    {
      "tgid": 110092,
      "comm": "grpc-health-pro",
      "cgroup_id": 5006,
      "wait_duration_stats_ns": {
        "count": 15.0,
        "sum": 375450561.0,
        "mean": 25030037.4,
        "median": 22062807.822916668,
        "min": 9974284,
        "max": 59981433,
        "variance_ns2": 244231966391110.97,
        "iqr_ns": 14700516.22692508,
        "q1_ns": 14925403.38425926,
        "q3_ns": 29625919.61118434
      },
      "futex_op_counts": {
        "128": 15
      },
      "first_seen_ts_ns": 4455660035051,
      "last_seen_ts_ns": 4455730046115
    },
    {
      "tgid": 110487,
      "comm": "runc",
      "cgroup_id": 4085,
      "wait_duration_stats_ns": {
        "count": 418.0,
        "sum": 369087557.0,
        "mean": 882984.5861244019,
        "median": 35334.37188559915,
        "min": 1809,
        "max": 63813395,
        "variance_ns2": 47456652722813.695,
        "iqr_ns": 137920.91941161672,
        "q1_ns": 16555.622367371332,
        "q3_ns": 154476.54177898806
      },
      "futex_op_counts": {
        "128": 418
      },
      "first_seen_ts_ns": 4485285794911,
      "last_seen_ts_ns": 4485351642230
    },
    {
      "tgid": 109919,
      "comm": "grpc-health-pro",
      "cgroup_id": 5006,
      "wait_duration_stats_ns": {
        "count": 14.0,
        "sum": 362027335.0,
        "mean": 25859095.35714286,
        "median": 20671450.750000004,
        "min": 15382,
        "max": 49995767,
        "variance_ns2": 293347175853930.1,
        "iqr_ns": 21405015.912079904,
        "q1_ns": 13161068.666666668,
        "q3_ns": 34566084.57874657
      },
      "futex_op_counts": {
        "128": 14
      },
      "first_seen_ts_ns": 4431620041940,
      "last_seen_ts_ns": 4431680146854
    },
    {
      "tgid": 110117,
      "comm": "grpc-health-pro",
      "cgroup_id": 5006,
      "wait_duration_stats_ns": {
        "count": 13.0,
        "sum": 314577331.0,
        "mean": 24198256.230769232,
        "median": 21708679.302083332,
        "min": 9977979,
        "max": 39947046,
        "variance_ns2": 79910868125552.84,
        "iqr_ns": 8751903.92335391,
        "q1_ns": 19218949.0,
        "q3_ns": 27970852.92335391
      },
      "futex_op_counts": {
        "128": 13
      },
      "first_seen_ts_ns": 4461630036235,
      "last_seen_ts_ns": 4461700045419
    },
    {
      "tgid": 110497,
      "comm": "runc:[2:INIT]",
      "cgroup_id": 5006,
      "wait_duration_stats_ns": {
        "count": 23.0,
        "sum": 293913930.00000006,
        "mean": 12778866.521739133,
        "median": 274226.13179309294,
        "min": 753,
        "max": 59109229,
        "variance_ns2": 598221321282472.4,
        "iqr_ns": 20810310.878655564,
        "q1_ns": 98524.97827964382,
        "q3_ns": 20908835.856935207
      },
      "futex_op_counts": {
        "128": 23
      },
      "first_seen_ts_ns": 4485292331922,
      "last_seen_ts_ns": 4485351662914
    },
    {
      "tgid": 110216,
      "comm": "grpc-health-pro",
      "cgroup_id": 5006,
      "wait_duration_stats_ns": {
        "count": 13.0,
        "sum": 283600972.0,
        "mean": 21815459.384615384,
        "median": 24282810.925,
        "min": 945719,
        "max": 45708200,
        "variance_ns2": 188601873673016.6,
        "iqr_ns": 18429616.871296294,
        "q1_ns": 13207825.0,
        "q3_ns": 31637441.871296294
      },
      "futex_op_counts": {
        "128": 13
      },
      "first_seen_ts_ns": 4471680042959,
      "last_seen_ts_ns": 4471740040487
    },
    {
      "tgid": 109943,
      "comm": "grpc-health-pro",
      "cgroup_id": 5006,
      "wait_duration_stats_ns": {
        "count": 11.0,
        "sum": 224161885.00000003,
        "mean": 20378353.181818184,
        "median": 17349625.091435187,
        "min": 5214683,
        "max": 39850436,
        "variance_ns2": 130764022844850.34,
        "iqr_ns": 11196592.637860082,
        "q1_ns": 9863254.0,
        "q3_ns": 21059846.637860082
      },
      "futex_op_counts": {
        "128": 11
      },
      "first_seen_ts_ns": 4435510440167,
      "last_seen_ts_ns": 4435560036903
    },
    {
      "tgid": 110243,
      "comm": "grpc-health-pro",
      "cgroup_id": 5006,
      "wait_duration_stats_ns": {
        "count": 11.0,
        "sum": 155858125.0,
        "mean": 14168920.454545453,
        "median": 8947914.964699073,
        "min": 10844,
        "max": 34939322,
        "variance_ns2": 209312668915239.7,
        "iqr_ns": 16515772.376200274,
        "q1_ns": 104364.0,
        "q3_ns": 16620136.376200274
      },
      "futex_op_counts": {
        "128": 11
      },
      "first_seen_ts_ns": 4475963753473,
      "last_seen_ts_ns": 4476000078747
    },
    {
      "tgid": 110044,
      "comm": "grpc-health-pro",
      "cgroup_id": 5006,
      "wait_duration_stats_ns": {
        "count": 11.0,
        "sum": 129371897.00000001,
        "mean": 11761081.545454547,
        "median": 8938485.263310185,
        "min": 10841,
        "max": 29998648,
        "variance_ns2": 145065461173074.06,
        "iqr_ns": 13561893.533179013,
        "q1_ns": 105567.0,
        "q3_ns": 13667460.533179013
      },
      "futex_op_counts": {
        "128": 11
      },
      "first_seen_ts_ns": 4445733509072,
      "last_seen_ts_ns": 4445770046476
    },
    {
      "tgid": 109969,
      "comm": "grpc-health-pro",
      "cgroup_id": 5006,
      "wait_duration_stats_ns": {
        "count": 8.0,
        "sum": 111123758.0,
        "mean": 13890469.75,
        "median": 13613094.0,
        "min": 8050173,
        "max": 19982159,
        "variance_ns2": 27147216561847.645,
        "iqr_ns": 6269402.499999998,
        "q1_ns": 10071843.666666668,
        "q3_ns": 16341246.166666666
      },
      "futex_op_counts": {
        "128": 8
      },
      "first_seen_ts_ns": 4441594563968,
      "last_seen_ts_ns": 4441620053550
    },
    {
      "tgid": 110193,
      "comm": "grpc-health-pro",
      "cgroup_id": 5006,
      "wait_duration_stats_ns": {
        "count": 9.0,
        "sum": 83049080.0,
        "mean": 9227675.555555556,
        "median": 5519722.055555555,
        "min": 2632846,
        "max": 19987032,
        "variance_ns2": 48042680373465.78,
        "iqr_ns": 3732475.1566358013,
        "q1_ns": 4362666.888888889,
        "q3_ns": 8095142.04552469
      },
      "futex_op_counts": {
        "128": 9
      },
      "first_seen_ts_ns": 4465745558668,
      "last_seen_ts_ns": 4465770043790
    },
    {
      "tgid": 110068,
      "comm": "grpc-health-pro",
      "cgroup_id": 5006,
      "wait_duration_stats_ns": {
        "count": 22.0,
        "sum": 29197384.0,
        "mean": 1327153.8181818181,
        "median": 66525.69708994705,
        "min": 7084,
        "max": 5343437,
        "variance_ns2": 4501560149107.203,
        "iqr_ns": 788193.6996789827,
        "q1_ns": 20413.96738271605,
        "q3_ns": 808607.6670616987
      },
      "futex_op_counts": {
        "128": 22
      },
      "first_seen_ts_ns": 4451465154838,
      "last_seen_ts_ns": 4451471601631
    },
    {
      "tgid": 110266,
      "comm": "grpc-health-pro",
      "cgroup_id": 5006,
      "wait_duration_stats_ns": {
        "count": 29.0,
        "sum": 10494481.000000004,
        "mean": 361878.6551724139,
        "median": 108060.2026534907,
        "min": 11122,
        "max": 1601416,
        "variance_ns2": 255689247782.44824,
        "iqr_ns": 307407.1765514824,
        "q1_ns": 32958.97982878531,
        "q3_ns": 340366.1563802677
      },
      "futex_op_counts": {
        "128": 29
      },
      "first_seen_ts_ns": 4481594522277,
      "last_seen_ts_ns": 4481597313531
    },
    {
      "tgid": 109772,
      "comm": "runc",
      "cgroup_id": 4085,
      "wait_duration_stats_ns": {
        "count": 8.0,
        "sum": 7928980.000000001,
        "mean": 991122.5000000001,
        "median": 267266.0,
        "min": 36198,
        "max": 1997397,
        "variance_ns2": 825374671374.2858,
        "iqr_ns": 1158778.7395833333,
        "q1_ns": 171285.6666666667,
        "q3_ns": 1330064.40625
      },
      "futex_op_counts": {
        "128": 8
      },
      "first_seen_ts_ns": 4421369603775,
      "last_seen_ts_ns": 4421371726649
    },
    {
      "tgid": 110497,
      "comm": "grpc-health-pro",
      "cgroup_id": 5006,
      "wait_duration_stats_ns": {
        "count": 32.0,
        "sum": 7478220.999999998,
        "mean": 233694.40624999994,
        "median": 45726.09236120973,
        "min": 3582,
        "max": 1200660,
        "variance_ns2": 137588047022.12,
        "iqr_ns": 195971.08551695835,
        "q1_ns": 20244.84805329974,
        "q3_ns": 216215.9335702581
      },
      "futex_op_counts": {
        "128": 32
      },
      "first_seen_ts_ns": 4485353150456,
      "last_seen_ts_ns": 4485355192680
    },
    {
      "tgid": 109669,
      "comm": "flux-broker-0",
      "cgroup_id": 38832,
      "wait_duration_stats_ns": {
        "count": 269.0,
        "sum": 403817.0,
        "mean": 1501.17843866171,
        "median": 489.6463530098296,
        "min": 278,
        "max": 10638,
        "variance_ns2": 6416502.438190086,
        "iqr_ns": 657.0950876854217,
        "q1_ns": 364.08127494788476,
        "q3_ns": 1021.1763626333066
      },
      "futex_op_counts": {
        "128": 269
      },
      "first_seen_ts_ns": 4425933582280,
      "last_seen_ts_ns": 4487172263538
    }
  ]
}
[14:50:35] Cleanup complete.
