unlimited
PROGRAM: cpu
Looking for /opt/programs/cpu/ebpf-collect.c
[19:59:08] Waiting for start indicator file: '/mnt/flux/start_ebpf_collection'.
[19:59:10] Start indicator found. Proceeding with monitoring.
[19:59:10] Initializing eBPF for CPU Scheduling monitoring...
[19:59:10] BPF C code compiled and loaded.
[19:59:10] Attached tracepoints.
[19:59:10] Monitoring CPU scheduling events (polling aggregated map)... Press Ctrl+C to stop.
[20:00:07] Stop indicator file '/mnt/flux/stop_ebpf_collection' found. Stopping.
[20:00:07] Initiating cleanup sequence...
{
  "final_aggregated_summary_river": [
    {
      "tgid": 250,
      "comm": "python3",
      "cgroup_id": 10095,
      "on_cpu_stats_ns": {
        "count": 515.0,
        "sum_ns": 126192082.01063603,
        "mean_ns": 245033.1689526913,
        "median_ns": 88235.78332188177,
        "min_ns": 3475.5,
        "max_ns": 62136872.0,
        "variance_ns2": 7522458597150.942,
        "iqr_ns": 170722.83026039397,
        "q1_ns": 44545.07998270538,
        "q3_ns": 215267.91024309935
      },
      "runq_latency_stats_ns": {
        "count": 516.0,
        "sum_ns": 14032723.532138372,
        "mean_ns": 27195.200643679014,
        "median_ns": 18793.92370506866,
        "min_ns": 389.07142857142856,
        "max_ns": 631708.0,
        "variance_ns2": 1823990206.5597897,
        "iqr_ns": 33071.71538120498,
        "q1_ns": 4751.269014900644,
        "q3_ns": 37822.984396105625
      },
      "first_seen_ts_ns": 1749671950599576814,
      "last_seen_ts_ns": 1749672007456980300,
      "duration_active_s": 56.857403486
    },
    {
      "tgid": 202,
      "comm": "python3",
      "cgroup_id": 10025,
      "on_cpu_stats_ns": {
        "count": 251.0,
        "sum_ns": 7443008.0266666645,
        "mean_ns": 29653.41843293492,
        "median_ns": 15904.444252547353,
        "min_ns": 3426.9166666666665,
        "max_ns": 1113390.0,
        "variance_ns2": 6520825377.167401,
        "iqr_ns": 10426.671953404619,
        "q1_ns": 10144.200137900794,
        "q3_ns": 20570.872091305413
      },
      "runq_latency_stats_ns": {
        "count": 251.0,
        "sum_ns": 3959145.145000003,
        "mean_ns": 15773.486633466147,
        "median_ns": 10553.94502421187,
        "min_ns": 698.0,
        "max_ns": 1418419.0,
        "variance_ns2": 7997235526.385493,
        "iqr_ns": 11243.745773216495,
        "q1_ns": 3306.931530162688,
        "q3_ns": 14550.677303379183
      },
      "first_seen_ts_ns": 1749671950599576814,
      "last_seen_ts_ns": 1749672007456980300,
      "duration_active_s": 56.857403486
    },
    {
      "tgid": 143,
      "comm": "flux-broker-0",
      "cgroup_id": 10165,
      "on_cpu_stats_ns": {
        "count": 153.0,
        "sum_ns": 4082499.2399999993,
        "mean_ns": 26683.001568627446,
        "median_ns": 15290.230898910353,
        "min_ns": 3587.0,
        "max_ns": 314109.0,
        "variance_ns2": 1810396895.7570038,
        "iqr_ns": 7594.7846742089005,
        "q1_ns": 10511.572431015122,
        "q3_ns": 18106.357105224022
      },
      "runq_latency_stats_ns": {
        "count": 153.0,
        "sum_ns": 2273256.0983333327,
        "mean_ns": 14857.882995642698,
        "median_ns": 9667.159158005128,
        "min_ns": 858.0,
        "max_ns": 692106.0,
        "variance_ns2": 3274552630.458328,
        "iqr_ns": 10947.61141039784,
        "q1_ns": 3947.7621370039683,
        "q3_ns": 14895.373547401809
      },
      "first_seen_ts_ns": 1749671950763489536,
      "last_seen_ts_ns": 1749672006441112661,
      "duration_active_s": 55.677623125
    },
    {
      "tgid": 1,
      "comm": "pause",
      "cgroup_id": 9815,
      "on_cpu_stats_ns": {
        "count": 2.0,
        "sum_ns": 1420301.7333333334,
        "mean_ns": 710150.8666666667,
        "median_ns": 1073519.4,
        "min_ns": 346782.3333333333,
        "max_ns": 1073519.4,
        "variance_ns2": 264073382033.63547,
        "iqr_ns": 726737.0666666667,
        "q1_ns": 346782.3333333333,
        "q3_ns": 1073519.4
      },
      "runq_latency_stats_ns": {
        "count": 2.0,
        "sum_ns": 7351.666666666666,
        "mean_ns": 3675.833333333333,
        "median_ns": 4023.0,
        "min_ns": 3328.6666666666665,
        "max_ns": 4023.0,
        "variance_ns2": 241049.38888888914,
        "iqr_ns": 694.3333333333335,
        "q1_ns": 3328.6666666666665,
        "q3_ns": 4023.0
      },
      "first_seen_ts_ns": 1749671993581583734,
      "last_seen_ts_ns": 1749671993726714021,
      "duration_active_s": 0.145130287
    },
    {
      "tgid": 31,
      "comm": "bash",
      "cgroup_id": 10025,
      "on_cpu_stats_ns": {
        "count": 13.0,
        "sum_ns": 795325.0,
        "mean_ns": 61178.846153846156,
        "median_ns": 39389.825,
        "min_ns": 7813.0,
        "max_ns": 166899.0,
        "variance_ns2": 3120523683.932692,
        "iqr_ns": 50809.73697916667,
        "q1_ns": 20584.384548611113,
        "q3_ns": 71394.12152777778
      },
      "runq_latency_stats_ns": {
        "count": 13.0,
        "sum_ns": 86851.0,
        "mean_ns": 6680.846153846154,
        "median_ns": 4715.1866666666665,
        "min_ns": 1064.0,
        "max_ns": 26878.0,
        "variance_ns2": 54064589.64102564,
        "iqr_ns": 8883.113774232941,
        "q1_ns": 2628.2567361111114,
        "q3_ns": 11511.370510344053
      },
      "first_seen_ts_ns": 1749671950763489536,
      "last_seen_ts_ns": 1749672002087193749,
      "duration_active_s": 51.323704213
    },
    {
      "tgid": 76,
      "comm": "bash",
      "cgroup_id": 10165,
      "on_cpu_stats_ns": {
        "count": 14.0,
        "sum_ns": 771349.9999999998,
        "mean_ns": 55096.42857142856,
        "median_ns": 41251.0625,
        "min_ns": 8416.0,
        "max_ns": 195843.0,
        "variance_ns2": 3270140080.263736,
        "iqr_ns": 68148.26776344796,
        "q1_ns": 15241.776748971195,
        "q3_ns": 83390.04451241916
      },
      "runq_latency_stats_ns": {
        "count": 15.0,
        "sum_ns": 913805.4999999999,
        "mean_ns": 60920.36666666666,
        "median_ns": 3981.8461309523814,
        "min_ns": 1763.0,
        "max_ns": 814532.0,
        "variance_ns2": 43543413465.58809,
        "iqr_ns": 82089.86137152778,
        "q1_ns": 3252.288628472222,
        "q3_ns": 85342.15
      },
      "first_seen_ts_ns": 1749671951035468627,
      "last_seen_ts_ns": 1749672000672856125,
      "duration_active_s": 49.637387498
    },
    {
      "tgid": 314,
      "comm": "xhpcg",
      "cgroup_id": 10165,
      "on_cpu_stats_ns": {
        "count": 48.0,
        "sum_ns": 434522.494047619,
        "mean_ns": 9052.551959325396,
        "median_ns": 8998.606702561097,
        "min_ns": 3978.285714285714,
        "max_ns": 15307.166666666666,
        "variance_ns2": 6744619.761091719,
        "iqr_ns": 3047.3089895564435,
        "q1_ns": 7562.788698962016,
        "q3_ns": 10610.09768851846
      },
      "runq_latency_stats_ns": {
        "count": 48.0,
        "sum_ns": 213254.18452380958,
        "mean_ns": 4442.7955109127,
        "median_ns": 4705.650305430549,
        "min_ns": 1655.625,
        "max_ns": 7803.5,
        "variance_ns2": 1584817.3624552058,
        "iqr_ns": 1444.125678732301,
        "q1_ns": 3779.6358968836494,
        "q3_ns": 5223.76157561595
      },
      "first_seen_ts_ns": 1749671951686707005,
      "last_seen_ts_ns": 1749671964396708949,
      "duration_active_s": 12.710001944
    },
    {
      "tgid": 305,
      "comm": "xhpcg",
      "cgroup_id": 10165,
      "on_cpu_stats_ns": {
        "count": 23.0,
        "sum_ns": 359816.00000000006,
        "mean_ns": 15644.17391304348,
        "median_ns": 15221.13940157198,
        "min_ns": 5344.0,
        "max_ns": 24229.0,
        "variance_ns2": 17541465.15019763,
        "iqr_ns": 4599.841437615782,
        "q1_ns": 12559.955861399827,
        "q3_ns": 17159.79729901561
      },
      "runq_latency_stats_ns": {
        "count": 23.0,
        "sum_ns": 151474.00000000003,
        "mean_ns": 6585.826086956523,
        "median_ns": 5494.1993696452155,
        "min_ns": 2354.0,
        "max_ns": 21040.0,
        "variance_ns2": 16520775.150197627,
        "iqr_ns": 3028.423448256075,
        "q1_ns": 4403.536444805195,
        "q3_ns": 7431.95989306127
      },
      "first_seen_ts_ns": 1749671951035468627,
      "last_seen_ts_ns": 1749671963763412381,
      "duration_active_s": 12.727943754
    }
  ]
}
[20:00:07] Cleanup complete. Exiting.
