ln: failed to create symbolic link '/mnt/flux/view/lib/python': File exists
ln: failed to create symbolic link '/mnt/flux/view/lib/python3': File exists
unlimited
PROGRAM: futex
Looking for /opt/programs/futex/ebpf-collect.c
[16:21:08] Starting eBPF (Tracepoints for futex syscalls).
[16:21:08] BPF program loaded and tracepoints automatically attached.
[16:21:08] Start Indicator file defined '/mnt/flux/start_ebpf_collection'. Waiting.
[16:21:09] Start indicator found. Proceeding.
[16:21:09] Ring buffers opened. Polling for events...
[16:21:16] 
Indicator file '/mnt/flux/stop_ebpf_collection' found. Stopping.
[16:21:16] Cleaning up BPF resources...
{
  "final_aggregated_futex_summary_river": [
    {
      "tgid": 6208,
      "comm": "containerd",
      "cgroup_id": 4085,
      "wait_duration_stats_ns": {
        "count": 1664.0,
        "sum": 136349041656.00006,
        "mean": 81940529.84134619,
        "median": 543788.8890830507,
        "min": 890,
        "max": 3103635507,
        "variance_ns2": 1.1985433866174251e+17,
        "iqr_ns": 84949136.651884,
        "q1_ns": 80616.83425348258,
        "q3_ns": 85029753.4861375
      },
      "futex_op_counts": {
        "128": 1664
      },
      "first_seen_ts_ns": 2349908665775,
      "last_seen_ts_ns": 2357275886905
    },
    {
      "tgid": 6252,
      "comm": "kubelet",
      "cgroup_id": 4138,
      "wait_duration_stats_ns": {
        "count": 1444.0,
        "sum": 41404786924.99993,
        "mean": 28673675.15581713,
        "median": 5046761.407556834,
        "min": 800,
        "max": 1888622796,
        "variance_ns2": 9267650520400400.0,
        "iqr_ns": 34719549.821146436,
        "q1_ns": 169110.98966803128,
        "q3_ns": 34888660.81081447
      },
      "futex_op_counts": {
        "128": 1444
      },
      "first_seen_ts_ns": 2349864851658,
      "last_seen_ts_ns": 2357287990340
    },
    {
      "tgid": 9312,
      "comm": "coredns",
      "cgroup_id": 5781,
      "wait_duration_stats_ns": {
        "count": 79.0,
        "sum": 33112762641.0,
        "mean": 419148894.1898734,
        "median": 123195906.29907654,
        "min": 2240,
        "max": 3999869484,
        "variance_ns2": 3.860770954376323e+17,
        "iqr_ns": 815296444.059157,
        "q1_ns": 2515563.878098385,
        "q3_ns": 817812007.9372554
      },
      "futex_op_counts": {
        "128": 79
      },
      "first_seen_ts_ns": 2350267279685,
      "last_seen_ts_ns": 2357280424896
    },
    {
      "tgid": 8039,
      "comm": "metrics-server",
      "cgroup_id": 5431,
      "wait_duration_stats_ns": {
        "count": 172.0,
        "sum": 27653191026.99998,
        "mean": 160774366.4360464,
        "median": 98845182.54212458,
        "min": 1270,
        "max": 4008850822,
        "variance_ns2": 1.723957357561736e+17,
        "iqr_ns": 131254184.39323227,
        "q1_ns": 19107153.30254088,
        "q3_ns": 150361337.69577315
      },
      "futex_op_counts": {
        "128": 172
      },
      "first_seen_ts_ns": 2349949479269,
      "last_seen_ts_ns": 2357171669874
    },
    {
      "tgid": 9423,
      "comm": "coredns",
      "cgroup_id": 5921,
      "wait_duration_stats_ns": {
        "count": 76.0,
        "sum": 25109203984.99999,
        "mean": 330384262.96052617,
        "median": 109676029.57417244,
        "min": 2120,
        "max": 1000854521,
        "variance_ns2": 1.7046647870330358e+17,
        "iqr_ns": 688753466.2984734,
        "q1_ns": 432183.8287912532,
        "q3_ns": 689185650.1272646
      },
      "futex_op_counts": {
        "128": 76
      },
      "first_seen_ts_ns": 2350021180979,
      "last_seen_ts_ns": 2356396273143
    },
    {
      "tgid": 8090,
      "comm": "metrics-server",
      "cgroup_id": 5501,
      "wait_duration_stats_ns": {
        "count": 169.0,
        "sum": 24442218299.0,
        "mean": 144628510.64497042,
        "median": 87430544.63690522,
        "min": 20050,
        "max": 2577454144,
        "variance_ns2": 5.469094175794475e+16,
        "iqr_ns": 150089245.5300134,
        "q1_ns": 20309817.514021017,
        "q3_ns": 170399063.04403442
      },
      "futex_op_counts": {
        "128": 169
      },
      "first_seen_ts_ns": 2349847041736,
      "last_seen_ts_ns": 2357284067219
    },
    {
      "tgid": 61820,
      "comm": "containerd-shim",
      "cgroup_id": 4085,
      "wait_duration_stats_ns": {
        "count": 48.0,
        "sum": 20782399372.0,
        "mean": 432966653.5833334,
        "median": 27431736.07451772,
        "min": 103273,
        "max": 2605118780,
        "variance_ns2": 6.143000914256507e+17,
        "iqr_ns": 409339843.00616705,
        "q1_ns": 1510526.646057557,
        "q3_ns": 410850369.6522246
      },
      "futex_op_counts": {
        "128": 48
      },
      "first_seen_ts_ns": 2350210461451,
      "last_seen_ts_ns": 2356489329929
    },
    {
      "tgid": 6353,
      "comm": "containerd-shim",
      "cgroup_id": 4085,
      "wait_duration_stats_ns": {
        "count": 184.0,
        "sum": 20319459226.99998,
        "mean": 110431843.6249999,
        "median": 310734.4437995087,
        "min": 1210,
        "max": 2616452982,
        "variance_ns2": 1.3969115395514189e+17,
        "iqr_ns": 14246676.905266982,
        "q1_ns": 93764.14850006829,
        "q3_ns": 14340441.05376705
      },
      "futex_op_counts": {
        "128": 184
      },
      "first_seen_ts_ns": 2351336309600,
      "last_seen_ts_ns": 2356589658899
    },
    {
      "tgid": 10805,
      "comm": "manager",
      "cgroup_id": 6249,
      "wait_duration_stats_ns": {
        "count": 66.0,
        "sum": 20036567259.999996,
        "mean": 303584352.4242424,
        "median": 223801786.44233054,
        "min": 68682,
        "max": 2001079422,
        "variance_ns2": 1.827079935530304e+17,
        "iqr_ns": 443005153.98793495,
        "q1_ns": 7322838.242198207,
        "q3_ns": 450327992.2301332
      },
      "futex_op_counts": {
        "128": 66
      },
      "first_seen_ts_ns": 2350440203165,
      "last_seen_ts_ns": 2356941173947
    },
    {
      "tgid": 6233,
      "comm": "ssm-agent-worke",
      "cgroup_id": 3429,
      "wait_duration_stats_ns": {
        "count": 98.0,
        "sum": 15704178905.0,
        "mean": 160246723.52040815,
        "median": 20042841.580756254,
        "min": 18561,
        "max": 2304891713,
        "variance_ns2": 2.161717738763642e+17,
        "iqr_ns": 157390294.82781222,
        "q1_ns": 2200605.023970465,
        "q3_ns": 159590899.85178268
      },
      "futex_op_counts": {
        "128": 98
      },
      "first_seen_ts_ns": 2350462003792,
      "last_seen_ts_ns": 2356902787547
    },
    {
      "tgid": 6961,
      "comm": "controller",
      "cgroup_id": 5081,
      "wait_duration_stats_ns": {
        "count": 32.0,
        "sum": 15068105541.999998,
        "mean": 470878298.18749994,
        "median": 499432426.8644176,
        "min": 66888753,
        "max": 1138688455,
        "variance_ns2": 2.82907775338055e+16,
        "iqr_ns": 6742469.977635264,
        "q1_ns": 493200701.130232,
        "q3_ns": 499943171.10786724
      },
      "futex_op_counts": {
        "128": 32
      },
      "first_seen_ts_ns": 2350584131468,
      "last_seen_ts_ns": 2357084786310
    },
    {
      "tgid": 10681,
      "comm": "kube-rbac-proxy",
      "cgroup_id": 6179,
      "wait_duration_stats_ns": {
        "count": 3.0,
        "sum": 14999932756.0,
        "mean": 4999977585.333333,
        "median": 4999997253.0,
        "min": 4999827177,
        "max": 5000108326,
        "variance_ns2": 20051302884.364502,
        "iqr_ns": 281149.0,
        "q1_ns": 4999827177.0,
        "q3_ns": 5000108326.0
      },
      "futex_op_counts": {
        "128": 3
      },
      "first_seen_ts_ns": 2356055587080,
      "last_seen_ts_ns": 2356055753155
    },
    {
      "tgid": 6360,
      "comm": "containerd-shim",
      "cgroup_id": 4085,
      "wait_duration_stats_ns": {
        "count": 19.0,
        "sum": 14420178569.0,
        "mean": 758956766.7894737,
        "median": 543513847.1213815,
        "min": 3351,
        "max": 2636877976,
        "variance_ns2": 1.1300233487248273e+18,
        "iqr_ns": 2294511940.5142236,
        "q1_ns": 18235295.478532966,
        "q3_ns": 2312747235.9927564
      },
      "futex_op_counts": {
        "128": 19
      },
      "first_seen_ts_ns": 2353960130852,
      "last_seen_ts_ns": 2356132485664
    },
    {
      "tgid": 6820,
      "comm": "aws-k8s-agent",
      "cgroup_id": 5011,
      "wait_duration_stats_ns": {
        "count": 61.0,
        "sum": 14107143178.0,
        "mean": 231264642.2622951,
        "median": 39907565.64839883,
        "min": 26651,
        "max": 1676070626,
        "variance_ns2": 2.131082636333903e+17,
        "iqr_ns": 183631446.73578963,
        "q1_ns": 480749.63412251184,
        "q3_ns": 184112196.36991215
      },
      "futex_op_counts": {
        "128": 61
      },
      "first_seen_ts_ns": 2353811710809,
      "last_seen_ts_ns": 2357136295757
    },
    {
      "tgid": 10620,
      "comm": "containerd-shim",
      "cgroup_id": 4085,
      "wait_duration_stats_ns": {
        "count": 15.0,
        "sum": 8909589557.0,
        "mean": 593972637.1333333,
        "median": 8211219.285714291,
        "min": 45922,
        "max": 2622536681,
        "variance_ns2": 1.1206181957293897e+18,
        "iqr_ns": 246451075.70803347,
        "q1_ns": 831257.056712963,
        "q3_ns": 247282332.76474643
      },
      "futex_op_counts": {
        "128": 15
      },
      "first_seen_ts_ns": 2351325945569,
      "last_seen_ts_ns": 2354299573685
    },
    {
      "tgid": 61848,
      "comm": "containerd-shim",
      "cgroup_id": 4085,
      "wait_duration_stats_ns": {
        "count": 8.0,
        "sum": 8863540219.0,
        "mean": 1107942527.375,
        "median": 2175258643.1666665,
        "min": 205047,
        "max": 2610816187,
        "variance_ns2": 1.5682127065171172e+18,
        "iqr_ns": 2167766540.9609375,
        "q1_ns": 442449308.0390625,
        "q3_ns": 2610215849.0
      },
      "futex_op_counts": {
        "128": 8
      },
      "first_seen_ts_ns": 2351345045472,
      "last_seen_ts_ns": 2354300914047
    },
    {
      "tgid": 9360,
      "comm": "containerd-shim",
      "cgroup_id": 4085,
      "wait_duration_stats_ns": {
        "count": 6.0,
        "sum": 8819004046.0,
        "mean": 1469834007.6666667,
        "median": 2601555510.0,
        "min": 335689247,
        "max": 2607609548,
        "variance_ns2": 1.5428405478800003e+18,
        "iqr_ns": 755386444.3333333,
        "q1_ns": 1846169065.6666667,
        "q3_ns": 2601555510.0
      },
      "futex_op_counts": {
        "128": 6
      },
      "first_seen_ts_ns": 2353958109639,
      "last_seen_ts_ns": 2354294959292
    },
    {
      "tgid": 8562,
      "comm": "containerd-shim",
      "cgroup_id": 4085,
      "wait_duration_stats_ns": {
        "count": 6.0,
        "sum": 8804110455.0,
        "mean": 1467351742.5,
        "median": 2598599378.0,
        "min": 335584373,
        "max": 2599261879,
        "variance_ns2": 1.5363834000072166e+18,
        "iqr_ns": 754361612.3333333,
        "q1_ns": 1844237765.6666667,
        "q3_ns": 2598599378.0
      },
      "futex_op_counts": {
        "128": 6
      },
      "first_seen_ts_ns": 2353957441498,
      "last_seen_ts_ns": 2354294298862
    },
    {
      "tgid": 6524,
      "comm": "kube-proxy",
      "cgroup_id": 4871,
      "wait_duration_stats_ns": {
        "count": 5.0,
        "sum": 8261622430.0,
        "mean": 1652324486.0,
        "median": 2586626278.0,
        "min": 247661248,
        "max": 2586838755,
        "variance_ns2": 1.637122952771798e+18,
        "iqr_ns": 2333005495.0,
        "q1_ns": 253745327.0,
        "q3_ns": 2586750822.0
      },
      "futex_op_counts": {
        "128": 5
      },
      "first_seen_ts_ns": 2353811462801,
      "last_seen_ts_ns": 2356398651017
    },
    {
      "tgid": 7477,
      "comm": "containerd-shim",
      "cgroup_id": 4085,
      "wait_duration_stats_ns": {
        "count": 5.0,
        "sum": 6286589680.0,
        "mean": 1257317936.0,
        "median": 343998964.0,
        "min": 343451178,
        "max": 2629594550,
        "variance_ns2": 1.5652210425468058e+18,
        "iqr_ns": 2282527510.0,
        "q1_ns": 343508739.0,
        "q3_ns": 2626036249.0
      },
      "futex_op_counts": {
        "128": 5
      },
      "first_seen_ts_ns": 2353953975030,
      "last_seen_ts_ns": 2354298457560
    },
    {
      "tgid": 7986,
      "comm": "containerd-shim",
      "cgroup_id": 4085,
      "wait_duration_stats_ns": {
        "count": 5.0,
        "sum": 6266958755.0,
        "mean": 1253391751.0,
        "median": 344030906.0,
        "min": 343441518,
        "max": 2618007371,
        "variance_ns2": 1.5517409298520663e+18,
        "iqr_ns": 2274408660.0,
        "q1_ns": 343535150.0,
        "q3_ns": 2617943810.0
      },
      "futex_op_counts": {
        "128": 5
      },
      "first_seen_ts_ns": 2353955715285,
      "last_seen_ts_ns": 2354300210965
    },
    {
      "tgid": 62686,
      "comm": "runc",
      "cgroup_id": 4085,
      "wait_duration_stats_ns": {
        "count": 363.0,
        "sum": 613965816.9999999,
        "mean": 1691365.8870523414,
        "median": 96051.42097681414,
        "min": 870,
        "max": 103895401,
        "variance_ns2": 150134274065583.28,
        "iqr_ns": 344523.4142262209,
        "q1_ns": 26447.0317942292,
        "q3_ns": 370970.4460204501
      },
      "futex_op_counts": {
        "128": 363
      },
      "first_seen_ts_ns": 2354626600705,
      "last_seen_ts_ns": 2354733239731
    },
    {
      "tgid": 62712,
      "comm": "runc",
      "cgroup_id": 4085,
      "wait_duration_stats_ns": {
        "count": 405.0,
        "sum": 543344570.9999998,
        "mean": 1341591.5333333327,
        "median": 74218.14175961689,
        "min": 1020,
        "max": 91863637,
        "variance_ns2": 102926382118753.03,
        "iqr_ns": 278086.49691472977,
        "q1_ns": 28323.748188575257,
        "q3_ns": 306410.24510330503
      },
      "futex_op_counts": {
        "128": 405
      },
      "first_seen_ts_ns": 2355488255621,
      "last_seen_ts_ns": 2355582836632
    },
    {
      "tgid": 62696,
      "comm": "runc:[2:INIT]",
      "cgroup_id": 5011,
      "wait_duration_stats_ns": {
        "count": 25.0,
        "sum": 481589571.9999999,
        "mean": 19263582.879999995,
        "median": 1262518.0461355313,
        "min": 1100,
        "max": 96712308,
        "variance_ns2": 1502898929247982.0,
        "iqr_ns": 18684039.53832851,
        "q1_ns": 127590.7111028556,
        "q3_ns": 18811630.249431364
      },
      "futex_op_counts": {
        "128": 25
      },
      "first_seen_ts_ns": 2354635958125,
      "last_seen_ts_ns": 2354733174499
    },
    {
      "tgid": 62722,
      "comm": "runc:[2:INIT]",
      "cgroup_id": 5011,
      "wait_duration_stats_ns": {
        "count": 27.0,
        "sum": 420863966.99999994,
        "mean": 15587554.333333332,
        "median": 245733.2867688199,
        "min": 1020,
        "max": 84316134,
        "variance_ns2": 1074755390174456.8,
        "iqr_ns": 16546134.223103259,
        "q1_ns": 213819.07329411147,
        "q3_ns": 16759953.29639737
      },
      "futex_op_counts": {
        "128": 27
      },
      "first_seen_ts_ns": 2355497965132,
      "last_seen_ts_ns": 2355582984697
    },
    {
      "tgid": 62578,
      "comm": "xhpcg",
      "cgroup_id": 19123,
      "wait_duration_stats_ns": {
        "count": 25.0,
        "sum": 99332877.99999999,
        "mean": 3973315.1199999996,
        "median": 3088790.1918313312,
        "min": 1365062,
        "max": 11173506,
        "variance_ns2": 5821473990553.609,
        "iqr_ns": 947595.7979400326,
        "q1_ns": 2820903.8158907825,
        "q3_ns": 3768499.613830815
      },
      "futex_op_counts": {
        "128": 25
      },
      "first_seen_ts_ns": 2351035741141,
      "last_seen_ts_ns": 2351390050006
    },
    {
      "tgid": 62587,
      "comm": "xhpcg",
      "cgroup_id": 19123,
      "wait_duration_stats_ns": {
        "count": 24.0,
        "sum": 94826772.0,
        "mean": 3951115.5,
        "median": 3315952.9845475066,
        "min": 2140966,
        "max": 11496456,
        "variance_ns2": 4151431656833.8267,
        "iqr_ns": 672929.1700604861,
        "q1_ns": 2912361.444917129,
        "q3_ns": 3585290.614977615
      },
      "futex_op_counts": {
        "128": 24
      },
      "first_seen_ts_ns": 2351035557906,
      "last_seen_ts_ns": 2351382321027
    },
    {
      "tgid": 62583,
      "comm": "xhpcg",
      "cgroup_id": 19123,
      "wait_duration_stats_ns": {
        "count": 23.0,
        "sum": 94465827.99999999,
        "mean": 4107209.9130434776,
        "median": 3061897.1037092153,
        "min": 2310312,
        "max": 12543878,
        "variance_ns2": 5904361526611.538,
        "iqr_ns": 1277412.5308806146,
        "q1_ns": 2765073.018366127,
        "q3_ns": 4042485.5492467415
      },
      "futex_op_counts": {
        "128": 23
      },
      "first_seen_ts_ns": 2351035337319,
      "last_seen_ts_ns": 2351382287516
    },
    {
      "tgid": 62575,
      "comm": "xhpcg",
      "cgroup_id": 19123,
      "wait_duration_stats_ns": {
        "count": 24.0,
        "sum": 91044171.99999999,
        "mean": 3793507.166666666,
        "median": 3053641.8996960716,
        "min": 2112415,
        "max": 10995891,
        "variance_ns2": 3837025428947.3613,
        "iqr_ns": 462328.0543266898,
        "q1_ns": 2873506.552154791,
        "q3_ns": 3335834.606481481
      },
      "futex_op_counts": {
        "128": 24
      },
      "first_seen_ts_ns": 2351035566096,
      "last_seen_ts_ns": 2351381516022
    },
    {
      "tgid": 62569,
      "comm": "xhpcg",
      "cgroup_id": 19123,
      "wait_duration_stats_ns": {
        "count": 24.0,
        "sum": 89512096.0,
        "mean": 3729670.6666666665,
        "median": 2918764.528690194,
        "min": 1935240,
        "max": 11118874,
        "variance_ns2": 4934570840314.144,
        "iqr_ns": 632261.5236762096,
        "q1_ns": 2676760.0246251295,
        "q3_ns": 3309021.548301339
      },
      "futex_op_counts": {
        "128": 24
      },
      "first_seen_ts_ns": 2351037583959,
      "last_seen_ts_ns": 2351382435940
    },
    {
      "tgid": 62558,
      "comm": "xhpcg",
      "cgroup_id": 19123,
      "wait_duration_stats_ns": {
        "count": 24.0,
        "sum": 89130551.00000003,
        "mean": 3713772.9583333344,
        "median": 2904463.166252653,
        "min": 1828247,
        "max": 9599107,
        "variance_ns2": 3320092652017.956,
        "iqr_ns": 1463578.343653608,
        "q1_ns": 2595716.656346392,
        "q3_ns": 4059295.0
      },
      "futex_op_counts": {
        "128": 24
      },
      "first_seen_ts_ns": 2351035847365,
      "last_seen_ts_ns": 2351382435340
    },
    {
      "tgid": 62567,
      "comm": "xhpcg",
      "cgroup_id": 19123,
      "wait_duration_stats_ns": {
        "count": 24.0,
        "sum": 88523153.0,
        "mean": 3688464.708333333,
        "median": 2953265.626320943,
        "min": 1961741,
        "max": 11015862,
        "variance_ns2": 4080187918717.7812,
        "iqr_ns": 898325.6087709926,
        "q1_ns": 2773646.5336837703,
        "q3_ns": 3671972.142454763
      },
      "futex_op_counts": {
        "128": 24
      },
      "first_seen_ts_ns": 2351036267138,
      "last_seen_ts_ns": 2351382386269
    },
    {
      "tgid": 62556,
      "comm": "xhpcg",
      "cgroup_id": 19123,
      "wait_duration_stats_ns": {
        "count": 24.0,
        "sum": 87917243.0,
        "mean": 3663218.458333333,
        "median": 3105971.0521599567,
        "min": 1841026,
        "max": 10662830,
        "variance_ns2": 3927780780785.3887,
        "iqr_ns": 1010143.9387389515,
        "q1_ns": 2692817.7317997683,
        "q3_ns": 3702961.6705387197
      },
      "futex_op_counts": {
        "128": 24
      },
      "first_seen_ts_ns": 2351035704600,
      "last_seen_ts_ns": 2351382341517
    },
    {
      "tgid": 62552,
      "comm": "xhpcg",
      "cgroup_id": 19123,
      "wait_duration_stats_ns": {
        "count": 24.0,
        "sum": 87573962.00000003,
        "mean": 3648915.0833333344,
        "median": 2831778.5432969225,
        "min": 1017362,
        "max": 11074173,
        "variance_ns2": 4675878151325.035,
        "iqr_ns": 554619.8610579395,
        "q1_ns": 2737847.8976213443,
        "q3_ns": 3292467.758679284
      },
      "futex_op_counts": {
        "128": 24
      },
      "first_seen_ts_ns": 2351036729692,
      "last_seen_ts_ns": 2351382163932
    },
    {
      "tgid": 62551,
      "comm": "xhpcg",
      "cgroup_id": 19123,
      "wait_duration_stats_ns": {
        "count": 24.0,
        "sum": 87304156.0,
        "mean": 3637673.1666666665,
        "median": 2764958.481655082,
        "min": 1578989,
        "max": 10550157,
        "variance_ns2": 4169324260354.9272,
        "iqr_ns": 1324719.5639628451,
        "q1_ns": 2585770.5527409124,
        "q3_ns": 3910490.1167037576
      },
      "futex_op_counts": {
        "128": 24
      },
      "first_seen_ts_ns": 2351036421412,
      "last_seen_ts_ns": 2351382169482
    },
    {
      "tgid": 62564,
      "comm": "xhpcg",
      "cgroup_id": 19123,
      "wait_duration_stats_ns": {
        "count": 24.0,
        "sum": 87282462.0,
        "mean": 3636769.25,
        "median": 3005600.0611535716,
        "min": 1924500,
        "max": 11079963,
        "variance_ns2": 4469839674923.152,
        "iqr_ns": 512493.3831661232,
        "q1_ns": 2761307.2814655406,
        "q3_ns": 3273800.664631664
      },
      "futex_op_counts": {
        "128": 24
      },
      "first_seen_ts_ns": 2351036966929,
      "last_seen_ts_ns": 2351381545493
    },
    {
      "tgid": 62560,
      "comm": "xhpcg",
      "cgroup_id": 19123,
      "wait_duration_stats_ns": {
        "count": 24.0,
        "sum": 86143475.0,
        "mean": 3589311.4583333335,
        "median": 3000167.287109375,
        "min": 1904009,
        "max": 11608010,
        "variance_ns2": 4190983679304.956,
        "iqr_ns": 818457.2500938224,
        "q1_ns": 2770185.300374228,
        "q3_ns": 3588642.5504680504
      },
      "futex_op_counts": {
        "128": 24
      },
      "first_seen_ts_ns": 2351034970958,
      "last_seen_ts_ns": 2351381559713
    },
    {
      "tgid": 62585,
      "comm": "xhpcg",
      "cgroup_id": 19123,
      "wait_duration_stats_ns": {
        "count": 22.0,
        "sum": 85786441.0,
        "mean": 3899383.681818182,
        "median": 3197173.767881945,
        "min": 2220389,
        "max": 11343442,
        "variance_ns2": 4407925836302.324,
        "iqr_ns": 1106316.3124526711,
        "q1_ns": 2913292.7507630317,
        "q3_ns": 4019609.063215703
      },
      "futex_op_counts": {
        "128": 22
      },
      "first_seen_ts_ns": 2351035653969,
      "last_seen_ts_ns": 2351382326857
    },
    {
      "tgid": 62573,
      "comm": "xhpcg",
      "cgroup_id": 19123,
      "wait_duration_stats_ns": {
        "count": 23.0,
        "sum": 83335941.0,
        "mean": 3623301.7826086953,
        "median": 2860503.032361896,
        "min": 2016943,
        "max": 10652760,
        "variance_ns2": 4049761767360.9067,
        "iqr_ns": 397869.6329915407,
        "q1_ns": 2723249.2616072246,
        "q3_ns": 3121118.8945987653
      },
      "futex_op_counts": {
        "128": 23
      },
      "first_seen_ts_ns": 2351036054601,
      "last_seen_ts_ns": 2351382382409
    },
    {
      "tgid": 62548,
      "comm": "xhpcg",
      "cgroup_id": 19123,
      "wait_duration_stats_ns": {
        "count": 24.0,
        "sum": 82949833.0,
        "mean": 3456243.0416666665,
        "median": 2874359.84765625,
        "min": 1977011,
        "max": 10102982,
        "variance_ns2": 3783095516141.8677,
        "iqr_ns": 947732.7133012819,
        "q1_ns": 2646505.71875,
        "q3_ns": 3594238.432051282
      },
      "futex_op_counts": {
        "128": 24
      },
      "first_seen_ts_ns": 2351036393362,
      "last_seen_ts_ns": 2351381512552
    },
    {
      "tgid": 62550,
      "comm": "xhpcg",
      "cgroup_id": 19123,
      "wait_duration_stats_ns": {
        "count": 22.0,
        "sum": 82269886.0,
        "mean": 3739540.272727273,
        "median": 2832328.095647912,
        "min": 2086815,
        "max": 12812667,
        "variance_ns2": 6005134027631.349,
        "iqr_ns": 748011.5074255164,
        "q1_ns": 2580032.217013889,
        "q3_ns": 3328043.7244394054
      },
      "futex_op_counts": {
        "128": 22
      },
      "first_seen_ts_ns": 2351040090106,
      "last_seen_ts_ns": 2351381526092
    },
    {
      "tgid": 62590,
      "comm": "xhpcg",
      "cgroup_id": 19123,
      "wait_duration_stats_ns": {
        "count": 21.0,
        "sum": 81820174.00000001,
        "mean": 3896198.7619047626,
        "median": 3361852.554170536,
        "min": 1162497,
        "max": 10068982,
        "variance_ns2": 5369308734862.291,
        "iqr_ns": 1694760.1542995232,
        "q1_ns": 2493470.75755291,
        "q3_ns": 4188230.9118524333
      },
      "futex_op_counts": {
        "128": 21
      },
      "first_seen_ts_ns": 2351036225366,
      "last_seen_ts_ns": 2351371812131
    },
    {
      "tgid": 62547,
      "comm": "xhpcg",
      "cgroup_id": 19123,
      "wait_duration_stats_ns": {
        "count": 23.0,
        "sum": 81272489.0,
        "mean": 3533586.4782608696,
        "median": 2927194.3527901787,
        "min": 2032543,
        "max": 9444952,
        "variance_ns2": 3371634185716.2607,
        "iqr_ns": 302521.93999710167,
        "q1_ns": 2680011.3953203587,
        "q3_ns": 2982533.3353174604
      },
      "futex_op_counts": {
        "128": 23
      },
      "first_seen_ts_ns": 2351036124913,
      "last_seen_ts_ns": 2351371604745
    },
    {
      "tgid": 62571,
      "comm": "xhpcg",
      "cgroup_id": 19123,
      "wait_duration_stats_ns": {
        "count": 22.0,
        "sum": 78688659.0,
        "mean": 3576757.2272727275,
        "median": 2661873.4085081257,
        "min": 1483116,
        "max": 10620329,
        "variance_ns2": 4673446939095.424,
        "iqr_ns": 298387.15743310284,
        "q1_ns": 2712031.360855771,
        "q3_ns": 3010418.518288874
      },
      "futex_op_counts": {
        "128": 22
      },
      "first_seen_ts_ns": 2351036611858,
      "last_seen_ts_ns": 2351371775230
    },
    {
      "tgid": 62549,
      "comm": "xhpcg",
      "cgroup_id": 19123,
      "wait_duration_stats_ns": {
        "count": 24.0,
        "sum": 78254454.99999999,
        "mean": 3260602.291666666,
        "median": 2449055.732000719,
        "min": 597448,
        "max": 10426823,
        "variance_ns2": 5080323102310.91,
        "iqr_ns": 1045973.0469664182,
        "q1_ns": 2176710.951245197,
        "q3_ns": 3222683.9982116153
      },
      "futex_op_counts": {
        "128": 24
      },
      "first_seen_ts_ns": 2351037250278,
      "last_seen_ts_ns": 2351381523192
    },
    {
      "tgid": 62580,
      "comm": "xhpcg",
      "cgroup_id": 19123,
      "wait_duration_stats_ns": {
        "count": 21.0,
        "sum": 77410809.00000001,
        "mean": 3686229.000000001,
        "median": 3086298.113002908,
        "min": 1178627,
        "max": 12168676,
        "variance_ns2": 5967010090959.9,
        "iqr_ns": 1317062.4615930244,
        "q1_ns": 2542564.955199103,
        "q3_ns": 3859627.4167921273
      },
      "futex_op_counts": {
        "128": 21
      },
      "first_seen_ts_ns": 2351035538785,
      "last_seen_ts_ns": 2351382145991
    },
    {
      "tgid": 62582,
      "comm": "xhpcg",
      "cgroup_id": 19123,
      "wait_duration_stats_ns": {
        "count": 23.0,
        "sum": 75741655.0,
        "mean": 3293115.4347826084,
        "median": 2542741.441941855,
        "min": 701002,
        "max": 13612722,
        "variance_ns2": 7307744881084.438,
        "iqr_ns": 2158913.838739115,
        "q1_ns": 1341255.280069074,
        "q3_ns": 3500169.1188081885
      },
      "futex_op_counts": {
        "128": 23
      },
      "first_seen_ts_ns": 2351034699779,
      "last_seen_ts_ns": 2351382145571
    },
    {
      "tgid": 62566,
      "comm": "xhpcg",
      "cgroup_id": 19123,
      "wait_duration_stats_ns": {
        "count": 24.0,
        "sum": 70966564.0,
        "mean": 2956940.166666667,
        "median": 2332756.164430907,
        "min": 559278,
        "max": 11444415,
        "variance_ns2": 5601247233103.972,
        "iqr_ns": 614722.4425100205,
        "q1_ns": 1751060.698790791,
        "q3_ns": 2365783.1413008114
      },
      "futex_op_counts": {
        "128": 24
      },
      "first_seen_ts_ns": 2351035701290,
      "last_seen_ts_ns": 2351381555993
    },
    {
      "tgid": 62562,
      "comm": "xhpcg",
      "cgroup_id": 19123,
      "wait_duration_stats_ns": {
        "count": 22.0,
        "sum": 64393836.999999985,
        "mean": 2926992.5909090904,
        "median": 2464048.891329649,
        "min": 176506,
        "max": 11843447,
        "variance_ns2": 6583768914023.3955,
        "iqr_ns": 1342635.2497405743,
        "q1_ns": 1567900.8374118765,
        "q3_ns": 2910536.087152451
      },
      "futex_op_counts": {
        "128": 22
      },
      "first_seen_ts_ns": 2351035049990,
      "last_seen_ts_ns": 2351381561793
    },
    {
      "tgid": 62848,
      "comm": "aws-cni",
      "cgroup_id": 4085,
      "wait_duration_stats_ns": {
        "count": 253.0,
        "sum": 57032700.99999998,
        "mean": 225425.69565217383,
        "median": 56503.77462296982,
        "min": 980,
        "max": 3911461,
        "variance_ns2": 507597671259.5936,
        "iqr_ns": 168424.68974725826,
        "q1_ns": 26458.75995000102,
        "q3_ns": 194883.4496972593
      },
      "futex_op_counts": {
        "128": 253
      },
      "first_seen_ts_ns": 2357065084589,
      "last_seen_ts_ns": 2357075232734
    },
    {
      "tgid": 62813,
      "comm": "aws-cni",
      "cgroup_id": 4085,
      "wait_duration_stats_ns": {
        "count": 254.0,
        "sum": 52187779.000000045,
        "mean": 205463.69685039387,
        "median": 55928.7290164666,
        "min": 830,
        "max": 4778079,
        "variance_ns2": 460241728599.477,
        "iqr_ns": 143723.72152023745,
        "q1_ns": 25346.07933260245,
        "q3_ns": 169069.8008528399
      },
      "futex_op_counts": {
        "128": 254
      },
      "first_seen_ts_ns": 2357039069763,
      "last_seen_ts_ns": 2357049112114
    },
    {
      "tgid": 62841,
      "comm": "egress-cni",
      "cgroup_id": 4085,
      "wait_duration_stats_ns": {
        "count": 12.0,
        "sum": 12300542.000000002,
        "mean": 1025045.1666666669,
        "median": 244482.76666666666,
        "min": 23060,
        "max": 4009234,
        "variance_ns2": 2336489630560.515,
        "iqr_ns": 1228797.4097222222,
        "q1_ns": 35731.0,
        "q3_ns": 1264528.4097222222
      },
      "futex_op_counts": {
        "128": 12
      },
      "first_seen_ts_ns": 2357057327598,
      "last_seen_ts_ns": 2357061431566
    },
    {
      "tgid": 62696,
      "comm": "grpc-health-pro",
      "cgroup_id": 5011,
      "wait_duration_stats_ns": {
        "count": 32.0,
        "sum": 11643842.0,
        "mean": 363870.0625,
        "median": 88252.90516525316,
        "min": 920,
        "max": 1643741,
        "variance_ns2": 259042598443.67343,
        "iqr_ns": 411346.4543470066,
        "q1_ns": 27386.402211010725,
        "q3_ns": 438732.8565580174
      },
      "futex_op_counts": {
        "128": 32
      },
      "first_seen_ts_ns": 2354735902864,
      "last_seen_ts_ns": 2354738791753
    },
    {
      "tgid": 62722,
      "comm": "grpc-health-pro",
      "cgroup_id": 5011,
      "wait_duration_stats_ns": {
        "count": 32.0,
        "sum": 11218767.000000002,
        "mean": 350586.46875000006,
        "median": 101042.03400555477,
        "min": 12811,
        "max": 1714734,
        "variance_ns2": 277796768270.1925,
        "iqr_ns": 293886.5724560673,
        "q1_ns": 33920.99589580164,
        "q3_ns": 327807.56835186895
      },
      "futex_op_counts": {
        "128": 32
      },
      "first_seen_ts_ns": 2355585801595,
      "last_seen_ts_ns": 2355588791828
    },
    {
      "tgid": 62807,
      "comm": "egress-cni",
      "cgroup_id": 4085,
      "wait_duration_stats_ns": {
        "count": 12.0,
        "sum": 11101004.999999998,
        "mean": 925083.7499999999,
        "median": 206665.5,
        "min": 1550,
        "max": 3611151,
        "variance_ns2": 2056151285925.114,
        "iqr_ns": 1052093.1749999998,
        "q1_ns": 22131.0,
        "q3_ns": 1074224.1749999998
      },
      "futex_op_counts": {
        "128": 12
      },
      "first_seen_ts_ns": 2357032143038,
      "last_seen_ts_ns": 2357035805722
    },
    {
      "tgid": 62801,
      "comm": "portmap",
      "cgroup_id": 4085,
      "wait_duration_stats_ns": {
        "count": 6.0,
        "sum": 1562810.0,
        "mean": 260468.33333333334,
        "median": 247148.0,
        "min": 47072,
        "max": 548958,
        "variance_ns2": 27894472509.06666,
        "iqr_ns": 19345.0,
        "q1_ns": 247148.0,
        "q3_ns": 266493.0
      },
      "futex_op_counts": {
        "128": 6
      },
      "first_seen_ts_ns": 2357029387503,
      "last_seen_ts_ns": 2357029930920
    },
    {
      "tgid": 62836,
      "comm": "portmap",
      "cgroup_id": 4085,
      "wait_duration_stats_ns": {
        "count": 5.0,
        "sum": 1508926.0,
        "mean": 301785.2,
        "median": 251888.0,
        "min": 185536,
        "max": 543977,
        "variance_ns2": 20190643832.7,
        "iqr_ns": 80133.0,
        "q1_ns": 223696.0,
        "q3_ns": 303829.0
      },
      "futex_op_counts": {
        "128": 5
      },
      "first_seen_ts_ns": 2357054472330,
      "last_seen_ts_ns": 2357054821931
    },
    {
      "tgid": 62796,
      "comm": "loopback",
      "cgroup_id": 4085,
      "wait_duration_stats_ns": {
        "count": 6.0,
        "sum": 1018404.0,
        "mean": 169734.0,
        "median": 132755.0,
        "min": 2180,
        "max": 385222,
        "variance_ns2": 18135613112.000004,
        "iqr_ns": 49754.66666666666,
        "q1_ns": 132755.0,
        "q3_ns": 182509.66666666666
      },
      "futex_op_counts": {
        "128": 6
      },
      "first_seen_ts_ns": 2357026973848,
      "last_seen_ts_ns": 2357027399101
    },
    {
      "tgid": 62830,
      "comm": "loopback",
      "cgroup_id": 4085,
      "wait_duration_stats_ns": {
        "count": 6.0,
        "sum": 921868.0,
        "mean": 153644.66666666666,
        "median": 99133.0,
        "min": 40131,
        "max": 344250,
        "variance_ns2": 11998123522.666668,
        "iqr_ns": 39081.333333333314,
        "q1_ns": 99133.0,
        "q3_ns": 138214.3333333333
      },
      "futex_op_counts": {
        "128": 6
      },
      "first_seen_ts_ns": 2357052345044,
      "last_seen_ts_ns": 2357052685775
    },
    {
      "tgid": 62335,
      "comm": "flux-broker-0",
      "cgroup_id": 19123,
      "wait_duration_stats_ns": {
        "count": 102.0,
        "sum": 220857.99999999988,
        "mean": 2165.2745098039204,
        "median": 1540.8844233454008,
        "min": 801,
        "max": 16090,
        "variance_ns2": 5736731.805086389,
        "iqr_ns": 930.5074313092844,
        "q1_ns": 1162.3359851869861,
        "q3_ns": 2092.8434164962705
      },
      "futex_op_counts": {
        "128": 102
      },
      "first_seen_ts_ns": 2350500841765,
      "last_seen_ts_ns": 2357274732090
    },
    {
      "tgid": 1,
      "comm": "systemd",
      "cgroup_id": 23,
      "wait_duration_stats_ns": {
        "count": 1.0,
        "sum": 1830.0,
        "mean": 1830.0,
        "median": 1830.0,
        "min": 1830,
        "max": 1830,
        "variance_ns2": null,
        "iqr_ns": 0.0,
        "q1_ns": 1830.0,
        "q3_ns": 1830.0
      },
      "futex_op_counts": {
        "128": 1
      },
      "first_seen_ts_ns": 2356650958249,
      "last_seen_ts_ns": 2356650958249
    }
  ]
}
[16:21:16] Cleanup complete.
