unlimited
PROGRAM: cpu
Looking for /opt/programs/cpu/ebpf-collect.c
[22:08:22] Waiting for start indicator file: '/mnt/flux/start_ebpf_collection'.
[22:08:30] Start indicator found. Proceeding with monitoring.
[22:08:30] Initializing eBPF for CPU Scheduling monitoring...
[22:08:30] BPF C code compiled and loaded.
[22:08:30] Attached tracepoints.
[22:08:30] Monitoring CPU scheduling events (polling aggregated map)... Press Ctrl+C to stop.
[22:09:48] Stop indicator file '/mnt/flux/stop_ebpf_collection' found. Stopping.
[22:09:48] Initiating cleanup sequence...
{
  "final_aggregated_summary_river": [
    {
      "tgid": 130,
      "comm": "python3",
      "cgroup_id": 174094,
      "on_cpu_stats_ns": {
        "count": 910.0,
        "sum_ns": 66981488.324812524,
        "mean_ns": 73606.03112616761,
        "median_ns": 47672.5808557958,
        "min_ns": 6080.923076923077,
        "max_ns": 1031645.0,
        "variance_ns2": 11323321649.366016,
        "iqr_ns": 72129.08906564143,
        "q1_ns": 21290.87345006673,
        "q3_ns": 93419.96251570816
      },
      "runq_latency_stats_ns": {
        "count": 910.0,
        "sum_ns": 43869622.06988922,
        "mean_ns": 48208.37590097716,
        "median_ns": 16669.250152428835,
        "min_ns": 1460.0,
        "max_ns": 1866382.5,
        "variance_ns2": 19801349531.965122,
        "iqr_ns": 47254.86541900275,
        "q1_ns": 4247.602611312551,
        "q3_ns": 51502.4680303153
      },
      "first_seen_ts_ns": 1749593310892507240,
      "last_seen_ts_ns": 1749593386466852269,
      "duration_active_s": 75.574345029
    },
    {
      "tgid": 222,
      "comm": "python3",
      "cgroup_id": 174164,
      "on_cpu_stats_ns": {
        "count": 802.0,
        "sum_ns": 64181232.77870986,
        "mean_ns": 80026.47478642127,
        "median_ns": 42106.913112036535,
        "min_ns": 6823.714285714285,
        "max_ns": 3874868.5,
        "variance_ns2": 47972212919.49265,
        "iqr_ns": 67244.52143135895,
        "q1_ns": 22044.15858498353,
        "q3_ns": 89288.68001634248
      },
      "runq_latency_stats_ns": {
        "count": 801.0,
        "sum_ns": 42696975.154122,
        "mean_ns": 53304.58820739326,
        "median_ns": 17026.96065996484,
        "min_ns": 1710.0,
        "max_ns": 4425794.0,
        "variance_ns2": 60740272308.70487,
        "iqr_ns": 30829.22626985324,
        "q1_ns": 4374.859644987471,
        "q3_ns": 35204.08591484071
      },
      "first_seen_ts_ns": 1749593310673332516,
      "last_seen_ts_ns": 1749593386466852269,
      "duration_active_s": 75.793519753
    },
    {
      "tgid": 125,
      "comm": "flux-broker-0",
      "cgroup_id": 174234,
      "on_cpu_stats_ns": {
        "count": 210.0,
        "sum_ns": 18457835.116395902,
        "mean_ns": 87894.45293521858,
        "median_ns": 49031.42967759589,
        "min_ns": 7178.1875,
        "max_ns": 841977.0,
        "variance_ns2": 13765234063.883673,
        "iqr_ns": 91571.95340944418,
        "q1_ns": 22115.55610240865,
        "q3_ns": 113687.50951185283
      },
      "runq_latency_stats_ns": {
        "count": 210.0,
        "sum_ns": 17687895.952202518,
        "mean_ns": 84228.07596286913,
        "median_ns": 16708.966406965003,
        "min_ns": 1650.0,
        "max_ns": 8547442.0,
        "variance_ns2": 354588905745.84406,
        "iqr_ns": 28332.56886431398,
        "q1_ns": 5888.706408747159,
        "q3_ns": 34221.27527306114
      },
      "first_seen_ts_ns": 1749593310673332516,
      "last_seen_ts_ns": 1749593386466852269,
      "duration_active_s": 75.793519753
    },
    {
      "tgid": 415,
      "comm": "xhpcg",
      "cgroup_id": 174234,
      "on_cpu_stats_ns": {
        "count": 28.0,
        "sum_ns": 3706912.333333333,
        "mean_ns": 132389.72619047618,
        "median_ns": 105009.57683624137,
        "min_ns": 16520.0,
        "max_ns": 563691.0,
        "variance_ns2": 12674121153.309082,
        "iqr_ns": 137188.6521111048,
        "q1_ns": 64657.26716628553,
        "q3_ns": 201845.91927739035
      },
      "runq_latency_stats_ns": {
        "count": 28.0,
        "sum_ns": 7018410.666666666,
        "mean_ns": 250657.5238095238,
        "median_ns": 185278.2791563757,
        "min_ns": 2440.0,
        "max_ns": 943974.0,
        "variance_ns2": 82067437332.59612,
        "iqr_ns": 431589.08331271855,
        "q1_ns": 55590.03806616229,
        "q3_ns": 487179.1213788808
      },
      "first_seen_ts_ns": 1749593311412840917,
      "last_seen_ts_ns": 1749593327512820619,
      "duration_active_s": 16.099979702
    },
    {
      "tgid": 405,
      "comm": "xhpcg",
      "cgroup_id": 174234,
      "on_cpu_stats_ns": {
        "count": 29.0,
        "sum_ns": 3242858.0000000005,
        "mean_ns": 111822.68965517243,
        "median_ns": 74124.69036378727,
        "min_ns": 20690.0,
        "max_ns": 755994.0,
        "variance_ns2": 17230677357.77525,
        "iqr_ns": 82925.56755637578,
        "q1_ns": 43651.54503467402,
        "q3_ns": 126577.11259104981
      },
      "runq_latency_stats_ns": {
        "count": 29.0,
        "sum_ns": 5282207.000000001,
        "mean_ns": 182145.06896551728,
        "median_ns": 101363.29261773737,
        "min_ns": 1630.0,
        "max_ns": 981594.0,
        "variance_ns2": 75260974268.70937,
        "iqr_ns": 178067.37970845864,
        "q1_ns": 16359.957982451817,
        "q3_ns": 194427.33769091047
      },
      "first_seen_ts_ns": 1749593311000862219,
      "last_seen_ts_ns": 1749593335179513070,
      "duration_active_s": 24.178650851
    },
    {
      "tgid": 603,
      "comm": "xhpcg",
      "cgroup_id": 174234,
      "on_cpu_stats_ns": {
        "count": 24.0,
        "sum_ns": 2965847.9999999995,
        "mean_ns": 123576.99999999999,
        "median_ns": 125764.66079089708,
        "min_ns": 13050.0,
        "max_ns": 245895.0,
        "variance_ns2": 5441070218.869565,
        "iqr_ns": 128393.98271534024,
        "q1_ns": 70306.95582028927,
        "q3_ns": 198700.9385356295
      },
      "runq_latency_stats_ns": {
        "count": 24.0,
        "sum_ns": 813033.0000000002,
        "mean_ns": 33876.37500000001,
        "median_ns": 32805.166666666664,
        "min_ns": 4430.0,
        "max_ns": 87061.0,
        "variance_ns2": 300724816.4184782,
        "iqr_ns": 16852.90617609692,
        "q1_ns": 25496.786672830414,
        "q3_ns": 42349.692848927334
      },
      "first_seen_ts_ns": 1749593341752932682,
      "last_seen_ts_ns": 1749593353604748337,
      "duration_active_s": 11.851815655
    },
    {
      "tgid": 353,
      "comm": "xhpcg",
      "cgroup_id": 174234,
      "on_cpu_stats_ns": {
        "count": 29.0,
        "sum_ns": 2681814.8999999994,
        "mean_ns": 92476.37586206895,
        "median_ns": 57695.690366594725,
        "min_ns": 11496.0,
        "max_ns": 259686.0,
        "variance_ns2": 5725565165.184992,
        "iqr_ns": 110194.31915716016,
        "q1_ns": 28576.34357646173,
        "q3_ns": 138770.6627336219
      },
      "runq_latency_stats_ns": {
        "count": 29.0,
        "sum_ns": 657079.5063492063,
        "mean_ns": 22657.914012041598,
        "median_ns": 17416.091240389043,
        "min_ns": 2526.4285714285716,
        "max_ns": 78681.0,
        "variance_ns2": 423592503.7118163,
        "iqr_ns": 30778.414038296964,
        "q1_ns": 5495.572978269085,
        "q3_ns": 36273.98701656605
      },
      "first_seen_ts_ns": 1749593310673332516,
      "last_seen_ts_ns": 1749593334937910803,
      "duration_active_s": 24.264578287
    },
    {
      "tgid": 595,
      "comm": "xhpcg",
      "cgroup_id": 174234,
      "on_cpu_stats_ns": {
        "count": 22.0,
        "sum_ns": 2665593.0,
        "mean_ns": 121163.31818181818,
        "median_ns": 106773.08503401361,
        "min_ns": 39881.0,
        "max_ns": 238475.0,
        "variance_ns2": 3724341224.893939,
        "iqr_ns": 108112.17438718137,
        "q1_ns": 63836.351448724,
        "q3_ns": 171948.52583590537
      },
      "runq_latency_stats_ns": {
        "count": 22.0,
        "sum_ns": 1406148.0000000005,
        "mean_ns": 63915.8181818182,
        "median_ns": 39715.1827338006,
        "min_ns": 5040.0,
        "max_ns": 239364.0,
        "variance_ns2": 4298478631.108228,
        "iqr_ns": 23167.55011159924,
        "q1_ns": 23576.1340330509,
        "q3_ns": 46743.68414465014
      },
      "first_seen_ts_ns": 1749593341532803827,
      "last_seen_ts_ns": 1749593352211037645,
      "duration_active_s": 10.678233818
    },
    {
      "tgid": 597,
      "comm": "xhpcg",
      "cgroup_id": 174234,
      "on_cpu_stats_ns": {
        "count": 21.0,
        "sum_ns": 2303075.0,
        "mean_ns": 109670.23809523809,
        "median_ns": 143279.78647762345,
        "min_ns": 26951.0,
        "max_ns": 212454.0,
        "variance_ns2": 4380480778.890475,
        "iqr_ns": 132176.32184408986,
        "q1_ns": 44943.56704479902,
        "q3_ns": 177119.88888888888
      },
      "runq_latency_stats_ns": {
        "count": 21.0,
        "sum_ns": 615854.0000000001,
        "mean_ns": 29326.380952380958,
        "median_ns": 25880.10379489338,
        "min_ns": 5350.0,
        "max_ns": 62721.0,
        "variance_ns2": 350610346.04761904,
        "iqr_ns": 33640.35590098626,
        "q1_ns": 12300.644099013742,
        "q3_ns": 45941.0
      },
      "first_seen_ts_ns": 1749593342302822506,
      "last_seen_ts_ns": 1749593352543858020,
      "duration_active_s": 10.241035514
    },
    {
      "tgid": 601,
      "comm": "xhpcg",
      "cgroup_id": 174234,
      "on_cpu_stats_ns": {
        "count": 22.0,
        "sum_ns": 2207356.0,
        "mean_ns": 100334.36363636365,
        "median_ns": 96981.19020578678,
        "min_ns": 13051.0,
        "max_ns": 206744.0,
        "variance_ns2": 3463583805.194805,
        "iqr_ns": 83567.5669721372,
        "q1_ns": 61676.13055555555,
        "q3_ns": 145243.69752769274
      },
      "runq_latency_stats_ns": {
        "count": 22.0,
        "sum_ns": 714693.0,
        "mean_ns": 32486.045454545456,
        "median_ns": 31438.356012088476,
        "min_ns": 3720.0,
        "max_ns": 83731.0,
        "variance_ns2": 385312697.5692641,
        "iqr_ns": 25591.256923010977,
        "q1_ns": 18935.92386831276,
        "q3_ns": 44527.180791323735
      },
      "first_seen_ts_ns": 1749593341642771628,
      "last_seen_ts_ns": 1749593353479123732,
      "duration_active_s": 11.836352104
    },
    {
      "tgid": 385,
      "comm": "xhpcg",
      "cgroup_id": 174234,
      "on_cpu_stats_ns": {
        "count": 14.0,
        "sum_ns": 2062421.5,
        "mean_ns": 147315.82142857142,
        "median_ns": 123920.81987847222,
        "min_ns": 26550.0,
        "max_ns": 428678.0,
        "variance_ns2": 16761548686.831045,
        "iqr_ns": 128583.72301168839,
        "q1_ns": 53401.0,
        "q3_ns": 181984.7230116884
      },
      "runq_latency_stats_ns": {
        "count": 14.0,
        "sum_ns": 885566.5,
        "mean_ns": 63254.75,
        "median_ns": 49419.30015432099,
        "min_ns": 8810.0,
        "max_ns": 202054.0,
        "variance_ns2": 3828306574.3365383,
        "iqr_ns": 43271.23359375,
        "q1_ns": 22919.76640625,
        "q3_ns": 66191.0
      },
      "first_seen_ts_ns": 1749593311412840917,
      "last_seen_ts_ns": 1749593316292713194,
      "duration_active_s": 4.879872277
    },
    {
      "tgid": 369,
      "comm": "xhpcg",
      "cgroup_id": 174234,
      "on_cpu_stats_ns": {
        "count": 9.0,
        "sum_ns": 1676681.0,
        "mean_ns": 186297.88888888888,
        "median_ns": 148027.66666666666,
        "min_ns": 47941.0,
        "max_ns": 489819.0,
        "variance_ns2": 16163462959.361113,
        "iqr_ns": 50400.63888888889,
        "q1_ns": 126423.11111111111,
        "q3_ns": 176823.75
      },
      "runq_latency_stats_ns": {
        "count": 9.0,
        "sum_ns": 396637.0,
        "mean_ns": 44070.77777777778,
        "median_ns": 42712.61111111111,
        "min_ns": 4570.0,
        "max_ns": 89481.0,
        "variance_ns2": 758576575.1944447,
        "iqr_ns": 31990.316840277777,
        "q1_ns": 23950.683159722223,
        "q3_ns": 55941.0
      },
      "first_seen_ts_ns": 1749593311412840917,
      "last_seen_ts_ns": 1749593313832772098,
      "duration_active_s": 2.419931181
    },
    {
      "tgid": 465,
      "comm": "xhpcg",
      "cgroup_id": 174234,
      "on_cpu_stats_ns": {
        "count": 12.0,
        "sum_ns": 1627967.6666666665,
        "mean_ns": 135663.97222222222,
        "median_ns": 102701.296875,
        "min_ns": 42651.0,
        "max_ns": 304621.0,
        "variance_ns2": 9796209871.539564,
        "iqr_ns": 74356.87916666665,
        "q1_ns": 64204.4375,
        "q3_ns": 138561.31666666665
      },
      "runq_latency_stats_ns": {
        "count": 12.0,
        "sum_ns": 1267125.8333333335,
        "mean_ns": 105593.81944444445,
        "median_ns": 64382.617662037024,
        "min_ns": 2720.0,
        "max_ns": 422902.5,
        "variance_ns2": 19781719813.800297,
        "iqr_ns": 138027.43836805553,
        "q1_ns": 41005.56163194446,
        "q3_ns": 179033.0
      },
      "first_seen_ts_ns": 1749593311412840917,
      "last_seen_ts_ns": 1749593320502613659,
      "duration_active_s": 9.089772742
    },
    {
      "tgid": 339,
      "comm": "xhpcg",
      "cgroup_id": 174234,
      "on_cpu_stats_ns": {
        "count": 8.0,
        "sum_ns": 1427687.0,
        "mean_ns": 178460.875,
        "median_ns": 165773.0,
        "min_ns": 119993.0,
        "max_ns": 261555.0,
        "variance_ns2": 1898358198.6964285,
        "iqr_ns": 53671.638888888876,
        "q1_ns": 149006.0,
        "q3_ns": 202677.63888888888
      },
      "runq_latency_stats_ns": {
        "count": 8.0,
        "sum_ns": 443340.0,
        "mean_ns": 55417.5,
        "median_ns": 28777.05555555556,
        "min_ns": 6840.0,
        "max_ns": 172133.0,
        "variance_ns2": 2582701315.4285707,
        "iqr_ns": 14710.222222222219,
        "q1_ns": 25580.77777777778,
        "q3_ns": 40291.0
      },
      "first_seen_ts_ns": 1749593311412840917,
      "last_seen_ts_ns": 1749593315962734534,
      "duration_active_s": 4.549893617
    },
    {
      "tgid": 455,
      "comm": "xhpcg",
      "cgroup_id": 174234,
      "on_cpu_stats_ns": {
        "count": 9.0,
        "sum_ns": 1326053.0,
        "mean_ns": 147339.22222222222,
        "median_ns": 120319.36265432098,
        "min_ns": 51811.5,
        "max_ns": 322066.0,
        "variance_ns2": 12747462965.631945,
        "iqr_ns": 84263.56695816186,
        "q1_ns": 70625.5,
        "q3_ns": 154889.06695816186
      },
      "runq_latency_stats_ns": {
        "count": 9.0,
        "sum_ns": 863307.5,
        "mean_ns": 95923.05555555556,
        "median_ns": 44330.5,
        "min_ns": 3030.0,
        "max_ns": 267430.0,
        "variance_ns2": 9611408252.902779,
        "iqr_ns": 102039.39583333331,
        "q1_ns": 36822.333333333336,
        "q3_ns": 138861.72916666666
      },
      "first_seen_ts_ns": 1749593311412840917,
      "last_seen_ts_ns": 1749593315172658459,
      "duration_active_s": 3.759817542
    },
    {
      "tgid": 395,
      "comm": "xhpcg",
      "cgroup_id": 174234,
      "on_cpu_stats_ns": {
        "count": 13.0,
        "sum_ns": 1322442.4999999998,
        "mean_ns": 101726.34615384614,
        "median_ns": 84554.05555555556,
        "min_ns": 31560.0,
        "max_ns": 232514.5,
        "variance_ns2": 3983965959.057693,
        "iqr_ns": 92867.68472222224,
        "q1_ns": 40528.2875,
        "q3_ns": 133395.97222222225
      },
      "runq_latency_stats_ns": {
        "count": 13.0,
        "sum_ns": 962569.0,
        "mean_ns": 74043.76923076923,
        "median_ns": 22005.033333333333,
        "min_ns": 3490.0,
        "max_ns": 405288.0,
        "variance_ns2": 14049323004.692307,
        "iqr_ns": 10964.982962962962,
        "q1_ns": 16085.017037037038,
        "q3_ns": 27050.0
      },
      "first_seen_ts_ns": 1749593311412840917,
      "last_seen_ts_ns": 1749593333547285051,
      "duration_active_s": 22.134444134
    },
    {
      "tgid": 349,
      "comm": "xhpcg",
      "cgroup_id": 174234,
      "on_cpu_stats_ns": {
        "count": 8.0,
        "sum_ns": 1289050.5,
        "mean_ns": 161131.3125,
        "median_ns": 124523.0,
        "min_ns": 43841.0,
        "max_ns": 382752.5,
        "variance_ns2": 10516280189.209822,
        "iqr_ns": 21451.055555555547,
        "q1_ns": 116569.33333333333,
        "q3_ns": 138020.38888888888
      },
      "runq_latency_stats_ns": {
        "count": 8.0,
        "sum_ns": 291946.00000000006,
        "mean_ns": 36493.25000000001,
        "median_ns": 34511.0,
        "min_ns": 5081.0,
        "max_ns": 89671.0,
        "variance_ns2": 650997671.6428573,
        "iqr_ns": 13668.75,
        "q1_ns": 26907.25,
        "q3_ns": 40576.0
      },
      "first_seen_ts_ns": 1749593311412840917,
      "last_seen_ts_ns": 1749593313712792372,
      "duration_active_s": 2.299951455
    },
    {
      "tgid": 485,
      "comm": "xhpcg",
      "cgroup_id": 174234,
      "on_cpu_stats_ns": {
        "count": 10.0,
        "sum_ns": 1250676.3333333335,
        "mean_ns": 125067.63333333335,
        "median_ns": 83302.0,
        "min_ns": 54250.0,
        "max_ns": 334846.0,
        "variance_ns2": 8997950417.86296,
        "iqr_ns": 63625.5,
        "q1_ns": 67860.0,
        "q3_ns": 131485.5
      },
      "runq_latency_stats_ns": {
        "count": 10.0,
        "sum_ns": 906015.5,
        "mean_ns": 90601.55,
        "median_ns": 60188.733333333344,
        "min_ns": 5150.0,
        "max_ns": 266305.0,
        "variance_ns2": 11322759667.469442,
        "iqr_ns": 176667.41558159722,
        "q1_ns": 13745.58441840278,
        "q3_ns": 190413.0
      },
      "first_seen_ts_ns": 1749593311412840917,
      "last_seen_ts_ns": 1749593326742829016,
      "duration_active_s": 15.329988099
    },
    {
      "tgid": 1,
      "comm": "pause",
      "cgroup_id": 173884,
      "on_cpu_stats_ns": {
        "count": 3.0,
        "sum_ns": 1246264.4444444445,
        "mean_ns": 415421.4814814815,
        "median_ns": 452487.0,
        "min_ns": 252144.0,
        "max_ns": 541633.4444444445,
        "variance_ns2": 21981424108.473255,
        "iqr_ns": 289489.4444444445,
        "q1_ns": 252144.0,
        "q3_ns": 541633.4444444445
      },
      "runq_latency_stats_ns": {
        "count": 3.0,
        "sum_ns": 25381.666666666664,
        "mean_ns": 8460.555555555555,
        "median_ns": 10914.777777777777,
        "min_ns": 2446.8888888888887,
        "max_ns": 12020.0,
        "variance_ns2": 27428519.12345679,
        "iqr_ns": 9573.111111111111,
        "q1_ns": 2446.8888888888887,
        "q3_ns": 12020.0
      },
      "first_seen_ts_ns": 1749593326632752685,
      "last_seen_ts_ns": 1749593388117352570,
      "duration_active_s": 61.484599885
    },
    {
      "tgid": 419,
      "comm": "xhpcg",
      "cgroup_id": 174234,
      "on_cpu_stats_ns": {
        "count": 22.0,
        "sum_ns": 1199150.1797619048,
        "mean_ns": 54506.826352813856,
        "median_ns": 43753.41043090637,
        "min_ns": 7320.142857142857,
        "max_ns": 168753.0,
        "variance_ns2": 2494292884.67711,
        "iqr_ns": 68691.71281316207,
        "q1_ns": 20629.367761642356,
        "q3_ns": 89321.08057480442
      },
      "runq_latency_stats_ns": {
        "count": 22.0,
        "sum_ns": 656144.8051587301,
        "mean_ns": 29824.76387085137,
        "median_ns": 19327.291571611462,
        "min_ns": 2233.0714285714284,
        "max_ns": 86061.0,
        "variance_ns2": 1198246284.8866253,
        "iqr_ns": 47107.13962759976,
        "q1_ns": 5161.153360365208,
        "q3_ns": 52268.29298796497
      },
      "first_seen_ts_ns": 1749593311578371172,
      "last_seen_ts_ns": 1749593330512800084,
      "duration_active_s": 18.934428912
    },
    {
      "tgid": 469,
      "comm": "xhpcg",
      "cgroup_id": 174234,
      "on_cpu_stats_ns": {
        "count": 22.0,
        "sum_ns": 1151486.7850523747,
        "mean_ns": 52340.308411471575,
        "median_ns": 52265.82896549332,
        "min_ns": 7808.571428571428,
        "max_ns": 156442.0,
        "variance_ns2": 1726507377.1713243,
        "iqr_ns": 67748.6075718955,
        "q1_ns": 17609.526636914085,
        "q3_ns": 85358.13420880958
      },
      "runq_latency_stats_ns": {
        "count": 22.0,
        "sum_ns": 475727.82763923384,
        "mean_ns": 21623.99216541972,
        "median_ns": 13333.132905373177,
        "min_ns": 2287.285714285714,
        "max_ns": 68041.0,
        "variance_ns2": 549942902.1082478,
        "iqr_ns": 34280.56382672072,
        "q1_ns": 4551.89962339166,
        "q3_ns": 38832.46345011238
      },
      "first_seen_ts_ns": 1749593311578371172,
      "last_seen_ts_ns": 1749593330512800084,
      "duration_active_s": 18.934428912
    },
    {
      "tgid": 479,
      "comm": "xhpcg",
      "cgroup_id": 174234,
      "on_cpu_stats_ns": {
        "count": 22.0,
        "sum_ns": 1095490.5960258867,
        "mean_ns": 49795.02709208576,
        "median_ns": 39116.153071143606,
        "min_ns": 7805.857142857143,
        "max_ns": 123682.0,
        "variance_ns2": 1501152089.0757153,
        "iqr_ns": 59811.937480645836,
        "q1_ns": 15928.176049188058,
        "q3_ns": 75740.11352983389
      },
      "runq_latency_stats_ns": {
        "count": 22.0,
        "sum_ns": 470618.46264530096,
        "mean_ns": 21391.748302059135,
        "median_ns": 13045.567802112973,
        "min_ns": 2172.1428571428573,
        "max_ns": 58271.0,
        "variance_ns2": 466230105.23786354,
        "iqr_ns": 32394.03650387456,
        "q1_ns": 3992.848630641996,
        "q3_ns": 36386.88513451655
      },
      "first_seen_ts_ns": 1749593311578371172,
      "last_seen_ts_ns": 1749593330512800084,
      "duration_active_s": 18.934428912
    },
    {
      "tgid": 66,
      "comm": "bash",
      "cgroup_id": 174234,
      "on_cpu_stats_ns": {
        "count": 39.0,
        "sum_ns": 1095090.4494593644,
        "mean_ns": 28079.24229382986,
        "median_ns": 24407.877467915514,
        "min_ns": 8081.970588235294,
        "max_ns": 53951.0,
        "variance_ns2": 237442924.80329764,
        "iqr_ns": 30376.165265519892,
        "q1_ns": 12129.97838522632,
        "q3_ns": 42506.14365074621
      },
      "runq_latency_stats_ns": {
        "count": 39.0,
        "sum_ns": 923021.7488357228,
        "mean_ns": 23667.224329121098,
        "median_ns": 7848.671817476617,
        "min_ns": 2274.4285714285716,
        "max_ns": 469079.0,
        "variance_ns2": 5471107953.075327,
        "iqr_ns": 17497.66426057358,
        "q1_ns": 3150.4697974133546,
        "q3_ns": 20648.134057986936
      },
      "first_seen_ts_ns": 1749593311578371172,
      "last_seen_ts_ns": 1749593386361274852,
      "duration_active_s": 74.78290368
    },
    {
      "tgid": 435,
      "comm": "xhpcg",
      "cgroup_id": 174234,
      "on_cpu_stats_ns": {
        "count": 10.0,
        "sum_ns": 1055034.5,
        "mean_ns": 105503.45,
        "median_ns": 64337.370370370365,
        "min_ns": 48241.0,
        "max_ns": 331527.0,
        "variance_ns2": 7417703872.691667,
        "iqr_ns": 31502.479166666657,
        "q1_ns": 54371.0,
        "q3_ns": 85873.47916666666
      },
      "runq_latency_stats_ns": {
        "count": 10.0,
        "sum_ns": 522696.5000000001,
        "mean_ns": 52269.65000000001,
        "median_ns": 36127.666666666664,
        "min_ns": 28461.0,
        "max_ns": 126323.0,
        "variance_ns2": 849838397.8916668,
        "iqr_ns": 15955.0,
        "q1_ns": 33956.0,
        "q3_ns": 49911.0
      },
      "first_seen_ts_ns": 1749593311412840917,
      "last_seen_ts_ns": 1749593313712792372,
      "duration_active_s": 2.299951455
    },
    {
      "tgid": 379,
      "comm": "xhpcg",
      "cgroup_id": 174234,
      "on_cpu_stats_ns": {
        "count": 17.0,
        "sum_ns": 1034167.5505952381,
        "mean_ns": 60833.385329131655,
        "median_ns": 45228.87332451499,
        "min_ns": 8954.357142857143,
        "max_ns": 138412.0,
        "variance_ns2": 1928632593.176957,
        "iqr_ns": 86188.64316503739,
        "q1_ns": 19836.282044277097,
        "q3_ns": 106024.92520931449
      },
      "runq_latency_stats_ns": {
        "count": 17.0,
        "sum_ns": 331156.2176587301,
        "mean_ns": 19479.777509337066,
        "median_ns": 15114.906455026454,
        "min_ns": 2211.4285714285716,
        "max_ns": 104022.0,
        "variance_ns2": 599406759.3729361,
        "iqr_ns": 24829.303762755102,
        "q1_ns": 4356.371237244897,
        "q3_ns": 29185.675
      },
      "first_seen_ts_ns": 1749593310782876146,
      "last_seen_ts_ns": 1749593330512800084,
      "duration_active_s": 19.729923938
    },
    {
      "tgid": 445,
      "comm": "xhpcg",
      "cgroup_id": 174234,
      "on_cpu_stats_ns": {
        "count": 11.0,
        "sum_ns": 1029670.6666666666,
        "mean_ns": 93606.42424242424,
        "median_ns": 68511.33333333333,
        "min_ns": 22361.0,
        "max_ns": 211804.0,
        "variance_ns2": 4153807898.063132,
        "iqr_ns": 38396.90046296296,
        "q1_ns": 50571.0,
        "q3_ns": 88967.90046296296
      },
      "runq_latency_stats_ns": {
        "count": 11.0,
        "sum_ns": 646664.8333333334,
        "mean_ns": 58787.71212121213,
        "median_ns": 76148.58333333334,
        "min_ns": 2950.0,
        "max_ns": 117632.0,
        "variance_ns2": 1748455261.878283,
        "iqr_ns": 66672.1574074074,
        "q1_ns": 30163.8425925926,
        "q3_ns": 96836.0
      },
      "first_seen_ts_ns": 1749593311412840917,
      "last_seen_ts_ns": 1749593313712792372,
      "duration_active_s": 2.299951455
    },
    {
      "tgid": 475,
      "comm": "xhpcg",
      "cgroup_id": 174234,
      "on_cpu_stats_ns": {
        "count": 8.0,
        "sum_ns": 1022184.5,
        "mean_ns": 127773.0625,
        "median_ns": 52351.0,
        "min_ns": 24811.0,
        "max_ns": 649932.0,
        "variance_ns2": 44739457821.745544,
        "iqr_ns": 8366.11111111111,
        "q1_ns": 48984.333333333336,
        "q3_ns": 57350.444444444445
      },
      "runq_latency_stats_ns": {
        "count": 8.0,
        "sum_ns": 724857.5000000001,
        "mean_ns": 90607.18750000001,
        "median_ns": 67042.58333333333,
        "min_ns": 5250.0,
        "max_ns": 279245.0,
        "variance_ns2": 8397874231.566966,
        "iqr_ns": 49057.44162326389,
        "q1_ns": 28493.558376736113,
        "q3_ns": 77551.0
      },
      "first_seen_ts_ns": 1749593311412840917,
      "last_seen_ts_ns": 1749593313712792372,
      "duration_active_s": 2.299951455
    },
    {
      "tgid": 31,
      "comm": "bash",
      "cgroup_id": 174094,
      "on_cpu_stats_ns": {
        "count": 38.0,
        "sum_ns": 999654.8158838712,
        "mean_ns": 26306.705681154504,
        "median_ns": 24176.884973843553,
        "min_ns": 7166.7692307692305,
        "max_ns": 56811.0,
        "variance_ns2": 232310658.8232253,
        "iqr_ns": 24898.46817072411,
        "q1_ns": 10305.482496792842,
        "q3_ns": 35203.950667516954
      },
      "runq_latency_stats_ns": {
        "count": 38.0,
        "sum_ns": 1120486.8844390905,
        "mean_ns": 29486.49695892343,
        "median_ns": 12324.516423072622,
        "min_ns": 2160.923076923077,
        "max_ns": 730974.0,
        "variance_ns2": 13754197513.959406,
        "iqr_ns": 4349.696731487889,
        "q1_ns": 4073.189943457655,
        "q3_ns": 8422.886674945545
      },
      "first_seen_ts_ns": 1749593311578371172,
      "last_seen_ts_ns": 1749593386361274852,
      "duration_active_s": 74.78290368
    },
    {
      "tgid": 358,
      "comm": "xhpcg",
      "cgroup_id": 174234,
      "on_cpu_stats_ns": {
        "count": 17.0,
        "sum_ns": 944378.1984126983,
        "mean_ns": 55551.65873015873,
        "median_ns": 38892.1951165056,
        "min_ns": 10173.714285714286,
        "max_ns": 161654.0,
        "variance_ns2": 2006205369.0492203,
        "iqr_ns": 27186.903862690124,
        "q1_ns": 21201.260747667642,
        "q3_ns": 48388.164610357766
      },
      "runq_latency_stats_ns": {
        "count": 17.0,
        "sum_ns": 265846.8476190476,
        "mean_ns": 15638.049859943978,
        "median_ns": 9839.84023745411,
        "min_ns": 2527.8571428571427,
        "max_ns": 54670.0,
        "variance_ns2": 239339333.7274096,
        "iqr_ns": 20751.80756159717,
        "q1_ns": 3891.7167212564036,
        "q3_ns": 24643.52428285357
      },
      "first_seen_ts_ns": 1749593310673332516,
      "last_seen_ts_ns": 1749593330512800084,
      "duration_active_s": 19.839467568
    },
    {
      "tgid": 425,
      "comm": "xhpcg",
      "cgroup_id": 174234,
      "on_cpu_stats_ns": {
        "count": 11.0,
        "sum_ns": 881832.6666666667,
        "mean_ns": 80166.60606060606,
        "median_ns": 65412.12777777778,
        "min_ns": 15790.0,
        "max_ns": 247584.0,
        "variance_ns2": 3863867182.684848,
        "iqr_ns": 37039.125925925924,
        "q1_ns": 42395.9875,
        "q3_ns": 79435.11342592593
      },
      "runq_latency_stats_ns": {
        "count": 11.0,
        "sum_ns": 481689.3333333334,
        "mean_ns": 43789.9393939394,
        "median_ns": 37631.33333333333,
        "min_ns": 3750.0,
        "max_ns": 125592.0,
        "variance_ns2": 1360729563.840404,
        "iqr_ns": 46537.87851851852,
        "q1_ns": 20668.62148148148,
        "q3_ns": 67206.5
      },
      "first_seen_ts_ns": 1749593311412840917,
      "last_seen_ts_ns": 1749593313712792372,
      "duration_active_s": 2.299951455
    },
    {
      "tgid": 495,
      "comm": "xhpcg",
      "cgroup_id": 174234,
      "on_cpu_stats_ns": {
        "count": 6.0,
        "sum_ns": 836384.5000000001,
        "mean_ns": 139397.4166666667,
        "median_ns": 82052.0,
        "min_ns": 27745.5,
        "max_ns": 489209.0,
        "variance_ns2": 29837858357.041664,
        "iqr_ns": 10066.38888888889,
        "q1_ns": 71985.61111111111,
        "q3_ns": 82052.0
      },
      "runq_latency_stats_ns": {
        "count": 6.0,
        "sum_ns": 339244.5,
        "mean_ns": 56540.75,
        "median_ns": 46491.0,
        "min_ns": 3114.5,
        "max_ns": 171383.0,
        "variance_ns2": 4028937676.575,
        "iqr_ns": 24734.277777777774,
        "q1_ns": 21756.722222222226,
        "q3_ns": 46491.0
      },
      "first_seen_ts_ns": 1749593311412840917,
      "last_seen_ts_ns": 1749593313832772098,
      "duration_active_s": 2.419931181
    },
    {
      "tgid": 489,
      "comm": "xhpcg",
      "cgroup_id": 174234,
      "on_cpu_stats_ns": {
        "count": 22.0,
        "sum_ns": 809376.1936383946,
        "mean_ns": 36789.82698356339,
        "median_ns": 32971.05449631279,
        "min_ns": 7405.071428571428,
        "max_ns": 99022.0,
        "variance_ns2": 716473077.4649819,
        "iqr_ns": 44077.07000934829,
        "q1_ns": 13267.097932184206,
        "q3_ns": 57344.1679415325
      },
      "runq_latency_stats_ns": {
        "count": 22.0,
        "sum_ns": 459194.71088263637,
        "mean_ns": 20872.486858301654,
        "median_ns": 11739.582153318797,
        "min_ns": 2167.0714285714284,
        "max_ns": 58151.0,
        "variance_ns2": 478456814.62307656,
        "iqr_ns": 31684.193432332366,
        "q1_ns": 3741.817167766158,
        "q3_ns": 35426.010600098525
      },
      "first_seen_ts_ns": 1749593311578371172,
      "last_seen_ts_ns": 1749593330512800084,
      "duration_active_s": 18.934428912
    },
    {
      "tgid": 429,
      "comm": "xhpcg",
      "cgroup_id": 174234,
      "on_cpu_stats_ns": {
        "count": 22.0,
        "sum_ns": 782583.3705679639,
        "mean_ns": 35571.971389452905,
        "median_ns": 29380.223720407845,
        "min_ns": 7299.571428571428,
        "max_ns": 76741.0,
        "variance_ns2": 525563165.8167283,
        "iqr_ns": 37915.419560021386,
        "q1_ns": 14914.935104763237,
        "q3_ns": 52830.35466478462
      },
      "runq_latency_stats_ns": {
        "count": 22.0,
        "sum_ns": 312836.42430770554,
        "mean_ns": 14219.83746853207,
        "median_ns": 10213.07916674364,
        "min_ns": 2294.0,
        "max_ns": 35360.0,
        "variance_ns2": 194602571.76174387,
        "iqr_ns": 22848.62363235424,
        "q1_ns": 3705.6928887142544,
        "q3_ns": 26554.316521068493
      },
      "first_seen_ts_ns": 1749593311578371172,
      "last_seen_ts_ns": 1749593330512800084,
      "duration_active_s": 18.934428912
    },
    {
      "tgid": 459,
      "comm": "xhpcg",
      "cgroup_id": 174234,
      "on_cpu_stats_ns": {
        "count": 14.0,
        "sum_ns": 779040.9837886572,
        "mean_ns": 55645.784556332655,
        "median_ns": 47460.56197960561,
        "min_ns": 8130.071428571428,
        "max_ns": 134892.0,
        "variance_ns2": 1655107115.031052,
        "iqr_ns": 54568.30977812526,
        "q1_ns": 28824.95445826104,
        "q3_ns": 83393.2642363863
      },
      "runq_latency_stats_ns": {
        "count": 14.0,
        "sum_ns": 339691.9406491341,
        "mean_ns": 24263.710046366723,
        "median_ns": 20189.730210329748,
        "min_ns": 2214.0,
        "max_ns": 68091.0,
        "variance_ns2": 574175779.6708434,
        "iqr_ns": 35613.7203108916,
        "q1_ns": 5107.416288367979,
        "q3_ns": 40721.13659925958
      },
      "first_seen_ts_ns": 1749593311578371172,
      "last_seen_ts_ns": 1749593330512800084,
      "duration_active_s": 18.934428912
    },
    {
      "tgid": 439,
      "comm": "xhpcg",
      "cgroup_id": 174234,
      "on_cpu_stats_ns": {
        "count": 22.0,
        "sum_ns": 767879.9826303599,
        "mean_ns": 34903.63557410727,
        "median_ns": 32611.078326157003,
        "min_ns": 7600.857142857143,
        "max_ns": 74731.0,
        "variance_ns2": 493915512.64188886,
        "iqr_ns": 34637.37305075674,
        "q1_ns": 15858.694975809854,
        "q3_ns": 50496.068026566594
      },
      "runq_latency_stats_ns": {
        "count": 22.0,
        "sum_ns": 314872.5602420455,
        "mean_ns": 14312.38910191116,
        "median_ns": 9970.956852246876,
        "min_ns": 2348.6428571428573,
        "max_ns": 35430.0,
        "variance_ns2": 195298614.8665597,
        "iqr_ns": 22762.643438801075,
        "q1_ns": 3659.9127089571284,
        "q3_ns": 26422.5561477582
      },
      "first_seen_ts_ns": 1749593311578371172,
      "last_seen_ts_ns": 1749593330512800084,
      "duration_active_s": 18.934428912
    },
    {
      "tgid": 389,
      "comm": "xhpcg",
      "cgroup_id": 174234,
      "on_cpu_stats_ns": {
        "count": 23.0,
        "sum_ns": 755633.4871031744,
        "mean_ns": 32853.62987405106,
        "median_ns": 28434.741619499277,
        "min_ns": 7781.428571428572,
        "max_ns": 73152.0,
        "variance_ns2": 363508166.51385313,
        "iqr_ns": 21492.12956239443,
        "q1_ns": 25971.963019765593,
        "q3_ns": 47464.092582160025
      },
      "runq_latency_stats_ns": {
        "count": 23.0,
        "sum_ns": 285544.84523809527,
        "mean_ns": 12414.993271221532,
        "median_ns": 7684.234076134433,
        "min_ns": 2220.0,
        "max_ns": 29821.0,
        "variance_ns2": 149285914.48385376,
        "iqr_ns": 22069.311792935787,
        "q1_ns": 3060.470490247762,
        "q3_ns": 25129.782283183547
      },
      "first_seen_ts_ns": 1749593311303124212,
      "last_seen_ts_ns": 1749593330512800084,
      "duration_active_s": 19.209675872
    },
    {
      "tgid": 449,
      "comm": "xhpcg",
      "cgroup_id": 174234,
      "on_cpu_stats_ns": {
        "count": 22.0,
        "sum_ns": 727044.1154995331,
        "mean_ns": 33047.45979543332,
        "median_ns": 29708.57685671931,
        "min_ns": 7524.642857142857,
        "max_ns": 65681.0,
        "variance_ns2": 436878219.58320946,
        "iqr_ns": 33934.612633694924,
        "q1_ns": 13875.140605487915,
        "q3_ns": 47809.753239182835
      },
      "runq_latency_stats_ns": {
        "count": 22.0,
        "sum_ns": 308256.3972635208,
        "mean_ns": 14011.654421069128,
        "median_ns": 9575.763089024065,
        "min_ns": 2252.9285714285716,
        "max_ns": 35500.0,
        "variance_ns2": 196259463.81795368,
        "iqr_ns": 22680.231455787583,
        "q1_ns": 3413.6822947325277,
        "q3_ns": 26093.91375052011
      },
      "first_seen_ts_ns": 1749593311578371172,
      "last_seen_ts_ns": 1749593330512800084,
      "duration_active_s": 18.934428912
    },
    {
      "tgid": 338,
      "comm": "xhpcg",
      "cgroup_id": 174234,
      "on_cpu_stats_ns": {
        "count": 23.0,
        "sum_ns": 726471.7412698413,
        "mean_ns": 31585.727881297447,
        "median_ns": 31249.61571762055,
        "min_ns": 11977.285714285714,
        "max_ns": 48971.0,
        "variance_ns2": 101532955.12014908,
        "iqr_ns": 6404.852198487759,
        "q1_ns": 28993.625446085105,
        "q3_ns": 35398.477644572864
      },
      "runq_latency_stats_ns": {
        "count": 23.0,
        "sum_ns": 247089.13650793655,
        "mean_ns": 10743.005935127676,
        "median_ns": 7306.935807588241,
        "min_ns": 2570.0,
        "max_ns": 24531.0,
        "variance_ns2": 86280113.2990069,
        "iqr_ns": 12123.415511993646,
        "q1_ns": 3576.7489399575024,
        "q3_ns": 15700.164451951148
      },
      "first_seen_ts_ns": 1749593310673332516,
      "last_seen_ts_ns": 1749593330512800084,
      "duration_active_s": 19.839467568
    },
    {
      "tgid": 409,
      "comm": "xhpcg",
      "cgroup_id": 174234,
      "on_cpu_stats_ns": {
        "count": 22.0,
        "sum_ns": 696337.0573412699,
        "mean_ns": 31651.684424603176,
        "median_ns": 29407.8856093013,
        "min_ns": 7185.071428571428,
        "max_ns": 72262.0,
        "variance_ns2": 390584810.9483961,
        "iqr_ns": 25345.714035179986,
        "q1_ns": 24263.32077968305,
        "q3_ns": 49609.03481486304
      },
      "runq_latency_stats_ns": {
        "count": 22.0,
        "sum_ns": 279777.2811507936,
        "mean_ns": 12717.149143217892,
        "median_ns": 6173.4063809569825,
        "min_ns": 2178.0,
        "max_ns": 29860.0,
        "variance_ns2": 152217941.00135833,
        "iqr_ns": 17954.05810518879,
        "q1_ns": 3362.5547502198674,
        "q3_ns": 21316.612855408657
      },
      "first_seen_ts_ns": 1749593311578371172,
      "last_seen_ts_ns": 1749593330512800084,
      "duration_active_s": 18.934428912
    },
    {
      "tgid": 399,
      "comm": "xhpcg",
      "cgroup_id": 174234,
      "on_cpu_stats_ns": {
        "count": 22.0,
        "sum_ns": 642735.9144841268,
        "mean_ns": 29215.268840187586,
        "median_ns": 27529.30020397675,
        "min_ns": 7276.642857142857,
        "max_ns": 54031.0,
        "variance_ns2": 242377827.4067227,
        "iqr_ns": 18569.598428262012,
        "q1_ns": 25558.015567878407,
        "q3_ns": 44127.61399614042
      },
      "runq_latency_stats_ns": {
        "count": 22.0,
        "sum_ns": 278732.0071428571,
        "mean_ns": 12669.636688311688,
        "median_ns": 6092.807035936972,
        "min_ns": 2204.285714285714,
        "max_ns": 29881.0,
        "variance_ns2": 153218482.45191583,
        "iqr_ns": 17940.706636156836,
        "q1_ns": 3214.9936190015337,
        "q3_ns": 21155.70025515837
      },
      "first_seen_ts_ns": 1749593311578371172,
      "last_seen_ts_ns": 1749593330512800084,
      "duration_active_s": 18.934428912
    },
    {
      "tgid": 373,
      "comm": "xhpcg",
      "cgroup_id": 174234,
      "on_cpu_stats_ns": {
        "count": 14.0,
        "sum_ns": 619184.4021825396,
        "mean_ns": 44227.45729875283,
        "median_ns": 31773.26366243662,
        "min_ns": 8298.785714285714,
        "max_ns": 221705.0,
        "variance_ns2": 2756418584.639766,
        "iqr_ns": 21487.95930835908,
        "q1_ns": 24489.73876111111,
        "q3_ns": 45977.69806947019
      },
      "runq_latency_stats_ns": {
        "count": 14.0,
        "sum_ns": 281738.09444444446,
        "mean_ns": 20124.149603174603,
        "median_ns": 12623.997795552248,
        "min_ns": 2492.1428571428573,
        "max_ns": 98332.0,
        "variance_ns2": 617058617.6999713,
        "iqr_ns": 22436.85202148158,
        "q1_ns": 3791.156857142857,
        "q3_ns": 26228.008878624438
      },
      "first_seen_ts_ns": 1749593311578371172,
      "last_seen_ts_ns": 1749593330512800084,
      "duration_active_s": 18.934428912
    },
    {
      "tgid": 685,
      "comm": "xhpcg",
      "cgroup_id": 174234,
      "on_cpu_stats_ns": {
        "count": 4.0,
        "sum_ns": 591010.8333333333,
        "mean_ns": 147752.7083333333,
        "median_ns": 146820.5,
        "min_ns": 88713.0,
        "max_ns": 228735.0,
        "variance_ns2": 3495374531.2291665,
        "iqr_ns": 101992.66666666667,
        "q1_ns": 126742.33333333333,
        "q3_ns": 228735.0
      },
      "runq_latency_stats_ns": {
        "count": 4.0,
        "sum_ns": 236963.08333333334,
        "mean_ns": 59240.770833333336,
        "median_ns": 58286.25,
        "min_ns": 41954.333333333336,
        "max_ns": 81111.5,
        "variance_ns2": 263745354.0156249,
        "iqr_ns": 25500.5,
        "q1_ns": 55611.0,
        "q3_ns": 81111.5
      },
      "first_seen_ts_ns": 1749593341422799076,
      "last_seen_ts_ns": 1749593347522900325,
      "duration_active_s": 6.100101249
    },
    {
      "tgid": 334,
      "comm": "python3",
      "cgroup_id": 174234,
      "on_cpu_stats_ns": {
        "count": 3.0,
        "sum_ns": 507899.0,
        "mean_ns": 169299.66666666666,
        "median_ns": 178683.0,
        "min_ns": 105662.0,
        "max_ns": 223554.0,
        "variance_ns2": 3540666124.3333335,
        "iqr_ns": 117892.0,
        "q1_ns": 105662.0,
        "q3_ns": 223554.0
      },
      "runq_latency_stats_ns": {
        "count": 3.0,
        "sum_ns": 120792.0,
        "mean_ns": 40264.0,
        "median_ns": 43311.0,
        "min_ns": 2420.0,
        "max_ns": 75061.0,
        "variance_ns2": 1326141877.0,
        "iqr_ns": 72641.0,
        "q1_ns": 2420.0,
        "q3_ns": 75061.0
      },
      "first_seen_ts_ns": 1749593311412840917,
      "last_seen_ts_ns": 1749593313712792372,
      "duration_active_s": 2.299951455
    },
    {
      "tgid": 356,
      "comm": "xhpcg",
      "cgroup_id": 174234,
      "on_cpu_stats_ns": {
        "count": 12.0,
        "sum_ns": 399539.30158730154,
        "mean_ns": 33294.94179894179,
        "median_ns": 29329.069973544978,
        "min_ns": 10892.92857142857,
        "max_ns": 61061.0,
        "variance_ns2": 230943919.76455003,
        "iqr_ns": 17418.93346560847,
        "q1_ns": 20697.583928571432,
        "q3_ns": 38116.5173941799
      },
      "runq_latency_stats_ns": {
        "count": 12.0,
        "sum_ns": 121953.51269841271,
        "mean_ns": 10162.792724867726,
        "median_ns": 4840.719642857143,
        "min_ns": 2321.4285714285716,
        "max_ns": 24511.0,
        "variance_ns2": 92791522.03717743,
        "iqr_ns": 6976.310841967961,
        "q1_ns": 2841.775,
        "q3_ns": 9818.08584196796
      },
      "first_seen_ts_ns": 1749593310673332516,
      "last_seen_ts_ns": 1749593330512800084,
      "duration_active_s": 19.839467568
    },
    {
      "tgid": 342,
      "comm": "xhpcg",
      "cgroup_id": 174234,
      "on_cpu_stats_ns": {
        "count": 12.0,
        "sum_ns": 379561.2428571428,
        "mean_ns": 31630.103571428568,
        "median_ns": 29610.835317460318,
        "min_ns": 12328.07142857143,
        "max_ns": 50541.0,
        "variance_ns2": 106551477.80921102,
        "iqr_ns": 8051.497501469723,
        "q1_ns": 25130.26507936508,
        "q3_ns": 33181.7625808348
      },
      "runq_latency_stats_ns": {
        "count": 12.0,
        "sum_ns": 125417.3365079365,
        "mean_ns": 10451.444708994708,
        "median_ns": 5806.659259259259,
        "min_ns": 3048.0,
        "max_ns": 24451.0,
        "variance_ns2": 87518694.90633403,
        "iqr_ns": 6141.0666666666675,
        "q1_ns": 4190.866666666667,
        "q3_ns": 10331.933333333334
      },
      "first_seen_ts_ns": 1749593310782876146,
      "last_seen_ts_ns": 1749593330512800084,
      "duration_active_s": 19.729923938
    },
    {
      "tgid": 362,
      "comm": "xhpcg",
      "cgroup_id": 174234,
      "on_cpu_stats_ns": {
        "count": 12.0,
        "sum_ns": 353217.01746031747,
        "mean_ns": 29434.751455026453,
        "median_ns": 29002.21746031746,
        "min_ns": 10944.42857142857,
        "max_ns": 52691.0,
        "variance_ns2": 147524375.1121081,
        "iqr_ns": 15398.83420634921,
        "q1_ns": 19115.959126984126,
        "q3_ns": 34514.793333333335
      },
      "runq_latency_stats_ns": {
        "count": 12.0,
        "sum_ns": 122790.89047619049,
        "mean_ns": 10232.574206349207,
        "median_ns": 4968.548776455026,
        "min_ns": 2477.3571428571427,
        "max_ns": 24480.0,
        "variance_ns2": 90954339.77603568,
        "iqr_ns": 6364.482023442093,
        "q1_ns": 3233.5,
        "q3_ns": 9597.982023442093
      },
      "first_seen_ts_ns": 1749593310673332516,
      "last_seen_ts_ns": 1749593330512800084,
      "duration_active_s": 19.839467568
    },
    {
      "tgid": 333,
      "comm": "flux-job",
      "cgroup_id": 174234,
      "on_cpu_stats_ns": {
        "count": 9.0,
        "sum_ns": 249827.93333333335,
        "mean_ns": 27758.65925925926,
        "median_ns": 22980.844444444447,
        "min_ns": 13988.666666666666,
        "max_ns": 62711.0,
        "variance_ns2": 305854131.1360494,
        "iqr_ns": 10968.22361111111,
        "q1_ns": 16281.637037037037,
        "q3_ns": 27249.860648148147
      },
      "runq_latency_stats_ns": {
        "count": 9.0,
        "sum_ns": 65879.89027777778,
        "mean_ns": 7319.987808641976,
        "median_ns": 4084.8968621399176,
        "min_ns": 2658.8125,
        "max_ns": 26741.0,
        "variance_ns2": 68369558.08380294,
        "iqr_ns": 2153.9147405121166,
        "q1_ns": 2960.0,
        "q3_ns": 5113.914740512117
      },
      "first_seen_ts_ns": 1749593310782876146,
      "last_seen_ts_ns": 1749593322492672381,
      "duration_active_s": 11.709796235
    },
    {
      "tgid": 373,
      "comm": "flux-shell",
      "cgroup_id": 174234,
      "on_cpu_stats_ns": {
        "count": 8.0,
        "sum_ns": 194939.25873015873,
        "mean_ns": 24367.40734126984,
        "median_ns": 20901.650793650795,
        "min_ns": 8625.142857142857,
        "max_ns": 47991.0,
        "variance_ns2": 133251380.95086415,
        "iqr_ns": 5208.695039682545,
        "q1_ns": 18288.43829365079,
        "q3_ns": 23497.133333333335
      },
      "runq_latency_stats_ns": {
        "count": 8.0,
        "sum_ns": 30090.45238095238,
        "mean_ns": 3761.3065476190477,
        "median_ns": 3322.285714285714,
        "min_ns": 2483.6428571428573,
        "max_ns": 6100.0,
        "variance_ns2": 1276403.92507896,
        "iqr_ns": 341.8465608465608,
        "q1_ns": 3145.0,
        "q3_ns": 3486.846560846561
      },
      "first_seen_ts_ns": 1749593310673332516,
      "last_seen_ts_ns": 1749593312402872779,
      "duration_active_s": 1.729540263
    }
  ]
}
[22:09:48] Cleanup complete. Exiting.
