unlimited
PROGRAM: cpu
Looking for /opt/programs/cpu/ebpf-collect.c
[16:40:33] Waiting for start indicator file: '/mnt/flux/start_ebpf_collection'.
[16:40:39] Start indicator found. Proceeding with monitoring.
[16:40:39] Initializing eBPF for CPU Scheduling monitoring...
[16:40:40] BPF C code compiled and loaded.
[16:40:40] Attached tracepoints.
[16:40:40] Monitoring CPU scheduling events (polling aggregated map)... Press Ctrl+C to stop.
[16:41:52] Stop indicator file '/mnt/flux/stop_ebpf_collection' found. Stopping.
[16:41:52] Initiating cleanup sequence...
{
  "final_aggregated_summary_river": [
    {
      "tgid": 111,
      "comm": "flux-broker-0",
      "cgroup_id": 51882,
      "on_cpu_stats_ns": {
        "count": 158.0,
        "sum_ns": 39772273.000000015,
        "mean_ns": 251723.24683544313,
        "median_ns": 25138.560356262627,
        "min_ns": 4524.0,
        "max_ns": 27713872.0,
        "variance_ns2": 4907721998586.023,
        "iqr_ns": 16542.131536553075,
        "q1_ns": 12350.515888773467,
        "q3_ns": 28892.64742532654
      },
      "runq_latency_stats_ns": {
        "count": 158.0,
        "sum_ns": 3199780.500000002,
        "mean_ns": 20251.775316455707,
        "median_ns": 11897.993390805996,
        "min_ns": 906.0,
        "max_ns": 154772.0,
        "variance_ns2": 664532927.4698969,
        "iqr_ns": 14809.560814284187,
        "q1_ns": 4903.876744690648,
        "q3_ns": 19713.437558974834
      },
      "first_seen_ts_ns": 1749832840456441389,
      "last_seen_ts_ns": 1749832912482912142,
      "duration_active_s": 72.026470753
    },
    {
      "tgid": 125,
      "comm": "python3",
      "cgroup_id": 51714,
      "on_cpu_stats_ns": {
        "count": 559.0,
        "sum_ns": 34806899.499999985,
        "mean_ns": 62266.36762075132,
        "median_ns": 30922.769014479985,
        "min_ns": 4207.0,
        "max_ns": 2391231.0,
        "variance_ns2": 24437835845.272438,
        "iqr_ns": 68507.69498692555,
        "q1_ns": 14421.351478116449,
        "q3_ns": 82929.04646504199
      },
      "runq_latency_stats_ns": {
        "count": 564.0,
        "sum_ns": 30650547.500000026,
        "mean_ns": 54344.942375886574,
        "median_ns": 13507.103392876803,
        "min_ns": 781.0,
        "max_ns": 10062159.0,
        "variance_ns2": 227448169553.17712,
        "iqr_ns": 10923.169682533608,
        "q1_ns": 6165.676631995579,
        "q3_ns": 17088.846314529186
      },
      "first_seen_ts_ns": 1749832840292456800,
      "last_seen_ts_ns": 1749832912590266761,
      "duration_active_s": 72.297809961
    },
    {
      "tgid": 247,
      "comm": "python3",
      "cgroup_id": 51798,
      "on_cpu_stats_ns": {
        "count": 591.0,
        "sum_ns": 28685543.349999983,
        "mean_ns": 48537.29839255496,
        "median_ns": 27560.121941862773,
        "min_ns": 4320.0,
        "max_ns": 570524.5,
        "variance_ns2": 3297474376.459672,
        "iqr_ns": 79512.78096240161,
        "q1_ns": 14835.83299673748,
        "q3_ns": 94348.61395913908
      },
      "runq_latency_stats_ns": {
        "count": 594.0,
        "sum_ns": 14028998.026190476,
        "mean_ns": 23617.84179493346,
        "median_ns": 15341.966309126445,
        "min_ns": 657.0,
        "max_ns": 469005.0,
        "variance_ns2": 1285704064.466826,
        "iqr_ns": 25383.785495844804,
        "q1_ns": 6391.746840954923,
        "q3_ns": 31775.532336799726
      },
      "first_seen_ts_ns": 1749832840292456800,
      "last_seen_ts_ns": 1749832912590266761,
      "duration_active_s": 72.297809961
    },
    {
      "tgid": 325,
      "comm": "xhpcg",
      "cgroup_id": 51882,
      "on_cpu_stats_ns": {
        "count": 21.0,
        "sum_ns": 1903728.0000000005,
        "mean_ns": 90653.7142857143,
        "median_ns": 65577.24581554181,
        "min_ns": 25928.0,
        "max_ns": 335274.5,
        "variance_ns2": 6077785342.314284,
        "iqr_ns": 65204.79904523228,
        "q1_ns": 41141.687164268085,
        "q3_ns": 106346.48620950036
      },
      "runq_latency_stats_ns": {
        "count": 21.0,
        "sum_ns": 6432725.999999999,
        "mean_ns": 306320.2857142857,
        "median_ns": 11712.856471815858,
        "min_ns": 2006.0,
        "max_ns": 4987333.5,
        "variance_ns2": 1205083685983.1646,
        "iqr_ns": 94137.00888721875,
        "q1_ns": 4055.9936831275736,
        "q3_ns": 98193.00257034632
      },
      "first_seen_ts_ns": 1749832840456441389,
      "last_seen_ts_ns": 1749832852496481349,
      "duration_active_s": 12.04003996
    },
    {
      "tgid": 337,
      "comm": "xhpcg",
      "cgroup_id": 51882,
      "on_cpu_stats_ns": {
        "count": 43.0,
        "sum_ns": 974425.0000000002,
        "mean_ns": 22661.046511627912,
        "median_ns": 25613.652322785536,
        "min_ns": 6325.0,
        "max_ns": 39475.0,
        "variance_ns2": 79729726.7596899,
        "iqr_ns": 14010.482858324287,
        "q1_ns": 14258.811329352136,
        "q3_ns": 28269.294187676423
      },
      "runq_latency_stats_ns": {
        "count": 43.0,
        "sum_ns": 339681.9999999999,
        "mean_ns": 7899.581395348834,
        "median_ns": 6435.6093589246975,
        "min_ns": 1201.0,
        "max_ns": 24514.0,
        "variance_ns2": 21970288.20155038,
        "iqr_ns": 3605.5532718742315,
        "q1_ns": 5245.767385028464,
        "q3_ns": 8851.320656902695
      },
      "first_seen_ts_ns": 1749832840686430366,
      "last_seen_ts_ns": 1749832863296474914,
      "duration_active_s": 22.610044548
    },
    {
      "tgid": 324,
      "comm": "xhpcg",
      "cgroup_id": 51882,
      "on_cpu_stats_ns": {
        "count": 13.0,
        "sum_ns": 615073.5000000001,
        "mean_ns": 47313.34615384616,
        "median_ns": 22896.975877551016,
        "min_ns": 5356.0,
        "max_ns": 126996.0,
        "variance_ns2": 2269606217.057693,
        "iqr_ns": 73105.89546296294,
        "q1_ns": 12010.604166666668,
        "q3_ns": 85116.49962962962
      },
      "runq_latency_stats_ns": {
        "count": 13.0,
        "sum_ns": 247263.5000000001,
        "mean_ns": 19020.269230769238,
        "median_ns": 16865.464,
        "min_ns": 1566.0,
        "max_ns": 60606.0,
        "variance_ns2": 257103260.52564108,
        "iqr_ns": 19545.71865079365,
        "q1_ns": 8327.030555555557,
        "q3_ns": 27872.749206349206
      },
      "first_seen_ts_ns": 1749832840292456800,
      "last_seen_ts_ns": 1749832860436440153,
      "duration_active_s": 20.143983353
    },
    {
      "tgid": 1,
      "comm": "pause",
      "cgroup_id": 51546,
      "on_cpu_stats_ns": {
        "count": 2.0,
        "sum_ns": 599261.6507936508,
        "mean_ns": 299630.8253968254,
        "median_ns": 340215.4285714286,
        "min_ns": 259046.22222222222,
        "max_ns": 340215.4285714286,
        "variance_ns2": 3294220029.6800222,
        "iqr_ns": 81169.20634920636,
        "q1_ns": 259046.22222222222,
        "q3_ns": 340215.4285714286
      },
      "runq_latency_stats_ns": {
        "count": 2.0,
        "sum_ns": 5510.587301587301,
        "mean_ns": 2755.2936507936506,
        "median_ns": 4520.444444444444,
        "min_ns": 990.1428571428571,
        "max_ns": 4520.444444444444,
        "variance_ns2": 6231514.648652053,
        "iqr_ns": 3530.3015873015875,
        "q1_ns": 990.1428571428571,
        "q3_ns": 4520.444444444444
      },
      "first_seen_ts_ns": 1749832871486504860,
      "last_seen_ts_ns": 1749832912590266761,
      "duration_active_s": 41.103761901
    },
    {
      "tgid": 319,
      "comm": "python3",
      "cgroup_id": 51882,
      "on_cpu_stats_ns": {
        "count": 9.0,
        "sum_ns": 488820.5,
        "mean_ns": 54313.38888888889,
        "median_ns": 54147.6,
        "min_ns": 5247.0,
        "max_ns": 100951.5,
        "variance_ns2": 1199271846.9861112,
        "iqr_ns": 56937.90833333333,
        "q1_ns": 22136.591666666667,
        "q3_ns": 79074.5
      },
      "runq_latency_stats_ns": {
        "count": 9.0,
        "sum_ns": 153867.16666666663,
        "mean_ns": 17096.351851851847,
        "median_ns": 18240.022222222222,
        "min_ns": 2358.6666666666665,
        "max_ns": 47159.5,
        "variance_ns2": 181344647.4891975,
        "iqr_ns": 9113.350308641975,
        "q1_ns": 12300.649691358025,
        "q3_ns": 21414.0
      },
      "first_seen_ts_ns": 1749832840292456800,
      "last_seen_ts_ns": 1749832844446501473,
      "duration_active_s": 4.154044673
    },
    {
      "tgid": 349,
      "comm": "xhpcg",
      "cgroup_id": 51882,
      "on_cpu_stats_ns": {
        "count": 34.0,
        "sum_ns": 317427.5,
        "mean_ns": 9336.10294117647,
        "median_ns": 9716.068035569924,
        "min_ns": 3822.75,
        "max_ns": 16635.75,
        "variance_ns2": 12667445.55366919,
        "iqr_ns": 4950.990604574598,
        "q1_ns": 6268.491873906615,
        "q3_ns": 11219.482478481214
      },
      "runq_latency_stats_ns": {
        "count": 34.0,
        "sum_ns": 153839.97321428574,
        "mean_ns": 4524.705094537816,
        "median_ns": 4649.109271071902,
        "min_ns": 1241.25,
        "max_ns": 9504.875,
        "variance_ns2": 4720833.953921855,
        "iqr_ns": 2498.5669831119803,
        "q1_ns": 2959.941072730344,
        "q3_ns": 5458.508055842324
      },
      "first_seen_ts_ns": 1749832842116476010,
      "last_seen_ts_ns": 1749832855246464882,
      "duration_active_s": 13.129988872
    },
    {
      "tgid": 44,
      "comm": "bash",
      "cgroup_id": 51798,
      "on_cpu_stats_ns": {
        "count": 19.0,
        "sum_ns": 239649.0,
        "mean_ns": 12613.105263157895,
        "median_ns": 11705.54300925926,
        "min_ns": 4277.0,
        "max_ns": 24456.0,
        "variance_ns2": 26930952.099415205,
        "iqr_ns": 8384.442628842167,
        "q1_ns": 7860.950864197531,
        "q3_ns": 16245.393493039699
      },
      "runq_latency_stats_ns": {
        "count": 19.0,
        "sum_ns": 366381.0,
        "mean_ns": 19283.21052631579,
        "median_ns": 11376.757373940574,
        "min_ns": 1995.0,
        "max_ns": 135869.0,
        "variance_ns2": 837803201.8421053,
        "iqr_ns": 5412.076427539967,
        "q1_ns": 11202.664031086504,
        "q3_ns": 16614.74045862647
      },
      "first_seen_ts_ns": 1749832840456441389,
      "last_seen_ts_ns": 1749832912482912142,
      "duration_active_s": 72.026470753
    },
    {
      "tgid": 323,
      "comm": "xhpcg",
      "cgroup_id": 51882,
      "on_cpu_stats_ns": {
        "count": 6.0,
        "sum_ns": 97947.0,
        "mean_ns": 16324.5,
        "median_ns": 13056.0,
        "min_ns": 6967.0,
        "max_ns": 31275.0,
        "variance_ns2": 78157117.9,
        "iqr_ns": 0.0,
        "q1_ns": 13056.0,
        "q3_ns": 13056.0
      },
      "runq_latency_stats_ns": {
        "count": 6.0,
        "sum_ns": 75182.0,
        "mean_ns": 12530.333333333332,
        "median_ns": 10919.0,
        "min_ns": 8294.0,
        "max_ns": 20200.0,
        "variance_ns2": 21867599.46666667,
        "iqr_ns": 0.0,
        "q1_ns": 10919.0,
        "q3_ns": 10919.0
      },
      "first_seen_ts_ns": 1749832840456441389,
      "last_seen_ts_ns": 1749832860436440153,
      "duration_active_s": 19.979998764
    },
    {
      "tgid": 339,
      "comm": "xhpcg",
      "cgroup_id": 51882,
      "on_cpu_stats_ns": {
        "count": 1.0,
        "sum_ns": 30803.0,
        "mean_ns": 30803.0,
        "median_ns": 30803.0,
        "min_ns": 30803.0,
        "max_ns": 30803.0,
        "variance_ns2": null,
        "iqr_ns": 0.0,
        "q1_ns": 30803.0,
        "q3_ns": 30803.0
      },
      "runq_latency_stats_ns": {
        "count": 1.0,
        "sum_ns": 3061.0,
        "mean_ns": 3061.0,
        "median_ns": 3061.0,
        "min_ns": 3061.0,
        "max_ns": 3061.0,
        "variance_ns2": null,
        "iqr_ns": 0.0,
        "q1_ns": 3061.0,
        "q3_ns": 3061.0
      },
      "first_seen_ts_ns": 1749832853496434710,
      "last_seen_ts_ns": 1749832853496434710,
      "duration_active_s": 0
    }
  ]
}
[16:41:52] Cleanup complete. Exiting.
