unlimited
PROGRAM: cpu
Looking for /opt/programs/cpu/ebpf-collect.c
[22:04:24] Waiting for start indicator file: '/mnt/flux/start_ebpf_collection'.
[22:04:25] Start indicator found. Proceeding with monitoring.
[22:04:25] Initializing eBPF for CPU Scheduling monitoring...
[22:04:25] BPF C code compiled and loaded.
[22:04:25] Attached tracepoints.
[22:04:25] Monitoring CPU scheduling events (polling aggregated map)... Press Ctrl+C to stop.
[22:05:28] Stop indicator file '/mnt/flux/stop_ebpf_collection' found. Stopping.
[22:05:28] Initiating cleanup sequence...
{
  "final_aggregated_summary_river": [
    {
      "tgid": 250,
      "comm": "python3",
      "cgroup_id": 28582,
      "on_cpu_stats_ns": {
        "count": 229.0,
        "sum_ns": 43445362.30248804,
        "mean_ns": 189717.73931217482,
        "median_ns": 23622.360153573543,
        "min_ns": 3741.6666666666665,
        "max_ns": 7146252.0,
        "variance_ns2": 445055383046.9485,
        "iqr_ns": 229100.61297865704,
        "q1_ns": 12945.501932176407,
        "q3_ns": 242046.11491083345
      },
      "runq_latency_stats_ns": {
        "count": 229.0,
        "sum_ns": 22564120.613608558,
        "mean_ns": 98533.27778868366,
        "median_ns": 4926.26481742879,
        "min_ns": 363.6528925619835,
        "max_ns": 12903063.0,
        "variance_ns2": 813275415929.6781,
        "iqr_ns": 9258.724584574826,
        "q1_ns": 3461.3965056190837,
        "q3_ns": 12720.121090193908
      },
      "first_seen_ts_ns": 1749938665499984728,
      "last_seen_ts_ns": 1749938728612872972,
      "duration_active_s": 63.112888244
    },
    {
      "tgid": 202,
      "comm": "python3",
      "cgroup_id": 28512,
      "on_cpu_stats_ns": {
        "count": 276.0,
        "sum_ns": 7958017.621884055,
        "mean_ns": 28833.39718073933,
        "median_ns": 17219.35597576602,
        "min_ns": 2932.0,
        "max_ns": 366502.0,
        "variance_ns2": 2152071985.3892436,
        "iqr_ns": 10395.485566151785,
        "q1_ns": 11893.105333757701,
        "q3_ns": 22288.590899909486
      },
      "runq_latency_stats_ns": {
        "count": 276.0,
        "sum_ns": 2686649.312898551,
        "mean_ns": 9734.236640936779,
        "median_ns": 7740.630491932434,
        "min_ns": 803.0,
        "max_ns": 31506.0,
        "variance_ns2": 53211653.06050752,
        "iqr_ns": 13949.884955758804,
        "q1_ns": 2868.5150842842518,
        "q3_ns": 16818.400040043056
      },
      "first_seen_ts_ns": 1749938665499984728,
      "last_seen_ts_ns": 1749938728612872972,
      "duration_active_s": 63.112888244
    },
    {
      "tgid": 143,
      "comm": "flux-broker-0",
      "cgroup_id": 28652,
      "on_cpu_stats_ns": {
        "count": 135.0,
        "sum_ns": 3291323.2868115944,
        "mean_ns": 24380.1724949007,
        "median_ns": 15086.718556357708,
        "min_ns": 3572.0,
        "max_ns": 218568.5,
        "variance_ns2": 1140803748.9453223,
        "iqr_ns": 7623.40857214316,
        "q1_ns": 10363.150886951875,
        "q3_ns": 17986.559459095035
      },
      "runq_latency_stats_ns": {
        "count": 135.0,
        "sum_ns": 1246250.3405072468,
        "mean_ns": 9231.484003757383,
        "median_ns": 9201.995289385814,
        "min_ns": 938.2173913043479,
        "max_ns": 28424.0,
        "variance_ns2": 37233621.64054233,
        "iqr_ns": 11211.803937110486,
        "q1_ns": 3508.051113751424,
        "q3_ns": 14719.85505086191
      },
      "first_seen_ts_ns": 1749938665624383510,
      "last_seen_ts_ns": 1749938728612872972,
      "duration_active_s": 62.988489462
    },
    {
      "tgid": 31,
      "comm": "bash",
      "cgroup_id": 28512,
      "on_cpu_stats_ns": {
        "count": 16.0,
        "sum_ns": 1281768.5,
        "mean_ns": 80110.53125,
        "median_ns": 29461.00740740741,
        "min_ns": 9373.0,
        "max_ns": 412216.0,
        "variance_ns2": 15109994424.515627,
        "iqr_ns": 26277.995857583766,
        "q1_ns": 12271.086279761905,
        "q3_ns": 38549.08213734567
      },
      "runq_latency_stats_ns": {
        "count": 16.0,
        "sum_ns": 135896.5,
        "mean_ns": 8493.53125,
        "median_ns": 4626.934523809525,
        "min_ns": 590.0,
        "max_ns": 24292.0,
        "variance_ns2": 53511706.91562499,
        "iqr_ns": 8757.183256172839,
        "q1_ns": 3349.4729938271607,
        "q3_ns": 12106.65625
      },
      "first_seen_ts_ns": 1749938665499984728,
      "last_seen_ts_ns": 1749938725973713974,
      "duration_active_s": 60.473729246
    },
    {
      "tgid": 311,
      "comm": "xhpcg",
      "cgroup_id": 28652,
      "on_cpu_stats_ns": {
        "count": 40.0,
        "sum_ns": 626562.0,
        "mean_ns": 15664.05,
        "median_ns": 15728.723641800838,
        "min_ns": 4786.0,
        "max_ns": 25624.0,
        "variance_ns2": 25251140.253846157,
        "iqr_ns": 6297.145846958798,
        "q1_ns": 13230.813620941202,
        "q3_ns": 19527.9594679
      },
      "runq_latency_stats_ns": {
        "count": 40.0,
        "sum_ns": 250026.99999999997,
        "mean_ns": 6250.674999999999,
        "median_ns": 5571.194317225027,
        "min_ns": 2107.0,
        "max_ns": 21600.0,
        "variance_ns2": 15532823.763461541,
        "iqr_ns": 3073.3011216099717,
        "q1_ns": 3970.779179036124,
        "q3_ns": 7044.080300646096
      },
      "first_seen_ts_ns": 1749938665732369548,
      "last_seen_ts_ns": 1749938686221049050,
      "duration_active_s": 20.488679502
    },
    {
      "tgid": 1,
      "comm": "pause",
      "cgroup_id": 28302,
      "on_cpu_stats_ns": {
        "count": 3.0,
        "sum_ns": 596592.1111111111,
        "mean_ns": 198864.03703703705,
        "median_ns": 190686.0,
        "min_ns": 143991.66666666666,
        "max_ns": 261914.44444444444,
        "variance_ns2": 3526605597.0411534,
        "iqr_ns": 117922.77777777778,
        "q1_ns": 143991.66666666666,
        "q3_ns": 261914.44444444444
      },
      "runq_latency_stats_ns": {
        "count": 3.0,
        "sum_ns": 9256.888888888889,
        "mean_ns": 3085.6296296296296,
        "median_ns": 1199.888888888889,
        "min_ns": 866.0,
        "max_ns": 7191.0,
        "variance_ns2": 12668419.855967078,
        "iqr_ns": 6325.0,
        "q1_ns": 866.0,
        "q3_ns": 7191.0
      },
      "first_seen_ts_ns": 1749938666340357510,
      "last_seen_ts_ns": 1749938728612872972,
      "duration_active_s": 62.272515462
    },
    {
      "tgid": 309,
      "comm": "xhpcg",
      "cgroup_id": 28652,
      "on_cpu_stats_ns": {
        "count": 49.0,
        "sum_ns": 500894.84193722944,
        "mean_ns": 10222.343713004682,
        "median_ns": 10264.026539944449,
        "min_ns": 3316.375,
        "max_ns": 31616.5,
        "variance_ns2": 19197423.004086275,
        "iqr_ns": 4933.490838947938,
        "q1_ns": 7571.26991501055,
        "q3_ns": 12504.760753958488
      },
      "runq_latency_stats_ns": {
        "count": 49.0,
        "sum_ns": 217398.8744588744,
        "mean_ns": 4436.711723650498,
        "median_ns": 4435.196580854737,
        "min_ns": 1368.375,
        "max_ns": 7600.625,
        "variance_ns2": 2909745.0508676707,
        "iqr_ns": 2461.106341644773,
        "q1_ns": 3416.2038406008355,
        "q3_ns": 5877.310182245608
      },
      "first_seen_ts_ns": 1749938667335038123,
      "last_seen_ts_ns": 1749938680638711688,
      "duration_active_s": 13.303673565
    },
    {
      "tgid": 65,
      "comm": "bash",
      "cgroup_id": 28652,
      "on_cpu_stats_ns": {
        "count": 20.0,
        "sum_ns": 292726.7116666667,
        "mean_ns": 14636.335583333335,
        "median_ns": 16811.09713541667,
        "min_ns": 4762.0,
        "max_ns": 22872.0,
        "variance_ns2": 28178736.77242581,
        "iqr_ns": 8251.70527743679,
        "q1_ns": 10036.668589356139,
        "q3_ns": 18288.37386679293
      },
      "runq_latency_stats_ns": {
        "count": 20.0,
        "sum_ns": 218996.835,
        "mean_ns": 10949.84175,
        "median_ns": 14216.760230902779,
        "min_ns": 891.0,
        "max_ns": 16662.0,
        "variance_ns2": 35683762.5261244,
        "iqr_ns": 6676.639815145503,
        "q1_ns": 8332.589252314814,
        "q3_ns": 15009.229067460317
      },
      "first_seen_ts_ns": 1749938665624383510,
      "last_seen_ts_ns": 1749938726378674594,
      "duration_active_s": 60.754291084
    }
  ]
}
[22:05:28] Cleanup complete. Exiting.
