

32 32 32
15
chmod: cannot access './wait-fs': No such file or directory
mv: cannot stat './wait-fs': No such file or directory
ln: failed to create symbolic link '/mnt/flux/view/lib/python': File exists
ln: failed to create symbolic link '/mnt/flux/view/lib/python3': File exists
#!/bin/bash
set -euo pipefail
flux resource list
echo "The parent process ID is: $PPID"          
echo "The execution parent process ID is: $$"         
CGROUP_PATH_LINE=$(cat "/proc/$$/cgroup")
echo 
CGROUP_V2_PATH=${CGROUP_PATH_LINE:3}
ACTUAL_CGROUP_DIR="/sys/fs/cgroup${CGROUP_V2_PATH}"
TARGET_CGROUP_ID=$(stat -c '%i' $ACTUAL_CGROUP_DIR)
echo "The cgroup id is $TARGET_CGROUP_ID"
echo -n $TARGET_CGROUP_ID > /mnt/flux/cgroup-id.txt
sleep 5
flux exec -r all touch /mnt/flux/start_ebpf_collection
for i in {1..3}
do
  echo "FLUX-RUN START hpcg-iter-$i"
  flux run --setattr=user.study_id=hpcg-iter-$i -N1 -n 32 -o cpu-affinity=per-task -o gpu-affinity=off     /opt/hpcg/xhpcg
  
   echo "FLUX-RUN END hpcg-iter-$i"
done

  echo "FLUX-RESULTS START"
  cat hpcg*.txt
  echo "HPCG-BENCHMARKS"
  cat HPCG-Benchmark*.txt
  echo "FLUX-RESULTS END"

output=./results/${app}
(apt-get update > /dev/null 2>&1 && apt-get install -y jq > /dev/null 2>&1) || (yum update -y > /dev/null 2>&1 && yum install -y jq > /dev/null 2>&1)
mkdir -p $output
for jobid in $(flux jobs -a --json | jq -r .jobs[].id); do
    echo
    study_id=$(flux job info $jobid jobspec | jq -r ".attributes.user.study_id")
    echo "FLUX-JOB START ${jobid} ${study_id}"
    echo "FLUX-JOB-JOBSPEC START"
    flux job info $jobid jobspec
    echo "FLUX-JOB-JOBSPEC END" 
    
    echo "FLUX-JOB-RESOURCES START"
    flux job info ${jobid} R
    echo "FLUX-JOB-RESOURCES END"
    echo "FLUX-JOB-EVENTLOG START" 
    flux job info $jobid guest.exec.eventlog
    echo "FLUX-JOB-EVENTLOG END" 
    echo "FLUX-JOB END ${jobid} ${study_id}"
done
echo "FLUX JOB STATS"
flux job stats 

     STATE NNODES   NCORES    NGPUS NODELIST
      free      1       32        0 hpcg-0
 allocated      0        0        0 
      down      0        0        0 
The parent process ID is: 143
The execution parent process ID is: 197

The cgroup id is 16573
FLUX-RUN START hpcg-iter-1
FLUX-RUN END hpcg-iter-1
FLUX-RUN START hpcg-iter-2
FLUX-RUN END hpcg-iter-2
FLUX-RUN START hpcg-iter-3
FLUX-RUN END hpcg-iter-3
FLUX-RESULTS START
WARNING: PERFORMING UNPRECONDITIONED ITERATIONS
Call [0] Number of Iterations [11] Scaled Residual [5.15371e-14]
WARNING: PERFORMING UNPRECONDITIONED ITERATIONS
Call [1] Number of Iterations [11] Scaled Residual [5.15371e-14]
Call [0] Number of Iterations [2] Scaled Residual [6.18719e-17]
Call [1] Number of Iterations [2] Scaled Residual [6.18719e-17]
Departure from symmetry (scaled) for SpMV abs(x'*A*y - y'*A*x) = 3.35475e-09
Departure from symmetry (scaled) for MG abs(x'*Minv*y - y'*Minv*x) = 8.38688e-10
SpMV call [0] Residual [0]
SpMV call [1] Residual [0]
Call [0] Scaled Residual [4.80215e-08]
Call [1] Scaled Residual [4.80215e-08]
Call [2] Scaled Residual [4.80215e-08]
Call [3] Scaled Residual [4.80215e-08]
Call [4] Scaled Residual [4.80215e-08]
Call [5] Scaled Residual [4.80215e-08]
Call [6] Scaled Residual [4.80215e-08]
Call [7] Scaled Residual [4.80215e-08]
Call [8] Scaled Residual [4.80215e-08]
Call [9] Scaled Residual [4.80215e-08]
Call [10] Scaled Residual [4.80215e-08]
Call [11] Scaled Residual [4.80215e-08]
Call [12] Scaled Residual [4.80215e-08]
Call [13] Scaled Residual [4.80215e-08]
Call [14] Scaled Residual [4.80215e-08]
WARNING: PERFORMING UNPRECONDITIONED ITERATIONS
Call [0] Number of Iterations [11] Scaled Residual [5.15371e-14]
WARNING: PERFORMING UNPRECONDITIONED ITERATIONS
Call [1] Number of Iterations [11] Scaled Residual [5.15371e-14]
Call [0] Number of Iterations [2] Scaled Residual [6.18719e-17]
Call [1] Number of Iterations [2] Scaled Residual [6.18719e-17]
Departure from symmetry (scaled) for SpMV abs(x'*A*y - y'*A*x) = 3.35475e-09
Departure from symmetry (scaled) for MG abs(x'*Minv*y - y'*Minv*x) = 8.38688e-10
SpMV call [0] Residual [0]
SpMV call [1] Residual [0]
Call [0] Scaled Residual [4.80215e-08]
Call [1] Scaled Residual [4.80215e-08]
Call [2] Scaled Residual [4.80215e-08]
Call [3] Scaled Residual [4.80215e-08]
Call [4] Scaled Residual [4.80215e-08]
Call [5] Scaled Residual [4.80215e-08]
Call [6] Scaled Residual [4.80215e-08]
Call [7] Scaled Residual [4.80215e-08]
Call [8] Scaled Residual [4.80215e-08]
Call [9] Scaled Residual [4.80215e-08]
Call [10] Scaled Residual [4.80215e-08]
Call [11] Scaled Residual [4.80215e-08]
Call [12] Scaled Residual [4.80215e-08]
Call [13] Scaled Residual [4.80215e-08]
Call [14] Scaled Residual [4.80215e-08]
Call [15] Scaled Residual [4.80215e-08]
Call [16] Scaled Residual [4.80215e-08]
WARNING: PERFORMING UNPRECONDITIONED ITERATIONS
Call [0] Number of Iterations [11] Scaled Residual [5.15371e-14]
WARNING: PERFORMING UNPRECONDITIONED ITERATIONS
Call [1] Number of Iterations [11] Scaled Residual [5.15371e-14]
Call [0] Number of Iterations [2] Scaled Residual [6.18719e-17]
Call [1] Number of Iterations [2] Scaled Residual [6.18719e-17]
Departure from symmetry (scaled) for SpMV abs(x'*A*y - y'*A*x) = 3.35475e-09
Departure from symmetry (scaled) for MG abs(x'*Minv*y - y'*Minv*x) = 8.38688e-10
SpMV call [0] Residual [0]
SpMV call [1] Residual [0]
Call [0] Scaled Residual [4.80215e-08]
Call [1] Scaled Residual [4.80215e-08]
Call [2] Scaled Residual [4.80215e-08]
Call [3] Scaled Residual [4.80215e-08]
Call [4] Scaled Residual [4.80215e-08]
Call [5] Scaled Residual [4.80215e-08]
Call [6] Scaled Residual [4.80215e-08]
Call [7] Scaled Residual [4.80215e-08]
Call [8] Scaled Residual [4.80215e-08]
Call [9] Scaled Residual [4.80215e-08]
Call [10] Scaled Residual [4.80215e-08]
Call [11] Scaled Residual [4.80215e-08]
Call [12] Scaled Residual [4.80215e-08]
Call [13] Scaled Residual [4.80215e-08]
Call [14] Scaled Residual [4.80215e-08]
Call [15] Scaled Residual [4.80215e-08]
Call [16] Scaled Residual [4.80215e-08]
HPCG-BENCHMARKS
HPCG-Benchmark
version=3.1
Release date=March 28, 2019
Machine Summary=
Machine Summary::Distributed Processes=32
Machine Summary::Threads per processes=2
Global Problem Dimensions=
Global Problem Dimensions::Global nx=128
Global Problem Dimensions::Global ny=128
Global Problem Dimensions::Global nz=64
Processor Dimensions=
Processor Dimensions::npx=4
Processor Dimensions::npy=4
Processor Dimensions::npz=2
Local Domain Dimensions=
Local Domain Dimensions::nx=32
Local Domain Dimensions::ny=32
Local Domain Dimensions::Lower ipz=0
Local Domain Dimensions::Upper ipz=1
Local Domain Dimensions::nz=32
########## Problem Summary  ##########=
Setup Information=
Setup Information::Setup Time=0.0711157
Linear System Information=
Linear System Information::Number of Equations=1048576
Linear System Information::Number of Nonzero Terms=27725560
Multigrid Information=
Multigrid Information::Number of coarse grid levels=3
Multigrid Information::Coarse Grids=
Multigrid Information::Coarse Grids::Grid Level=1
Multigrid Information::Coarse Grids::Number of Equations=131072
Multigrid Information::Coarse Grids::Number of Nonzero Terms=3393400
Multigrid Information::Coarse Grids::Number of Presmoother Steps=1
Multigrid Information::Coarse Grids::Number of Postsmoother Steps=1
Multigrid Information::Coarse Grids::Grid Level=2
Multigrid Information::Coarse Grids::Number of Equations=16384
Multigrid Information::Coarse Grids::Number of Nonzero Terms=406456
Multigrid Information::Coarse Grids::Number of Presmoother Steps=1
Multigrid Information::Coarse Grids::Number of Postsmoother Steps=1
Multigrid Information::Coarse Grids::Grid Level=3
Multigrid Information::Coarse Grids::Number of Equations=2048
Multigrid Information::Coarse Grids::Number of Nonzero Terms=46552
Multigrid Information::Coarse Grids::Number of Presmoother Steps=1
Multigrid Information::Coarse Grids::Number of Postsmoother Steps=1
########## Memory Use Summary  ##########=
Memory Use Information=
Memory Use Information::Total memory used for data (Gbytes)=0.751604
Memory Use Information::Memory used for OptimizeProblem data (Gbytes)=0
Memory Use Information::Bytes per equation (Total memory / Number of Equations)=716.786
Memory Use Information::Memory used for linear system and CG (Gbytes)=0.661177
Memory Use Information::Coarse Grids=
Memory Use Information::Coarse Grids::Grid Level=1
Memory Use Information::Coarse Grids::Memory used=0.0792029
Memory Use Information::Coarse Grids::Grid Level=2
Memory Use Information::Coarse Grids::Memory used=0.00996105
Memory Use Information::Coarse Grids::Grid Level=3
Memory Use Information::Coarse Grids::Memory used=0.00126337
########## V&V Testing Summary  ##########=
Spectral Convergence Tests=
Spectral Convergence Tests::Result=PASSED
Spectral Convergence Tests::Unpreconditioned=
Spectral Convergence Tests::Unpreconditioned::Maximum iteration count=11
Spectral Convergence Tests::Unpreconditioned::Expected iteration count=12
Spectral Convergence Tests::Preconditioned=
Spectral Convergence Tests::Preconditioned::Maximum iteration count=2
Spectral Convergence Tests::Preconditioned::Expected iteration count=2
Departure from Symmetry |x'Ay-y'Ax|/(2*||x||*||A||*||y||)/epsilon=
Departure from Symmetry |x'Ay-y'Ax|/(2*||x||*||A||*||y||)/epsilon::Result=PASSED
Departure from Symmetry |x'Ay-y'Ax|/(2*||x||*||A||*||y||)/epsilon::Departure for SpMV=3.35475e-09
Departure from Symmetry |x'Ay-y'Ax|/(2*||x||*||A||*||y||)/epsilon::Departure for MG=8.38688e-10
########## Iterations Summary  ##########=
Iteration Count Information=
Iteration Count Information::Result=PASSED
Iteration Count Information::Reference CG iterations per set=50
Iteration Count Information::Optimized CG iterations per set=50
Iteration Count Information::Total number of reference iterations=750
Iteration Count Information::Total number of optimized iterations=750
########## Reproducibility Summary  ##########=
Reproducibility Information=
Reproducibility Information::Result=PASSED
Reproducibility Information::Scaled residual mean=4.80215e-08
Reproducibility Information::Scaled residual variance=0
########## Performance Summary (times in sec) ##########=
Benchmark Time Summary=
Benchmark Time Summary::Optimization phase=8.8e-08
Benchmark Time Summary::DDOT=1.74092
Benchmark Time Summary::WAXPBY=0.210903
Benchmark Time Summary::SpMV=2.02736
Benchmark Time Summary::MG=12.3288
Benchmark Time Summary::Total=16.3095
Floating Point Operations Summary=
Floating Point Operations Summary::Raw DDOT=4.75005e+09
Floating Point Operations Summary::Raw WAXPBY=4.75005e+09
Floating Point Operations Summary::Raw SpMV=4.24201e+10
Floating Point Operations Summary::Raw MG=2.3658e+11
Floating Point Operations Summary::Total=2.885e+11
Floating Point Operations Summary::Total with convergence overhead=2.885e+11
GB/s Summary=
GB/s Summary::Raw Read B/W=109.014
GB/s Summary::Raw Write B/W=25.1946
GB/s Summary::Raw Total B/W=134.208
GB/s Summary::Total with convergence and optimization phase overhead=133.336
GFLOP/s Summary=
GFLOP/s Summary::Raw DDOT=2.72847
GFLOP/s Summary::Raw WAXPBY=22.5225
GFLOP/s Summary::Raw SpMV=20.9238
GFLOP/s Summary::Raw MG=19.1893
GFLOP/s Summary::Raw Total=17.6891
GFLOP/s Summary::Total with convergence overhead=17.6891
GFLOP/s Summary::Total with convergence and optimization phase overhead=17.5742
User Optimization Overheads=
User Optimization Overheads::Optimization phase time (sec)=8.8e-08
User Optimization Overheads::Optimization phase time vs reference SpMV+MG time=4.89178e-06
DDOT Timing Variations=
DDOT Timing Variations::Min DDOT MPI_Allreduce time=1.33379
DDOT Timing Variations::Max DDOT MPI_Allreduce time=1.79079
DDOT Timing Variations::Avg DDOT MPI_Allreduce time=1.57616
Final Summary=
Final Summary::HPCG result is VALID with a GFLOP/s rating of=17.5742
Final Summary::HPCG 2.4 rating for historical reasons is=17.6891
Final Summary::Reference version of ComputeDotProduct used=Performance results are most likely suboptimal
Final Summary::Reference version of ComputeSPMV used=Performance results are most likely suboptimal
Final Summary::Reference version of ComputeMG used and number of threads greater than 1=Performance results are severely suboptimal
Final Summary::Reference version of ComputeWAXPBY used=Performance results are most likely suboptimal
Final Summary::Results are valid but execution time (sec) is=16.3095
Final Summary::Official results execution time (sec) must be at least=1800
HPCG-Benchmark
version=3.1
Release date=March 28, 2019
Machine Summary=
Machine Summary::Distributed Processes=32
Machine Summary::Threads per processes=2
Global Problem Dimensions=
Global Problem Dimensions::Global nx=128
Global Problem Dimensions::Global ny=128
Global Problem Dimensions::Global nz=64
Processor Dimensions=
Processor Dimensions::npx=4
Processor Dimensions::npy=4
Processor Dimensions::npz=2
Local Domain Dimensions=
Local Domain Dimensions::nx=32
Local Domain Dimensions::ny=32
Local Domain Dimensions::Lower ipz=0
Local Domain Dimensions::Upper ipz=1
Local Domain Dimensions::nz=32
########## Problem Summary  ##########=
Setup Information=
Setup Information::Setup Time=0.170482
Linear System Information=
Linear System Information::Number of Equations=1048576
Linear System Information::Number of Nonzero Terms=27725560
Multigrid Information=
Multigrid Information::Number of coarse grid levels=3
Multigrid Information::Coarse Grids=
Multigrid Information::Coarse Grids::Grid Level=1
Multigrid Information::Coarse Grids::Number of Equations=131072
Multigrid Information::Coarse Grids::Number of Nonzero Terms=3393400
Multigrid Information::Coarse Grids::Number of Presmoother Steps=1
Multigrid Information::Coarse Grids::Number of Postsmoother Steps=1
Multigrid Information::Coarse Grids::Grid Level=2
Multigrid Information::Coarse Grids::Number of Equations=16384
Multigrid Information::Coarse Grids::Number of Nonzero Terms=406456
Multigrid Information::Coarse Grids::Number of Presmoother Steps=1
Multigrid Information::Coarse Grids::Number of Postsmoother Steps=1
Multigrid Information::Coarse Grids::Grid Level=3
Multigrid Information::Coarse Grids::Number of Equations=2048
Multigrid Information::Coarse Grids::Number of Nonzero Terms=46552
Multigrid Information::Coarse Grids::Number of Presmoother Steps=1
Multigrid Information::Coarse Grids::Number of Postsmoother Steps=1
########## Memory Use Summary  ##########=
Memory Use Information=
Memory Use Information::Total memory used for data (Gbytes)=0.751604
Memory Use Information::Memory used for OptimizeProblem data (Gbytes)=0
Memory Use Information::Bytes per equation (Total memory / Number of Equations)=716.786
Memory Use Information::Memory used for linear system and CG (Gbytes)=0.661177
Memory Use Information::Coarse Grids=
Memory Use Information::Coarse Grids::Grid Level=1
Memory Use Information::Coarse Grids::Memory used=0.0792029
Memory Use Information::Coarse Grids::Grid Level=2
Memory Use Information::Coarse Grids::Memory used=0.00996105
Memory Use Information::Coarse Grids::Grid Level=3
Memory Use Information::Coarse Grids::Memory used=0.00126337
########## V&V Testing Summary  ##########=
Spectral Convergence Tests=
Spectral Convergence Tests::Result=PASSED
Spectral Convergence Tests::Unpreconditioned=
Spectral Convergence Tests::Unpreconditioned::Maximum iteration count=11
Spectral Convergence Tests::Unpreconditioned::Expected iteration count=12
Spectral Convergence Tests::Preconditioned=
Spectral Convergence Tests::Preconditioned::Maximum iteration count=2
Spectral Convergence Tests::Preconditioned::Expected iteration count=2
Departure from Symmetry |x'Ay-y'Ax|/(2*||x||*||A||*||y||)/epsilon=
Departure from Symmetry |x'Ay-y'Ax|/(2*||x||*||A||*||y||)/epsilon::Result=PASSED
Departure from Symmetry |x'Ay-y'Ax|/(2*||x||*||A||*||y||)/epsilon::Departure for SpMV=3.35475e-09
Departure from Symmetry |x'Ay-y'Ax|/(2*||x||*||A||*||y||)/epsilon::Departure for MG=8.38688e-10
########## Iterations Summary  ##########=
Iteration Count Information=
Iteration Count Information::Result=PASSED
Iteration Count Information::Reference CG iterations per set=50
Iteration Count Information::Optimized CG iterations per set=50
Iteration Count Information::Total number of reference iterations=850
Iteration Count Information::Total number of optimized iterations=850
########## Reproducibility Summary  ##########=
Reproducibility Information=
Reproducibility Information::Result=PASSED
Reproducibility Information::Scaled residual mean=4.80215e-08
Reproducibility Information::Scaled residual variance=0
########## Performance Summary (times in sec) ##########=
Benchmark Time Summary=
Benchmark Time Summary::Optimization phase=1.6e-07
Benchmark Time Summary::DDOT=1.07712
Benchmark Time Summary::WAXPBY=0.155519
Benchmark Time Summary::SpMV=2.26344
Benchmark Time Summary::MG=13.1063
Benchmark Time Summary::Total=16.604
Floating Point Operations Summary=
Floating Point Operations Summary::Raw DDOT=5.38339e+09
Floating Point Operations Summary::Raw WAXPBY=5.38339e+09
Floating Point Operations Summary::Raw SpMV=4.80761e+10
Floating Point Operations Summary::Raw MG=2.68124e+11
Floating Point Operations Summary::Total=3.26967e+11
Floating Point Operations Summary::Total with convergence overhead=3.26967e+11
GB/s Summary=
GB/s Summary::Raw Read B/W=121.357
GB/s Summary::Raw Write B/W=28.0474
GB/s Summary::Raw Total B/W=149.405
GB/s Summary::Total with convergence and optimization phase overhead=146.842
GFLOP/s Summary=
GFLOP/s Summary::Raw DDOT=4.99797
GFLOP/s Summary::Raw WAXPBY=34.6156
GFLOP/s Summary::Raw SpMV=21.2403
GFLOP/s Summary::Raw MG=20.4577
GFLOP/s Summary::Raw Total=19.692
GFLOP/s Summary::Total with convergence overhead=19.692
GFLOP/s Summary::Total with convergence and optimization phase overhead=19.3542
User Optimization Overheads=
User Optimization Overheads::Optimization phase time (sec)=1.6e-07
User Optimization Overheads::Optimization phase time vs reference SpMV+MG time=8.9633e-06
DDOT Timing Variations=
DDOT Timing Variations::Min DDOT MPI_Allreduce time=0.792469
DDOT Timing Variations::Max DDOT MPI_Allreduce time=1.04851
DDOT Timing Variations::Avg DDOT MPI_Allreduce time=0.937507
Final Summary=
Final Summary::HPCG result is VALID with a GFLOP/s rating of=19.3542
Final Summary::HPCG 2.4 rating for historical reasons is=19.692
Final Summary::Reference version of ComputeDotProduct used=Performance results are most likely suboptimal
Final Summary::Reference version of ComputeSPMV used=Performance results are most likely suboptimal
Final Summary::Reference version of ComputeMG used and number of threads greater than 1=Performance results are severely suboptimal
Final Summary::Reference version of ComputeWAXPBY used=Performance results are most likely suboptimal
Final Summary::Results are valid but execution time (sec) is=16.604
Final Summary::Official results execution time (sec) must be at least=1800
HPCG-Benchmark
version=3.1
Release date=March 28, 2019
Machine Summary=
Machine Summary::Distributed Processes=32
Machine Summary::Threads per processes=2
Global Problem Dimensions=
Global Problem Dimensions::Global nx=128
Global Problem Dimensions::Global ny=128
Global Problem Dimensions::Global nz=64
Processor Dimensions=
Processor Dimensions::npx=4
Processor Dimensions::npy=4
Processor Dimensions::npz=2
Local Domain Dimensions=
Local Domain Dimensions::nx=32
Local Domain Dimensions::ny=32
Local Domain Dimensions::Lower ipz=0
Local Domain Dimensions::Upper ipz=1
Local Domain Dimensions::nz=32
########## Problem Summary  ##########=
Setup Information=
Setup Information::Setup Time=0.118522
Linear System Information=
Linear System Information::Number of Equations=1048576
Linear System Information::Number of Nonzero Terms=27725560
Multigrid Information=
Multigrid Information::Number of coarse grid levels=3
Multigrid Information::Coarse Grids=
Multigrid Information::Coarse Grids::Grid Level=1
Multigrid Information::Coarse Grids::Number of Equations=131072
Multigrid Information::Coarse Grids::Number of Nonzero Terms=3393400
Multigrid Information::Coarse Grids::Number of Presmoother Steps=1
Multigrid Information::Coarse Grids::Number of Postsmoother Steps=1
Multigrid Information::Coarse Grids::Grid Level=2
Multigrid Information::Coarse Grids::Number of Equations=16384
Multigrid Information::Coarse Grids::Number of Nonzero Terms=406456
Multigrid Information::Coarse Grids::Number of Presmoother Steps=1
Multigrid Information::Coarse Grids::Number of Postsmoother Steps=1
Multigrid Information::Coarse Grids::Grid Level=3
Multigrid Information::Coarse Grids::Number of Equations=2048
Multigrid Information::Coarse Grids::Number of Nonzero Terms=46552
Multigrid Information::Coarse Grids::Number of Presmoother Steps=1
Multigrid Information::Coarse Grids::Number of Postsmoother Steps=1
########## Memory Use Summary  ##########=
Memory Use Information=
Memory Use Information::Total memory used for data (Gbytes)=0.751604
Memory Use Information::Memory used for OptimizeProblem data (Gbytes)=0
Memory Use Information::Bytes per equation (Total memory / Number of Equations)=716.786
Memory Use Information::Memory used for linear system and CG (Gbytes)=0.661177
Memory Use Information::Coarse Grids=
Memory Use Information::Coarse Grids::Grid Level=1
Memory Use Information::Coarse Grids::Memory used=0.0792029
Memory Use Information::Coarse Grids::Grid Level=2
Memory Use Information::Coarse Grids::Memory used=0.00996105
Memory Use Information::Coarse Grids::Grid Level=3
Memory Use Information::Coarse Grids::Memory used=0.00126337
########## V&V Testing Summary  ##########=
Spectral Convergence Tests=
Spectral Convergence Tests::Result=PASSED
Spectral Convergence Tests::Unpreconditioned=
Spectral Convergence Tests::Unpreconditioned::Maximum iteration count=11
Spectral Convergence Tests::Unpreconditioned::Expected iteration count=12
Spectral Convergence Tests::Preconditioned=
Spectral Convergence Tests::Preconditioned::Maximum iteration count=2
Spectral Convergence Tests::Preconditioned::Expected iteration count=2
Departure from Symmetry |x'Ay-y'Ax|/(2*||x||*||A||*||y||)/epsilon=
Departure from Symmetry |x'Ay-y'Ax|/(2*||x||*||A||*||y||)/epsilon::Result=PASSED
Departure from Symmetry |x'Ay-y'Ax|/(2*||x||*||A||*||y||)/epsilon::Departure for SpMV=3.35475e-09
Departure from Symmetry |x'Ay-y'Ax|/(2*||x||*||A||*||y||)/epsilon::Departure for MG=8.38688e-10
########## Iterations Summary  ##########=
Iteration Count Information=
Iteration Count Information::Result=PASSED
Iteration Count Information::Reference CG iterations per set=50
Iteration Count Information::Optimized CG iterations per set=50
Iteration Count Information::Total number of reference iterations=850
Iteration Count Information::Total number of optimized iterations=850
########## Reproducibility Summary  ##########=
Reproducibility Information=
Reproducibility Information::Result=PASSED
Reproducibility Information::Scaled residual mean=4.80215e-08
Reproducibility Information::Scaled residual variance=0
########## Performance Summary (times in sec) ##########=
Benchmark Time Summary=
Benchmark Time Summary::Optimization phase=1.69e-07
Benchmark Time Summary::DDOT=1.17575
Benchmark Time Summary::WAXPBY=0.163068
Benchmark Time Summary::SpMV=2.23499
Benchmark Time Summary::MG=12.9481
Benchmark Time Summary::Total=16.5237
Floating Point Operations Summary=
Floating Point Operations Summary::Raw DDOT=5.38339e+09
Floating Point Operations Summary::Raw WAXPBY=5.38339e+09
Floating Point Operations Summary::Raw SpMV=4.80761e+10
Floating Point Operations Summary::Raw MG=2.68124e+11
Floating Point Operations Summary::Total=3.26967e+11
Floating Point Operations Summary::Total with convergence overhead=3.26967e+11
GB/s Summary=
GB/s Summary::Raw Read B/W=121.947
GB/s Summary::Raw Write B/W=28.1837
GB/s Summary::Raw Total B/W=150.131
GB/s Summary::Total with convergence and optimization phase overhead=148.323
GFLOP/s Summary=
GFLOP/s Summary::Raw DDOT=4.57869
GFLOP/s Summary::Raw WAXPBY=33.0132
GFLOP/s Summary::Raw SpMV=21.5106
GFLOP/s Summary::Raw MG=20.7076
GFLOP/s Summary::Raw Total=19.7878
GFLOP/s Summary::Total with convergence overhead=19.7878
GFLOP/s Summary::Total with convergence and optimization phase overhead=19.5494
User Optimization Overheads=
User Optimization Overheads::Optimization phase time (sec)=1.69e-07
User Optimization Overheads::Optimization phase time vs reference SpMV+MG time=4.06231e-06
DDOT Timing Variations=
DDOT Timing Variations::Min DDOT MPI_Allreduce time=0.874601
DDOT Timing Variations::Max DDOT MPI_Allreduce time=1.14115
DDOT Timing Variations::Avg DDOT MPI_Allreduce time=0.990818
Final Summary=
Final Summary::HPCG result is VALID with a GFLOP/s rating of=19.5494
Final Summary::HPCG 2.4 rating for historical reasons is=19.7878
Final Summary::Reference version of ComputeDotProduct used=Performance results are most likely suboptimal
Final Summary::Reference version of ComputeSPMV used=Performance results are most likely suboptimal
Final Summary::Reference version of ComputeMG used and number of threads greater than 1=Performance results are severely suboptimal
Final Summary::Reference version of ComputeWAXPBY used=Performance results are most likely suboptimal
Final Summary::Results are valid but execution time (sec) is=16.5237
Final Summary::Official results execution time (sec) must be at least=1800
FLUX-RESULTS END

FLUX-JOB START 777674293248 hpcg-iter-3
FLUX-JOB-JOBSPEC START
{"resources": [{"type": "node", "count": 1, "with": [{"type": "slot", "count": 32, "with": [{"type": "core", "count": 1}], "label": "task"}]}], "tasks": [{"command": ["/opt/hpcg/xhpcg"], "slot": "task", "count": {"per_slot": 1}}], "attributes": {"system": {"duration": 0, "cwd": "/opt/hpcg", "shell": {"options": {"rlimit": {"cpu": -1, "fsize": -1, "data": -1, "stack": 10485760, "core": -1, "nofile": 1048576, "as": -1, "rss": -1, "nproc": -1}, "cpu-affinity": "per-task", "gpu-affinity": "off"}}}, "user": {"study_id": "hpcg-iter-3"}}, "version": 1}
FLUX-JOB-JOBSPEC END
FLUX-JOB-RESOURCES START
{"version": 1, "execution": {"R_lite": [{"rank": "0", "children": {"core": "0-31"}}], "starttime": 1749746396.743993, "expiration": 0.0, "nodelist": ["hpcg-0"]}}
FLUX-JOB-RESOURCES END
FLUX-JOB-EVENTLOG START
{"timestamp":1749746396.7460604,"name":"init"}
{"timestamp":1749746396.752887,"name":"shell.init","context":{"service":"0-shell-fMRqR2co","leader-rank":0,"size":1}}
{"timestamp":1749746396.7469277,"name":"starting"}
{"timestamp":1749746396.7937555,"name":"shell.start","context":{"taskmap":{"version":1,"map":[[0,1,32,1]]}}}
{"timestamp":1749746416.4991851,"name":"shell.task-exit","context":{"localid":19,"rank":19,"state":"Exited","pid":572,"wait_status":0,"signaled":0,"exitcode":0}}
{"timestamp":1749746416.5087316,"name":"complete","context":{"status":0}}
{"timestamp":1749746416.5087535,"name":"done"}

FLUX-JOB-EVENTLOG END
FLUX-JOB END 777674293248 hpcg-iter-3

FLUX-JOB START 444445229056 hpcg-iter-2
FLUX-JOB-JOBSPEC START
{"resources": [{"type": "node", "count": 1, "with": [{"type": "slot", "count": 32, "with": [{"type": "core", "count": 1}], "label": "task"}]}], "tasks": [{"command": ["/opt/hpcg/xhpcg"], "slot": "task", "count": {"per_slot": 1}}], "attributes": {"system": {"duration": 0, "cwd": "/opt/hpcg", "shell": {"options": {"rlimit": {"cpu": -1, "fsize": -1, "data": -1, "stack": 10485760, "core": -1, "nofile": 1048576, "as": -1, "rss": -1, "nproc": -1}, "cpu-affinity": "per-task", "gpu-affinity": "off"}}}, "user": {"study_id": "hpcg-iter-2"}}, "version": 1}
FLUX-JOB-JOBSPEC END
FLUX-JOB-RESOURCES START
{"version": 1, "execution": {"R_lite": [{"rank": "0", "children": {"core": "0-31"}}], "starttime": 1749746376.8816631, "expiration": 0.0, "nodelist": ["hpcg-0"]}}
FLUX-JOB-RESOURCES END
FLUX-JOB-EVENTLOG START
{"timestamp":1749746376.8827903,"name":"init"}
{"timestamp":1749746376.891243,"name":"shell.init","context":{"service":"0-shell-fCg96yMq","leader-rank":0,"size":1}}
{"timestamp":1749746376.8833632,"name":"starting"}
{"timestamp":1749746376.9314244,"name":"shell.start","context":{"taskmap":{"version":1,"map":[[0,1,32,1]]}}}
{"timestamp":1749746396.5273762,"name":"shell.task-exit","context":{"localid":0,"rank":0,"state":"Exited","pid":436,"wait_status":0,"signaled":0,"exitcode":0}}
{"timestamp":1749746396.5390663,"name":"complete","context":{"status":0}}
{"timestamp":1749746396.5390871,"name":"done"}

FLUX-JOB-EVENTLOG END
FLUX-JOB END 444445229056 hpcg-iter-2

FLUX-JOB START 98499035136 hpcg-iter-1
FLUX-JOB-JOBSPEC START
{"resources": [{"type": "node", "count": 1, "with": [{"type": "slot", "count": 32, "with": [{"type": "core", "count": 1}], "label": "task"}]}], "tasks": [{"command": ["/opt/hpcg/xhpcg"], "slot": "task", "count": {"per_slot": 1}}], "attributes": {"system": {"duration": 0, "cwd": "/opt/hpcg", "shell": {"options": {"rlimit": {"cpu": -1, "fsize": -1, "data": -1, "stack": 10485760, "core": -1, "nofile": 1048576, "as": -1, "rss": -1, "nproc": -1}, "cpu-affinity": "per-task", "gpu-affinity": "off"}}}, "user": {"study_id": "hpcg-iter-1"}}, "version": 1}
FLUX-JOB-JOBSPEC END
FLUX-JOB-RESOURCES START
{"version": 1, "execution": {"R_lite": [{"rank": "0", "children": {"core": "0-31"}}], "starttime": 1749746356.2623143, "expiration": 0.0, "nodelist": ["hpcg-0"]}}
FLUX-JOB-RESOURCES END
FLUX-JOB-EVENTLOG START
{"timestamp":1749746356.2648115,"name":"init"}
{"timestamp":1749746356.2742486,"name":"shell.init","context":{"service":"0-shell-f3b52JVV","leader-rank":0,"size":1}}
{"timestamp":1749746356.2663875,"name":"starting"}
{"timestamp":1749746356.3177788,"name":"shell.start","context":{"taskmap":{"version":1,"map":[[0,1,32,1]]}}}
{"timestamp":1749746376.6638169,"name":"shell.task-exit","context":{"localid":29,"rank":29,"state":"Exited","pid":391,"wait_status":0,"signaled":0,"exitcode":0}}
{"timestamp":1749746376.672719,"name":"complete","context":{"status":0}}
{"timestamp":1749746376.6727364,"name":"done"}

FLUX-JOB-EVENTLOG END
FLUX-JOB END 98499035136 hpcg-iter-1
FLUX JOB STATS
{"job_states":{"depend":0,"priority":0,"sched":0,"run":0,"cleanup":0,"inactive":3,"total":3},"successful":3,"failed":0,"canceled":0,"timeout":0,"inactive_purged":0,"queues":[]}
