

32 32 32
15
chmod: cannot access './wait-fs': No such file or directory
mv: cannot stat './wait-fs': No such file or directory
ln: failed to create symbolic link '/mnt/flux/view/lib/python': File exists
ln: failed to create symbolic link '/mnt/flux/view/lib/python3': File exists
#!/bin/bash
set -euo pipefail
flux resource list
echo "The parent process ID is: $PPID"          
echo "The execution parent process ID is: $$"         
CGROUP_PATH_LINE=$(cat "/proc/$$/cgroup")
echo 
CGROUP_V2_PATH=${CGROUP_PATH_LINE:3}
ACTUAL_CGROUP_DIR="/sys/fs/cgroup${CGROUP_V2_PATH}"
TARGET_CGROUP_ID=$(stat -c '%i' $ACTUAL_CGROUP_DIR)
echo "The cgroup id is $TARGET_CGROUP_ID"
echo -n $TARGET_CGROUP_ID > /mnt/flux/cgroup-id.txt
sleep 5
flux exec -r all touch /mnt/flux/start_ebpf_collection
for i in {1..3}
do
  echo "FLUX-RUN START hpcg-iter-$i"
  flux run --setattr=user.study_id=hpcg-iter-$i -N1 -n 48 -o cpu-affinity=per-task -o gpu-affinity=off     /opt/hpcg/xhpcg
  
   echo "FLUX-RUN END hpcg-iter-$i"
done

  echo "FLUX-RESULTS START"
  cat hpcg*.txt
  echo "HPCG-BENCHMARKS"
  cat HPCG-Benchmark*.txt
  echo "FLUX-RESULTS END"

output=./results/${app}
(apt-get update > /dev/null 2>&1 && apt-get install -y jq > /dev/null 2>&1) || (yum update -y > /dev/null 2>&1 && yum install -y jq > /dev/null 2>&1)
mkdir -p $output
for jobid in $(flux jobs -a --json | jq -r .jobs[].id); do
    echo
    study_id=$(flux job info $jobid jobspec | jq -r ".attributes.user.study_id")
    echo "FLUX-JOB START ${jobid} ${study_id}"
    echo "FLUX-JOB-JOBSPEC START"
    flux job info $jobid jobspec
    echo "FLUX-JOB-JOBSPEC END" 
    
    echo "FLUX-JOB-RESOURCES START"
    flux job info ${jobid} R
    echo "FLUX-JOB-RESOURCES END"
    echo "FLUX-JOB-EVENTLOG START" 
    flux job info $jobid guest.exec.eventlog
    echo "FLUX-JOB-EVENTLOG END" 
    echo "FLUX-JOB END ${jobid} ${study_id}"
done
echo "FLUX JOB STATS"
flux job stats 

     STATE NNODES   NCORES    NGPUS NODELIST
      free      1       48        0 hpcg-0
 allocated      0        0        0 
      down      0        0        0 
The parent process ID is: 120
The execution parent process ID is: 279

The cgroup id is 63850
FLUX-RUN START hpcg-iter-1
FLUX-RUN END hpcg-iter-1
FLUX-RUN START hpcg-iter-2
FLUX-RUN END hpcg-iter-2
FLUX-RUN START hpcg-iter-3
FLUX-RUN END hpcg-iter-3
FLUX-RESULTS START
WARNING: PERFORMING UNPRECONDITIONED ITERATIONS
Call [0] Number of Iterations [11] Scaled Residual [1.0216e-13]
WARNING: PERFORMING UNPRECONDITIONED ITERATIONS
Call [1] Number of Iterations [11] Scaled Residual [1.0216e-13]
Call [0] Number of Iterations [2] Scaled Residual [6.44586e-17]
Call [1] Number of Iterations [2] Scaled Residual [6.44586e-17]
Departure from symmetry (scaled) for SpMV abs(x'*A*y - y'*A*x) = 2.23656e-08
Departure from symmetry (scaled) for MG abs(x'*Minv*y - y'*Minv*x) = 1.49104e-09
SpMV call [0] Residual [0]
SpMV call [1] Residual [0]
Call [0] Scaled Residual [3.9761e-07]
Call [1] Scaled Residual [3.9761e-07]
Call [2] Scaled Residual [3.9761e-07]
Call [3] Scaled Residual [3.9761e-07]
Call [4] Scaled Residual [3.9761e-07]
Call [5] Scaled Residual [3.9761e-07]
Call [6] Scaled Residual [3.9761e-07]
WARNING: PERFORMING UNPRECONDITIONED ITERATIONS
Call [0] Number of Iterations [11] Scaled Residual [1.0216e-13]
WARNING: PERFORMING UNPRECONDITIONED ITERATIONS
Call [1] Number of Iterations [11] Scaled Residual [1.0216e-13]
Call [0] Number of Iterations [2] Scaled Residual [6.44586e-17]
Call [1] Number of Iterations [2] Scaled Residual [6.44586e-17]
Departure from symmetry (scaled) for SpMV abs(x'*A*y - y'*A*x) = 2.23656e-08
Departure from symmetry (scaled) for MG abs(x'*Minv*y - y'*Minv*x) = 1.49104e-09
SpMV call [0] Residual [0]
SpMV call [1] Residual [0]
Call [0] Scaled Residual [3.9761e-07]
Call [1] Scaled Residual [3.9761e-07]
Call [2] Scaled Residual [3.9761e-07]
Call [3] Scaled Residual [3.9761e-07]
Call [4] Scaled Residual [3.9761e-07]
Call [5] Scaled Residual [3.9761e-07]
Call [6] Scaled Residual [3.9761e-07]
Call [7] Scaled Residual [3.9761e-07]
WARNING: PERFORMING UNPRECONDITIONED ITERATIONS
Call [0] Number of Iterations [11] Scaled Residual [1.0216e-13]
WARNING: PERFORMING UNPRECONDITIONED ITERATIONS
Call [1] Number of Iterations [11] Scaled Residual [1.0216e-13]
Call [0] Number of Iterations [2] Scaled Residual [6.44586e-17]
Call [1] Number of Iterations [2] Scaled Residual [6.44586e-17]
Departure from symmetry (scaled) for SpMV abs(x'*A*y - y'*A*x) = 2.23656e-08
Departure from symmetry (scaled) for MG abs(x'*Minv*y - y'*Minv*x) = 1.49104e-09
SpMV call [0] Residual [0]
SpMV call [1] Residual [0]
Call [0] Scaled Residual [3.9761e-07]
Call [1] Scaled Residual [3.9761e-07]
Call [2] Scaled Residual [3.9761e-07]
Call [3] Scaled Residual [3.9761e-07]
Call [4] Scaled Residual [3.9761e-07]
Call [5] Scaled Residual [3.9761e-07]
Call [6] Scaled Residual [3.9761e-07]
Call [7] Scaled Residual [3.9761e-07]
HPCG-BENCHMARKS
HPCG-Benchmark
version=3.1
Release date=March 28, 2019
Machine Summary=
Machine Summary::Distributed Processes=48
Machine Summary::Threads per processes=1
Global Problem Dimensions=
Global Problem Dimensions::Global nx=128
Global Problem Dimensions::Global ny=128
Global Problem Dimensions::Global nz=96
Processor Dimensions=
Processor Dimensions::npx=4
Processor Dimensions::npy=4
Processor Dimensions::npz=3
Local Domain Dimensions=
Local Domain Dimensions::nx=32
Local Domain Dimensions::ny=32
Local Domain Dimensions::Lower ipz=0
Local Domain Dimensions::Upper ipz=2
Local Domain Dimensions::nz=32
########## Problem Summary  ##########=
Setup Information=
Setup Information::Setup Time=0.540369
Linear System Information=
Linear System Information::Number of Equations=1572864
Linear System Information::Number of Nonzero Terms=41734264
Multigrid Information=
Multigrid Information::Number of coarse grid levels=3
Multigrid Information::Coarse Grids=
Multigrid Information::Coarse Grids::Grid Level=1
Multigrid Information::Coarse Grids::Number of Equations=196608
Multigrid Information::Coarse Grids::Number of Nonzero Terms=5126200
Multigrid Information::Coarse Grids::Number of Presmoother Steps=1
Multigrid Information::Coarse Grids::Number of Postsmoother Steps=1
Multigrid Information::Coarse Grids::Grid Level=2
Multigrid Information::Coarse Grids::Number of Equations=24576
Multigrid Information::Coarse Grids::Number of Nonzero Terms=618520
Multigrid Information::Coarse Grids::Number of Presmoother Steps=1
Multigrid Information::Coarse Grids::Number of Postsmoother Steps=1
Multigrid Information::Coarse Grids::Grid Level=3
Multigrid Information::Coarse Grids::Number of Equations=3072
Multigrid Information::Coarse Grids::Number of Nonzero Terms=71944
Multigrid Information::Coarse Grids::Number of Presmoother Steps=1
Multigrid Information::Coarse Grids::Number of Postsmoother Steps=1
########## Memory Use Summary  ##########=
Memory Use Information=
Memory Use Information::Total memory used for data (Gbytes)=1.1274
Memory Use Information::Memory used for OptimizeProblem data (Gbytes)=0
Memory Use Information::Bytes per equation (Total memory / Number of Equations)=716.781
Memory Use Information::Memory used for linear system and CG (Gbytes)=0.991765
Memory Use Information::Coarse Grids=
Memory Use Information::Coarse Grids::Grid Level=1
Memory Use Information::Coarse Grids::Memory used=0.118799
Memory Use Information::Coarse Grids::Grid Level=2
Memory Use Information::Coarse Grids::Memory used=0.01494
Memory Use Information::Coarse Grids::Grid Level=3
Memory Use Information::Coarse Grids::Memory used=0.00189441
########## V&V Testing Summary  ##########=
Spectral Convergence Tests=
Spectral Convergence Tests::Result=PASSED
Spectral Convergence Tests::Unpreconditioned=
Spectral Convergence Tests::Unpreconditioned::Maximum iteration count=11
Spectral Convergence Tests::Unpreconditioned::Expected iteration count=12
Spectral Convergence Tests::Preconditioned=
Spectral Convergence Tests::Preconditioned::Maximum iteration count=2
Spectral Convergence Tests::Preconditioned::Expected iteration count=2
Departure from Symmetry |x'Ay-y'Ax|/(2*||x||*||A||*||y||)/epsilon=
Departure from Symmetry |x'Ay-y'Ax|/(2*||x||*||A||*||y||)/epsilon::Result=PASSED
Departure from Symmetry |x'Ay-y'Ax|/(2*||x||*||A||*||y||)/epsilon::Departure for SpMV=2.23656e-08
Departure from Symmetry |x'Ay-y'Ax|/(2*||x||*||A||*||y||)/epsilon::Departure for MG=1.49104e-09
########## Iterations Summary  ##########=
Iteration Count Information=
Iteration Count Information::Result=PASSED
Iteration Count Information::Reference CG iterations per set=50
Iteration Count Information::Optimized CG iterations per set=50
Iteration Count Information::Total number of reference iterations=350
Iteration Count Information::Total number of optimized iterations=350
########## Reproducibility Summary  ##########=
Reproducibility Information=
Reproducibility Information::Result=PASSED
Reproducibility Information::Scaled residual mean=3.9761e-07
Reproducibility Information::Scaled residual variance=0
########## Performance Summary (times in sec) ##########=
Benchmark Time Summary=
Benchmark Time Summary::Optimization phase=9e-08
Benchmark Time Summary::DDOT=2.04497
Benchmark Time Summary::WAXPBY=0.211622
Benchmark Time Summary::SpMV=1.88315
Benchmark Time Summary::MG=13.1994
Benchmark Time Summary::Total=17.3409
Floating Point Operations Summary=
Floating Point Operations Summary::Raw DDOT=3.32503e+09
Floating Point Operations Summary::Raw WAXPBY=3.32503e+09
Floating Point Operations Summary::Raw SpMV=2.97983e+10
Floating Point Operations Summary::Raw MG=1.66277e+11
Floating Point Operations Summary::Total=2.02725e+11
Floating Point Operations Summary::Total with convergence overhead=2.02725e+11
GB/s Summary=
GB/s Summary::Raw Read B/W=72.0393
GB/s Summary::Raw Write B/W=16.6489
GB/s Summary::Raw Total B/W=88.6882
GB/s Summary::Total with convergence and optimization phase overhead=86.795
GFLOP/s Summary=
GFLOP/s Summary::Raw DDOT=1.62596
GFLOP/s Summary::Raw WAXPBY=15.7121
GFLOP/s Summary::Raw SpMV=15.8236
GFLOP/s Summary::Raw MG=12.5973
GFLOP/s Summary::Raw Total=11.6906
GFLOP/s Summary::Total with convergence overhead=11.6906
GFLOP/s Summary::Total with convergence and optimization phase overhead=11.4411
User Optimization Overheads=
User Optimization Overheads::Optimization phase time (sec)=9e-08
User Optimization Overheads::Optimization phase time vs reference SpMV+MG time=1.23102e-06
DDOT Timing Variations=
DDOT Timing Variations::Min DDOT MPI_Allreduce time=1.49399
DDOT Timing Variations::Max DDOT MPI_Allreduce time=2.39088
DDOT Timing Variations::Avg DDOT MPI_Allreduce time=2.09105
Final Summary=
Final Summary::HPCG result is VALID with a GFLOP/s rating of=11.4411
Final Summary::HPCG 2.4 rating for historical reasons is=11.6906
Final Summary::Reference version of ComputeDotProduct used=Performance results are most likely suboptimal
Final Summary::Reference version of ComputeSPMV used=Performance results are most likely suboptimal
Final Summary::Reference version of ComputeMG used=Performance results are most likely suboptimal
Final Summary::Reference version of ComputeWAXPBY used=Performance results are most likely suboptimal
Final Summary::Results are valid but execution time (sec) is=17.3409
Final Summary::Official results execution time (sec) must be at least=1800
HPCG-Benchmark
version=3.1
Release date=March 28, 2019
Machine Summary=
Machine Summary::Distributed Processes=48
Machine Summary::Threads per processes=1
Global Problem Dimensions=
Global Problem Dimensions::Global nx=128
Global Problem Dimensions::Global ny=128
Global Problem Dimensions::Global nz=96
Processor Dimensions=
Processor Dimensions::npx=4
Processor Dimensions::npy=4
Processor Dimensions::npz=3
Local Domain Dimensions=
Local Domain Dimensions::nx=32
Local Domain Dimensions::ny=32
Local Domain Dimensions::Lower ipz=0
Local Domain Dimensions::Upper ipz=2
Local Domain Dimensions::nz=32
########## Problem Summary  ##########=
Setup Information=
Setup Information::Setup Time=0.334984
Linear System Information=
Linear System Information::Number of Equations=1572864
Linear System Information::Number of Nonzero Terms=41734264
Multigrid Information=
Multigrid Information::Number of coarse grid levels=3
Multigrid Information::Coarse Grids=
Multigrid Information::Coarse Grids::Grid Level=1
Multigrid Information::Coarse Grids::Number of Equations=196608
Multigrid Information::Coarse Grids::Number of Nonzero Terms=5126200
Multigrid Information::Coarse Grids::Number of Presmoother Steps=1
Multigrid Information::Coarse Grids::Number of Postsmoother Steps=1
Multigrid Information::Coarse Grids::Grid Level=2
Multigrid Information::Coarse Grids::Number of Equations=24576
Multigrid Information::Coarse Grids::Number of Nonzero Terms=618520
Multigrid Information::Coarse Grids::Number of Presmoother Steps=1
Multigrid Information::Coarse Grids::Number of Postsmoother Steps=1
Multigrid Information::Coarse Grids::Grid Level=3
Multigrid Information::Coarse Grids::Number of Equations=3072
Multigrid Information::Coarse Grids::Number of Nonzero Terms=71944
Multigrid Information::Coarse Grids::Number of Presmoother Steps=1
Multigrid Information::Coarse Grids::Number of Postsmoother Steps=1
########## Memory Use Summary  ##########=
Memory Use Information=
Memory Use Information::Total memory used for data (Gbytes)=1.1274
Memory Use Information::Memory used for OptimizeProblem data (Gbytes)=0
Memory Use Information::Bytes per equation (Total memory / Number of Equations)=716.781
Memory Use Information::Memory used for linear system and CG (Gbytes)=0.991765
Memory Use Information::Coarse Grids=
Memory Use Information::Coarse Grids::Grid Level=1
Memory Use Information::Coarse Grids::Memory used=0.118799
Memory Use Information::Coarse Grids::Grid Level=2
Memory Use Information::Coarse Grids::Memory used=0.01494
Memory Use Information::Coarse Grids::Grid Level=3
Memory Use Information::Coarse Grids::Memory used=0.00189441
########## V&V Testing Summary  ##########=
Spectral Convergence Tests=
Spectral Convergence Tests::Result=PASSED
Spectral Convergence Tests::Unpreconditioned=
Spectral Convergence Tests::Unpreconditioned::Maximum iteration count=11
Spectral Convergence Tests::Unpreconditioned::Expected iteration count=12
Spectral Convergence Tests::Preconditioned=
Spectral Convergence Tests::Preconditioned::Maximum iteration count=2
Spectral Convergence Tests::Preconditioned::Expected iteration count=2
Departure from Symmetry |x'Ay-y'Ax|/(2*||x||*||A||*||y||)/epsilon=
Departure from Symmetry |x'Ay-y'Ax|/(2*||x||*||A||*||y||)/epsilon::Result=PASSED
Departure from Symmetry |x'Ay-y'Ax|/(2*||x||*||A||*||y||)/epsilon::Departure for SpMV=2.23656e-08
Departure from Symmetry |x'Ay-y'Ax|/(2*||x||*||A||*||y||)/epsilon::Departure for MG=1.49104e-09
########## Iterations Summary  ##########=
Iteration Count Information=
Iteration Count Information::Result=PASSED
Iteration Count Information::Reference CG iterations per set=50
Iteration Count Information::Optimized CG iterations per set=50
Iteration Count Information::Total number of reference iterations=400
Iteration Count Information::Total number of optimized iterations=400
########## Reproducibility Summary  ##########=
Reproducibility Information=
Reproducibility Information::Result=PASSED
Reproducibility Information::Scaled residual mean=3.9761e-07
Reproducibility Information::Scaled residual variance=0
########## Performance Summary (times in sec) ##########=
Benchmark Time Summary=
Benchmark Time Summary::Optimization phase=1.8e-07
Benchmark Time Summary::DDOT=2.15726
Benchmark Time Summary::WAXPBY=0.229403
Benchmark Time Summary::SpMV=1.974
Benchmark Time Summary::MG=13.6339
Benchmark Time Summary::Total=17.9965
Floating Point Operations Summary=
Floating Point Operations Summary::Raw DDOT=3.80004e+09
Floating Point Operations Summary::Raw WAXPBY=3.80004e+09
Floating Point Operations Summary::Raw SpMV=3.40552e+10
Floating Point Operations Summary::Raw MG=1.90031e+11
Floating Point Operations Summary::Total=2.31686e+11
Floating Point Operations Summary::Total with convergence overhead=2.31686e+11
GB/s Summary=
GB/s Summary::Raw Read B/W=79.3312
GB/s Summary::Raw Write B/W=18.3341
GB/s Summary::Raw Total B/W=97.6653
GB/s Summary::Total with convergence and optimization phase overhead=96.2323
GFLOP/s Summary=
GFLOP/s Summary::Raw DDOT=1.76151
GFLOP/s Summary::Raw WAXPBY=16.5649
GFLOP/s Summary::Raw SpMV=17.2519
GFLOP/s Summary::Raw MG=13.9381
GFLOP/s Summary::Raw Total=12.874
GFLOP/s Summary::Total with convergence overhead=12.874
GFLOP/s Summary::Total with convergence and optimization phase overhead=12.6851
User Optimization Overheads=
User Optimization Overheads::Optimization phase time (sec)=1.8e-07
User Optimization Overheads::Optimization phase time vs reference SpMV+MG time=4.49583e-06
DDOT Timing Variations=
DDOT Timing Variations::Min DDOT MPI_Allreduce time=1.29598
DDOT Timing Variations::Max DDOT MPI_Allreduce time=2.06023
DDOT Timing Variations::Avg DDOT MPI_Allreduce time=1.7686
Final Summary=
Final Summary::HPCG result is VALID with a GFLOP/s rating of=12.6851
Final Summary::HPCG 2.4 rating for historical reasons is=12.874
Final Summary::Reference version of ComputeDotProduct used=Performance results are most likely suboptimal
Final Summary::Reference version of ComputeSPMV used=Performance results are most likely suboptimal
Final Summary::Reference version of ComputeMG used=Performance results are most likely suboptimal
Final Summary::Reference version of ComputeWAXPBY used=Performance results are most likely suboptimal
Final Summary::Results are valid but execution time (sec) is=17.9965
Final Summary::Official results execution time (sec) must be at least=1800
HPCG-Benchmark
version=3.1
Release date=March 28, 2019
Machine Summary=
Machine Summary::Distributed Processes=48
Machine Summary::Threads per processes=1
Global Problem Dimensions=
Global Problem Dimensions::Global nx=128
Global Problem Dimensions::Global ny=128
Global Problem Dimensions::Global nz=96
Processor Dimensions=
Processor Dimensions::npx=4
Processor Dimensions::npy=4
Processor Dimensions::npz=3
Local Domain Dimensions=
Local Domain Dimensions::nx=32
Local Domain Dimensions::ny=32
Local Domain Dimensions::Lower ipz=0
Local Domain Dimensions::Upper ipz=2
Local Domain Dimensions::nz=32
########## Problem Summary  ##########=
Setup Information=
Setup Information::Setup Time=0.348797
Linear System Information=
Linear System Information::Number of Equations=1572864
Linear System Information::Number of Nonzero Terms=41734264
Multigrid Information=
Multigrid Information::Number of coarse grid levels=3
Multigrid Information::Coarse Grids=
Multigrid Information::Coarse Grids::Grid Level=1
Multigrid Information::Coarse Grids::Number of Equations=196608
Multigrid Information::Coarse Grids::Number of Nonzero Terms=5126200
Multigrid Information::Coarse Grids::Number of Presmoother Steps=1
Multigrid Information::Coarse Grids::Number of Postsmoother Steps=1
Multigrid Information::Coarse Grids::Grid Level=2
Multigrid Information::Coarse Grids::Number of Equations=24576
Multigrid Information::Coarse Grids::Number of Nonzero Terms=618520
Multigrid Information::Coarse Grids::Number of Presmoother Steps=1
Multigrid Information::Coarse Grids::Number of Postsmoother Steps=1
Multigrid Information::Coarse Grids::Grid Level=3
Multigrid Information::Coarse Grids::Number of Equations=3072
Multigrid Information::Coarse Grids::Number of Nonzero Terms=71944
Multigrid Information::Coarse Grids::Number of Presmoother Steps=1
Multigrid Information::Coarse Grids::Number of Postsmoother Steps=1
########## Memory Use Summary  ##########=
Memory Use Information=
Memory Use Information::Total memory used for data (Gbytes)=1.1274
Memory Use Information::Memory used for OptimizeProblem data (Gbytes)=0
Memory Use Information::Bytes per equation (Total memory / Number of Equations)=716.781
Memory Use Information::Memory used for linear system and CG (Gbytes)=0.991765
Memory Use Information::Coarse Grids=
Memory Use Information::Coarse Grids::Grid Level=1
Memory Use Information::Coarse Grids::Memory used=0.118799
Memory Use Information::Coarse Grids::Grid Level=2
Memory Use Information::Coarse Grids::Memory used=0.01494
Memory Use Information::Coarse Grids::Grid Level=3
Memory Use Information::Coarse Grids::Memory used=0.00189441
########## V&V Testing Summary  ##########=
Spectral Convergence Tests=
Spectral Convergence Tests::Result=PASSED
Spectral Convergence Tests::Unpreconditioned=
Spectral Convergence Tests::Unpreconditioned::Maximum iteration count=11
Spectral Convergence Tests::Unpreconditioned::Expected iteration count=12
Spectral Convergence Tests::Preconditioned=
Spectral Convergence Tests::Preconditioned::Maximum iteration count=2
Spectral Convergence Tests::Preconditioned::Expected iteration count=2
Departure from Symmetry |x'Ay-y'Ax|/(2*||x||*||A||*||y||)/epsilon=
Departure from Symmetry |x'Ay-y'Ax|/(2*||x||*||A||*||y||)/epsilon::Result=PASSED
Departure from Symmetry |x'Ay-y'Ax|/(2*||x||*||A||*||y||)/epsilon::Departure for SpMV=2.23656e-08
Departure from Symmetry |x'Ay-y'Ax|/(2*||x||*||A||*||y||)/epsilon::Departure for MG=1.49104e-09
########## Iterations Summary  ##########=
Iteration Count Information=
Iteration Count Information::Result=PASSED
Iteration Count Information::Reference CG iterations per set=50
Iteration Count Information::Optimized CG iterations per set=50
Iteration Count Information::Total number of reference iterations=400
Iteration Count Information::Total number of optimized iterations=400
########## Reproducibility Summary  ##########=
Reproducibility Information=
Reproducibility Information::Result=PASSED
Reproducibility Information::Scaled residual mean=3.9761e-07
Reproducibility Information::Scaled residual variance=0
########## Performance Summary (times in sec) ##########=
Benchmark Time Summary=
Benchmark Time Summary::Optimization phase=1.56e-07
Benchmark Time Summary::DDOT=1.70708
Benchmark Time Summary::WAXPBY=0.229239
Benchmark Time Summary::SpMV=1.96608
Benchmark Time Summary::MG=13.2928
Benchmark Time Summary::Total=17.1971
Floating Point Operations Summary=
Floating Point Operations Summary::Raw DDOT=3.80004e+09
Floating Point Operations Summary::Raw WAXPBY=3.80004e+09
Floating Point Operations Summary::Raw SpMV=3.40552e+10
Floating Point Operations Summary::Raw MG=1.90031e+11
Floating Point Operations Summary::Total=2.31686e+11
Floating Point Operations Summary::Total with convergence overhead=2.31686e+11
GB/s Summary=
GB/s Summary::Raw Read B/W=83.0188
GB/s Summary::Raw Write B/W=19.1864
GB/s Summary::Raw Total B/W=102.205
GB/s Summary::Total with convergence and optimization phase overhead=100.573
GFLOP/s Summary=
GFLOP/s Summary::Raw DDOT=2.22604
GFLOP/s Summary::Raw WAXPBY=16.5768
GFLOP/s Summary::Raw SpMV=17.3214
GFLOP/s Summary::Raw MG=14.2958
GFLOP/s Summary::Raw Total=13.4724
GFLOP/s Summary::Total with convergence overhead=13.4724
GFLOP/s Summary::Total with convergence and optimization phase overhead=13.2573
User Optimization Overheads=
User Optimization Overheads::Optimization phase time (sec)=1.56e-07
User Optimization Overheads::Optimization phase time vs reference SpMV+MG time=4.05352e-06
DDOT Timing Variations=
DDOT Timing Variations::Min DDOT MPI_Allreduce time=1.06385
DDOT Timing Variations::Max DDOT MPI_Allreduce time=1.5443
DDOT Timing Variations::Avg DDOT MPI_Allreduce time=1.32799
Final Summary=
Final Summary::HPCG result is VALID with a GFLOP/s rating of=13.2573
Final Summary::HPCG 2.4 rating for historical reasons is=13.4724
Final Summary::Reference version of ComputeDotProduct used=Performance results are most likely suboptimal
Final Summary::Reference version of ComputeSPMV used=Performance results are most likely suboptimal
Final Summary::Reference version of ComputeMG used=Performance results are most likely suboptimal
Final Summary::Reference version of ComputeWAXPBY used=Performance results are most likely suboptimal
Final Summary::Results are valid but execution time (sec) is=17.1971
Final Summary::Official results execution time (sec) must be at least=1800
FLUX-RESULTS END
