

32 32 32
15
chmod: cannot access './wait-fs': No such file or directory
mv: cannot stat './wait-fs': No such file or directory
#!/bin/bash
set -euo pipefail
flux resource list
echo "The parent process ID is: $PPID"          
echo "The execution parent process ID is: $$"         
CGROUP_PATH_LINE=$(cat "/proc/$$/cgroup")
echo 
CGROUP_V2_PATH=${CGROUP_PATH_LINE:3}
ACTUAL_CGROUP_DIR="/sys/fs/cgroup${CGROUP_V2_PATH}"
TARGET_CGROUP_ID=$(stat -c '%i' $ACTUAL_CGROUP_DIR)
echo "The cgroup id is $TARGET_CGROUP_ID"
echo -n $TARGET_CGROUP_ID > /mnt/flux/cgroup-id.txt
sleep 5
flux exec -r all touch /mnt/flux/start_ebpf_collection
for i in {1..3}
do
  echo "FLUX-RUN START hpcg-iter-$i"
  flux run --setattr=user.study_id=hpcg-iter-$i -N1 -n 4 -o cpu-affinity=per-task -o gpu-affinity=off     /opt/hpcg/xhpcg
  
   echo "FLUX-RUN END hpcg-iter-$i"
done

  echo "FLUX-RESULTS START"
  cat hpcg*.txt
  echo "HPCG-BENCHMARKS"
  cat HPCG-Benchmark*.txt
  echo "FLUX-RESULTS END"

output=./results/${app}
(apt-get update > /dev/null 2>&1 && apt-get install -y jq > /dev/null 2>&1) || (yum update -y > /dev/null 2>&1 && yum install -y jq > /dev/null 2>&1)
mkdir -p $output
for jobid in $(flux jobs -a --json | jq -r .jobs[].id); do
    echo
    study_id=$(flux job info $jobid jobspec | jq -r ".attributes.user.study_id")
    echo "FLUX-JOB START ${jobid} ${study_id}"
    echo "FLUX-JOB-JOBSPEC START"
    flux job info $jobid jobspec
    echo "FLUX-JOB-JOBSPEC END" 
    
    echo "FLUX-JOB-RESOURCES START"
    flux job info ${jobid} R
    echo "FLUX-JOB-RESOURCES END"
    echo "FLUX-JOB-EVENTLOG START" 
    flux job info $jobid guest.exec.eventlog
    echo "FLUX-JOB-EVENTLOG END" 
    echo "FLUX-JOB END ${jobid} ${study_id}"
done
echo "FLUX JOB STATS"
flux job stats 

     STATE NNODES   NCORES    NGPUS NODELIST
      free      1        4        0 hpcg-0
 allocated      0        0        0 
      down      0        0        0 
The parent process ID is: 105
The execution parent process ID is: 213

The cgroup id is 86785
FLUX-RUN START hpcg-iter-1
FLUX-RUN END hpcg-iter-1
FLUX-RUN START hpcg-iter-2
FLUX-RUN END hpcg-iter-2
FLUX-RUN START hpcg-iter-3
FLUX-RUN END hpcg-iter-3
FLUX-RESULTS START
WARNING: PERFORMING UNPRECONDITIONED ITERATIONS
Call [0] Number of Iterations [11] Scaled Residual [2.19405e-14]
WARNING: PERFORMING UNPRECONDITIONED ITERATIONS
Call [1] Number of Iterations [11] Scaled Residual [2.19405e-14]
Call [0] Number of Iterations [2] Scaled Residual [4.01097e-17]
Call [1] Number of Iterations [2] Scaled Residual [4.01097e-17]
Departure from symmetry (scaled) for SpMV abs(x'*A*y - y'*A*x) = 3.76097e-07
Departure from symmetry (scaled) for MG abs(x'*Minv*y - y'*Minv*x) = 1.14172e-07
SpMV call [0] Residual [0]
SpMV call [1] Residual [0]
Call [0] Scaled Residual [2.87748e-13]
Call [1] Scaled Residual [2.87748e-13]
Call [2] Scaled Residual [2.87748e-13]
Call [3] Scaled Residual [2.87748e-13]
Call [4] Scaled Residual [2.87748e-13]
Call [5] Scaled Residual [2.87748e-13]
Call [6] Scaled Residual [2.87748e-13]
Call [7] Scaled Residual [2.87748e-13]
Call [8] Scaled Residual [2.87748e-13]
Call [9] Scaled Residual [2.87748e-13]
Call [10] Scaled Residual [2.87748e-13]
Call [11] Scaled Residual [2.87748e-13]
Call [12] Scaled Residual [2.87748e-13]
Call [13] Scaled Residual [2.87748e-13]
Call [14] Scaled Residual [2.87748e-13]
Call [15] Scaled Residual [2.87748e-13]
Call [16] Scaled Residual [2.87748e-13]
Call [17] Scaled Residual [2.87748e-13]
Call [18] Scaled Residual [2.87748e-13]
Call [19] Scaled Residual [2.87748e-13]
Call [20] Scaled Residual [2.87748e-13]
Call [21] Scaled Residual [2.87748e-13]
Call [22] Scaled Residual [2.87748e-13]
Call [23] Scaled Residual [2.87748e-13]
Call [24] Scaled Residual [2.87748e-13]
WARNING: PERFORMING UNPRECONDITIONED ITERATIONS
Call [0] Number of Iterations [11] Scaled Residual [2.19405e-14]
WARNING: PERFORMING UNPRECONDITIONED ITERATIONS
Call [1] Number of Iterations [11] Scaled Residual [2.19405e-14]
Call [0] Number of Iterations [2] Scaled Residual [4.01097e-17]
Call [1] Number of Iterations [2] Scaled Residual [4.01097e-17]
Departure from symmetry (scaled) for SpMV abs(x'*A*y - y'*A*x) = 3.76097e-07
Departure from symmetry (scaled) for MG abs(x'*Minv*y - y'*Minv*x) = 1.14172e-07
SpMV call [0] Residual [0]
SpMV call [1] Residual [0]
Call [0] Scaled Residual [2.87748e-13]
Call [1] Scaled Residual [2.87748e-13]
Call [2] Scaled Residual [2.87748e-13]
Call [3] Scaled Residual [2.87748e-13]
Call [4] Scaled Residual [2.87748e-13]
Call [5] Scaled Residual [2.87748e-13]
Call [6] Scaled Residual [2.87748e-13]
Call [7] Scaled Residual [2.87748e-13]
Call [8] Scaled Residual [2.87748e-13]
Call [9] Scaled Residual [2.87748e-13]
Call [10] Scaled Residual [2.87748e-13]
Call [11] Scaled Residual [2.87748e-13]
Call [12] Scaled Residual [2.87748e-13]
Call [13] Scaled Residual [2.87748e-13]
Call [14] Scaled Residual [2.87748e-13]
Call [15] Scaled Residual [2.87748e-13]
Call [16] Scaled Residual [2.87748e-13]
Call [17] Scaled Residual [2.87748e-13]
Call [18] Scaled Residual [2.87748e-13]
Call [19] Scaled Residual [2.87748e-13]
Call [20] Scaled Residual [2.87748e-13]
Call [21] Scaled Residual [2.87748e-13]
Call [22] Scaled Residual [2.87748e-13]
Call [23] Scaled Residual [2.87748e-13]
Call [24] Scaled Residual [2.87748e-13]
Call [25] Scaled Residual [2.87748e-13]
Call [26] Scaled Residual [2.87748e-13]
Call [27] Scaled Residual [2.87748e-13]
Call [28] Scaled Residual [2.87748e-13]
WARNING: PERFORMING UNPRECONDITIONED ITERATIONS
Call [0] Number of Iterations [11] Scaled Residual [2.19405e-14]
WARNING: PERFORMING UNPRECONDITIONED ITERATIONS
Call [1] Number of Iterations [11] Scaled Residual [2.19405e-14]
Call [0] Number of Iterations [2] Scaled Residual [4.01097e-17]
Call [1] Number of Iterations [2] Scaled Residual [4.01097e-17]
Departure from symmetry (scaled) for SpMV abs(x'*A*y - y'*A*x) = 3.76097e-07
Departure from symmetry (scaled) for MG abs(x'*Minv*y - y'*Minv*x) = 1.14172e-07
SpMV call [0] Residual [0]
SpMV call [1] Residual [0]
Call [0] Scaled Residual [2.87748e-13]
Call [1] Scaled Residual [2.87748e-13]
Call [2] Scaled Residual [2.87748e-13]
Call [3] Scaled Residual [2.87748e-13]
Call [4] Scaled Residual [2.87748e-13]
Call [5] Scaled Residual [2.87748e-13]
Call [6] Scaled Residual [2.87748e-13]
Call [7] Scaled Residual [2.87748e-13]
Call [8] Scaled Residual [2.87748e-13]
Call [9] Scaled Residual [2.87748e-13]
Call [10] Scaled Residual [2.87748e-13]
Call [11] Scaled Residual [2.87748e-13]
Call [12] Scaled Residual [2.87748e-13]
Call [13] Scaled Residual [2.87748e-13]
Call [14] Scaled Residual [2.87748e-13]
Call [15] Scaled Residual [2.87748e-13]
Call [16] Scaled Residual [2.87748e-13]
Call [17] Scaled Residual [2.87748e-13]
Call [18] Scaled Residual [2.87748e-13]
Call [19] Scaled Residual [2.87748e-13]
Call [20] Scaled Residual [2.87748e-13]
Call [21] Scaled Residual [2.87748e-13]
Call [22] Scaled Residual [2.87748e-13]
Call [23] Scaled Residual [2.87748e-13]
Call [24] Scaled Residual [2.87748e-13]
Call [25] Scaled Residual [2.87748e-13]
Call [26] Scaled Residual [2.87748e-13]
Call [27] Scaled Residual [2.87748e-13]
Call [28] Scaled Residual [2.87748e-13]
HPCG-BENCHMARKS
HPCG-Benchmark
version=3.1
Release date=March 28, 2019
Machine Summary=
Machine Summary::Distributed Processes=4
Machine Summary::Threads per processes=2
Global Problem Dimensions=
Global Problem Dimensions::Global nx=64
Global Problem Dimensions::Global ny=64
Global Problem Dimensions::Global nz=32
Processor Dimensions=
Processor Dimensions::npx=2
Processor Dimensions::npy=2
Processor Dimensions::npz=1
Local Domain Dimensions=
Local Domain Dimensions::nx=32
Local Domain Dimensions::ny=32
Local Domain Dimensions::Lower ipz=0
Local Domain Dimensions::Upper ipz=0
Local Domain Dimensions::nz=32
########## Problem Summary  ##########=
Setup Information=
Setup Information::Setup Time=0.198406
Linear System Information=
Linear System Information::Number of Equations=131072
Linear System Information::Number of Nonzero Terms=3393400
Multigrid Information=
Multigrid Information::Number of coarse grid levels=3
Multigrid Information::Coarse Grids=
Multigrid Information::Coarse Grids::Grid Level=1
Multigrid Information::Coarse Grids::Number of Equations=16384
Multigrid Information::Coarse Grids::Number of Nonzero Terms=406456
Multigrid Information::Coarse Grids::Number of Presmoother Steps=1
Multigrid Information::Coarse Grids::Number of Postsmoother Steps=1
Multigrid Information::Coarse Grids::Grid Level=2
Multigrid Information::Coarse Grids::Number of Equations=2048
Multigrid Information::Coarse Grids::Number of Nonzero Terms=46552
Multigrid Information::Coarse Grids::Number of Presmoother Steps=1
Multigrid Information::Coarse Grids::Number of Postsmoother Steps=1
Multigrid Information::Coarse Grids::Grid Level=3
Multigrid Information::Coarse Grids::Number of Equations=256
Multigrid Information::Coarse Grids::Number of Nonzero Terms=4840
Multigrid Information::Coarse Grids::Number of Presmoother Steps=1
Multigrid Information::Coarse Grids::Number of Postsmoother Steps=1
########## Memory Use Summary  ##########=
Memory Use Information=
Memory Use Information::Total memory used for data (Gbytes)=0.093864
Memory Use Information::Memory used for OptimizeProblem data (Gbytes)=0
Memory Use Information::Bytes per equation (Total memory / Number of Equations)=716.126
Memory Use Information::Memory used for linear system and CG (Gbytes)=0.0825777
Memory Use Information::Coarse Grids=
Memory Use Information::Coarse Grids::Grid Level=1
Memory Use Information::Coarse Grids::Memory used=0.00988744
Memory Use Information::Coarse Grids::Grid Level=2
Memory Use Information::Coarse Grids::Memory used=0.00124171
Memory Use Information::Coarse Grids::Grid Level=3
Memory Use Information::Coarse Grids::Memory used=0.00015712
########## V&V Testing Summary  ##########=
Spectral Convergence Tests=
Spectral Convergence Tests::Result=PASSED
Spectral Convergence Tests::Unpreconditioned=
Spectral Convergence Tests::Unpreconditioned::Maximum iteration count=11
Spectral Convergence Tests::Unpreconditioned::Expected iteration count=12
Spectral Convergence Tests::Preconditioned=
Spectral Convergence Tests::Preconditioned::Maximum iteration count=2
Spectral Convergence Tests::Preconditioned::Expected iteration count=2
Departure from Symmetry |x'Ay-y'Ax|/(2*||x||*||A||*||y||)/epsilon=
Departure from Symmetry |x'Ay-y'Ax|/(2*||x||*||A||*||y||)/epsilon::Result=PASSED
Departure from Symmetry |x'Ay-y'Ax|/(2*||x||*||A||*||y||)/epsilon::Departure for SpMV=3.76097e-07
Departure from Symmetry |x'Ay-y'Ax|/(2*||x||*||A||*||y||)/epsilon::Departure for MG=1.14172e-07
########## Iterations Summary  ##########=
Iteration Count Information=
Iteration Count Information::Result=PASSED
Iteration Count Information::Reference CG iterations per set=50
Iteration Count Information::Optimized CG iterations per set=50
Iteration Count Information::Total number of reference iterations=1250
Iteration Count Information::Total number of optimized iterations=1250
########## Reproducibility Summary  ##########=
Reproducibility Information=
Reproducibility Information::Result=PASSED
Reproducibility Information::Scaled residual mean=2.87748e-13
Reproducibility Information::Scaled residual variance=0
########## Performance Summary (times in sec) ##########=
Benchmark Time Summary=
Benchmark Time Summary::Optimization phase=1.98e-07
Benchmark Time Summary::DDOT=1.07105
Benchmark Time Summary::WAXPBY=0.201738
Benchmark Time Summary::SpMV=1.53267
Benchmark Time Summary::MG=12.3992
Benchmark Time Summary::Total=15.2072
Floating Point Operations Summary=
Floating Point Operations Summary::Raw DDOT=9.89594e+08
Floating Point Operations Summary::Raw WAXPBY=9.89594e+08
Floating Point Operations Summary::Raw SpMV=8.65317e+09
Floating Point Operations Summary::Raw MG=4.81043e+10
Floating Point Operations Summary::Total=5.87367e+10
Floating Point Operations Summary::Total with convergence overhead=5.87367e+10
GB/s Summary=
GB/s Summary::Raw Read B/W=23.8178
GB/s Summary::Raw Write B/W=5.50535
GB/s Summary::Raw Total B/W=29.3232
GB/s Summary::Total with convergence and optimization phase overhead=28.397
GFLOP/s Summary=
GFLOP/s Summary::Raw DDOT=0.923947
GFLOP/s Summary::Raw WAXPBY=4.90533
GFLOP/s Summary::Raw SpMV=5.64581
GFLOP/s Summary::Raw MG=3.87964
GFLOP/s Summary::Raw Total=3.86242
GFLOP/s Summary::Total with convergence overhead=3.86242
GFLOP/s Summary::Total with convergence and optimization phase overhead=3.74042
User Optimization Overheads=
User Optimization Overheads::Optimization phase time (sec)=1.98e-07
User Optimization Overheads::Optimization phase time vs reference SpMV+MG time=9.27507e-06
DDOT Timing Variations=
DDOT Timing Variations::Min DDOT MPI_Allreduce time=0.66455
DDOT Timing Variations::Max DDOT MPI_Allreduce time=0.865671
DDOT Timing Variations::Avg DDOT MPI_Allreduce time=0.74442
Final Summary=
Final Summary::HPCG result is VALID with a GFLOP/s rating of=3.74042
Final Summary::HPCG 2.4 rating for historical reasons is=3.86242
Final Summary::Reference version of ComputeDotProduct used=Performance results are most likely suboptimal
Final Summary::Reference version of ComputeSPMV used=Performance results are most likely suboptimal
Final Summary::Reference version of ComputeMG used and number of threads greater than 1=Performance results are severely suboptimal
Final Summary::Reference version of ComputeWAXPBY used=Performance results are most likely suboptimal
Final Summary::Results are valid but execution time (sec) is=15.2072
Final Summary::Official results execution time (sec) must be at least=1800
HPCG-Benchmark
version=3.1
Release date=March 28, 2019
Machine Summary=
Machine Summary::Distributed Processes=4
Machine Summary::Threads per processes=2
Global Problem Dimensions=
Global Problem Dimensions::Global nx=64
Global Problem Dimensions::Global ny=64
Global Problem Dimensions::Global nz=32
Processor Dimensions=
Processor Dimensions::npx=2
Processor Dimensions::npy=2
Processor Dimensions::npz=1
Local Domain Dimensions=
Local Domain Dimensions::nx=32
Local Domain Dimensions::ny=32
Local Domain Dimensions::Lower ipz=0
Local Domain Dimensions::Upper ipz=0
Local Domain Dimensions::nz=32
########## Problem Summary  ##########=
Setup Information=
Setup Information::Setup Time=0.16224
Linear System Information=
Linear System Information::Number of Equations=131072
Linear System Information::Number of Nonzero Terms=3393400
Multigrid Information=
Multigrid Information::Number of coarse grid levels=3
Multigrid Information::Coarse Grids=
Multigrid Information::Coarse Grids::Grid Level=1
Multigrid Information::Coarse Grids::Number of Equations=16384
Multigrid Information::Coarse Grids::Number of Nonzero Terms=406456
Multigrid Information::Coarse Grids::Number of Presmoother Steps=1
Multigrid Information::Coarse Grids::Number of Postsmoother Steps=1
Multigrid Information::Coarse Grids::Grid Level=2
Multigrid Information::Coarse Grids::Number of Equations=2048
Multigrid Information::Coarse Grids::Number of Nonzero Terms=46552
Multigrid Information::Coarse Grids::Number of Presmoother Steps=1
Multigrid Information::Coarse Grids::Number of Postsmoother Steps=1
Multigrid Information::Coarse Grids::Grid Level=3
Multigrid Information::Coarse Grids::Number of Equations=256
Multigrid Information::Coarse Grids::Number of Nonzero Terms=4840
Multigrid Information::Coarse Grids::Number of Presmoother Steps=1
Multigrid Information::Coarse Grids::Number of Postsmoother Steps=1
########## Memory Use Summary  ##########=
Memory Use Information=
Memory Use Information::Total memory used for data (Gbytes)=0.093864
Memory Use Information::Memory used for OptimizeProblem data (Gbytes)=0
Memory Use Information::Bytes per equation (Total memory / Number of Equations)=716.126
Memory Use Information::Memory used for linear system and CG (Gbytes)=0.0825778
Memory Use Information::Coarse Grids=
Memory Use Information::Coarse Grids::Grid Level=1
Memory Use Information::Coarse Grids::Memory used=0.00988744
Memory Use Information::Coarse Grids::Grid Level=2
Memory Use Information::Coarse Grids::Memory used=0.00124171
Memory Use Information::Coarse Grids::Grid Level=3
Memory Use Information::Coarse Grids::Memory used=0.00015712
########## V&V Testing Summary  ##########=
Spectral Convergence Tests=
Spectral Convergence Tests::Result=PASSED
Spectral Convergence Tests::Unpreconditioned=
Spectral Convergence Tests::Unpreconditioned::Maximum iteration count=11
Spectral Convergence Tests::Unpreconditioned::Expected iteration count=12
Spectral Convergence Tests::Preconditioned=
Spectral Convergence Tests::Preconditioned::Maximum iteration count=2
Spectral Convergence Tests::Preconditioned::Expected iteration count=2
Departure from Symmetry |x'Ay-y'Ax|/(2*||x||*||A||*||y||)/epsilon=
Departure from Symmetry |x'Ay-y'Ax|/(2*||x||*||A||*||y||)/epsilon::Result=PASSED
Departure from Symmetry |x'Ay-y'Ax|/(2*||x||*||A||*||y||)/epsilon::Departure for SpMV=3.76097e-07
Departure from Symmetry |x'Ay-y'Ax|/(2*||x||*||A||*||y||)/epsilon::Departure for MG=1.14172e-07
########## Iterations Summary  ##########=
Iteration Count Information=
Iteration Count Information::Result=PASSED
Iteration Count Information::Reference CG iterations per set=50
Iteration Count Information::Optimized CG iterations per set=50
Iteration Count Information::Total number of reference iterations=1450
Iteration Count Information::Total number of optimized iterations=1450
########## Reproducibility Summary  ##########=
Reproducibility Information=
Reproducibility Information::Result=PASSED
Reproducibility Information::Scaled residual mean=2.87748e-13
Reproducibility Information::Scaled residual variance=0
########## Performance Summary (times in sec) ##########=
Benchmark Time Summary=
Benchmark Time Summary::Optimization phase=2.68e-07
Benchmark Time Summary::DDOT=1.45043
Benchmark Time Summary::WAXPBY=0.197975
Benchmark Time Summary::SpMV=1.78028
Benchmark Time Summary::MG=14.3399
Benchmark Time Summary::Total=17.7715
Floating Point Operations Summary=
Floating Point Operations Summary::Raw DDOT=1.14793e+09
Floating Point Operations Summary::Raw WAXPBY=1.14793e+09
Floating Point Operations Summary::Raw SpMV=1.00377e+10
Floating Point Operations Summary::Raw MG=5.5801e+10
Floating Point Operations Summary::Total=6.81345e+10
Floating Point Operations Summary::Total with convergence overhead=6.81345e+10
GB/s Summary=
GB/s Summary::Raw Read B/W=23.6421
GB/s Summary::Raw Write B/W=5.46474
GB/s Summary::Raw Total B/W=29.1069
GB/s Summary::Total with convergence and optimization phase overhead=28.3562
GFLOP/s Summary=
GFLOP/s Summary::Raw DDOT=0.79144
GFLOP/s Summary::Raw WAXPBY=5.79835
GFLOP/s Summary::Raw SpMV=5.63826
GFLOP/s Summary::Raw MG=3.89131
GFLOP/s Summary::Raw Total=3.83393
GFLOP/s Summary::Total with convergence overhead=3.83393
GFLOP/s Summary::Total with convergence and optimization phase overhead=3.73504
User Optimization Overheads=
User Optimization Overheads::Optimization phase time (sec)=2.68e-07
User Optimization Overheads::Optimization phase time vs reference SpMV+MG time=2.63995e-05
DDOT Timing Variations=
DDOT Timing Variations::Min DDOT MPI_Allreduce time=0.796007
DDOT Timing Variations::Max DDOT MPI_Allreduce time=1.1557
DDOT Timing Variations::Avg DDOT MPI_Allreduce time=0.930778
Final Summary=
Final Summary::HPCG result is VALID with a GFLOP/s rating of=3.73504
Final Summary::HPCG 2.4 rating for historical reasons is=3.83393
Final Summary::Reference version of ComputeDotProduct used=Performance results are most likely suboptimal
Final Summary::Reference version of ComputeSPMV used=Performance results are most likely suboptimal
Final Summary::Reference version of ComputeMG used and number of threads greater than 1=Performance results are severely suboptimal
Final Summary::Reference version of ComputeWAXPBY used=Performance results are most likely suboptimal
Final Summary::Results are valid but execution time (sec) is=17.7715
Final Summary::Official results execution time (sec) must be at least=1800
HPCG-Benchmark
version=3.1
Release date=March 28, 2019
Machine Summary=
Machine Summary::Distributed Processes=4
Machine Summary::Threads per processes=2
Global Problem Dimensions=
Global Problem Dimensions::Global nx=64
Global Problem Dimensions::Global ny=64
Global Problem Dimensions::Global nz=32
Processor Dimensions=
Processor Dimensions::npx=2
Processor Dimensions::npy=2
Processor Dimensions::npz=1
Local Domain Dimensions=
Local Domain Dimensions::nx=32
Local Domain Dimensions::ny=32
Local Domain Dimensions::Lower ipz=0
Local Domain Dimensions::Upper ipz=0
Local Domain Dimensions::nz=32
########## Problem Summary  ##########=
Setup Information=
Setup Information::Setup Time=0.151222
Linear System Information=
Linear System Information::Number of Equations=131072
Linear System Information::Number of Nonzero Terms=3393400
Multigrid Information=
Multigrid Information::Number of coarse grid levels=3
Multigrid Information::Coarse Grids=
Multigrid Information::Coarse Grids::Grid Level=1
Multigrid Information::Coarse Grids::Number of Equations=16384
Multigrid Information::Coarse Grids::Number of Nonzero Terms=406456
Multigrid Information::Coarse Grids::Number of Presmoother Steps=1
Multigrid Information::Coarse Grids::Number of Postsmoother Steps=1
Multigrid Information::Coarse Grids::Grid Level=2
Multigrid Information::Coarse Grids::Number of Equations=2048
Multigrid Information::Coarse Grids::Number of Nonzero Terms=46552
Multigrid Information::Coarse Grids::Number of Presmoother Steps=1
Multigrid Information::Coarse Grids::Number of Postsmoother Steps=1
Multigrid Information::Coarse Grids::Grid Level=3
Multigrid Information::Coarse Grids::Number of Equations=256
Multigrid Information::Coarse Grids::Number of Nonzero Terms=4840
Multigrid Information::Coarse Grids::Number of Presmoother Steps=1
Multigrid Information::Coarse Grids::Number of Postsmoother Steps=1
########## Memory Use Summary  ##########=
Memory Use Information=
Memory Use Information::Total memory used for data (Gbytes)=0.093864
Memory Use Information::Memory used for OptimizeProblem data (Gbytes)=0
Memory Use Information::Bytes per equation (Total memory / Number of Equations)=716.126
Memory Use Information::Memory used for linear system and CG (Gbytes)=0.0825778
Memory Use Information::Coarse Grids=
Memory Use Information::Coarse Grids::Grid Level=1
Memory Use Information::Coarse Grids::Memory used=0.00988744
Memory Use Information::Coarse Grids::Grid Level=2
Memory Use Information::Coarse Grids::Memory used=0.00124171
Memory Use Information::Coarse Grids::Grid Level=3
Memory Use Information::Coarse Grids::Memory used=0.00015712
########## V&V Testing Summary  ##########=
Spectral Convergence Tests=
Spectral Convergence Tests::Result=PASSED
Spectral Convergence Tests::Unpreconditioned=
Spectral Convergence Tests::Unpreconditioned::Maximum iteration count=11
Spectral Convergence Tests::Unpreconditioned::Expected iteration count=12
Spectral Convergence Tests::Preconditioned=
Spectral Convergence Tests::Preconditioned::Maximum iteration count=2
Spectral Convergence Tests::Preconditioned::Expected iteration count=2
Departure from Symmetry |x'Ay-y'Ax|/(2*||x||*||A||*||y||)/epsilon=
Departure from Symmetry |x'Ay-y'Ax|/(2*||x||*||A||*||y||)/epsilon::Result=PASSED
Departure from Symmetry |x'Ay-y'Ax|/(2*||x||*||A||*||y||)/epsilon::Departure for SpMV=3.76097e-07
Departure from Symmetry |x'Ay-y'Ax|/(2*||x||*||A||*||y||)/epsilon::Departure for MG=1.14172e-07
########## Iterations Summary  ##########=
Iteration Count Information=
Iteration Count Information::Result=PASSED
Iteration Count Information::Reference CG iterations per set=50
Iteration Count Information::Optimized CG iterations per set=50
Iteration Count Information::Total number of reference iterations=1450
Iteration Count Information::Total number of optimized iterations=1450
########## Reproducibility Summary  ##########=
Reproducibility Information=
Reproducibility Information::Result=PASSED
Reproducibility Information::Scaled residual mean=2.87748e-13
Reproducibility Information::Scaled residual variance=0
########## Performance Summary (times in sec) ##########=
Benchmark Time Summary=
Benchmark Time Summary::Optimization phase=1.83e-07
Benchmark Time Summary::DDOT=1.28492
Benchmark Time Summary::WAXPBY=0.273775
Benchmark Time Summary::SpMV=1.76941
Benchmark Time Summary::MG=14.2437
Benchmark Time Summary::Total=17.5749
Floating Point Operations Summary=
Floating Point Operations Summary::Raw DDOT=1.14793e+09
Floating Point Operations Summary::Raw WAXPBY=1.14793e+09
Floating Point Operations Summary::Raw SpMV=1.00377e+10
Floating Point Operations Summary::Raw MG=5.5801e+10
Floating Point Operations Summary::Total=6.81345e+10
Floating Point Operations Summary::Total with convergence overhead=6.81345e+10
GB/s Summary=
GB/s Summary::Raw Read B/W=23.9065
GB/s Summary::Raw Write B/W=5.52586
GB/s Summary::Raw Total B/W=29.4324
GB/s Summary::Total with convergence and optimization phase overhead=28.7158
GFLOP/s Summary=
GFLOP/s Summary::Raw DDOT=0.893387
GFLOP/s Summary::Raw WAXPBY=4.19296
GFLOP/s Summary::Raw SpMV=5.6729
GFLOP/s Summary::Raw MG=3.91759
GFLOP/s Summary::Raw Total=3.8768
GFLOP/s Summary::Total with convergence overhead=3.8768
GFLOP/s Summary::Total with convergence and optimization phase overhead=3.78242
User Optimization Overheads=
User Optimization Overheads::Optimization phase time (sec)=1.83e-07
User Optimization Overheads::Optimization phase time vs reference SpMV+MG time=1.86243e-05
DDOT Timing Variations=
DDOT Timing Variations::Min DDOT MPI_Allreduce time=0.84875
DDOT Timing Variations::Max DDOT MPI_Allreduce time=0.940396
DDOT Timing Variations::Avg DDOT MPI_Allreduce time=0.897501
Final Summary=
Final Summary::HPCG result is VALID with a GFLOP/s rating of=3.78242
Final Summary::HPCG 2.4 rating for historical reasons is=3.8768
Final Summary::Reference version of ComputeDotProduct used=Performance results are most likely suboptimal
Final Summary::Reference version of ComputeSPMV used=Performance results are most likely suboptimal
Final Summary::Reference version of ComputeMG used and number of threads greater than 1=Performance results are severely suboptimal
Final Summary::Reference version of ComputeWAXPBY used=Performance results are most likely suboptimal
Final Summary::Results are valid but execution time (sec) is=17.5749
Final Summary::Official results execution time (sec) must be at least=1800
FLUX-RESULTS END

FLUX-JOB START 737073430528 hpcg-iter-3
FLUX-JOB-JOBSPEC START
{"resources": [{"type": "node", "count": 1, "with": [{"type": "slot", "count": 4, "with": [{"type": "core", "count": 1}], "label": "task"}]}], "tasks": [{"command": ["/opt/hpcg/xhpcg"], "slot": "task", "count": {"per_slot": 1}}], "attributes": {"system": {"duration": 0, "cwd": "/opt/hpcg", "shell": {"options": {"rlimit": {"cpu": -1, "fsize": -1, "data": -1, "stack": 10485760, "core": -1, "nofile": 1048576, "as": -1, "rss": -1, "nproc": -1}, "cpu-affinity": "per-task", "gpu-affinity": "off"}}}, "user": {"study_id": "hpcg-iter-3"}}, "version": 1}
FLUX-JOB-JOBSPEC END
FLUX-JOB-RESOURCES START
{"version": 1, "execution": {"R_lite": [{"rank": "0", "children": {"core": "0-3"}}], "starttime": 1749626757.9033039, "expiration": 0.0, "nodelist": ["hpcg-0"]}}
FLUX-JOB-RESOURCES END
FLUX-JOB-EVENTLOG START
{"timestamp":1749626757.9044805,"name":"init"}
{"timestamp":1749626757.9052794,"name":"starting"}
{"timestamp":1749626757.9169474,"name":"shell.init","context":{"service":"0-shell-fLMyezeK","leader-rank":0,"size":1}}
{"timestamp":1749626757.9227886,"name":"shell.start","context":{"taskmap":{"version":1,"map":[[0,1,4,1]]}}}
{"timestamp":1749626777.1862102,"name":"shell.task-exit","context":{"localid":0,"rank":0,"state":"Exited","pid":256,"wait_status":0,"signaled":0,"exitcode":0}}
{"timestamp":1749626777.189333,"name":"complete","context":{"status":0}}
{"timestamp":1749626777.1893618,"name":"done"}

FLUX-JOB-EVENTLOG END
FLUX-JOB END 737073430528 hpcg-iter-3

FLUX-JOB START 404649672704 hpcg-iter-2
FLUX-JOB-JOBSPEC START
{"resources": [{"type": "node", "count": 1, "with": [{"type": "slot", "count": 4, "with": [{"type": "core", "count": 1}], "label": "task"}]}], "tasks": [{"command": ["/opt/hpcg/xhpcg"], "slot": "task", "count": {"per_slot": 1}}], "attributes": {"system": {"duration": 0, "cwd": "/opt/hpcg", "shell": {"options": {"rlimit": {"cpu": -1, "fsize": -1, "data": -1, "stack": 10485760, "core": -1, "nofile": 1048576, "as": -1, "rss": -1, "nproc": -1}, "cpu-affinity": "per-task", "gpu-affinity": "off"}}}, "user": {"study_id": "hpcg-iter-2"}}, "version": 1}
FLUX-JOB-JOBSPEC END
FLUX-JOB-RESOURCES START
{"version": 1, "execution": {"R_lite": [{"rank": "0", "children": {"core": "0-3"}}], "starttime": 1749626738.0889544, "expiration": 0.0, "nodelist": ["hpcg-0"]}}
FLUX-JOB-RESOURCES END
FLUX-JOB-EVENTLOG START
{"timestamp":1749626738.0902507,"name":"init"}
{"timestamp":1749626738.091145,"name":"starting"}
{"timestamp":1749626738.103864,"name":"shell.init","context":{"service":"0-shell-fBdWWLuu","leader-rank":0,"size":1}}
{"timestamp":1749626738.1107204,"name":"shell.start","context":{"taskmap":{"version":1,"map":[[0,1,4,1]]}}}
{"timestamp":1749626757.5999668,"name":"shell.task-exit","context":{"localid":2,"rank":2,"state":"Exited","pid":242,"wait_status":0,"signaled":0,"exitcode":0}}
{"timestamp":1749626757.6032271,"name":"complete","context":{"status":0}}
{"timestamp":1749626757.6032617,"name":"done"}

FLUX-JOB-EVENTLOG END
FLUX-JOB END 404649672704 hpcg-iter-2

FLUX-JOB START 107458068480 hpcg-iter-1
FLUX-JOB-JOBSPEC START
{"resources": [{"type": "node", "count": 1, "with": [{"type": "slot", "count": 4, "with": [{"type": "core", "count": 1}], "label": "task"}]}], "tasks": [{"command": ["/opt/hpcg/xhpcg"], "slot": "task", "count": {"per_slot": 1}}], "attributes": {"system": {"duration": 0, "cwd": "/opt/hpcg", "shell": {"options": {"rlimit": {"cpu": -1, "fsize": -1, "data": -1, "stack": 10485760, "core": -1, "nofile": 1048576, "as": -1, "rss": -1, "nproc": -1}, "cpu-affinity": "per-task", "gpu-affinity": "off"}}}, "user": {"study_id": "hpcg-iter-1"}}, "version": 1}
FLUX-JOB-JOBSPEC END
FLUX-JOB-RESOURCES START
{"version": 1, "execution": {"R_lite": [{"rank": "0", "children": {"core": "0-3"}}], "starttime": 1749626720.3757851, "expiration": 0.0, "nodelist": ["hpcg-0"]}}
FLUX-JOB-RESOURCES END
FLUX-JOB-EVENTLOG START
{"timestamp":1749626720.377197,"name":"init"}
{"timestamp":1749626720.3777926,"name":"starting"}
{"timestamp":1749626720.3895535,"name":"shell.init","context":{"service":"0-shell-f3pihgyd","leader-rank":0,"size":1}}
{"timestamp":1749626720.3976915,"name":"shell.start","context":{"taskmap":{"version":1,"map":[[0,1,4,1]]}}}
{"timestamp":1749626737.7806809,"name":"shell.task-exit","context":{"localid":3,"rank":3,"state":"Exited","pid":227,"wait_status":0,"signaled":0,"exitcode":0}}
{"timestamp":1749626737.78353,"name":"complete","context":{"status":0}}
{"timestamp":1749626737.7835636,"name":"done"}

FLUX-JOB-EVENTLOG END
FLUX-JOB END 107458068480 hpcg-iter-1
FLUX JOB STATS
{"job_states":{"depend":0,"priority":0,"sched":0,"run":0,"cleanup":0,"inactive":3,"total":3},"successful":3,"failed":0,"canceled":0,"timeout":0,"inactive_purged":0,"queues":[]}
