ln: failed to create symbolic link '/mnt/flux/view/lib/python': File exists
ln: failed to create symbolic link '/mnt/flux/view/lib/python3': File exists
unlimited
PROGRAM: futex
Looking for /opt/programs/futex/ebpf-collect.c
[13:37:18] Starting eBPF (Tracepoints for futex syscalls).
[13:37:19] BPF program loaded and tracepoints automatically attached.
[13:37:19] Start Indicator file defined '/mnt/flux/start_ebpf_collection'. Waiting.
[13:37:24] Start indicator found. Proceeding.
[13:37:24] Ring buffers opened. Polling for events...
[13:38:18] 
Indicator file '/mnt/flux/stop_ebpf_collection' found. Stopping.
[13:38:18] Cleaning up BPF resources...
{
  "final_aggregated_futex_summary_river": [
    {
      "tgid": 2220,
      "comm": "containerd",
      "cgroup_id": 4085,
      "wait_duration_stats_ns": {
        "count": 6374.0,
        "sum": 512109588496.00073,
        "mean": 80343518.74741147,
        "median": 790418.765826703,
        "min": 451,
        "max": 40771460239,
        "variance_ns2": 6.674165149599407e+17,
        "iqr_ns": 65127670.51522222,
        "q1_ns": 90794.41691980517,
        "q3_ns": 65218464.93214203
      },
      "futex_op_counts": {
        "128": 6374
      },
      "first_seen_ts_ns": 2232052831869,
      "last_seen_ts_ns": 2291442460196
    },
    {
      "tgid": 2338,
      "comm": "containerd-shim",
      "cgroup_id": 4085,
      "wait_duration_stats_ns": {
        "count": 713.0,
        "sum": 393997962396.0002,
        "mean": 552591812.6171111,
        "median": 783639.2638845184,
        "min": 804,
        "max": 15418065518,
        "variance_ns2": 2.434276112129184e+18,
        "iqr_ns": 22421166.4446241,
        "q1_ns": 127755.41018744025,
        "q3_ns": 22548921.85481154
      },
      "futex_op_counts": {
        "128": 713
      },
      "first_seen_ts_ns": 2232844373239,
      "last_seen_ts_ns": 2291156497864
    },
    {
      "tgid": 2242,
      "comm": "kubelet",
      "cgroup_id": 4138,
      "wait_duration_stats_ns": {
        "count": 5030.0,
        "sum": 375888351106.0001,
        "mean": 74729294.45447318,
        "median": 12113069.850642622,
        "min": 500,
        "max": 30584431807,
        "variance_ns2": 7.047221675830017e+17,
        "iqr_ns": 53475800.299270175,
        "q1_ns": 1088241.8135109893,
        "q3_ns": 54564042.11278117
      },
      "futex_op_counts": {
        "128": 5030
      },
      "first_seen_ts_ns": 2232038412913,
      "last_seen_ts_ns": 2291456109356
    },
    {
      "tgid": 40121,
      "comm": "containerd-shim",
      "cgroup_id": 4085,
      "wait_duration_stats_ns": {
        "count": 172.0,
        "sum": 277935025382.99994,
        "mean": 1615901310.3662786,
        "median": 9992330.177646536,
        "min": 11282,
        "max": 31155645690,
        "variance_ns2": 1.905072098683797e+19,
        "iqr_ns": 923501730.9825436,
        "q1_ns": 733142.3571935452,
        "q3_ns": 924234873.3397372
      },
      "futex_op_counts": {
        "128": 172
      },
      "first_seen_ts_ns": 2233998111139,
      "last_seen_ts_ns": 2291463167887
    },
    {
      "tgid": 3404,
      "comm": "coredns",
      "cgroup_id": 6033,
      "wait_duration_stats_ns": {
        "count": 389.0,
        "sum": 273455016548.0002,
        "mean": 702969194.2107974,
        "median": 465738771.17261267,
        "min": 12381,
        "max": 31889432465,
        "variance_ns2": 3.985702225142758e+18,
        "iqr_ns": 904619668.088389,
        "q1_ns": 60738372.83007652,
        "q3_ns": 965358040.9184656
      },
      "futex_op_counts": {
        "128": 389
      },
      "first_seen_ts_ns": 2232835262641,
      "last_seen_ts_ns": 2291433496196
    },
    {
      "tgid": 3683,
      "comm": "metrics-server",
      "cgroup_id": 6369,
      "wait_duration_stats_ns": {
        "count": 1050.0,
        "sum": 237631124583.00018,
        "mean": 226315356.74571446,
        "median": 126740328.6677248,
        "min": 17550,
        "max": 23491062099,
        "variance_ns2": 1.3923384403704492e+18,
        "iqr_ns": 120330275.69683796,
        "q1_ns": 78869263.37120193,
        "q3_ns": 199199539.0680399
      },
      "futex_op_counts": {
        "128": 1050
      },
      "first_seen_ts_ns": 2232070770610,
      "last_seen_ts_ns": 2291433319477
    },
    {
      "tgid": 2340,
      "comm": "containerd-shim",
      "cgroup_id": 4085,
      "wait_duration_stats_ns": {
        "count": 52.0,
        "sum": 234895120757.99994,
        "mean": 4517213860.730768,
        "median": 1167368523.8402019,
        "min": 15819,
        "max": 30014949092,
        "variance_ns2": 6.33339383054899e+19,
        "iqr_ns": 6287910393.95623,
        "q1_ns": 141580191.2446789,
        "q3_ns": 6429490585.200909
      },
      "futex_op_counts": {
        "128": 52
      },
      "first_seen_ts_ns": 2232844366765,
      "last_seen_ts_ns": 2291151133433
    },
    {
      "tgid": 3600,
      "comm": "containerd-shim",
      "cgroup_id": 4085,
      "wait_duration_stats_ns": {
        "count": 59.0,
        "sum": 231430207368.00003,
        "mean": 3922545887.5932207,
        "median": 1017885446.9558461,
        "min": 550,
        "max": 29996105850,
        "variance_ns2": 5.076111603490907e+19,
        "iqr_ns": 4653138435.780942,
        "q1_ns": 103629765.78546315,
        "q3_ns": 4756768201.566405
      },
      "futex_op_counts": {
        "128": 59
      },
      "first_seen_ts_ns": 2243557594847,
      "last_seen_ts_ns": 2291154515662
    },
    {
      "tgid": 39983,
      "comm": "containerd-shim",
      "cgroup_id": 4085,
      "wait_duration_stats_ns": {
        "count": 53.0,
        "sum": 231422652849.99997,
        "mean": 4366465148.113207,
        "median": 2217804080.3864603,
        "min": 7524,
        "max": 30009760002,
        "variance_ns2": 4.7531430040458445e+19,
        "iqr_ns": 6330170882.077174,
        "q1_ns": 165296808.51490667,
        "q3_ns": 6495467690.592081
      },
      "futex_op_counts": {
        "128": 53
      },
      "first_seen_ts_ns": 2237914893920,
      "last_seen_ts_ns": 2291158451947
    },
    {
      "tgid": 3153,
      "comm": "containerd-shim",
      "cgroup_id": 4085,
      "wait_duration_stats_ns": {
        "count": 52.0,
        "sum": 231348171805.00003,
        "mean": 4449003303.942308,
        "median": 1959003165.5144057,
        "min": 9001,
        "max": 29999897819,
        "variance_ns2": 4.594809674029394e+19,
        "iqr_ns": 7370258124.56917,
        "q1_ns": 213984214.896628,
        "q3_ns": 7584242339.465798
      },
      "futex_op_counts": {
        "128": 52
      },
      "first_seen_ts_ns": 2241649579409,
      "last_seen_ts_ns": 2291157227505
    },
    {
      "tgid": 3150,
      "comm": "containerd-shim",
      "cgroup_id": 4085,
      "wait_duration_stats_ns": {
        "count": 54.0,
        "sum": 231311348047.99997,
        "mean": 4283543482.37037,
        "median": 1697010411.027777,
        "min": 5202,
        "max": 30000167851,
        "variance_ns2": 5.40368822680349e+19,
        "iqr_ns": 6164302717.857077,
        "q1_ns": 180856276.6654954,
        "q3_ns": 6345158994.5225725
      },
      "futex_op_counts": {
        "128": 54
      },
      "first_seen_ts_ns": 2241648302489,
      "last_seen_ts_ns": 2291152539311
    },
    {
      "tgid": 3401,
      "comm": "coredns",
      "cgroup_id": 5949,
      "wait_duration_stats_ns": {
        "count": 416.0,
        "sum": 222434070970.99982,
        "mean": 534697285.98798037,
        "median": 292742886.6184055,
        "min": 1074,
        "max": 18857626877,
        "variance_ns2": 1.5424140768536033e+18,
        "iqr_ns": 904108866.7502972,
        "q1_ns": 38525756.194602765,
        "q3_ns": 942634622.9448999
      },
      "futex_op_counts": {
        "128": 416
      },
      "first_seen_ts_ns": 2232831190892,
      "last_seen_ts_ns": 2291427800006
    },
    {
      "tgid": 2763,
      "comm": "aws-k8s-agent",
      "cgroup_id": 5277,
      "wait_duration_stats_ns": {
        "count": 344.0,
        "sum": 219982654842.99997,
        "mean": 639484461.7529069,
        "median": 5179754.0904427925,
        "min": 804,
        "max": 45531107038,
        "variance_ns2": 7.963950498865307e+18,
        "iqr_ns": 850886001.3591088,
        "q1_ns": 370434.88615700684,
        "q3_ns": 851256436.2452658
      },
      "futex_op_counts": {
        "128": 344
      },
      "first_seen_ts_ns": 2237111018300,
      "last_seen_ts_ns": 2290548505337
    },
    {
      "tgid": 3679,
      "comm": "metrics-server",
      "cgroup_id": 6285,
      "wait_duration_stats_ns": {
        "count": 954.0,
        "sum": 216531512296.99997,
        "mean": 226972235.1121593,
        "median": 84980101.27513456,
        "min": 2872,
        "max": 24058962256,
        "variance_ns2": 1.1337056935816692e+18,
        "iqr_ns": 124005451.65237853,
        "q1_ns": 55993224.42758537,
        "q3_ns": 179998676.0799639
      },
      "futex_op_counts": {
        "128": 954
      },
      "first_seen_ts_ns": 2232143611228,
      "last_seen_ts_ns": 2291426146126
    },
    {
      "tgid": 3332,
      "comm": "containerd-shim",
      "cgroup_id": 4085,
      "wait_duration_stats_ns": {
        "count": 54.0,
        "sum": 201430668351.0,
        "mean": 3730197562.055556,
        "median": 1113403108.9107192,
        "min": 575,
        "max": 30003861937,
        "variance_ns2": 4.210461725538631e+19,
        "iqr_ns": 5765450295.562544,
        "q1_ns": 173921410.32030255,
        "q3_ns": 5939371705.882847
      },
      "futex_op_counts": {
        "128": 54
      },
      "first_seen_ts_ns": 2242557163407,
      "last_seen_ts_ns": 2291153836834
    },
    {
      "tgid": 2505,
      "comm": "kube-proxy",
      "cgroup_id": 5193,
      "wait_duration_stats_ns": {
        "count": 37.0,
        "sum": 199308120909.0,
        "mean": 5386705970.513514,
        "median": 4811527337.979414,
        "min": 4924546,
        "max": 30013164736,
        "variance_ns2": 5.893722426096777e+19,
        "iqr_ns": 3160198518.0310125,
        "q1_ns": 1980194735.1970978,
        "q3_ns": 5140393253.22811
      },
      "futex_op_counts": {
        "128": 37
      },
      "first_seen_ts_ns": 2240022295403,
      "last_seen_ts_ns": 2290024343790
    },
    {
      "tgid": 6299,
      "comm": "kube-rbac-proxy",
      "cgroup_id": 6669,
      "wait_duration_stats_ns": {
        "count": 47.0,
        "sum": 189936762886.99997,
        "mean": 4041207720.9999995,
        "median": 4937662159.584986,
        "min": 6170,
        "max": 25000151805,
        "variance_ns2": 1.5907058342174552e+19,
        "iqr_ns": 3010196582.2691407,
        "q1_ns": 2175825256.531406,
        "q3_ns": 5186021838.800547
      },
      "futex_op_counts": {
        "128": 47
      },
      "first_seen_ts_ns": 2241196327702,
      "last_seen_ts_ns": 2291195321950
    },
    {
      "tgid": 6236,
      "comm": "containerd-shim",
      "cgroup_id": 4085,
      "wait_duration_stats_ns": {
        "count": 89.0,
        "sum": 171439215790.0,
        "mean": 1926283323.4831462,
        "median": 61111208.00024012,
        "min": 500,
        "max": 26959313761,
        "variance_ns2": 2.2319082591528833e+19,
        "iqr_ns": 1002663143.5449361,
        "q1_ns": 3351947.628289909,
        "q3_ns": 1006015091.173226
      },
      "futex_op_counts": {
        "128": 89
      },
      "first_seen_ts_ns": 2244016104673,
      "last_seen_ts_ns": 2291157811132
    },
    {
      "tgid": 6385,
      "comm": "manager",
      "cgroup_id": 6753,
      "wait_duration_stats_ns": {
        "count": 438.0,
        "sum": 165065957112.00003,
        "mean": 376862915.780822,
        "median": 305943513.8415795,
        "min": 39548,
        "max": 6499622126,
        "variance_ns2": 4.2468577823111936e+17,
        "iqr_ns": 455001874.1931783,
        "q1_ns": 36333546.22836694,
        "q3_ns": 491335420.42154527
      },
      "futex_op_counts": {
        "128": 438
      },
      "first_seen_ts_ns": 2232272617402,
      "last_seen_ts_ns": 2291278688949
    },
    {
      "tgid": 2890,
      "comm": "controller",
      "cgroup_id": 5361,
      "wait_duration_stats_ns": {
        "count": 235.0,
        "sum": 159134822197.99988,
        "mean": 677169456.1617016,
        "median": 496475348.97377217,
        "min": 18617028,
        "max": 10017979706,
        "variance_ns2": 1.7177685036452065e+18,
        "iqr_ns": 15283135.763168275,
        "q1_ns": 484530892.8843055,
        "q3_ns": 499814028.64747375
      },
      "futex_op_counts": {
        "128": 235
      },
      "first_seen_ts_ns": 2232978168667,
      "last_seen_ts_ns": 2290978174543
    },
    {
      "tgid": 2288,
      "comm": "ssm-agent-worke",
      "cgroup_id": 3429,
      "wait_duration_stats_ns": {
        "count": 77.0,
        "sum": 150607654236.00003,
        "mean": 1955943561.5064938,
        "median": 1893209115.2171988,
        "min": 10924681,
        "max": 43498743388,
        "variance_ns2": 2.3882862748391006e+19,
        "iqr_ns": 1746864119.6438863,
        "q1_ns": 410665254.89390725,
        "q3_ns": 2157529374.5377936
      },
      "futex_op_counts": {
        "128": 77
      },
      "first_seen_ts_ns": 2238785070992,
      "last_seen_ts_ns": 2291363983562
    },
    {
      "tgid": 40877,
      "comm": "runc",
      "cgroup_id": 4085,
      "wait_duration_stats_ns": {
        "count": 296.0,
        "sum": 5512968156.0,
        "mean": 18624892.41891892,
        "median": 11890931.617377458,
        "min": 10683,
        "max": 434734205,
        "variance_ns2": 1659441771418202.0,
        "iqr_ns": 19675022.31206048,
        "q1_ns": 1683975.4656082722,
        "q3_ns": 21358997.77766875
      },
      "futex_op_counts": {
        "128": 296
      },
      "first_seen_ts_ns": 2257180039463,
      "last_seen_ts_ns": 2257743626507
    },
    {
      "tgid": 40971,
      "comm": "runc",
      "cgroup_id": 4085,
      "wait_duration_stats_ns": {
        "count": 351.0,
        "sum": 3602715742.0000014,
        "mean": 10264147.413105417,
        "median": 3026566.586260536,
        "min": 541,
        "max": 352811497,
        "variance_ns2": 1508288999073241.8,
        "iqr_ns": 16550396.840445261,
        "q1_ns": 39727.01289218491,
        "q3_ns": 16590123.853337446
      },
      "futex_op_counts": {
        "128": 351
      },
      "first_seen_ts_ns": 2267170108056,
      "last_seen_ts_ns": 2267622515241
    },
    {
      "tgid": 41045,
      "comm": "runc",
      "cgroup_id": 4085,
      "wait_duration_stats_ns": {
        "count": 293.0,
        "sum": 3115317631.9999995,
        "mean": 10632483.385665527,
        "median": 3859091.1124129933,
        "min": 2034,
        "max": 390395445,
        "variance_ns2": 1816224570379711.5,
        "iqr_ns": 13807052.656255992,
        "q1_ns": 62631.35897383622,
        "q3_ns": 13869684.015229829
      },
      "futex_op_counts": {
        "128": 293
      },
      "first_seen_ts_ns": 2280480041976,
      "last_seen_ts_ns": 2280980585211
    },
    {
      "tgid": 40997,
      "comm": "runc",
      "cgroup_id": 4085,
      "wait_duration_stats_ns": {
        "count": 238.0,
        "sum": 2494202784.0,
        "mean": 10479843.6302521,
        "median": 733213.0898268353,
        "min": 5111,
        "max": 241900015,
        "variance_ns2": 1487481144102423.5,
        "iqr_ns": 3994342.7432921077,
        "q1_ns": 58533.16802635463,
        "q3_ns": 4052875.9113184623
      },
      "futex_op_counts": {
        "128": 238
      },
      "first_seen_ts_ns": 2270480038243,
      "last_seen_ts_ns": 2270850684459
    },
    {
      "tgid": 40851,
      "comm": "runc",
      "cgroup_id": 4085,
      "wait_duration_stats_ns": {
        "count": 231.0,
        "sum": 2156585197.0,
        "mean": 9335866.653679654,
        "median": 1638066.257503774,
        "min": 5571,
        "max": 180314741,
        "variance_ns2": 1117045816483940.8,
        "iqr_ns": 10819677.635961078,
        "q1_ns": 41390.38752447715,
        "q3_ns": 10861068.023485554
      },
      "futex_op_counts": {
        "128": 231
      },
      "first_seen_ts_ns": 2250490037359,
      "last_seen_ts_ns": 2250750686670
    },
    {
      "tgid": 40926,
      "comm": "runc",
      "cgroup_id": 4085,
      "wait_duration_stats_ns": {
        "count": 231.0,
        "sum": 2132521438.9999998,
        "mean": 9231694.54112554,
        "median": 623772.6411991855,
        "min": 5111,
        "max": 310317463,
        "variance_ns2": 1397790152222695.2,
        "iqr_ns": 13318766.408029463,
        "q1_ns": 69035.52071425898,
        "q3_ns": 13387801.928743722
      },
      "futex_op_counts": {
        "128": 231
      },
      "first_seen_ts_ns": 2260490038727,
      "last_seen_ts_ns": 2260820667122
    },
    {
      "tgid": 2129,
      "comm": "amazon-ssm-agen",
      "cgroup_id": 3429,
      "wait_duration_stats_ns": {
        "count": 6.0,
        "sum": 1999065357.0,
        "mean": 333177559.5,
        "median": 2218119.0,
        "min": 214272,
        "max": 999992020,
        "variance_ns2": 2.6489075407484477e+17,
        "iqr_ns": 799515.5,
        "q1_ns": 1418603.5,
        "q3_ns": 2218119.0
      },
      "futex_op_counts": {
        "128": 6
      },
      "first_seen_ts_ns": 2266900387534,
      "last_seen_ts_ns": 2267915229074
    },
    {
      "tgid": 40828,
      "comm": "runc",
      "cgroup_id": 4085,
      "wait_duration_stats_ns": {
        "count": 246.0,
        "sum": 1984975751.0000002,
        "mean": 8069007.11788618,
        "median": 392866.5601066604,
        "min": 2379,
        "max": 250629564,
        "variance_ns2": 904139832500765.0,
        "iqr_ns": 3825851.8696101373,
        "q1_ns": 40218.78570235311,
        "q3_ns": 3866070.6553124906
      },
      "futex_op_counts": {
        "128": 246
      },
      "first_seen_ts_ns": 2247171814558,
      "last_seen_ts_ns": 2247430839609
    },
    {
      "tgid": 41022,
      "comm": "runc",
      "cgroup_id": 4085,
      "wait_duration_stats_ns": {
        "count": 227.0,
        "sum": 1470360949.9999998,
        "mean": 6477361.0132158585,
        "median": 401718.05365971016,
        "min": 1198,
        "max": 220646219,
        "variance_ns2": 875426783534778.5,
        "iqr_ns": 2956821.1219242983,
        "q1_ns": 25698.63694127971,
        "q3_ns": 2982519.758865578
      },
      "futex_op_counts": {
        "128": 227
      },
      "first_seen_ts_ns": 2277190010595,
      "last_seen_ts_ns": 2277430804032
    },
    {
      "tgid": 40805,
      "comm": "runc",
      "cgroup_id": 4085,
      "wait_duration_stats_ns": {
        "count": 227.0,
        "sum": 979168548.9999999,
        "mean": 4313517.8370044045,
        "median": 384300.154250649,
        "min": 5046,
        "max": 192638842,
        "variance_ns2": 484780743860566.25,
        "iqr_ns": 2496194.8577385326,
        "q1_ns": 36555.12100848432,
        "q3_ns": 2532749.9787470168
      },
      "futex_op_counts": {
        "128": 227
      },
      "first_seen_ts_ns": 2240475294914,
      "last_seen_ts_ns": 2240683277353
    },
    {
      "tgid": 41056,
      "comm": "runc:[2:INIT]",
      "cgroup_id": 5277,
      "wait_duration_stats_ns": {
        "count": 21.0,
        "sum": 927216044.0,
        "mean": 44153144.952380955,
        "median": 25296028.037930638,
        "min": 8198856,
        "max": 178891866,
        "variance_ns2": 2708128232625063.5,
        "iqr_ns": 56464921.835887104,
        "q1_ns": 13253124.736420263,
        "q3_ns": 69718046.57230736
      },
      "futex_op_counts": {
        "128": 21
      },
      "first_seen_ts_ns": 2280790042552,
      "last_seen_ts_ns": 2281000039300
    },
    {
      "tgid": 41009,
      "comm": "runc:[2:INIT]",
      "cgroup_id": 5277,
      "wait_duration_stats_ns": {
        "count": 23.0,
        "sum": 844342495.0000001,
        "mean": 36710543.26086957,
        "median": 15972780.593163704,
        "min": 71515,
        "max": 119783365,
        "variance_ns2": 1249063272612940.8,
        "iqr_ns": 27693274.80579035,
        "q1_ns": 10173487.182435066,
        "q3_ns": 37866761.988225415
      },
      "futex_op_counts": {
        "128": 23
      },
      "first_seen_ts_ns": 2270700051900,
      "last_seen_ts_ns": 2270890039290
    },
    {
      "tgid": 40937,
      "comm": "runc:[2:INIT]",
      "cgroup_id": 5277,
      "wait_duration_stats_ns": {
        "count": 24.0,
        "sum": 828244735.9999998,
        "mean": 34510197.33333332,
        "median": 12311365.124153376,
        "min": 14252,
        "max": 139836562,
        "variance_ns2": 2068369047440819.2,
        "iqr_ns": 26749880.672036126,
        "q1_ns": 8819396.381017217,
        "q3_ns": 35569277.05305334
      },
      "futex_op_counts": {
        "128": 24
      },
      "first_seen_ts_ns": 2260660039277,
      "last_seen_ts_ns": 2260830090305
    },
    {
      "tgid": 40984,
      "comm": "runc:[2:INIT]",
      "cgroup_id": 5277,
      "wait_duration_stats_ns": {
        "count": 22.0,
        "sum": 808286556.0000001,
        "mean": 36740298.00000001,
        "median": 21661919.490486957,
        "min": 8103202,
        "max": 133767960,
        "variance_ns2": 1742073762152816.0,
        "iqr_ns": 48413233.023140825,
        "q1_ns": 10865983.994397307,
        "q3_ns": 59279217.01753813
      },
      "futex_op_counts": {
        "128": 22
      },
      "first_seen_ts_ns": 2267470049770,
      "last_seen_ts_ns": 2267640041609
    },
    {
      "tgid": 40814,
      "comm": "runc:[2:INIT]",
      "cgroup_id": 5277,
      "wait_duration_stats_ns": {
        "count": 27.0,
        "sum": 779443291.0,
        "mean": 28868270.037037037,
        "median": 13141033.719239082,
        "min": 21168,
        "max": 121082881,
        "variance_ns2": 1499317673471131.0,
        "iqr_ns": 25315361.132973224,
        "q1_ns": 4019862.7726105913,
        "q3_ns": 29335223.905583814
      },
      "futex_op_counts": {
        "128": 27
      },
      "first_seen_ts_ns": 2240540036227,
      "last_seen_ts_ns": 2240700097586
    },
    {
      "tgid": 41033,
      "comm": "runc:[2:INIT]",
      "cgroup_id": 5277,
      "wait_duration_stats_ns": {
        "count": 21.0,
        "sum": 754758716.0000001,
        "mean": 35940891.238095246,
        "median": 16001312.428139208,
        "min": 114803,
        "max": 129867169,
        "variance_ns2": 1820890925224244.5,
        "iqr_ns": 37658055.79232376,
        "q1_ns": 11498335.031187551,
        "q3_ns": 49156390.82351131
      },
      "futex_op_counts": {
        "128": 21
      },
      "first_seen_ts_ns": 2277290064792,
      "last_seen_ts_ns": 2277450037777
    },
    {
      "tgid": 40840,
      "comm": "runc:[2:INIT]",
      "cgroup_id": 5277,
      "wait_duration_stats_ns": {
        "count": 22.0,
        "sum": 566422792.0000001,
        "mean": 25746490.54545455,
        "median": 8915349.954078563,
        "min": 2410066,
        "max": 92195263,
        "variance_ns2": 1009949216974705.0,
        "iqr_ns": 31883121.932003856,
        "q1_ns": 7189304.834641547,
        "q3_ns": 39072426.7666454
      },
      "futex_op_counts": {
        "128": 22
      },
      "first_seen_ts_ns": 2247310039561,
      "last_seen_ts_ns": 2247432751986
    },
    {
      "tgid": 40864,
      "comm": "runc:[2:INIT]",
      "cgroup_id": 5277,
      "wait_duration_stats_ns": {
        "count": 20.0,
        "sum": 545971232.0,
        "mean": 27298561.6,
        "median": 11963298.898319613,
        "min": 20693,
        "max": 112326572,
        "variance_ns2": 1277240824391829.0,
        "iqr_ns": 40963460.187789924,
        "q1_ns": 1466686.0845238094,
        "q3_ns": 42430146.27231374
      },
      "futex_op_counts": {
        "128": 20
      },
      "first_seen_ts_ns": 2250610207595,
      "last_seen_ts_ns": 2250770046977
    },
    {
      "tgid": 40893,
      "comm": "runc:[2:INIT]",
      "cgroup_id": 5277,
      "wait_duration_stats_ns": {
        "count": 22.0,
        "sum": 491030364.0,
        "mean": 22319562.0,
        "median": 1819230.616134621,
        "min": 1083,
        "max": 98665286,
        "variance_ns2": 1724347456754842.8,
        "iqr_ns": 8797160.845710758,
        "q1_ns": 45202.61265432098,
        "q3_ns": 8842363.458365079
      },
      "futex_op_counts": {
        "128": 22
      },
      "first_seen_ts_ns": 2257644340204,
      "last_seen_ts_ns": 2257743451175
    },
    {
      "tgid": 41306,
      "comm": "runc",
      "cgroup_id": 4085,
      "wait_duration_stats_ns": {
        "count": 411.0,
        "sum": 405487660.00000006,
        "mean": 986587.98053528,
        "median": 58171.47972741181,
        "min": 6129,
        "max": 68504730,
        "variance_ns2": 53662105540791.99,
        "iqr_ns": 224336.1062779474,
        "q1_ns": 25338.87090801889,
        "q3_ns": 249674.9771859663
      },
      "futex_op_counts": {
        "128": 411
      },
      "first_seen_ts_ns": 2290471394433,
      "last_seen_ts_ns": 2290543202295
    },
    {
      "tgid": 40710,
      "comm": "runc",
      "cgroup_id": 4085,
      "wait_duration_stats_ns": {
        "count": 368.0,
        "sum": 335818692.00000006,
        "mean": 912550.793478261,
        "median": 61324.67216601228,
        "min": 5152,
        "max": 49284046,
        "variance_ns2": 33413746112658.418,
        "iqr_ns": 284730.3436928447,
        "q1_ns": 27289.715558988617,
        "q3_ns": 312020.0592518333
      },
      "futex_op_counts": {
        "128": 368
      },
      "first_seen_ts_ns": 2237170224068,
      "last_seen_ts_ns": 2237223230873
    },
    {
      "tgid": 41270,
      "comm": "runc",
      "cgroup_id": 4085,
      "wait_duration_stats_ns": {
        "count": 409.0,
        "sum": 331923416.00000006,
        "mean": 811548.6943765283,
        "median": 66030.95124306114,
        "min": 6146,
        "max": 48839789,
        "variance_ns2": 29545373458626.66,
        "iqr_ns": 295506.78125975013,
        "q1_ns": 26257.459526765306,
        "q3_ns": 321764.2407865154
      },
      "futex_op_counts": {
        "128": 409
      },
      "first_seen_ts_ns": 2287171023157,
      "last_seen_ts_ns": 2287222968299
    },
    {
      "tgid": 41316,
      "comm": "runc:[2:INIT]",
      "cgroup_id": 5277,
      "wait_duration_stats_ns": {
        "count": 21.0,
        "sum": 307132567.99999994,
        "mean": 14625360.380952379,
        "median": 1117256.3069191682,
        "min": 41788,
        "max": 61800931,
        "variance_ns2": 687069081323743.9,
        "iqr_ns": 5428609.428755445,
        "q1_ns": 126587.5121621862,
        "q3_ns": 5555196.940917632
      },
      "futex_op_counts": {
        "128": 21
      },
      "first_seen_ts_ns": 2290480882073,
      "last_seen_ts_ns": 2290543203272
    },
    {
      "tgid": 41033,
      "comm": "grpc-health-pro",
      "cgroup_id": 5277,
      "wait_duration_stats_ns": {
        "count": 14.0,
        "sum": 270748905.0,
        "mean": 19339207.5,
        "median": 17267782.5,
        "min": 238444,
        "max": 39929399,
        "variance_ns2": 151711123714529.53,
        "iqr_ns": 12889083.309722222,
        "q1_ns": 9762642.555555556,
        "q3_ns": 22651725.86527778
      },
      "futex_op_counts": {
        "128": 14
      },
      "first_seen_ts_ns": 2277478727886,
      "last_seen_ts_ns": 2277540036658
    },
    {
      "tgid": 40721,
      "comm": "runc:[2:INIT]",
      "cgroup_id": 5277,
      "wait_duration_stats_ns": {
        "count": 22.0,
        "sum": 210338805.99999997,
        "mean": 9560854.818181816,
        "median": 956166.0891156603,
        "min": 22178,
        "max": 42351230,
        "variance_ns2": 304505273288972.3,
        "iqr_ns": 3680511.7327215574,
        "q1_ns": 130529.99764933283,
        "q3_ns": 3811041.7303708903
      },
      "futex_op_counts": {
        "128": 22
      },
      "first_seen_ts_ns": 2237180255369,
      "last_seen_ts_ns": 2237223153607
    },
    {
      "tgid": 41281,
      "comm": "runc:[2:INIT]",
      "cgroup_id": 5277,
      "wait_duration_stats_ns": {
        "count": 22.0,
        "sum": 205935807.00000003,
        "mean": 9360718.500000002,
        "median": 301915.11963374505,
        "min": 5292,
        "max": 41612900,
        "variance_ns2": 292781638520528.3,
        "iqr_ns": 4336483.520205475,
        "q1_ns": 166673.80953703707,
        "q3_ns": 4503157.329742513
      },
      "futex_op_counts": {
        "128": 22
      },
      "first_seen_ts_ns": 2287180856620,
      "last_seen_ts_ns": 2287222869084
    },
    {
      "tgid": 41056,
      "comm": "grpc-health-pro",
      "cgroup_id": 5277,
      "wait_duration_stats_ns": {
        "count": 11.0,
        "sum": 128480977.00000003,
        "mean": 11680088.81818182,
        "median": 12024636.733333334,
        "min": 4160,
        "max": 20008251,
        "variance_ns2": 65772836839097.56,
        "iqr_ns": 10297746.604166666,
        "q1_ns": 5456124.583333334,
        "q3_ns": 15753871.1875
      },
      "futex_op_counts": {
        "128": 11
      },
      "first_seen_ts_ns": 2281030047346,
      "last_seen_ts_ns": 2281060060355
    },
    {
      "tgid": 40814,
      "comm": "grpc-health-pro",
      "cgroup_id": 5277,
      "wait_duration_stats_ns": {
        "count": 13.0,
        "sum": 117627593.0,
        "mean": 9048276.384615384,
        "median": 7890429.9,
        "min": 106861,
        "max": 30064224,
        "variance_ns2": 65990043087712.43,
        "iqr_ns": 5517795.777777778,
        "q1_ns": 4921401.333333334,
        "q3_ns": 10439197.111111112
      },
      "futex_op_counts": {
        "128": 13
      },
      "first_seen_ts_ns": 2240703616436,
      "last_seen_ts_ns": 2240740126733
    },
    {
      "tgid": 40984,
      "comm": "grpc-health-pro",
      "cgroup_id": 5277,
      "wait_duration_stats_ns": {
        "count": 10.0,
        "sum": 110893145.0,
        "mean": 11089314.5,
        "median": 9552713.1,
        "min": 10191,
        "max": 19947880,
        "variance_ns2": 49228801022199.836,
        "iqr_ns": 11925209.60625,
        "q1_ns": 5296455.0,
        "q3_ns": 17221664.60625
      },
      "futex_op_counts": {
        "128": 10
      },
      "first_seen_ts_ns": 2267670032957,
      "last_seen_ts_ns": 2267690040077
    },
    {
      "tgid": 41009,
      "comm": "grpc-health-pro",
      "cgroup_id": 5277,
      "wait_duration_stats_ns": {
        "count": 12.0,
        "sum": 88561172.99999999,
        "mean": 7380097.749999999,
        "median": 3723644.666666667,
        "min": 12045,
        "max": 19937041,
        "variance_ns2": 58719643924966.93,
        "iqr_ns": 10242682.564594354,
        "q1_ns": 847448.0,
        "q3_ns": 11090130.564594354
      },
      "futex_op_counts": {
        "128": 12
      },
      "first_seen_ts_ns": 2270910042175,
      "last_seen_ts_ns": 2270925513253
    },
    {
      "tgid": 40775,
      "comm": "aws-cni",
      "cgroup_id": 4085,
      "wait_duration_stats_ns": {
        "count": 175.0,
        "sum": 74730598.99999996,
        "mean": 427031.99428571406,
        "median": 111752.84673958506,
        "min": 501,
        "max": 9441709,
        "variance_ns2": 2111673594377.8674,
        "iqr_ns": 154589.71046621664,
        "q1_ns": 45073.18936629543,
        "q3_ns": 199662.89983251208
      },
      "futex_op_counts": {
        "128": 175
      },
      "first_seen_ts_ns": 2237229397239,
      "last_seen_ts_ns": 2237248267964
    },
    {
      "tgid": 40937,
      "comm": "grpc-health-pro",
      "cgroup_id": 5277,
      "wait_duration_stats_ns": {
        "count": 8.0,
        "sum": 55393804.0,
        "mean": 6924225.5,
        "median": 1977697.0,
        "min": 20512,
        "max": 19894375,
        "variance_ns2": 68569489280385.71,
        "iqr_ns": 3995299.166666666,
        "q1_ns": 1364826.5,
        "q3_ns": 5360125.666666666
      },
      "futex_op_counts": {
        "128": 8
      },
      "first_seen_ts_ns": 2260860043951,
      "last_seen_ts_ns": 2260870049955
    },
    {
      "tgid": 40840,
      "comm": "grpc-health-pro",
      "cgroup_id": 5277,
      "wait_duration_stats_ns": {
        "count": 9.0,
        "sum": 52026918.0,
        "mean": 5780768.666666667,
        "median": 3609487.277777778,
        "min": 8549,
        "max": 16539821,
        "variance_ns2": 46694099839910.75,
        "iqr_ns": 5755613.318672839,
        "q1_ns": 1091501.6666666667,
        "q3_ns": 6847114.985339506
      },
      "futex_op_counts": {
        "128": 9
      },
      "first_seen_ts_ns": 2247438197588,
      "last_seen_ts_ns": 2247460029776
    },
    {
      "tgid": 40743,
      "comm": "aws-cni",
      "cgroup_id": 4085,
      "wait_duration_stats_ns": {
        "count": 120.0,
        "sum": 39332464.99999999,
        "mean": 327770.5416666666,
        "median": 89350.61983632497,
        "min": 525,
        "max": 4330664,
        "variance_ns2": 698735740430.368,
        "iqr_ns": 241208.10004752816,
        "q1_ns": 35657.419700782746,
        "q3_ns": 276865.5197483109
      },
      "futex_op_counts": {
        "128": 120
      },
      "first_seen_ts_ns": 2237204404487,
      "last_seen_ts_ns": 2237214248608
    },
    {
      "tgid": 40864,
      "comm": "grpc-health-pro",
      "cgroup_id": 5277,
      "wait_duration_stats_ns": {
        "count": 10.0,
        "sum": 24456434.0,
        "mean": 2445643.4,
        "median": 1805147.1,
        "min": 10109,
        "max": 8582429,
        "variance_ns2": 10596014358451.156,
        "iqr_ns": 3574779.225,
        "q1_ns": 378193.25,
        "q3_ns": 3952972.475
      },
      "futex_op_counts": {
        "128": 10
      },
      "first_seen_ts_ns": 2250790035323,
      "last_seen_ts_ns": 2250794432611
    },
    {
      "tgid": 40721,
      "comm": "grpc-health-pro",
      "cgroup_id": 5277,
      "wait_duration_stats_ns": {
        "count": 31.0,
        "sum": 16269324.999999998,
        "mean": 524816.9354838709,
        "median": 173528.47632571514,
        "min": 14597,
        "max": 2409654,
        "variance_ns2": 506207382036.5291,
        "iqr_ns": 833942.7383343049,
        "q1_ns": 44511.74562923743,
        "q3_ns": 878454.4839635423
      },
      "futex_op_counts": {
        "128": 31
      },
      "first_seen_ts_ns": 2237225141462,
      "last_seen_ts_ns": 2237228838605
    },
    {
      "tgid": 40893,
      "comm": "grpc-health-pro",
      "cgroup_id": 5277,
      "wait_duration_stats_ns": {
        "count": 27.0,
        "sum": 14112389.0,
        "mean": 522681.0740740741,
        "median": 271463.00286458334,
        "min": 26190,
        "max": 2257207,
        "variance_ns2": 525778498739.7634,
        "iqr_ns": 489821.96665063326,
        "q1_ns": 78663.14301035042,
        "q3_ns": 568485.1096609837
      },
      "futex_op_counts": {
        "128": 27
      },
      "first_seen_ts_ns": 2257745913810,
      "last_seen_ts_ns": 2257749770219
    },
    {
      "tgid": 40762,
      "comm": "egress-cni",
      "cgroup_id": 4085,
      "wait_duration_stats_ns": {
        "count": 7.0,
        "sum": 13187456.999999998,
        "mean": 1883922.4285714284,
        "median": 1546750.6666666665,
        "min": 48056,
        "max": 4354474,
        "variance_ns2": 4000817803394.2856,
        "iqr_ns": 669823.5833333335,
        "q1_ns": 381382.0,
        "q3_ns": 1051205.5833333335
      },
      "futex_op_counts": {
        "128": 7
      },
      "first_seen_ts_ns": 2237221399150,
      "last_seen_ts_ns": 2237225772923
    },
    {
      "tgid": 41316,
      "comm": "grpc-health-pro",
      "cgroup_id": 5277,
      "wait_duration_stats_ns": {
        "count": 36.0,
        "sum": 12857522.0,
        "mean": 357153.3888888889,
        "median": 120631.59751363378,
        "min": 1329,
        "max": 1927745,
        "variance_ns2": 312264102636.70154,
        "iqr_ns": 292758.80285626324,
        "q1_ns": 26190.59879437362,
        "q3_ns": 318949.40165063686
      },
      "futex_op_counts": {
        "128": 36
      },
      "first_seen_ts_ns": 2290545215085,
      "last_seen_ts_ns": 2290548585474
    },
    {
      "tgid": 40737,
      "comm": "egress-cni",
      "cgroup_id": 4085,
      "wait_duration_stats_ns": {
        "count": 7.0,
        "sum": 12775445.999999998,
        "mean": 1825063.714285714,
        "median": 1485894.3333333333,
        "min": 54456,
        "max": 4086460,
        "variance_ns2": 3830208791596.2383,
        "iqr_ns": 1154677.3333333333,
        "q1_ns": 331217.0,
        "q3_ns": 1485894.3333333333
      },
      "futex_op_counts": {
        "128": 7
      },
      "first_seen_ts_ns": 2237197065502,
      "last_seen_ts_ns": 2237201479250
    },
    {
      "tgid": 41281,
      "comm": "grpc-health-pro",
      "cgroup_id": 5277,
      "wait_duration_stats_ns": {
        "count": 32.0,
        "sum": 11744636.999999998,
        "mean": 367019.90624999994,
        "median": 101743.85218983325,
        "min": 878,
        "max": 1843160,
        "variance_ns2": 308321669048.0877,
        "iqr_ns": 282912.8606865776,
        "q1_ns": 26438.685654988858,
        "q3_ns": 309351.5463415665
      },
      "futex_op_counts": {
        "128": 32
      },
      "first_seen_ts_ns": 2287225102883,
      "last_seen_ts_ns": 2287228209475
    },
    {
      "tgid": 40757,
      "comm": "portmap",
      "cgroup_id": 4085,
      "wait_duration_stats_ns": {
        "count": 6.0,
        "sum": 1460352.0,
        "mean": 243392.0,
        "median": 257472.0,
        "min": 73492,
        "max": 506205,
        "variance_ns2": 22404020631.600002,
        "iqr_ns": 45340.66666666666,
        "q1_ns": 212131.33333333334,
        "q3_ns": 257472.0
      },
      "futex_op_counts": {
        "128": 6
      },
      "first_seen_ts_ns": 2237218767051,
      "last_seen_ts_ns": 2237219265428
    },
    {
      "tgid": 40732,
      "comm": "portmap",
      "cgroup_id": 4085,
      "wait_duration_stats_ns": {
        "count": 6.0,
        "sum": 1439508.0,
        "mean": 239918.0,
        "median": 234505.0,
        "min": 50699,
        "max": 506122,
        "variance_ns2": 24177955784.4,
        "iqr_ns": 0.0,
        "q1_ns": 234505.0,
        "q3_ns": 234505.0
      },
      "futex_op_counts": {
        "128": 6
      },
      "first_seen_ts_ns": 2237194746291,
      "last_seen_ts_ns": 2237195250887
    },
    {
      "tgid": 40727,
      "comm": "loopback",
      "cgroup_id": 4085,
      "wait_duration_stats_ns": {
        "count": 6.0,
        "sum": 1067588.0,
        "mean": 177931.3333333333,
        "median": 113024.0,
        "min": 52241,
        "max": 408271,
        "variance_ns2": 16261826649.866665,
        "iqr_ns": 0.0,
        "q1_ns": 113024.0,
        "q3_ns": 113024.0
      },
      "futex_op_counts": {
        "128": 6
      },
      "first_seen_ts_ns": 2237193254573,
      "last_seen_ts_ns": 2237193651488
    },
    {
      "tgid": 40752,
      "comm": "loopback",
      "cgroup_id": 4085,
      "wait_duration_stats_ns": {
        "count": 7.0,
        "sum": 1030486.0,
        "mean": 147212.2857142857,
        "median": 112441.0,
        "min": 2331,
        "max": 375639,
        "variance_ns2": 14791529904.904764,
        "iqr_ns": 33962.333333333314,
        "q1_ns": 112441.0,
        "q3_ns": 146403.3333333333
      },
      "futex_op_counts": {
        "128": 7
      },
      "first_seen_ts_ns": 2237217143086,
      "last_seen_ts_ns": 2237217612885
    },
    {
      "tgid": 40642,
      "comm": "flux-broker-0",
      "cgroup_id": 20724,
      "wait_duration_stats_ns": {
        "count": 20.0,
        "sum": 164477.0,
        "mean": 8223.85,
        "median": 2809.1887336860673,
        "min": 542,
        "max": 58690,
        "variance_ns2": 228654395.60789475,
        "iqr_ns": 1574.3171818737137,
        "q1_ns": 2326.080966274434,
        "q3_ns": 3900.398148148148
      },
      "futex_op_counts": {
        "128": 20
      },
      "first_seen_ts_ns": 2237583644212,
      "last_seen_ts_ns": 2291458171810
    },
    {
      "tgid": 40916,
      "comm": "xhpcg",
      "cgroup_id": 20724,
      "wait_duration_stats_ns": {
        "count": 1.0,
        "sum": 14556.0,
        "mean": 14556.0,
        "median": 14556.0,
        "min": 14556,
        "max": 14556,
        "variance_ns2": null,
        "iqr_ns": 0.0,
        "q1_ns": 14556.0,
        "q3_ns": 14556.0
      },
      "futex_op_counts": {
        "128": 1
      },
      "first_seen_ts_ns": 2265688510825,
      "last_seen_ts_ns": 2265688510825
    },
    {
      "tgid": 40914,
      "comm": "xhpcg",
      "cgroup_id": 20724,
      "wait_duration_stats_ns": {
        "count": 1.0,
        "sum": 14096.0,
        "mean": 14096.0,
        "median": 14096.0,
        "min": 14096,
        "max": 14096,
        "variance_ns2": null,
        "iqr_ns": 0.0,
        "q1_ns": 14096.0,
        "q3_ns": 14096.0
      },
      "futex_op_counts": {
        "128": 1
      },
      "first_seen_ts_ns": 2265688503957,
      "last_seen_ts_ns": 2265688503957
    },
    {
      "tgid": 40913,
      "comm": "xhpcg",
      "cgroup_id": 20724,
      "wait_duration_stats_ns": {
        "count": 1.0,
        "sum": 12874.0,
        "mean": 12874.0,
        "median": 12874.0,
        "min": 12874,
        "max": 12874,
        "variance_ns2": null,
        "iqr_ns": 0.0,
        "q1_ns": 12874.0,
        "q3_ns": 12874.0
      },
      "futex_op_counts": {
        "128": 1
      },
      "first_seen_ts_ns": 2265688482452,
      "last_seen_ts_ns": 2265688482452
    },
    {
      "tgid": 40918,
      "comm": "xhpcg",
      "cgroup_id": 20724,
      "wait_duration_stats_ns": {
        "count": 1.0,
        "sum": 11848.0,
        "mean": 11848.0,
        "median": 11848.0,
        "min": 11848,
        "max": 11848,
        "variance_ns2": null,
        "iqr_ns": 0.0,
        "q1_ns": 11848.0,
        "q3_ns": 11848.0
      },
      "futex_op_counts": {
        "128": 1
      },
      "first_seen_ts_ns": 2265687634413,
      "last_seen_ts_ns": 2265687634413
    },
    {
      "tgid": 40788,
      "comm": "xhpcg",
      "cgroup_id": 20724,
      "wait_duration_stats_ns": {
        "count": 1.0,
        "sum": 10773.0,
        "mean": 10773.0,
        "median": 10773.0,
        "min": 10773,
        "max": 10773,
        "variance_ns2": null,
        "iqr_ns": 0.0,
        "q1_ns": 10773.0,
        "q3_ns": 10773.0
      },
      "futex_op_counts": {
        "128": 1
      },
      "first_seen_ts_ns": 2257635827714,
      "last_seen_ts_ns": 2257635827714
    },
    {
      "tgid": 40794,
      "comm": "xhpcg",
      "cgroup_id": 20724,
      "wait_duration_stats_ns": {
        "count": 1.0,
        "sum": 10363.0,
        "mean": 10363.0,
        "median": 10363.0,
        "min": 10363,
        "max": 10363,
        "variance_ns2": null,
        "iqr_ns": 0.0,
        "q1_ns": 10363.0,
        "q3_ns": 10363.0
      },
      "futex_op_counts": {
        "128": 1
      },
      "first_seen_ts_ns": 2257639509079,
      "last_seen_ts_ns": 2257639509079
    },
    {
      "tgid": 40956,
      "comm": "xhpcg",
      "cgroup_id": 20724,
      "wait_duration_stats_ns": {
        "count": 1.0,
        "sum": 10116.0,
        "mean": 10116.0,
        "median": 10116.0,
        "min": 10116,
        "max": 10116,
        "variance_ns2": null,
        "iqr_ns": 0.0,
        "q1_ns": 10116.0,
        "q3_ns": 10116.0
      },
      "futex_op_counts": {
        "128": 1
      },
      "first_seen_ts_ns": 2284291244621,
      "last_seen_ts_ns": 2284291244621
    },
    {
      "tgid": 40959,
      "comm": "xhpcg",
      "cgroup_id": 20724,
      "wait_duration_stats_ns": {
        "count": 1.0,
        "sum": 9822.0,
        "mean": 9822.0,
        "median": 9822.0,
        "min": 9822,
        "max": 9822,
        "variance_ns2": null,
        "iqr_ns": 0.0,
        "q1_ns": 9822.0,
        "q3_ns": 9822.0
      },
      "futex_op_counts": {
        "128": 1
      },
      "first_seen_ts_ns": 2284290812278,
      "last_seen_ts_ns": 2284290812278
    },
    {
      "tgid": 40798,
      "comm": "xhpcg",
      "cgroup_id": 20724,
      "wait_duration_stats_ns": {
        "count": 1.0,
        "sum": 9682.0,
        "mean": 9682.0,
        "median": 9682.0,
        "min": 9682,
        "max": 9682,
        "variance_ns2": null,
        "iqr_ns": 0.0,
        "q1_ns": 9682.0,
        "q3_ns": 9682.0
      },
      "futex_op_counts": {
        "128": 1
      },
      "first_seen_ts_ns": 2257634719340,
      "last_seen_ts_ns": 2257634719340
    },
    {
      "tgid": 40786,
      "comm": "xhpcg",
      "cgroup_id": 20724,
      "wait_duration_stats_ns": {
        "count": 1.0,
        "sum": 9633.0,
        "mean": 9633.0,
        "median": 9633.0,
        "min": 9633,
        "max": 9633,
        "variance_ns2": null,
        "iqr_ns": 0.0,
        "q1_ns": 9633.0,
        "q3_ns": 9633.0
      },
      "futex_op_counts": {
        "128": 1
      },
      "first_seen_ts_ns": 2257634554002,
      "last_seen_ts_ns": 2257634554002
    },
    {
      "tgid": 40912,
      "comm": "xhpcg",
      "cgroup_id": 20724,
      "wait_duration_stats_ns": {
        "count": 1.0,
        "sum": 9583.0,
        "mean": 9583.0,
        "median": 9583.0,
        "min": 9583,
        "max": 9583,
        "variance_ns2": null,
        "iqr_ns": 0.0,
        "q1_ns": 9583.0,
        "q3_ns": 9583.0
      },
      "futex_op_counts": {
        "128": 1
      },
      "first_seen_ts_ns": 2265687971981,
      "last_seen_ts_ns": 2265687971981
    },
    {
      "tgid": 40787,
      "comm": "xhpcg",
      "cgroup_id": 20724,
      "wait_duration_stats_ns": {
        "count": 1.0,
        "sum": 9501.0,
        "mean": 9501.0,
        "median": 9501.0,
        "min": 9501,
        "max": 9501,
        "variance_ns2": null,
        "iqr_ns": 0.0,
        "q1_ns": 9501.0,
        "q3_ns": 9501.0
      },
      "futex_op_counts": {
        "128": 1
      },
      "first_seen_ts_ns": 2257634764533,
      "last_seen_ts_ns": 2257634764533
    },
    {
      "tgid": 40792,
      "comm": "xhpcg",
      "cgroup_id": 20724,
      "wait_duration_stats_ns": {
        "count": 1.0,
        "sum": 9354.0,
        "mean": 9354.0,
        "median": 9354.0,
        "min": 9354,
        "max": 9354,
        "variance_ns2": null,
        "iqr_ns": 0.0,
        "q1_ns": 9354.0,
        "q3_ns": 9354.0
      },
      "futex_op_counts": {
        "128": 1
      },
      "first_seen_ts_ns": 2257634753391,
      "last_seen_ts_ns": 2257634753391
    },
    {
      "tgid": 40793,
      "comm": "xhpcg",
      "cgroup_id": 20724,
      "wait_duration_stats_ns": {
        "count": 1.0,
        "sum": 9230.0,
        "mean": 9230.0,
        "median": 9230.0,
        "min": 9230,
        "max": 9230,
        "variance_ns2": null,
        "iqr_ns": 0.0,
        "q1_ns": 9230.0,
        "q3_ns": 9230.0
      },
      "futex_op_counts": {
        "128": 1
      },
      "first_seen_ts_ns": 2257634511861,
      "last_seen_ts_ns": 2257634511861
    },
    {
      "tgid": 40785,
      "comm": "xhpcg",
      "cgroup_id": 20724,
      "wait_duration_stats_ns": {
        "count": 1.0,
        "sum": 9100.0,
        "mean": 9100.0,
        "median": 9100.0,
        "min": 9100,
        "max": 9100,
        "variance_ns2": null,
        "iqr_ns": 0.0,
        "q1_ns": 9100.0,
        "q3_ns": 9100.0
      },
      "futex_op_counts": {
        "128": 1
      },
      "first_seen_ts_ns": 2257634768964,
      "last_seen_ts_ns": 2257634768964
    },
    {
      "tgid": 40955,
      "comm": "xhpcg",
      "cgroup_id": 20724,
      "wait_duration_stats_ns": {
        "count": 1.0,
        "sum": 8746.0,
        "mean": 8746.0,
        "median": 8746.0,
        "min": 8746,
        "max": 8746,
        "variance_ns2": null,
        "iqr_ns": 0.0,
        "q1_ns": 8746.0,
        "q3_ns": 8746.0
      },
      "futex_op_counts": {
        "128": 1
      },
      "first_seen_ts_ns": 2284291256559,
      "last_seen_ts_ns": 2284291256559
    },
    {
      "tgid": 40911,
      "comm": "xhpcg",
      "cgroup_id": 20724,
      "wait_duration_stats_ns": {
        "count": 1.0,
        "sum": 8689.0,
        "mean": 8689.0,
        "median": 8689.0,
        "min": 8689,
        "max": 8689,
        "variance_ns2": null,
        "iqr_ns": 0.0,
        "q1_ns": 8689.0,
        "q3_ns": 8689.0
      },
      "futex_op_counts": {
        "128": 1
      },
      "first_seen_ts_ns": 2265687919215,
      "last_seen_ts_ns": 2265687919215
    },
    {
      "tgid": 40961,
      "comm": "xhpcg",
      "cgroup_id": 20724,
      "wait_duration_stats_ns": {
        "count": 1.0,
        "sum": 8566.0,
        "mean": 8566.0,
        "median": 8566.0,
        "min": 8566,
        "max": 8566,
        "variance_ns2": null,
        "iqr_ns": 0.0,
        "q1_ns": 8566.0,
        "q3_ns": 8566.0
      },
      "futex_op_counts": {
        "128": 1
      },
      "first_seen_ts_ns": 2284291271747,
      "last_seen_ts_ns": 2284291271747
    },
    {
      "tgid": 40958,
      "comm": "xhpcg",
      "cgroup_id": 20724,
      "wait_duration_stats_ns": {
        "count": 1.0,
        "sum": 8525.0,
        "mean": 8525.0,
        "median": 8525.0,
        "min": 8525,
        "max": 8525,
        "variance_ns2": null,
        "iqr_ns": 0.0,
        "q1_ns": 8525.0,
        "q3_ns": 8525.0
      },
      "futex_op_counts": {
        "128": 1
      },
      "first_seen_ts_ns": 2284291257987,
      "last_seen_ts_ns": 2284291257987
    },
    {
      "tgid": 40966,
      "comm": "xhpcg",
      "cgroup_id": 20724,
      "wait_duration_stats_ns": {
        "count": 1.0,
        "sum": 8287.0,
        "mean": 8287.0,
        "median": 8287.0,
        "min": 8287,
        "max": 8287,
        "variance_ns2": null,
        "iqr_ns": 0.0,
        "q1_ns": 8287.0,
        "q3_ns": 8287.0
      },
      "futex_op_counts": {
        "128": 1
      },
      "first_seen_ts_ns": 2284291254205,
      "last_seen_ts_ns": 2284291254205
    },
    {
      "tgid": 40920,
      "comm": "xhpcg",
      "cgroup_id": 20724,
      "wait_duration_stats_ns": {
        "count": 1.0,
        "sum": 8147.0,
        "mean": 8147.0,
        "median": 8147.0,
        "min": 8147,
        "max": 8147,
        "variance_ns2": null,
        "iqr_ns": 0.0,
        "q1_ns": 8147.0,
        "q3_ns": 8147.0
      },
      "futex_op_counts": {
        "128": 1
      },
      "first_seen_ts_ns": 2265687715732,
      "last_seen_ts_ns": 2265687715732
    },
    {
      "tgid": 40964,
      "comm": "xhpcg",
      "cgroup_id": 20724,
      "wait_duration_stats_ns": {
        "count": 1.0,
        "sum": 8123.0,
        "mean": 8123.0,
        "median": 8123.0,
        "min": 8123,
        "max": 8123,
        "variance_ns2": null,
        "iqr_ns": 0.0,
        "q1_ns": 8123.0,
        "q3_ns": 8123.0
      },
      "futex_op_counts": {
        "128": 1
      },
      "first_seen_ts_ns": 2284291269737,
      "last_seen_ts_ns": 2284291269737
    },
    {
      "tgid": 40910,
      "comm": "xhpcg",
      "cgroup_id": 20724,
      "wait_duration_stats_ns": {
        "count": 1.0,
        "sum": 8098.0,
        "mean": 8098.0,
        "median": 8098.0,
        "min": 8098,
        "max": 8098,
        "variance_ns2": null,
        "iqr_ns": 0.0,
        "q1_ns": 8098.0,
        "q3_ns": 8098.0
      },
      "futex_op_counts": {
        "128": 1
      },
      "first_seen_ts_ns": 2265687728294,
      "last_seen_ts_ns": 2265687728294
    },
    {
      "tgid": 40957,
      "comm": "xhpcg",
      "cgroup_id": 20724,
      "wait_duration_stats_ns": {
        "count": 1.0,
        "sum": 7803.0,
        "mean": 7803.0,
        "median": 7803.0,
        "min": 7803,
        "max": 7803,
        "variance_ns2": null,
        "iqr_ns": 0.0,
        "q1_ns": 7803.0,
        "q3_ns": 7803.0
      },
      "futex_op_counts": {
        "128": 1
      },
      "first_seen_ts_ns": 2284291254180,
      "last_seen_ts_ns": 2284291254180
    },
    {
      "tgid": 1959,
      "comm": "auditd",
      "cgroup_id": 2439,
      "wait_duration_stats_ns": {
        "count": 1.0,
        "sum": 7532.0,
        "mean": 7532.0,
        "median": 7532.0,
        "min": 7532,
        "max": 7532,
        "variance_ns2": null,
        "iqr_ns": 0.0,
        "q1_ns": 7532.0,
        "q3_ns": 7532.0
      },
      "futex_op_counts": {
        "128": 1
      },
      "first_seen_ts_ns": 2240346813004,
      "last_seen_ts_ns": 2240346813004
    },
    {
      "tgid": 40642,
      "comm": "ZMQbg/Reaper",
      "cgroup_id": 20724,
      "wait_duration_stats_ns": {
        "count": 1.0,
        "sum": 3011.0,
        "mean": 3011.0,
        "median": 3011.0,
        "min": 3011,
        "max": 3011,
        "variance_ns2": null,
        "iqr_ns": 0.0,
        "q1_ns": 3011.0,
        "q3_ns": 3011.0
      },
      "futex_op_counts": {
        "128": 1
      },
      "first_seen_ts_ns": 2291303182987,
      "last_seen_ts_ns": 2291303182987
    }
  ]
}
[13:38:19] Cleanup complete.
