unlimited
PROGRAM: cpu
Looking for /opt/programs/cpu/ebpf-collect.c
[12:38:15] Waiting for start indicator file: '/mnt/flux/start_ebpf_collection'.
[12:38:16] Start indicator found. Proceeding with monitoring.
[12:38:16] Initializing eBPF for CPU Scheduling monitoring...
[12:38:16] BPF C code compiled and loaded.
[12:38:16] Attached tracepoints.
[12:38:16] Monitoring CPU scheduling events (polling aggregated map)... Press Ctrl+C to stop.
[12:39:25] Stop indicator file '/mnt/flux/stop_ebpf_collection' found. Stopping.
[12:39:25] Initiating cleanup sequence...
{
  "final_aggregated_summary_river": [
    {
      "tgid": 266,
      "comm": "python3",
      "cgroup_id": 13943,
      "on_cpu_stats_ns": {
        "count": 411.0,
        "sum_ns": 29800677.506016042,
        "mean_ns": 72507.73115818988,
        "median_ns": 44117.87492057556,
        "min_ns": 6053.0,
        "max_ns": 740974.0,
        "variance_ns2": 9413262134.034004,
        "iqr_ns": 65349.704013386094,
        "q1_ns": 19283.68048939335,
        "q3_ns": 84633.38450277945
      },
      "runq_latency_stats_ns": {
        "count": 410.0,
        "sum_ns": 17726456.831885032,
        "mean_ns": 43235.26056557325,
        "median_ns": 20276.23822496548,
        "min_ns": 1940.0,
        "max_ns": 5752229.0,
        "variance_ns2": 84824508776.95497,
        "iqr_ns": 29564.316408187173,
        "q1_ns": 8732.426409712534,
        "q3_ns": 38296.74281789971
      },
      "first_seen_ts_ns": 1749731896944061833,
      "last_seen_ts_ns": 1749731965442945115,
      "duration_active_s": 68.498883282
    },
    {
      "tgid": 202,
      "comm": "python3",
      "cgroup_id": 13873,
      "on_cpu_stats_ns": {
        "count": 421.0,
        "sum_ns": 27771061.672626127,
        "mean_ns": 65964.51703711669,
        "median_ns": 40250.83519185254,
        "min_ns": 7545.4375,
        "max_ns": 764895.0,
        "variance_ns2": 7752638338.155284,
        "iqr_ns": 56597.0906179431,
        "q1_ns": 19609.287058915877,
        "q3_ns": 76206.37767685897
      },
      "runq_latency_stats_ns": {
        "count": 420.0,
        "sum_ns": 13979650.603596648,
        "mean_ns": 33284.88238951583,
        "median_ns": 21195.072136614977,
        "min_ns": 1260.0,
        "max_ns": 2814726.0,
        "variance_ns2": 20709208888.56168,
        "iqr_ns": 29075.067979752814,
        "q1_ns": 8268.503086338844,
        "q3_ns": 37343.57106609166
      },
      "first_seen_ts_ns": 1749731896839574484,
      "last_seen_ts_ns": 1749731965442945115,
      "duration_active_s": 68.603370631
    },
    {
      "tgid": 143,
      "comm": "flux-broker-0",
      "cgroup_id": 14013,
      "on_cpu_stats_ns": {
        "count": 72.0,
        "sum_ns": 7507040.23674242,
        "mean_ns": 104264.44773253362,
        "median_ns": 69572.26242051861,
        "min_ns": 7696.8125,
        "max_ns": 686221.0,
        "variance_ns2": 13785726356.148273,
        "iqr_ns": 97635.0217990297,
        "q1_ns": 40379.75068704105,
        "q3_ns": 138014.77248607075
      },
      "runq_latency_stats_ns": {
        "count": 72.0,
        "sum_ns": 1444008.5890151511,
        "mean_ns": 20055.674847432656,
        "median_ns": 9857.471389001526,
        "min_ns": 2505.0625,
        "max_ns": 139598.0,
        "variance_ns2": 536465118.6634627,
        "iqr_ns": 20062.80562942707,
        "q1_ns": 5838.6359099449655,
        "q3_ns": 25901.441539372034
      },
      "first_seen_ts_ns": 1749731896944061833,
      "last_seen_ts_ns": 1749731965336289108,
      "duration_active_s": 68.392227275
    },
    {
      "tgid": 381,
      "comm": "xhpcg",
      "cgroup_id": 14013,
      "on_cpu_stats_ns": {
        "count": 37.0,
        "sum_ns": 2512735.999999999,
        "mean_ns": 67911.78378378376,
        "median_ns": 60468.64371987889,
        "min_ns": 13560.0,
        "max_ns": 180201.0,
        "variance_ns2": 1581751596.7852857,
        "iqr_ns": 56708.0623986141,
        "q1_ns": 31886.17055525409,
        "q3_ns": 88594.2329538682
      },
      "runq_latency_stats_ns": {
        "count": 36.0,
        "sum_ns": 755496.0,
        "mean_ns": 20986.0,
        "median_ns": 17306.65746834141,
        "min_ns": 4831.0,
        "max_ns": 51353.0,
        "variance_ns2": 172206524.74285716,
        "iqr_ns": 22483.29952369176,
        "q1_ns": 9104.850959090629,
        "q3_ns": 31588.15048278239
      },
      "first_seen_ts_ns": 1749731897844325621,
      "last_seen_ts_ns": 1749731916834391003,
      "duration_active_s": 18.990065382
    },
    {
      "tgid": 356,
      "comm": "xhpcg",
      "cgroup_id": 14013,
      "on_cpu_stats_ns": {
        "count": 20.0,
        "sum_ns": 1415944.0,
        "mean_ns": 70797.2,
        "median_ns": 66562.50828703704,
        "min_ns": 15531.0,
        "max_ns": 114937.0,
        "variance_ns2": 940365814.6947368,
        "iqr_ns": 47298.790295815284,
        "q1_ns": 48692.66636904763,
        "q3_ns": 95991.45666486291
      },
      "runq_latency_stats_ns": {
        "count": 20.0,
        "sum_ns": 892312.0,
        "mean_ns": 44615.6,
        "median_ns": 25424.57838624339,
        "min_ns": 4721.0,
        "max_ns": 178160.0,
        "variance_ns2": 2544917366.357895,
        "iqr_ns": 42574.03474395308,
        "q1_ns": 7702.324751239235,
        "q3_ns": 50276.359495192315
      },
      "first_seen_ts_ns": 1749731907073762023,
      "last_seen_ts_ns": 1749731916834391003,
      "duration_active_s": 9.76062898
    },
    {
      "tgid": 197,
      "comm": "bash",
      "cgroup_id": 14013,
      "on_cpu_stats_ns": {
        "count": 19.0,
        "sum_ns": 799359.2285539217,
        "mean_ns": 42071.53834494325,
        "median_ns": 43956.521197025104,
        "min_ns": 9348.176470588236,
        "max_ns": 87536.0,
        "variance_ns2": 730084298.2479117,
        "iqr_ns": 52857.532092998656,
        "q1_ns": 20061.108083895022,
        "q3_ns": 72918.64017689368
      },
      "runq_latency_stats_ns": {
        "count": 19.0,
        "sum_ns": 549885.1587009805,
        "mean_ns": 28941.324142156867,
        "median_ns": 34287.68294798475,
        "min_ns": 2704.294117647059,
        "max_ns": 72844.0,
        "variance_ns2": 555213966.3041649,
        "iqr_ns": 45718.324235175896,
        "q1_ns": 9603.876814379724,
        "q3_ns": 55322.201049555624
      },
      "first_seen_ts_ns": 1749731897167033614,
      "last_seen_ts_ns": 1749731961364926005,
      "duration_active_s": 64.197892391
    },
    {
      "tgid": 394,
      "comm": "xhpcg",
      "cgroup_id": 14013,
      "on_cpu_stats_ns": {
        "count": 13.0,
        "sum_ns": 662850.8964285714,
        "mean_ns": 50988.530494505496,
        "median_ns": 51323.55049603174,
        "min_ns": 18161.2,
        "max_ns": 83114.5,
        "variance_ns2": 224761632.02019787,
        "iqr_ns": 12402.073015873015,
        "q1_ns": 46157.54603174603,
        "q3_ns": 58559.619047619046
      },
      "runq_latency_stats_ns": {
        "count": 13.0,
        "sum_ns": 259489.82023809527,
        "mean_ns": 19960.755402930405,
        "median_ns": 20695.125,
        "min_ns": 12460.6,
        "max_ns": 24841.5,
        "variance_ns2": 15769786.586254396,
        "iqr_ns": 5319.48741898148,
        "q1_ns": 17516.09917989418,
        "q3_ns": 22835.58659887566
      },
      "first_seen_ts_ns": 1749731906964662416,
      "last_seen_ts_ns": 1749731908984383588,
      "duration_active_s": 2.019721172
    },
    {
      "tgid": 31,
      "comm": "bash",
      "cgroup_id": 13873,
      "on_cpu_stats_ns": {
        "count": 21.0,
        "sum_ns": 636840.4375000001,
        "mean_ns": 30325.735119047622,
        "median_ns": 24335.055336174242,
        "min_ns": 11872.9375,
        "max_ns": 113897.0,
        "variance_ns2": 671280078.9202754,
        "iqr_ns": 16942.763770574576,
        "q1_ns": 15229.00289609209,
        "q3_ns": 32171.766666666666
      },
      "runq_latency_stats_ns": {
        "count": 21.0,
        "sum_ns": 397566.87499999994,
        "mean_ns": 18931.75595238095,
        "median_ns": 12553.68276529948,
        "min_ns": 2459.1875,
        "max_ns": 66014.0,
        "variance_ns2": 306954323.4128534,
        "iqr_ns": 19984.620636878233,
        "q1_ns": 3487.3077829850777,
        "q3_ns": 23471.92841986331
      },
      "first_seen_ts_ns": 1749731896944061833,
      "last_seen_ts_ns": 1749731965233877151,
      "duration_active_s": 68.289815318
    },
    {
      "tgid": 1,
      "comm": "pause",
      "cgroup_id": 13663,
      "on_cpu_stats_ns": {
        "count": 2.0,
        "sum_ns": 540614.4444444445,
        "mean_ns": 270307.22222222225,
        "median_ns": 288709.44444444444,
        "min_ns": 251905.0,
        "max_ns": 288709.44444444444,
        "variance_ns2": 677283565.4320996,
        "iqr_ns": 36804.44444444444,
        "q1_ns": 251905.0,
        "q3_ns": 288709.44444444444
      },
      "runq_latency_stats_ns": {
        "count": 2.0,
        "sum_ns": 15396.777777777777,
        "mean_ns": 7698.388888888889,
        "median_ns": 8951.0,
        "min_ns": 6445.777777777777,
        "max_ns": 8951.0,
        "variance_ns2": 3138069.1913580257,
        "iqr_ns": 2505.2222222222226,
        "q1_ns": 6445.777777777777,
        "q3_ns": 8951.0
      },
      "first_seen_ts_ns": 1749731946534049839,
      "last_seen_ts_ns": 1749731965442945115,
      "duration_active_s": 18.908895276
    },
    {
      "tgid": 332,
      "comm": "flux-job",
      "cgroup_id": 14013,
      "on_cpu_stats_ns": {
        "count": 5.0,
        "sum_ns": 208549.64285714284,
        "mean_ns": 41709.928571428565,
        "median_ns": 39542.0,
        "min_ns": 7227.142857142857,
        "max_ns": 80535.0,
        "variance_ns2": 681691325.2397959,
        "iqr_ns": 6819.5,
        "q1_ns": 37213.0,
        "q3_ns": 44032.5
      },
      "runq_latency_stats_ns": {
        "count": 5.0,
        "sum_ns": 125072.39285714286,
        "mean_ns": 25014.47857142857,
        "median_ns": 9550.5,
        "min_ns": 2145.8928571428573,
        "max_ns": 69594.0,
        "variance_ns2": 824285703.8505102,
        "iqr_ns": 32502.0,
        "q1_ns": 5640.0,
        "q3_ns": 38142.0
      },
      "first_seen_ts_ns": 1749731896839574484,
      "last_seen_ts_ns": 1749731913344252211,
      "duration_active_s": 16.504677727
    },
    {
      "tgid": 333,
      "comm": "python3",
      "cgroup_id": 14013,
      "on_cpu_stats_ns": {
        "count": 1.0,
        "sum_ns": 50354.0,
        "mean_ns": 50354.0,
        "median_ns": 50354.0,
        "min_ns": 50354.0,
        "max_ns": 50354.0,
        "variance_ns2": null,
        "iqr_ns": 0.0,
        "q1_ns": 50354.0,
        "q3_ns": 50354.0
      },
      "runq_latency_stats_ns": {
        "count": 1.0,
        "sum_ns": 25261.0,
        "mean_ns": 25261.0,
        "median_ns": 25261.0,
        "min_ns": 25261.0,
        "max_ns": 25261.0,
        "variance_ns2": null,
        "iqr_ns": 0.0,
        "q1_ns": 25261.0,
        "q3_ns": 25261.0
      },
      "first_seen_ts_ns": 1749731897607140063,
      "last_seen_ts_ns": 1749731897607140063,
      "duration_active_s": 0
    }
  ]
}
[12:39:25] Cleanup complete. Exiting.
