ln: failed to create symbolic link '/mnt/flux/view/lib/python': File exists
ln: failed to create symbolic link '/mnt/flux/view/lib/python3': File exists
unlimited
PROGRAM: futex
Looking for /opt/programs/futex/ebpf-collect.c
[04:01:00] Starting eBPF (Tracepoints for futex syscalls).
[04:01:01] BPF program loaded and tracepoints automatically attached.
[04:01:01] Start Indicator file defined '/mnt/flux/start_ebpf_collection'. Waiting.
[04:01:08] Start indicator found. Proceeding.
[04:01:08] Ring buffers opened. Polling for events...
[04:02:06] 
Indicator file '/mnt/flux/stop_ebpf_collection' found. Stopping.
[04:02:06] Cleaning up BPF resources...
{
  "final_aggregated_futex_summary_river": [
    {
      "tgid": 2937,
      "comm": "containerd",
      "cgroup_id": 4085,
      "wait_duration_stats_ns": {
        "count": 5740.0,
        "sum": 990245725540.0006,
        "mean": 172516676.92334506,
        "median": 4198531.116874386,
        "min": 328,
        "max": 59711360712,
        "variance_ns2": 4.299467044033907e+18,
        "iqr_ns": 58340647.656246245,
        "q1_ns": 91123.8739756429,
        "q3_ns": 58431771.53022189
      },
      "futex_op_counts": {
        "128": 5740
      },
      "first_seen_ts_ns": 1777249748387,
      "last_seen_ts_ns": 1842191637257
    },
    {
      "tgid": 3083,
      "comm": "containerd-shim",
      "cgroup_id": 4085,
      "wait_duration_stats_ns": {
        "count": 721.0,
        "sum": 420010534460.9998,
        "mean": 582538882.7475725,
        "median": 1409863.5830011275,
        "min": 604,
        "max": 22138364667,
        "variance_ns2": 3.4105788238828826e+18,
        "iqr_ns": 15797031.13584799,
        "q1_ns": 124828.66428216966,
        "q3_ns": 15921859.800130159
      },
      "futex_op_counts": {
        "128": 721
      },
      "first_seen_ts_ns": 1777540002982,
      "last_seen_ts_ns": 1841851076799
    },
    {
      "tgid": 2973,
      "comm": "kubelet",
      "cgroup_id": 4138,
      "wait_duration_stats_ns": {
        "count": 5480.0,
        "sum": 372973197561.9988,
        "mean": 68060802.47481729,
        "median": 13872003.14536078,
        "min": 361,
        "max": 15263584775,
        "variance_ns2": 3.203068538019197e+17,
        "iqr_ns": 40287870.64017519,
        "q1_ns": 2453776.549076252,
        "q3_ns": 42741647.189251445
      },
      "futex_op_counts": {
        "128": 5480
      },
      "first_seen_ts_ns": 1777202121379,
      "last_seen_ts_ns": 1842295044911
    },
    {
      "tgid": 4734,
      "comm": "metrics-server",
      "cgroup_id": 6285,
      "wait_duration_stats_ns": {
        "count": 1076.0,
        "sum": 347324205859.0002,
        "mean": 322792012.8801117,
        "median": 140077354.57110047,
        "min": 1102,
        "max": 60002880642,
        "variance_ns2": 7.467213529143383e+18,
        "iqr_ns": 91071943.17309192,
        "q1_ns": 84910435.50846618,
        "q3_ns": 175982378.6815581
      },
      "futex_op_counts": {
        "128": 1076
      },
      "first_seen_ts_ns": 1777396491037,
      "last_seen_ts_ns": 1842279935036
    },
    {
      "tgid": 3075,
      "comm": "containerd-shim",
      "cgroup_id": 4085,
      "wait_duration_stats_ns": {
        "count": 66.0,
        "sum": 300224156678.0002,
        "mean": 4548850858.757579,
        "median": 822728859.6512371,
        "min": 543,
        "max": 30011949113,
        "variance_ns2": 6.5411141868764185e+19,
        "iqr_ns": 6701500545.877609,
        "q1_ns": 9399541.264704011,
        "q3_ns": 6710900087.142313
      },
      "futex_op_counts": {
        "128": 66
      },
      "first_seen_ts_ns": 1791756522450,
      "last_seen_ts_ns": 1841847892424
    },
    {
      "tgid": 38712,
      "comm": "containerd-shim",
      "cgroup_id": 4085,
      "wait_duration_stats_ns": {
        "count": 206.0,
        "sum": 290683678529.9999,
        "mean": 1411085818.1067955,
        "median": 4086825.3101447728,
        "min": 350,
        "max": 29997232097,
        "variance_ns2": 1.528496665719735e+19,
        "iqr_ns": 559451456.6317985,
        "q1_ns": 740756.9029457954,
        "q3_ns": 560192213.5347443
      },
      "futex_op_counts": {
        "128": 206
      },
      "first_seen_ts_ns": 1777575605999,
      "last_seen_ts_ns": 1842300013803
    },
    {
      "tgid": 4160,
      "comm": "coredns",
      "cgroup_id": 5781,
      "wait_duration_stats_ns": {
        "count": 417.0,
        "sum": 288075501134.99976,
        "mean": 690828539.8920858,
        "median": 527839341.38370454,
        "min": 983,
        "max": 37881349274,
        "variance_ns2": 5.807260376242859e+18,
        "iqr_ns": 808517794.9822909,
        "q1_ns": 23605367.323867057,
        "q3_ns": 832123162.306158
      },
      "futex_op_counts": {
        "128": 417
      },
      "first_seen_ts_ns": 1784950031055,
      "last_seen_ts_ns": 1841944906926
    },
    {
      "tgid": 4167,
      "comm": "coredns",
      "cgroup_id": 5865,
      "wait_duration_stats_ns": {
        "count": 380.0,
        "sum": 285319272637.9999,
        "mean": 750840191.1526313,
        "median": 605123782.1123343,
        "min": 1370,
        "max": 55000126976,
        "variance_ns2": 9.754016887651654e+18,
        "iqr_ns": 844107579.0075364,
        "q1_ns": 75878014.58113466,
        "q3_ns": 919985593.5886711
      },
      "futex_op_counts": {
        "128": 380
      },
      "first_seen_ts_ns": 1784950030557,
      "last_seen_ts_ns": 1841945290443
    },
    {
      "tgid": 4738,
      "comm": "metrics-server",
      "cgroup_id": 6369,
      "wait_duration_stats_ns": {
        "count": 1080.0,
        "sum": 279654358350.0001,
        "mean": 258939220.69444454,
        "median": 114995631.79927324,
        "min": 1116,
        "max": 55232154432,
        "variance_ns2": 3.5985136708029174e+18,
        "iqr_ns": 153274519.7578317,
        "q1_ns": 79517744.72678947,
        "q3_ns": 232792264.48462117
      },
      "futex_op_counts": {
        "128": 1080
      },
      "first_seen_ts_ns": 1777396551003,
      "last_seen_ts_ns": 1842135467508
    },
    {
      "tgid": 4045,
      "comm": "containerd-shim",
      "cgroup_id": 4085,
      "wait_duration_stats_ns": {
        "count": 60.0,
        "sum": 244092548777.99994,
        "mean": 4068209146.2999988,
        "median": 2352469417.0769863,
        "min": 2228,
        "max": 29979898997,
        "variance_ns2": 3.94298680685919e+19,
        "iqr_ns": 5651471167.277024,
        "q1_ns": 303359130.1297905,
        "q3_ns": 5954830297.406815
      },
      "futex_op_counts": {
        "128": 60
      },
      "first_seen_ts_ns": 1789959290540,
      "last_seen_ts_ns": 1841848853009
    },
    {
      "tgid": 2838,
      "comm": "amazon-ssm-agen",
      "cgroup_id": 3429,
      "wait_duration_stats_ns": {
        "count": 62.0,
        "sum": 243979110705.0,
        "mean": 3935146946.854839,
        "median": 108719781.59448129,
        "min": 403,
        "max": 60010713941,
        "variance_ns2": 1.1597927392935816e+20,
        "iqr_ns": 2049541644.608786,
        "q1_ns": 6630629.763398716,
        "q3_ns": 2056172274.3721848
      },
      "futex_op_counts": {
        "128": 62
      },
      "first_seen_ts_ns": 1777590481356,
      "last_seen_ts_ns": 1839602819368
    },
    {
      "tgid": 4400,
      "comm": "containerd-shim",
      "cgroup_id": 4085,
      "wait_duration_stats_ns": {
        "count": 59.0,
        "sum": 240297222251.0,
        "mean": 4072834275.440678,
        "median": 1999067386.128766,
        "min": 720,
        "max": 30000951102,
        "variance_ns2": 4.422220566044267e+19,
        "iqr_ns": 6600187169.116269,
        "q1_ns": 287742118.1773316,
        "q3_ns": 6887929287.293601
      },
      "futex_op_counts": {
        "128": 59
      },
      "first_seen_ts_ns": 1791758565230,
      "last_seen_ts_ns": 1841849344938
    },
    {
      "tgid": 5945,
      "comm": "containerd-shim",
      "cgroup_id": 4085,
      "wait_duration_stats_ns": {
        "count": 100.0,
        "sum": 240278063014.9999,
        "mean": 2402780630.149999,
        "median": 112483263.39588174,
        "min": 3355,
        "max": 30000243988,
        "variance_ns2": 3.447847376658799e+19,
        "iqr_ns": 1889345809.6355493,
        "q1_ns": 2681416.929860091,
        "q3_ns": 1892027226.5654094
      },
      "futex_op_counts": {
        "128": 100
      },
      "first_seen_ts_ns": 1784610659495,
      "last_seen_ts_ns": 1841849796828
    },
    {
      "tgid": 4047,
      "comm": "containerd-shim",
      "cgroup_id": 4085,
      "wait_duration_stats_ns": {
        "count": 52.0,
        "sum": 240170315464.9999,
        "mean": 4618659912.78846,
        "median": 2288600818.8489003,
        "min": 29627,
        "max": 29979853047,
        "variance_ns2": 4.694863541731772e+19,
        "iqr_ns": 6264245763.67001,
        "q1_ns": 446771462.5132253,
        "q3_ns": 6711017226.183235
      },
      "futex_op_counts": {
        "128": 52
      },
      "first_seen_ts_ns": 1789959461670,
      "last_seen_ts_ns": 1841846867122
    },
    {
      "tgid": 4653,
      "comm": "containerd-shim",
      "cgroup_id": 4085,
      "wait_duration_stats_ns": {
        "count": 56.0,
        "sum": 240145861094.0,
        "mean": 4288318948.107143,
        "median": 1565771234.9148157,
        "min": 2788,
        "max": 29968876787,
        "variance_ns2": 4.426261674833224e+19,
        "iqr_ns": 6837349521.548429,
        "q1_ns": 704217775.6842201,
        "q3_ns": 7541567297.232649
      },
      "futex_op_counts": {
        "128": 56
      },
      "first_seen_ts_ns": 1791754666014,
      "last_seen_ts_ns": 1841845857290
    },
    {
      "tgid": 38457,
      "comm": "containerd-shim",
      "cgroup_id": 4085,
      "wait_duration_stats_ns": {
        "count": 43.0,
        "sum": 234316908514.99994,
        "mean": 5449230430.581394,
        "median": 2293278026.439591,
        "min": 5458,
        "max": 29999570566,
        "variance_ns2": 6.61878209979877e+19,
        "iqr_ns": 6130970608.013843,
        "q1_ns": 558814437.5843803,
        "q3_ns": 6689785045.598223
      },
      "futex_op_counts": {
        "128": 43
      },
      "first_seen_ts_ns": 1791755349775,
      "last_seen_ts_ns": 1841846356016
    },
    {
      "tgid": 3504,
      "comm": "aws-k8s-agent",
      "cgroup_id": 5277,
      "wait_duration_stats_ns": {
        "count": 207.0,
        "sum": 233465773668.99994,
        "mean": 1127853979.0772943,
        "median": 171431681.7361983,
        "min": 1804,
        "max": 54313914480,
        "variance_ns2": 1.9818111567920767e+19,
        "iqr_ns": 721378901.0571356,
        "q1_ns": 3913753.781372658,
        "q3_ns": 725292654.8385082
      },
      "futex_op_counts": {
        "128": 207
      },
      "first_seen_ts_ns": 1785407644857,
      "last_seen_ts_ns": 1840741013898
    },
    {
      "tgid": 6005,
      "comm": "kube-rbac-proxy",
      "cgroup_id": 6669,
      "wait_duration_stats_ns": {
        "count": 54.0,
        "sum": 204814079929.99988,
        "mean": 3792853332.037035,
        "median": 4621102898.787865,
        "min": 2732,
        "max": 20009953131,
        "variance_ns2": 1.1240068690132775e+19,
        "iqr_ns": 2441585414.8315105,
        "q1_ns": 2045942559.0416944,
        "q3_ns": 4487527973.873205
      },
      "futex_op_counts": {
        "128": 54
      },
      "first_seen_ts_ns": 1786930367879,
      "last_seen_ts_ns": 1841928412346
    },
    {
      "tgid": 2999,
      "comm": "ssm-agent-worke",
      "cgroup_id": 3429,
      "wait_duration_stats_ns": {
        "count": 136.0,
        "sum": 175853492670.00006,
        "mean": 1293040387.2794123,
        "median": 885123445.9858478,
        "min": 523,
        "max": 30859987317,
        "variance_ns2": 9.599323131539702e+18,
        "iqr_ns": 1502328950.9862344,
        "q1_ns": 157745164.9273204,
        "q3_ns": 1660074115.913555
      },
      "futex_op_counts": {
        "128": 136
      },
      "first_seen_ts_ns": 1777590154948,
      "last_seen_ts_ns": 1841178268000
    },
    {
      "tgid": 6120,
      "comm": "manager",
      "cgroup_id": 6753,
      "wait_duration_stats_ns": {
        "count": 466.0,
        "sum": 173936344728.99994,
        "mean": 373253958.6459226,
        "median": 287280449.7781834,
        "min": 557,
        "max": 10000166063,
        "variance_ns2": 4.5229563035494016e+17,
        "iqr_ns": 462600788.8623882,
        "q1_ns": 29933959.526552837,
        "q3_ns": 492534748.38894105
      },
      "futex_op_counts": {
        "128": 466
      },
      "first_seen_ts_ns": 1777432895432,
      "last_seen_ts_ns": 1842244092423
    },
    {
      "tgid": 3640,
      "comm": "controller",
      "cgroup_id": 5361,
      "wait_duration_stats_ns": {
        "count": 262.0,
        "sum": 173886512803.0,
        "mean": 663688980.1641221,
        "median": 492404344.9432639,
        "min": 2586,
        "max": 10018083917,
        "variance_ns2": 1.6987389946356644e+18,
        "iqr_ns": 25900949.505809307,
        "q1_ns": 474688352.5374718,
        "q3_ns": 500589302.0432811
      },
      "futex_op_counts": {
        "128": 262
      },
      "first_seen_ts_ns": 1784362000743,
      "last_seen_ts_ns": 1841862940777
    },
    {
      "tgid": 3223,
      "comm": "kube-proxy",
      "cgroup_id": 5109,
      "wait_duration_stats_ns": {
        "count": 41.0,
        "sum": 169130743219.99997,
        "mean": 4125140078.536585,
        "median": 2566453350.55689,
        "min": 9994004,
        "max": 30012031510,
        "variance_ns2": 3.877428102065659e+19,
        "iqr_ns": 2729581804.067482,
        "q1_ns": 1383490047.798334,
        "q3_ns": 4113071851.865816
      },
      "futex_op_counts": {
        "128": 41
      },
      "first_seen_ts_ns": 1784518421523,
      "last_seen_ts_ns": 1838347715681
    },
    {
      "tgid": 39644,
      "comm": "runc",
      "cgroup_id": 4085,
      "wait_duration_stats_ns": {
        "count": 265.0,
        "sum": 8014532990.000004,
        "mean": 30243520.716981146,
        "median": 15015410.995222392,
        "min": 6984,
        "max": 880546893,
        "variance_ns2": 1.0701632905008052e+16,
        "iqr_ns": 27112546.92645764,
        "q1_ns": 1812748.292608385,
        "q3_ns": 28925295.219066024
      },
      "futex_op_counts": {
        "128": 265
      },
      "first_seen_ts_ns": 1828840232168,
      "last_seen_ts_ns": 1829850705710
    },
    {
      "tgid": 39553,
      "comm": "runc",
      "cgroup_id": 4085,
      "wait_duration_stats_ns": {
        "count": 219.0,
        "sum": 6220448248.0,
        "mean": 28403873.278538812,
        "median": 9646080.797215994,
        "min": 1070,
        "max": 329910413,
        "variance_ns2": 4861105791459389.0,
        "iqr_ns": 26986805.5967018,
        "q1_ns": 436315.76961931406,
        "q3_ns": 27423121.366321117
      },
      "futex_op_counts": {
        "128": 219
      },
      "first_seen_ts_ns": 1818840044866,
      "last_seen_ts_ns": 1819430042660
    },
    {
      "tgid": 39529,
      "comm": "runc",
      "cgroup_id": 4085,
      "wait_duration_stats_ns": {
        "count": 258.0,
        "sum": 5171109349.0,
        "mean": 20043059.492248062,
        "median": 8286837.690006235,
        "min": 1316,
        "max": 369965770,
        "variance_ns2": 3340496585387320.5,
        "iqr_ns": 17366470.84288804,
        "q1_ns": 149938.13610601967,
        "q3_ns": 17516408.978994057
      },
      "futex_op_counts": {
        "128": 258
      },
      "first_seen_ts_ns": 1817580035630,
      "last_seen_ts_ns": 1818290175088
    },
    {
      "tgid": 39618,
      "comm": "runc",
      "cgroup_id": 4085,
      "wait_duration_stats_ns": {
        "count": 278.0,
        "sum": 4945617419.999998,
        "mean": 17789990.719424453,
        "median": 5557099.066404308,
        "min": 4133,
        "max": 440202256,
        "variance_ns2": 3530171348265135.0,
        "iqr_ns": 21740554.37550787,
        "q1_ns": 102705.08052387653,
        "q3_ns": 21843259.456031747
      },
      "futex_op_counts": {
        "128": 278
      },
      "first_seen_ts_ns": 1827560031465,
      "last_seen_ts_ns": 1828160749503
    },
    {
      "tgid": 39504,
      "comm": "runc",
      "cgroup_id": 4085,
      "wait_duration_stats_ns": {
        "count": 234.0,
        "sum": 2311529825.0000005,
        "mean": 9878332.585470088,
        "median": 420162.68583098834,
        "min": 1963,
        "max": 340264871,
        "variance_ns2": 1807434575537465.2,
        "iqr_ns": 3917235.671091204,
        "q1_ns": 58088.782178260444,
        "q3_ns": 3975324.4532694644
      },
      "futex_op_counts": {
        "128": 234
      },
      "first_seen_ts_ns": 1808860062709,
      "last_seen_ts_ns": 1809250035240
    },
    {
      "tgid": 39480,
      "comm": "runc",
      "cgroup_id": 4085,
      "wait_duration_stats_ns": {
        "count": 234.0,
        "sum": 2270267632.0,
        "mean": 9701998.427350428,
        "median": 1328287.1262566044,
        "min": 2331,
        "max": 310296958,
        "variance_ns2": 1747607326468641.5,
        "iqr_ns": 8940675.178035008,
        "q1_ns": 80750.02554662115,
        "q3_ns": 9021425.20358163
      },
      "futex_op_counts": {
        "128": 234
      },
      "first_seen_ts_ns": 1807571564866,
      "last_seen_ts_ns": 1807930611571
    },
    {
      "tgid": 39353,
      "comm": "runc",
      "cgroup_id": 4085,
      "wait_duration_stats_ns": {
        "count": 229.0,
        "sum": 1931047452.9999998,
        "mean": 8432521.62882096,
        "median": 758624.6103864899,
        "min": 1540,
        "max": 310429171,
        "variance_ns2": 1516590572283203.2,
        "iqr_ns": 2289886.62724642,
        "q1_ns": 37155.02791505108,
        "q3_ns": 2327041.655161471
      },
      "futex_op_counts": {
        "128": 229
      },
      "first_seen_ts_ns": 1787560029011,
      "last_seen_ts_ns": 1787910689742
    },
    {
      "tgid": 39400,
      "comm": "runc",
      "cgroup_id": 4085,
      "wait_duration_stats_ns": {
        "count": 235.0,
        "sum": 1900035809.0000005,
        "mean": 8085258.76170213,
        "median": 602265.8721858687,
        "min": 4086,
        "max": 297272263,
        "variance_ns2": 1101091827196664.5,
        "iqr_ns": 8594031.492534058,
        "q1_ns": 51594.919628711286,
        "q3_ns": 8645626.41216277
      },
      "futex_op_counts": {
        "128": 235
      },
      "first_seen_ts_ns": 1797560033575,
      "last_seen_ts_ns": 1797870738547
    },
    {
      "tgid": 39375,
      "comm": "runc",
      "cgroup_id": 4085,
      "wait_duration_stats_ns": {
        "count": 235.0,
        "sum": 1892894684.0,
        "mean": 8054870.995744681,
        "median": 459379.6470197002,
        "min": 4232,
        "max": 202890685,
        "variance_ns2": 1158586957184883.2,
        "iqr_ns": 3887369.071731382,
        "q1_ns": 50389.755206133115,
        "q3_ns": 3937758.8269375153
      },
      "futex_op_counts": {
        "128": 235
      },
      "first_seen_ts_ns": 1788840007425,
      "last_seen_ts_ns": 1789100452385
    },
    {
      "tgid": 39422,
      "comm": "runc",
      "cgroup_id": 4085,
      "wait_duration_stats_ns": {
        "count": 222.0,
        "sum": 1840594071.0,
        "mean": 8290964.283783784,
        "median": 330754.119384947,
        "min": 4124,
        "max": 300451414,
        "variance_ns2": 1791709518109146.0,
        "iqr_ns": 2393107.1860570353,
        "q1_ns": 38806.77226087158,
        "q3_ns": 2431913.958317907
      },
      "futex_op_counts": {
        "128": 222
      },
      "first_seen_ts_ns": 1798842507964,
      "last_seen_ts_ns": 1799190807472
    },
    {
      "tgid": 39656,
      "comm": "runc:[2:INIT]",
      "cgroup_id": 5277,
      "wait_duration_stats_ns": {
        "count": 27.0,
        "sum": 1424277393.0,
        "mean": 52751014.55555555,
        "median": 26710405.448140103,
        "min": 1807,
        "max": 219817261,
        "variance_ns2": 3664243633677907.0,
        "iqr_ns": 48513843.56794198,
        "q1_ns": 19084972.978481963,
        "q3_ns": 67598816.54642394
      },
      "futex_op_counts": {
        "128": 27
      },
      "first_seen_ts_ns": 1829560035236,
      "last_seen_ts_ns": 1829870038614
    },
    {
      "tgid": 39541,
      "comm": "runc:[2:INIT]",
      "cgroup_id": 5277,
      "wait_duration_stats_ns": {
        "count": 25.0,
        "sum": 1347001713.0,
        "mean": 53880068.52,
        "median": 28824860.170837298,
        "min": 52694,
        "max": 199760192,
        "variance_ns2": 3487301752100456.5,
        "iqr_ns": 36736182.982112795,
        "q1_ns": 24678823.82733333,
        "q3_ns": 61415006.809446126
      },
      "futex_op_counts": {
        "128": 25
      },
      "first_seen_ts_ns": 1818010030157,
      "last_seen_ts_ns": 1818290022990
    },
    {
      "tgid": 39515,
      "comm": "runc:[2:INIT]",
      "cgroup_id": 5277,
      "wait_duration_stats_ns": {
        "count": 25.0,
        "sum": 1218310266.0,
        "mean": 48732410.64,
        "median": 31863552.709534056,
        "min": 36076,
        "max": 179925793,
        "variance_ns2": 2361348726352550.5,
        "iqr_ns": 8470974.506936003,
        "q1_ns": 23122250.729601577,
        "q3_ns": 31593225.23653758
      },
      "futex_op_counts": {
        "128": 25
      },
      "first_seen_ts_ns": 1808980177854,
      "last_seen_ts_ns": 1809250623117
    },
    {
      "tgid": 39491,
      "comm": "runc:[2:INIT]",
      "cgroup_id": 5277,
      "wait_duration_stats_ns": {
        "count": 30.0,
        "sum": 1175237802.0000002,
        "mean": 39174593.400000006,
        "median": 21606823.527599297,
        "min": 3579,
        "max": 199825548,
        "variance_ns2": 3277590636461350.0,
        "iqr_ns": 31319375.569927424,
        "q1_ns": 7369248.475257946,
        "q3_ns": 38688624.04518537
      },
      "futex_op_counts": {
        "128": 30
      },
      "first_seen_ts_ns": 1807700065155,
      "last_seen_ts_ns": 1807950098123
    },
    {
      "tgid": 39631,
      "comm": "runc:[2:INIT]",
      "cgroup_id": 5277,
      "wait_duration_stats_ns": {
        "count": 27.0,
        "sum": 1131484761.0000002,
        "mean": 41906843.00000001,
        "median": 19593198.437050566,
        "min": 24378,
        "max": 179859695,
        "variance_ns2": 3241200699757627.0,
        "iqr_ns": 27822106.98042099,
        "q1_ns": 10408511.571304686,
        "q3_ns": 38230618.55172568
      },
      "futex_op_counts": {
        "128": 27
      },
      "first_seen_ts_ns": 1827950024953,
      "last_seen_ts_ns": 1828180032099
    },
    {
      "tgid": 39432,
      "comm": "runc:[2:INIT]",
      "cgroup_id": 5277,
      "wait_duration_stats_ns": {
        "count": 32.0,
        "sum": 1061501664.0,
        "mean": 33171927.0,
        "median": 13874145.176431196,
        "min": 1405,
        "max": 169910064,
        "variance_ns2": 2273336887481456.0,
        "iqr_ns": 25957604.1168395,
        "q1_ns": 5103406.751352389,
        "q3_ns": 31061010.868191887
      },
      "futex_op_counts": {
        "128": 32
      },
      "first_seen_ts_ns": 1798980149372,
      "last_seen_ts_ns": 1799210032642
    },
    {
      "tgid": 39363,
      "comm": "runc:[2:INIT]",
      "cgroup_id": 5277,
      "wait_duration_stats_ns": {
        "count": 23.0,
        "sum": 1018148295.0000002,
        "mean": 44267317.173913054,
        "median": 27379260.93902401,
        "min": 24241,
        "max": 159939186,
        "variance_ns2": 2971391316053774.5,
        "iqr_ns": 48828108.9340195,
        "q1_ns": 10674815.353997566,
        "q3_ns": 59502924.288017064
      },
      "futex_op_counts": {
        "128": 23
      },
      "first_seen_ts_ns": 1787710034905,
      "last_seen_ts_ns": 1787930087340
    },
    {
      "tgid": 39410,
      "comm": "runc:[2:INIT]",
      "cgroup_id": 5277,
      "wait_duration_stats_ns": {
        "count": 24.0,
        "sum": 993910215.9999998,
        "mean": 41412925.66666666,
        "median": 31517980.04409527,
        "min": 13569,
        "max": 169846935,
        "variance_ns2": 2033308317453871.8,
        "iqr_ns": 30391159.85660788,
        "q1_ns": 18312858.629115228,
        "q3_ns": 48704018.48572311
      },
      "futex_op_counts": {
        "128": 24
      },
      "first_seen_ts_ns": 1797680337815,
      "last_seen_ts_ns": 1797890035107
    },
    {
      "tgid": 39570,
      "comm": "runc:[2:INIT]",
      "cgroup_id": 5277,
      "wait_duration_stats_ns": {
        "count": 24.0,
        "sum": 905666481.0000002,
        "mean": 37736103.37500001,
        "median": 23396325.299084622,
        "min": 13299,
        "max": 149951364,
        "variance_ns2": 1785867952614347.2,
        "iqr_ns": 24987226.15125093,
        "q1_ns": 11718452.164197532,
        "q3_ns": 36705678.31544846
      },
      "futex_op_counts": {
        "128": 24
      },
      "first_seen_ts_ns": 1819250029771,
      "last_seen_ts_ns": 1819440033675
    },
    {
      "tgid": 39387,
      "comm": "runc:[2:INIT]",
      "cgroup_id": 5277,
      "wait_duration_stats_ns": {
        "count": 36.0,
        "sum": 774555105.0,
        "mean": 21515419.583333332,
        "median": 13478108.527470576,
        "min": 272203,
        "max": 122444108,
        "variance_ns2": 1292774817064127.0,
        "iqr_ns": 21370951.97931613,
        "q1_ns": 2064376.4401145168,
        "q3_ns": 23435328.419430647
      },
      "futex_op_counts": {
        "128": 36
      },
      "first_seen_ts_ns": 1788940472498,
      "last_seen_ts_ns": 1789101236530
    },
    {
      "tgid": 39867,
      "comm": "runc",
      "cgroup_id": 4085,
      "wait_duration_stats_ns": {
        "count": 410.0,
        "sum": 570340592.0,
        "mean": 1391074.6146341462,
        "median": 49846.03598563791,
        "min": 656,
        "max": 99234690,
        "variance_ns2": 121349038273855.62,
        "iqr_ns": 146712.30574956108,
        "q1_ns": 12984.294898046099,
        "q3_ns": 159696.60064760718
      },
      "futex_op_counts": {
        "128": 410
      },
      "first_seen_ts_ns": 1837542703244,
      "last_seen_ts_ns": 1837642064243
    },
    {
      "tgid": 39895,
      "comm": "runc",
      "cgroup_id": 4085,
      "wait_duration_stats_ns": {
        "count": 400.0,
        "sum": 531832352.00000006,
        "mean": 1329580.8800000001,
        "median": 55710.36091279094,
        "min": 621,
        "max": 90377832,
        "variance_ns2": 105873706476610.73,
        "iqr_ns": 226094.47192693173,
        "q1_ns": 12592.360096771246,
        "q3_ns": 238686.83202370297
      },
      "futex_op_counts": {
        "128": 400
      },
      "first_seen_ts_ns": 1838799357175,
      "last_seen_ts_ns": 1838892033226
    },
    {
      "tgid": 39877,
      "comm": "runc:[2:INIT]",
      "cgroup_id": 5277,
      "wait_duration_stats_ns": {
        "count": 24.0,
        "sum": 463859474.00000006,
        "mean": 19327478.083333336,
        "median": 2559107.1101184567,
        "min": 592,
        "max": 93043871,
        "variance_ns2": 1452228027411959.2,
        "iqr_ns": 33685780.43821209,
        "q1_ns": 23323.333333333332,
        "q3_ns": 33709103.771545425
      },
      "futex_op_counts": {
        "128": 24
      },
      "first_seen_ts_ns": 1837548715973,
      "last_seen_ts_ns": 1837642110073
    },
    {
      "tgid": 39905,
      "comm": "runc:[2:INIT]",
      "cgroup_id": 5277,
      "wait_duration_stats_ns": {
        "count": 23.0,
        "sum": 430012637.0,
        "mean": 18696201.608695652,
        "median": 429051.80059166194,
        "min": 6718,
        "max": 86294473,
        "variance_ns2": 1286352791073600.8,
        "iqr_ns": 34119449.26778839,
        "q1_ns": 105909.90407041577,
        "q3_ns": 34225359.1718588
      },
      "futex_op_counts": {
        "128": 23
      },
      "first_seen_ts_ns": 1838805435282,
      "last_seen_ts_ns": 1838892066192
    },
    {
      "tgid": 39631,
      "comm": "grpc-health-pro",
      "cgroup_id": 5277,
      "wait_duration_stats_ns": {
        "count": 13.0,
        "sum": 356862621.0,
        "mean": 27450970.846153848,
        "median": 25742549.709753085,
        "min": 2028534,
        "max": 49984852,
        "variance_ns2": 259601937290532.78,
        "iqr_ns": 21376274.487601683,
        "q1_ns": 13840846.2525,
        "q3_ns": 35217120.74010168
      },
      "futex_op_counts": {
        "128": 13
      },
      "first_seen_ts_ns": 1828210022144,
      "last_seen_ts_ns": 1828270154688
    },
    {
      "tgid": 39179,
      "comm": "runc",
      "cgroup_id": 4085,
      "wait_duration_stats_ns": {
        "count": 383.0,
        "sum": 330169049.99999994,
        "mean": 862060.1827676238,
        "median": 43343.002200275885,
        "min": 4160,
        "max": 59546575,
        "variance_ns2": 42629431659706.984,
        "iqr_ns": 169243.61465303827,
        "q1_ns": 8541.912380020543,
        "q3_ns": 177785.5270330588
      },
      "futex_op_counts": {
        "128": 383
      },
      "first_seen_ts_ns": 1777542311952,
      "last_seen_ts_ns": 1777601972768
    },
    {
      "tgid": 39541,
      "comm": "grpc-health-pro",
      "cgroup_id": 5277,
      "wait_duration_stats_ns": {
        "count": 13.0,
        "sum": 325883195.0,
        "mean": 25067938.076923076,
        "median": 28105894.628472224,
        "min": 2532,
        "max": 58778800,
        "variance_ns2": 371084132101128.7,
        "iqr_ns": 15535621.22947776,
        "q1_ns": 17446502.45,
        "q3_ns": 32982123.67947776
      },
      "futex_op_counts": {
        "128": 13
      },
      "first_seen_ts_ns": 1818320011997,
      "last_seen_ts_ns": 1818380149527
    },
    {
      "tgid": 39570,
      "comm": "grpc-health-pro",
      "cgroup_id": 5277,
      "wait_duration_stats_ns": {
        "count": 16.0,
        "sum": 290479284.0,
        "mean": 18154955.25,
        "median": 13214032.60297619,
        "min": 10338,
        "max": 48694058,
        "variance_ns2": 256230372830195.4,
        "iqr_ns": 20718460.49205002,
        "q1_ns": 6790509.611111112,
        "q3_ns": 27508970.10316113
      },
      "futex_op_counts": {
        "128": 16
      },
      "first_seen_ts_ns": 1819470037052,
      "last_seen_ts_ns": 1819530078986
    },
    {
      "tgid": 39189,
      "comm": "runc:[2:INIT]",
      "cgroup_id": 5277,
      "wait_duration_stats_ns": {
        "count": 23.0,
        "sum": 266560036.99999997,
        "mean": 11589566.826086955,
        "median": 273003.6466525476,
        "min": 7282,
        "max": 53613757,
        "variance_ns2": 488330410777562.25,
        "iqr_ns": 18921906.39404275,
        "q1_ns": 191223.34252083328,
        "q3_ns": 19113129.736563582
      },
      "futex_op_counts": {
        "128": 23
      },
      "first_seen_ts_ns": 1777548075617,
      "last_seen_ts_ns": 1777601967704
    },
    {
      "tgid": 39387,
      "comm": "grpc-health-pro",
      "cgroup_id": 5277,
      "wait_duration_stats_ns": {
        "count": 12.0,
        "sum": 226973409.0,
        "mean": 18914450.75,
        "median": 15337554.277777776,
        "min": 138168,
        "max": 38770439,
        "variance_ns2": 112073006236539.86,
        "iqr_ns": 12553746.972222224,
        "q1_ns": 9962554.0,
        "q3_ns": 22516300.972222224
      },
      "futex_op_counts": {
        "128": 12
      },
      "first_seen_ts_ns": 1789120037384,
      "last_seen_ts_ns": 1789170030141
    },
    {
      "tgid": 39432,
      "comm": "grpc-health-pro",
      "cgroup_id": 5277,
      "wait_duration_stats_ns": {
        "count": 11.0,
        "sum": 186417662.00000003,
        "mean": 16947060.181818184,
        "median": 18884695.458333332,
        "min": 9859120,
        "max": 29928734,
        "variance_ns2": 40355845437384.18,
        "iqr_ns": 7305383.4375,
        "q1_ns": 13050253.0625,
        "q3_ns": 20355636.5
      },
      "futex_op_counts": {
        "128": 11
      },
      "first_seen_ts_ns": 1799240147385,
      "last_seen_ts_ns": 1799280184448
    },
    {
      "tgid": 39656,
      "comm": "grpc-health-pro",
      "cgroup_id": 5277,
      "wait_duration_stats_ns": {
        "count": 11.0,
        "sum": 124417896.0,
        "mean": 11310717.818181818,
        "median": 11981442.4,
        "min": 21551,
        "max": 19976908,
        "variance_ns2": 45380635070166.766,
        "iqr_ns": 11446794.36875,
        "q1_ns": 6272350.63125,
        "q3_ns": 17719145.0
      },
      "futex_op_counts": {
        "128": 11
      },
      "first_seen_ts_ns": 1829900053266,
      "last_seen_ts_ns": 1829930037181
    },
    {
      "tgid": 39363,
      "comm": "grpc-health-pro",
      "cgroup_id": 5277,
      "wait_duration_stats_ns": {
        "count": 12.0,
        "sum": 106151668.0,
        "mean": 8845972.333333334,
        "median": 7444168.770833333,
        "min": 7803,
        "max": 19994839,
        "variance_ns2": 54339580480787.51,
        "iqr_ns": 11283555.2970679,
        "q1_ns": 855027.604166667,
        "q3_ns": 12138582.901234567
      },
      "futex_op_counts": {
        "128": 12
      },
      "first_seen_ts_ns": 1787943989261,
      "last_seen_ts_ns": 1787980162754
    },
    {
      "tgid": 39491,
      "comm": "grpc-health-pro",
      "cgroup_id": 5277,
      "wait_duration_stats_ns": {
        "count": 12.0,
        "sum": 102745161.0,
        "mean": 8562096.75,
        "median": 5174896.133333333,
        "min": 15806,
        "max": 18447632,
        "variance_ns2": 61200077214830.03,
        "iqr_ns": 12710090.755555553,
        "q1_ns": 399779.25,
        "q3_ns": 13109870.005555553
      },
      "futex_op_counts": {
        "128": 12
      },
      "first_seen_ts_ns": 1807980035252,
      "last_seen_ts_ns": 1808000085639
    },
    {
      "tgid": 39515,
      "comm": "grpc-health-pro",
      "cgroup_id": 5277,
      "wait_duration_stats_ns": {
        "count": 10.0,
        "sum": 99621976.00000001,
        "mean": 9962197.600000001,
        "median": 6916646.25,
        "min": 7263,
        "max": 18898194,
        "variance_ns2": 55481552837964.71,
        "iqr_ns": 10607343.302777776,
        "q1_ns": 1921135.0,
        "q3_ns": 12528478.302777776
      },
      "futex_op_counts": {
        "128": 10
      },
      "first_seen_ts_ns": 1809280056896,
      "last_seen_ts_ns": 1809300108776
    },
    {
      "tgid": 39410,
      "comm": "grpc-health-pro",
      "cgroup_id": 5277,
      "wait_duration_stats_ns": {
        "count": 10.0,
        "sum": 78146959.0,
        "mean": 7814695.9,
        "median": 8775765.0,
        "min": 15654,
        "max": 16226952,
        "variance_ns2": 29643029922822.543,
        "iqr_ns": 7035994.375,
        "q1_ns": 3726632.625,
        "q3_ns": 10762627.0
      },
      "futex_op_counts": {
        "128": 10
      },
      "first_seen_ts_ns": 1797910033516,
      "last_seen_ts_ns": 1797930028609
    },
    {
      "tgid": 39905,
      "comm": "grpc-health-pro",
      "cgroup_id": 5277,
      "wait_duration_stats_ns": {
        "count": 36.0,
        "sum": 8858188.000000002,
        "mean": 246060.7777777778,
        "median": 55946.889793264345,
        "min": 6539,
        "max": 1417378,
        "variance_ns2": 165907846463.3206,
        "iqr_ns": 221264.42692465772,
        "q1_ns": 22973.81313131313,
        "q3_ns": 244238.24005597085
      },
      "futex_op_counts": {
        "128": 36
      },
      "first_seen_ts_ns": 1838893732359,
      "last_seen_ts_ns": 1838896124945
    },
    {
      "tgid": 39877,
      "comm": "grpc-health-pro",
      "cgroup_id": 5277,
      "wait_duration_stats_ns": {
        "count": 32.0,
        "sum": 8811229.0,
        "mean": 275350.90625,
        "median": 87052.88641108587,
        "min": 13361,
        "max": 1307916,
        "variance_ns2": 159174747961.82965,
        "iqr_ns": 228775.64062358084,
        "q1_ns": 30272.901817079222,
        "q3_ns": 259048.54244066007
      },
      "futex_op_counts": {
        "128": 32
      },
      "first_seen_ts_ns": 1837643812472,
      "last_seen_ts_ns": 1837646098487
    },
    {
      "tgid": 39189,
      "comm": "grpc-health-pro",
      "cgroup_id": 5277,
      "wait_duration_stats_ns": {
        "count": 5.0,
        "sum": 339509.0,
        "mean": 67901.8,
        "median": 24778.0,
        "min": 10976,
        "max": 178779,
        "variance_ns2": 5507382315.2,
        "iqr_ns": 95676.0,
        "q1_ns": 14650.0,
        "q3_ns": 110326.0
      },
      "futex_op_counts": {
        "128": 5
      },
      "first_seen_ts_ns": 1777603564888,
      "last_seen_ts_ns": 1777603760732
    },
    {
      "tgid": 39226,
      "comm": "flux-broker-0",
      "cgroup_id": 19113,
      "wait_duration_stats_ns": {
        "count": 12.0,
        "sum": 82802.0,
        "mean": 6900.166666666667,
        "median": 2346.7037037037035,
        "min": 1491,
        "max": 23919,
        "variance_ns2": 80070544.33333333,
        "iqr_ns": 7085.25,
        "q1_ns": 1861.7500000000002,
        "q3_ns": 8947.0
      },
      "futex_op_counts": {
        "128": 12
      },
      "first_seen_ts_ns": 1802440764069,
      "last_seen_ts_ns": 1842296823586
    },
    {
      "tgid": 39321,
      "comm": "xhpcg",
      "cgroup_id": 19113,
      "wait_duration_stats_ns": {
        "count": 1.0,
        "sum": 14528.0,
        "mean": 14528.0,
        "median": 14528.0,
        "min": 14528,
        "max": 14528,
        "variance_ns2": null,
        "iqr_ns": 0.0,
        "q1_ns": 14528.0,
        "q3_ns": 14528.0
      },
      "futex_op_counts": {
        "128": 1
      },
      "first_seen_ts_ns": 1802427931315,
      "last_seen_ts_ns": 1802427931315
    },
    {
      "tgid": 39448,
      "comm": "xhpcg",
      "cgroup_id": 19113,
      "wait_duration_stats_ns": {
        "count": 1.0,
        "sum": 13891.0,
        "mean": 13891.0,
        "median": 13891.0,
        "min": 13891,
        "max": 13891,
        "variance_ns2": null,
        "iqr_ns": 0.0,
        "q1_ns": 13891.0,
        "q3_ns": 13891.0
      },
      "futex_op_counts": {
        "128": 1
      },
      "first_seen_ts_ns": 1820483972490,
      "last_seen_ts_ns": 1820483972490
    },
    {
      "tgid": 39589,
      "comm": "xhpcg",
      "cgroup_id": 19113,
      "wait_duration_stats_ns": {
        "count": 1.0,
        "sum": 9413.0,
        "mean": 9413.0,
        "median": 9413.0,
        "min": 9413,
        "max": 9413,
        "variance_ns2": null,
        "iqr_ns": 0.0,
        "q1_ns": 9413.0,
        "q3_ns": 9413.0
      },
      "futex_op_counts": {
        "128": 1
      },
      "first_seen_ts_ns": 1836886996934,
      "last_seen_ts_ns": 1836886996934
    },
    {
      "tgid": 39471,
      "comm": "xhpcg",
      "cgroup_id": 19113,
      "wait_duration_stats_ns": {
        "count": 1.0,
        "sum": 9251.0,
        "mean": 9251.0,
        "median": 9251.0,
        "min": 9251,
        "max": 9251,
        "variance_ns2": null,
        "iqr_ns": 0.0,
        "q1_ns": 9251.0,
        "q3_ns": 9251.0
      },
      "futex_op_counts": {
        "128": 1
      },
      "first_seen_ts_ns": 1820482759821,
      "last_seen_ts_ns": 1820482759821
    },
    {
      "tgid": 39467,
      "comm": "xhpcg",
      "cgroup_id": 19113,
      "wait_duration_stats_ns": {
        "count": 1.0,
        "sum": 9113.0,
        "mean": 9113.0,
        "median": 9113.0,
        "min": 9113,
        "max": 9113,
        "variance_ns2": null,
        "iqr_ns": 0.0,
        "q1_ns": 9113.0,
        "q3_ns": 9113.0
      },
      "futex_op_counts": {
        "128": 1
      },
      "first_seen_ts_ns": 1820482760756,
      "last_seen_ts_ns": 1820482760756
    },
    {
      "tgid": 39451,
      "comm": "xhpcg",
      "cgroup_id": 19113,
      "wait_duration_stats_ns": {
        "count": 1.0,
        "sum": 8902.0,
        "mean": 8902.0,
        "median": 8902.0,
        "min": 8902,
        "max": 8902,
        "variance_ns2": null,
        "iqr_ns": 0.0,
        "q1_ns": 8902.0,
        "q3_ns": 8902.0
      },
      "futex_op_counts": {
        "128": 1
      },
      "first_seen_ts_ns": 1820482760050,
      "last_seen_ts_ns": 1820482760050
    },
    {
      "tgid": 39346,
      "comm": "xhpcg",
      "cgroup_id": 19113,
      "wait_duration_stats_ns": {
        "count": 1.0,
        "sum": 8688.0,
        "mean": 8688.0,
        "median": 8688.0,
        "min": 8688,
        "max": 8688,
        "variance_ns2": null,
        "iqr_ns": 0.0,
        "q1_ns": 8688.0,
        "q3_ns": 8688.0
      },
      "futex_op_counts": {
        "128": 1
      },
      "first_seen_ts_ns": 1802427359405,
      "last_seen_ts_ns": 1802427359405
    },
    {
      "tgid": 39323,
      "comm": "xhpcg",
      "cgroup_id": 19113,
      "wait_duration_stats_ns": {
        "count": 1.0,
        "sum": 8581.0,
        "mean": 8581.0,
        "median": 8581.0,
        "min": 8581,
        "max": 8581,
        "variance_ns2": null,
        "iqr_ns": 0.0,
        "q1_ns": 8581.0,
        "q3_ns": 8581.0
      },
      "futex_op_counts": {
        "128": 1
      },
      "first_seen_ts_ns": 1802427359506,
      "last_seen_ts_ns": 1802427359506
    },
    {
      "tgid": 39458,
      "comm": "xhpcg",
      "cgroup_id": 19113,
      "wait_duration_stats_ns": {
        "count": 1.0,
        "sum": 7789.0,
        "mean": 7789.0,
        "median": 7789.0,
        "min": 7789,
        "max": 7789,
        "variance_ns2": null,
        "iqr_ns": 0.0,
        "q1_ns": 7789.0,
        "q3_ns": 7789.0
      },
      "futex_op_counts": {
        "128": 1
      },
      "first_seen_ts_ns": 1820482763061,
      "last_seen_ts_ns": 1820482763061
    },
    {
      "tgid": 39460,
      "comm": "xhpcg",
      "cgroup_id": 19113,
      "wait_duration_stats_ns": {
        "count": 1.0,
        "sum": 7605.0,
        "mean": 7605.0,
        "median": 7605.0,
        "min": 7605,
        "max": 7605,
        "variance_ns2": null,
        "iqr_ns": 0.0,
        "q1_ns": 7605.0,
        "q3_ns": 7605.0
      },
      "futex_op_counts": {
        "128": 1
      },
      "first_seen_ts_ns": 1820482770631,
      "last_seen_ts_ns": 1820482770631
    },
    {
      "tgid": 39322,
      "comm": "xhpcg",
      "cgroup_id": 19113,
      "wait_duration_stats_ns": {
        "count": 1.0,
        "sum": 7509.0,
        "mean": 7509.0,
        "median": 7509.0,
        "min": 7509,
        "max": 7509,
        "variance_ns2": null,
        "iqr_ns": 0.0,
        "q1_ns": 7509.0,
        "q3_ns": 7509.0
      },
      "futex_op_counts": {
        "128": 1
      },
      "first_seen_ts_ns": 1802427868544,
      "last_seen_ts_ns": 1802427868544
    },
    {
      "tgid": 39452,
      "comm": "xhpcg",
      "cgroup_id": 19113,
      "wait_duration_stats_ns": {
        "count": 1.0,
        "sum": 7368.0,
        "mean": 7368.0,
        "median": 7368.0,
        "min": 7368,
        "max": 7368,
        "variance_ns2": null,
        "iqr_ns": 0.0,
        "q1_ns": 7368.0,
        "q3_ns": 7368.0
      },
      "futex_op_counts": {
        "128": 1
      },
      "first_seen_ts_ns": 1820482762081,
      "last_seen_ts_ns": 1820482762081
    },
    {
      "tgid": 39586,
      "comm": "xhpcg",
      "cgroup_id": 19113,
      "wait_duration_stats_ns": {
        "count": 1.0,
        "sum": 7291.0,
        "mean": 7291.0,
        "median": 7291.0,
        "min": 7291,
        "max": 7291,
        "variance_ns2": null,
        "iqr_ns": 0.0,
        "q1_ns": 7291.0,
        "q3_ns": 7291.0
      },
      "futex_op_counts": {
        "128": 1
      },
      "first_seen_ts_ns": 1836887261463,
      "last_seen_ts_ns": 1836887261463
    },
    {
      "tgid": 39331,
      "comm": "xhpcg",
      "cgroup_id": 19113,
      "wait_duration_stats_ns": {
        "count": 1.0,
        "sum": 7190.0,
        "mean": 7190.0,
        "median": 7190.0,
        "min": 7190,
        "max": 7190,
        "variance_ns2": null,
        "iqr_ns": 0.0,
        "q1_ns": 7190.0,
        "q3_ns": 7190.0
      },
      "futex_op_counts": {
        "128": 1
      },
      "first_seen_ts_ns": 1802427502800,
      "last_seen_ts_ns": 1802427502800
    },
    {
      "tgid": 39594,
      "comm": "xhpcg",
      "cgroup_id": 19113,
      "wait_duration_stats_ns": {
        "count": 1.0,
        "sum": 7116.0,
        "mean": 7116.0,
        "median": 7116.0,
        "min": 7116,
        "max": 7116,
        "variance_ns2": null,
        "iqr_ns": 0.0,
        "q1_ns": 7116.0,
        "q3_ns": 7116.0
      },
      "futex_op_counts": {
        "128": 1
      },
      "first_seen_ts_ns": 1836887191254,
      "last_seen_ts_ns": 1836887191254
    },
    {
      "tgid": 39593,
      "comm": "xhpcg",
      "cgroup_id": 19113,
      "wait_duration_stats_ns": {
        "count": 1.0,
        "sum": 7099.0,
        "mean": 7099.0,
        "median": 7099.0,
        "min": 7099,
        "max": 7099,
        "variance_ns2": null,
        "iqr_ns": 0.0,
        "q1_ns": 7099.0,
        "q3_ns": 7099.0
      },
      "futex_op_counts": {
        "128": 1
      },
      "first_seen_ts_ns": 1836887572937,
      "last_seen_ts_ns": 1836887572937
    },
    {
      "tgid": 39450,
      "comm": "xhpcg",
      "cgroup_id": 19113,
      "wait_duration_stats_ns": {
        "count": 1.0,
        "sum": 7057.0,
        "mean": 7057.0,
        "median": 7057.0,
        "min": 7057,
        "max": 7057,
        "variance_ns2": null,
        "iqr_ns": 0.0,
        "q1_ns": 7057.0,
        "q3_ns": 7057.0
      },
      "futex_op_counts": {
        "128": 1
      },
      "first_seen_ts_ns": 1820482879609,
      "last_seen_ts_ns": 1820482879609
    },
    {
      "tgid": 39475,
      "comm": "xhpcg",
      "cgroup_id": 19113,
      "wait_duration_stats_ns": {
        "count": 1.0,
        "sum": 7044.0,
        "mean": 7044.0,
        "median": 7044.0,
        "min": 7044,
        "max": 7044,
        "variance_ns2": null,
        "iqr_ns": 0.0,
        "q1_ns": 7044.0,
        "q3_ns": 7044.0
      },
      "futex_op_counts": {
        "128": 1
      },
      "first_seen_ts_ns": 1820482764960,
      "last_seen_ts_ns": 1820482764960
    },
    {
      "tgid": 39341,
      "comm": "xhpcg",
      "cgroup_id": 19113,
      "wait_duration_stats_ns": {
        "count": 1.0,
        "sum": 7039.0,
        "mean": 7039.0,
        "median": 7039.0,
        "min": 7039,
        "max": 7039,
        "variance_ns2": null,
        "iqr_ns": 0.0,
        "q1_ns": 7039.0,
        "q3_ns": 7039.0
      },
      "futex_op_counts": {
        "128": 1
      },
      "first_seen_ts_ns": 1802427911337,
      "last_seen_ts_ns": 1802427911337
    },
    {
      "tgid": 39344,
      "comm": "xhpcg",
      "cgroup_id": 19113,
      "wait_duration_stats_ns": {
        "count": 1.0,
        "sum": 7038.0,
        "mean": 7038.0,
        "median": 7038.0,
        "min": 7038,
        "max": 7038,
        "variance_ns2": null,
        "iqr_ns": 0.0,
        "q1_ns": 7038.0,
        "q3_ns": 7038.0
      },
      "futex_op_counts": {
        "128": 1
      },
      "first_seen_ts_ns": 1802427491684,
      "last_seen_ts_ns": 1802427491684
    },
    {
      "tgid": 39324,
      "comm": "xhpcg",
      "cgroup_id": 19113,
      "wait_duration_stats_ns": {
        "count": 1.0,
        "sum": 7022.0,
        "mean": 7022.0,
        "median": 7022.0,
        "min": 7022,
        "max": 7022,
        "variance_ns2": null,
        "iqr_ns": 0.0,
        "q1_ns": 7022.0,
        "q3_ns": 7022.0
      },
      "futex_op_counts": {
        "128": 1
      },
      "first_seen_ts_ns": 1802427405592,
      "last_seen_ts_ns": 1802427405592
    },
    {
      "tgid": 39338,
      "comm": "xhpcg",
      "cgroup_id": 19113,
      "wait_duration_stats_ns": {
        "count": 1.0,
        "sum": 6993.0,
        "mean": 6993.0,
        "median": 6993.0,
        "min": 6993,
        "max": 6993,
        "variance_ns2": null,
        "iqr_ns": 0.0,
        "q1_ns": 6993.0,
        "q3_ns": 6993.0
      },
      "futex_op_counts": {
        "128": 1
      },
      "first_seen_ts_ns": 1802427467343,
      "last_seen_ts_ns": 1802427467343
    },
    {
      "tgid": 39449,
      "comm": "xhpcg",
      "cgroup_id": 19113,
      "wait_duration_stats_ns": {
        "count": 1.0,
        "sum": 6919.0,
        "mean": 6919.0,
        "median": 6919.0,
        "min": 6919,
        "max": 6919,
        "variance_ns2": null,
        "iqr_ns": 0.0,
        "q1_ns": 6919.0,
        "q3_ns": 6919.0
      },
      "futex_op_counts": {
        "128": 1
      },
      "first_seen_ts_ns": 1820482863411,
      "last_seen_ts_ns": 1820482863411
    },
    {
      "tgid": 39456,
      "comm": "xhpcg",
      "cgroup_id": 19113,
      "wait_duration_stats_ns": {
        "count": 1.0,
        "sum": 6903.0,
        "mean": 6903.0,
        "median": 6903.0,
        "min": 6903,
        "max": 6903,
        "variance_ns2": null,
        "iqr_ns": 0.0,
        "q1_ns": 6903.0,
        "q3_ns": 6903.0
      },
      "futex_op_counts": {
        "128": 1
      },
      "first_seen_ts_ns": 1820483371602,
      "last_seen_ts_ns": 1820483371602
    },
    {
      "tgid": 39605,
      "comm": "xhpcg",
      "cgroup_id": 19113,
      "wait_duration_stats_ns": {
        "count": 1.0,
        "sum": 6868.0,
        "mean": 6868.0,
        "median": 6868.0,
        "min": 6868,
        "max": 6868,
        "variance_ns2": null,
        "iqr_ns": 0.0,
        "q1_ns": 6868.0,
        "q3_ns": 6868.0
      },
      "futex_op_counts": {
        "128": 1
      },
      "first_seen_ts_ns": 1836887304465,
      "last_seen_ts_ns": 1836887304465
    },
    {
      "tgid": 39611,
      "comm": "xhpcg",
      "cgroup_id": 19113,
      "wait_duration_stats_ns": {
        "count": 1.0,
        "sum": 6863.0,
        "mean": 6863.0,
        "median": 6863.0,
        "min": 6863,
        "max": 6863,
        "variance_ns2": null,
        "iqr_ns": 0.0,
        "q1_ns": 6863.0,
        "q3_ns": 6863.0
      },
      "futex_op_counts": {
        "128": 1
      },
      "first_seen_ts_ns": 1836887401637,
      "last_seen_ts_ns": 1836887401637
    },
    {
      "tgid": 39464,
      "comm": "xhpcg",
      "cgroup_id": 19113,
      "wait_duration_stats_ns": {
        "count": 1.0,
        "sum": 6852.0,
        "mean": 6852.0,
        "median": 6852.0,
        "min": 6852,
        "max": 6852,
        "variance_ns2": null,
        "iqr_ns": 0.0,
        "q1_ns": 6852.0,
        "q3_ns": 6852.0
      },
      "futex_op_counts": {
        "128": 1
      },
      "first_seen_ts_ns": 1820482762027,
      "last_seen_ts_ns": 1820482762027
    },
    {
      "tgid": 39350,
      "comm": "xhpcg",
      "cgroup_id": 19113,
      "wait_duration_stats_ns": {
        "count": 1.0,
        "sum": 6817.0,
        "mean": 6817.0,
        "median": 6817.0,
        "min": 6817,
        "max": 6817,
        "variance_ns2": null,
        "iqr_ns": 0.0,
        "q1_ns": 6817.0,
        "q3_ns": 6817.0
      },
      "futex_op_counts": {
        "128": 1
      },
      "first_seen_ts_ns": 1802427387658,
      "last_seen_ts_ns": 1802427387658
    },
    {
      "tgid": 39597,
      "comm": "xhpcg",
      "cgroup_id": 19113,
      "wait_duration_stats_ns": {
        "count": 1.0,
        "sum": 6814.0,
        "mean": 6814.0,
        "median": 6814.0,
        "min": 6814,
        "max": 6814,
        "variance_ns2": null,
        "iqr_ns": 0.0,
        "q1_ns": 6814.0,
        "q3_ns": 6814.0
      },
      "futex_op_counts": {
        "128": 1
      },
      "first_seen_ts_ns": 1836887327908,
      "last_seen_ts_ns": 1836887327908
    },
    {
      "tgid": 39588,
      "comm": "xhpcg",
      "cgroup_id": 19113,
      "wait_duration_stats_ns": {
        "count": 1.0,
        "sum": 6787.0,
        "mean": 6787.0,
        "median": 6787.0,
        "min": 6787,
        "max": 6787,
        "variance_ns2": null,
        "iqr_ns": 0.0,
        "q1_ns": 6787.0,
        "q3_ns": 6787.0
      },
      "futex_op_counts": {
        "128": 1
      },
      "first_seen_ts_ns": 1836887400804,
      "last_seen_ts_ns": 1836887400804
    },
    {
      "tgid": 39326,
      "comm": "xhpcg",
      "cgroup_id": 19113,
      "wait_duration_stats_ns": {
        "count": 1.0,
        "sum": 6772.0,
        "mean": 6772.0,
        "median": 6772.0,
        "min": 6772,
        "max": 6772,
        "variance_ns2": null,
        "iqr_ns": 0.0,
        "q1_ns": 6772.0,
        "q3_ns": 6772.0
      },
      "futex_op_counts": {
        "128": 1
      },
      "first_seen_ts_ns": 1802427882723,
      "last_seen_ts_ns": 1802427882723
    },
    {
      "tgid": 39454,
      "comm": "xhpcg",
      "cgroup_id": 19113,
      "wait_duration_stats_ns": {
        "count": 1.0,
        "sum": 6764.0,
        "mean": 6764.0,
        "median": 6764.0,
        "min": 6764,
        "max": 6764,
        "variance_ns2": null,
        "iqr_ns": 0.0,
        "q1_ns": 6764.0,
        "q3_ns": 6764.0
      },
      "futex_op_counts": {
        "128": 1
      },
      "first_seen_ts_ns": 1820482886079,
      "last_seen_ts_ns": 1820482886079
    },
    {
      "tgid": 39469,
      "comm": "xhpcg",
      "cgroup_id": 19113,
      "wait_duration_stats_ns": {
        "count": 1.0,
        "sum": 6759.0,
        "mean": 6759.0,
        "median": 6759.0,
        "min": 6759,
        "max": 6759,
        "variance_ns2": null,
        "iqr_ns": 0.0,
        "q1_ns": 6759.0,
        "q3_ns": 6759.0
      },
      "futex_op_counts": {
        "128": 1
      },
      "first_seen_ts_ns": 1820483371880,
      "last_seen_ts_ns": 1820483371880
    },
    {
      "tgid": 39590,
      "comm": "xhpcg",
      "cgroup_id": 19113,
      "wait_duration_stats_ns": {
        "count": 1.0,
        "sum": 6757.0,
        "mean": 6757.0,
        "median": 6757.0,
        "min": 6757,
        "max": 6757,
        "variance_ns2": null,
        "iqr_ns": 0.0,
        "q1_ns": 6757.0,
        "q3_ns": 6757.0
      },
      "futex_op_counts": {
        "128": 1
      },
      "first_seen_ts_ns": 1836887404021,
      "last_seen_ts_ns": 1836887404021
    },
    {
      "tgid": 39333,
      "comm": "xhpcg",
      "cgroup_id": 19113,
      "wait_duration_stats_ns": {
        "count": 1.0,
        "sum": 6719.0,
        "mean": 6719.0,
        "median": 6719.0,
        "min": 6719,
        "max": 6719,
        "variance_ns2": null,
        "iqr_ns": 0.0,
        "q1_ns": 6719.0,
        "q3_ns": 6719.0
      },
      "futex_op_counts": {
        "128": 1
      },
      "first_seen_ts_ns": 1802427873988,
      "last_seen_ts_ns": 1802427873988
    },
    {
      "tgid": 39607,
      "comm": "xhpcg",
      "cgroup_id": 19113,
      "wait_duration_stats_ns": {
        "count": 1.0,
        "sum": 6699.0,
        "mean": 6699.0,
        "median": 6699.0,
        "min": 6699,
        "max": 6699,
        "variance_ns2": null,
        "iqr_ns": 0.0,
        "q1_ns": 6699.0,
        "q3_ns": 6699.0
      },
      "futex_op_counts": {
        "128": 1
      },
      "first_seen_ts_ns": 1836887566629,
      "last_seen_ts_ns": 1836887566629
    },
    {
      "tgid": 39601,
      "comm": "xhpcg",
      "cgroup_id": 19113,
      "wait_duration_stats_ns": {
        "count": 1.0,
        "sum": 6681.0,
        "mean": 6681.0,
        "median": 6681.0,
        "min": 6681,
        "max": 6681,
        "variance_ns2": null,
        "iqr_ns": 0.0,
        "q1_ns": 6681.0,
        "q3_ns": 6681.0
      },
      "futex_op_counts": {
        "128": 1
      },
      "first_seen_ts_ns": 1836887123787,
      "last_seen_ts_ns": 1836887123787
    },
    {
      "tgid": 39587,
      "comm": "xhpcg",
      "cgroup_id": 19113,
      "wait_duration_stats_ns": {
        "count": 1.0,
        "sum": 6576.0,
        "mean": 6576.0,
        "median": 6576.0,
        "min": 6576,
        "max": 6576,
        "variance_ns2": null,
        "iqr_ns": 0.0,
        "q1_ns": 6576.0,
        "q3_ns": 6576.0
      },
      "futex_op_counts": {
        "128": 1
      },
      "first_seen_ts_ns": 1836887398748,
      "last_seen_ts_ns": 1836887398748
    },
    {
      "tgid": 39325,
      "comm": "xhpcg",
      "cgroup_id": 19113,
      "wait_duration_stats_ns": {
        "count": 1.0,
        "sum": 6516.0,
        "mean": 6516.0,
        "median": 6516.0,
        "min": 6516,
        "max": 6516,
        "variance_ns2": null,
        "iqr_ns": 0.0,
        "q1_ns": 6516.0,
        "q3_ns": 6516.0
      },
      "futex_op_counts": {
        "128": 1
      },
      "first_seen_ts_ns": 1802427883667,
      "last_seen_ts_ns": 1802427883667
    },
    {
      "tgid": 39602,
      "comm": "xhpcg",
      "cgroup_id": 19113,
      "wait_duration_stats_ns": {
        "count": 1.0,
        "sum": 6508.0,
        "mean": 6508.0,
        "median": 6508.0,
        "min": 6508,
        "max": 6508,
        "variance_ns2": null,
        "iqr_ns": 0.0,
        "q1_ns": 6508.0,
        "q3_ns": 6508.0
      },
      "futex_op_counts": {
        "128": 1
      },
      "first_seen_ts_ns": 1836887564241,
      "last_seen_ts_ns": 1836887564241
    },
    {
      "tgid": 39335,
      "comm": "xhpcg",
      "cgroup_id": 19113,
      "wait_duration_stats_ns": {
        "count": 1.0,
        "sum": 6503.0,
        "mean": 6503.0,
        "median": 6503.0,
        "min": 6503,
        "max": 6503,
        "variance_ns2": null,
        "iqr_ns": 0.0,
        "q1_ns": 6503.0,
        "q3_ns": 6503.0
      },
      "futex_op_counts": {
        "128": 1
      },
      "first_seen_ts_ns": 1802427915765,
      "last_seen_ts_ns": 1802427915765
    },
    {
      "tgid": 39329,
      "comm": "xhpcg",
      "cgroup_id": 19113,
      "wait_duration_stats_ns": {
        "count": 1.0,
        "sum": 6491.0,
        "mean": 6491.0,
        "median": 6491.0,
        "min": 6491,
        "max": 6491,
        "variance_ns2": null,
        "iqr_ns": 0.0,
        "q1_ns": 6491.0,
        "q3_ns": 6491.0
      },
      "futex_op_counts": {
        "128": 1
      },
      "first_seen_ts_ns": 1802427912488,
      "last_seen_ts_ns": 1802427912488
    },
    {
      "tgid": 39609,
      "comm": "xhpcg",
      "cgroup_id": 19113,
      "wait_duration_stats_ns": {
        "count": 1.0,
        "sum": 6439.0,
        "mean": 6439.0,
        "median": 6439.0,
        "min": 6439,
        "max": 6439,
        "variance_ns2": null,
        "iqr_ns": 0.0,
        "q1_ns": 6439.0,
        "q3_ns": 6439.0
      },
      "futex_op_counts": {
        "128": 1
      },
      "first_seen_ts_ns": 1836887566996,
      "last_seen_ts_ns": 1836887566996
    },
    {
      "tgid": 39613,
      "comm": "xhpcg",
      "cgroup_id": 19113,
      "wait_duration_stats_ns": {
        "count": 1.0,
        "sum": 6396.0,
        "mean": 6396.0,
        "median": 6396.0,
        "min": 6396,
        "max": 6396,
        "variance_ns2": null,
        "iqr_ns": 0.0,
        "q1_ns": 6396.0,
        "q3_ns": 6396.0
      },
      "futex_op_counts": {
        "128": 1
      },
      "first_seen_ts_ns": 1836887368669,
      "last_seen_ts_ns": 1836887368669
    },
    {
      "tgid": 39473,
      "comm": "xhpcg",
      "cgroup_id": 19113,
      "wait_duration_stats_ns": {
        "count": 1.0,
        "sum": 6372.0,
        "mean": 6372.0,
        "median": 6372.0,
        "min": 6372,
        "max": 6372,
        "variance_ns2": null,
        "iqr_ns": 0.0,
        "q1_ns": 6372.0,
        "q3_ns": 6372.0
      },
      "futex_op_counts": {
        "128": 1
      },
      "first_seen_ts_ns": 1820482887195,
      "last_seen_ts_ns": 1820482887195
    },
    {
      "tgid": 39339,
      "comm": "xhpcg",
      "cgroup_id": 19113,
      "wait_duration_stats_ns": {
        "count": 1.0,
        "sum": 6312.0,
        "mean": 6312.0,
        "median": 6312.0,
        "min": 6312,
        "max": 6312,
        "variance_ns2": null,
        "iqr_ns": 0.0,
        "q1_ns": 6312.0,
        "q3_ns": 6312.0
      },
      "futex_op_counts": {
        "128": 1
      },
      "first_seen_ts_ns": 1802427395825,
      "last_seen_ts_ns": 1802427395825
    },
    {
      "tgid": 39462,
      "comm": "xhpcg",
      "cgroup_id": 19113,
      "wait_duration_stats_ns": {
        "count": 1.0,
        "sum": 6224.0,
        "mean": 6224.0,
        "median": 6224.0,
        "min": 6224,
        "max": 6224,
        "variance_ns2": null,
        "iqr_ns": 0.0,
        "q1_ns": 6224.0,
        "q3_ns": 6224.0
      },
      "futex_op_counts": {
        "128": 1
      },
      "first_seen_ts_ns": 1820483367189,
      "last_seen_ts_ns": 1820483367189
    },
    {
      "tgid": 39599,
      "comm": "xhpcg",
      "cgroup_id": 19113,
      "wait_duration_stats_ns": {
        "count": 1.0,
        "sum": 6190.0,
        "mean": 6190.0,
        "median": 6190.0,
        "min": 6190,
        "max": 6190,
        "variance_ns2": null,
        "iqr_ns": 0.0,
        "q1_ns": 6190.0,
        "q3_ns": 6190.0
      },
      "futex_op_counts": {
        "128": 1
      },
      "first_seen_ts_ns": 1836887436962,
      "last_seen_ts_ns": 1836887436962
    }
  ]
}
[04:02:07] Cleanup complete.
