unlimited
PROGRAM: cpu
Looking for /opt/programs/cpu/ebpf-collect.c
[21:24:23] Waiting for start indicator file: '/mnt/flux/start_ebpf_collection'.
[21:24:29] Start indicator found. Proceeding with monitoring.
[21:24:29] Initializing eBPF for CPU Scheduling monitoring...
[21:24:30] BPF C code compiled and loaded.
[21:24:30] Attached tracepoints.
[21:24:30] Monitoring CPU scheduling events (polling aggregated map)... Press Ctrl+C to stop.
[21:25:39] Stop indicator file '/mnt/flux/stop_ebpf_collection' found. Stopping.
[21:25:39] Initiating cleanup sequence...
{
  "final_aggregated_summary_river": [
    {
      "tgid": 93,
      "comm": "python3",
      "cgroup_id": 67834,
      "on_cpu_stats_ns": {
        "count": 510.0,
        "sum_ns": 28243790.777777765,
        "mean_ns": 55379.981917211306,
        "median_ns": 33620.722463972816,
        "min_ns": 3992.0,
        "max_ns": 1805383.0,
        "variance_ns2": 10700855833.318903,
        "iqr_ns": 84118.01772851923,
        "q1_ns": 13703.911740399082,
        "q3_ns": 97821.92946891832
      },
      "runq_latency_stats_ns": {
        "count": 510.0,
        "sum_ns": 13239971.000000004,
        "mean_ns": 25960.7274509804,
        "median_ns": 14952.73805206191,
        "min_ns": 727.0,
        "max_ns": 888265.0,
        "variance_ns2": 3741085815.679012,
        "iqr_ns": 35537.06706737752,
        "q1_ns": 6709.400597531475,
        "q3_ns": 42246.46766490899
      },
      "first_seen_ts_ns": 1749849870436071776,
      "last_seen_ts_ns": 1749849939095136941,
      "duration_active_s": 68.659065165
    },
    {
      "tgid": 231,
      "comm": "python3",
      "cgroup_id": 67918,
      "on_cpu_stats_ns": {
        "count": 518.0,
        "sum_ns": 27276833.083333362,
        "mean_ns": 52657.97892535398,
        "median_ns": 24190.112864132792,
        "min_ns": 3784.0,
        "max_ns": 484214.5,
        "variance_ns2": 4417607576.059959,
        "iqr_ns": 54165.98680517347,
        "q1_ns": 17670.145217617694,
        "q3_ns": 71836.13202279116
      },
      "runq_latency_stats_ns": {
        "count": 518.0,
        "sum_ns": 15606944.833333332,
        "mean_ns": 30129.237129987127,
        "median_ns": 15956.930819651132,
        "min_ns": 768.0,
        "max_ns": 1672893.0,
        "variance_ns2": 7452444430.53688,
        "iqr_ns": 26623.295822872515,
        "q1_ns": 6933.81490269298,
        "q3_ns": 33557.11072556549
      },
      "first_seen_ts_ns": 1749849870436071776,
      "last_seen_ts_ns": 1749849939095136941,
      "duration_active_s": 68.659065165
    },
    {
      "tgid": 183,
      "comm": "flux-broker-0",
      "cgroup_id": 68002,
      "on_cpu_stats_ns": {
        "count": 101.0,
        "sum_ns": 6096510.5,
        "mean_ns": 60361.4900990099,
        "median_ns": 24454.891658708133,
        "min_ns": 4347.0,
        "max_ns": 647571.0,
        "variance_ns2": 7283533574.3899,
        "iqr_ns": 48631.652202731384,
        "q1_ns": 17198.88120293727,
        "q3_ns": 65830.53340566866
      },
      "runq_latency_stats_ns": {
        "count": 101.0,
        "sum_ns": 2608992.0,
        "mean_ns": 25831.60396039604,
        "median_ns": 15139.486771326074,
        "min_ns": 769.0,
        "max_ns": 585238.0,
        "variance_ns2": 3669552762.7965827,
        "iqr_ns": 12257.211697446692,
        "q1_ns": 5848.7582976687945,
        "q3_ns": 18105.969995115487
      },
      "first_seen_ts_ns": 1749849870551260033,
      "last_seen_ts_ns": 1749849938991485470,
      "duration_active_s": 68.440225437
    },
    {
      "tgid": 183,
      "comm": "ZMQbg/IO/0",
      "cgroup_id": 68002,
      "on_cpu_stats_ns": {
        "count": 16.0,
        "sum_ns": 1783201.0000000002,
        "mean_ns": 111450.06250000001,
        "median_ns": 91895.74668367347,
        "min_ns": 32487.0,
        "max_ns": 595486.0,
        "variance_ns2": 17783397783.1625,
        "iqr_ns": 68736.66906231629,
        "q1_ns": 44883.16704879483,
        "q3_ns": 113619.83611111112
      },
      "runq_latency_stats_ns": {
        "count": 16.0,
        "sum_ns": 1029773.9999999998,
        "mean_ns": 64360.874999999985,
        "median_ns": 21541.188756613756,
        "min_ns": 2813.0,
        "max_ns": 684245.0,
        "variance_ns2": 27885892292.65,
        "iqr_ns": 83374.04554398147,
        "q1_ns": 7631.065567129628,
        "q3_ns": 91005.1111111111
      },
      "first_seen_ts_ns": 1749849870551260033,
      "last_seen_ts_ns": 1749849932989400014,
      "duration_active_s": 62.438139981
    },
    {
      "tgid": 40,
      "comm": "bash",
      "cgroup_id": 67918,
      "on_cpu_stats_ns": {
        "count": 15.0,
        "sum_ns": 1540809.5000000002,
        "mean_ns": 102720.63333333335,
        "median_ns": 109462.63802290011,
        "min_ns": 17374.0,
        "max_ns": 172053.0,
        "variance_ns2": 2822889499.37381,
        "iqr_ns": 79569.62160243973,
        "q1_ns": 71606.51855232217,
        "q3_ns": 151176.1401547619
      },
      "runq_latency_stats_ns": {
        "count": 15.0,
        "sum_ns": 549281.5,
        "mean_ns": 36618.76666666667,
        "median_ns": 29350.04380952381,
        "min_ns": 4771.0,
        "max_ns": 95828.0,
        "variance_ns2": 986412844.8166667,
        "iqr_ns": 57939.80493055556,
        "q1_ns": 14749.750625,
        "q3_ns": 72689.55555555556
      },
      "first_seen_ts_ns": 1749849870771307594,
      "last_seen_ts_ns": 1749849932129555187,
      "duration_active_s": 61.358247593
    },
    {
      "tgid": 337,
      "comm": "xhpcg",
      "cgroup_id": 68002,
      "on_cpu_stats_ns": {
        "count": 39.0,
        "sum_ns": 885426.0000000001,
        "mean_ns": 22703.230769230773,
        "median_ns": 21576.517875430636,
        "min_ns": 6149.0,
        "max_ns": 43395.0,
        "variance_ns2": 112109678.81376518,
        "iqr_ns": 17315.868395068872,
        "q1_ns": 14730.176760180695,
        "q3_ns": 32046.045155249565
      },
      "runq_latency_stats_ns": {
        "count": 39.0,
        "sum_ns": 430045.0,
        "mean_ns": 11026.794871794871,
        "median_ns": 6397.885077857618,
        "min_ns": 1529.0,
        "max_ns": 102817.0,
        "variance_ns2": 273503044.5883939,
        "iqr_ns": 4854.825929302765,
        "q1_ns": 5549.013226884296,
        "q3_ns": 10403.839156187061
      },
      "first_seen_ts_ns": 1749849870661326777,
      "last_seen_ts_ns": 1749849890671903508,
      "duration_active_s": 20.010576731
    },
    {
      "tgid": 349,
      "comm": "xhpcg",
      "cgroup_id": 68002,
      "on_cpu_stats_ns": {
        "count": 49.0,
        "sum_ns": 622161.3690476189,
        "mean_ns": 12697.170796890183,
        "median_ns": 11765.046424636112,
        "min_ns": 4516.25,
        "max_ns": 28205.0,
        "variance_ns2": 26059024.564536095,
        "iqr_ns": 5943.944260373606,
        "q1_ns": 9031.883473869142,
        "q3_ns": 14975.827734242748
      },
      "runq_latency_stats_ns": {
        "count": 49.0,
        "sum_ns": 291420.0178571429,
        "mean_ns": 5947.347303206998,
        "median_ns": 5371.549807976289,
        "min_ns": 1488.875,
        "max_ns": 15565.42857142857,
        "variance_ns2": 7908729.9210889535,
        "iqr_ns": 3298.1394719136124,
        "q1_ns": 4025.152408493612,
        "q3_ns": 7323.291880407224
      },
      "first_seen_ts_ns": 1749849872731241346,
      "last_seen_ts_ns": 1749849883987257235,
      "duration_active_s": 11.256015889
    },
    {
      "tgid": 1,
      "comm": "pause",
      "cgroup_id": 67582,
      "on_cpu_stats_ns": {
        "count": 2.0,
        "sum_ns": 527571.0793650794,
        "mean_ns": 263785.5396825397,
        "median_ns": 337731.85714285716,
        "min_ns": 189839.22222222222,
        "max_ns": 337731.85714285716,
        "variance_ns2": 10936115731.884102,
        "iqr_ns": 147892.63492063494,
        "q1_ns": 189839.22222222222,
        "q3_ns": 337731.85714285716
      },
      "runq_latency_stats_ns": {
        "count": 2.0,
        "sum_ns": 6569.492063492063,
        "mean_ns": 3284.7460317460313,
        "median_ns": 5705.777777777777,
        "min_ns": 863.7142857142857,
        "max_ns": 5705.777777777777,
        "variance_ns2": 11722789.430587048,
        "iqr_ns": 4842.063492063492,
        "q1_ns": 863.7142857142857,
        "q3_ns": 5705.777777777777
      },
      "first_seen_ts_ns": 1749849911265279055,
      "last_seen_ts_ns": 1749849939095136941,
      "duration_active_s": 27.829857886
    },
    {
      "tgid": 319,
      "comm": "python3",
      "cgroup_id": 68002,
      "on_cpu_stats_ns": {
        "count": 8.0,
        "sum_ns": 465141.83333333343,
        "mean_ns": 58142.72916666668,
        "median_ns": 79494.94444444444,
        "min_ns": 16201.0,
        "max_ns": 129079.5,
        "variance_ns2": 1798615970.8725202,
        "iqr_ns": 38531.20486111111,
        "q1_ns": 45694.79513888889,
        "q3_ns": 84226.0
      },
      "runq_latency_stats_ns": {
        "count": 8.0,
        "sum_ns": 456381.66666666674,
        "mean_ns": 57047.70833333334,
        "median_ns": 38413.92592592593,
        "min_ns": 2572.6666666666665,
        "max_ns": 144688.0,
        "variance_ns2": 3516082385.156746,
        "iqr_ns": 62629.73765432098,
        "q1_ns": 13428.262345679013,
        "q3_ns": 76058.0
      },
      "first_seen_ts_ns": 1749849870436071776,
      "last_seen_ts_ns": 1749849871511296604,
      "duration_active_s": 1.075224828
    },
    {
      "tgid": 325,
      "comm": "xhpcg",
      "cgroup_id": 68002,
      "on_cpu_stats_ns": {
        "count": 4.0,
        "sum_ns": 365040.0,
        "mean_ns": 91260.0,
        "median_ns": 109594.0,
        "min_ns": 49244.0,
        "max_ns": 137724.0,
        "variance_ns2": 1593134210.6666667,
        "iqr_ns": 69246.0,
        "q1_ns": 68478.0,
        "q3_ns": 137724.0
      },
      "runq_latency_stats_ns": {
        "count": 4.0,
        "sum_ns": 190539.0,
        "mean_ns": 47634.75,
        "median_ns": 63272.0,
        "min_ns": 4002.0,
        "max_ns": 67541.0,
        "variance_ns2": 870011738.25,
        "iqr_ns": 11817.0,
        "q1_ns": 55724.0,
        "q3_ns": 67541.0
      },
      "first_seen_ts_ns": 1749849870661326777,
      "last_seen_ts_ns": 1749849871511296604,
      "duration_active_s": 0.849969827
    },
    {
      "tgid": 183,
      "comm": "ZMQbg/Reaper",
      "cgroup_id": 68002,
      "on_cpu_stats_ns": {
        "count": 20.0,
        "sum_ns": 340502.5,
        "mean_ns": 17025.125,
        "median_ns": 18645.61360987103,
        "min_ns": 4337.0,
        "max_ns": 27247.0,
        "variance_ns2": 48044456.207236834,
        "iqr_ns": 10451.831205416194,
        "q1_ns": 12112.639162887379,
        "q3_ns": 22564.470368303573
      },
      "runq_latency_stats_ns": {
        "count": 20.0,
        "sum_ns": 210893.5,
        "mean_ns": 10544.675,
        "median_ns": 10929.610881696428,
        "min_ns": 1451.0,
        "max_ns": 19510.0,
        "variance_ns2": 32716484.53355264,
        "iqr_ns": 9482.416535344035,
        "q1_ns": 5537.067824074074,
        "q3_ns": 15019.48435941811
      },
      "first_seen_ts_ns": 1749849871511296604,
      "last_seen_ts_ns": 1749849935433069285,
      "duration_active_s": 63.921772681
    },
    {
      "tgid": 330,
      "comm": "xhpcg",
      "cgroup_id": 68002,
      "on_cpu_stats_ns": {
        "count": 5.0,
        "sum_ns": 313077.0,
        "mean_ns": 62615.4,
        "median_ns": 33586.0,
        "min_ns": 13285.0,
        "max_ns": 164378.0,
        "variance_ns2": 3631191095.8,
        "iqr_ns": 35188.0,
        "q1_ns": 33320.0,
        "q3_ns": 68508.0
      },
      "runq_latency_stats_ns": {
        "count": 5.0,
        "sum_ns": 230452.99999999994,
        "mean_ns": 46090.59999999999,
        "median_ns": 43946.0,
        "min_ns": 6444.0,
        "max_ns": 114473.0,
        "variance_ns2": 1780419209.7999997,
        "iqr_ns": 32110.0,
        "q1_ns": 16740.0,
        "q3_ns": 48850.0
      },
      "first_seen_ts_ns": 1749849870771307594,
      "last_seen_ts_ns": 1749849871511296604,
      "duration_active_s": 0.73998901
    },
    {
      "tgid": 324,
      "comm": "xhpcg",
      "cgroup_id": 68002,
      "on_cpu_stats_ns": {
        "count": 6.0,
        "sum_ns": 117186.33333333333,
        "mean_ns": 19531.055555555555,
        "median_ns": 17103.0,
        "min_ns": 14217.0,
        "max_ns": 25333.0,
        "variance_ns2": 18887208.55185185,
        "iqr_ns": 0.0,
        "q1_ns": 17103.0,
        "q3_ns": 17103.0
      },
      "runq_latency_stats_ns": {
        "count": 6.0,
        "sum_ns": 75524.33333333333,
        "mean_ns": 12587.388888888889,
        "median_ns": 13394.0,
        "min_ns": 2641.3333333333335,
        "max_ns": 16585.0,
        "variance_ns2": 25795648.507407416,
        "iqr_ns": 0.0,
        "q1_ns": 13394.0,
        "q3_ns": 13394.0
      },
      "first_seen_ts_ns": 1749849870436071776,
      "last_seen_ts_ns": 1749849887481294486,
      "duration_active_s": 17.04522271
    },
    {
      "tgid": 323,
      "comm": "xhpcg",
      "cgroup_id": 68002,
      "on_cpu_stats_ns": {
        "count": 6.0,
        "sum_ns": 111823.6,
        "mean_ns": 18637.266666666666,
        "median_ns": 17285.0,
        "min_ns": 13437.0,
        "max_ns": 25572.0,
        "variance_ns2": 18508336.90666666,
        "iqr_ns": 0.0,
        "q1_ns": 17285.0,
        "q3_ns": 17285.0
      },
      "runq_latency_stats_ns": {
        "count": 6.0,
        "sum_ns": 81279.2,
        "mean_ns": 13546.533333333333,
        "median_ns": 14804.0,
        "min_ns": 2332.2,
        "max_ns": 20900.0,
        "variance_ns2": 39421080.34666668,
        "iqr_ns": 661.0,
        "q1_ns": 14804.0,
        "q3_ns": 15465.0
      },
      "first_seen_ts_ns": 1749849870436071776,
      "last_seen_ts_ns": 1749849887481294486,
      "duration_active_s": 17.04522271
    }
  ]
}
[21:25:39] Cleanup complete. Exiting.
