

32 32 32
15
chmod: cannot access './wait-fs': No such file or directory
mv: cannot stat './wait-fs': No such file or directory
ln: failed to create symbolic link '/mnt/flux/view/lib/python': File exists
ln: failed to create symbolic link '/mnt/flux/view/lib/python3': File exists
#!/bin/bash
set -euo pipefail
flux resource list
echo "The parent process ID is: $PPID"          
echo "The execution parent process ID is: $$"         
CGROUP_PATH_LINE=$(cat "/proc/$$/cgroup")
echo 
CGROUP_V2_PATH=${CGROUP_PATH_LINE:3}
ACTUAL_CGROUP_DIR="/sys/fs/cgroup${CGROUP_V2_PATH}"
TARGET_CGROUP_ID=$(stat -c '%i' $ACTUAL_CGROUP_DIR)
echo "The cgroup id is $TARGET_CGROUP_ID"
echo -n $TARGET_CGROUP_ID > /mnt/flux/cgroup-id.txt
sleep 5
flux exec -r all touch /mnt/flux/start_ebpf_collection
for i in {1..3}
do
  echo "FLUX-RUN START hpcg-iter-$i"
  flux run --setattr=user.study_id=hpcg-iter-$i -N1 -n 32 -o cpu-affinity=per-task -o gpu-affinity=off     /opt/hpcg/xhpcg
  
   echo "FLUX-RUN END hpcg-iter-$i"
done

  echo "FLUX-RESULTS START"
  cat hpcg*.txt
  echo "HPCG-BENCHMARKS"
  cat HPCG-Benchmark*.txt
  echo "FLUX-RESULTS END"

output=./results/${app}
(apt-get update > /dev/null 2>&1 && apt-get install -y jq > /dev/null 2>&1) || (yum update -y > /dev/null 2>&1 && yum install -y jq > /dev/null 2>&1)
mkdir -p $output
for jobid in $(flux jobs -a --json | jq -r .jobs[].id); do
    echo
    study_id=$(flux job info $jobid jobspec | jq -r ".attributes.user.study_id")
    echo "FLUX-JOB START ${jobid} ${study_id}"
    echo "FLUX-JOB-JOBSPEC START"
    flux job info $jobid jobspec
    echo "FLUX-JOB-JOBSPEC END" 
    
    echo "FLUX-JOB-RESOURCES START"
    flux job info ${jobid} R
    echo "FLUX-JOB-RESOURCES END"
    echo "FLUX-JOB-EVENTLOG START" 
    flux job info $jobid guest.exec.eventlog
    echo "FLUX-JOB-EVENTLOG END" 
    echo "FLUX-JOB END ${jobid} ${study_id}"
done
echo "FLUX JOB STATS"
flux job stats 

     STATE NNODES   NCORES    NGPUS NODELIST
      free      1       32        0 hpcg-0
 allocated      0        0        0 
      down      0        0        0 
The parent process ID is: 151
The execution parent process ID is: 247

The cgroup id is 22979
FLUX-RUN START hpcg-iter-1
FLUX-RUN END hpcg-iter-1
FLUX-RUN START hpcg-iter-2
FLUX-RUN END hpcg-iter-2
FLUX-RUN START hpcg-iter-3
FLUX-RUN END hpcg-iter-3
FLUX-RESULTS START
WARNING: PERFORMING UNPRECONDITIONED ITERATIONS
Call [0] Number of Iterations [11] Scaled Residual [7.90909e-14]
WARNING: PERFORMING UNPRECONDITIONED ITERATIONS
Call [1] Number of Iterations [11] Scaled Residual [7.90909e-14]
Call [0] Number of Iterations [2] Scaled Residual [6.18719e-17]
Call [1] Number of Iterations [2] Scaled Residual [6.18719e-17]
Departure from symmetry (scaled) for SpMV abs(x'*A*y - y'*A*x) = 3.01928e-08
Departure from symmetry (scaled) for MG abs(x'*Minv*y - y'*Minv*x) = 7.5482e-09
SpMV call [0] Residual [0]
SpMV call [1] Residual [0]
Call [0] Scaled Residual [4.80215e-08]
Call [1] Scaled Residual [4.80215e-08]
Call [2] Scaled Residual [4.80215e-08]
Call [3] Scaled Residual [4.80215e-08]
Call [4] Scaled Residual [4.80215e-08]
Call [5] Scaled Residual [4.80215e-08]
Call [6] Scaled Residual [4.80215e-08]
Call [7] Scaled Residual [4.80215e-08]
Call [8] Scaled Residual [4.80215e-08]
Call [9] Scaled Residual [4.80215e-08]
Call [10] Scaled Residual [4.80215e-08]
Call [11] Scaled Residual [4.80215e-08]
Call [12] Scaled Residual [4.80215e-08]
Call [13] Scaled Residual [4.80215e-08]
Call [14] Scaled Residual [4.80215e-08]
Call [15] Scaled Residual [4.80215e-08]
Call [16] Scaled Residual [4.80215e-08]
Call [17] Scaled Residual [4.80215e-08]
Call [18] Scaled Residual [4.80215e-08]
Call [19] Scaled Residual [4.80215e-08]
Call [20] Scaled Residual [4.80215e-08]
Call [21] Scaled Residual [4.80215e-08]
WARNING: PERFORMING UNPRECONDITIONED ITERATIONS
Call [0] Number of Iterations [11] Scaled Residual [7.90909e-14]
WARNING: PERFORMING UNPRECONDITIONED ITERATIONS
Call [1] Number of Iterations [11] Scaled Residual [7.90909e-14]
Call [0] Number of Iterations [2] Scaled Residual [6.18719e-17]
Call [1] Number of Iterations [2] Scaled Residual [6.18719e-17]
Departure from symmetry (scaled) for SpMV abs(x'*A*y - y'*A*x) = 3.01928e-08
Departure from symmetry (scaled) for MG abs(x'*Minv*y - y'*Minv*x) = 7.5482e-09
SpMV call [0] Residual [0]
SpMV call [1] Residual [0]
Call [0] Scaled Residual [4.80215e-08]
Call [1] Scaled Residual [4.80215e-08]
Call [2] Scaled Residual [4.80215e-08]
Call [3] Scaled Residual [4.80215e-08]
Call [4] Scaled Residual [4.80215e-08]
Call [5] Scaled Residual [4.80215e-08]
Call [6] Scaled Residual [4.80215e-08]
Call [7] Scaled Residual [4.80215e-08]
Call [8] Scaled Residual [4.80215e-08]
Call [9] Scaled Residual [4.80215e-08]
Call [10] Scaled Residual [4.80215e-08]
Call [11] Scaled Residual [4.80215e-08]
Call [12] Scaled Residual [4.80215e-08]
Call [13] Scaled Residual [4.80215e-08]
Call [14] Scaled Residual [4.80215e-08]
Call [15] Scaled Residual [4.80215e-08]
Call [16] Scaled Residual [4.80215e-08]
Call [17] Scaled Residual [4.80215e-08]
Call [18] Scaled Residual [4.80215e-08]
Call [19] Scaled Residual [4.80215e-08]
Call [20] Scaled Residual [4.80215e-08]
Call [21] Scaled Residual [4.80215e-08]
Call [22] Scaled Residual [4.80215e-08]
WARNING: PERFORMING UNPRECONDITIONED ITERATIONS
Call [0] Number of Iterations [11] Scaled Residual [7.90909e-14]
WARNING: PERFORMING UNPRECONDITIONED ITERATIONS
Call [1] Number of Iterations [11] Scaled Residual [7.90909e-14]
Call [0] Number of Iterations [2] Scaled Residual [6.18719e-17]
Call [1] Number of Iterations [2] Scaled Residual [6.18719e-17]
Departure from symmetry (scaled) for SpMV abs(x'*A*y - y'*A*x) = 3.01928e-08
Departure from symmetry (scaled) for MG abs(x'*Minv*y - y'*Minv*x) = 7.5482e-09
SpMV call [0] Residual [0]
SpMV call [1] Residual [0]
Call [0] Scaled Residual [4.80215e-08]
Call [1] Scaled Residual [4.80215e-08]
Call [2] Scaled Residual [4.80215e-08]
Call [3] Scaled Residual [4.80215e-08]
Call [4] Scaled Residual [4.80215e-08]
Call [5] Scaled Residual [4.80215e-08]
Call [6] Scaled Residual [4.80215e-08]
Call [7] Scaled Residual [4.80215e-08]
Call [8] Scaled Residual [4.80215e-08]
Call [9] Scaled Residual [4.80215e-08]
Call [10] Scaled Residual [4.80215e-08]
Call [11] Scaled Residual [4.80215e-08]
Call [12] Scaled Residual [4.80215e-08]
Call [13] Scaled Residual [4.80215e-08]
Call [14] Scaled Residual [4.80215e-08]
Call [15] Scaled Residual [4.80215e-08]
Call [16] Scaled Residual [4.80215e-08]
Call [17] Scaled Residual [4.80215e-08]
Call [18] Scaled Residual [4.80215e-08]
Call [19] Scaled Residual [4.80215e-08]
Call [20] Scaled Residual [4.80215e-08]
Call [21] Scaled Residual [4.80215e-08]
Call [22] Scaled Residual [4.80215e-08]
Call [23] Scaled Residual [4.80215e-08]
HPCG-BENCHMARKS
HPCG-Benchmark
version=3.1
Release date=March 28, 2019
Machine Summary=
Machine Summary::Distributed Processes=32
Machine Summary::Threads per processes=1
Global Problem Dimensions=
Global Problem Dimensions::Global nx=128
Global Problem Dimensions::Global ny=128
Global Problem Dimensions::Global nz=64
Processor Dimensions=
Processor Dimensions::npx=4
Processor Dimensions::npy=4
Processor Dimensions::npz=2
Local Domain Dimensions=
Local Domain Dimensions::nx=32
Local Domain Dimensions::ny=32
Local Domain Dimensions::Lower ipz=0
Local Domain Dimensions::Upper ipz=1
Local Domain Dimensions::nz=32
########## Problem Summary  ##########=
Setup Information=
Setup Information::Setup Time=0.0581762
Linear System Information=
Linear System Information::Number of Equations=1048576
Linear System Information::Number of Nonzero Terms=27725560
Multigrid Information=
Multigrid Information::Number of coarse grid levels=3
Multigrid Information::Coarse Grids=
Multigrid Information::Coarse Grids::Grid Level=1
Multigrid Information::Coarse Grids::Number of Equations=131072
Multigrid Information::Coarse Grids::Number of Nonzero Terms=3393400
Multigrid Information::Coarse Grids::Number of Presmoother Steps=1
Multigrid Information::Coarse Grids::Number of Postsmoother Steps=1
Multigrid Information::Coarse Grids::Grid Level=2
Multigrid Information::Coarse Grids::Number of Equations=16384
Multigrid Information::Coarse Grids::Number of Nonzero Terms=406456
Multigrid Information::Coarse Grids::Number of Presmoother Steps=1
Multigrid Information::Coarse Grids::Number of Postsmoother Steps=1
Multigrid Information::Coarse Grids::Grid Level=3
Multigrid Information::Coarse Grids::Number of Equations=2048
Multigrid Information::Coarse Grids::Number of Nonzero Terms=46552
Multigrid Information::Coarse Grids::Number of Presmoother Steps=1
Multigrid Information::Coarse Grids::Number of Postsmoother Steps=1
########## Memory Use Summary  ##########=
Memory Use Information=
Memory Use Information::Total memory used for data (Gbytes)=0.751605
Memory Use Information::Memory used for OptimizeProblem data (Gbytes)=0
Memory Use Information::Bytes per equation (Total memory / Number of Equations)=716.786
Memory Use Information::Memory used for linear system and CG (Gbytes)=0.661177
Memory Use Information::Coarse Grids=
Memory Use Information::Coarse Grids::Grid Level=1
Memory Use Information::Coarse Grids::Memory used=0.0792029
Memory Use Information::Coarse Grids::Grid Level=2
Memory Use Information::Coarse Grids::Memory used=0.00996105
Memory Use Information::Coarse Grids::Grid Level=3
Memory Use Information::Coarse Grids::Memory used=0.00126337
########## V&V Testing Summary  ##########=
Spectral Convergence Tests=
Spectral Convergence Tests::Result=PASSED
Spectral Convergence Tests::Unpreconditioned=
Spectral Convergence Tests::Unpreconditioned::Maximum iteration count=11
Spectral Convergence Tests::Unpreconditioned::Expected iteration count=12
Spectral Convergence Tests::Preconditioned=
Spectral Convergence Tests::Preconditioned::Maximum iteration count=2
Spectral Convergence Tests::Preconditioned::Expected iteration count=2
Departure from Symmetry |x'Ay-y'Ax|/(2*||x||*||A||*||y||)/epsilon=
Departure from Symmetry |x'Ay-y'Ax|/(2*||x||*||A||*||y||)/epsilon::Result=PASSED
Departure from Symmetry |x'Ay-y'Ax|/(2*||x||*||A||*||y||)/epsilon::Departure for SpMV=3.01928e-08
Departure from Symmetry |x'Ay-y'Ax|/(2*||x||*||A||*||y||)/epsilon::Departure for MG=7.5482e-09
########## Iterations Summary  ##########=
Iteration Count Information=
Iteration Count Information::Result=PASSED
Iteration Count Information::Reference CG iterations per set=50
Iteration Count Information::Optimized CG iterations per set=50
Iteration Count Information::Total number of reference iterations=1100
Iteration Count Information::Total number of optimized iterations=1100
########## Reproducibility Summary  ##########=
Reproducibility Information=
Reproducibility Information::Result=PASSED
Reproducibility Information::Scaled residual mean=4.80215e-08
Reproducibility Information::Scaled residual variance=0
########## Performance Summary (times in sec) ##########=
Benchmark Time Summary=
Benchmark Time Summary::Optimization phase=2.6e-07
Benchmark Time Summary::DDOT=1.02547
Benchmark Time Summary::WAXPBY=0.153888
Benchmark Time Summary::SpMV=2.06521
Benchmark Time Summary::MG=12.2269
Benchmark Time Summary::Total=15.4729
Floating Point Operations Summary=
Floating Point Operations Summary::Raw DDOT=6.96674e+09
Floating Point Operations Summary::Raw WAXPBY=6.96674e+09
Floating Point Operations Summary::Raw SpMV=6.22162e+10
Floating Point Operations Summary::Raw MG=3.46984e+11
Floating Point Operations Summary::Total=4.23134e+11
Floating Point Operations Summary::Total with convergence overhead=4.23134e+11
GB/s Summary=
GB/s Summary::Raw Read B/W=168.532
GB/s Summary::Raw Write B/W=38.9499
GB/s Summary::Raw Total B/W=207.482
GB/s Summary::Total with convergence and optimization phase overhead=205.779
GFLOP/s Summary=
GFLOP/s Summary::Raw DDOT=6.79372
GFLOP/s Summary::Raw WAXPBY=45.2715
GFLOP/s Summary::Raw SpMV=30.1259
GFLOP/s Summary::Raw MG=28.3788
GFLOP/s Summary::Raw Total=27.3467
GFLOP/s Summary::Total with convergence overhead=27.3467
GFLOP/s Summary::Total with convergence and optimization phase overhead=27.1224
User Optimization Overheads=
User Optimization Overheads::Optimization phase time (sec)=2.6e-07
User Optimization Overheads::Optimization phase time vs reference SpMV+MG time=2.15647e-05
DDOT Timing Variations=
DDOT Timing Variations::Min DDOT MPI_Allreduce time=0.615938
DDOT Timing Variations::Max DDOT MPI_Allreduce time=1.21515
DDOT Timing Variations::Avg DDOT MPI_Allreduce time=1.04604
Final Summary=
Final Summary::HPCG result is VALID with a GFLOP/s rating of=27.1224
Final Summary::HPCG 2.4 rating for historical reasons is=27.3467
Final Summary::Reference version of ComputeDotProduct used=Performance results are most likely suboptimal
Final Summary::Reference version of ComputeSPMV used=Performance results are most likely suboptimal
Final Summary::Reference version of ComputeMG used=Performance results are most likely suboptimal
Final Summary::Reference version of ComputeWAXPBY used=Performance results are most likely suboptimal
Final Summary::Results are valid but execution time (sec) is=15.4729
Final Summary::Official results execution time (sec) must be at least=1800
HPCG-Benchmark
version=3.1
Release date=March 28, 2019
Machine Summary=
Machine Summary::Distributed Processes=32
Machine Summary::Threads per processes=1
Global Problem Dimensions=
Global Problem Dimensions::Global nx=128
Global Problem Dimensions::Global ny=128
Global Problem Dimensions::Global nz=64
Processor Dimensions=
Processor Dimensions::npx=4
Processor Dimensions::npy=4
Processor Dimensions::npz=2
Local Domain Dimensions=
Local Domain Dimensions::nx=32
Local Domain Dimensions::ny=32
Local Domain Dimensions::Lower ipz=0
Local Domain Dimensions::Upper ipz=1
Local Domain Dimensions::nz=32
########## Problem Summary  ##########=
Setup Information=
Setup Information::Setup Time=0.0601246
Linear System Information=
Linear System Information::Number of Equations=1048576
Linear System Information::Number of Nonzero Terms=27725560
Multigrid Information=
Multigrid Information::Number of coarse grid levels=3
Multigrid Information::Coarse Grids=
Multigrid Information::Coarse Grids::Grid Level=1
Multigrid Information::Coarse Grids::Number of Equations=131072
Multigrid Information::Coarse Grids::Number of Nonzero Terms=3393400
Multigrid Information::Coarse Grids::Number of Presmoother Steps=1
Multigrid Information::Coarse Grids::Number of Postsmoother Steps=1
Multigrid Information::Coarse Grids::Grid Level=2
Multigrid Information::Coarse Grids::Number of Equations=16384
Multigrid Information::Coarse Grids::Number of Nonzero Terms=406456
Multigrid Information::Coarse Grids::Number of Presmoother Steps=1
Multigrid Information::Coarse Grids::Number of Postsmoother Steps=1
Multigrid Information::Coarse Grids::Grid Level=3
Multigrid Information::Coarse Grids::Number of Equations=2048
Multigrid Information::Coarse Grids::Number of Nonzero Terms=46552
Multigrid Information::Coarse Grids::Number of Presmoother Steps=1
Multigrid Information::Coarse Grids::Number of Postsmoother Steps=1
########## Memory Use Summary  ##########=
Memory Use Information=
Memory Use Information::Total memory used for data (Gbytes)=0.751605
Memory Use Information::Memory used for OptimizeProblem data (Gbytes)=0
Memory Use Information::Bytes per equation (Total memory / Number of Equations)=716.786
Memory Use Information::Memory used for linear system and CG (Gbytes)=0.661177
Memory Use Information::Coarse Grids=
Memory Use Information::Coarse Grids::Grid Level=1
Memory Use Information::Coarse Grids::Memory used=0.0792029
Memory Use Information::Coarse Grids::Grid Level=2
Memory Use Information::Coarse Grids::Memory used=0.00996105
Memory Use Information::Coarse Grids::Grid Level=3
Memory Use Information::Coarse Grids::Memory used=0.00126337
########## V&V Testing Summary  ##########=
Spectral Convergence Tests=
Spectral Convergence Tests::Result=PASSED
Spectral Convergence Tests::Unpreconditioned=
Spectral Convergence Tests::Unpreconditioned::Maximum iteration count=11
Spectral Convergence Tests::Unpreconditioned::Expected iteration count=12
Spectral Convergence Tests::Preconditioned=
Spectral Convergence Tests::Preconditioned::Maximum iteration count=2
Spectral Convergence Tests::Preconditioned::Expected iteration count=2
Departure from Symmetry |x'Ay-y'Ax|/(2*||x||*||A||*||y||)/epsilon=
Departure from Symmetry |x'Ay-y'Ax|/(2*||x||*||A||*||y||)/epsilon::Result=PASSED
Departure from Symmetry |x'Ay-y'Ax|/(2*||x||*||A||*||y||)/epsilon::Departure for SpMV=3.01928e-08
Departure from Symmetry |x'Ay-y'Ax|/(2*||x||*||A||*||y||)/epsilon::Departure for MG=7.5482e-09
########## Iterations Summary  ##########=
Iteration Count Information=
Iteration Count Information::Result=PASSED
Iteration Count Information::Reference CG iterations per set=50
Iteration Count Information::Optimized CG iterations per set=50
Iteration Count Information::Total number of reference iterations=1150
Iteration Count Information::Total number of optimized iterations=1150
########## Reproducibility Summary  ##########=
Reproducibility Information=
Reproducibility Information::Result=PASSED
Reproducibility Information::Scaled residual mean=4.80215e-08
Reproducibility Information::Scaled residual variance=0
########## Performance Summary (times in sec) ##########=
Benchmark Time Summary=
Benchmark Time Summary::Optimization phase=2.82e-07
Benchmark Time Summary::DDOT=0.872607
Benchmark Time Summary::WAXPBY=0.155638
Benchmark Time Summary::SpMV=2.14157
Benchmark Time Summary::MG=12.2496
Benchmark Time Summary::Total=15.421
Floating Point Operations Summary=
Floating Point Operations Summary::Raw DDOT=7.28341e+09
Floating Point Operations Summary::Raw WAXPBY=7.28341e+09
Floating Point Operations Summary::Raw SpMV=6.50442e+10
Floating Point Operations Summary::Raw MG=3.62756e+11
Floating Point Operations Summary::Total=4.42367e+11
Floating Point Operations Summary::Total with convergence overhead=4.42367e+11
GB/s Summary=
GB/s Summary::Raw Read B/W=176.786
GB/s Summary::Raw Write B/W=40.8576
GB/s Summary::Raw Total B/W=217.643
GB/s Summary::Total with convergence and optimization phase overhead=215.709
GFLOP/s Summary=
GFLOP/s Summary::Raw DDOT=8.34673
GFLOP/s Summary::Raw WAXPBY=46.797
GFLOP/s Summary::Raw SpMV=30.3722
GFLOP/s Summary::Raw MG=29.6137
GFLOP/s Summary::Raw Total=28.6861
GFLOP/s Summary::Total with convergence overhead=28.6861
GFLOP/s Summary::Total with convergence and optimization phase overhead=28.4311
User Optimization Overheads=
User Optimization Overheads::Optimization phase time (sec)=2.82e-07
User Optimization Overheads::Optimization phase time vs reference SpMV+MG time=2.06352e-05
DDOT Timing Variations=
DDOT Timing Variations::Min DDOT MPI_Allreduce time=0.524993
DDOT Timing Variations::Max DDOT MPI_Allreduce time=0.920049
DDOT Timing Variations::Avg DDOT MPI_Allreduce time=0.767364
Final Summary=
Final Summary::HPCG result is VALID with a GFLOP/s rating of=28.4311
Final Summary::HPCG 2.4 rating for historical reasons is=28.6861
Final Summary::Reference version of ComputeDotProduct used=Performance results are most likely suboptimal
Final Summary::Reference version of ComputeSPMV used=Performance results are most likely suboptimal
Final Summary::Reference version of ComputeMG used=Performance results are most likely suboptimal
Final Summary::Reference version of ComputeWAXPBY used=Performance results are most likely suboptimal
Final Summary::Results are valid but execution time (sec) is=15.421
Final Summary::Official results execution time (sec) must be at least=1800
HPCG-Benchmark
version=3.1
Release date=March 28, 2019
Machine Summary=
Machine Summary::Distributed Processes=32
Machine Summary::Threads per processes=1
Global Problem Dimensions=
Global Problem Dimensions::Global nx=128
Global Problem Dimensions::Global ny=128
Global Problem Dimensions::Global nz=64
Processor Dimensions=
Processor Dimensions::npx=4
Processor Dimensions::npy=4
Processor Dimensions::npz=2
Local Domain Dimensions=
Local Domain Dimensions::nx=32
Local Domain Dimensions::ny=32
Local Domain Dimensions::Lower ipz=0
Local Domain Dimensions::Upper ipz=1
Local Domain Dimensions::nz=32
########## Problem Summary  ##########=
Setup Information=
Setup Information::Setup Time=0.0572794
Linear System Information=
Linear System Information::Number of Equations=1048576
Linear System Information::Number of Nonzero Terms=27725560
Multigrid Information=
Multigrid Information::Number of coarse grid levels=3
Multigrid Information::Coarse Grids=
Multigrid Information::Coarse Grids::Grid Level=1
Multigrid Information::Coarse Grids::Number of Equations=131072
Multigrid Information::Coarse Grids::Number of Nonzero Terms=3393400
Multigrid Information::Coarse Grids::Number of Presmoother Steps=1
Multigrid Information::Coarse Grids::Number of Postsmoother Steps=1
Multigrid Information::Coarse Grids::Grid Level=2
Multigrid Information::Coarse Grids::Number of Equations=16384
Multigrid Information::Coarse Grids::Number of Nonzero Terms=406456
Multigrid Information::Coarse Grids::Number of Presmoother Steps=1
Multigrid Information::Coarse Grids::Number of Postsmoother Steps=1
Multigrid Information::Coarse Grids::Grid Level=3
Multigrid Information::Coarse Grids::Number of Equations=2048
Multigrid Information::Coarse Grids::Number of Nonzero Terms=46552
Multigrid Information::Coarse Grids::Number of Presmoother Steps=1
Multigrid Information::Coarse Grids::Number of Postsmoother Steps=1
########## Memory Use Summary  ##########=
Memory Use Information=
Memory Use Information::Total memory used for data (Gbytes)=0.751605
Memory Use Information::Memory used for OptimizeProblem data (Gbytes)=0
Memory Use Information::Bytes per equation (Total memory / Number of Equations)=716.786
Memory Use Information::Memory used for linear system and CG (Gbytes)=0.661177
Memory Use Information::Coarse Grids=
Memory Use Information::Coarse Grids::Grid Level=1
Memory Use Information::Coarse Grids::Memory used=0.0792029
Memory Use Information::Coarse Grids::Grid Level=2
Memory Use Information::Coarse Grids::Memory used=0.00996105
Memory Use Information::Coarse Grids::Grid Level=3
Memory Use Information::Coarse Grids::Memory used=0.00126337
########## V&V Testing Summary  ##########=
Spectral Convergence Tests=
Spectral Convergence Tests::Result=PASSED
Spectral Convergence Tests::Unpreconditioned=
Spectral Convergence Tests::Unpreconditioned::Maximum iteration count=11
Spectral Convergence Tests::Unpreconditioned::Expected iteration count=12
Spectral Convergence Tests::Preconditioned=
Spectral Convergence Tests::Preconditioned::Maximum iteration count=2
Spectral Convergence Tests::Preconditioned::Expected iteration count=2
Departure from Symmetry |x'Ay-y'Ax|/(2*||x||*||A||*||y||)/epsilon=
Departure from Symmetry |x'Ay-y'Ax|/(2*||x||*||A||*||y||)/epsilon::Result=PASSED
Departure from Symmetry |x'Ay-y'Ax|/(2*||x||*||A||*||y||)/epsilon::Departure for SpMV=3.01928e-08
Departure from Symmetry |x'Ay-y'Ax|/(2*||x||*||A||*||y||)/epsilon::Departure for MG=7.5482e-09
########## Iterations Summary  ##########=
Iteration Count Information=
Iteration Count Information::Result=PASSED
Iteration Count Information::Reference CG iterations per set=50
Iteration Count Information::Optimized CG iterations per set=50
Iteration Count Information::Total number of reference iterations=1200
Iteration Count Information::Total number of optimized iterations=1200
########## Reproducibility Summary  ##########=
Reproducibility Information=
Reproducibility Information::Result=PASSED
Reproducibility Information::Scaled residual mean=4.80215e-08
Reproducibility Information::Scaled residual variance=0
########## Performance Summary (times in sec) ##########=
Benchmark Time Summary=
Benchmark Time Summary::Optimization phase=1.85e-07
Benchmark Time Summary::DDOT=0.889726
Benchmark Time Summary::WAXPBY=0.163745
Benchmark Time Summary::SpMV=2.22698
Benchmark Time Summary::MG=13.2431
Benchmark Time Summary::Total=16.5251
Floating Point Operations Summary=
Floating Point Operations Summary::Raw DDOT=7.60008e+09
Floating Point Operations Summary::Raw WAXPBY=7.60008e+09
Floating Point Operations Summary::Raw SpMV=6.78722e+10
Floating Point Operations Summary::Raw MG=3.78528e+11
Floating Point Operations Summary::Total=4.61601e+11
Floating Point Operations Summary::Total with convergence overhead=4.61601e+11
GB/s Summary=
GB/s Summary::Raw Read B/W=172.147
GB/s Summary::Raw Write B/W=39.7854
GB/s Summary::Raw Total B/W=211.932
GB/s Summary::Total with convergence and optimization phase overhead=210.184
GFLOP/s Summary=
GFLOP/s Summary::Raw DDOT=8.54204
GFLOP/s Summary::Raw WAXPBY=46.4141
GFLOP/s Summary::Raw SpMV=30.4772
GFLOP/s Summary::Raw MG=28.5831
GFLOP/s Summary::Raw Total=27.9333
GFLOP/s Summary::Total with convergence overhead=27.9333
GFLOP/s Summary::Total with convergence and optimization phase overhead=27.7029
User Optimization Overheads=
User Optimization Overheads::Optimization phase time (sec)=1.85e-07
User Optimization Overheads::Optimization phase time vs reference SpMV+MG time=1.49962e-05
DDOT Timing Variations=
DDOT Timing Variations::Min DDOT MPI_Allreduce time=0.560495
DDOT Timing Variations::Max DDOT MPI_Allreduce time=0.868869
DDOT Timing Variations::Avg DDOT MPI_Allreduce time=0.712054
Final Summary=
Final Summary::HPCG result is VALID with a GFLOP/s rating of=27.7029
Final Summary::HPCG 2.4 rating for historical reasons is=27.9333
Final Summary::Reference version of ComputeDotProduct used=Performance results are most likely suboptimal
Final Summary::Reference version of ComputeSPMV used=Performance results are most likely suboptimal
Final Summary::Reference version of ComputeMG used=Performance results are most likely suboptimal
Final Summary::Reference version of ComputeWAXPBY used=Performance results are most likely suboptimal
Final Summary::Results are valid but execution time (sec) is=16.5251
Final Summary::Official results execution time (sec) must be at least=1800
FLUX-RESULTS END
