unlimited
PROGRAM: cpu
Looking for /opt/programs/cpu/ebpf-collect.c
[19:41:36] Waiting for start indicator file: '/mnt/flux/start_ebpf_collection'.
[19:41:42] Start indicator found. Proceeding with monitoring.
[19:41:42] Initializing eBPF for CPU Scheduling monitoring...
[19:41:43] BPF C code compiled and loaded.
[19:41:43] Attached tracepoints.
[19:41:43] Monitoring CPU scheduling events (polling aggregated map)... Press Ctrl+C to stop.
[19:42:51] Stop indicator file '/mnt/flux/stop_ebpf_collection' found. Stopping.
[19:42:51] Initiating cleanup sequence...
{
  "final_aggregated_summary_river": [
    {
      "tgid": 95,
      "comm": "python3",
      "cgroup_id": 21258,
      "on_cpu_stats_ns": {
        "count": 532.0,
        "sum_ns": 28217696.58333333,
        "mean_ns": 53040.783051378436,
        "median_ns": 26821.95891067575,
        "min_ns": 3808.0,
        "max_ns": 551652.0,
        "variance_ns2": 4397811625.389481,
        "iqr_ns": 58545.4972642104,
        "q1_ns": 16345.577483479343,
        "q3_ns": 74891.07474768974
      },
      "runq_latency_stats_ns": {
        "count": 532.0,
        "sum_ns": 21259423.216666657,
        "mean_ns": 39961.32183583958,
        "median_ns": 14625.571766270183,
        "min_ns": 768.0,
        "max_ns": 3594056.5,
        "variance_ns2": 44290314902.49896,
        "iqr_ns": 27955.83789469229,
        "q1_ns": 6346.157460881319,
        "q3_ns": 34301.99535557361
      },
      "first_seen_ts_ns": 1749843703284393624,
      "last_seen_ts_ns": 1749843771385415311,
      "duration_active_s": 68.101021687
    },
    {
      "tgid": 167,
      "comm": "python3",
      "cgroup_id": 21342,
      "on_cpu_stats_ns": {
        "count": 509.0,
        "sum_ns": 27678887.166666668,
        "mean_ns": 54378.95317616241,
        "median_ns": 26442.046064494025,
        "min_ns": 4266.0,
        "max_ns": 624163.0,
        "variance_ns2": 4590816046.398116,
        "iqr_ns": 60540.058043245095,
        "q1_ns": 16071.787880591583,
        "q3_ns": 76611.84592383668
      },
      "runq_latency_stats_ns": {
        "count": 508.0,
        "sum_ns": 25170627.33333331,
        "mean_ns": 49548.47900262463,
        "median_ns": 16814.687788408733,
        "min_ns": 749.0,
        "max_ns": 4994119.0,
        "variance_ns2": 101432711254.30914,
        "iqr_ns": 31892.95642866424,
        "q1_ns": 7352.382184965267,
        "q3_ns": 39245.33861362951
      },
      "first_seen_ts_ns": 1749843703284393624,
      "last_seen_ts_ns": 1749843771385415311,
      "duration_active_s": 68.101021687
    },
    {
      "tgid": 255,
      "comm": "flux-broker-0",
      "cgroup_id": 21426,
      "on_cpu_stats_ns": {
        "count": 206.0,
        "sum_ns": 11289603.500000007,
        "mean_ns": 54803.90048543693,
        "median_ns": 25968.004769858835,
        "min_ns": 4262.0,
        "max_ns": 1945991.0,
        "variance_ns2": 19428822848.27664,
        "iqr_ns": 49236.34279277557,
        "q1_ns": 17460.841639025097,
        "q3_ns": 66697.18443180066
      },
      "runq_latency_stats_ns": {
        "count": 206.0,
        "sum_ns": 5576529.83333333,
        "mean_ns": 27070.53317152102,
        "median_ns": 17556.92520351449,
        "min_ns": 714.0,
        "max_ns": 564592.0,
        "variance_ns2": 2152352064.8006563,
        "iqr_ns": 19069.341443627138,
        "q1_ns": 8002.586711399806,
        "q3_ns": 27071.928155026944
      },
      "first_seen_ts_ns": 1749843703284393624,
      "last_seen_ts_ns": 1749843769861111861,
      "duration_active_s": 66.576718237
    },
    {
      "tgid": 371,
      "comm": "xhpcg",
      "cgroup_id": 21426,
      "on_cpu_stats_ns": {
        "count": 47.0,
        "sum_ns": 4643326.558333334,
        "mean_ns": 98794.18209219858,
        "median_ns": 18491.70810720073,
        "min_ns": 9469.6,
        "max_ns": 1001867.0,
        "variance_ns2": 48829927769.48123,
        "iqr_ns": 30305.05383152565,
        "q1_ns": 14367.660995493476,
        "q3_ns": 44672.714827019125
      },
      "runq_latency_stats_ns": {
        "count": 47.0,
        "sum_ns": 19417585.15,
        "mean_ns": 413140.10957446805,
        "median_ns": 30983.609419837136,
        "min_ns": 1962.3333333333333,
        "max_ns": 17885972.0,
        "variance_ns2": 6801459295913.385,
        "iqr_ns": 32842.95575226271,
        "q1_ns": 5111.631897303633,
        "q3_ns": 37954.58764956634
      },
      "first_seen_ts_ns": 1749843705071262480,
      "last_seen_ts_ns": 1749843715141268761,
      "duration_active_s": 10.070006281
    },
    {
      "tgid": 40,
      "comm": "bash",
      "cgroup_id": 21342,
      "on_cpu_stats_ns": {
        "count": 14.0,
        "sum_ns": 1106754.5,
        "mean_ns": 79053.89285714286,
        "median_ns": 93811.65,
        "min_ns": 6453.0,
        "max_ns": 178093.0,
        "variance_ns2": 3541824064.391484,
        "iqr_ns": 90063.81957671957,
        "q1_ns": 44894.1875,
        "q3_ns": 134958.00707671957
      },
      "runq_latency_stats_ns": {
        "count": 14.0,
        "sum_ns": 359898.50000000006,
        "mean_ns": 25707.035714285717,
        "median_ns": 16251.825714285715,
        "min_ns": 991.0,
        "max_ns": 83151.0,
        "variance_ns2": 613518756.5563188,
        "iqr_ns": 36656.06331569664,
        "q1_ns": 8184.961375661376,
        "q3_ns": 44841.02469135802
      },
      "first_seen_ts_ns": 1749843703671204869,
      "last_seen_ts_ns": 1749843771385415311,
      "duration_active_s": 67.714210442
    },
    {
      "tgid": 337,
      "comm": "xhpcg",
      "cgroup_id": 21426,
      "on_cpu_stats_ns": {
        "count": 37.0,
        "sum_ns": 838244.0000000001,
        "mean_ns": 22655.243243243247,
        "median_ns": 22382.329563944193,
        "min_ns": 5900.0,
        "max_ns": 34126.0,
        "variance_ns2": 58079511.46696696,
        "iqr_ns": 8791.33152407052,
        "q1_ns": 19167.294579109614,
        "q3_ns": 27958.626103180133
      },
      "runq_latency_stats_ns": {
        "count": 37.0,
        "sum_ns": 299778.0,
        "mean_ns": 8102.108108108107,
        "median_ns": 6583.479121084551,
        "min_ns": 2774.0,
        "max_ns": 32182.0,
        "variance_ns2": 25781872.82132132,
        "iqr_ns": 3174.966285885427,
        "q1_ns": 5674.33813100807,
        "q3_ns": 8849.304416893498
      },
      "first_seen_ts_ns": 1749843703561266819,
      "last_seen_ts_ns": 1749843723111289212,
      "duration_active_s": 19.550022393
    },
    {
      "tgid": 1,
      "comm": "pause",
      "cgroup_id": 21006,
      "on_cpu_stats_ns": {
        "count": 2.0,
        "sum_ns": 572430.2698412698,
        "mean_ns": 286215.1349206349,
        "median_ns": 369028.71428571426,
        "min_ns": 203401.55555555556,
        "max_ns": 369028.71428571426,
        "variance_ns2": 13716177854.512592,
        "iqr_ns": 165627.1587301587,
        "q1_ns": 203401.55555555556,
        "q3_ns": 369028.71428571426
      },
      "runq_latency_stats_ns": {
        "count": 2.0,
        "sum_ns": 5164.84126984127,
        "mean_ns": 2582.420634920635,
        "median_ns": 4253.555555555556,
        "min_ns": 911.2857142857143,
        "max_ns": 4253.555555555556,
        "variance_ns2": 5585383.845930967,
        "iqr_ns": 3342.2698412698414,
        "q1_ns": 911.2857142857143,
        "q3_ns": 4253.555555555556
      },
      "first_seen_ts_ns": 1749843730361276045,
      "last_seen_ts_ns": 1749843771385415311,
      "duration_active_s": 41.024139266
    },
    {
      "tgid": 330,
      "comm": "xhpcg",
      "cgroup_id": 21426,
      "on_cpu_stats_ns": {
        "count": 6.0,
        "sum_ns": 392699.5,
        "mean_ns": 65449.91666666667,
        "median_ns": 78092.0,
        "min_ns": 30617.0,
        "max_ns": 86511.5,
        "variance_ns2": 549077645.6416668,
        "iqr_ns": 6944.3333333333285,
        "q1_ns": 71147.66666666667,
        "q3_ns": 78092.0
      },
      "runq_latency_stats_ns": {
        "count": 6.0,
        "sum_ns": 233887.99999999997,
        "mean_ns": 38981.33333333333,
        "median_ns": 41131.0,
        "min_ns": 5582.0,
        "max_ns": 94315.0,
        "variance_ns2": 1105667783.0666666,
        "iqr_ns": 17233.888888888887,
        "q1_ns": 23897.111111111113,
        "q3_ns": 41131.0
      },
      "first_seen_ts_ns": 1749843703441258434,
      "last_seen_ts_ns": 1749843704411317452,
      "duration_active_s": 0.970059018
    },
    {
      "tgid": 325,
      "comm": "xhpcg",
      "cgroup_id": 21426,
      "on_cpu_stats_ns": {
        "count": 5.0,
        "sum_ns": 379172.0,
        "mean_ns": 75834.4,
        "median_ns": 62027.0,
        "min_ns": 6902.5,
        "max_ns": 173350.0,
        "variance_ns2": 4248563906.675,
        "iqr_ns": 69764.5,
        "q1_ns": 33564.0,
        "q3_ns": 103328.5
      },
      "runq_latency_stats_ns": {
        "count": 5.0,
        "sum_ns": 166455.0,
        "mean_ns": 33291.0,
        "median_ns": 44699.0,
        "min_ns": 3576.0,
        "max_ns": 59058.0,
        "variance_ns2": 624704832.5,
        "iqr_ns": 39848.0,
        "q1_ns": 9637.0,
        "q3_ns": 49485.0
      },
      "first_seen_ts_ns": 1749843703441258434,
      "last_seen_ts_ns": 1749843704411317452,
      "duration_active_s": 0.970059018
    },
    {
      "tgid": 319,
      "comm": "python3",
      "cgroup_id": 21426,
      "on_cpu_stats_ns": {
        "count": 6.0,
        "sum_ns": 278368.0,
        "mean_ns": 46394.666666666664,
        "median_ns": 18088.0,
        "min_ns": 6214.0,
        "max_ns": 161996.0,
        "variance_ns2": 3616481296.6666665,
        "iqr_ns": 2241.5,
        "q1_ns": 15846.5,
        "q3_ns": 18088.0
      },
      "runq_latency_stats_ns": {
        "count": 6.0,
        "sum_ns": 252726.0,
        "mean_ns": 42121.0,
        "median_ns": 24407.0,
        "min_ns": 2541.0,
        "max_ns": 128620.0,
        "variance_ns2": 2534025683.6,
        "iqr_ns": 9706.5,
        "q1_ns": 14700.5,
        "q3_ns": 24407.0
      },
      "first_seen_ts_ns": 1749843703284393624,
      "last_seen_ts_ns": 1749843707431263445,
      "duration_active_s": 4.146869821
    },
    {
      "tgid": 349,
      "comm": "xhpcg",
      "cgroup_id": 21426,
      "on_cpu_stats_ns": {
        "count": 11.0,
        "sum_ns": 122728.25,
        "mean_ns": 11157.113636363636,
        "median_ns": 10803.999131944443,
        "min_ns": 6145.375,
        "max_ns": 18975.625,
        "variance_ns2": 12601471.351420458,
        "iqr_ns": 4032.1475694444453,
        "q1_ns": 7621.5,
        "q3_ns": 11653.647569444445
      },
      "runq_latency_stats_ns": {
        "count": 11.0,
        "sum_ns": 61255.5,
        "mean_ns": 5568.681818181818,
        "median_ns": 5631.358796296296,
        "min_ns": 3396.0,
        "max_ns": 10877.0,
        "variance_ns2": 4007320.9730113624,
        "iqr_ns": 1865.711267575446,
        "q1_ns": 4379.625,
        "q3_ns": 6245.336267575446
      },
      "first_seen_ts_ns": 1749843704741260474,
      "last_seen_ts_ns": 1749843712721266335,
      "duration_active_s": 7.980005861
    },
    {
      "tgid": 323,
      "comm": "xhpcg",
      "cgroup_id": 21426,
      "on_cpu_stats_ns": {
        "count": 6.0,
        "sum_ns": 95975.5,
        "mean_ns": 15995.916666666666,
        "median_ns": 14905.5,
        "min_ns": 5509.0,
        "max_ns": 30115.0,
        "variance_ns2": 69404041.24166667,
        "iqr_ns": 0.0,
        "q1_ns": 14905.5,
        "q3_ns": 14905.5
      },
      "runq_latency_stats_ns": {
        "count": 6.0,
        "sum_ns": 181444.0,
        "mean_ns": 30240.666666666664,
        "median_ns": 16219.0,
        "min_ns": 2832.0,
        "max_ns": 110684.0,
        "variance_ns2": 1591447052.6666665,
        "iqr_ns": 3731.1111111111095,
        "q1_ns": 12487.88888888889,
        "q3_ns": 16219.0
      },
      "first_seen_ts_ns": 1749843703284393624,
      "last_seen_ts_ns": 1749843719441244790,
      "duration_active_s": 16.156851166
    },
    {
      "tgid": 324,
      "comm": "xhpcg",
      "cgroup_id": 21426,
      "on_cpu_stats_ns": {
        "count": 5.0,
        "sum_ns": 73493.0,
        "mean_ns": 14698.6,
        "median_ns": 13451.0,
        "min_ns": 5123.0,
        "max_ns": 28772.0,
        "variance_ns2": 85063905.3,
        "iqr_ns": 9345.0,
        "q1_ns": 8401.0,
        "q3_ns": 17746.0
      },
      "runq_latency_stats_ns": {
        "count": 5.0,
        "sum_ns": 104452.0,
        "mean_ns": 20890.4,
        "median_ns": 15725.0,
        "min_ns": 14027.0,
        "max_ns": 37868.0,
        "variance_ns2": 98732855.3,
        "iqr_ns": 6428.0,
        "q1_ns": 15202.0,
        "q3_ns": 21630.0
      },
      "first_seen_ts_ns": 1749843703441258434,
      "last_seen_ts_ns": 1749843719441244790,
      "duration_active_s": 15.999986356
    }
  ]
}
[19:42:51] Cleanup complete. Exiting.
