ln: failed to create symbolic link '/mnt/flux/view/lib/python': File exists
ln: failed to create symbolic link '/mnt/flux/view/lib/python3': File exists
unlimited
PROGRAM: futex
Looking for /opt/programs/futex/ebpf-collect.c
[02:03:25] Starting eBPF (Tracepoints for futex syscalls).
[02:03:26] BPF program loaded and tracepoints automatically attached.
[02:03:26] Start Indicator file defined '/mnt/flux/start_ebpf_collection'. Waiting.
[02:03:26] Start indicator found. Proceeding.
[02:03:26] Ring buffers opened. Polling for events...
[02:04:26] 
Indicator file '/mnt/flux/stop_ebpf_collection' found. Stopping.
[02:04:26] Cleaning up BPF resources...
{
  "final_aggregated_futex_summary_river": [
    {
      "tgid": 4405,
      "comm": "containerd",
      "cgroup_id": 4085,
      "wait_duration_stats_ns": {
        "count": 5352.0,
        "sum": 775378055844.9984,
        "mean": 144876318.3566888,
        "median": 2865473.593129218,
        "min": 442,
        "max": 19516457541,
        "variance_ns2": 1.006799528775931e+18,
        "iqr_ns": 74665190.55108765,
        "q1_ns": 54946.87247354391,
        "q3_ns": 74720137.42356119
      },
      "futex_op_counts": {
        "128": 5352
      },
      "first_seen_ts_ns": 3067621228361,
      "last_seen_ts_ns": 3127286384640
    },
    {
      "tgid": 4465,
      "comm": "kubelet",
      "cgroup_id": 4138,
      "wait_duration_stats_ns": {
        "count": 6050.0,
        "sum": 648282004014.9993,
        "mean": 107154050.2504131,
        "median": 15313340.953353751,
        "min": 485,
        "max": 44454893501,
        "variance_ns2": 1.8923428548075878e+18,
        "iqr_ns": 49491280.18760153,
        "q1_ns": 1108117.0161137085,
        "q3_ns": 50599397.203715235
      },
      "futex_op_counts": {
        "128": 6050
      },
      "first_seen_ts_ns": 3067469193059,
      "last_seen_ts_ns": 3127280336629
    },
    {
      "tgid": 4548,
      "comm": "containerd-shim",
      "cgroup_id": 4085,
      "wait_duration_stats_ns": {
        "count": 754.0,
        "sum": 381214248930.0003,
        "mean": 505589189.5623346,
        "median": 123868.5032677282,
        "min": 517,
        "max": 14925580372,
        "variance_ns2": 1.9762495401544678e+18,
        "iqr_ns": 7223441.125969028,
        "q1_ns": 53517.42549753941,
        "q3_ns": 7276958.551466567
      },
      "futex_op_counts": {
        "128": 754
      },
      "first_seen_ts_ns": 3068592677594,
      "last_seen_ts_ns": 3124847623494
    },
    {
      "tgid": 6187,
      "comm": "metrics-server",
      "cgroup_id": 5851,
      "wait_duration_stats_ns": {
        "count": 1263.0,
        "sum": 370768879996.99994,
        "mean": 293562058.5882818,
        "median": 90509795.97391203,
        "min": 492,
        "max": 46580651297,
        "variance_ns2": 4.653792654806628e+18,
        "iqr_ns": 187382895.57913482,
        "q1_ns": 36525904.38785499,
        "q3_ns": 223908799.96698982
      },
      "futex_op_counts": {
        "128": 1263
      },
      "first_seen_ts_ns": 3067758856708,
      "last_seen_ts_ns": 3127033417120
    },
    {
      "tgid": 6092,
      "comm": "coredns",
      "cgroup_id": 5711,
      "wait_duration_stats_ns": {
        "count": 466.0,
        "sum": 294271070438.00006,
        "mean": 631482983.7725323,
        "median": 400914548.58248276,
        "min": 499,
        "max": 26805393332,
        "variance_ns2": 2.9700582517544136e+18,
        "iqr_ns": 922585108.9239898,
        "q1_ns": 23451207.69908172,
        "q3_ns": 946036316.6230716
      },
      "futex_op_counts": {
        "128": 466
      },
      "first_seen_ts_ns": 3067814544341,
      "last_seen_ts_ns": 3127112367424
    },
    {
      "tgid": 6095,
      "comm": "coredns",
      "cgroup_id": 5781,
      "wait_duration_stats_ns": {
        "count": 429.0,
        "sum": 270419137778.00003,
        "mean": 630347640.5081586,
        "median": 440148102.54892075,
        "min": 5341,
        "max": 21812717060,
        "variance_ns2": 2.0228555198504748e+18,
        "iqr_ns": 893137759.7898434,
        "q1_ns": 68232663.17005242,
        "q3_ns": 961370422.9598958
      },
      "futex_op_counts": {
        "128": 429
      },
      "first_seen_ts_ns": 3067817632884,
      "last_seen_ts_ns": 3127113028161
    },
    {
      "tgid": 66009,
      "comm": "containerd-shim",
      "cgroup_id": 4085,
      "wait_duration_stats_ns": {
        "count": 252.0,
        "sum": 269210856289.00018,
        "mean": 1068297048.7658738,
        "median": 9999423.483116578,
        "min": 727,
        "max": 29998770608,
        "variance_ns2": 1.2643159597931008e+19,
        "iqr_ns": 156456895.75846887,
        "q1_ns": 595872.3000437681,
        "q3_ns": 157052768.05851263
      },
      "futex_op_counts": {
        "128": 252
      },
      "first_seen_ts_ns": 3067635465645,
      "last_seen_ts_ns": 3127309628207
    },
    {
      "tgid": 6191,
      "comm": "metrics-server",
      "cgroup_id": 5921,
      "wait_duration_stats_ns": {
        "count": 1045.0,
        "sum": 239594803075.0001,
        "mean": 229277323.5167465,
        "median": 93189449.052939,
        "min": 1267,
        "max": 10399045925,
        "variance_ns2": 6.507138637884911e+17,
        "iqr_ns": 149741872.743004,
        "q1_ns": 26386989.194337755,
        "q3_ns": 176128861.93734175
      },
      "futex_op_counts": {
        "128": 1045
      },
      "first_seen_ts_ns": 3067717314194,
      "last_seen_ts_ns": 3127217517231
    },
    {
      "tgid": 7250,
      "comm": "manager",
      "cgroup_id": 6249,
      "wait_duration_stats_ns": {
        "count": 501.0,
        "sum": 219122902483.00012,
        "mean": 437371062.84031963,
        "median": 251327188.1062662,
        "min": 3823,
        "max": 44103153430,
        "variance_ns2": 4.096717303612715e+18,
        "iqr_ns": 480320548.3395579,
        "q1_ns": 11908622.060396725,
        "q3_ns": 492229170.3999546
      },
      "futex_op_counts": {
        "128": 501
      },
      "first_seen_ts_ns": 3067992149781,
      "last_seen_ts_ns": 3126936126085
    },
    {
      "tgid": 4983,
      "comm": "aws-k8s-agent",
      "cgroup_id": 5011,
      "wait_duration_stats_ns": {
        "count": 297.0,
        "sum": 214823472134.99985,
        "mean": 723311353.9898984,
        "median": 16704675.548205584,
        "min": 834,
        "max": 13710255019,
        "variance_ns2": 3.0540849984071834e+18,
        "iqr_ns": 627395077.2409796,
        "q1_ns": 748506.6104648263,
        "q3_ns": 628143583.8514444
      },
      "futex_op_counts": {
        "128": 297
      },
      "first_seen_ts_ns": 3070722126182,
      "last_seen_ts_ns": 3126462864634
    },
    {
      "tgid": 5961,
      "comm": "containerd-shim",
      "cgroup_id": 4085,
      "wait_duration_stats_ns": {
        "count": 52.0,
        "sum": 210319050358.0,
        "mean": 4044597122.269231,
        "median": 1979524644.4755683,
        "min": 14676,
        "max": 29998617646,
        "variance_ns2": 4.0888404537497035e+19,
        "iqr_ns": 5377535551.504776,
        "q1_ns": 295362607.3253276,
        "q3_ns": 5672898158.830104
      },
      "futex_op_counts": {
        "128": 52
      },
      "first_seen_ts_ns": 3071969890035,
      "last_seen_ts_ns": 3118708707163
    },
    {
      "tgid": 5724,
      "comm": "containerd-shim",
      "cgroup_id": 4085,
      "wait_duration_stats_ns": {
        "count": 75.0,
        "sum": 210313292411.0,
        "mean": 2804177232.1466665,
        "median": 742699895.6185845,
        "min": 634,
        "max": 29995069664,
        "variance_ns2": 3.1554375083414483e+19,
        "iqr_ns": 3984270212.871252,
        "q1_ns": 40233714.42267679,
        "q3_ns": 4024503927.2939286
      },
      "futex_op_counts": {
        "128": 75
      },
      "first_seen_ts_ns": 3071968416158,
      "last_seen_ts_ns": 3118707231526
    },
    {
      "tgid": 4546,
      "comm": "containerd-shim",
      "cgroup_id": 4085,
      "wait_duration_stats_ns": {
        "count": 54.0,
        "sum": 206941884074.0,
        "mean": 3832257112.4814816,
        "median": 1479623323.2525423,
        "min": 12425,
        "max": 29994504422,
        "variance_ns2": 4.694576615989732e+19,
        "iqr_ns": 4368408683.872562,
        "q1_ns": 97516979.25010547,
        "q3_ns": 4465925663.122668
      },
      "futex_op_counts": {
        "128": 54
      },
      "first_seen_ts_ns": 3071969148556,
      "last_seen_ts_ns": 3118707999878
    },
    {
      "tgid": 7155,
      "comm": "kube-rbac-proxy",
      "cgroup_id": 6179,
      "wait_duration_stats_ns": {
        "count": 32.0,
        "sum": 204838668981.00003,
        "mean": 6401208405.656251,
        "median": 5025958449.986055,
        "min": 4961526365,
        "max": 40012972478,
        "variance_ns2": 4.073290304895798e+19,
        "iqr_ns": 28884253.613573074,
        "q1_ns": 4980026435.618145,
        "q3_ns": 5008910689.231718
      },
      "futex_op_counts": {
        "128": 32
      },
      "first_seen_ts_ns": 3077129954680,
      "last_seen_ts_ns": 3127121633082
    },
    {
      "tgid": 5720,
      "comm": "containerd-shim",
      "cgroup_id": 4085,
      "wait_duration_stats_ns": {
        "count": 64.0,
        "sum": 180279001380.99997,
        "mean": 2816859396.5781245,
        "median": 1313367108.1221375,
        "min": 23144,
        "max": 29996602444,
        "variance_ns2": 2.1622389205659476e+19,
        "iqr_ns": 5110501638.601626,
        "q1_ns": 61347814.54968311,
        "q3_ns": 5171849453.15131
      },
      "futex_op_counts": {
        "128": 64
      },
      "first_seen_ts_ns": 3071967663530,
      "last_seen_ts_ns": 3118705828974
    },
    {
      "tgid": 7070,
      "comm": "containerd-shim",
      "cgroup_id": 4085,
      "wait_duration_stats_ns": {
        "count": 103.0,
        "sum": 178617237211.0,
        "mean": 1734147934.0873787,
        "median": 20474469.517642803,
        "min": 20389,
        "max": 30009449287,
        "variance_ns2": 1.7442052577938242e+19,
        "iqr_ns": 2124398574.4049604,
        "q1_ns": 4629996.609277907,
        "q3_ns": 2129028571.0142384
      },
      "futex_op_counts": {
        "128": 103
      },
      "first_seen_ts_ns": 3068593491028,
      "last_seen_ts_ns": 3118721790503
    },
    {
      "tgid": 5642,
      "comm": "containerd-shim",
      "cgroup_id": 4085,
      "wait_duration_stats_ns": {
        "count": 54.0,
        "sum": 170254578214.00003,
        "mean": 3152862559.518519,
        "median": 1985453443.2323475,
        "min": 8777,
        "max": 30002632144,
        "variance_ns2": 2.380471456566322e+19,
        "iqr_ns": 5150051885.328533,
        "q1_ns": 198479625.24654958,
        "q3_ns": 5348531510.575083
      },
      "futex_op_counts": {
        "128": 54
      },
      "first_seen_ts_ns": 3071968249526,
      "last_seen_ts_ns": 3118706507621
    },
    {
      "tgid": 4697,
      "comm": "kube-proxy",
      "cgroup_id": 4871,
      "wait_duration_stats_ns": {
        "count": 56.0,
        "sum": 168583254870.99997,
        "mean": 3010415265.5535707,
        "median": 1548556844.8162386,
        "min": 6083,
        "max": 30037240432,
        "variance_ns2": 2.8193244935165407e+19,
        "iqr_ns": 4272597441.423965,
        "q1_ns": 357731402.53210306,
        "q3_ns": 4630328843.956068
      },
      "futex_op_counts": {
        "128": 56
      },
      "first_seen_ts_ns": 3072427798710,
      "last_seen_ts_ns": 3122427134023
    },
    {
      "tgid": 5119,
      "comm": "controller",
      "cgroup_id": 5081,
      "wait_duration_stats_ns": {
        "count": 251.0,
        "sum": 167711030150.00006,
        "mean": 668171434.860558,
        "median": 493623118.2436326,
        "min": 434312,
        "max": 10003186353,
        "variance_ns2": 1.7811153255027133e+18,
        "iqr_ns": 8612602.205554187,
        "q1_ns": 485947165.1422394,
        "q3_ns": 494559767.3477936
      },
      "futex_op_counts": {
        "128": 251
      },
      "first_seen_ts_ns": 3067801984369,
      "last_seen_ts_ns": 3127302416494
    },
    {
      "tgid": 4427,
      "comm": "ssm-agent-worke",
      "cgroup_id": 3429,
      "wait_duration_stats_ns": {
        "count": 88.0,
        "sum": 166820222099.0,
        "mean": 1895684342.034091,
        "median": 1456812133.0208037,
        "min": 2211396,
        "max": 31511049011,
        "variance_ns2": 1.2016428373389812e+19,
        "iqr_ns": 1231070746.6231751,
        "q1_ns": 830913734.8426458,
        "q3_ns": 2061984481.465821
      },
      "futex_op_counts": {
        "128": 88
      },
      "first_seen_ts_ns": 3068318008845,
      "last_seen_ts_ns": 3127203080382
    },
    {
      "tgid": 65771,
      "comm": "containerd-shim",
      "cgroup_id": 4085,
      "wait_duration_stats_ns": {
        "count": 52.0,
        "sum": 164050700886.99997,
        "mean": 3154821170.903846,
        "median": 553926395.6811763,
        "min": 20125,
        "max": 29998579483,
        "variance_ns2": 2.8302981447405797e+19,
        "iqr_ns": 5364375597.503035,
        "q1_ns": 94237199.98962338,
        "q3_ns": 5458612797.492658
      },
      "futex_op_counts": {
        "128": 52
      },
      "first_seen_ts_ns": 3068570087344,
      "last_seen_ts_ns": 3118722278718
    },
    {
      "tgid": 66955,
      "comm": "runc",
      "cgroup_id": 4085,
      "wait_duration_stats_ns": {
        "count": 298.0,
        "sum": 3920822190.000001,
        "mean": 13157121.442953024,
        "median": 2856500.349571602,
        "min": 6893,
        "max": 320312184,
        "variance_ns2": 2234560729877387.2,
        "iqr_ns": 17749032.646930028,
        "q1_ns": 84622.6792272212,
        "q3_ns": 17833655.32615725
      },
      "futex_op_counts": {
        "128": 298
      },
      "first_seen_ts_ns": 3113752986165,
      "last_seen_ts_ns": 3114280759733
    },
    {
      "tgid": 66589,
      "comm": "xhpcg",
      "cgroup_id": 27524,
      "wait_duration_stats_ns": {
        "count": 494.0,
        "sum": 3906236564.0000014,
        "mean": 7907361.465587048,
        "median": 5404518.415221564,
        "min": 39685,
        "max": 178572608,
        "variance_ns2": 104544620001280.19,
        "iqr_ns": 9159457.709045537,
        "q1_ns": 4469878.42098939,
        "q3_ns": 13629336.130034927
      },
      "futex_op_counts": {
        "128": 494
      },
      "first_seen_ts_ns": 3068341439107,
      "last_seen_ts_ns": 3090370413538
    },
    {
      "tgid": 66587,
      "comm": "xhpcg",
      "cgroup_id": 27524,
      "wait_duration_stats_ns": {
        "count": 468.0,
        "sum": 3867007644.9999995,
        "mean": 8262836.848290597,
        "median": 5347493.980151847,
        "min": 47525,
        "max": 181061100,
        "variance_ns2": 111885574108474.08,
        "iqr_ns": 9788571.613526601,
        "q1_ns": 4224263.210102419,
        "q3_ns": 14012834.82362902
      },
      "futex_op_counts": {
        "128": 468
      },
      "first_seen_ts_ns": 3068341368993,
      "last_seen_ts_ns": 3090370823088
    },
    {
      "tgid": 66585,
      "comm": "xhpcg",
      "cgroup_id": 27524,
      "wait_duration_stats_ns": {
        "count": 469.0,
        "sum": 3849865801.999997,
        "mean": 8208669.087420036,
        "median": 5239404.263571837,
        "min": 2700,
        "max": 178527296,
        "variance_ns2": 114167312710910.61,
        "iqr_ns": 6526944.3460153155,
        "q1_ns": 3693170.4811371416,
        "q3_ns": 10220114.827152457
      },
      "futex_op_counts": {
        "128": 469
      },
      "first_seen_ts_ns": 3068341392578,
      "last_seen_ts_ns": 3090370441183
    },
    {
      "tgid": 66586,
      "comm": "xhpcg",
      "cgroup_id": 27524,
      "wait_duration_stats_ns": {
        "count": 477.0,
        "sum": 3822753602.0,
        "mean": 8014158.49475891,
        "median": 5532643.771184888,
        "min": 12356,
        "max": 178262638,
        "variance_ns2": 109255520976297.86,
        "iqr_ns": 7318660.007924817,
        "q1_ns": 3460082.649942751,
        "q3_ns": 10778742.657867568
      },
      "futex_op_counts": {
        "128": 477
      },
      "first_seen_ts_ns": 3068341376898,
      "last_seen_ts_ns": 3090370440800
    },
    {
      "tgid": 66582,
      "comm": "xhpcg",
      "cgroup_id": 27524,
      "wait_duration_stats_ns": {
        "count": 431.0,
        "sum": 3779708427.9999976,
        "mean": 8769625.122969832,
        "median": 5456674.334947192,
        "min": 26654,
        "max": 185689650,
        "variance_ns2": 124830574716979.33,
        "iqr_ns": 10149024.515693486,
        "q1_ns": 4258055.934151388,
        "q3_ns": 14407080.449844874
      },
      "futex_op_counts": {
        "128": 431
      },
      "first_seen_ts_ns": 3068341556177,
      "last_seen_ts_ns": 3090370766594
    },
    {
      "tgid": 66583,
      "comm": "xhpcg",
      "cgroup_id": 27524,
      "wait_duration_stats_ns": {
        "count": 442.0,
        "sum": 3760833492.0,
        "mean": 8508673.05882353,
        "median": 5470518.8720587855,
        "min": 2694,
        "max": 179725353,
        "variance_ns2": 120763971982181.9,
        "iqr_ns": 11021581.74228717,
        "q1_ns": 3521881.0550963273,
        "q3_ns": 14543462.797383498
      },
      "futex_op_counts": {
        "128": 442
      },
      "first_seen_ts_ns": 3068341408450,
      "last_seen_ts_ns": 3090370485607
    },
    {
      "tgid": 66584,
      "comm": "xhpcg",
      "cgroup_id": 27524,
      "wait_duration_stats_ns": {
        "count": 445.0,
        "sum": 3662296564.0,
        "mean": 8229879.919101124,
        "median": 5292382.976851502,
        "min": 33784,
        "max": 178488323,
        "variance_ns2": 116527001926011.53,
        "iqr_ns": 10236099.48934359,
        "q1_ns": 3589599.1427671425,
        "q3_ns": 13825698.632110732
      },
      "futex_op_counts": {
        "128": 445
      },
      "first_seen_ts_ns": 3068341646835,
      "last_seen_ts_ns": 3090370430614
    },
    {
      "tgid": 66608,
      "comm": "runc",
      "cgroup_id": 4085,
      "wait_duration_stats_ns": {
        "count": 292.0,
        "sum": 3609118052.000001,
        "mean": 12359993.328767126,
        "median": 2650713.1939163753,
        "min": 1945,
        "max": 380342659,
        "variance_ns2": 1828539301424495.0,
        "iqr_ns": 15016603.977099152,
        "q1_ns": 55453.84630234467,
        "q3_ns": 15072057.823401498
      },
      "futex_op_counts": {
        "128": 292
      },
      "first_seen_ts_ns": 3070192206804,
      "last_seen_ts_ns": 3070680765651
    },
    {
      "tgid": 66592,
      "comm": "xhpcg",
      "cgroup_id": 27524,
      "wait_duration_stats_ns": {
        "count": 408.0,
        "sum": 3604297410.9999986,
        "mean": 8834062.281862741,
        "median": 5786627.0357072735,
        "min": 29824,
        "max": 178012152,
        "variance_ns2": 126300278759823.64,
        "iqr_ns": 9861418.526481366,
        "q1_ns": 3361462.8210550738,
        "q3_ns": 13222881.34753644
      },
      "futex_op_counts": {
        "128": 408
      },
      "first_seen_ts_ns": 3068341530835,
      "last_seen_ts_ns": 3090370432747
    },
    {
      "tgid": 66750,
      "comm": "runc",
      "cgroup_id": 4085,
      "wait_duration_stats_ns": {
        "count": 280.0,
        "sum": 3268586069.000001,
        "mean": 11673521.675000003,
        "median": 3389228.4473924646,
        "min": 583,
        "max": 400294101,
        "variance_ns2": 1947650744480849.8,
        "iqr_ns": 12825316.323693635,
        "q1_ns": 73025.73703030405,
        "q3_ns": 12898342.06072394
      },
      "futex_op_counts": {
        "128": 280
      },
      "first_seen_ts_ns": 3083770044420,
      "last_seen_ts_ns": 3084230628050
    },
    {
      "tgid": 4303,
      "comm": "amazon-ssm-agen",
      "cgroup_id": 3429,
      "wait_duration_stats_ns": {
        "count": 4.0,
        "sum": 2994799070.0,
        "mean": 748699767.5,
        "median": 1000774395.0,
        "min": 189155,
        "max": 1001241992,
        "variance_ns2": 2.4902383214020954e+17,
        "iqr_ns": 8648464.0,
        "q1_ns": 992593528.0,
        "q3_ns": 1001241992.0
      },
      "futex_op_counts": {
        "128": 4
      },
      "first_seen_ts_ns": 3124150296733,
      "last_seen_ts_ns": 3125151342530
    },
    {
      "tgid": 66855,
      "comm": "runc",
      "cgroup_id": 4085,
      "wait_duration_stats_ns": {
        "count": 371.0,
        "sum": 2946348345.9999995,
        "mean": 7941639.746630726,
        "median": 982360.2611243603,
        "min": 9867,
        "max": 396513390,
        "variance_ns2": 1323945946006801.8,
        "iqr_ns": 2430404.5593347307,
        "q1_ns": 49814.20363429872,
        "q3_ns": 2480218.7629690296
      },
      "futex_op_counts": {
        "128": 371
      },
      "first_seen_ts_ns": 3100220052244,
      "last_seen_ts_ns": 3100650812824
    },
    {
      "tgid": 66907,
      "comm": "runc",
      "cgroup_id": 4085,
      "wait_duration_stats_ns": {
        "count": 330.0,
        "sum": 2739226922.9999995,
        "mean": 8300687.645454544,
        "median": 732937.3974368966,
        "min": 1244,
        "max": 385717567,
        "variance_ns2": 1295861472330357.5,
        "iqr_ns": 12933350.17710253,
        "q1_ns": 61871.05433311094,
        "q3_ns": 12995221.231435642
      },
      "futex_op_counts": {
        "128": 330
      },
      "first_seen_ts_ns": 3103770042072,
      "last_seen_ts_ns": 3104179579018
    },
    {
      "tgid": 66827,
      "comm": "runc",
      "cgroup_id": 4085,
      "wait_duration_stats_ns": {
        "count": 225.0,
        "sum": 2674314854.9999995,
        "mean": 11885843.799999999,
        "median": 291092.2864490731,
        "min": 8302,
        "max": 253450749,
        "variance_ns2": 2094614548234318.2,
        "iqr_ns": 4986193.318898989,
        "q1_ns": 75496.17696639172,
        "q3_ns": 5061689.49586538
      },
      "futex_op_counts": {
        "128": 225
      },
      "first_seen_ts_ns": 3093765462565,
      "last_seen_ts_ns": 3094063868600
    },
    {
      "tgid": 66932,
      "comm": "runc",
      "cgroup_id": 4085,
      "wait_duration_stats_ns": {
        "count": 347.0,
        "sum": 2410463262.0,
        "mean": 6946580.005763689,
        "median": 242241.26244939564,
        "min": 737,
        "max": 395118065,
        "variance_ns2": 1602672266309470.2,
        "iqr_ns": 1478801.2378963213,
        "q1_ns": 34949.53224117511,
        "q3_ns": 1513750.7701374965
      },
      "futex_op_counts": {
        "128": 347
      },
      "first_seen_ts_ns": 3110196731165,
      "last_seen_ts_ns": 3110610687882
    },
    {
      "tgid": 66885,
      "comm": "xhpcg",
      "cgroup_id": 27524,
      "wait_duration_stats_ns": {
        "count": 161.0,
        "sum": 1298077480.9999995,
        "mean": 8062593.049689438,
        "median": 5254705.844282886,
        "min": 32387,
        "max": 48487075,
        "variance_ns2": 51994695534539.875,
        "iqr_ns": 8642261.441818023,
        "q1_ns": 4450963.669648681,
        "q3_ns": 13093225.111466704
      },
      "futex_op_counts": {
        "128": 161
      },
      "first_seen_ts_ns": 3102129793945,
      "last_seen_ts_ns": 3119578644525
    },
    {
      "tgid": 66888,
      "comm": "xhpcg",
      "cgroup_id": 27524,
      "wait_duration_stats_ns": {
        "count": 161.0,
        "sum": 1292362890.0000005,
        "mean": 8027098.695652177,
        "median": 5188123.149429262,
        "min": 30688,
        "max": 47980377,
        "variance_ns2": 48787801093885.2,
        "iqr_ns": 8253980.148032262,
        "q1_ns": 4314181.393104079,
        "q3_ns": 12568161.541136341
      },
      "futex_op_counts": {
        "128": 161
      },
      "first_seen_ts_ns": 3102129870892,
      "last_seen_ts_ns": 3119578541251
    },
    {
      "tgid": 66890,
      "comm": "xhpcg",
      "cgroup_id": 27524,
      "wait_duration_stats_ns": {
        "count": 153.0,
        "sum": 1265133667.9999998,
        "mean": 8268847.503267973,
        "median": 5964136.915751975,
        "min": 2670,
        "max": 47898417,
        "variance_ns2": 53112152945873.875,
        "iqr_ns": 7876291.497215153,
        "q1_ns": 4533616.244357252,
        "q3_ns": 12409907.741572404
      },
      "futex_op_counts": {
        "128": 153
      },
      "first_seen_ts_ns": 3102129917055,
      "last_seen_ts_ns": 3119578620668
    },
    {
      "tgid": 66886,
      "comm": "xhpcg",
      "cgroup_id": 27524,
      "wait_duration_stats_ns": {
        "count": 161.0,
        "sum": 1265012976.0,
        "mean": 7857223.453416149,
        "median": 5140431.533121208,
        "min": 36697,
        "max": 47980278,
        "variance_ns2": 55224691580085.59,
        "iqr_ns": 8175340.202038281,
        "q1_ns": 3421449.363829672,
        "q3_ns": 11596789.565867953
      },
      "futex_op_counts": {
        "128": 161
      },
      "first_seen_ts_ns": 3102129834231,
      "last_seen_ts_ns": 3119578640624
    },
    {
      "tgid": 66893,
      "comm": "xhpcg",
      "cgroup_id": 27524,
      "wait_duration_stats_ns": {
        "count": 151.0,
        "sum": 1261628610.0000002,
        "mean": 8355156.357615896,
        "median": 5370756.358654416,
        "min": 51617,
        "max": 47900558,
        "variance_ns2": 48735900673576.76,
        "iqr_ns": 9673691.128626145,
        "q1_ns": 4770971.03343087,
        "q3_ns": 14444662.162057014
      },
      "futex_op_counts": {
        "128": 151
      },
      "first_seen_ts_ns": 3102130020990,
      "last_seen_ts_ns": 3119578658596
    },
    {
      "tgid": 66884,
      "comm": "xhpcg",
      "cgroup_id": 27524,
      "wait_duration_stats_ns": {
        "count": 150.0,
        "sum": 1258342783.9999995,
        "mean": 8388951.89333333,
        "median": 5544772.296289684,
        "min": 3418,
        "max": 47955797,
        "variance_ns2": 52294007847864.266,
        "iqr_ns": 9330160.373517176,
        "q1_ns": 4523717.25381094,
        "q3_ns": 13853877.627328116
      },
      "futex_op_counts": {
        "128": 150
      },
      "first_seen_ts_ns": 3102129829416,
      "last_seen_ts_ns": 3119578655913
    },
    {
      "tgid": 66942,
      "comm": "runc:[2:INIT]",
      "cgroup_id": 5011,
      "wait_duration_stats_ns": {
        "count": 25.0,
        "sum": 1250154191.9999998,
        "mean": 50006167.67999999,
        "median": 30153312.76217071,
        "min": 1319,
        "max": 198606934,
        "variance_ns2": 4731793829057697.0,
        "iqr_ns": 37888694.49427214,
        "q1_ns": 17482404.517174482,
        "q3_ns": 55371099.011446625
      },
      "futex_op_counts": {
        "128": 25
      },
      "first_seen_ts_ns": 3110351576252,
      "last_seen_ts_ns": 3110620038105
    },
    {
      "tgid": 66887,
      "comm": "xhpcg",
      "cgroup_id": 27524,
      "wait_duration_stats_ns": {
        "count": 146.0,
        "sum": 1242399391.9999998,
        "mean": 8509584.876712328,
        "median": 5407370.368494257,
        "min": 42494,
        "max": 47993010,
        "variance_ns2": 53835589761632.79,
        "iqr_ns": 9910438.516548049,
        "q1_ns": 4452938.630498449,
        "q3_ns": 14363377.147046499
      },
      "futex_op_counts": {
        "128": 146
      },
      "first_seen_ts_ns": 3102129755972,
      "last_seen_ts_ns": 3119578528357
    },
    {
      "tgid": 66883,
      "comm": "xhpcg",
      "cgroup_id": 27524,
      "wait_duration_stats_ns": {
        "count": 130.0,
        "sum": 1216738380.9999998,
        "mean": 9359526.007692305,
        "median": 6453220.746886323,
        "min": 39511,
        "max": 47763072,
        "variance_ns2": 63161490080709.64,
        "iqr_ns": 11516651.408196708,
        "q1_ns": 4117746.732459538,
        "q3_ns": 15634398.140656246
      },
      "futex_op_counts": {
        "128": 130
      },
      "first_seen_ts_ns": 3102129944358,
      "last_seen_ts_ns": 3119578687380
    },
    {
      "tgid": 66762,
      "comm": "runc:[2:INIT]",
      "cgroup_id": 5011,
      "wait_duration_stats_ns": {
        "count": 29.0,
        "sum": 1114036402.0,
        "mean": 38415048.344827585,
        "median": 14566232.223374303,
        "min": 1764,
        "max": 199759779,
        "variance_ns2": 3280424494785364.0,
        "iqr_ns": 25542008.83576005,
        "q1_ns": 9739729.997854663,
        "q3_ns": 35281738.833614714
      },
      "futex_op_counts": {
        "128": 29
      },
      "first_seen_ts_ns": 3084010048391,
      "last_seen_ts_ns": 3084234197633
    },
    {
      "tgid": 66967,
      "comm": "runc:[2:INIT]",
      "cgroup_id": 5011,
      "wait_duration_stats_ns": {
        "count": 26.0,
        "sum": 1046003803.0000002,
        "mean": 40230915.50000001,
        "median": 19560971.72733039,
        "min": 2358725,
        "max": 179876655,
        "variance_ns2": 2318479200553248.5,
        "iqr_ns": 33074549.391754508,
        "q1_ns": 14322122.990905702,
        "q3_ns": 47396672.38266021
      },
      "futex_op_counts": {
        "128": 26
      },
      "first_seen_ts_ns": 3114070040128,
      "last_seen_ts_ns": 3114300048527
    },
    {
      "tgid": 66620,
      "comm": "runc:[2:INIT]",
      "cgroup_id": 5011,
      "wait_duration_stats_ns": {
        "count": 27.0,
        "sum": 1020216055.0,
        "mean": 37785779.81481481,
        "median": 20094934.790409654,
        "min": 32335,
        "max": 169878887,
        "variance_ns2": 2748781846578097.0,
        "iqr_ns": 23438632.466843996,
        "q1_ns": 6012137.540945598,
        "q3_ns": 29450770.007789593
      },
      "futex_op_counts": {
        "128": 27
      },
      "first_seen_ts_ns": 3070480038798,
      "last_seen_ts_ns": 3070700075171
    },
    {
      "tgid": 66774,
      "comm": "runc",
      "cgroup_id": 4085,
      "wait_duration_stats_ns": {
        "count": 227.0,
        "sum": 908460601.0000001,
        "mean": 4002029.0792951547,
        "median": 192283.3681975798,
        "min": 6814,
        "max": 165627296,
        "variance_ns2": 397758472987578.06,
        "iqr_ns": 8488832.955270993,
        "q1_ns": 36822.62365730065,
        "q3_ns": 8525655.578928294
      },
      "futex_op_counts": {
        "128": 227
      },
      "first_seen_ts_ns": 3090220045905,
      "last_seen_ts_ns": 3090402499483
    },
    {
      "tgid": 66634,
      "comm": "runc",
      "cgroup_id": 4085,
      "wait_duration_stats_ns": {
        "count": 386.0,
        "sum": 860341491.9999994,
        "mean": 2228863.9689119156,
        "median": 170620.78931238313,
        "min": 9553,
        "max": 106444700,
        "variance_ns2": 120727276267915.73,
        "iqr_ns": 303967.13670607505,
        "q1_ns": 18860.442575064775,
        "q3_ns": 322827.5792811398
      },
      "futex_op_counts": {
        "128": 386
      },
      "first_seen_ts_ns": 3073770042433,
      "last_seen_ts_ns": 3073946553095
    },
    {
      "tgid": 66918,
      "comm": "runc:[2:INIT]",
      "cgroup_id": 5011,
      "wait_duration_stats_ns": {
        "count": 25.0,
        "sum": 785502904.9999998,
        "mean": 31420116.19999999,
        "median": 15982351.74639667,
        "min": 38683,
        "max": 127964990,
        "variance_ns2": 1567963688742929.2,
        "iqr_ns": 48327969.324376516,
        "q1_ns": 8235106.018447123,
        "q3_ns": 56563075.34282364
      },
      "futex_op_counts": {
        "128": 25
      },
      "first_seen_ts_ns": 3104020056107,
      "last_seen_ts_ns": 3104180165622
    },
    {
      "tgid": 66866,
      "comm": "runc:[2:INIT]",
      "cgroup_id": 5011,
      "wait_duration_stats_ns": {
        "count": 31.0,
        "sum": 783208020.0,
        "mean": 25264774.83870968,
        "median": 21216129.28205324,
        "min": 17759,
        "max": 119963743,
        "variance_ns2": 721035786584735.4,
        "iqr_ns": 23377007.832172006,
        "q1_ns": 9864843.85,
        "q3_ns": 33241851.682172004
      },
      "futex_op_counts": {
        "128": 31
      },
      "first_seen_ts_ns": 3100490038143,
      "last_seen_ts_ns": 3100670087207
    },
    {
      "tgid": 66841,
      "comm": "runc:[2:INIT]",
      "cgroup_id": 5011,
      "wait_duration_stats_ns": {
        "count": 25.0,
        "sum": 761961498.0000001,
        "mean": 30478459.920000006,
        "median": 4605008.312681088,
        "min": 902,
        "max": 162924115,
        "variance_ns2": 2952295326817351.5,
        "iqr_ns": 57753299.199066326,
        "q1_ns": 518971.8162449767,
        "q3_ns": 58272271.0153113
      },
      "futex_op_counts": {
        "128": 25
      },
      "first_seen_ts_ns": 3093910058022,
      "last_seen_ts_ns": 3094063999600
    },
    {
      "tgid": 66808,
      "comm": "xhpcg",
      "cgroup_id": 27524,
      "wait_duration_stats_ns": {
        "count": 91.0,
        "sum": 713816427.9999996,
        "mean": 7844136.571428568,
        "median": 4630588.463437434,
        "min": 86580,
        "max": 47860973,
        "variance_ns2": 61621084100705.53,
        "iqr_ns": 7489255.33625057,
        "q1_ns": 3830876.191473912,
        "q3_ns": 11320131.527724482
      },
      "futex_op_counts": {
        "128": 91
      },
      "first_seen_ts_ns": 3090998420661,
      "last_seen_ts_ns": 3101503894542
    },
    {
      "tgid": 66812,
      "comm": "xhpcg",
      "cgroup_id": 27524,
      "wait_duration_stats_ns": {
        "count": 90.0,
        "sum": 702669762.9999999,
        "mean": 7807441.811111109,
        "median": 5300455.850817431,
        "min": 64411,
        "max": 48527236,
        "variance_ns2": 56197428416737.27,
        "iqr_ns": 6154575.1890452085,
        "q1_ns": 3997982.0300873024,
        "q3_ns": 10152557.219132511
      },
      "futex_op_counts": {
        "128": 90
      },
      "first_seen_ts_ns": 3090998728444,
      "last_seen_ts_ns": 3101503760937
    },
    {
      "tgid": 66806,
      "comm": "xhpcg",
      "cgroup_id": 27524,
      "wait_duration_stats_ns": {
        "count": 97.0,
        "sum": 690208206.0000002,
        "mean": 7115548.51546392,
        "median": 5256599.037690206,
        "min": 26281,
        "max": 47857766,
        "variance_ns2": 46191842710811.766,
        "iqr_ns": 8627332.349475227,
        "q1_ns": 3625269.0542881,
        "q3_ns": 12252601.403763328
      },
      "futex_op_counts": {
        "128": 97
      },
      "first_seen_ts_ns": 3090998495457,
      "last_seen_ts_ns": 3101503957963
    },
    {
      "tgid": 66803,
      "comm": "xhpcg",
      "cgroup_id": 27524,
      "wait_duration_stats_ns": {
        "count": 86.0,
        "sum": 686118796.9999998,
        "mean": 7978125.546511625,
        "median": 4970004.012427109,
        "min": 71908,
        "max": 47678446,
        "variance_ns2": 64934820045875.88,
        "iqr_ns": 9747934.53448475,
        "q1_ns": 3360291.482709006,
        "q3_ns": 13108226.017193755
      },
      "futex_op_counts": {
        "128": 86
      },
      "first_seen_ts_ns": 3090998640598,
      "last_seen_ts_ns": 3101504019389
    },
    {
      "tgid": 66805,
      "comm": "xhpcg",
      "cgroup_id": 27524,
      "wait_duration_stats_ns": {
        "count": 93.0,
        "sum": 674331217.9999998,
        "mean": 7250873.311827955,
        "median": 4138494.0809063767,
        "min": 55809,
        "max": 47783478,
        "variance_ns2": 64258750918475.26,
        "iqr_ns": 8046817.470601925,
        "q1_ns": 2152038.7505854247,
        "q3_ns": 10198856.22118735
      },
      "futex_op_counts": {
        "128": 93
      },
      "first_seen_ts_ns": 3090998377588,
      "last_seen_ts_ns": 3101503940534
    },
    {
      "tgid": 66810,
      "comm": "xhpcg",
      "cgroup_id": 27524,
      "wait_duration_stats_ns": {
        "count": 72.0,
        "sum": 646831388.9999998,
        "mean": 8983769.291666664,
        "median": 5427344.796177368,
        "min": 55414,
        "max": 48054623,
        "variance_ns2": 78206252976021.28,
        "iqr_ns": 12339991.154897552,
        "q1_ns": 2687401.563710994,
        "q3_ns": 15027392.718608547
      },
      "futex_op_counts": {
        "128": 72
      },
      "first_seen_ts_ns": 3090998347925,
      "last_seen_ts_ns": 3101503946145
    },
    {
      "tgid": 66804,
      "comm": "xhpcg",
      "cgroup_id": 27524,
      "wait_duration_stats_ns": {
        "count": 73.0,
        "sum": 643958389.0000001,
        "mean": 8821347.79452055,
        "median": 5529667.787088916,
        "min": 109711,
        "max": 48124442,
        "variance_ns2": 78698397557285.84,
        "iqr_ns": 12418407.9074823,
        "q1_ns": 2687554.895385652,
        "q3_ns": 15105962.80286795
      },
      "futex_op_counts": {
        "128": 73
      },
      "first_seen_ts_ns": 3090998342497,
      "last_seen_ts_ns": 3101503958922
    },
    {
      "tgid": 66712,
      "comm": "runc",
      "cgroup_id": 4085,
      "wait_duration_stats_ns": {
        "count": 317.0,
        "sum": 637411378.0000001,
        "mean": 2010761.444794953,
        "median": 87103.52166778946,
        "min": 6741,
        "max": 107687893,
        "variance_ns2": 174616576689985.12,
        "iqr_ns": 395076.44651141344,
        "q1_ns": 20161.668423210995,
        "q3_ns": 415238.1149346244
      },
      "futex_op_counts": {
        "128": 317
      },
      "first_seen_ts_ns": 3080192019507,
      "last_seen_ts_ns": 3080303686943
    },
    {
      "tgid": 66807,
      "comm": "xhpcg",
      "cgroup_id": 27524,
      "wait_duration_stats_ns": {
        "count": 70.0,
        "sum": 635040149.0000004,
        "mean": 9072002.128571434,
        "median": 5847778.055300856,
        "min": 81177,
        "max": 47985093,
        "variance_ns2": 79189965790828.38,
        "iqr_ns": 12156997.377916757,
        "q1_ns": 3028843.0234736875,
        "q3_ns": 15185840.401390444
      },
      "futex_op_counts": {
        "128": 70
      },
      "first_seen_ts_ns": 3090998394684,
      "last_seen_ts_ns": 3101503967393
    },
    {
      "tgid": 67207,
      "comm": "runc",
      "cgroup_id": 4085,
      "wait_duration_stats_ns": {
        "count": 420.0,
        "sum": 538076586.0,
        "mean": 1281134.7285714285,
        "median": 57898.190255079215,
        "min": 1942,
        "max": 90925536,
        "variance_ns2": 100576751330466.33,
        "iqr_ns": 268894.71433878754,
        "q1_ns": 15650.345070255995,
        "q3_ns": 284545.0594090435
      },
      "futex_op_counts": {
        "128": 420
      },
      "first_seen_ts_ns": 3123748682748,
      "last_seen_ts_ns": 3123842399994
    },
    {
      "tgid": 66722,
      "comm": "runc:[2:INIT]",
      "cgroup_id": 5011,
      "wait_duration_stats_ns": {
        "count": 22.0,
        "sum": 485719380.0,
        "mean": 22078153.636363637,
        "median": 2471350.5664,
        "min": 13839,
        "max": 97714662,
        "variance_ns2": 1676106450957311.0,
        "iqr_ns": 40324583.26812751,
        "q1_ns": 53421.0,
        "q3_ns": 40378004.26812751
      },
      "futex_op_counts": {
        "128": 22
      },
      "first_seen_ts_ns": 3080205394332,
      "last_seen_ts_ns": 3080303720844
    },
    {
      "tgid": 67022,
      "comm": "runc",
      "cgroup_id": 4085,
      "wait_duration_stats_ns": {
        "count": 428.0,
        "sum": 456220989.0000001,
        "mean": 1065936.890186916,
        "median": 50542.36742275043,
        "min": 1879,
        "max": 77632154,
        "variance_ns2": 70351319330339.125,
        "iqr_ns": 161022.09639876633,
        "q1_ns": 15462.615838312884,
        "q3_ns": 176484.71223707922
      },
      "futex_op_counts": {
        "128": 428
      },
      "first_seen_ts_ns": 3120191695023,
      "last_seen_ts_ns": 3120272058519
    },
    {
      "tgid": 67217,
      "comm": "runc:[2:INIT]",
      "cgroup_id": 5011,
      "wait_duration_stats_ns": {
        "count": 23.0,
        "sum": 425165090.00000006,
        "mean": 18485438.695652176,
        "median": 1264097.2152507552,
        "min": 2819,
        "max": 85395722,
        "variance_ns2": 1254543887122782.2,
        "iqr_ns": 29940859.071713954,
        "q1_ns": 197978.3199031576,
        "q3_ns": 30138837.39161711
      },
      "futex_op_counts": {
        "128": 23
      },
      "first_seen_ts_ns": 3123756553654,
      "last_seen_ts_ns": 3123842319938
    },
    {
      "tgid": 66644,
      "comm": "runc:[2:INIT]",
      "cgroup_id": 5011,
      "wait_duration_stats_ns": {
        "count": 27.0,
        "sum": 361316227.0000001,
        "mean": 13382082.481481485,
        "median": 831271.1964339741,
        "min": 2736,
        "max": 72330326,
        "variance_ns2": 653709268888324.4,
        "iqr_ns": 11109060.049450621,
        "q1_ns": 136886.83196026238,
        "q3_ns": 11245946.881410884
      },
      "futex_op_counts": {
        "128": 27
      },
      "first_seen_ts_ns": 3073873306905,
      "last_seen_ts_ns": 3073946689758
    },
    {
      "tgid": 67046,
      "comm": "runc:[2:INIT]",
      "cgroup_id": 5011,
      "wait_duration_stats_ns": {
        "count": 25.0,
        "sum": 359113414.99999994,
        "mean": 14364536.599999998,
        "median": 873921.4478661615,
        "min": 462,
        "max": 72225130,
        "variance_ns2": 831980265621513.4,
        "iqr_ns": 14035387.223134916,
        "q1_ns": 129206.71509412746,
        "q3_ns": 14164593.938229043
      },
      "futex_op_counts": {
        "128": 25
      },
      "first_seen_ts_ns": 3120199566608,
      "last_seen_ts_ns": 3120272101709
    },
    {
      "tgid": 66762,
      "comm": "grpc-health-pro",
      "cgroup_id": 5011,
      "wait_duration_stats_ns": {
        "count": 14.0,
        "sum": 334446148.00000006,
        "mean": 23889010.571428575,
        "median": 21869157.43466667,
        "min": 9194504,
        "max": 49999776,
        "variance_ns2": 173431184878856.53,
        "iqr_ns": 15550666.038695619,
        "q1_ns": 12773657.3975,
        "q3_ns": 28324323.43619562
      },
      "futex_op_counts": {
        "128": 14
      },
      "first_seen_ts_ns": 3084250046913,
      "last_seen_ts_ns": 3084320056954
    },
    {
      "tgid": 66784,
      "comm": "runc:[2:INIT]",
      "cgroup_id": 5011,
      "wait_duration_stats_ns": {
        "count": 22.0,
        "sum": 285965350.0,
        "mean": 12998425.0,
        "median": 1575760.4852557322,
        "min": 12953,
        "max": 62024326,
        "variance_ns2": 402870959354532.7,
        "iqr_ns": 25222348.886026353,
        "q1_ns": 206804.40740740742,
        "q3_ns": 25429153.29343376
      },
      "futex_op_counts": {
        "128": 22
      },
      "first_seen_ts_ns": 3090350046875,
      "last_seen_ts_ns": 3090402534162
    },
    {
      "tgid": 66942,
      "comm": "grpc-health-pro",
      "cgroup_id": 5011,
      "wait_duration_stats_ns": {
        "count": 15.0,
        "sum": 235694133.0,
        "mean": 15712942.2,
        "median": 12313255.351666667,
        "min": 22185,
        "max": 37872193,
        "variance_ns2": 159916388803625.6,
        "iqr_ns": 16364381.763461577,
        "q1_ns": 5864794.513333334,
        "q3_ns": 22229176.27679491
      },
      "futex_op_counts": {
        "128": 15
      },
      "first_seen_ts_ns": 3110650042699,
      "last_seen_ts_ns": 3110690133421
    },
    {
      "tgid": 66620,
      "comm": "grpc-health-pro",
      "cgroup_id": 5011,
      "wait_duration_stats_ns": {
        "count": 17.0,
        "sum": 217630092.99999997,
        "mean": 12801770.176470587,
        "median": 9320600.30922923,
        "min": 980,
        "max": 39987040,
        "variance_ns2": 181257116425593.78,
        "iqr_ns": 19402824.784099735,
        "q1_ns": 3318586.191036785,
        "q3_ns": 22721410.97513652
      },
      "futex_op_counts": {
        "128": 17
      },
      "first_seen_ts_ns": 3070715481994,
      "last_seen_ts_ns": 3070760217206
    },
    {
      "tgid": 66841,
      "comm": "grpc-health-pro",
      "cgroup_id": 5011,
      "wait_duration_stats_ns": {
        "count": 12.0,
        "sum": 138474310.0,
        "mean": 11539525.833333334,
        "median": 9968136.0,
        "min": 17583,
        "max": 29886883,
        "variance_ns2": 78653428490775.06,
        "iqr_ns": 17181859.671296295,
        "q1_ns": 3167845.75,
        "q3_ns": 20349705.421296295
      },
      "futex_op_counts": {
        "128": 12
      },
      "first_seen_ts_ns": 3094080048189,
      "last_seen_ts_ns": 3094110098471
    },
    {
      "tgid": 66918,
      "comm": "grpc-health-pro",
      "cgroup_id": 5011,
      "wait_duration_stats_ns": {
        "count": 14.0,
        "sum": 80387977.0,
        "mean": 5741998.357142857,
        "median": 2024687.3312500003,
        "min": 6454,
        "max": 18722763,
        "variance_ns2": 36302091833641.32,
        "iqr_ns": 7966087.821981979,
        "q1_ns": 483525.6870703125,
        "q3_ns": 8449613.509052292
      },
      "futex_op_counts": {
        "128": 14
      },
      "first_seen_ts_ns": 3104188835553,
      "last_seen_ts_ns": 3104210061522
    },
    {
      "tgid": 66702,
      "comm": "aws-cni",
      "cgroup_id": 4085,
      "wait_duration_stats_ns": {
        "count": 112.0,
        "sum": 79506674.00000001,
        "mean": 709881.017857143,
        "median": 133725.5887045023,
        "min": 2157,
        "max": 8601366,
        "variance_ns2": 3120524683491.4956,
        "iqr_ns": 374251.5722935567,
        "q1_ns": 39735.76697026518,
        "q3_ns": 413987.3392638219
      },
      "futex_op_counts": {
        "128": 112
      },
      "first_seen_ts_ns": 3079375199587,
      "last_seen_ts_ns": 3079392042557
    },
    {
      "tgid": 66675,
      "comm": "aws-cni",
      "cgroup_id": 4085,
      "wait_duration_stats_ns": {
        "count": 143.0,
        "sum": 68262738.00000001,
        "mean": 477361.8041958043,
        "median": 106631.75449287226,
        "min": 697,
        "max": 9375797,
        "variance_ns2": 2073963417287.779,
        "iqr_ns": 397304.920573823,
        "q1_ns": 29508.850950222997,
        "q3_ns": 426813.77152404597
      },
      "futex_op_counts": {
        "128": 143
      },
      "first_seen_ts_ns": 3079340481640,
      "last_seen_ts_ns": 3079356270216
    },
    {
      "tgid": 66967,
      "comm": "grpc-health-pro",
      "cgroup_id": 5011,
      "wait_duration_stats_ns": {
        "count": 11.0,
        "sum": 66796587.0,
        "mean": 6072417.0,
        "median": 6320203.038888888,
        "min": 35593,
        "max": 16782045,
        "variance_ns2": 32098736514933.8,
        "iqr_ns": 9070658.23148148,
        "q1_ns": 3040195.5462962966,
        "q3_ns": 12110853.777777776
      },
      "futex_op_counts": {
        "128": 11
      },
      "first_seen_ts_ns": 3114320044380,
      "last_seen_ts_ns": 3114335094879
    },
    {
      "tgid": 66644,
      "comm": "grpc-health-pro",
      "cgroup_id": 5011,
      "wait_duration_stats_ns": {
        "count": 30.0,
        "sum": 42527684.0,
        "mean": 1417589.4666666666,
        "median": 202582.65892776212,
        "min": 15442,
        "max": 7888758,
        "variance_ns2": 6812850365517.155,
        "iqr_ns": 692649.6376666459,
        "q1_ns": 42307.17875267095,
        "q3_ns": 734956.8164193169
      },
      "futex_op_counts": {
        "128": 30
      },
      "first_seen_ts_ns": 3073949633544,
      "last_seen_ts_ns": 3073959168529
    },
    {
      "tgid": 66866,
      "comm": "grpc-health-pro",
      "cgroup_id": 5011,
      "wait_duration_stats_ns": {
        "count": 12.0,
        "sum": 35744174.0,
        "mean": 2978681.1666666665,
        "median": 1451829.5166666668,
        "min": 14401,
        "max": 9981320,
        "variance_ns2": 11186280868009.06,
        "iqr_ns": 3141317.185185185,
        "q1_ns": 166370.0,
        "q3_ns": 3307687.185185185
      },
      "futex_op_counts": {
        "128": 12
      },
      "first_seen_ts_ns": 3100693882865,
      "last_seen_ts_ns": 3100710050392
    },
    {
      "tgid": 66669,
      "comm": "egress-cni",
      "cgroup_id": 4085,
      "wait_duration_stats_ns": {
        "count": 11.0,
        "sum": 24543566.000000004,
        "mean": 2231233.272727273,
        "median": 635758.7166666666,
        "min": 21028,
        "max": 6566533,
        "variance_ns2": 6753828903114.418,
        "iqr_ns": 2003968.02037037,
        "q1_ns": 389591.8824074075,
        "q3_ns": 2393559.9027777775
      },
      "futex_op_counts": {
        "128": 11
      },
      "first_seen_ts_ns": 3079329065310,
      "last_seen_ts_ns": 3079335670078
    },
    {
      "tgid": 66722,
      "comm": "grpc-health-pro",
      "cgroup_id": 5011,
      "wait_duration_stats_ns": {
        "count": 15.0,
        "sum": 23947977.0,
        "mean": 1596531.8,
        "median": 1128926.9942280503,
        "min": 13530,
        "max": 6460062,
        "variance_ns2": 2904811341269.4575,
        "iqr_ns": 1487834.619925242,
        "q1_ns": 320601.5040740741,
        "q3_ns": 1808436.123999316
      },
      "futex_op_counts": {
        "128": 15
      },
      "first_seen_ts_ns": 3080306841507,
      "last_seen_ts_ns": 3080313585821
    },
    {
      "tgid": 66696,
      "comm": "egress-cni",
      "cgroup_id": 4085,
      "wait_duration_stats_ns": {
        "count": 9.0,
        "sum": 17430459.0,
        "mean": 1936717.6666666667,
        "median": 344472.19444444444,
        "min": 12990,
        "max": 5908401,
        "variance_ns2": 6758505851517.0,
        "iqr_ns": 2075894.6296296297,
        "q1_ns": 36016.0,
        "q3_ns": 2111910.6296296297
      },
      "futex_op_counts": {
        "128": 9
      },
      "first_seen_ts_ns": 3079364894148,
      "last_seen_ts_ns": 3079370895930
    },
    {
      "tgid": 66784,
      "comm": "grpc-health-pro",
      "cgroup_id": 5011,
      "wait_duration_stats_ns": {
        "count": 38.0,
        "sum": 10233478.000000002,
        "mean": 269302.052631579,
        "median": 56369.472195839975,
        "min": 11326,
        "max": 1574911,
        "variance_ns2": 203370054178.4296,
        "iqr_ns": 195346.85541115786,
        "q1_ns": 23183.292874748327,
        "q3_ns": 218530.14828590618
      },
      "futex_op_counts": {
        "128": 38
      },
      "first_seen_ts_ns": 3090404781562,
      "last_seen_ts_ns": 3090407502992
    },
    {
      "tgid": 67046,
      "comm": "grpc-health-pro",
      "cgroup_id": 5011,
      "wait_duration_stats_ns": {
        "count": 34.0,
        "sum": 9513578.0,
        "mean": 279811.1176470588,
        "median": 71067.9285016857,
        "min": 7682,
        "max": 1483149,
        "variance_ns2": 203804187395.92517,
        "iqr_ns": 216001.7783176226,
        "q1_ns": 23767.456234074223,
        "q3_ns": 239769.23455169683
      },
      "futex_op_counts": {
        "128": 34
      },
      "first_seen_ts_ns": 3120274133352,
      "last_seen_ts_ns": 3120276706837
    },
    {
      "tgid": 67217,
      "comm": "grpc-health-pro",
      "cgroup_id": 5011,
      "wait_duration_stats_ns": {
        "count": 37.0,
        "sum": 9491166.999999998,
        "mean": 256518.02702702698,
        "median": 60240.34524682938,
        "min": 755,
        "max": 1444712,
        "variance_ns2": 189990580207.3048,
        "iqr_ns": 222986.06206931762,
        "q1_ns": 21616.75117557956,
        "q3_ns": 244602.81324489717
      },
      "futex_op_counts": {
        "128": 37
      },
      "first_seen_ts_ns": 3123844521737,
      "last_seen_ts_ns": 3123847152238
    },
    {
      "tgid": 66664,
      "comm": "portmap",
      "cgroup_id": 4085,
      "wait_duration_stats_ns": {
        "count": 6.0,
        "sum": 2187609.0,
        "mean": 364601.5,
        "median": 286989.0,
        "min": 31664,
        "max": 738654,
        "variance_ns2": 61054154768.69999,
        "iqr_ns": 0.0,
        "q1_ns": 286989.0,
        "q3_ns": 286989.0
      },
      "futex_op_counts": {
        "128": 6
      },
      "first_seen_ts_ns": 3079321137087,
      "last_seen_ts_ns": 3079321912284
    },
    {
      "tgid": 66691,
      "comm": "portmap",
      "cgroup_id": 4085,
      "wait_duration_stats_ns": {
        "count": 6.0,
        "sum": 2074104.0,
        "mean": 345684.0,
        "median": 267877.0,
        "min": 27894,
        "max": 715767,
        "variance_ns2": 57972582136.8,
        "iqr_ns": 0.0,
        "q1_ns": 267877.0,
        "q3_ns": 267877.0
      },
      "futex_op_counts": {
        "128": 6
      },
      "first_seen_ts_ns": 3079361435123,
      "last_seen_ts_ns": 3079362150417
    },
    {
      "tgid": 66686,
      "comm": "loopback",
      "cgroup_id": 4085,
      "wait_duration_stats_ns": {
        "count": 6.0,
        "sum": 1421741.0,
        "mean": 236956.83333333334,
        "median": 218229.0,
        "min": 31311,
        "max": 494498,
        "variance_ns2": 22558900903.366665,
        "iqr_ns": 27444.666666666657,
        "q1_ns": 218229.0,
        "q3_ns": 245673.66666666666
      },
      "futex_op_counts": {
        "128": 6
      },
      "first_seen_ts_ns": 3079359422922,
      "last_seen_ts_ns": 3079359915605
    },
    {
      "tgid": 66659,
      "comm": "loopback",
      "cgroup_id": 4085,
      "wait_duration_stats_ns": {
        "count": 9.0,
        "sum": 1414102.0,
        "mean": 157122.44444444444,
        "median": 106405.33333333333,
        "min": 11746,
        "max": 484699,
        "variance_ns2": 22641468077.02778,
        "iqr_ns": 135733.81597222222,
        "q1_ns": 38937.0,
        "q3_ns": 174670.81597222222
      },
      "futex_op_counts": {
        "128": 9
      },
      "first_seen_ts_ns": 3079318990026,
      "last_seen_ts_ns": 3079319552562
    },
    {
      "tgid": 66460,
      "comm": "flux-broker-0",
      "cgroup_id": 27524,
      "wait_duration_stats_ns": {
        "count": 312.0,
        "sum": 778989.0,
        "mean": 2496.7596153846152,
        "median": 1124.6527123444607,
        "min": 430,
        "max": 30461,
        "variance_ns2": 10545224.864859022,
        "iqr_ns": 1760.7843703042142,
        "q1_ns": 673.1928485011565,
        "q3_ns": 2433.9772188053707
      },
      "futex_op_counts": {
        "128": 312
      },
      "first_seen_ts_ns": 3067969346202,
      "last_seen_ts_ns": 3127305900388
    }
  ]
}
[02:04:27] Cleanup complete.
