ln: failed to create symbolic link '/mnt/flux/view/lib/python': File exists
ln: failed to create symbolic link '/mnt/flux/view/lib/python3': File exists
unlimited
PROGRAM: futex
Looking for /opt/programs/futex/ebpf-collect.c
[18:46:24] Starting eBPF (Tracepoints for futex syscalls).
[18:46:25] BPF program loaded and tracepoints automatically attached.
[18:46:25] Start Indicator file defined '/mnt/flux/start_ebpf_collection'. Waiting.
[18:46:29] Start indicator found. Proceeding.
[18:46:29] Ring buffers opened. Polling for events...
[18:47:43] 
Indicator file '/mnt/flux/stop_ebpf_collection' found. Stopping.
[18:47:43] Cleaning up BPF resources...
{
  "final_aggregated_futex_summary_river": [
    {
      "tgid": 6252,
      "comm": "kubelet",
      "cgroup_id": 4138,
      "wait_duration_stats_ns": {
        "count": 7524.0,
        "sum": 2405133824190.008,
        "mean": 319661592.7950569,
        "median": 13018956.752480298,
        "min": 770,
        "max": 72944655365,
        "variance_ns2": 1.369404558903144e+19,
        "iqr_ns": 37900892.42955508,
        "q1_ns": 932569.3884916985,
        "q3_ns": 38833461.81804678
      },
      "futex_op_counts": {
        "128": 7524
      },
      "first_seen_ts_ns": 11066122499812,
      "last_seen_ts_ns": 11144727199833
    },
    {
      "tgid": 6208,
      "comm": "containerd",
      "cgroup_id": 4085,
      "wait_duration_stats_ns": {
        "count": 6951.0,
        "sum": 1854349113975.9985,
        "mean": 266774437.34369135,
        "median": 2782766.6423593764,
        "min": 720,
        "max": 29997857167,
        "variance_ns2": 2.2445413698158638e+18,
        "iqr_ns": 95771641.63234288,
        "q1_ns": 84805.98900144994,
        "q3_ns": 95856447.62134433
      },
      "futex_op_counts": {
        "128": 6951
      },
      "first_seen_ts_ns": 11066122850783,
      "last_seen_ts_ns": 11144624970913
    },
    {
      "tgid": 6353,
      "comm": "containerd-shim",
      "cgroup_id": 4085,
      "wait_duration_stats_ns": {
        "count": 894.0,
        "sum": 487235228105.0003,
        "mean": 545005847.9921703,
        "median": 193899.79179575172,
        "min": 960,
        "max": 28494265983,
        "variance_ns2": 3.635586521177763e+18,
        "iqr_ns": 81091605.98019432,
        "q1_ns": 93832.24200006822,
        "q3_ns": 81185438.22219439
      },
      "futex_op_counts": {
        "128": 894
      },
      "first_seen_ts_ns": 11066588213571,
      "last_seen_ts_ns": 11144625473199
    },
    {
      "tgid": 8090,
      "comm": "metrics-server",
      "cgroup_id": 5501,
      "wait_duration_stats_ns": {
        "count": 1727.0,
        "sum": 432431777091.00055,
        "mean": 250394775.38564014,
        "median": 90357603.7054876,
        "min": 1160,
        "max": 30000762608,
        "variance_ns2": 1.6477759438773181e+18,
        "iqr_ns": 160135183.48482856,
        "q1_ns": 25773163.265517186,
        "q3_ns": 185908346.75034574
      },
      "futex_op_counts": {
        "128": 1727
      },
      "first_seen_ts_ns": 11066173615641,
      "last_seen_ts_ns": 11144673468242
    },
    {
      "tgid": 8039,
      "comm": "metrics-server",
      "cgroup_id": 5431,
      "wait_duration_stats_ns": {
        "count": 1539.0,
        "sum": 416344027890.0,
        "mean": 270528933.0019493,
        "median": 129569156.79283272,
        "min": 1210,
        "max": 46909792729,
        "variance_ns2": 3.5265571346580383e+18,
        "iqr_ns": 144021463.61104593,
        "q1_ns": 58016567.30714521,
        "q3_ns": 202038030.91819113
      },
      "futex_op_counts": {
        "128": 1539
      },
      "first_seen_ts_ns": 11066329094614,
      "last_seen_ts_ns": 11144671688148
    },
    {
      "tgid": 9312,
      "comm": "coredns",
      "cgroup_id": 5781,
      "wait_duration_stats_ns": {
        "count": 728.0,
        "sum": 379190533183.0001,
        "mean": 520866117.00961554,
        "median": 286215712.9426603,
        "min": 1250,
        "max": 30005918231,
        "variance_ns2": 1.9618515764075845e+18,
        "iqr_ns": 789326542.0916208,
        "q1_ns": 249685.8223153235,
        "q3_ns": 789576227.9139361
      },
      "futex_op_counts": {
        "128": 728
      },
      "first_seen_ts_ns": 11066280554124,
      "last_seen_ts_ns": 11144668166440
    },
    {
      "tgid": 9423,
      "comm": "coredns",
      "cgroup_id": 5921,
      "wait_duration_stats_ns": {
        "count": 691.0,
        "sum": 377436819976.00037,
        "mean": 546218263.3516648,
        "median": 363770838.36481255,
        "min": 1269,
        "max": 18624534434,
        "variance_ns2": 1.412528813840002e+18,
        "iqr_ns": 719786422.8483403,
        "q1_ns": 353111.64076557726,
        "q3_ns": 720139534.4891058
      },
      "futex_op_counts": {
        "128": 691
      },
      "first_seen_ts_ns": 11066396822294,
      "last_seen_ts_ns": 11144669025516
    },
    {
      "tgid": 272294,
      "comm": "containerd-shim",
      "cgroup_id": 4085,
      "wait_duration_stats_ns": {
        "count": 297.0,
        "sum": 355739824579.9999,
        "mean": 1197777187.1380467,
        "median": 1480229.7540169721,
        "min": 830,
        "max": 30002437484,
        "variance_ns2": 1.4980911552893923e+19,
        "iqr_ns": 9482713.236783521,
        "q1_ns": 849566.2649058008,
        "q3_ns": 10332279.501689322
      },
      "futex_op_counts": {
        "128": 297
      },
      "first_seen_ts_ns": 11070390647395,
      "last_seen_ts_ns": 11144307137283
    },
    {
      "tgid": 7986,
      "comm": "containerd-shim",
      "cgroup_id": 4085,
      "wait_duration_stats_ns": {
        "count": 77.0,
        "sum": 344977661133.0002,
        "mean": 4480229365.363639,
        "median": 1271913176.9710317,
        "min": 920,
        "max": 59998297634,
        "variance_ns2": 7.406329018144866e+19,
        "iqr_ns": 4894534251.664963,
        "q1_ns": 159718831.6987757,
        "q3_ns": 5054253083.363738
      },
      "futex_op_counts": {
        "128": 77
      },
      "first_seen_ts_ns": 11070855485422,
      "last_seen_ts_ns": 11144306651148
    },
    {
      "tgid": 9360,
      "comm": "containerd-shim",
      "cgroup_id": 4085,
      "wait_duration_stats_ns": {
        "count": 95.0,
        "sum": 344975457875.0,
        "mean": 3631320609.2105265,
        "median": 1010379210.8396943,
        "min": 1900,
        "max": 30005932848,
        "variance_ns2": 4.395773448069363e+19,
        "iqr_ns": 5029303765.529881,
        "q1_ns": 210814009.80789012,
        "q3_ns": 5240117775.33777
      },
      "futex_op_counts": {
        "128": 95
      },
      "first_seen_ts_ns": 11070272824716,
      "last_seen_ts_ns": 11144307632668
    },
    {
      "tgid": 10620,
      "comm": "containerd-shim",
      "cgroup_id": 4085,
      "wait_duration_stats_ns": {
        "count": 130.0,
        "sum": 344943277182.9998,
        "mean": 2653409824.484614,
        "median": 120530325.47466649,
        "min": 890,
        "max": 30007422368,
        "variance_ns2": 3.4259840595658523e+19,
        "iqr_ns": 3018899074.0050597,
        "q1_ns": 343838.3373101724,
        "q3_ns": 3019242912.34237
      },
      "futex_op_counts": {
        "128": 130
      },
      "first_seen_ts_ns": 11070850175119,
      "last_seen_ts_ns": 11144303388688
    },
    {
      "tgid": 271831,
      "comm": "containerd-shim",
      "cgroup_id": 4085,
      "wait_duration_stats_ns": {
        "count": 88.0,
        "sum": 344940776629.0,
        "mean": 3919781552.602273,
        "median": 741425620.3028054,
        "min": 980,
        "max": 30005297931,
        "variance_ns2": 5.934145971734422e+19,
        "iqr_ns": 4704776547.091634,
        "q1_ns": 50261918.49959645,
        "q3_ns": 4755038465.59123
      },
      "futex_op_counts": {
        "128": 88
      },
      "first_seen_ts_ns": 11070490174412,
      "last_seen_ts_ns": 11144303904994
    },
    {
      "tgid": 8562,
      "comm": "containerd-shim",
      "cgroup_id": 4085,
      "wait_duration_stats_ns": {
        "count": 80.0,
        "sum": 314989370782.99994,
        "mean": 3937367134.7874994,
        "median": 673017032.7219034,
        "min": 15640,
        "max": 30002554474,
        "variance_ns2": 4.077489550843876e+19,
        "iqr_ns": 6772880342.394054,
        "q1_ns": 117292169.50598687,
        "q3_ns": 6890172511.900042
      },
      "futex_op_counts": {
        "128": 80
      },
      "first_seen_ts_ns": 11070856148552,
      "last_seen_ts_ns": 11144308134784
    },
    {
      "tgid": 7477,
      "comm": "containerd-shim",
      "cgroup_id": 4085,
      "wait_duration_stats_ns": {
        "count": 100.0,
        "sum": 313232071153.00006,
        "mean": 3132320711.5300007,
        "median": 795909804.9984022,
        "min": 680,
        "max": 30004406014,
        "variance_ns2": 3.5364069666090594e+19,
        "iqr_ns": 4148312235.7490425,
        "q1_ns": 71882862.88103366,
        "q3_ns": 4220195098.6300764
      },
      "futex_op_counts": {
        "128": 100
      },
      "first_seen_ts_ns": 11067223146400,
      "last_seen_ts_ns": 11144302316275
    },
    {
      "tgid": 10805,
      "comm": "manager",
      "cgroup_id": 6249,
      "wait_duration_stats_ns": {
        "count": 704.0,
        "sum": 293144369443.9999,
        "mean": 416398252.0511362,
        "median": 244051141.0794524,
        "min": 3770,
        "max": 18992191426,
        "variance_ns2": 1.2220937424577782e+18,
        "iqr_ns": 483585486.73379326,
        "q1_ns": 13635913.356300045,
        "q3_ns": 497221400.0900933
      },
      "futex_op_counts": {
        "128": 704
      },
      "first_seen_ts_ns": 11066521288684,
      "last_seen_ts_ns": 11144441013395
    },
    {
      "tgid": 6820,
      "comm": "aws-k8s-agent",
      "cgroup_id": 5011,
      "wait_duration_stats_ns": {
        "count": 419.0,
        "sum": 285112778274.99994,
        "mean": 680460091.3484485,
        "median": 70752137.8019012,
        "min": 2050,
        "max": 28486299508,
        "variance_ns2": 4.640128419264504e+18,
        "iqr_ns": 865163293.5963355,
        "q1_ns": 1367183.190604811,
        "q3_ns": 866530476.7869403
      },
      "futex_op_counts": {
        "128": 419
      },
      "first_seen_ts_ns": 11066137313626,
      "last_seen_ts_ns": 11142631436226
    },
    {
      "tgid": 6360,
      "comm": "containerd-shim",
      "cgroup_id": 4085,
      "wait_duration_stats_ns": {
        "count": 69.0,
        "sum": 284978396523.0,
        "mean": 4130121688.73913,
        "median": 1900769940.7865908,
        "min": 1371,
        "max": 30001483052,
        "variance_ns2": 4.08326383748587e+19,
        "iqr_ns": 5548085859.60197,
        "q1_ns": 323737007.4321794,
        "q3_ns": 5871822867.034149
      },
      "futex_op_counts": {
        "128": 69
      },
      "first_seen_ts_ns": 11070857441002,
      "last_seen_ts_ns": 11144308665690
    },
    {
      "tgid": 6524,
      "comm": "kube-proxy",
      "cgroup_id": 4871,
      "wait_duration_stats_ns": {
        "count": 77.0,
        "sum": 268429978571.00012,
        "mean": 3486103617.8051963,
        "median": 3418134736.491962,
        "min": 6750,
        "max": 29993263700,
        "variance_ns2": 3.5806844107033494e+19,
        "iqr_ns": 4798906729.833784,
        "q1_ns": 25115209.599664845,
        "q3_ns": 4824021939.433449
      },
      "futex_op_counts": {
        "128": 77
      },
      "first_seen_ts_ns": 11073553672854,
      "last_seen_ts_ns": 11143553937765
    },
    {
      "tgid": 10681,
      "comm": "kube-rbac-proxy",
      "cgroup_id": 6179,
      "wait_duration_stats_ns": {
        "count": 55.0,
        "sum": 244938159874.00003,
        "mean": 4453421088.618182,
        "median": 5002986016.81712,
        "min": 35581,
        "max": 15009879020,
        "variance_ns2": 5.25069021251743e+18,
        "iqr_ns": 443046041.32886696,
        "q1_ns": 4616231932.561554,
        "q3_ns": 5059277973.890421
      },
      "futex_op_counts": {
        "128": 55
      },
      "first_seen_ts_ns": 11071060037655,
      "last_seen_ts_ns": 11141055745410
    },
    {
      "tgid": 6961,
      "comm": "controller",
      "cgroup_id": 5081,
      "wait_duration_stats_ns": {
        "count": 328.0,
        "sum": 220266092208.99982,
        "mean": 671542964.0518287,
        "median": 497422982.151576,
        "min": 2881,
        "max": 10009868977,
        "variance_ns2": 1.8863002432427983e+18,
        "iqr_ns": 9848609.881100357,
        "q1_ns": 489840597.7543565,
        "q3_ns": 499689207.63545686
      },
      "futex_op_counts": {
        "128": 328
      },
      "first_seen_ts_ns": 11066584141066,
      "last_seen_ts_ns": 11144585017316
    },
    {
      "tgid": 6233,
      "comm": "ssm-agent-worke",
      "cgroup_id": 3429,
      "wait_duration_stats_ns": {
        "count": 128.0,
        "sum": 196964095199.0,
        "mean": 1538781993.7421875,
        "median": 1625904259.5503073,
        "min": 10050,
        "max": 20252788361,
        "variance_ns2": 5.575442805601953e+18,
        "iqr_ns": 1856380949.8719935,
        "q1_ns": 242793292.03988594,
        "q3_ns": 2099174241.9118795
      },
      "futex_op_counts": {
        "128": 128
      },
      "first_seen_ts_ns": 11070343282681,
      "last_seen_ts_ns": 11144359482291
    },
    {
      "tgid": 6802,
      "comm": "aws-vpc-cni",
      "cgroup_id": 5011,
      "wait_duration_stats_ns": {
        "count": 1.0,
        "sum": 60005321566.0,
        "mean": 60005321566.0,
        "median": 60005321566.0,
        "min": 60005321566,
        "max": 60005321566,
        "variance_ns2": null,
        "iqr_ns": 0.0,
        "q1_ns": 60005321566.0,
        "q3_ns": 60005321566.0
      },
      "futex_op_counts": {
        "128": 1
      },
      "first_seen_ts_ns": 11126886168509,
      "last_seen_ts_ns": 11126886168509
    },
    {
      "tgid": 272986,
      "comm": "xhpcg",
      "cgroup_id": 93848,
      "wait_duration_stats_ns": {
        "count": 1546.0,
        "sum": 7123461960.00001,
        "mean": 4607672.677878402,
        "median": 2290963.3619095134,
        "min": 64742,
        "max": 38970637,
        "variance_ns2": 36641960043628.734,
        "iqr_ns": 555731.2026054002,
        "q1_ns": 2157406.0070342026,
        "q3_ns": 2713137.209639603
      },
      "futex_op_counts": {
        "128": 1546
      },
      "first_seen_ts_ns": 11070952267695,
      "last_seen_ts_ns": 11094925398693
    },
    {
      "tgid": 272989,
      "comm": "xhpcg",
      "cgroup_id": 93848,
      "wait_duration_stats_ns": {
        "count": 1543.0,
        "sum": 7085740698.999996,
        "mean": 4592184.510045364,
        "median": 2379458.4539624387,
        "min": 33911,
        "max": 43380853,
        "variance_ns2": 34440604339305.15,
        "iqr_ns": 1944192.2630065032,
        "q1_ns": 2262701.8802631614,
        "q3_ns": 4206894.143269665
      },
      "futex_op_counts": {
        "128": 1543
      },
      "first_seen_ts_ns": 11070952016397,
      "last_seen_ts_ns": 11094923905067
    },
    {
      "tgid": 272993,
      "comm": "xhpcg",
      "cgroup_id": 93848,
      "wait_duration_stats_ns": {
        "count": 1534.0,
        "sum": 7078904815.000003,
        "mean": 4614670.674706651,
        "median": 2370423.2010773686,
        "min": 32331,
        "max": 42590739,
        "variance_ns2": 36141495468795.51,
        "iqr_ns": 4033457.0712024197,
        "q1_ns": 2266685.2866403945,
        "q3_ns": 6300142.357842814
      },
      "futex_op_counts": {
        "128": 1534
      },
      "first_seen_ts_ns": 11070952178372,
      "last_seen_ts_ns": 11094923884736
    },
    {
      "tgid": 272997,
      "comm": "xhpcg",
      "cgroup_id": 93848,
      "wait_duration_stats_ns": {
        "count": 1494.0,
        "sum": 7067937107.0000105,
        "mean": 4730881.5977242375,
        "median": 2330679.9585770383,
        "min": 113673,
        "max": 39056249,
        "variance_ns2": 41694213782922.13,
        "iqr_ns": 1065622.9749591663,
        "q1_ns": 2226269.6884386158,
        "q3_ns": 3291892.663397782
      },
      "futex_op_counts": {
        "128": 1494
      },
      "first_seen_ts_ns": 11070952517303,
      "last_seen_ts_ns": 11094924232387
    },
    {
      "tgid": 273011,
      "comm": "xhpcg",
      "cgroup_id": 93848,
      "wait_duration_stats_ns": {
        "count": 1518.0,
        "sum": 7065931276.999988,
        "mean": 4654763.687088266,
        "median": 2506591.7800792293,
        "min": 40431,
        "max": 42522627,
        "variance_ns2": 37921309559000.32,
        "iqr_ns": 787415.9974418213,
        "q1_ns": 2262542.268753268,
        "q3_ns": 3049958.266195089
      },
      "futex_op_counts": {
        "128": 1518
      },
      "first_seen_ts_ns": 11070952673818,
      "last_seen_ts_ns": 11094925751034
    },
    {
      "tgid": 273001,
      "comm": "xhpcg",
      "cgroup_id": 93848,
      "wait_duration_stats_ns": {
        "count": 1508.0,
        "sum": 7054281304.000012,
        "mean": 4677905.374005313,
        "median": 2351441.029886417,
        "min": 111683,
        "max": 43309391,
        "variance_ns2": 37981063264376.414,
        "iqr_ns": 598064.8176520737,
        "q1_ns": 2252729.4552829093,
        "q3_ns": 2850794.272934983
      },
      "futex_op_counts": {
        "128": 1508
      },
      "first_seen_ts_ns": 11070952178212,
      "last_seen_ts_ns": 11094924997720
    },
    {
      "tgid": 272995,
      "comm": "xhpcg",
      "cgroup_id": 93848,
      "wait_duration_stats_ns": {
        "count": 1489.0,
        "sum": 7035541530.999991,
        "mean": 4725011.102081928,
        "median": 2306974.0042664213,
        "min": 31111,
        "max": 40137163,
        "variance_ns2": 42196954985424.266,
        "iqr_ns": 1887899.2462944156,
        "q1_ns": 2202211.586812076,
        "q3_ns": 4090110.8331064917
      },
      "futex_op_counts": {
        "128": 1489
      },
      "first_seen_ts_ns": 11070952638736,
      "last_seen_ts_ns": 11094925516996
    },
    {
      "tgid": 272999,
      "comm": "xhpcg",
      "cgroup_id": 93848,
      "wait_duration_stats_ns": {
        "count": 1504.0,
        "sum": 7032082262.00001,
        "mean": 4675586.610372347,
        "median": 2329652.168193225,
        "min": 99993,
        "max": 43020052,
        "variance_ns2": 38317302468504.875,
        "iqr_ns": 2637395.0740262866,
        "q1_ns": 2240773.034109642,
        "q3_ns": 4878168.108135928
      },
      "futex_op_counts": {
        "128": 1504
      },
      "first_seen_ts_ns": 11070951958205,
      "last_seen_ts_ns": 11094923950668
    },
    {
      "tgid": 273006,
      "comm": "xhpcg",
      "cgroup_id": 93848,
      "wait_duration_stats_ns": {
        "count": 1526.0,
        "sum": 6980116400.000004,
        "mean": 4574126.081258194,
        "median": 2453674.340959494,
        "min": 38981,
        "max": 49391877,
        "variance_ns2": 35208140691764.29,
        "iqr_ns": 3985982.236149494,
        "q1_ns": 2315110.980956362,
        "q3_ns": 6301093.217105856
      },
      "futex_op_counts": {
        "128": 1526
      },
      "first_seen_ts_ns": 11070953815822,
      "last_seen_ts_ns": 11094925315660
    },
    {
      "tgid": 273009,
      "comm": "xhpcg",
      "cgroup_id": 93848,
      "wait_duration_stats_ns": {
        "count": 1534.0,
        "sum": 6961804969.000016,
        "mean": 4538334.399608877,
        "median": 2483374.0543143163,
        "min": 44941,
        "max": 51707268,
        "variance_ns2": 33883974380748.65,
        "iqr_ns": 4137137.87752433,
        "q1_ns": 2317819.231178489,
        "q3_ns": 6454957.108702819
      },
      "futex_op_counts": {
        "128": 1534
      },
      "first_seen_ts_ns": 11070952291286,
      "last_seen_ts_ns": 11094923577496
    },
    {
      "tgid": 272987,
      "comm": "xhpcg",
      "cgroup_id": 93848,
      "wait_duration_stats_ns": {
        "count": 1487.0,
        "sum": 6948011473.000001,
        "mean": 4672502.671822462,
        "median": 2279268.905790076,
        "min": 129215,
        "max": 39012808,
        "variance_ns2": 39964209582210.52,
        "iqr_ns": 407594.6682829489,
        "q1_ns": 2178630.005586631,
        "q3_ns": 2586224.67386958
      },
      "futex_op_counts": {
        "128": 1487
      },
      "first_seen_ts_ns": 11070952596525,
      "last_seen_ts_ns": 11094925389983
    },
    {
      "tgid": 273013,
      "comm": "xhpcg",
      "cgroup_id": 93848,
      "wait_duration_stats_ns": {
        "count": 1491.0,
        "sum": 6943862721.999998,
        "mean": 4657184.924211937,
        "median": 2330589.084610237,
        "min": 42981,
        "max": 43642351,
        "variance_ns2": 40598051019819.87,
        "iqr_ns": 3244125.7373150857,
        "q1_ns": 2216645.0808042698,
        "q3_ns": 5460770.8181193555
      },
      "futex_op_counts": {
        "128": 1491
      },
      "first_seen_ts_ns": 11070952252154,
      "last_seen_ts_ns": 11094925744823
    },
    {
      "tgid": 272988,
      "comm": "xhpcg",
      "cgroup_id": 93848,
      "wait_duration_stats_ns": {
        "count": 1498.0,
        "sum": 6912562008.0,
        "mean": 4614527.375166889,
        "median": 2277903.9684770308,
        "min": 87122,
        "max": 43307040,
        "variance_ns2": 38716884639505.375,
        "iqr_ns": 2189977.487072184,
        "q1_ns": 2189494.918292955,
        "q3_ns": 4379472.405365139
      },
      "futex_op_counts": {
        "128": 1498
      },
      "first_seen_ts_ns": 11070952073819,
      "last_seen_ts_ns": 11094924664730
    },
    {
      "tgid": 272990,
      "comm": "xhpcg",
      "cgroup_id": 93848,
      "wait_duration_stats_ns": {
        "count": 1482.0,
        "sum": 6904420752.999994,
        "mean": 4658853.409581643,
        "median": 2338949.0415656264,
        "min": 96683,
        "max": 43255449,
        "variance_ns2": 40021485488184.516,
        "iqr_ns": 4766776.467889119,
        "q1_ns": 2214777.6208938337,
        "q3_ns": 6981554.088782953
      },
      "futex_op_counts": {
        "128": 1482
      },
      "first_seen_ts_ns": 11070952159202,
      "last_seen_ts_ns": 11094923845075
    },
    {
      "tgid": 273002,
      "comm": "xhpcg",
      "cgroup_id": 93848,
      "wait_duration_stats_ns": {
        "count": 1515.0,
        "sum": 6880456236.000002,
        "mean": 4541555.27128713,
        "median": 2359260.009920956,
        "min": 45022,
        "max": 50741559,
        "variance_ns2": 36113432484379.3,
        "iqr_ns": 4057386.5312371035,
        "q1_ns": 2258323.629387855,
        "q3_ns": 6315710.160624959
      },
      "futex_op_counts": {
        "128": 1515
      },
      "first_seen_ts_ns": 11070952508662,
      "last_seen_ts_ns": 11094923318659
    },
    {
      "tgid": 273027,
      "comm": "xhpcg",
      "cgroup_id": 93848,
      "wait_duration_stats_ns": {
        "count": 1530.0,
        "sum": 6766208957.000002,
        "mean": 4422358.795424838,
        "median": 2186225.9448769325,
        "min": 58252,
        "max": 39335678,
        "variance_ns2": 41731716256201.22,
        "iqr_ns": 1180156.2558435926,
        "q1_ns": 1537651.3743634906,
        "q3_ns": 2717807.630207083
      },
      "futex_op_counts": {
        "128": 1530
      },
      "first_seen_ts_ns": 11070952424180,
      "last_seen_ts_ns": 11094925840886
    },
    {
      "tgid": 273017,
      "comm": "xhpcg",
      "cgroup_id": 93848,
      "wait_duration_stats_ns": {
        "count": 1514.0,
        "sum": 6727234305.999995,
        "mean": 4443351.589167764,
        "median": 2173644.1861747555,
        "min": 72242,
        "max": 46023164,
        "variance_ns2": 40984161273621.47,
        "iqr_ns": 3078717.897759215,
        "q1_ns": 1533738.7253725557,
        "q3_ns": 4612456.623131771
      },
      "futex_op_counts": {
        "128": 1514
      },
      "first_seen_ts_ns": 11070951842562,
      "last_seen_ts_ns": 11094925777934
    },
    {
      "tgid": 273023,
      "comm": "xhpcg",
      "cgroup_id": 93848,
      "wait_duration_stats_ns": {
        "count": 1522.0,
        "sum": 6699096802.999997,
        "mean": 4401509.068988171,
        "median": 2306781.937822855,
        "min": 2930,
        "max": 43314251,
        "variance_ns2": 39010441493387.375,
        "iqr_ns": 4455897.805820033,
        "q1_ns": 1591865.660530279,
        "q3_ns": 6047763.466350311
      },
      "futex_op_counts": {
        "128": 1522
      },
      "first_seen_ts_ns": 11070952456171,
      "last_seen_ts_ns": 11094924449623
    },
    {
      "tgid": 273025,
      "comm": "xhpcg",
      "cgroup_id": 93848,
      "wait_duration_stats_ns": {
        "count": 1534.0,
        "sum": 6696896255.000003,
        "mean": 4365642.93024772,
        "median": 2392401.924240061,
        "min": 34651,
        "max": 50933515,
        "variance_ns2": 38371355072312.02,
        "iqr_ns": 3013474.4913592087,
        "q1_ns": 1608668.8465911916,
        "q3_ns": 4622143.3379504
      },
      "futex_op_counts": {
        "128": 1534
      },
      "first_seen_ts_ns": 11070951790290,
      "last_seen_ts_ns": 11094924693491
    },
    {
      "tgid": 273004,
      "comm": "xhpcg",
      "cgroup_id": 93848,
      "wait_duration_stats_ns": {
        "count": 1471.0,
        "sum": 6684885892.99999,
        "mean": 4544449.9612508435,
        "median": 2386164.89599718,
        "min": 4350,
        "max": 51705768,
        "variance_ns2": 37606077358562.805,
        "iqr_ns": 4960624.563550577,
        "q1_ns": 2256163.878392015,
        "q3_ns": 7216788.441942592
      },
      "futex_op_counts": {
        "128": 1471
      },
      "first_seen_ts_ns": 11070952472111,
      "last_seen_ts_ns": 11094924401762
    },
    {
      "tgid": 273019,
      "comm": "xhpcg",
      "cgroup_id": 93848,
      "wait_duration_stats_ns": {
        "count": 1535.0,
        "sum": 6670544792.000005,
        "mean": 4345631.786319221,
        "median": 2249946.098051908,
        "min": 37021,
        "max": 44034723,
        "variance_ns2": 37968259986025.555,
        "iqr_ns": 1982163.4775946606,
        "q1_ns": 1562310.5076605822,
        "q3_ns": 3544473.985255243
      },
      "futex_op_counts": {
        "128": 1535
      },
      "first_seen_ts_ns": 11070951634735,
      "last_seen_ts_ns": 11094925787335
    },
    {
      "tgid": 273015,
      "comm": "xhpcg",
      "cgroup_id": 93848,
      "wait_duration_stats_ns": {
        "count": 1512.0,
        "sum": 6670271408.0000105,
        "mean": 4411555.164021171,
        "median": 2125935.5292065707,
        "min": 24480,
        "max": 39544755,
        "variance_ns2": 39707338575705.83,
        "iqr_ns": 2073720.6659631527,
        "q1_ns": 1546970.025119609,
        "q3_ns": 3620690.6910827616
      },
      "futex_op_counts": {
        "128": 1512
      },
      "first_seen_ts_ns": 11070951987937,
      "last_seen_ts_ns": 11094925776844
    },
    {
      "tgid": 273021,
      "comm": "xhpcg",
      "cgroup_id": 93848,
      "wait_duration_stats_ns": {
        "count": 1555.0,
        "sum": 6626690732.000001,
        "mean": 4261537.448231512,
        "median": 2282187.7616353678,
        "min": 40261,
        "max": 43747274,
        "variance_ns2": 35071638077265.6,
        "iqr_ns": 4482674.462418208,
        "q1_ns": 1572171.3448107757,
        "q3_ns": 6054845.807228983
      },
      "futex_op_counts": {
        "128": 1555
      },
      "first_seen_ts_ns": 11070952242134,
      "last_seen_ts_ns": 11094925784524
    },
    {
      "tgid": 273029,
      "comm": "xhpcg",
      "cgroup_id": 93848,
      "wait_duration_stats_ns": {
        "count": 1420.0,
        "sum": 6258649735.000004,
        "mean": 4407499.813380284,
        "median": 2161669.3255386716,
        "min": 59452,
        "max": 40813884,
        "variance_ns2": 45179593544373.32,
        "iqr_ns": 2964372.0852702577,
        "q1_ns": 1469057.44160188,
        "q3_ns": 4433429.526872138
      },
      "futex_op_counts": {
        "128": 1420
      },
      "first_seen_ts_ns": 11070951653896,
      "last_seen_ts_ns": 11094925788205
    },
    {
      "tgid": 273277,
      "comm": "xhpcg",
      "cgroup_id": 93848,
      "wait_duration_stats_ns": {
        "count": 1440.0,
        "sum": 4674265023.999996,
        "mean": 3246017.377777775,
        "median": 2471703.2139576813,
        "min": 1690,
        "max": 40795216,
        "variance_ns2": 15404796258810.338,
        "iqr_ns": 280936.98051614687,
        "q1_ns": 2326550.1549507254,
        "q3_ns": 2607487.1354668722
      },
      "futex_op_counts": {
        "128": 1440
      },
      "first_seen_ts_ns": 11095723715219,
      "last_seen_ts_ns": 11117081700787
    },
    {
      "tgid": 273273,
      "comm": "xhpcg",
      "cgroup_id": 93848,
      "wait_duration_stats_ns": {
        "count": 1430.0,
        "sum": 4669661623.0,
        "mean": 3265497.6384615386,
        "median": 2498404.7612718474,
        "min": 63802,
        "max": 40222718,
        "variance_ns2": 15184875931878.752,
        "iqr_ns": 302129.6433006101,
        "q1_ns": 2326986.26611694,
        "q3_ns": 2629115.90941755
      },
      "futex_op_counts": {
        "128": 1430
      },
      "first_seen_ts_ns": 11095723814292,
      "last_seen_ts_ns": 11117073843226
    },
    {
      "tgid": 273279,
      "comm": "xhpcg",
      "cgroup_id": 93848,
      "wait_duration_stats_ns": {
        "count": 1440.0,
        "sum": 4653362928.999998,
        "mean": 3231502.034027776,
        "median": 2423359.348966139,
        "min": 115253,
        "max": 37582079,
        "variance_ns2": 15954798220010.48,
        "iqr_ns": 341814.0733185266,
        "q1_ns": 2268330.9340766077,
        "q3_ns": 2610145.0073951343
      },
      "futex_op_counts": {
        "128": 1440
      },
      "first_seen_ts_ns": 11095724488302,
      "last_seen_ts_ns": 11117081808381
    },
    {
      "tgid": 273275,
      "comm": "xhpcg",
      "cgroup_id": 93848,
      "wait_duration_stats_ns": {
        "count": 1431.0,
        "sum": 4602765814.999998,
        "mean": 3216468.074772885,
        "median": 2452856.0234279,
        "min": 2620,
        "max": 40971750,
        "variance_ns2": 15666819512028.771,
        "iqr_ns": 293496.37264305865,
        "q1_ns": 2298210.638833401,
        "q3_ns": 2591707.0114764594
      },
      "futex_op_counts": {
        "128": 1431
      },
      "first_seen_ts_ns": 11095724077150,
      "last_seen_ts_ns": 11117081748419
    },
    {
      "tgid": 273281,
      "comm": "xhpcg",
      "cgroup_id": 93848,
      "wait_duration_stats_ns": {
        "count": 1429.0,
        "sum": 4593135607.999997,
        "mean": 3214230.6564030773,
        "median": 2445000.659254379,
        "min": 105724,
        "max": 37623469,
        "variance_ns2": 16144059880010.205,
        "iqr_ns": 333683.5494378917,
        "q1_ns": 2262804.1483868193,
        "q3_ns": 2596487.697824711
      },
      "futex_op_counts": {
        "128": 1429
      },
      "first_seen_ts_ns": 11095724075740,
      "last_seen_ts_ns": 11117073846566
    },
    {
      "tgid": 273297,
      "comm": "xhpcg",
      "cgroup_id": 93848,
      "wait_duration_stats_ns": {
        "count": 1429.0,
        "sum": 4579548678.000005,
        "mean": 3204722.657802663,
        "median": 2397465.2660738775,
        "min": 31061,
        "max": 41584800,
        "variance_ns2": 15796601816025.508,
        "iqr_ns": 336150.318638579,
        "q1_ns": 2225549.5898100184,
        "q3_ns": 2561699.9084485974
      },
      "futex_op_counts": {
        "128": 1429
      },
      "first_seen_ts_ns": 11095723771320,
      "last_seen_ts_ns": 11117074268699
    },
    {
      "tgid": 273293,
      "comm": "xhpcg",
      "cgroup_id": 93848,
      "wait_duration_stats_ns": {
        "count": 1441.0,
        "sum": 4578367098.000007,
        "mean": 3177215.1963913995,
        "median": 2414804.068923254,
        "min": 36991,
        "max": 49973337,
        "variance_ns2": 14473798895419.93,
        "iqr_ns": 309041.3218761352,
        "q1_ns": 2254630.741219697,
        "q3_ns": 2563672.0630958322
      },
      "futex_op_counts": {
        "128": 1441
      },
      "first_seen_ts_ns": 11095723589305,
      "last_seen_ts_ns": 11117074123955
    },
    {
      "tgid": 273272,
      "comm": "xhpcg",
      "cgroup_id": 93848,
      "wait_duration_stats_ns": {
        "count": 1447.0,
        "sum": 4544699197.0,
        "mean": 3140773.460262612,
        "median": 2441982.46141034,
        "min": 64352,
        "max": 40849377,
        "variance_ns2": 14258370945365.795,
        "iqr_ns": 291514.85956251435,
        "q1_ns": 2228744.195784702,
        "q3_ns": 2520259.0553472163
      },
      "futex_op_counts": {
        "128": 1447
      },
      "first_seen_ts_ns": 11095724002978,
      "last_seen_ts_ns": 11117073901718
    },
    {
      "tgid": 273295,
      "comm": "xhpcg",
      "cgroup_id": 93848,
      "wait_duration_stats_ns": {
        "count": 1434.0,
        "sum": 4541848112.000001,
        "mean": 3167258.09762901,
        "median": 2367150.4159199405,
        "min": 2280,
        "max": 40795396,
        "variance_ns2": 15624173582380.148,
        "iqr_ns": 363414.8202672852,
        "q1_ns": 2197105.6413498484,
        "q3_ns": 2560520.4616171336
      },
      "futex_op_counts": {
        "128": 1434
      },
      "first_seen_ts_ns": 11095723996987,
      "last_seen_ts_ns": 11117073729182
    },
    {
      "tgid": 273271,
      "comm": "xhpcg",
      "cgroup_id": 93848,
      "wait_duration_stats_ns": {
        "count": 1433.0,
        "sum": 4536055814.000003,
        "mean": 3165426.2484298693,
        "median": 2416747.4722344205,
        "min": 64772,
        "max": 37579618,
        "variance_ns2": 15501980588621.768,
        "iqr_ns": 301735.72944949474,
        "q1_ns": 2236837.366188561,
        "q3_ns": 2538573.095638056
      },
      "futex_op_counts": {
        "128": 1433
      },
      "first_seen_ts_ns": 11095723615626,
      "last_seen_ts_ns": 11117073870547
    },
    {
      "tgid": 273287,
      "comm": "xhpcg",
      "cgroup_id": 93848,
      "wait_duration_stats_ns": {
        "count": 1440.0,
        "sum": 4527914262.999999,
        "mean": 3144384.9048611107,
        "median": 2408463.243809743,
        "min": 54622,
        "max": 49638837,
        "variance_ns2": 13638980949812.36,
        "iqr_ns": 339179.70002339315,
        "q1_ns": 2251833.762843328,
        "q3_ns": 2591013.462866721
      },
      "futex_op_counts": {
        "128": 1440
      },
      "first_seen_ts_ns": 11095723769271,
      "last_seen_ts_ns": 11117075075724
    },
    {
      "tgid": 273291,
      "comm": "xhpcg",
      "cgroup_id": 93848,
      "wait_duration_stats_ns": {
        "count": 1423.0,
        "sum": 4520254787.000006,
        "mean": 3176566.9620520067,
        "median": 2398008.6185123166,
        "min": 95723,
        "max": 48937336,
        "variance_ns2": 14868303908931.445,
        "iqr_ns": 346031.92350144545,
        "q1_ns": 2232144.9310055575,
        "q3_ns": 2578176.854507003
      },
      "futex_op_counts": {
        "128": 1423
      },
      "first_seen_ts_ns": 11095724016438,
      "last_seen_ts_ns": 11117073543397
    },
    {
      "tgid": 273289,
      "comm": "xhpcg",
      "cgroup_id": 93848,
      "wait_duration_stats_ns": {
        "count": 1433.0,
        "sum": 4519388726.000002,
        "mean": 3153795.342637824,
        "median": 2430366.801087132,
        "min": 120134,
        "max": 49698789,
        "variance_ns2": 13767206370304.395,
        "iqr_ns": 327893.78552921163,
        "q1_ns": 2257252.802524639,
        "q3_ns": 2585146.5880538505
      },
      "futex_op_counts": {
        "128": 1433
      },
      "first_seen_ts_ns": 11095723841533,
      "last_seen_ts_ns": 11117074163296
    },
    {
      "tgid": 273283,
      "comm": "xhpcg",
      "cgroup_id": 93848,
      "wait_duration_stats_ns": {
        "count": 1435.0,
        "sum": 4512963609.000004,
        "mean": 3144922.375609759,
        "median": 2355930.2844757624,
        "min": 99443,
        "max": 41197968,
        "variance_ns2": 14362151243884.8,
        "iqr_ns": 353227.5285615064,
        "q1_ns": 2203807.1908738962,
        "q3_ns": 2557034.7194354027
      },
      "futex_op_counts": {
        "128": 1435
      },
      "first_seen_ts_ns": 11095723483682,
      "last_seen_ts_ns": 11117073546017
    },
    {
      "tgid": 273270,
      "comm": "xhpcg",
      "cgroup_id": 93848,
      "wait_duration_stats_ns": {
        "count": 1445.0,
        "sum": 4502647840.000001,
        "mean": 3116019.266435987,
        "median": 2397473.048829706,
        "min": 30851,
        "max": 37574038,
        "variance_ns2": 15336510824318.086,
        "iqr_ns": 296273.73582221987,
        "q1_ns": 2213599.4877236616,
        "q3_ns": 2509873.2235458815
      },
      "futex_op_counts": {
        "128": 1445
      },
      "first_seen_ts_ns": 11095723651037,
      "last_seen_ts_ns": 11117081647296
    },
    {
      "tgid": 273489,
      "comm": "xhpcg",
      "cgroup_id": 93848,
      "wait_duration_stats_ns": {
        "count": 1442.0,
        "sum": 4498833390.999995,
        "mean": 3119856.720527042,
        "median": 2335515.170038546,
        "min": 91373,
        "max": 49573815,
        "variance_ns2": 15302764097863.465,
        "iqr_ns": 186366.1874791067,
        "q1_ns": 2206529.019619858,
        "q3_ns": 2392895.2070989646
      },
      "futex_op_counts": {
        "128": 1442
      },
      "first_seen_ts_ns": 11117852721841,
      "last_seen_ts_ns": 11138965022338
    },
    {
      "tgid": 273481,
      "comm": "xhpcg",
      "cgroup_id": 93848,
      "wait_duration_stats_ns": {
        "count": 1448.0,
        "sum": 4496359525.0,
        "mean": 3105220.666436464,
        "median": 2312336.7058350043,
        "min": 98483,
        "max": 38626565,
        "variance_ns2": 14299765481805.064,
        "iqr_ns": 2037116.4109193305,
        "q1_ns": 2194104.3412814657,
        "q3_ns": 4231220.752200796
      },
      "futex_op_counts": {
        "128": 1448
      },
      "first_seen_ts_ns": 11117852826665,
      "last_seen_ts_ns": 11138965303706
    },
    {
      "tgid": 273477,
      "comm": "xhpcg",
      "cgroup_id": 93848,
      "wait_duration_stats_ns": {
        "count": 1424.0,
        "sum": 4495890312.000002,
        "mean": 3157226.3426966304,
        "median": 2340995.7862485982,
        "min": 45241,
        "max": 40226438,
        "variance_ns2": 16010214511141.479,
        "iqr_ns": 138887.62784760864,
        "q1_ns": 2247806.5892617283,
        "q3_ns": 2386694.217109337
      },
      "futex_op_counts": {
        "128": 1424
      },
      "first_seen_ts_ns": 11117852449173,
      "last_seen_ts_ns": 11138965852403
    },
    {
      "tgid": 273472,
      "comm": "xhpcg",
      "cgroup_id": 93848,
      "wait_duration_stats_ns": {
        "count": 1448.0,
        "sum": 4484459041.999998,
        "mean": 3097002.1008287277,
        "median": 2276944.3919236516,
        "min": 49161,
        "max": 41624090,
        "variance_ns2": 15397704589937.752,
        "iqr_ns": 235664.9985469086,
        "q1_ns": 2166455.0931512364,
        "q3_ns": 2402120.091698145
      },
      "futex_op_counts": {
        "128": 1448
      },
      "first_seen_ts_ns": 11117852153834,
      "last_seen_ts_ns": 11138964688257
    },
    {
      "tgid": 273285,
      "comm": "xhpcg",
      "cgroup_id": 93848,
      "wait_duration_stats_ns": {
        "count": 1436.0,
        "sum": 4482071987.000001,
        "mean": 3121220.0466573825,
        "median": 2372981.9536368074,
        "min": 63382,
        "max": 40925789,
        "variance_ns2": 14310042628515.33,
        "iqr_ns": 354506.0228972146,
        "q1_ns": 2207468.129135011,
        "q3_ns": 2561974.152032226
      },
      "futex_op_counts": {
        "128": 1436
      },
      "first_seen_ts_ns": 11095723631516,
      "last_seen_ts_ns": 11117073936819
    },
    {
      "tgid": 273495,
      "comm": "xhpcg",
      "cgroup_id": 93848,
      "wait_duration_stats_ns": {
        "count": 1444.0,
        "sum": 4471439336.000001,
        "mean": 3096564.637119114,
        "median": 2271468.9150124933,
        "min": 72302,
        "max": 41110675,
        "variance_ns2": 15496953147072.979,
        "iqr_ns": 218842.04804236908,
        "q1_ns": 2167921.4867386296,
        "q3_ns": 2386763.5347809987
      },
      "futex_op_counts": {
        "128": 1444
      },
      "first_seen_ts_ns": 11117852691350,
      "last_seen_ts_ns": 11138965565524
    },
    {
      "tgid": 273493,
      "comm": "xhpcg",
      "cgroup_id": 93848,
      "wait_duration_stats_ns": {
        "count": 1436.0,
        "sum": 4465853140.000008,
        "mean": 3109925.5849582227,
        "median": 2314674.6098812795,
        "min": 34241,
        "max": 49997838,
        "variance_ns2": 15688802818261.111,
        "iqr_ns": 181242.88498083688,
        "q1_ns": 2206779.7597321062,
        "q3_ns": 2388022.644712943
      },
      "futex_op_counts": {
        "128": 1436
      },
      "first_seen_ts_ns": 11117852593117,
      "last_seen_ts_ns": 11138964386868
    },
    {
      "tgid": 273473,
      "comm": "xhpcg",
      "cgroup_id": 93848,
      "wait_duration_stats_ns": {
        "count": 1419.0,
        "sum": 4462516138.999996,
        "mean": 3144831.6694855504,
        "median": 2336102.954500646,
        "min": 46561,
        "max": 39911178,
        "variance_ns2": 16751705500796.578,
        "iqr_ns": 133468.95788064832,
        "q1_ns": 2221350.0466841813,
        "q3_ns": 2354819.0045648296
      },
      "futex_op_counts": {
        "128": 1419
      },
      "first_seen_ts_ns": 11117853090993,
      "last_seen_ts_ns": 11138965850893
    },
    {
      "tgid": 273475,
      "comm": "xhpcg",
      "cgroup_id": 93848,
      "wait_duration_stats_ns": {
        "count": 1414.0,
        "sum": 4450635688.000004,
        "mean": 3147549.9915134395,
        "median": 2302948.79616916,
        "min": 121763,
        "max": 40313651,
        "variance_ns2": 16177630979528.56,
        "iqr_ns": 144659.319085164,
        "q1_ns": 2190162.976732906,
        "q3_ns": 2334822.29581807
      },
      "futex_op_counts": {
        "128": 1414
      },
      "first_seen_ts_ns": 11117853115333,
      "last_seen_ts_ns": 11138964974846
    },
    {
      "tgid": 273487,
      "comm": "xhpcg",
      "cgroup_id": 93848,
      "wait_duration_stats_ns": {
        "count": 1432.0,
        "sum": 4449017540.999997,
        "mean": 3106855.8247206686,
        "median": 2284039.684543871,
        "min": 31921,
        "max": 49427240,
        "variance_ns2": 15526033403907.908,
        "iqr_ns": 125359.75128860213,
        "q1_ns": 2185454.539242878,
        "q3_ns": 2310814.29053148
      },
      "futex_op_counts": {
        "128": 1432
      },
      "first_seen_ts_ns": 11117852612898,
      "last_seen_ts_ns": 11138965527543
    },
    {
      "tgid": 273491,
      "comm": "xhpcg",
      "cgroup_id": 93848,
      "wait_duration_stats_ns": {
        "count": 1433.0,
        "sum": 4434022159.00001,
        "mean": 3094223.4187020306,
        "median": 2308099.108388026,
        "min": 35871,
        "max": 48358656,
        "variance_ns2": 15668668709785.045,
        "iqr_ns": 166539.87192562688,
        "q1_ns": 2191256.163349211,
        "q3_ns": 2357796.035274838
      },
      "futex_op_counts": {
        "128": 1433
      },
      "first_seen_ts_ns": 11117852978969,
      "last_seen_ts_ns": 11138964365657
    },
    {
      "tgid": 273479,
      "comm": "xhpcg",
      "cgroup_id": 93848,
      "wait_duration_stats_ns": {
        "count": 1425.0,
        "sum": 4425840939.999998,
        "mean": 3105853.2912280685,
        "median": 2268876.196029126,
        "min": 2050,
        "max": 39312650,
        "variance_ns2": 16902939518320.678,
        "iqr_ns": 151619.0617140038,
        "q1_ns": 2181325.01009536,
        "q3_ns": 2332944.071809364
      },
      "futex_op_counts": {
        "128": 1425
      },
      "first_seen_ts_ns": 11117853193036,
      "last_seen_ts_ns": 11138965848833
    },
    {
      "tgid": 273497,
      "comm": "xhpcg",
      "cgroup_id": 93848,
      "wait_duration_stats_ns": {
        "count": 1423.0,
        "sum": 4416189236.999999,
        "mean": 3103435.8657765277,
        "median": 2267730.3639523853,
        "min": 66052,
        "max": 41880899,
        "variance_ns2": 16753761811089.781,
        "iqr_ns": 202640.8439952419,
        "q1_ns": 2152147.5651867148,
        "q3_ns": 2354788.4091819567
      },
      "futex_op_counts": {
        "128": 1423
      },
      "first_seen_ts_ns": 11117852555806,
      "last_seen_ts_ns": 11138964366307
    },
    {
      "tgid": 273471,
      "comm": "xhpcg",
      "cgroup_id": 93848,
      "wait_duration_stats_ns": {
        "count": 1420.0,
        "sum": 4407213957.000003,
        "mean": 3103671.8007042273,
        "median": 2248512.4849291737,
        "min": 47492,
        "max": 40816176,
        "variance_ns2": 18314201018294.03,
        "iqr_ns": 156637.9634643281,
        "q1_ns": 2114354.376599505,
        "q3_ns": 2270992.340063833
      },
      "futex_op_counts": {
        "128": 1420
      },
      "first_seen_ts_ns": 11117852171704,
      "last_seen_ts_ns": 11138964891454
    },
    {
      "tgid": 273485,
      "comm": "xhpcg",
      "cgroup_id": 93848,
      "wait_duration_stats_ns": {
        "count": 1415.0,
        "sum": 4394850335.999998,
        "mean": 3105901.2975265,
        "median": 2228587.663370478,
        "min": 99743,
        "max": 40353342,
        "variance_ns2": 17482018196506.91,
        "iqr_ns": 169204.4828657438,
        "q1_ns": 2125951.600869295,
        "q3_ns": 2295156.083735039
      },
      "futex_op_counts": {
        "128": 1415
      },
      "first_seen_ts_ns": 11117852782693,
      "last_seen_ts_ns": 11138964640996
    },
    {
      "tgid": 273483,
      "comm": "xhpcg",
      "cgroup_id": 93848,
      "wait_duration_stats_ns": {
        "count": 1426.0,
        "sum": 4377489704.000002,
        "mean": 3069768.375876579,
        "median": 2217926.5031360136,
        "min": 32451,
        "max": 40826686,
        "variance_ns2": 17304751581635.285,
        "iqr_ns": 176926.16482278472,
        "q1_ns": 2112487.280110928,
        "q3_ns": 2289413.444933713
      },
      "futex_op_counts": {
        "128": 1426
      },
      "first_seen_ts_ns": 11117852585257,
      "last_seen_ts_ns": 11138964830152
    },
    {
      "tgid": 273470,
      "comm": "xhpcg",
      "cgroup_id": 93848,
      "wait_duration_stats_ns": {
        "count": 1430.0,
        "sum": 4339021362.999995,
        "mean": 3034280.6734265704,
        "median": 2209394.669433794,
        "min": 83433,
        "max": 38639356,
        "variance_ns2": 17232574734179.664,
        "iqr_ns": 203339.76616797247,
        "q1_ns": 2072717.1547893595,
        "q3_ns": 2276056.920957332
      },
      "futex_op_counts": {
        "128": 1430
      },
      "first_seen_ts_ns": 11117852596657,
      "last_seen_ts_ns": 11138964690207
    },
    {
      "tgid": 273306,
      "comm": "xhpcg",
      "cgroup_id": 93848,
      "wait_duration_stats_ns": {
        "count": 1449.0,
        "sum": 4216462517.000006,
        "mean": 2909912.020013807,
        "median": 2234781.6461935337,
        "min": 30491,
        "max": 41184887,
        "variance_ns2": 13654784481494.793,
        "iqr_ns": 1018790.8936936487,
        "q1_ns": 1575122.9397301138,
        "q3_ns": 2593913.8334237626
      },
      "futex_op_counts": {
        "128": 1449
      },
      "first_seen_ts_ns": 11095723708398,
      "last_seen_ts_ns": 11117076198158
    },
    {
      "tgid": 273303,
      "comm": "xhpcg",
      "cgroup_id": 93848,
      "wait_duration_stats_ns": {
        "count": 1485.0,
        "sum": 4210062445.999997,
        "mean": 2835058.8861952843,
        "median": 2236306.484924946,
        "min": 18520,
        "max": 41559388,
        "variance_ns2": 12609530982345.033,
        "iqr_ns": 1702251.5698673856,
        "q1_ns": 1553278.9744832632,
        "q3_ns": 3255530.5443506488
      },
      "futex_op_counts": {
        "128": 1485
      },
      "first_seen_ts_ns": 11095723481802,
      "last_seen_ts_ns": 11117074599909
    },
    {
      "tgid": 273299,
      "comm": "xhpcg",
      "cgroup_id": 93848,
      "wait_duration_stats_ns": {
        "count": 1466.0,
        "sum": 4190367027.0000014,
        "mean": 2858367.6855388824,
        "median": 2187368.6655554995,
        "min": 2110,
        "max": 37287389,
        "variance_ns2": 12915203942898.348,
        "iqr_ns": 1057776.2223251741,
        "q1_ns": 1488112.2157649002,
        "q3_ns": 2545888.4380900743
      },
      "futex_op_counts": {
        "128": 1466
      },
      "first_seen_ts_ns": 11095723405949,
      "last_seen_ts_ns": 11117074437644
    },
    {
      "tgid": 273313,
      "comm": "xhpcg",
      "cgroup_id": 93848,
      "wait_duration_stats_ns": {
        "count": 1428.0,
        "sum": 4159708736.000002,
        "mean": 2912961.299719889,
        "median": 2140179.792680127,
        "min": 41081,
        "max": 39984623,
        "variance_ns2": 18027532958870.555,
        "iqr_ns": 1022372.9020902773,
        "q1_ns": 1506117.0157046497,
        "q3_ns": 2528489.917794927
      },
      "futex_op_counts": {
        "128": 1428
      },
      "first_seen_ts_ns": 11095723359468,
      "last_seen_ts_ns": 11117076030273
    },
    {
      "tgid": 273305,
      "comm": "xhpcg",
      "cgroup_id": 93848,
      "wait_duration_stats_ns": {
        "count": 1450.0,
        "sum": 4158903104.999999,
        "mean": 2868209.037931034,
        "median": 2202226.8597378954,
        "min": 22021,
        "max": 41248880,
        "variance_ns2": 14327957518879.598,
        "iqr_ns": 1288346.0934560478,
        "q1_ns": 1552542.3698837806,
        "q3_ns": 2840888.4633398284
      },
      "futex_op_counts": {
        "128": 1450
      },
      "first_seen_ts_ns": 11095723777581,
      "last_seen_ts_ns": 11117074589799
    },
    {
      "tgid": 273309,
      "comm": "xhpcg",
      "cgroup_id": 93848,
      "wait_duration_stats_ns": {
        "count": 1441.0,
        "sum": 4153887367.999996,
        "mean": 2882642.170714779,
        "median": 2208630.9229723224,
        "min": 30211,
        "max": 41471007,
        "variance_ns2": 14859279765054.23,
        "iqr_ns": 1000483.7186881872,
        "q1_ns": 1556549.1140466724,
        "q3_ns": 2557032.8327348595
      },
      "futex_op_counts": {
        "128": 1441
      },
      "first_seen_ts_ns": 11095723461721,
      "last_seen_ts_ns": 11117074621850
    },
    {
      "tgid": 273311,
      "comm": "xhpcg",
      "cgroup_id": 93848,
      "wait_duration_stats_ns": {
        "count": 1429.0,
        "sum": 4138757636.0000005,
        "mean": 2896261.4667599723,
        "median": 2157702.513163826,
        "min": 1630,
        "max": 37928329,
        "variance_ns2": 17419828180534.258,
        "iqr_ns": 974960.9755220758,
        "q1_ns": 1525667.1441003815,
        "q3_ns": 2500628.1196224573
      },
      "futex_op_counts": {
        "128": 1429
      },
      "first_seen_ts_ns": 11095723987927,
      "last_seen_ts_ns": 11117075832667
    },
    {
      "tgid": 273301,
      "comm": "xhpcg",
      "cgroup_id": 93848,
      "wait_duration_stats_ns": {
        "count": 1434.0,
        "sum": 4133361772.9999986,
        "mean": 2882400.120641561,
        "median": 2184385.6858752603,
        "min": 71362,
        "max": 37828656,
        "variance_ns2": 14782895957840.234,
        "iqr_ns": 982960.8585071245,
        "q1_ns": 1512978.8232256423,
        "q3_ns": 2495939.681732767
      },
      "futex_op_counts": {
        "128": 1434
      },
      "first_seen_ts_ns": 11095724164412,
      "last_seen_ts_ns": 11117074558728
    },
    {
      "tgid": 273513,
      "comm": "xhpcg",
      "cgroup_id": 93848,
      "wait_duration_stats_ns": {
        "count": 1449.0,
        "sum": 4074672907.000001,
        "mean": 2812058.596963424,
        "median": 2084680.2201417573,
        "min": 80833,
        "max": 38646390,
        "variance_ns2": 17162927718419.625,
        "iqr_ns": 812741.3233958196,
        "q1_ns": 1429416.9794986786,
        "q3_ns": 2242158.302894498
      },
      "futex_op_counts": {
        "128": 1449
      },
      "first_seen_ts_ns": 11117852411172,
      "last_seen_ts_ns": 11138966269976
    },
    {
      "tgid": 273511,
      "comm": "xhpcg",
      "cgroup_id": 93848,
      "wait_duration_stats_ns": {
        "count": 1435.0,
        "sum": 4052081884.999999,
        "mean": 2823750.44250871,
        "median": 2061665.6147089023,
        "min": 311840,
        "max": 38630959,
        "variance_ns2": 17227579233806.67,
        "iqr_ns": 841677.3302391707,
        "q1_ns": 1417598.2901629745,
        "q3_ns": 2259275.620402145
      },
      "futex_op_counts": {
        "128": 1435
      },
      "first_seen_ts_ns": 11117853018360,
      "last_seen_ts_ns": 11138965828242
    },
    {
      "tgid": 6106,
      "comm": "amazon-ssm-agen",
      "cgroup_id": 3429,
      "wait_duration_stats_ns": {
        "count": 28.0,
        "sum": 4029383859.0000005,
        "mean": 143906566.39285716,
        "median": 3376750.142796575,
        "min": 3560,
        "max": 1000734852,
        "variance_ns2": 1.2656097143706269e+17,
        "iqr_ns": 67253315.52155943,
        "q1_ns": 504438.2121791234,
        "q3_ns": 67757753.73373856
      },
      "futex_op_counts": {
        "128": 28
      },
      "first_seen_ts_ns": 11123965950755,
      "last_seen_ts_ns": 11125009394271
    },
    {
      "tgid": 273505,
      "comm": "xhpcg",
      "cgroup_id": 93848,
      "wait_duration_stats_ns": {
        "count": 1444.0,
        "sum": 4028816128.9999976,
        "mean": 2790038.8704986135,
        "median": 2075147.9913250413,
        "min": 118974,
        "max": 41230998,
        "variance_ns2": 16829369500289.357,
        "iqr_ns": 1177438.0139944768,
        "q1_ns": 1426578.7299690512,
        "q3_ns": 2604016.743963528
      },
      "futex_op_counts": {
        "128": 1444
      },
      "first_seen_ts_ns": 11117852293138,
      "last_seen_ts_ns": 11138965555034
    },
    {
      "tgid": 273506,
      "comm": "xhpcg",
      "cgroup_id": 93848,
      "wait_duration_stats_ns": {
        "count": 1439.0,
        "sum": 4017738613.000002,
        "mean": 2792035.1723419055,
        "median": 2090884.1709987933,
        "min": 167145,
        "max": 42000412,
        "variance_ns2": 15393174382744.38,
        "iqr_ns": 976156.6639520945,
        "q1_ns": 1463986.1138644144,
        "q3_ns": 2440142.777816509
      },
      "futex_op_counts": {
        "128": 1439
      },
      "first_seen_ts_ns": 11117852276377,
      "last_seen_ts_ns": 11138965251185
    },
    {
      "tgid": 273499,
      "comm": "xhpcg",
      "cgroup_id": 93848,
      "wait_duration_stats_ns": {
        "count": 1436.0,
        "sum": 4004489621.000002,
        "mean": 2788641.7973537617,
        "median": 2038981.1382038814,
        "min": 203797,
        "max": 38538355,
        "variance_ns2": 17478932220424.02,
        "iqr_ns": 862248.0671862483,
        "q1_ns": 1400471.9678262228,
        "q3_ns": 2262720.035012471
      },
      "futex_op_counts": {
        "128": 1436
      },
      "first_seen_ts_ns": 11117852044990,
      "last_seen_ts_ns": 11138965247894
    },
    {
      "tgid": 273503,
      "comm": "xhpcg",
      "cgroup_id": 93848,
      "wait_duration_stats_ns": {
        "count": 1435.0,
        "sum": 3985769115.999999,
        "mean": 2777539.453658536,
        "median": 2063694.1214126884,
        "min": 49571,
        "max": 41222488,
        "variance_ns2": 17081566709535.693,
        "iqr_ns": 847362.1023420629,
        "q1_ns": 1448316.739367461,
        "q3_ns": 2295678.841709524
      },
      "futex_op_counts": {
        "128": 1435
      },
      "first_seen_ts_ns": 11117852329589,
      "last_seen_ts_ns": 11138965848983
    },
    {
      "tgid": 273509,
      "comm": "xhpcg",
      "cgroup_id": 93848,
      "wait_duration_stats_ns": {
        "count": 1430.0,
        "sum": 3960581970.0000043,
        "mean": 2769637.741258744,
        "median": 2066215.804249776,
        "min": 75432,
        "max": 41932820,
        "variance_ns2": 16560339709021.486,
        "iqr_ns": 863684.261761063,
        "q1_ns": 1457673.4014648676,
        "q3_ns": 2321357.6632259306
      },
      "futex_op_counts": {
        "128": 1430
      },
      "first_seen_ts_ns": 11117852346820,
      "last_seen_ts_ns": 11138965675127
    },
    {
      "tgid": 273501,
      "comm": "xhpcg",
      "cgroup_id": 93848,
      "wait_duration_stats_ns": {
        "count": 1417.0,
        "sum": 3918683582.9999943,
        "mean": 2765478.8870853875,
        "median": 2034135.8276666142,
        "min": 161545,
        "max": 38899597,
        "variance_ns2": 18278258343258.58,
        "iqr_ns": 871869.5562682489,
        "q1_ns": 1401946.9598047768,
        "q3_ns": 2273816.5160730258
      },
      "futex_op_counts": {
        "128": 1417
      },
      "first_seen_ts_ns": 11117851579046,
      "last_seen_ts_ns": 11138964430049
    },
    {
      "tgid": 273568,
      "comm": "runc",
      "cgroup_id": 4085,
      "wait_duration_stats_ns": {
        "count": 299.0,
        "sum": 1739791264.9999998,
        "mean": 5818699.882943143,
        "median": 579792.9665406883,
        "min": 1120,
        "max": 246341640,
        "variance_ns2": 882895378964149.5,
        "iqr_ns": 3025688.1215252285,
        "q1_ns": 81681.7541861911,
        "q3_ns": 3107369.8757114196
      },
      "futex_op_counts": {
        "128": 299
      },
      "first_seen_ts_ns": 11125496498959,
      "last_seen_ts_ns": 11125751965840
    },
    {
      "tgid": 273194,
      "comm": "runc",
      "cgroup_id": 4085,
      "wait_duration_stats_ns": {
        "count": 293.0,
        "sum": 1567775447.0,
        "mean": 5350769.443686007,
        "median": 322257.9527658172,
        "min": 9841,
        "max": 224102646,
        "variance_ns2": 814335224204047.4,
        "iqr_ns": 1978155.062877228,
        "q1_ns": 57864.934464008664,
        "q3_ns": 2036019.9973412366
      },
      "futex_op_counts": {
        "128": 293
      },
      "first_seen_ts_ns": 11084641178837,
      "last_seen_ts_ns": 11084874300561
    },
    {
      "tgid": 273365,
      "comm": "runc",
      "cgroup_id": 4085,
      "wait_duration_stats_ns": {
        "count": 237.0,
        "sum": 1460048045.0,
        "mean": 6160540.274261603,
        "median": 357930.4806474745,
        "min": 1590,
        "max": 190498612,
        "variance_ns2": 905355256176236.8,
        "iqr_ns": 2958393.632061371,
        "q1_ns": 58578.46035689008,
        "q3_ns": 3016972.0924182613
      },
      "futex_op_counts": {
        "128": 237
      },
      "first_seen_ts_ns": 11104643257746,
      "last_seen_ts_ns": 11104841509837
    },
    {
      "tgid": 273416,
      "comm": "runc",
      "cgroup_id": 4085,
      "wait_duration_stats_ns": {
        "count": 265.0,
        "sum": 1433975782.0,
        "mean": 5411229.366037736,
        "median": 277486.1546100156,
        "min": 1670,
        "max": 194334050,
        "variance_ns2": 629254815873179.9,
        "iqr_ns": 1896505.910202725,
        "q1_ns": 28781.05604306976,
        "q3_ns": 1925286.966245795
      },
      "futex_op_counts": {
        "128": 265
      },
      "first_seen_ts_ns": 11114635465189,
      "last_seen_ts_ns": 11114832068800
    },
    {
      "tgid": 273391,
      "comm": "runc",
      "cgroup_id": 4085,
      "wait_duration_stats_ns": {
        "count": 284.0,
        "sum": 1402410247.0,
        "mean": 4938064.25,
        "median": 234087.1525261311,
        "min": 1280,
        "max": 207202227,
        "variance_ns2": 596798239803056.2,
        "iqr_ns": 1177518.5714317951,
        "q1_ns": 46446.6845197984,
        "q3_ns": 1223965.2559515936
      },
      "futex_op_counts": {
        "128": 284
      },
      "first_seen_ts_ns": 11105501548302,
      "last_seen_ts_ns": 11105709455581
    },
    {
      "tgid": 273593,
      "comm": "runc",
      "cgroup_id": 4085,
      "wait_duration_stats_ns": {
        "count": 291.0,
        "sum": 1305267505.0,
        "mean": 4485455.343642612,
        "median": 175940.7314866007,
        "min": 9650,
        "max": 210658739,
        "variance_ns2": 722611705098419.2,
        "iqr_ns": 1004009.9724450872,
        "q1_ns": 27330.787628485054,
        "q3_ns": 1031340.7600735722
      },
      "futex_op_counts": {
        "128": 291
      },
      "first_seen_ts_ns": 11134637105435,
      "last_seen_ts_ns": 11134867209911
    },
    {
      "tgid": 273441,
      "comm": "runc",
      "cgroup_id": 4085,
      "wait_duration_stats_ns": {
        "count": 360.0,
        "sum": 1300287191.9999998,
        "mean": 3611908.8666666658,
        "median": 177631.6328920194,
        "min": 1220,
        "max": 200920553,
        "variance_ns2": 368597314068661.6,
        "iqr_ns": 1170507.9829647855,
        "q1_ns": 50479.0408462372,
        "q3_ns": 1220987.0238110228
      },
      "futex_op_counts": {
        "128": 360
      },
      "first_seen_ts_ns": 11115504926891,
      "last_seen_ts_ns": 11115723514738
    },
    {
      "tgid": 273544,
      "comm": "runc",
      "cgroup_id": 4085,
      "wait_duration_stats_ns": {
        "count": 300.0,
        "sum": 1260232994.0,
        "mean": 4200776.6466666665,
        "median": 288635.54022887617,
        "min": 4851,
        "max": 179364339,
        "variance_ns2": 429112366814108.6,
        "iqr_ns": 1627361.709139927,
        "q1_ns": 45679.83664066182,
        "q3_ns": 1673041.5457805889
      },
      "futex_op_counts": {
        "128": 300
      },
      "first_seen_ts_ns": 11124644934556,
      "last_seen_ts_ns": 11124840217966
    },
    {
      "tgid": 273061,
      "comm": "runc",
      "cgroup_id": 4085,
      "wait_duration_stats_ns": {
        "count": 375.0,
        "sum": 1172695358.0,
        "mean": 3127187.621333333,
        "median": 160738.4723504163,
        "min": 870,
        "max": 175701747,
        "variance_ns2": 426014152802374.7,
        "iqr_ns": 920161.8117714775,
        "q1_ns": 30362.347716072694,
        "q3_ns": 950524.1594875501
      },
      "futex_op_counts": {
        "128": 375
      },
      "first_seen_ts_ns": 11074640324929,
      "last_seen_ts_ns": 11074819610276
    },
    {
      "tgid": 273242,
      "comm": "runc",
      "cgroup_id": 4085,
      "wait_duration_stats_ns": {
        "count": 252.0,
        "sum": 1141600711.0,
        "mean": 4530161.551587301,
        "median": 234419.04423688448,
        "min": 3550,
        "max": 161741677,
        "variance_ns2": 431983502301419.44,
        "iqr_ns": 1627320.2897883626,
        "q1_ns": 41068.66528211848,
        "q3_ns": 1668388.9550704812
      },
      "futex_op_counts": {
        "128": 252
      },
      "first_seen_ts_ns": 11094643076076,
      "last_seen_ts_ns": 11094823142637
    },
    {
      "tgid": 273617,
      "comm": "runc",
      "cgroup_id": 4085,
      "wait_duration_stats_ns": {
        "count": 232.0,
        "sum": 1008970322.0,
        "mean": 4349010.00862069,
        "median": 231432.92819105412,
        "min": 11040,
        "max": 161073847,
        "variance_ns2": 527189336802789.7,
        "iqr_ns": 1811983.7585412138,
        "q1_ns": 41286.44729648581,
        "q3_ns": 1853270.2058376996
      },
      "futex_op_counts": {
        "128": 232
      },
      "first_seen_ts_ns": 11135495488364,
      "last_seen_ts_ns": 11135671926253
    },
    {
      "tgid": 273216,
      "comm": "runc",
      "cgroup_id": 4085,
      "wait_duration_stats_ns": {
        "count": 234.0,
        "sum": 951138791.9999999,
        "mean": 4064695.692307692,
        "median": 321893.9927306033,
        "min": 4930,
        "max": 177304185,
        "variance_ns2": 482659639552835.25,
        "iqr_ns": 2619486.5988218742,
        "q1_ns": 57971.923090483506,
        "q3_ns": 2677458.521912358
      },
      "futex_op_counts": {
        "128": 234
      },
      "first_seen_ts_ns": 11085507441704,
      "last_seen_ts_ns": 11085697875315
    },
    {
      "tgid": 273579,
      "comm": "runc:[2:INIT]",
      "cgroup_id": 5011,
      "wait_duration_stats_ns": {
        "count": 29.0,
        "sum": 926663519.0,
        "mean": 31953914.44827586,
        "median": 3789685.9722046712,
        "min": 66312,
        "max": 174533990,
        "variance_ns2": 3692357041029733.0,
        "iqr_ns": 11666312.399598442,
        "q1_ns": 1046583.1961729256,
        "q3_ns": 12712895.595771369
      },
      "futex_op_counts": {
        "128": 29
      },
      "first_seen_ts_ns": 11125566944647,
      "last_seen_ts_ns": 11125753786276
    },
    {
      "tgid": 273205,
      "comm": "runc:[2:INIT]",
      "cgroup_id": 5011,
      "wait_duration_stats_ns": {
        "count": 23.0,
        "sum": 813015858.9999999,
        "mean": 35348515.60869565,
        "median": 1690348.3211871206,
        "min": 74622,
        "max": 162977795,
        "variance_ns2": 3864382235357291.0,
        "iqr_ns": 25089936.707063697,
        "q1_ns": 547067.3826639354,
        "q3_ns": 25637004.089727633
      },
      "futex_op_counts": {
        "128": 23
      },
      "first_seen_ts_ns": 11084711772139,
      "last_seen_ts_ns": 11084874029453
    },
    {
      "tgid": 273603,
      "comm": "runc:[2:INIT]",
      "cgroup_id": 5011,
      "wait_duration_stats_ns": {
        "count": 27.0,
        "sum": 798423567.0,
        "mean": 29571243.22222222,
        "median": 993606.4198192656,
        "min": 71642,
        "max": 153108621,
        "variance_ns2": 3337696901197225.0,
        "iqr_ns": 33094008.320392534,
        "q1_ns": 352047.80884806765,
        "q3_ns": 33446056.129240602
      },
      "futex_op_counts": {
        "128": 27
      },
      "first_seen_ts_ns": 11134706769175,
      "last_seen_ts_ns": 11134867070137
    },
    {
      "tgid": 273225,
      "comm": "runc:[2:INIT]",
      "cgroup_id": 5011,
      "wait_duration_stats_ns": {
        "count": 28.0,
        "sum": 764901890.9999999,
        "mean": 27317924.678571425,
        "median": 1573587.6579812844,
        "min": 28781,
        "max": 155906908,
        "variance_ns2": 3100555961386044.5,
        "iqr_ns": 27059466.38288015,
        "q1_ns": 69433.22049324062,
        "q3_ns": 27128899.603373393
      },
      "futex_op_counts": {
        "128": 28
      },
      "first_seen_ts_ns": 11085540814711,
      "last_seen_ts_ns": 11085697871804
    },
    {
      "tgid": 273378,
      "comm": "runc:[2:INIT]",
      "cgroup_id": 5011,
      "wait_duration_stats_ns": {
        "count": 35.0,
        "sum": 726764203.0000001,
        "mean": 20764691.514285717,
        "median": 6826769.711370092,
        "min": 23920,
        "max": 139567402,
        "variance_ns2": 1824016734940318.5,
        "iqr_ns": 5341435.961202307,
        "q1_ns": 789559.5795926542,
        "q3_ns": 6130995.540794961
      },
      "futex_op_counts": {
        "128": 35
      },
      "first_seen_ts_ns": 11104690525863,
      "last_seen_ts_ns": 11104841516188
    },
    {
      "tgid": 273427,
      "comm": "runc:[2:INIT]",
      "cgroup_id": 5011,
      "wait_duration_stats_ns": {
        "count": 24.0,
        "sum": 705310625.9999999,
        "mean": 29387942.749999996,
        "median": 1267034.2976383362,
        "min": 175326,
        "max": 144404700,
        "variance_ns2": 2944790881912255.5,
        "iqr_ns": 14230295.478929445,
        "q1_ns": 476831.9646243742,
        "q3_ns": 14707127.44355382
      },
      "futex_op_counts": {
        "128": 24
      },
      "first_seen_ts_ns": 11114685633537,
      "last_seen_ts_ns": 11114831992947
    },
    {
      "tgid": 273451,
      "comm": "runc:[2:INIT]",
      "cgroup_id": 5011,
      "wait_duration_stats_ns": {
        "count": 30.0,
        "sum": 692130104.0000001,
        "mean": 23071003.466666672,
        "median": 2764017.1831379486,
        "min": 4570,
        "max": 137328363,
        "variance_ns2": 2635586596857263.5,
        "iqr_ns": 20849408.4019613,
        "q1_ns": 182885.06049376144,
        "q3_ns": 21032293.46245506
      },
      "futex_op_counts": {
        "128": 30
      },
      "first_seen_ts_ns": 11115584107531,
      "last_seen_ts_ns": 11115723614791
    },
    {
      "tgid": 273085,
      "comm": "runc",
      "cgroup_id": 4085,
      "wait_duration_stats_ns": {
        "count": 134.0,
        "sum": 679188956.0,
        "mean": 5068574.298507462,
        "median": 503459.4109103931,
        "min": 7360,
        "max": 142173346,
        "variance_ns2": 517714399584397.44,
        "iqr_ns": 2121594.779595645,
        "q1_ns": 51131.445803527975,
        "q3_ns": 2172726.2253991733
      },
      "futex_op_counts": {
        "128": 134
      },
      "first_seen_ts_ns": 11075494964108,
      "last_seen_ts_ns": 11075638498186
    },
    {
      "tgid": 273627,
      "comm": "runc:[2:INIT]",
      "cgroup_id": 5011,
      "wait_duration_stats_ns": {
        "count": 24.0,
        "sum": 659756896.0000001,
        "mean": 27489870.66666667,
        "median": 2526882.612406156,
        "min": 37321,
        "max": 121198622,
        "variance_ns2": 2113802515414987.5,
        "iqr_ns": 26126731.461298008,
        "q1_ns": 719558.1172044876,
        "q3_ns": 26846289.578502495
      },
      "futex_op_counts": {
        "128": 24
      },
      "first_seen_ts_ns": 11135545903292,
      "last_seen_ts_ns": 11135680697533
    },
    {
      "tgid": 273402,
      "comm": "runc:[2:INIT]",
      "cgroup_id": 5011,
      "wait_duration_stats_ns": {
        "count": 27.0,
        "sum": 588810694.0,
        "mean": 21807803.48148148,
        "median": 1663087.3852437474,
        "min": 8430,
        "max": 136506948,
        "variance_ns2": 1999978055221302.8,
        "iqr_ns": 14856673.167170733,
        "q1_ns": 403474.9660059784,
        "q3_ns": 15260148.133176712
      },
      "futex_op_counts": {
        "128": 27
      },
      "first_seen_ts_ns": 11105561966304,
      "last_seen_ts_ns": 11105720055177
    },
    {
      "tgid": 273094,
      "comm": "runc:[2:INIT]",
      "cgroup_id": 5011,
      "wait_duration_stats_ns": {
        "count": 24.0,
        "sum": 532292349.99999994,
        "mean": 22178847.916666664,
        "median": 2319111.8641843437,
        "min": 35282,
        "max": 104697096,
        "variance_ns2": 1574868625681139.5,
        "iqr_ns": 41892964.87533805,
        "q1_ns": 365885.67253086413,
        "q3_ns": 42258850.547868915
      },
      "futex_op_counts": {
        "128": 24
      },
      "first_seen_ts_ns": 11075530882901,
      "last_seen_ts_ns": 11075638021602
    },
    {
      "tgid": 273072,
      "comm": "runc:[2:INIT]",
      "cgroup_id": 5011,
      "wait_duration_stats_ns": {
        "count": 23.0,
        "sum": 518735756.00000006,
        "mean": 22553728.521739133,
        "median": 1996320.8669866389,
        "min": 34012,
        "max": 125770972,
        "variance_ns2": 1551589793543674.0,
        "iqr_ns": 27164874.674008537,
        "q1_ns": 1732046.7963183245,
        "q3_ns": 28896921.470326863
      },
      "futex_op_counts": {
        "128": 23
      },
      "first_seen_ts_ns": 11074680301488,
      "last_seen_ts_ns": 11074819490362
    },
    {
      "tgid": 273555,
      "comm": "runc:[2:INIT]",
      "cgroup_id": 5011,
      "wait_duration_stats_ns": {
        "count": 27.0,
        "sum": 505453104.00000006,
        "mean": 18720485.333333336,
        "median": 5492474.083868514,
        "min": 24770,
        "max": 114146392,
        "variance_ns2": 1400374719471292.5,
        "iqr_ns": 1954993.69543483,
        "q1_ns": 372950.91660546814,
        "q3_ns": 2327944.612040298
      },
      "futex_op_counts": {
        "128": 27
      },
      "first_seen_ts_ns": 11124710633878,
      "last_seen_ts_ns": 11124840377051
    },
    {
      "tgid": 273253,
      "comm": "runc:[2:INIT]",
      "cgroup_id": 5011,
      "wait_duration_stats_ns": {
        "count": 34.0,
        "sum": 488284064.99999994,
        "mean": 14361296.029411763,
        "median": 1605167.8864034964,
        "min": 15370,
        "max": 90913517,
        "variance_ns2": 770881791864255.9,
        "iqr_ns": 14031035.398512563,
        "q1_ns": 239004.1023336302,
        "q3_ns": 14270039.500846192
      },
      "futex_op_counts": {
        "128": 34
      },
      "first_seen_ts_ns": 11094719023263,
      "last_seen_ts_ns": 11094823255050
    },
    {
      "tgid": 273318,
      "comm": "runc",
      "cgroup_id": 4085,
      "wait_duration_stats_ns": {
        "count": 371.0,
        "sum": 482109179.00000006,
        "mean": 1299485.6576819408,
        "median": 70896.7433865559,
        "min": 850,
        "max": 84313395,
        "variance_ns2": 90411901386197.34,
        "iqr_ns": 190955.07573024585,
        "q1_ns": 21201.856550001707,
        "q3_ns": 212156.93228024757
      },
      "futex_op_counts": {
        "128": 371
      },
      "first_seen_ts_ns": 11095488124609,
      "last_seen_ts_ns": 11095572749713
    },
    {
      "tgid": 273944,
      "comm": "runc:[2:INIT]",
      "cgroup_id": 5011,
      "wait_duration_stats_ns": {
        "count": 16.0,
        "sum": 471774759.0,
        "mean": 29485922.4375,
        "median": 5288616.944444444,
        "min": 1340,
        "max": 94982317,
        "variance_ns2": 2001539081360859.0,
        "iqr_ns": 51062443.57098766,
        "q1_ns": 83176.0,
        "q3_ns": 51145619.57098766
      },
      "futex_op_counts": {
        "128": 16
      },
      "first_seen_ts_ns": 11144637305642,
      "last_seen_ts_ns": 11144732330590
    },
    {
      "tgid": 273932,
      "comm": "runc",
      "cgroup_id": 4085,
      "wait_duration_stats_ns": {
        "count": 375.0,
        "sum": 392420874.00000006,
        "mean": 1046455.6640000001,
        "median": 39244.75179504463,
        "min": 920,
        "max": 96952647,
        "variance_ns2": 88652160340493.38,
        "iqr_ns": 49979.592447792544,
        "q1_ns": 19650.5104545353,
        "q3_ns": 69630.10290232784
      },
      "futex_op_counts": {
        "128": 375
      },
      "first_seen_ts_ns": 11144628242134,
      "last_seen_ts_ns": 11144730656499
    },
    {
      "tgid": 273328,
      "comm": "runc:[2:INIT]",
      "cgroup_id": 5011,
      "wait_duration_stats_ns": {
        "count": 21.0,
        "sum": 377756312.00000006,
        "mean": 17988395.809523813,
        "median": 1830708.4334941048,
        "min": 35641,
        "max": 75786242,
        "variance_ns2": 1051602856235413.8,
        "iqr_ns": 28220355.25730736,
        "q1_ns": 150162.10667699928,
        "q3_ns": 28370517.36398436
      },
      "futex_op_counts": {
        "128": 21
      },
      "first_seen_ts_ns": 11095496559869,
      "last_seen_ts_ns": 11095572802285
    },
    {
      "tgid": 273072,
      "comm": "grpc-health-pro",
      "cgroup_id": 5011,
      "wait_duration_stats_ns": {
        "count": 23.0,
        "sum": 194949811.00000003,
        "mean": 8476078.739130436,
        "median": 6776281.241906348,
        "min": 14681,
        "max": 28214917,
        "variance_ns2": 81124339962508.14,
        "iqr_ns": 10893271.721358893,
        "q1_ns": 1833811.0167524442,
        "q3_ns": 12727082.738111338
      },
      "futex_op_counts": {
        "128": 23
      },
      "first_seen_ts_ns": 11074833610795,
      "last_seen_ts_ns": 11074867303001
    },
    {
      "tgid": 273579,
      "comm": "grpc-health-pro",
      "cgroup_id": 5011,
      "wait_duration_stats_ns": {
        "count": 22.0,
        "sum": 166047733.0,
        "mean": 7547624.227272727,
        "median": 7607394.164315241,
        "min": 30301,
        "max": 23008228,
        "variance_ns2": 52936738292474.086,
        "iqr_ns": 12298757.421963632,
        "q1_ns": 673388.0040849491,
        "q3_ns": 12972145.42604858
      },
      "futex_op_counts": {
        "128": 22
      },
      "first_seen_ts_ns": 11125769824189,
      "last_seen_ts_ns": 11125799211034
    },
    {
      "tgid": 273603,
      "comm": "grpc-health-pro",
      "cgroup_id": 5011,
      "wait_duration_stats_ns": {
        "count": 28.0,
        "sum": 160692085.0,
        "mean": 5739003.035714285,
        "median": 1638387.566886687,
        "min": 18791,
        "max": 27108613,
        "variance_ns2": 62239543816428.555,
        "iqr_ns": 10321632.528070383,
        "q1_ns": 105933.40365610542,
        "q3_ns": 10427565.931726487
      },
      "futex_op_counts": {
        "128": 28
      },
      "first_seen_ts_ns": 11134873432753,
      "last_seen_ts_ns": 11134910929495
    },
    {
      "tgid": 273094,
      "comm": "grpc-health-pro",
      "cgroup_id": 5011,
      "wait_duration_stats_ns": {
        "count": 19.0,
        "sum": 150257493.0,
        "mean": 7908289.105263158,
        "median": 3638233.4951636903,
        "min": 77212,
        "max": 26282047,
        "variance_ns2": 79083332022876.44,
        "iqr_ns": 10011338.439088916,
        "q1_ns": 475064.80993801984,
        "q3_ns": 10486403.249026936
      },
      "futex_op_counts": {
        "128": 19
      },
      "first_seen_ts_ns": 11075656530741,
      "last_seen_ts_ns": 11075687732089
    },
    {
      "tgid": 273253,
      "comm": "grpc-health-pro",
      "cgroup_id": 5011,
      "wait_duration_stats_ns": {
        "count": 22.0,
        "sum": 149110041.99999997,
        "mean": 6777729.181818181,
        "median": 4053059.160017626,
        "min": 41951,
        "max": 23420810,
        "variance_ns2": 48731826894894.16,
        "iqr_ns": 10373647.461593132,
        "q1_ns": 693702.6051099098,
        "q3_ns": 11067350.066703042
      },
      "futex_op_counts": {
        "128": 22
      },
      "first_seen_ts_ns": 11094839374315,
      "last_seen_ts_ns": 11094870053700
    },
    {
      "tgid": 273402,
      "comm": "grpc-health-pro",
      "cgroup_id": 5011,
      "wait_duration_stats_ns": {
        "count": 21.0,
        "sum": 137807765.0,
        "mean": 6562274.523809524,
        "median": 8457091.880296607,
        "min": 49181,
        "max": 21149352,
        "variance_ns2": 33624259978734.258,
        "iqr_ns": 8067701.917973547,
        "q1_ns": 2103533.377998148,
        "q3_ns": 10171235.295971695
      },
      "futex_op_counts": {
        "128": 21
      },
      "first_seen_ts_ns": 11105737868956,
      "last_seen_ts_ns": 11105762599338
    },
    {
      "tgid": 273451,
      "comm": "grpc-health-pro",
      "cgroup_id": 5011,
      "wait_duration_stats_ns": {
        "count": 19.0,
        "sum": 131710028.0,
        "mean": 6932106.736842105,
        "median": 6653360.745216271,
        "min": 42211,
        "max": 13655891,
        "variance_ns2": 26387847424079.867,
        "iqr_ns": 9549347.818390416,
        "q1_ns": 1484614.9897344804,
        "q3_ns": 11033962.808124896
      },
      "futex_op_counts": {
        "128": 19
      },
      "first_seen_ts_ns": 11115752653986,
      "last_seen_ts_ns": 11115781478694
    },
    {
      "tgid": 273150,
      "comm": "aws-cni",
      "cgroup_id": 4085,
      "wait_duration_stats_ns": {
        "count": 236.0,
        "sum": 125412377.0,
        "mean": 531408.3771186441,
        "median": 85709.6453468216,
        "min": 1000,
        "max": 10140012,
        "variance_ns2": 2697589660067.939,
        "iqr_ns": 333812.27329889475,
        "q1_ns": 32100.61663652865,
        "q3_ns": 365912.8899354234
      },
      "futex_op_counts": {
        "128": 236
      },
      "first_seen_ts_ns": 11080611925160,
      "last_seen_ts_ns": 11080637292439
    },
    {
      "tgid": 273125,
      "comm": "aws-cni",
      "cgroup_id": 4085,
      "wait_duration_stats_ns": {
        "count": 182.0,
        "sum": 124330410.99999999,
        "mean": 683134.1263736263,
        "median": 112505.3587004501,
        "min": 1220,
        "max": 10996758,
        "variance_ns2": 3893320903692.464,
        "iqr_ns": 392639.9518912058,
        "q1_ns": 27352.439862330797,
        "q3_ns": 419992.3917535366
      },
      "futex_op_counts": {
        "128": 182
      },
      "first_seen_ts_ns": 11080546625565,
      "last_seen_ts_ns": 11080573023985
    },
    {
      "tgid": 273627,
      "comm": "grpc-health-pro",
      "cgroup_id": 5011,
      "wait_duration_stats_ns": {
        "count": 22.0,
        "sum": 109289019.0,
        "mean": 4967682.681818182,
        "median": 1551645.4532485595,
        "min": 15010,
        "max": 19577012,
        "variance_ns2": 39946093107161.086,
        "iqr_ns": 5765805.163550315,
        "q1_ns": 359372.74512117344,
        "q3_ns": 6125177.908671489
      },
      "futex_op_counts": {
        "128": 22
      },
      "first_seen_ts_ns": 11135697813177,
      "last_seen_ts_ns": 11135720077612
    },
    {
      "tgid": 273427,
      "comm": "grpc-health-pro",
      "cgroup_id": 5011,
      "wait_duration_stats_ns": {
        "count": 19.0,
        "sum": 90351445.99999999,
        "mean": 4755339.263157894,
        "median": 1783140.7687623268,
        "min": 2730,
        "max": 17460218,
        "variance_ns2": 30700267730995.316,
        "iqr_ns": 7226301.126613283,
        "q1_ns": 123661.88937599733,
        "q3_ns": 7349963.01598928
      },
      "futex_op_counts": {
        "128": 19
      },
      "first_seen_ts_ns": 11114840113439,
      "last_seen_ts_ns": 11114865885173
    },
    {
      "tgid": 273555,
      "comm": "grpc-health-pro",
      "cgroup_id": 5011,
      "wait_duration_stats_ns": {
        "count": 30.0,
        "sum": 83545369.00000001,
        "mean": 2784845.633333334,
        "median": 554455.8658267835,
        "min": 1220,
        "max": 14761204,
        "variance_ns2": 25059421154877.96,
        "iqr_ns": 2838524.9397531943,
        "q1_ns": 74311.82439741942,
        "q3_ns": 2912836.764150614
      },
      "futex_op_counts": {
        "128": 30
      },
      "first_seen_ts_ns": 11124856902979,
      "last_seen_ts_ns": 11124873901422
    },
    {
      "tgid": 273225,
      "comm": "grpc-health-pro",
      "cgroup_id": 5011,
      "wait_duration_stats_ns": {
        "count": 18.0,
        "sum": 74838073.0,
        "mean": 4157670.722222222,
        "median": 2199247.312331474,
        "min": 29631,
        "max": 14218318,
        "variance_ns2": 18990060513332.684,
        "iqr_ns": 4884206.406774677,
        "q1_ns": 626877.7065971361,
        "q3_ns": 5511084.113371814
      },
      "futex_op_counts": {
        "128": 18
      },
      "first_seen_ts_ns": 11085704492688,
      "last_seen_ts_ns": 11085729381784
    },
    {
      "tgid": 273378,
      "comm": "grpc-health-pro",
      "cgroup_id": 5011,
      "wait_duration_stats_ns": {
        "count": 24.0,
        "sum": 46966636.0,
        "mean": 1956943.1666666667,
        "median": 278121.041119616,
        "min": 1129,
        "max": 8140791,
        "variance_ns2": 9325591726335.45,
        "iqr_ns": 2431181.541629322,
        "q1_ns": 51622.73511904762,
        "q3_ns": 2482804.2767483694
      },
      "futex_op_counts": {
        "128": 24
      },
      "first_seen_ts_ns": 11104847640646,
      "last_seen_ts_ns": 11104859905224
    },
    {
      "tgid": 273205,
      "comm": "grpc-health-pro",
      "cgroup_id": 5011,
      "wait_duration_stats_ns": {
        "count": 10.0,
        "sum": 34369654.0,
        "mean": 3436965.4000000004,
        "median": 1372602.0,
        "min": 23760,
        "max": 15430463,
        "variance_ns2": 27080310438886.266,
        "iqr_ns": 2460243.7499999995,
        "q1_ns": 716194.0833333335,
        "q3_ns": 3176437.833333333
      },
      "futex_op_counts": {
        "128": 10
      },
      "first_seen_ts_ns": 11084890739988,
      "last_seen_ts_ns": 11084905804470
    },
    {
      "tgid": 273119,
      "comm": "egress-cni",
      "cgroup_id": 4085,
      "wait_duration_stats_ns": {
        "count": 11.0,
        "sum": 15150674.0,
        "mean": 1377334.0,
        "median": 687778.8370370369,
        "min": 1840,
        "max": 4578991,
        "variance_ns2": 3582986218571.2,
        "iqr_ns": 1701745.3179012344,
        "q1_ns": 33311.0,
        "q3_ns": 1735056.3179012344
      },
      "futex_op_counts": {
        "128": 11
      },
      "first_seen_ts_ns": 11080530410416,
      "last_seen_ts_ns": 11080535040798
    },
    {
      "tgid": 273144,
      "comm": "egress-cni",
      "cgroup_id": 4085,
      "wait_duration_stats_ns": {
        "count": 9.0,
        "sum": 13800443.999999998,
        "mean": 1533382.6666666665,
        "median": 915134.5617283949,
        "min": 35901,
        "max": 4392415,
        "variance_ns2": 4152451432820.25,
        "iqr_ns": 1567404.2002743483,
        "q1_ns": 55191.0,
        "q3_ns": 1622595.2002743483
      },
      "futex_op_counts": {
        "128": 9
      },
      "first_seen_ts_ns": 11080603412538,
      "last_seen_ts_ns": 11080607965288
    },
    {
      "tgid": 273328,
      "comm": "grpc-health-pro",
      "cgroup_id": 5011,
      "wait_duration_stats_ns": {
        "count": 32.0,
        "sum": 11129568.999999998,
        "mean": 347799.03124999994,
        "median": 100185.90948979308,
        "min": 980,
        "max": 1774904,
        "variance_ns2": 282971786173.96674,
        "iqr_ns": 286428.94618847955,
        "q1_ns": 36602.507054534944,
        "q3_ns": 323031.4532430145
      },
      "futex_op_counts": {
        "128": 32
      },
      "first_seen_ts_ns": 11095575213829,
      "last_seen_ts_ns": 11095578146969
    },
    {
      "tgid": 273114,
      "comm": "portmap",
      "cgroup_id": 4085,
      "wait_duration_stats_ns": {
        "count": 8.0,
        "sum": 7312775.0,
        "mean": 914096.875,
        "median": 143925.0,
        "min": 11630,
        "max": 5747896,
        "variance_ns2": 3846555994709.267,
        "iqr_ns": 452768.72222222213,
        "q1_ns": 58052.66666666667,
        "q3_ns": 510821.3888888888
      },
      "futex_op_counts": {
        "128": 8
      },
      "first_seen_ts_ns": 11080522850554,
      "last_seen_ts_ns": 11080523674809
    },
    {
      "tgid": 273134,
      "comm": "loopback",
      "cgroup_id": 4085,
      "wait_duration_stats_ns": {
        "count": 8.0,
        "sum": 6623882.0,
        "mean": 827985.25,
        "median": 252767.0,
        "min": 100873,
        "max": 4754495,
        "variance_ns2": 2534984286821.929,
        "iqr_ns": 302056.3333333334,
        "q1_ns": 220179.0,
        "q3_ns": 522235.3333333334
      },
      "futex_op_counts": {
        "128": 8
      },
      "first_seen_ts_ns": 11080588132028,
      "last_seen_ts_ns": 11080588848950
    },
    {
      "tgid": 273139,
      "comm": "portmap",
      "cgroup_id": 4085,
      "wait_duration_stats_ns": {
        "count": 7.0,
        "sum": 6307114.0,
        "mean": 901016.2857142857,
        "median": 525156.0,
        "min": 117274,
        "max": 2099795,
        "variance_ns2": 557844196863.5714,
        "iqr_ns": 157200.0,
        "q1_ns": 367956.0,
        "q3_ns": 525156.0
      },
      "futex_op_counts": {
        "128": 7
      },
      "first_seen_ts_ns": 11080592071770,
      "last_seen_ts_ns": 11080592979008
    },
    {
      "tgid": 273109,
      "comm": "loopback",
      "cgroup_id": 4085,
      "wait_duration_stats_ns": {
        "count": 6.0,
        "sum": 2219307.0,
        "mean": 369884.5,
        "median": 268988.0,
        "min": 139664,
        "max": 775563,
        "variance_ns2": 50575627873.49999,
        "iqr_ns": 69832.0,
        "q1_ns": 268988.0,
        "q3_ns": 338820.0
      },
      "futex_op_counts": {
        "128": 6
      },
      "first_seen_ts_ns": 11080511696262,
      "last_seen_ts_ns": 11080512461116
    },
    {
      "tgid": 272737,
      "comm": "flux-broker-0",
      "cgroup_id": 93848,
      "wait_duration_stats_ns": {
        "count": 305.0,
        "sum": 735782.0000000005,
        "mean": 2412.4000000000015,
        "median": 1444.4042274220633,
        "min": 760,
        "max": 29301,
        "variance_ns2": 16098434.135526309,
        "iqr_ns": 1125.6670466608664,
        "q1_ns": 1042.8191377138562,
        "q3_ns": 2168.4861843747226
      },
      "futex_op_counts": {
        "128": 305
      },
      "first_seen_ts_ns": 11070423984569,
      "last_seen_ts_ns": 11144726990186
    }
  ]
}
[18:47:44] Cleanup complete.
