unlimited
PROGRAM: cpu
Looking for /opt/programs/cpu/ebpf-collect.c
[16:05:16] Waiting for start indicator file: '/mnt/flux/start_ebpf_collection'.
[16:05:22] Start indicator found. Proceeding with monitoring.
[16:05:22] Initializing eBPF for CPU Scheduling monitoring...
[16:05:22] BPF C code compiled and loaded.
[16:05:22] Attached tracepoints.
[16:05:22] Monitoring CPU scheduling events (polling aggregated map)... Press Ctrl+C to stop.
[16:06:25] Stop indicator file '/mnt/flux/stop_ebpf_collection' found. Stopping.
[16:06:25] Initiating cleanup sequence...
{
  "final_aggregated_summary_river": [
    {
      "tgid": 144,
      "comm": "python3",
      "cgroup_id": 69852,
      "on_cpu_stats_ns": {
        "count": 211.0,
        "sum_ns": 13027524.646974094,
        "mean_ns": 61741.8229714412,
        "median_ns": 54335.966055866054,
        "min_ns": 3408.0,
        "max_ns": 317326.0,
        "variance_ns2": 3064741363.784122,
        "iqr_ns": 68153.40266707246,
        "q1_ns": 21246.209716326084,
        "q3_ns": 89399.61238339855
      },
      "runq_latency_stats_ns": {
        "count": 211.0,
        "sum_ns": 6825784.583064478,
        "mean_ns": 32349.689967130227,
        "median_ns": 26855.625975684583,
        "min_ns": 406.46153846153845,
        "max_ns": 398486.0,
        "variance_ns2": 2405858948.1827164,
        "iqr_ns": 54235.42979952532,
        "q1_ns": 5103.988740868254,
        "q3_ns": 59339.41854039358
      },
      "first_seen_ts_ns": 1749917122716274168,
      "last_seen_ts_ns": 1749917185439976187,
      "duration_active_s": 62.723702019
    },
    {
      "tgid": 119,
      "comm": "flux-broker-0",
      "cgroup_id": 69992,
      "on_cpu_stats_ns": {
        "count": 91.0,
        "sum_ns": 3203868.8352941186,
        "mean_ns": 35207.349838396905,
        "median_ns": 13229.111790006642,
        "min_ns": 3324.0,
        "max_ns": 979753.0,
        "variance_ns2": 12324594771.570557,
        "iqr_ns": 8707.28780395474,
        "q1_ns": 10438.041550285943,
        "q3_ns": 19145.329354240683
      },
      "runq_latency_stats_ns": {
        "count": 91.0,
        "sum_ns": 764748.0352941174,
        "mean_ns": 8403.82456367162,
        "median_ns": 7398.830178463894,
        "min_ns": 787.0,
        "max_ns": 18793.0,
        "variance_ns2": 31568218.91126534,
        "iqr_ns": 11368.596203099078,
        "q1_ns": 2940.076896358876,
        "q3_ns": 14308.673099457954
      },
      "first_seen_ts_ns": 1749917122716274168,
      "last_seen_ts_ns": 1749917185035225801,
      "duration_active_s": 62.318951633
    },
    {
      "tgid": 215,
      "comm": "python3",
      "cgroup_id": 69922,
      "on_cpu_stats_ns": {
        "count": 123.0,
        "sum_ns": 1587978.0000000002,
        "mean_ns": 12910.39024390244,
        "median_ns": 13634.386117621743,
        "min_ns": 2936.0,
        "max_ns": 24919.0,
        "variance_ns2": 19864542.764494207,
        "iqr_ns": 4266.708093629515,
        "q1_ns": 11093.810116547324,
        "q3_ns": 15360.518210176839
      },
      "runq_latency_stats_ns": {
        "count": 123.0,
        "sum_ns": 1080976.9999999998,
        "mean_ns": 8788.430894308942,
        "median_ns": 5018.894957966704,
        "min_ns": 956.0,
        "max_ns": 384039.0,
        "variance_ns2": 1173244170.3128088,
        "iqr_ns": 3193.988386713805,
        "q1_ns": 4097.170186886241,
        "q3_ns": 7291.158573600046
      },
      "first_seen_ts_ns": 1749917123025039953,
      "last_seen_ts_ns": 1749917185439976187,
      "duration_active_s": 62.414936234
    },
    {
      "tgid": 31,
      "comm": "bash",
      "cgroup_id": 69852,
      "on_cpu_stats_ns": {
        "count": 26.0,
        "sum_ns": 1219887.5000000002,
        "mean_ns": 46918.75000000001,
        "median_ns": 16215.094853532828,
        "min_ns": 3938.0,
        "max_ns": 264293.0,
        "variance_ns2": 5243385067.745,
        "iqr_ns": 53955.10247667189,
        "q1_ns": 10750.58261948196,
        "q3_ns": 64705.68509615385
      },
      "runq_latency_stats_ns": {
        "count": 26.0,
        "sum_ns": 247880.00000000006,
        "mean_ns": 9533.846153846156,
        "median_ns": 5956.471972804508,
        "min_ns": 739.0,
        "max_ns": 41588.0,
        "variance_ns2": 113421193.57538463,
        "iqr_ns": 11174.025274988493,
        "q1_ns": 2763.0248825874482,
        "q3_ns": 13937.05015757594
      },
      "first_seen_ts_ns": 1749917122716274168,
      "last_seen_ts_ns": 1749917181096705114,
      "duration_active_s": 58.380430946
    },
    {
      "tgid": 1,
      "comm": "pause",
      "cgroup_id": 69642,
      "on_cpu_stats_ns": {
        "count": 2.0,
        "sum_ns": 625969.7142857143,
        "mean_ns": 312984.85714285716,
        "median_ns": 339115.0,
        "min_ns": 286854.71428571426,
        "max_ns": 339115.0,
        "variance_ns2": 1365568731.4693875,
        "iqr_ns": 52260.28571428574,
        "q1_ns": 286854.71428571426,
        "q3_ns": 339115.0
      },
      "runq_latency_stats_ns": {
        "count": 2.0,
        "sum_ns": 4577.833333333334,
        "mean_ns": 2288.916666666667,
        "median_ns": 3997.8333333333335,
        "min_ns": 580.0,
        "max_ns": 3997.8333333333335,
        "variance_ns2": 5840792.347222224,
        "iqr_ns": 3417.8333333333335,
        "q1_ns": 580.0,
        "q3_ns": 3997.8333333333335
      },
      "first_seen_ts_ns": 1749917160265061237,
      "last_seen_ts_ns": 1749917185439976187,
      "duration_active_s": 25.17491495
    },
    {
      "tgid": 65,
      "comm": "bash",
      "cgroup_id": 69992,
      "on_cpu_stats_ns": {
        "count": 23.0,
        "sum_ns": 267517.3625,
        "mean_ns": 11631.189673913042,
        "median_ns": 11996.08257328892,
        "min_ns": 3655.5625,
        "max_ns": 20991.0,
        "variance_ns2": 19494961.655861538,
        "iqr_ns": 3863.462454605171,
        "q1_ns": 10757.963744116905,
        "q3_ns": 14621.426198722076
      },
      "runq_latency_stats_ns": {
        "count": 23.0,
        "sum_ns": 224983.2625,
        "mean_ns": 9781.88097826087,
        "median_ns": 12293.902249557465,
        "min_ns": 1015.7,
        "max_ns": 18217.0,
        "variance_ns2": 36935955.69783906,
        "iqr_ns": 10415.049431088184,
        "q1_ns": 4997.465186961287,
        "q3_ns": 15412.514618049472
      },
      "first_seen_ts_ns": 1749917122716274168,
      "last_seen_ts_ns": 1749917183818825224,
      "duration_active_s": 61.102551056
    },
    {
      "tgid": 40,
      "comm": "bash",
      "cgroup_id": 69922,
      "on_cpu_stats_ns": {
        "count": 23.0,
        "sum_ns": 256343.64705882355,
        "mean_ns": 11145.375959079285,
        "median_ns": 11904.573219208858,
        "min_ns": 3159.0,
        "max_ns": 16690.0,
        "variance_ns2": 16815249.479313973,
        "iqr_ns": 4174.025574807598,
        "q1_ns": 10175.583789769747,
        "q3_ns": 14349.609364577345
      },
      "runq_latency_stats_ns": {
        "count": 23.0,
        "sum_ns": 221901.94117647054,
        "mean_ns": 9647.910485933502,
        "median_ns": 8711.307181098697,
        "min_ns": 1095.9411764705883,
        "max_ns": 18270.0,
        "variance_ns2": 39447901.951830626,
        "iqr_ns": 12861.227435224486,
        "q1_ns": 2744.4630240985284,
        "q3_ns": 15605.690459323014
      },
      "first_seen_ts_ns": 1749917122716274168,
      "last_seen_ts_ns": 1749917183818825224,
      "duration_active_s": 61.102551056
    }
  ]
}
[16:06:25] Cleanup complete. Exiting.
