unlimited
PROGRAM: cpu
Looking for /opt/programs/cpu/ebpf-collect.c
[20:02:07] Waiting for start indicator file: '/mnt/flux/start_ebpf_collection'.
[20:02:14] Start indicator found. Proceeding with monitoring.
[20:02:14] Initializing eBPF for CPU Scheduling monitoring...
[20:02:14] BPF C code compiled and loaded.
[20:02:14] Attached tracepoints.
[20:02:14] Monitoring CPU scheduling events (polling aggregated map)... Press Ctrl+C to stop.
[20:03:23] Stop indicator file '/mnt/flux/stop_ebpf_collection' found. Stopping.
[20:03:23] Initiating cleanup sequence...
{
  "final_aggregated_summary_river": [
    {
      "tgid": 88,
      "comm": "python3",
      "cgroup_id": 30425,
      "on_cpu_stats_ns": {
        "count": 535.0,
        "sum_ns": 33597039.49999995,
        "mean_ns": 62798.204672897096,
        "median_ns": 38126.14348169283,
        "min_ns": 4144.0,
        "max_ns": 1655034.0,
        "variance_ns2": 14318032948.255314,
        "iqr_ns": 71655.81287993322,
        "q1_ns": 17985.680203191376,
        "q3_ns": 89641.4930831246
      },
      "runq_latency_stats_ns": {
        "count": 535.0,
        "sum_ns": 9479542.333333323,
        "mean_ns": 17718.770716510884,
        "median_ns": 12464.59052230238,
        "min_ns": 687.0,
        "max_ns": 276812.0,
        "variance_ns2": 591660365.2378004,
        "iqr_ns": 14429.777417162935,
        "q1_ns": 4763.676563072459,
        "q3_ns": 19193.453980235394
      },
      "first_seen_ts_ns": 1749844934760366881,
      "last_seen_ts_ns": 1749845003407149196,
      "duration_active_s": 68.646782315
    },
    {
      "tgid": 167,
      "comm": "python3",
      "cgroup_id": 30509,
      "on_cpu_stats_ns": {
        "count": 498.0,
        "sum_ns": 29094698.333333336,
        "mean_ns": 58423.089022757704,
        "median_ns": 32538.23374596375,
        "min_ns": 4004.0,
        "max_ns": 695478.0,
        "variance_ns2": 5688210150.377932,
        "iqr_ns": 61643.1808933825,
        "q1_ns": 18264.055581227607,
        "q3_ns": 79907.23647461011
      },
      "runq_latency_stats_ns": {
        "count": 499.0,
        "sum_ns": 20519902.166666675,
        "mean_ns": 41122.04843019374,
        "median_ns": 14777.926304653449,
        "min_ns": 754.0,
        "max_ns": 10055410.0,
        "variance_ns2": 202931643479.93768,
        "iqr_ns": 22238.49722065013,
        "q1_ns": 5499.262372281187,
        "q3_ns": 27737.759592931317
      },
      "first_seen_ts_ns": 1749844934760366881,
      "last_seen_ts_ns": 1749845003407149196,
      "duration_active_s": 68.646782315
    },
    {
      "tgid": 371,
      "comm": "xhpcg",
      "cgroup_id": 30593,
      "on_cpu_stats_ns": {
        "count": 92.0,
        "sum_ns": 18678844.729684673,
        "mean_ns": 203030.9209748334,
        "median_ns": 45464.11989512162,
        "min_ns": 3602.0,
        "max_ns": 3755076.75,
        "variance_ns2": 222103931169.14706,
        "iqr_ns": 242948.16574338908,
        "q1_ns": 15744.76523136985,
        "q3_ns": 258692.93097475893
      },
      "runq_latency_stats_ns": {
        "count": 92.0,
        "sum_ns": 3282369.2289428725,
        "mean_ns": 35677.92640155296,
        "median_ns": 5834.847311715199,
        "min_ns": 532.0,
        "max_ns": 617900.0,
        "variance_ns2": 9494956295.125097,
        "iqr_ns": 10645.311405319972,
        "q1_ns": 2682.301441857791,
        "q3_ns": 13327.612847177763
      },
      "first_seen_ts_ns": 1749844937091254650,
      "last_seen_ts_ns": 1749844957395498915,
      "duration_active_s": 20.304244265
    },
    {
      "tgid": 255,
      "comm": "flux-broker-0",
      "cgroup_id": 30593,
      "on_cpu_stats_ns": {
        "count": 208.0,
        "sum_ns": 11432353.85,
        "mean_ns": 54963.239663461536,
        "median_ns": 28897.243639350672,
        "min_ns": 3861.0,
        "max_ns": 364471.5,
        "variance_ns2": 2971175700.9379487,
        "iqr_ns": 70166.73340285683,
        "q1_ns": 16402.965223727926,
        "q3_ns": 86569.69862658475
      },
      "runq_latency_stats_ns": {
        "count": 208.0,
        "sum_ns": 5487073.500000003,
        "mean_ns": 26380.16105769232,
        "median_ns": 12890.138692601013,
        "min_ns": 766.0,
        "max_ns": 718725.5,
        "variance_ns2": 3645658935.7541504,
        "iqr_ns": 18204.56238096742,
        "q1_ns": 4180.298939165588,
        "q3_ns": 22384.86132013301
      },
      "first_seen_ts_ns": 1749844934760366881,
      "last_seen_ts_ns": 1749844999747224383,
      "duration_active_s": 64.986857502
    },
    {
      "tgid": 337,
      "comm": "xhpcg",
      "cgroup_id": 30593,
      "on_cpu_stats_ns": {
        "count": 46.0,
        "sum_ns": 942537.0,
        "mean_ns": 20489.934782608696,
        "median_ns": 20900.018209035934,
        "min_ns": 6729.0,
        "max_ns": 46286.0,
        "variance_ns2": 86559248.06231886,
        "iqr_ns": 12688.751624165987,
        "q1_ns": 13908.326564100527,
        "q3_ns": 26597.078188266514
      },
      "runq_latency_stats_ns": {
        "count": 46.0,
        "sum_ns": 428777.00000000006,
        "mean_ns": 9321.239130434784,
        "median_ns": 6168.8723657363535,
        "min_ns": 2068.0,
        "max_ns": 68611.0,
        "variance_ns2": 120008446.67487922,
        "iqr_ns": 4873.158607967199,
        "q1_ns": 4385.927263077526,
        "q3_ns": 9259.085871044725
      },
      "first_seen_ts_ns": 1749844934760366881,
      "last_seen_ts_ns": 1749844957831236642,
      "duration_active_s": 23.070869761
    },
    {
      "tgid": 1,
      "comm": "pause",
      "cgroup_id": 30257,
      "on_cpu_stats_ns": {
        "count": 2.0,
        "sum_ns": 737096.8412698413,
        "mean_ns": 368548.42063492065,
        "median_ns": 369508.28571428574,
        "min_ns": 367588.55555555556,
        "max_ns": 369508.28571428574,
        "variance_ns2": 1842681.9411690957,
        "iqr_ns": 1919.7301587301772,
        "q1_ns": 367588.55555555556,
        "q3_ns": 369508.28571428574
      },
      "runq_latency_stats_ns": {
        "count": 2.0,
        "sum_ns": 5460.952380952382,
        "mean_ns": 2730.476190476191,
        "median_ns": 4593.666666666667,
        "min_ns": 867.2857142857143,
        "max_ns": 4593.666666666667,
        "variance_ns2": 6942957.501133789,
        "iqr_ns": 3726.3809523809527,
        "q1_ns": 867.2857142857143,
        "q3_ns": 4593.666666666667
      },
      "first_seen_ts_ns": 1749844990741291688,
      "last_seen_ts_ns": 1749845003407149196,
      "duration_active_s": 12.665857508
    },
    {
      "tgid": 325,
      "comm": "xhpcg",
      "cgroup_id": 30593,
      "on_cpu_stats_ns": {
        "count": 8.0,
        "sum_ns": 710631.6666666666,
        "mean_ns": 88828.95833333333,
        "median_ns": 92963.0,
        "min_ns": 23089.0,
        "max_ns": 158903.0,
        "variance_ns2": 2350992847.156746,
        "iqr_ns": 55693.54861111111,
        "q1_ns": 55817.45138888889,
        "q3_ns": 111511.0
      },
      "runq_latency_stats_ns": {
        "count": 8.0,
        "sum_ns": 292677.1666666667,
        "mean_ns": 36584.645833333336,
        "median_ns": 26435.5,
        "min_ns": 760.0,
        "max_ns": 115048.0,
        "variance_ns2": 1554015030.003472,
        "iqr_ns": 32822.70833333333,
        "q1_ns": 12917.958333333336,
        "q3_ns": 45740.666666666664
      },
      "first_seen_ts_ns": 1749844935011245232,
      "last_seen_ts_ns": 1749844950221265401,
      "duration_active_s": 15.210020169
    },
    {
      "tgid": 324,
      "comm": "xhpcg",
      "cgroup_id": 30593,
      "on_cpu_stats_ns": {
        "count": 14.0,
        "sum_ns": 636361.7000000001,
        "mean_ns": 45454.40714285715,
        "median_ns": 17740.490263038548,
        "min_ns": 5182.0,
        "max_ns": 130763.0,
        "variance_ns2": 2026315332.982253,
        "iqr_ns": 46101.007881944446,
        "q1_ns": 15255.880833333335,
        "q3_ns": 61356.88871527778
      },
      "runq_latency_stats_ns": {
        "count": 14.0,
        "sum_ns": 316642.50000000006,
        "mean_ns": 22617.32142857143,
        "median_ns": 14464.062499999998,
        "min_ns": 2263.0,
        "max_ns": 150744.0,
        "variance_ns2": 1462266565.5233514,
        "iqr_ns": 23979.678142223325,
        "q1_ns": 8203.039229910713,
        "q3_ns": 32182.717372134037
      },
      "first_seen_ts_ns": 1749844934760366881,
      "last_seen_ts_ns": 1749844955481282189,
      "duration_active_s": 20.720915308
    },
    {
      "tgid": 319,
      "comm": "python3",
      "cgroup_id": 30593,
      "on_cpu_stats_ns": {
        "count": 9.0,
        "sum_ns": 514478.0,
        "mean_ns": 57164.22222222222,
        "median_ns": 49351.055555555555,
        "min_ns": 4008.0,
        "max_ns": 124382.0,
        "variance_ns2": 2339932375.6944447,
        "iqr_ns": 70832.9620949074,
        "q1_ns": 18171.350405092595,
        "q3_ns": 89004.3125
      },
      "runq_latency_stats_ns": {
        "count": 9.0,
        "sum_ns": 155659.0,
        "mean_ns": 17295.444444444445,
        "median_ns": 9809.583333333334,
        "min_ns": 919.0,
        "max_ns": 63709.0,
        "variance_ns2": 476956775.27777773,
        "iqr_ns": 12285.208333333332,
        "q1_ns": 2270.791666666668,
        "q3_ns": 14556.0
      },
      "first_seen_ts_ns": 1749844935011245232,
      "last_seen_ts_ns": 1749844939511237628,
      "duration_active_s": 4.499992396
    },
    {
      "tgid": 349,
      "comm": "xhpcg",
      "cgroup_id": 30593,
      "on_cpu_stats_ns": {
        "count": 40.0,
        "sum_ns": 474508.25595238095,
        "mean_ns": 11862.706398809523,
        "median_ns": 10915.889013218133,
        "min_ns": 3691.25,
        "max_ns": 26602.0,
        "variance_ns2": 27089038.805427253,
        "iqr_ns": 6027.801564778121,
        "q1_ns": 8605.511032344377,
        "q3_ns": 14633.312597122498
      },
      "runq_latency_stats_ns": {
        "count": 40.0,
        "sum_ns": 229089.16666666672,
        "mean_ns": 5727.229166666668,
        "median_ns": 5406.879457805337,
        "min_ns": 1466.375,
        "max_ns": 12103.0,
        "variance_ns2": 6541550.235566023,
        "iqr_ns": 3039.4067168765364,
        "q1_ns": 3757.634247809417,
        "q3_ns": 6797.040964685953
      },
      "first_seen_ts_ns": 1749844936101277079,
      "last_seen_ts_ns": 1749844950331559928,
      "duration_active_s": 14.230282849
    },
    {
      "tgid": 44,
      "comm": "bash",
      "cgroup_id": 30509,
      "on_cpu_stats_ns": {
        "count": 19.0,
        "sum_ns": 315754.00000000006,
        "mean_ns": 16618.63157894737,
        "median_ns": 16146.778935185182,
        "min_ns": 4802.0,
        "max_ns": 29152.0,
        "variance_ns2": 50799432.356725164,
        "iqr_ns": 10429.85133316393,
        "q1_ns": 13052.513333333332,
        "q3_ns": 23482.364666497262
      },
      "runq_latency_stats_ns": {
        "count": 19.0,
        "sum_ns": 187907.0,
        "mean_ns": 9889.842105263158,
        "median_ns": 11642.419619341566,
        "min_ns": 1670.0,
        "max_ns": 16230.0,
        "variance_ns2": 30193101.02923976,
        "iqr_ns": 10048.797434964727,
        "q1_ns": 5096.7087026014115,
        "q3_ns": 15145.506137566137
      },
      "first_seen_ts_ns": 1749844935449716199,
      "last_seen_ts_ns": 1749845003407149196,
      "duration_active_s": 67.957432997
    },
    {
      "tgid": 329,
      "comm": "xhpcg",
      "cgroup_id": 30593,
      "on_cpu_stats_ns": {
        "count": 8.0,
        "sum_ns": 144533.6,
        "mean_ns": 18066.7,
        "median_ns": 14097.711111111112,
        "min_ns": 4699.0,
        "max_ns": 32353.0,
        "variance_ns2": 82119045.34857142,
        "iqr_ns": 4927.760493827162,
        "q1_ns": 12057.0,
        "q3_ns": 16984.76049382716
      },
      "runq_latency_stats_ns": {
        "count": 8.0,
        "sum_ns": 81446.0,
        "mean_ns": 10180.75,
        "median_ns": 7398.388888888889,
        "min_ns": 2342.0,
        "max_ns": 20977.0,
        "variance_ns2": 49998960.5,
        "iqr_ns": 5760.7283950617275,
        "q1_ns": 3944.0,
        "q3_ns": 9704.728395061727
      },
      "first_seen_ts_ns": 1749844934760366881,
      "last_seen_ts_ns": 1749844955481282189,
      "duration_active_s": 20.720915308
    },
    {
      "tgid": 339,
      "comm": "xhpcg",
      "cgroup_id": 30593,
      "on_cpu_stats_ns": {
        "count": 1.0,
        "sum_ns": 24535.0,
        "mean_ns": 24535.0,
        "median_ns": 24535.0,
        "min_ns": 24535.0,
        "max_ns": 24535.0,
        "variance_ns2": null,
        "iqr_ns": 0.0,
        "q1_ns": 24535.0,
        "q3_ns": 24535.0
      },
      "runq_latency_stats_ns": {
        "count": 1.0,
        "sum_ns": 342637.0,
        "mean_ns": 342637.0,
        "median_ns": 342637.0,
        "min_ns": 342637.0,
        "max_ns": 342637.0,
        "variance_ns2": null,
        "iqr_ns": 0.0,
        "q1_ns": 342637.0,
        "q3_ns": 342637.0
      },
      "first_seen_ts_ns": 1749844951191209980,
      "last_seen_ts_ns": 1749844951191209980,
      "duration_active_s": 0
    },
    {
      "tgid": 708,
      "comm": "xhpcg",
      "cgroup_id": 30593,
      "on_cpu_stats_ns": {
        "count": 1.0,
        "sum_ns": 10888.5,
        "mean_ns": 10888.5,
        "median_ns": 10888.5,
        "min_ns": 10888.5,
        "max_ns": 10888.5,
        "variance_ns2": null,
        "iqr_ns": 0.0,
        "q1_ns": 10888.5,
        "q3_ns": 10888.5
      },
      "runq_latency_stats_ns": {
        "count": 1.0,
        "sum_ns": 6073.5,
        "mean_ns": 6073.5,
        "median_ns": 6073.5,
        "min_ns": 6073.5,
        "max_ns": 6073.5,
        "variance_ns2": null,
        "iqr_ns": 0.0,
        "q1_ns": 6073.5,
        "q3_ns": 6073.5
      },
      "first_seen_ts_ns": 1749844995815337948,
      "last_seen_ts_ns": 1749844995815337948,
      "duration_active_s": 0
    }
  ]
}
[20:03:23] Cleanup complete. Exiting.
