ln: failed to create symbolic link '/mnt/flux/view/lib/python': File exists
ln: failed to create symbolic link '/mnt/flux/view/lib/python3': File exists
unlimited
PROGRAM: futex
Looking for /opt/programs/futex/ebpf-collect.c
[03:20:32] Starting eBPF (Tracepoints for futex syscalls).
[03:20:33] BPF program loaded and tracepoints automatically attached.
[03:20:33] Start Indicator file defined '/mnt/flux/start_ebpf_collection'. Waiting.
[03:20:38] Start indicator found. Proceeding.
[03:20:38] Ring buffers opened. Polling for events...
[03:21:58] 
Indicator file '/mnt/flux/stop_ebpf_collection' found. Stopping.
[03:21:58] Cleaning up BPF resources...
{
  "final_aggregated_futex_summary_river": [
    {
      "tgid": 2312,
      "comm": "containerd",
      "cgroup_id": 4085,
      "wait_duration_stats_ns": {
        "count": 7970.0,
        "sum": 662213122655.997,
        "mean": 83088221.1613547,
        "median": 1239411.0987404,
        "min": 1530,
        "max": 44902383038,
        "variance_ns2": 5.50359269159672e+17,
        "iqr_ns": 26030578.127430107,
        "q1_ns": 257210.09345421268,
        "q3_ns": 26287788.22088432
      },
      "futex_op_counts": {
        "128": 7970
      },
      "first_seen_ts_ns": 13414013919479,
      "last_seen_ts_ns": 13498995451509
    },
    {
      "tgid": 2336,
      "comm": "kubelet",
      "cgroup_id": 4138,
      "wait_duration_stats_ns": {
        "count": 7382.0,
        "sum": 547939549689.999,
        "mean": 74226435.88322935,
        "median": 17440264.55112625,
        "min": 1270,
        "max": 49096249160,
        "variance_ns2": 5.67865516035249e+17,
        "iqr_ns": 46682878.29482883,
        "q1_ns": 2628183.8583261673,
        "q3_ns": 49311062.153155
      },
      "futex_op_counts": {
        "128": 7382
      },
      "first_seen_ts_ns": 13414062350777,
      "last_seen_ts_ns": 13499325400992
    },
    {
      "tgid": 2418,
      "comm": "containerd-shim",
      "cgroup_id": 4085,
      "wait_duration_stats_ns": {
        "count": 920.0,
        "sum": 507387831897.999,
        "mean": 551508512.9326077,
        "median": 2550834.5428793393,
        "min": 1480,
        "max": 20585747958,
        "variance_ns2": 3.6866451611125494e+18,
        "iqr_ns": 28849825.41393229,
        "q1_ns": 377779.73740345106,
        "q3_ns": 29227605.151335742
      },
      "futex_op_counts": {
        "128": 920
      },
      "first_seen_ts_ns": 13420786014708,
      "last_seen_ts_ns": 13493629927968
    },
    {
      "tgid": 3605,
      "comm": "metrics-server",
      "cgroup_id": 5636,
      "wait_duration_stats_ns": {
        "count": 1483.0,
        "sum": 439929978499.0006,
        "mean": 296648670.59946096,
        "median": 124946368.96030977,
        "min": 2460,
        "max": 36121227732,
        "variance_ns2": 2.9855047752444073e+18,
        "iqr_ns": 237329277.28591365,
        "q1_ns": 34168487.65115373,
        "q3_ns": 271497764.9370674
      },
      "futex_op_counts": {
        "128": 1483
      },
      "first_seen_ts_ns": 13414046158274,
      "last_seen_ts_ns": 13499057267929
    },
    {
      "tgid": 4861,
      "comm": "kube-rbac-proxy",
      "cgroup_id": 6174,
      "wait_duration_stats_ns": {
        "count": 86.0,
        "sum": 409815567882.99994,
        "mean": 4765297300.965116,
        "median": 2936117009.8064027,
        "min": 16840,
        "max": 34998158339,
        "variance_ns2": 6.6949110236494045e+19,
        "iqr_ns": 5234415962.53089,
        "q1_ns": 488274067.22092783,
        "q3_ns": 5722690029.751819
      },
      "futex_op_counts": {
        "128": 86
      },
      "first_seen_ts_ns": 13422753055378,
      "last_seen_ts_ns": 13497753011634
    },
    {
      "tgid": 3751,
      "comm": "coredns",
      "cgroup_id": 5846,
      "wait_duration_stats_ns": {
        "count": 673.0,
        "sum": 398686696139.0002,
        "mean": 592402223.0891533,
        "median": 367463624.30376726,
        "min": 2010,
        "max": 32019541006,
        "variance_ns2": 3.369249630962137e+18,
        "iqr_ns": 896944668.6053671,
        "q1_ns": 20212692.523082122,
        "q3_ns": 917157361.1284492
      },
      "futex_op_counts": {
        "128": 673
      },
      "first_seen_ts_ns": 13414130630759,
      "last_seen_ts_ns": 13499130882757
    },
    {
      "tgid": 3757,
      "comm": "coredns",
      "cgroup_id": 5916,
      "wait_duration_stats_ns": {
        "count": 601.0,
        "sum": 395961378080.99994,
        "mean": 658837567.5224625,
        "median": 436756332.9368418,
        "min": 1680,
        "max": 42998851637,
        "variance_ns2": 4.864131063694308e+18,
        "iqr_ns": 916976242.160306,
        "q1_ns": 31277213.221002165,
        "q3_ns": 948253455.3813082
      },
      "futex_op_counts": {
        "128": 601
      },
      "first_seen_ts_ns": 13414189386832,
      "last_seen_ts_ns": 13499189873923
    },
    {
      "tgid": 214232,
      "comm": "containerd-shim",
      "cgroup_id": 4085,
      "wait_duration_stats_ns": {
        "count": 291.0,
        "sum": 375841698958.99994,
        "mean": 1291552230.099656,
        "median": 12966805.005176783,
        "min": 1520,
        "max": 29993884187,
        "variance_ns2": 1.3748031206070856e+19,
        "iqr_ns": 106799950.35093462,
        "q1_ns": 759813.7052208775,
        "q3_ns": 107559764.0561555
      },
      "futex_op_counts": {
        "128": 291
      },
      "first_seen_ts_ns": 13419355799966,
      "last_seen_ts_ns": 13499373794331
    },
    {
      "tgid": 3117,
      "comm": "containerd-shim",
      "cgroup_id": 4085,
      "wait_duration_stats_ns": {
        "count": 80.0,
        "sum": 344997970499.99994,
        "mean": 4312474631.249999,
        "median": 1187657783.4991696,
        "min": 1250,
        "max": 59997485193,
        "variance_ns2": 7.3610086455705215e+19,
        "iqr_ns": 4825575456.928423,
        "q1_ns": 53954293.815807596,
        "q3_ns": 4879529750.74423
      },
      "futex_op_counts": {
        "128": 80
      },
      "first_seen_ts_ns": 13414004419291,
      "last_seen_ts_ns": 13493625034078
    },
    {
      "tgid": 3267,
      "comm": "containerd-shim",
      "cgroup_id": 4085,
      "wait_duration_stats_ns": {
        "count": 88.0,
        "sum": 344939285670.0,
        "mean": 3919764609.8863635,
        "median": 380793849.1957419,
        "min": 1230,
        "max": 30000644450,
        "variance_ns2": 5.252622798892974e+19,
        "iqr_ns": 3756628363.6758456,
        "q1_ns": 56409399.419513375,
        "q3_ns": 3813037763.095359
      },
      "futex_op_counts": {
        "128": 88
      },
      "first_seen_ts_ns": 13415054506694,
      "last_seen_ts_ns": 13493611837419
    },
    {
      "tgid": 4750,
      "comm": "containerd-shim",
      "cgroup_id": 4085,
      "wait_duration_stats_ns": {
        "count": 134.0,
        "sum": 344855301831.0,
        "mean": 2573547028.5895524,
        "median": 14655936.00383738,
        "min": 2790,
        "max": 30003822121,
        "variance_ns2": 3.5417841616578294e+19,
        "iqr_ns": 1482971229.593753,
        "q1_ns": 1737044.5789075412,
        "q3_ns": 1484708274.1726606
      },
      "futex_op_counts": {
        "128": 134
      },
      "first_seen_ts_ns": 13419518866798,
      "last_seen_ts_ns": 13493609265908
    },
    {
      "tgid": 3637,
      "comm": "containerd-shim",
      "cgroup_id": 4085,
      "wait_duration_stats_ns": {
        "count": 67.0,
        "sum": 343338249799.99994,
        "mean": 5124451489.5522375,
        "median": 1503057934.249931,
        "min": 21121,
        "max": 30012297077,
        "variance_ns2": 6.201136147914402e+19,
        "iqr_ns": 6444675885.191119,
        "q1_ns": 90966680.92024618,
        "q3_ns": 6535642566.111365
      },
      "futex_op_counts": {
        "128": 67
      },
      "first_seen_ts_ns": 13421354339475,
      "last_seen_ts_ns": 13493616954341
    },
    {
      "tgid": 3620,
      "comm": "metrics-server",
      "cgroup_id": 5706,
      "wait_duration_stats_ns": {
        "count": 1722.0,
        "sum": 318005033773.00006,
        "mean": 184671912.76016265,
        "median": 123678314.24694307,
        "min": 1630,
        "max": 10968445618,
        "variance_ns2": 3.0039616382286144e+17,
        "iqr_ns": 128482741.0194858,
        "q1_ns": 51484081.17994371,
        "q3_ns": 179966822.1994295
      },
      "futex_op_counts": {
        "128": 1722
      },
      "first_seen_ts_ns": 13414285264802,
      "last_seen_ts_ns": 13499285663164
    },
    {
      "tgid": 3442,
      "comm": "containerd-shim",
      "cgroup_id": 4085,
      "wait_duration_stats_ns": {
        "count": 71.0,
        "sum": 314979559023.99994,
        "mean": 4436331817.239436,
        "median": 1768150391.8793721,
        "min": 24100,
        "max": 30014695940,
        "variance_ns2": 4.768240439030833e+19,
        "iqr_ns": 3713331902.139835,
        "q1_ns": 114153858.58265457,
        "q3_ns": 3827485760.7224894
      },
      "futex_op_counts": {
        "128": 71
      },
      "first_seen_ts_ns": 13421326865559,
      "last_seen_ts_ns": 13493623353284
    },
    {
      "tgid": 2419,
      "comm": "containerd-shim",
      "cgroup_id": 4085,
      "wait_duration_stats_ns": {
        "count": 81.0,
        "sum": 314881789762.99994,
        "mean": 3887429503.2469125,
        "median": 1658187587.873305,
        "min": 1970,
        "max": 29994765575,
        "variance_ns2": 4.21621706929256e+19,
        "iqr_ns": 4861108637.405273,
        "q1_ns": 75831789.86142251,
        "q3_ns": 4936940427.266696
      },
      "futex_op_counts": {
        "128": 81
      },
      "first_seen_ts_ns": 13421352149327,
      "last_seen_ts_ns": 13493614775093
    },
    {
      "tgid": 2558,
      "comm": "kube-proxy",
      "cgroup_id": 4866,
      "wait_duration_stats_ns": {
        "count": 90.0,
        "sum": 309640362871.99994,
        "mean": 3440448476.355555,
        "median": 2757102766.0884023,
        "min": 4800,
        "max": 30014746493,
        "variance_ns2": 4.635875056338685e+19,
        "iqr_ns": 3896019495.768538,
        "q1_ns": 31307802.303399894,
        "q3_ns": 3927327298.071938
      },
      "futex_op_counts": {
        "128": 90
      },
      "first_seen_ts_ns": 13422600069968,
      "last_seen_ts_ns": 13497591606031
    },
    {
      "tgid": 2831,
      "comm": "aws-k8s-agent",
      "cgroup_id": 5006,
      "wait_duration_stats_ns": {
        "count": 338.0,
        "sum": 299483601586.9999,
        "mean": 886046158.5414197,
        "median": 19978821.41652161,
        "min": 3900,
        "max": 24696842462,
        "variance_ns2": 7.618187838620205e+18,
        "iqr_ns": 765197487.3859692,
        "q1_ns": 1386256.878690509,
        "q3_ns": 766583744.2646596
      },
      "futex_op_counts": {
        "128": 338
      },
      "first_seen_ts_ns": 13420610049649,
      "last_seen_ts_ns": 13498450528628
    },
    {
      "tgid": 2280,
      "comm": "ssm-agent-worke",
      "cgroup_id": 3429,
      "wait_duration_stats_ns": {
        "count": 190.0,
        "sum": 267507572579.00003,
        "mean": 1407934592.5210528,
        "median": 1037626047.0451921,
        "min": 1520,
        "max": 37963842989,
        "variance_ns2": 1.5531193829693305e+19,
        "iqr_ns": 1810763531.2901068,
        "q1_ns": 149496553.00536552,
        "q3_ns": 1960260084.2954724
      },
      "futex_op_counts": {
        "128": 190
      },
      "first_seen_ts_ns": 13414907803866,
      "last_seen_ts_ns": 13498198163496
    },
    {
      "tgid": 214098,
      "comm": "containerd-shim",
      "cgroup_id": 4085,
      "wait_duration_stats_ns": {
        "count": 68.0,
        "sum": 255003080596.00003,
        "mean": 3750045302.8823533,
        "median": 2020752330.2622855,
        "min": 2300,
        "max": 30003158841,
        "variance_ns2": 3.2723094222900097e+19,
        "iqr_ns": 6794162901.7853365,
        "q1_ns": 67808396.56841777,
        "q3_ns": 6861971298.353754
      },
      "futex_op_counts": {
        "128": 68
      },
      "first_seen_ts_ns": 13421328833075,
      "last_seen_ts_ns": 13493618630695
    },
    {
      "tgid": 4921,
      "comm": "manager",
      "cgroup_id": 6244,
      "wait_duration_stats_ns": {
        "count": 649.0,
        "sum": 244431069879.99997,
        "mean": 376627226.31741136,
        "median": 354062610.34067535,
        "min": 6880,
        "max": 6110271319,
        "variance_ns2": 3.591526743527801e+17,
        "iqr_ns": 480988493.4633533,
        "q1_ns": 16707055.488205684,
        "q3_ns": 497695548.95155895
      },
      "futex_op_counts": {
        "128": 649
      },
      "first_seen_ts_ns": 13414627974573,
      "last_seen_ts_ns": 13499303765683
    },
    {
      "tgid": 2967,
      "comm": "controller",
      "cgroup_id": 5076,
      "wait_duration_stats_ns": {
        "count": 345.0,
        "sum": 230569002370.99985,
        "mean": 668315948.9014488,
        "median": 492345500.1058788,
        "min": 1175779,
        "max": 10019887384,
        "variance_ns2": 1.817065618904641e+18,
        "iqr_ns": 16618686.268021703,
        "q1_ns": 483491736.10256475,
        "q3_ns": 500110422.37058645
      },
      "futex_op_counts": {
        "128": 345
      },
      "first_seen_ts_ns": 13414703365253,
      "last_seen_ts_ns": 13499204192872
    },
    {
      "tgid": 214887,
      "comm": "xhpcg",
      "cgroup_id": 86366,
      "wait_duration_stats_ns": {
        "count": 624.0,
        "sum": 7409901811.000005,
        "mean": 11874842.645833341,
        "median": 9557931.077409681,
        "min": 32780,
        "max": 61339286,
        "variance_ns2": 87358105265045.61,
        "iqr_ns": 8059656.655978432,
        "q1_ns": 6953388.143866638,
        "q3_ns": 15013044.79984507
      },
      "futex_op_counts": {
        "128": 624
      },
      "first_seen_ts_ns": 13419819546833,
      "last_seen_ts_ns": 13447641752955
    },
    {
      "tgid": 214884,
      "comm": "xhpcg",
      "cgroup_id": 86366,
      "wait_duration_stats_ns": {
        "count": 622.0,
        "sum": 7265063275.999996,
        "mean": 11680166.038585203,
        "median": 9379279.427880116,
        "min": 32360,
        "max": 62844727,
        "variance_ns2": 87938271073037.83,
        "iqr_ns": 8564942.166974105,
        "q1_ns": 6265000.209805024,
        "q3_ns": 14829942.376779128
      },
      "futex_op_counts": {
        "128": 622
      },
      "first_seen_ts_ns": 13419832941953,
      "last_seen_ts_ns": 13447641574103
    },
    {
      "tgid": 214885,
      "comm": "xhpcg",
      "cgroup_id": 86366,
      "wait_duration_stats_ns": {
        "count": 621.0,
        "sum": 7215794746.000007,
        "mean": 11619637.272141717,
        "median": 9438747.110344138,
        "min": 31791,
        "max": 58677643,
        "variance_ns2": 89609887497583.02,
        "iqr_ns": 10750886.276048165,
        "q1_ns": 5534286.262681208,
        "q3_ns": 16285172.538729372
      },
      "futex_op_counts": {
        "128": 621
      },
      "first_seen_ts_ns": 13419821788391,
      "last_seen_ts_ns": 13447641574323
    },
    {
      "tgid": 214886,
      "comm": "xhpcg",
      "cgroup_id": 86366,
      "wait_duration_stats_ns": {
        "count": 573.0,
        "sum": 7091862467.000006,
        "mean": 12376723.328097742,
        "median": 9768736.424551478,
        "min": 28080,
        "max": 65167746,
        "variance_ns2": 103549326677724.6,
        "iqr_ns": 9137693.301632952,
        "q1_ns": 6619028.939776448,
        "q3_ns": 15756722.2414094
      },
      "futex_op_counts": {
        "128": 573
      },
      "first_seen_ts_ns": 13419818762466,
      "last_seen_ts_ns": 13447641695714
    },
    {
      "tgid": 215316,
      "comm": "runc",
      "cgroup_id": 4085,
      "wait_duration_stats_ns": {
        "count": 300.0,
        "sum": 5023722374.000001,
        "mean": 16745741.24666667,
        "median": 5737817.061411987,
        "min": 13790,
        "max": 320666275,
        "variance_ns2": 2480358557873140.5,
        "iqr_ns": 21241919.589785423,
        "q1_ns": 184052.8255524902,
        "q3_ns": 21425972.415337913
      },
      "futex_op_counts": {
        "128": 300
      },
      "first_seen_ts_ns": 13481600079307,
      "last_seen_ts_ns": 13482101205971
    },
    {
      "tgid": 2215,
      "comm": "amazon-ssm-agen",
      "cgroup_id": 3429,
      "wait_duration_stats_ns": {
        "count": 74.0,
        "sum": 4005118645.0,
        "mean": 54123224.932432435,
        "median": 3924484.2102847113,
        "min": 12810,
        "max": 995586666,
        "variance_ns2": 5.131782032938761e+16,
        "iqr_ns": 1051255.7266838385,
        "q1_ns": 362259.04336187406,
        "q3_ns": 1413514.7700457126
      },
      "futex_op_counts": {
        "128": 74
      },
      "first_seen_ts_ns": 13445674328865,
      "last_seen_ts_ns": 13446702890855
    },
    {
      "tgid": 215086,
      "comm": "runc",
      "cgroup_id": 4085,
      "wait_duration_stats_ns": {
        "count": 242.0,
        "sum": 3480999899.999999,
        "mean": 14384297.107438013,
        "median": 5706023.281557724,
        "min": 2760,
        "max": 230621873,
        "variance_ns2": 1681966600874480.0,
        "iqr_ns": 20095930.660546992,
        "q1_ns": 151788.45700580848,
        "q3_ns": 20247719.117552802
      },
      "futex_op_counts": {
        "128": 242
      },
      "first_seen_ts_ns": 13441570563214,
      "last_seen_ts_ns": 13442011203841
    },
    {
      "tgid": 215057,
      "comm": "runc",
      "cgroup_id": 4085,
      "wait_duration_stats_ns": {
        "count": 251.0,
        "sum": 3109769243.0000005,
        "mean": 12389518.896414345,
        "median": 3381207.825867633,
        "min": 3020,
        "max": 143031870,
        "variance_ns2": 1000991542456157.1,
        "iqr_ns": 8276028.095509825,
        "q1_ns": 106860.4462160203,
        "q3_ns": 8382888.541725846
      },
      "futex_op_counts": {
        "128": 251
      },
      "first_seen_ts_ns": 13440800085046,
      "last_seen_ts_ns": 13441105183993
    },
    {
      "tgid": 215202,
      "comm": "runc",
      "cgroup_id": 4085,
      "wait_duration_stats_ns": {
        "count": 275.0,
        "sum": 2680936465.0,
        "mean": 9748859.872727273,
        "median": 2980861.030156884,
        "min": 1470,
        "max": 361526316,
        "variance_ns2": 1291057907351037.8,
        "iqr_ns": 16493998.306813097,
        "q1_ns": 122317.7324270065,
        "q3_ns": 16616316.039240103
      },
      "futex_op_counts": {
        "128": 275
      },
      "first_seen_ts_ns": 13461580042376,
      "last_seen_ts_ns": 13461961750769
    },
    {
      "tgid": 215154,
      "comm": "runc",
      "cgroup_id": 4085,
      "wait_duration_stats_ns": {
        "count": 291.0,
        "sum": 2669027132.9999995,
        "mean": 9171914.546391752,
        "median": 2382816.169598797,
        "min": 1890,
        "max": 361408355,
        "variance_ns2": 1396149539652907.8,
        "iqr_ns": 7143383.81779149,
        "q1_ns": 79000.4554421413,
        "q3_ns": 7222384.273233632
      },
      "futex_op_counts": {
        "128": 291
      },
      "first_seen_ts_ns": 13451570207814,
      "last_seen_ts_ns": 13451960877331
    },
    {
      "tgid": 215266,
      "comm": "runc",
      "cgroup_id": 4085,
      "wait_duration_stats_ns": {
        "count": 237.0,
        "sum": 2366081026.0,
        "mean": 9983464.244725738,
        "median": 489223.2362627697,
        "min": 18100,
        "max": 250418320,
        "variance_ns2": 1345390345327510.8,
        "iqr_ns": 10563989.172165053,
        "q1_ns": 94665.16769833502,
        "q3_ns": 10658654.339863388
      },
      "futex_op_counts": {
        "128": 237
      },
      "first_seen_ts_ns": 13471587473335,
      "last_seen_ts_ns": 13471900788744
    },
    {
      "tgid": 214996,
      "comm": "runc",
      "cgroup_id": 4085,
      "wait_duration_stats_ns": {
        "count": 243.0,
        "sum": 2192035357.0,
        "mean": 9020721.633744856,
        "median": 618087.2139249252,
        "min": 18220,
        "max": 162452031,
        "variance_ns2": 917935101227948.2,
        "iqr_ns": 5326812.330928888,
        "q1_ns": 116360.9491296638,
        "q3_ns": 5443173.280058552
      },
      "futex_op_counts": {
        "128": 243
      },
      "first_seen_ts_ns": 13430810050418,
      "last_seen_ts_ns": 13430995361048
    },
    {
      "tgid": 215232,
      "comm": "xhpcg",
      "cgroup_id": 86366,
      "wait_duration_stats_ns": {
        "count": 181.0,
        "sum": 2183547642.9999986,
        "mean": 12063799.132596677,
        "median": 9688669.310969185,
        "min": 50701,
        "max": 51632636,
        "variance_ns2": 77129841238734.02,
        "iqr_ns": 6101387.072972032,
        "q1_ns": 6115663.7500431845,
        "q3_ns": 12217050.823015217
      },
      "futex_op_counts": {
        "128": 181
      },
      "first_seen_ts_ns": 13469714897876,
      "last_seen_ts_ns": 13487573176398
    },
    {
      "tgid": 215233,
      "comm": "xhpcg",
      "cgroup_id": 86366,
      "wait_duration_stats_ns": {
        "count": 187.0,
        "sum": 2177225096.9999995,
        "mean": 11642914.957219249,
        "median": 9721229.4727522,
        "min": 60051,
        "max": 47682344,
        "variance_ns2": 71608766960799.45,
        "iqr_ns": 8552484.19673995,
        "q1_ns": 8374008.505771658,
        "q3_ns": 16926492.70251161
      },
      "futex_op_counts": {
        "128": 187
      },
      "first_seen_ts_ns": 13469721758523,
      "last_seen_ts_ns": 13487573445621
    },
    {
      "tgid": 215119,
      "comm": "xhpcg",
      "cgroup_id": 86366,
      "wait_duration_stats_ns": {
        "count": 175.0,
        "sum": 2004585376.0000012,
        "mean": 11454773.577142864,
        "median": 9725815.375484338,
        "min": 64141,
        "max": 52240872,
        "variance_ns2": 86443554400169.89,
        "iqr_ns": 6793609.575006738,
        "q1_ns": 6826994.263927922,
        "q3_ns": 13620603.83893466
      },
      "futex_op_counts": {
        "128": 175
      },
      "first_seen_ts_ns": 13448503559003,
      "last_seen_ts_ns": 13468795189486
    },
    {
      "tgid": 215290,
      "comm": "runc",
      "cgroup_id": 4085,
      "wait_duration_stats_ns": {
        "count": 235.0,
        "sum": 1912260407.9999993,
        "mean": 8137278.331914891,
        "median": 1640567.5339814182,
        "min": 23220,
        "max": 151285549,
        "variance_ns2": 726610978853554.5,
        "iqr_ns": 4756480.113104777,
        "q1_ns": 89030.56696277458,
        "q3_ns": 4845510.680067552
      },
      "futex_op_counts": {
        "128": 235
      },
      "first_seen_ts_ns": 13480820151564,
      "last_seen_ts_ns": 13481052357360
    },
    {
      "tgid": 215231,
      "comm": "xhpcg",
      "cgroup_id": 86366,
      "wait_duration_stats_ns": {
        "count": 139.0,
        "sum": 1891476040.9999995,
        "mean": 13607741.30215827,
        "median": 10166744.547134986,
        "min": 73951,
        "max": 56759699,
        "variance_ns2": 132603442525878.7,
        "iqr_ns": 11388437.793986076,
        "q1_ns": 6639838.304789068,
        "q3_ns": 18028276.098775145
      },
      "futex_op_counts": {
        "128": 139
      },
      "first_seen_ts_ns": 13469718523946,
      "last_seen_ts_ns": 13487573260889
    },
    {
      "tgid": 215121,
      "comm": "xhpcg",
      "cgroup_id": 86366,
      "wait_duration_stats_ns": {
        "count": 161.0,
        "sum": 1880388917.0,
        "mean": 11679434.267080745,
        "median": 9396744.823496995,
        "min": 70041,
        "max": 57871969,
        "variance_ns2": 116696848499423.5,
        "iqr_ns": 11736710.9463887,
        "q1_ns": 4045293.0943306843,
        "q3_ns": 15782004.040719384
      },
      "futex_op_counts": {
        "128": 161
      },
      "first_seen_ts_ns": 13448500070123,
      "last_seen_ts_ns": 13468795257077
    },
    {
      "tgid": 215120,
      "comm": "xhpcg",
      "cgroup_id": 86366,
      "wait_duration_stats_ns": {
        "count": 184.0,
        "sum": 1866696403.999999,
        "mean": 10145089.152173908,
        "median": 9288134.134468837,
        "min": 56251,
        "max": 50041154,
        "variance_ns2": 79114826724335.33,
        "iqr_ns": 5275635.015390944,
        "q1_ns": 4838087.900964554,
        "q3_ns": 10113722.916355498
      },
      "futex_op_counts": {
        "128": 184
      },
      "first_seen_ts_ns": 13448498578121,
      "last_seen_ts_ns": 13468795323027
    },
    {
      "tgid": 215118,
      "comm": "xhpcg",
      "cgroup_id": 86366,
      "wait_duration_stats_ns": {
        "count": 151.0,
        "sum": 1861285994.9999998,
        "mean": 12326397.317880793,
        "median": 9716857.941266825,
        "min": 19010,
        "max": 56547568,
        "variance_ns2": 114067393746359.39,
        "iqr_ns": 9561595.089558404,
        "q1_ns": 5685667.882632094,
        "q3_ns": 15247262.972190497
      },
      "futex_op_counts": {
        "128": 151
      },
      "first_seen_ts_ns": 13448498077697,
      "last_seen_ts_ns": 13468795365968
    },
    {
      "tgid": 215234,
      "comm": "xhpcg",
      "cgroup_id": 86366,
      "wait_duration_stats_ns": {
        "count": 116.0,
        "sum": 1680371528.9999995,
        "mean": 14485961.456896547,
        "median": 11109924.01140182,
        "min": 60891,
        "max": 56833449,
        "variance_ns2": 146920856184068.34,
        "iqr_ns": 15767338.610504627,
        "q1_ns": 5849223.477990344,
        "q3_ns": 21616562.08849497
      },
      "futex_op_counts": {
        "128": 116
      },
      "first_seen_ts_ns": 13469715552892,
      "last_seen_ts_ns": 13487573176178
    },
    {
      "tgid": 215243,
      "comm": "runc",
      "cgroup_id": 4085,
      "wait_duration_stats_ns": {
        "count": 239.0,
        "sum": 1434317881.0,
        "mean": 6001330.046025105,
        "median": 672467.8633042369,
        "min": 17400,
        "max": 189388315,
        "variance_ns2": 453907683945449.6,
        "iqr_ns": 4725647.564955597,
        "q1_ns": 43681.120059085064,
        "q3_ns": 4769328.685014682
      },
      "futex_op_counts": {
        "128": 239
      },
      "first_seen_ts_ns": 13470840079073,
      "last_seen_ts_ns": 13471070912210
    },
    {
      "tgid": 215027,
      "comm": "runc",
      "cgroup_id": 4085,
      "wait_duration_stats_ns": {
        "count": 273.0,
        "sum": 1262280741.0,
        "mean": 4623738.978021978,
        "median": 281151.6665758179,
        "min": 1770,
        "max": 139909214,
        "variance_ns2": 546339165121276.0,
        "iqr_ns": 1218352.301208013,
        "q1_ns": 76570.89939932546,
        "q3_ns": 1294923.2006073385
      },
      "futex_op_counts": {
        "128": 273
      },
      "first_seen_ts_ns": 13431569649317,
      "last_seen_ts_ns": 13431720060808
    },
    {
      "tgid": 214922,
      "comm": "runc",
      "cgroup_id": 4085,
      "wait_duration_stats_ns": {
        "count": 226.0,
        "sum": 1018441821.0000002,
        "mean": 4506379.738938054,
        "median": 183304.9271048445,
        "min": 14820,
        "max": 109834375,
        "variance_ns2": 338397038744433.25,
        "iqr_ns": 6576782.562541381,
        "q1_ns": 53764.02232459396,
        "q3_ns": 6630546.584865975
      },
      "futex_op_counts": {
        "128": 226
      },
      "first_seen_ts_ns": 13421573864522,
      "last_seen_ts_ns": 13421720514929
    },
    {
      "tgid": 215130,
      "comm": "runc",
      "cgroup_id": 4085,
      "wait_duration_stats_ns": {
        "count": 208.0,
        "sum": 1012805063.0000002,
        "mean": 4869255.110576924,
        "median": 311327.0350516028,
        "min": 12940,
        "max": 135154740,
        "variance_ns2": 426611014918898.9,
        "iqr_ns": 2803644.180054343,
        "q1_ns": 63428.94533868915,
        "q3_ns": 2867073.125393032
      },
      "futex_op_counts": {
        "128": 208
      },
      "first_seen_ts_ns": 13450820111858,
      "last_seen_ts_ns": 13450980947492
    },
    {
      "tgid": 214896,
      "comm": "runc",
      "cgroup_id": 4085,
      "wait_duration_stats_ns": {
        "count": 222.0,
        "sum": 954732378.0000001,
        "mean": 4300596.297297298,
        "median": 179390.42752971943,
        "min": 17440,
        "max": 121078566,
        "variance_ns2": 436153167058988.3,
        "iqr_ns": 1132172.3831644508,
        "q1_ns": 33166.84782360881,
        "q3_ns": 1165339.2309880597
      },
      "futex_op_counts": {
        "128": 222
      },
      "first_seen_ts_ns": 13420793384618,
      "last_seen_ts_ns": 13420921459082
    },
    {
      "tgid": 215100,
      "comm": "runc:[2:INIT]",
      "cgroup_id": 5006,
      "wait_duration_stats_ns": {
        "count": 83.0,
        "sum": 880209870.0000001,
        "mean": 10604938.192771086,
        "median": 3711408.199512812,
        "min": 2070,
        "max": 107066303,
        "variance_ns2": 548620790467697.7,
        "iqr_ns": 17913377.96189062,
        "q1_ns": 492173.147735549,
        "q3_ns": 18405551.109626167
      },
      "futex_op_counts": {
        "128": 83
      },
      "first_seen_ts_ns": 13441843420546,
      "last_seen_ts_ns": 13442030215338
    },
    {
      "tgid": 215278,
      "comm": "runc:[2:INIT]",
      "cgroup_id": 5006,
      "wait_duration_stats_ns": {
        "count": 21.0,
        "sum": 813698518.0000002,
        "mean": 38747548.476190485,
        "median": 22978368.905658904,
        "min": 45750,
        "max": 145774464,
        "variance_ns2": 2393820964652638.5,
        "iqr_ns": 18142866.484319888,
        "q1_ns": 6974161.658455015,
        "q3_ns": 25117028.142774902
      },
      "futex_op_counts": {
        "128": 21
      },
      "first_seen_ts_ns": 13471740091766,
      "last_seen_ts_ns": 13471920095273
    },
    {
      "tgid": 215188,
      "comm": "runc:[2:INIT]",
      "cgroup_id": 5006,
      "wait_duration_stats_ns": {
        "count": 26.0,
        "sum": 801216969.9999999,
        "mean": 30816037.307692304,
        "median": 20388423.8385698,
        "min": 25170,
        "max": 106763183,
        "variance_ns2": 1368637180837328.2,
        "iqr_ns": 40074182.16134023,
        "q1_ns": 9721140.14252296,
        "q3_ns": 49795322.30386319
      },
      "futex_op_counts": {
        "128": 26
      },
      "first_seen_ts_ns": 13460853768376,
      "last_seen_ts_ns": 13461000275269
    },
    {
      "tgid": 215213,
      "comm": "runc:[2:INIT]",
      "cgroup_id": 5006,
      "wait_duration_stats_ns": {
        "count": 26.0,
        "sum": 781795148.9999999,
        "mean": 30069044.19230769,
        "median": 16779385.649310146,
        "min": 2161088,
        "max": 129606474,
        "variance_ns2": 1142047717877681.0,
        "iqr_ns": 17034162.16242785,
        "q1_ns": 10460116.230779305,
        "q3_ns": 27494278.393207155
      },
      "futex_op_counts": {
        "128": 26
      },
      "first_seen_ts_ns": 13461800090199,
      "last_seen_ts_ns": 13461970125478
    },
    {
      "tgid": 215179,
      "comm": "runc",
      "cgroup_id": 4085,
      "wait_duration_stats_ns": {
        "count": 206.0,
        "sum": 773765148.0,
        "mean": 3756141.495145631,
        "median": 257978.60926367927,
        "min": 12990,
        "max": 140624284,
        "variance_ns2": 281261475193434.06,
        "iqr_ns": 1812242.9746706274,
        "q1_ns": 29873.997635603075,
        "q3_ns": 1842116.9723062306
      },
      "futex_op_counts": {
        "128": 206
      },
      "first_seen_ts_ns": 13460820081568,
      "last_seen_ts_ns": 13460981166051
    },
    {
      "tgid": 215331,
      "comm": "runc:[2:INIT]",
      "cgroup_id": 5006,
      "wait_duration_stats_ns": {
        "count": 30.0,
        "sum": 677865244.9999999,
        "mean": 22595508.166666664,
        "median": 12766529.499494998,
        "min": 20001,
        "max": 109592064,
        "variance_ns2": 706520580084051.5,
        "iqr_ns": 19213452.129767798,
        "q1_ns": 2576779.8508679806,
        "q3_ns": 21790231.980635777
      },
      "futex_op_counts": {
        "128": 30
      },
      "first_seen_ts_ns": 13481940345054,
      "last_seen_ts_ns": 13482120083258
    },
    {
      "tgid": 215075,
      "comm": "runc:[2:INIT]",
      "cgroup_id": 5006,
      "wait_duration_stats_ns": {
        "count": 25.0,
        "sum": 644497373.0,
        "mean": 25779894.92,
        "median": 10455416.04514403,
        "min": 24820,
        "max": 112454888,
        "variance_ns2": 1591950521654205.8,
        "iqr_ns": 16478669.185552415,
        "q1_ns": 3322370.2169628623,
        "q3_ns": 19801039.402515277
      },
      "futex_op_counts": {
        "128": 25
      },
      "first_seen_ts_ns": 13440976720734,
      "last_seen_ts_ns": 13441108188208
    },
    {
      "tgid": 215254,
      "comm": "runc:[2:INIT]",
      "cgroup_id": 5006,
      "wait_duration_stats_ns": {
        "count": 25.0,
        "sum": 604264439.0000001,
        "mean": 24170577.560000006,
        "median": 16410244.782450624,
        "min": 19770,
        "max": 89985534,
        "variance_ns2": 1068048399322087.6,
        "iqr_ns": 14235388.197123585,
        "q1_ns": 1907459.7688276195,
        "q3_ns": 16142847.965951204
      },
      "futex_op_counts": {
        "128": 25
      },
      "first_seen_ts_ns": 13470956078541,
      "last_seen_ts_ns": 13471081414866
    },
    {
      "tgid": 214908,
      "comm": "runc:[2:INIT]",
      "cgroup_id": 5006,
      "wait_duration_stats_ns": {
        "count": 41.0,
        "sum": 594731372.9999999,
        "mean": 14505643.243902437,
        "median": 2554206.5590142976,
        "min": 14771,
        "max": 93166696,
        "variance_ns2": 783408229550518.2,
        "iqr_ns": 15271882.375385595,
        "q1_ns": 272830.68437316816,
        "q3_ns": 15544713.059758764
      },
      "futex_op_counts": {
        "128": 41
      },
      "first_seen_ts_ns": 13420811385516,
      "last_seen_ts_ns": 13420940035896
    },
    {
      "tgid": 215141,
      "comm": "runc:[2:INIT]",
      "cgroup_id": 5006,
      "wait_duration_stats_ns": {
        "count": 54.0,
        "sum": 579091543.0,
        "mean": 10723917.462962963,
        "median": 3801578.8076111698,
        "min": 28450,
        "max": 90105187,
        "variance_ns2": 509340016407388.3,
        "iqr_ns": 13300158.003168847,
        "q1_ns": 407506.31900249963,
        "q3_ns": 13707664.322171347
      },
      "futex_op_counts": {
        "128": 54
      },
      "first_seen_ts_ns": 13450871921318,
      "last_seen_ts_ns": 13451000073770
    },
    {
      "tgid": 215165,
      "comm": "runc:[2:INIT]",
      "cgroup_id": 5006,
      "wait_duration_stats_ns": {
        "count": 25.0,
        "sum": 576061617.0000001,
        "mean": 23042464.680000003,
        "median": 15019551.743442044,
        "min": 13810,
        "max": 109851741,
        "variance_ns2": 621877538494310.9,
        "iqr_ns": 18608905.68469125,
        "q1_ns": 8787081.975703359,
        "q3_ns": 27395987.66039461
      },
      "futex_op_counts": {
        "128": 25
      },
      "first_seen_ts_ns": 13451820092715,
      "last_seen_ts_ns": 13451980130631
    },
    {
      "tgid": 214987,
      "comm": "aws-cni",
      "cgroup_id": 4085,
      "wait_duration_stats_ns": {
        "count": 109.0,
        "sum": 569587407.0,
        "mean": 5225572.541284404,
        "median": 431227.39017913316,
        "min": 1970,
        "max": 41902005,
        "variance_ns2": 95491242668479.67,
        "iqr_ns": 7718925.588967133,
        "q1_ns": 112905.95757112472,
        "q3_ns": 7831831.546538258
      },
      "futex_op_counts": {
        "128": 109
      },
      "first_seen_ts_ns": 13428750816703,
      "last_seen_ts_ns": 13428860062281
    },
    {
      "tgid": 215040,
      "comm": "runc:[2:INIT]",
      "cgroup_id": 5006,
      "wait_duration_stats_ns": {
        "count": 29.0,
        "sum": 555578453.9999999,
        "mean": 19157877.72413793,
        "median": 1170666.4019112901,
        "min": 27860,
        "max": 111087146,
        "variance_ns2": 1725995670490564.5,
        "iqr_ns": 2428544.439084839,
        "q1_ns": 227482.7546010802,
        "q3_ns": 2656027.193685919
      },
      "futex_op_counts": {
        "128": 29
      },
      "first_seen_ts_ns": 13431602948362,
      "last_seen_ts_ns": 13431715620482
    },
    {
      "tgid": 215304,
      "comm": "runc:[2:INIT]",
      "cgroup_id": 5006,
      "wait_duration_stats_ns": {
        "count": 29.0,
        "sum": 491423776.99999994,
        "mean": 16945647.48275862,
        "median": 3118332.2871955046,
        "min": 14160,
        "max": 89237537,
        "variance_ns2": 859781644797927.8,
        "iqr_ns": 23921690.823098414,
        "q1_ns": 512769.8291667655,
        "q3_ns": 24434460.65226518
      },
      "futex_op_counts": {
        "128": 29
      },
      "first_seen_ts_ns": 13480960424572,
      "last_seen_ts_ns": 13481070182597
    },
    {
      "tgid": 214934,
      "comm": "runc:[2:INIT]",
      "cgroup_id": 5006,
      "wait_duration_stats_ns": {
        "count": 107.0,
        "sum": 482034635.0,
        "mean": 4504996.588785047,
        "median": 1286249.573356366,
        "min": 1530,
        "max": 79765928,
        "variance_ns2": 205448484095858.38,
        "iqr_ns": 4880107.548578861,
        "q1_ns": 260241.1708711387,
        "q3_ns": 5140348.71945
      },
      "futex_op_counts": {
        "128": 107
      },
      "first_seen_ts_ns": 13421627683895,
      "last_seen_ts_ns": 13421730103458
    },
    {
      "tgid": 215569,
      "comm": "runc",
      "cgroup_id": 4085,
      "wait_duration_stats_ns": {
        "count": 365.0,
        "sum": 445277066.99999994,
        "mean": 1219937.1698630136,
        "median": 152055.2367904228,
        "min": 1830,
        "max": 67488288,
        "variance_ns2": 49399318084626.266,
        "iqr_ns": 482965.50708237075,
        "q1_ns": 62276.2778399457,
        "q3_ns": 545241.7849223164
      },
      "futex_op_counts": {
        "128": 365
      },
      "first_seen_ts_ns": 13491573477954,
      "last_seen_ts_ns": 13491641769068
    },
    {
      "tgid": 215541,
      "comm": "runc",
      "cgroup_id": 4085,
      "wait_duration_stats_ns": {
        "count": 331.0,
        "sum": 437183157.0,
        "mean": 1320795.0362537764,
        "median": 158602.61367604643,
        "min": 1740,
        "max": 67728298,
        "variance_ns2": 43752989278615.9,
        "iqr_ns": 636359.926115291,
        "q1_ns": 63747.75752848441,
        "q3_ns": 700107.6836437754
      },
      "futex_op_counts": {
        "128": 331
      },
      "first_seen_ts_ns": 13490791064380,
      "last_seen_ts_ns": 13490859775397
    },
    {
      "tgid": 215013,
      "comm": "runc:[2:INIT]",
      "cgroup_id": 5006,
      "wait_duration_stats_ns": {
        "count": 22.0,
        "sum": 411620627.0,
        "mean": 18710028.5,
        "median": 2919963.1694907937,
        "min": 14450,
        "max": 92956068,
        "variance_ns2": 1005005417593014.5,
        "iqr_ns": 26119242.133698482,
        "q1_ns": 548515.7000000001,
        "q3_ns": 26667757.83369848
      },
      "futex_op_counts": {
        "128": 22
      },
      "first_seen_ts_ns": 13430910045453,
      "last_seen_ts_ns": 13431000049306
    },
    {
      "tgid": 215100,
      "comm": "grpc-health-pro",
      "cgroup_id": 5006,
      "wait_duration_stats_ns": {
        "count": 14.0,
        "sum": 289240845.0,
        "mean": 20660060.35714286,
        "median": 17796937.456018515,
        "min": 23790,
        "max": 42804463,
        "variance_ns2": 251554443464942.12,
        "iqr_ns": 27378498.979493953,
        "q1_ns": 5286622.357777778,
        "q3_ns": 32665121.33727173
      },
      "futex_op_counts": {
        "128": 14
      },
      "first_seen_ts_ns": 13442060094944,
      "last_seen_ts_ns": 13442110070686
    },
    {
      "tgid": 215580,
      "comm": "runc:[2:INIT]",
      "cgroup_id": 5006,
      "wait_duration_stats_ns": {
        "count": 25.0,
        "sum": 215049176.00000012,
        "mean": 8601967.040000005,
        "median": 1202215.768959838,
        "min": 1800,
        "max": 43937673,
        "variance_ns2": 273574873421389.0,
        "iqr_ns": 5324678.31859289,
        "q1_ns": 144063.24134900913,
        "q3_ns": 5468741.559941899
      },
      "futex_op_counts": {
        "128": 25
      },
      "first_seen_ts_ns": 13491597002678,
      "last_seen_ts_ns": 13491641809668
    },
    {
      "tgid": 215552,
      "comm": "runc:[2:INIT]",
      "cgroup_id": 5006,
      "wait_duration_stats_ns": {
        "count": 25.0,
        "sum": 201210560.99999994,
        "mean": 8048422.439999998,
        "median": 1021222.614831564,
        "min": 2420,
        "max": 42638372,
        "variance_ns2": 198739975787385.34,
        "iqr_ns": 2310682.9298350355,
        "q1_ns": 636185.0398187042,
        "q3_ns": 2946867.9696537396
      },
      "futex_op_counts": {
        "128": 25
      },
      "first_seen_ts_ns": 13490814793836,
      "last_seen_ts_ns": 13490859469144
    },
    {
      "tgid": 214962,
      "comm": "aws-cni",
      "cgroup_id": 4085,
      "wait_duration_stats_ns": {
        "count": 175.0,
        "sum": 188581880.99999997,
        "mean": 1077610.7485714285,
        "median": 185413.7618012344,
        "min": 17280,
        "max": 37375968,
        "variance_ns2": 21753527643996.832,
        "iqr_ns": 366643.9875111849,
        "q1_ns": 108261.10045345812,
        "q3_ns": 474905.087964643
      },
      "futex_op_counts": {
        "128": 175
      },
      "first_seen_ts_ns": 13428633780790,
      "last_seen_ts_ns": 13428675561064
    },
    {
      "tgid": 215304,
      "comm": "grpc-health-pro",
      "cgroup_id": 5006,
      "wait_duration_stats_ns": {
        "count": 11.0,
        "sum": 185977716.99999997,
        "mean": 16907065.18181818,
        "median": 15139077.034722222,
        "min": 353983,
        "max": 37202397,
        "variance_ns2": 129509857135848.17,
        "iqr_ns": 7541910.300925925,
        "q1_ns": 9982944.0,
        "q3_ns": 17524854.300925925
      },
      "futex_op_counts": {
        "128": 11
      },
      "first_seen_ts_ns": 13481100074333,
      "last_seen_ts_ns": 13481140080613
    },
    {
      "tgid": 215040,
      "comm": "grpc-health-pro",
      "cgroup_id": 5006,
      "wait_duration_stats_ns": {
        "count": 20.0,
        "sum": 157907100.0,
        "mean": 7895355.0,
        "median": 6318827.087642748,
        "min": 35771,
        "max": 22643738,
        "variance_ns2": 57593340481184.94,
        "iqr_ns": 11281674.386878671,
        "q1_ns": 707129.7128968254,
        "q3_ns": 11988804.099775497
      },
      "futex_op_counts": {
        "128": 20
      },
      "first_seen_ts_ns": 13431719796896,
      "last_seen_ts_ns": 13431750187947
    },
    {
      "tgid": 215141,
      "comm": "grpc-health-pro",
      "cgroup_id": 5006,
      "wait_duration_stats_ns": {
        "count": 15.0,
        "sum": 153662353.0,
        "mean": 10244156.866666667,
        "median": 8716479.072222222,
        "min": 5510,
        "max": 21258046,
        "variance_ns2": 83381105989504.7,
        "iqr_ns": 14667249.472101562,
        "q1_ns": 2716745.9416666664,
        "q3_ns": 17383995.41376823
      },
      "futex_op_counts": {
        "128": 15
      },
      "first_seen_ts_ns": 13451030097429,
      "last_seen_ts_ns": 13451060212209
    },
    {
      "tgid": 215165,
      "comm": "grpc-health-pro",
      "cgroup_id": 5006,
      "wait_duration_stats_ns": {
        "count": 10.0,
        "sum": 138194816.0,
        "mean": 13819481.6,
        "median": 17338613.0,
        "min": 286952,
        "max": 20297798,
        "variance_ns2": 55308174811156.72,
        "iqr_ns": 7239042.258333333,
        "q1_ns": 12106819.666666668,
        "q3_ns": 19345861.925
      },
      "futex_op_counts": {
        "128": 10
      },
      "first_seen_ts_ns": 13452010180869,
      "last_seen_ts_ns": 13452040132418
    },
    {
      "tgid": 214934,
      "comm": "grpc-health-pro",
      "cgroup_id": 5006,
      "wait_duration_stats_ns": {
        "count": 13.0,
        "sum": 131976737.00000001,
        "mean": 10152056.692307694,
        "median": 6017029.865625,
        "min": 26320,
        "max": 23028930,
        "variance_ns2": 108444578947501.56,
        "iqr_ns": 15188229.0891851,
        "q1_ns": 689822.6008333333,
        "q3_ns": 15878051.690018434
      },
      "futex_op_counts": {
        "128": 13
      },
      "first_seen_ts_ns": 13421745094542,
      "last_seen_ts_ns": 13421780188110
    },
    {
      "tgid": 215213,
      "comm": "grpc-health-pro",
      "cgroup_id": 5006,
      "wait_duration_stats_ns": {
        "count": 11.0,
        "sum": 102125032.99999999,
        "mean": 9284093.909090908,
        "median": 9802966.98611111,
        "min": 35821,
        "max": 19824924,
        "variance_ns2": 35475768461631.49,
        "iqr_ns": 8950333.67669753,
        "q1_ns": 2345339.0,
        "q3_ns": 11295672.67669753
      },
      "futex_op_counts": {
        "128": 11
      },
      "first_seen_ts_ns": 13462000114066,
      "last_seen_ts_ns": 13462020234083
    },
    {
      "tgid": 214908,
      "comm": "grpc-health-pro",
      "cgroup_id": 5006,
      "wait_duration_stats_ns": {
        "count": 10.0,
        "sum": 74805784.0,
        "mean": 7480578.4,
        "median": 7184965.6,
        "min": 306102,
        "max": 15698819,
        "variance_ns2": 38648410725603.164,
        "iqr_ns": 8332944.416666666,
        "q1_ns": 6311755.583333334,
        "q3_ns": 14644700.0
      },
      "futex_op_counts": {
        "128": 10
      },
      "first_seen_ts_ns": 13420970099023,
      "last_seen_ts_ns": 13420983173881
    },
    {
      "tgid": 215580,
      "comm": "grpc-health-pro",
      "cgroup_id": 5006,
      "wait_duration_stats_ns": {
        "count": 27.0,
        "sum": 65816769.0,
        "mean": 2437658.111111111,
        "median": 722222.8972970403,
        "min": 1680,
        "max": 9703929,
        "variance_ns2": 10307934855099.719,
        "iqr_ns": 2655878.701187334,
        "q1_ns": 226341.59376539872,
        "q3_ns": 2882220.294952733
      },
      "futex_op_counts": {
        "128": 27
      },
      "first_seen_ts_ns": 13491645648899,
      "last_seen_ts_ns": 13491658285143
    },
    {
      "tgid": 215331,
      "comm": "grpc-health-pro",
      "cgroup_id": 5006,
      "wait_duration_stats_ns": {
        "count": 9.0,
        "sum": 65273488.0,
        "mean": 7252609.777777778,
        "median": 9586679.833333332,
        "min": 22160,
        "max": 15383617,
        "variance_ns2": 30486174317743.2,
        "iqr_ns": 7359722.125,
        "q1_ns": 4338623.875,
        "q3_ns": 11698346.0
      },
      "futex_op_counts": {
        "128": 9
      },
      "first_seen_ts_ns": 13482160085677,
      "last_seen_ts_ns": 13482170065729
    },
    {
      "tgid": 215188,
      "comm": "grpc-health-pro",
      "cgroup_id": 5006,
      "wait_duration_stats_ns": {
        "count": 8.0,
        "sum": 61091847.0,
        "mean": 7636480.875,
        "median": 9901469.5,
        "min": 22290,
        "max": 14920344,
        "variance_ns2": 32650132745595.27,
        "iqr_ns": 7369984.097222222,
        "q1_ns": 4723296.902777778,
        "q3_ns": 12093281.0
      },
      "futex_op_counts": {
        "128": 8
      },
      "first_seen_ts_ns": 13461030104738,
      "last_seen_ts_ns": 13461040129491
    },
    {
      "tgid": 215013,
      "comm": "grpc-health-pro",
      "cgroup_id": 5006,
      "wait_duration_stats_ns": {
        "count": 29.0,
        "sum": 56262456.000000015,
        "mean": 1940084.6896551729,
        "median": 921026.1091139443,
        "min": 40520,
        "max": 13856545,
        "variance_ns2": 12217527592095.8,
        "iqr_ns": 2888370.5855677663,
        "q1_ns": 182701.73855007195,
        "q3_ns": 3071072.3241178384
      },
      "futex_op_counts": {
        "128": 29
      },
      "first_seen_ts_ns": 13431018470309,
      "last_seen_ts_ns": 13431024834081
    },
    {
      "tgid": 215075,
      "comm": "grpc-health-pro",
      "cgroup_id": 5006,
      "wait_duration_stats_ns": {
        "count": 8.0,
        "sum": 55192363.00000001,
        "mean": 6899045.375000001,
        "median": 9994379.833333334,
        "min": 22310,
        "max": 15169154,
        "variance_ns2": 37237813596017.695,
        "iqr_ns": 7541556.625,
        "q1_ns": 4546773.375,
        "q3_ns": 12088330.0
      },
      "futex_op_counts": {
        "128": 8
      },
      "first_seen_ts_ns": 13441140078431,
      "last_seen_ts_ns": 13441150045213
    },
    {
      "tgid": 215254,
      "comm": "grpc-health-pro",
      "cgroup_id": 5006,
      "wait_duration_stats_ns": {
        "count": 10.0,
        "sum": 54722413.0,
        "mean": 5472241.3,
        "median": 2285639.0,
        "min": 2900,
        "max": 17781197,
        "variance_ns2": 45592943914717.34,
        "iqr_ns": 6300019.541666666,
        "q1_ns": 158221.125,
        "q3_ns": 6458240.666666666
      },
      "futex_op_counts": {
        "128": 10
      },
      "first_seen_ts_ns": 13471110142022,
      "last_seen_ts_ns": 13471128063461
    },
    {
      "tgid": 215278,
      "comm": "grpc-health-pro",
      "cgroup_id": 5006,
      "wait_duration_stats_ns": {
        "count": 7.0,
        "sum": 52675203.0,
        "mean": 7525029.0,
        "median": 6531464.0,
        "min": 90100,
        "max": 19810353,
        "variance_ns2": 64042538302896.664,
        "iqr_ns": 4127824.0,
        "q1_ns": 2403640.0,
        "q3_ns": 6531464.0
      },
      "futex_op_counts": {
        "128": 7
      },
      "first_seen_ts_ns": 13471950091491,
      "last_seen_ts_ns": 13471960090183
    },
    {
      "tgid": 214969,
      "comm": "loopback",
      "cgroup_id": 4085,
      "wait_duration_stats_ns": {
        "count": 5.0,
        "sum": 37808911.0,
        "mean": 7561782.2,
        "median": 7528122.0,
        "min": 6836346,
        "max": 8011456,
        "variance_ns2": 220670675312.2,
        "iqr_ns": 458725.0,
        "q1_ns": 7487131.0,
        "q3_ns": 7945856.0
      },
      "futex_op_counts": {
        "128": 5
      },
      "first_seen_ts_ns": 13428700055345,
      "last_seen_ts_ns": 13428707657518
    },
    {
      "tgid": 214956,
      "comm": "egress-cni",
      "cgroup_id": 4085,
      "wait_duration_stats_ns": {
        "count": 11.0,
        "sum": 24679475.0,
        "mean": 2243588.6363636362,
        "median": 483082.0833333333,
        "min": 46981,
        "max": 8150547,
        "variance_ns2": 9943571599375.055,
        "iqr_ns": 1178051.1249999998,
        "q1_ns": 317969.6666666667,
        "q3_ns": 1496020.7916666665
      },
      "futex_op_counts": {
        "128": 11
      },
      "first_seen_ts_ns": 13428618226002,
      "last_seen_ts_ns": 13428626574901
    },
    {
      "tgid": 215552,
      "comm": "grpc-health-pro",
      "cgroup_id": 5006,
      "wait_duration_stats_ns": {
        "count": 28.0,
        "sum": 17800326.0,
        "mean": 635725.9285714285,
        "median": 157894.10809523813,
        "min": 39900,
        "max": 2748133,
        "variance_ns2": 739645697152.6613,
        "iqr_ns": 641515.1621108351,
        "q1_ns": 69730.49374782987,
        "q3_ns": 711245.6558586649
      },
      "futex_op_counts": {
        "128": 28
      },
      "first_seen_ts_ns": 13490866031668,
      "last_seen_ts_ns": 13490870657956
    },
    {
      "tgid": 214980,
      "comm": "egress-cni",
      "cgroup_id": 4085,
      "wait_duration_stats_ns": {
        "count": 9.0,
        "sum": 17578803.0,
        "mean": 1953200.3333333333,
        "median": 712614.5277777778,
        "min": 41290,
        "max": 7325501,
        "variance_ns2": 9285471129022.25,
        "iqr_ns": 1486816.2604166665,
        "q1_ns": 231496.0,
        "q3_ns": 1718312.2604166665
      },
      "futex_op_counts": {
        "128": 9
      },
      "first_seen_ts_ns": 13428721588352,
      "last_seen_ts_ns": 13428729942471
    },
    {
      "tgid": 214951,
      "comm": "portmap",
      "cgroup_id": 4085,
      "wait_duration_stats_ns": {
        "count": 3.0,
        "sum": 12629755.0,
        "mean": 4209918.333333333,
        "median": 2661392.0,
        "min": 2567242,
        "max": 7401121,
        "variance_ns2": 7640046900430.333,
        "iqr_ns": 4833879.0,
        "q1_ns": 2567242.0,
        "q3_ns": 7401121.0
      },
      "futex_op_counts": {
        "128": 3
      },
      "first_seen_ts_ns": 13428610082214,
      "last_seen_ts_ns": 13428611097732
    },
    {
      "tgid": 214947,
      "comm": "loopback",
      "cgroup_id": 4085,
      "wait_duration_stats_ns": {
        "count": 4.0,
        "sum": 8250088.000000001,
        "mean": 2062522.0000000002,
        "median": 662756.0,
        "min": 131631,
        "max": 7323980,
        "variance_ns2": 12366205898667.334,
        "iqr_ns": 7192259.0,
        "q1_ns": 131721.0,
        "q3_ns": 7323980.0
      },
      "futex_op_counts": {
        "128": 4
      },
      "first_seen_ts_ns": 13428588640137,
      "last_seen_ts_ns": 13428589422714
    },
    {
      "tgid": 214784,
      "comm": "flux-broker-0",
      "cgroup_id": 86366,
      "wait_duration_stats_ns": {
        "count": 182.0,
        "sum": 5320434.0,
        "mean": 29233.153846153848,
        "median": 4450.399055146796,
        "min": 1520,
        "max": 1233071,
        "variance_ns2": 14327163331.169569,
        "iqr_ns": 4033.011715280879,
        "q1_ns": 2716.5500768226257,
        "q3_ns": 6749.561792103505
      },
      "futex_op_counts": {
        "128": 182
      },
      "first_seen_ts_ns": 13419421869029,
      "last_seen_ts_ns": 13499269762953
    },
    {
      "tgid": 214974,
      "comm": "portmap",
      "cgroup_id": 4085,
      "wait_duration_stats_ns": {
        "count": 5.0,
        "sum": 1215550.0,
        "mean": 243110.0,
        "median": 190602.0,
        "min": 61661,
        "max": 541804,
        "variance_ns2": 38477811776.5,
        "iqr_ns": 232021.0,
        "q1_ns": 94731.0,
        "q3_ns": 326752.0
      },
      "futex_op_counts": {
        "128": 5
      },
      "first_seen_ts_ns": 13428711936903,
      "last_seen_ts_ns": 13428713052032
    }
  ]
}
[03:21:59] Cleanup complete.
