

32 32 32
15
chmod: cannot access './wait-fs': No such file or directory
mv: cannot stat './wait-fs': No such file or directory
ln: failed to create symbolic link '/mnt/flux/view/lib/python': File exists
ln: failed to create symbolic link '/mnt/flux/view/lib/python3': File exists
#!/bin/bash
set -euo pipefail
flux resource list
echo "The parent process ID is: $PPID"          
echo "The execution parent process ID is: $$"         
CGROUP_PATH_LINE=$(cat "/proc/$$/cgroup")
echo 
CGROUP_V2_PATH=${CGROUP_PATH_LINE:3}
ACTUAL_CGROUP_DIR="/sys/fs/cgroup${CGROUP_V2_PATH}"
TARGET_CGROUP_ID=$(stat -c '%i' $ACTUAL_CGROUP_DIR)
echo "The cgroup id is $TARGET_CGROUP_ID"
echo -n $TARGET_CGROUP_ID > /mnt/flux/cgroup-id.txt
sleep 5
flux exec -r all touch /mnt/flux/start_ebpf_collection
for i in {1..3}
do
  echo "FLUX-RUN START hpcg-iter-$i"
  flux run --setattr=user.study_id=hpcg-iter-$i -N1 -n 4 -o cpu-affinity=per-task -o gpu-affinity=off     /opt/hpcg/xhpcg
  
   echo "FLUX-RUN END hpcg-iter-$i"
done

  echo "FLUX-RESULTS START"
  cat hpcg*.txt
  echo "HPCG-BENCHMARKS"
  cat HPCG-Benchmark*.txt
  echo "FLUX-RESULTS END"

output=./results/${app}
(apt-get update > /dev/null 2>&1 && apt-get install -y jq > /dev/null 2>&1) || (yum update -y > /dev/null 2>&1 && yum install -y jq > /dev/null 2>&1)
mkdir -p $output
for jobid in $(flux jobs -a --json | jq -r .jobs[].id); do
    echo
    study_id=$(flux job info $jobid jobspec | jq -r ".attributes.user.study_id")
    echo "FLUX-JOB START ${jobid} ${study_id}"
    echo "FLUX-JOB-JOBSPEC START"
    flux job info $jobid jobspec
    echo "FLUX-JOB-JOBSPEC END" 
    
    echo "FLUX-JOB-RESOURCES START"
    flux job info ${jobid} R
    echo "FLUX-JOB-RESOURCES END"
    echo "FLUX-JOB-EVENTLOG START" 
    flux job info $jobid guest.exec.eventlog
    echo "FLUX-JOB-EVENTLOG END" 
    echo "FLUX-JOB END ${jobid} ${study_id}"
done
echo "FLUX JOB STATS"
flux job stats 

     STATE NNODES   NCORES    NGPUS NODELIST
      free      1        4        0 hpcg-0
 allocated      0        0        0 
      down      0        0        0 
The parent process ID is: 119
The execution parent process ID is: 213

The cgroup id is 88301
FLUX-RUN START hpcg-iter-1
FLUX-RUN END hpcg-iter-1
FLUX-RUN START hpcg-iter-2
FLUX-RUN END hpcg-iter-2
FLUX-RUN START hpcg-iter-3
FLUX-RUN END hpcg-iter-3
FLUX-RESULTS START
WARNING: PERFORMING UNPRECONDITIONED ITERATIONS
Call [0] Number of Iterations [11] Scaled Residual [2.19405e-14]
WARNING: PERFORMING UNPRECONDITIONED ITERATIONS
Call [1] Number of Iterations [11] Scaled Residual [2.19405e-14]
Call [0] Number of Iterations [2] Scaled Residual [4.01097e-17]
Call [1] Number of Iterations [2] Scaled Residual [4.01097e-17]
Departure from symmetry (scaled) for SpMV abs(x'*A*y - y'*A*x) = 3.76097e-07
Departure from symmetry (scaled) for MG abs(x'*Minv*y - y'*Minv*x) = 1.14172e-07
SpMV call [0] Residual [0]
SpMV call [1] Residual [0]
Call [0] Scaled Residual [2.87748e-13]
Call [1] Scaled Residual [2.87748e-13]
Call [2] Scaled Residual [2.87748e-13]
Call [3] Scaled Residual [2.87748e-13]
Call [4] Scaled Residual [2.87748e-13]
Call [5] Scaled Residual [2.87748e-13]
Call [6] Scaled Residual [2.87748e-13]
Call [7] Scaled Residual [2.87748e-13]
WARNING: PERFORMING UNPRECONDITIONED ITERATIONS
Call [0] Number of Iterations [11] Scaled Residual [2.19405e-14]
WARNING: PERFORMING UNPRECONDITIONED ITERATIONS
Call [1] Number of Iterations [11] Scaled Residual [2.19405e-14]
Call [0] Number of Iterations [2] Scaled Residual [4.01097e-17]
Call [1] Number of Iterations [2] Scaled Residual [4.01097e-17]
Departure from symmetry (scaled) for SpMV abs(x'*A*y - y'*A*x) = 3.76097e-07
Departure from symmetry (scaled) for MG abs(x'*Minv*y - y'*Minv*x) = 1.14172e-07
SpMV call [0] Residual [0]
SpMV call [1] Residual [0]
Call [0] Scaled Residual [2.87748e-13]
Call [1] Scaled Residual [2.87748e-13]
Call [2] Scaled Residual [2.87748e-13]
Call [3] Scaled Residual [2.87748e-13]
Call [4] Scaled Residual [2.87748e-13]
Call [5] Scaled Residual [2.87748e-13]
Call [6] Scaled Residual [2.87748e-13]
Call [7] Scaled Residual [2.87748e-13]
Call [8] Scaled Residual [2.87748e-13]
Call [9] Scaled Residual [2.87748e-13]
WARNING: PERFORMING UNPRECONDITIONED ITERATIONS
Call [0] Number of Iterations [11] Scaled Residual [2.19405e-14]
WARNING: PERFORMING UNPRECONDITIONED ITERATIONS
Call [1] Number of Iterations [11] Scaled Residual [2.19405e-14]
Call [0] Number of Iterations [2] Scaled Residual [4.01097e-17]
Call [1] Number of Iterations [2] Scaled Residual [4.01097e-17]
Departure from symmetry (scaled) for SpMV abs(x'*A*y - y'*A*x) = 3.76097e-07
Departure from symmetry (scaled) for MG abs(x'*Minv*y - y'*Minv*x) = 1.14172e-07
SpMV call [0] Residual [0]
SpMV call [1] Residual [0]
Call [0] Scaled Residual [2.87748e-13]
Call [1] Scaled Residual [2.87748e-13]
Call [2] Scaled Residual [2.87748e-13]
Call [3] Scaled Residual [2.87748e-13]
Call [4] Scaled Residual [2.87748e-13]
Call [5] Scaled Residual [2.87748e-13]
Call [6] Scaled Residual [2.87748e-13]
Call [7] Scaled Residual [2.87748e-13]
Call [8] Scaled Residual [2.87748e-13]
Call [9] Scaled Residual [2.87748e-13]
Call [10] Scaled Residual [2.87748e-13]
Call [11] Scaled Residual [2.87748e-13]
Call [12] Scaled Residual [2.87748e-13]
Call [13] Scaled Residual [2.87748e-13]
Call [14] Scaled Residual [2.87748e-13]
Call [15] Scaled Residual [2.87748e-13]
Call [16] Scaled Residual [2.87748e-13]
Call [17] Scaled Residual [2.87748e-13]
HPCG-BENCHMARKS
HPCG-Benchmark
version=3.1
Release date=March 28, 2019
Machine Summary=
Machine Summary::Distributed Processes=4
Machine Summary::Threads per processes=2
Global Problem Dimensions=
Global Problem Dimensions::Global nx=64
Global Problem Dimensions::Global ny=64
Global Problem Dimensions::Global nz=32
Processor Dimensions=
Processor Dimensions::npx=2
Processor Dimensions::npy=2
Processor Dimensions::npz=1
Local Domain Dimensions=
Local Domain Dimensions::nx=32
Local Domain Dimensions::ny=32
Local Domain Dimensions::Lower ipz=0
Local Domain Dimensions::Upper ipz=0
Local Domain Dimensions::nz=32
########## Problem Summary  ##########=
Setup Information=
Setup Information::Setup Time=0.138098
Linear System Information=
Linear System Information::Number of Equations=131072
Linear System Information::Number of Nonzero Terms=3393400
Multigrid Information=
Multigrid Information::Number of coarse grid levels=3
Multigrid Information::Coarse Grids=
Multigrid Information::Coarse Grids::Grid Level=1
Multigrid Information::Coarse Grids::Number of Equations=16384
Multigrid Information::Coarse Grids::Number of Nonzero Terms=406456
Multigrid Information::Coarse Grids::Number of Presmoother Steps=1
Multigrid Information::Coarse Grids::Number of Postsmoother Steps=1
Multigrid Information::Coarse Grids::Grid Level=2
Multigrid Information::Coarse Grids::Number of Equations=2048
Multigrid Information::Coarse Grids::Number of Nonzero Terms=46552
Multigrid Information::Coarse Grids::Number of Presmoother Steps=1
Multigrid Information::Coarse Grids::Number of Postsmoother Steps=1
Multigrid Information::Coarse Grids::Grid Level=3
Multigrid Information::Coarse Grids::Number of Equations=256
Multigrid Information::Coarse Grids::Number of Nonzero Terms=4840
Multigrid Information::Coarse Grids::Number of Presmoother Steps=1
Multigrid Information::Coarse Grids::Number of Postsmoother Steps=1
########## Memory Use Summary  ##########=
Memory Use Information=
Memory Use Information::Total memory used for data (Gbytes)=0.0938639
Memory Use Information::Memory used for OptimizeProblem data (Gbytes)=0
Memory Use Information::Bytes per equation (Total memory / Number of Equations)=716.125
Memory Use Information::Memory used for linear system and CG (Gbytes)=0.0825776
Memory Use Information::Coarse Grids=
Memory Use Information::Coarse Grids::Grid Level=1
Memory Use Information::Coarse Grids::Memory used=0.00988744
Memory Use Information::Coarse Grids::Grid Level=2
Memory Use Information::Coarse Grids::Memory used=0.00124171
Memory Use Information::Coarse Grids::Grid Level=3
Memory Use Information::Coarse Grids::Memory used=0.00015712
########## V&V Testing Summary  ##########=
Spectral Convergence Tests=
Spectral Convergence Tests::Result=PASSED
Spectral Convergence Tests::Unpreconditioned=
Spectral Convergence Tests::Unpreconditioned::Maximum iteration count=11
Spectral Convergence Tests::Unpreconditioned::Expected iteration count=12
Spectral Convergence Tests::Preconditioned=
Spectral Convergence Tests::Preconditioned::Maximum iteration count=2
Spectral Convergence Tests::Preconditioned::Expected iteration count=2
Departure from Symmetry |x'Ay-y'Ax|/(2*||x||*||A||*||y||)/epsilon=
Departure from Symmetry |x'Ay-y'Ax|/(2*||x||*||A||*||y||)/epsilon::Result=PASSED
Departure from Symmetry |x'Ay-y'Ax|/(2*||x||*||A||*||y||)/epsilon::Departure for SpMV=3.76097e-07
Departure from Symmetry |x'Ay-y'Ax|/(2*||x||*||A||*||y||)/epsilon::Departure for MG=1.14172e-07
########## Iterations Summary  ##########=
Iteration Count Information=
Iteration Count Information::Result=PASSED
Iteration Count Information::Reference CG iterations per set=50
Iteration Count Information::Optimized CG iterations per set=50
Iteration Count Information::Total number of reference iterations=400
Iteration Count Information::Total number of optimized iterations=400
########## Reproducibility Summary  ##########=
Reproducibility Information=
Reproducibility Information::Result=PASSED
Reproducibility Information::Scaled residual mean=2.87748e-13
Reproducibility Information::Scaled residual variance=0
########## Performance Summary (times in sec) ##########=
Benchmark Time Summary=
Benchmark Time Summary::Optimization phase=2.8e-07
Benchmark Time Summary::DDOT=2.76036
Benchmark Time Summary::WAXPBY=0.348876
Benchmark Time Summary::SpMV=1.31403
Benchmark Time Summary::MG=9.9253
Benchmark Time Summary::Total=14.3495
Floating Point Operations Summary=
Floating Point Operations Summary::Raw DDOT=3.1667e+08
Floating Point Operations Summary::Raw WAXPBY=3.1667e+08
Floating Point Operations Summary::Raw SpMV=2.76901e+09
Floating Point Operations Summary::Raw MG=1.53934e+10
Floating Point Operations Summary::Total=1.87957e+10
Floating Point Operations Summary::Total with convergence overhead=1.87957e+10
GB/s Summary=
GB/s Summary::Raw Read B/W=8.0773
GB/s Summary::Raw Write B/W=1.86702
GB/s Summary::Raw Total B/W=9.94432
GB/s Summary::Total with convergence and optimization phase overhead=9.86834
GFLOP/s Summary=
GFLOP/s Summary::Raw DDOT=0.114721
GFLOP/s Summary::Raw WAXPBY=0.907687
GFLOP/s Summary::Raw SpMV=2.10726
GFLOP/s Summary::Raw MG=1.55092
GFLOP/s Summary::Raw Total=1.30986
GFLOP/s Summary::Total with convergence overhead=1.30986
GFLOP/s Summary::Total with convergence and optimization phase overhead=1.29985
User Optimization Overheads=
User Optimization Overheads::Optimization phase time (sec)=2.8e-07
User Optimization Overheads::Optimization phase time vs reference SpMV+MG time=1.55501e-05
DDOT Timing Variations=
DDOT Timing Variations::Min DDOT MPI_Allreduce time=1.86581
DDOT Timing Variations::Max DDOT MPI_Allreduce time=2.59107
DDOT Timing Variations::Avg DDOT MPI_Allreduce time=2.26634
Final Summary=
Final Summary::HPCG result is VALID with a GFLOP/s rating of=1.29985
Final Summary::HPCG 2.4 rating for historical reasons is=1.30986
Final Summary::Reference version of ComputeDotProduct used=Performance results are most likely suboptimal
Final Summary::Reference version of ComputeSPMV used=Performance results are most likely suboptimal
Final Summary::Reference version of ComputeMG used and number of threads greater than 1=Performance results are severely suboptimal
Final Summary::Reference version of ComputeWAXPBY used=Performance results are most likely suboptimal
Final Summary::Results are valid but execution time (sec) is=14.3495
Final Summary::Official results execution time (sec) must be at least=1800
HPCG-Benchmark
version=3.1
Release date=March 28, 2019
Machine Summary=
Machine Summary::Distributed Processes=4
Machine Summary::Threads per processes=2
Global Problem Dimensions=
Global Problem Dimensions::Global nx=64
Global Problem Dimensions::Global ny=64
Global Problem Dimensions::Global nz=32
Processor Dimensions=
Processor Dimensions::npx=2
Processor Dimensions::npy=2
Processor Dimensions::npz=1
Local Domain Dimensions=
Local Domain Dimensions::nx=32
Local Domain Dimensions::ny=32
Local Domain Dimensions::Lower ipz=0
Local Domain Dimensions::Upper ipz=0
Local Domain Dimensions::nz=32
########## Problem Summary  ##########=
Setup Information=
Setup Information::Setup Time=0.172124
Linear System Information=
Linear System Information::Number of Equations=131072
Linear System Information::Number of Nonzero Terms=3393400
Multigrid Information=
Multigrid Information::Number of coarse grid levels=3
Multigrid Information::Coarse Grids=
Multigrid Information::Coarse Grids::Grid Level=1
Multigrid Information::Coarse Grids::Number of Equations=16384
Multigrid Information::Coarse Grids::Number of Nonzero Terms=406456
Multigrid Information::Coarse Grids::Number of Presmoother Steps=1
Multigrid Information::Coarse Grids::Number of Postsmoother Steps=1
Multigrid Information::Coarse Grids::Grid Level=2
Multigrid Information::Coarse Grids::Number of Equations=2048
Multigrid Information::Coarse Grids::Number of Nonzero Terms=46552
Multigrid Information::Coarse Grids::Number of Presmoother Steps=1
Multigrid Information::Coarse Grids::Number of Postsmoother Steps=1
Multigrid Information::Coarse Grids::Grid Level=3
Multigrid Information::Coarse Grids::Number of Equations=256
Multigrid Information::Coarse Grids::Number of Nonzero Terms=4840
Multigrid Information::Coarse Grids::Number of Presmoother Steps=1
Multigrid Information::Coarse Grids::Number of Postsmoother Steps=1
########## Memory Use Summary  ##########=
Memory Use Information=
Memory Use Information::Total memory used for data (Gbytes)=0.0938639
Memory Use Information::Memory used for OptimizeProblem data (Gbytes)=0
Memory Use Information::Bytes per equation (Total memory / Number of Equations)=716.125
Memory Use Information::Memory used for linear system and CG (Gbytes)=0.0825776
Memory Use Information::Coarse Grids=
Memory Use Information::Coarse Grids::Grid Level=1
Memory Use Information::Coarse Grids::Memory used=0.00988744
Memory Use Information::Coarse Grids::Grid Level=2
Memory Use Information::Coarse Grids::Memory used=0.00124171
Memory Use Information::Coarse Grids::Grid Level=3
Memory Use Information::Coarse Grids::Memory used=0.00015712
########## V&V Testing Summary  ##########=
Spectral Convergence Tests=
Spectral Convergence Tests::Result=PASSED
Spectral Convergence Tests::Unpreconditioned=
Spectral Convergence Tests::Unpreconditioned::Maximum iteration count=11
Spectral Convergence Tests::Unpreconditioned::Expected iteration count=12
Spectral Convergence Tests::Preconditioned=
Spectral Convergence Tests::Preconditioned::Maximum iteration count=2
Spectral Convergence Tests::Preconditioned::Expected iteration count=2
Departure from Symmetry |x'Ay-y'Ax|/(2*||x||*||A||*||y||)/epsilon=
Departure from Symmetry |x'Ay-y'Ax|/(2*||x||*||A||*||y||)/epsilon::Result=PASSED
Departure from Symmetry |x'Ay-y'Ax|/(2*||x||*||A||*||y||)/epsilon::Departure for SpMV=3.76097e-07
Departure from Symmetry |x'Ay-y'Ax|/(2*||x||*||A||*||y||)/epsilon::Departure for MG=1.14172e-07
########## Iterations Summary  ##########=
Iteration Count Information=
Iteration Count Information::Result=PASSED
Iteration Count Information::Reference CG iterations per set=50
Iteration Count Information::Optimized CG iterations per set=50
Iteration Count Information::Total number of reference iterations=500
Iteration Count Information::Total number of optimized iterations=500
########## Reproducibility Summary  ##########=
Reproducibility Information=
Reproducibility Information::Result=PASSED
Reproducibility Information::Scaled residual mean=2.87748e-13
Reproducibility Information::Scaled residual variance=0
########## Performance Summary (times in sec) ##########=
Benchmark Time Summary=
Benchmark Time Summary::Optimization phase=1.1e-07
Benchmark Time Summary::DDOT=1.17235
Benchmark Time Summary::WAXPBY=0.0919094
Benchmark Time Summary::SpMV=1.18456
Benchmark Time Summary::MG=7.88462
Benchmark Time Summary::Total=10.3345
Floating Point Operations Summary=
Floating Point Operations Summary::Raw DDOT=3.95837e+08
Floating Point Operations Summary::Raw WAXPBY=3.95837e+08
Floating Point Operations Summary::Raw SpMV=3.46127e+09
Floating Point Operations Summary::Raw MG=1.92417e+10
Floating Point Operations Summary::Total=2.34947e+10
Floating Point Operations Summary::Total with convergence overhead=2.34947e+10
GB/s Summary=
GB/s Summary::Raw Read B/W=14.0192
GB/s Summary::Raw Write B/W=3.24046
GB/s Summary::Raw Total B/W=17.2597
GB/s Summary::Total with convergence and optimization phase overhead=16.9769
GFLOP/s Summary=
GFLOP/s Summary::Raw DDOT=0.337645
GFLOP/s Summary::Raw WAXPBY=4.30682
GFLOP/s Summary::Raw SpMV=2.922
GFLOP/s Summary::Raw MG=2.44041
GFLOP/s Summary::Raw Total=2.27342
GFLOP/s Summary::Total with convergence overhead=2.27342
GFLOP/s Summary::Total with convergence and optimization phase overhead=2.23618
User Optimization Overheads=
User Optimization Overheads::Optimization phase time (sec)=1.1e-07
User Optimization Overheads::Optimization phase time vs reference SpMV+MG time=1.25481e-06
DDOT Timing Variations=
DDOT Timing Variations::Min DDOT MPI_Allreduce time=0.586597
DDOT Timing Variations::Max DDOT MPI_Allreduce time=1.07021
DDOT Timing Variations::Avg DDOT MPI_Allreduce time=0.895903
Final Summary=
Final Summary::HPCG result is VALID with a GFLOP/s rating of=2.23618
Final Summary::HPCG 2.4 rating for historical reasons is=2.27342
Final Summary::Reference version of ComputeDotProduct used=Performance results are most likely suboptimal
Final Summary::Reference version of ComputeSPMV used=Performance results are most likely suboptimal
Final Summary::Reference version of ComputeMG used and number of threads greater than 1=Performance results are severely suboptimal
Final Summary::Reference version of ComputeWAXPBY used=Performance results are most likely suboptimal
Final Summary::Results are valid but execution time (sec) is=10.3345
Final Summary::Official results execution time (sec) must be at least=1800
HPCG-Benchmark
version=3.1
Release date=March 28, 2019
Machine Summary=
Machine Summary::Distributed Processes=4
Machine Summary::Threads per processes=2
Global Problem Dimensions=
Global Problem Dimensions::Global nx=64
Global Problem Dimensions::Global ny=64
Global Problem Dimensions::Global nz=32
Processor Dimensions=
Processor Dimensions::npx=2
Processor Dimensions::npy=2
Processor Dimensions::npz=1
Local Domain Dimensions=
Local Domain Dimensions::nx=32
Local Domain Dimensions::ny=32
Local Domain Dimensions::Lower ipz=0
Local Domain Dimensions::Upper ipz=0
Local Domain Dimensions::nz=32
########## Problem Summary  ##########=
Setup Information=
Setup Information::Setup Time=0.148097
Linear System Information=
Linear System Information::Number of Equations=131072
Linear System Information::Number of Nonzero Terms=3393400
Multigrid Information=
Multigrid Information::Number of coarse grid levels=3
Multigrid Information::Coarse Grids=
Multigrid Information::Coarse Grids::Grid Level=1
Multigrid Information::Coarse Grids::Number of Equations=16384
Multigrid Information::Coarse Grids::Number of Nonzero Terms=406456
Multigrid Information::Coarse Grids::Number of Presmoother Steps=1
Multigrid Information::Coarse Grids::Number of Postsmoother Steps=1
Multigrid Information::Coarse Grids::Grid Level=2
Multigrid Information::Coarse Grids::Number of Equations=2048
Multigrid Information::Coarse Grids::Number of Nonzero Terms=46552
Multigrid Information::Coarse Grids::Number of Presmoother Steps=1
Multigrid Information::Coarse Grids::Number of Postsmoother Steps=1
Multigrid Information::Coarse Grids::Grid Level=3
Multigrid Information::Coarse Grids::Number of Equations=256
Multigrid Information::Coarse Grids::Number of Nonzero Terms=4840
Multigrid Information::Coarse Grids::Number of Presmoother Steps=1
Multigrid Information::Coarse Grids::Number of Postsmoother Steps=1
########## Memory Use Summary  ##########=
Memory Use Information=
Memory Use Information::Total memory used for data (Gbytes)=0.093864
Memory Use Information::Memory used for OptimizeProblem data (Gbytes)=0
Memory Use Information::Bytes per equation (Total memory / Number of Equations)=716.125
Memory Use Information::Memory used for linear system and CG (Gbytes)=0.0825777
Memory Use Information::Coarse Grids=
Memory Use Information::Coarse Grids::Grid Level=1
Memory Use Information::Coarse Grids::Memory used=0.00988744
Memory Use Information::Coarse Grids::Grid Level=2
Memory Use Information::Coarse Grids::Memory used=0.00124171
Memory Use Information::Coarse Grids::Grid Level=3
Memory Use Information::Coarse Grids::Memory used=0.00015712
########## V&V Testing Summary  ##########=
Spectral Convergence Tests=
Spectral Convergence Tests::Result=PASSED
Spectral Convergence Tests::Unpreconditioned=
Spectral Convergence Tests::Unpreconditioned::Maximum iteration count=11
Spectral Convergence Tests::Unpreconditioned::Expected iteration count=12
Spectral Convergence Tests::Preconditioned=
Spectral Convergence Tests::Preconditioned::Maximum iteration count=2
Spectral Convergence Tests::Preconditioned::Expected iteration count=2
Departure from Symmetry |x'Ay-y'Ax|/(2*||x||*||A||*||y||)/epsilon=
Departure from Symmetry |x'Ay-y'Ax|/(2*||x||*||A||*||y||)/epsilon::Result=PASSED
Departure from Symmetry |x'Ay-y'Ax|/(2*||x||*||A||*||y||)/epsilon::Departure for SpMV=3.76097e-07
Departure from Symmetry |x'Ay-y'Ax|/(2*||x||*||A||*||y||)/epsilon::Departure for MG=1.14172e-07
########## Iterations Summary  ##########=
Iteration Count Information=
Iteration Count Information::Result=PASSED
Iteration Count Information::Reference CG iterations per set=50
Iteration Count Information::Optimized CG iterations per set=50
Iteration Count Information::Total number of reference iterations=900
Iteration Count Information::Total number of optimized iterations=900
########## Reproducibility Summary  ##########=
Reproducibility Information=
Reproducibility Information::Result=PASSED
Reproducibility Information::Scaled residual mean=2.87748e-13
Reproducibility Information::Scaled residual variance=0
########## Performance Summary (times in sec) ##########=
Benchmark Time Summary=
Benchmark Time Summary::Optimization phase=2.5e-07
Benchmark Time Summary::DDOT=1.38805
Benchmark Time Summary::WAXPBY=0.263591
Benchmark Time Summary::SpMV=2.13377
Benchmark Time Summary::MG=14.3636
Benchmark Time Summary::Total=18.1508
Floating Point Operations Summary=
Floating Point Operations Summary::Raw DDOT=7.12507e+08
Floating Point Operations Summary::Raw WAXPBY=7.12507e+08
Floating Point Operations Summary::Raw SpMV=6.23028e+09
Floating Point Operations Summary::Raw MG=3.46351e+10
Floating Point Operations Summary::Total=4.22904e+10
Floating Point Operations Summary::Total with convergence overhead=4.22904e+10
GB/s Summary=
GB/s Summary::Raw Read B/W=14.3677
GB/s Summary::Raw Write B/W=3.32102
GB/s Summary::Raw Total B/W=17.6888
GB/s Summary::Total with convergence and optimization phase overhead=17.4327
GFLOP/s Summary=
GFLOP/s Summary::Raw DDOT=0.513316
GFLOP/s Summary::Raw WAXPBY=2.70308
GFLOP/s Summary::Raw SpMV=2.91984
GFLOP/s Summary::Raw MG=2.41132
GFLOP/s Summary::Raw Total=2.32995
GFLOP/s Summary::Total with convergence overhead=2.32995
GFLOP/s Summary::Total with convergence and optimization phase overhead=2.29622
User Optimization Overheads=
User Optimization Overheads::Optimization phase time (sec)=2.5e-07
User Optimization Overheads::Optimization phase time vs reference SpMV+MG time=1.00588e-05
DDOT Timing Variations=
DDOT Timing Variations::Min DDOT MPI_Allreduce time=1.09526
DDOT Timing Variations::Max DDOT MPI_Allreduce time=1.36451
DDOT Timing Variations::Avg DDOT MPI_Allreduce time=1.21041
Final Summary=
Final Summary::HPCG result is VALID with a GFLOP/s rating of=2.29622
Final Summary::HPCG 2.4 rating for historical reasons is=2.32995
Final Summary::Reference version of ComputeDotProduct used=Performance results are most likely suboptimal
Final Summary::Reference version of ComputeSPMV used=Performance results are most likely suboptimal
Final Summary::Reference version of ComputeMG used and number of threads greater than 1=Performance results are severely suboptimal
Final Summary::Reference version of ComputeWAXPBY used=Performance results are most likely suboptimal
Final Summary::Results are valid but execution time (sec) is=18.1508
Final Summary::Official results execution time (sec) must be at least=1800
FLUX-RESULTS END

FLUX-JOB START 747995398144 hpcg-iter-3
FLUX-JOB-JOBSPEC START
{"resources": [{"type": "node", "count": 1, "with": [{"type": "slot", "count": 4, "with": [{"type": "core", "count": 1}], "label": "task"}]}], "tasks": [{"command": ["/opt/hpcg/xhpcg"], "slot": "task", "count": {"per_slot": 1}}], "attributes": {"system": {"duration": 0, "cwd": "/opt/hpcg", "shell": {"options": {"rlimit": {"cpu": -1, "fsize": -1, "data": -1, "stack": 10485760, "core": -1, "nofile": 1048576, "as": -1, "rss": -1, "nproc": -1}, "cpu-affinity": "per-task", "gpu-affinity": "off"}}}, "user": {"study_id": "hpcg-iter-3"}}, "version": 1}
FLUX-JOB-JOBSPEC END
FLUX-JOB-RESOURCES START
{"version": 1, "execution": {"R_lite": [{"rank": "0", "children": {"core": "0-3"}}], "starttime": 1749698839.9116774, "expiration": 0.0, "nodelist": ["hpcg-0"]}}
FLUX-JOB-RESOURCES END
FLUX-JOB-EVENTLOG START
{"timestamp":1749698839.9255686,"name":"init"}
{"timestamp":1749698839.92853,"name":"starting"}
{"timestamp":1749698839.9666901,"name":"shell.init","context":{"service":"0-shell-fLecnw6o","leader-rank":0,"size":1}}
{"timestamp":1749698839.9807227,"name":"shell.start","context":{"taskmap":{"version":1,"map":[[0,1,4,1]]}}}
{"timestamp":1749698860.9608927,"name":"shell.task-exit","context":{"localid":2,"rank":2,"state":"Exited","pid":258,"wait_status":0,"signaled":0,"exitcode":0}}
{"timestamp":1749698860.9813309,"name":"complete","context":{"status":0}}
{"timestamp":1749698860.9813805,"name":"done"}

FLUX-JOB-EVENTLOG END
FLUX-JOB END 747995398144 hpcg-iter-3

FLUX-JOB START 477244686336 hpcg-iter-2
FLUX-JOB-JOBSPEC START
{"resources": [{"type": "node", "count": 1, "with": [{"type": "slot", "count": 4, "with": [{"type": "core", "count": 1}], "label": "task"}]}], "tasks": [{"command": ["/opt/hpcg/xhpcg"], "slot": "task", "count": {"per_slot": 1}}], "attributes": {"system": {"duration": 0, "cwd": "/opt/hpcg", "shell": {"options": {"rlimit": {"cpu": -1, "fsize": -1, "data": -1, "stack": 10485760, "core": -1, "nofile": 1048576, "as": -1, "rss": -1, "nproc": -1}, "cpu-affinity": "per-task", "gpu-affinity": "off"}}}, "user": {"study_id": "hpcg-iter-2"}}, "version": 1}
FLUX-JOB-JOBSPEC END
FLUX-JOB-RESOURCES START
{"version": 1, "execution": {"R_lite": [{"rank": "0", "children": {"core": "0-3"}}], "starttime": 1749698823.7796676, "expiration": 0.0, "nodelist": ["hpcg-0"]}}
FLUX-JOB-RESOURCES END
FLUX-JOB-EVENTLOG START
{"timestamp":1749698823.7840617,"name":"init"}
{"timestamp":1749698823.7858508,"name":"starting"}
{"timestamp":1749698823.8150477,"name":"shell.init","context":{"service":"0-shell-fDY7UmHy","leader-rank":0,"size":1}}
{"timestamp":1749698823.8375125,"name":"shell.start","context":{"taskmap":{"version":1,"map":[[0,1,4,1]]}}}
{"timestamp":1749698839.3427913,"name":"shell.task-exit","context":{"localid":1,"rank":1,"state":"Exited","pid":241,"wait_status":0,"signaled":0,"exitcode":0}}
{"timestamp":1749698839.3551869,"name":"complete","context":{"status":0}}
{"timestamp":1749698839.3552361,"name":"done"}

FLUX-JOB-EVENTLOG END
FLUX-JOB END 477244686336 hpcg-iter-2

FLUX-JOB START 121282494464 hpcg-iter-1
FLUX-JOB-JOBSPEC START
{"resources": [{"type": "node", "count": 1, "with": [{"type": "slot", "count": 4, "with": [{"type": "core", "count": 1}], "label": "task"}]}], "tasks": [{"command": ["/opt/hpcg/xhpcg"], "slot": "task", "count": {"per_slot": 1}}], "attributes": {"system": {"duration": 0, "cwd": "/opt/hpcg", "shell": {"options": {"rlimit": {"cpu": -1, "fsize": -1, "data": -1, "stack": 10485760, "core": -1, "nofile": 1048576, "as": -1, "rss": -1, "nproc": -1}, "cpu-affinity": "per-task", "gpu-affinity": "off"}}}, "user": {"study_id": "hpcg-iter-1"}}, "version": 1}
FLUX-JOB-JOBSPEC END
FLUX-JOB-RESOURCES START
{"version": 1, "execution": {"R_lite": [{"rank": "0", "children": {"core": "0-3"}}], "starttime": 1749698802.55848, "expiration": 0.0, "nodelist": ["hpcg-0"]}}
FLUX-JOB-RESOURCES END
FLUX-JOB-EVENTLOG START
{"timestamp":1749698802.5615573,"name":"init"}
{"timestamp":1749698802.5632379,"name":"starting"}
{"timestamp":1749698802.5851445,"name":"shell.init","context":{"service":"0-shell-f4BnKVBm","leader-rank":0,"size":1}}
{"timestamp":1749698802.6048567,"name":"shell.start","context":{"taskmap":{"version":1,"map":[[0,1,4,1]]}}}
{"timestamp":1749698823.2322896,"name":"shell.task-exit","context":{"localid":0,"rank":0,"state":"Exited","pid":224,"wait_status":0,"signaled":0,"exitcode":0}}
{"timestamp":1749698823.2391272,"name":"complete","context":{"status":0}}
{"timestamp":1749698823.2391717,"name":"done"}

FLUX-JOB-EVENTLOG END
FLUX-JOB END 121282494464 hpcg-iter-1
FLUX JOB STATS
{"job_states":{"depend":0,"priority":0,"sched":0,"run":0,"cleanup":0,"inactive":3,"total":3},"successful":3,"failed":0,"canceled":0,"timeout":0,"inactive_purged":0,"queues":[]}
