unlimited
PROGRAM: cpu
Looking for /opt/programs/cpu/ebpf-collect.c
[23:39:48] Waiting for start indicator file: '/mnt/flux/start_ebpf_collection'.
[23:39:55] Start indicator found. Proceeding with monitoring.
[23:39:55] Initializing eBPF for CPU Scheduling monitoring...
[23:39:55] BPF C code compiled and loaded.
[23:39:55] Attached tracepoints.
[23:39:55] Monitoring CPU scheduling events (polling aggregated map)... Press Ctrl+C to stop.
[23:40:54] Stop indicator file '/mnt/flux/stop_ebpf_collection' found. Stopping.
[23:40:54] Initiating cleanup sequence...
{
  "final_aggregated_summary_river": [
    {
      "tgid": 88,
      "comm": "python3",
      "cgroup_id": 9017,
      "on_cpu_stats_ns": {
        "count": 309.0,
        "sum_ns": 14512014.491176466,
        "mean_ns": 46964.4481915096,
        "median_ns": 15441.445895401861,
        "min_ns": 3608.0,
        "max_ns": 798084.0,
        "variance_ns2": 9094511743.369333,
        "iqr_ns": 14509.186171526453,
        "q1_ns": 10480.822466921596,
        "q3_ns": 24990.00863844805
      },
      "runq_latency_stats_ns": {
        "count": 310.0,
        "sum_ns": 8098477.7156862775,
        "mean_ns": 26124.12166350412,
        "median_ns": 7361.465684855331,
        "min_ns": 557.0,
        "max_ns": 4987122.5,
        "variance_ns2": 80388618983.30347,
        "iqr_ns": 4183.177360647888,
        "q1_ns": 4340.881248222732,
        "q3_ns": 8524.05860887062
      },
      "first_seen_ts_ns": 1750117195519647163,
      "last_seen_ts_ns": 1750117254419190234,
      "duration_active_s": 58.899543071
    },
    {
      "tgid": 135,
      "comm": "python3",
      "cgroup_id": 9101,
      "on_cpu_stats_ns": {
        "count": 211.0,
        "sum_ns": 5060942.408333333,
        "mean_ns": 23985.509044233808,
        "median_ns": 14884.643517383578,
        "min_ns": 3375.0,
        "max_ns": 229769.5,
        "variance_ns2": 1321881995.5219684,
        "iqr_ns": 7729.393457329565,
        "q1_ns": 11611.785576650078,
        "q3_ns": 19341.179033979643
      },
      "runq_latency_stats_ns": {
        "count": 211.0,
        "sum_ns": 1787027.955952382,
        "mean_ns": 8469.326805461526,
        "median_ns": 5793.427255515215,
        "min_ns": 748.0,
        "max_ns": 281332.5,
        "variance_ns2": 388241635.98845387,
        "iqr_ns": 4546.335059089489,
        "q1_ns": 4794.220360262742,
        "q3_ns": 9340.555419352231
      },
      "first_seen_ts_ns": 1750117195519647163,
      "last_seen_ts_ns": 1750117254419190234,
      "duration_active_s": 58.899543071
    },
    {
      "tgid": 160,
      "comm": "flux-broker-0",
      "cgroup_id": 9185,
      "on_cpu_stats_ns": {
        "count": 20.0,
        "sum_ns": 1971437.5000000002,
        "mean_ns": 98571.87500000001,
        "median_ns": 68017.86668430333,
        "min_ns": 12449.0,
        "max_ns": 375787.0,
        "variance_ns2": 8161581744.391447,
        "iqr_ns": 117746.39794709218,
        "q1_ns": 18071.44250165344,
        "q3_ns": 135817.8404487456
      },
      "runq_latency_stats_ns": {
        "count": 20.0,
        "sum_ns": 509005.0,
        "mean_ns": 25450.25,
        "median_ns": 5728.9056190476185,
        "min_ns": 1604.0,
        "max_ns": 349277.0,
        "variance_ns2": 5884660511.039473,
        "iqr_ns": 7500.9239872015805,
        "q1_ns": 3855.066630913729,
        "q3_ns": 11355.99061811531
      },
      "first_seen_ts_ns": 1750117195733367858,
      "last_seen_ts_ns": 1750117250061745647,
      "duration_active_s": 54.328377789
    },
    {
      "tgid": 1,
      "comm": "pause",
      "cgroup_id": 8801,
      "on_cpu_stats_ns": {
        "count": 1.0,
        "sum_ns": 1650375.0,
        "mean_ns": 1650375.0,
        "median_ns": 1650375.0,
        "min_ns": 1650375.0,
        "max_ns": 1650375.0,
        "variance_ns2": null,
        "iqr_ns": 0.0,
        "q1_ns": 1650375.0,
        "q3_ns": 1650375.0
      },
      "runq_latency_stats_ns": {
        "count": 0,
        "sum_ns": 0,
        "mean_ns": null,
        "median_ns": null,
        "min_ns": null,
        "max_ns": null,
        "variance_ns2": null,
        "iqr_ns": null,
        "q1_ns": null,
        "q3_ns": null
      },
      "first_seen_ts_ns": 1750117254419190234,
      "last_seen_ts_ns": 1750117254419190234,
      "duration_active_s": 0
    },
    {
      "tgid": 44,
      "comm": "bash",
      "cgroup_id": 9101,
      "on_cpu_stats_ns": {
        "count": 17.0,
        "sum_ns": 219481.5,
        "mean_ns": 12910.676470588236,
        "median_ns": 13556.527777777777,
        "min_ns": 6574.0,
        "max_ns": 18880.0,
        "variance_ns2": 12843662.966911769,
        "iqr_ns": 2464.6029868755613,
        "q1_ns": 13062.066137566137,
        "q3_ns": 15526.669124441698
      },
      "runq_latency_stats_ns": {
        "count": 17.0,
        "sum_ns": 149413.49999999997,
        "mean_ns": 8789.029411764704,
        "median_ns": 10935.43203125,
        "min_ns": 2252.0,
        "max_ns": 13240.0,
        "variance_ns2": 16674951.639705885,
        "iqr_ns": 4285.930555555555,
        "q1_ns": 7243.736111111111,
        "q3_ns": 11529.666666666666
      },
      "first_seen_ts_ns": 1750117195519647163,
      "last_seen_ts_ns": 1750117253496283798,
      "duration_active_s": 57.976636635
    }
  ]
}
[23:40:54] Cleanup complete. Exiting.
