unlimited
PROGRAM: cpu
Looking for /opt/programs/cpu/ebpf-collect.c
[19:02:42] Waiting for start indicator file: '/mnt/flux/start_ebpf_collection'.
[19:02:43] Start indicator found. Proceeding with monitoring.
[19:02:43] Initializing eBPF for CPU Scheduling monitoring...
[19:02:44] BPF C code compiled and loaded.
[19:02:44] Attached tracepoints.
[19:02:44] Monitoring CPU scheduling events (polling aggregated map)... Press Ctrl+C to stop.
[19:03:47] Stop indicator file '/mnt/flux/stop_ebpf_collection' found. Stopping.
[19:03:47] Initiating cleanup sequence...
{
  "final_aggregated_summary_river": [
    {
      "tgid": 265,
      "comm": "python3",
      "cgroup_id": 75712,
      "on_cpu_stats_ns": {
        "count": 375.0,
        "sum_ns": 63647206.47643092,
        "mean_ns": 169725.88393714913,
        "median_ns": 15590.469193964087,
        "min_ns": 3460.185185185185,
        "max_ns": 49488553.0,
        "variance_ns2": 6526176643371.365,
        "iqr_ns": 14576.798376909777,
        "q1_ns": 14133.45229517614,
        "q3_ns": 28710.250672085916
      },
      "runq_latency_stats_ns": {
        "count": 376.0,
        "sum_ns": 5167245.232323231,
        "mean_ns": 13742.67349022136,
        "median_ns": 10267.663559865592,
        "min_ns": 844.0,
        "max_ns": 599860.0,
        "variance_ns2": 1543172301.2111056,
        "iqr_ns": 14932.192525335475,
        "q1_ns": 4644.684041173777,
        "q3_ns": 19576.87656650925
      },
      "first_seen_ts_ns": 1749754964202462906,
      "last_seen_ts_ns": 1749755027180153730,
      "duration_active_s": 62.977690824
    },
    {
      "tgid": 201,
      "comm": "python3",
      "cgroup_id": 75642,
      "on_cpu_stats_ns": {
        "count": 365.0,
        "sum_ns": 13822941.184697118,
        "mean_ns": 37871.071738896215,
        "median_ns": 20479.097312366903,
        "min_ns": 3436.6428571428573,
        "max_ns": 407917.0,
        "variance_ns2": 2830244985.325871,
        "iqr_ns": 16384.85868162578,
        "q1_ns": 12259.283657586202,
        "q3_ns": 28644.142339211983
      },
      "runq_latency_stats_ns": {
        "count": 365.0,
        "sum_ns": 4226807.748399613,
        "mean_ns": 11580.29520109483,
        "median_ns": 8609.354582015743,
        "min_ns": 945.925925925926,
        "max_ns": 513647.0,
        "variance_ns2": 762363647.3845805,
        "iqr_ns": 13066.020246274305,
        "q1_ns": 3974.300239486287,
        "q3_ns": 17040.320485760592
      },
      "first_seen_ts_ns": 1749754964202462906,
      "last_seen_ts_ns": 1749755027180153730,
      "duration_active_s": 62.977690824
    },
    {
      "tgid": 142,
      "comm": "flux-broker-0",
      "cgroup_id": 75782,
      "on_cpu_stats_ns": {
        "count": 91.0,
        "sum_ns": 2435211.8017045464,
        "mean_ns": 26760.56924950051,
        "median_ns": 19967.669547871224,
        "min_ns": 4328.818181818182,
        "max_ns": 292887.0,
        "variance_ns2": 1502545572.7329452,
        "iqr_ns": 13836.190613143815,
        "q1_ns": 12626.408631380375,
        "q3_ns": 26462.59924452419
      },
      "runq_latency_stats_ns": {
        "count": 91.0,
        "sum_ns": 1006737.3767045455,
        "mean_ns": 11063.048095654345,
        "median_ns": 9529.56464335308,
        "min_ns": 990.2424242424242,
        "max_ns": 39801.0,
        "variance_ns2": 64631330.571818605,
        "iqr_ns": 12192.189977878232,
        "q1_ns": 3937.2496734079173,
        "q3_ns": 16129.43965128615
      },
      "first_seen_ts_ns": 1749754964202462906,
      "last_seen_ts_ns": 1749755026670284967,
      "duration_active_s": 62.467822061
    },
    {
      "tgid": 31,
      "comm": "bash",
      "cgroup_id": 75642,
      "on_cpu_stats_ns": {
        "count": 18.0,
        "sum_ns": 788694.9999999999,
        "mean_ns": 43816.38888888888,
        "median_ns": 30698.353769841273,
        "min_ns": 6073.0,
        "max_ns": 198450.0,
        "variance_ns2": 2635983642.369281,
        "iqr_ns": 50696.716196067406,
        "q1_ns": 11171.066296939302,
        "q3_ns": 61867.78249300671
      },
      "runq_latency_stats_ns": {
        "count": 18.0,
        "sum_ns": 79628.16666666667,
        "mean_ns": 4423.787037037037,
        "median_ns": 3555.6666666666665,
        "min_ns": 1080.0,
        "max_ns": 10553.0,
        "variance_ns2": 8806504.208514886,
        "iqr_ns": 3184.795786792084,
        "q1_ns": 2702.0,
        "q3_ns": 5886.795786792084
      },
      "first_seen_ts_ns": 1749754967930100145,
      "last_seen_ts_ns": 1749755025853227022,
      "duration_active_s": 57.923126877
    },
    {
      "tgid": 1,
      "comm": "pause",
      "cgroup_id": 75432,
      "on_cpu_stats_ns": {
        "count": 2.0,
        "sum_ns": 596359.3333333333,
        "mean_ns": 298179.6666666666,
        "median_ns": 399549.3333333333,
        "min_ns": 196810.0,
        "max_ns": 399549.3333333333,
        "variance_ns2": 20551618640.222214,
        "iqr_ns": 202739.3333333333,
        "q1_ns": 196810.0,
        "q3_ns": 399549.3333333333
      },
      "runq_latency_stats_ns": {
        "count": 2.0,
        "sum_ns": 15524.222222222223,
        "mean_ns": 7762.111111111111,
        "median_ns": 9619.222222222223,
        "min_ns": 5905.0,
        "max_ns": 9619.222222222223,
        "variance_ns2": 6897723.358024693,
        "iqr_ns": 3714.2222222222226,
        "q1_ns": 5905.0,
        "q3_ns": 9619.222222222223
      },
      "first_seen_ts_ns": 1749754999183052798,
      "last_seen_ts_ns": 1749755027180153730,
      "duration_active_s": 27.997100932
    },
    {
      "tgid": 354,
      "comm": "xhpcg",
      "cgroup_id": 75782,
      "on_cpu_stats_ns": {
        "count": 35.0,
        "sum_ns": 452349.7047619046,
        "mean_ns": 12924.27727891156,
        "median_ns": 12986.441454636397,
        "min_ns": 3693.5714285714284,
        "max_ns": 22406.75,
        "variance_ns2": 24352237.556503307,
        "iqr_ns": 7098.178530425739,
        "q1_ns": 9168.231014376432,
        "q3_ns": 16266.40954480217
      },
      "runq_latency_stats_ns": {
        "count": 35.0,
        "sum_ns": 171133.36904761902,
        "mean_ns": 4889.524829931972,
        "median_ns": 4563.231560849488,
        "min_ns": 1230.0,
        "max_ns": 8075.75,
        "variance_ns2": 3010386.703626213,
        "iqr_ns": 2297.615654765659,
        "q1_ns": 3850.0883608705926,
        "q3_ns": 6147.704015636252
      },
      "first_seen_ts_ns": 1749754965853509921,
      "last_seen_ts_ns": 1749754977903528785,
      "duration_active_s": 12.050018864
    },
    {
      "tgid": 380,
      "comm": "xhpcg",
      "cgroup_id": 75782,
      "on_cpu_stats_ns": {
        "count": 20.0,
        "sum_ns": 439682.0,
        "mean_ns": 21984.1,
        "median_ns": 20919.017261904763,
        "min_ns": 8624.0,
        "max_ns": 34843.0,
        "variance_ns2": 34889724.621052645,
        "iqr_ns": 7607.751889078278,
        "q1_ns": 17940.666666666668,
        "q3_ns": 25548.418555744945
      },
      "runq_latency_stats_ns": {
        "count": 20.0,
        "sum_ns": 141764.0,
        "mean_ns": 7088.2,
        "median_ns": 6529.438955638622,
        "min_ns": 849.0,
        "max_ns": 12167.0,
        "variance_ns2": 11753386.063157896,
        "iqr_ns": 4707.625812085303,
        "q1_ns": 4960.368654357278,
        "q3_ns": 9667.99446644258
      },
      "first_seen_ts_ns": 1749754974601034572,
      "last_seen_ts_ns": 1749754984851156820,
      "duration_active_s": 10.250122248
    },
    {
      "tgid": 196,
      "comm": "bash",
      "cgroup_id": 75782,
      "on_cpu_stats_ns": {
        "count": 7.0,
        "sum_ns": 421093.00000000006,
        "mean_ns": 60156.14285714286,
        "median_ns": 37752.5,
        "min_ns": 13755.0,
        "max_ns": 171918.0,
        "variance_ns2": 3122604384.4761906,
        "iqr_ns": 23527.6875,
        "q1_ns": 24082.3125,
        "q3_ns": 47610.0
      },
      "runq_latency_stats_ns": {
        "count": 7.0,
        "sum_ns": 42958.0,
        "mean_ns": 6136.857142857143,
        "median_ns": 4666.666666666667,
        "min_ns": 3397.0,
        "max_ns": 16464.0,
        "variance_ns2": 21270519.142857146,
        "iqr_ns": 930.458333333333,
        "q1_ns": 4169.541666666667,
        "q3_ns": 5100.0
      },
      "first_seen_ts_ns": 1749754964643177632,
      "last_seen_ts_ns": 1749755026566737155,
      "duration_active_s": 61.923559523
    },
    {
      "tgid": 65,
      "comm": "bash",
      "cgroup_id": 75782,
      "on_cpu_stats_ns": {
        "count": 19.0,
        "sum_ns": 377992.7531194296,
        "mean_ns": 19894.3554273384,
        "median_ns": 20635.12884800385,
        "min_ns": 4767.606060606061,
        "max_ns": 35809.0,
        "variance_ns2": 87821734.741598,
        "iqr_ns": 14643.414707737547,
        "q1_ns": 12388.558370159933,
        "q3_ns": 27031.97307789748
      },
      "runq_latency_stats_ns": {
        "count": 19.0,
        "sum_ns": 263614.22638146166,
        "mean_ns": 13874.43296744535,
        "median_ns": 15613.426222592994,
        "min_ns": 1091.6969696969697,
        "max_ns": 26533.0,
        "variance_ns2": 71348805.33042245,
        "iqr_ns": 12258.613110240134,
        "q1_ns": 7451.979667186915,
        "q3_ns": 19710.59277742705
      },
      "first_seen_ts_ns": 1749754965517279888,
      "last_seen_ts_ns": 1749755025543196833,
      "duration_active_s": 60.025916945
    },
    {
      "tgid": 331,
      "comm": "flux-job",
      "cgroup_id": 75782,
      "on_cpu_stats_ns": {
        "count": 2.0,
        "sum_ns": 203518.0,
        "mean_ns": 101759.0,
        "median_ns": 186082.0,
        "min_ns": 17436.0,
        "max_ns": 186082.0,
        "variance_ns2": 14220736658.0,
        "iqr_ns": 168646.0,
        "q1_ns": 17436.0,
        "q3_ns": 186082.0
      },
      "runq_latency_stats_ns": {
        "count": 2.0,
        "sum_ns": 2949.0,
        "mean_ns": 1474.5,
        "median_ns": 1953.0,
        "min_ns": 996.0,
        "max_ns": 1953.0,
        "variance_ns2": 457924.5,
        "iqr_ns": 957.0,
        "q1_ns": 996.0,
        "q3_ns": 1953.0
      },
      "first_seen_ts_ns": 1749754964202462906,
      "last_seen_ts_ns": 1749754964533517168,
      "duration_active_s": 0.331054262
    }
  ]
}
[19:03:47] Cleanup complete. Exiting.
